 ERmod 0.3.8, Copyright (C) 2000-2019 Nobuyuki Matubayasi
                            2010-2019 Shun Sakuraba
 ERmod comes with ABSOLUTELY NO WARRANTY.
 This is free software, and you can redistribute it
 and/or modify it under certain conditions.
 See LICENSE file for details.
 
  Number of the   1-th solvent  =        10000
 
  Be sure that the solvent distribution is homogeneous (radial distribution function is essentially unity) when the solvent molecule is separated beyond distance of   10.0 Angstrom in any direction from any atom within the solute molecule
 
  LJ long-range correction    =        -7.8240
 
  Self-energy of the solute   =         0.0059  kcal/mol
 
 
 cumulative average & 95% error for solvation energy
  1  -469.6309
  2  -470.4566     1.6513
  3  -470.4863     0.9553
  4  -470.4164     0.6898
  5  -470.3661     0.5437
  6  -470.3531     0.4447
  7  -470.4220     0.4003
  8  -470.6016     0.4993
  9  -470.5006     0.4845
 10  -470.3696     0.5064
 11  -470.4251     0.4713
 12  -470.3478     0.4572
 13  -470.2770     0.4437
 14  -470.3009     0.4136
 15  -470.3945     0.4281
 16  -470.3790     0.4016
 17  -470.4545     0.4063
 18  -470.5565     0.4341
 19  -470.5154     0.4188
 20  -470.6386     0.4675
 21  -470.6541     0.4458
 22  -470.7061     0.4376
 23  -470.6497     0.4330
 24  -470.6529     0.4146
 25  -470.7218     0.4209
 26  -470.7795     0.4206
 27  -470.7183     0.4228
 28  -470.6968     0.4097
 29  -470.7409     0.4050
 30  -470.7442     0.3914
 31  -470.7285     0.3798
 32  -470.7486     0.3699
 33  -470.7853     0.3660
 34  -470.8165     0.3605
 35  -470.8417     0.3537
 36  -470.8146     0.3479
 37  -470.8136     0.3384
 38  -470.7915     0.3323
 39  -470.8018     0.3244
 40  -470.8009     0.3161
 41  -470.8064     0.3085
 42  -470.8483     0.3125
 43  -470.7912     0.3259
 44  -470.7761     0.3198
 45  -470.7876     0.3135
 46  -470.7959     0.3070
 47  -470.8267     0.3067
 48  -470.8440     0.3022
 49  -470.8143     0.3019
 50  -470.7742     0.3064
 
 
 group  inft  solvation free energy     error          difference
   1      0        -89.90921           0.13512           0.07573
   1     60        -90.02076           0.13514          -0.03583
   1     80        -91.43387           0.13526          -1.44894
   1    100        -97.91670           0.13623          -7.93177
   2      0        -90.00710           0.13366          -0.02217
   3      0        -89.98493           0.13479           0.00000
   4      0        -90.04272           0.13470          -0.05779
   5      0        -90.09587           0.13243          -0.11094
   5     60        -90.26048           0.13244          -0.27555
   5     80        -92.09592           0.13261          -2.11099
   5    100        -98.12789           0.13362          -8.14296
 
 
 group  inft   Estimated free energy (kcal/mol)
   1      0     -89.7300     -89.9539     -89.8003     -89.6468     -89.7918
                -89.5018     -90.4026     -90.1483     -89.7503     -89.4857
                -89.9175     -89.2163     -89.4378     -89.8414     -90.2544
                -89.4827     -90.4872     -90.8733     -89.7741     -90.4258
                -90.0465     -90.0754     -89.7338     -89.6703     -90.4855
                -90.5424     -89.9120     -90.0657     -90.4229     -89.6032
                -89.4300     -90.7106     -90.4788     -90.5762     -90.4377
                -89.5468     -90.2691     -89.3683     -89.6311     -89.5952
                -89.5706     -90.4408     -88.5737     -89.6373     -90.2049
                -90.1543     -90.1424     -90.0901     -89.0518     -89.0708
   1     60     -89.8422     -90.0656     -89.9112     -89.7586     -89.9029
                -89.6127     -90.5146     -90.2602     -89.8604     -89.5970
                -90.0298     -89.3262     -89.5489     -89.9536     -90.3649
                -89.5941     -90.5986     -90.9846     -89.8858     -90.5372
                -90.1579     -90.1875     -89.8449     -89.7824     -90.5976
                -90.6543     -90.0228     -90.1771     -90.5342     -89.7153
                -89.5410     -90.8235     -90.5910     -90.6872     -90.5497
                -89.6581     -90.3805     -89.4796     -89.7436     -89.7074
                -89.6820     -90.5534     -88.6862     -89.7485     -90.3158
                -90.2647     -90.2550     -90.2014     -89.1644     -89.1821
   1     80     -91.2570     -91.4812     -91.3236     -91.1765     -91.3167
                -91.0244     -91.9263     -91.6801     -91.2642     -91.0070
                -91.4425     -90.7337     -90.9577     -91.3640     -91.7791
                -91.0086     -92.0082     -92.3976     -91.2961     -91.9571
                -91.5734     -91.6045     -91.2543     -91.1966     -92.0158
                -92.0724     -91.4283     -91.5837     -91.9498     -91.1291
                -90.9529     -92.2355     -92.0053     -92.0971     -91.9662
                -91.0737     -91.7909     -90.8946     -91.1617     -91.1266
                -91.0980     -91.9680     -90.1026     -91.1619     -91.7257
                -91.6689     -91.6736     -91.6130     -90.5795     -90.5881
   1    100     -97.7411     -97.9607     -97.8044     -97.6642     -97.7912
                -97.5005     -98.4129     -98.1818     -97.7267     -97.4765
                -97.9301     -97.2025     -97.4321     -97.8416     -98.2579
                -97.4979     -98.4864     -98.8868     -97.7786     -98.4557
                -98.0542     -98.1040     -97.7244     -97.6913     -98.5055
                -98.5732     -97.8836     -98.0530     -98.4393     -97.6164
                -97.4259     -98.7194     -98.4905     -98.5706     -98.4680
                -97.5592     -98.2665     -97.3782     -97.6535     -97.6215
                -97.5876     -98.4582     -96.5846     -97.6456     -98.2032
                -98.1358     -98.1861     -98.0915     -97.0642     -97.0506
   2      0     -89.8382     -89.9804     -89.9545     -89.7760     -89.8862
                -89.6661     -90.5803     -90.2556     -89.8788     -89.5734
                -89.9130     -89.3410     -89.6243     -89.8929     -90.3338
                -89.5591     -90.5473     -90.9330     -89.8558     -90.5491
                -90.1082     -90.2007     -89.8174     -89.7598     -90.6458
                -90.5815     -90.0041     -90.1316     -90.5490     -89.6956
                -89.5429     -90.7687     -90.5672     -90.6502     -90.5475
                -89.5809     -90.3307     -89.5140     -89.7211     -89.6843
                -89.7232     -90.5058     -88.6627     -89.7185     -90.3358
                -90.2980     -90.2233     -90.2190     -89.1293     -89.1996
   3      0     -89.7965     -89.9904     -89.8997     -89.7366     -89.8650
                -89.6320     -90.5328     -90.2415     -89.8470     -89.5521
                -89.9494     -89.3183     -89.5355     -89.8858     -90.3136
                -89.5125     -90.5086     -90.9377     -89.8527     -90.5264
                -90.1261     -90.1480     -89.7861     -89.7636     -90.5716
                -90.6069     -89.9818     -90.1435     -90.4716     -89.6706
                -89.5169     -90.7610     -90.5778     -90.6529     -90.4998
                -89.5846     -90.3544     -89.4438     -89.7134     -89.6625
                -89.7137     -90.4775     -88.6022     -89.7207     -90.3065
                -90.2668     -90.2001     -90.1819     -89.1170     -89.1894
   4      0     -89.8270     -90.0350     -89.9492     -89.7813     -89.8999
                -89.7214     -90.5947     -90.2946     -89.9217     -89.6130
                -90.0256     -89.3347     -89.6566     -89.9123     -90.3543
                -89.6370     -90.5838     -90.9640     -89.8873     -90.6158
                -90.1829     -90.2364     -89.8476     -89.8219     -90.6639
                -90.6548     -90.0393     -90.2277     -90.5937     -89.6744
                -89.5833     -90.7836     -90.6046     -90.7060     -90.5799
                -89.6637     -90.3485     -89.5240     -89.7564     -89.7305
                -89.7434     -90.4991     -88.6532     -89.7775     -90.3793
                -90.2879     -90.2709     -90.2870     -89.1216     -89.2844
   5      0     -89.8795     -90.0978     -90.0476     -89.8131     -89.9965
                -89.7015     -90.6356     -90.3606     -89.9440     -89.6320
                -90.0783     -89.3913     -89.6864     -90.0081     -90.4028
                -89.6244     -90.5876     -90.9855     -89.9923     -90.6549
                -90.2284     -90.2808     -89.8991     -89.8753     -90.7026
                -90.6728     -90.0656     -90.2613     -90.6604     -89.7635
                -89.7155     -90.8129     -90.6293     -90.7446     -90.6378
                -89.7576     -90.4152     -89.6119     -89.7921     -89.7759
                -89.8067     -90.5734     -88.7081     -89.8833     -90.4269
                -90.3486     -90.3121     -90.3506     -89.2272     -89.3347
   5     60     -90.0446     -90.2623     -90.2126     -89.9773     -90.1614
                -89.8655     -90.8000     -90.5261     -90.1078     -89.7962
                -90.2426     -89.5547     -89.8508     -90.1717     -90.5671
                -89.7894     -90.7516     -91.1495     -90.1561     -90.8202
                -90.3925     -90.4466     -90.0627     -90.0405     -90.8679
                -90.8383     -90.2294     -90.4250     -90.8254     -89.9281
                -89.8804     -90.9778     -90.7944     -90.9088     -90.8033
                -89.9224     -90.5795     -89.7767     -89.9572     -89.9412
                -89.9724     -90.7384     -88.8730     -90.0474     -90.5911
                -90.5120     -90.4769     -90.5154     -89.3923     -89.4996
   5     80     -91.8800     -92.0968     -92.0473     -91.8125     -91.9980
                -91.6973     -92.6339     -92.3678     -91.9371     -91.6266
                -92.0775     -91.3836     -91.6841     -92.0015     -92.4012
                -91.6294     -92.5831     -92.9824     -91.9869     -92.6634
                -92.2271     -92.2893     -91.8934     -91.8795     -92.7093
                -92.6796     -92.0562     -92.2545     -92.6651     -91.7639
                -91.7178     -92.8131     -92.6336     -92.7410     -92.6427
                -91.7586     -92.4100     -91.6129     -91.7962     -91.7825
                -91.8152     -92.5765     -90.7093     -91.8804     -92.4245
                -92.3405     -92.3191     -92.3514     -91.2312     -91.3313
   5    100     -97.9133     -98.1244     -98.0744     -97.8466     -98.0274
                -97.7196     -98.6678     -98.4128     -97.9586     -97.6451
                -98.1117     -97.4054     -97.7090     -98.0277     -98.4280
                -97.6679     -98.6091     -99.0141     -98.0158     -98.7117
                -98.2587     -98.3357     -97.9188     -97.9192     -98.7563
                -98.7266     -98.0671     -98.2756     -98.7089     -97.7923
                -97.7405     -98.8415     -98.6744     -98.7714     -98.6872
                -97.7887     -98.4322     -97.6454     -97.8372     -97.8242
                -97.8595     -98.6066     -96.7309     -97.9100     -98.4517
                -98.3616     -98.3779     -98.3882     -97.2684     -97.3476
 
 
 cumulative average & 95% error for solvation free energy
  1   -89.7965
  2   -89.8935     0.1939
  3   -89.8955     0.1120
  4   -89.8558     0.1122
  5   -89.8576     0.0870
  6   -89.8200     0.1035
  7   -89.9219     0.2216
  8   -89.9618     0.2079
  9   -89.9491     0.1851
 10   -89.9094     0.1836
 11   -89.9130     0.1662
 12   -89.8634     0.1813
 13   -89.8382     0.1742
 14   -89.8416     0.1614
 15   -89.8731     0.1629
 16   -89.8505     0.1589
 17   -89.8893     0.1682
 18   -89.9475     0.1967
 19   -89.9425     0.1864
 20   -89.9717     0.1862
 21   -89.9791     0.1777
 22   -89.9867     0.1701
 23   -89.9780     0.1635
 24   -89.9691     0.1576
 25   -89.9932     0.1586
 26   -90.0168     0.1596
 27   -90.0155     0.1535
 28   -90.0201     0.1482
 29   -90.0356     0.1464
 30   -90.0235     0.1435
 31   -90.0071     0.1426
 32   -90.0307     0.1459
 33   -90.0473     0.1452
 34   -90.0651     0.1453
 35   -90.0775     0.1433
 36   -90.0638     0.1419
 37   -90.0717     0.1389
 38   -90.0551     0.1392
 39   -90.0464     0.1367
 40   -90.0368     0.1346
 41   -90.0289     0.1322
 42   -90.0396     0.1308
 43   -90.0061     0.1442
 44   -89.9997     0.1415
 45   -90.0065     0.1389
 46   -90.0121     0.1364
 47   -90.0161     0.1337
 48   -90.0196     0.1310
 49   -90.0012     0.1335
 50   -89.9849     0.1348
 
 Mesh error is    0.111 kcal/mol
