 ERmod 0.3.8, Copyright (C) 2000-2019 Nobuyuki Matubayasi
                            2010-2019 Shun Sakuraba
 ERmod comes with ABSOLUTELY NO WARRANTY.
 This is free software, and you can redistribute it
 and/or modify it under certain conditions.
 See LICENSE file for details.
 ERmod 0.3.8, Copyright (C) 2000-2019 Nobuyuki Matubayasi
                            2010-2019 Shun Sakuraba
 ERmod comes with ABSOLUTELY NO WARRANTY.
 This is free software, and you can redistribute it
 and/or modify it under certain conditions.
 See LICENSE file for details.
 
  Number of the   1-th solvent  =         1472
  Number of the   2-th solvent  =        10000
 
  Be sure that the solvent distribution is homogeneous (radial distribution function is essentially unity) when the solvent molecule is separated beyond distance of   10.0 Angstrom in any direction from any atom within the solute molecule
 
  LJ long-range correction    =        -3.5283     -5.7260
 
  Self-energy of the solute   =        -0.0016  kcal/mol
 
 
 cumulative average & 95% error for solvation energy
              total             1st component         2nd component
  1  -485.1121             -181.5502             -303.5603
  2  -483.2595     3.7051  -182.5735     2.0467  -300.6844     5.7517
  3  -483.8206     2.4156  -186.6265     8.1917  -297.1925     7.7331
  4  -483.2091     2.1008  -182.3568    10.3186  -300.8507     9.1340
  5  -483.8283     2.0449  -177.9488    11.8999  -305.8779    12.2943
  6  -484.0143     1.7106  -179.3729    10.1251  -304.6398    10.3391
  7  -483.5838     1.6827  -183.3480    11.6805  -300.2341    12.4094
  8  -483.5158     1.4636  -183.7773    10.1520  -299.7369    10.7928
  9  -483.6733     1.3286  -181.0634    10.4700  -302.6084    11.1166
 10  -483.5988     1.1977  -181.1411     9.3659  -302.4561     9.9477
 11  -484.2110     1.6349  -182.6969     9.0252  -301.5125     9.1938
 12  -484.1339     1.5004  -182.2102     8.2961  -301.9221     8.4326
 13  -483.8985     1.4583  -181.7287     7.6918  -302.1682     7.7725
 14  -483.5964     1.4791  -182.4989     7.2859  -301.0960     7.5087
 15  -483.6397     1.3797  -181.4753     7.0850  -302.1628     7.3086
 16  -483.9162     1.4041  -179.8022     7.4243  -304.1124     7.8703
 17  -484.0259     1.3370  -179.1043     7.1122  -304.9200     7.5673
 18  -484.0346     1.2607  -180.1872     7.0466  -303.8457     7.4510
 19  -484.2671     1.2800  -180.1030     6.6676  -304.1625     7.0764
 20  -484.3309     1.2210  -179.6358     6.3940  -304.6934     6.7967
 21  -484.4858     1.2020  -179.6205     6.0820  -304.8637     6.4739
 22  -484.4995     1.1464  -180.9560     6.3845  -303.5419     6.7149
 23  -484.4117     1.1094  -182.4678     6.8088  -301.9423     7.1696
 24  -484.4905     1.0738  -182.5432     6.5206  -301.9457     6.8644
 25  -484.3984     1.0463  -182.4063     6.2604  -301.9905     6.5847
 26  -484.3179     1.0181  -182.1704     6.0332  -302.1459     6.3340
 27  -484.3759     0.9864  -182.4584     5.8340  -301.9158     6.1123
 28  -484.3934     0.9512  -182.6014     5.6291  -301.7903     5.8953
 29  -484.3934     0.9178  -182.2115     5.4872  -302.1803     5.7416
 30  -484.3581     0.8895  -182.4978     5.3320  -301.8587     5.5840
 31  -484.3886     0.8625  -181.9805     5.2599  -302.4065     5.5109
 32  -484.4102     0.8362  -181.7352     5.1164  -302.6735     5.3625
 33  -484.4986     0.8295  -181.9520     4.9779  -302.5450     5.2038
 34  -484.4903     0.8049  -182.2986     4.8788  -302.1901     5.0981
 35  -484.5366     0.7871  -182.1934     4.7420  -302.3416     4.9596
 36  -484.4082     0.8068  -182.7986     4.7647  -301.6080     5.0383
 37  -484.4982     0.8051  -182.7188     4.6369  -301.7778     4.9119
 38  -484.5634     0.7944  -183.0452     4.5602  -301.5166     4.8094
 39  -484.7160     0.8318  -183.1197     4.4442  -301.5947     4.6871
 40  -484.7786     0.8203  -183.0173     4.3365  -301.7597     4.5803
 41  -484.8295     0.8065  -182.1674     4.5582  -302.6604     4.8167
 42  -484.8861     0.7952  -181.4847     4.6532  -303.3998     4.9278
 43  -484.8148     0.7895  -181.4241     4.5453  -303.3892     4.8119
 44  -484.8233     0.7715  -181.2909     4.4488  -303.5307     4.7097
 45  -484.8245     0.7542  -180.9235     4.4104  -303.8994     4.6626
 46  -484.8415     0.7384  -180.5833     4.3668  -304.2566     4.6157
 47  -484.8300     0.7228  -180.6766     4.2770  -304.1518     4.5213
 48  -484.7667     0.7189  -180.2662     4.2667  -304.4989     4.4802
 49  -484.8113     0.7097  -179.8852     4.2476  -304.9244     4.4696
 50  -484.9294     0.7344  -180.1196     4.1881  -304.8082     4.3855
 
 
 group  inft  solvation free energy     error          difference
  total solvation free energy
   1      0       -120.38213           0.39180           0.09184
   1     60       -122.32925           0.39094          -1.85528
   1     80       -127.32434           0.39048          -6.85037
   1    100       -135.63651           0.39424         -15.16254
   2      0       -120.44128           0.39085           0.03269
   3      0       -120.47397           0.38984           0.00000
   4      0       -120.45932           0.39214           0.01465
   5      0       -120.53335           0.39131          -0.05938
   5     60       -122.89213           0.39040          -2.41816
   5     80       -128.38244           0.38996          -7.90847
   5    100       -135.82548           0.39345         -15.35151
 
  contribution from  1-th solvent component
   1      0        -64.35846           1.67329           0.04149
   1     60        -64.66257           1.67353          -0.26263
   1     80        -65.44818           1.67389          -1.04823
   1    100        -66.85036           1.67356          -2.45042
   2      0        -64.38684           1.67345           0.01311
   3      0        -64.39995           1.67360           0.00000
   4      0        -64.40382           1.67301          -0.00387
   5      0        -64.41472           1.67280          -0.01478
   5     60        -64.78302           1.67308          -0.38307
   5     80        -65.65385           1.67341          -1.25390
   5    100        -66.91621           1.67309          -2.51626
 
  contribution from  2-th solvent component
   1      0        -56.02207           1.85065           0.05035
   1     60        -57.66507           1.84895          -1.59265
   1     80        -61.87455           1.84648          -5.80214
   1    100        -68.78453           1.84596         -12.71212
   2      0        -56.05284           1.85033           0.01958
   3      0        -56.07242           1.85128           0.00000
   4      0        -56.05390           1.85053           0.01852
   5      0        -56.11702           1.85103          -0.04460
   5     60        -58.10750           1.84905          -2.03508
   5     80        -62.72698           1.84663          -6.65457
   5    100        -68.90766           1.84645         -12.83525
 
 
 group  inft   Estimated free energy: total (kcal/mol)
   1      0    -120.3425    -118.7618    -120.3492    -118.8079    -121.4170
               -119.3638    -117.3046    -119.6503    -121.4125    -119.6278
               -122.5065    -119.4498    -118.5047    -117.5464    -120.4438
               -122.0674    -121.0354    -119.8112    -122.5055    -120.9807
               -121.4994    -119.9027    -118.5847    -121.0407    -118.7760
               -119.2023    -120.2696    -120.3136    -120.6239    -119.5303
               -121.1996    -120.2363    -120.9645    -119.6739    -120.5641
               -117.4007    -121.7014    -121.3339    -122.9309    -121.8211
               -121.9043    -121.8775    -119.2070    -120.7882    -120.6217
               -121.3086    -119.8688    -119.0633    -122.2256    -122.7831
   1     60    -122.2874    -120.7115    -122.3111    -120.7557    -123.3563
               -121.3114    -119.2593    -121.5943    -123.3458    -121.5688
               -124.4644    -121.3994    -120.4599    -119.5019    -122.3816
               -124.0023    -122.9767    -121.7656    -124.4515    -122.9266
               -123.4424    -121.8623    -120.5523    -122.9912    -120.7200
               -121.1468    -122.2175    -122.2663    -122.5652    -121.4803
               -123.1321    -122.1875    -122.9155    -121.6302    -122.5233
               -119.3562    -123.6543    -123.2855    -124.8867    -123.7576
               -123.8351    -123.8119    -121.1521    -122.7345    -122.5603
               -123.2440    -121.8086    -121.0112    -124.1592    -124.7410
   1     80    -127.2770    -125.7052    -127.3344    -125.7483    -128.3308
               -126.3188    -124.2662    -126.5855    -128.3178    -126.5485
               -129.4801    -126.4007    -125.4583    -124.5009    -127.3502
               -128.9832    -127.9640    -126.7604    -129.4480    -127.9210
               -128.4332    -126.8794    -125.5654    -127.9970    -125.7211
               -126.1329    -127.2105    -127.2703    -127.5481    -126.4781
               -128.1053    -127.1779    -127.9189    -126.6413    -127.5389
               -124.3644    -128.6706    -128.2926    -129.9081    -128.7352
               -128.8112    -128.7955    -126.1281    -127.7352    -127.5435
               -128.2233    -126.8008    -126.0008    -129.1303    -129.7597
   1    100    -135.5897    -134.0149    -135.6707    -134.0340    -136.6241
               -134.6019    -132.5398    -134.8997    -136.6309    -134.8353
               -137.8125    -134.7098    -133.7587    -132.7743    -135.6458
               -137.2900    -136.2785    -135.0597    -137.7913    -136.2412
               -136.7439    -135.2133    -133.8646    -136.3312    -134.0153
               -134.4245    -135.5092    -135.5902    -135.8745    -134.7936
               -136.4159    -135.4646    -136.2200    -134.9529    -135.8661
               -132.6810    -137.0237    -136.6370    -138.2699    -137.0467
               -137.1121    -137.1128    -134.4211    -136.0708    -135.8583
               -136.5410    -135.0945    -134.3075    -137.4446    -138.1219
   2      0    -120.4208    -118.8247    -120.3916    -118.8755    -121.4892
               -119.3665    -117.3517    -119.7087    -121.5293    -119.7383
               -122.5795    -119.5230    -118.5252    -117.6537    -120.4807
               -122.1395    -121.0691    -119.8678    -122.5287    -121.0380
               -121.5315    -119.9809    -118.6546    -121.0633    -118.8334
               -119.2669    -120.3346    -120.3709    -120.7070    -119.6071
               -121.2677    -120.2705    -121.0574    -119.7509    -120.6270
               -117.4785    -121.7558    -121.3823    -122.9931    -121.8807
               -121.9794    -121.9423    -119.2652    -120.8470    -120.6464
               -121.3383    -119.9013    -119.1389    -122.2693    -122.8202
   3      0    -120.4195    -118.8459    -120.4025    -118.9219    -121.5160
               -119.4352    -117.4510    -119.7395    -121.5456    -119.7707
               -122.6027    -119.6033    -118.5973    -117.6635    -120.5524
               -122.1549    -121.1319    -119.8863    -122.5844    -121.0470
               -121.5518    -120.0075    -118.6500    -121.0913    -118.8714
               -119.3130    -120.3988    -120.4005    -120.7247    -119.6169
               -121.3687    -120.2912    -121.0410    -119.8061    -120.6240
               -117.4977    -121.7947    -121.4249    -123.0056    -121.8855
               -122.0243    -121.9940    -119.3118    -120.8598    -120.6552
               -121.3788    -119.9047    -119.1754    -122.3035    -122.8539
   4      0    -120.3897    -118.8384    -120.3863    -118.8999    -121.5129
               -119.3518    -117.3680    -119.7424    -121.5522    -119.7537
               -122.6071    -119.5538    -118.5475    -117.6482    -120.4508
               -122.1801    -121.0873    -119.8929    -122.6052    -121.0754
               -121.5234    -119.9911    -118.6804    -121.1023    -118.8265
               -119.3166    -120.3486    -120.3990    -120.7132    -119.6170
               -121.3299    -120.2887    -121.0863    -119.7639    -120.6463
               -117.5222    -121.7880    -121.3940    -122.9731    -121.9158
               -122.0371    -121.9852    -119.2950    -120.8012    -120.6163
               -121.3569    -119.8965    -119.1571    -122.2736    -122.8775
   5      0    -120.4352    -118.8864    -120.4613    -118.9971    -121.5486
               -119.4016    -117.4694    -119.8311    -121.6158    -119.7900
               -122.6934    -119.6290    -118.6587    -117.7015    -120.5922
               -122.1837    -121.1928    -119.9272    -122.6569    -121.1148
               -121.6526    -120.0741    -118.7089    -121.1339    -118.9065
               -119.4421    -120.4380    -120.4653    -120.7784    -119.6775
               -121.4526    -120.3326    -121.1012    -119.8454    -120.7270
               -117.5937    -121.8753    -121.4495    -123.1052    -122.0084
               -122.0658    -122.0480    -119.4109    -120.9221    -120.6507
               -121.4547    -119.9623    -119.3110    -122.3610    -122.9260
   5     60    -122.7912    -121.2472    -122.8379    -121.3522    -123.8981
               -121.7691    -119.8389    -122.1901    -123.9578    -122.1379
               -125.0655    -121.9892    -121.0234    -120.0669    -122.9384
               -124.5293    -123.5462    -122.2906    -125.0137    -123.4746
               -124.0046    -122.4494    -121.0878    -123.4967    -121.2651
               -121.7982    -122.7967    -122.8299    -123.1304    -122.0378
               -123.7947    -122.6903    -123.4666    -122.2151    -123.0991
               -119.9652    -124.2433    -123.8152    -125.4735    -124.3545
               -124.4049    -124.3965    -121.7661    -123.2791    -122.9961
               -123.8032    -122.3155    -121.6700    -124.7037    -125.2990
   5     80    -128.2759    -126.7358    -128.3535    -126.8346    -129.3701
               -127.2697    -125.3322    -127.6823    -129.4272    -127.6112
               -130.5803    -127.4854    -126.5172    -125.5575    -128.4055
               -130.0023    -129.0314    -127.7789    -130.5088    -128.9658
               -129.4877    -127.9608    -126.5968    -128.9956    -126.7610
               -127.2824    -128.2864    -128.3262    -128.6138    -127.5277
               -129.2631    -128.1744    -128.9637    -127.7248    -128.6101
               -125.4757    -129.7543    -129.3169    -130.9860    -129.8268
               -129.8717    -129.8784    -127.2480    -128.7738    -128.4700
               -129.2802    -127.7957    -127.1610    -130.1682    -130.8151
   5    100    -135.7225    -134.1732    -135.8185    -134.2595    -136.7985
               -134.6652    -132.7375    -135.1303    -136.8691    -135.0333
               -138.0413    -134.9275    -133.9504    -132.9672    -135.8381
               -137.4367    -136.4750    -135.2137    -137.9819    -136.4124
               -136.9287    -135.4203    -134.0291    -136.4522    -134.1863
               -134.7112    -135.7279    -135.7722    -136.0778    -134.9672
               -136.7098    -135.5952    -136.3923    -135.1667    -136.0647
               -132.9191    -137.2368    -136.7908    -138.4657    -137.2671
               -137.3063    -137.3341    -134.6787    -136.2433    -135.9084
               -136.7301    -135.2197    -134.6007    -137.6193    -138.3009
 
 group  inft   Estimated free energy: 1-th solvent contribution (kcal/mol)
   1      0     -65.3546     -65.9124     -69.6579     -59.0917     -55.9784
                -65.0328     -74.3297     -67.3345     -56.2715     -65.6047
                -72.0185     -62.8964     -62.1455     -68.4247     -59.4258
                -53.9883     -59.2257     -71.9895     -64.3996     -60.4599
                -64.4088     -76.3010     -78.1058     -66.1553     -63.3665
                -62.6293     -68.5364     -66.7881     -61.2775     -68.6849
                -59.7669     -60.7322     -67.3435     -69.4668     -63.4598
                -73.9307     -64.8416     -70.9384     -67.5503     -64.9505
                -51.6578     -53.7952     -63.8611     -63.0529     -58.2697
                -58.9803     -66.7261     -56.0014     -57.4160     -69.3864
   1     60     -65.6585     -66.2153     -69.9652     -59.3956     -56.2803
                -65.3377     -74.6329     -67.6382     -56.5740     -65.9068
                -72.3261     -63.1999     -62.4513     -68.7304     -59.7280
                -54.2901     -59.5293     -72.2952     -64.7053     -60.7658
                -64.7115     -76.6035     -78.4128     -66.4599     -63.6713
                -62.9334     -68.8419     -67.0927     -61.5802     -68.9903
                -60.0676     -61.0388     -67.6486     -69.7724     -63.7650
                -74.2353     -65.1474     -71.2422     -67.8554     -65.2531
                -51.9590     -54.0984     -64.1643     -63.3561     -58.5717
                -59.2837     -67.0287     -56.3058     -57.7187     -69.6931
   1     80     -66.4438     -66.9971     -70.7568     -60.1795     -57.0604
                -66.1275     -75.4156     -68.4234     -57.3569     -66.6882
                -73.1196     -63.9845     -63.2385     -69.5172     -60.5083
                -55.0727     -60.3146     -73.0821     -65.4949     -61.5559
                -65.4949     -77.3845     -79.2009     -67.2468     -64.4601
                -63.7184     -69.6305     -67.8788     -62.3625     -69.7783
                -60.8468     -61.8281     -68.4366     -70.5608     -64.5522
                -75.0210     -65.9380     -72.0273     -68.6443     -66.0364
                -52.7407     -54.8843     -64.9459     -64.1404     -59.3533
                -60.0692     -67.8129     -57.0907     -58.5018     -70.4848
   1    100     -67.8508     -68.3962     -72.1606     -61.5746     -58.4575
                -67.5269     -76.8034     -69.8249     -58.7615     -68.0892
                -74.5303     -65.3866     -64.6393     -70.9098     -61.9069
                -56.4752     -61.7180     -74.4823     -66.9077     -62.9651
                -66.8957     -78.7797     -80.5934     -68.6488     -65.8597
                -65.1179     -71.0326     -69.2817     -63.7655     -71.1805
                -62.2467     -63.2301     -69.8381     -71.9627     -65.9566
                -76.4175     -67.3506     -73.4332     -70.0552     -67.4413
                -54.1453     -56.2927     -66.3449     -65.5442     -60.7528
                -61.4759     -69.2115     -58.4917     -59.9052     -71.8996
   2      0     -65.3944     -65.9468     -69.6807     -59.1215     -56.0217
                -65.0236     -74.3601     -67.3556     -56.3303     -65.6511
                -72.0445     -62.9286     -62.1720     -68.4587     -59.4557
                -54.0260     -59.2478     -72.0187     -64.4177     -60.4788
                -64.4340     -76.3527     -78.1252     -66.1911     -63.3773
                -62.6488     -68.5659     -66.8159     -61.3040     -68.7023
                -59.7832     -60.7463     -67.3908     -69.5037     -63.4932
                -73.9605     -64.8718     -70.9870     -67.5767     -64.9809
                -51.6896     -53.8112     -63.8914     -63.0785     -58.2911
                -58.9986     -66.7418     -56.0427     -57.4391     -69.4123
   3      0     -65.3934     -65.9614     -69.6934     -59.1432     -56.0406
                -65.0366     -74.3803     -67.3718     -56.3419     -65.6654
                -72.0611     -62.9574     -62.1733     -68.4605     -59.4704
                -54.0510     -59.2654     -72.0340     -64.4211     -60.4728
                -64.4352     -76.3805     -78.1450     -66.2146     -63.3939
                -62.6526     -68.5765     -66.8194     -61.3087     -68.7144
                -59.8297     -60.7563     -67.3906     -69.5149     -63.5040
                -73.9688     -64.8904     -71.0016     -67.5927     -65.0091
                -51.7094     -53.8167     -63.8915     -63.0848     -58.2874
                -59.0060     -66.7684     -56.0687     -57.4411     -69.4298
   4      0     -65.3867     -65.9509     -69.7199     -59.1393     -56.0638
                -65.0329     -74.3788     -67.3813     -56.3557     -65.6585
                -72.0564     -62.9574     -62.1829     -68.4610     -59.4720
                -54.0510     -59.2519     -72.0225     -64.4472     -60.4868
                -64.4533     -76.3813     -78.1546     -66.2028     -63.3660
                -62.6682     -68.5757     -66.8354     -61.3104     -68.7149
                -59.8233     -60.7601     -67.4059     -69.5251     -63.5273
                -73.9710     -64.8947     -71.0129     -67.6050     -64.9970
                -51.7278     -53.8323     -63.9043     -63.0830     -58.2902
                -58.9936     -66.7414     -56.0850     -57.4605     -69.4314
   5      0     -65.4154     -65.9735     -69.7304     -59.1666     -56.0633
                -65.0518     -74.4049     -67.4130     -56.3625     -65.6688
                -72.0613     -62.9653     -62.2036     -68.4621     -59.4822
                -54.0604     -59.2878     -72.0218     -64.4268     -60.4784
                -64.4607     -76.3831     -78.1635     -66.2199     -63.3883
                -62.6973     -68.5934     -66.8370     -61.3234     -68.7173
                -59.8472     -60.7559     -67.4072     -69.5295     -63.5475
                -73.9939     -64.8982     -71.0161     -67.5874     -64.9980
                -51.7321     -53.8266     -63.9094     -63.1277     -58.3077
                -59.0109     -66.7573     -56.1059     -57.4671     -69.4269
   5     60     -65.7834     -66.3402     -70.1027     -59.5342     -56.4291
                -65.4224     -74.7725     -67.7814     -56.7290     -66.0342
                -72.4335     -63.3326     -62.5732     -68.8320     -59.8478
                -54.4263     -59.6559     -72.3915     -64.7967     -60.8492
                -64.8270     -76.7499     -78.5349     -66.5892     -63.7578
                -63.0652     -68.9630     -67.2055     -61.6898     -69.0869
                -60.2116     -61.1264     -67.7773     -69.8994     -63.9172
                -74.3633     -65.2686     -71.3845     -67.9566     -65.3644
                -52.0972     -54.1945     -64.2762     -63.4947     -58.6730
                -59.3784     -67.1240     -56.4749     -57.8335     -69.7985
   5     80     -66.6542     -67.2070     -70.9800     -60.4032     -57.2951
                -66.2973     -75.6394     -68.6523     -57.5980     -66.9000
                -73.3122     -64.2021     -63.4454     -69.7033     -60.7136
                -55.2939     -60.5270     -73.2634     -65.6720     -61.7249
                -65.6948     -77.6161     -79.4084     -67.4618     -64.6313
                -63.9351     -69.8364     -68.0761     -62.5576     -69.9596
                -61.0760     -62.0011     -68.6512     -70.7732     -64.7899
                -75.2350     -66.1441     -72.2555     -68.8301     -66.2326
                -52.9642     -55.0663     -65.1437     -64.3639     -59.5391
                -60.2486     -67.9920     -57.3468     -58.7014     -70.6762
   5    100     -67.9211     -68.4666     -72.2449     -61.6609     -58.5538
                -67.5542     -76.8899     -69.9144     -58.8633     -68.1615
                -74.5806     -65.4648     -64.7061     -70.9575     -61.9729
                -56.5564     -61.7899     -74.5249     -66.9435     -62.9919
                -66.9554     -78.8728     -80.6628     -68.7247     -65.8907
                -65.1941     -71.0991     -69.3377     -63.8213     -71.2208
                -62.3376     -63.2634     -69.9142     -72.0346     -66.0545
                -76.4921     -67.4155     -73.5224     -70.0988     -67.4967
                -54.2301     -56.3350     -66.4030     -65.6281     -60.7983
                -61.5131     -69.2500     -58.6100     -59.9652     -71.9492
 
 group  inft   Estimated free energy: 2-th solvent contribution (kcal/mol)
   1      0     -54.9863     -52.8478     -50.6897     -59.7147     -65.4370
                -54.3294     -42.9732     -52.3142     -65.1394     -54.0215
                -50.4864     -56.5518     -56.3575     -49.1201     -61.0164
                -68.0775     -61.8082     -47.8201     -58.1043     -60.5193
                -57.0890     -43.6001     -40.4773     -54.8838     -55.4079
                -56.5714     -51.7316     -53.5239     -59.3448     -50.8438
                -61.4310     -59.5024     -53.6193     -50.2055     -57.1028
                -43.4684     -56.8582     -50.3939     -55.3790     -56.8690
                -70.2450     -68.0807     -55.3443     -57.7337     -62.3504
                -62.3267     -53.1410     -63.0603     -64.8079     -53.3951
   1     60     -56.6273     -54.4946     -52.3443     -61.3585     -67.0744
                -55.9721     -44.6249     -53.9545     -66.7703     -55.6604
                -52.1367     -58.1980     -58.0069     -50.7699     -62.6520
                -69.7106     -63.4457     -49.4688     -59.7446     -62.1591
                -58.7293     -45.2572     -42.1379     -56.5297     -57.0472
                -58.2118     -53.3739     -55.1720     -60.9834     -52.4883
                -63.0630     -61.1471     -55.2653     -51.8561     -58.7567
                -45.1193     -58.5053     -52.0417     -57.0297     -58.5029
                -71.8745     -69.7119     -56.9862     -59.3768     -63.9870
                -63.9587     -54.7782     -64.7038     -66.4389     -55.0463
   1     80     -60.8316     -58.7065     -56.5760     -65.5671     -71.2688
                -60.1897     -48.8490     -58.1605     -70.9593     -59.8587
                -56.3589     -62.4146     -62.2182     -54.9820     -66.8403
                -73.9089     -67.6477     -53.6768     -63.9515     -66.3635
                -62.9367     -49.4932     -46.3629     -60.7486     -61.2594
                -62.4129     -57.5783     -59.3899     -65.1840     -56.6982
                -67.2569     -65.3481     -59.4807     -56.0789     -62.9851
                -49.3418     -62.7310     -56.2637     -61.2622     -62.6971
                -76.0689     -73.9097     -61.1806     -63.5932     -68.1886
                -68.1524     -58.9863     -68.9084     -70.6268     -59.2733
   1    100     -67.7373     -65.6170     -63.5084     -72.4577     -78.1649
                -67.0734     -55.7349     -65.0731     -77.8678     -66.7445
                -63.2806     -69.3216     -69.1178     -61.8629     -73.7373
                -80.8132     -74.5589     -60.5757     -70.8819     -73.2745
                -69.8465     -56.4320     -53.2696     -67.6808     -68.1540
                -69.3051     -64.4750     -66.3069     -72.1074     -63.6115
                -74.1676     -72.2329     -66.3803     -62.9886     -69.9079
                -56.2619     -69.6714     -63.2023     -68.2131     -69.6038
                -82.9652     -80.8185     -68.0746     -70.5250     -75.1039
                -75.0635     -65.8814     -75.8142     -77.5377     -66.2207
   2      0     -55.0248     -52.8763     -50.7093     -59.7523     -65.4659
                -54.3413     -42.9900     -52.3515     -65.1974     -54.0855
                -50.5334     -56.5928     -56.3516     -49.1934     -61.0234
                -68.1119     -61.8197     -47.8476     -58.1094     -60.5577
                -57.0958     -43.6266     -40.5278     -54.8706     -55.4546
                -56.6165     -51.7671     -53.5533     -59.4013     -50.9031
                -61.4829     -59.5226     -53.6650     -50.2456     -57.1322
                -43.5164     -56.8824     -50.3937     -55.4148     -56.8982
                -70.2881     -68.1295     -55.3723     -57.7669     -62.3538
                -62.3382     -53.1579     -63.0946     -64.8286     -53.4063
   3      0     -55.0245     -52.8829     -50.7076     -59.7771     -65.4738
                -54.3970     -43.0692     -52.3661     -65.2021     -54.1037
                -50.5400     -56.6443     -56.4224     -49.2014     -61.0803
                -68.1023     -61.8649     -47.8507     -58.1617     -60.5727
                -57.1150     -43.6255     -40.5034     -54.8751     -55.4759
                -56.6589     -51.8207     -53.5796     -59.4144     -50.9009
                -61.5375     -59.5332     -53.6488     -50.2895     -57.1184
                -43.5273     -56.9027     -50.4217     -55.4113     -56.8747
                -70.3133     -68.1758     -55.4187     -57.7734     -62.3662
                -62.3713     -53.1347     -63.1051     -64.8608     -53.4225
   4      0     -55.0014     -52.8859     -50.6648     -59.7590     -65.4474
                -54.3173     -42.9876     -52.3594     -65.1949     -54.0936
                -50.5491     -56.5948     -56.3631     -49.1856     -60.9772
                -68.1275     -61.8338     -47.8689     -58.1564     -60.5870
                -57.0685     -43.6082     -40.5242     -54.8979     -55.4589
                -56.6468     -51.7713     -53.5620     -59.4012     -50.9005
                -61.5050     -59.5270     -53.6787     -50.2372     -57.1174
                -43.5496     -56.8917     -50.3795     -55.3665     -56.9171
                -70.3077     -68.1513     -55.3891     -57.7166     -62.3245
                -62.3616     -53.1535     -63.0705     -64.8115     -53.4446
   5      0     -55.0182     -52.9112     -50.7293     -59.8289     -65.4837
                -54.3481     -43.0629     -52.4165     -65.2517     -54.1196
                -50.6305     -56.6621     -56.4535     -49.2377     -61.1085
                -68.1217     -61.9033     -47.9038     -58.2284     -60.6348
                -57.1902     -43.6895     -40.5438     -54.9124     -55.5166
                -56.7432     -51.8430     -53.6267     -59.4534     -50.9586
                -61.6038     -59.5751     -53.6924     -50.3144     -57.1778
                -43.5982     -56.9754     -50.4318     -55.5162     -57.0088
                -70.3320     -68.2198     -55.4999     -57.7928     -62.3414
                -62.4421     -53.2034     -63.2035     -64.8923     -53.4975
   5     60     -57.0062     -54.9054     -52.7336     -61.8163     -67.4673
                -56.3451     -45.0648     -54.4071     -67.2272     -56.1022
                -52.6304     -58.6550     -58.4486     -51.2334     -63.0889
                -70.1014     -63.8887     -49.8975     -60.2153     -62.6238
                -59.1760     -45.6979     -42.5513     -56.9059     -57.5057
                -58.7314     -53.8321     -55.6228     -61.4389     -52.9493
                -63.5815     -61.5624     -55.6878     -52.3140     -59.1804
                -45.6003     -58.9731     -52.4291     -57.5153     -58.9886
                -72.3061     -70.2004     -57.4883     -59.7827     -64.3215
                -64.4231     -55.1898     -65.1936     -66.8686     -55.4989
   5     80     -61.6202     -59.5272     -57.3719     -66.4298     -72.0734
                -60.9708     -49.6912     -59.0284     -71.8275     -60.7095
                -57.2665     -63.2817     -63.0702     -55.8526     -67.6903
                -74.7069     -68.5027     -54.5139     -64.8351     -67.2393
                -63.7913     -50.3432     -47.1869     -61.5322     -62.1281
                -63.3458     -58.4484     -60.2485     -66.0546     -57.5665
                -68.1855     -66.1717     -60.3109     -56.9500     -63.8186
                -50.2391     -63.6086     -57.0598     -62.1543     -63.5925
                -76.9059     -74.8105     -62.1027     -64.4083     -68.9293
                -69.0300     -59.8021     -69.8126     -71.4652     -60.1373
   5    100     -67.7998     -65.7050     -63.5719     -72.5969     -78.2430
                -67.1094     -55.8459     -65.2143     -78.0042     -66.8702
                -63.4591     -69.4611     -69.2427     -62.0081     -73.8636
                -80.8787     -74.6834     -60.6873     -71.0367     -73.4189
                -69.9717     -56.5458     -53.3647     -67.7259     -68.2939
                -69.5155     -64.6273     -66.4329     -72.2549     -63.7448
                -74.3706     -72.3301     -66.4765     -63.1305     -70.0086
                -56.4254     -69.8196     -63.2668     -68.3653     -69.7687
                -83.0746     -80.9974     -68.2741     -70.6136     -75.1085
                -75.2154     -65.9681     -75.9891     -77.6524     -66.3500
 
 
 cumulative average & 95% error for solvation free energy
              total             1st component         2nd component
  1  -120.4195              -65.3934              -55.0245
  2  -119.6327     1.5736   -65.6774     0.5680   -53.9537     2.1416
  3  -119.8893     1.0434   -67.0161     2.6973   -52.8717     2.4924
  4  -119.6475     0.8823   -65.0478     4.3742   -54.5980     3.8765
  5  -120.0212     1.0128   -63.2464     4.9458   -56.7732     5.2860
  6  -119.9235     0.8497   -63.5448     4.0821   -56.3772     4.3881
  7  -119.5703     1.0073   -65.0927     4.6354   -54.4760     5.3114
  8  -119.5915     0.8734   -65.3776     4.0546   -54.2123     4.6300
  9  -119.8086     0.8842   -64.3736     4.1010   -55.4334     4.7578
 10  -119.8048     0.7909   -64.5028     3.6771   -55.3004     4.2638
 11  -120.0592     0.8778   -65.1899     3.5988   -54.8676     3.9527
 12  -120.0212     0.8050   -65.0039     3.3062   -55.0157     3.6204
 13  -119.9116     0.7722   -64.7861     3.0723   -55.1239     3.3374
 14  -119.7511     0.7837   -65.0486     2.8924   -54.7009     3.2035
 15  -119.8045     0.7374   -64.6767     2.7936   -55.1262     3.1013
 16  -119.9514     0.7497   -64.0126     2.9313   -55.9372     3.3236
 17  -120.0208     0.7178   -63.7334     2.8096   -56.2859     3.1990
 18  -120.0133     0.6769   -64.1945     2.8048   -55.8172     3.1583
 19  -120.1487     0.6952   -64.2064     2.6532   -55.9406     2.9976
 20  -120.1936     0.6656   -64.0197     2.5446   -56.1722     2.8813
 21  -120.2583     0.6462   -64.0395     2.4207   -56.2171     2.7421
 22  -120.2469     0.6165   -64.6005     2.5663   -55.6448     2.8541
 23  -120.1774     0.6052   -65.1894     2.7204   -54.9865     3.0284
 24  -120.2155     0.5845   -65.2321     2.6060   -54.9818     2.8995
 25  -120.1617     0.5708   -65.1586     2.5039   -55.0016     2.7813
 26  -120.1291     0.5523   -65.0622     2.4133   -55.0653     2.6753
 27  -120.1391     0.5318   -65.1923     2.3368   -54.9452     2.5855
 28  -120.1484     0.5128   -65.2504     2.2548   -54.8964     2.4933
 29  -120.1683     0.4964   -65.1145     2.1926   -55.0522     2.4259
 30  -120.1499     0.4810   -65.2345     2.1318   -54.9138     2.3599
 31  -120.1892     0.4718   -65.0602     2.0911   -55.1275     2.3222
 32  -120.1924     0.4569   -64.9257     2.0425   -55.2651     2.2653
 33  -120.2181     0.4458   -65.0004     1.9853   -55.2162     2.1977
 34  -120.2060     0.4332   -65.1331     1.9442   -55.0713     2.1517
 35  -120.2180     0.4213   -65.0866     1.8902   -55.1298     2.0926
 36  -120.1424     0.4364   -65.3333     1.9020   -54.8075     2.1334
 37  -120.1871     0.4337   -65.3214     1.8501   -54.8641     2.0780
 38  -120.2196     0.4272   -65.4708     1.8254   -54.7472     2.0360
 39  -120.2911     0.4399   -65.5252     1.7813   -54.7642     1.9834
 40  -120.3309     0.4361   -65.5123     1.7364   -54.8170     1.9361
 41  -120.3722     0.4333   -65.1757     1.8224   -55.1949     2.0340
 42  -120.4108     0.4299   -64.9052     1.8589   -55.5040     2.0790
 43  -120.3853     0.4228   -64.8817     1.8158   -55.5020     2.0300
 44  -120.3961     0.4137   -64.8408     1.7759   -55.5536     1.9861
 45  -120.4018     0.4045   -64.6952     1.7603   -55.7050     1.9649
 46  -120.4231     0.3979   -64.5715     1.7393   -55.8500     1.9434
 47  -120.4120     0.3900   -64.6182     1.7044   -55.7922     1.9051
 48  -120.3863     0.3852   -64.4401     1.7062   -55.9445     1.8898
 49  -120.4254     0.3853   -64.2973     1.6952   -56.1265     1.8862
 50  -120.4740     0.3898   -64.3999     1.6736   -56.0724     1.8513
 
 Mesh error is    0.092 kcal/mol
