 ERmod 0.3.8, Copyright (C) 2000-2019 Nobuyuki Matubayasi
                            2010-2019 Shun Sakuraba
 ERmod comes with ABSOLUTELY NO WARRANTY.
 This is free software, and you can redistribute it
 and/or modify it under certain conditions.
 See LICENSE file for details.
 
  Number of the   1-th solvent  =          378
  Number of the   2-th solvent  =        10000
 
  Be sure that the solvent distribution is homogeneous (radial distribution function is essentially unity) when the solvent molecule is separated beyond distance of   10.0 Angstrom in any direction from any atom within the solute molecule
 
  LJ long-range correction    =        -1.1319     -7.1533
 
  Self-energy of the solute   =        -0.0028  kcal/mol
 
 
 cumulative average & 95% error for solvation energy
              total             1st component         2nd component
  1  -496.7424              -91.3969             -405.3427
  2  -495.1291     3.2266   -75.7537    31.2864  -419.3726    28.0597
  3  -495.0075     1.8787   -66.2365    26.2410  -428.7682    24.8104
  4  -494.5819     1.5777   -70.4160    20.3511  -424.1631    19.8143
  5  -495.5106     2.2234   -70.3490    15.7645  -425.1588    15.4767
  6  -495.4566     1.8186   -72.0498    13.3135  -423.4040    13.1150
  7  -495.3517     1.5512   -79.6840    18.9667  -415.6648    19.0378
  8  -495.3620     1.3436   -84.2919    18.8343  -411.0673    18.8779
  9  -496.1151     1.9164   -86.8717    17.3932  -409.2406    17.0449
 10  -496.3543     1.7796   -85.8854    15.6815  -410.4661    15.4412
 11  -496.3236     1.6108   -83.3250    15.0805  -412.9957    14.8552
 12  -496.0599     1.5622   -83.4596    13.7692  -412.5975    13.5842
 13  -496.1363     1.4451   -83.9679    12.7065  -412.1656    12.5255
 14  -495.8891     1.4263   -84.2402    11.7765  -411.6461    11.6428
 15  -495.8895     1.3278   -84.0661    10.9689  -411.8206    10.8445
 16  -495.5973     1.3727   -86.5635    11.4116  -409.0311    11.5771
 17  -495.1743     1.5422   -86.4871    10.7204  -408.6845    10.8969
 18  -495.2171     1.4565   -85.6959    10.2304  -409.5184    10.4082
 19  -495.0195     1.4332   -85.1924     9.7293  -409.8243     9.8641
 20  -494.9988     1.3603   -85.0858     9.2324  -409.9102     9.3595
 21  -495.0150     1.2943   -85.8370     8.9094  -409.1751     9.0232
 22  -495.0537     1.2365   -86.4230     8.5753  -408.6279     8.6727
 23  -495.0283     1.1826   -87.3720     8.4109  -407.6534     8.5131
 24  -495.1039     1.1423   -88.8205     8.5581  -406.2806     8.6007
 25  -495.0819     1.0966   -88.8579     8.2089  -406.2212     8.2503
 26  -495.0050     1.0647   -88.3773     7.9453  -406.6250     7.9677
 27  -495.0623     1.0309   -87.4347     7.8743  -407.6248     7.9234
 28  -495.1368     1.0045   -87.3262     7.5910  -407.8078     7.6440
 29  -495.3463     1.0560   -86.7628     7.4107  -408.5807     7.5359
 30  -495.3399     1.0203   -86.3110     7.2162  -409.0261     7.3347
 31  -495.4596     1.0154   -85.5107     7.1607  -409.9461     7.3289
 32  -495.4546     0.9833   -84.8896     7.0437  -410.5622     7.2023
 33  -495.6152     1.0057   -84.7466     6.8329  -410.8658     7.0070
 34  -495.6468     0.9777   -84.4152     6.6620  -411.2289     6.8365
 35  -495.7126     0.9584   -84.2825     6.4743  -411.4272     6.6501
 36  -495.8075     0.9505   -83.6266     6.4272  -412.1781     6.6349
 37  -495.8776     0.9351   -83.3249     6.2801  -412.5499     6.4958
 38  -495.9653     0.9269   -83.2753     6.1134  -412.6871     6.3285
 39  -496.0037     0.9061   -83.0955     5.9655  -412.9054     6.1796
 40  -495.9266     0.8965   -82.7071     5.8661  -413.2167     6.0552
 41  -495.8471     0.8887   -82.2242     5.8022  -413.6201     5.9605
 42  -495.7157     0.9062   -81.8330     5.7161  -413.8799     5.8400
 43  -495.6925     0.8861   -82.0441     5.5975  -413.6456     5.7218
 44  -495.6590     0.8683   -82.2350     5.4822  -413.4212     5.6082
 45  -495.6578     0.8488   -81.7648     5.4408  -413.8901     5.5618
 46  -495.7146     0.8379   -81.5160     5.3445  -414.1959     5.4738
 47  -495.6682     0.8251   -81.5193     5.2295  -414.1461     5.3570
 48  -495.7025     0.8106   -81.1864     5.1625  -414.5133     5.2954
 49  -495.6467     0.8017   -80.9824     5.0725  -414.6615     5.1947
 50  -495.6924     0.7908   -80.3614     5.1229  -415.3281     5.2615
 
 
 group  inft  solvation free energy     error          difference
  total solvation free energy
   1      0       -106.56694           0.40796           0.08970
   1     60       -107.37855           0.40748          -0.72191
   1     80       -110.75392           0.40624          -4.09727
   1    100       -119.04331           0.40704         -12.38666
   2      0       -106.66811           0.40841          -0.01146
   3      0       -106.65664           0.41000           0.00000
   4      0       -106.67379           0.40963          -0.01715
   5      0       -106.73971           0.41091          -0.08307
   5     60       -107.74726           0.41051          -1.09062
   5     80       -111.70816           0.40906          -5.05152
   5    100       -119.25418           0.41069         -12.59753
 
  contribution from  1-th solvent component
   1      0        -29.03156           1.99440           0.01951
   1     60        -29.06023           1.99442          -0.00915
   1     80        -29.19294           1.99450          -0.14186
   1    100        -29.57294           1.99446          -0.52186
   2      0        -29.04607           1.99354           0.00500
   3      0        -29.05108           1.99336           0.00000
   4      0        -29.05338           1.99295          -0.00230
   5      0        -29.05707           1.99274          -0.00599
   5     60        -29.09323           1.99277          -0.04215
   5     80        -29.25380           1.99285          -0.20272
   5    100        -29.60257           1.99269          -0.55149
 
  contribution from  2-th solvent component
   1      0        -77.53257           2.19684           0.07018
   1     60        -78.31552           2.19582          -0.71276
   1     80        -81.55817           2.19271          -3.95541
   1    100        -89.46756           2.19036         -11.86480
   2      0        -77.61923           2.19547          -0.01647
   3      0        -77.60276           2.19862           0.00000
   4      0        -77.61761           2.19637          -0.01485
   5      0        -77.67983           2.19847          -0.07707
   5     60        -78.65123           2.19723          -1.04847
   5     80        -82.45156           2.19324          -4.84880
   5    100        -89.64880           2.19219         -12.04604
 
 
 group  inft   Estimated free energy: total (kcal/mol)
   1      0    -106.1999    -106.5780    -107.3428    -105.9742    -108.5037
               -106.3455    -104.6225    -105.2678    -109.1643    -107.9524
               -107.3496    -105.3707    -106.7839    -105.2043    -106.4893
               -103.2801    -103.4594    -106.9217    -104.9266    -106.2128
               -105.8109    -106.2233    -105.2015    -105.9839    -106.1408
               -105.2383    -106.9826    -106.6188    -108.6747    -106.4637
               -109.2050    -106.7984    -109.4567    -107.5620    -108.0513
               -108.5991    -108.2449    -108.3086    -107.6750    -105.7033
               -105.6316    -104.4409    -105.6992    -105.5694    -106.9002
               -107.3548    -105.4252    -107.3779    -104.8333    -108.2224
   1     60    -107.0118    -107.3846    -108.1459    -106.7841    -109.3135
               -107.1581    -105.4425    -106.0907    -109.9844    -108.7661
               -108.1531    -106.1846    -107.6025    -106.0167    -107.3035
               -104.0974    -104.2759    -107.7357    -105.7361    -107.0277
               -106.6295    -107.0396    -106.0158    -106.7982    -106.9557
               -106.0504    -107.7903    -107.4338    -109.4866    -107.2720
               -110.0114    -107.6003    -110.2658    -108.3685    -108.8573
               -109.4060    -109.0508    -109.1221    -108.4859    -106.5109
               -106.4399    -105.2523    -106.5142    -106.3808    -107.7066
               -108.1694    -106.2331    -108.1910    -105.6451    -109.0295
   1     80    -110.3900    -110.7400    -111.4935    -110.1532    -112.6873
               -110.5344    -108.8438    -109.5002    -113.3777    -112.1401
               -111.5036    -109.5643    -110.9944    -109.3850    -110.6872
               -107.4964    -107.6528    -111.1190    -109.1103    -110.4013
               -110.0207    -110.4292    -109.4018    -110.1943    -110.3413
               -109.4264    -111.1565    -110.8144    -112.8731    -110.6430
               -113.3637    -110.9638    -113.6402    -111.7312    -112.2141
               -112.7658    -112.4223    -112.4994    -111.8647    -109.8765
               -109.8048    -108.6213    -109.9013    -109.7515    -111.0614
               -111.5596    -109.6003    -111.5666    -109.0226    -112.3898
   1    100    -118.6886    -119.0146    -119.7644    -118.4373    -120.9812
               -118.8284    -117.1562    -117.8253    -121.6995    -120.4419
               -119.7685    -117.8633    -119.3214    -117.6662    -118.9894
               -115.7796    -115.9422    -119.4361    -117.3820    -118.7007
               -118.3101    -118.7281    -117.6904    -118.4967    -118.6455
               -117.7034    -119.4386    -119.1279    -121.1854    -118.9213
               -121.6313    -119.2178    -121.9357    -119.9844    -120.4804
               -121.0486    -120.7044    -120.8154    -120.1626    -118.1314
               -118.0698    -116.8993    -118.2030    -118.0179    -119.3295
               -119.8907    -117.8646    -119.8710    -117.2995    -120.6735
   2      0    -106.2961    -106.7037    -107.4847    -106.0411    -108.5955
               -106.4167    -104.7557    -105.4625    -109.2567    -108.0052
               -107.4849    -105.4664    -106.8864    -105.2418    -106.5549
               -103.3875    -103.5128    -107.0121    -105.0588    -106.3199
               -105.9377    -106.3162    -105.3015    -106.0635    -106.3226
               -105.3022    -107.0847    -106.7411    -108.8208    -106.5384
               -109.2720    -106.8412    -109.5927    -107.7769    -108.1729
               -108.7258    -108.3390    -108.3564    -107.7072    -105.9040
               -105.7516    -104.5303    -105.7961    -105.6924    -106.9120
               -107.4576    -105.5229    -107.4556    -104.8828    -108.3442
   3      0    -106.2598    -106.7010    -107.4305    -106.0109    -108.6344
               -106.3899    -104.6889    -105.4384    -109.2699    -108.0207
               -107.5117    -105.4383    -106.8782    -105.2920    -106.5736
               -103.3678    -103.5473    -107.0180    -105.0602    -106.3131
               -105.9110    -106.3078    -105.2357    -106.0090    -106.2754
               -105.3152    -107.0793    -106.7103    -108.8176    -106.5276
               -109.2748    -106.8489    -109.5525    -107.7099    -108.1282
               -108.7199    -108.3593    -108.3711    -107.7177    -105.8755
               -105.7208    -104.5513    -105.7500    -105.5964    -106.9296
               -107.4870    -105.4899    -107.4875    -104.8881    -108.3400
   4      0    -106.2811    -106.7679    -107.4302    -106.0372    -108.6548
               -106.3900    -104.7091    -105.4619    -109.3296    -108.0565
               -107.4570    -105.4413    -106.9152    -105.3091    -106.5770
               -103.4151    -103.5369    -107.0704    -105.0760    -106.3417
               -105.9502    -106.2845    -105.2438    -106.0506    -106.3121
               -105.3196    -107.0792    -106.7347    -108.8557    -106.5265
               -109.2537    -106.8376    -109.5735    -107.7702    -108.1592
               -108.7584    -108.3218    -108.3473    -107.7092    -105.8887
               -105.7798    -104.5673    -105.8085    -105.6713    -106.9242
               -107.4597    -105.4669    -107.5199    -104.8858    -108.3718
   5      0    -106.3382    -106.8397    -107.4995    -106.0633    -108.7212
               -106.4497    -104.7518    -105.4945    -109.4271    -108.1129
               -107.5528    -105.5397    -106.9983    -105.3847    -106.6644
               -103.4181    -103.6107    -107.1449    -105.1420    -106.4385
               -105.9686    -106.4362    -105.3188    -106.0962    -106.3406
               -105.4223    -107.1745    -106.8172    -108.9076    -106.5582
               -109.3494    -106.9163    -109.6057    -107.7974    -108.2477
               -108.8258    -108.3537    -108.4352    -107.7518    -105.9487
               -105.7940    -104.6517    -105.8814    -105.6861    -107.0305
               -107.5256    -105.5077    -107.5979    -104.9880    -108.4586
   5     60    -107.3462    -107.8413    -108.4941    -107.0670    -109.7271
               -107.4532    -105.7637    -106.5201    -110.4513    -109.1235
               -108.5506    -106.5523    -108.0163    -106.3948    -107.6779
               -104.4286    -104.6257    -108.1581    -106.1513    -107.4471
               -106.9822    -107.4436    -106.3297    -107.1131    -107.3528
               -106.4331    -108.1791    -107.8291    -109.9202    -107.5594
               -110.3449    -107.9060    -110.6131    -108.7991    -109.2500
               -109.8303    -109.3507    -109.4449    -108.7577    -106.9533
               -106.7996    -105.6562    -106.8957    -106.6901    -108.0306
               -108.5385    -106.5081    -108.6062    -105.9922    -109.4632
   5     80    -111.3229    -111.7861    -112.4277    -111.0202    -113.6808
               -111.4191    -109.7560    -110.5228    -114.4316    -113.0760
               -112.4831    -110.5190    -111.9934    -110.3418    -111.6418
               -108.4154    -108.5824    -112.1234    -110.1055    -111.4088
               -110.9660    -111.4314    -110.3129    -111.1032    -111.3242
               -110.3914    -112.1245    -111.7971    -113.8886    -111.5178
               -114.2803    -111.8557    -114.5739    -112.7466    -113.1922
               -113.7720    -113.3089    -113.4104    -112.7213    -110.8986
               -110.7426    -109.6053    -110.8769    -110.6526    -111.9663
               -112.5097    -110.4589    -112.5649    -109.9512    -113.4052
   5    100    -118.8623    -119.3287    -119.9480    -118.5590    -121.2389
               -118.9537    -117.3082    -118.1009    -122.0189    -120.6408
               -120.0080    -118.0729    -119.5827    -117.8910    -119.2089
               -115.9493    -116.1326    -119.7069    -117.6387    -118.9691
               -118.5007    -118.9711    -117.8396    -118.6409    -118.8892
               -117.9302    -119.6689    -119.3680    -121.4693    -119.0450
               -121.8090    -119.3516    -122.1239    -120.2681    -120.7181
               -121.3208    -120.8460    -120.9789    -120.2713    -118.4189
               -118.2784    -117.1434    -118.4360    -118.1670    -119.4923
               -120.0949    -117.9654    -120.1321    -117.4901    -120.9604
 
 group  inft   Estimated free energy: 1-th solvent contribution (kcal/mol)
   1      0     -33.2453     -20.9995     -15.4875     -30.4140     -25.3001
                -28.9286     -46.7840     -42.8943     -39.8300     -28.0793
                -20.2145     -30.9600     -33.0171     -32.3505     -29.6642
                -45.8945     -30.6675     -26.0080     -27.0992     -29.9783
                -36.5201     -35.5212     -39.2647     -45.2312     -32.8751
                -27.6106     -22.2476     -31.0720     -25.6222     -26.2478
                -21.8434     -22.9377     -29.3018     -26.4342     -29.1847
                -21.4951     -26.0520     -29.8005     -27.5918     -23.6619
                -22.1344     -23.3357     -32.8996     -33.0316     -21.6045
                -25.4349     -29.4888     -23.3621     -25.1406     -16.8140
   1     60     -33.2736     -21.0279     -15.5155     -30.4424     -25.3292
                -28.9574     -46.8131     -42.9235     -39.8599     -28.1086
                -20.2431     -30.9890     -33.0460     -32.3797     -29.6932
                -45.9227     -30.6952     -26.0366     -27.1268     -30.0066
                -36.5485     -35.5494     -39.2932     -45.2601     -32.9038
                -27.6394     -22.2764     -31.1008     -25.6510     -26.2763
                -21.8721     -22.9666     -29.3308     -26.4629     -29.2138
                -21.5240     -26.0808     -29.8287     -27.6209     -23.6904
                -22.1631     -23.3644     -32.9274     -33.0606     -21.6334
                -25.4635     -29.5171     -23.3903     -25.1691     -16.8426
   1     80     -33.4050     -21.1590     -15.6452     -30.5738     -25.4637
                -29.0903     -46.9475     -43.0580     -39.9976     -28.2443
                -20.3756     -31.1230     -33.1798     -32.5143     -29.8273
                -46.0538     -30.8237     -26.1691     -27.2551     -30.1372
                -36.6797     -35.6797     -39.4257     -45.3942     -33.0367
                -27.7728     -22.4100     -31.2338     -25.7850     -26.4088
                -22.0048     -23.1006     -29.4649     -26.5956     -29.3486
                -21.6579     -26.2143     -29.9595     -27.7556     -23.8221
                -22.2962     -23.4968     -33.0561     -33.1946     -21.7673
                -25.5964     -29.6483     -23.5212     -25.3010     -16.9753
   1    100     -33.7832     -21.5371     -16.0228     -30.9514     -25.8462
                -29.4707     -47.3284     -43.4407     -40.3844     -28.6299
                -20.7566     -31.5063     -33.5625     -32.8959     -30.2086
                -46.4293     -31.1959     -26.5504     -27.6284     -30.5135
                -37.0555     -36.0560     -39.8056     -45.7750     -33.4174
                -28.1544     -22.7911     -31.6149     -26.1675     -26.7881
                -22.3855     -23.4822     -29.8481     -26.9756     -29.7307
                -22.0402     -26.5953     -30.3370     -28.1384     -24.2008
                -22.6762     -23.8763     -33.4293     -33.5750     -22.1496
                -25.9790     -30.0255     -23.8992     -25.6790     -17.3563
   2      0     -33.2460     -21.0163     -15.4913     -30.4329     -25.3004
                -28.9427     -46.7963     -42.9042     -39.8375     -28.0909
                -20.2368     -30.9659     -33.0407     -32.3558     -29.6757
                -45.9097     -30.7066     -26.0293     -27.1108     -30.0071
                -36.5267     -35.5409     -39.2717     -45.2140     -32.9051
                -27.6241     -22.2701     -31.0900     -25.6453     -26.2575
                -21.8611     -22.9351     -29.2987     -26.4539     -29.1804
                -21.5208     -26.0599     -29.8160     -27.6044     -23.6918
                -22.1624     -23.3569     -32.9292     -33.0364     -21.6175
                -25.4585     -29.5018     -23.3856     -25.1547     -16.8360
   3      0     -33.2511     -21.0289     -15.4972     -30.4377     -25.3088
                -28.9335     -46.7988     -42.9079     -39.8423     -28.0868
                -20.2518     -30.9717     -33.0463     -32.3597     -29.6801
                -45.9103     -30.7214     -26.0423     -27.1201     -30.0108
                -36.5323     -35.5527     -39.2710     -45.2260     -32.8980
                -27.6390     -22.2718     -31.0892     -25.6556     -26.2631
                -21.8603     -22.9408     -29.3065     -26.4631     -29.1796
                -21.5189     -26.0622     -29.8251     -27.6065     -23.6971
                -22.1628     -23.3505     -32.9332     -33.0257     -21.6231
                -25.4794     -29.5153     -23.3970     -25.1648     -16.8357
   4      0     -33.2533     -21.0217     -15.4950     -30.4408     -25.3104
                -28.9431     -46.7872     -42.9150     -39.8350     -28.0943
                -20.2444     -30.9696     -33.0486     -32.3618     -29.6770
                -45.9222     -30.7316     -26.0467     -27.1380     -30.0227
                -36.5421     -35.5471     -39.2671     -45.2201     -32.9054
                -27.6234     -22.2747     -31.0992     -25.6657     -26.2626
                -21.8650     -22.9338     -29.2998     -26.4713     -29.1691
                -21.5381     -26.0589     -29.8222     -27.5930     -23.7060
                -22.1717     -23.3645     -32.9449     -33.0334     -21.6244
                -25.4787     -29.4898     -23.4133     -25.1726     -16.8523
   5      0     -33.2592     -21.0448     -15.4984     -30.4422     -25.3080
                -28.9438     -46.7963     -42.8946     -39.8422     -28.0987
                -20.2490     -30.9745     -33.0569     -32.3592     -29.6838
                -45.9190     -30.7400     -26.0501     -27.1435     -30.0255
                -36.5335     -35.5651     -39.2616     -45.2293     -32.9059
                -27.6297     -22.2773     -31.1073     -25.6621     -26.2615
                -21.8740     -22.9360     -29.3040     -26.4700     -29.1815
                -21.5408     -26.0638     -29.8230     -27.5966     -23.7072
                -22.1641     -23.3591     -32.9668     -33.0351     -21.6366
                -25.4858     -29.5007     -23.4148     -25.1759     -16.8548
   5     60     -33.2951     -21.0806     -15.5336     -30.4780     -25.3446
                -28.9800     -46.8330     -42.9315     -39.8798     -28.1358
                -20.2851     -31.0111     -33.0933     -32.3960     -29.7205
                -45.9547     -30.7749     -26.0861     -27.1784     -30.0611
                -36.5693     -35.6006     -39.2977     -45.2660     -32.9421
                -27.6660     -22.3138     -31.1436     -25.6985     -26.2975
                -21.9101     -22.9724     -29.3405     -26.5061     -29.2183
                -21.5771     -26.1000     -29.8588     -27.6333     -23.7430
                -22.2003     -23.3951     -33.0020     -33.0718     -21.6729
                -25.5219     -29.5365     -23.4503     -25.2119     -16.8909
   5     80     -33.4548     -21.2398     -15.6904     -30.6370     -25.5067
                -29.1406     -46.9948     -43.0942     -40.0456     -28.2999
                -20.4457     -31.1728     -33.2551     -32.5585     -29.8830
                -46.1128     -30.9305     -26.2466     -27.3340     -30.2195
                -36.7286     -35.7588     -39.4579     -45.4281     -33.1027
                -27.8272     -22.4757     -31.3052     -25.8604     -26.4577
                -22.0708     -23.1339     -29.5025     -26.6664     -29.3813
                -21.7388     -26.2612     -30.0180     -27.7961     -23.9022
                -22.3610     -23.5552     -33.1588     -33.2340     -21.8345
                -25.6828     -29.6953     -23.6091     -25.3719     -17.0517
   5    100     -33.8013     -21.5877     -16.0361     -30.9840     -25.8575
                -29.4885     -47.3426     -43.4445     -40.4004     -28.6542
                -20.7958     -31.5239     -33.6072     -32.9093     -30.2343
                -46.4565     -31.2737     -26.5975     -27.6766     -30.5657
                -37.0737     -36.1033     -39.8041     -45.7761     -33.4521
                -28.1773     -22.8263     -31.6560     -26.2124     -26.8051
                -22.4205     -23.4825     -29.8532     -27.0145     -29.7318
                -22.0902     -26.6103     -30.3652     -28.1472     -24.2499
                -22.7107     -23.9038     -33.5017     -33.5824     -22.1855
                -26.0344     -30.0415     -23.9574     -25.7196     -17.4026
 
 group  inft   Estimated free energy: 2-th solvent contribution (kcal/mol)
   1      0     -72.9518     -85.5758     -91.8524     -75.5574     -83.2008
                -77.4141     -57.8356     -62.3707     -69.3315     -79.8703
                -87.1324     -74.4079     -73.7640     -72.8510     -76.8223
                -57.3828     -72.7891     -80.9109     -77.8246     -76.2316
                -69.2880     -70.6993     -65.9340     -60.7499     -73.2629
                -77.6248     -84.7321     -75.5440     -83.0497     -80.2131
                -87.3588     -83.8579     -80.1521     -81.1250     -78.8639
                -87.1012     -82.1901     -78.5054     -80.0803     -82.0385
                -83.4944     -81.1023     -72.7968     -72.5350     -85.2929
                -81.9171     -75.9336     -84.0130     -79.6900     -91.4056
   1     60     -73.7353     -86.3540     -92.6276     -76.3388     -83.9814
                -78.1979     -58.6266     -63.1644     -70.1218     -80.6546
                -87.9073     -75.1928     -74.5537     -73.6342     -77.6075
                -58.1718     -73.5778     -81.6964     -78.6065     -77.0183
                -70.0781     -71.4875     -66.7198     -61.5353     -74.0491
                -78.4082     -85.5111     -76.3303     -83.8328     -80.9929
                -88.1365     -84.6310     -80.9322     -81.9028     -79.6407
                -87.8792     -82.9672     -79.2906     -80.8621     -82.8177
                -84.2740     -81.8851     -73.5840     -73.3174     -86.0703
                -82.7031     -76.7131     -84.7979     -80.4733     -92.1840
   1     80     -76.9822     -89.5781     -95.8455     -79.5766     -87.2207
                -81.4413     -61.8934     -66.4394     -73.3773     -83.8930
                -91.1251     -78.4385     -77.8118     -76.8679     -80.8571
                -61.4398     -76.8263     -84.9471     -81.8524     -80.2612
                -73.3381     -74.7467     -69.9733     -64.7973     -77.3018
                -81.6507     -88.7437     -79.5778     -87.0853     -84.2314
                -91.3561     -87.8604     -84.1724     -85.1327     -82.8628
                -91.1051     -86.2052     -82.5371     -84.1063     -86.0516
                -87.5057     -85.1217     -76.8424     -76.5541     -89.2913
                -85.9604     -79.9492     -88.0426     -83.7188     -95.4117
   1    100     -84.9026     -97.4747    -103.7387     -87.4831     -95.1322
                -89.3549     -69.8250     -74.3818     -81.3123     -91.8091
                -99.0091     -86.3542     -85.7561     -84.7675     -88.7779
                -69.3475     -84.7435     -92.8829     -89.7508     -88.1844
                -81.2517     -82.6693     -77.8820     -72.7189     -85.2253
                -89.5463     -96.6448     -87.5102     -95.0151     -92.1304
                -99.2430     -95.7328     -92.0849     -93.0060     -90.7469
                -99.0055     -94.1063     -90.4756     -92.0215     -93.9279
                -95.3908     -93.0202     -84.7709     -84.4401     -97.1771
                -93.9088     -87.8363     -95.9690     -91.6178    -103.3144
   2      0     -73.0473     -85.6847     -91.9906     -75.6053     -83.2923
                -77.4712     -57.9565     -62.5555     -69.4163     -79.9114
                -87.2452     -74.4977     -73.8429     -72.8832     -76.8763
                -57.4750     -72.8033     -80.9800     -77.9451     -76.3101
                -69.4082     -70.7726     -66.0270     -60.8468     -73.4147
                -77.6753     -84.8117     -75.6483     -83.1727     -80.2781
                -87.4081     -83.9032     -80.2911     -81.3202     -78.9897
                -87.2022     -82.2762     -78.5376     -80.1000     -82.2094
                -83.5864     -81.1706     -72.8641     -72.6531     -85.2916
                -81.9963     -76.0183     -84.0672     -79.7253     -91.5054
   3      0     -73.0058     -85.6694     -91.9305     -75.5704     -83.3228
                -77.4537     -57.8873     -62.5278     -69.4248     -79.9311
                -87.2571     -74.4638     -73.8291     -72.9295     -76.8907
                -57.4548     -72.8231     -80.9729     -77.9372     -76.2995
                -69.3759     -70.7523     -65.9619     -60.7802     -73.3745
                -77.6734     -84.8047     -75.6182     -83.1592     -80.2617
                -87.4117     -83.9053     -80.2432     -81.2440     -78.9458
                -87.1983     -82.2944     -78.5432     -80.1084     -82.1756
                -83.5551     -81.1980     -72.8139     -72.5679     -85.3037
                -82.0048     -75.9718     -84.0877     -79.7204     -91.5015
   4      0     -73.0250     -85.7433     -91.9323     -75.5936     -83.3416
                -77.4441     -57.9192     -62.5441     -69.4918     -79.9594
                -87.2098     -74.4688     -73.8638     -72.9445     -76.8972
                -57.4902     -72.8025     -81.0209     -77.9351     -76.3162
                -69.4053     -70.7346     -65.9739     -60.8277     -73.4039
                -77.6934     -84.8017     -75.6327     -83.1871     -80.2610
                -87.3858     -83.9010     -80.2709     -81.2960     -78.9873
                -87.2175     -82.2600     -78.5223     -80.1134     -82.1799
                -83.6052     -81.2000     -72.8607     -72.6351     -85.2971
                -81.9782     -75.9743     -84.1038     -79.7104     -91.5167
   5      0     -73.0762     -85.7921     -91.9984     -75.6183     -83.4104
                -77.5031     -57.9526     -62.5971     -69.5821     -80.0114
                -87.3011     -74.5624     -73.9387     -73.0227     -76.9778
                -57.4963     -72.8679     -81.0920     -77.9957     -76.4102
                -69.4323     -70.8683     -66.0544     -60.8642     -73.4319
                -77.7898     -84.8943     -75.7072     -83.2427     -80.2938
                -87.4725     -83.9774     -80.2989     -81.3246     -79.0634
                -87.2822     -82.2871     -78.6094     -80.1524     -82.2388
                -83.6271     -81.2898     -72.9118     -72.6482     -85.3911
                -82.0370     -76.0042     -84.1803     -79.8092     -91.6010
   5     60     -74.0482     -86.7579     -92.9577     -76.5862     -84.3797
                -78.4704     -58.9280     -63.5858     -70.5687     -80.9849
                -88.2627     -75.5384     -74.9202     -73.9960     -77.9546
                -58.4711     -73.8480     -82.0692     -78.9701     -77.3832
                -70.4101     -71.8402     -67.0292     -61.8444     -74.4079
                -78.7643     -85.8625     -76.6827     -84.2189     -81.2591
                -88.4319     -84.9308     -81.2697     -82.2902     -80.0289
                -88.2504     -83.2478     -79.5834     -81.1216     -83.2075
                -84.5965     -82.2583     -73.8909     -73.6155     -86.3549
                -83.0138     -76.9689     -85.1530     -80.7775     -92.5695
   5     80     -77.8652     -90.5435     -96.7344     -80.3804     -88.1713
                -82.2757     -62.7584     -67.4258     -74.3832     -84.7733
                -92.0346     -79.3433     -78.7354     -77.7805     -81.7560
                -62.2997     -77.6491     -85.8740     -82.7687     -81.1865
                -74.2346     -75.6698     -70.8522     -65.6723     -78.2187
                -82.5613     -89.6460     -80.4891     -88.0254     -85.0573
                -92.2067     -88.7190     -85.0686     -86.0774     -83.8080
                -92.0304     -87.0449     -83.3896     -84.9224     -86.9935
                -88.3788     -86.0473     -77.7154     -77.4158     -90.1290
                -86.8241     -80.7608     -88.9530     -84.5765     -96.3507
   5    100     -85.0581     -97.7382    -103.9091     -87.5722     -95.3786
                -89.4624     -69.9628     -74.6536     -81.6157     -91.9838
                -99.2094     -86.5463     -85.9727     -84.9788     -88.9718
                -69.4900     -84.8561     -93.1066     -89.9592     -88.4006
                -81.4243     -82.8649     -78.0327     -72.8621     -85.4343
                -89.7500     -96.8399     -87.7092     -95.2541     -92.2372
                -99.3856     -95.8662     -92.2679     -93.2508     -90.9834
                -99.2278     -94.2329     -90.6109     -92.1213     -94.1662
                -95.5649     -93.2369     -84.9315     -84.5818     -97.3040
                -94.0577     -87.9211     -96.1719     -91.7678    -103.5550
 
 
 cumulative average & 95% error for solvation free energy
              total             1st component         2nd component
  1  -106.2598              -33.2511              -73.0058
  2  -106.4804     0.4413   -27.1400    12.2222   -79.3376    12.6635
  3  -106.7971     0.6827   -23.2591    10.4900   -83.5352    11.1326
  4  -106.6006     0.6226   -25.0537     8.2403   -81.5440     8.8220
  5  -107.0073     0.9457   -25.1047     6.3838   -81.8998     6.8704
  6  -106.9044     0.7991   -25.7429     5.3663   -81.1588     5.8021
  7  -106.5879     0.9257   -28.7509     7.5340   -77.8343     8.2617
  8  -106.4442     0.8516   -30.5205     7.4228   -75.9210     8.1139
  9  -106.7582     0.9790   -31.5562     6.8662   -75.1992     7.2999
 10  -106.8845     0.9113   -31.2093     6.1804   -75.6724     6.5975
 11  -106.9415     0.8321   -30.2132     5.9348   -76.7255     6.3284
 12  -106.8162     0.7999   -30.2764     5.4192   -76.5370     5.7893
 13  -106.8210     0.7358   -30.4894     5.0031   -76.3287     5.3417
 14  -106.7118     0.7154   -30.6230     4.6396   -76.0859     4.9692
 15  -106.7026     0.6663   -30.5602     4.3211   -76.1396     4.6273
 16  -106.4941     0.7498   -31.5195     4.4743   -74.9718     4.9184
 17  -106.3208     0.7850   -31.4726     4.2039   -74.8454     4.6270
 18  -106.3595     0.7442   -31.1709     4.0092   -75.1858     4.4151
 19  -106.2911     0.7171   -30.9577     3.8162   -75.3306     4.1863
 20  -106.2922     0.6803   -30.9104     3.6216   -75.3791     3.9727
 21  -106.2741     0.6481   -31.1781     3.4862   -75.0932     3.8218
 22  -106.2756     0.6179   -31.3769     3.3477   -74.8959     3.6652
 23  -106.2304     0.5973   -31.7201     3.2716   -74.5075     3.5874
 24  -106.2212     0.5722   -32.2829     3.3284   -73.9355     3.6201
 25  -106.2233     0.5489   -32.3075     3.1929   -73.9130     3.4726
 26  -106.1884     0.5319   -32.1279     3.0886   -74.0577     3.3489
 27  -106.2214     0.5161   -31.7629     3.0603   -74.4557     3.3194
 28  -106.2389     0.4985   -31.7388     2.9494   -74.4972     3.1997
 29  -106.3278     0.5129   -31.5291     2.8766   -74.7959     3.1446
 30  -106.3345     0.4957   -31.3535     2.8012   -74.9781     3.0598
 31  -106.4293     0.5156   -31.0473     2.7777   -75.3792     3.0662
 32  -106.4424     0.4999   -30.7940     2.7368   -75.6456     3.0163
 33  -106.5367     0.5199   -30.7489     2.6541   -75.7850     2.9367
 34  -106.5712     0.5090   -30.6228     2.5872   -75.9455     2.8671
 35  -106.6157     0.5022   -30.5816     2.5135   -76.0312     2.7892
 36  -106.6741     0.5019   -30.3299     2.4940   -76.3414     2.7807
 37  -106.7197     0.4966   -30.2145     2.4366   -76.5023     2.7236
 38  -106.7631     0.4911   -30.2043     2.3717   -76.5560     2.6531
 39  -106.7876     0.4808   -30.1377     2.3140   -76.6471     2.5906
 40  -106.7648     0.4709   -29.9767     2.2782   -76.7853     2.5401
 41  -106.7393     0.4620   -29.7861     2.2544   -76.9504     2.4993
 42  -106.6872     0.4628   -29.6328     2.2213   -77.0516     2.4474
 43  -106.6654     0.4540   -29.7096     2.1745   -76.9530     2.3980
 44  -106.6411     0.4462   -29.7850     2.1298   -76.8534     2.3513
 45  -106.6475     0.4364   -29.6036     2.1133   -77.0411     2.3289
 46  -106.6658     0.4283   -29.5139     2.0747   -77.1491     2.2879
 47  -106.6408     0.4221   -29.5140     2.0300   -77.1240     2.2393
 48  -106.6584     0.4147   -29.3865     2.0036   -77.2691     2.2113
 49  -106.6223     0.4125   -29.3004     1.9698   -77.3191     2.1680
 50  -106.6566     0.4100   -29.0511     1.9934   -77.6028     2.1986
 
 Mesh error is    0.090 kcal/mol
