 ERmod 0.3.8, Copyright (C) 2000-2019 Nobuyuki Matubayasi
                            2010-2019 Shun Sakuraba
 ERmod comes with ABSOLUTELY NO WARRANTY.
 This is free software, and you can redistribute it
 and/or modify it under certain conditions.
 See LICENSE file for details.
 
  Number of the   1-th solvent  =          378
  Number of the   2-th solvent  =        10000
 
  Be sure that the solvent distribution is homogeneous (radial distribution function is essentially unity) when the solvent molecule is separated beyond distance of   10.0 Angstrom in any direction from any atom within the solute molecule
 
  LJ long-range correction    =        -1.1319     -7.1533
 
  Self-energy of the solute   =        -0.0136  kcal/mol
 
 
 cumulative average & 95% error for solvation energy
              total             1st component         2nd component
  1  -473.5255              -91.4270             -382.0849
  2  -472.1302     2.7906   -81.8834    19.0872  -390.2332    16.2966
  3  -471.3701     2.2152   -74.3228    18.7107  -397.0337    16.5382
  4  -470.3877     2.5127   -75.7360    13.5290  -394.6381    12.6377
  5  -470.7811     2.0993   -73.9486    11.0725  -396.8188    10.7167
  6  -471.4175     2.1350   -73.6464     9.0608  -397.7575     8.9493
  7  -471.4297     1.8046   -72.6228     7.9267  -398.7932     7.8421
  8  -471.6402     1.6186   -71.3576     7.3163  -400.2691     7.4051
  9  -471.9774     1.5787   -70.3712     6.7472  -401.5926     7.0468
 10  -472.0735     1.4251   -70.8057     6.0971  -401.2542     6.3391
 11  -472.1755     1.3051   -69.9674     5.7643  -402.1945     6.0345
 12  -472.3327     1.2321   -68.1394     6.4074  -404.1796     6.7903
 13  -472.2791     1.1385   -66.6118     6.6387  -405.6536     6.9069
 14  -472.2257     1.0594   -65.6450     6.4433  -406.5671     6.6504
 15  -472.1503     0.9977   -64.3757     6.5134  -407.7610     6.6357
 16  -472.1082     0.9371   -63.8803     6.1728  -408.2143     6.2730
 17  -472.1566     0.8855   -62.4988     6.4230  -409.6442     6.5497
 18  -472.2728     0.8666   -61.3093     6.5062  -410.9499     6.7046
 19  -472.1455     0.8583   -61.2275     6.1564  -410.9045     6.3426
 20  -471.8468     1.0100   -61.7977     5.9508  -410.0355     6.2631
 21  -471.6694     1.0241   -62.3653     5.7731  -409.2904     6.1409
 22  -471.4501     1.0704   -63.0683     5.6811  -408.3683     6.1387
 23  -471.3622     1.0378   -63.8246     5.6353  -407.5239     6.1040
 24  -471.3041     1.0004   -64.7149     5.6816  -406.5756     6.1442
 25  -471.2204     0.9740   -65.1413     5.5159  -406.0654     5.9810
 26  -471.1932     0.9374   -66.1116     5.6436  -405.0680     6.0827
 27  -471.1353     0.9094   -67.3498     5.9686  -403.7718     6.4015
 28  -471.1029     0.8787   -68.7857     6.4286  -402.3036     6.8319
 29  -471.0134     0.8666   -69.4708     6.3525  -401.5289     6.7717
 30  -471.0372     0.8386   -69.8632     6.1871  -401.1604     6.5835
 31  -471.1123     0.8249   -69.3323     6.0776  -401.7664     6.4819
 32  -471.1527     0.8027   -68.3008     6.2358  -402.8383     6.6321
 33  -471.1423     0.7783   -68.3784     6.0459  -402.7503     6.4304
 34  -471.2059     0.7657   -68.4800     5.8689  -402.7122     6.2389
 35  -471.3052     0.7696   -67.9277     5.8048  -403.3638     6.1966
 36  -471.3691     0.7587   -67.7486     5.6526  -403.6069     6.0416
 37  -471.4369     0.7503   -67.6344     5.5024  -403.7889     5.8873
 38  -471.4605     0.7318   -67.0881     5.4660  -404.3587     5.8425
 39  -471.5190     0.7223   -66.6046     5.4111  -404.9008     5.7931
 40  -471.5418     0.7055   -66.1439     5.3540  -405.3842     5.7286
 41  -471.5811     0.6926   -66.3163     5.2331  -405.2512     5.5935
 42  -471.6930     0.7120   -66.2933     5.1072  -405.3861     5.4653
 43  -471.7389     0.7012   -65.7306     5.1124  -405.9946     5.4737
 44  -471.7678     0.6876   -65.1837     5.1132  -406.5705     5.4705
 45  -471.7559     0.6725   -65.0460     5.0059  -406.6962     5.3535
 46  -471.7295     0.6599   -65.2354     4.9105  -406.4805     5.2536
 47  -471.7997     0.6608   -65.4166     4.8185  -406.3694     5.1454
 48  -471.7562     0.6527   -65.4737     4.7184  -406.2688     5.0410
 49  -471.7379     0.6403   -64.9379     4.7438  -406.7864     5.0444
 50  -471.7597     0.6288   -64.8811     4.6493  -406.8649     4.9450
 
 
 group  inft  solvation free energy     error          difference
  total solvation free energy
   1      0        -98.26244           0.40107           0.06049
   1     60        -99.16550           0.39971          -0.84258
   1     80       -102.80495           0.39595          -4.48202
   1    100       -111.77130           0.39817         -13.44837
   2      0        -98.25381           0.42000           0.06912
   3      0        -98.32293           0.40396           0.00000
   4      0        -98.18748           0.43865           0.13545
   5      0        -98.32186           0.42647           0.00107
   5     60        -99.45866           0.42416          -1.13573
   5     80       -103.72955           0.41592          -5.40662
   5    100       -111.88234           0.42274         -13.55941
 
  contribution from  1-th solvent component
   1      0        -22.88725           1.79346           0.01353
   1     60        -22.92092           1.79353          -0.02014
   1     80        -23.06959           1.79373          -0.16880
   1    100        -23.49779           1.79365          -0.59700
   2      0        -22.89583           1.78888           0.00495
   3      0        -22.90078           1.78685          -0.00000
   4      0        -22.88529           1.78274           0.01549
   5      0        -22.89884           1.78318           0.00194
   5     60        -22.94140           1.78328          -0.04061
   5     80        -23.12133           1.78363          -0.22054
   5    100        -23.51603           1.78340          -0.61525
 
  contribution from  2-th solvent component
   1      0        -75.36155           2.05293           0.04696
   1     60        -76.23095           2.05110          -0.82244
   1     80        -79.72173           2.04660          -4.31322
   1    100        -88.25988           2.04578         -12.85137
   2      0        -75.34434           2.06400           0.06417
   3      0        -75.40851           2.04835           0.00000
   4      0        -75.28855           2.07228           0.11996
   5      0        -75.40939           2.06232          -0.00087
   5     60        -76.50363           2.05959          -1.09512
   5     80        -80.59459           2.05126          -5.18608
   5    100        -88.35267           2.05465         -12.94416
 
 
 group  inft   Estimated free energy: total (kcal/mol)
   1      0     -98.3576     -97.6637     -96.8087     -95.6032     -98.5725
                -99.8242     -98.0074     -98.8179     -99.5774     -99.0647
                -99.5332     -99.3106     -98.8801     -98.9059     -97.9893
                -98.8702     -98.9657     -99.9906     -97.7086     -94.7539
                -96.1882     -95.8301     -96.5674     -96.7103     -96.1823
                -96.8173     -96.0654     -96.5895     -95.7156     -97.4906
                -99.5595     -99.6145     -97.8636     -99.1188     -99.7698
                -99.1363     -99.4676     -99.1418     -99.5229     -98.9138
                -98.9383    -100.5308     -99.7151     -99.3402     -98.7358
                -97.7056    -100.0215     -96.8796     -98.6354     -99.1489
   1     60     -99.2704     -98.5778     -97.7100     -96.5164     -99.4802
               -100.7311     -98.9109     -99.7165    -100.4806     -99.9725
               -100.4316    -100.2087     -99.7783     -99.8024     -98.8883
                -99.7677     -99.8623    -100.8844     -98.6070     -95.6584
                -97.0942     -96.7391     -97.4787     -97.6215     -97.0913
                -97.7255     -96.9879     -97.5050     -96.6326     -98.3990
               -100.4565    -100.5043     -98.7697    -100.0234    -100.6721
               -100.0391    -100.3697    -100.0367    -100.4202     -99.8076
                -99.8419    -101.4299    -100.6052    -100.2325     -99.6363
                -98.6119    -100.9240     -97.7853     -99.5288    -100.0501
   1     80    -102.9199    -102.2330    -101.3502    -100.1781    -103.1256
               -104.3792    -102.5536    -103.3385    -104.1267    -103.6198
               -104.0650    -103.8413    -103.4074    -103.4194    -102.5164
               -103.3895    -103.4911    -104.5041    -102.2406     -99.3299
               -100.7690    -100.3709    -101.1461    -101.2828    -100.7515
               -101.3832    -100.6502    -101.2046    -100.2965    -102.0531
               -104.0796    -104.1074    -102.4081    -103.6634    -104.3079
               -103.6791    -104.0090    -103.6521    -104.0507    -103.4200
               -103.4781    -105.0564    -104.2136    -103.8448    -103.2580
               -102.2605    -104.5622    -101.4258    -103.1478    -103.6858
   1    100    -111.9096    -111.2031    -110.2642    -109.1452    -112.1270
               -113.3916    -111.5273    -112.3110    -113.1099    -112.6196
               -113.0536    -112.8313    -112.3781    -112.3553    -111.4881
               -112.3388    -112.4559    -113.4676    -111.1968    -108.2519
               -109.7331    -109.3163    -110.1019    -110.2303    -109.7313
               -110.3332    -109.6107    -110.2058    -109.2443    -111.0030
               -113.0341    -113.0431    -111.3999    -112.6433    -113.2921
               -112.6647    -112.9939    -112.6231    -113.0319    -112.3558
               -112.4695    -114.0309    -113.1556    -112.7956    -112.2139
               -111.2160    -113.5150    -110.3688    -112.1082    -112.6736
   2      0     -98.3203     -97.5799     -96.7019     -95.5859     -98.5633
                -99.8291     -98.1037     -98.8917     -99.5873     -99.0670
                -99.5600     -99.3339     -98.8875     -98.9351     -98.0100
                -98.9259     -98.9852    -100.0302     -97.7476     -94.5481
                -96.0212     -95.8408     -96.3882     -96.5829     -96.0599
                -96.5441     -96.1059     -96.4141     -95.5089     -97.4218
                -99.5970     -99.6439     -97.8913     -99.1640     -99.8743
                -99.1567     -99.5098     -99.2357     -99.5828     -98.9746
                -98.9510    -100.5957     -99.7617     -99.3975     -98.8351
                -97.7433    -100.0652     -96.7693     -98.6766     -99.1835
   3      0     -98.3697     -97.6983     -96.8579     -95.7147     -98.5898
                -99.8288     -98.1643     -98.8846     -99.6224     -99.0977
                -99.5756     -99.4030     -98.9219     -98.9463     -98.0534
                -98.9635     -99.0181    -100.0499     -97.8404     -94.7079
                -96.2421     -95.8502     -96.6106     -96.6835     -96.2905
                -96.7537     -96.2089     -96.5962     -95.7389     -97.5952
                -99.6297     -99.6680     -98.0109     -99.1928     -99.8719
                -99.1581     -99.5363     -99.2417     -99.6255     -98.9931
                -98.9910    -100.6203     -99.7564     -99.4446     -98.8452
                -97.7877    -100.1266     -96.9261     -98.6539     -99.1885
   4      0     -98.1742     -97.4925     -96.4872     -95.4759     -98.5083
                -99.8487     -98.0639     -98.9388     -99.5376     -99.0822
                -99.5465     -99.3258     -98.8513     -98.9808     -98.0150
                -98.9149     -98.9414    -100.0371     -97.6832     -94.2175
                -95.8561     -95.7135     -96.2187     -96.3591     -95.9470
                -96.3772     -96.0510     -96.1176     -95.3315     -97.3463
                -99.5228     -99.6079     -97.8856     -99.1840     -99.8961
                -99.1171     -99.4647     -99.2476     -99.5845     -99.0075
                -98.9705    -100.5530     -99.6972     -99.4214     -98.7800
                -97.5915     -99.9660     -96.6348     -98.6315     -99.1694
   5      0     -98.3393     -97.6712     -96.6617     -95.6485     -98.5987
                -99.9149     -98.1914     -98.9826     -99.6686     -99.1399
                -99.6884     -99.4192     -98.9566     -99.0529     -98.1407
                -98.9868     -99.0496    -100.1111     -97.8672     -94.5413
                -96.0214     -95.8302     -96.4425     -96.4823     -96.1340
                -96.5886     -96.1663     -96.4197     -95.5905     -97.5067
                -99.6682     -99.7177     -98.0514     -99.2633     -99.9908
                -99.2404     -99.5610     -99.3012     -99.6885     -99.0715
                -99.0981    -100.6681     -99.8414     -99.5139     -98.8358
                -97.8132    -100.1496     -96.8356     -98.7130     -99.2573
   5     60     -99.4906     -98.8210     -97.7987     -96.8037     -99.7374
               -101.0536     -99.3279    -100.1127    -100.8049    -100.2797
               -100.8205    -100.5479    -100.0852    -100.1782     -99.2713
               -100.1165    -100.1758    -101.2351     -98.9993     -95.6858
                -97.1690     -96.9741     -97.5958     -97.6340     -97.2827
                -97.7336     -97.3235     -97.5821     -96.7423     -98.6537
               -100.7956    -100.8363     -99.1898    -100.4011    -101.1244
               -100.3755    -100.6938    -100.4271    -100.8172    -100.1958
               -100.2330    -101.7985    -100.9618    -100.6362     -99.9642
                -98.9587    -101.2822     -97.9788     -99.8355    -100.3909
   5     80    -103.7807    -103.1156    -102.0833    -101.0988    -104.0069
               -105.3234    -103.5902    -104.3600    -105.0717    -104.5451
               -105.0715    -104.7990    -104.3296    -104.4125    -103.5218
               -104.3565    -104.4209    -105.4705    -103.2672    -100.0245
               -101.5038    -101.2536    -101.9312    -101.9668    -101.6107
               -102.0543    -101.6351    -101.9529    -101.0710    -102.9458
               -105.0333    -105.0549    -103.4501    -104.6597    -105.3826
               -104.6361    -104.9501    -104.6660    -105.0681    -104.4266
               -104.4906    -106.0459    -105.1858    -104.8656    -104.2120
               -103.2409    -105.5512    -102.2675    -104.0682    -104.6472
   5    100    -111.9354    -111.2730    -110.1600    -109.2673    -112.1912
               -113.5265    -111.7670    -112.5303    -113.2535    -112.7344
               -113.2527    -112.9807    -112.5023    -112.5520    -111.6934
               -112.5129    -112.5904    -113.6342    -111.4098    -108.0918
               -109.6119    -109.3666    -110.0547    -110.0578    -109.7204
               -110.1491    -109.7824    -110.0949    -109.1762    -111.0650
               -113.1902    -113.1991    -111.6325    -112.8325    -113.5696
               -112.8159    -113.1290    -112.8390    -113.2533    -112.5690
               -112.6727    -114.2214    -113.3330    -113.0202    -112.3666
               -111.3886    -113.7005    -110.3816    -112.2335    -112.8310
 
 group  inft   Estimated free energy: 1-th solvent contribution (kcal/mol)
   1      0     -33.6832     -25.3446     -19.6277     -28.1590     -23.9602
                -26.1017     -23.8460     -22.6139     -22.2362     -26.9622
                -22.0582     -16.5264     -16.4502     -18.1181     -15.7504
                -19.9499     -13.2972     -13.5585     -20.7644     -24.7458
                -25.5665     -27.6447     -28.6555     -30.2505     -26.4946
                -32.5798     -36.1422     -39.3023     -31.6886     -29.1406
                -18.6672     -11.5997     -25.7272     -26.0258     -16.4998
                -21.7628     -22.7826     -16.0410     -16.5762     -16.3175
                -26.5542     -23.8185     -14.0495     -13.8828     -20.8409
                -26.2296     -26.9402     -23.8253     -12.8901     -22.1128
   1     60     -33.7174     -25.3785     -19.6615     -28.1921     -23.9941
                -26.1364     -23.8799     -22.6480     -22.2703     -26.9957
                -22.0920     -16.5596     -16.4840     -18.1519     -15.7838
                -19.9835     -13.3306     -13.5917     -20.7978     -24.7787
                -25.5997     -27.6788     -28.6893     -30.2848     -26.5275
                -32.6134     -36.1761     -39.3367     -31.7229     -29.1746
                -18.7010     -11.6332     -25.7610     -26.0596     -16.5333
                -21.7966     -22.8157     -16.0736     -16.6092     -16.3507
                -26.5883     -23.8521     -14.0832     -13.9160     -20.8749
                -26.2637     -26.9743     -23.8590     -12.9232     -22.1466
   1     80     -33.8674     -25.5277     -19.8111     -28.3380     -24.1430
                -26.2889     -24.0292     -22.7983     -22.4208     -27.1436
                -22.2409     -16.7070     -16.6330     -18.3008     -15.9317
                -20.1317     -13.4785     -13.7392     -20.9454     -24.9249
                -25.7469     -27.8279     -28.8387     -30.4362     -26.6730
                -32.7622     -36.3244     -39.4883     -31.8733     -29.3250
                -18.8503     -11.7816     -25.9095     -26.2083     -16.6815
                -21.9462     -22.9621     -16.2182     -16.7555     -16.4981
                -26.7388     -24.0004     -14.2325     -14.0629     -21.0245
                -26.4143     -27.1247     -24.0078     -13.0696     -22.2958
   1    100     -34.2956     -25.9553     -20.2348     -28.7592     -24.5730
                -26.7241     -24.4577     -23.2309     -22.8524     -27.5714
                -22.6708     -17.1357     -17.0631     -18.7299     -16.3609
                -20.5584     -13.9078     -14.1674     -21.3732     -25.3435
                -26.1694     -28.2546     -29.2672     -30.8670     -27.0956
                -33.1885     -36.7497     -39.9191     -32.3005     -29.7520
                -19.2810     -12.2101     -26.3376     -26.6364     -17.1098
                -22.3773     -23.3884     -16.6416     -17.1823     -16.9256
                -27.1718     -24.4314     -14.6629     -14.4910     -21.4565
                -26.8433     -27.5538     -24.4354     -13.4980     -22.7265
   2      0     -33.7004     -25.3312     -19.6195     -28.1694     -23.9791
                -26.1113     -23.8840     -22.6417     -22.2568     -26.9920
                -22.0797     -16.5499     -16.4540     -18.1189     -15.7891
                -19.9672     -13.3144     -13.5890     -20.7673     -24.7050
                -25.5391     -27.6365     -28.6210     -30.2076     -26.4733
                -32.5298     -36.1484     -39.2389     -31.6347     -29.1388
                -18.6937     -11.6168     -25.7426     -26.0490     -16.5477
                -21.7968     -22.8063     -16.0721     -16.6102     -16.3602
                -26.5572     -23.8415     -14.0655     -13.9116     -20.8658
                -26.2411     -26.9418     -23.8333     -12.9045     -22.1458
   3      0     -33.6801     -25.3404     -19.6056     -28.1907     -23.9988
                -26.1211     -23.8995     -22.6585     -22.2775     -27.0098
                -22.0872     -16.5751     -16.4799     -18.1242     -15.7973
                -19.9921     -13.3296     -13.5878     -20.7645     -24.6657
                -25.5094     -27.6325     -28.6005     -30.1784     -26.4731
                -32.5129     -36.1602     -39.2192     -31.6149     -29.1412
                -18.6917     -11.6263     -25.7812     -26.0570     -16.5501
                -21.7955     -22.8079     -16.0998     -16.6283     -16.3690
                -26.5751     -23.8748     -14.0847     -13.9360     -20.8851
                -26.2259     -26.9489     -23.8177     -12.9051     -22.1516
   4      0     -33.6725     -25.3178     -19.5703     -28.1590     -23.9818
                -26.1250     -23.9057     -22.6435     -22.2707     -27.0106
                -22.0865     -16.5823     -16.4615     -18.1391     -15.7882
                -19.9771     -13.3252     -13.6045     -20.7517     -24.5898
                -25.4700     -27.5932     -28.5566     -30.1085     -26.4343
                -32.4388     -36.1390     -39.1454     -31.5570     -29.1126
                -18.7090     -11.6109     -25.7651     -26.0750     -16.5672
                -21.8037     -22.8132     -16.0947     -16.6177     -16.3793
                -26.5689     -23.8493     -14.0779     -13.9366     -20.8645
                -26.2102     -26.9267     -23.7999     -12.9115     -22.1652
   5      0     -33.6753     -25.3525     -19.5894     -28.2040     -24.0107
                -26.1255     -23.9068     -22.6458     -22.2822     -27.0211
                -22.1066     -16.5943     -16.4908     -18.1369     -15.8081
                -19.9938     -13.3514     -13.5981     -20.7579     -24.6195
                -25.4830     -27.6054     -28.5735     -30.1256     -26.4283
                -32.4738     -36.1513     -39.1667     -31.5810     -29.1093
                -18.7089     -11.6198     -25.7843     -26.0808     -16.5603
                -21.8152     -22.8280     -16.1073     -16.6472     -16.3938
                -26.5915     -23.8668     -14.0828     -13.9459     -20.8703
                -26.2239     -26.9363     -23.7884     -12.9359     -22.1860
   5     60     -33.7187     -25.3955     -19.6323     -28.2464     -24.0534
                -26.1692     -23.9496     -22.6889     -22.3253     -27.0634
                -22.1492     -16.6363     -16.5334     -18.1794     -15.8503
                -20.0361     -13.3934     -13.6402     -20.7998     -24.6612
                -25.5249     -27.6484     -28.6166     -30.1692     -26.4701
                -32.5163     -36.1942     -39.2102     -31.6244     -29.1525
                -18.7516     -11.6621     -25.8269     -26.1234     -16.6026
                -21.8579     -22.8696     -16.1486     -16.6888     -16.4358
                -26.6345     -23.9091     -14.1253     -13.9878     -20.9131
                -26.2672     -26.9792     -23.8313     -12.9775     -22.2287
   5     80     -33.9007     -25.5765     -19.8134     -28.4241     -24.2333
                -26.3529     -24.1300     -22.8705     -22.5070     -27.2421
                -22.3290     -16.8143     -16.7135     -18.3588     -16.0290
                -20.2146     -13.5720     -13.8188     -20.9779     -24.8400
                -25.7038     -27.8293     -28.7992     -30.3538     -26.6479
                -32.6972     -36.3744     -39.3946     -31.8082     -29.3344
                -18.9318     -11.8412     -26.0061     -26.3029     -16.7816
                -22.0383     -23.0462     -16.3239     -16.8658     -16.6139
                -26.8159     -24.0884     -14.3053     -14.1656     -21.0939
                -26.4493     -27.1605     -24.0121     -13.1542     -22.4086
   5    100     -34.2957     -25.9705     -20.2033     -28.8149     -24.6299
                -26.7542     -24.5268     -23.2697     -22.9053     -27.6365
                -22.7252     -17.2099     -17.1107     -18.7534     -16.4249
                -20.6082     -13.9687     -14.2149     -21.3703     -25.2246
                -26.0912     -28.2226     -29.1939     -30.7484     -27.0364
                -33.0874     -36.7664     -39.7892     -32.2013     -29.7277
                -19.3292     -12.2367     -26.4007     -26.6982     -17.1771
                -22.4355     -23.4388     -16.7158     -17.2607     -17.0088
                -27.2143     -24.4864     -14.7021     -14.5617     -21.4925
                -26.8448     -27.5552     -24.4054     -13.5495     -22.8059
 
 group  inft   Estimated free energy: 2-th solvent contribution (kcal/mol)
   1      0     -64.6608     -72.3055     -77.1674     -67.4306     -74.5986
                -73.7089     -74.1478     -76.1904     -77.3275     -72.0889
                -77.4614     -82.7706     -82.4162     -80.7741     -82.2253
                -78.9067     -85.6548     -86.4185     -76.9306     -69.9944
                -70.6080     -68.1717     -67.8984     -66.4462     -69.6741
                -64.2239     -59.9095     -57.2735     -64.0134     -68.3364
                -80.8787     -88.0012     -72.1227     -73.0794     -83.2564
                -77.3599     -76.6713     -83.0871     -82.9331     -82.5827
                -72.3705     -76.6986     -85.6520     -85.4438     -77.8813
                -71.4624     -73.0677     -73.0407     -85.7317     -77.0225
   1     60     -65.5394     -73.1857     -78.0348     -68.3106     -75.4725
                -74.5811     -75.0174     -77.0549     -78.1966     -72.9632
                -78.3260     -83.6354     -83.2807     -81.6368     -83.0908
                -79.7706     -86.5181     -87.2790     -77.7956     -70.8661
                -71.4809     -69.0468     -68.7758     -67.3230     -70.5502
                -65.0984     -60.7981     -58.1548     -64.8961     -69.2108
                -81.7419     -88.8574     -72.9951     -73.9502     -84.1251
                -78.2289     -77.5404     -83.9495     -83.7974     -83.4432
                -73.2399     -77.5641     -86.5083     -86.3029     -78.7478
                -72.3345     -73.9361     -73.9127     -86.5920     -77.8899
   1     80     -69.0389     -76.6917     -81.5255     -71.8265     -78.9689
                -78.0767     -78.5108     -80.5265     -81.6923     -76.4626
                -81.8105     -87.1207     -86.7607     -85.1050     -86.5710
                -83.2441     -89.9990     -90.7512     -81.2816     -74.3914
                -75.0085     -72.5294     -72.2938     -70.8330     -74.0649
                -68.6074     -64.3122     -61.7027     -68.4095     -72.7145
                -85.2157     -92.3122     -76.4850     -77.4415     -87.6127
                -81.7192     -81.0333     -87.4203     -87.2816     -86.9083
                -76.7257     -81.0423     -89.9674     -89.7682     -82.2198
                -75.8326     -77.4238     -77.4044     -90.0646     -81.3764
   1    100     -77.6004     -85.2341     -90.0158     -80.3724     -87.5405
                -86.6539     -87.0560     -89.0665     -90.2438     -85.0346
                -90.3692     -95.6820     -95.3014     -93.6117     -95.1136
                -91.7667     -98.5345     -99.2866     -89.8100     -82.8948
                -83.5501     -81.0481     -80.8211     -79.3497     -82.6221
                -77.1311     -72.8473     -70.2731     -76.9302     -81.2374
                -93.7394    -100.8193     -85.0487     -85.9932     -96.1687
                -90.2738     -89.5919     -95.9679     -95.8360     -95.4166
                -85.2841     -89.5859     -98.4790     -98.2910     -90.7437
                -84.3591     -85.9475     -85.9197     -98.5966     -89.9334
   2      0     -64.6063     -72.2351     -77.0687     -67.4029     -74.5705
                -73.7041     -74.2061     -76.2364     -77.3168     -72.0614
                -77.4666     -82.7704     -82.4199     -80.8026     -82.2072
                -78.9450     -85.6572     -86.4276     -76.9667     -69.8295
                -70.4685     -68.1907     -67.7536     -66.3617     -69.5730
                -64.0007     -59.9439     -57.1616     -63.8605     -68.2693
                -80.8897     -88.0134     -72.1350     -73.1013     -83.3130
                -77.3462     -76.6898     -83.1500     -82.9589     -82.6007
                -72.3802     -76.7406     -85.6825     -85.4723     -77.9556
                -71.4885     -73.1099     -72.9223     -85.7585     -77.0241
   3      0     -64.6760     -72.3442     -77.2386     -67.5103     -74.5774
                -73.6940     -74.2511     -76.2125     -77.3312     -72.0743
                -77.4748     -82.8143     -82.4284     -80.8085     -82.2425
                -78.9577     -85.6749     -86.4485     -77.0623     -70.0285
                -70.7191     -68.2041     -67.9965     -66.4915     -69.8038
                -64.2272     -60.0350     -57.3634     -64.1103     -68.4403
                -80.9244     -88.0281     -72.2161     -73.1222     -83.3082
                -77.3490     -76.7148     -83.1284     -82.9836     -82.6105
                -72.4023     -76.7319     -85.6581     -85.4950     -77.9465
                -71.5482     -73.1641     -73.0948     -85.7351     -77.0233
   4      0     -64.4881     -72.1611     -76.9033     -67.3033     -74.5129
                -73.7100     -74.1445     -76.2817     -77.2533     -72.0580
                -77.4464     -82.7299     -82.3762     -80.8281     -82.2131
                -78.9242     -85.6026     -86.4190     -76.9179     -69.6142
                -70.3724     -68.1066     -67.6485     -66.2369     -69.4990
                -63.9247     -59.8984     -56.9585     -63.7609     -68.2200
                -80.8002     -87.9834     -72.1069     -73.0954     -83.3152
                -77.2997     -76.6379     -83.1393     -82.9532     -82.6146
                -72.3879     -76.6901     -85.6056     -85.4712     -77.9019
                -71.3677     -73.0257     -72.8213     -85.7064     -76.9905
   5      0     -64.6503     -72.3051     -77.0586     -67.4308     -74.5743
                -73.7758     -74.2709     -76.3232     -77.3728     -72.1052
                -77.5682     -82.8112     -82.4522     -80.9023     -82.3189
                -78.9794     -85.6846     -86.4994     -77.0957     -69.9082
                -70.5248     -68.2112     -67.8554     -66.3430     -69.6920
                -64.1012     -60.0014     -57.2393     -63.9959     -68.3838
                -80.9457     -88.0843     -72.2534     -73.1689     -83.4168
                -77.4115     -76.7194     -83.1802     -83.0277     -82.6641
                -72.4929     -76.7877     -85.7450     -85.5543     -77.9519
                -71.5757     -73.1997     -73.0336     -85.7635     -77.0577
   5     60     -65.7582     -73.4119     -78.1528     -68.5436     -75.6704
                -74.8708     -75.3646     -77.4102     -78.4660     -73.2027
                -78.6577     -83.8981     -83.5381     -81.9852     -83.4073
                -80.0668     -86.7687     -87.5812     -78.1859     -71.0109
                -71.6305     -69.3121     -68.9656     -67.4512     -70.7990
                -65.2036     -61.1157     -58.3583     -65.1042     -69.4875
                -82.0304     -89.1606     -73.3493     -74.2641     -84.5082
                -78.5039     -77.8106     -84.2649     -84.1147     -83.7464
                -73.5848     -77.8757     -86.8229     -86.6347     -79.0374
                -72.6778     -74.2894     -74.1339     -86.8444     -78.1486
   5     80     -69.8664     -77.5255     -82.2562     -72.6611     -79.7600
                -78.9569     -79.4465     -81.4759     -82.5510     -77.2894
                -82.7289     -87.9711     -87.6024     -86.0401     -87.4791
                -84.1283     -90.8353     -91.6381     -82.2757     -75.1708
                -75.7864     -73.4106     -73.1184     -71.5994     -74.9492
                -69.3435     -65.2470     -62.5447     -69.2492     -73.5978
                -86.0879     -93.2001     -77.4303     -78.3432     -88.5874
                -82.5842     -81.8903     -88.3285     -88.1887     -87.7991
                -77.6610     -81.9439     -90.8668     -90.6864     -83.1044
                -76.7780     -78.3771     -78.2418     -90.9004     -82.2250
   5    100     -77.6261     -85.2889     -89.9430     -80.4388     -87.5477
                -86.7587     -87.2265     -89.2470     -90.3346     -85.0843
                -90.5139     -95.7572     -95.3780     -93.7850     -95.2548
                -91.8911     -98.6081     -99.4056     -90.0259     -82.8535
                -83.5071     -81.1304     -80.8471     -79.2957     -82.6704
                -77.0481     -73.0024     -70.2921     -76.9613     -81.3237
                -93.8474    -100.9487     -85.2181     -86.1207     -96.3788
                -90.3668     -89.6765     -96.1095     -95.9789     -95.5465
                -85.4448     -89.7213     -98.6172     -98.4448     -90.8605
                -84.5301     -86.1316     -85.9626     -98.6703     -90.0114
 
 
 cumulative average & 95% error for solvation free energy
              total             1st component         2nd component
  1   -98.3697              -33.6801              -64.6760
  2   -98.0340     0.6715   -29.5103     8.3397   -68.5101     7.6682
  3   -97.6420     0.8747   -26.2087     8.1722   -71.4196     7.3117
  4   -97.1601     1.1451   -26.7042     5.8630   -70.4423     5.5273
  5   -97.4461     1.0553   -26.1631     4.6686   -71.2693     4.5898
  6   -97.8432     1.1719   -26.1561     3.8119   -71.6734     3.8338
  7   -97.8891     0.9947   -25.8338     3.2855   -72.0417     3.3228
  8   -98.0135     0.8966   -25.4369     2.9540   -72.5630     3.0607
  9   -98.1923     0.8678   -25.0858     2.6981   -73.0928     2.8998
 10   -98.2828     0.7970   -25.2782     2.4438   -72.9910     2.6016
 11   -98.4003     0.7583   -24.9881     2.2853   -73.3986     2.4905
 12   -98.4839     0.7121   -24.2870     2.5136   -74.1832     2.7625
 13   -98.5176     0.6585   -23.6865     2.6056   -74.8175     2.8401
 14   -98.5482     0.6127   -23.2892     2.5398   -75.2454     2.7652
 15   -98.5152     0.5742   -22.7897     2.5668   -75.7119     2.7381
 16   -98.5432     0.5401   -22.6149     2.4263   -75.9147     2.5932
 17   -98.5712     0.5104   -22.0687     2.5274   -76.4889     2.6930
 18   -98.6533     0.5085   -21.5975     2.5624   -77.0422     2.7697
 19   -98.6105     0.4885   -21.5537     2.4254   -77.0432     2.6198
 20   -98.4154     0.6059   -21.7093     2.3219   -76.6925     2.5825
 21   -98.3119     0.6123   -21.8902     2.2380   -76.4080     2.5215
 22   -98.2000     0.6253   -22.1512     2.1968   -76.0351     2.5171
 23   -98.1309     0.6132   -22.4316     2.1727   -75.6856     2.5047
 24   -98.0706     0.5994   -22.7544     2.1781   -75.3025     2.5175
 25   -97.9994     0.5923   -22.9032     2.1102   -75.0826     2.4545
 26   -97.9515     0.5771   -23.2728     2.1580   -74.6651     2.5016
 27   -97.8869     0.5701   -23.7501     2.2855   -74.1232     2.6399
 28   -97.8408     0.5570   -24.3026     2.4640   -73.5247     2.8115
 29   -97.7684     0.5567   -24.5547     2.4304   -73.2000     2.7894
 30   -97.7626     0.5379   -24.7076     2.3678   -73.0414     2.7134
 31   -97.8228     0.5341   -24.5135     2.3228   -73.2957     2.6733
 32   -97.8805     0.5298   -24.1108     2.3889   -73.7560     2.7473
 33   -97.8844     0.5136   -24.1614     2.3176   -73.7094     2.6644
 34   -97.9229     0.5041   -24.2172     2.2512   -73.6921     2.5850
 35   -97.9786     0.5020   -23.9981     2.2294   -73.9669     2.5695
 36   -98.0114     0.4923   -23.9369     2.1700   -74.0608     2.5042
 37   -98.0526     0.4858   -23.9064     2.1114   -74.1325     2.4398
 38   -98.0839     0.4770   -23.7010     2.0958   -74.3693     2.4215
 39   -98.1234     0.4713   -23.5196     2.0733   -74.5901     2.3996
 40   -98.1451     0.4614   -23.3409     2.0522   -74.7907     2.3730
 41   -98.1658     0.4519   -23.4197     2.0077   -74.7324     2.3173
 42   -98.2242     0.4562   -23.4306     1.9595   -74.7800     2.2634
 43   -98.2599     0.4511   -23.2132     1.9621   -75.0330     2.2673
 44   -98.2868     0.4441   -23.0024     1.9628   -75.2708     2.2657
 45   -98.2992     0.4348   -22.9553     1.9210   -75.3302     2.2180
 46   -98.2881     0.4258   -23.0264     1.8842   -75.2480     2.1754
 47   -98.3272     0.4239   -23.1099     1.8512   -75.2037     2.1305
 48   -98.2980     0.4191   -23.1246     1.8125   -75.1597     2.0875
 49   -98.3053     0.4107   -22.9161     1.8234   -75.3756     2.0895
 50   -98.3229     0.4040   -22.9008     1.7868   -75.4085     2.0483
 
 Mesh error is    0.135 kcal/mol
