 ERmod 0.3.8, Copyright (C) 2000-2019 Nobuyuki Matubayasi
                            2010-2019 Shun Sakuraba
 ERmod comes with ABSOLUTELY NO WARRANTY.
 This is free software, and you can redistribute it
 and/or modify it under certain conditions.
 See LICENSE file for details.
 
  Number of the   1-th solvent  =        10000
 
  Be sure that the solvent distribution is homogeneous (radial distribution function is essentially unity) when the solvent molecule is separated beyond distance of   10.0 Angstrom in any direction from any atom within the solute molecule
 
  LJ long-range correction    =        -7.8240
 
  Self-energy of the solute   =        -0.0140  kcal/mol
 
 
 cumulative average & 95% error for solvation energy
  1  -467.0249
  2  -467.1466     0.2434
  3  -466.9220     0.4706
  4  -466.8860     0.3405
  5  -466.5240     0.7706
  6  -466.4949     0.6319
  7  -466.5636     0.5514
  8  -466.4725     0.5111
  9  -466.5318     0.4661
 10  -466.5269     0.4170
 11  -466.5364     0.3777
 12  -466.5379     0.3448
 13  -466.5342     0.3172
 14  -466.5212     0.2949
 15  -466.5062     0.2761
 16  -466.4989     0.2587
 17  -466.4255     0.2840
 18  -466.4857     0.2936
 19  -466.5367     0.2958
 20  -466.4288     0.3539
 21  -466.4539     0.3404
 22  -466.4255     0.3294
 23  -466.3695     0.3341
 24  -466.4285     0.3410
 25  -466.3998     0.3321
 26  -466.4041     0.3192
 27  -466.4122     0.3075
 28  -466.4193     0.2967
 29  -466.4240     0.2864
 30  -466.4361     0.2778
 31  -466.4581     0.2722
 32  -466.4381     0.2666
 33  -466.4851     0.2749
 34  -466.4639     0.2701
 35  -466.4658     0.2622
 36  -466.4943     0.2612
 37  -466.5186     0.2586
 38  -466.5222     0.2518
 39  -466.5085     0.2468
 40  -466.4965     0.2417
 41  -466.4797     0.2382
 42  -466.5148     0.2428
 43  -466.5142     0.2371
 44  -466.5206     0.2320
 45  -466.5372     0.2292
 46  -466.5360     0.2242
 47  -466.5287     0.2199
 48  -466.5474     0.2185
 49  -466.5508     0.2141
 50  -466.5731     0.2144
 
 
 group  inft  solvation free energy     error          difference
   1      0        -88.90821           0.11578           0.02618
   1     60        -89.03793           0.11577          -0.10355
   1     80        -90.58512           0.11581          -1.65074
   1    100        -97.47364           0.11635          -8.53925
   2      0        -88.92277           0.11644           0.01161
   3      0        -88.93438           0.11695           0.00000
   4      0        -88.88229           0.11801           0.05209
   5      0        -88.96104           0.11757          -0.02665
   5     60        -89.14236           0.11755          -0.20798
   5     80        -91.15977           0.11761          -2.22538
   5    100        -97.55088           0.11825          -8.61650
 
 
 group  inft   Estimated free energy (kcal/mol)
   1      0     -89.3352     -89.1481     -88.8010     -89.1437     -88.0288
                -88.6828     -89.1008     -88.5995     -88.9254     -88.8060
                -88.8823     -88.7460     -89.1725     -88.8161     -88.8323
                -88.7257     -88.2250     -89.4105     -89.1406     -87.7426
                -89.1090     -88.6983     -88.0061     -89.6386     -88.8259
                -88.7943     -88.8853     -89.1816     -88.9658     -88.8397
                -89.0619     -88.5351     -89.5610     -88.3921     -88.8979
                -89.3792     -89.3862     -88.6734     -88.4940     -88.7680
                -88.5146     -89.5993     -89.0266     -89.1425     -89.2699
                -88.9059     -88.8478     -89.3531     -88.7633     -89.6289
   1     60     -89.4642     -89.2780     -88.9308     -89.2740     -88.1587
                -88.8128     -89.2301     -88.7291     -89.0554     -88.9364
                -89.0124     -88.8761     -89.3016     -88.9457     -88.9622
                -88.8549     -88.3547     -89.5402     -89.2704     -87.8720
                -89.2384     -88.8278     -88.1360     -89.7679     -88.9556
                -88.9243     -89.0154     -89.3107     -89.0955     -88.9697
                -89.1918     -88.6648     -89.6905     -88.5218     -89.0274
                -89.5089     -89.5161     -88.8031     -88.6241     -88.8982
                -88.6442     -89.7288     -89.1563     -89.2718     -89.4000
                -89.0356     -88.9775     -89.4831     -88.8932     -89.7585
   1     80     -91.0106     -90.8244     -90.4777     -90.8246     -89.7083
                -90.3620     -90.7754     -90.2768     -90.6044     -90.4868
                -90.5652     -90.4256     -90.8430     -90.4932     -90.5098
                -90.4016     -89.8990     -91.0885     -90.8149     -89.4146
                -90.7857     -90.3742     -89.6802     -91.3165     -90.5041
                -90.4731     -90.5597     -90.8551     -90.6427     -90.5239
                -90.7396     -90.2096     -91.2381     -90.0683     -90.5762
                -91.0575     -91.0615     -90.3500     -90.1742     -90.4467
                -90.1901     -91.2763     -90.7031     -90.8166     -90.9447
                -90.5810     -90.5222     -91.0332     -90.4425     -91.3030
   1    100     -97.8914     -97.7067     -97.3677     -97.7218     -96.5958
                -97.2568     -97.6620     -97.1667     -97.4971     -97.3822
                -97.4723     -97.3241     -97.7204     -97.3844     -97.4036
                -97.2824     -96.7780     -97.9817     -97.6916     -96.2787
                -97.6778     -97.2593     -96.5555     -98.2123     -97.4040
                -97.3620     -97.4390     -97.7445     -97.5348     -97.4337
                -97.6277     -97.0871     -98.1227     -96.9510     -97.4680
                -97.9475     -97.9397     -97.2418     -97.0711     -97.3438
                -97.0739     -98.1688     -97.5943     -97.7007     -97.8278
                -97.4714     -97.4067     -97.9307     -97.3372     -98.1818
   2      0     -89.3506     -89.1385     -88.8426     -89.1068     -88.0125
                -88.7018     -89.1148     -88.6067     -88.9520     -88.8119
                -88.8420     -88.7314     -89.1426     -88.8082     -88.8485
                -88.7665     -88.2701     -89.4457     -89.1528     -87.7607
                -89.1544     -88.7209     -88.0234     -89.6878     -88.7992
                -88.7912     -88.9407     -89.1451     -88.9738     -88.8498
                -89.1420     -88.5498     -89.5867     -88.4456     -88.9200
                -89.3758     -89.4045     -88.7000     -88.4885     -88.7841
                -88.5353     -89.6242     -89.0303     -89.1655     -89.2681
                -88.9323     -88.8656     -89.3929     -88.7641     -89.6702
   3      0     -89.3522     -89.2113     -88.8721     -89.1333     -88.0685
                -88.7273     -89.1018     -88.5632     -88.9587     -88.8306
                -88.8524     -88.7638     -89.1244     -88.8170     -88.8625
                -88.7787     -88.2798     -89.5135     -89.1684     -87.7397
                -89.1285     -88.6725     -88.0573     -89.6914     -88.7995
                -88.8595     -88.9593     -89.1576     -88.9814     -88.8346
                -89.1477     -88.5547     -89.6117     -88.4270     -88.9733
                -89.3940     -89.4232     -88.6967     -88.5098     -88.7694
                -88.5388     -89.6777     -89.0406     -89.1627     -89.2895
                -88.9221     -88.8769     -89.4286     -88.8188     -89.5949
   4      0     -89.3084     -89.0957     -88.7776     -89.0683     -87.9783
                -88.6062     -89.0550     -88.5338     -88.9047     -88.7990
                -88.7829     -88.6995     -89.0978     -88.7794     -88.7472
                -88.7676     -88.2405     -89.4301     -89.1540     -87.7310
                -89.0844     -88.6339     -88.0075     -89.6693     -88.7486
                -88.7566     -88.8784     -89.0796     -88.9451     -88.7618
                -89.1594     -88.5282     -89.5594     -88.4274     -88.9275
                -89.3645     -89.3716     -88.6075     -88.4092     -88.7469
                -88.5007     -89.5926     -89.0392     -89.0873     -89.2454
                -88.8408     -88.8118     -89.4020     -88.7290     -89.6415
   5      0     -89.3789     -89.2129     -88.8904     -89.1419     -88.0862
                -88.7593     -89.1264     -88.6249     -88.9550     -88.8641
                -88.8344     -88.8044     -89.2039     -88.8689     -88.8283
                -88.8197     -88.3359     -89.5358     -89.2172     -87.7571
                -89.1197     -88.7277     -88.0616     -89.7677     -88.8200
                -88.8619     -88.9937     -89.1788     -89.0183     -88.9312
                -89.1609     -88.6330     -89.5898     -88.4150     -88.9847
                -89.4589     -89.4576     -88.6886     -88.5166     -88.7995
                -88.5638     -89.6858     -89.0580     -89.1665     -89.3163
                -88.9785     -88.9048     -89.4488     -88.8434     -89.6550
   5     60     -89.5597     -89.3945     -89.0718     -89.3235     -88.2680
                -88.9410     -89.3072     -88.8061     -89.1364     -89.0462
                -89.0160     -88.9863     -89.3843     -89.0501     -89.0099
                -89.0005     -88.5169     -89.7171     -89.3983     -87.9378
                -89.3013     -88.9086     -88.2433     -89.9487     -89.0013
                -89.0434     -89.1754     -89.3596     -89.1992     -89.1132
                -89.3423     -88.8140     -89.7712     -88.5964     -89.1659
                -89.6403     -89.6389     -88.8700     -88.6985     -88.9813
                -88.7452     -89.8670     -89.2392     -89.3475     -89.4977
                -89.1596     -89.0861     -89.6306     -89.0249     -89.8357
   5     80     -91.5738     -91.4122     -91.0897     -91.3427     -90.2878
                -90.9618     -91.3226     -90.8221     -91.1552     -91.0665
                -91.0381     -91.0077     -91.3945     -91.0671     -91.0287
                -91.0160     -90.5309     -91.7363     -91.4124     -89.9486
                -91.3204     -90.9238     -90.2596     -91.9676     -91.0199
                -91.0627     -91.1919     -91.3741     -91.2162     -91.1388
                -91.3610     -90.8276     -91.7894     -90.6122     -91.1843
                -91.6583     -91.6539     -90.8884     -90.7196     -91.0003
                -90.7615     -91.8852     -91.2567     -91.3619     -91.5140
                -91.1764     -91.1014     -91.6529     -91.0450     -91.8484
   5    100     -97.9591     -97.8005     -97.4828     -97.7395     -96.6784
                -97.3610     -97.7099     -97.2094     -97.5502     -97.4634
                -97.4388     -97.4083     -97.7717     -97.4572     -97.4219
                -97.4024     -96.9119     -98.1379     -97.7910     -96.3189
                -97.7178     -97.3082     -96.6434     -98.3695     -97.4188
                -97.4557     -97.5790     -97.7621     -97.6088     -97.5526
                -97.7533     -97.2079     -98.1830     -96.9966     -97.5808
                -98.0519     -98.0379     -97.2804     -97.1145     -97.3967
                -97.1505     -98.2808     -97.6515     -97.7471     -97.9012
                -97.5674     -97.4874     -98.0583     -97.4406     -98.2260
 
 
 cumulative average & 95% error for solvation free energy
  1   -89.3522
  2   -89.2818     0.1409
  3   -89.1452     0.2849
  4   -89.1422     0.2016
  5   -88.9275     0.4570
  6   -88.8941     0.3790
  7   -88.9238     0.3258
  8   -88.8787     0.2962
  9   -88.8876     0.2618
 10   -88.8819     0.2345
 11   -88.8792     0.2122
 12   -88.8696     0.1946
 13   -88.8892     0.1833
 14   -88.8841     0.1700
 15   -88.8826     0.1583
 16   -88.8761     0.1486
 17   -88.8410     0.1562
 18   -88.8784     0.1652
 19   -88.8937     0.1592
 20   -88.8360     0.1901
 21   -88.8499     0.1829
 22   -88.8418     0.1751
 23   -88.8077     0.1807
 24   -88.8446     0.1881
 25   -88.8427     0.1804
 26   -88.8434     0.1733
 27   -88.8477     0.1670
 28   -88.8588     0.1625
 29   -88.8630     0.1570
 30   -88.8620     0.1517
 31   -88.8712     0.1478
 32   -88.8614     0.1445
 33   -88.8841     0.1473
 34   -88.8707     0.1454
 35   -88.8736     0.1413
 36   -88.8880     0.1403
 37   -88.9025     0.1395
 38   -88.8971     0.1362
 39   -88.8872     0.1342
 40   -88.8842     0.1309
 41   -88.8758     0.1288
 42   -88.8949     0.1313
 43   -88.8983     0.1284
 44   -88.9043     0.1260
 45   -88.9128     0.1244
 46   -88.9130     0.1217
 47   -88.9123     0.1191
 48   -88.9230     0.1185
 49   -88.9209     0.1161
 50   -88.9344     0.1170
 
 Mesh error is    0.052 kcal/mol
