 ERmod 0.3.8, Copyright (C) 2000-2019 Nobuyuki Matubayasi
                            2010-2019 Shun Sakuraba
 ERmod comes with ABSOLUTELY NO WARRANTY.
 This is free software, and you can redistribute it
 and/or modify it under certain conditions.
 See LICENSE file for details.
 
  Number of the   1-th solvent  =         1472
  Number of the   2-th solvent  =        10000
 
  Be sure that the solvent distribution is homogeneous (radial distribution function is essentially unity) when the solvent molecule is separated beyond distance of   10.0 Angstrom in any direction from any atom within the solute molecule
 
  LJ long-range correction    =        -3.5283     -5.7260
 
  Self-energy of the solute   =        -0.0030  kcal/mol
 
 
 cumulative average & 95% error for solvation energy
              total             1st component         2nd component
  1  -456.4807             -158.3091             -298.1685
  2  -453.3148     6.3319  -166.2269    15.8355  -287.0848    22.1674
  3  -453.9942     3.9001  -166.0408     9.1502  -287.9504    12.9149
  4  -452.9042     3.5154  -165.0673     6.7568  -287.8339     9.1352
  5  -454.0367     3.5419  -162.0991     7.9142  -291.9346    10.8321
  6  -454.9495     3.4199  -161.1740     6.7215  -293.7724     9.5778
  7  -455.2528     2.9533  -159.1466     6.9794  -296.1031     9.3409
  8  -455.8165     2.7951  -157.9117     6.5295  -297.9018     8.8533
  9  -456.1428     2.5500  -159.2759     6.3721  -296.8639     8.0791
 10  -456.5832     2.4449  -159.3624     5.7020  -297.2177     7.2607
 11  -456.7985     2.2531  -159.0605     5.1929  -297.7350     6.6485
 12  -457.2160     2.2198  -158.6477     4.8118  -298.5653     6.2923
 13  -457.4057     2.0769  -157.7725     4.7598  -299.6302     6.1676
 14  -457.6048     1.9636  -156.5190     5.0699  -301.0827     6.4065
 15  -457.5850     1.8284  -156.4251     4.7236  -301.1569     5.9660
 16  -457.6079     1.7109  -155.7481     4.6213  -301.8567     5.7535
 17  -457.8037     1.6542  -153.5554     6.1705  -304.2452     7.2131
 18  -457.9545     1.5885  -152.0005     6.5966  -305.9509     7.6082
 19  -458.0303     1.5102  -151.1734     6.4553  -306.8538     7.4198
 20  -457.8788     1.4644  -150.9286     6.1436  -306.9471     7.0415
 21  -457.8497     1.3941  -150.9505     5.8439  -306.8961     6.6986
 22  -457.8558     1.3293  -149.8727     5.9743  -307.9800     6.7447
 23  -457.8543     1.2702  -149.5096     5.7547  -308.3417     6.4852
 24  -457.5682     1.3440  -150.0001     5.5963  -307.5651     6.4004
 25  -457.4484     1.3112  -149.7531     5.3905  -307.6922     6.1443
 26  -457.4137     1.2617  -149.1829     5.3031  -308.2278     5.9997
 27  -457.3475     1.2213  -148.9378     5.1264  -308.4067     5.7843
 28  -457.1388     1.2486  -150.2228     5.5684  -306.9130     6.3239
 29  -457.0053     1.2341  -152.0298     6.4754  -304.9725     7.2317
 30  -456.9974     1.1923  -152.2324     6.2689  -304.7621     6.9991
 31  -456.9792     1.1538  -152.2858     6.0643  -304.6904     6.7711
 32  -456.8424     1.1502  -152.1067     5.8826  -304.7327     6.5566
 33  -456.8301     1.1150  -152.2722     5.7112  -304.5549     6.3648
 34  -456.7089     1.1086  -152.9832     5.7202  -303.7228     6.3951
 35  -456.4746     1.1741  -154.0907     5.9798  -302.3808     6.7649
 36  -456.2422     1.2320  -154.9129     6.0394  -301.3263     6.9043
 37  -456.1008     1.2312  -155.6580     6.0601  -300.4397     6.9452
 38  -455.9895     1.2188  -156.4146     6.0894  -299.5719     6.9793
 39  -455.9382     1.1916  -155.8046     6.0554  -300.1306     6.8892
 40  -456.0519     1.1835  -155.2512     6.0049  -300.7977     6.8460
 41  -456.1012     1.1585  -154.7338     5.9473  -301.3643     6.7725
 42  -456.1437     1.1337  -154.1337     5.9268  -302.0069     6.7330
 43  -456.2205     1.1177  -154.0001     5.7935  -302.2174     6.5881
 44  -456.2949     1.1021  -153.5492     5.7317  -302.7427     6.5217
 45  -456.2611     1.0794  -153.6816     5.6091  -302.5764     6.3838
 46  -456.2095     1.0607  -153.4328     5.5084  -302.7737     6.2560
 47  -456.2527     1.0415  -153.7510     5.4273  -302.4987     6.1461
 48  -456.3215     1.0288  -153.4358     5.3503  -302.8827     6.0655
 49  -456.3942     1.0180  -153.0573     5.2944  -303.3339     6.0086
 50  -456.3549     1.0006  -153.0836     5.1877  -303.2682     5.8886
 
 
 group  inft  solvation free energy     error          difference
  total solvation free energy
   1      0       -101.56152           0.53048           0.12875
   1     60       -103.10886           0.52993          -1.41859
   1     80       -107.29108           0.52870          -5.60082
   1    100       -114.85481           0.52782         -13.16454
   2      0       -101.67471           0.53130           0.01555
   3      0       -101.69027           0.53215           0.00000
   4      0       -101.71595           0.53535          -0.02568
   5      0       -101.79094           0.53151          -0.10067
   5     60       -103.67015           0.53075          -1.97988
   5     80       -108.30596           0.52995          -6.61569
   5    100       -115.12133           0.52827         -13.43106
 
  contribution from  1-th solvent component
   1      0        -51.52724           2.11410           0.05591
   1     60        -51.75393           2.11429          -0.17078
   1     80        -52.37723           2.11467          -0.79409
   1    100        -53.58228           2.11485          -1.99913
   2      0        -51.57200           2.11343           0.01115
   3      0        -51.58315           2.11279           0.00000
   4      0        -51.60656           2.11215          -0.02341
   5      0        -51.61817           2.11301          -0.03502
   5     60        -51.89489           2.11325          -0.31174
   5     80        -52.59256           2.11354          -1.00941
   5    100        -53.68541           2.11378          -2.10226
 
  contribution from  2-th solvent component
   1      0        -50.03125           2.48907           0.07284
   1     60        -51.35190           2.48802          -1.24781
   1     80        -54.91082           2.48538          -4.80673
   1    100        -61.26950           2.48135         -11.16541
   2      0        -50.09968           2.48912           0.00441
   3      0        -50.10409           2.48983           0.00000
   4      0        -50.10636           2.49141          -0.00227
   5      0        -50.16974           2.48811          -0.06565
   5     60        -51.77223           2.48670          -1.66814
   5     80        -55.71037           2.48436          -5.60628
   5    100        -61.43289           2.47988         -11.32881
 
 
 group  inft   Estimated free energy: total (kcal/mol)
   1      0    -100.9993     -98.3513    -100.9701     -98.2799    -103.3212
               -103.2045    -101.7835    -103.6680    -102.7649    -103.5933
               -103.6211    -103.5683    -103.0632    -103.7619    -102.4908
               -102.7066    -103.4770    -103.0106    -102.8052    -100.7329
               -101.6907    -102.3300    -101.8064     -99.1379    -100.2362
               -101.9315    -101.6895     -98.8260     -99.3635    -101.3179
               -101.1717     -99.6251    -100.9042     -99.9906     -97.2504
                -96.7425     -98.9098     -99.5529    -100.5773    -103.8352
               -103.3768    -102.8040    -103.4013    -103.7910    -101.0216
               -100.4542    -102.8856    -102.7669    -103.6164    -100.8954
   1     60    -102.5554     -99.9043    -102.5171     -99.8275    -104.8675
               -104.7544    -103.3311    -105.2130    -104.3151    -105.1554
               -105.1736    -105.1130    -104.6090    -105.3078    -104.0415
               -104.2518    -105.0119    -104.5584    -104.3584    -102.2760
               -103.2369    -103.8732    -103.3458    -100.6824    -101.7709
               -103.4753    -103.2431    -100.3833    -100.9226    -102.8661
               -102.7102    -101.1699    -102.4562    -101.5449     -98.8144
                -98.2909    -100.4568    -101.1076    -102.1128    -105.3787
               -104.9178    -104.3469    -104.9428    -105.3246    -102.5601
               -101.9965    -104.4427    -104.3103    -105.1630    -102.4541
   1     80    -106.7483    -104.0960    -106.6899    -104.0145    -109.0560
               -108.9463    -107.5143    -109.4018    -108.5131    -109.3693
               -109.3700    -109.2913    -108.7884    -109.4880    -108.2351
               -108.4285    -109.1763    -108.7332    -108.5490    -106.4457
               -107.4167    -108.0459    -107.5075    -104.8690    -105.9218
               -107.6552    -107.4256    -104.5851    -105.1350    -107.0425
               -106.8714    -105.3336    -106.6478    -105.7477    -103.0355
               -102.4772    -104.6537    -105.3054    -106.2720    -109.5533
               -109.0798    -108.5161    -109.1126    -109.4791    -106.7300
               -106.1600    -108.6368    -108.4864    -109.3376    -106.6588
   1    100    -114.3123    -111.6647    -114.2500    -111.5592    -116.6210
               -116.5204    -115.0951    -116.9879    -116.1059    -116.9854
               -116.9511    -116.8462    -116.3351    -117.0331    -115.8265
               -116.0024    -116.7120    -116.2812    -116.1133    -113.9854
               -114.9664    -115.5959    -115.0359    -112.4428    -113.4169
               -115.2164    -115.0057    -112.1625    -112.7477    -114.5833
               -114.4134    -112.8964    -114.2208    -113.3464    -110.6382
               -110.0480    -112.2498    -112.9055    -113.8030    -117.1058
               -116.6316    -116.0650    -116.6625    -117.0202    -114.2713
               -113.6823    -116.2435    -116.0220    -116.9139    -114.2389
   2      0    -101.1662     -98.4647    -101.1379     -98.4013    -103.4337
               -103.2634    -101.8744    -103.7810    -102.8697    -103.6858
               -103.7424    -103.6388    -103.2193    -103.8295    -102.6190
               -102.8351    -103.5733    -103.1524    -102.9616    -100.7958
               -101.7926    -102.4231    -101.9227     -99.2196    -100.3701
               -102.0124    -101.8023     -98.9451     -99.4632    -101.4170
               -101.3151     -99.7170    -100.9934    -100.0970     -97.3203
                -96.8621     -98.9981     -99.6773    -100.6960    -103.9498
               -103.5153    -102.9125    -103.5269    -103.9035    -101.1371
               -100.6103    -103.0428    -102.9061    -103.7523    -100.9893
   3      0    -101.1689     -98.4182    -101.1470     -98.4276    -103.4512
               -103.2795    -101.8865    -103.7876    -102.8779    -103.6732
               -103.7596    -103.6255    -103.2542    -103.8733    -102.6048
               -102.8488    -103.6126    -103.1827    -102.9978    -100.8361
               -101.7866    -102.4671    -101.9223     -99.2293    -100.3658
               -102.0681    -101.7926     -98.9716     -99.4879    -101.4636
               -101.3066     -99.7013    -101.0032    -100.1068     -97.3522
                -96.8776     -98.9820     -99.6819    -100.7251    -103.9932
               -103.5150    -102.9083    -103.5749    -103.8968    -101.1750
               -100.6355    -103.0652    -102.9428    -103.7570    -101.0457
   4      0    -101.2533     -98.4653    -101.1134     -98.4477    -103.5106
               -103.3053    -101.9495    -103.8321    -102.8815    -103.7661
               -103.8198    -103.6576    -103.2779    -103.8950    -102.6694
               -102.8721    -103.6507    -103.1558    -103.0158    -100.8539
               -101.8197    -102.5127    -101.9728     -99.2497    -100.3245
               -102.0530    -101.8639     -98.9411     -99.4869    -101.4525
               -101.3325     -99.7057    -101.0331    -100.1468     -97.3544
                -96.8889     -98.9971     -99.6413    -100.7309    -103.9960
               -103.5413    -102.9885    -103.5849    -103.9357    -101.2312
               -100.6614    -103.1119    -103.0012    -103.7953    -101.0498
   5      0    -101.3141     -98.5589    -101.2036     -98.5219    -103.5557
               -103.4001    -102.0327    -103.9420    -103.0118    -103.8098
               -103.8977    -103.6881    -103.3405    -103.9151    -102.6917
               -102.9708    -103.6612    -103.2632    -103.0995    -100.9095
               -101.8808    -102.5504    -102.0259     -99.3493    -100.4139
               -102.1602    -101.9128     -99.0895     -99.5995    -101.5503
               -101.4057     -99.8035    -101.1698    -100.1755     -97.4708
                -96.9794     -99.1037     -99.7859    -100.7773    -104.1012
               -103.6410    -103.0394    -103.5959    -104.0152    -101.2804
               -100.7267    -103.1536    -103.0704    -103.8361    -101.0953
   5     60    -103.2005    -100.4435    -103.0846    -100.4027    -105.4349
               -105.2829    -103.9112    -105.8223    -104.8978    -105.7024
               -105.7826    -105.5637    -105.2171    -105.7919    -104.5789
               -104.8464    -105.5293    -105.1402    -104.9883    -102.7842
               -103.7573    -104.4231    -103.8953    -101.2282    -102.2799
               -104.0329    -103.7956    -100.9810    -101.4976    -103.4270
               -103.2743    -101.6768    -103.0544    -102.0635     -99.3681
                -98.8622    -100.9881    -101.6717    -102.6428    -105.9772
               -105.5083    -104.9105    -105.4675    -105.8794    -103.1528
               -102.5972    -105.0438    -104.9460    -105.7115    -102.9876
   5     80    -107.8499    -105.0900    -107.7221    -105.0425    -110.0778
               -109.9256    -108.5497    -110.4688    -109.5441    -110.3715
               -110.4361    -110.1835    -109.8481    -110.4235    -109.2245
               -109.4877    -110.1462    -109.7705    -109.6422    -107.4099
               -108.3833    -109.0524    -108.5047    -105.8679    -106.8868
               -108.6622    -108.4425    -105.6351    -106.1668    -108.0496
               -107.8916    -106.2982    -107.6902    -106.7181    -104.0310
               -103.4980    -105.6321    -106.3160    -107.2487    -110.6094
               -110.1273    -109.5327    -110.0887    -110.4869    -107.7756
               -107.2161    -109.6996    -109.5763    -110.3477    -107.6483
   5    100    -114.6620    -111.9057    -114.5342    -111.8398    -116.8950
               -116.7561    -115.3707    -117.3009    -116.3822    -117.2293
               -117.2690    -116.9955    -116.6522    -117.2173    -116.0623
               -116.3124    -116.9317    -116.5819    -116.4645    -114.2107
               -115.1761    -115.8515    -115.2899    -112.6995    -113.6515
               -115.4663    -115.2636    -112.4726    -113.0364    -114.8546
               -114.6927    -113.1020    -114.5111    -113.5730    -110.8980
               -110.3382    -112.4758    -113.1670    -114.0277    -117.4117
               -116.9393    -116.3329    -116.8894    -117.2681    -114.5677
               -113.9923    -116.5463    -116.3665    -117.1554    -114.4761
 
 group  inft   Estimated free energy: 1-th solvent contribution (kcal/mol)
   1      0     -53.7170     -60.8565     -57.3330     -55.1226     -50.6591
                -53.0739     -48.3584     -50.1778     -58.7664     -54.7020
                -53.1771     -51.7386     -49.4801     -46.4932     -52.7299
                -49.0377     -37.0119     -39.7025     -44.3853     -48.6530
                -51.1677     -40.5723     -46.4144     -54.5462     -47.2303
                -44.1611     -47.3537     -64.5364     -71.4622     -53.5146
                -52.0632     -48.6285     -52.8341     -60.8275     -66.2908
                -63.1671     -63.3028     -64.2176     -42.8171     -43.8871
                -43.9634     -41.9597     -49.7650     -43.8456     -54.2598
                -47.2485     -58.6577     -45.8903     -44.3431     -52.2583
   1     60     -53.9447     -61.0847     -57.5607     -55.3495     -50.8867
                -53.3015     -48.5858     -50.4026     -58.9943     -54.9305
                -53.4041     -51.9648     -49.7059     -46.7188     -52.9574
                -49.2644     -37.2368     -39.9292     -44.6112     -48.8800
                -51.3952     -40.7998     -46.6403     -54.7730     -47.4560
                -44.3860     -47.5807     -64.7635     -71.6916     -53.7392
                -52.2905     -48.8538     -53.0599     -61.0556     -66.5192
                -63.3930     -63.5295     -64.4446     -43.0416     -44.1130
                -44.1891     -42.1848     -49.9911     -44.0707     -54.4846
                -47.4751     -58.8867     -46.1172     -44.5703     -52.4872
   1     80     -54.5692     -61.7112     -58.1856     -55.9736     -51.5135
                -53.9276     -49.2107     -51.0235     -59.6213     -55.5577
                -54.0287     -52.5874     -50.3276     -47.3402     -53.5832
                -49.8880     -37.8579     -40.5520     -45.2328     -49.5043
                -52.0206     -41.4252     -47.2615     -55.3971     -48.0768
                -45.0061     -48.2026     -65.3871     -72.3204     -54.3568
                -52.9154     -49.4719     -53.6810     -61.6820     -67.1451
                -64.0141     -64.1539     -65.0674     -43.6605     -44.7350
                -44.8093     -42.8041     -50.6133     -44.6907     -55.1045
                -48.0974     -59.5140     -46.7420     -45.1944     -53.1154
   1    100     -55.7731     -62.9175     -59.3927     -57.1750     -52.7227
                -55.1357     -50.4195     -52.2303     -60.8323     -56.7735
                -55.2381     -53.7903     -51.5303     -48.5423     -54.7944
                -51.0969     -39.0624     -41.7585     -46.4377     -50.7106
                -53.2232     -42.6316     -48.4605     -56.6018     -49.2731
                -46.2091     -49.4079     -66.5894     -73.5302     -55.5513
                -54.1189     -50.6740     -54.8850     -62.8929     -68.3480
                -65.2132     -65.3586     -66.2710     -44.8610     -45.9403
                -46.0148     -44.0064     -51.8189     -45.8930     -56.3039
                -49.2979     -60.7271     -47.9471     -46.4049     -54.3251
   2      0     -53.7766     -60.9164     -57.3801     -55.1638     -50.6989
                -53.1078     -48.3938     -50.2316     -58.8104     -54.7290
                -53.2217     -51.7806     -49.5432     -46.5540     -52.7777
                -49.0862     -37.0571     -39.7326     -44.4485     -48.6751
                -51.2219     -40.6216     -46.4591     -54.5918     -47.2723
                -44.2021     -47.4019     -64.5684     -71.5023     -53.5428
                -52.0923     -48.6709     -52.8605     -60.8649     -66.3269
                -63.2117     -63.3451     -64.2596     -42.8581     -43.9256
                -44.0220     -42.0187     -49.8221     -43.8974     -54.3107
                -47.3063     -58.7029     -45.9360     -44.3988     -52.3003
   3      0     -53.7892     -60.9032     -57.3948     -55.1895     -50.7195
                -53.1259     -48.3988     -50.2357     -58.8079     -54.7368
                -53.2163     -51.7837     -49.5617     -46.5667     -52.7662
                -49.0931     -37.0751     -39.7455     -44.4528     -48.6848
                -51.2309     -40.6155     -46.4510     -54.5948     -47.2866
                -44.2395     -47.4069     -64.5905     -71.5047     -53.5632
                -52.1005     -48.6826     -52.8546     -60.8645     -66.3309
                -63.2209     -63.3544     -64.2715     -42.8680     -43.9540
                -44.0462     -42.0500     -49.8447     -43.9082     -54.3337
                -47.3260     -58.7286     -45.9426     -44.4065     -52.3382
   4      0     -53.8165     -60.9275     -57.4012     -55.1958     -50.7295
                -53.1417     -48.4321     -50.2766     -58.8289     -54.7704
                -53.2566     -51.8225     -49.5894     -46.6048     -52.7979
                -49.1008     -37.1095     -39.7582     -44.4919     -48.7128
                -51.2340     -40.6769     -46.5020     -54.6176     -47.2979
                -44.2538     -47.4424     -64.6032     -71.5314     -53.5780
                -52.1165     -48.7129     -52.8911     -60.8900     -66.3701
                -63.2502     -63.3569     -64.2827     -42.8900     -43.9561
                -44.0766     -42.0792     -49.8667     -43.9293     -54.3590
                -47.3293     -58.7408     -45.9771     -44.4083     -52.3435
   5      0     -53.8315     -60.9523     -57.4161     -55.2320     -50.7430
                -53.1655     -48.4421     -50.2888     -58.8387     -54.7809
                -53.2813     -51.8235     -49.5911     -46.6060     -52.8038
                -49.1202     -37.1076     -39.7629     -44.4983     -48.7108
                -51.2374     -40.6626     -46.4902     -54.6236     -47.3065
                -44.2750     -47.4356     -64.6292     -71.5427     -53.6067
                -52.1131     -48.7181     -52.9037     -60.8901     -66.3963
                -63.2672     -63.3839     -64.2930     -42.9032     -44.0081
                -44.0945     -42.0790     -49.8547     -43.9437     -54.3607
                -47.3663     -58.7489     -45.9899     -44.4356     -52.3526
   5     60     -54.1092     -61.2304     -57.6943     -55.5091     -51.0207
                -53.4436     -48.7194     -50.5639     -59.1171     -55.0591
                -53.5580     -52.0997     -49.8665     -46.8818     -53.0820
                -49.3966     -37.3829     -40.0393     -44.7747     -48.9876
                -51.5152     -40.9401     -46.7656     -54.9007     -47.5824
                -44.5495     -47.7122     -64.9064     -71.8232     -53.8806
                -52.3904     -48.9929     -53.1792     -61.1683     -66.6751
                -63.5433     -63.6615     -64.5697     -43.1771     -44.2844
                -44.3699     -42.3538     -50.1309     -44.2188     -54.6357
                -47.6424     -59.0280     -46.2669     -44.7122     -52.6320
   5     80     -54.8094     -61.9312     -58.3950     -56.2077     -51.7214
                -54.1441     -49.4187     -51.2598     -59.8175     -55.7608
                -54.2565     -52.7951     -50.5622     -47.5779     -53.7818
                -50.0956     -38.0788     -40.7366     -45.4720     -49.6855
                -52.2146     -41.6404     -47.4596     -55.5990     -48.2781
                -45.2440     -48.4099     -65.6035     -72.5268     -54.5712
                -53.0898     -49.6864     -53.8728     -61.8685     -67.3742
                -64.2376     -64.3594     -65.2656     -43.8690     -44.9820
                -45.0661     -43.0481     -50.8279     -44.9134     -55.3300
                -48.3392     -59.7306     -46.9660     -45.4113     -53.3352
   5    100     -55.9023     -63.0240     -59.4898     -57.2979     -52.8174
                -55.2407     -50.5131     -52.3547     -60.9141     -56.8618
                -55.3524     -53.8863     -51.6536     -48.6687     -54.8797
                -51.1912     -39.1713     -41.8311     -46.5660     -50.7785
                -53.3049     -42.7338     -48.5463     -56.6919     -49.3643
                -46.3353     -49.5025     -66.6944     -73.6248     -55.6567
                -54.1810     -50.7760     -54.9638     -62.9666     -68.4679
                -65.3275     -65.4525     -66.3575     -44.9562     -46.0755
                -46.1620     -44.1393     -51.9219     -46.0023     -56.4173
                -49.4276     -60.8291     -48.0591     -46.5052     -54.4322
 
 group  inft   Estimated free energy: 2-th solvent contribution (kcal/mol)
   1      0     -47.2793     -37.4917     -43.6340     -43.1542     -52.6591
                -50.1276     -53.4221     -53.4871     -43.9955     -48.8883
                -50.4409     -51.8266     -53.5801     -57.2657     -49.7579
                -53.6658     -66.4621     -63.3050     -58.4169     -52.0769
                -50.5200     -61.7547     -55.3889     -44.5886     -53.0029
                -57.7674     -54.3327     -34.2866     -27.8983     -47.8003
                -49.1055     -50.9935     -48.0670     -39.1600     -30.9566
                -33.5723     -35.6039     -35.3323     -57.7572     -59.9451
                -59.4104     -60.8413     -53.6332     -59.9424     -46.7588
                -53.2027     -44.2248     -56.8736     -59.2703     -48.6341
   1     60     -48.6077     -38.8165     -44.9533     -44.4750     -53.9778
                -51.4498     -54.7422     -54.8073     -45.3178     -50.2218
                -51.7665     -53.1452     -54.9001     -58.5860     -51.0810
                -54.9843     -67.7720     -64.6262     -59.7441     -53.3929
                -51.8387     -63.0704     -56.7025     -45.9064     -54.3119
                -59.0863     -55.6594     -35.6167     -29.2280     -49.1239
                -50.4166     -52.3131     -49.3933     -40.4863     -32.2922
                -34.8949     -36.9243     -36.6599     -59.0682     -61.2626
                -60.7257     -62.1591     -54.9486     -61.2509     -48.0724
                -54.5184     -45.5530     -58.1900     -60.5897     -49.9638
   1     80     -52.1760     -42.3818     -48.5013     -48.0379     -57.5394
                -55.0157     -58.3006     -58.3753     -48.8888     -53.8085
                -55.3382     -56.7009     -58.4578     -62.1447     -54.6489
                -58.5374     -71.3153     -68.1782     -63.3131     -56.9384
                -55.3931     -66.6177     -60.2430     -49.4688     -57.8419
                -62.6461     -59.2200     -39.1950     -32.8115     -52.6827
                -53.9530     -55.8586     -52.9637     -44.0627     -35.8874
                -38.4601     -40.4968     -40.2350     -62.6084     -64.8152
                -64.2675     -65.7089     -58.4963     -64.7854     -51.6224
                -58.0596     -49.1198     -61.7414     -64.1402     -53.5404
   1    100     -58.5362     -48.7441     -54.8543     -54.3812     -63.8953
                -61.3817     -64.6726     -64.7546     -55.2705     -60.2089
                -61.7100     -63.0529     -64.8018     -68.4879     -61.0291
                -64.9025     -77.6466     -74.5196     -69.6726     -63.2718
                -61.7402     -72.9613     -66.5724     -55.8379     -64.1408
                -69.0043     -65.5948     -45.5701     -39.2145     -59.0290
                -60.2914     -62.2193     -59.3328     -50.4505     -42.2872
                -44.8318     -46.8882     -46.6315     -68.9390     -71.1625
                -70.6137     -72.0556     -64.8406     -71.1242     -57.9644
                -64.3814     -55.5133     -68.0718     -70.5059     -59.9107
   2      0     -47.3865     -37.5453     -43.7547     -43.2345     -52.7318
                -50.1526     -53.4776     -53.5463     -44.0563     -48.9538
                -50.5176     -51.8552     -53.6731     -57.2725     -49.8383
                -53.7459     -66.5131     -63.4168     -58.5101     -52.1177
                -50.5676     -61.7984     -55.4606     -44.6248     -53.0948
                -57.8073     -54.3974     -34.3736     -27.9578     -47.8712
                -49.2197     -51.0431     -48.1298     -39.2291     -30.9903
                -33.6473     -35.6500     -35.4147     -57.8349     -60.0211
                -59.4903     -60.8908     -53.7018     -60.0030     -46.8234
                -53.3010     -44.3369     -56.9671     -59.3505     -48.6859
   3      0     -47.3766     -37.5119     -43.7491     -43.2351     -52.7287
                -50.1505     -53.4847     -53.5489     -44.0669     -48.9334
                -50.5403     -51.8387     -53.6894     -57.3035     -49.8355
                -53.7526     -66.5344     -63.4341     -58.5420     -52.1483
                -50.5527     -61.8486     -55.4682     -44.6314     -53.0761
                -57.8256     -54.3826     -34.3781     -27.9801     -47.8974
                -49.2031     -51.0157     -48.1455     -39.2392     -31.0183
                -33.6537     -35.6245     -35.4073     -57.8541     -60.0362
                -59.4658     -60.8552     -53.7272     -59.9856     -46.8383
                -53.3065     -44.3335     -56.9972     -59.3475     -48.7044
   4      0     -47.4338     -37.5348     -43.7091     -43.2489     -52.7780
                -50.1606     -53.5144     -53.5525     -44.0496     -48.9926
                -50.5602     -51.8321     -53.6854     -57.2872     -49.8685
                -53.7682     -66.5382     -63.3945     -58.5209     -52.1381
                -50.5827     -61.8328     -55.4677     -44.6290     -53.0235
                -57.7962     -54.4184     -34.3349     -27.9525     -47.8714
                -49.2130     -50.9898     -48.1390     -39.2537     -30.9812
                -33.6357     -35.6372     -35.3556     -57.8378     -60.0369
                -59.4617     -60.9063     -53.7151     -60.0034     -46.8692
                -53.3291     -44.3681     -57.0210     -59.3840     -48.7033
   5      0     -47.4796     -37.6036     -43.7844     -43.2869     -52.8097
                -50.2316     -53.5875     -53.6501     -44.1701     -49.0259
                -50.6134     -51.8615     -53.7464     -57.3060     -49.8849
                -53.8476     -66.5506     -63.4972     -58.5982     -52.1957
                -50.6404     -61.8847     -55.5326     -44.7227     -53.1044
                -57.8822     -54.4741     -34.4573     -28.0538     -47.9406
                -49.2896     -51.0824     -48.2630     -39.2823     -31.0714
                -33.7091     -35.7168     -35.4899     -57.8711     -60.0901
                -59.5435     -60.9573     -53.7381     -60.0684     -46.9167
                -53.3574     -44.4017     -57.0775     -59.3974     -48.7397
   5     60     -49.0882     -39.2101     -45.3873     -44.8905     -54.4112
                -51.8363     -55.1888     -55.2554     -45.7777     -50.6402
                -52.2217     -53.4610     -55.3476     -58.9072     -51.4939
                -55.4468     -68.1434     -65.0978     -60.2106     -53.7936
                -52.2391     -63.4800     -57.1266     -46.3244     -54.6945
                -59.4803     -56.0804     -36.0716     -29.6715     -49.5433
                -50.8808     -52.6809     -49.8722     -40.8921     -32.6900
                -35.3159     -37.3236     -37.0990     -59.4626     -61.6898
                -61.1353     -62.5537     -55.3337     -61.6575     -48.5140
                -54.9518     -46.0128     -58.6761     -60.9963     -50.3525
   5     80     -53.0374     -43.1558     -49.3241     -48.8318     -58.3534
                -55.7784     -59.1280     -59.2059     -49.7236     -54.6077
                -56.1766     -57.3853     -59.2829     -62.8425     -55.4397
                -59.3891     -72.0644     -69.0309     -64.1672     -57.7213
                -56.1657     -67.4090     -61.0420     -50.2658     -58.6056
                -63.4152     -60.0296     -40.0286     -33.6370     -53.4753
                -54.7988     -56.6088     -53.8143     -44.8465     -36.6538
                -39.2574     -41.2697     -41.0474     -63.3766     -65.6243
                -65.0581     -66.4816     -59.2578     -65.5704     -52.4426
                -58.8739     -49.9660     -62.6073     -64.9334     -54.3101
   5    100     -58.7566     -48.8786     -55.0414     -54.5389     -64.0746
                -61.5124     -64.8546     -64.9431     -55.4650     -60.3645
                -61.9136     -63.1062     -64.9955     -68.5455     -61.1795
                -65.1182     -77.7574     -74.7477     -69.8955     -63.4292
                -61.8681     -73.1147     -66.7406     -56.0046     -64.2842
                -69.1280     -65.7581     -45.7752     -39.4086     -59.1949
                -60.5087     -62.3230     -59.5442     -50.6034     -42.4270
                -45.0076     -47.0202     -46.8065     -69.0685     -71.3331
                -70.7743     -72.1906     -64.9645     -71.2627     -58.1473
                -64.5617     -55.7142     -68.3043     -70.6471     -60.0409
 
 
 cumulative average & 95% error for solvation free energy
              total             1st component         2nd component
  1  -101.1689              -53.7892              -47.3766
  2   -99.7935     2.7507   -57.3462     7.1140   -42.4443     9.8647
  3  -100.2447     1.8265   -57.3624     4.1074   -42.8792     5.7614
  4   -99.7904     1.5791   -56.8192     3.1009   -42.9682     4.0778
  5  -100.5226     1.9080   -55.5993     3.4238   -44.9203     5.0219
  6  -100.9821     1.8087   -55.1870     2.9146   -45.7920     4.4556
  7  -101.1113     1.5503   -54.2173     3.1352   -46.8909     4.3602
  8  -101.4458     1.5001   -53.7196     2.8918   -47.7232     4.1266
  9  -101.6049     1.3607   -54.2850     2.7898   -47.3169     3.7289
 10  -101.8118     1.2854   -54.3301     2.4969   -47.4786     3.3509
 11  -101.9888     1.2154   -54.2289     2.2676   -47.7569     3.0817
 12  -102.1252     1.1426   -54.0251     2.1098   -48.0971     2.8943
 13  -102.2121     1.0653   -53.6818     2.0586   -48.5272     2.7979
 14  -102.3307     1.0144   -53.1736     2.1600   -49.1541     2.8778
 15  -102.3490     0.9451   -53.1464     2.0116   -49.1995     2.6806
 16  -102.3802     0.8862   -52.8931     1.9487   -49.4841     2.5713
 17  -102.4527     0.8450   -51.9626     2.6103   -50.4871     3.1397
 18  -102.4933     0.8008   -51.2839     2.8106   -51.2064     3.2911
 19  -102.5198     0.7593   -50.9243     2.7541   -51.5924     3.2074
 20  -102.4356     0.7398   -50.8124     2.6223   -51.6202     3.0434
 21  -102.4047     0.7064   -50.8323     2.4946   -51.5694     2.8966
 22  -102.4076     0.6735   -50.3679     2.5535   -52.0366     2.9156
 23  -102.3865     0.6450   -50.1976     2.4636   -52.1858     2.8019
 24  -102.2549     0.6712   -50.3808     2.3870   -51.8711     2.7555
 25  -102.1793     0.6613   -50.2570     2.3029   -51.9193     2.6447
 26  -102.1751     0.6354   -50.0256     2.2604   -52.1464     2.5813
 27  -102.1609     0.6121   -49.9286     2.1837   -52.2293     2.4893
 28  -102.0470     0.6323   -50.4522     2.3505   -51.5917     2.7166
 29  -101.9588     0.6351   -51.1782     2.6929   -50.7775     3.0859
 30  -101.9422     0.6145   -51.2577     2.6065   -50.6815     2.9874
 31  -101.9217     0.5957   -51.2849     2.5216   -50.6338     2.8910
 32  -101.8524     0.5933   -51.2036     2.4469   -50.6458     2.7993
 33  -101.8266     0.5773   -51.2536     2.3737   -50.5700     2.7174
 34  -101.7760     0.5691   -51.5363     2.3712   -50.2367     2.7192
 35  -101.6496     0.6077   -51.9590     2.4528   -49.6876     2.8597
 36  -101.5171     0.6474   -52.2718     2.4644   -49.2423     2.9184
 37  -101.4486     0.6444   -52.5713     2.4706   -48.8742     2.9323
 38  -101.4021     0.6340   -52.8792     2.4823   -48.5198     2.9408
 39  -101.3847     0.6185   -52.6225     2.4717   -48.7592     2.9041
 40  -101.4499     0.6168   -52.4058     2.4478   -49.0411     2.8862
 41  -101.5003     0.6100   -52.2019     2.4219   -49.2953     2.8605
 42  -101.5338     0.5990   -51.9602     2.4125   -49.5706     2.8453
 43  -101.5813     0.5926   -51.9110     2.3578   -49.6672     2.7850
 44  -101.6339     0.5884   -51.7291     2.3321   -49.9017     2.7611
 45  -101.6237     0.5756   -51.7870     2.2826   -49.8337     2.7025
 46  -101.6022     0.5646   -51.6900     2.2409   -49.9092     2.6474
 47  -101.6334     0.5559   -51.8398     2.2130   -49.7905     2.6013
 48  -101.6606     0.5469   -51.7169     2.1803   -49.9407     2.5642
 49  -101.7034     0.5425   -51.5677     2.1561   -50.1327     2.5405
 50  -101.6903     0.5322   -51.5831     2.1128   -50.1041     2.4898
 
 Mesh error is    0.129 kcal/mol
