 ERmod 0.3.8, Copyright (C) 2000-2019 Nobuyuki Matubayasi
                            2010-2019 Shun Sakuraba
 ERmod comes with ABSOLUTELY NO WARRANTY.
 This is free software, and you can redistribute it
 and/or modify it under certain conditions.
 See LICENSE file for details.
 ERmod 0.3.8, Copyright (C) 2000-2019 Nobuyuki Matubayasi
                            2010-2019 Shun Sakuraba
 ERmod comes with ABSOLUTELY NO WARRANTY.
 This is free software, and you can redistribute it
 and/or modify it under certain conditions.
 See LICENSE file for details.
 
  Number of the   1-th solvent  =         1472
  Number of the   2-th solvent  =        10000
 
  Be sure that the solvent distribution is homogeneous (radial distribution function is essentially unity) when the solvent molecule is separated beyond distance of   10.0 Angstrom in any direction from any atom within the solute molecule
 
  LJ long-range correction    =        -3.5283     -5.7260
 
  Self-energy of the solute   =         0.0179  kcal/mol
 
 
 cumulative average & 95% error for solvation energy
              total             1st component         2nd component
  1  -505.3307             -223.4051             -281.9436
  2  -504.0016     2.6582  -216.6600    13.4901  -287.3595    10.8318
  3  -503.3191     2.0539  -220.9813    11.6341  -282.3558    11.8007
  4  -503.5022     1.4978  -230.2149    20.2167  -273.3052    19.9318
  5  -503.1309     1.3775  -230.6413    15.6830  -272.5075    15.5213
  6  -502.8660     1.2432  -231.8332    13.0251  -271.0508    13.0037
  7  -502.7360     1.0824  -233.9895    11.8229  -268.7644    11.9035
  8  -502.9059     0.9971  -235.9995    10.9998  -266.9243    10.9460
  9  -502.8839     0.8804  -234.9007     9.9467  -268.0011     9.8907
 10  -502.7206     0.8525  -234.3258     8.9706  -268.4128     8.8848
 11  -502.6486     0.7844  -234.4605     8.1187  -268.2061     8.0472
 12  -502.6449     0.7161  -234.1817     7.4323  -268.4811     7.3666
 13  -502.6635     0.6598  -233.6871     6.9079  -268.9943     6.8536
 14  -502.9242     0.8031  -231.9941     7.2365  -270.9480     7.4518
 15  -502.8281     0.7719  -232.0062     6.7369  -270.8399     6.9406
 16  -502.7884     0.7264  -231.4447     6.4010  -271.3617     6.5757
 17  -502.4656     0.9394  -232.3088     6.2562  -270.1747     6.6172
 18  -502.3354     0.9232  -233.0995     6.1067  -269.2538     6.5050
 19  -502.4583     0.9071  -233.4204     5.8119  -269.0559     6.1658
 20  -502.4072     0.8666  -233.8292     5.5739  -268.5960     5.9213
 21  -502.3499     0.8323  -234.0434     5.3191  -268.3244     5.6584
 22  -502.0900     0.9487  -233.0945     5.4151  -269.0134     5.5683
 23  -502.0200     0.9172  -231.7193     5.8599  -270.3187     5.9266
 24  -502.0847     0.8876  -230.6501     6.0041  -271.4525     6.1106
 25  -502.1186     0.8541  -230.5969     5.7599  -271.5396     5.8637
 26  -502.1328     0.8211  -231.1684     5.6508  -270.9822     5.7429
 27  -502.0204     0.8214  -231.7154     5.5464  -270.3229     5.6813
 28  -502.1408     0.8274  -230.8730     5.6039  -271.2857     5.8034
 29  -502.1957     0.8059  -230.5529     5.4450  -271.6607     5.6497
 30  -502.0262     0.8492  -230.4778     5.2625  -271.5663     5.4614
 31  -502.0432     0.8220  -230.7067     5.1105  -271.3544     5.2993
 32  -502.0881     0.8010  -229.7832     5.2816  -272.3228     5.4844
 33  -501.9564     0.8198  -229.7473     5.1196  -272.2270     5.3191
 34  -501.8636     0.8167  -229.5859     4.9772  -272.2956     5.1621
 35  -501.8779     0.7936  -229.5106     4.8353  -272.3852     5.0156
 36  -501.9463     0.7833  -229.0543     4.7868  -272.9100     4.9860
 37  -502.0159     0.7744  -229.0035     4.6568  -273.0304     4.8554
 38  -502.1199     0.7819  -229.1558     4.5428  -272.9820     4.7269
 39  -502.0556     0.7724  -229.3109     4.4356  -272.7626     4.6249
 40  -502.0322     0.7543  -228.7423     4.4704  -273.3078     4.6378
 41  -502.0899     0.7446  -228.2138     4.4863  -273.8941     4.6728
 42  -502.1266     0.7304  -227.3723     4.6905  -274.7722     4.8867
 43  -502.1625     0.7168  -226.0836     5.2556  -276.0969     5.4578
 44  -502.1322     0.7029  -225.7729     5.1722  -276.3772     5.3617
 45  -502.0771     0.6959  -226.2235     5.1357  -275.8715     5.3379
 46  -502.0890     0.6810  -225.6961     5.1323  -276.4108     5.3308
 47  -502.1195     0.6692  -225.3261     5.0762  -276.8113     5.2773
 48  -502.0868     0.6583  -225.7455     5.0396  -276.3592     5.2447
 49  -501.9819     0.6780  -226.7954     5.3637  -275.2045     5.6319
 50  -501.9821     0.6643  -227.7308     5.5784  -274.2692     5.8265
 
 
 group  inft  solvation free energy     error          difference
  total solvation free energy
   1      0       -131.16257           0.41921           0.11274
   1     60       -133.06965           0.41736          -1.79433
   1     80       -138.00229           0.41424          -6.72698
   1    100       -146.08451           0.41706         -14.80919
   2      0       -131.22331           0.42099           0.05200
   3      0       -131.27532           0.42166           0.00000
   4      0       -131.24008           0.42197           0.03524
   5      0       -131.23650           0.42279           0.03881
   5     60       -133.57169           0.42051          -2.29638
   5     80       -139.00299           0.41748          -7.72767
   5    100       -146.14728           0.42067         -14.87196
 
  contribution from  1-th solvent component
   1      0        -84.72639           2.29313          -0.07105
   1     60        -85.02099           2.29350          -0.36566
   1     80        -85.78674           2.29432          -1.13140
   1    100        -87.13446           2.29418          -2.47912
   2      0        -84.66463           2.29139          -0.00930
   3      0        -84.65533           2.29227           0.00000
   4      0        -84.61747           2.29089           0.03786
   5      0        -84.64885           2.29163           0.00649
   5     60        -85.01131           2.29214          -0.35598
   5     80        -85.86320           2.29285          -1.20787
   5    100        -87.06912           2.29262          -2.41379
 
  contribution from  2-th solvent component
   1      0        -46.45410           2.54200           0.18380
   1     60        -48.06657           2.54001          -1.42867
   1     80        -52.23348           2.53626          -5.59557
   1    100        -58.96797           2.53653         -12.33007
   2      0        -46.57660           2.54027           0.06130
   3      0        -46.63790           2.54237           0.00000
   4      0        -46.64053           2.54060          -0.00263
   5      0        -46.60558           2.54144           0.03232
   5     60        -48.57830           2.53871          -1.94040
   5     80        -53.15771           2.53530          -6.51980
   5    100        -59.09607           2.53587         -12.45817
 
 
 group  inft   Estimated free energy: total (kcal/mol)
   1      0    -133.1606    -132.3865    -131.3556    -132.2232    -131.4661
               -131.1793    -130.7968    -132.4687    -131.3071    -131.0450
               -131.2621    -131.8005    -131.1459    -134.8890    -131.1610
               -131.3675    -128.1933    -129.2098    -131.7512    -130.6967
               -130.3958    -129.2398    -130.9937    -132.1592    -131.3354
               -130.9011    -128.8359    -132.9184    -132.2325    -128.8508
               -131.0779    -131.9470    -129.1104    -129.9799    -131.8228
               -132.8721    -132.7567    -132.9901    -130.3455    -131.3757
               -132.2115    -132.0963    -133.0440    -131.1288    -129.2960
               -131.4890    -132.0389    -129.5964    -126.7047    -129.5165
   1     60    -135.0650    -134.2703    -133.2496    -134.1260    -133.3733
               -133.0927    -132.7180    -134.3809    -133.2130    -132.9617
               -133.1643    -133.6941    -133.0607    -136.7823    -133.0641
               -133.2564    -130.0978    -131.1344    -133.6767    -132.6027
               -132.3015    -131.1406    -132.9007    -134.0627    -133.2450
               -132.8149    -130.7600    -134.8308    -134.1477    -130.7644
               -132.9827    -133.8469    -131.0250    -131.8955    -133.7270
               -134.7681    -134.6655    -134.8958    -132.2581    -133.2810
               -134.1028    -134.0002    -134.9167    -133.0217    -131.2149
               -133.3906    -133.9403    -131.5069    -128.6343    -131.4560
   1     80    -140.0057    -139.1752    -138.1741    -139.0421    -138.2945
               -138.0108    -137.6792    -139.3282    -138.1215    -137.9141
               -138.1108    -138.6340    -138.0117    -141.6911    -138.0124
               -138.1738    -135.0395    -136.1127    -138.6500    -137.5341
               -137.2471    -136.0539    -137.8205    -138.9997    -138.1923
               -137.7627    -135.7269    -139.7701    -139.0824    -135.6924
               -137.9223    -138.7527    -135.9793    -136.8108    -138.6312
               -139.6792    -139.5772    -139.8484    -137.1906    -138.1707
               -139.0187    -138.9108    -139.8046    -137.9324    -136.1610
               -138.3140    -138.8531    -136.4590    -133.6180    -136.4173
   1    100    -148.1256    -147.2655    -146.2414    -147.1095    -146.3547
               -146.0757    -145.8028    -147.4283    -146.1955    -146.0115
               -146.2162    -146.7575    -146.1236    -149.8651    -146.1378
               -146.2310    -143.1140    -144.2035    -146.7298    -145.6409
               -145.3385    -144.1323    -145.9165    -147.0838    -146.2724
               -145.8486    -143.7902    -147.8593    -147.1858    -143.7528
               -145.9974    -146.8137    -144.0580    -144.9002    -146.6842
               -147.7639    -147.6562    -147.9339    -145.2668    -146.2064
               -147.1019    -146.9767    -147.8888    -146.0127    -144.2206
               -146.3494    -146.9159    -144.5106    -141.6754    -144.4829
   2      0    -133.2750    -132.5138    -131.4138    -132.3009    -131.5270
               -131.2549    -130.8725    -132.4901    -131.3811    -131.1873
               -131.3992    -131.8878    -131.2428    -134.9159    -131.2644
               -131.3153    -128.2256    -129.1995    -131.8380    -130.7389
               -130.4853    -129.2555    -131.0376    -132.1971    -131.3896
               -130.9506    -128.9818    -133.0063    -132.3363    -128.8506
               -131.0876    -132.0232    -129.1892    -129.9714    -131.8677
               -132.9738    -132.8586    -133.0143    -130.3498    -131.3657
               -132.2352    -132.0662    -133.1682    -131.2218    -129.3658
               -131.5541    -132.0954    -129.7202    -126.7777    -129.5255
   3      0    -133.3100    -132.5759    -131.4454    -132.3199    -131.5851
               -131.2753    -130.9160    -132.5947    -131.4662    -131.1879
               -131.3808    -131.9383    -131.3485    -135.0051    -131.3274
               -131.4399    -128.2964    -129.2622    -131.9159    -130.7973
               -130.5843    -129.3218    -131.1080    -132.1784    -131.4244
               -130.9902    -128.9848    -133.1125    -132.3641    -128.9186
               -131.0907    -132.0246    -129.2140    -130.0358    -131.9789
               -133.0206    -132.8759    -133.0322    -130.4591    -131.4771
               -132.3492    -132.1005    -133.1894    -131.2630    -129.4057
               -131.6280    -132.1416    -129.7374    -126.8157    -129.5508
   4      0    -133.2623    -132.4788    -131.3960    -132.3697    -131.4759
               -131.3646    -130.8769    -132.5173    -131.3773    -131.2241
               -131.3900    -131.9766    -131.2889    -135.0212    -131.2980
               -131.3525    -128.2071    -129.2468    -131.8008    -130.7237
               -130.4773    -129.3470    -131.0298    -132.2092    -131.3874
               -131.0212    -129.0295    -133.0855    -132.3408    -128.9291
               -131.0716    -132.0246    -129.1853    -130.0172    -131.8987
               -132.9788    -132.8304    -132.9934    -130.3432    -131.4223
               -132.3017    -132.0798    -133.1415    -131.2323    -129.3398
               -131.5744    -132.0828    -129.6906    -126.7506    -129.5396
   5      0    -133.2472    -132.4924    -131.4341    -132.3241    -131.4538
               -131.2198    -130.8334    -132.6363    -131.3945    -131.2721
               -131.4014    -131.8122    -131.2757    -135.0245    -131.3403
               -131.4431    -128.2267    -129.2090    -131.7880    -130.7194
               -130.5400    -129.2705    -130.9878    -132.1797    -131.3600
               -130.9880    -128.9820    -133.1111    -132.2683    -128.8709
               -131.0806    -131.9865    -129.1951    -130.0807    -131.9656
               -132.9692    -132.8120    -133.0079    -130.2641    -131.3512
               -132.2846    -132.1969    -133.1453    -131.2137    -129.4060
               -131.6475    -132.0429    -129.7689    -126.7246    -129.5758
   5     60    -135.5769    -134.8114    -133.7587    -134.6611    -133.7853
               -133.5558    -133.1856    -134.9792    -133.7269    -133.6207
               -133.7434    -134.1435    -133.6137    -137.3429    -133.6848
               -133.7608    -130.5586    -131.5775    -134.1327    -133.0544
               -132.8815    -131.6059    -133.3104    -134.5061    -133.7003
               -133.3305    -131.3386    -135.4462    -134.6097    -131.2076
               -133.4207    -134.3093    -131.5365    -132.4175    -134.2952
               -135.2868    -135.1437    -135.3510    -132.5986    -133.6730
               -134.6131    -134.5147    -135.4408    -133.5335    -131.7550
               -133.9731    -134.3680    -132.1118    -129.0910    -131.9405
   5     80    -141.0311    -140.2087    -139.1666    -140.0594    -139.1724
               -138.9869    -138.6409    -140.4072    -139.1310    -139.0658
               -139.1680    -139.5935    -139.0682    -142.7553    -139.1257
               -139.1799    -135.9811    -137.0596    -139.5895    -138.5107
               -138.3030    -137.0141    -138.7284    -139.9552    -139.1510
               -138.7984    -136.8037    -140.8735    -140.0472    -136.6564
               -138.8450    -139.7228    -136.9679    -137.8346    -139.6868
               -140.6952    -140.5634    -140.8076    -138.0468    -139.0718
               -140.0354    -139.9252    -140.8363    -138.9392    -137.1935
               -139.3922    -139.7853    -137.5836    -134.5760    -137.4085
   5    100    -148.2164    -147.3633    -146.2988    -147.1956    -146.2828
               -146.1330    -145.8164    -147.5685    -146.2786    -146.2278
               -146.3252    -146.7652    -146.2221    -149.9828    -146.3152
               -146.2803    -143.0710    -144.2113    -146.7318    -145.6965
               -145.4386    -144.1636    -145.8531    -147.1055    -146.2705
               -145.9508    -143.9475    -148.0324    -147.2086    -143.7739
               -145.9566    -146.8231    -144.1323    -144.9938    -146.8179
               -147.8463    -147.6914    -147.9661    -145.1848    -146.1949
               -147.1950    -147.0490    -147.9906    -146.0917    -144.3241
               -146.5073    -146.9283    -144.7237    -141.6849    -144.5348
 
 group  inft   Estimated free energy: 1-th solvent contribution (kcal/mol)
   1      0     -82.9081     -77.6088     -85.7395     -97.5898     -86.4913
                -88.8993     -92.8901     -94.5782     -84.2865     -85.1767
                -88.2949     -86.4253     -85.0698     -78.8918     -87.2180
                -82.7194     -91.5701     -91.6155     -89.2921     -90.5238
                -89.1046     -78.7301     -73.7447     -75.5924     -84.8114
                -91.7164     -92.2654     -76.1309     -82.4014     -84.3379
                -88.6348     -73.2882     -85.2554     -83.7298     -84.7670
                -78.9453     -84.7387     -88.0407     -87.5381     -75.5693
                -76.0279     -70.3004     -61.8379     -78.3496     -92.1179
                -73.7379     -76.9763     -91.7825    -104.4614    -103.5960
   1     60     -83.2035     -77.9002     -86.0324     -97.8849     -86.7832
                -89.1958     -93.1882     -94.8742     -84.5811     -85.4734
                -88.5890     -86.7169     -85.3652     -79.1823     -87.5123
                -83.0123     -91.8639     -91.9132     -89.5876     -90.8195
                -89.3983     -79.0215     -74.0382     -75.8869     -85.1062
                -92.0119     -92.5616     -76.4270     -82.6956     -84.6344
                -88.9300     -73.5828     -85.5511     -84.0253     -85.0617
                -79.2394     -85.0328     -88.3358     -87.8327     -75.8644
                -76.3213     -70.5946     -62.1271     -78.6422     -92.4136
                -74.0296     -77.2709     -92.0776    -104.7606    -103.8954
   1     80     -83.9719     -78.6615     -86.7979     -98.6516     -87.5412
                -89.9620     -93.9612     -95.6438     -85.3438     -86.2435
                -89.3562     -87.4807     -86.1330     -79.9389     -88.2813
                -83.7779     -92.6294     -92.6864     -90.3552     -91.5878
                -90.1643     -79.7788     -74.7988     -76.6538     -85.8736
                -92.7802     -93.3306     -77.1959     -83.4579     -85.4022
                -89.6998     -74.3477     -86.3193     -84.7875     -85.8245
                -80.0050     -85.7943     -89.1060     -88.5970     -76.6256
                -77.0871     -71.3572     -62.8852     -79.4047     -93.1798
                -74.7886     -78.0357     -92.8460    -105.5377    -104.6667
   1    100     -85.3244     -80.0096     -88.1430     -99.9961     -88.8781
                -91.3081     -95.3181     -96.9946     -86.6892     -87.5961
                -90.7059     -88.8319     -87.4869     -81.2970     -89.6370
                -85.1219     -93.9701     -94.0340     -91.7022     -92.9409
                -91.5110     -81.1206     -76.1462     -78.0055     -87.2183
                -94.1291     -94.6748     -78.5440     -84.8098     -86.7485
                -91.0506     -75.6963     -87.6661     -86.1365     -87.1680
                -81.3541     -87.1426     -90.4574     -89.9416     -77.9684
                -78.4393     -72.7040     -64.2365     -80.7523     -94.5222
                -76.1259     -79.3851     -94.1882    -106.8820    -106.0122
   2      0     -82.8616     -77.5499     -85.6822     -97.5335     -86.4417
                -88.8537     -92.7992     -94.4690     -84.2210     -85.1379
                -88.2457     -86.3735     -85.0281     -78.8568     -87.1547
                -82.6236     -91.4791     -91.5138     -89.2213     -90.4816
                -89.0614     -78.6849     -73.6510     -75.5348     -84.7294
                -91.6588     -92.2249     -76.0921     -82.3499     -84.2398
                -88.5528     -73.2277     -85.2161     -83.7129     -84.7157
                -78.8816     -84.6705     -87.9832     -87.4132     -75.5117
                -75.9471     -70.2421     -61.8037     -78.3134     -92.0856
                -73.6829     -76.9017     -91.7367    -104.3532    -103.5252
   3      0     -82.8296     -77.5371     -85.6511     -97.5171     -86.4425
                -88.8222     -92.7765     -94.4872     -84.2424     -85.1236
                -88.2196     -86.3613     -85.0126     -78.8467     -87.1675
                -82.6354     -91.4895     -91.5038     -89.2060     -90.4617
                -89.0492     -78.6693     -73.6533     -75.4942     -84.7199
                -91.6583     -92.2373     -76.0954     -82.3525     -84.2389
                -88.5186     -73.1839     -85.1941     -83.6837     -84.7089
                -78.8903     -84.6814     -87.9489     -87.4336     -75.4950
                -75.9527     -70.2126     -61.7976     -78.3003     -92.0612
                -73.6845     -76.8883     -91.7306    -104.3649    -103.5338
   4      0     -82.7906     -77.4639     -85.6089     -97.5089     -86.3784
                -88.8143     -92.7276     -94.4340     -84.1812     -85.1088
                -88.1865     -86.3427     -84.9946     -78.8106     -87.1195
                -82.5752     -91.4283     -91.4689     -89.1430     -90.4288
                -89.0097     -78.6405     -73.6004     -75.4864     -84.6684
                -91.6330     -92.2086     -76.0810     -82.3326     -84.2065
                -88.4821     -73.1587     -85.1600     -83.6805     -84.6538
                -78.8273     -84.6375     -87.9152     -87.3627     -75.4537
                -75.9158     -70.2007     -61.7693     -78.2664     -92.0457
                -73.6548     -76.8675     -91.6766    -104.3013    -103.4621
   5      0     -82.8230     -77.5046     -85.6565     -97.5087     -86.4134
                -88.8262     -92.7502     -94.4822     -84.2271     -85.1379
                -88.2192     -86.3351     -84.9974     -78.8697     -87.1731
                -82.6257     -91.4753     -91.4989     -89.2014     -90.4417
                -89.0284     -78.6631     -73.6353     -75.4997     -84.7222
                -91.6860     -92.2347     -76.1044     -82.3561     -84.2373
                -88.5323     -73.1747     -85.1854     -83.6951     -84.6925
                -78.8490     -84.6666     -87.9330     -87.3863     -75.4689
                -75.9450     -70.2443     -61.7740     -78.2790     -92.0874
                -73.7426     -76.8726     -91.7274    -104.3400    -103.5116
   5     60     -83.1860     -77.8646     -86.0174     -97.8726     -86.7722
                -89.1900     -93.1164     -94.8465     -84.5898     -85.5033
                -88.5830     -86.6963     -85.3601     -79.2271     -87.5373
                -82.9866     -91.8363     -91.8667     -89.5632     -90.8061
                -89.3911     -79.0232     -73.9943     -75.8613     -85.0852
                -92.0493     -92.5994     -76.4681     -82.7174     -84.6009
                -88.8966     -73.5370     -85.5490     -84.0577     -85.0547
                -79.2103     -85.0277     -88.2972     -87.7474     -75.8304
                -76.3075     -70.6047     -62.1301     -78.6391     -92.4512
                -74.1013     -77.2343     -92.0907    -104.7081    -103.8789
   5     80     -84.0434     -78.7109     -86.8660     -98.7223     -87.6113
                -90.0441     -93.9742     -95.6993     -85.4392     -86.3589
                -89.4340     -87.5490     -86.2156     -80.0707     -88.3915
                -83.8388     -92.6852     -92.7259     -90.4147     -91.6652
                -90.2404     -79.8661     -74.8406     -76.7161     -85.9397
                -92.9066     -93.4548     -77.3223     -83.5663     -85.4576
                -89.7504     -74.3900     -86.4010     -84.9072     -85.9021
                -80.0619     -85.8770     -89.1538     -88.5987     -76.6791
                -77.1597     -71.4542     -62.9756     -79.4870     -93.3033
                -74.9464     -78.0855     -92.9481    -105.5705    -104.7381
   5    100     -85.2545     -79.9175     -88.0695     -99.9254     -88.8061
                -91.2503     -95.1853     -96.9075     -86.6459     -87.5694
                -90.6413     -88.7590     -87.4256     -81.2883     -89.6055
                -85.0384     -93.8775     -93.9314     -91.6197     -92.8790
                -91.4446     -81.0697     -76.0413     -77.9249     -87.1398
                -94.1137     -94.6592     -78.5313     -84.7756     -86.6602
                -90.9557     -75.5924     -87.6112     -86.1165     -87.1065
                -81.2697     -87.0811     -90.3647     -89.7991     -77.8823
                -78.3707     -72.6592     -64.1865     -80.6939     -94.5061
                -76.1455     -79.2943     -94.1512    -106.7689    -105.9430
 
 group  inft   Estimated free energy: 2-th solvent contribution (kcal/mol)
   1      0     -50.2704     -54.7956     -45.6340     -34.6513     -44.9927
                -42.2979     -37.9247     -37.9085     -47.0386     -45.8862
                -42.9851     -45.3932     -46.0940     -56.0151     -43.9610
                -48.6660     -36.6411     -37.6123     -42.4770     -40.1908
                -41.3091     -50.5277     -57.2669     -56.5847     -46.5420
                -39.2027     -36.5885     -56.8055     -49.8490     -44.5308
                -42.4610     -58.6768     -43.8729     -46.2681     -47.0737
                -53.9447     -48.0360     -44.9673     -42.8253     -55.8242
                -56.2015     -61.8139     -71.2239     -52.7971     -37.1959
                -57.7690     -55.0804     -37.8318     -22.2612     -25.9383
   1     60     -51.8794     -56.3881     -47.2352     -36.2590     -46.6080
                -43.9147     -39.5477     -39.5246     -48.6498     -47.5063
                -44.5933     -46.9950     -47.7134     -57.6180     -45.5697
                -50.2620     -38.2519     -39.2392     -44.1070     -41.8011
                -42.9211     -52.1370     -58.8805     -58.1936     -48.1568
                -40.8209     -38.2164     -58.4217     -51.4701     -46.1479
                -44.0706     -60.2820     -45.4918     -47.8882     -48.6832
                -55.5466     -49.6506     -46.5780     -44.4433     -57.4345
                -57.7994     -63.4235     -72.8075     -54.3974     -38.8193
                -59.3790     -56.6872     -39.4472     -23.8916     -27.5785
   1     80     -56.0516     -60.5316     -51.3941     -40.4084     -50.7713
                -48.0668     -43.7359     -43.7023     -52.7957     -51.6885
                -48.7725     -51.1712     -51.8966     -61.7701     -49.7490
                -54.4138     -42.4280     -43.4441     -48.3127     -45.9642
                -47.1008     -56.2930     -63.0397     -62.3638     -52.3366
                -45.0005     -42.4142     -62.5921     -55.6424     -50.3081
                -48.2404     -64.4229     -49.6779     -52.0412     -52.8246
                -59.6921     -53.8009     -50.7604     -48.6116     -61.5630
                -61.9495     -67.5716     -76.9373     -58.5456     -42.9991
                -63.5434     -60.8353     -43.6309     -28.0982     -31.7685
   1    100     -62.8191     -67.2738     -58.1163     -47.1313     -57.4945
                -54.7855     -50.5026     -50.4516     -59.5242     -58.4333
                -55.5283     -57.9435     -58.6547     -68.5861     -56.5188
                -61.1270     -49.1618     -50.1874     -55.0455     -52.7179
                -53.8454     -63.0296     -69.7883     -69.0962     -59.0720
                -51.7374     -49.1333     -69.3332     -62.3938     -57.0223
                -54.9647     -71.1353     -56.4098     -58.7816     -59.5341
                -66.4277     -60.5316     -57.4944     -55.3431     -68.2559
                -68.6805     -74.2905     -83.6703     -65.2783     -49.7163
                -70.2414     -67.5487     -50.3403     -34.8113     -38.4885
   2      0     -50.4313     -54.9818     -45.7495     -34.7853     -45.1033
                -42.4191     -38.0912     -38.0390     -47.1779     -46.0674
                -43.1714     -45.5322     -46.2326     -56.0771     -44.1277
                -48.7097     -36.7644     -37.7036     -42.6347     -40.2752
                -41.4419     -50.5885     -57.4045     -56.6802     -46.6782
                -39.3097     -36.7749     -56.9321     -50.0043     -44.6287
                -42.5527     -58.8134     -43.9911     -46.2764     -47.1700
                -54.1101     -48.2061     -45.0491     -42.9545     -55.8719
                -56.3060     -61.8420     -71.3824     -52.9263     -37.2981
                -57.8891     -55.2116     -38.0014     -22.4424     -26.0182
   3      0     -50.4983     -55.0567     -45.8123     -34.8208     -45.1605
                -42.4710     -38.1574     -38.1255     -47.2417     -46.0822
                -43.1791     -45.5949     -46.3538     -56.1763     -44.1779
                -48.8224     -36.8248     -37.7763     -42.7279     -40.3536
                -41.5531     -50.6705     -57.4725     -56.7021     -46.7225
                -39.3498     -36.7654     -57.0351     -50.0296     -44.6976
                -42.5901     -58.8586     -44.0378     -46.3700     -47.2879
                -54.1482     -48.2125     -45.1011     -43.0434     -56.0000
                -56.4143     -61.9059     -71.4097     -52.9806     -37.3624
                -57.9614     -55.2713     -38.0247     -22.4687     -26.0349
   4      0     -50.4896     -55.0328     -45.8050     -34.8787     -45.1154
                -42.5682     -38.1672     -38.1012     -47.2140     -46.1332
                -43.2215     -45.6518     -46.3122     -56.2285     -44.1964
                -48.7953     -36.7968     -37.7959     -42.6757     -40.3128
                -41.4855     -50.7245     -57.4473     -56.7407     -46.7369
                -39.4060     -36.8388     -57.0224     -50.0261     -44.7406
                -42.6075     -58.8837     -44.0432     -46.3547     -47.2628
                -54.1695     -48.2109     -45.0961     -42.9985     -55.9865
                -56.4038     -61.8970     -71.3901     -52.9838     -37.3120
                -57.9376     -55.2332     -38.0319     -22.4673     -26.0954
   5      0     -50.4421     -55.0057     -45.7955     -34.8333     -45.0583
                -42.4116     -38.1011     -38.1721     -47.1854     -46.1521
                -43.2000     -45.4949     -46.2962     -56.1727     -44.1852
                -48.8353     -36.7693     -37.7281     -42.6044     -40.2956
                -41.5295     -50.6253     -57.3704     -56.6979     -46.6556
                -39.3199     -36.7652     -57.0246     -49.9301     -44.6515
                -42.5662     -58.8297     -44.0277     -46.4035     -47.2911
                -54.1382     -48.1634     -45.0929     -42.8957     -55.9002
                -56.3575     -61.9705     -71.3893     -52.9526     -37.3366
                -57.9228     -55.1882     -38.0594     -22.4026     -26.0821
   5     60     -52.4088     -56.9647     -47.7593     -36.8065     -47.0310
                -44.3837     -40.0871     -40.1506     -49.1549     -48.1353
                -45.1784     -47.4651     -48.2715     -58.1337     -46.1654
                -50.7921     -38.7402     -39.7288     -44.5875     -42.2662
                -43.5084     -52.6006     -59.3340     -58.6627     -48.6330
                -41.2991     -38.7571     -58.9961     -51.9102     -46.6246
                -44.5420     -60.7903     -46.0054     -48.3777     -49.2585
                -56.0944     -50.1339     -47.0718     -44.8691     -57.8605
                -58.3236     -63.9280     -73.3286     -54.9123     -39.3218
                -59.8898     -57.1516     -40.0390     -24.4008     -28.0794
   5     80     -57.0056     -61.5158     -52.3185     -41.3550     -51.5789
                -48.9608     -44.6846     -44.7258     -53.7097     -52.7249
                -49.7520     -52.0624     -52.8705     -62.7025     -50.7522
                -55.3590     -43.3137     -44.3516     -49.1927     -46.8634
                -48.0805     -57.1659     -63.9058     -63.2570     -53.2292
                -45.9097     -43.3668     -63.5691     -56.4988     -51.2167
                -49.1126     -65.3507     -50.5848     -52.9454     -53.8026
                -60.6512     -54.7043     -51.6718     -49.4660     -62.4106
                -62.8936     -68.4889     -77.8786     -59.4701     -43.9081
                -64.4637     -61.7177     -44.6534     -29.0235     -32.6883
   5    100     -62.9798     -67.4637     -58.2472     -47.2881     -57.4947
                -54.9006     -50.6489     -50.6789     -59.6506     -58.6763
                -55.7018     -58.0240     -58.8144     -68.7124     -56.7276
                -61.2599     -49.2114     -50.2979     -55.1300     -52.8354
                -54.0119     -63.1117     -69.8297     -69.1985     -59.1486
                -51.8550     -49.3062     -69.5190     -62.4510     -57.1316
                -55.0188     -71.2487     -56.5390     -58.8952     -59.7294
                -66.5945     -60.6282     -57.6194     -55.4036     -68.3305
                -68.8422     -74.4078     -83.8220     -65.4157     -49.8359
                -70.3798     -67.6519     -50.5904     -34.9339     -38.6097
 
 
 cumulative average & 95% error for solvation free energy
              total             1st component         2nd component
  1  -133.3100              -82.8296              -50.4983
  2  -132.9430     0.7342   -80.1834     5.2925   -52.7775     4.5583
  3  -132.4438     1.0846   -82.0059     4.7564   -50.4558     5.3374
  4  -132.4128     0.7694   -85.8837     8.4534   -46.5470     8.6808
  5  -132.2473     0.6818   -85.9955     6.5518   -46.2697     6.7470
  6  -132.0853     0.6441   -86.4666     5.4319   -45.6366     5.6525
  7  -131.9182     0.6387   -87.3680     4.9321   -44.5681     5.2334
  8  -132.0028     0.5784   -88.2579     4.6273   -43.7628     4.8100
  9  -131.9432     0.5239   -87.8117     4.1773   -44.1494     4.3119
 10  -131.8676     0.4923   -87.5429     3.7748   -44.3426     3.8760
 11  -131.8234     0.4540   -87.6044     3.4166   -44.2369     3.5123
 12  -131.8330     0.4149   -87.5008     3.1258   -44.3500     3.2143
 13  -131.7957     0.3889   -87.3094     2.9007   -44.5042     2.9727
 14  -132.0249     0.5829   -86.7050     2.9451   -45.3379     3.2179
 15  -131.9784     0.5506   -86.7358     2.7424   -45.2606     2.9997
 16  -131.9448     0.5194   -86.4795     2.6160   -45.4832     2.8411
 17  -131.7302     0.6498   -86.7742     2.5270   -44.9739     2.8565
 18  -131.5931     0.6712   -87.0370     2.4398   -44.5740     2.8094
 19  -131.6101     0.6358   -87.1511     2.3191   -44.4768     2.6645
 20  -131.5694     0.6087   -87.3167     2.2248   -44.2707     2.5612
 21  -131.5225     0.5865   -87.3992     2.1226   -44.1413     2.4499
 22  -131.4225     0.5939   -87.0023     2.1739   -44.4380     2.4101
 23  -131.4088     0.5682   -86.4220     2.3796   -45.0048     2.5667
 24  -131.4409     0.5477   -85.9666     2.4535   -45.4922     2.6437
 25  -131.4402     0.5254   -85.9168     2.3554   -45.5414     2.5377
 26  -131.4229     0.5060   -86.1376     2.3057   -45.3032     2.4842
 27  -131.3326     0.5193   -86.3635     2.2642   -44.9870     2.4727
 28  -131.3962     0.5163   -85.9968     2.3018   -45.4173     2.5334
 29  -131.4295     0.5026   -85.8711     2.2352   -45.5763     2.4651
 30  -131.3458     0.5136   -85.8167     2.1622   -45.5471     2.3822
 31  -131.3376     0.4970   -85.9039     2.0985   -45.4517     2.3120
 32  -131.3591     0.4832   -85.5064     2.1819   -45.8706     2.3902
 33  -131.2941     0.4860   -85.4969     2.1148   -45.8151     2.3193
 34  -131.2571     0.4773   -85.4436     2.0544   -45.8314     2.2503
 35  -131.2777     0.4653   -85.4226     1.9953   -45.8730     2.1867
 36  -131.3261     0.4624   -85.2411     1.9728   -46.1029     2.1742
 37  -131.3680     0.4575   -85.2260     1.9189   -46.1599     2.1177
 38  -131.4118     0.4538   -85.2977     1.8732   -46.1320     2.0620
 39  -131.3874     0.4447   -85.3524     1.8279   -46.0529     2.0147
 40  -131.3896     0.4335   -85.1060     1.8485   -46.3015     2.0257
 41  -131.4130     0.4254   -84.8827     1.8573   -46.5482     2.0363
 42  -131.4294     0.4164   -84.5335     1.9425   -46.9138     2.1175
 43  -131.4703     0.4148   -84.0047     2.1717   -47.4835     2.3608
 44  -131.4656     0.4053   -83.8751     2.1375   -47.6084     2.3200
 45  -131.4198     0.4067   -84.0570     2.1209   -47.3808     2.3131
 46  -131.4244     0.3978   -83.8315     2.1228   -47.6108     2.3086
 47  -131.4396     0.3905   -83.6838     2.0980   -47.7738     2.2823
 48  -131.4042     0.3888   -83.8514     2.0810   -47.5707     2.2709
 49  -131.3105     0.4243   -84.2701     2.2034   -47.0584     2.4487
 50  -131.2753     0.4217   -84.6553     2.2923   -46.6379     2.5424
 
 Mesh error is    0.113 kcal/mol
