 ERmod 0.3.8, Copyright (C) 2000-2019 Nobuyuki Matubayasi
                            2010-2019 Shun Sakuraba
 ERmod comes with ABSOLUTELY NO WARRANTY.
 This is free software, and you can redistribute it
 and/or modify it under certain conditions.
 See LICENSE file for details.
 ERmod 0.3.8, Copyright (C) 2000-2019 Nobuyuki Matubayasi
                            2010-2019 Shun Sakuraba
 ERmod comes with ABSOLUTELY NO WARRANTY.
 This is free software, and you can redistribute it
 and/or modify it under certain conditions.
 See LICENSE file for details.
 
  Number of the   1-th solvent  =          378
  Number of the   2-th solvent  =        10000
 
  Be sure that the solvent distribution is homogeneous (radial distribution function is essentially unity) when the solvent molecule is separated beyond distance of   10.0 Angstrom in any direction from any atom within the solute molecule
 
  LJ long-range correction    =        -1.1319     -7.1533
 
  Self-energy of the solute   =        -0.0414  kcal/mol
 
 
 cumulative average & 95% error for solvation energy
              total             1st component         2nd component
  1  -473.3697              -91.5172             -381.8111
  2  -474.3892     2.0390   -84.2777    14.4791  -390.0701    16.5181
  3  -473.6339     1.9152   -91.0055    15.8409  -382.5869    17.7466
  4  -474.5293     2.2453   -83.6148    18.5461  -390.8731    20.7873
  5  -474.6571     1.7579   -79.1848    16.8782  -395.4308    18.5029
  6  -474.5775     1.4441   -76.5649    14.7436  -397.9713    15.9391
  7  -474.6079     1.2220   -75.9567    12.5198  -398.6098    13.5314
  8  -475.0128     1.3325   -75.3311    10.9144  -399.6403    11.8984
  9  -475.1386     1.2018   -74.6134     9.7321  -400.4838    10.6281
 10  -475.0113     1.1046   -72.2011     9.9523  -402.7688    10.5476
 11  -474.8538     1.0476   -70.8684     9.3885  -403.9440     9.8259
 12  -474.9165     0.9645   -70.3623     8.6300  -404.5129     9.0416
 13  -474.8579     0.8950   -69.6700     8.0583  -405.1465     8.4131
 14  -474.8180     0.8324   -69.7890     7.4643  -404.9876     7.7955
 15  -474.7938     0.7764   -69.1769     7.0559  -405.5755     7.3519
 16  -474.7647     0.7286   -69.0593     6.6044  -405.6640     6.8793
 17  -474.6962     0.6980   -68.5859     6.2756  -406.0689     6.5125
 18  -474.8265     0.7078   -68.2152     5.9630  -406.5699     6.2213
 19  -474.8719     0.6756   -68.9939     5.8515  -405.8366     6.0648
 20  -474.8408     0.6440   -69.2115     5.5682  -405.5879     5.7750
 21  -474.8451     0.6126   -68.3843     5.5488  -406.4193     5.7393
 22  -474.8009     0.5908   -67.6107     5.5122  -407.1487     5.6633
 23  -474.8842     0.5886   -67.1179     5.3585  -407.7249     5.5328
 24  -474.9476     0.5776   -66.9863     5.1371  -407.9199     5.3116
 25  -474.9121     0.5585   -66.4054     5.0625  -408.4653     5.2102
 26  -474.9791     0.5531   -65.8249     5.0005  -409.1127     5.1705
 27  -474.9846     0.5323   -65.3521     4.9038  -409.5911     5.0665
 28  -475.0452     0.5271   -65.9633     4.8810  -409.0404     5.0049
 29  -474.9724     0.5290   -66.5964     4.8769  -408.3346     5.0313
 30  -474.9607     0.5116   -66.7779     4.7255  -408.1414     4.8761
 31  -474.9415     0.4963   -66.6051     4.5836  -408.2950     4.7261
 32  -474.9804     0.4868   -66.4051     4.4560  -408.5339     4.6010
 33  -475.0288     0.4816   -65.6308     4.5881  -409.3565     4.7532
 34  -475.0711     0.4749   -65.6346     4.4511  -409.3952     4.6119
 35  -475.0617     0.4615   -66.5937     4.7286  -408.4266     4.8792
 36  -474.9845     0.4743   -67.3901     4.8636  -407.5530     5.0534
 37  -474.9493     0.4666   -67.5368     4.7394  -407.3711     4.9284
 38  -474.9060     0.4624   -67.4615     4.6155  -407.4030     4.7973
 39  -474.7980     0.4995   -67.7092     4.5228  -407.0474     4.7266
 40  -474.8243     0.4897   -67.9100     4.4265  -406.8730     4.6201
 41  -474.7984     0.4804   -68.0623     4.3279  -406.6946     4.5201
 42  -474.8019     0.4689   -68.1663     4.2287  -406.5942     4.4157
 43  -474.7216     0.4852   -68.3084     4.1390  -406.3718     4.3347
 44  -474.7226     0.4740   -68.2610     4.0450  -406.4202     4.2361
 45  -474.6748     0.4732   -68.7175     4.0581  -405.9159     4.2620
 46  -474.6741     0.4628   -68.6839     3.9695  -405.9488     4.1688
 47  -474.6822     0.4531   -68.4266     3.9180  -406.2142     4.1136
 48  -474.7049     0.4459   -67.9525     3.9510  -406.7110     4.1477
 49  -474.6912     0.4375   -68.5225     4.0340  -406.1273     4.2266
 50  -474.6634     0.4323   -68.8383     4.0026  -405.7837     4.1979
 
 
 group  inft  solvation free energy     error          difference
  total solvation free energy
   1      0       -102.47803           0.27528           0.11764
   1     60       -103.39684           0.27409          -0.80116
   1     80       -107.05658           0.27270          -4.46091
   1    100       -116.09992           0.27165         -13.50424
   2      0       -102.54673           0.27243           0.04894
   3      0       -102.59567           0.27110           0.00000
   4      0       -102.55078           0.27132           0.04489
   5      0       -102.64634           0.27124          -0.05067
   5     60       -103.78932           0.27006          -1.19365
   5     80       -108.08053           0.26738          -5.48486
   5    100       -116.32109           0.26663         -13.72542
 
  contribution from  1-th solvent component
   1      0        -25.12399           1.58048           0.02707
   1     60        -25.15829           1.58054          -0.00723
   1     80        -25.30813           1.58074          -0.15707
   1    100        -25.73822           1.58080          -0.58716
   2      0        -25.14023           1.57969           0.01083
   3      0        -25.15106           1.57902           0.00000
   4      0        -25.15668           1.57898          -0.00562
   5      0        -25.16203           1.57916          -0.01098
   5     60        -25.20521           1.57923          -0.05415
   5     80        -25.38610           1.57946          -0.23504
   5    100        -25.78243           1.57945          -0.63137
 
  contribution from  2-th solvent component
   1      0        -77.31263           1.76964           0.09057
   1     60        -78.19714           1.76829          -0.79394
   1     80        -81.70703           1.76608          -4.30383
   1    100        -90.32029           1.76340         -12.91708
   2      0        -77.36509           1.76699           0.03812
   3      0        -77.40320           1.76666           0.00000
   4      0        -77.35269           1.76629           0.05051
   5      0        -77.44290           1.76713          -0.03970
   5     60        -78.54270           1.76574          -1.13949
   5     80        -82.65302           1.76247          -5.24982
   5    100        -90.49725           1.76023         -13.09405
 
 
 group  inft   Estimated free energy: total (kcal/mol)
   1      0    -100.7279    -102.9731    -100.1297    -104.0082    -103.2084
               -102.4189    -103.1765    -103.9386    -102.7100    -102.0008
               -101.8268    -103.2707    -103.1233    -102.5653    -102.7956
               -102.5436    -101.8578    -103.9368    -102.6173    -102.3075
               -103.1814    -102.5936    -103.7156    -103.2235    -102.6362
               -103.7513    -103.4724    -102.5850    -101.4174    -102.6276
               -102.4121    -103.6429    -103.9218    -103.7032    -101.5515
               -100.8407    -101.7763    -101.4133    -100.6043    -102.7322
               -101.6067    -102.3714    -100.6378    -102.4534    -101.4528
               -102.2810    -102.6600    -103.2933    -101.3636    -101.8427
   1     60    -101.6562    -103.8927    -101.0627    -104.9220    -104.1213
               -103.3362    -104.0931    -104.8551    -103.6346    -102.9169
               -102.7494    -104.1866    -104.0369    -103.4849    -103.7094
               -103.4612    -102.7770    -104.8504    -103.5404    -103.2307
               -104.0940    -103.5027    -104.6321    -104.1393    -103.5492
               -104.6609    -104.3853    -103.5110    -102.3386    -103.5425
               -103.3269    -104.5583    -104.8296    -104.6203    -102.4813
               -101.7699    -102.7017    -102.3326    -101.5272    -103.6495
               -102.5317    -103.2967    -101.5554    -103.3756    -102.3788
               -103.2030    -103.5747    -104.2039    -102.2868    -102.7646
   1     80    -105.3299    -107.5558    -104.7474    -108.5819    -107.7758
               -106.9950    -107.7556    -108.5140    -107.3037    -106.5745
               -106.3898    -107.8480    -107.6862    -107.1546    -107.3686
               -107.1323    -106.4254    -108.4991    -107.2038    -106.8853
               -107.7413    -107.1445    -108.2843    -107.8031    -107.2052
               -108.3047    -108.0317    -107.2065    -106.0032    -107.2009
               -106.9863    -108.2114    -108.4719    -108.2699    -106.1626
               -105.4432    -106.3851    -105.9941    -105.1831    -107.3099
               -106.1880    -106.9628    -105.2017    -107.0380    -106.0627
               -106.8582    -107.2264    -107.8503    -105.9392    -106.4321
   1    100    -114.3873    -116.5958    -113.8242    -117.6366    -116.8177
               -116.0267    -116.8050    -117.5616    -116.3751    -115.6306
               -115.4155    -116.9058    -116.7155    -116.2238    -116.4059
               -116.1892    -115.4682    -117.5319    -116.2830    -115.9232
               -116.7634    -116.1577    -117.3220    -116.8411    -116.2311
               -117.3322    -117.0579    -116.2895    -115.0387    -116.2337
               -116.0153    -117.2404    -117.5025    -117.3097    -115.2224
               -114.5362    -115.4566    -115.0402    -114.2123    -116.3470
               -115.2258    -116.0287    -114.2068    -116.0780    -115.1282
               -115.8963    -116.2525    -116.8790    -114.9614    -115.4664
   2      0    -100.8195    -103.0070    -100.2342    -104.0422    -103.2998
               -102.4630    -103.2559    -104.0333    -102.8013    -102.0825
               -101.9312    -103.3001    -103.1415    -102.6284    -102.8651
               -102.6516    -101.8745    -103.9925    -102.7189    -102.3272
               -103.2438    -102.6299    -103.7818    -103.2940    -102.6724
               -103.8058    -103.5151    -102.6075    -101.4707    -102.6718
               -102.4382    -103.7320    -103.9840    -103.7741    -101.5843
               -100.9363    -101.8479    -101.5105    -100.6653    -102.8229
               -101.7196    -102.4591    -100.8136    -102.5133    -101.5016
               -102.4175    -102.7232    -103.3633    -101.4612    -101.9059
   3      0    -100.9155    -102.9835    -100.2849    -104.0626    -103.3215
               -102.5370    -103.2807    -104.0649    -102.8797    -102.1459
               -101.9911    -103.3696    -103.2264    -102.6281    -102.9004
               -102.7010    -101.9380    -104.0296    -102.7149    -102.3590
               -103.2976    -102.6893    -103.7991    -103.3349    -102.7068
               -103.8507    -103.5829    -102.6867    -101.5543    -102.7147
               -102.5088    -103.7842    -104.0612    -103.8341    -101.6254
               -100.9831    -101.9163    -101.5946    -100.6823    -102.8698
               -101.8047    -102.4816    -100.8355    -102.5707    -101.5808
               -102.4643    -102.8021    -103.3873    -101.5019    -101.9436
   4      0    -100.8308    -103.0152    -100.2637    -104.0257    -103.3025
               -102.4714    -103.2138    -104.0380    -102.8315    -102.0993
               -101.9224    -103.3266    -103.1037    -102.6255    -102.9066
               -102.6591    -101.9709    -103.9961    -102.7309    -102.3565
               -103.2485    -102.6373    -103.7792    -103.3211    -102.6225
               -103.8143    -103.5452    -102.5639    -101.4904    -102.6053
               -102.4240    -103.6784    -103.9956    -103.7862    -101.5594
               -100.9160    -101.8623    -101.5274    -100.6351    -102.8172
               -101.7370    -102.5254    -100.8340    -102.4981    -101.4778
               -102.4611    -102.7444    -103.3292    -101.5013    -101.9114
   5      0    -100.9316    -103.0736    -100.3064    -104.0980    -103.3922
               -102.5908    -103.3225    -104.1266    -102.9129    -102.2317
               -102.0413    -103.3747    -103.2325    -102.6844    -102.9180
               -102.7499    -102.0127    -104.1173    -102.7633    -102.4093
               -103.3348    -102.7199    -103.8671    -103.4089    -102.7562
               -103.9302    -103.6353    -102.7323    -101.6359    -102.7616
               -102.5854    -103.8059    -104.0841    -103.8754    -101.7049
               -101.0492    -101.9934    -101.6336    -100.7259    -102.9162
               -101.8290    -102.5626    -100.9044    -102.6257    -101.5969
               -102.5228    -102.8856    -103.4252    -101.5661    -101.9529
   5     60    -102.0854    -104.2157    -101.4641    -105.2368    -104.5312
               -103.7311    -104.4651    -105.2689    -104.0590    -103.3745
               -103.1831    -104.5178    -104.3700    -103.8285    -104.0556
               -103.8937    -103.1570    -105.2552    -103.9117    -103.5548
               -104.4687    -103.8529    -105.0061    -104.5496    -103.8935
               -105.0650    -104.7711    -103.8838    -102.7810    -103.9007
               -103.7244    -104.9435    -105.2165    -105.0155    -102.8577
               -102.2048    -103.1439    -102.7777    -101.8709    -104.0615
               -102.9760    -103.7105    -102.0475    -103.7692    -102.7475
               -103.6675    -104.0261    -104.5606    -102.7140    -103.0988
   5     80    -106.4039    -108.5025    -105.7878    -109.5195    -108.8099
               -108.0199    -108.7543    -109.5561    -108.3696    -107.6682
               -107.4632    -108.8088    -108.6404    -108.1231    -108.3394
               -108.1951    -107.4443    -109.5331    -108.2147    -107.8440
               -108.7409    -108.1185    -109.2876    -108.8406    -108.1741
               -109.3378    -109.0444    -108.2080    -107.0744    -108.1833
               -108.0120    -109.2218    -109.4829    -109.2967    -107.1787
               -106.5305    -107.4595    -107.0743    -106.1608    -108.3579
               -107.2775    -108.0124    -106.3348    -108.0651    -107.0578
               -107.9575    -108.3055    -108.8325    -107.0086    -107.3922
   5    100    -114.6545    -116.7395    -114.0528    -117.7627    -117.0522
               -116.2566    -117.0038    -117.7995    -116.6334    -115.9168
               -115.6843    -117.0610    -116.8659    -116.3846    -116.5770
               -116.4483    -115.6765    -117.7651    -116.4780    -116.0762
               -116.9635    -116.3325    -117.5265    -117.0861    -116.4019
               -117.5624    -117.2716    -116.4855    -115.3103    -116.4100
               -116.2416    -117.4529    -117.7135    -117.5413    -115.4371
               -114.8122    -115.7231    -115.3230    -114.3817    -116.5876
               -115.5195    -116.2701    -114.5465    -116.3022    -115.3173
               -116.2026    -116.5377    -117.0518    -115.2270    -115.6266
 
 group  inft   Estimated free energy: 1-th solvent contribution (kcal/mol)
   1      0     -33.6144     -28.7664     -38.8944     -22.5437     -22.5285
                -23.2487     -26.7821     -26.2892     -25.0840     -17.4837
                -20.2248     -23.7312     -22.2976     -26.4662     -22.1864
                -24.3508     -21.4738     -22.7307     -31.1233     -26.6880
                -18.4277     -18.3519     -20.2214     -23.4788     -18.5854
                -18.2860     -18.9555     -30.5816     -31.2139     -26.9007
                -22.0391     -21.7398     -13.9858     -24.4031     -37.1562
                -35.5318     -26.5491     -23.3829     -28.2402     -27.5025
                -26.8393     -26.3259     -27.0185     -23.7661     -33.0007
                -24.5709     -20.0301     -15.5429     -35.4992     -31.5649
   1     60     -33.6486     -28.8011     -38.9287     -22.5776     -22.5627
                -23.2829     -26.8162     -26.3238     -25.1183     -17.5174
                -20.2592     -23.7657     -22.3319     -26.5004     -22.2207
                -24.3845     -21.5074     -22.7653     -31.1581     -26.7227
                -18.4614     -18.3853     -20.2561     -23.5133     -18.6196
                -18.3201     -18.9895     -30.6164     -31.2487     -26.9343
                -22.0734     -21.7744     -14.0196     -24.4376     -37.1917
                -35.5668     -26.5838     -23.4168     -28.2740     -27.5370
                -26.8735     -26.3596     -27.0523     -23.8007     -33.0358
                -24.6052     -20.0645     -15.5768     -35.5333     -31.5996
   1     80     -33.7978     -28.9520     -39.0779     -22.7264     -22.7127
                -23.4322     -26.9656     -26.4752     -25.2684     -17.6648
                -20.4084     -23.9166     -22.4819     -26.6497     -22.3709
                -24.5323     -21.6542     -22.9166     -31.3100     -26.8735
                -18.6095     -18.5321     -20.4076     -23.6640     -18.7694
                -18.4692     -19.1379     -30.7686     -31.4004     -27.0815
                -22.2235     -21.9253     -14.1680     -24.5883     -37.3461
                -35.7187     -26.7354     -23.5660     -28.4213     -27.6879
                -27.0227     -26.5074     -27.2002     -23.9517     -33.1885
                -24.7547     -20.2152     -15.7257     -35.6821     -31.7508
   1    100     -34.2249     -29.3812     -39.5060     -23.1561     -23.1436
                -23.8616     -27.3947     -26.9066     -25.6990     -18.0919
                -20.8381     -24.3490     -22.9127     -27.0816     -22.8037
                -24.9610     -22.0801     -23.3487     -31.7436     -27.3033
                -19.0382     -18.9588     -20.8407     -24.0973     -19.2002
                -18.8990     -19.5669     -31.2029     -31.8322     -27.5076
                -22.6536     -22.3565     -14.5981     -25.0210     -37.7803
                -36.1515     -27.1686     -23.9952     -28.8468     -28.1183
                -27.4511     -26.9342     -27.6261     -24.3818     -33.6209
                -25.1848     -20.6478     -16.1546     -36.1074     -32.1813
   2      0     -33.6202     -28.7940     -38.9007     -22.5708     -22.5472
                -23.2510     -26.8127     -26.3053     -25.1034     -17.5117
                -20.2475     -23.7352     -22.3020     -26.4942     -22.2011
                -24.3780     -21.5040     -22.7217     -31.1344     -26.6981
                -18.4634     -18.3862     -20.2336     -23.4854     -18.5940
                -18.3156     -18.9822     -30.5821     -31.2258     -26.9310
                -22.0639     -21.7524     -14.0004     -24.4148     -37.1442
                -35.5376     -26.5586     -23.4067     -28.2621     -27.5119
                -26.8489     -26.3433     -27.0474     -23.7806     -33.0121
                -24.5879     -20.0338     -15.5523     -35.5435     -31.5763
   3      0     -33.6461     -28.7855     -38.8988     -22.5839     -22.5579
                -23.2654     -26.8133     -26.3145     -25.1006     -17.5137
                -20.2637     -23.7412     -22.3247     -26.5112     -22.2263
                -24.3932     -21.5199     -22.7534     -31.1432     -26.7080
                -18.4796     -18.3993     -20.2365     -23.4968     -18.6047
                -18.3108     -19.0041     -30.5981     -31.2374     -26.9352
                -22.0728     -21.7670     -14.0213     -24.4278     -37.1420
                -35.5477     -26.5543     -23.4271     -28.2703     -27.5134
                -26.8521     -26.3452     -27.0568     -23.7896     -33.0271
                -24.6070     -20.0513     -15.5706     -35.5546     -31.5876
   4      0     -33.6410     -28.7942     -38.9182     -22.5887     -22.5682
                -23.2570     -26.8235     -26.3229     -25.1068     -17.5352
                -20.2777     -23.7386     -22.3277     -26.5193     -22.2255
                -24.4055     -21.5328     -22.7390     -31.1439     -26.7215
                -18.4877     -18.4168     -20.2438     -23.4989     -18.6000
                -18.3305     -19.0049     -30.5988     -31.2513     -26.9399
                -22.0825     -21.7608     -14.0323     -24.4248     -37.1294
                -35.5464     -26.5688     -23.4380     -28.2679     -27.5154
                -26.8501     -26.3579     -27.0789     -23.8011     -33.0282
                -24.6068     -20.0352     -15.5715     -35.5771     -31.6013
   5      0     -33.6361     -28.7875     -38.9240     -22.6032     -22.5873
                -23.2651     -26.8342     -26.3242     -25.1088     -17.5450
                -20.2830     -23.7497     -22.3404     -26.5128     -22.2293
                -24.4123     -21.5350     -22.7335     -31.1484     -26.7183
                -18.4988     -18.4166     -20.2516     -23.5092     -18.6072
                -18.3238     -19.0076     -30.6132     -31.2608     -26.9538
                -22.0778     -21.7700     -14.0306     -24.4124     -37.1535
                -35.5572     -26.5868     -23.4462     -28.2721     -27.5115
                -26.8645     -26.3731     -27.0712     -23.8065     -33.0279
                -24.6044     -20.0520     -15.5775     -35.5822     -31.6037
   5     60     -33.6793     -28.8310     -38.9671     -22.6460     -22.6305
                -23.3081     -26.8772     -26.3679     -25.1519     -17.5875
                -20.3260     -23.7932     -22.3836     -26.5558     -22.2723
                -24.4547     -21.5774     -22.7771     -31.1922     -26.7619
                -18.5413     -18.4587     -20.2953     -23.5524     -18.6502
                -18.3667     -19.0502     -30.6570     -31.3045     -26.9961
                -22.1211     -21.8134     -14.0734     -24.4558     -37.1981
                -35.6013     -26.6305     -23.4892     -28.3146     -27.5550
                -26.9076     -26.4157     -27.1140     -23.8500     -33.0719
                -24.6474     -20.0954     -15.6202     -35.6252     -31.6473
   5     80     -33.8601     -29.0127     -39.1474     -22.8256     -22.8116
                -23.4884     -27.0576     -26.5506     -25.3329     -17.7660
                -20.5065     -23.9750     -22.5645     -26.7359     -22.4529
                -24.6333     -21.7557     -22.9593     -31.3755     -26.9440
                -18.7201     -18.6361     -20.4781     -23.7337     -18.8307
                -18.5467     -19.2292     -30.8405     -31.4872     -27.1736
                -22.3023     -21.9950     -14.2529     -24.6377     -37.3840
                -35.7851     -26.8131     -23.6700     -28.4927     -27.7370
                -27.0882     -26.5947     -27.2937     -24.0319     -33.2555
                -24.8278     -20.2772     -15.8001     -35.8054     -31.8293
   5    100     -34.2539     -29.4080     -39.5411     -23.2218     -23.2093
                -23.8843     -27.4535     -26.9483     -25.7292     -18.1600
                -20.9022     -24.3728     -22.9614     -27.1342     -22.8507
                -25.0284     -22.1498     -23.3571     -31.7744     -27.3400
                -19.1160     -19.0299     -20.8772     -24.1315     -19.2271
                -18.9430     -19.6244     -31.2401     -31.8846     -27.5660
                -22.6990     -22.3922     -14.6502     -25.0364     -37.7828
                -36.1833     -27.2113     -24.0672     -28.8845     -28.1328
                -27.4840     -26.9889     -27.6874     -24.4282     -33.6537
                -25.2241     -20.6755     -16.1956     -36.1980     -32.2260
 
 group  inft   Estimated free energy: 2-th solvent contribution (kcal/mol)
   1      0     -67.0720     -74.1652     -61.1939     -81.4231     -80.6385
                -79.1288     -76.3530     -77.6080     -77.5846     -84.4757
                -81.5606     -79.4981     -80.7843     -76.0577     -80.5677
                -78.1514     -80.3426     -81.1647     -71.4526     -75.5780
                -84.7123     -84.2003     -83.4527     -79.7032     -84.0093
                -85.4239     -84.4756     -71.9621     -70.1622     -75.6855
                -80.3316     -81.8617     -89.8946     -79.2587     -64.3539
                -65.2674     -75.1858     -77.9890     -72.3227     -75.1883
                -74.7259     -76.0041     -73.5779     -78.6459     -68.4106
                -77.6686     -82.5885     -87.7090     -65.8230     -70.2364
   1     60     -67.9662     -75.0503     -62.0926     -82.3030     -81.5171
                -80.0119     -77.2355     -78.4899     -78.4749     -85.3581
                -82.4488     -80.3795     -81.6635     -76.9431     -81.4473
                -79.0353     -81.2282     -82.0437     -72.3409     -76.4667
                -85.5912     -85.0760     -84.3345     -80.5846     -84.8882
                -86.2993     -85.3544     -72.8532     -71.0485     -76.5668
                -81.2121     -82.7425     -90.7686     -80.1413     -65.2482
                -66.1617     -76.0765     -78.8744     -73.2118     -76.0711
                -75.6168     -76.8956     -74.4617     -79.5335     -69.3016
                -78.5564     -83.4688     -88.5857     -66.7120     -71.1236
   1     80     -71.4907     -78.5624     -65.6281     -85.8141     -85.0216
                -83.5214     -80.7486     -81.9974     -81.9939     -88.8683
                -85.9400     -83.8900     -85.1630     -80.4635     -84.9563
                -82.5586     -84.7298     -85.5411     -75.8524     -79.9704
                -89.0904     -88.5710     -87.8352     -84.0976     -88.3944
                -89.7941     -88.8524     -76.3965     -74.5614     -80.0780
                -84.7214     -86.2447     -94.2624     -83.6402     -68.7751
                -69.6832     -79.6083     -82.3867     -76.7204     -79.5806
                -79.1239     -80.4140     -77.9600     -83.0449     -72.8328
                -82.0620     -86.9697     -92.0832     -70.2157     -74.6399
   1    100     -80.1210     -87.1732     -74.2768     -94.4391     -93.6327
                -92.1236     -89.3689     -90.6136     -90.6347     -97.4973
                -94.5360     -92.5153     -93.7615     -89.1007     -93.5608
                -91.1869     -93.3467     -94.1418     -84.4980     -88.5785
                -97.6838     -97.1575     -96.4399     -92.7024     -96.9895
                -98.3917     -97.4496     -85.0451     -83.1651     -88.6847
                -93.3202     -94.8425    -102.8630     -92.2473     -77.4008
                -78.3432     -88.2466     -91.0036     -85.3242     -88.1873
                -87.7333     -89.0531     -86.5393     -91.6548     -81.4659
                -90.6701     -95.5633    -100.6830     -78.8126     -83.2436
   2      0     -67.1579     -74.1716     -61.2921     -81.4299     -80.7112
                -79.1705     -76.4018     -77.6866     -77.6565     -84.5294
                -81.6422     -79.5235     -80.7981     -76.0928     -80.6226
                -78.2322     -80.3290     -81.2294     -71.5431     -75.5877
                -84.7390     -84.2023     -83.5068     -79.7672     -84.0370
                -85.4488     -84.4915     -71.9840     -70.2035     -75.6994
                -80.3329     -81.9382     -89.9421     -79.3179     -64.3987
                -65.3574     -75.2479     -78.0624     -72.3618     -75.2696
                -74.8293     -76.0744     -73.7248     -78.6913     -68.4481
                -77.7882     -82.6479     -87.7695     -65.8763     -70.2882
   3      0     -67.2280     -74.1566     -61.3447     -81.4373     -80.7221
                -79.2302     -76.4259     -77.7089     -77.7377     -84.5908
                -81.6859     -79.5870     -80.8603     -76.0755     -80.6327
                -78.2663     -80.3766     -81.2348     -71.5303     -75.6096
                -84.7766     -84.2485     -83.5212     -79.7967     -84.0607
                -85.4985     -84.5374     -72.0472     -70.2755     -75.7381
                -80.3946     -81.9758     -89.9985     -79.3649     -64.4421
                -65.3939     -75.3205     -78.1261     -72.3706     -75.3150
                -74.9111     -76.0950     -73.7373     -78.7397     -68.5123
                -77.8158     -82.7094     -87.7753     -65.9059     -70.3145
   4      0     -67.1484     -74.1796     -61.3040     -81.3956     -80.6929
                -79.1730     -76.3489     -77.6738     -77.6834     -84.5227
                -81.6032     -79.5466     -80.7346     -76.0648     -80.6397
                -78.2122     -80.3967     -81.2157     -71.5456     -75.5936
                -84.7193     -84.1791     -83.4940     -79.7808     -83.9810
                -85.4425     -84.4989     -71.9237     -70.1977     -75.6240
                -80.3001     -81.8761     -89.9219     -79.3200     -64.3886
                -65.3282     -75.2520     -78.0480     -72.3259     -75.2604
                -74.8455     -76.1261     -73.7137     -78.6557     -68.4082
                -77.8129     -82.6678     -87.7163     -65.8827     -70.2687
   5      0     -67.2540     -74.2447     -61.3410     -81.4534     -80.7635
                -79.2844     -76.4469     -77.7610     -77.7627     -84.6453
                -81.7169     -79.5836     -80.8506     -76.1302     -80.6473
                -78.2962     -80.4363     -81.3424     -71.5735     -75.6496
                -84.7946     -84.2619     -83.5741     -79.8583     -84.1076
                -85.5649     -84.5863     -72.0777     -70.3338     -75.7664
                -80.4662     -81.9945     -90.0121     -79.4216     -64.5099
                -65.4506     -75.3652     -78.1459     -72.4124     -75.3633
                -74.9231     -76.1481     -73.7918     -78.7778     -68.5276
                -77.8770     -82.7922     -87.8063     -65.9425     -70.3078
   5     60     -68.3647     -75.3433     -62.4556     -82.5495     -81.8593
                -80.3817     -77.5464     -78.8596     -78.8658     -85.7456
                -82.8157     -80.6832     -81.9450     -77.2313     -81.7418
                -79.3975     -81.5382     -82.4367     -72.6780     -76.7515
                -85.8860     -85.3527     -84.6694     -80.9558     -85.2018
                -86.6569     -85.6794     -73.1853     -71.4351     -76.8632
                -81.5619     -83.0887     -91.1017     -80.5183     -65.6182
                -66.5620     -76.4720     -79.2470     -73.5149     -76.4651
                -76.0270     -77.2534     -74.8921     -79.8778     -69.6342
                -78.9787     -83.8892     -88.8990     -67.0474     -71.4101
   5     80     -72.5024     -79.4484     -66.5990     -86.6524     -85.9569
                -84.4901     -81.6553     -82.9641     -82.9954     -89.8608
                -86.9153     -84.7924     -86.0345     -81.3457     -85.8452
                -83.5204     -85.6472     -86.5324     -76.7978     -80.8586
                -89.9794     -89.4410     -88.7681     -85.0655     -89.3020
                -90.7497     -89.7738     -77.3261     -75.5458     -80.9683
                -85.6682     -87.1854     -95.1886     -84.6176     -69.7533
                -70.7041     -80.6050     -83.3629     -77.6266     -80.5795
                -80.1479     -81.3762     -78.9997     -83.9917     -73.7609
                -83.0883     -87.9869     -92.9911     -71.1618     -75.5215
   5    100     -80.3592     -87.2901     -74.4703     -94.4996     -93.8015
                -92.3308     -89.5089     -90.8098     -90.8628     -97.7154
                -94.7407     -92.6468     -93.8631     -89.2090     -93.6848
                -91.3785     -93.4853     -94.3666     -84.6623     -88.6948
                -97.8061     -97.2612     -96.6079     -92.9131     -97.1334
                -98.5780     -97.6058     -85.2040     -83.3842     -88.8026
                -93.5012     -95.0193    -103.0219     -92.4634     -77.6128
                -78.5875     -88.4704     -91.2144     -85.4558     -88.4134
                -87.9941     -89.2397     -86.8177     -91.8327     -81.6222
                -90.9371     -95.8207    -100.8148     -78.9876     -83.3592
 
 
 cumulative average & 95% error for solvation free energy
              total             1st component         2nd component
  1  -100.9155              -33.6461              -67.2280
  2  -101.9495     2.0680   -31.2158     4.8606   -70.6923     6.9286
  3  -101.3947     1.6301   -33.7768     5.8404   -67.5764     7.4052
  4  -102.0616     1.7630   -30.9786     6.9552   -71.0416     8.6861
  5  -102.3136     1.4556   -29.2945     6.3538   -72.9777     7.7630
  6  -102.3508     1.1908   -28.2896     5.5635   -74.0198     6.6723
  7  -102.4837     1.0409   -28.0787     4.7209   -74.3635     5.6809
  8  -102.6813     0.9843   -27.8582     4.1121   -74.7817     4.9904
  9  -102.7034     0.8692   -27.5518     3.6780   -75.1102     4.4498
 10  -102.6476     0.7854   -26.5480     3.8539   -76.0582     4.4086
 11  -102.5879     0.7204   -25.9767     3.6685   -76.5698     4.1169
 12  -102.6531     0.6704   -25.7904     3.3695   -76.8213     3.7917
 13  -102.6972     0.6229   -25.5238     3.1450   -77.1320     3.5428
 14  -102.6922     0.5768   -25.5943     2.9151   -77.0565     3.2835
 15  -102.7061     0.5377   -25.3698     2.7507   -77.2949     3.0937
 16  -102.7058     0.5030   -25.3088     2.5760   -77.3556     2.8965
 17  -102.6606     0.4810   -25.0859     2.4604   -77.5333     2.7439
 18  -102.7367     0.4783   -24.9563     2.3341   -77.7390     2.6194
 19  -102.7355     0.4525   -25.2819     2.3019   -77.4122     2.5625
 20  -102.7167     0.4309   -25.3532     2.1884   -77.3221     2.4376
 21  -102.7444     0.4136   -25.0259     2.1821   -77.6770     2.4249
 22  -102.7419     0.3944   -24.7247     2.1660   -77.9757     2.3880
 23  -102.7878     0.3879   -24.5296     2.1062   -78.2169     2.3322
 24  -102.8106     0.3742   -24.4865     2.0184   -78.2827     2.2368
 25  -102.8065     0.3590   -24.2513     1.9923   -78.5138     2.1947
 26  -102.8466     0.3541   -24.0228     1.9679   -78.7824     2.1760
 27  -102.8739     0.3451   -23.8369     1.9298   -78.9956     2.1368
 28  -102.8672     0.3328   -24.0784     1.9213   -78.7474     2.1180
 29  -102.8220     0.3336   -24.3252     1.9185   -78.4553     2.1256
 30  -102.8184     0.3224   -24.4122     1.8616   -78.3647     2.0615
 31  -102.8084     0.3125   -24.3368     1.8068   -78.4302     1.9982
 32  -102.8389     0.3086   -24.2565     1.7568   -78.5410     1.9474
 33  -102.8759     0.3082   -23.9463     1.8122   -78.8882     2.0111
 34  -102.9041     0.3042   -23.9605     1.7583   -78.9022     1.9513
 35  -102.8676     0.3043   -24.3371     1.8661   -78.4891     2.0670
 36  -102.8152     0.3137   -24.6485     1.9175   -78.1253     2.1365
 37  -102.7909     0.3090   -24.7000     1.8678   -78.0495     2.0834
 38  -102.7594     0.3073   -24.6665     1.8192   -78.0515     2.0279
 39  -102.7062     0.3177   -24.7589     1.7816   -77.9059     1.9966
 40  -102.7103     0.3097   -24.8278     1.7419   -77.8411     1.9503
 41  -102.6882     0.3053   -24.8771     1.7018   -77.7696     1.9075
 42  -102.6833     0.2981   -24.9121     1.6622   -77.7298     1.8633
 43  -102.6403     0.3035   -24.9620     1.6262   -77.6369     1.8289
 44  -102.6387     0.2966   -24.9353     1.5897   -77.6620     1.7875
 45  -102.6152     0.2937   -25.1152     1.5950   -77.4586     1.7940
 46  -102.6119     0.2873   -25.1041     1.5601   -77.4664     1.7547
 47  -102.6160     0.2812   -24.9966     1.5416   -77.5780     1.7314
 48  -102.6320     0.2772   -24.8002     1.5594   -77.7904     1.7474
 49  -102.6090     0.2754   -25.0197     1.5891   -77.5479     1.7787
 50  -102.5957     0.2711   -25.1511     1.5790   -77.4032     1.7667
 
 Mesh error is    0.118 kcal/mol
