 ERmod 0.3.8, Copyright (C) 2000-2019 Nobuyuki Matubayasi
                            2010-2019 Shun Sakuraba
 ERmod comes with ABSOLUTELY NO WARRANTY.
 This is free software, and you can redistribute it
 and/or modify it under certain conditions.
 See LICENSE file for details.
 
  Number of the   1-th solvent  =        10000
 
  Be sure that the solvent distribution is homogeneous (radial distribution function is essentially unity) when the solvent molecule is separated beyond distance of   10.0 Angstrom in any direction from any atom within the solute molecule
 
  LJ long-range correction    =        -7.8240
 
  Self-energy of the solute   =        -0.0246  kcal/mol
 
 
 cumulative average & 95% error for solvation energy
  1  -461.6856
  2  -462.8085     2.2458
  3  -463.5941     2.0372
  4  -463.8961     1.5620
  5  -463.9962     1.2264
  6  -463.9282     1.0105
  7  -463.8745     0.8608
  8  -463.8683     0.7456
  9  -463.9371     0.6717
 10  -463.8761     0.6131
 11  -463.9210     0.5618
 12  -463.9173     0.5129
 13  -463.9689     0.4830
 14  -464.0470     0.4736
 15  -464.0298     0.4423
 16  -464.1053     0.4404
 17  -464.0941     0.4143
 18  -464.1176     0.3934
 19  -464.1226     0.3723
 20  -464.0785     0.3640
 21  -464.0420     0.3538
 22  -464.0366     0.3376
 23  -464.0812     0.3347
 24  -464.0846     0.3205
 25  -464.0854     0.3074
 26  -464.0674     0.2975
 27  -464.0701     0.2863
 28  -464.0586     0.2769
 29  -464.0478     0.2680
 30  -464.0645     0.2611
 31  -464.0379     0.2581
 32  -464.0093     0.2564
 33  -464.0207     0.2495
 34  -463.9827     0.2537
 35  -463.9869     0.2465
 36  -464.0196     0.2483
 37  -464.0393     0.2447
 38  -464.0320     0.2386
 39  -464.0405     0.2331
 40  -464.0335     0.2276
 41  -464.0391     0.2223
 42  -464.0517     0.2184
 43  -464.0771     0.2192
 44  -464.0988     0.2185
 45  -464.1084     0.2145
 46  -464.0813     0.2167
 47  -464.1245     0.2289
 48  -464.1235     0.2241
 49  -464.0838     0.2334
 50  -464.1202     0.2400
 
 
 group  inft  solvation free energy     error          difference
   1      0        -91.57829           0.12206           0.03532
   1     60        -91.71451           0.12206          -0.10090
   1     80        -93.38758           0.12224          -1.77397
   1    100       -100.71563           0.12352          -9.10203
   2      0        -91.59966           0.12087           0.01395
   3      0        -91.61361           0.11839           0.00000
   4      0        -91.55150           0.11832           0.06211
   5      0        -91.62520           0.11996          -0.01159
   5     60        -91.81827           0.11997          -0.20467
   5     80        -93.98063           0.12011          -2.36702
   5    100       -100.78326           0.12107          -9.16965
 
 
 group  inft   Estimated free energy (kcal/mol)
   1      0     -90.6443     -91.4572     -92.0279     -91.7728     -91.6590
                -91.3098     -91.5441     -91.5566     -91.6742     -91.2698
                -91.6430     -91.4395     -91.9007     -92.0367     -91.7092
                -92.0571     -91.3418     -91.6342     -91.5177     -90.7806
                -91.4476     -91.5254     -91.8954     -91.5208     -91.5217
                -91.0980     -91.6692     -91.4651     -91.2329     -91.9028
                -91.2971     -90.9296     -91.7047     -90.5875     -91.6579
                -91.9852     -91.7439     -91.4749     -91.7319     -91.3181
                -91.5775     -91.8745     -91.9473     -91.9217     -92.0745
                -91.0582     -92.7661     -91.5185     -90.7964     -92.6937
   1     60     -90.7804     -91.5931     -92.1645     -91.9090     -91.7957
                -91.4465     -91.6799     -91.6928     -91.8108     -91.4059
                -91.7796     -91.5760     -92.0366     -92.1727     -91.8454
                -92.1935     -91.4778     -91.7705     -91.6544     -90.9176
                -91.5834     -91.6615     -92.0315     -91.6570     -91.6575
                -91.2343     -91.8051     -91.6013     -91.3693     -92.0388
                -91.4327     -91.0654     -91.8410     -90.7244     -91.7939
                -92.1218     -91.8805     -91.6104     -91.8683     -91.4543
                -91.7136     -92.0105     -92.0834     -92.0584     -92.2104
                -91.1944     -92.9027     -91.6548     -90.9320     -92.8300
   1     80     -92.4512     -93.2645     -93.8430     -93.5817     -93.4691
                -93.1167     -93.3521     -93.3651     -93.4860     -93.0783
                -93.4580     -93.2473     -93.7080     -93.8443     -93.5163
                -93.8691     -93.1480     -93.4421     -93.3265     -92.5951
                -93.2537     -93.3352     -93.7039     -93.3315     -93.3289
                -92.9080     -93.4749     -93.2728     -93.0419     -93.7084
                -93.1020     -92.7362     -93.5129     -92.4016     -93.4671
                -93.7943     -93.5575     -93.2828     -93.5481     -93.1284
                -93.3874     -93.6803     -93.7598     -93.7330     -93.8847
                -92.8658     -94.5811     -93.3306     -92.6010     -94.5025
   1    100     -99.7716    -100.5830    -101.1905    -100.9024    -100.7977
               -100.4294    -100.6799    -100.6930    -100.8222    -100.4073
               -100.8032    -100.5675    -101.0331    -101.1668    -100.8421
               -101.2044    -100.4597    -100.7643    -100.6510     -99.9292
               -100.5749    -100.6667    -101.0230    -100.6692    -100.6512
               -100.2349    -100.7891    -100.5937    -100.3662    -101.0216
               -100.4161    -100.0461    -100.8361     -99.7376    -100.7919
               -101.1268    -100.9036    -100.6071    -100.9050    -100.4592
               -100.7224    -101.0015    -101.1028    -101.0685    -101.2251
               -100.1905    -101.9365    -100.6703     -99.9131    -101.8327
   2      0     -90.6501     -91.5141     -92.0752     -91.7991     -91.7231
                -91.3211     -91.5561     -91.5915     -91.6541     -91.3600
                -91.6531     -91.3991     -91.9425     -92.0499     -91.7257
                -92.0184     -91.3756     -91.6672     -91.4764     -90.8176
                -91.4330     -91.4935     -91.8797     -91.5746     -91.5555
                -91.1339     -91.6847     -91.4904     -91.3066     -91.9074
                -91.3302     -90.9342     -91.7351     -90.6071     -91.6433
                -92.0937     -91.7584     -91.4673     -91.7322     -91.3735
                -91.5839     -91.9533     -91.9414     -91.9332     -92.0668
                -91.1246     -92.7518     -91.5911     -90.8207     -92.7117
   3      0     -90.6631     -91.5321     -92.0190     -91.8164     -91.7486
                -91.3321     -91.5523     -91.6164     -91.6755     -91.3009
                -91.5701     -91.3928     -91.9800     -92.0830     -91.7251
                -92.0527     -91.4287     -91.7155     -91.5482     -90.8503
                -91.4957     -91.5606     -91.9018     -91.6229     -91.5822
                -91.1491     -91.6713     -91.5761     -91.3338     -91.9797
                -91.3179     -90.9645     -91.7716     -90.6055     -91.6583
                -92.1125     -91.7813     -91.4638     -91.6987     -91.3807
                -91.6571     -91.9278     -91.9669     -91.9248     -92.0725
                -91.1180     -92.7112     -91.5598     -90.8749     -92.6365
   4      0     -90.6104     -91.5093     -92.0015     -91.7859     -91.7012
                -91.3456     -91.5278     -91.5646     -91.5775     -91.3175
                -91.5263     -91.2417     -91.9322     -92.0261     -91.6845
                -91.8986     -91.3413     -91.6655     -91.4933     -90.7887
                -91.4237     -91.4990     -91.8439     -91.5349     -91.5203
                -91.0857     -91.6050     -91.4910     -91.2269     -91.9272
                -91.2303     -90.8805     -91.6937     -90.5097     -91.6095
                -92.0401     -91.7588     -91.3825     -91.6264     -91.3093
                -91.5575     -91.8824     -91.9081     -91.8453     -92.0029
                -91.0773     -92.5959     -91.5369     -90.8345     -92.5965
   5      0     -90.6586     -91.5605     -92.1007     -91.8602     -91.7603
                -91.3698     -91.5856     -91.6174     -91.6823     -91.3950
                -91.5968     -91.3657     -92.0126     -92.1315     -91.7066
                -92.0106     -91.4447     -91.7300     -91.5300     -90.8511
                -91.5235     -91.5383     -91.9331     -91.5805     -91.5870
                -91.1328     -91.6368     -91.5532     -91.3118     -91.9593
                -91.3032     -90.9698     -91.7269     -90.5833     -91.7202
                -92.1091     -91.8113     -91.4645     -91.7508     -91.4025
                -91.6691     -91.9226     -91.9422     -91.9615     -92.0929
                -91.1717     -92.7441     -91.5971     -90.9120     -92.6787
   5     60     -90.8512     -91.7533     -92.2945     -92.0536     -91.9535
                -91.5629     -91.7783     -91.8104     -91.8757     -91.5881
                -91.7905     -91.5587     -92.2056     -92.3244     -91.8994
                -92.2040     -91.6375     -91.9232     -91.7230     -91.0450
                -91.7161     -91.7312     -92.1262     -91.7741     -91.7797
                -91.3259     -91.8295     -91.7461     -91.5050     -92.1518
                -91.4957     -91.1627     -91.9201     -90.7772     -91.9132
                -92.3022     -92.0049     -91.6572     -91.9441     -91.5957
                -91.8623     -92.1150     -92.1356     -92.1550     -92.2856
                -91.3645     -92.9375     -91.7904     -91.1044     -92.8717
   5     80     -93.0098     -93.9158     -94.4639     -94.2164     -94.1172
                -93.7225     -93.9388     -93.9732     -94.0404     -93.7504
                -93.9571     -93.7183     -94.3660     -94.4855     -94.0600
                -94.3670     -93.7963     -94.0854     -93.8843     -93.2122
                -93.8753     -93.8939     -94.2870     -93.9396     -93.9403
                -93.4900     -93.9873     -93.9059     -93.6675     -94.3098
                -93.6534     -93.3214     -94.0811     -92.9449     -94.0742
                -94.4662     -94.1725     -93.8172     -94.1140     -93.7597
                -94.0267     -94.2738     -94.3025     -94.3189     -94.4479
                -93.5257     -95.1039     -93.9559     -93.2621     -95.0324
   5    100     -99.8049    -100.7130    -101.2840    -101.0172    -100.9230
               -100.5126    -100.7400    -100.7789    -100.8497    -100.5544
               -100.7701    -100.5088    -101.1698    -101.2848    -100.8602
               -101.1715    -100.5835    -100.8862    -100.6829    -100.0192
               -100.6754    -100.6995    -101.0799    -100.7506    -100.7392
               -100.2955    -100.7768    -100.7043    -100.4676    -101.1025
               -100.4428    -100.1095    -100.8810     -99.7510    -100.8750
               -101.2737    -100.9879    -100.6148    -100.9387    -100.5694
               -100.8352    -101.0696    -101.1162    -101.1255    -101.2600
               -100.3252    -101.9262    -100.7687    -100.0532    -101.8333
 
 
 cumulative average & 95% error for solvation free energy
  1   -90.6631
  2   -91.0976     0.8690
  3   -91.4047     0.7932
  4   -91.5077     0.5974
  5   -91.5558     0.4727
  6   -91.5186     0.3931
  7   -91.5234     0.3324
  8   -91.5350     0.2888
  9   -91.5506     0.2566
 10   -91.5257     0.2349
 11   -91.5297     0.2126
 12   -91.5183     0.1954
 13   -91.5538     0.1933
 14   -91.5916     0.1943
 15   -91.6005     0.1817
 16   -91.6288     0.1791
 17   -91.6170     0.1699
 18   -91.6225     0.1606
 19   -91.6186     0.1521
 20   -91.5802     0.1634
 21   -91.5761     0.1557
 22   -91.5754     0.1484
 23   -91.5896     0.1447
 24   -91.5910     0.1385
 25   -91.5906     0.1329
 26   -91.5737     0.1321
 27   -91.5773     0.1273
 28   -91.5772     0.1227
 29   -91.5688     0.1196
 30   -91.5825     0.1187
 31   -91.5740     0.1161
 32   -91.5550     0.1187
 33   -91.5615     0.1158
 34   -91.5334     0.1256
 35   -91.5370     0.1222
 36   -91.5530     0.1230
 37   -91.5591     0.1202
 38   -91.5566     0.1171
 39   -91.5603     0.1143
 40   -91.5558     0.1118
 41   -91.5582     0.1091
 42   -91.5670     0.1079
 43   -91.5763     0.1070
 44   -91.5843     0.1058
 45   -91.5951     0.1056
 46   -91.5847     0.1054
 47   -91.6087     0.1137
 48   -91.6077     0.1113
 49   -91.5927     0.1131
 50   -91.6136     0.1184
 
 Mesh error is    0.062 kcal/mol
