 ERmod 0.3.8, Copyright (C) 2000-2019 Nobuyuki Matubayasi
                            2010-2019 Shun Sakuraba
 ERmod comes with ABSOLUTELY NO WARRANTY.
 This is free software, and you can redistribute it
 and/or modify it under certain conditions.
 See LICENSE file for details.
 
  Number of the   1-th solvent  =        10000
 
  Be sure that the solvent distribution is homogeneous (radial distribution function is essentially unity) when the solvent molecule is separated beyond distance of   10.0 Angstrom in any direction from any atom within the solute molecule
 
  LJ long-range correction    =        -7.8240
 
  Self-energy of the solute   =         0.0037  kcal/mol
 
 
 cumulative average & 95% error for solvation energy
  1  -464.0932
  2  -464.9786     1.7708
  3  -465.3398     1.2518
  4  -465.6120     1.0392
  5  -465.8198     0.9059
  6  -465.9712     0.7992
  7  -466.1630     0.7768
  8  -466.2388     0.6896
  9  -466.0864     0.6803
 10  -466.0604     0.6107
 11  -466.1789     0.6011
 12  -466.1800     0.5487
 13  -466.2193     0.5108
 14  -466.3278     0.5203
 15  -466.2534     0.5067
 16  -466.2564     0.4740
 17  -466.2925     0.4511
 18  -466.3940     0.4712
 19  -466.3376     0.4598
 20  -466.4154     0.4631
 21  -466.4227     0.4407
 22  -466.4022     0.4222
 23  -466.3489     0.4173
 24  -466.3150     0.4052
 25  -466.3032     0.3894
 26  -466.3034     0.3741
 27  -466.3008     0.3600
 28  -466.3150     0.3481
 29  -466.3021     0.3369
 30  -466.3539     0.3416
 31  -466.2999     0.3476
 32  -466.2670     0.3429
 33  -466.2906     0.3357
 34  -466.3302     0.3352
 35  -466.3191     0.3262
 36  -466.2591     0.3390
 37  -466.2602     0.3297
 38  -466.2607     0.3210
 39  -466.2791     0.3148
 40  -466.2642     0.3082
 41  -466.2823     0.3028
 42  -466.2903     0.2959
 43  -466.2904     0.2890
 44  -466.2715     0.2848
 45  -466.2726     0.2784
 46  -466.2585     0.2738
 47  -466.2565     0.2679
 48  -466.2710     0.2639
 49  -466.2803     0.2591
 50  -466.2581     0.2577
 
 
 group  inft  solvation free energy     error          difference
   1      0        -90.49686           0.11332           0.01960
   1     60        -90.62487           0.11330          -0.10842
   1     80        -92.19664           0.11348          -1.68019
   1    100        -99.25280           0.11471          -8.73635
   2      0        -90.48706           0.11526           0.02939
   3      0        -90.51645           0.11480           0.00000
   4      0        -90.46390           0.11520           0.05255
   5      0        -90.53246           0.11204          -0.01600
   5     60        -90.71589           0.11204          -0.19944
   5     80        -92.74188           0.11231          -2.22543
   5    100        -99.30924           0.11346          -8.79279
 
 
 group  inft   Estimated free energy (kcal/mol)
   1      0     -89.6400     -90.3923     -90.3678     -90.5526     -90.5476
                -90.7369     -90.9682     -90.7778     -90.0681     -90.6152
                -90.8706     -90.2600     -90.9662     -91.2107     -90.2290
                -90.4797     -90.5596     -91.3229     -89.9422     -91.1967
                -90.6760     -90.1030     -90.1536     -89.9574     -90.3073
                -90.3122     -90.8636     -90.5074     -90.4743     -91.5908
                -89.9415     -90.2021     -90.9968     -90.9334     -90.4350
                -89.9090     -90.2960     -90.3511     -90.6960     -90.1490
                -90.7989     -90.4245     -90.1985     -90.1614     -90.3270
                -90.3543     -90.7063     -90.6926     -90.5889     -90.0310
   1     60     -89.7680     -90.5199     -90.4962     -90.6805     -90.6759
                -90.8649     -91.0961     -90.9053     -90.1962     -90.7426
                -90.9986     -90.3883     -91.0938     -91.3383     -90.3565
                -90.6080     -90.6880     -91.4511     -90.0704     -91.3247
                -90.8044     -90.2310     -90.2817     -90.0859     -90.4354
                -90.4406     -90.9905     -90.6358     -90.6021     -91.7179
                -90.0685     -90.3304     -91.1248     -91.0616     -90.5627
                -90.0362     -90.4245     -90.4796     -90.8251     -90.2763
                -90.9275     -90.5534     -90.3269     -90.2894     -90.4551
                -90.4823     -90.8337     -90.8206     -90.7166     -90.1592
   1     80     -91.3373     -92.0914     -92.0666     -92.2536     -92.2479
                -92.4381     -92.6706     -92.4727     -91.7656     -92.3102
                -92.5716     -91.9622     -92.6672     -92.9085     -91.9311
                -92.1799     -92.2621     -93.0289     -91.6458     -92.9008
                -92.3731     -91.8049     -91.8536     -91.6580     -92.0076
                -92.0121     -92.5553     -92.2091     -92.1732     -93.2849
                -91.6340     -91.9004     -92.6976     -92.6336     -92.1343
                -91.5994     -91.9975     -92.0537     -92.4000     -91.8455
                -92.5043     -92.1332     -91.9023     -91.8548     -92.0255
                -92.0554     -92.4014     -92.3955     -92.2894     -91.7302
   1    100     -98.3925     -99.1514     -99.1194     -99.3171     -99.2961
                -99.4999     -99.7411     -99.5140     -98.8236     -99.3660
                -99.6316     -99.0221     -99.7374     -99.9691     -99.0043
                -99.2370     -99.3183    -100.1090     -98.7081     -99.9702
                -99.4187     -98.8602     -98.9171     -98.7137     -99.0596
                -99.0523     -99.5920     -99.2637     -99.2275    -100.3422
                -98.6653     -98.9485     -99.7513     -99.6910     -99.1893
                -98.6266     -99.0518     -99.1174     -99.4636     -98.8923
                -99.5817     -99.2131     -98.9670     -98.8833     -99.0747
                -99.1126     -99.4512     -99.4623     -99.3411     -98.7808
   2      0     -89.6260     -90.3958     -90.3707     -90.5295     -90.5200
                -90.7466     -90.9729     -90.7707     -90.0214     -90.5592
                -90.8742     -90.2384     -90.9663     -91.1894     -90.1904
                -90.4395     -90.5620     -91.3219     -89.9066     -91.1434
                -90.6859     -90.1421     -90.0725     -89.9296     -90.2577
                -90.3818     -90.8838     -90.4795     -90.4393     -91.6283
                -89.9244     -90.1900     -91.0133     -90.9256     -90.4721
                -89.8854     -90.3208     -90.2821     -90.6855     -90.1400
                -90.7399     -90.4446     -90.2450     -90.1522     -90.3257
                -90.2887     -90.7504     -90.7035     -90.5879     -90.0305
   3      0     -89.6537     -90.4263     -90.3601     -90.5618     -90.5697
                -90.7851     -90.9820     -90.8101     -90.0761     -90.6144
                -90.9149     -90.2186     -90.9603     -91.2475     -90.2469
                -90.4799     -90.5901     -91.3443     -89.9335     -91.1957
                -90.7399     -90.1526     -90.1396     -89.9903     -90.2793
                -90.3710     -90.8957     -90.5359     -90.4581     -91.6388
                -89.9478     -90.2259     -91.0131     -90.9745     -90.4665
                -89.9126     -90.3659     -90.3566     -90.7161     -90.1847
                -90.7922     -90.4783     -90.2606     -90.1857     -90.3345
                -90.3490     -90.7319     -90.7333     -90.5933     -90.0280
   4      0     -89.6042     -90.3555     -90.3406     -90.4717     -90.5544
                -90.7375     -90.9611     -90.7051     -89.9996     -90.5496
                -90.8981     -90.2294     -90.8995     -91.1734     -90.1808
                -90.4085     -90.5390     -91.2906     -89.8695     -91.1654
                -90.7298     -90.1151     -90.0655     -89.9260     -90.2740
                -90.2782     -90.8485     -90.4626     -90.4237     -91.5872
                -89.9108     -90.1594     -90.9619     -90.9242     -90.4440
                -89.8597     -90.2944     -90.3250     -90.6359     -90.0898
                -90.7272     -90.4123     -90.2059     -90.1386     -90.2827
                -90.2755     -90.6464     -90.7124     -90.5479     -89.9966
   5      0     -89.7106     -90.4466     -90.3821     -90.5887     -90.5773
                -90.8302     -90.9715     -90.8213     -90.0868     -90.6132
                -90.9282     -90.2680     -90.9661     -91.2589     -90.2161
                -90.4990     -90.6085     -91.3263     -89.9301     -91.2229
                -90.7634     -90.2442     -90.1325     -90.0284     -90.3613
                -90.3796     -90.8944     -90.5540     -90.4691     -91.6237
                -89.9708     -90.2189     -90.9863     -90.9946     -90.5222
                -89.9157     -90.3769     -90.4154     -90.7191     -90.2383
                -90.7764     -90.5077     -90.2556     -90.2157     -90.3579
                -90.3041     -90.7339     -90.7213     -90.5895     -90.0999
   5     60     -89.8937     -90.6295     -90.5659     -90.7723     -90.7612
                -91.0139     -91.1548     -91.0041     -90.2700     -90.7958
                -91.1119     -90.4519     -91.1495     -91.4420     -90.3993
                -90.6826     -90.7924     -91.5100     -90.1138     -91.4067
                -90.9471     -90.4277     -90.3158     -90.2119     -90.5448
                -90.5634     -91.0766     -90.7378     -90.6522     -91.8062
                -90.1535     -90.4025     -91.1697     -91.1783     -90.7053
                -90.0982     -90.5606     -90.5990     -90.9032     -90.4210
                -90.9603     -90.6921     -90.4395     -90.3986     -90.5414
                -90.4878     -90.9168     -90.9051     -90.7730     -90.2836
   5     80     -91.9191     -92.6565     -92.5899     -92.7995     -92.7867
                -93.0413     -93.1845     -93.0241     -92.2947     -92.8179
                -93.1394     -92.4793     -93.1772     -93.4679     -92.4276
                -92.7095     -92.8197     -93.5441     -92.1439     -93.4369
                -92.9706     -92.4553     -92.3418     -92.2380     -92.5712
                -92.5880     -93.0942     -92.7653     -92.6766     -93.8285
                -92.1713     -92.4252     -93.1962     -93.2049     -92.7313
                -92.1124     -92.5883     -92.6275     -92.9343     -92.4432
                -92.9922     -92.7283     -92.4709     -92.4165     -92.5670
                -92.5143     -92.9390     -92.9351     -92.7987     -92.3086
   5    100     -98.4846     -99.2265     -99.1522     -99.3718     -99.3490
                -99.6151     -99.7620     -99.5752     -98.8616     -99.3838
                -99.7095     -99.0473     -99.7535    -100.0421     -99.0054
                -99.2789     -99.3862    -100.1338     -98.7169    -100.0159
                -99.5354     -99.0235     -98.9119     -98.8042     -99.1338
                -99.1452     -99.6443     -99.3341     -99.2428    -100.3958
                -98.7164     -98.9839     -99.7623     -99.7735     -99.3029
                -98.6521     -99.1565     -99.2008     -99.5133     -99.0013
                -99.5763     -99.3210     -99.0462     -98.9580     -99.1312
                -99.0815     -99.4997     -99.5100     -99.3604     -98.8723
 
 
 cumulative average & 95% error for solvation free energy
  1   -89.6537
  2   -90.0400     0.7726
  3   -90.1467     0.4945
  4   -90.2505     0.4066
  5   -90.3143     0.3398
  6   -90.3928     0.3188
  7   -90.4770     0.3177
  8   -90.5186     0.2875
  9   -90.4694     0.2719
 10   -90.4839     0.2449
 11   -90.5231     0.2350
 12   -90.4977     0.2204
 13   -90.5333     0.2149
 14   -90.5843     0.2236
 15   -90.5618     0.2130
 16   -90.5567     0.1995
 17   -90.5587     0.1874
 18   -90.6023     0.1971
 19   -90.5671     0.1993
 20   -90.5986     0.1992
 21   -90.6053     0.1900
 22   -90.5847     0.1858
 23   -90.5654     0.1817
 24   -90.5414     0.1804
 25   -90.5309     0.1743
 26   -90.5248     0.1679
 27   -90.5385     0.1639
 28   -90.5384     0.1579
 29   -90.5356     0.1525
 30   -90.5724     0.1647
 31   -90.5523     0.1643
 32   -90.5421     0.1604
 33   -90.5563     0.1580
 34   -90.5686     0.1553
 35   -90.5657     0.1509
 36   -90.5476     0.1511
 37   -90.5427     0.1472
 38   -90.5378     0.1437
 39   -90.5423     0.1402
 40   -90.5334     0.1378
 41   -90.5397     0.1350
 42   -90.5383     0.1318
 43   -90.5318     0.1293
 44   -90.5239     0.1273
 45   -90.5197     0.1248
 46   -90.5160     0.1223
 47   -90.5206     0.1200
 48   -90.5250     0.1178
 49   -90.5264     0.1154
 50   -90.5165     0.1148
 
 Mesh error is    0.053 kcal/mol
