 ERmod 0.3.8, Copyright (C) 2000-2019 Nobuyuki Matubayasi
                            2010-2019 Shun Sakuraba
 ERmod comes with ABSOLUTELY NO WARRANTY.
 This is free software, and you can redistribute it
 and/or modify it under certain conditions.
 See LICENSE file for details.
 
  Number of the   1-th solvent  =          378
  Number of the   2-th solvent  =        10000
 
  Be sure that the solvent distribution is homogeneous (radial distribution function is essentially unity) when the solvent molecule is separated beyond distance of   10.0 Angstrom in any direction from any atom within the solute molecule
 
  LJ long-range correction    =        -1.1319     -7.1533
 
  Self-energy of the solute   =        -0.0028  kcal/mol
 
 
 cumulative average & 95% error for solvation energy
              total             1st component         2nd component
  1  -460.6476              -69.7564             -390.8884
  2  -459.7678     1.7595   -63.5445    12.4238  -396.2205    10.6642
  3  -459.3747     1.2846   -56.6692    15.5089  -402.7026    14.3521
  4  -459.3496     0.9097   -54.9327    11.5033  -404.4142    10.7102
  5  -459.7891     1.1266   -54.9015     8.9107  -404.8848     8.3493
  6  -459.9539     0.9771   -55.8406     7.5140  -404.1106     6.9909
  7  -459.8771     0.8400   -57.2219     6.9254  -402.6524     6.5889
  8  -459.6164     0.8950   -56.5944     6.1275  -403.0191     5.7531
  9  -459.7998     0.8704   -56.7122     5.4090  -403.0849     5.0755
 10  -459.6512     0.8333   -59.2345     6.9897  -400.4139     7.0103
 11  -459.7255     0.7683   -60.4504     6.7739  -399.2722     6.7396
 12  -459.5848     0.7557   -59.3633     6.5548  -400.2186     6.4370
 13  -459.6971     0.7305   -59.0104     6.0707  -400.6840     5.9939
 14  -459.5989     0.7043   -60.4325     6.2991  -399.1636     6.3277
 15  -459.3536     0.8188   -61.2883     6.1088  -398.0625     6.2890
 16  -459.2779     0.7808   -60.7191     5.8266  -398.5560     5.9650
 17  -459.3118     0.7366   -60.6530     5.4747  -398.6559     5.6067
 18  -459.4248     0.7303   -60.8596     5.1781  -398.5624     5.2894
 19  -459.3474     0.7079   -61.3977     5.0148  -397.9470     5.1524
 20  -459.3598     0.6720   -61.6531     4.7848  -397.7039     4.9121
 21  -459.3252     0.6430   -61.7745     4.5578  -397.5480     4.6828
 22  -459.3589     0.6168   -61.6866     4.3492  -397.6695     4.4714
 23  -459.3486     0.5897   -61.7302     4.1567  -397.6156     4.2740
 24  -459.3124     0.5692   -62.2486     4.1126  -397.0610     4.2397
 25  -459.2731     0.5516   -62.4703     3.9695  -396.8000     4.0999
 26  -459.2777     0.5300   -62.5738     3.8194  -396.7011     3.9440
 27  -459.1954     0.5360   -62.9861     3.7666  -396.2065     3.9220
 28  -459.1903     0.5166   -63.9840     4.1421  -395.2035     4.2787
 29  -459.2471     0.5112   -64.1326     4.0078  -395.1118     4.1326
 30  -459.2788     0.4979   -64.1806     3.8730  -395.0954     3.9926
 31  -459.2387     0.4882   -64.1298     3.7474  -395.1061     3.8617
 32  -459.2452     0.4729   -64.1096     3.6286  -395.1328     3.7395
 33  -459.2903     0.4672   -63.9702     3.5280  -395.3173     3.6431
 34  -459.3302     0.4602   -63.8669     3.4289  -395.4605     3.5459
 35  -459.2650     0.4655   -63.8504     3.3296  -395.4118     3.4445
 36  -459.2310     0.4574   -63.5278     3.2995  -395.7004     3.3969
 37  -459.2477     0.4461   -63.3865     3.2215  -395.8584     3.3188
 38  -459.2623     0.4352   -62.7614     3.3757  -396.4981     3.4745
 39  -459.1842     0.4518   -63.0951     3.3550  -396.0862     3.4830
 40  -459.1041     0.4686   -63.7908     3.5538  -395.3104     3.7326
 41  -459.1312     0.4602   -64.0369     3.5008  -395.0915     3.6667
 42  -459.0839     0.4590   -64.2139     3.4347  -394.8672     3.6063
 43  -459.0396     0.4568   -64.6271     3.4542  -394.4097     3.6384
 44  -459.0560     0.4475   -65.3914     3.7048  -393.6618     3.8566
 45  -459.0513     0.4376   -65.6281     3.6523  -393.4204     3.8007
 46  -459.0516     0.4279   -65.6973     3.5747  -393.3515     3.7197
 47  -459.0013     0.4307   -65.9712     3.5405  -393.0273     3.6970
 48  -459.0195     0.4231   -66.1419     3.4827  -392.8748     3.6320
 49  -459.0267     0.4147   -66.2294     3.4154  -392.7944     3.5607
 50  -459.0338     0.4065   -66.0822     3.3593  -392.9488     3.5024
 
 
 group  inft  solvation free energy     error          difference
  total solvation free energy
   1      0        -93.23347           0.24580           0.06734
   1     60        -94.07934           0.24516          -0.77853
   1     80        -97.56062           0.24292          -4.25981
   1    100       -106.25617           0.24358         -12.95536
   2      0        -93.29206           0.24525           0.00874
   3      0        -93.30081           0.24651           0.00000
   4      0        -93.28419           0.24521           0.01662
   5      0        -93.36114           0.24374          -0.06033
   5     60        -94.41688           0.24276          -1.11607
   5     80        -98.49576           0.24102          -5.19495
   5    100       -106.42439           0.24183         -13.12358
 
  contribution from  1-th solvent component
   1      0        -23.77279           1.32004           0.02686
   1     60        -23.80337           1.32009          -0.00372
   1     80        -23.94323           1.32031          -0.14358
   1    100        -24.34704           1.32040          -0.54739
   2      0        -23.79219           1.32015           0.00746
   3      0        -23.79965           1.31970           0.00000
   4      0        -23.80387           1.32000          -0.00422
   5      0        -23.80671           1.32017          -0.00706
   5     60        -23.84545           1.32024          -0.04580
   5     80        -24.01407           1.32045          -0.21442
   5    100        -24.38659           1.32046          -0.58694
 
  contribution from  2-th solvent component
   1      0        -69.45789           1.47338           0.04047
   1     60        -70.27318           1.47243          -0.77482
   1     80        -73.61459           1.46962          -4.11623
   1    100        -81.90634           1.46943         -12.40798
   2      0        -69.49708           1.47322           0.00128
   3      0        -69.49836           1.47362           0.00000
   4      0        -69.47752           1.47224           0.02084
   5      0        -69.55163           1.47034          -0.05327
   5     60        -70.56863           1.46896          -1.07027
   5     80        -74.47889           1.46653          -4.98053
   5    100        -82.03500           1.46655         -12.53664
 
 
 group  inft   Estimated free energy: total (kcal/mol)
   1      0     -93.8316     -93.1339     -93.4244     -94.1892     -94.7641
                -94.0193     -92.9926     -92.7537     -94.4356     -92.5622
                -93.7486     -93.0728     -94.2480     -92.6481     -91.5126
                -93.1142     -93.6979     -94.3071     -93.1340     -93.9288
                -93.5509     -93.7635     -92.9852     -92.8421     -93.4265
                -93.5904     -91.7145     -92.0626     -94.0709     -93.8244
                -92.9056     -93.4904     -94.0685     -94.2260     -92.6953
                -93.4493     -93.6397     -93.9384     -91.5824     -90.6249
                -93.7324     -91.9123     -91.8007     -92.7355     -92.9917
                -93.5362     -92.1673     -93.8898     -93.3167     -93.6207
   1     60     -94.6788     -93.9760     -94.2627     -95.0299     -95.6051
                -94.8654     -93.8387     -93.5944     -95.2790     -93.4141
                -94.5966     -93.9132     -95.0911     -93.4967     -92.3597
                -93.9572     -94.5395     -95.1480     -93.9796     -94.7731
                -94.3996     -94.6115     -93.8304     -93.6945     -94.2741
                -94.4344     -92.5602     -92.9147     -94.9157     -94.6671
                -93.7496     -94.3375     -94.9158     -95.0720     -93.5410
                -94.2882     -94.4867     -94.7775     -92.4355     -91.4817
                -94.5780     -92.7565     -92.6511     -93.5897     -93.8460
                -94.3832     -93.0139     -94.7356     -94.1640     -94.4624
   1     80     -98.1652     -97.4563     -97.7206     -98.4935     -99.0769
                -98.3414     -97.3323     -97.0638     -98.7533     -96.9110
                -98.0840     -97.3763     -98.5694     -96.9916     -95.8430
                -97.4280     -98.0130     -98.6106     -97.4552     -98.2465
                -97.8808     -98.0937     -97.3191     -97.1863     -97.7546
                -97.9114     -96.0523     -96.4193     -98.3870     -98.1395
                -97.2313     -97.8220     -98.3989     -98.5590     -97.0216
                -97.7425     -97.9746     -98.2340     -95.9353     -95.0010
                -98.0588     -96.2451     -96.1449     -97.0953     -97.3492
                -97.8662     -96.4883     -98.2094     -97.6449     -97.9328
   1    100    -106.8852    -106.1578    -106.4022    -107.1909    -107.7680
               -107.0305    -106.0323    -105.7529    -107.4504    -105.6252
               -106.7856    -106.0647    -107.2663    -105.7179    -104.5087
               -106.1267    -106.6902    -107.2808    -106.1201    -106.9324
               -106.5769    -106.7909    -106.0264    -105.8934    -106.4314
               -106.5933    -104.7314    -105.1099    -107.0729    -106.8423
               -105.9345    -106.5339    -107.1198    -107.2642    -105.7154
               -106.4127    -106.6793    -106.9410    -104.6332    -103.6895
               -106.7466    -104.9331    -104.8346    -105.8061    -106.0668
               -106.5835    -105.1733    -106.9152    -106.3262    -106.6418
   2      0     -93.8833     -93.1657     -93.4969     -94.2568     -94.8399
                -94.1197     -92.9856     -92.8809     -94.4382     -92.6127
                -93.8068     -93.1512     -94.3331     -92.7262     -91.5691
                -93.1548     -93.8052     -94.3827     -93.2282     -93.9733
                -93.5787     -93.8257     -93.0234     -92.9798     -93.5440
                -93.6439     -91.8182     -92.1098     -94.1618     -93.7764
                -93.0440     -93.5152     -94.1320     -94.2958     -92.6423
                -93.5015     -93.6779     -94.0090     -91.6192     -90.7074
                -93.7784     -92.0039     -91.8548     -92.8032     -93.1213
                -93.5681     -92.1806     -93.9523     -93.3302     -93.5941
   3      0     -93.8866     -93.1850     -93.5036     -94.2814     -94.8700
                -94.1366     -93.0392     -92.8940     -94.4902     -92.6399
                -93.7689     -93.1649     -94.2966     -92.7261     -91.5771
                -93.1457     -93.7676     -94.4093     -93.1938     -93.9750
                -93.5968     -93.8634     -93.0316     -92.9556     -93.5193
                -93.5901     -91.7795     -92.1490     -94.1373     -93.8403
                -92.9907     -93.5289     -94.1502     -94.2996     -92.7070
                -93.5048     -93.7174     -93.9917     -91.6228     -90.6829
                -93.7601     -91.9786     -91.8746     -92.7941     -93.0827
                -93.6354     -92.2328     -93.9962     -93.3637     -93.7121
   4      0     -93.8692     -93.1488     -93.4611     -94.2238     -94.8474
                -94.1179     -92.9738     -92.8543     -94.4394     -92.6332
                -93.8002     -93.1614     -94.3432     -92.7365     -91.5484
                -93.1462     -93.7668     -94.3644     -93.1989     -93.9725
                -93.5862     -93.8371     -93.0425     -92.9218     -93.5313
                -93.6301     -91.7900     -92.1627     -94.1344     -93.7673
                -93.0171     -93.4940     -94.1417     -94.3009     -92.6416
                -93.4718     -93.6654     -94.0197     -91.6154     -90.7230
                -93.7657     -91.9390     -91.8884     -92.7840     -93.0798
                -93.5855     -92.1754     -93.9683     -93.3008     -93.6212
   5      0     -93.9376     -93.2298     -93.5300     -94.3037     -94.8927
                -94.1555     -93.0977     -92.9371     -94.5692     -92.7066
                -93.8804     -93.2217     -94.3579     -92.8091     -91.6918
                -93.2432     -93.8351     -94.4797     -93.2654     -94.0090
                -93.6029     -93.8970     -93.0558     -93.0142     -93.6285
                -93.6207     -91.8219     -92.2504     -94.2249     -93.8784
                -93.0414     -93.5603     -94.2308     -94.3654     -92.7130
                -93.5767     -93.7637     -94.0792     -91.7174     -90.8063
                -93.8167     -92.0242     -91.9269     -92.9007     -93.1778
                -93.6614     -92.3266     -94.0805     -93.4016     -93.7384
   5     60     -94.9952     -94.2813     -94.5750     -95.3529     -95.9435
                -95.2089     -94.1556     -93.9873     -95.6205     -93.7714
                -94.9378     -94.2695     -95.4101     -93.8678     -92.7511
                -94.2928     -94.8856     -95.5302     -94.3248     -95.0628
                -94.6606     -94.9518     -94.1119     -94.0749     -94.6862
                -94.6747     -92.8825     -93.3143     -95.2788     -94.9297
                -94.0961     -94.6171     -95.2856     -95.4223     -93.7681
                -94.6223     -94.8204     -95.1240     -92.7816     -91.8775
                -94.8732     -93.0804     -92.9883     -93.9687     -94.2438
                -94.7189     -93.3833     -95.1363     -94.4589     -94.7874
   5     80     -99.0838     -98.3612     -98.6311     -99.4146    -100.0124
                -99.2815     -98.2471     -98.0561     -99.6961     -97.8668
                -99.0243     -98.3319     -99.4870     -97.9647     -96.8265
                -98.3635     -98.9533     -99.5973     -98.3948     -99.1300
                -98.7366     -99.0321     -98.2035     -98.1628     -98.7541
                -98.7486     -96.9727     -97.4124     -99.3512     -99.0010
                -98.1754     -98.7039     -99.3704     -99.5070     -97.8423
                -98.6730     -98.9032     -99.1832     -96.8719     -95.9881
                -98.9527     -97.1633     -97.0756     -98.0704     -98.3433
                -98.8019     -97.4559     -99.2106     -98.5354     -98.8610
   5    100    -107.0341    -106.2995    -106.5489    -107.3491    -107.9468
               -107.2054    -106.1791    -105.9797    -107.6275    -105.8083
               -106.9571    -106.2536    -107.4123    -105.9190    -104.7327
               -106.2929    -106.8676    -107.5105    -106.3072    -107.0464
               -106.6594    -106.9634    -106.1389    -106.1053    -106.6742
               -106.6648    -104.8891    -105.3333    -107.2764    -106.9329
               -106.1132    -106.6485    -107.3188    -107.4425    -105.7612
               -106.5811    -106.8334    -107.1183    -104.8018    -103.9084
               -106.8781    -105.0864    -104.9911    -106.0019    -106.2861
               -106.7551    -105.3798    -107.1447    -106.4530    -106.8006
 
 group  inft   Estimated free energy: 1-th solvent contribution (kcal/mol)
   1      0     -25.5163     -20.5084     -14.3871     -17.4336     -19.5449
                -21.7353     -23.3102     -18.3212     -20.3235     -30.1467
                -26.4559     -16.4631     -18.9631     -28.9111     -26.4238
                -18.2665     -21.2985     -23.0928     -25.5540     -24.0896
                -22.8548     -21.3222     -22.2507     -27.0951     -24.5789
                -23.2344     -26.5073     -33.4809     -24.8873     -23.9469
                -22.5816     -22.8183     -21.2905     -21.3337     -22.4443
                -18.4724     -20.3935     -13.2356     -27.4869     -32.9345
                -26.9218     -25.7803     -30.0722     -36.3291     -27.4616
                -25.1974     -28.8661     -27.3742     -25.4526     -21.2889
   1     60     -25.5472     -20.5385     -14.4175     -17.4639     -19.5749
                -21.7657     -23.3409     -18.3512     -20.3538     -30.1771
                -26.4868     -16.4929     -18.9937     -28.9418     -26.4542
                -18.2966     -21.3285     -23.1234     -25.5849     -24.1200
                -22.8853     -21.3526     -22.2810     -27.1259     -24.6093
                -23.2651     -26.5383     -33.5114     -24.9182     -23.9779
                -22.6119     -22.8488     -21.3210     -21.3645     -22.4751
                -18.5030     -20.4239     -13.2662     -27.5177     -32.9649
                -26.9527     -25.8112     -30.1028     -36.3604     -27.4929
                -25.2283     -28.8971     -27.4049     -25.4835     -21.3193
   1     80     -25.6886     -20.6766     -14.5566     -17.6025     -19.7128
                -21.9049     -23.4819     -18.4887     -20.4926     -30.3165
                -26.6279     -16.6296     -19.1335     -29.0822     -26.5933
                -18.4347     -21.4662     -23.2636     -25.7262     -24.2588
                -23.0243     -21.4917     -22.4203     -27.2659     -24.7481
                -23.4055     -26.6803     -33.6518     -25.0598     -24.1196
                -22.7510     -22.9886     -21.4605     -21.5053     -22.6157
                -18.6423     -20.5631     -13.4058     -27.6580     -33.1044
                -27.0936     -25.9527     -30.2428     -36.5033     -27.6353
                -25.3694     -29.0381     -27.5449     -25.6243     -21.4581
   1    100     -26.0965     -21.0793     -14.9616     -18.0060     -20.1142
                -22.3089     -23.8852     -18.8892     -20.8958     -30.7193
                -27.0325     -17.0293     -19.5357     -29.4862     -26.9940
                -18.8377     -21.8662     -23.6664     -26.1301     -24.6622
                -23.4276     -21.8952     -22.8234     -27.6697     -25.1498
                -23.8090     -27.0869     -34.0554     -25.4672     -24.5277
                -23.1546     -23.3925     -21.8653     -21.9113     -23.0197
                -19.0456     -20.9660     -13.8121     -28.0613     -33.5046
                -27.4972     -26.3557     -30.6455     -36.9100     -28.0415
                -25.7762     -29.4430     -27.9493     -26.0293     -21.8629
   2      0     -25.5430     -20.5311     -14.4016     -17.4633     -19.5769
                -21.7657     -23.3144     -18.3503     -20.3433     -30.1721
                -26.4671     -16.4873     -18.9781     -28.9246     -26.4502
                -18.2904     -21.3311     -23.1091     -25.5674     -24.1111
                -22.8771     -21.3335     -22.2688     -27.1257     -24.6100
                -23.2535     -26.5232     -33.5144     -24.9186     -23.9394
                -22.5960     -22.8362     -21.3145     -21.3446     -22.4555
                -18.4901     -20.4173     -13.2489     -27.5070     -32.9619
                -26.9272     -25.7908     -30.1031     -36.3525     -27.4848
                -25.2062     -28.8744     -27.3807     -25.4657     -21.3095
   3      0     -25.5531     -20.5474     -14.4119     -17.4733     -19.6024
                -21.7899     -23.3437     -18.3616     -20.3583     -30.1851
                -26.4759     -16.4978     -18.9904     -28.9427     -26.4528
                -18.2897     -21.3431     -23.1078     -25.5635     -24.1199
                -22.8849     -21.3415     -22.2683     -27.1266     -24.6214
                -23.2520     -26.5176     -33.5288     -24.9231     -23.9476
                -22.5987     -22.8433     -21.3217     -21.3418     -22.4572
                -18.4911     -20.4269     -13.2508     -27.5093     -32.9598
                -26.9308     -25.7909     -30.1106     -36.3504     -27.4781
                -25.2084     -28.8846     -27.3911     -25.4754     -21.3395
   4      0     -25.5452     -20.5516     -14.4086     -17.4631     -19.6014
                -21.7941     -23.3331     -18.3641     -20.3688     -30.1861
                -26.4711     -16.5072     -18.9998     -28.9465     -26.4610
                -18.2904     -21.3399     -23.1101     -25.5756     -24.1234
                -22.9002     -21.3505     -22.2835     -27.1355     -24.6311
                -23.2597     -26.5272     -33.5289     -24.9209     -23.9324
                -22.6095     -22.8570     -21.3303     -21.3511     -22.4681
                -18.4900     -20.4342     -13.2445     -27.5100     -32.9755
                -26.9319     -25.8083     -30.1116     -36.3500     -27.4986
                -25.2182     -28.8940     -27.3846     -25.4800     -21.3350
   5      0     -25.5539     -20.5627     -14.4256     -17.4536     -19.5953
                -21.7896     -23.3433     -18.3756     -20.3737     -30.1984
                -26.4917     -16.5050     -19.0125     -28.9369     -26.4683
                -18.2970     -21.3491     -23.1251     -25.5731     -24.1289
                -22.8932     -21.3485     -22.2852     -27.1302     -24.6219
                -23.2596     -26.5292     -33.5341     -24.9226     -23.9312
                -22.6052     -22.8407     -21.3332     -21.3682     -22.4542
                -18.4830     -20.4322     -13.2496     -27.5301     -32.9796
                -26.9356     -25.7985     -30.1267     -36.3510     -27.4988
                -25.2011     -28.8951     -27.4130     -25.4865     -21.3384
   5     60     -25.5931     -20.6009     -14.4641     -17.4919     -19.6333
                -21.8281     -23.3822     -18.4136     -20.4122     -30.2369
                -26.5307     -16.5429     -19.0512     -28.9757     -26.5068
                -18.3353     -21.3872     -23.1639     -25.6125     -24.1673
                -22.9318     -21.3870     -22.3238     -27.1689     -24.6603
                -23.2986     -26.5686     -33.5729     -24.9619     -23.9705
                -22.6437     -22.8795     -21.3718     -21.4072     -22.4931
                -18.5217     -20.4707     -13.2882     -27.5690     -33.0182
                -26.9747     -25.8377     -30.1654     -36.3906     -27.5383
                -25.2403     -28.9344     -27.4519     -25.5255     -21.3768
   5     80     -25.7635     -20.7682     -14.6319     -17.6590     -19.7996
                -21.9956     -23.5519     -18.5796     -20.5802     -30.4047
                -26.7003     -16.7084     -19.2199     -29.1449     -26.6743
                -18.5024     -21.5534     -23.3329     -25.7825     -24.3344
                -23.0998     -21.5550     -22.4922     -27.3375     -24.8269
                -23.4683     -26.7396     -33.7419     -25.1323     -24.1412
                -22.8114     -23.0482     -21.5401     -21.5769     -22.6622
                -18.6897     -20.6387     -13.4565     -27.7380     -33.1862
                -27.1443     -26.0079     -30.3339     -36.5623     -27.7094
                -25.4104     -29.1043     -27.6211     -25.6951     -21.5445
   5    100     -26.1399     -21.1410     -15.0057     -18.0315     -20.1706
                -22.3683     -23.9240     -18.9500     -20.9530     -30.7762
                -27.0730     -17.0776     -19.5913     -29.5175     -27.0441
                -18.8744     -21.9228     -23.7044     -26.1552     -24.7060
                -23.4724     -21.9271     -22.8641     -27.7099     -25.1975
                -23.8406     -27.1143     -34.1141     -25.5081     -24.5174
                -23.1837     -23.4208     -21.9135     -21.9511     -23.0344
                -19.0615     -21.0107     -13.8310     -28.1108     -33.5549
                -27.5161     -26.3795     -30.7049     -36.9363     -28.0836
                -25.7858     -29.4778     -27.9944     -26.0684     -21.9183
 
 group  inft   Estimated free energy: 2-th solvent contribution (kcal/mol)
   1      0     -68.3125     -72.6227     -79.0346     -76.7528     -75.2165
                -72.2812     -69.6796     -74.4297     -74.1093     -62.4127
                -67.2899     -76.6069     -75.2821     -63.7342     -65.0861
                -74.8450     -72.3965     -71.2116     -67.5773     -69.8364
                -70.6932     -72.4385     -70.7317     -65.7441     -68.8447
                -70.3532     -65.2045     -58.5789     -69.1809     -69.8747
                -70.3212     -70.6693     -72.7751     -72.8895     -70.2482
                -74.9741     -73.2433     -80.7000     -64.0927     -57.6876
                -66.8078     -66.1292     -61.7257     -56.4036     -65.5272
                -68.3360     -63.2985     -66.5128     -67.8613     -72.3290
   1     60     -69.1288     -73.4348     -79.8424     -77.5633     -76.0274
                -73.0968     -70.4950     -75.2404     -74.9225     -63.2343
                -68.1070     -77.4175     -76.0946     -64.5521     -65.9027
                -75.6578     -73.2082     -72.0219     -68.3919     -70.6504
                -71.5116     -73.2561     -71.5467     -66.5658     -69.6621
                -71.1665     -66.0191     -59.4005     -69.9946     -70.6864
                -71.1349     -71.4859     -73.5920     -73.7047     -71.0631
                -75.7824     -74.0600     -81.5085     -64.9150     -58.5139
                -67.6225     -66.9426     -62.5454     -57.2266     -66.3503
                -69.1521     -64.1140     -67.3279     -68.6778     -73.1403
   1     80     -72.4739     -76.7769     -83.1612     -80.8882     -79.3614
                -76.4337     -73.8476     -78.5723     -78.2579     -66.5918
                -71.4533     -80.7438     -79.4332     -67.9066     -69.2469
                -78.9905     -76.5440     -75.3442     -71.7262     -73.9850
                -74.8537     -76.5992     -74.8960     -69.9176     -73.0037
                -74.5031     -69.3692     -62.7647     -73.3244     -74.0171
                -74.4775     -74.8307     -76.9357     -77.0509     -74.4031
                -79.0974     -77.4087     -84.8254     -68.2745     -61.8938
                -70.9624     -70.2896     -65.8994     -60.5893     -69.7112
                -72.4941     -67.4474     -70.6617     -72.0178     -76.4718
   1    100     -80.7859     -85.0756     -91.4378     -89.1821     -87.6510
                -84.7188     -82.1443     -86.8609     -86.5518     -74.9031
                -79.7503     -89.0327     -87.7278     -76.2289     -77.5119
                -87.2862     -84.8213     -83.6116     -79.9872     -82.2674
                -83.1466     -84.8929     -83.2002     -78.2209     -81.2788
                -82.7816     -77.6417     -71.0517     -81.6029     -82.3118
                -82.7771     -83.1387     -85.2517     -85.3501     -82.6929
                -87.3642     -85.7105     -93.1262     -76.5691     -70.1821
                -79.2466     -78.5746     -74.1864     -68.8933     -78.0225
                -80.8045     -75.7276     -78.9631     -80.2942     -84.7760
   2      0     -68.3376     -72.6318     -79.0925     -76.7907     -75.2602
                -72.3512     -69.6684     -74.5277     -74.0921     -62.4379
                -67.3369     -76.6610     -75.3522     -63.7988     -65.1161
                -74.8616     -72.4713     -71.2708     -67.6580     -69.8593
                -70.6988     -72.4895     -70.7519     -65.8513     -68.9313
                -70.3876     -65.2922     -58.5925     -69.2403     -69.8343
                -70.4452     -70.6762     -72.8147     -72.9483     -70.1841
                -75.0086     -73.2578     -80.7572     -64.1094     -57.7427
                -66.8484     -66.2103     -61.7489     -56.4479     -65.6336
                -68.3591     -63.3034     -66.5688     -67.8617     -72.2818
   3      0     -68.3308     -72.6347     -79.0889     -76.8053     -75.2648
                -72.3439     -69.6927     -74.5296     -74.1290     -62.4520
                -67.2901     -76.6643     -75.3034     -63.7806     -65.1215
                -74.8532     -72.4217     -71.2987     -67.6275     -69.8523
                -70.7091     -72.5191     -70.7605     -65.8263     -68.8951
                -70.3352     -65.2591     -58.6173     -69.2114     -69.8899
                -70.3892     -70.6828     -72.8257     -72.9550     -70.2470
                -75.0109     -73.2876     -80.7381     -64.1107     -57.7203
                -66.8265     -66.1849     -61.7612     -56.4410     -65.6018
                -68.4242     -63.3455     -66.6023     -67.8855     -72.3698
   4      0     -68.3213     -72.5943     -79.0497     -76.7579     -75.2432
                -72.3210     -69.6378     -74.4874     -74.0678     -62.4443
                -67.3263     -76.6513     -75.3405     -63.7872     -65.0846
                -74.8530     -72.4241     -71.2515     -67.6205     -69.8463
                -70.6831     -72.4837     -70.7562     -65.7834     -68.8974
                -70.3676     -65.2601     -58.6310     -69.2106     -69.8321
                -70.4049     -70.6342     -72.8086     -72.9470     -70.1707
                -74.9790     -73.2284     -80.7723     -64.1026     -57.7447
                -66.8310     -66.1280     -61.7740     -56.4312     -65.5783
                -68.3645     -63.2786     -66.5809     -67.8181     -72.2833
   5      0     -68.3809     -72.6643     -79.1016     -76.8473     -75.2946
                -72.3630     -69.7517     -74.5587     -74.1928     -62.5054
                -67.3860     -76.7138     -75.3427     -63.8694     -65.2207
                -74.9433     -72.4832     -71.3519     -67.6894     -69.8773
                -70.7069     -72.5457     -70.7677     -65.8813     -69.0037
                -70.3584     -65.2900     -58.7135     -69.2994     -69.9444
                -70.4334     -70.7169     -72.8948     -72.9944     -70.2560
                -75.0910     -73.3287     -80.8269     -64.1845     -57.8239
                -66.8783     -66.2229     -61.7974     -56.5469     -65.6762
                -68.4575     -63.4286     -66.6646     -67.9123     -72.3972
   5     60     -69.3993     -73.6775     -80.1082     -77.8582     -76.3074
                -73.3781     -70.7706     -75.5710     -75.2055     -63.5317
                -68.4043     -77.7238     -76.3561     -64.8893     -66.2415
                -75.9547     -73.4957     -72.3636     -68.7095     -70.8927
                -71.7260     -73.5620     -71.7853     -66.9032     -70.0231
                -71.3733     -66.3111     -59.7386     -70.3142     -70.9564
                -71.4496     -71.7349     -73.9110     -74.0123     -71.2722
                -76.0978     -74.3469     -81.8331     -65.2098     -58.8565
                -67.8957     -67.2399     -62.8201     -57.5753     -66.7027
                -69.4757     -64.4462     -67.6815     -68.9306     -73.4078
   5     80     -73.3175     -77.5902     -83.9964     -81.7529     -80.2101
                -77.2831     -74.6924     -79.4737     -79.1131     -67.4592
                -72.3212     -81.6207     -80.2643     -68.8171     -70.1494
                -79.8583     -77.3971     -76.2616     -72.6095     -74.7928
                -75.6341     -77.4743     -75.7084     -70.8225     -73.9244
                -75.2775     -70.2304     -63.6677     -74.2161     -74.8570
                -75.3611     -75.6529     -77.8274     -77.9273     -75.1773
                -79.9805     -78.2616     -85.7239     -69.1311     -62.7991
                -71.8056     -71.1526     -66.7389     -61.5053     -70.6311
                -73.3887     -68.3488     -71.5867     -72.8375     -77.3137
   5    100     -80.8914     -85.1557     -91.5404     -89.3147     -87.7734
                -84.8343     -82.2523     -87.0270     -86.6717     -75.0293
                -79.8813     -89.1732     -87.8183     -76.3987     -77.6857
                -87.4157     -84.9420     -83.8033     -80.1492     -82.3376
                -83.1843     -85.0334     -83.2720     -78.3927     -81.4739
                -82.8214     -77.7720     -71.2164     -81.7655     -82.4127
                -82.9267     -83.2249     -85.4025     -85.4886     -82.7239
                -87.5168     -85.8199     -93.2845     -76.6882     -70.3508
                -79.3592     -78.7041     -74.2834     -69.0628     -78.1997
                -80.9665     -75.8992     -79.1475     -80.3818     -84.8795
 
 
 cumulative average & 95% error for solvation free energy
              total             1st component         2nd component
  1   -93.8866              -25.5531              -68.3308
  2   -93.5358     0.7016   -23.0502     5.0056   -70.4828     4.3040
  3   -93.5251     0.4057   -20.1708     6.4434   -73.3515     6.2524
  4   -93.7141     0.4747   -19.4964     4.7516   -74.2149     4.7464
  5   -93.9453     0.5907   -19.5176     3.6808   -74.4249     3.7005
  6   -93.9772     0.4865   -19.8963     3.0993   -74.0781     3.1000
  7   -93.8432     0.4908   -20.3888     2.7985   -73.4516     2.9042
  8   -93.7245     0.4868   -20.1354     2.4760   -73.5863     2.5295
  9   -93.8096     0.4618   -20.1602     2.1842   -73.6466     2.2341
 10   -93.6926     0.4747   -21.1627     2.7994   -72.5272     3.0009
 11   -93.6996     0.4296   -21.6457     2.7101   -72.0511     2.8766
 12   -93.6550     0.4022   -21.2167     2.6186   -72.4355     2.7362
 13   -93.7044     0.3829   -21.0455     2.4330   -72.6561     2.5553
 14   -93.6345     0.3810   -21.6095     2.5192   -72.0221     2.6841
 15   -93.4973     0.4484   -21.9324     2.4325   -71.5621     2.6628
 16   -93.4754     0.4218   -21.7048     2.3206   -71.7678     2.5246
 17   -93.4925     0.3977   -21.6835     2.1802   -71.8063     2.3727
 18   -93.5435     0.3885   -21.7626     2.0616   -71.7781     2.2377
 19   -93.5251     0.3693   -21.9627     1.9907   -71.5596     2.1613
 20   -93.5476     0.3533   -22.0705     1.9008   -71.4742     2.0574
 21   -93.5499     0.3360   -22.1093     1.8097   -71.4378     1.9584
 22   -93.5642     0.3217   -22.0744     1.7269   -71.4870     1.8698
 23   -93.5410     0.3108   -22.0828     1.6502   -71.4554     1.7878
 24   -93.5166     0.3016   -22.2930     1.6349   -71.2208     1.7748
 25   -93.5167     0.2893   -22.3861     1.5792   -71.1278     1.7125
 26   -93.5195     0.2780   -22.4194     1.5187   -71.0973     1.6464
 27   -93.4551     0.2969   -22.5712     1.4925   -70.8811     1.6422
 28   -93.4084     0.3009   -22.9626     1.6374   -70.4431     1.8088
 29   -93.4336     0.2947   -23.0302     1.5857   -70.4006     1.7473
 30   -93.4471     0.2860   -23.0607     1.5332   -70.3836     1.6884
 31   -93.4324     0.2782   -23.0458     1.4832   -70.3838     1.6331
 32   -93.4354     0.2694   -23.0395     1.4361   -70.3931     1.5813
 33   -93.4571     0.2647   -22.9875     1.3958   -70.4668     1.5397
 34   -93.4819     0.2615   -22.9391     1.3576   -70.5400     1.5009
 35   -93.4597     0.2578   -22.9253     1.3185   -70.5317     1.4575
 36   -93.4610     0.2505   -22.8021     1.3049   -70.6561     1.4381
 37   -93.4679     0.2440   -22.7379     1.2756   -70.7272     1.4059
 38   -93.4817     0.2391   -22.4883     1.3382   -70.9906     1.4664
 39   -93.4340     0.2517   -22.6170     1.3286   -70.8142     1.4712
 40   -93.3653     0.2812   -22.8756     1.3944   -70.4869     1.5763
 41   -93.3749     0.2750   -22.9745     1.3743   -70.3976     1.5477
 42   -93.3416     0.2765   -23.0415     1.3479   -70.2973     1.5237
 43   -93.3075     0.2784   -23.2059     1.3566   -70.0988     1.5399
 44   -93.2959     0.2730   -23.5047     1.4539   -69.7884     1.6276
 45   -93.2911     0.2671   -23.5930     1.4321   -69.6953     1.6018
 46   -93.2986     0.2616   -23.6281     1.4024   -69.6677     1.5676
 47   -93.2759     0.2600   -23.7399     1.3903   -69.5332     1.5573
 48   -93.2909     0.2563   -23.8160     1.3695   -69.4721     1.5294
 49   -93.2924     0.2510   -23.8499     1.3430   -69.4398     1.4992
 50   -93.3008     0.2465   -23.7997     1.3197   -69.4984     1.4736
 
 Mesh error is    0.067 kcal/mol
