 ERmod 0.3.8, Copyright (C) 2000-2019 Nobuyuki Matubayasi
                            2010-2019 Shun Sakuraba
 ERmod comes with ABSOLUTELY NO WARRANTY.
 This is free software, and you can redistribute it
 and/or modify it under certain conditions.
 See LICENSE file for details.
 
  Number of the   1-th solvent  =          378
  Number of the   2-th solvent  =        10000
 
  Be sure that the solvent distribution is homogeneous (radial distribution function is essentially unity) when the solvent molecule is separated beyond distance of   10.0 Angstrom in any direction from any atom within the solute molecule
 
  LJ long-range correction    =        -1.1319     -7.1533
 
  Self-energy of the solute   =         0.0034  kcal/mol
 
 
 cumulative average & 95% error for solvation energy
              total             1st component         2nd component
  1  -487.5603              -79.2801             -408.2835
  2  -489.1174     3.1142   -77.8077     2.9448  -411.3130     6.0590
  3  -489.2909     1.8312   -69.2809    17.1382  -420.0134    17.7488
  4  -489.6373     1.4685   -64.5666    15.3544  -425.0740    16.1230
  5  -488.8373     1.9631   -63.7666    12.0006  -425.0740    12.4888
  6  -489.0030     1.6368   -63.2536     9.8520  -425.7527    10.2870
  7  -488.8174     1.4323   -63.5059     8.3417  -425.3148     8.7381
  8  -488.2704     1.6538   -64.2860     7.3907  -423.9878     8.0193
  9  -488.6983     1.6910   -63.2271     6.8534  -425.4746     7.6721
 10  -488.9336     1.5841   -61.9644     6.6297  -426.9726     7.4877
 11  -488.8857     1.4360   -61.1290     6.2252  -427.7600     6.9535
 12  -488.8752     1.3111   -59.5631     6.4887  -429.3155     7.0690
 13  -488.9056     1.2076   -58.6342     6.2512  -430.2747     6.7797
 14  -488.8192     1.1312   -59.6093     6.1072  -429.2133     6.6260
 15  -488.7381     1.0656   -58.8315     5.8945  -429.9100     6.3239
 16  -488.9479     1.0815   -57.6853     5.9713  -431.2660     6.5075
 17  -488.9222     1.0172   -56.0808     6.4622  -432.8448     6.8802
 18  -489.0412     0.9881   -56.0231     6.0937  -433.0214     6.4963
 19  -488.9465     0.9536   -56.6785     5.9112  -432.2713     6.3254
 20  -488.9198     0.9062   -56.5500     5.6138  -432.3731     6.0042
 21  -489.0276     0.8886   -55.5994     5.6682  -433.4316     6.0909
 22  -488.9506     0.8611   -54.9447     5.5607  -434.0093     5.9213
 23  -488.8937     0.8306   -56.0346     5.7432  -432.8624     6.1052
 24  -488.8434     0.8016   -56.6378     5.6295  -432.2089     5.9897
 25  -488.9198     0.7839   -57.1532     5.4971  -431.7699     5.8118
 26  -488.9693     0.7597   -57.6752     5.3837  -431.2974     5.6632
 27  -488.9072     0.7414   -58.2906     5.3247  -430.6200     5.6153
 28  -489.0347     0.7586   -58.7286     5.2052  -430.3094     5.4466
 29  -489.0588     0.7336   -59.6172     5.3276  -429.4450     5.5325
 30  -489.0281     0.7114   -59.9577     5.1918  -429.0737     5.3962
 31  -489.0120     0.6888   -59.4306     5.1310  -429.5847     5.3184
 32  -488.9609     0.6747   -59.0322     5.0316  -429.9320     5.1961
 33  -488.9650     0.6540   -58.5212     4.9827  -430.4471     5.1405
 34  -489.0408     0.6523   -58.0431     4.9276  -431.0011     5.1086
 35  -489.0810     0.6385   -57.7831     4.8129  -431.3012     4.9967
 36  -489.0722     0.6208   -57.4664     4.7200  -431.6091     4.8948
 37  -489.1271     0.6136   -56.6539     4.8698  -432.4765     5.0669
 38  -489.2145     0.6223   -56.0434     4.8946  -433.1744     5.1255
 39  -489.2837     0.6218   -55.6162     4.8434  -433.6709     5.0901
 40  -489.3185     0.6100   -54.9156     4.9243  -434.4062     5.1746
 41  -489.3661     0.6025   -55.1781     4.8313  -434.1913     5.0651
 42  -489.3866     0.5894   -55.5481     4.7726  -433.8418     4.9922
 43  -489.3622     0.5776   -55.6674     4.6664  -433.6982     4.8832
 44  -489.3790     0.5653   -55.3860     4.5937  -433.9964     4.8080
 45  -489.4571     0.5742   -54.9695     4.5671  -434.4909     4.8029
 46  -489.5499     0.5916   -54.3465     4.6372  -435.2068     4.9107
 47  -489.5952     0.5859   -53.9055     4.6224  -435.6931     4.9025
 48  -489.6506     0.5841   -53.8768     4.5254  -435.7771     4.8022
 49  -489.6542     0.5721   -53.9145     4.4328  -435.7430     4.7037
 50  -489.6335     0.5621   -53.9920     4.3460  -435.6449     4.6129
 
 
 group  inft  solvation free energy     error          difference
  total solvation free energy
   1      0       -100.08378           0.32440           0.03293
   1     60       -100.87196           0.32393          -0.75524
   1     80       -104.17752           0.32199          -4.06081
   1    100       -112.49941           0.32012         -12.38270
   2      0       -100.13239           0.32988          -0.01568
   3      0       -100.11671           0.33006           0.00000
   4      0       -100.15708           0.33520          -0.04036
   5      0       -100.23611           0.33112          -0.11940
   5     60       -101.22323           0.33093          -1.10651
   5     80       -105.09213           0.32884          -4.97542
   5    100       -112.70199           0.32606         -12.58528
 
  contribution from  1-th solvent component
   1      0        -18.17854           1.73981           0.00210
   1     60        -18.20658           1.73987          -0.02594
   1     80        -18.33849           1.74018          -0.15785
   1    100        -18.72291           1.74033          -0.54227
   2      0        -18.17714           1.73816           0.00350
   3      0        -18.18064           1.73882           0.00000
   4      0        -18.19024           1.73725          -0.00960
   5      0        -18.19533           1.73819          -0.01469
   5     60        -18.23086           1.73827          -0.05023
   5     80        -18.39076           1.73861          -0.21012
   5    100        -18.74587           1.73874          -0.56523
 
  contribution from  2-th solvent component
   1      0        -81.90859           1.96164           0.03083
   1     60        -82.66873           1.96105          -0.72930
   1     80        -85.84238           1.95856          -3.90296
   1    100        -93.77985           1.95519         -11.84042
   2      0        -81.95860           1.96462          -0.01918
   3      0        -81.93943           1.96566           0.00000
   4      0        -81.97019           1.96943          -0.03076
   5      0        -82.04414           1.96578          -0.10471
   5     60        -82.99571           1.96534          -1.05629
   5     80        -86.70473           1.96279          -4.76531
   5    100        -93.95948           1.95862         -12.02005
 
 
 group  inft   Estimated free energy: total (kcal/mol)
   1      0     -99.2359    -100.0168    -100.3726    -100.1898     -98.2590
                -99.6375     -98.4170     -97.6622    -101.1256    -100.6043
                -99.2628     -99.6277     -99.2995     -98.6752     -99.1552
               -100.7076    -100.0284    -101.1021     -99.1118     -99.9442
               -101.3838     -99.3847     -97.7601     -99.1514     -99.9240
                -99.9315     -98.2900    -100.4805     -98.5062     -98.5715
                -99.3791     -99.5259    -100.5898    -101.2160    -100.9489
               -100.2866    -101.3030    -101.6556    -101.3904    -101.0072
               -101.4439    -100.7384     -99.9299    -100.9268    -102.1160
               -102.6035    -101.5085    -101.2992    -100.3476    -100.1542
   1     60    -100.0225    -100.8067    -101.1594    -100.9794     -99.0498
               -100.4241     -99.2079     -98.4541    -101.9150    -101.3878
               -100.0515    -100.4146    -100.0902     -99.4699     -99.9410
               -101.4941    -100.8139    -101.8900     -99.9010    -100.7337
               -102.1649    -100.1704     -98.5486     -99.9428    -100.7183
               -100.7237     -99.0832    -101.2724     -99.2982     -99.3641
               -100.1666    -100.3167    -101.3729    -102.0026    -101.7360
               -101.0727    -102.0851    -102.4439    -102.1783    -101.7902
               -102.2359    -101.5280    -100.7178    -101.7109    -102.9013
               -103.3887    -102.2935    -102.0902    -101.1349    -100.9385
   1     80    -103.3385    -104.1329    -104.4591    -104.2872    -102.3624
               -103.7337    -102.5183    -101.7637    -105.2349    -104.6918
               -103.3633    -103.7148    -103.3964    -102.7917    -103.2323
               -104.7974    -104.1075    -105.1985    -103.2137    -104.0479
               -105.4493    -103.4620    -101.8800    -103.2552    -104.0391
               -104.0410    -102.4056    -104.5926    -102.6122    -102.6979
               -103.4708    -103.6290    -104.6676    -105.2922    -105.0253
               -104.3688    -105.3754    -105.7498    -105.4797    -105.0777
               -105.5484    -104.8390    -104.0148    -104.9970    -106.1872
               -106.6790    -105.5862    -105.4057    -104.4365    -104.2253
   1    100    -111.7003    -112.5055    -112.7754    -112.6268    -110.7009
               -112.0634    -110.8452    -110.0961    -113.5859    -113.0216
               -111.7113    -112.0327    -111.7032    -111.1493    -111.5248
               -113.1051    -112.4067    -113.5205    -111.5398    -112.3716
               -113.7350    -111.7552    -110.2182    -111.5736    -112.3783
               -112.3870    -110.7524    -112.9370    -110.9335    -111.0559
               -111.7714    -111.9547    -112.9817    -113.5946    -113.3202
               -112.6735    -113.6925    -114.0951    -113.7943    -113.3779
               -113.8831    -113.1525    -112.3146    -113.2881    -114.4896
               -114.9858    -113.8981    -113.7499    -112.7352    -112.5054
   2      0     -99.1801    -100.0153    -100.4349    -100.1834     -98.2641
                -99.6908     -98.3810     -97.6401    -101.1474    -100.6333
                -99.3016     -99.6514     -99.3479     -98.6643     -99.1800
               -100.7658    -100.0975    -101.1531     -99.1902    -100.0295
               -101.4268     -99.4363     -97.8025     -99.2498     -99.9893
                -99.9156     -98.2911    -100.5505     -98.5678     -98.5935
                -99.4486     -99.5880    -100.5979    -101.3206    -100.9849
               -100.3703    -101.4136    -101.7292    -101.5050    -101.1104
               -101.5148    -100.8354     -99.9789    -101.0098    -102.1630
               -102.6683    -101.5489    -101.3848    -100.4294    -100.2428
   3      0     -99.0678     -99.9764    -100.4146    -100.1788     -98.2711
                -99.6790     -98.3897     -97.6155    -101.1119    -100.6044
                -99.2862     -99.6327     -99.3507     -98.6579     -99.1839
               -100.7409    -100.0645    -101.1360     -99.1934     -99.9808
               -101.4209     -99.4131     -97.7856     -99.2372     -99.9981
                -99.8918     -98.2691    -100.5045     -98.5760     -98.5808
                -99.4352     -99.5663    -100.5884    -101.3019    -100.9523
               -100.3119    -101.4154    -101.7218    -101.4416    -101.0967
               -101.5102    -100.8526     -99.9984    -101.0235    -102.1658
               -102.6546    -101.5508    -101.4039    -100.3921    -100.2389
   4      0     -99.0364     -99.9919    -100.3324    -100.2251     -98.2850
                -99.7169     -98.4259     -97.6304    -101.1606    -100.6493
                -99.2975     -99.6555     -99.3587     -98.6195     -99.1701
               -100.7935    -100.1183    -101.1694     -99.2243    -100.0374
               -101.5033     -99.5215     -97.7881     -99.2976    -100.0491
                -99.9537     -98.2788    -100.5278     -98.5681     -98.6157
                -99.5363     -99.6259    -100.6403    -101.3642    -101.0134
               -100.3355    -101.5205    -101.8492    -101.5002    -101.1396
               -101.5505    -100.9261    -100.0173    -101.0753    -102.2293
               -102.6961    -101.6149    -101.4722    -100.4323    -100.3131
   5      0     -99.2064    -100.0699    -100.4995    -100.2660     -98.4038
                -99.8069     -98.5370     -97.7366    -101.2119    -100.7467
                -99.3602     -99.7599     -99.4344     -98.7881     -99.3079
               -100.8952    -100.1407    -101.2410     -99.2807    -100.0965
               -101.5573     -99.4858     -97.8638     -99.4039    -100.1084
                -99.9983     -98.4429    -100.6739     -98.6471     -98.6848
                -99.5677     -99.6756    -100.7158    -101.4169    -101.0818
               -100.4808    -101.5335    -101.8521    -101.6093    -101.2236
               -101.6263    -100.9597    -100.1525    -101.1804    -102.2873
               -102.7771    -101.6741    -101.5078    -100.4398    -100.3881
   5     60    -100.1892    -101.0609    -101.4843    -101.2534     -99.3916
               -100.7936     -99.5264     -98.7215    -102.2038    -101.7308
               -100.3431    -100.7444    -100.4212     -99.7785    -100.2894
               -101.8789    -101.1256    -102.2286    -100.2715    -101.0889
               -102.5392    -100.4713     -98.8520    -100.3954    -101.1019
               -100.9859     -99.4318    -101.6608     -99.6377     -99.6764
               -100.5554    -100.6646    -101.6967    -102.4021    -102.0667
               -101.4679    -102.5172    -102.8401    -102.5972    -102.2060
               -102.6192    -101.9509    -101.1415    -102.1654    -103.2716
               -103.7612    -102.6585    -102.5004    -101.4272    -101.3732
   5     80    -104.0689    -104.9574    -105.3435    -105.1271    -103.2688
               -104.6664    -103.4024    -102.5926    -106.0865    -105.5988
               -104.2202    -104.6126    -104.2885    -103.6683    -104.1444
               -105.7429    -104.9805    -106.0971    -104.1477    -104.9631
               -106.3827    -104.3264    -102.7454    -104.2672    -104.9840
               -104.8688    -103.3216    -105.5417    -103.5155    -103.5725
               -104.4244    -104.5407    -105.5547    -106.2571    -105.9181
               -105.3277    -106.3722    -106.7110    -106.4612    -106.0556
               -106.4938    -105.8254    -104.9993    -106.0140    -107.1218
               -107.6139    -106.5139    -106.3814    -105.2936    -105.2232
   5    100    -111.7333    -112.6306    -112.9408    -112.7449    -110.9041
               -112.2772    -111.0108    -110.2153    -113.7169    -113.2099
               -111.8546    -112.2210    -111.8898    -111.3151    -111.7351
               -113.3427    -112.5600    -113.7007    -111.7572    -112.5675
               -113.9568    -111.9069    -110.3871    -111.8730    -112.6068
               -112.5110    -110.9697    -113.1839    -111.1211    -111.2143
               -112.0180    -112.1577    -113.1577    -113.8484    -113.4978
               -112.9233    -113.9721    -114.3330    -114.0615    -113.6408
               -114.1102    -113.4331    -112.5827    -113.5986    -114.7076
               -115.2091    -114.1027    -114.0061    -112.8833    -112.7976
 
 group  inft   Estimated free energy: 1-th solvent contribution (kcal/mol)
   1      0     -27.9462     -26.9416     -17.5348     -16.7881     -20.8635
                -21.0541     -22.6015     -24.1211     -18.5543     -16.7376
                -17.5671     -13.2202     -15.4581     -25.2618     -15.3534
                -12.4544      -8.4199     -18.6966     -24.2371     -18.0488
                -11.3691     -13.2635     -27.9357     -24.9318     -24.8812
                -24.9474     -26.0500     -24.9822     -30.3874     -24.2053
                -14.0686     -14.9727     -13.1654     -13.8627     -16.3806
                -15.4570      -7.4743     -10.0962     -12.4453      -7.3767
                -23.2090     -25.0915     -21.1148     -14.3002     -11.3115
                 -6.8401      -9.9332     -17.9355     -19.0807     -19.9977
   1     60     -27.9745     -26.9701     -17.5628     -16.8162     -20.8909
                -21.0825     -22.6302     -24.1495     -18.5825     -16.7658
                -17.5948     -13.2474     -15.4860     -25.2902     -15.3802
                -12.4823      -8.4475     -18.7247     -24.2655     -18.0770
                -11.3969     -13.2917     -27.9630     -24.9603     -24.9097
                -24.9761     -26.0784     -25.0103     -30.4155     -24.2334
                -14.0969     -15.0007     -13.1931     -13.8906     -16.4091
                -15.4848      -7.5015     -10.1234     -12.4727      -7.4041
                -23.2374     -25.1196     -21.1432     -14.3285     -11.3394
                 -6.8678      -9.9612     -17.9639     -19.1091     -20.0261
   1     80     -28.1085     -27.1048     -17.6950     -16.9484     -21.0209
                -21.2162     -22.7649     -24.2828     -18.7153     -16.8987
                -17.7262     -13.3757     -15.6174     -25.4233     -15.5074
                -12.6141      -8.5771     -18.8565     -24.3990     -18.2096
                -11.5281     -13.4241     -28.0931     -25.0935     -25.0433
                -25.1110     -26.2124     -25.1428     -30.5470     -24.3660
                -14.2298     -15.1326     -13.3244     -14.0215     -16.5421
                -15.6155      -7.6298     -10.2516     -12.6018      -7.5334
                -23.3701     -25.2512     -21.2763     -14.4613     -11.4705
                 -6.9984     -10.0929     -18.0970     -19.2424     -20.1589
   1    100     -28.4941     -27.4941     -18.0798     -17.3343     -21.4038
                -21.6031     -23.1533     -24.6677     -19.1006     -17.2835
                -18.1128     -13.7563     -16.0000     -25.8054     -15.8819
                -12.9985      -8.9593     -19.2401     -24.7836     -18.5939
                -11.9127     -13.8086     -28.4702     -25.4793     -25.4304
                -25.4998     -26.5988     -25.5277     -30.9273     -24.7498
                -14.6156     -15.5171     -13.7100     -14.4063     -16.9275
                -15.9993      -8.0122     -10.6321     -12.9814      -7.9140
                -23.7562     -25.6344     -21.6623     -14.8479     -11.8556
                 -7.3842     -10.4779     -18.4864     -19.6296     -20.5447
   2      0     -27.9236     -26.9035     -17.5386     -16.7854     -20.8570
                -21.0532     -22.5814     -24.0929     -18.5514     -16.7293
                -17.5720     -13.2229     -15.4592     -25.2391     -15.3610
                -12.4541      -8.4282     -18.7043     -24.2371     -18.0407
                -11.3789     -13.2569     -27.9314     -24.9350     -24.8884
                -24.9335     -26.0357     -24.9797     -30.3929     -24.2034
                -14.0562     -14.9718     -13.1580     -13.8771     -16.3855
                -15.4551      -7.4933     -10.1060     -12.4580      -7.3707
                -23.2155     -25.0989     -21.1147     -14.3004     -11.3261
                 -6.8545      -9.9376     -17.9329     -19.0734     -20.0007
   3      0     -27.9254     -26.9077     -17.5466     -16.7819     -20.8759
                -21.0525     -22.5834     -24.0898     -18.5649     -16.7273
                -17.5760     -13.2363     -15.4655     -25.2387     -15.3697
                -12.4631      -8.4295     -18.7092     -24.2382     -18.0410
                -11.3794     -13.2437     -27.9484     -24.9374     -24.8958
                -24.9386     -26.0353     -24.9934     -30.4081     -24.2093
                -14.0555     -14.9728     -13.1645     -13.8827     -16.3845
                -15.4460      -7.4818     -10.1067     -12.4643      -7.3699
                -23.2187     -25.1036     -21.1187     -14.3059     -11.3258
                 -6.8550      -9.9357     -17.9406     -19.0748     -20.0127
   4      0     -27.9141     -26.8991     -17.5464     -16.8043     -20.8715
                -21.0581     -22.5853     -24.0919     -18.5669     -16.7337
                -17.5781     -13.2450     -15.4796     -25.2557     -15.3836
                -12.4691      -8.4482     -18.7249     -24.2487     -18.0464
                -11.4047     -13.2676     -27.9448     -24.9522     -24.8862
                -24.9532     -26.0369     -24.9841     -30.4147     -24.2167
                -14.0727     -14.9848     -13.1782     -13.8952     -16.3945
                -15.4678      -7.5079     -10.1292     -12.4806      -7.3872
                -23.2264     -25.1142     -21.1377     -14.3081     -11.3466
                 -6.8607      -9.9520     -17.9548     -19.0804     -20.0212
   5      0     -27.9401     -26.9131     -17.5505     -16.8065     -20.8824
                -21.0786     -22.6033     -24.0979     -18.5664     -16.7288
                -17.5933     -13.2545     -15.4808     -25.2717     -15.4027
                -12.4831      -8.4500     -18.7214     -24.2456     -18.0584
                -11.3927     -13.2615     -27.9561     -24.9645     -24.8931
                -24.9517     -26.0590     -25.0004     -30.4151     -24.2309
                -14.0804     -14.9968     -13.1773     -13.9020     -16.3968
                -15.4616      -7.5051     -10.1380     -12.4853      -7.3881
                -23.2365     -25.1108     -21.1356     -14.3123     -11.3418
                 -6.8665      -9.9504     -17.9333     -19.0754     -20.0181
   5     60     -27.9759     -26.9492     -17.5860     -16.8422     -20.9172
                -21.1146     -22.6396     -24.1338     -18.6022     -16.7646
                -17.6284     -13.2888     -15.5162     -25.3077     -15.4369
                -12.5184      -8.4849     -18.7569     -24.2817     -18.0944
                -11.4280     -13.2973     -27.9910     -25.0005     -24.9292
                -24.9879     -26.0949     -25.0359     -30.4506     -24.2667
                -14.1164     -15.0323     -13.2124     -13.9372     -16.4328
                -15.4969      -7.5396     -10.1725     -12.5201      -7.4230
                -23.2724     -25.1465     -21.1716     -14.3481     -11.3773
                 -6.9017      -9.9860     -17.9693     -19.1114     -20.0539
   5     80     -28.1388     -27.1126     -17.7462     -17.0029     -21.0749
                -21.2764     -22.8024     -24.2953     -18.7630     -16.9255
                -17.7878     -13.4451     -15.6754     -25.4693     -15.5921
                -12.6780      -8.6422     -18.9164     -24.4431     -18.2553
                -11.5868     -13.4576     -28.1494     -25.1611     -25.0909
                -25.1509     -26.2569     -25.1963     -30.6103     -24.4278
                -14.2777     -15.1925     -13.3715     -14.0959     -16.5938
                -15.6556      -7.6956     -10.3282     -12.6768      -7.5803
                -23.4325     -25.3061     -21.3325     -14.5087     -11.5364
                 -7.0603     -10.1457     -18.1303     -19.2725     -20.2144
   5    100     -28.4958     -27.4720     -18.1018     -17.3597     -21.4286
                -21.6328     -23.1605     -24.6503     -19.1189     -17.2803
                -18.1445     -13.7972     -16.0288     -25.8232     -15.9397
                -13.0333      -8.9951     -19.2707     -24.7984     -18.6107
                -11.9420     -13.8125     -28.4996     -25.5165     -25.4486
                -25.5096     -26.6135     -25.5522     -30.9617     -24.7825
                -14.6346     -15.5480     -13.7273     -14.4513     -16.9500
                -16.0105      -8.0489     -10.6800     -13.0280      -7.9319
                -23.7884     -25.6602     -21.6887     -14.8654     -11.8923
                 -7.4170     -10.5011     -18.4892     -19.6296     -20.5701
 
 group  inft   Estimated free energy: 2-th solvent contribution (kcal/mol)
   1      0     -71.2930     -73.0785     -82.8412     -83.4051     -77.3988
                -78.5867     -75.8188     -73.5445     -82.5747     -83.8701
                -81.6990     -86.4108     -83.8448     -73.4168     -83.8051
                -88.2565     -91.6118     -82.4089     -74.8780     -81.8987
                -90.0181     -86.1246     -69.8278     -74.2230     -75.0462
                -74.9875     -72.2434     -75.5017     -68.1221     -74.3695
                -85.3138     -84.5565     -87.4278     -87.3566     -84.5717
                -84.8330     -93.8320     -91.5627     -88.9485     -93.6339
                -78.2382     -75.6502     -78.8185     -86.6300     -90.8078
                -95.7668     -91.5787     -83.3670     -81.2702     -80.1599
   1     60     -72.0513     -73.8400     -83.5999     -84.1666     -78.1622
                -79.3450     -76.5810     -74.3079     -83.3359     -84.6254
                -82.4600     -87.1706     -84.6076     -74.1831     -84.5642
                -89.0151     -92.3698     -83.1687     -75.6388     -82.6600
                -90.7714     -86.8821     -70.5890     -74.9858     -75.8119
                -75.7509     -73.0082     -76.2654     -68.8860     -75.1340
                -86.0731     -85.3193     -88.1831     -88.1154     -85.3303
                -85.5913     -94.5869     -92.3239     -89.7090     -94.3894
                -79.0018     -76.4118     -79.5779     -87.3857     -91.5652
                -96.5243     -92.3357     -84.1296     -82.0291     -80.9158
   1     80     -75.2333     -77.0314     -86.7675     -87.3421     -81.3448
                -82.5208     -79.7568     -77.4843     -86.5229     -87.7964
                -85.6405     -90.3424     -87.7823     -77.3718     -87.7283
                -92.1867     -95.5337     -86.3453     -78.8181     -85.8416
                -93.9246     -90.0413     -73.7903     -78.1650     -78.9991
                -78.9333     -76.1966     -79.4531     -72.0686     -78.3352
                -89.2444     -88.4998     -91.3466     -91.2740     -88.4866
                -88.7566     -97.7490     -95.5016     -92.8813     -97.5476
                -82.1817     -79.5911     -82.7419     -90.5390     -94.7201
                -99.6839     -95.4967     -87.3120     -85.1974     -84.0697
   1    100     -83.2095     -85.0147     -94.6989     -95.2958     -89.3005
                -90.4636     -87.6953     -85.4317     -94.4886     -95.7415
                -93.6018     -98.2798     -95.7065     -85.3473     -95.6463
               -100.1100    -103.4508     -94.2837     -86.7595     -93.7811
               -101.8257     -97.9499     -81.7513     -86.0976     -86.9512
                -86.8905     -84.1570     -87.4127     -80.0095     -86.3095
                -97.1592     -96.4409     -99.2751     -99.1917     -96.3960
                -96.6775    -105.6837    -103.4663    -100.8162    -105.4673
                -90.1303     -87.5214     -90.6556     -98.4436    -102.6374
               -107.6049    -103.4236     -95.2669     -93.1089     -91.9641
   2      0     -71.2599     -73.1152     -82.8997     -83.4014     -77.4105
                -78.6410     -75.8030     -73.5506     -82.5994     -83.9074
                -81.7330     -86.4318     -83.8921     -73.4285     -83.8223
                -88.3150     -91.6727     -82.4522     -74.9565     -81.9921
                -90.0513     -86.1828     -69.8745     -74.3181     -75.1043
                -74.9854     -72.2588     -75.5742     -68.1783     -74.3934
                -85.3957     -84.6196     -87.4432     -87.4469     -84.6027
                -84.9185     -93.9236     -91.6265     -89.0503     -93.7430
                -78.3026     -75.7398     -78.8675     -86.7128     -90.8402
                -95.8172     -91.6146     -83.4552     -81.3593     -80.2455
   3      0     -71.1458     -73.0721     -82.8714     -83.4003     -77.3985
                -78.6299     -75.8097     -73.5291     -82.5504     -83.8804
                -81.7135     -86.3997     -83.8886     -73.4225     -83.8176
                -88.2812     -91.6384     -82.4302     -74.9586     -81.9431
                -90.0449     -86.1727     -69.8405     -74.3032     -75.1057
                -74.9566     -72.2372     -75.5145     -68.1713     -74.3748
                -85.3831     -84.5969     -87.4273     -87.4226     -84.5712
                -84.8693     -93.9369     -91.6184     -88.9806     -93.7301
                -78.2949     -75.7524     -78.8830     -86.7209     -90.8433
                -95.8029     -91.6184     -83.4667     -81.3207     -80.2296
   4      0     -71.1257     -73.0962     -82.7894     -83.4241     -77.4168
                -78.6621     -75.8440     -73.5419     -82.5970     -83.9190
                -81.7227     -86.4139     -83.8825     -73.3671     -83.7899
                -88.3278     -91.6734     -82.4479     -74.9789     -81.9944
                -90.1019     -86.2573     -69.8467     -74.3488     -75.1663
                -75.0038     -72.2452     -75.5470     -68.1568     -74.4023
                -85.4670     -84.6444     -87.4654     -87.4723     -84.6222
                -84.8711     -94.0160     -91.7233     -89.0230     -93.7557
                -78.3274     -75.8153     -78.8829     -86.7705     -90.8860
                -95.8387     -91.6663     -83.5208     -81.3552     -80.2952
   5      0     -71.2696     -73.1601     -82.9523     -83.4628     -77.5248
                -78.7316     -75.9371     -73.6421     -82.6488     -84.0212
                -81.7702     -86.5088     -83.9569     -73.5197     -83.9085
                -88.4155     -91.6941     -82.5230     -75.0385     -82.0414
                -90.1680     -86.2277     -69.9110     -74.4427     -75.2186
                -75.0499     -72.3872     -75.6769     -68.2354     -74.4572
                -85.4906     -84.6822     -87.5418     -87.5183     -84.6883
                -85.0226     -94.0318     -91.7175     -89.1273     -93.8389
                -78.3931     -75.8522     -79.0202     -86.8715     -90.9489
                -95.9139     -91.7270     -83.5778     -81.3677     -80.3734
   5     60     -72.2166     -74.1151     -83.9016     -84.4146     -78.4778
                -79.6823     -76.8902     -74.5911     -83.6049     -84.9696
                -82.7180     -87.4589     -84.9084     -74.4742     -84.8559
                -89.3638     -92.6440     -83.4751     -75.9932     -82.9978
                -91.1146     -87.1773     -70.8643     -75.3983     -76.1760
                -76.0013     -73.3403     -76.6283     -69.1904     -75.4130
                -86.4424     -85.6357     -88.4876     -88.4682     -85.6373
                -85.9743     -94.9810     -92.6710     -90.0805     -94.7864
                -79.3502     -76.8078     -79.9732     -87.8206     -91.8977
                -96.8628     -92.6759     -84.5345     -82.3192     -81.3226
   5     80     -75.9335     -77.8482     -87.6006     -88.1276     -82.1972
                -83.3934     -80.6034     -78.3007     -87.3268     -88.6767
                -86.4358     -91.1709     -88.6165     -78.2023     -88.5557
                -93.0682     -96.3417     -87.1841     -79.7080     -86.7112
                -94.7993     -90.8722     -74.5994     -79.1095     -79.8964
                -79.7212     -77.0681     -80.3487     -72.9085     -79.1481
                -90.1501     -89.3516     -92.1866     -92.1645     -89.3277
                -89.6754     -98.6800     -96.3861     -93.7878     -98.4787
                -83.0647     -80.5227     -83.6702     -91.5086     -95.5887
               -100.5569     -96.3715     -88.2544     -86.0244     -85.0122
   5    100     -83.2408     -85.1620     -94.8423     -95.3886     -89.4788
                -90.6478     -87.8536     -85.5683     -94.6014     -95.9330
                -93.7135     -98.4271     -95.8643     -85.4953     -95.7988
               -100.3127    -103.5683     -94.4334     -86.9622     -93.9601
               -102.0181     -98.0977     -81.8908     -86.3599     -87.1615
                -87.0048     -84.3596     -87.6351     -80.1628     -86.4352
                -97.3867     -96.6131     -99.4338     -99.4004     -96.5512
                -96.9161    -105.9265    -103.6564    -101.0368    -105.7123
                -90.3251     -87.7762     -90.8973     -98.7366    -102.8186
               -107.7955    -103.6050     -95.5203     -93.2571     -92.2309
 
 
 cumulative average & 95% error for solvation free energy
              total             1st component         2nd component
  1   -99.0678              -27.9254              -71.1458
  2   -99.5221     0.9086   -27.4165     1.0177   -72.1089     1.9264
  3   -99.8196     0.7933   -24.1265     6.6062   -75.6964     7.2607
  4   -99.9094     0.5890   -22.2904     5.9419   -77.6224     6.4184
  5   -99.5817     0.7985   -22.0075     4.6373   -77.5776     4.9725
  6   -99.5980     0.6528   -21.8483     3.7997   -77.7530     4.0751
  7   -99.4253     0.6508   -21.9533     3.2182   -77.4754     3.4886
  8   -99.1991     0.7228   -22.2204     2.8377   -76.9821     3.1782
  9   -99.4116     0.7661   -21.8142     2.6312   -77.6008     3.0639
 10   -99.5309     0.7256   -21.3055     2.5639   -78.2287     3.0145
 11   -99.5087     0.6578   -20.9665     2.4162   -78.5455     2.7994
 12   -99.5190     0.6009   -20.3223     2.5544   -79.2001     2.8712
 13   -99.5061     0.5533   -19.9487     2.4657   -79.5607     2.7379
 14   -99.4455     0.5264   -20.3266     2.4046   -79.1223     2.6822
 15   -99.4280     0.4913   -19.9961     2.3341   -79.4353     2.5743
 16   -99.5101     0.4880   -19.5253     2.3777   -79.9882     2.6497
 17   -99.5427     0.4630   -18.8726     2.5870   -80.6735     2.8414
 18   -99.6312     0.4711   -18.8635     2.4391   -80.7711     2.6860
 19   -99.6082     0.4480   -19.1464     2.3755   -80.4651     2.6133
 20   -99.6268     0.4266   -19.0911     2.2563   -80.5390     2.4836
 21   -99.7122     0.4403   -18.7239     2.2684   -80.9917     2.5299
 22   -99.6986     0.4207   -18.4748     2.2195   -81.2272     2.4578
 23   -99.6155     0.4350   -18.8867     2.2751   -80.7321     2.5487
 24   -99.5997     0.4177   -19.1388     2.2359   -80.4643     2.4983
 25   -99.6156     0.4019   -19.3691     2.1935   -80.2499     2.4343
 26   -99.6263     0.3867   -19.5833     2.1505   -80.0463     2.3740
 27   -99.5760     0.3855   -19.8223     2.1238   -79.7571     2.3565
 28   -99.6092     0.3773   -20.0069     2.0796   -79.6056     2.2909
 29   -99.5735     0.3710   -20.3656     2.1310   -79.2113     2.3469
 30   -99.5404     0.3645   -20.4937     2.0746   -79.0501     2.2902
 31   -99.5371     0.3526   -20.2860     2.0491   -79.2544     2.2524
 32   -99.5380     0.3414   -20.1200     2.0117   -79.4213     2.2063
 33   -99.5698     0.3369   -19.9092     1.9948   -79.6639     2.1928
 34   -99.6207     0.3424   -19.7320     1.9674   -79.8921     2.1757
 35   -99.6588     0.3411   -19.6363     1.9199   -80.0258     2.1295
 36   -99.6769     0.3334   -19.5199     1.8803   -80.1603     2.0869
 37   -99.7239     0.3376   -19.1946     1.9411   -80.5327     2.1620
 38   -99.7765     0.3450   -18.9554     1.9489   -80.8244     2.1837
 39   -99.8192     0.3468   -18.7890     1.9273   -81.0336     2.1677
 40   -99.8511     0.3440   -18.5035     1.9633   -81.3510     2.2062
 41   -99.8916     0.3451   -18.6185     1.9286   -81.2764     2.1568
 42   -99.9145     0.3399   -18.7729     1.9073   -81.1449     2.1212
 43   -99.9164     0.3319   -18.8275     1.8656   -81.0923     2.0740
 44   -99.9416     0.3281   -18.7247     1.8343   -81.2202     2.0424
 45   -99.9910     0.3357   -18.5603     1.8229   -81.4341     2.0418
 46  -100.0489     0.3481   -18.3058     1.8541   -81.7464     2.0923
 47  -100.0809     0.3466   -18.1277     1.8488   -81.9565     2.0900
 48  -100.1084     0.3437   -18.1238     1.8099   -81.9879     2.0470
 49  -100.1142     0.3368   -18.1432     1.7730   -81.9743     2.0049
 50  -100.1167     0.3301   -18.1806     1.7388   -81.9394     1.9657
 
 Mesh error is    0.119 kcal/mol
