 ERmod 0.3.8, Copyright (C) 2000-2019 Nobuyuki Matubayasi
                            2010-2019 Shun Sakuraba
 ERmod comes with ABSOLUTELY NO WARRANTY.
 This is free software, and you can redistribute it
 and/or modify it under certain conditions.
 See LICENSE file for details.
 
  Number of the   1-th solvent  =         1472
  Number of the   2-th solvent  =        10000
 
  Be sure that the solvent distribution is homogeneous (radial distribution function is essentially unity) when the solvent molecule is separated beyond distance of   10.0 Angstrom in any direction from any atom within the solute molecule
 
  LJ long-range correction    =        -3.5283     -5.7260
 
  Self-energy of the solute   =        -0.0012  kcal/mol
 
 
 cumulative average & 95% error for solvation energy
              total             1st component         2nd component
  1  -485.3567             -150.5349             -334.8206
  2  -486.0111     1.3089  -141.2739    18.5219  -344.7360    19.8309
  3  -486.4805     1.2052  -144.3008    12.2883  -342.1786    12.5399
  4  -485.8819     1.4696  -150.2039    14.6590  -335.6768    15.7389
  5  -485.7570     1.1654  -149.1153    11.5617  -336.6404    12.3427
  6  -485.7715     0.9520  -143.8914    14.0810  -341.8789    14.5371
  7  -486.0166     0.9421  -145.8777    12.5461  -340.1377    12.7701
  8  -486.5603     1.3596  -145.3748    10.9117  -341.1843    11.2556
  9  -486.4894     1.2074  -144.6620     9.7283  -341.8262    10.0092
 10  -486.2715     1.1646  -146.8325     9.7241  -339.4377    10.1472
 11  -486.3882     1.0790  -146.2567     8.8708  -340.1303     9.2824
 12  -486.5209     1.0201  -145.7946     8.1505  -340.7251     8.5568
 13  -486.7789     1.0708  -145.7403     7.4981  -341.0374     7.8958
 14  -486.5867     1.0633  -145.8420     6.9449  -340.7435     7.3337
 15  -486.1715     1.2921  -148.3017     8.1242  -337.8685     8.9260
 16  -486.1139     1.2141  -149.3321     7.8739  -336.7806     8.6284
 17  -486.1195     1.1405  -146.7595     9.0099  -339.3588     9.6062
 18  -486.1392     1.0760  -145.3218     8.9681  -340.8162     9.5143
 19  -486.1179     1.0187  -145.3175     8.4829  -340.7991     8.9997
 20  -486.1972     0.9794  -146.2510     8.2614  -339.9450     8.7071
 21  -486.0952     0.9537  -147.2689     8.1175  -338.8250     8.5796
 22  -486.1644     0.9198  -148.1968     7.9591  -337.9665     8.3586
 23  -486.1639     0.8789  -148.4392     7.6206  -337.7235     8.0017
 24  -486.1243     0.8452  -148.6783     7.3119  -337.4448     7.6813
 25  -486.1062     0.8115  -148.6677     7.0133  -337.4374     7.3677
 26  -486.2029     0.8032  -148.2284     6.7952  -337.9733     7.1593
 27  -486.2386     0.7762  -148.4974     6.5608  -337.7400     6.9049
 28  -486.1679     0.7612  -150.7536     7.7673  -335.4131     8.1197
 29  -486.1180     0.7413  -152.4121     8.1958  -333.7047     8.5473
 30  -486.2213     0.7453  -152.2831     7.9221  -333.9370     8.2706
 31  -486.2263     0.7210  -152.0556     7.6758  -334.1694     8.0128
 32  -486.2574     0.7008  -152.3809     7.4605  -333.8752     7.7807
 33  -486.2020     0.6882  -153.1233     7.3818  -333.0775     7.7081
 34  -486.1870     0.6684  -153.7970     7.2870  -332.3888     7.6038
 35  -486.1841     0.6490  -153.8777     7.0776  -332.3051     7.3852
 36  -486.2113     0.6331  -154.3827     6.9519  -331.8274     7.2404
 37  -486.1637     0.6231  -154.8533     6.8266  -331.3092     7.1179
 38  -486.1828     0.6077  -154.6926     6.6523  -331.4890     6.9374
 39  -486.1291     0.6015  -155.0530     6.5194  -331.0749     6.8077
 40  -486.0531     0.6057  -155.5091     6.4195  -330.5428     6.7202
 41  -486.0371     0.5916  -156.0683     6.3601  -329.9676     6.6544
 42  -486.0185     0.5786  -156.4127     6.2449  -329.6046     6.5345
 43  -486.0769     0.5769  -156.5449     6.1037  -329.5307     6.3824
 44  -486.1105     0.5676  -156.6158     5.9650  -329.4936     6.2361
 45  -486.1116     0.5549  -156.4837     5.8369  -329.6268     6.1018
 46  -486.1599     0.5512  -156.5391     5.7097  -329.6196     5.9677
 47  -486.2794     0.5899  -156.1758     5.6340  -330.1025     5.9186
 48  -486.2586     0.5790  -156.2343     5.5166  -330.0230     5.7962
 49  -486.1552     0.6036  -156.8341     5.5344  -329.3199     5.8482
 50  -486.0995     0.6018  -157.5151     5.5910  -328.5832     5.9165
 
 
 group  inft  solvation free energy     error          difference
  total solvation free energy
   1      0       -119.93461           0.34756           0.10861
   1     60       -121.81573           0.34673          -1.77252
   1     80       -126.70214           0.34526          -6.65893
   1    100       -134.89466           0.34469         -14.85145
   2      0       -120.00876           0.34666           0.03445
   3      0       -120.04321           0.34763          -0.00000
   4      0       -120.03713           0.34712           0.00608
   5      0       -120.11104           0.34947          -0.06783
   5     60       -122.38760           0.34834          -2.34438
   5     80       -127.77618           0.34735          -7.73297
   5    100       -135.11198           0.34668         -15.06877
 
  contribution from  1-th solvent component
   1      0        -55.13963           2.25193           0.04646
   1     60        -55.43121           2.25218          -0.24512
   1     80        -56.19792           2.25266          -1.01182
   1    100        -57.57774           2.25273          -2.39164
   2      0        -55.17013           2.25189           0.01596
   3      0        -55.18609           2.25080          -0.00000
   4      0        -55.20521           2.25127          -0.01912
   5      0        -55.21155           2.24960          -0.02546
   5     60        -55.56460           2.24989          -0.37851
   5     80        -56.41756           2.25025          -1.23147
   5    100        -57.66007           2.25020          -2.47397
 
  contribution from  2-th solvent component
   1      0        -64.79376           2.47775           0.06215
   1     60        -66.38330           2.47651          -1.52740
   1     80        -70.50301           2.47426          -5.64710
   1    100        -77.31571           2.47175         -12.45981
   2      0        -64.83742           2.47712           0.01849
   3      0        -64.85591           2.47720           0.00000
   4      0        -64.83071           2.47650           0.02520
   5      0        -64.89828           2.47735          -0.04237
   5     60        -66.82178           2.47577          -1.96587
   5     80        -71.35740           2.47390          -6.50150
   5    100        -77.45070           2.47153         -12.59480
 
 
 group  inft   Estimated free energy: total (kcal/mol)
   1      0    -119.6772    -120.3663    -120.7970    -118.9397    -119.9447
               -119.7513    -120.0424    -122.1766    -119.7805    -118.6599
               -121.1964    -121.1240    -121.7712    -119.1803    -117.1381
               -119.2673    -120.3964    -120.5258    -119.8200    -120.5356
               -118.9645    -120.0923    -120.0184    -119.7105    -120.1295
               -121.3899    -120.4845    -117.7406    -118.9445    -121.9646
               -120.0317    -120.6502    -118.9100    -119.0487    -120.4644
               -119.9261    -118.7553    -120.3123    -118.6062    -118.7557
               -119.1086    -119.5206    -121.3105    -120.9645    -119.9910
               -121.3980    -123.1447    -120.0094    -116.7312    -118.5612
   1     60    -121.5465    -122.2414    -122.6750    -120.8264    -121.8238
               -121.6256    -121.9239    -124.0587    -121.6602    -120.5450
               -123.0673    -123.0009    -123.6493    -121.0583    -119.0218
               -121.1456    -122.2586    -122.3962    -121.7049    -122.4163
               -120.8525    -121.9781    -121.8973    -121.5838    -122.0148
               -123.2630    -122.3725    -119.6379    -120.8369    -123.8409
               -121.9071    -122.5358    -120.7933    -120.9337    -122.3430
               -121.8144    -120.6432    -122.1911    -120.4960    -120.6399
               -121.0022    -121.4061    -123.1944    -122.8433    -121.8672
               -123.2855    -125.0219    -121.8853    -118.6165    -120.4434
   1     80    -126.4169    -127.1139    -127.5496    -125.7229    -126.7078
               -126.4986    -126.8067    -128.9554    -126.5506    -125.4392
               -127.9349    -127.8881    -128.5295    -125.9375    -123.9243
               -126.0232    -127.1078    -127.2529    -126.6089    -127.3113
               -125.7500    -126.8727    -126.7759    -126.4648    -126.9048
               -128.1358    -127.2665    -124.5479    -125.7508    -128.7115
               -126.7842    -127.4366    -125.6788    -125.8090    -127.2218
               -126.7055    -125.5436    -127.0710    -125.3975    -125.5320
               -125.9055    -126.2952    -128.0756    -127.7303    -126.7477
               -128.1880    -129.9083    -126.7611    -123.5137    -125.3409
   1    100    -134.5644    -135.2920    -135.7205    -133.9247    -134.9124
               -134.6727    -134.9917    -137.1622    -134.7270    -133.6317
               -136.1149    -136.0925    -136.7287    -134.1195    -132.1519
               -134.2007    -135.2604    -135.4240    -134.8263    -135.5090
               -133.9553    -135.0718    -134.9499    -134.6531    -135.1039
               -136.3226    -135.4744    -132.7800    -133.9739    -136.8942
               -134.9859    -135.6596    -133.8554    -133.9749    -135.4153
               -134.8918    -133.7321    -135.2488    -133.5729    -133.7275
               -134.0982    -134.4934    -136.2590    -135.9326    -134.9284
               -136.3988    -138.1172    -134.9579    -131.7131    -133.5641
   2      0    -119.7612    -120.4093    -120.8463    -118.9832    -120.0595
               -119.8158    -120.1365    -122.2495    -119.8671    -118.7398
               -121.2566    -121.2116    -121.8243    -119.2057    -117.1819
               -119.3201    -120.5101    -120.5953    -119.9125    -120.6137
               -119.0017    -120.1936    -120.0992    -119.8331    -120.2003
               -121.4655    -120.5288    -117.8615    -118.9869    -122.0234
               -120.1128    -120.7053    -119.0381    -119.1250    -120.5579
               -120.0193    -118.8056    -120.3790    -118.6836    -118.8500
               -119.2030    -119.6172    -121.4020    -120.9883    -120.0544
               -121.4719    -123.2030    -120.0756    -116.8221    -118.6297
   3      0    -119.8063    -120.4339    -120.8441    -119.0125    -120.0779
               -119.8886    -120.1859    -122.2781    -119.9163    -118.7944
               -121.2920    -121.2569    -121.8869    -119.2407    -117.2178
               -119.3439    -120.5603    -120.6557    -119.9272    -120.6483
               -119.0369    -120.2094    -120.1340    -119.8738    -120.2165
               -121.5103    -120.5868    -117.8895    -119.0696    -122.0676
               -120.1235    -120.6965    -119.0780    -119.1449    -120.5638
               -120.0363    -118.8831    -120.4181    -118.6956    -118.8658
               -119.2944    -119.6425    -121.4055    -121.0358    -120.0710
               -121.5194    -123.2504    -120.1442    -116.8008    -118.6294
   4      0    -119.8006    -120.4478    -120.8386    -119.0310    -120.0595
               -119.8771    -120.1738    -122.2687    -119.8708    -118.7616
               -121.3152    -121.2156    -121.8660    -119.2107    -117.2102
               -119.3293    -120.5438    -120.6130    -119.9527    -120.6223
               -119.0541    -120.2184    -120.1259    -119.8757    -120.2072
               -121.5198    -120.5804    -117.9200    -119.0182    -122.0505
               -120.0995    -120.6699    -119.0591    -119.1670    -120.6570
               -120.0233    -118.8082    -120.3926    -118.7133    -118.8885
               -119.2398    -119.6611    -121.4574    -121.0421    -120.0488
               -121.4783    -123.2543    -120.1407    -116.8398    -118.6376
   5      0    -119.8728    -120.5471    -120.9280    -119.0767    -120.1509
               -119.9561    -120.2361    -122.3274    -119.9519    -118.8849
               -121.4175    -121.3033    -121.9644    -119.2686    -117.2627
               -119.4254    -120.6012    -120.7652    -119.9753    -120.6879
               -119.0686    -120.2733    -120.2231    -119.9173    -120.2822
               -121.5908    -120.6630    -117.9392    -119.0978    -122.1367
               -120.1522    -120.7583    -119.1429    -119.2396    -120.6928
               -120.1015    -118.9747    -120.4261    -118.7657    -118.9644
               -119.3334    -119.7043    -121.4980    -121.1415    -120.1617
               -121.5534    -123.3742    -120.2082    -116.8836    -118.6804
   5     60    -122.1376    -122.8166    -123.2000    -121.3617    -122.4249
               -122.2210    -122.5136    -124.6036    -122.2269    -121.1656
               -123.6817    -123.5745    -124.2367    -121.5454    -119.5433
               -121.6997    -122.8582    -123.0288    -122.2584    -122.9690
               -121.3505    -122.5535    -122.4937    -122.1889    -122.5599
               -123.8597    -122.9449    -120.2381    -121.3873    -124.4026
               -122.4192    -123.0399    -121.4256    -121.5184    -122.9656
               -122.3814    -121.2569    -122.6984    -121.0522    -121.2483
               -121.6266    -121.9888    -123.7777    -123.4139    -122.4335
               -123.8359    -125.6474    -122.4781    -119.1632    -120.9623
   5     80    -127.5041    -128.1931    -128.5708    -126.7543    -127.8116
               -127.5950    -127.9046    -130.0014    -127.6162    -126.5590
               -129.0535    -128.9655    -129.6212    -126.9315    -124.9360
               -127.0785    -128.2203    -128.3950    -127.6692    -128.3662
               -126.7485    -127.9471    -127.8731    -127.5694    -127.9526
               -129.2455    -128.3423    -125.6524    -126.8007    -129.7738
               -127.7998    -128.4417    -126.8190    -126.9035    -128.3495
               -127.7760    -126.6575    -128.0764    -126.4540    -126.6449
               -127.0338    -127.3899    -129.1638    -128.7990    -127.8120
               -129.2399    -131.0362    -127.8560    -124.5485    -126.3553
   5    100    -134.8061    -135.5215    -135.8880    -134.1017    -135.1634
               -134.9154    -135.2324    -137.3511    -134.9431    -133.8970
               -136.3809    -136.3151    -136.9612    -134.2588    -132.2998
               -134.3965    -135.5230    -135.7089    -135.0276    -135.7074
               -134.0887    -135.2877    -135.1873    -134.9099    -135.2903
               -136.5734    -135.6860    -133.0208    -134.1715    -137.1056
               -135.1350    -135.7980    -134.1451    -134.2071    -135.6872
               -135.1006    -133.9880    -135.3961    -133.7775    -133.9851
               -134.3710    -134.7368    -136.4933    -136.1361    -135.1292
               -136.5917    -138.3893    -135.1896    -131.8974    -133.7252
 
 group  inft   Estimated free energy: 1-th solvent contribution (kcal/mol)
   1      0     -51.9944     -44.5959     -52.3931     -59.0771     -50.3222
                -38.7081     -55.5706     -48.9846     -47.4327     -58.6053
                -48.6736     -48.4182     -50.4870     -50.6150     -65.2510
                -58.1279     -33.7536     -40.1609     -50.5321     -57.9789
                -59.1030     -59.5186     -53.4682     -53.9669     -51.5027
                -46.7894     -54.5066     -77.0210     -71.9148     -52.1146
                -49.9656     -57.3012     -62.5273     -62.0976     -55.4584
                -61.2186     -60.6070     -51.1422     -59.0391     -61.6092
                -62.9143     -60.4517     -57.1949     -56.3318     -52.3156
                -55.9420     -48.5371     -56.3364     -66.0000     -68.4037
   1     60     -52.2846     -44.8876     -52.6858     -59.3692     -50.6141
                -38.9964     -55.8621     -49.2753     -47.7240     -58.8966
                -48.9642     -48.7091     -50.7791     -50.9076     -65.5428
                -58.4185     -34.0406     -40.4498     -50.8246     -58.2703
                -59.3947     -59.8095     -53.7593     -54.2568     -51.7944
                -47.0801     -54.7994     -77.3143     -72.2089     -52.4058
                -50.2563     -57.5941     -62.8189     -62.3895     -55.7500
                -61.5106     -60.9000     -51.4359     -59.3330     -61.9017
                -63.2083     -60.7432     -57.4880     -56.6229     -52.6064
                -56.2351     -48.8276     -56.6264     -66.2910     -68.6961
   1     80     -53.0499     -45.6542     -53.4545     -60.1373     -51.3819
                -39.7563     -56.6284     -50.0412     -48.4913     -59.6624
                -49.7292     -49.4755     -51.5476     -51.6763     -66.3111
                -59.1827     -34.7973     -41.2097     -51.5945     -59.0379
                -60.1611     -60.5743     -54.5240     -55.0210     -52.5607
                -47.8452     -55.5680     -78.0831     -72.9816     -53.1709
                -51.0216     -58.3644     -63.5847     -63.1543     -56.5160
                -62.2769     -61.6698     -52.2071     -60.1049     -62.6703
                -63.9794     -61.5085     -58.2567     -57.3896     -53.3719
                -57.0058     -49.5931     -57.3897     -67.0566     -69.4655
   1    100     -54.4213     -47.0339     -54.8349     -61.5206     -52.7682
                -41.1340     -58.0077     -51.4224     -49.8707     -61.0424
                -51.1076     -50.8583     -52.9350     -53.0584     -67.6940
                -60.5581     -36.1688     -42.5884     -52.9813     -60.4154
                -61.5405     -61.9512     -55.8961     -56.3968     -53.9397
                -49.2244     -56.9536     -79.4642     -74.3640     -54.5491
                -52.4023     -59.7492     -64.9574     -64.5248     -57.8962
                -63.6537     -63.0498     -53.5892     -61.4878     -64.0506
                -65.3592     -62.8861     -59.6393     -58.7706     -54.7503
                -58.3897     -50.9782     -58.7687     -68.4347     -70.8477
   2      0     -52.0367     -44.6089     -52.4124     -59.1238     -50.3613
                -38.7382     -55.6042     -49.0273     -47.4551     -58.6480
                -48.7159     -48.4475     -50.5114     -50.6238     -65.2751
                -58.1548     -33.8023     -40.1890     -50.5564     -58.0015
                -59.1294     -59.5660     -53.4836     -54.0184     -51.5404
                -46.8120     -54.5205     -77.0588     -71.9354     -52.1400
                -49.9966     -57.3241     -62.5915     -62.1149     -55.5004
                -61.2504     -60.6326     -51.1651     -59.0689     -61.6377
                -62.9407     -60.5054     -57.2358     -56.3596     -52.3359
                -55.9703     -48.5600     -56.3852     -66.0157     -68.4171
   3      0     -52.0570     -44.6075     -52.4215     -59.1337     -50.3742
                -38.7698     -55.6246     -49.0284     -47.5027     -58.6566
                -48.7336     -48.4406     -50.5371     -50.6448     -65.2685
                -58.1605     -33.8268     -40.2324     -50.5709     -58.0433
                -59.1393     -59.5728     -53.5096     -54.0280     -51.5415
                -46.8301     -54.5586     -77.0691     -71.9531     -52.1580
                -50.0238     -57.3339     -62.6195     -62.1212     -55.5173
                -61.2754     -60.6612     -51.1804     -59.0688     -61.6478
                -62.9614     -60.5140     -57.2247     -56.3784     -52.3561
                -55.9756     -48.5913     -56.4145     -66.0138     -68.4305
   4      0     -52.0940     -44.6453     -52.4212     -59.1458     -50.3722
                -38.7940     -55.6486     -49.0574     -47.4979     -58.6739
                -48.7512     -48.4720     -50.5351     -50.6632     -65.2875
                -58.1760     -33.8499     -40.2443     -50.6025     -58.0291
                -59.1655     -59.5997     -53.5214     -54.0624     -51.5756
                -46.8518     -54.5543     -77.1068     -71.9766     -52.1707
                -50.0423     -57.3412     -62.6369     -62.1606     -55.5366
                -61.2902     -60.6660     -51.1984     -59.0922     -61.6644
                -62.9965     -60.5555     -57.2631     -56.3927     -52.3669
                -56.0001     -48.5955     -56.4357     -66.0378     -68.4418
   5      0     -52.0881     -44.6605     -52.4491     -59.1415     -50.3706
                -38.8076     -55.6437     -49.0576     -47.5197     -58.6922
                -48.7669     -48.4912     -50.5672     -50.6588     -65.2683
                -58.2012     -33.8609     -40.2746     -50.5909     -58.0413
                -59.1720     -59.6072     -53.5380     -54.0462     -51.5958
                -46.8619     -54.5784     -77.0979     -71.9630     -52.1815
                -50.0702     -57.3595     -62.6406     -62.1487     -55.5252
                -61.2845     -60.7061     -51.2033     -59.0841     -61.6802
                -63.0022     -60.5403     -57.2508     -56.4125     -52.3730
                -55.9836     -48.6034     -56.4347     -66.0602     -68.4206
   5     60     -52.4403     -45.0135     -52.8032     -59.4956     -50.7238
                -39.1565     -55.9968     -49.4094     -47.8726     -59.0446
                -49.1188     -48.8433     -50.9207     -51.0137     -65.6214
                -58.5532     -34.2093     -40.6246     -50.9453     -58.3952
                -59.5249     -59.9590     -53.8898     -54.3979     -51.9487
                -47.2141     -54.9325     -77.4533     -72.3188     -52.5335
                -50.4221     -57.7141     -62.9944     -62.5019     -55.8779
                -61.6372     -61.0608     -51.5587     -59.4397     -62.0348
                -63.3584     -60.8939     -57.6054     -56.7650     -52.7252
                -56.3383     -48.9554     -56.7861     -66.4119     -68.7748
   5     80     -53.2917     -45.8665     -53.6572     -60.3493     -51.5775
                -40.0027     -56.8501     -50.2613     -48.7261     -59.8961
                -49.9702     -49.6960     -51.7758     -51.8696     -66.4736
                -59.4032     -35.0543     -41.4720     -51.8022     -59.2497
                -60.3774     -60.8093     -54.7400     -55.2480     -52.8016
                -48.0668     -55.7876     -78.3081     -73.1769     -53.3848
                -51.2742     -58.5708     -63.8475     -63.3538     -56.7305
                -62.4893     -61.9171     -52.4162     -60.2975     -62.8899
                -64.2155     -61.7475     -58.4604     -57.6174     -53.5767
                -57.1950     -49.8078     -57.6361     -67.2607     -69.6285
   5    100     -54.5288     -47.1089     -54.9003     -61.5965     -52.8257
                -41.2441     -58.0922     -51.5054     -49.9698     -61.1384
                -51.2117     -50.9410     -53.0250     -53.1137     -67.7174
                -60.6412     -36.2916     -42.7137     -53.0516     -60.4911
                -61.6185     -62.0488     -55.9743     -56.4887     -54.0437
                -49.3079     -57.0345     -79.5509     -74.4220     -54.6269
                -52.5169     -59.8172     -65.0848     -64.5859     -57.9732
                -63.7270     -63.1599     -53.6604     -61.5428     -64.1326
                -65.4571     -62.9900     -59.7049     -58.8602     -54.8171
                -58.4411     -51.0563     -58.8784     -68.5008     -70.8722
 
 group  inft   Estimated free energy: 2-th solvent contribution (kcal/mol)
   1      0     -67.6816     -75.7692     -68.4027     -59.8615     -69.6213
                -81.0420     -64.4706     -73.1908     -72.3466     -60.0533
                -72.5216     -72.7045     -71.2831     -68.5640     -51.8859
                -61.1382     -86.6416     -80.3637     -69.2867     -62.5555
                -59.8603     -60.5725     -66.5489     -65.7424     -68.6256
                -74.5993     -65.9768     -40.7184     -47.0285     -69.8488
                -70.0649     -63.3477     -56.3814     -56.9500     -65.0048
                -58.7063     -58.1471     -69.1689     -59.5660     -57.1453
                -56.1931     -59.0677     -64.1144     -64.6315     -67.6742
                -65.4548     -74.6064     -63.6718     -50.7300     -50.1563
   1     60     -69.2606     -77.3527     -69.9880     -61.4560     -71.2085
                -82.6279     -66.0605     -74.7821     -73.9349     -61.6472
                -74.1019     -74.2906     -72.8690     -70.1495     -53.4779
                -62.7259     -88.2168     -81.9452     -70.8791     -64.1448
                -61.4565     -62.1674     -68.1368     -67.3258     -70.2192
                -76.1817     -67.5719     -42.3223     -48.6267     -71.4338
                -71.6496     -64.9405     -57.9732     -58.5430     -66.5919
                -60.3026     -59.7420     -70.7540     -61.1618     -58.7370
                -57.7926     -60.6617     -65.7052     -66.2192     -69.2596
                -67.0492     -76.1931     -65.2576     -52.3242     -51.7460
   1     80     -73.3658     -81.4584     -74.0939     -65.5844     -75.3246
                -86.7411     -70.1771     -78.9130     -78.0581     -65.7755
                -78.2045     -78.4114     -76.9807     -74.2600     -57.6120
                -66.8393     -92.3093     -86.0420     -75.0131     -68.2722
                -65.5877     -66.2971     -72.2506     -71.4426     -74.3429
                -80.2894     -71.6973     -46.4636     -52.7680     -75.5394
                -75.7614     -69.0710     -62.0930     -62.6534     -70.7046
                -64.4273     -63.8725     -74.8626     -65.2914     -62.8605
                -61.9249     -64.7854     -69.8177     -70.3396     -73.3746
                -71.1810     -80.3140     -69.3702     -56.4559     -55.8741
   1    100     -80.1419     -88.2569     -80.8843     -72.4029     -82.1430
                -93.5376     -76.9828     -85.7386     -84.8550     -72.5881
                -85.0061     -85.2330     -83.7925     -81.0599     -64.4566
                -73.6413     -99.0903     -92.8344     -81.8437     -75.0923
                -72.4136     -73.1194     -79.0526     -78.2552     -81.1630
                -87.0970     -78.5195     -53.3147     -59.6087     -82.3439
                -82.5823     -75.9092     -68.8968     -69.4489     -77.5180
                -71.2369     -70.6810     -81.6584     -72.0839     -69.6756
                -68.7378     -71.6061     -76.6185     -77.1608     -80.1768
                -78.0079     -87.1378     -76.1880     -63.2772     -62.7152
   2      0     -67.7233     -75.7991     -68.4327     -59.8583     -69.6971
                -81.0764     -64.5310     -73.2210     -72.4107     -60.0906
                -72.5395     -72.7628     -71.3117     -68.5807     -51.9056
                -61.1641     -86.7066     -80.4051     -69.3548     -62.6111
                -59.8711     -60.6265     -66.6144     -65.8135     -68.6587
                -74.6523     -66.0071     -40.8015     -47.0503     -69.8822
                -70.1150     -63.3800     -56.4454     -57.0089     -65.0563
                -58.7676     -58.1717     -69.2127     -59.6135     -57.2111
                -56.2610     -59.1106     -64.1650     -64.6275     -67.7173
                -65.5004     -74.6417     -63.6891     -50.8052     -50.2114
   3      0     -67.7480     -75.8252     -68.4213     -59.8776     -69.7025
                -81.1176     -64.5601     -73.2484     -72.4124     -60.1366
                -72.5571     -72.8151     -71.3486     -68.5947     -51.9481
                -61.1822     -86.7323     -80.4220     -69.3550     -62.6038
                -59.8964     -60.6354     -66.6232     -65.8446     -68.6738
                -74.6789     -66.0270     -40.8192     -47.1153     -69.9084
                -70.0985     -63.3613     -56.4573     -57.0225     -65.0452
                -58.7596     -58.2206     -69.2365     -59.6256     -57.2168
                -56.3318     -59.1273     -64.1796     -64.6562     -67.7137
                -65.5425     -74.6579     -63.7284     -50.7857     -50.1976
   4      0     -67.7053     -75.8012     -68.4161     -59.8840     -69.6861
                -81.0820     -64.5239     -73.2101     -72.3717     -60.0865
                -72.5627     -72.7424     -71.3297     -68.5463     -51.9215
                -61.1521     -86.6928     -80.3675     -69.3490     -62.5919
                -59.8874     -60.6175     -66.6033     -65.8121     -68.6303
                -74.6667     -66.0249     -40.8119     -47.0405     -69.8785
                -70.0560     -63.3275     -56.4210     -57.0051     -65.1192
                -58.7319     -58.1409     -69.1930     -59.6199     -57.2229
                -56.2421     -59.1044     -64.1930     -64.6482     -67.6806
                -65.4770     -74.6576     -63.7038     -50.8008     -50.1946
   5      0     -67.7836     -75.8854     -68.4778     -59.9339     -69.7790
                -81.1473     -64.5911     -73.2686     -72.4310     -60.1914
                -72.6494     -72.8109     -71.3960     -68.6086     -51.9931
                -61.2229     -86.7391     -80.4893     -69.3832     -62.6454
                -59.8954     -60.6649     -66.6839     -65.8699     -68.6852
                -74.7276     -66.0834     -40.8401     -47.1336     -69.9540
                -70.0807     -63.3976     -56.5011     -57.0897     -65.1664
                -58.8158     -58.2673     -69.2216     -59.6804     -57.2830
                -56.3299     -59.1628     -64.2460     -64.7278     -67.7875
                -65.5686     -74.7696     -63.7723     -50.8222     -50.2586
   5     60     -69.6961     -77.8018     -70.3956     -61.8649     -71.6999
                -83.0633     -66.5156     -75.1929     -74.3530     -62.1197
                -74.5617     -74.7300     -73.3148     -70.5306     -53.9206
                -63.1453     -88.6477     -82.4030     -71.3119     -64.5725
                -61.8244     -62.5933     -68.6027     -67.7898     -70.6099
                -76.6444     -68.0112     -42.7836     -49.0672     -71.8679
                -71.9959     -65.3245     -58.4299     -59.0152     -67.0865
                -60.7431     -60.1949     -71.1384     -61.6113     -59.2123
                -58.2670     -61.0937     -66.1711     -66.6477     -69.7071
                -67.4965     -76.6908     -65.6908     -52.7500     -52.1863
   5     80     -74.2112     -82.3254     -74.9123     -66.4038     -76.2328
                -87.5911     -71.0533     -79.7389     -78.8888     -66.6617
                -79.0821     -79.2683     -77.8441     -75.0607     -58.4611
                -67.6740     -93.1648     -86.9218     -75.8658     -69.1153
                -66.3698     -67.1367     -73.1319     -72.3201     -75.1498
                -81.1775     -72.5534     -47.3430     -53.6226     -76.3878
                -76.5244     -69.8698     -62.9703     -63.5485     -71.6179
                -65.2855     -64.7392     -75.6590     -66.1553     -63.7538
                -62.8171     -65.6412     -70.7022     -71.1804     -74.2341
                -72.0437     -81.2273     -70.2187     -57.2866     -56.7256
   5    100     -80.2761     -88.4113     -80.9865     -72.5040     -82.3365
                -93.6700     -77.1390     -85.8444     -84.9721     -72.7574
                -85.1680     -85.3729     -83.9349     -81.1438     -64.5812
                -73.7541     -99.2302     -92.9940     -81.9748     -75.2151
                -72.4690     -73.2377     -79.2118     -78.4200     -81.2453
                -87.2643     -78.6503     -53.4687     -59.7483     -82.4775
                -82.6168     -75.9795     -69.0591     -69.6199     -77.7128
                -71.3724     -70.8269     -81.7345     -72.2335     -69.8512
                -68.9127     -71.7456     -76.7872     -77.2747     -80.3109
                -78.1494     -87.3317     -76.3100     -63.3953     -62.8518
 
 
 cumulative average & 95% error for solvation free energy
              total             1st component         2nd component
  1  -119.8063              -52.0570              -67.7480
  2  -120.1201     0.6277   -48.3323     7.4495   -71.7866     8.0772
  3  -120.3614     0.6036   -49.6954     5.0922   -70.6648     5.1750
  4  -120.0242     0.7981   -52.0549     5.9359   -67.9680     6.5177
  5  -120.0349     0.6186   -51.7188     4.6469   -68.3149     5.0961
  6  -120.0105     0.5074   -49.5606     5.7468   -70.4487     5.9603
  7  -120.0356     0.4318   -50.4269     5.1567   -69.6075     5.3109
  8  -120.3159     0.6739   -50.2521     4.4795   -70.0626     4.6886
  9  -120.2715     0.6009   -49.9466     3.9975   -70.3237     4.1678
 10  -120.1238     0.6133   -50.8176     3.9773   -69.3050     4.2482
 11  -120.2300     0.5940   -50.6282     3.6175   -69.6006     3.8879
 12  -120.3156     0.5686   -50.4459     3.3224   -69.8685     3.5894
 13  -120.4364     0.5762   -50.4529     3.0562   -69.9823     3.3096
 14  -120.3510     0.5602   -50.4666     2.8296   -69.8832     3.0705
 15  -120.1421     0.6682   -51.4534     3.2915   -68.6875     3.7268
 16  -120.0922     0.6330   -51.8726     3.1910   -68.2185     3.6102
 17  -120.1198     0.5971   -50.8111     3.6731   -69.3075     4.0304
 18  -120.1496     0.5661   -50.2234     3.6571   -69.9250     3.9955
 19  -120.1378     0.5360   -50.2416     3.4595   -69.8950     3.7799
 20  -120.1634     0.5110   -50.6317     3.3734   -69.5304     3.6593
 21  -120.1097     0.4978   -51.0369     3.3095   -69.0717     3.5996
 22  -120.1143     0.4747   -51.4249     3.2495   -68.6882     3.5167
 23  -120.1151     0.4536   -51.5155     3.1103   -68.5984     3.3651
 24  -120.1051     0.4348   -51.6202     2.9852   -68.4837     3.2300
 25  -120.1095     0.4171   -51.6170     2.8633   -68.4913     3.0982
 26  -120.1634     0.4150   -51.4329     2.7755   -68.7293     3.0144
 27  -120.1791     0.4005   -51.5487     2.6808   -68.6292     2.9075
 28  -120.0973     0.4192   -52.4601     3.1617   -67.6360     3.4345
 29  -120.0619     0.4106   -53.1323     3.3338   -66.9284     3.6035
 30  -120.1287     0.4186   -53.0998     3.2214   -67.0277     3.4870
 31  -120.1286     0.4049   -53.0006     3.1220   -67.1267     3.3784
 32  -120.1463     0.3937   -53.1360     3.0350   -67.0091     3.2796
 33  -120.1139     0.3870   -53.4234     2.9972   -66.6893     3.2424
 34  -120.0854     0.3797   -53.6792     2.9524   -66.4050     3.1965
 35  -120.0991     0.3697   -53.7317     2.8687   -66.3662     3.1048
 36  -120.0974     0.3593   -53.9413     2.8192   -66.1549     3.0468
 37  -120.0645     0.3556   -54.1229     2.7659   -65.9404     2.9942
 38  -120.0738     0.3466   -54.0455     2.6966   -66.0272     2.9195
 39  -120.0385     0.3449   -54.1743     2.6392   -65.8630     2.8625
 40  -120.0092     0.3413   -54.3611     2.5993   -65.6469     2.8233
 41  -119.9918     0.3347   -54.5709     2.5696   -65.4197     2.7909
 42  -119.9834     0.3270   -54.7124     2.5236   -65.2698     2.7400
 43  -120.0165     0.3261   -54.7708     2.4670   -65.2445     2.6760
 44  -120.0397     0.3220   -54.8073     2.4114   -65.2311     2.6146
 45  -120.0404     0.3147   -54.7529     2.3597   -65.2863     2.5583
 46  -120.0725     0.3145   -54.7794     2.3084   -65.2919     2.5021
 47  -120.1401     0.3361   -54.6478     2.2741   -65.4911     2.4805
 48  -120.1402     0.3290   -54.6846     2.2274   -65.4544     2.4294
 49  -120.0721     0.3499   -54.9158     2.2300   -65.1551     2.4534
 50  -120.0432     0.3476   -55.1861     2.2508   -64.8559     2.4772
 
 Mesh error is    0.109 kcal/mol
