 ERmod 0.3.8, Copyright (C) 2000-2019 Nobuyuki Matubayasi
                            2010-2019 Shun Sakuraba
 ERmod comes with ABSOLUTELY NO WARRANTY.
 This is free software, and you can redistribute it
 and/or modify it under certain conditions.
 See LICENSE file for details.
 
  Number of the   1-th solvent  =          378
  Number of the   2-th solvent  =        10000
 
  Be sure that the solvent distribution is homogeneous (radial distribution function is essentially unity) when the solvent molecule is separated beyond distance of   10.0 Angstrom in any direction from any atom within the solute molecule
 
  LJ long-range correction    =        -1.1319     -7.1533
 
  Self-energy of the solute   =        -0.0233  kcal/mol
 
 
 cumulative average & 95% error for solvation energy
              total             1st component         2nd component
  1  -468.6484             -101.6313             -366.9937
  2  -467.9175     1.4617   -94.1021    15.0584  -373.7921    13.5967
  3  -468.5974     1.6003   -91.8153     9.8236  -376.7587     9.8401
  4  -468.6980     1.1494   -91.6237     6.9569  -377.0510     6.9825
  5  -468.5738     0.9243   -90.7940     5.6385  -377.7565     5.5897
  6  -468.3366     0.8914   -89.8156     5.0024  -378.4977     4.7987
  7  -468.3756     0.7574   -88.4094     5.0777  -379.9429     4.9801
  8  -468.4864     0.6923   -87.6448     4.6558  -380.8182     4.6547
  9  -468.4698     0.6115   -89.1278     5.0652  -379.3187     5.0840
 10  -468.6327     0.6366   -89.2111     4.5335  -379.3982     4.5500
 11  -468.8267     0.6944   -87.7777     5.0035  -381.0257     5.2472
 12  -468.8355     0.6341   -87.7159     4.5692  -381.0963     4.7921
 13  -469.2003     0.9341   -85.6303     5.9214  -383.5466     6.5915
 14  -469.3377     0.9075   -83.9079     6.4747  -385.4065     7.1469
 15  -469.2839     0.8516   -82.1744     6.9536  -387.0862     7.4534
 16  -469.4416     0.8568   -81.0720     6.8680  -388.3463     7.4135
 17  -469.4431     0.8048   -79.8634     6.8893  -389.5563     7.3723
 18  -469.5634     0.7960   -77.8458     7.6467  -391.6942     8.1606
 19  -469.5222     0.7575   -76.2852     7.8777  -393.2137     8.2957
 20  -469.5895     0.7311   -74.7315     8.0937  -394.8347     8.5116
 21  -469.6527     0.7068   -73.2202     8.2708  -396.4092     8.6870
 22  -469.6838     0.6768   -71.9327     8.2957  -397.7278     8.6925
 23  -469.7416     0.6569   -71.1322     8.0868  -398.5860     8.4814
 24  -469.8348     0.6560   -70.2866     7.9251  -399.5249     8.3346
 25  -469.8100     0.6312   -69.6737     7.6997  -400.1130     8.0804
 26  -469.8549     0.6131   -68.9720     7.5296  -400.8596     7.9057
 27  -469.7269     0.6431   -68.6785     7.2691  -401.0250     7.6144
 28  -469.6942     0.6232   -68.3186     7.0416  -401.3523     7.3666
 29  -469.6870     0.6015   -67.5723     6.9564  -402.0914     7.2601
 30  -469.6711     0.5819   -66.8269     6.8839  -402.8209     7.1641
 31  -469.5390     0.6218   -67.0722     6.6762  -402.4435     6.9701
 32  -469.4350     0.6369   -67.8808     6.6634  -401.5308     6.9912
 33  -469.3580     0.6363   -68.6860     6.6561  -400.6487     7.0020
 34  -469.2884     0.6327   -68.3201     6.4987  -400.9450     6.8187
 35  -469.2945     0.6145   -67.5788     6.4821  -401.6924     6.7877
 36  -469.3297     0.6013   -66.6543     6.5652  -402.6521     6.8700
 37  -469.3702     0.5904   -66.1788     6.4558  -403.1680     6.7610
 38  -469.3862     0.5756   -65.8124     6.3261  -403.5504     6.6249
 39  -469.3970     0.5610   -65.8514     6.1623  -403.5223     6.4531
 40  -469.3860     0.5473   -65.3250     6.0978  -404.0377     6.3736
 41  -469.2985     0.5617   -65.2548     5.9489  -404.0203     6.2163
 42  -469.2310     0.5646   -65.7616     5.8933  -403.4461     6.1742
 43  -469.1687     0.5652   -66.7430     6.0802  -402.4023     6.3801
 44  -469.1210     0.5603   -67.0244     5.9670  -402.0733     6.2680
 45  -469.1378     0.5488   -66.8251     5.8465  -402.2893     6.1424
 46  -469.0595     0.5591   -67.1490     5.7545  -401.8872     6.0609
 47  -469.0720     0.5476   -67.5976     5.7018  -401.4511     5.9944
 48  -469.1114     0.5418   -68.0366     5.6504  -401.0514     5.9224
 49  -469.0750     0.5356   -68.3086     5.5605  -400.7430     5.8329
 50  -468.9745     0.5619   -68.4092     5.4519  -400.5420     5.7292
 
 
 group  inft  solvation free energy     error          difference
  total solvation free energy
   1      0        -94.19131           0.37234          -0.01021
   1     60        -94.93473           0.37161          -0.75363
   1     80        -98.13802           0.36851          -3.95692
   1    100       -106.24493           0.36768         -12.06383
   2      0        -94.15522           0.37500           0.02587
   3      0        -94.18110           0.37728           0.00000
   4      0        -94.13168           0.37915           0.04942
   5      0        -94.20457           0.37894          -0.02347
   5     60        -95.14379           0.37791          -0.96269
   5     80        -98.87922           0.37574          -4.69812
   5    100       -106.29956           0.37301         -12.11846
 
  contribution from  1-th solvent component
   1      0        -24.43168           2.15448           0.01380
   1     60        -24.45817           2.15453          -0.01269
   1     80        -24.58056           2.15468          -0.13508
   1    100        -24.94203           2.15459          -0.49655
   2      0        -24.44162           2.15269           0.00386
   3      0        -24.44548           2.15253           0.00000
   4      0        -24.44919           2.15158          -0.00371
   5      0        -24.44181           2.15110           0.00367
   5     60        -24.47578           2.15117          -0.03031
   5     80        -24.62353           2.15134          -0.17805
   5    100        -24.95913           2.15124          -0.51365
 
  contribution from  2-th solvent component
   1      0        -69.73628           2.45725          -0.02401
   1     60        -70.45321           2.45636          -0.74094
   1     80        -73.53412           2.45284          -3.82184
   1    100        -81.27956           2.45094         -11.56728
   2      0        -69.69026           2.45797           0.02202
   3      0        -69.71228           2.46006           0.00000
   4      0        -69.65914           2.46008           0.05313
   5      0        -69.73941           2.45950          -0.02714
   5     60        -70.64466           2.45835          -0.93238
   5     80        -74.23235           2.45571          -4.52007
   5    100        -81.31709           2.45199         -11.60481
 
 
 group  inft   Estimated free energy: total (kcal/mol)
   1      0     -92.7121     -91.9931     -93.6969     -92.9507     -93.1416
                -93.3527     -93.3770     -93.0942     -92.4952     -93.6778
                -94.3032     -93.3079     -96.7388     -94.9322     -94.4937
                -96.2105     -94.7030     -95.8693     -94.2573     -95.5792
                -95.9170     -95.3352     -95.8589     -96.5652     -95.0243
                -96.0424     -94.2898     -94.8297     -94.8931     -95.2943
                -93.0797     -92.8097     -92.9851     -93.8992     -95.5115
                -95.7892     -95.3295     -95.0859     -95.1298     -94.9066
                -92.7616     -92.8671     -92.3503     -93.3392     -94.3142
                -92.1382     -93.3811     -94.4313     -92.7863     -91.7333
   1     60     -93.4675     -92.7426     -94.4452     -93.7002     -93.8892
                -94.1010     -94.1246     -93.8401     -93.2412     -94.4300
                -95.0536     -94.0504     -97.4845     -95.6750     -95.2381
                -96.9577     -95.4406     -96.6081     -94.9940     -96.3206
                -96.6569     -96.0743     -96.5989     -97.3009     -95.7641
                -96.7865     -95.0318     -95.5701     -95.6305     -96.0330
                -93.8140     -93.5533     -93.7311     -94.6359     -96.2483
                -96.5286     -96.0703     -95.8277     -95.8709     -95.6446
                -93.5087     -93.6156     -93.0973     -94.0838     -95.0582
                -92.8849     -94.1254     -95.1760     -93.5289     -92.4818
   1     80     -96.7121     -95.9729     -97.6755     -96.9168     -97.1023
                -97.3167     -97.3412     -97.0841     -96.4582     -97.6469
                -98.2748     -97.2724    -100.6885     -98.8659     -98.4483
               -100.1673     -98.6445     -99.7975     -98.1789     -99.5110
                -99.8406     -99.2563     -99.7978    -100.4856     -98.9526
                -99.9798     -98.2156     -98.7602     -98.8204     -99.2204
                -96.9931     -96.7696     -96.9352     -97.8326     -99.4300
                -99.7092     -99.2628     -99.0249     -99.0572     -98.8210
                -96.7278     -96.8324     -96.3099     -97.2803     -98.2468
                -96.0949     -97.3431     -98.3889     -96.7320     -95.7038
   1    100    -104.8533    -104.0889    -105.7939    -105.0351    -105.2321
               -105.4402    -105.4506    -105.2051    -104.5444    -105.7820
               -106.4079    -105.3883    -108.8104    -106.9621    -106.5664
               -108.3135    -106.7313    -107.8896    -106.2772    -107.5874
               -107.9478    -107.3661    -107.9068    -108.5864    -107.0651
               -108.1024    -106.3133    -106.8410    -106.8991    -107.3081
               -105.0601    -104.8886    -105.0496    -105.9364    -107.5313
               -107.8185    -107.3456    -107.1357    -107.1440    -106.9093
               -104.8484    -104.9672    -104.4239    -105.3730    -106.3453
               -104.1865    -105.4526    -106.4937    -104.8088    -103.8324
   2      0     -92.6656     -91.9744     -93.6827     -92.9304     -93.0868
                -93.3161     -93.3107     -93.0038     -92.4470     -93.6084
                -94.2599     -93.2747     -96.6711     -94.9482     -94.4352
                -96.1466     -94.6510     -95.8757     -94.2049     -95.5699
                -95.8720     -95.3710     -95.7760     -96.5648     -95.0360
                -96.0250     -94.2507     -94.7729     -94.9022     -95.2517
                -93.0489     -92.7598     -92.9919     -93.7973     -95.4361
                -95.8238     -95.3682     -95.0536     -95.0905     -94.8529
                -92.7067     -92.8601     -92.2970     -93.2815     -94.3370
                -92.1317     -93.3367     -94.3836     -92.6719     -91.6465
   3      0     -92.7100     -91.9914     -93.6815     -92.9376     -93.1349
                -93.3137     -93.2878     -93.0092     -92.4769     -93.6556
                -94.3110     -93.2362     -96.7216     -94.9621     -94.5143
                -96.1674     -94.6699     -95.9152     -94.2693     -95.5880
                -95.9090     -95.3775     -95.8260     -96.6142     -95.0696
                -96.0836     -94.3179     -94.7922     -94.9028     -95.2671
                -93.0775     -92.7340     -92.9975     -93.8539     -95.4951
                -95.8763     -95.3868     -95.0881     -95.0932     -94.8511
                -92.7285     -92.8646     -92.3262     -93.2827     -94.3650
                -92.1386     -93.3768     -94.4318     -92.6779     -91.6957
   4      0     -92.6524     -91.8849     -93.6769     -92.8582     -93.0808
                -93.2719     -93.2355     -92.9402     -92.4103     -93.5968
                -94.2572     -93.2352     -96.6642     -94.9864     -94.4609
                -96.1351     -94.6242     -95.8926     -94.1879     -95.5607
                -95.8613     -95.3909     -95.7772     -96.5624     -95.0643
                -96.0058     -94.2326     -94.7436     -94.8844     -95.2177
                -93.0289     -92.6852     -92.9617     -93.7457     -95.4140
                -95.8317     -95.3433     -95.0171     -95.0774     -94.7922
                -92.6946     -92.7809     -92.2710     -93.2772     -94.2865
                -92.1011     -93.3015     -94.3724     -92.6292     -91.6199
   5      0     -92.7138     -91.9823     -93.6940     -92.8923     -93.1779
                -93.3260     -93.3568     -92.9939     -92.5175     -93.6861
                -94.3790     -93.2737     -96.7307     -95.0486     -94.5599
                -96.2131     -94.6785     -95.9549     -94.3026     -95.5919
                -95.9610     -95.4306     -95.8650     -96.6293     -95.0873
                -96.0877     -94.3164     -94.7950     -94.9454     -95.2884
                -93.1251     -92.7573     -93.0289     -93.8691     -95.5072
                -95.8917     -95.4204     -95.1025     -95.1299     -94.8556
                -92.7448     -92.8511     -92.3341     -93.3344     -94.3892
                -92.1445     -93.4042     -94.4628     -92.7243     -91.6713
   5     60     -93.6687     -92.9272     -94.6364     -93.8383     -94.1250
                -94.2752     -94.3010     -93.9375     -93.4600     -94.6376
                -95.3276     -94.2082     -97.6717     -95.9872     -95.5040
                -97.1552     -95.6098     -96.8847     -95.2354     -96.5267
                -96.8981     -96.3659     -96.7932     -97.5644     -96.0243
                -97.0257     -95.2537     -95.7317     -95.8788     -96.2216
                -94.0577     -93.6958     -93.9674     -94.7998     -96.4376
                -96.8238     -96.3523     -96.0382     -96.0648     -95.7868
                -93.6903     -93.7957     -93.2769     -94.2730     -95.3298
                -93.0898     -94.3463     -95.4072     -93.6617     -92.6203
   5     80     -97.4435     -96.6892     -98.3940     -97.5943     -97.8705
                -98.0194     -98.0430     -97.7040     -97.2037     -98.3871
                -99.0848     -97.9517    -101.4125     -99.7169     -99.2456
               -100.8992     -99.3447    -100.6110     -98.9600    -100.2501
               -100.6206    -100.0863    -100.5222    -101.2842     -99.7562
               -100.7603     -98.9696     -99.4486     -99.6006     -99.9394
                -97.7669     -97.4400     -97.6996     -98.5258    -100.1551
               -100.5435    -100.0771     -99.7671     -99.7879     -99.5004
                -97.4392     -97.5431     -97.0144     -97.9975     -99.0603
                -96.8290     -98.0918     -99.1533     -97.3935     -96.3621
   5    100    -104.9247    -104.1272    -105.8425    -105.0247    -105.3058
               -105.4633    -105.4662    -105.1562    -104.6217    -105.8244
               -106.5263    -105.3808    -108.8336    -107.1164    -106.6742
               -108.3407    -106.7552    -108.0170    -106.3634    -107.6391
               -108.0280    -107.5084    -107.9343    -108.6891    -107.1709
               -108.1848    -106.3777    -106.8450    -106.9982    -107.3414
               -105.1599    -104.8783    -105.1328    -105.9388    -107.5561
               -107.9585    -107.4806    -107.1687    -107.1774    -106.8932
               -104.8722    -104.9968    -104.4526    -105.4126    -106.4700
               -104.2394    -105.5278    -106.5768    -104.8066    -103.7980
 
 group  inft   Estimated free energy: 1-th solvent contribution (kcal/mol)
   1      0     -36.7548     -30.7894     -31.8608     -33.5689     -32.4880
                -31.1614     -28.8270     -29.0821     -37.5354     -33.3921
                -26.4495     -31.9332     -21.6114     -22.1853     -19.9935
                -23.1976     -21.3087     -14.5969     -16.4904     -14.9055
                -14.3151     -15.4358     -18.8286     -17.7151     -19.2245
                -17.7111     -21.8053     -20.6958     -15.9493     -15.2595
                -26.9082     -34.0735     -35.2883     -19.5598     -14.2110
                -10.8569     -16.7176     -17.4707     -24.2153     -15.1154
                -21.4865     -31.9501     -40.1950     -28.7716     -20.5036
                -29.4784     -31.9013     -32.4987     -29.3660     -25.9439
   1     60     -36.7812     -30.8153     -31.8869     -33.5961     -32.5144
                -31.1882     -28.8537     -29.1091     -37.5620     -33.4196
                -26.4762     -31.9596     -21.6377     -22.2114     -20.0195
                -23.2242     -21.3349     -14.6230     -16.5168     -14.9325
                -14.3415     -15.4619     -18.8544     -17.7415     -19.2507
                -17.7374     -21.8313     -20.7226     -15.9753     -15.2862
                -26.9347     -34.1000     -35.3148     -19.5864     -14.2374
                -10.8828     -16.7436     -17.4963     -24.2418     -15.1423
                -21.5132     -31.9765     -40.2217     -28.7983     -20.5304
                -29.5060     -31.9276     -32.5253     -29.3930     -25.9710
   1     80     -36.9031     -30.9355     -32.0077     -33.7209     -32.6362
                -31.3112     -28.9766     -29.2343     -37.6847     -33.5455
                -26.5996     -32.0824     -21.7593     -22.3318     -20.1399
                -23.3468     -21.4565     -14.7441     -16.6393     -15.0571
                -14.4639     -15.5829     -18.9746     -17.8639     -19.3717
                -17.8590     -21.9514     -20.8462     -16.0963     -15.4096
                -27.0572     -34.2228     -35.4367     -19.7095     -14.3595
                -11.0028     -16.8640     -17.6149     -24.3642     -15.2660
                -21.6359     -32.0982     -40.3449     -28.9213     -20.6538
                -29.6327     -32.0499     -32.6485     -29.5173     -26.0956
   1    100     -37.2620     -31.2910     -32.3658     -34.0847     -32.9964
                -31.6744     -29.3374     -29.5995     -38.0447     -33.9127
                -26.9628     -32.4431     -22.1204     -22.6903     -20.4994
                -23.7097     -21.8153     -15.1049     -17.0016     -15.4213
                -14.8275     -15.9450     -19.3342     -18.2274     -19.7336
                -18.2213     -22.3101     -21.2087     -16.4565     -15.7736
                -27.4177     -34.5837     -35.7968     -20.0729     -14.7225
                -11.3656     -17.2235     -17.9711     -24.7252     -15.6299
                -21.9959     -32.4585     -40.7063     -29.2823     -21.0177
                -29.9983     -32.4103     -33.0094     -29.8790     -26.4592
   2      0     -36.7659     -30.7943     -31.8770     -33.5435     -32.5144
                -31.1640     -28.8416     -29.0626     -37.5338     -33.3869
                -26.4593     -31.9453     -21.6311     -22.1953     -20.0122
                -23.2114     -21.3151     -14.6222     -16.5059     -14.9080
                -14.3242     -15.4572     -18.8531     -17.7431     -19.2455
                -17.7233     -21.8279     -20.6992     -15.9736     -15.2708
                -26.9084     -34.0819     -35.3006     -19.5622     -14.2316
                -10.8861     -16.7444     -17.4966     -24.2418     -15.1169
                -21.4879     -31.9660     -40.1888     -28.7916     -20.5188
                -29.4634     -31.9053     -32.5046     -29.3432     -25.9334
   3      0     -36.7815     -30.7938     -31.8912     -33.5384     -32.5309
                -31.1746     -28.8478     -29.0591     -37.5563     -33.3900
                -26.4631     -31.9315     -21.6400     -22.2123     -20.0309
                -23.2184     -21.3210     -14.6232     -16.5171     -14.9094
                -14.3306     -15.4631     -18.8634     -17.7420     -19.2556
                -17.7428     -21.8336     -20.6964     -15.9784     -15.2634
                -26.9136     -34.0758     -35.2973     -19.5551     -14.2422
                -10.8914     -16.7457     -17.4982     -24.2456     -15.1081
                -21.4812     -31.9735     -40.1801     -28.7784     -20.5342
                -29.4698     -31.8974     -32.5124     -29.3472     -25.9270
   4      0     -36.7753     -30.7928     -31.8902     -33.5323     -32.5358
                -31.1695     -28.8502     -29.0469     -37.5323     -33.3987
                -26.4663     -31.9326     -21.6402     -22.2162     -20.0280
                -23.2181     -21.3220     -14.6399     -16.5142     -14.9136
                -14.3399     -15.4729     -18.8627     -17.7610     -19.2652
                -17.7364     -21.8440     -20.7045     -15.9943     -15.2765
                -26.9040     -34.0774     -35.3103     -19.5500     -14.2510
                -10.9042     -16.7576     -17.5138     -24.2522     -15.1116
                -21.5021     -31.9706     -40.1928     -28.8058     -20.5276
                -29.4665     -31.9005     -32.5226     -29.3354     -25.9314
   5      0     -36.7688     -30.7991     -31.8793     -33.5158     -32.5339
                -31.1669     -28.8415     -29.0326     -37.5368     -33.3808
                -26.4679     -31.9203     -21.6343     -22.2066     -20.0449
                -23.2243     -21.3167     -14.6323     -16.5207     -14.9019
                -14.3394     -15.4609     -18.8607     -17.7447     -19.2629
                -17.7462     -21.8426     -20.7150     -15.9958     -15.2786
                -26.9018     -34.0753     -35.2882     -19.5422     -14.2382
                -10.8849     -16.7483     -17.5095     -24.2309     -15.0942
                -21.4794     -31.9645     -40.1697     -28.7724     -20.5173
                -29.4548     -31.9037     -32.5037     -29.3323     -25.9072
   5     60     -36.8031     -30.8327     -31.9127     -33.5506     -32.5679
                -31.2013     -28.8757     -29.0675     -37.5709     -33.4159
                -26.5022     -31.9541     -21.6679     -22.2399     -20.0784
                -23.2583     -21.3502     -14.6657     -16.5546     -14.9365
                -14.3734     -15.4942     -18.8938     -17.7784     -19.2962
                -17.7798     -21.8759     -20.7493     -16.0291     -15.3126
                -26.9358     -34.1095     -35.3221     -19.5764     -14.2718
                -10.9179     -16.7815     -17.5424     -24.2648     -15.1286
                -21.5139     -31.9983     -40.2042     -28.8066     -20.5516
                -29.4902     -31.9377     -32.5380     -29.3670     -25.9422
   5     80     -36.9510     -30.9788     -32.0586     -33.7012     -32.7153
                -31.3495     -29.0242     -29.2182     -37.7185     -33.5673
                -26.6511     -32.1013     -21.8149     -22.3856     -20.2241
                -23.4064     -21.4967     -14.8124     -16.7026     -15.0869
                -14.5216     -15.6403     -19.0394     -17.9259     -19.4424
                -17.9267     -22.0209     -20.8980     -16.1749     -15.4609
                -27.0837     -34.2576     -35.4692     -19.7247     -14.4192
                -11.0633     -16.9269     -17.6861     -24.4124     -15.2781
                -21.6626     -32.1452     -40.3532     -28.9550     -20.7008
                -29.6423     -32.0851     -32.6868     -29.5167     -26.0923
   5    100     -37.2853     -31.3103     -32.3914     -34.0381     -33.0502
                -31.6861     -29.3598     -29.5567     -38.0525     -33.9068
                -26.9882     -32.4354     -22.1507     -22.7186     -20.5585
                -23.7434     -21.8301     -15.1479     -17.0391     -15.4253
                -14.8594     -15.9763     -19.3741     -18.2624     -19.7782
                -18.2634     -22.3544     -21.2341     -16.5089     -15.7983
                -27.4186     -34.5928     -35.8031     -20.0614     -14.7562
                -11.4001     -17.2612     -18.0166     -24.7469     -15.6161
                -21.9978     -32.4799     -40.6889     -29.2903     -21.0383
                -29.9809     -32.4198     -33.0221     -29.8520     -26.4294
 
 group  inft   Estimated free energy: 2-th solvent contribution (kcal/mol)
   1      0     -55.9340     -61.1804     -61.8128     -59.3584     -60.6303
                -62.1679     -64.5266     -63.9887     -54.9365     -60.2624
                -67.8304     -61.3514     -75.1041     -72.7235     -74.4768
                -72.9896     -73.3710     -81.2491     -77.7436     -80.6503
                -81.5786     -79.8761     -77.0070     -78.8267     -75.7764
                -78.3079     -72.4612     -74.1105     -78.9205     -80.0114
                -66.1482     -58.7128     -57.6734     -74.3161     -81.2771
                -84.9089     -78.5885     -77.5919     -70.8911     -79.7679
                -71.2518     -60.8936     -52.1320     -64.5442     -73.7873
                -62.6365     -61.4564     -61.9093     -63.3970     -65.7661
   1     60     -56.6629     -61.9040     -62.5350     -60.0808     -61.3515
                -62.8895     -65.2476     -64.7077     -55.6558     -60.9870
                -68.5540     -62.0674     -75.8235     -73.4403     -75.1952
                -73.7101     -74.0824     -81.9618     -78.4538     -81.3647
                -82.2920     -80.5890     -77.7211     -79.5361     -76.4901
                -79.0257     -73.1771     -74.8241     -79.6319     -80.7234
                -66.8560     -59.4299     -58.3930     -75.0262     -81.9875
                -85.6224     -79.3034     -78.3081     -71.6057     -80.4790
                -71.9722     -61.6157     -52.8522     -65.2621     -74.5045
                -63.3555     -62.1745     -62.6273     -64.1126     -66.4874
   1     80     -59.7856     -65.0141     -65.6444     -63.1726     -64.4428
                -65.9822     -68.3412     -67.8265     -58.7502     -64.0781
                -71.6518     -65.1667     -78.9059     -76.5108     -78.2851
                -76.7972     -77.1646     -85.0300     -81.5162     -84.4305
                -85.3533     -83.6501     -80.7998     -82.5984     -79.5575
                -82.0975     -76.2409     -77.8906     -82.7007     -83.7875
                -69.9125     -62.5234     -61.4751     -78.0998     -85.0471
                -88.6830     -82.3755     -81.3866     -74.6696     -83.5317
                -75.0686     -64.7109     -55.9417     -68.3356     -77.5696
                -66.4388     -65.2699     -65.7171     -67.1914     -69.5849
   1    100     -67.5679     -72.7746     -73.4048     -70.9270     -72.2123
                -73.7425     -76.0898     -75.5822     -66.4763     -71.8459
                -79.4217     -72.9218     -86.6667     -84.2485     -86.0436
                -84.5805     -84.8926     -92.7614     -89.2522     -92.1428
                -93.0970     -91.3978     -88.5493     -90.3356     -87.3081
                -89.8577     -83.9798     -85.6089     -90.4193     -91.5111
                -77.6191     -70.2816     -69.2294     -85.8402     -92.7855
                -96.4296     -90.0987     -89.1412     -82.3955     -91.2560
                -82.8291     -72.4854     -63.6943     -76.0673     -85.3043
                -74.1649     -73.0189     -73.4610     -74.9065     -77.3499
   2      0     -55.8763     -61.1567     -61.7823     -59.3636     -60.5490
                -62.1288     -64.4458     -63.9178     -54.8899     -60.1981
                -67.7772     -61.3060     -75.0167     -72.7296     -74.3996
                -72.9119     -73.3126     -81.2302     -77.6757     -80.6385
                -81.5244     -79.8905     -76.8995     -78.7984     -75.7671
                -78.2784     -72.3995     -74.0503     -78.9053     -79.9576
                -66.1172     -58.6545     -57.6679     -74.2117     -81.1812
                -84.9144     -78.6005     -77.5337     -70.8253     -79.7127
                -71.1955     -60.8707     -52.0849     -64.4665     -73.7949
                -62.6450     -61.4081     -61.8556     -63.3053     -65.6897
   3      0     -55.9051     -61.1742     -61.7670     -59.3759     -60.5806
                -62.1158     -64.4167     -63.9268     -54.8972     -60.2422
                -67.8246     -61.2813     -75.0582     -72.7264     -74.4601
                -72.9257     -73.3255     -81.2687     -77.7289     -80.6553
                -81.5551     -79.8911     -76.9392     -78.8489     -75.7907
                -78.3175     -72.4610     -74.0725     -78.9011     -79.9803
                -66.1406     -58.6349     -57.6768     -74.2755     -81.2296
                -84.9616     -78.6178     -77.5665     -70.8243     -79.7197
                -71.2239     -60.8677     -52.1227     -64.4809     -73.8075
                -62.6454     -61.4560     -61.8960     -63.3073     -65.7453
   4      0     -55.8537     -61.0687     -61.7634     -59.3025     -60.5216
                -62.0790     -64.3620     -63.8700     -54.8547     -60.1747
                -67.7676     -61.2793     -75.0007     -72.7468     -74.4095
                -72.8936     -73.2789     -81.2294     -77.6504     -80.6237
                -81.4980     -79.8947     -76.8912     -78.7781     -75.7758
                -78.2461     -72.3652     -74.0158     -78.8667     -79.9179
                -66.1016     -58.5844     -57.6281     -74.1724     -81.1397
                -84.9042     -78.5624     -77.4800     -70.8019     -79.6573
                -71.1692     -60.7869     -52.0549     -64.4481     -73.7355
                -62.6112     -61.3776     -61.8265     -63.2704     -65.6652
   5      0     -55.9217     -61.1599     -61.7914     -59.3531     -60.6207
                -62.1357     -64.4920     -63.9380     -54.9573     -60.2820
                -67.8878     -61.3300     -75.0730     -72.8187     -74.4916
                -72.9654     -73.3385     -81.2993     -77.7585     -80.6667
                -81.5982     -79.9464     -76.9809     -78.8613     -75.8011
                -78.3181     -72.4505     -74.0566     -78.9263     -79.9865
                -66.2000     -58.6587     -57.7174     -74.3036     -81.2457
                -84.9835     -78.6487     -77.5696     -70.8757     -79.7381
                -71.2421     -60.8633     -52.1410     -64.5386     -73.8486
                -62.6664     -61.4772     -61.9358     -63.3686     -65.7407
   5     60     -56.8423     -62.0711     -62.7003     -60.2643     -61.5338
                -63.0505     -65.4019     -64.8467     -55.8658     -61.1983
                -68.8021     -62.2308     -75.9804     -73.7239     -75.4022
                -73.8735     -74.2362     -82.1957     -78.6574     -81.5669
                -82.5013     -80.8484     -77.8760     -79.7626     -76.7047
                -79.2225     -73.3545     -74.9590     -79.8264     -80.8857
                -67.0985     -59.5630     -58.6219     -75.2001     -82.1424
                -85.8825     -79.5475     -78.4725     -71.7767     -80.6348
                -72.1531     -61.7740     -53.0493     -65.4430     -74.7549
                -63.5763     -62.3853     -62.8458     -64.2713     -66.6547
   5     80     -60.4692     -65.6871     -66.3121     -63.8698     -65.1318
                -66.6466     -68.9954     -68.4625     -59.4619     -64.7965
                -72.4103     -65.8271     -79.5742     -77.3079     -78.9981
                -77.4695     -77.8247     -85.7753     -82.2341     -85.1399
                -86.0756     -84.4227     -81.4594     -83.3350     -80.2905
                -82.8103     -76.9254     -78.5273     -83.4024     -84.4552
                -70.6598     -63.1590     -62.2071     -78.7777     -85.7125
                -89.4568     -83.1269     -82.0577     -75.3522     -84.1990
                -75.7533     -65.3745     -56.6379     -69.0192     -78.3362
                -67.1633     -65.9833     -66.4432     -67.8535     -70.2465
   5    100     -67.6160     -72.7936     -73.4278     -70.9632     -72.2323
                -73.7539     -76.0830     -75.5761     -66.5458     -71.8942
                -79.5148     -72.9220     -86.6595     -84.3745     -86.0923
                -84.5739     -84.9017     -92.8457     -89.3010     -92.1904
                -93.1452     -91.5087     -88.5368     -90.4033     -87.3694
                -89.8981     -83.9999     -85.5875     -90.4659     -91.5198
                -77.7180     -70.2622     -69.3063     -85.8540     -92.7765
                -96.5350     -90.1961     -89.1288     -82.4072     -91.2537
                -82.8510     -72.4936     -63.7404     -76.0990     -85.4083
                -74.2351     -73.0846     -73.5314     -74.9313     -77.3452
 
 
 cumulative average & 95% error for solvation free energy
              total             1st component         2nd component
  1   -92.7100              -36.7815              -55.9051
  2   -92.3507     0.7186   -33.7876     5.9877   -58.5397     5.2691
  3   -92.7943     0.9794   -33.1555     3.6810   -59.6155     3.7261
  4   -92.8301     0.6963   -33.2512     2.6099   -59.5556     2.6374
  5   -92.8911     0.5529   -33.1072     2.0420   -59.7606     2.0837
  6   -92.9615     0.4729   -32.7851     1.7874   -60.1531     1.8737
  7   -93.0081     0.4104   -32.2226     1.8835   -60.7622     1.9979
  8   -93.0083     0.3554   -31.8271     1.8128   -61.1578     1.9026
  9   -92.9492     0.3350   -32.4637     2.0437   -60.4622     2.1796
 10   -93.0199     0.3313   -32.5563     1.8373   -60.4402     1.9500
 11   -93.1372     0.3806   -32.0024     1.9973   -61.1115     2.2167
 12   -93.1455     0.3479   -31.9965     1.8234   -61.1256     2.0238
 13   -93.4206     0.6365   -31.1999     2.3134   -62.1974     2.8390
 14   -93.5307     0.6291   -30.5579     2.4971   -62.9494     3.0284
 15   -93.5963     0.6001   -29.8561     2.7156   -63.7168     3.2099
 16   -93.7570     0.6469   -29.4412     2.6723   -64.2924     3.2157
 17   -93.8107     0.6170   -28.9636     2.6858   -64.8237     3.2021
 18   -93.9276     0.6270   -28.1669     2.9918   -65.7373     3.5289
 19   -93.9456     0.5942   -27.5537     3.0842   -66.3685     3.5687
 20   -94.0277     0.5871   -26.9215     3.1875   -67.0828     3.6747
 21   -94.1173     0.5865   -26.3220     3.2604   -67.7720     3.7572
 22   -94.1746     0.5708   -25.8284     3.2617   -68.3228     3.7480
 23   -94.2464     0.5640   -25.5255     3.1749   -68.6975     3.6589
 24   -94.3450     0.5749   -25.2012     3.1082   -69.1204     3.6038
 25   -94.3740     0.5545   -24.9634     3.0190   -69.3873     3.4976
 26   -94.4398     0.5487   -24.6857     2.9532   -69.7307     3.4299
 27   -94.4352     0.5281   -24.5801     2.8496   -69.8318     3.3066
 28   -94.4480     0.5095   -24.4414     2.7599   -69.9833     3.2007
 29   -94.4637     0.4926   -24.1495     2.7263   -70.2908     3.1490
 30   -94.4905     0.4789   -23.8533     2.6996   -70.6138     3.1100
 31   -94.4449     0.4721   -23.9520     2.6185   -70.4695     3.0218
 32   -94.3914     0.4695   -24.2684     2.6131   -70.0997     3.0179
 33   -94.3492     0.4628   -24.6026     2.6194   -69.7232     3.0204
 34   -94.3346     0.4499   -24.4542     2.5585   -69.8571     2.9424
 35   -94.3678     0.4419   -24.1624     2.5520   -70.1820     2.9301
 36   -94.4097     0.4375   -23.7938     2.5873   -70.5926     2.9635
 37   -94.4361     0.4288   -23.6033     2.5451   -70.8095     2.9148
 38   -94.4532     0.4188   -23.4426     2.4980   -70.9873     2.8593
 39   -94.4696     0.4092   -23.4632     2.4334   -70.9831     2.7850
 40   -94.4792     0.3993   -23.2543     2.4083   -71.2015     2.7494
 41   -94.4365     0.3987   -23.2111     2.3504   -71.2021     2.6815
 42   -94.3991     0.3962   -23.4197     2.3314   -70.9560     2.6627
 43   -94.3508     0.3987   -23.8095     2.4063   -70.5180     2.7437
 44   -94.3266     0.3926   -23.9224     2.3618   -70.3808     2.6946
 45   -94.3274     0.3838   -23.8471     2.3137   -70.4570     2.6384
 46   -94.2798     0.3872   -23.9693     2.2760   -70.2872     2.6027
 47   -94.2606     0.3808   -24.1380     2.2524   -70.0993     2.5743
 48   -94.2642     0.3729   -24.3125     2.2324   -69.9284     2.5432
 49   -94.2318     0.3709   -24.4152     2.1960   -69.7932     2.5053
 50   -94.1811     0.3773   -24.4455     2.1525   -69.7123     2.4601
 
 Mesh error is    0.049 kcal/mol
