 ERmod 0.3.8, Copyright (C) 2000-2019 Nobuyuki Matubayasi
                            2010-2019 Shun Sakuraba
 ERmod comes with ABSOLUTELY NO WARRANTY.
 This is free software, and you can redistribute it
 and/or modify it under certain conditions.
 See LICENSE file for details.
 ERmod 0.3.8, Copyright (C) 2000-2019 Nobuyuki Matubayasi
                            2010-2019 Shun Sakuraba
 ERmod comes with ABSOLUTELY NO WARRANTY.
 This is free software, and you can redistribute it
 and/or modify it under certain conditions.
 See LICENSE file for details.
 
  Number of the   1-th solvent  =          378
  Number of the   2-th solvent  =        10000
 
  Be sure that the solvent distribution is homogeneous (radial distribution function is essentially unity) when the solvent molecule is separated beyond distance of   10.0 Angstrom in any direction from any atom within the solute molecule
 
  LJ long-range correction    =        -1.1319     -7.1533
 
  Self-energy of the solute   =        -0.0119  kcal/mol
 
 
 cumulative average & 95% error for solvation energy
              total             1st component         2nd component
  1  -484.2967              -87.8305             -396.4542
  2  -484.3158     0.0382   -75.3386    24.9839  -408.9653    25.0222
  3  -485.9536     3.2757   -74.1500    14.6190  -411.7916    15.5131
  4  -485.6419     2.3987   -72.9933    10.5929  -412.6366    11.0988
  5  -485.6622     1.8584   -74.8035     8.9684  -410.8468     9.3126
  6  -485.9834     1.6478   -75.2680     7.3814  -410.7034     7.6091
  7  -486.2369     1.4821   -73.9088     6.8049  -412.3162     7.1945
  8  -486.2162     1.2842   -73.9861     5.8953  -412.2182     6.2337
  9  -486.4730     1.2436   -72.2363     6.2672  -414.2248     6.8065
 10  -486.4762     1.1123   -70.2695     6.8480  -416.1947     7.2516
 11  -486.5717     1.0241   -69.0747     6.6392  -417.4851     7.0488
 12  -486.6174     0.9393   -70.9891     7.1689  -415.6163     7.4414
 13  -486.6153     0.8641   -71.2523     6.6154  -415.3511     6.8656
 14  -486.5523     0.8098   -71.1567     6.1277  -415.3837     6.3566
 15  -486.4701     0.7716   -71.9249     5.9078  -414.5333     6.1573
 16  -486.4271     0.7269   -73.3716     6.2379  -413.0436     6.4846
 17  -486.6526     0.8183   -74.4592     6.2502  -412.1815     6.3306
 18  -486.6437     0.7717   -75.5981     6.3177  -411.0337     6.3948
 19  -486.6538     0.7303   -76.8342     6.4671  -409.8076     6.5270
 20  -486.7248     0.7072   -76.4862     6.1746  -410.2267     6.2485
 21  -486.7209     0.6727   -77.3989     6.1503  -409.3101     6.2198
 22  -486.5795     0.7010   -78.7451     6.4527  -407.8224     6.6349
 23  -486.5873     0.6700   -78.3402     6.2187  -408.2352     6.3934
 24  -486.6894     0.6732   -78.7515     6.0105  -407.9260     6.1523
 25  -486.7040     0.6464   -79.2176     5.8400  -407.4744     5.9698
 26  -486.7050     0.6210   -78.7777     5.6795  -407.9154     5.8030
 27  -486.6859     0.5988   -78.9684     5.4784  -407.7055     5.5997
 28  -486.7125     0.5795   -79.7985     5.5340  -406.9021     5.6302
 29  -486.7069     0.5593   -79.5930     5.3555  -407.1019     5.4473
 30  -486.5865     0.5915   -79.3626     5.1944  -407.2120     5.2671
 31  -486.6233     0.5768   -79.1480     5.0424  -407.4634     5.1192
 32  -486.6467     0.5604   -78.3091     5.1625  -408.3257     5.2481
 33  -486.6678     0.5448   -78.3026     5.0036  -408.3532     5.0868
 34  -486.7212     0.5392   -77.7935     4.9599  -408.9158     5.0616
 35  -486.7269     0.5237   -77.6126     4.8296  -409.1024     4.9290
 36  -486.7560     0.5123   -78.0298     4.7672  -408.7143     4.8526
 37  -486.7843     0.5015   -77.3463     4.8338  -409.4261     4.9297
 38  -486.7152     0.5073   -77.4895     4.7136  -409.2138     4.8169
 39  -486.7141     0.4941   -77.0445     4.6766  -409.6577     4.7750
 40  -486.6500     0.4983   -77.3986     4.6129  -409.2395     4.7287
 41  -486.6604     0.4865   -77.0659     4.5480  -409.5826     4.6627
 42  -486.6531     0.4750   -76.9918     4.4408  -409.6494     4.5523
 43  -486.7272     0.4869   -77.1038     4.3421  -409.6114     4.4458
 44  -486.7141     0.4764   -76.6402     4.3424  -410.0620     4.4361
 45  -486.7086     0.4658   -76.1037     4.3784  -410.5930     4.4645
 46  -486.6955     0.4563   -75.9885     4.2883  -410.6951     4.3712
 47  -486.6592     0.4524   -75.8869     4.2010  -410.7603     4.2791
 48  -486.6935     0.4481   -75.8143     4.1151  -410.8673     4.1945
 49  -486.6733     0.4407   -75.5894     4.0553  -411.0720     4.1284
 50  -486.6842     0.4324   -75.5862     3.9733  -411.0860     4.0450
 
 
 group  inft  solvation free energy     error          difference
  total solvation free energy
   1      0       -108.09572           0.25114           0.07310
   1     60       -109.00928           0.25043          -0.84047
   1     80       -112.71954           0.24937          -4.55072
   1    100       -121.71495           0.25066         -13.54614
   2      0       -108.14876           0.25123           0.02005
   3      0       -108.16882           0.25001           0.00000
   4      0       -108.15676           0.25106           0.01206
   5      0       -108.23963           0.25003          -0.07081
   5     60       -109.37773           0.24899          -1.20891
   5     80       -113.71133           0.24801          -5.54251
   5    100       -121.90174           0.24870         -13.73292
 
  contribution from  1-th solvent component
   1      0        -27.96246           1.57858           0.02396
   1     60        -27.99661           1.57862          -0.01019
   1     80        -28.14959           1.57870          -0.16317
   1    100        -28.58028           1.57867          -0.59386
   2      0        -27.97776           1.57856           0.00866
   3      0        -27.98642           1.57846           0.00000
   4      0        -27.98844           1.57806          -0.00202
   5      0        -27.99562           1.57820          -0.00921
   5     60        -28.03846           1.57824          -0.05204
   5     80        -28.22192           1.57831          -0.23550
   5    100        -28.61913           1.57826          -0.63271
 
  contribution from  2-th solvent component
   1      0        -80.12132           1.72591           0.04914
   1     60        -81.00074           1.72474          -0.83028
   1     80        -84.55801           1.72252          -4.38755
   1    100        -93.12274           1.72131         -12.95228
   2      0        -80.15907           1.72634           0.01139
   3      0        -80.17046           1.72789           0.00000
   4      0        -80.15639           1.72659           0.01407
   5      0        -80.23207           1.72575          -0.06161
   5     60        -81.32733           1.72428          -1.15687
   5     80        -85.47748           1.72209          -5.30701
   5    100        -93.27067           1.72088         -13.10021
 
 
 group  inft   Estimated free energy: total (kcal/mol)
   1      0    -106.0435    -107.1544    -109.1588    -107.7646    -107.5549
               -108.1999    -108.9377    -108.2279    -109.5344    -108.2125
               -108.8586    -107.9354    -108.5219    -107.6158    -107.0476
               -107.1332    -109.0341    -107.2940    -107.7683    -109.3063
               -107.1730    -105.3496    -108.4083    -109.0465    -107.9019
               -108.2655    -107.9157    -107.6196    -107.8781    -106.5642
               -108.7467    -109.0997    -108.3998    -109.4304    -108.3884
               -107.8659    -109.2008    -107.2123    -108.5191    -106.5086
               -108.5847    -108.3169    -109.0097    -108.0181    -108.6262
               -108.1672    -107.7863    -109.0236    -107.7936    -108.6616
   1     60    -106.9572    -108.0628    -110.0699    -108.6762    -108.4639
               -109.1177    -109.8504    -109.1442    -110.4446    -109.1182
               -109.7673    -108.8509    -109.4331    -108.5229    -107.9630
               -108.0528    -109.9521    -108.2195    -108.6835    -110.2159
               -108.0968    -106.2762    -109.3222    -109.9669    -108.8171
               -109.1765    -108.8326    -108.5396    -108.7914    -107.4790
               -109.6607    -110.0054    -109.3176    -110.3417    -109.2963
               -108.7806    -110.1081    -108.1283    -109.4277    -107.4337
               -109.4944    -109.2276    -109.9277    -108.9290    -109.5324
               -109.0771    -108.6976    -109.9350    -108.7051    -109.5739
   1     80    -110.6710    -111.7621    -113.7861    -112.3789    -112.1530
               -112.8541    -113.5568    -112.8523    -114.1474    -112.8165
               -113.4725    -112.5643    -113.1397    -112.2225    -111.6765
               -111.7700    -113.6704    -111.9537    -112.3902    -113.9249
               -111.8236    -110.0134    -113.0350    -113.6941    -112.5310
               -112.8782    -112.5430    -112.2660    -112.4958    -111.1914
               -113.3625    -113.6928    -113.0401    -114.0521    -113.0009
               -112.5026    -113.8107    -111.8399    -113.1249    -111.1655
               -113.1957    -112.9287    -113.6559    -112.6374    -113.2318
               -112.7788    -112.3896    -113.6372    -112.4068    -113.2885
   1    100    -119.6282    -120.7389    -122.8005    -121.3577    -121.0922
               -121.9001    -122.5669    -121.8348    -123.1515    -121.7957
               -122.4753    -121.5706    -122.1469    -121.2014    -120.6587
               -120.7654    -122.6691    -120.9686    -121.3831    -122.9276
               -120.8274    -119.0283    -122.0503    -122.7245    -121.5366
               -121.8564    -121.5282    -121.2718    -121.4693    -120.1776
               -122.3478    -122.6636    -122.0558    -123.0492    -121.9905
               -121.5058    -122.8249    -120.8425    -122.1072    -120.1808
               -122.1887    -121.9145    -122.6759    -121.6343    -122.2131
               -121.7692    -121.3639    -122.6345    -121.3841    -122.2976
   2      0    -106.1352    -107.2297    -109.2337    -107.8273    -107.6188
               -108.2463    -108.9580    -108.2487    -109.5917    -108.2756
               -108.9133    -107.9750    -108.5729    -107.6495    -107.1477
               -107.2467    -109.1015    -107.3314    -107.7970    -109.3629
               -107.1635    -105.4081    -108.4703    -109.1246    -107.9177
               -108.3290    -107.9698    -107.6469    -107.9470    -106.5932
               -108.8025    -109.1718    -108.4711    -109.4714    -108.4055
               -107.9595    -109.2430    -107.2965    -108.5726    -106.5025
               -108.6322    -108.3560    -109.0373    -108.0465    -108.6722
               -108.2500    -107.8530    -109.1161    -107.8448    -108.7009
   3      0    -106.0959    -107.3187    -109.1710    -107.8270    -107.6307
               -108.2926    -108.9951    -108.3234    -109.6088    -108.2908
               -108.9236    -108.0192    -108.5828    -107.6706    -107.1772
               -107.2680    -109.0965    -107.4023    -107.8070    -109.3628
               -107.2064    -105.4205    -108.4308    -109.0918    -107.9169
               -108.3191    -108.0224    -107.6475    -107.9613    -106.6541
               -108.8142    -109.2475    -108.4632    -109.5047    -108.4183
               -107.9663    -109.2593    -107.3185    -108.5905    -106.5039
               -108.6984    -108.3899    -109.0090    -108.1041    -108.6903
               -108.2670    -107.8771    -109.1218    -107.9238    -108.7384
   4      0    -106.1347    -107.2683    -109.2357    -107.7923    -107.6591
               -108.2486    -109.0034    -108.2930    -109.6006    -108.2489
               -108.9068    -107.9711    -108.6107    -107.6890    -107.1850
               -107.2537    -109.0747    -107.3229    -107.7833    -109.3992
               -107.2031    -105.3871    -108.4361    -109.1492    -107.9095
               -108.3443    -107.9898    -107.6618    -107.9259    -106.6564
               -108.8238    -109.1839    -108.5092    -109.4884    -108.4301
               -107.9225    -109.2501    -107.3139    -108.5745    -106.4966
               -108.6201    -108.3835    -109.0131    -108.0558    -108.6819
               -108.2614    -107.8390    -109.1010    -107.8552    -108.6900
   5      0    -106.1814    -107.3633    -109.2574    -107.8890    -107.7667
               -108.3615    -109.0849    -108.3961    -109.6756    -108.3388
               -108.9989    -108.1270    -108.6525    -107.7809    -107.2779
               -107.2908    -109.1615    -107.4623    -107.8590    -109.4426
               -107.2590    -105.4867    -108.4795    -109.1719    -108.0108
               -108.3905    -108.0774    -107.7828    -108.0694    -106.6845
               -108.9047    -109.2905    -108.5314    -109.5994    -108.4951
               -108.0719    -109.2979    -107.3904    -108.6946    -106.6007
               -108.7535    -108.4981    -109.0416    -108.0983    -108.7704
               -108.2909    -107.9001    -109.1952    -107.9678    -108.8084
   5     60    -107.3263    -108.4988    -110.3924    -109.0247    -108.9006
               -109.5061    -110.2199    -109.5344    -110.8074    -109.4676
               -110.1306    -109.2678    -109.7879    -108.9150    -108.4198
               -108.4403    -110.3021    -108.6139    -108.9985    -110.5769
               -108.4052    -106.6398    -109.6184    -110.3178    -109.1507
               -109.5235    -109.2178    -108.9298    -109.2047    -107.8230
               -110.0452    -110.4180    -109.6717    -110.7340    -109.6308
               -109.2149    -110.4289    -108.5341    -109.8255    -107.7498
               -109.8852    -109.6310    -110.1822    -109.2320    -109.8985
               -109.4263    -109.0345    -110.3325    -109.1041    -109.9454
   5     80    -111.6616    -112.8195    -114.7323    -113.3492    -113.2120
               -113.8687    -114.5543    -113.8655    -115.1330    -113.7880
               -114.4612    -113.6074    -114.1187    -113.2393    -112.7535
               -112.7793    -114.6438    -112.9703    -113.3288    -114.9068
               -112.7578    -111.0030    -113.9592    -114.6734    -113.4880
               -113.8459    -113.5489    -113.2785    -113.5314    -112.1579
               -114.3653    -114.7299    -114.0187    -115.0665    -113.9595
               -113.5563    -114.7589    -112.8664    -114.1447    -112.1025
               -114.2111    -113.9543    -114.5335    -113.5665    -114.2165
               -113.7513    -113.3533    -114.6632    -113.4311    -114.2797
   5    100    -119.8193    -120.9944    -122.9344    -121.5304    -121.3485
               -122.1011    -122.7572    -122.0546    -123.3255    -121.9653
               -122.6620    -121.8100    -122.3150    -121.4143    -120.9350
               -120.9741    -122.8338    -121.1759    -121.5115    -123.1055
               -120.9593    -119.2164    -122.1673    -122.8945    -121.6880
               -122.0171    -121.7324    -121.4795    -121.7025    -120.3484
               -122.5443    -122.8973    -122.2273    -123.2566    -122.1411
               -121.7506    -122.9628    -121.0587    -122.3216    -120.3100
               -122.3996    -122.1385    -122.7440    -121.7593    -122.3959
               -121.9381    -121.5204    -122.8558    -121.6100    -122.4817
 
 group  inft   Estimated free energy: 1-th solvent contribution (kcal/mol)
   1      0     -31.9927     -22.4233     -26.8269     -25.4577     -30.4628
                -28.7706     -24.2828     -27.5765     -21.0998     -18.6109
                -20.7326     -34.9655     -27.8123     -26.0237     -30.3774
                -35.4662     -34.7541     -35.2799     -37.5732     -25.9074
                -35.8854     -40.3405     -25.5846     -32.7987     -34.1386
                -24.9261     -31.1728     -38.6684     -27.2779     -26.7438
                -26.6960     -18.5932     -29.0276     -22.1548     -26.1824
                -34.8289     -18.9250     -30.6186     -21.9784     -33.8919
                -23.3849     -27.4458     -30.4410     -20.2513     -18.7180
                -26.1479     -26.2829     -26.9505     -23.4726     -28.1982
   1     60     -32.0266     -22.4570     -26.8609     -25.4919     -30.4970
                -28.8041     -24.3169     -27.6107     -21.1345     -18.6449
                -20.7667     -35.0002     -27.8466     -26.0577     -30.4111
                -35.5002     -34.7885     -35.3143     -37.6076     -25.9417
                -35.9204     -40.3749     -25.6186     -32.8334     -34.1731
                -24.9597     -31.2070     -38.7026     -27.3117     -26.7779
                -26.7304     -18.6272     -29.0619     -22.1891     -26.2170
                -34.8628     -18.9593     -30.6521     -22.0123     -33.9265
                -23.4187     -27.4798     -30.4760     -20.2849     -18.7519
                -26.1817     -26.3167     -26.9850     -23.5067     -28.2320
   1     80     -32.1791     -22.6088     -27.0141     -25.6449     -30.6503
                -28.9546     -24.4699     -27.7639     -21.2897     -18.7977
                -20.9197     -35.1550     -28.0002     -26.2105     -30.5623
                -35.6523     -34.9426     -35.4677     -37.7610     -26.0958
                -36.0759     -40.5282     -25.7712     -32.9881     -34.3271
                -25.1107     -31.3595     -38.8554     -27.4631     -26.9304
                -26.8843     -18.7792     -29.2157     -22.3435     -26.3723
                -35.0148     -19.1131     -30.8023     -22.1645     -34.0809
                -23.5705     -27.6325     -30.6323     -20.4358     -18.9040
                -26.3333     -26.4678     -27.1392     -23.6597     -28.3840
   1    100     -32.6082     -23.0387     -27.4464     -26.0755     -31.0803
                -29.3835     -24.9016     -28.1945     -21.7252     -19.2281
                -21.3511     -35.5896     -28.4322     -26.6416     -30.9906
                -36.0810     -35.3731     -35.8982     -38.1910     -26.5286
                -36.5096     -40.9576     -26.2016     -33.4214     -34.7599
                -25.5371     -31.7881     -39.2847     -27.8907     -27.3590
                -27.3171     -19.2084     -29.6479     -22.7776     -26.8061
                -35.4425     -19.5469     -31.2291     -22.5948     -34.5129
                -23.9998     -28.0625     -31.0683     -20.8638     -19.3329
                -26.7628     -26.8954     -27.5720     -24.0910     -28.8133
   2      0     -32.0079     -22.4520     -26.8506     -25.4705     -30.4775
                -28.7956     -24.3024     -27.5968     -21.1140     -18.6243
                -20.7420     -34.9605     -27.8343     -26.0444     -30.4183
                -35.4847     -34.7778     -35.2978     -37.5718     -25.9073
                -35.8859     -40.3591     -25.6006     -32.8284     -34.1451
                -24.9629     -31.1891     -38.6844     -27.2942     -26.7549
                -26.6978     -18.6052     -29.0478     -22.1551     -26.1764
                -34.8541     -18.9317     -30.6421     -21.9941     -33.9001
                -23.4005     -27.4689     -30.4393     -20.2631     -18.7366
                -26.1747     -26.3066     -26.9623     -23.4843     -28.2119
   3      0     -32.0131     -22.4565     -26.8513     -25.4850     -30.4848
                -28.8292     -24.3255     -27.5959     -21.1173     -18.6319
                -20.7334     -34.9705     -27.8483     -26.0456     -30.4188
                -35.4898     -34.7731     -35.3095     -37.5875     -25.9006
                -35.9064     -40.3773     -25.6099     -32.8285     -34.1518
                -24.9727     -31.2118     -38.6929     -27.2958     -26.7651
                -26.6912     -18.6261     -29.0572     -22.1750     -26.1879
                -34.8527     -18.9511     -30.6407     -22.0038     -33.9055
                -23.4050     -27.4877     -30.4395     -20.2790     -18.7482
                -26.1875     -26.3227     -26.9726     -23.4837     -28.2238
   4      0     -32.0104     -22.4578     -26.8652     -25.4809     -30.4925
                -28.8171     -24.3201     -27.6039     -21.1243     -18.6296
                -20.7470     -34.9771     -27.8447     -26.0565     -30.4403
                -35.4992     -34.7815     -35.3054     -37.5826     -25.9148
                -35.8907     -40.3535     -25.6060     -32.8456     -34.1464
                -24.9776     -31.2041     -38.6957     -27.3077     -26.7686
                -26.7004     -18.6253     -29.0625     -22.1707     -26.1787
                -34.8616     -18.9391     -30.6518     -22.0003     -33.9018
                -23.4055     -27.4809     -30.4404     -20.2848     -18.7586
                -26.1955     -26.3202     -26.9683     -23.5019     -28.2267
   5      0     -32.0307     -22.4679     -26.8596     -25.5039     -30.4973
                -28.8346     -24.3244     -27.6136     -21.1265     -18.6332
                -20.7361     -34.9781     -27.8487     -26.0565     -30.4433
                -35.5033     -34.7716     -35.3122     -37.5802     -25.9077
                -35.8901     -40.3796     -25.6151     -32.8397     -34.1559
                -24.9859     -31.2189     -38.7012     -27.3105     -26.7862
                -26.7000     -18.6465     -29.0680     -22.1755     -26.1909
                -34.8708     -18.9537     -30.6653     -21.9971     -33.9377
                -23.4305     -27.5101     -30.4427     -20.2867     -18.7714
                -26.1991     -26.3118     -26.9786     -23.4961     -28.2358
   5     60     -32.0736     -22.5105     -26.9023     -25.5468     -30.5402
                -28.8766     -24.3671     -27.6566     -21.1697     -18.6759
                -20.7789     -35.0215     -27.8917     -26.0992     -30.4856
                -35.5462     -34.8148     -35.3553     -37.6232     -25.9508
                -35.9337     -40.4227     -25.6580     -32.8832     -34.1991
                -25.0281     -31.2617     -38.7440     -27.3527     -26.8290
                -26.7432     -18.6890     -29.1110     -22.2186     -26.2344
                -34.9134     -18.9967     -30.7074     -22.0397     -33.9811
                -23.4729     -27.5529     -30.4864     -20.3288     -18.8139
                -26.2416     -26.3541     -27.0219     -23.5390     -28.2782
   5     80     -32.2567     -22.6926     -27.0862     -25.7304     -30.7237
                -29.0572     -24.5505     -27.8405     -21.3553     -18.8596
                -20.9628     -35.2070     -28.0757     -26.2824     -30.6670
                -35.7288     -34.9994     -35.5390     -37.8071     -26.1354
                -36.1197     -40.6062     -25.8415     -33.0686     -34.3838
                -25.2093     -31.4448     -38.9269     -27.5341     -27.0121
                -26.9275     -18.8717     -29.2954     -22.4034     -26.4203
                -35.0958     -19.1814     -30.8879     -22.2226     -34.1662
                -23.6548     -27.7361     -30.6734     -20.5101     -18.9966
                -26.4236     -26.5354     -27.2067     -23.7224     -28.4603
   5    100     -32.6532     -23.0891     -27.4848     -26.1281     -31.1197
                -29.4533     -24.9488     -28.2382     -21.7562     -19.2569
                -21.3604     -35.6071     -28.4738     -26.6799     -31.0627
                -36.1251     -35.3964     -35.9357     -38.2028     -26.5340
                -36.5190     -41.0025     -26.2391     -33.4682     -34.7824
                -25.6033     -31.8406     -39.3219     -27.9279     -27.4084
                -27.3258     -19.2677     -29.6942     -22.8031     -26.8195
                -35.4903     -19.5813     -31.2823     -22.6193     -34.5652
                -24.0503     -28.1331     -31.0747     -20.9053     -19.3932
                -26.8203     -26.9296     -27.6058     -24.1197     -28.8565
 
 group  inft   Estimated free energy: 2-th solvent contribution (kcal/mol)
   1      0     -74.0389     -84.7192     -82.3199     -82.2950     -77.0802
                -79.4173     -84.6430     -80.6395     -88.4227     -89.5897
                -88.1140     -72.9580     -80.6977     -81.5801     -76.6582
                -71.6550     -74.2681     -72.0021     -70.1832     -83.3870
                -71.2756     -64.9971     -82.8118     -76.2359     -73.7513
                -83.3274     -76.7309     -68.9393     -80.5883     -79.8085
                -82.0388     -90.4945     -79.3603     -87.2637     -82.1940
                -73.0251     -90.2638     -76.5818     -86.5288     -72.6048
                -85.1878     -80.8593     -78.5568     -87.7548     -89.8962
                -82.0074     -81.4915     -82.0611     -84.3091     -80.4515
   1     60     -74.9186     -85.5938     -83.1970     -83.1723     -77.9550
                -80.3017     -85.5215     -81.5216     -89.2982     -90.4614
                -88.9887     -73.8388     -81.5746     -82.4532     -77.5399
                -72.5407     -75.1516     -72.8932     -71.0640     -84.2623
                -72.1645     -65.8893     -83.6917     -77.1216     -74.6321
                -84.2049     -77.6136     -69.8251     -81.4677     -80.6892
                -82.9183     -91.3663     -80.2438     -88.1407     -83.0674
                -73.9058     -91.1369     -77.4643     -87.4034     -73.4953
                -86.0638     -81.7358     -79.4398     -88.6322     -90.7687
                -82.8835     -82.3690     -82.9380     -85.1865     -81.3299
   1     80     -78.4800     -89.1413     -86.7600     -86.7220     -81.4908
                -83.8876     -89.0750     -85.0764     -92.8458     -94.0068
                -92.5408     -77.3973     -85.1276     -86.0001     -81.1023
                -76.1058     -78.7158     -76.4741     -74.6173     -87.8172
                -75.7357     -69.4733     -87.2519     -80.6941     -78.1919
                -87.7556     -81.1715     -73.3987     -85.0207     -84.2491
                -86.4662     -94.9017     -83.8125     -91.6967     -86.6167
                -77.4758     -94.6856     -81.0257     -90.9484     -77.0726
                -89.6132     -85.2843     -83.0116     -92.1897     -94.3159
                -86.4336     -85.9098     -86.4860     -88.7351     -84.8925
   1    100     -87.0081     -97.6883     -95.3422     -95.2702     -89.9999
                -92.5046     -97.6534     -93.6283    -101.4144    -102.5556
               -101.1123     -85.9691     -93.7027     -94.5478     -89.6562
                -84.6725     -87.2841     -85.0585     -83.1803     -96.3870
                -84.3059     -78.0588     -95.8368     -89.2911     -86.7647
                -96.3074     -89.7282     -81.9752     -93.5667     -92.8067
                -95.0188    -103.4432     -92.3960    -100.2597     -95.1725
                -86.0514    -103.2661     -89.6014     -99.5005     -85.6560
                -98.1770     -93.8400     -91.5957    -100.7586    -102.8682
                -94.9945     -94.4565     -95.0506     -97.2811     -93.4723
   2      0     -74.1154     -84.7658     -82.3711     -82.3448     -77.1294
                -79.4388     -84.6436     -80.6400     -88.4657     -89.6394
                -88.1593     -73.0025     -80.7267     -81.5932     -76.7175
                -71.7500     -74.3117     -72.0216     -70.2132     -83.4437
                -71.2656     -65.0371     -82.8577     -76.2842     -73.7606
                -83.3542     -76.7688     -68.9506     -80.6409     -79.8264
                -82.0928     -90.5546     -79.4114     -87.3043     -82.2171
                -73.0935     -90.2993     -76.6424     -86.5665     -72.5904
                -85.2198     -80.8751     -78.5861     -87.7714     -89.9236
                -82.0633     -81.5345     -82.1419     -84.3487     -80.4770
   3      0     -74.0708     -84.8503     -82.3077     -82.3301     -77.1339
                -79.4515     -84.6577     -80.7155     -88.4795     -89.6470
                -88.1783     -73.0368     -80.7226     -81.6130     -76.7464
                -71.7663     -74.3114     -72.0808     -70.2075     -83.4502
                -71.2880     -65.0313     -82.8090     -76.2513     -73.7531
                -83.3344     -76.7987     -68.9427     -80.6536     -79.8771
                -82.1111     -90.6095     -79.3941     -87.3178     -82.2185
                -73.1016     -90.2962     -76.6659     -86.5747     -72.5865
                -85.2814     -80.8903     -78.5576     -87.8132     -89.9301
                -82.0676     -81.5425     -82.1373     -84.4281     -80.5027
   4      0     -74.1123     -84.7986     -82.3586     -82.2994     -77.1546
                -79.4196     -84.6713     -80.6772     -88.4644     -89.6074
                -88.1478     -72.9821     -80.7541     -81.6206     -76.7328
                -71.7426     -74.2813     -72.0055     -70.1888     -83.4725
                -71.3004     -65.0217     -82.8181     -76.2917     -73.7512
                -83.3548     -76.7738     -68.9542     -80.6062     -79.8758
                -82.1115     -90.5467     -79.4348     -87.3057     -82.2394
                -73.0490     -90.2990     -76.6501     -86.5622     -72.5828
                -85.2027     -80.8907     -78.5607     -87.7590     -89.9114
                -82.0541     -81.5069     -82.1208     -84.3414     -80.4514
   5      0     -74.1387     -84.8834     -82.3858     -82.3732     -77.2574
                -79.5149     -84.7486     -80.7705     -88.5372     -89.6936
                -88.2508     -73.1369     -80.7919     -81.7125     -76.8226
                -71.7755     -74.3780     -72.1381     -70.2669     -83.5230
                -71.3569     -65.0952     -82.8524     -76.3202     -73.8429
                -83.3927     -76.8466     -69.0696     -80.7469     -79.8864
                -82.1927     -90.6321     -79.4514     -87.4120     -82.2923
                -73.1892     -90.3323     -76.7132     -86.6855     -72.6511
                -85.3111     -80.9760     -78.5870     -87.7996     -89.9871
                -82.0798     -81.5764     -82.2047     -84.4598     -80.5607
   5     60     -75.2408     -85.9764     -83.4781     -83.4660     -78.3485
                -80.6177     -85.8408     -81.8658     -89.6257     -90.7797
                -89.3397     -74.2344     -81.8843     -82.8038     -77.9222
                -72.8821     -75.4754     -73.2467     -71.3634     -84.6142
                -72.4595     -66.2052     -83.9485     -77.4227     -74.9396
                -84.4835     -77.9442     -70.1738     -81.8400     -80.9821
                -83.2901     -91.7171     -80.5488     -88.5035     -83.3845
                -74.2895     -91.4202     -77.8148     -87.7738     -73.7568
                -86.4003     -82.0662     -79.6839     -88.8913     -91.0727
                -83.1728     -82.6685     -83.2987     -85.5532     -81.6553
   5     80     -79.3930     -90.1149     -87.6342     -87.6069     -82.4764
                -84.7995     -89.9918     -86.0131     -93.7658     -94.9164
                -93.4865     -78.3884     -86.0311     -86.9449     -82.0745
                -77.0386     -79.6325     -77.4193     -75.5097     -88.7595
                -76.6261     -70.3848     -88.1058     -81.5929     -79.0923
                -88.6246     -82.0922     -74.3397     -85.9854     -85.1339
                -87.4258     -95.8463     -84.7114     -92.6512     -87.5273
                -78.4486     -95.5656     -81.9666     -91.9102     -77.9244
                -90.5444     -86.2062     -83.8482     -93.0445     -95.2080
                -87.3157     -86.8059     -87.4446     -89.6967     -85.8075
   5    100     -87.1541     -97.8933     -95.4376     -95.3903     -90.2169
                -92.6358     -97.7965     -93.8045    -101.5574    -102.6964
               -101.2896     -86.1910     -93.8293     -94.7225     -89.8604
                -84.8371     -87.4255     -85.2283     -83.2968     -96.5595
                -84.4283     -78.2020     -95.9162     -89.4144     -86.8937
                -96.4019     -89.8799     -82.1457     -93.7627     -92.9281
                -95.2066    -103.6177     -92.5211    -100.4416     -95.3096
                -86.2484    -103.3695     -89.7645     -99.6904     -85.7329
                -98.3374     -93.9935     -91.6573    -100.8421    -102.9908
                -95.1059     -94.5788     -95.2380     -97.4783     -93.6133
 
 
 cumulative average & 95% error for solvation free energy
              total             1st component         2nd component
  1  -106.0959              -32.0131              -74.0708
  2  -106.7073     1.2229   -27.2348     9.5566   -79.4605    10.7795
  3  -107.5285     1.7878   -27.1070     5.5234   -80.4096     6.5066
  4  -107.6031     1.2729   -26.7015     3.9890   -80.8897     4.7000
  5  -107.6086     0.9861   -27.4582     3.4405   -80.1385     3.9384
  6  -107.7226     0.8368   -27.6867     2.8461   -80.0240     3.2238
  7  -107.9044     0.7952   -27.2065     2.5900   -80.6860     3.0292
  8  -107.9568     0.6966   -27.2552     2.2451   -80.6897     2.6234
  9  -108.1403     0.7156   -26.5732     2.4044   -81.5552     2.8895
 10  -108.1554     0.6408   -25.7791     2.6734   -82.3644     3.0494
 11  -108.2252     0.5962   -25.3204     2.5864   -82.8929     2.9539
 12  -108.2081     0.5454   -26.1245     2.8568   -82.0716     3.1575
 13  -108.2369     0.5050   -26.2571     2.6412   -81.9678     2.9119
 14  -108.1964     0.4744   -26.2420     2.4455   -81.9425     2.6963
 15  -108.1285     0.4621   -26.5205     2.3437   -81.5961     2.6040
 16  -108.0747     0.4455   -27.0811     2.4624   -80.9817     2.7282
 17  -108.1348     0.4354   -27.5335     2.4838   -80.5893     2.6801
 18  -108.0941     0.4184   -27.9655     2.4960   -80.1166     2.6979
 19  -108.0790     0.3970   -28.4720     2.5691   -79.5951     2.7569
 20  -108.1432     0.3979   -28.3434     2.4508   -79.7879     2.6437
 21  -108.0986     0.3888   -28.7035     2.4399   -79.3831     2.6417
 22  -107.9768     0.4435   -29.2342     2.5570   -78.7308     2.8367
 23  -107.9966     0.4256   -29.0766     2.4635   -78.9081     2.7336
 24  -108.0422     0.4176   -29.2329     2.3793   -78.7974     2.6266
 25  -108.0372     0.4007   -29.4297     2.3158   -78.5956     2.5515
 26  -108.0480     0.3856   -29.2582     2.2512   -78.7779     2.4783
 27  -108.0471     0.3710   -29.3306     2.1711   -78.7046     2.3893
 28  -108.0328     0.3587   -29.6650     2.1964   -78.3559     2.4056
 29  -108.0304     0.3461   -29.5833     2.1256   -78.4352     2.3266
 30  -107.9845     0.3467   -29.4893     2.0621   -78.4832     2.2498
 31  -108.0113     0.3396   -29.3991     2.0026   -78.6002     2.1885
 32  -108.0499     0.3378   -29.0624     2.0526   -78.9755     2.2480
 33  -108.0624     0.3283   -29.0623     1.9894   -78.9882     2.1790
 34  -108.1048     0.3296   -28.8597     1.9721   -79.2332     2.1700
 35  -108.1138     0.3206   -28.7834     1.9210   -79.3185     2.1140
 36  -108.1097     0.3117   -28.9519     1.8971   -79.1458     2.0832
 37  -108.1408     0.3094   -28.6817     1.9226   -79.4472     2.1139
 38  -108.1191     0.3043   -28.7332     1.8742   -79.3740     2.0627
 39  -108.1312     0.2973   -28.5607     1.8578   -79.5586     2.0428
 40  -108.0905     0.3010   -28.6943     1.8304   -79.3843     2.0213
 41  -108.1054     0.2951   -28.5653     1.8038   -79.5281     1.9923
 42  -108.1121     0.2883   -28.5396     1.7610   -79.5606     1.9454
 43  -108.1330     0.2846   -28.5838     1.7219   -79.5372     1.9002
 44  -108.1323     0.2780   -28.3951     1.7241   -79.7253     1.8942
 45  -108.1447     0.2729   -28.1807     1.7390   -79.9521     1.9064
 46  -108.1474     0.2670   -28.1373     1.7030   -79.9981     1.8667
 47  -108.1416     0.2615   -28.0987     1.6682   -80.0310     1.8278
 48  -108.1621     0.2592   -28.0753     1.6337   -80.0748     1.7914
 49  -108.1572     0.2541   -27.9816     1.6110   -80.1637     1.7635
 50  -108.1688     0.2500   -27.9864     1.5785   -80.1705     1.7279
 
 Mesh error is    0.073 kcal/mol
