 ERmod 0.3.8, Copyright (C) 2000-2019 Nobuyuki Matubayasi
                            2010-2019 Shun Sakuraba
 ERmod comes with ABSOLUTELY NO WARRANTY.
 This is free software, and you can redistribute it
 and/or modify it under certain conditions.
 See LICENSE file for details.
 
  Number of the   1-th solvent  =          378
  Number of the   2-th solvent  =        10000
 
  Be sure that the solvent distribution is homogeneous (radial distribution function is essentially unity) when the solvent molecule is separated beyond distance of   10.0 Angstrom in any direction from any atom within the solute molecule
 
  LJ long-range correction    =        -1.1319     -7.1533
 
  Self-energy of the solute   =        -0.0017  kcal/mol
 
 
 cumulative average & 95% error for solvation energy
              total             1st component         2nd component
  1  -459.6203              -69.6103             -390.0084
  2  -460.3364     1.4322   -65.1873     8.8459  -395.1475    10.2782
  3  -460.5625     0.9425   -60.9413     9.9094  -399.6195    10.7336
  4  -460.1583     1.0478   -64.6829    10.2517  -395.4736    11.2410
  5  -460.0463     0.8420   -65.8422     8.2725  -394.2024     9.0708
  6  -460.4433     1.0503   -66.5493     6.9009  -393.8924     7.4322
  7  -460.6619     0.9895   -66.6049     5.8334  -394.0554     6.2898
  8  -460.7204     0.8649   -66.9828     5.1081  -393.7359     5.4845
  9  -460.3876     1.0122   -66.3192     4.6964  -394.0668     4.8819
 10  -459.9587     1.2473   -66.0461     4.2359  -393.9109     4.3776
 11  -459.7466     1.2053   -66.7856     4.1071  -392.9593     4.3934
 12  -459.5128     1.1955   -67.7195     4.1887  -391.7917     4.6409
 13  -459.5290     1.1002   -67.6619     3.8547  -391.8654     4.2716
 14  -459.2940     1.1218   -67.5872     3.5719  -391.7052     3.9677
 15  -459.2855     1.0445   -67.8499     3.3666  -391.4339     3.7333
 16  -459.3275     0.9807   -68.1371     3.2011  -391.1888     3.5265
 17  -459.2872     0.9247   -68.0735     3.0096  -391.2120     3.3129
 18  -459.3421     0.8787   -68.7591     3.1514  -390.5813     3.3685
 19  -459.3645     0.8324   -68.8771     2.9902  -390.4858     3.1920
 20  -459.3227     0.7941   -67.9594     3.3787  -391.3616     3.4983
 21  -459.3467     0.7568   -68.2290     3.2587  -391.1160     3.3636
 22  -459.4283     0.7398   -69.1121     3.5740  -390.3145     3.5854
 23  -459.4059     0.7083   -69.3378     3.4447  -390.0665     3.4617
 24  -459.4433     0.6823   -68.9236     3.4005  -390.5180     3.4351
 25  -459.5115     0.6685   -69.1774     3.3009  -390.3324     3.3157
 26  -459.6219     0.6792   -69.2575     3.1755  -390.3627     3.1862
 27  -459.5403     0.6736   -68.3185     3.5866  -391.2201     3.5129
 28  -459.5002     0.6540   -67.4172     3.8979  -392.0814     3.7981
 29  -459.4967     0.6311   -67.1081     3.8116  -392.3869     3.7154
 30  -459.4381     0.6209   -67.1054     3.6824  -392.3311     3.5912
 31  -459.4488     0.6009   -67.2201     3.5690  -392.2271     3.4796
 32  -459.2855     0.6673   -67.9559     3.7560  -391.3279     3.8191
 33  -459.2872     0.6468   -67.2268     3.9216  -392.0587     3.9797
 34  -459.2574     0.6303   -66.7753     3.9102  -392.4805     3.9519
 35  -459.2473     0.6123   -66.0468     4.0668  -393.1988     4.0975
 36  -459.2343     0.5956   -65.1180     4.3670  -394.1146     4.3831
 37  -459.2601     0.5816   -64.3989     4.4843  -394.8595     4.5158
 38  -459.1779     0.5895   -64.0424     4.4225  -395.1339     4.4295
 39  -459.1106     0.5897   -63.3515     4.5238  -395.7574     4.4911
 40  -459.1348     0.5768   -62.7826     4.5537  -396.3506     4.5353
 41  -459.0904     0.5695   -62.9506     4.4540  -396.1381     4.4436
 42  -459.0186     0.5741   -63.4585     4.4637  -395.5585     4.4888
 43  -458.9594     0.5729   -63.4266     4.3591  -395.5311     4.3835
 44  -458.8729     0.5858   -63.3687     4.2605  -395.5026     4.2831
 45  -458.8082     0.5871   -63.4901     4.1718  -395.3165     4.2034
 46  -458.8056     0.5743   -63.5034     4.0802  -395.3005     4.1111
 47  -458.7869     0.5631   -63.5065     3.9924  -395.2787     4.0229
 48  -458.8014     0.5521   -63.6076     3.9136  -395.1921     3.9420
 49  -458.8040     0.5407   -63.4801     3.8413  -395.3223     3.8695
 50  -458.7984     0.5299   -63.3302     3.7756  -395.4665     3.8023
 
 
 group  inft  solvation free energy     error          difference
  total solvation free energy
   1      0        -91.11685           0.26974           0.06738
   1     60        -91.90287           0.26951          -0.71863
   1     80        -95.14985           0.26867          -3.96561
   1    100       -103.38571           0.27008         -12.20147
   2      0        -91.16720           0.26904           0.01703
   3      0        -91.18424           0.27043           0.00000
   4      0        -91.14731           0.27152           0.03692
   5      0        -91.24226           0.26978          -0.05803
   5     60        -92.22667           0.26922          -1.04244
   5     80        -96.03746           0.26841          -4.85322
   5    100       -103.55660           0.26910         -12.37236
 
  contribution from  1-th solvent component
   1      0        -22.19924           1.50774           0.00881
   1     60        -22.22707           1.50776          -0.01902
   1     80        -22.35462           1.50788          -0.14658
   1    100        -22.73040           1.50792          -0.52236
   2      0        -22.20165           1.50692           0.00639
   3      0        -22.20804           1.50640           0.00000
   4      0        -22.20517           1.50539           0.00287
   5      0        -22.21304           1.50599          -0.00499
   5     60        -22.24842           1.50604          -0.04038
   5     80        -22.40265           1.50618          -0.19461
   5    100        -22.74998           1.50624          -0.54193
 
  contribution from  2-th solvent component
   1      0        -68.91595           1.62223           0.05858
   1     60        -69.67413           1.62169          -0.69961
   1     80        -72.79356           1.61975          -3.81903
   1    100        -80.65364           1.61941         -11.67911
   2      0        -68.96389           1.62052           0.01064
   3      0        -68.97453           1.62323           0.00000
   4      0        -68.94048           1.62241           0.03405
   5      0        -69.02756           1.62017          -0.05304
   5     60        -69.97658           1.61899          -1.00205
   5     80        -73.63314           1.61698          -4.65861
   5    100        -80.80495           1.61592         -11.83043
 
 
 group  inft   Estimated free energy: total (kcal/mol)
   1      0     -91.2189     -92.0908     -92.7800     -90.7590     -91.8590
                -92.6692     -92.6096     -91.9717     -90.4500     -89.5298
                -90.5815     -89.7397     -91.8040     -89.7075     -91.3899
                -91.0730     -91.2458     -90.9443     -91.4514     -91.2259
                -91.1036     -91.0787     -90.9277     -92.1425     -91.9684
                -92.6700     -91.1213     -91.3586     -90.9224     -90.5861
                -90.7389     -87.7744     -91.6719     -91.1955     -91.3482
                -91.8092     -92.1726     -90.3209     -90.9452     -92.4025
                -90.3084     -89.3364     -90.7265     -89.7937     -90.2850
                -91.0986     -90.8108     -91.2359     -91.4188     -91.4693
   1     60     -92.0028     -92.8740     -93.5659     -91.5488     -92.6490
                -93.4608     -93.3933     -92.7571     -91.2289     -90.3100
                -91.3636     -90.5291     -92.5829     -90.4896     -92.1744
                -91.8556     -92.0343     -91.7353     -92.2391     -92.0086
                -91.8904     -91.8658     -91.7142     -92.9287     -92.7572
                -93.4608     -91.9022     -92.1425     -91.7066     -91.3716
                -91.5267     -88.5646     -92.4555     -91.9823     -92.1334
                -92.5898     -92.9571     -91.1089     -91.7285     -93.1842
                -91.1002     -90.1333     -91.5118     -90.5859     -91.0710
                -91.8861     -91.5994     -92.0243     -92.2042     -92.2525
   1     80     -95.2518     -96.1192     -96.8101     -94.8000     -95.8882
                -96.7146     -96.6484     -96.0080     -94.4823     -93.5556
                -94.6120     -93.7912     -95.8169     -93.7519     -95.4245
                -95.1139     -95.2800     -95.0036     -95.4843     -95.2485
                -95.1390     -95.1241     -94.9632     -96.1699     -96.0121
                -96.7230     -95.1248     -95.3789     -94.9608     -94.6280
                -94.7876     -91.8271     -95.6912     -95.2224     -95.3775
                -95.8237     -96.1983     -94.3461     -94.9587     -96.4166
                -94.3515     -93.3923     -94.7471     -93.8406     -94.3043
                -95.1265     -94.8435     -95.2730     -95.4450     -95.4905
   1    100    -103.4786    -104.3361    -105.0698    -103.0447    -104.1372
               -104.9870    -104.8990    -104.2438    -102.6459    -101.7539
               -102.8297    -102.0343    -104.0196    -101.9752    -103.6652
               -103.3358    -103.5231    -103.2605    -103.7428    -103.4839
               -103.3612    -103.3531    -103.1924    -104.4016    -104.2401
               -105.0011    -103.3460    -103.5979    -103.1869    -102.8815
               -103.0263    -100.0515    -103.9330    -103.4566    -103.6206
               -104.0661    -104.4519    -102.5765    -103.1945    -104.6487
               -102.6062    -101.6590    -102.9621    -102.1035    -102.5400
               -103.3691    -103.0904    -103.5131    -103.6596    -103.7290
   2      0     -91.2784     -92.1362     -92.8249     -90.8054     -91.9186
                -92.7192     -92.5974     -92.0672     -90.4862     -89.6582
                -90.6453     -89.7258     -91.8909     -89.7195     -91.4334
                -91.0905     -91.2822     -91.0159     -91.5031     -91.2777
                -91.1660     -91.1825     -90.9608     -92.1577     -91.9537
                -92.7227     -91.1411     -91.4756     -90.9901     -90.7458
                -90.7623     -87.8235     -91.7022     -91.2064     -91.4365
                -91.8150     -92.2092     -90.3495     -90.9733     -92.4395
                -90.3204     -89.3711     -90.7740     -89.8280     -90.4219
                -91.1697     -90.8345     -91.3193     -91.5024     -91.5293
   3      0     -91.2191     -92.1762     -92.8532     -90.8187     -91.9403
                -92.7406     -92.5920     -92.0304     -90.4212     -89.6282
                -90.6422     -89.7519     -91.8607     -89.7433     -91.4030
                -91.0733     -91.2814     -91.0249     -91.5496     -91.2962
                -91.1278     -91.1868     -91.0240     -92.1611     -92.0063
                -92.7636     -91.2247     -91.4728     -90.9742     -90.6975
                -90.7773     -87.8242     -91.7514     -91.2523     -91.4680
                -91.9021     -92.2537     -90.4005     -91.0012     -92.4996
                -90.3568     -89.3986     -90.8431     -89.8543     -90.4505
                -91.2447     -90.8632     -91.3471     -91.5285     -91.5098
   4      0     -91.1581     -92.1197     -92.8357     -90.7952     -91.9056
                -92.7454     -92.5782     -92.0468     -90.4302     -89.6069
                -90.5772     -89.6623     -91.8397     -89.7233     -91.3751
                -90.9677     -91.2981     -90.9794     -91.5676     -91.2845
                -91.0882     -91.1417     -90.9394     -92.1605     -91.9135
                -92.7375     -91.1606     -91.4605     -90.9562     -90.6896
                -90.7295     -87.8119     -91.7185     -91.1820     -91.4465
                -91.8120     -92.1952     -90.3465     -90.9390     -92.4816
                -90.2723     -89.3547     -90.7675     -89.8251     -90.4530
                -91.1538     -90.8366     -91.2547     -91.5068     -91.5339
   5      0     -91.2965     -92.2370     -92.9520     -90.9215     -92.0148
                -92.7774     -92.6713     -92.0914     -90.5138     -89.7226
                -90.7360     -89.7680     -91.9745     -89.8407     -91.4721
                -91.1449     -91.3089     -91.1079     -91.6552     -91.3541
                -91.2635     -91.2310     -91.0539     -92.1993     -92.0286
                -92.8177     -91.2763     -91.4850     -91.0176     -90.7726
                -90.8581     -87.9048     -91.8113     -91.3061     -91.5250
                -91.9198     -92.2972     -90.4457     -91.0046     -92.5363
                -90.3199     -89.4804     -90.8687     -89.8911     -90.4893
                -91.2937     -90.9623     -91.3761     -91.5094     -91.6073
   5     60     -92.2860     -93.2226     -93.9322     -91.9076     -92.9974
                -93.7629     -93.6548     -93.0792     -91.5016     -90.7082
                -91.7201     -90.7595     -92.9577     -90.8256     -92.4600
                -92.1453     -92.2908     -92.0998     -92.6420     -92.3315
                -92.2520     -92.2207     -92.0403     -93.1798     -93.0172
                -93.8040     -92.2508     -92.4633     -92.0058     -91.7663
                -91.8508     -88.8969     -92.7885     -92.2865     -92.5036
                -92.8956     -93.2757     -91.4260     -91.9796     -93.5117
                -91.3052     -90.4723     -91.8484     -90.8782     -91.4675
                -92.2745     -91.9457     -92.3640     -92.4897     -92.5881
   5     80     -96.1015     -97.0308     -97.7402     -95.7248     -96.8002
                -97.5818     -97.4666     -96.8989     -95.3092     -94.5150
                -95.5303     -94.5863     -96.7562     -94.6436     -96.2769
                -95.9737     -96.0950     -95.9339     -96.4575     -96.1339
                -96.0733     -96.0398     -95.8458     -96.9817     -96.8329
                -97.6291     -96.0365     -96.2663     -95.8263     -95.5973
                -95.6783     -92.7208     -96.5894     -96.0895     -96.3104
                -96.6911     -97.0817     -95.2256     -95.7722     -97.3071
                -95.1190     -94.2989     -95.6452     -94.6989     -95.2644
                -96.0799     -95.7535     -96.1817     -96.2893     -96.3901
   5    100    -103.6226    -104.5485    -105.2754    -103.2565    -104.3251
               -105.1236    -104.9895    -104.4083    -102.7914    -102.0116
               -103.0402    -102.1208    -104.2577    -102.1668    -103.8026
               -103.4948    -103.6133    -103.4832    -104.0012    -103.6467
               -103.5847    -103.5582    -103.3613    -104.4917    -104.3485
               -105.1789    -103.5360    -103.7775    -103.3501    -103.1418
               -103.2105    -100.2296    -104.1072    -103.6002    -103.8311
               -104.2024    -104.6081    -102.7301    -103.2825    -104.8201
               -102.6477    -101.8318    -103.1430    -102.2310    -102.7805
               -103.6059    -103.2701    -103.6940    -103.7892    -103.9060
 
 group  inft   Estimated free energy: 1-th solvent contribution (kcal/mol)
   1      0     -24.6284     -21.1401     -18.2694     -27.9010     -25.6889
                -25.3597     -23.8480     -24.4115     -20.9719     -21.7993
                -26.4196     -27.3264     -23.5580     -23.5366     -25.2688
                -25.5269     -24.0656     -28.8642     -25.6650     -17.0779
                -26.1135     -31.8469     -26.8849     -20.8383     -26.7901
                -25.7969     -14.8489     -13.8139     -19.5139     -23.4926
                -24.6650     -32.4179     -14.6178     -17.6223     -13.2081
                 -9.7724     -12.1592     -16.8493     -11.5833     -13.1390
                -25.1220     -30.5693     -21.9770     -21.1365     -24.9551
                -23.0838     -22.4384     -23.9532     -19.8959     -19.5297
   1     60     -24.6560     -21.1671     -18.2972     -27.9294     -25.7172
                -25.3879     -23.8766     -24.4391     -20.9992     -21.8262
                -26.4477     -27.3541     -23.5858     -23.5640     -25.2970
                -25.5540     -24.0938     -28.8925     -25.6922     -17.1058
                -26.1418     -31.8746     -26.9130     -20.8668     -26.8183
                -25.8252     -14.8762     -13.8417     -19.5414     -23.5202
                -24.6923     -32.4454     -14.6460     -17.6503     -13.2358
                 -9.8001     -12.1869     -16.8772     -11.6101     -13.1666
                -25.1504     -30.5971     -22.0050     -21.1647     -24.9832
                -23.1118     -22.4658     -23.9807     -19.9241     -19.5579
   1     80     -24.7831     -21.2916     -18.4248     -28.0588     -25.8464
                -25.5172     -24.0079     -24.5654     -21.1259     -21.9505
                -26.5768     -27.4816     -23.7142     -23.6903     -25.4263
                -25.6795     -24.2226     -29.0217     -25.8172     -17.2338
                -26.2714     -32.0016     -27.0416     -20.9966     -26.9471
                -25.9546     -15.0015     -13.9690     -19.6679     -23.6469
                -24.8183     -32.5716     -14.7748     -17.7783     -13.3628
                 -9.9274     -12.3139     -17.0044     -11.7329     -13.2934
                -25.2795     -30.7240     -22.1329     -21.2933     -25.1111
                -23.2399     -22.5916     -24.1070     -20.0533     -19.6870
   1    100     -25.1569     -21.6641     -18.8022     -28.4373     -26.2256
                -25.8967     -24.3896     -24.9386     -21.4985     -22.3212
                -26.9543     -27.8566     -24.0917     -24.0646     -25.8043
                -26.0502     -24.6003     -29.3986     -26.1903     -17.6118
                -26.6501     -32.3759     -27.4182     -21.3759     -27.3244
                -26.3347     -15.3749     -14.3454     -20.0421     -24.0218
                -25.1912     -32.9437     -15.1538     -18.1547     -13.7382
                -10.3048     -12.6902     -17.3792     -12.0999     -13.6687
                -25.6575     -31.0981     -22.5083     -21.6706     -25.4863
                -23.6162     -22.9650     -24.4807     -20.4306     -20.0655
   2      0     -24.6226     -21.1481     -18.2812     -27.9046     -25.6946
                -25.3531     -23.8369     -24.4295     -20.9531     -21.8090
                -26.4080     -27.3122     -23.5535     -23.5407     -25.2650
                -25.5049     -24.0663     -28.8503     -25.6745     -17.0795
                -26.0858     -31.8540     -26.8902     -20.8488     -26.7791
                -25.8051     -14.8524     -13.8223     -19.5293     -23.5001
                -24.6664     -32.4277     -14.6252     -17.6260     -13.2241
                 -9.7783     -12.1674     -16.8563     -11.5957     -13.1495
                -25.1163     -30.5859     -21.9786     -21.1268     -24.9725
                -23.0955     -22.4492     -23.9681     -19.8898     -19.5281
   3      0     -24.6259     -21.1727     -18.2952     -27.9069     -25.7057
                -25.3631     -23.8333     -24.4280     -20.9556     -21.8223
                -26.4084     -27.3020     -23.5574     -23.5479     -25.2584
                -25.4984     -24.0740     -28.8530     -25.6915     -17.0862
                -26.0679     -31.8666     -26.8994     -20.8543     -26.7773
                -25.8273     -14.8656     -13.8286     -19.5329     -23.4896
                -24.6722     -32.4255     -14.6480     -17.6343     -13.2305
                 -9.7814     -12.1754     -16.8626     -11.6065     -13.1499
                -25.1262     -30.5924     -21.9922     -21.1392     -24.9940
                -23.1111     -22.4670     -23.9661     -19.9020     -19.5304
   4      0     -24.6156     -21.1489     -18.2984     -27.9110     -25.6924
                -25.3706     -23.8203     -24.4382     -20.9474     -21.8007
                -26.3832     -27.2923     -23.5414     -23.5443     -25.2637
                -25.4929     -24.0806     -28.8583     -25.6822     -17.0853
                -26.0722     -31.8537     -26.8793     -20.8546     -26.7735
                -25.8148     -14.8677     -13.8403     -19.5298     -23.4900
                -24.6719     -32.4188     -14.6368     -17.6319     -13.2459
                 -9.7855     -12.1863     -16.8643     -11.6121     -13.1657
                -25.1228     -30.6018     -21.9847     -21.1426     -24.9896
                -23.1187     -22.4563     -23.9593     -19.8939     -19.5260
   5      0     -24.6337     -21.1682     -18.2994     -27.9154     -25.6892
                -25.3641     -23.8291     -24.4360     -20.9555     -21.8182
                -26.4069     -27.3039     -23.5633     -23.5625     -25.2793
                -25.5294     -24.0713     -28.8631     -25.6930     -17.0920
                -26.0908     -31.8660     -26.8927     -20.8477     -26.7747
                -25.8160     -14.8747     -13.8244     -19.5498     -23.4966
                -24.6825     -32.4309     -14.6499     -17.6483     -13.2433
                 -9.7797     -12.1989     -16.8784     -11.6211     -13.1647
                -25.1121     -30.6143     -21.9945     -21.1424     -24.9894
                -23.1102     -22.4768     -23.9724     -19.9015     -19.5336
   5     60     -24.6691     -21.2027     -18.3347     -27.9513     -25.7249
                -25.3998     -23.8655     -24.4712     -20.9908     -21.8528
                -26.4428     -27.3394     -23.5990     -23.5974     -25.3153
                -25.5645     -24.1069     -28.8991     -25.7277     -17.1275
                -26.1269     -31.9014     -26.9285     -20.8835     -26.8105
                -25.8518     -14.9093     -13.8597     -19.5849     -23.5321
                -24.7175     -32.4661     -14.6855     -17.6838     -13.2785
                 -9.8149     -12.2341     -16.9136     -11.6551     -13.1997
                -25.1479     -30.6495     -22.0299     -21.1781     -25.0248
                -23.1456     -22.5117     -24.0074     -19.9372     -19.5693
   5     80     -24.8235     -21.3535     -18.4887     -28.1073     -25.8805
                -25.5555     -24.0233     -24.6243     -21.1445     -22.0036
                -26.5985     -27.4937     -23.7544     -23.7499     -25.4714
                -25.7170     -24.2618     -29.0556     -25.8796     -17.2822
                -26.2839     -32.0553     -27.0836     -21.0394     -26.9664
                -26.0077     -15.0608     -14.0138     -19.7382     -23.6859
                -24.8704     -32.6192     -14.8407     -17.8383     -13.4323
                 -9.9686     -12.3882     -17.0670     -11.8043     -13.3527
                -25.3039     -30.8028     -22.1843     -21.3336     -25.1793
                -23.3001     -22.6643     -24.1605     -20.0929     -19.7251
   5    100     -25.1703     -21.6979     -18.8370     -28.4569     -26.2303
                -25.9055     -24.3748     -24.9703     -21.4901     -22.3470
                -26.9468     -27.8406     -24.1029     -24.0959     -25.8205
                -26.0614     -24.6098     -29.4049     -26.2252     -17.6311
                -26.6340     -32.4018     -27.4317     -21.3887     -27.3148
                -26.3582     -15.4057     -14.3622     -20.0849     -24.0334
                -25.2157     -32.9637     -15.1904     -18.1861     -13.7797
                -10.3165     -12.7366     -17.4128     -12.1444     -13.6994
                -25.6528     -31.1484     -22.5311     -21.6822     -25.5259
                -23.6476     -23.0095     -24.5058     -20.4411     -20.0745
 
 group  inft   Estimated free energy: 2-th solvent contribution (kcal/mol)
   1      0     -66.5888     -70.9491     -74.5090     -62.8563     -66.1685
                -67.3079     -68.7599     -67.5585     -69.4764     -67.7288
                -64.1603     -62.4116     -68.2443     -66.1692     -66.1194
                -65.5444     -67.1786     -62.0784     -65.7848     -74.1464
                -64.9884     -59.2301     -64.0411     -71.3025     -65.1766
                -66.8715     -76.2708     -77.5431     -71.4068     -67.0918
                -66.0722     -55.3548     -77.0524     -73.5716     -78.1384
                -82.0351     -80.0117     -73.4700     -79.3602     -79.2618
                -65.1847     -58.7655     -68.7479     -68.6556     -65.3282
                -68.0132     -68.3707     -67.2810     -71.5213     -71.9379
   1     60     -67.3452     -71.7053     -75.2671     -63.6177     -66.9301
                -68.0712     -69.5150     -68.3164     -70.2281     -68.4821
                -64.9143     -63.1733     -68.9954     -66.9239     -66.8757
                -66.3000     -67.9388     -62.8412     -66.5452     -74.9012
                -65.7469     -59.9896     -64.7995     -72.0603     -65.9373
                -67.6339     -77.0244     -78.2991     -72.1636     -67.8497
                -66.8327     -56.1175     -77.8078     -74.3304     -78.8959
                -82.7880     -80.7686     -74.2301     -80.1167     -80.0158
                -65.9482     -59.5345     -69.5052     -69.4195     -66.0862
                -68.7727     -69.1319     -68.0420     -72.2784     -72.6930
   1     80     -70.4671     -74.8259     -78.3836     -66.7396     -70.0402
                -71.1958     -72.6388     -71.4410     -73.3547     -71.6035
                -68.0336     -66.3079     -72.1010     -70.0599     -69.9966
                -69.4328     -71.0557     -65.9803     -69.6654     -78.0131
                -68.8659     -63.1208     -67.9199     -75.1716     -69.0633
                -70.7668     -80.1216     -81.4082     -75.2913     -70.9795
                -69.9676     -59.2538     -80.9148     -77.4424     -82.0131
                -85.8947     -83.8828     -77.3400     -83.2241     -83.1215
                -69.0703     -62.6666     -72.6126     -72.5456     -69.1915
                -71.8849     -72.2502     -71.1644     -75.3901     -75.8018
   1    100     -78.3200     -82.6703     -86.2659     -74.6058     -77.9099
                -79.0887     -80.5077     -79.3036     -81.1458     -79.4310
                -75.8737     -74.1760     -79.9263     -77.9090     -77.8592
                -77.2839     -78.9211     -73.8603     -77.5508     -85.8704
                -76.7094     -70.9755     -75.7725     -83.0241     -76.9140
                -78.6647     -87.9695     -89.2509     -83.1431     -78.8580
                -77.8334     -67.1061     -88.7775     -85.3002     -89.8808
                -93.7596     -91.7600     -85.1957     -91.0929     -90.9783
                -76.9471     -70.5592     -80.4521     -80.4312     -77.0520
                -79.7513     -80.1237     -79.0308     -83.2273     -83.6618
   2      0     -66.6541     -70.9864     -74.5420     -62.8992     -66.2223
                -67.3644     -68.7588     -67.6360     -69.5314     -67.8475
                -64.2356     -62.4119     -68.3358     -66.1771     -66.1667
                -65.5840     -67.2142     -62.1640     -65.8269     -74.1965
                -65.0786     -59.3269     -64.0690     -71.3073     -65.1729
                -66.9159     -76.2871     -77.6517     -71.4591     -67.2441
                -66.0942     -55.3941     -77.0753     -73.5787     -78.2107
                -82.0350     -80.0402     -73.4916     -79.3760     -79.2883
                -65.2025     -58.7835     -68.7937     -68.6995     -65.4477
                -68.0725     -68.3835     -67.3496     -71.6109     -71.9995
   3      0     -66.5915     -71.0019     -74.5563     -62.9102     -66.2329
                -67.3758     -68.7571     -67.6007     -69.4640     -67.8043
                -64.2321     -62.4482     -68.3016     -66.1937     -66.1429
                -65.5733     -67.2058     -62.1702     -65.8565     -74.2084
                -65.0582     -59.3185     -64.1229     -71.3051     -65.2273
                -66.9347     -76.3574     -77.6426     -71.4396     -67.2063
                -66.1034     -55.3970     -77.1018     -73.6164     -78.2358
                -82.1190     -80.0766     -73.5362     -79.3930     -79.3480
                -65.2290     -58.8045     -68.8493     -68.7134     -65.4549
                -68.1319     -68.3946     -67.3794     -71.6248     -71.9776
   4      0     -66.5408     -70.9691     -74.5357     -62.8824     -66.2116
                -67.3731     -68.7562     -67.6069     -69.4811     -67.8045
                -64.1923     -62.3684     -68.2967     -66.1773     -66.1097
                -65.4731     -67.2159     -62.1194     -65.8837     -74.1975
                -65.0143     -59.2863     -64.0584     -71.3042     -65.1384
                -66.9210     -76.2912     -77.6185     -71.4247     -67.1979
                -66.0559     -55.3914     -77.0801     -73.5484     -78.1989
                -82.0249     -80.0073     -73.4805     -79.3252     -79.3143
                -65.1478     -58.7513     -68.7811     -68.6808     -65.4618
                -68.0334     -68.3787     -67.2938     -71.6113     -72.0063
   5      0     -66.6611     -71.0672     -74.6509     -63.0044     -66.3239
                -67.4117     -68.8405     -67.6537     -69.5566     -67.9027
                -64.3274     -62.4624     -68.4095     -66.2766     -66.1911
                -65.6138     -67.2359     -62.2431     -65.9605     -74.2604
                -65.1710     -59.3633     -64.1595     -71.3500     -65.2522
                -67.0000     -76.4000     -77.6590     -71.4662     -67.2743
                -66.1739     -55.4723     -77.1598     -73.6561     -78.2800
                -82.1384     -80.0967     -73.5656     -79.3819     -79.3700
                -65.2061     -58.8644     -68.8725     -68.7471     -65.4983
                -68.1819     -68.4838     -67.4020     -71.6063     -72.0721
   5     60     -67.6152     -72.0182     -75.5958     -63.9547     -67.2708
                -68.3615     -69.7877     -68.6064     -70.5091     -68.8537
                -65.2756     -63.4184     -69.3570     -67.2265     -67.1431
                -66.5792     -68.1823     -63.1990     -66.9126     -75.2023
                -66.1234     -60.3177     -65.1102     -72.2946     -66.2050
                -67.9505     -77.3398     -78.6019     -72.4192     -68.2326
                -67.1316     -56.4291     -78.1014     -74.6011     -79.2235
                -83.0791     -81.0399     -74.5108     -80.3228     -80.3103
                -66.1556     -59.8211     -69.8168     -69.6984     -66.4410
                -69.1273     -69.4323     -68.3549     -72.5509     -73.0171
   5     80     -71.2764     -75.6757     -79.2499     -67.6159     -70.9181
                -72.0246     -73.4416     -72.2729     -74.1631     -72.5098
                -68.9302     -67.0910     -73.0001     -70.8921     -70.8038
                -70.2550     -71.8315     -66.8766     -70.5763     -78.8501
                -69.7876     -63.9829     -68.7606     -75.9407     -69.8649
                -71.6197     -80.9740     -82.2508     -76.0865     -71.9097
                -70.8061     -60.0999     -81.7470     -78.2495     -82.8764
                -86.7209     -84.6918     -78.1569     -83.9662     -83.9527
                -69.8134     -63.4944     -73.4592     -73.3637     -70.0835
                -72.7782     -73.0875     -72.0196     -76.1948     -76.6634
   5    100     -78.4506     -82.8490     -86.4368     -74.7979     -78.0931
                -79.2165     -80.6130     -79.4363     -81.2997     -79.6629
                -76.0918     -74.2785     -80.1532     -78.0692     -77.9804
                -77.4317     -79.0018     -74.0766     -77.7743     -86.0139
                -76.9490     -71.1548     -75.9280     -83.1013     -77.0320
                -78.8190     -88.1286     -89.4137     -83.2636     -79.1067
                -77.9932     -67.2642     -88.9152     -85.4124     -90.0498
                -93.8842     -91.8698     -85.3156     -91.1365     -91.1191
                -76.9932     -70.6818     -80.6103     -80.5471     -77.2529
                -79.9566     -80.2590     -79.1866     -83.3465     -83.8299
 
 
 cumulative average & 95% error for solvation free energy
              total             1st component         2nd component
  1   -91.2191              -24.6259              -66.5915
  2   -91.6977     0.9571   -22.8993     3.4532   -68.7967     4.4103
  3   -92.0829     0.9481   -21.3646     3.6600   -70.7166     4.6073
  4   -91.7668     0.9214   -23.0002     4.1711   -68.7650     5.0842
  5   -91.8015     0.7171   -23.5413     3.4074   -68.2585     4.0663
  6   -91.9580     0.6639   -23.8449     2.8476   -68.1114     3.3332
  7   -92.0486     0.5896   -23.8433     2.4067   -68.2037     2.8231
  8   -92.0463     0.5106   -23.9164     2.0894   -68.1283     2.4495
  9   -91.8657     0.5773   -23.5874     1.9566   -68.2767     2.1805
 10   -91.6420     0.6833   -23.4109     1.7853   -68.2294     1.9526
 11   -91.5511     0.6442   -23.6834     1.7043   -67.8661     1.9099
 12   -91.4012     0.6601   -23.9849     1.6686   -67.4146     1.9635
 13   -91.4365     0.6113   -23.9520     1.5363   -67.4828     1.8113
 14   -91.3156     0.6155   -23.9232     1.4235   -67.3907     1.6870
 15   -91.3214     0.5731   -24.0122     1.3372   -67.3075     1.5793
 16   -91.3059     0.5370   -24.1051     1.2645   -67.1991     1.4931
 17   -91.3045     0.5044   -24.1033     1.1878   -67.1995     1.4025
 18   -91.2889     0.4766   -24.3671     1.2380   -66.9201     1.4355
 19   -91.3026     0.4516   -24.4368     1.1793   -66.8641     1.3625
 20   -91.3023     0.4285   -24.0693     1.3387   -67.2314     1.4867
 21   -91.2940     0.4079   -24.1645     1.2875   -67.1279     1.4292
 22   -91.2891     0.3890   -24.5146     1.4132   -66.7729     1.5365
 23   -91.2776     0.3725   -24.6183     1.3662   -66.6577     1.4861
 24   -91.3144     0.3641   -24.4614     1.3451   -66.8513     1.4746
 25   -91.3421     0.3536   -24.5541     1.3034   -66.7864     1.4204
 26   -91.3968     0.3569   -24.6030     1.2561   -66.7921     1.3647
 27   -91.3904     0.3437   -24.2424     1.4076   -67.1463     1.4921
 28   -91.3933     0.3312   -23.8705     1.5469   -67.5212     1.6216
 29   -91.3789     0.3209   -23.7209     1.5223   -67.6563     1.5878
 30   -91.3562     0.3133   -23.7132     1.4708   -67.6413     1.5343
 31   -91.3375     0.3053   -23.7441     1.4239   -67.5917     1.4873
 32   -91.2277     0.3683   -24.0154     1.4816   -67.2106     1.6293
 33   -91.2436     0.3583   -23.7315     1.5442   -67.5104     1.6891
 34   -91.2438     0.3476   -23.5522     1.5404   -67.6900     1.6776
 35   -91.2502     0.3378   -23.2573     1.6078   -67.9913     1.7369
 36   -91.2683     0.3303   -22.8830     1.7326   -68.3837     1.8615
 37   -91.2950     0.3256   -22.5936     1.7818   -68.6997     1.9176
 38   -91.2714     0.3204   -22.4428     1.7603   -68.8270     1.8838
 39   -91.2645     0.3124   -22.1649     1.8024   -69.0979     1.9132
 40   -91.2954     0.3107   -21.9395     1.8136   -69.3542     1.9339
 41   -91.2725     0.3065   -22.0173     1.7757   -69.2536     1.8968
 42   -91.2279     0.3121   -22.2214     1.7803   -69.0048     1.9168
 43   -91.2189     0.3053   -22.2161     1.7385   -69.0012     1.8717
 44   -91.1879     0.3046   -22.1916     1.6992   -68.9946     1.8287
 45   -91.1715     0.2996   -22.2539     1.6657   -68.9160     1.7945
 46   -91.1731     0.2930   -22.2725     1.6295   -68.8989     1.7554
 47   -91.1665     0.2870   -22.2767     1.5945   -68.8882     1.7178
 48   -91.1703     0.2811   -22.3119     1.5625   -68.8567     1.6828
 49   -91.1776     0.2757   -22.2627     1.5334   -68.9132     1.6520
 50   -91.1842     0.2704   -22.2080     1.5064   -68.9745     1.6232
 
 Mesh error is    0.067 kcal/mol
