 ERmod 0.3.8, Copyright (C) 2000-2019 Nobuyuki Matubayasi
                            2010-2019 Shun Sakuraba
 ERmod comes with ABSOLUTELY NO WARRANTY.
 This is free software, and you can redistribute it
 and/or modify it under certain conditions.
 See LICENSE file for details.
 
  Number of the   1-th solvent  =          378
  Number of the   2-th solvent  =        10000
 
  Be sure that the solvent distribution is homogeneous (radial distribution function is essentially unity) when the solvent molecule is separated beyond distance of   10.0 Angstrom in any direction from any atom within the solute molecule
 
  LJ long-range correction    =        -1.1319     -7.1533
 
  Self-energy of the solute   =         0.0017  kcal/mol
 
 
 cumulative average & 95% error for solvation energy
              total             1st component         2nd component
  1  -480.4992              -73.8703             -406.6307
  2  -479.5769     1.8446   -66.4310    14.8785  -413.1476    13.0339
  3  -480.0195     1.3849   -68.8776     9.8860  -411.1437     8.5258
  4  -479.2178     1.8789   -75.1251    14.3176  -404.0944    15.3334
  5  -479.3071     1.4663   -76.4949    11.4237  -402.8139    12.1502
  6  -479.6676     1.3976   -75.6863     9.4666  -403.9831    10.1924
  7  -480.1840     1.5690   -75.5011     8.0093  -404.6846     8.7277
  8  -480.5118     1.5086   -74.7506     7.0968  -405.7629     7.8600
  9  -479.9558     1.7340   -76.6780     7.3506  -403.2796     8.5276
 10  -479.2407     2.1097   -79.0000     8.0494  -400.2424     9.7505
 11  -478.6009     2.2976   -82.9604    10.7587  -395.6423    12.7449
 12  -478.3796     2.1436   -86.6411    12.2739  -391.7402    14.0094
 13  -478.1102     2.0441   -88.4309    11.8442  -389.6810    13.5289
 14  -477.7117     2.0534   -89.3670    11.1243  -388.3464    12.8065
 15  -477.5302     1.9458   -90.7580    10.7233  -386.7738    12.3301
 16  -477.4723     1.8238   -91.7452    10.2232  -385.7288    11.7216
 17  -477.4932     1.7137   -92.6966     9.7897  -384.7983    11.1667
 18  -477.6923     1.6640   -93.6106     9.4092  -384.0834    10.6247
 19  -477.7654     1.5808   -93.8109     8.9092  -383.9562    10.0532
 20  -477.9833     1.5617   -93.3361     8.5052  -384.6490     9.6374
 21  -478.1278     1.5133   -93.4907     8.0960  -384.6388     9.1670
 22  -478.0646     1.4484   -92.8535     7.8237  -385.2128     8.8155
 23  -478.3166     1.4729   -92.6097     7.4917  -385.7086     8.4817
 24  -478.4490     1.4348   -92.5938     7.1728  -385.8569     8.1260
 25  -478.4715     1.3770   -92.1039     6.9493  -386.3693     7.8613
 26  -478.4891     1.3234   -91.2292     6.9021  -387.2617     7.7609
 27  -478.4656     1.2743   -90.1347     6.9930  -388.3327     7.7690
 28  -478.4849     1.2286   -89.8969     6.7554  -388.5896     7.5040
 29  -478.5683     1.1972   -88.9109     6.8101  -389.6592     7.5500
 30  -478.5727     1.1566   -88.0668     6.7923  -390.5076     7.4888
 31  -478.7115     1.1526   -87.9017     6.5778  -390.8115     7.2686
 32  -478.8746     1.1627   -87.4436     6.4345  -391.4327     7.1466
 33  -478.9588     1.1394   -87.1280     6.2683  -391.8325     6.9727
 34  -479.1150     1.1487   -86.5162     6.2030  -392.6005     6.9367
 35  -479.1674     1.1203   -85.3192     6.4815  -393.8499     7.1841
 36  -479.2210     1.0940   -83.9788     6.8457  -395.2439     7.5178
 37  -479.2257     1.0641   -82.8733     7.0156  -396.3542     7.6416
 38  -479.1684     1.0420   -81.8726     7.1157  -397.2975     7.6733
 39  -479.2294     1.0222   -81.8049     6.9322  -397.4262     7.4784
 40  -479.2653     0.9990   -82.0300     6.7717  -397.2371     7.2988
 41  -479.3288     0.9825   -81.4318     6.7119  -397.8987     7.2405
 42  -479.4335     0.9814   -80.5886     6.7638  -398.8466     7.3160
 43  -479.4957     0.9664   -80.0824     6.6817  -399.4151     7.2337
 44  -479.5799     0.9591   -80.1708     6.5305  -399.4108     7.0674
 45  -479.5581     0.9385   -80.6847     6.4659  -398.8751     6.9911
 46  -479.4709     0.9343   -80.8991     6.3383  -398.5735     6.8640
 47  -479.4590     0.9145   -80.3910     6.2847  -399.0697     6.7893
 48  -479.4976     0.8986   -80.1093     6.1781  -399.3900     6.6771
 49  -479.5232     0.8816   -80.2090     6.0540  -399.3160     6.5411
 50  -479.5477     0.8651   -80.7061     6.0144  -398.8434     6.4783
 
 
 group  inft  solvation free energy     error          difference
  total solvation free energy
   1      0       -103.02447           0.51537           0.11351
   1     60       -103.89070           0.51454          -0.75272
   1     80       -107.42382           0.51081          -4.28584
   1    100       -116.05815           0.51262         -12.92016
   2      0       -103.07800           0.51874           0.05998
   3      0       -103.13798           0.51189           0.00000
   4      0       -103.13580           0.50963           0.00218
   5      0       -103.19438           0.50938          -0.05640
   5     60       -104.28173           0.50754          -1.14374
   5     80       -108.42056           0.50264          -5.28257
   5    100       -116.27735           0.50421         -13.13937
 
  contribution from  1-th solvent component
   1      0        -29.13413           2.33280           0.01494
   1     60        -29.16476           2.33289          -0.01568
   1     80        -29.30411           2.33325          -0.15503
   1    100        -29.70636           2.33336          -0.55729
   2      0        -29.14307           2.32983           0.00601
   3      0        -29.14908           2.32896           0.00000
   4      0        -29.15199           2.32804          -0.00291
   5      0        -29.15372           2.32785          -0.00465
   5     60        -29.19304           2.32799          -0.04396
   5     80        -29.36147           2.32844          -0.21239
   5    100        -29.73182           2.32849          -0.58275
 
  contribution from  2-th solvent component
   1      0        -73.89207           2.72323           0.09857
   1     60        -74.72767           2.72197          -0.73704
   1     80        -78.12144           2.71701          -4.13081
   1    100        -86.35351           2.71681         -12.36287
   2      0        -73.93666           2.72336           0.05397
   3      0        -73.99063           2.71445           0.00000
   4      0        -73.98554           2.71116           0.00510
   5      0        -74.04238           2.71076          -0.05175
   5     60        -75.09042           2.70852          -1.09978
   5     80        -79.06081           2.70220          -5.07018
   5    100        -86.54725           2.70195         -12.55662
 
 
 group  inft   Estimated free energy: total (kcal/mol)
   1      0    -103.8257    -103.3884    -104.2180    -101.3427    -103.3714
               -104.2133    -104.9134    -104.6583    -101.1799     -99.3569
                -98.2429     -99.3465    -100.1511     -99.7772     -99.8858
               -101.1967    -101.2286    -102.9551    -102.5187    -104.3551
               -103.8239    -101.7399    -104.5848    -103.4444    -102.6847
               -103.1996    -102.9298    -102.3095    -104.6706    -103.3971
               -104.6738    -105.6570    -103.8386    -105.4961    -104.6762
               -104.6895    -104.1808    -102.6987    -104.2740    -103.2644
               -104.6748    -105.5683    -104.8283    -104.0787    -101.2275
               -100.4201    -103.4886    -104.4050    -103.4675    -102.7056
   1     60    -104.6952    -104.2512    -105.0776    -102.1914    -104.2392
               -105.0785    -105.7801    -105.5236    -102.0463    -100.2366
                -99.1191    -100.2323    -101.0275    -100.6527    -100.7458
               -102.0565    -102.0940    -103.8357    -103.3933    -105.2281
               -104.6975    -102.6079    -105.4616    -104.3159    -103.5546
               -104.0635    -103.7930    -103.1670    -105.5361    -104.2600
               -105.5430    -106.5226    -104.7044    -106.3630    -105.5321
               -105.5453    -105.0366    -103.5582    -105.1362    -104.1220
               -105.5342    -106.4268    -105.6900    -104.9416    -102.1014
               -101.2853    -104.3484    -105.2669    -104.3293    -103.5862
   1     80    -108.2271    -107.7632    -108.6007    -105.7352    -107.7604
               -108.6093    -109.3061    -109.0446    -105.5697    -103.7838
               -102.6996    -103.8135    -104.5759    -104.1834    -104.3010
               -105.6096    -105.6429    -107.3957    -106.9428    -108.7730
               -108.2412    -106.1443    -109.0157    -107.8608    -107.0946
               -107.5882    -107.3088    -106.6951    -109.0596    -107.7844
               -109.0827    -110.0462    -108.2314    -109.8939    -109.0279
               -109.0399    -108.5348    -107.0619    -108.6646    -107.6551
               -109.0411    -109.9324    -109.2035    -108.4745    -105.6704
               -104.8508    -107.8531    -108.7789    -107.8708    -107.1473
   1    100    -116.8694    -116.3775    -117.2346    -114.3658    -116.3939
               -117.2591    -117.9409    -117.6731    -114.1791    -112.4083
               -111.3420    -112.4565    -113.2072    -112.7922    -112.8801
               -114.2453    -114.2513    -116.0405    -115.5786    -117.4217
               -116.8744    -114.7669    -117.6888    -116.5028    -115.7219
               -116.1999    -115.9268    -115.3172    -117.7189    -116.4540
               -117.7634    -118.6942    -116.8697    -118.5463    -117.6418
               -117.6667    -117.1504    -115.6841    -117.3069    -116.2940
               -117.6675    -118.5609    -117.8363    -117.1417    -114.3197
               -113.4759    -116.4722    -117.3884    -116.5119    -115.8265
   2      0    -103.8842    -103.4956    -104.2864    -101.3486    -103.4070
               -104.3029    -104.9766    -104.7162    -101.2843     -99.4119
                -98.2725     -99.3496    -100.1728     -99.8309     -99.9242
               -101.2050    -101.2443    -102.9861    -102.5737    -104.4017
               -103.9185    -101.8005    -104.6137    -103.4951    -102.7653
               -103.2510    -102.9655    -102.3599    -104.7367    -103.4418
               -104.7369    -105.7438    -103.8843    -105.5326    -104.7451
               -104.7624    -104.2557    -102.7564    -104.4236    -103.3509
               -104.7273    -105.5870    -104.9043    -104.1128    -101.2025
               -100.4590    -103.5465    -104.4753    -103.4994    -102.7718
   3      0    -103.9252    -103.4869    -104.3596    -101.5884    -103.4399
               -104.3769    -105.0145    -104.7395    -101.3427     -99.4442
                -98.4014     -99.4387    -100.2305     -99.8271    -100.1223
               -101.3680    -101.3771    -103.0125    -102.6040    -104.4457
               -103.9461    -101.8388    -104.6352    -103.5776    -102.7804
               -103.3079    -103.0415    -102.4810    -104.7606    -103.5604
               -104.7749    -105.7729    -103.9437    -105.5603    -104.7517
               -104.7608    -104.2742    -102.7483    -104.4610    -103.5016
               -104.7397    -105.6403    -104.9114    -104.1827    -101.3405
               -100.5421    -103.5459    -104.5517    -103.6033    -102.8173
   4      0    -103.9351    -103.4980    -104.3880    -101.6362    -103.4279
               -104.3963    -105.0118    -104.6943    -101.3500     -99.4485
                -98.4277     -99.5240    -100.2111     -99.8401    -100.1012
               -101.3440    -101.3953    -102.9979    -102.6122    -104.4293
               -103.9394    -101.8262    -104.6466    -103.5367    -102.7686
               -103.2769    -102.9948    -102.5853    -104.7507    -103.4764
               -104.7792    -105.7822    -103.9274    -105.5362    -104.7685
               -104.7482    -104.2498    -102.7726    -104.4491    -103.5617
               -104.7346    -105.6013    -104.9059    -104.1946    -101.2944
               -100.5408    -103.5597    -104.5053    -103.6047    -102.8030
   5      0    -103.9348    -103.5492    -104.4176    -101.7433    -103.4709
               -104.4095    -105.0528    -104.7942    -101.3810     -99.4518
                -98.4725     -99.5602    -100.2856     -99.9012    -100.1378
               -101.4416    -101.4592    -103.0685    -102.6941    -104.4779
               -104.0041    -101.9093    -104.6609    -103.6394    -102.8519
               -103.3584    -103.1069    -102.6392    -104.8383    -103.5754
               -104.8627    -105.8442    -104.0001    -105.5555    -104.7871
               -104.8100    -104.3083    -102.8185    -104.5288    -103.5466
               -104.7719    -105.6579    -104.9503    -104.2791    -101.3959
               -100.6063    -103.6105    -104.5917    -103.6570    -102.8489
   5     60    -105.0231    -104.6306    -105.5001    -102.8223    -104.5567
               -105.4939    -106.1376    -105.8774    -102.4725    -100.5513
                -99.5825    -100.6712    -101.3881    -100.9970    -101.2321
               -102.5327    -102.5534    -104.1684    -103.7897    -105.5704
               -105.0972    -102.9989    -105.7549    -104.7319    -103.9405
               -104.4412    -104.1880    -103.7227    -105.9223    -104.6552
               -105.9511    -106.9282    -105.0835    -106.6398    -105.8591
               -105.8816    -105.3815    -103.8944    -105.6120    -104.6332
               -105.8476    -106.7322    -106.0292    -105.3643    -102.4926
               -101.7030    -104.6859    -105.6711    -104.7440    -103.9482
   5     80    -109.1562    -108.7392    -109.6303    -106.9970    -108.6821
               -109.6386    -110.2636    -110.0000    -106.6041    -104.6970
               -103.7806    -104.8634    -105.5505    -105.1281    -105.4199
               -106.6994    -106.7218    -108.3270    -107.9377    -109.7169
               -109.2396    -107.1389    -109.9132    -108.8859    -108.0789
               -108.5609    -108.3029    -107.8835    -110.0486    -108.7887
               -110.0928    -111.0522    -109.2138    -110.7714    -109.9514
               -109.9752    -109.4756    -107.9966    -109.7482    -108.7883
               -109.9519    -110.8356    -110.1413    -109.5142    -106.6728
               -105.8769    -108.7885    -109.7802    -108.8907    -108.1156
   5    100    -117.0143    -116.5804    -117.4838    -114.8474    -116.5394
               -117.5173    -118.1215    -117.8504    -114.4459    -112.5357
               -111.6505    -112.7195    -113.4029    -112.9569    -113.2464
               -114.5588    -114.5670    -116.1968    -115.7857    -117.5848
               -117.0904    -114.9868    -117.7851    -116.7501    -115.9237
               -116.3901    -116.1466    -115.7484    -117.9272    -116.6743
               -117.9933    -118.9237    -117.0766    -118.6457    -117.7915
               -117.8206    -117.3178    -115.8407    -117.6263    -116.6582
               -117.8028    -118.6883    -117.9952    -117.3901    -114.5324
               -113.7246    -116.6294    -117.6212    -116.7544    -116.0061
 
 group  inft   Estimated free energy: 1-th solvent contribution (kcal/mol)
   1      0     -26.2083     -20.3961     -26.7964     -34.4227     -29.9309
                -25.8918     -26.7005     -24.9092     -33.7905     -36.0812
                -44.9060     -46.4899     -40.0207     -37.1470     -40.1488
                -39.1299     -39.6422     -40.5103     -35.8140     -30.6855
                -35.5267     -28.4817     -31.6463     -33.6319     -28.9645
                -24.5367     -21.7712     -30.2329     -21.6127     -22.8432
                -30.5773     -26.7551     -28.1290     -23.4851     -14.9686
                -11.7150     -14.1673     -14.2754     -29.1010     -33.4350
                -20.3187     -15.5691     -20.7105     -30.8099     -37.4421
                -32.6375     -20.0956     -23.9110     -31.0523     -38.6817
   1     60     -26.2382     -20.4264     -26.8270     -34.4528     -29.9618
                -25.9223     -26.7313     -24.9399     -33.8215     -36.1127
                -44.9368     -46.5210     -40.0516     -37.1780     -40.1797
                -39.1606     -39.6731     -40.5416     -35.8452     -30.7170
                -35.5572     -28.5130     -31.6775     -33.6631     -28.9950
                -24.5668     -21.8015     -30.2633     -21.6426     -22.8725
                -30.6083     -26.7864     -28.1598     -23.5151     -14.9989
                -11.7452     -14.1962     -14.3059     -29.1313     -33.4651
                -20.3494     -15.5995     -20.7405     -30.8404     -37.4730
                -32.6682     -20.1260     -23.9415     -31.0832     -38.7133
   1     80     -26.3746     -20.5638     -26.9666     -34.5928     -30.1021
                -26.0612     -26.8714     -25.0794     -33.9615     -36.2541
                -45.0767     -46.6617     -40.1911     -37.3175     -40.3210
                -39.3011     -39.8137     -40.6836     -35.9864     -30.8592
                -35.6955     -28.6545     -31.8187     -33.8047     -29.1334
                -24.7040     -21.9391     -30.4024     -21.7787     -23.0072
                -30.7494     -26.9284     -28.3001     -23.6523     -15.1372
                -11.8828     -14.3288     -14.4448     -29.2692     -33.6033
                -20.4889     -15.7382     -20.8771     -30.9800     -37.6139
                -32.8085     -20.2644     -24.0803     -31.2246     -38.8555
   1    100     -26.7730     -20.9632     -27.3716     -34.9938     -30.5064
                -26.4638     -27.2759     -25.4836     -34.3630     -36.6576
                -45.4780     -47.0633     -40.5915     -37.7188     -40.7216
                -39.7011     -40.2137     -41.0894     -36.3917     -31.2661
                -36.0965     -29.0590     -32.2241     -34.2094     -29.5340
                -25.1040     -22.3394     -30.8030     -22.1770     -23.4050
                -31.1560     -27.3357     -28.7042     -24.0530     -15.5400
                -12.2846     -14.7226     -14.8492     -29.6701     -34.0026
                -20.8928     -16.1420     -21.2769     -31.3840     -38.0160
                -33.2105     -20.6665     -24.4823     -31.6293     -39.2615
   2      0     -26.2417     -20.4251     -26.8082     -34.3636     -29.9385
                -25.9018     -26.7272     -24.9273     -33.8023     -36.0992
                -44.8558     -46.4933     -40.0351     -37.1760     -40.1027
                -39.1009     -39.6287     -40.5380     -35.8235     -30.6830
                -35.5580     -28.4816     -31.6568     -33.6413     -28.9884
                -24.5483     -21.7932     -30.2012     -21.6541     -22.8691
                -30.5935     -26.7821     -28.1417     -23.4975     -14.9854
                -11.7399     -14.1938     -14.2829     -29.1321     -33.4200
                -20.3341     -15.5895     -20.7386     -30.8166     -37.4308
                -32.6135     -20.1047     -23.9347     -31.0599     -38.6982
   3      0     -26.2410     -20.4341     -26.8218     -34.3572     -29.9447
                -25.8954     -26.7332     -24.9353     -33.8120     -36.1039
                -44.8685     -46.5022     -40.0305     -37.1891     -40.0864
                -39.0857     -39.6241     -40.5472     -35.8193     -30.6878
                -35.5723     -28.4838     -31.6603     -33.6443     -29.0016
                -24.5554     -21.7908     -30.1961     -21.6561     -22.8725
                -30.6130     -26.8006     -28.1705     -23.5142     -14.9987
                -11.7487     -14.2005     -14.2906     -29.1431     -33.4189
                -20.3446     -15.6049     -20.7493     -30.8248     -37.4280
                -32.6064     -20.1216     -23.9485     -31.0767     -38.6979
   4      0     -26.2504     -20.4425     -26.8228     -34.3518     -29.9610
                -25.9021     -26.7336     -24.9414     -33.8252     -36.1071
                -44.8525     -46.5004     -40.0324     -37.1916     -40.0691
                -39.0832     -39.6100     -40.5584     -35.8232     -30.6832
                -35.5749     -28.4847     -31.6671     -33.6569     -28.9988
                -24.5725     -21.8049     -30.1915     -21.6856     -22.8824
                -30.6120     -26.7931     -28.1593     -23.5201     -15.0038
                -11.7486     -14.2122     -14.3019     -29.1385     -33.4201
                -20.3429     -15.6142     -20.7638     -30.8319     -37.4321
                -32.6165     -20.1224     -23.9293     -31.0662     -38.7093
   5      0     -26.2561     -20.4585     -26.8282     -34.3347     -29.9731
                -25.9054     -26.7313     -24.9553     -33.8180     -36.1014
                -44.8665     -46.5109     -40.0389     -37.1957     -40.0740
                -39.0778     -39.6064     -40.5545     -35.8371     -30.6711
                -35.5852     -28.4865     -31.6748     -33.6324     -28.9954
                -24.5729     -21.8115     -30.2006     -21.6843     -22.8773
                -30.6115     -26.7658     -28.1558     -23.5278     -15.0050
                -11.7526     -14.2134     -14.3050     -29.1491     -33.4205
                -20.3484     -15.6083     -20.7719     -30.8250     -37.4393
                -32.6237     -20.1357     -23.9440     -31.0669     -38.7005
   5     60     -26.2945     -20.4974     -26.8674     -34.3740     -30.0127
                -25.9445     -26.7707     -24.9945     -33.8577     -36.1416
                -44.9063     -46.5508     -40.0787     -37.2353     -40.1142
                -39.1175     -39.6464     -40.5946     -35.8771     -30.7114
                -35.6243     -28.5265     -31.7147     -33.6725     -29.0345
                -24.6117     -21.8502     -30.2399     -21.7226     -22.9150
                -30.6512     -26.8057     -28.1954     -23.5663     -15.0438
                -11.7913     -14.2506     -14.3440     -29.1880     -33.4595
                -20.3876     -15.6471     -20.8102     -30.8642     -37.4791
                -32.6633     -20.1746     -23.9830     -31.1067     -38.7407
   5     80     -26.4595     -20.6638     -27.0359     -34.5442     -30.1818
                -26.1124     -26.9398     -25.1626     -34.0266     -36.3122
                -45.0762     -46.7211     -40.2480     -37.4035     -40.2860
                -39.2878     -39.8172     -40.7659     -36.0474     -30.8826
                -35.7912     -28.6971     -31.8850     -33.8431     -29.2017
                -24.7777     -22.0163     -30.4097     -21.8877     -23.0782
                -30.8210     -26.9764     -28.3651     -23.7321     -15.2106
                -11.9578     -14.4116     -14.5117     -29.3553     -33.6274
                -20.5560     -15.8143     -20.9752     -31.0335     -37.6496
                -32.8325     -20.3419     -24.1501     -31.2771     -38.9120
   5    100     -26.8265     -21.0328     -27.4080     -34.9129     -30.5537
                -26.4830     -27.3121     -25.5345     -34.3962     -36.6834
                -45.4454     -47.0906     -40.6171     -37.7726     -40.6543
                -39.6560     -40.1866     -41.1396     -36.4198     -31.2567
                -36.1603     -29.0693     -32.2578     -34.2152     -29.5706
                -25.1460     -22.3847     -30.7799     -22.2553     -23.4444
                -31.1949     -27.3509     -28.7379     -24.1017     -15.5814
                -12.3283     -14.7749     -14.8840     -29.7254     -33.9950
                -20.9280     -16.1863     -21.3439     -31.4053     -38.0196
                -33.2014     -20.7125     -24.5203     -31.6491     -39.2851
 
 group  inft   Estimated free energy: 2-th solvent contribution (kcal/mol)
   1      0     -77.6192     -82.9941     -77.4233     -66.9218     -73.4423
                -78.3232     -78.2146     -79.7508     -67.3912     -63.2775
                -53.3387     -52.8583     -60.1321     -62.6319     -59.7387
                -62.0685     -61.5881     -62.4465     -66.7064     -73.6713
                -68.2989     -73.2599     -72.9403     -69.8142     -73.7219
                -78.6646     -81.1604     -72.0783     -83.0597     -80.5557
                -74.0982     -78.9037     -75.7114     -82.0128     -89.7093
                -92.9762     -90.0152     -88.4250     -75.1747     -69.8311
                -84.3578     -90.0009     -84.1195     -73.2706     -63.7871
                -67.7843     -83.3947     -80.4957     -72.4170     -64.0256
   1     60     -78.4587     -83.8266     -78.2523     -67.7403     -74.2791
                -79.1579     -79.0505     -80.5854     -68.2266     -64.1256
                -54.1841     -53.7130     -60.9776     -63.4764     -60.5679
                -62.8977     -62.4227     -63.2959     -67.5498     -74.5128
                -69.1421     -74.0966     -73.7858     -70.6545     -74.5613
                -79.4984     -81.9933     -72.9054     -83.8953     -81.3892
                -74.9364     -79.7379     -76.5463     -82.8496     -90.5349
                -93.8019     -90.8421     -89.2540     -76.0066     -70.6587
                -85.1865     -90.8290     -84.9513     -74.1029     -64.6301
                -68.6189     -84.2241     -81.3271     -73.2478     -64.8747
   1     80     -81.8542     -87.2011     -81.6358     -71.1441     -77.6600
                -82.5498     -82.4364     -83.9669     -71.6100     -67.5314
                -57.6246     -57.1536     -64.3865     -66.8677     -63.9817
                -66.3103     -65.8309     -66.7138     -70.9582     -77.9155
                -72.5474     -77.4915     -77.1987     -74.0578     -77.9629
                -82.8859     -85.3714     -76.2944     -87.2826     -84.7789
                -78.3351     -83.1195     -79.9330     -86.2434     -93.8924
                -97.1588     -94.2077     -92.6188     -79.3971     -74.0535
                -88.5540     -94.1959     -88.3281     -77.4962     -68.0582
                -72.0440     -87.5905     -84.7003     -76.6479     -68.2935
   1    100     -90.0982     -95.4160     -89.8647     -79.3737     -85.8893
                -90.7969     -90.6667     -92.1913     -79.8179     -75.7524
                -65.8658     -65.3950     -72.6174     -75.0752     -72.1602
                -74.5459     -74.0393     -74.9528     -79.1886     -86.1573
                -80.7796     -85.7097     -85.4664     -82.2951     -86.1897
                -91.0976     -93.5891     -84.5159     -95.5437     -93.0507
                -86.6092     -91.3603     -88.1672     -94.4950    -102.1036
               -105.3838    -102.4295    -100.8367     -87.6385     -82.2931
                -96.7764    -102.4206     -96.5612     -85.7594     -76.3054
                -80.2671     -95.8075     -92.9078     -84.8844     -76.5667
   2      0     -77.6442     -83.0723     -77.4799     -66.9867     -73.4702
                -78.4028     -78.2512     -79.7906     -67.4838     -63.3144
                -53.4184     -52.8580     -60.1395     -62.6566     -59.8233
                -62.1058     -61.6173     -62.4498     -66.7519     -73.7204
                -68.3622     -73.3207     -72.9586     -69.8555     -73.7786
                -78.7045     -81.1740     -72.1604     -83.0844     -80.5744
                -74.1451     -78.9634     -75.7443     -82.0368     -89.7614
                -93.0242     -90.0637     -88.4752     -75.2932     -69.9326
                -84.3949     -89.9992     -84.1674     -73.2979     -63.7734
                -67.8473     -83.4435     -80.5424     -72.4412     -64.0753
   3      0     -77.6859     -83.0546     -77.5396     -67.2329     -73.4970
                -78.4833     -78.2830     -79.8059     -67.5325     -63.3420
                -53.5346     -52.9382     -60.2018     -62.6397     -60.0376
                -62.2840     -61.7548     -62.4671     -66.7865     -73.7596
                -68.3755     -73.3567     -72.9766     -69.9350     -73.7805
                -78.7542     -81.2525     -72.2866     -83.1063     -80.6897
                -74.1637     -78.9740     -75.7750     -82.0478     -89.7547
                -93.0138     -90.0754     -88.4594     -75.3196     -70.0845
                -84.3968     -90.0371     -84.1638     -73.3596     -63.9142
                -67.9374     -83.4260     -80.6049     -72.5283     -64.1212
   4      0     -77.6865     -83.0572     -77.5670     -67.2862     -73.4687
                -78.4959     -78.2800     -79.7546     -67.5266     -63.3431
                -53.5770     -53.0253     -60.1804     -62.6502     -60.0339
                -62.2626     -61.7871     -62.4412     -66.7907     -73.7478
                -68.3663     -73.3433     -72.9811     -69.8815     -73.7716
                -78.7061     -81.1916     -72.3956     -83.0669     -80.5957
                -74.1689     -78.9909     -75.7698     -82.0179     -89.7664
                -93.0013     -90.0393     -88.4724     -75.3123     -70.1433
                -84.3934     -89.9888     -84.1439     -73.3644     -63.8641
                -67.9260     -83.4391     -80.5777     -72.5403     -64.0954
   5      0     -77.6804     -83.0925     -77.5912     -67.4103     -73.4995
                -78.5058     -78.3232     -79.8406     -67.5647     -63.3521
                -53.6078     -53.0510     -60.2484     -62.7072     -60.0655
                -62.3655     -61.8546     -62.5158     -66.8587     -73.8084
                -68.4206     -73.4245     -72.9878     -70.0087     -73.8582
                -78.7872     -81.2971     -72.4404     -83.1558     -80.6999
                -74.2529     -79.0801     -75.8460     -82.0294     -89.7838
                -93.0591     -90.0966     -88.5152     -75.3814     -70.1279
                -84.4253     -90.0513     -84.1801     -73.4559     -63.9584
                -67.9843     -83.4766     -80.6494     -72.5918     -64.1502
   5     60     -78.7303     -84.1350     -78.6345     -68.4501     -74.5458
                -79.5511     -79.3686     -80.8846     -68.6166     -64.4113
                -54.6778     -54.1221     -61.3111     -63.7634     -61.1197
                -63.4169     -62.9087     -63.5755     -67.9143     -74.8608
                -69.4747     -74.4741     -74.0419     -71.0612     -74.9078
                -79.8313     -82.3396     -73.4845     -84.2013     -81.7420
                -75.3016     -80.1242     -76.8898     -83.0752     -90.8170
                -94.0919     -91.1326     -89.5521     -76.4258     -71.1754
                -85.4617     -91.0868     -85.2207     -74.5018     -65.0152
                -69.0414     -84.5130     -81.6899     -73.6390     -65.2093
   5     80     -82.6985     -88.0772     -82.5961     -72.4545     -78.5020
                -83.5279     -83.3256     -84.8391     -72.5792     -68.3866
                -58.7062     -58.1440     -65.3043     -67.7263     -65.1356
                -67.4133     -66.9063     -67.5629     -71.8920     -78.8360
                -73.4501     -78.4436     -78.0299     -75.0445     -78.8790
                -83.7850     -86.2884     -77.4756     -88.1626     -85.7122
                -79.2736     -84.0775     -80.8505     -87.0410     -94.7424
                -98.0191     -95.0658     -93.4866     -80.3946     -75.1625
                -89.3976     -95.0230     -89.1679     -78.4825     -69.0250
                -73.0462     -88.4483     -85.6318     -77.6153     -69.2053
   5    100     -90.1895     -95.5494     -90.0775     -79.9362     -85.9875
                -91.0360     -90.8112     -92.3177     -80.0515     -75.8541
                -66.2069     -65.6306     -72.7875     -75.1860     -72.5938
                -74.9046     -74.3821     -75.0589     -79.3677     -86.3298
                -80.9318     -85.9192     -85.5291     -82.5366     -86.3548
                -91.2458     -93.7636     -84.9702     -95.6737     -93.2316
                -86.8001     -91.5745     -88.3404     -94.5457    -102.2119
               -105.4941    -102.5446    -100.9584     -87.9026     -82.6649
                -96.8765    -102.5037     -96.6530     -85.9866     -76.5146
                -80.5249     -95.9186     -93.1027     -85.1071     -76.7228
 
 
 cumulative average & 95% error for solvation free energy
              total             1st component         2nd component
  1  -103.9252              -26.2410              -77.6859
  2  -103.7061     0.4383   -23.3375     5.8070   -80.3703     5.3686
  3  -103.9239     0.5038   -24.4989     4.0787   -79.4267     3.6289
  4  -103.3400     1.2209   -26.9635     5.7109   -76.3783     6.6149
  5  -103.3600     0.9466   -27.5597     4.5815   -75.8020     5.2519
  6  -103.5295     0.8439   -27.2823     3.7817   -76.2489     4.3803
  7  -103.7416     0.8299   -27.2039     3.2000   -76.5395     3.7474
  8  -103.8664     0.7608   -26.9203     2.8287   -76.9478     3.3465
  9  -103.5860     0.8745   -27.6861     2.9273   -75.9016     3.6177
 10  -103.1718     1.1393   -28.5278     3.1128   -74.6457     4.0963
 11  -102.7381     1.3469   -30.0133     4.0933   -72.7265     5.3350
 12  -102.4632     1.3469   -31.3874     4.6384   -71.0775     5.8818
 13  -102.2914     1.2857   -32.0523     4.4691   -70.2409     5.6633
 14  -102.1154     1.2413   -32.4192     4.2021   -69.6979     5.3544
 15  -101.9825     1.1858   -32.9303     4.0434   -69.0539     5.1484
 16  -101.9441     1.1118   -33.3150     3.8597   -68.6308     4.8897
 17  -101.9108     1.0465   -33.6862     3.7007   -68.2263     4.6638
 18  -101.9720     0.9942   -34.0673     3.5714   -67.9064     4.4434
 19  -102.0052     0.9428   -34.1595     3.3832   -67.8474     4.2047
 20  -102.1273     0.9271   -33.9859     3.2283   -68.1430     4.0325
 21  -102.2139     0.8987   -34.0615     3.0745   -68.1541     3.8357
 22  -102.1968     0.8576   -33.8080     2.9749   -68.3906     3.6877
 23  -102.3028     0.8464   -33.7146     2.8488   -68.5900     3.5462
 24  -102.3560     0.8173   -33.7117     2.7275   -68.6460     3.3971
 25  -102.3729     0.7847   -33.5233     2.6431   -68.8514     3.2841
 26  -102.4089     0.7573   -33.1783     2.6315   -69.2323     3.2459
 27  -102.4323     0.7302   -32.7566     2.6689   -69.6775     3.2478
 28  -102.4341     0.7037   -32.6651     2.5783   -69.7707     3.1352
 29  -102.5143     0.6977   -32.2855     2.6011   -70.2305     3.1619
 30  -102.5492     0.6776   -31.9717     2.5901   -70.5791     3.1333
 31  -102.6210     0.6710   -31.9279     2.5067   -70.6948     3.0393
 32  -102.7195     0.6789   -31.7677     2.4481   -70.9535     2.9880
 33  -102.7566     0.6621   -31.6587     2.3828   -71.0996     2.9107
 34  -102.8390     0.6632   -31.4191     2.3608   -71.4216     2.8963
 35  -102.8937     0.6532   -30.9500     2.4769   -71.9454     3.0011
 36  -102.9455     0.6432   -30.4166     2.6329   -72.5306     3.1427
 37  -102.9814     0.6297   -29.9783     2.7066   -73.0048     3.2003
 38  -102.9753     0.6130   -29.5655     2.7608   -73.4115     3.2194
 39  -103.0134     0.6019   -29.5547     2.6892   -73.4605     3.1373
 40  -103.0256     0.5872   -29.6513     2.6282   -73.3761     3.0625
 41  -103.0674     0.5788   -29.4243     2.6032   -73.6449     3.0349
 42  -103.1287     0.5780   -29.0953     2.6243   -74.0351     3.0629
 43  -103.1701     0.5704   -28.9012     2.5918   -74.2707     3.0277
 44  -103.1931     0.5592   -28.9449     2.5337   -74.2500     2.9583
 45  -103.1520     0.5528   -29.1334     2.5053   -74.0203     2.9281
 46  -103.0952     0.5524   -29.2089     2.4549   -73.8881     2.8759
 47  -103.1048     0.5409   -29.0155     2.4330   -74.0910     2.8432
 48  -103.1350     0.5329   -28.9100     2.3911   -74.2267     2.7965
 49  -103.1445     0.5223   -28.9542     2.3435   -74.1921     2.7397
 50  -103.1380     0.5119   -29.1491     2.3290   -73.9906     2.7144
 
 Mesh error is    0.114 kcal/mol
