 ERmod 0.3.8, Copyright (C) 2000-2019 Nobuyuki Matubayasi
                            2010-2019 Shun Sakuraba
 ERmod comes with ABSOLUTELY NO WARRANTY.
 This is free software, and you can redistribute it
 and/or modify it under certain conditions.
 See LICENSE file for details.
 
  Number of the   1-th solvent  =        10000
 
  Be sure that the solvent distribution is homogeneous (radial distribution function is essentially unity) when the solvent molecule is separated beyond distance of   10.0 Angstrom in any direction from any atom within the solute molecule
 
  LJ long-range correction    =        -7.8240
 
  Self-energy of the solute   =        -0.0111  kcal/mol
 
 
 cumulative average & 95% error for solvation energy
  1  -465.5183
  2  -466.4222     1.8079
  3  -466.2414     1.1047
  4  -466.1513     0.8017
  5  -466.1136     0.6255
  6  -466.1150     0.5107
  7  -466.2250     0.4845
  8  -466.2134     0.4203
  9  -466.2575     0.3810
 10  -466.3262     0.3674
 11  -466.3176     0.3328
 12  -466.3325     0.3052
 13  -466.2951     0.2906
 14  -466.2386     0.2918
 15  -466.2614     0.2755
 16  -466.3835     0.3550
 17  -466.4581     0.3653
 18  -466.4086     0.3583
 19  -466.3368     0.3682
 20  -466.3283     0.3497
 21  -466.3706     0.3432
 22  -466.3920     0.3300
 23  -466.3669     0.3193
 24  -466.3836     0.3075
 25  -466.4055     0.2982
 26  -466.3831     0.2900
 27  -466.3604     0.2827
 28  -466.3012     0.2971
 29  -466.2832     0.2889
 30  -466.2521     0.2859
 31  -466.3255     0.3131
 32  -466.3160     0.3037
 33  -466.3018     0.2958
 34  -466.2930     0.2875
 35  -466.2734     0.2819
 36  -466.2347     0.2847
 37  -466.2298     0.2770
 38  -466.2479     0.2721
 39  -466.2442     0.2651
 40  -466.2793     0.2677
 41  -466.2748     0.2613
 42  -466.2635     0.2560
 43  -466.2766     0.2513
 44  -466.2799     0.2456
 45  -466.2696     0.2410
 46  -466.2523     0.2382
 47  -466.2751     0.2375
 48  -466.2954     0.2360
 49  -466.3221     0.2372
 50  -466.3393     0.2350
 
 
 group  inft  solvation free energy     error          difference
   1      0        -89.30024           0.11335           0.03113
   1     60        -89.43679           0.11331          -0.10541
   1     80        -91.11646           0.11336          -1.78508
   1    100        -98.36912           0.11391          -9.03774
   2      0        -89.32079           0.11283           0.01058
   3      0        -89.33138           0.11336           0.00000
   4      0        -89.28198           0.11354           0.04940
   5      0        -89.38319           0.11571          -0.05181
   5     60        -89.57836           0.11570          -0.24698
   5     80        -91.74640           0.11579          -2.41502
   5    100        -98.46816           0.11635          -9.13678
 
 
 group  inft   Estimated free energy (kcal/mol)
   1      0     -88.8822     -89.7258     -89.2333     -89.2071     -89.1526
                -89.4394     -89.7238     -89.5185     -89.4637     -89.3526
                -89.2708     -89.1945     -88.9402     -88.8747     -89.5526
                -90.2372     -90.2213     -89.0642     -88.6965     -89.2280
                -89.7057     -89.4532     -89.1840     -89.3951     -89.4561
                -89.0050     -88.9837     -88.7187     -89.0820     -88.8112
                -90.3073     -89.1818     -89.0908     -88.9391     -88.8376
                -88.7797     -89.2279     -89.4739     -88.9068     -89.8777
                -89.2406     -88.8954     -89.2448     -89.4079     -89.0988
                -88.7101     -89.7478     -89.7150     -89.8363     -89.7194
   1     60     -89.0181     -89.8627     -89.3695     -89.3452     -89.2890
                -89.5753     -89.8603     -89.6546     -89.6003     -89.4892
                -89.4073     -89.3315     -89.0772     -89.0101     -89.6881
                -90.3729     -90.3573     -89.2002     -88.8320     -89.3637
                -89.8418     -89.5903     -89.3210     -89.5317     -89.5933
                -89.1418     -89.1192     -88.8554     -89.2187     -88.9483
                -90.4437     -89.3185     -89.2277     -89.0765     -88.9745
                -88.9162     -89.3644     -89.6113     -89.0440     -90.0138
                -89.3762     -89.0328     -89.3818     -89.5439     -89.2357
                -88.8476     -89.8844     -89.8508     -89.9740     -89.8554
   1     80     -90.7018     -91.5426     -91.0472     -91.0282     -90.9678
                -91.2533     -91.5385     -91.3321     -91.2777     -91.1712
                -91.0916     -91.0122     -90.7551     -90.6861     -91.3700
                -92.0535     -92.0315     -90.8747     -90.5048     -91.0388
                -91.5220     -91.2763     -90.9979     -91.2114     -91.2756
                -90.8229     -90.7949     -90.5338     -90.8971     -90.6286
                -92.1261     -91.0000     -90.9120     -90.7587     -90.6546
                -90.5894     -91.0395     -91.2919     -90.7284     -91.6931
                -91.0547     -90.7155     -91.0655     -91.2208     -90.9176
                -90.5315     -91.5649     -91.5264     -91.6581     -91.5351
   1    100     -97.9702     -98.7965     -98.2952     -98.2978     -98.2145
                -98.5052     -98.7817     -98.5857     -98.5231     -98.4231
                -98.3524     -98.2653     -98.0018     -97.9321     -98.6345
                -99.3110     -99.2691     -98.1067     -97.7377     -98.2767
                -98.7686     -98.5507     -98.2315     -98.4683     -98.5318
                -98.0797     -98.0377     -97.7817     -98.1456     -97.8850
                -99.3835     -98.2592     -98.1715     -98.0118     -97.9038
                -97.8170     -98.2785     -98.5495     -97.9893     -98.9509
                -98.3063     -97.9735     -98.3289     -98.4754     -98.1782
                -97.7960     -98.8233     -98.7711     -98.9312     -98.7962
   2      0     -88.8993     -89.7208     -89.2294     -89.2238     -89.1426
                -89.4841     -89.7448     -89.4847     -89.4824     -89.3888
                -89.2662     -89.2032     -89.0133     -88.9031     -89.5902
                -90.2523     -90.2436     -89.1139     -88.7280     -89.2437
                -89.7307     -89.4101     -89.1877     -89.4763     -89.4857
                -89.0281     -89.0320     -88.7166     -89.0346     -88.8421
                -90.2967     -89.1941     -89.1130     -88.9798     -88.8905
                -88.7993     -89.2552     -89.5143     -88.9716     -89.9273
                -89.2172     -88.8973     -89.2798     -89.4299     -89.1087
                -88.7282     -89.7709     -89.7495     -89.8408     -89.7734
   3      0     -88.9110     -89.7484     -89.2423     -89.2194     -89.1439
                -89.4965     -89.7270     -89.4584     -89.4758     -89.4172
                -89.3000     -89.2021     -89.0131     -88.9268     -89.5599
                -90.2538     -90.2911     -89.1083     -88.7156     -89.2750
                -89.7387     -89.4264     -89.2027     -89.5078     -89.4825
                -89.0325     -89.0423     -88.7154     -89.0785     -88.8875
                -90.3253     -89.2310     -89.0971     -88.9971     -88.9092
                -88.8203     -89.2347     -89.5310     -88.9620     -89.9512
                -89.2043     -88.9292     -89.2986     -89.4610     -89.1312
                -88.7231     -89.7954     -89.7623     -89.8855     -89.7193
   4      0     -88.9428     -89.6152     -89.2186     -89.1127     -89.0934
                -89.4406     -89.6725     -89.4068     -89.4141     -89.3820
                -89.2419     -89.1898     -88.9607     -88.8901     -89.5289
                -90.2334     -90.2767     -89.0849     -88.7280     -89.2152
                -89.6957     -89.3960     -89.1375     -89.4466     -89.4364
                -88.9626     -88.9857     -88.6729     -89.0234     -88.7948
                -90.2433     -89.1593     -89.0589     -88.9610     -88.8923
                -88.7718     -89.2423     -89.4291     -88.8775     -89.9372
                -89.1581     -88.8795     -89.2263     -89.4514     -89.0510
                -88.6014     -89.7529     -89.7022     -89.7850     -89.7186
   5      0     -88.9493     -89.8362     -89.2666     -89.2215     -89.1936
                -89.5597     -89.7809     -89.5292     -89.5189     -89.5004
                -89.3150     -89.2468     -89.0634     -89.0042     -89.6132
                -90.3400     -90.3688     -89.1888     -88.8266     -89.3544
                -89.7705     -89.4723     -89.2548     -89.5476     -89.5659
                -89.0902     -89.0918     -88.7345     -89.1406     -88.9145
                -90.3853     -89.2954     -89.1055     -89.0225     -88.9516
                -88.8639     -89.2877     -89.5745     -88.9642     -90.0286
                -89.2639     -88.9752     -89.3329     -89.5225     -89.1637
                -88.7627     -89.8245     -89.8631     -89.9112     -89.8000
   5     60     -89.1449     -90.0321     -89.4614     -89.4173     -89.3885
                -89.7541     -89.9758     -89.7242     -89.7141     -89.6963
                -89.5107     -89.4419     -89.2586     -89.1989     -89.8082
                -90.5348     -90.5632     -89.3837     -89.0209     -89.5484
                -89.9659     -89.6676     -89.4497     -89.7428     -89.7614
                -89.2856     -89.2871     -88.9298     -89.3356     -89.1100
                -90.5805     -89.4908     -89.3006     -89.2180     -89.1467
                -89.0582     -89.4826     -89.7699     -89.1597     -90.2240
                -89.4588     -89.1710     -89.5289     -89.7173     -89.3591
                -88.9585     -90.0197     -90.0579     -90.1071     -89.9950
   5     80     -91.3183     -92.2012     -91.6269     -91.5883     -91.5542
                -91.9202     -92.1397     -91.8894     -91.8801     -91.8670
                -91.6822     -91.6117     -91.4256     -91.3639     -91.9788
                -92.7037     -92.7241     -91.5449     -91.1816     -91.7115
                -92.1331     -91.8427     -91.6133     -91.9143     -91.9326
                -91.4555     -91.4520     -91.0927     -91.5020     -91.2790
                -92.7509     -91.6608     -91.4710     -91.3883     -91.3153
                -91.2184     -91.6449     -91.9400     -91.3325     -92.3957
                -91.6254     -91.3418     -91.7020     -91.8848     -91.5300
                -91.1315     -92.1885     -92.2233     -92.2802     -92.1645
   5    100     -98.0540     -98.9248     -98.3428     -98.3197     -98.2685
                -98.6417     -98.8532     -98.6080     -98.5936     -98.5935
                -98.4107     -98.3333     -98.1432     -98.0788     -98.7107
                -99.4305     -99.4354     -98.2514     -97.8845     -98.4214
                -98.8511     -98.5820     -98.3215     -98.6450     -98.6578
                -98.1825     -98.1647     -97.8039     -98.2173     -98.0053
                -99.4783     -98.3876     -98.1961     -98.1118     -98.0368
                -97.9214     -98.3539     -98.6665     -98.0632     -99.1299
                -98.3441     -98.0688     -98.4325     -98.6091     -98.2569
                -97.8614     -98.9118     -98.9412     -99.0157     -98.8905
 
 
 cumulative average & 95% error for solvation free energy
  1   -88.9110
  2   -89.3297     0.8374
  3   -89.3005     0.4870
  4   -89.2803     0.3467
  5   -89.2530     0.2741
  6   -89.2936     0.2380
  7   -89.3555     0.2362
  8   -89.3684     0.2062
  9   -89.3803     0.1834
 10   -89.3840     0.1642
 11   -89.3764     0.1493
 12   -89.3618     0.1394
 13   -89.3350     0.1390
 14   -89.3058     0.1413
 15   -89.3228     0.1358
 16   -89.3810     0.1723
 17   -89.4345     0.1940
 18   -89.4164     0.1865
 19   -89.3795     0.1912
 20   -89.3743     0.1817
 21   -89.3916     0.1763
 22   -89.3932     0.1681
 23   -89.3849     0.1615
 24   -89.3901     0.1550
 25   -89.3937     0.1488
 26   -89.3799     0.1456
 27   -89.3673     0.1424
 28   -89.3441     0.1449
 29   -89.3349     0.1410
 30   -89.3200     0.1394
 31   -89.3524     0.1496
 32   -89.3486     0.1451
 33   -89.3410     0.1414
 34   -89.3309     0.1387
 35   -89.3188     0.1368
 36   -89.3050     0.1358
 37   -89.3031     0.1322
 38   -89.3091     0.1292
 39   -89.3002     0.1271
 40   -89.3165     0.1281
 41   -89.3137     0.1250
 42   -89.3046     0.1234
 43   -89.3044     0.1205
 44   -89.3080     0.1179
 45   -89.3041     0.1155
 46   -89.2914     0.1158
 47   -89.3022     0.1153
 48   -89.3118     0.1145
 49   -89.3235     0.1146
 50   -89.3314     0.1134
 
 Mesh error is    0.052 kcal/mol
