 ERmod 0.3.8, Copyright (C) 2000-2019 Nobuyuki Matubayasi
                            2010-2019 Shun Sakuraba
 ERmod comes with ABSOLUTELY NO WARRANTY.
 This is free software, and you can redistribute it
 and/or modify it under certain conditions.
 See LICENSE file for details.
 
  Number of the   1-th solvent  =        10000
 
  Be sure that the solvent distribution is homogeneous (radial distribution function is essentially unity) when the solvent molecule is separated beyond distance of   10.0 Angstrom in any direction from any atom within the solute molecule
 
  LJ long-range correction    =        -7.8240
 
  Self-energy of the solute   =         0.0004  kcal/mol
 
 
 cumulative average & 95% error for solvation energy
  1  -448.1032
  2  -448.5660     0.9257
  3  -448.7444     0.6426
  4  -448.6864     0.4689
  5  -448.4208     0.6435
  6  -448.4997     0.5486
  7  -448.3819     0.5200
  8  -448.3898     0.4506
  9  -448.4963     0.4509
 10  -448.4346     0.4218
 11  -448.4619     0.3854
 12  -448.2022     0.6274
 13  -448.1800     0.5788
 14  -448.1906     0.5363
 15  -448.1617     0.5026
 16  -448.0535     0.5175
 17  -448.1151     0.5015
 18  -448.0725     0.4804
 19  -448.0495     0.4568
 20  -448.0213     0.4370
 21  -448.1213     0.4612
 22  -448.0716     0.4509
 23  -448.1130     0.4387
 24  -448.0621     0.4322
 25  -447.9860     0.4416
 26  -447.9836     0.4243
 27  -447.9970     0.4092
 28  -447.9774     0.3962
 29  -448.0054     0.3864
 30  -447.9866     0.3752
 31  -447.9900     0.3630
 32  -447.9760     0.3525
 33  -448.0232     0.3545
 34  -448.0163     0.3442
 35  -448.0343     0.3361
 36  -448.0741     0.3362
 37  -448.0823     0.3274
 38  -448.0272     0.3373
 39  -448.0137     0.3296
 40  -448.0490     0.3289
 41  -448.1240     0.3541
 42  -448.1416     0.3473
 43  -448.1286     0.3402
 44  -448.1461     0.3342
 45  -448.1537     0.3270
 46  -448.1125     0.3303
 47  -448.1077     0.3233
 48  -448.0961     0.3174
 49  -448.0534     0.3223
 50  -448.0309     0.3190
 
 
 group  inft  solvation free energy     error          difference
   1      0        -81.14303           0.14879           0.08341
   1     60        -81.25761           0.14883          -0.03117
   1     80        -82.63958           0.14903          -1.41314
   1    100        -89.03708           0.15071          -7.81064
   2      0        -81.20129           0.14961           0.02515
   3      0        -81.22644           0.15018           0.00000
   4      0        -81.19660           0.15058           0.02984
   5      0        -81.27194           0.15100          -0.04550
   5     60        -81.43393           0.15102          -0.20750
   5     80        -83.22034           0.15136          -1.99391
   5    100        -89.19180           0.15279          -7.96536
 
 
 group  inft   Estimated free energy (kcal/mol)
   1      0     -81.4401     -81.6136     -81.4966     -81.0082     -80.7761
                -81.6494     -80.9613     -81.1935     -81.8626     -81.2928
                -81.7910     -79.9598     -80.8334     -81.0259     -80.9545
                -80.2886     -81.3426     -81.0386     -80.8658     -81.1874
                -82.1733     -80.7276     -81.5839     -80.4894     -80.5417
                -80.9406     -81.3772     -80.8208     -81.3172     -80.7622
                -80.8935     -80.8323     -81.6895     -81.2859     -80.9675
                -81.4977     -81.4003     -80.5029     -81.1095     -82.0971
                -82.4812     -81.6770     -80.6938     -81.6626     -81.5542
                -80.4423     -81.2858     -80.9774     -79.9924     -80.7925
   1     60     -81.5539     -81.7293     -81.6114     -81.1234     -80.8903
                -81.7642     -81.0750     -81.3081     -81.9773     -81.4070
                -81.9054     -80.0739     -80.9490     -81.1414     -81.0690
                -80.4032     -81.4572     -81.1531     -80.9809     -81.3013
                -82.2885     -80.8417     -81.6988     -80.6041     -80.6554
                -81.0549     -81.4910     -80.9361     -81.4319     -80.8765
                -81.0079     -80.9463     -81.8051     -81.4003     -81.0827
                -81.6126     -81.5142     -80.6170     -81.2235     -82.2120
                -82.5960     -81.7916     -80.8092     -81.7770     -81.6685
                -80.5566     -81.4004     -81.0927     -80.1064     -80.9074
   1     80     -82.9315     -83.1143     -82.9947     -82.5084     -82.2709
                -83.1507     -82.4559     -82.6946     -83.3604     -82.7807
                -83.2863     -81.4493     -82.3332     -82.5281     -82.4471
                -81.7838     -82.8456     -82.5326     -82.3666     -82.6796
                -83.6709     -82.2221     -83.0808     -81.9870     -82.0367
                -82.4393     -82.8716     -82.3237     -82.8152     -82.2549
                -82.3909     -82.3323     -83.1889     -82.7816     -82.4687
                -82.9979     -82.8955     -81.9928     -82.6001     -83.5959
                -83.9763     -83.1722     -82.1960     -83.1602     -83.0478
                -81.9343     -82.7844     -82.4746     -81.4867     -82.2855
   1    100     -89.3119     -89.5127     -89.3967     -88.9130     -88.6604
                -89.5627     -88.8493     -89.0983     -89.7743     -89.1557
                -89.6816     -87.8166     -88.7367     -88.9326     -88.8261
                -88.1711     -89.2605     -88.9197     -88.7708     -89.0751
                -90.0747     -88.6181     -89.4843     -88.3857     -88.4327
                -88.8505     -89.2685     -88.7528     -89.2213     -88.6324
                -88.7909     -88.7342     -89.5873     -89.1792     -88.8735
                -89.3989     -89.2987     -88.3692     -88.9754     -90.0101
                -90.3866     -89.5743     -88.6038     -89.5607     -89.4442
                -88.3094     -89.1886     -88.8757     -87.8709     -88.6757
   2      0     -81.5282     -81.6619     -81.5585     -81.0890     -80.8477
                -81.6957     -81.0308     -81.2751     -81.9548     -81.3398
                -81.9000     -80.0720     -80.9082     -81.0544     -80.9961
                -80.3531     -81.4176     -81.0978     -80.8923     -81.2390
                -82.2380     -80.7329     -81.6440     -80.5585     -80.5929
                -81.0128     -81.4522     -80.8525     -81.3713     -80.8477
                -80.9593     -80.8563     -81.7686     -81.3748     -81.0008
                -81.5830     -81.4859     -80.5122     -81.1607     -82.1329
                -82.5673     -81.7147     -80.7163     -81.6782     -81.6047
                -80.4909     -81.3158     -80.9949     -80.0865     -80.8457
   3      0     -81.5286     -81.6798     -81.5881     -81.0726     -80.8515
                -81.7694     -81.0729     -81.2837     -81.9630     -81.4419
                -81.8880     -80.0775     -80.9242     -81.1054     -81.0578
                -80.3697     -81.4501     -81.0643     -80.9169     -81.2373
                -82.2299     -80.7674     -81.6776     -80.5615     -80.5892
                -80.9997     -81.4954     -80.8894     -81.4030     -80.8606
                -81.0253     -80.9069     -81.7734     -81.3687     -81.0713
                -81.5813     -81.5114     -80.5229     -81.1749     -82.1769
                -82.6217     -81.7272     -80.7733     -81.7034     -81.6633
                -80.5057     -81.3116     -81.1082     -80.1026     -80.8755
   4      0     -81.5476     -81.6103     -81.5395     -81.0645     -80.7825
                -81.6900     -81.0480     -81.3017     -81.9675     -81.3672
                -81.9196     -80.0574     -80.9115     -81.0558     -80.9886
                -80.3284     -81.4363     -81.0582     -80.8522     -81.2061
                -82.2541     -80.7326     -81.6648     -80.5664     -80.5551
                -81.0533     -81.4407     -80.8161     -81.3783     -80.8632
                -80.9688     -80.8173     -81.7546     -81.3585     -81.0269
                -81.5314     -81.5253     -80.4663     -81.1069     -82.1075
                -82.5964     -81.7059     -80.7290     -81.6645     -81.6163
                -80.5331     -81.2562     -81.0253     -80.1113     -80.8712
   5      0     -81.6144     -81.7454     -81.5939     -81.1354     -80.8687
                -81.8242     -81.1521     -81.3322     -82.0258     -81.4861
                -81.9743     -80.1132     -80.9833     -81.1047     -81.1365
                -80.4408     -81.5037     -81.1283     -80.9643     -81.3012
                -82.2805     -80.8040     -81.7618     -80.6118     -80.6254
                -81.0437     -81.5239     -80.8515     -81.4476     -80.9180
                -81.0993     -80.9272     -81.8281     -81.3946     -81.1014
                -81.6609     -81.5413     -80.5319     -81.2091     -82.2166
                -82.6632     -81.7558     -80.8201     -81.7349     -81.7045
                -80.5789     -81.3329     -81.1015     -80.1657     -80.9320
   5     60     -81.7756     -81.9082     -81.7562     -81.2981     -81.0307
                -81.9865     -81.3134     -81.4941     -82.1879     -81.6475
                -82.1357     -80.2743     -81.1463     -81.2674     -81.2982
                -80.6028     -81.6663     -81.2895     -81.1270     -81.4627
                -82.4427     -80.9659     -81.9238     -80.7738     -80.7868
                -81.2057     -81.6855     -81.0146     -81.6101     -81.0800
                -81.2617     -81.0889     -81.9911     -81.5565     -81.2644
                -81.8232     -81.7030     -80.6932     -81.3705     -82.3786
                -82.8251     -81.9174     -80.9829     -81.8967     -81.8660
                -80.7403     -81.4949     -81.2637     -80.3274     -81.0941
   5     80     -83.5566     -83.6975     -83.5451     -83.0874     -82.8153
                -83.7787     -83.0973     -83.2845     -83.9754     -83.4261
                -83.9206     -82.0525     -82.9358     -83.0590     -83.0806
                -82.3872     -83.4595     -83.0729     -82.9156     -83.2460
                -84.2308     -82.7504     -83.7120     -82.5600     -82.5698
                -82.9973     -83.4711     -82.8105     -83.3981     -82.8635
                -83.0505     -82.8768     -83.7798     -83.3404     -83.0555
                -83.6147     -83.4908     -82.4731     -83.1495     -84.1677
                -84.6121     -83.7037     -82.7746     -83.6834     -83.6492
                -82.5203     -83.2808     -83.0500     -82.1110     -82.8763
   5    100     -89.5147     -89.6717     -89.5207     -89.0630     -88.7786
                -89.7673     -89.0652     -89.2652     -89.9513     -89.3815
                -89.8946     -87.9997     -88.9144     -89.0356     -89.0344
                -88.3507     -89.4483     -89.0345     -88.8917     -89.2142
                -90.2108     -88.7186     -89.6900     -88.5303     -88.5352
                -88.9801     -89.4443     -88.8110     -89.3749     -88.8224
                -89.0241     -88.8526     -89.7513     -89.3071     -89.0358
                -89.5976     -89.4692     -88.4244     -89.1024     -90.1513
                -90.5926     -89.6762     -88.7555     -89.6563     -89.6201
                -88.4729     -89.2529     -89.0249     -88.0703     -88.8376
 
 
 cumulative average & 95% error for solvation free energy
  1   -81.5286
  2   -81.6042     0.1512
  3   -81.5988     0.0879
  4   -81.4673     0.2703
  5   -81.3441     0.3233
  6   -81.4150     0.2996
  7   -81.3661     0.2714
  8   -81.3558     0.2360
  9   -81.4233     0.2480
 10   -81.4252     0.2219
 11   -81.4672     0.2176
 12   -81.3514     0.3051
 13   -81.3186     0.2883
 14   -81.3033     0.2686
 15   -81.2870     0.2522
 16   -81.2296     0.2623
 17   -81.2426     0.2478
 18   -81.2327     0.2344
 19   -81.2161     0.2242
 20   -81.2171     0.2127
 21   -81.2654     0.2242
 22   -81.2427     0.2185
 23   -81.2616     0.2122
 24   -81.2325     0.2113
 25   -81.2067     0.2091
 26   -81.1988     0.2016
 27   -81.2098     0.1952
 28   -81.1983     0.1895
 29   -81.2054     0.1834
 30   -81.1939     0.1786
 31   -81.1884     0.1731
 32   -81.1796     0.1685
 33   -81.1976     0.1673
 34   -81.2027     0.1626
 35   -81.1989     0.1581
 36   -81.2095     0.1551
 37   -81.2177     0.1517
 38   -81.1994     0.1521
 39   -81.1988     0.1482
 40   -81.2232     0.1525
 41   -81.2573     0.1636
 42   -81.2685     0.1612
 43   -81.2570     0.1591
 44   -81.2672     0.1568
 45   -81.2760     0.1542
 46   -81.2592     0.1545
 47   -81.2603     0.1512
 48   -81.2572     0.1482
 49   -81.2336     0.1526
 50   -81.2264     0.1502
 
 Mesh error is    0.083 kcal/mol
