 ERmod 0.3.8, Copyright (C) 2000-2019 Nobuyuki Matubayasi
                            2010-2019 Shun Sakuraba
 ERmod comes with ABSOLUTELY NO WARRANTY.
 This is free software, and you can redistribute it
 and/or modify it under certain conditions.
 See LICENSE file for details.
 
  Number of the   1-th solvent  =          378
  Number of the   2-th solvent  =        10000
 
  Be sure that the solvent distribution is homogeneous (radial distribution function is essentially unity) when the solvent molecule is separated beyond distance of   10.0 Angstrom in any direction from any atom within the solute molecule
 
  LJ long-range correction    =        -1.1319     -7.1533
 
  Self-energy of the solute   =        -0.0120  kcal/mol
 
 
 cumulative average & 95% error for solvation energy
              total             1st component         2nd component
  1  -476.2201              -71.0431             -405.1650
  2  -475.9411     0.5581   -73.7056     5.3248  -402.2235     5.8829
  3  -477.0219     2.1854   -71.3723     5.5882  -405.6376     7.6263
  4  -477.6365     1.9747   -70.8846     4.0701  -406.7400     5.8259
  5  -477.6371     1.5296   -74.2778     7.4830  -403.3473     8.1489
  6  -477.5361     1.2651   -79.0895    11.3991  -398.4346    11.8663
  7  -477.4690     1.0776   -79.3394     9.6470  -398.1176    10.0489
  8  -477.4819     0.9336   -79.5990     8.3706  -397.8710     8.7165
  9  -477.4218     0.8321   -80.1156     7.4542  -397.2943     7.7733
 10  -477.6209     0.8440   -80.3137     6.6790  -397.2952     6.9527
 11  -477.6773     0.7717   -79.9544     6.0839  -397.7109     6.3436
 12  -477.6813     0.7045   -80.2356     5.5823  -397.4337     5.8174
 13  -478.0491     0.9804   -79.1027     5.6126  -398.9344     6.1355
 14  -478.4255     1.1792   -76.8445     6.8847  -401.5690     7.7479
 15  -478.8070     1.3369   -74.8907     7.5065  -403.9043     8.5931
 16  -479.2239     1.5030   -72.6106     8.3726  -406.6013     9.6801
 17  -479.5527     1.5575   -71.9709     7.9681  -407.5698     9.2970
 18  -479.7381     1.5145   -71.7008     7.5318  -408.0254     8.8125
 19  -479.8424     1.4477   -71.5320     7.1323  -408.2984     8.3536
 20  -479.8974     1.3778   -71.1913     6.8005  -408.6941     7.9644
 21  -479.9578     1.3161   -71.4650     6.4917  -408.4808     7.5876
 22  -480.1006     1.2869   -70.6691     6.3910  -409.4195     7.4741
 23  -480.2875     1.2853   -69.8664     6.3143  -410.4091     7.4109
 24  -480.4830     1.2912   -69.0194     6.2784  -411.4516     7.3954
 25  -480.6379     1.2766   -68.0787     6.3090  -412.5472     7.4242
 26  -480.7471     1.2458   -67.5495     6.1533  -413.1856     7.2463
 27  -480.8625     1.2208   -67.1107     5.9857  -413.7398     7.0603
 28  -480.9106     1.1803   -67.2200     5.7721  -413.6786     6.8046
 29  -480.8981     1.1392   -67.0720     5.5773  -413.8140     6.5713
 30  -480.9956     1.1177   -66.6277     5.4610  -414.3560     6.4404
 31  -481.0399     1.0847   -66.5196     5.2863  -414.5083     6.2366
 32  -481.0907     1.0551   -66.5913     5.1205  -414.4874     6.0387
 33  -481.1724     1.0356   -66.6360     4.9637  -414.5244     5.8533
 34  -481.3365     1.0570   -66.4584     4.8286  -414.8661     5.7195
 35  -481.4225     1.0406   -66.2448     4.7080  -415.1657     5.5859
 36  -481.5068     1.0253   -66.0896     4.5859  -415.4052     5.4497
 37  -481.4834     0.9983   -66.3496     4.4904  -415.1218     5.3305
 38  -481.4690     0.9721   -66.5317     4.3858  -414.9252     5.2032
 39  -481.5697     0.9680   -66.8768     4.3273  -414.6808     5.0916
 40  -481.4437     0.9766   -67.5559     4.4310  -413.8758     5.2173
 41  -481.4049     0.9556   -68.6541     4.8476  -412.7389     5.5734
 42  -481.3122     0.9508   -69.1848     4.8484  -412.1154     5.5802
 43  -481.2128     0.9495   -69.8619     4.9242  -411.3389     5.6659
 44  -481.1047     0.9526   -70.7388     5.1207  -410.3538     5.8758
 45  -480.9958     0.9563   -71.2027     5.0909  -409.7810     5.8568
 46  -480.8957     0.9565   -71.4578     5.0050  -409.4259     5.7720
 47  -480.8190     0.9484   -71.3194     4.9052  -409.4876     5.6492
 48  -480.8639     0.9327   -70.3544     5.1753  -410.4975     5.8876
 49  -480.8988     0.9162   -69.7766     5.1986  -411.1101     5.8949
 50  -480.9515     0.9038   -69.5550     5.1128  -411.3845     5.8018
 
 
 group  inft  solvation free energy     error          difference
  total solvation free energy
   1      0       -103.75810           0.48903           0.04689
   1     60       -104.56866           0.48684          -0.76368
   1     80       -107.81143           0.48570          -4.00644
   1    100       -116.10731           0.48322         -12.30232
   2      0       -103.79611           0.49998           0.00888
   3      0       -103.80499           0.49807           0.00000
   4      0       -103.78270           0.49920           0.02229
   5      0       -103.86369           0.50335          -0.05870
   5     60       -104.87719           0.49937          -1.07221
   5     80       -108.67930           0.49912          -4.87431
   5    100       -116.25457           0.49841         -12.44958
 
  contribution from  1-th solvent component
   1      0        -24.93002           2.03173           0.02038
   1     60        -24.95859           2.03177          -0.00819
   1     80        -25.08471           2.03172          -0.13431
   1    100        -25.46516           2.03148          -0.51476
   2      0        -24.94933           2.03078           0.00108
   3      0        -24.95040           2.03013           0.00000
   4      0        -24.96689           2.03159          -0.01649
   5      0        -24.96453           2.03130          -0.01413
   5     60        -25.00088           2.03140          -0.05048
   5     80        -25.15372           2.03141          -0.20332
   5    100        -25.50592           2.03137          -0.55552
 
  contribution from  2-th solvent component
   1      0        -78.81608           2.45086           0.02651
   1     60        -79.59807           2.44855          -0.75549
   1     80        -82.71471           2.44634          -3.87213
   1    100        -90.63015           2.44183         -11.78756
   2      0        -78.83478           2.45904           0.00781
   3      0        -78.84258           2.45682           0.00000
   4      0        -78.80381           2.45793           0.03877
   5      0        -78.88716           2.46132          -0.04457
   5     60        -79.86431           2.45753          -1.02173
   5     80        -83.51357           2.45591          -4.67098
   5    100        -90.73664           2.45346         -11.89405
 
 
 group  inft   Estimated free energy: total (kcal/mol)
   1      0    -102.0721    -101.4252    -103.6357    -103.3251    -101.5110
               -100.9087    -101.7063    -102.1650    -101.5351    -102.4667
               -102.3139    -102.3822    -104.9232    -105.3207    -105.7331
               -106.2345    -105.5207    -104.3222    -103.6043    -103.8101
               -103.9261    -105.6295    -105.7991    -106.0655    -105.6615
               -104.8642    -104.9812    -104.0649    -103.5978    -104.9755
               -103.8811    -104.0910    -105.0435    -106.9061    -105.5413
               -105.2654    -103.5836    -103.3059    -105.5295    -100.2689
               -101.6999    -101.8861    -101.4324    -101.5491    -102.2750
               -101.5781    -102.7220    -105.8198    -105.6164    -105.4291
   1     60    -102.8800    -102.2464    -104.4459    -104.1392    -102.3331
               -101.7334    -102.5246    -102.9857    -102.3562    -103.2913
               -103.1357    -103.1973    -105.7302    -106.1230    -106.5330
               -107.0317    -106.3250    -105.1310    -104.4149    -104.6167
               -104.7349    -106.4292    -106.6015    -106.8694    -106.4641
               -105.6669    -105.7823    -104.8757    -104.4041    -105.7806
               -104.6843    -104.9030    -105.8529    -107.7090    -106.3495
               -106.0692    -104.3964    -104.1165    -106.3422    -101.0924
               -102.5270    -102.7071    -102.2613    -102.3726    -103.0923
               -102.3879    -103.5312    -106.6129    -106.4121    -106.2305
   1     80    -106.1003    -105.4713    -107.6740    -107.3712    -105.5697
               -104.9916    -105.7843    -106.2363    -105.6074    -106.5280
               -106.3703    -106.4363    -108.9701    -109.3701    -109.7660
               -110.2605    -109.5695    -108.3915    -107.6699    -107.8667
               -107.9942    -109.6525    -109.8305    -110.1068    -109.6958
               -108.9016    -109.0099    -108.1163    -107.6369    -109.0222
               -107.9194    -108.1711    -109.1127    -110.9511    -109.5971
               -109.3039    -107.6623    -107.3795    -109.6072    -104.3651
               -105.7974    -105.9544    -105.5006    -105.6215    -106.3389
               -105.6234    -106.7606    -109.8237    -109.6366    -109.4733
   1    100    -114.3568    -113.7386    -115.9756    -115.6627    -113.8650
               -113.3429    -114.1015    -114.5367    -113.9210    -114.8406
               -114.6803    -114.7455    -117.2671    -117.6622    -118.0404
               -118.5289    -117.8637    -116.7046    -115.9682    -116.1560
               -116.3054    -117.9214    -118.1191    -118.3960    -117.9838
               -117.1869    -117.2735    -116.4144    -115.8989    -117.3088
               -116.1784    -116.4947    -117.4349    -119.2583    -117.9023
               -117.5824    -115.9842    -115.6861    -117.9167    -112.6887
               -114.1268    -114.2560    -113.8070    -113.9567    -114.6526
               -113.8987    -115.0380    -118.0689    -117.9044    -117.7629
   2      0    -102.0980    -101.2739    -103.5814    -103.3284    -101.4512
               -100.8069    -101.7695    -102.1481    -101.4390    -102.5157
               -102.2174    -102.3800    -104.9853    -105.3742    -105.8376
               -106.3234    -105.5924    -104.4281    -103.7249    -103.8888
               -103.9709    -105.6972    -105.8593    -106.1458    -105.7350
               -104.9816    -105.0706    -104.1338    -103.6408    -105.0294
               -103.9540    -104.1054    -105.1668    -106.9549    -105.6017
               -105.3300    -103.6462    -103.3701    -105.5732    -100.3081
               -101.7856    -101.9256    -101.4428    -101.4895    -102.3092
               -101.5814    -102.7419    -105.9210    -105.6908    -105.4788
   3      0    -102.1514    -101.2439    -103.5558    -103.3006    -101.5139
               -100.8533    -101.7909    -102.1912    -101.4762    -102.5334
               -102.2543    -102.3755    -104.9637    -105.3945    -105.8224
               -106.3516    -105.6010    -104.3732    -103.7233    -103.9189
               -103.9637    -105.6584    -105.8639    -106.1317    -105.7423
               -104.9968    -105.0490    -104.1225    -103.6832    -105.0262
               -103.9497    -104.1364    -105.1973    -107.0023    -105.5934
               -105.3265    -103.6397    -103.3906    -105.5762    -100.3428
               -101.8375    -101.9062    -101.4458    -101.4807    -102.3284
               -101.5955    -102.7404    -105.9550    -105.7239    -105.4546
   4      0    -102.1404    -101.2064    -103.4787    -103.2928    -101.4376
               -100.8478    -101.7677    -102.1395    -101.4642    -102.5671
               -102.2183    -102.3932    -104.9794    -105.4000    -105.8554
               -106.3306    -105.5951    -104.4080    -103.6533    -103.9074
               -103.9756    -105.6298    -105.8821    -106.1198    -105.7240
               -104.9086    -104.9972    -104.1248    -103.6187    -104.9656
               -103.9224    -104.1005    -105.1925    -107.0261    -105.5572
               -105.2840    -103.6411    -103.3969    -105.5397    -100.3437
               -101.8831    -101.8645    -101.4414    -101.4444    -102.2608
               -101.4755    -102.7175    -105.9161    -105.6770    -105.4212
   5      0    -102.1927    -101.2260    -103.5446    -103.3549    -101.5296
               -100.8973    -101.8307    -102.2619    -101.4764    -102.6028
               -102.2826    -102.4284    -105.0689    -105.4561    -105.9181
               -106.4183    -105.7017    -104.4526    -103.7909    -103.9198
               -104.0465    -105.7351    -105.9615    -106.2152    -105.8207
               -105.0537    -105.1309    -104.1959    -103.7424    -105.0785
               -104.0230    -104.2035    -105.3122    -107.1097    -105.7066
               -105.3902    -103.7067    -103.4589    -105.5829    -100.3853
               -101.9247    -101.9133    -101.4884    -101.5447    -102.3881
               -101.6064    -102.7727    -106.0211    -105.7600    -105.5515
   5     60    -103.2103    -102.2695    -104.5749    -104.3742    -102.5670
               -101.9398    -102.8514    -103.2919    -102.5192    -103.6401
               -103.3214    -103.4544    -106.0761    -106.4559    -106.9157
               -107.4137    -106.7037    -105.4609    -104.8000    -104.9240
               -105.0529    -106.7292    -106.9582    -107.2141    -106.8189
               -106.0541    -106.1285    -105.2052    -104.7531    -106.0794
               -105.0223    -105.2145    -106.3208    -108.1094    -106.7102
               -106.3901    -104.7189    -104.4679    -106.5945    -101.4110
               -102.9558    -102.9429    -102.5307    -102.5861    -103.4057
               -102.6232    -103.7862    -107.0090    -106.7517    -106.5513
   5     80    -106.9860    -106.0277    -108.3533    -108.1671    -106.3600
               -105.7531    -106.6742    -107.0972    -106.3144    -107.4379
               -107.1148    -107.2516    -109.8752    -110.2611    -110.7128
               -111.2041    -110.5121    -109.2878    -108.6181    -108.7344
               -108.8724    -110.5144    -110.7517    -111.0130    -110.6118
               -109.8555    -109.9218    -109.0117    -108.5422    -109.8832
               -108.8194    -109.0445    -110.1476    -111.9137    -110.5196
               -110.1880    -108.5436    -108.2939    -110.4204    -105.2488
               -106.7911    -106.7499    -106.3258    -106.3837    -107.2074
               -106.4129    -107.5706    -110.7784    -110.5308    -110.3541
   5    100    -114.5238    -113.5607    -115.9188    -115.7228    -113.9348
               -113.3669    -114.2725    -114.6796    -113.8880    -115.0239
               -114.7028    -114.8311    -117.4562    -117.8363    -118.2793
               -118.7634    -118.0966    -116.8829    -116.2034    -116.3086
               -116.4636    -118.0729    -118.3247    -118.5852    -118.1824
               -117.4237    -117.4754    -116.5859    -116.0937    -117.4517
               -116.3661    -116.6420    -117.7506    -119.5082    -118.1034
               -117.7512    -116.1445    -115.8837    -118.0081    -112.8405
               -114.3997    -114.3297    -113.9005    -113.9681    -114.7953
               -113.9672    -115.1271    -118.3187    -118.0869    -117.9250
 
 group  inft   Estimated free energy: 1-th solvent contribution (kcal/mol)
   1      0     -25.5040     -26.6504     -23.5091     -24.6699     -31.8517
                -38.3447     -29.4466     -29.2008     -30.3089     -29.8365
                -27.2969     -30.4932     -23.6608     -16.0683     -16.2338
                -12.2615     -22.2936     -23.9580     -24.5688     -22.8103
                -28.1327     -18.8774     -18.3109     -17.0682     -15.2701
                -18.9642     -19.7263     -25.6632     -22.2831     -18.6520
                -22.5157     -24.6590     -24.6541     -21.9818     -20.9762
                -21.7377     -27.4247     -26.5622     -29.0597     -34.2991
                -42.1768     -33.3645     -36.2097     -40.4811     -33.9828
                -30.2364     -22.9019      -6.4602     -14.0165     -20.8851
   1     60     -25.5326     -26.6787     -23.5376     -24.6990     -31.8807
                -38.3735     -29.4747     -29.2293     -30.3370     -29.8650
                -27.3253     -30.5221     -23.6887     -16.0967     -16.2626
                -12.2902     -22.3220     -23.9857     -24.5973     -22.8392
                -28.1616     -18.9066     -18.3400     -17.0963     -15.2980
                -18.9922     -19.7552     -25.6920     -22.3112     -18.6802
                -22.5448     -24.6880     -24.6828     -22.0103     -21.0053
                -21.7669     -27.4533     -26.5906     -29.0889     -34.3281
                -42.2061     -33.3935     -36.2378     -40.5098     -34.0114
                -30.2646     -22.9298      -6.4880     -14.0447     -20.9136
   1     80     -25.6580     -26.8020     -23.6630     -24.8269     -32.0073
                -38.4994     -29.5983     -29.3539     -30.4604     -29.9893
                -27.4491     -30.6490     -23.8122     -16.2227     -16.3906
                -12.4181     -22.4480     -24.1095     -24.7236     -22.9672
                -28.2898     -19.0357     -18.4690     -17.2214     -15.4218
                -19.1164     -19.8831     -25.8192     -22.4354     -18.8053
                -22.6735     -24.8163     -24.8104     -22.1374     -21.1342
                -21.8962     -27.5798     -26.7169     -29.2183     -34.4554
                -42.3343     -33.5200     -36.3606     -40.6347     -34.1368
                -30.3892     -23.0529      -6.6123     -14.1703     -21.0405
   1    100     -26.0372     -27.1778     -24.0428     -25.2092     -32.3851
                -38.8786     -29.9748     -29.7315     -30.8369     -30.3680
                -27.8262     -31.0306     -24.1902     -16.6047     -16.7751
                -12.8023     -22.8294     -24.4875     -25.1053     -23.3508
                -28.6729     -19.4204     -18.8544     -17.6006     -15.7994
                -19.4930     -20.2665     -26.2013     -22.8127     -19.1843
                -23.0563     -25.2012     -25.1938     -22.5212     -21.5194
                -22.2818     -27.9607     -27.0971     -29.6030     -34.8362
                -42.7167     -33.9006     -36.7354     -41.0124     -34.5154
                -30.7652     -23.4269      -6.9904     -14.5513     -21.4235
   2      0     -25.5092     -26.6478     -23.4881     -24.6740     -31.8482
                -38.3529     -29.4890     -29.2251     -30.3184     -29.8507
                -27.3070     -30.4940     -23.6885     -16.0815     -16.2640
                -12.2623     -22.3145     -24.0139     -24.6073     -22.8263
                -28.1482     -18.8898     -18.3405     -17.1024     -15.2981
                -18.9995     -19.7414     -25.6916     -22.2997     -18.6847
                -22.5318     -24.6710     -24.6725     -21.9966     -21.0031
                -21.7582     -27.4612     -26.5983     -29.0725     -34.3269
                -42.1973     -33.3838     -36.2179     -40.4790     -34.0137
                -30.2568     -22.9248      -6.4949     -14.0431     -20.9044
   3      0     -25.5170     -26.6504     -23.4970     -24.6812     -31.8533
                -38.3360     -29.4743     -29.2215     -30.2996     -29.8446
                -27.3111     -30.4950     -23.6981     -16.0765     -16.2634
                -12.2770     -22.3291     -24.0084     -24.6135     -22.8373
                -28.1550     -18.8842     -18.3397     -17.1154     -15.3058
                -18.9920     -19.7329     -25.6972     -22.3012     -18.6821
                -22.5195     -24.6888     -24.7001     -22.0061     -20.9970
                -21.7481     -27.4607     -26.5894     -29.0789     -34.3250
                -42.1927     -33.3728     -36.2112     -40.4813     -34.0276
                -30.2637     -22.9143      -6.5027     -14.0496     -20.9005
   4      0     -25.5344     -26.6703     -23.4991     -24.6916     -31.8776
                -38.3760     -29.5054     -29.2526     -30.3336     -29.8782
                -27.3267     -30.5101     -23.7161     -16.1027     -16.2848
                -12.2689     -22.3323     -24.0470     -24.6277     -22.8366
                -28.1696     -18.8967     -18.3551     -17.1313     -15.3176
                -19.0180     -19.7410     -25.7130     -22.3187     -18.7041
                -22.5217     -24.6944     -24.6905     -21.9998     -21.0148
                -21.7489     -27.4930     -26.6072     -29.0826     -34.3427
                -42.2223     -33.3893     -36.2458     -40.4985     -34.0438
                -30.2798     -22.9440      -6.5051     -14.0613     -20.9223
   5      0     -25.5352     -26.6575     -23.4965     -24.6782     -31.8738
                -38.3689     -29.5090     -29.2519     -30.3241     -29.8593
                -27.3305     -30.5044     -23.7183     -16.0972     -16.2790
                -12.2794     -22.3405     -24.0362     -24.6258     -22.8373
                -28.1671     -18.8911     -18.3424     -17.1230     -15.3088
                -19.0125     -19.7372     -25.7036     -22.3191     -18.6954
                -22.5187     -24.6958     -24.6999     -21.9987     -21.0039
                -21.7608     -27.4859     -26.6042     -29.0746     -34.3489
                -42.2102     -33.3826     -36.2540     -40.5053     -34.0506
                -30.2769     -22.9420      -6.5218     -14.0692     -20.9190
   5     60     -25.5719     -26.6942     -23.5336     -24.7153     -31.9111
                -38.4062     -29.5447     -29.2884     -30.3606     -29.8958
                -27.3671     -30.5414     -23.7536     -16.1331     -16.3154
                -12.3158     -22.3764     -24.0714     -24.6619     -22.8739
                -28.2036     -18.9279     -18.3791     -17.1586     -15.3440
                -19.0479     -19.7736     -25.7402     -22.3548     -18.7309
                -22.5554     -24.7324     -24.7363     -22.0349     -21.0407
                -21.7977     -27.5221     -26.6402     -29.1116     -34.3859
                -42.2476     -33.4197     -36.2904     -40.5422     -34.0868
                -30.3130     -22.9778      -6.5570     -14.1049     -20.9550
   5     80     -25.7244     -26.8440     -23.6864     -24.8701     -32.0645
                -38.5596     -29.6947     -29.4401     -30.5110     -30.0469
                -27.5185     -30.6953     -23.9034     -16.2856     -16.4700
                -12.4704     -22.5290     -24.2218     -24.8151     -23.0287
                -28.3581     -19.0834     -18.5348     -17.3102     -15.4941
                -19.1986     -19.9282     -25.8945     -22.5053     -18.8823
                -22.7109     -24.8874     -24.8904     -22.1883     -21.1961
                -21.9539     -27.6751     -26.7928     -29.2678     -34.5406
                -42.4031     -33.5732     -36.4404     -40.6942     -34.2386
                -30.4641     -23.1279      -6.7074     -14.2567     -21.1081
   5    100     -26.0765     -27.1946     -24.0401     -25.2235     -32.4165
                -38.9126     -30.0430     -29.7907     -30.8619     -30.3994
                -27.8709     -31.0491     -24.2530     -16.6383     -16.8249
                -12.8254     -22.8821     -24.5721     -25.1676     -23.3829
                -28.7112     -19.4377     -18.8908     -17.6608     -15.8431
                -19.5470     -20.2814     -26.2485     -22.8550     -19.2322
                -23.0639     -25.2424     -25.2446     -22.5426     -21.5511
                -22.3097     -28.0274     -27.1439     -29.6226     -34.8931
                -42.7571     -33.9256     -36.7903     -41.0453     -34.5889
                -30.8128     -23.4753      -7.0575     -14.6083     -21.4610
 
 group  inft   Estimated free energy: 2-th solvent contribution (kcal/mol)
   1      0     -76.5561     -74.7628     -80.1147     -78.6433     -69.6473
                -62.5520     -72.2477     -72.9521     -71.2142     -72.6182
                -75.0050     -71.8770     -81.2503     -89.2403     -89.4874
                -93.9610     -83.2151     -80.3522     -79.0235     -80.9878
                -75.7813     -86.7401     -87.4761     -88.9853     -90.3795
                -85.8880     -85.2428     -78.3897     -81.3026     -86.3115
                -81.3534     -79.4200     -80.3774     -84.9123     -84.5531
                -83.5157     -76.1469     -76.7317     -76.4578     -65.9578
                -59.5111     -68.5095     -65.2107     -61.0559     -68.2802
                -71.3297     -79.8081     -99.3476     -91.5879     -84.5319
   1     60     -77.3354     -75.5557     -80.8963     -79.4282     -70.4403
                -63.3479     -73.0379     -73.7444     -72.0072     -73.4143
                -75.7984     -72.6632     -82.0295     -90.0143     -90.2584
                -94.7295     -83.9910     -81.1333     -79.8056     -81.7655
                -76.5612     -87.5107     -88.2495     -89.7611     -91.1542
                -86.6627     -86.0151     -79.1717     -82.0808     -87.0884
                -82.1275     -80.2030     -81.1580     -85.6866     -85.3322
                -84.2903     -76.9311     -77.5138     -77.2413     -66.7523
                -60.3089     -69.3016     -66.0114     -61.8508     -69.0689
                -72.1113     -80.5894    -100.1128     -92.3555     -85.3049
   1     80     -80.4303     -78.6573     -83.9990     -82.5323     -73.5503
                -66.4802     -76.1741     -76.8704     -75.1350     -76.5267
                -78.9091     -75.7753     -85.1459     -93.1354     -93.3634
                -97.8305     -87.1095     -84.2700     -82.9343     -84.8876
                -79.6924     -90.6048     -91.3496     -92.8733     -94.2621
                -89.7732     -89.1148     -82.2851     -85.1895     -90.2049
                -85.2339     -83.3428     -84.2903     -88.8017     -88.4508
                -87.3957     -80.0705     -80.6507     -80.3768     -69.8977
                -63.4511     -72.4224     -69.1280     -64.9748     -72.1901
                -75.2222     -83.6957    -103.1995     -95.4543     -88.4207
   1    100     -88.3075     -86.5488     -91.9208     -90.4415     -81.4680
                -74.4523     -84.1147     -84.7933     -83.0721     -84.4605
                -86.8422     -83.7029     -93.0649    -101.0455    -101.2532
               -105.7146     -95.0224     -92.2051     -90.8509     -92.7932
                -87.6204     -98.4890     -99.2527    -100.7835    -102.1724
                -97.6819     -96.9950     -90.2011     -93.0742     -98.1125
                -93.1101     -91.2815     -92.2291     -96.7251     -96.3710
                -95.2885     -88.0115     -88.5770     -88.3018     -77.8405
                -71.3981     -80.3434     -77.0596     -72.9323     -80.1252
                -83.1215     -91.5991    -111.0665    -103.3411     -96.3274
   2      0     -76.5768     -74.6141     -80.0812     -78.6423     -69.5911
                -62.4420     -72.2685     -72.9110     -71.1086     -72.6530
                -74.8984     -71.8740     -81.2848     -89.2807     -89.5616
                -94.0491     -83.2658     -80.4021     -79.1056     -81.0505
                -75.8107     -86.7953     -87.5068     -89.0314     -90.4248
                -85.9701     -85.3172     -78.4302     -81.3292     -86.3327
                -81.4103     -79.4224     -80.4823     -84.9462     -84.5867
                -83.5597     -76.1730     -76.7598     -76.4887     -65.9691
                -59.5764     -68.5298     -65.2129     -60.9984     -68.2835
                -71.3126     -79.8051     -99.4141     -91.6357     -84.5624
   3      0     -76.6223     -74.5815     -80.0468     -78.6074     -69.6486
                -62.5054     -72.3046     -72.9577     -71.1645     -72.6768
                -74.9312     -71.8685     -81.2536     -89.3059     -89.5470
                -94.0626     -83.2598     -80.3528     -79.0978     -81.0696
                -75.7967     -86.7621     -87.5122     -89.0043     -90.4245
                -85.9928     -85.3041     -78.4132     -81.3700     -86.3321
                -81.4182     -79.4356     -80.4852     -84.9841     -84.5844
                -83.5663     -76.1670     -76.7892     -76.4852     -66.0058
                -59.6328     -68.5214     -65.2226     -60.9874     -68.2888
                -71.3198     -79.8140     -99.4403     -91.6622     -84.5421
   4      0     -76.5940     -74.5241     -79.9676     -78.5892     -69.5481
                -62.4598     -72.2503     -72.8750     -71.1186     -72.6769
                -74.8796     -71.8711     -81.2513     -89.2853     -89.5587
                -94.0497     -83.2508     -80.3490     -79.0136     -81.0589
                -75.7940     -86.7211     -87.5150     -88.9765     -90.3944
                -85.8787     -85.2442     -78.3998     -81.2880     -86.2495
                -81.3888     -79.3941     -80.4900     -85.0143     -84.5304
                -83.5230     -76.1360     -76.7778     -76.4451     -65.9891
                -59.6488     -68.4632     -65.1836     -60.9339     -68.2050
                -71.1837     -79.7615     -99.3990     -91.6037     -84.4869
   5      0     -76.6455     -74.5565     -80.0361     -78.6648     -69.6438
                -62.5164     -72.3097     -72.9980     -71.1403     -72.7315
                -74.9400     -71.9120     -81.3386     -89.3469     -89.6271
                -94.1269     -83.3492     -80.4044     -79.1531     -81.0705
                -75.8673     -86.8320     -87.6071     -89.0802     -90.4999
                -86.0291     -85.3817     -78.4803     -81.4113     -86.3711
                -81.4923     -79.4957     -80.6003     -85.0989     -84.6906
                -83.6174     -76.2088     -76.8426     -76.4963     -66.0244
                -59.7024     -68.5187     -65.2224     -61.0274     -68.3256
                -71.3174     -79.8187     -99.4873     -91.6788     -84.6206
   5     60     -77.6264     -75.5633     -81.0293     -79.6469     -70.6439
                -63.5216     -73.2947     -73.9915     -72.1467     -73.7323
                -75.9422     -72.9010     -82.3105     -90.3108     -90.5882
                -95.0860     -84.3153     -81.3775     -80.1260     -82.0381
                -76.8373     -87.7893     -88.5672     -90.0435     -91.4628
                -86.9941     -86.3428     -79.4530     -82.3863     -87.3365
                -82.4549     -80.4701     -81.5725     -86.0625     -85.6576
                -84.5804     -77.1848     -77.8157     -77.4710     -67.0131
                -60.6962     -69.5113     -66.2283     -62.0319     -69.3069
                -72.2982     -80.7964    -100.4400     -92.6348     -85.5843
   5     80     -81.2496     -79.1717     -84.6549     -83.2850     -74.2835
                -67.1814     -76.9674     -77.6451     -75.7914     -77.3789
                -79.5843     -76.5443     -85.9598     -93.9635     -94.2309
                -98.7216     -87.9711     -85.0540     -83.7909     -85.6937
                -80.5023     -91.4190     -92.2050     -93.6908     -95.1057
                -90.6449     -89.9817     -83.1052     -86.0249     -90.9890
                -86.0965     -84.1451     -85.2452     -89.7133     -89.3115
                -88.2221     -80.8565     -81.4891     -81.1406     -70.6961
                -64.3760     -73.1647     -69.8734     -65.6775     -72.9568
                -75.9367     -84.4307    -104.0590     -96.2621     -89.2340
   5    100     -88.4352     -86.3541     -91.8667     -90.4874     -81.5063
                -74.4422     -84.2176     -84.8769     -83.0141     -84.6125
                -86.8199     -83.7700     -93.1913    -101.1860    -101.4424
               -105.9260     -95.2025     -92.2988     -91.0239     -92.9137
                -87.7404     -98.6233     -99.4218    -100.9124    -102.3273
                -97.8648     -97.1819     -90.3254     -93.2268     -98.2075
                -93.2901     -91.3876     -92.4939     -96.9536     -96.5402
                -95.4295     -88.1052     -88.7278     -88.3735     -77.9354
                -71.6305     -80.3920     -77.0982     -72.9108     -80.1944
                -83.1423     -91.6397    -111.2492    -103.4666     -96.4519
 
 
 cumulative average & 95% error for solvation free energy
              total             1st component         2nd component
  1  -102.1514              -25.5170              -76.6223
  2  -101.6977     0.9074   -26.0837     1.1334   -75.6019     2.0408
  3  -102.3170     1.3450   -25.2215     1.8445   -77.0835     3.1889
  4  -102.5629     1.0707   -25.0864     1.3319   -77.4645     2.3802
  5  -102.3531     0.9295   -26.4398     2.8967   -75.9013     3.6295
  6  -102.1032     0.9088   -28.4225     4.6172   -73.6687     5.3592
  7  -102.0586     0.7732   -28.5727     3.9138   -73.4738     4.5461
  8  -102.0751     0.6704   -28.6538     3.3933   -73.4093     3.9392
  9  -102.0086     0.6061   -28.8367     3.0149   -73.1599     3.5096
 10  -102.0611     0.5522   -28.9375     2.7041   -73.1116     3.1406
 11  -102.0786     0.5007   -28.7896     2.4638   -73.2770     2.8600
 12  -102.1034     0.4597   -28.9318     2.2670   -73.1596     2.6213
 13  -102.3234     0.6103   -28.5292     2.2354   -73.7822     2.7138
 14  -102.5428     0.7154   -27.6397     2.7291   -74.8911     3.3512
 15  -102.7614     0.7967   -26.8813     2.9590   -75.8681     3.6813
 16  -102.9858     0.8699   -25.9685     3.3157   -77.0053     4.1268
 17  -103.1396     0.8732   -25.7544     3.1438   -77.3732     3.9457
 18  -103.2082     0.8346   -25.6574     2.9704   -77.5387     3.7347
 19  -103.2353     0.7913   -25.6025     2.8118   -77.6208     3.5365
 20  -103.2695     0.7538   -25.4642     2.6818   -77.7932     3.3727
 21  -103.3025     0.7200   -25.5924     2.5638   -77.6982     3.2137
 22  -103.4096     0.7191   -25.2874     2.5194   -78.1102     3.1730
 23  -103.5163     0.7195   -24.9854     2.4820   -78.5189     3.1402
 24  -103.6253     0.7226   -24.6574     2.4652   -78.9558     3.1309
 25  -103.7100     0.7135   -24.2834     2.4800   -79.4146     3.1401
 26  -103.7595     0.6926   -24.0799     2.4173   -79.6676     3.0591
 27  -103.8072     0.6732   -23.9189     2.3482   -79.8763     2.9730
 28  -103.8185     0.6491   -23.9824     2.2663   -79.8241     2.8668
 29  -103.8138     0.6264   -23.9244     2.1899   -79.8774     2.7682
 30  -103.8542     0.6106   -23.7497     2.1443   -80.0926     2.7088
 31  -103.8573     0.5906   -23.7100     2.0755   -80.1353     2.6213
 32  -103.8660     0.5721   -23.7406     2.0105   -80.1135     2.5385
 33  -103.9064     0.5603   -23.7696     1.9495   -80.1247     2.4604
 34  -103.9974     0.5733   -23.7178     1.8941   -80.2676     2.4040
 35  -104.0430     0.5641   -23.6400     1.8458   -80.3910     2.3473
 36  -104.0787     0.5528   -23.5875     1.7968   -80.4792     2.2880
 37  -104.0668     0.5382   -23.6922     1.7601   -80.3626     2.2375
 38  -104.0490     0.5250   -23.7684     1.7199   -80.2686     2.1859
 39  -104.0882     0.5174   -23.9046     1.6972   -80.1716     2.1379
 40  -103.9945     0.5379   -24.1651     1.7344   -79.8174     2.2009
 41  -103.9419     0.5351   -24.6048     1.9065   -79.3251     2.3616
 42  -103.8935     0.5311   -24.8135     1.9068   -79.0679     2.3614
 43  -103.8365     0.5309   -25.0786     1.9359   -78.7459     2.3941
 44  -103.7830     0.5297   -25.4287     2.0168   -78.3423     2.4744
 45  -103.7507     0.5218   -25.6198     2.0082   -78.1189     2.4597
 46  -103.7038     0.5189   -25.7207     1.9744   -77.9711     2.4237
 47  -103.6833     0.5093   -25.6610     1.9356   -78.0103     2.3729
 48  -103.7306     0.5075   -25.2619     2.0562   -78.4568     2.4886
 49  -103.7713     0.5037   -25.0331     2.0651   -78.7263     2.4962
 50  -103.8050     0.4981   -24.9504     2.0301   -78.8426     2.4568
 
 Mesh error is    0.059 kcal/mol
