 ERmod 0.3.8, Copyright (C) 2000-2019 Nobuyuki Matubayasi
                            2010-2019 Shun Sakuraba
 ERmod comes with ABSOLUTELY NO WARRANTY.
 This is free software, and you can redistribute it
 and/or modify it under certain conditions.
 See LICENSE file for details.
 
  Number of the   1-th solvent  =          378
  Number of the   2-th solvent  =        10000
 
  Be sure that the solvent distribution is homogeneous (radial distribution function is essentially unity) when the solvent molecule is separated beyond distance of   10.0 Angstrom in any direction from any atom within the solute molecule
 
  LJ long-range correction    =        -1.1319     -7.1533
 
  Self-energy of the solute   =         0.0028  kcal/mol
 
 
 cumulative average & 95% error for solvation energy
              total             1st component         2nd component
  1  -494.6369              -72.2119             -422.4278
  2  -493.5492     2.1755   -71.1310     2.1618  -422.4209     0.0137
  3  -494.6516     2.5375   -73.6999     5.2872  -420.9545     2.9329
  4  -495.0337     1.9503   -77.7796     8.9752  -417.2569     7.6805
  5  -494.7375     1.6227   -80.5903     8.9405  -414.1499     8.6027
  6  -494.5908     1.3571   -83.3750     9.1818  -411.2185     9.1493
  7  -495.1063     1.5423   -82.8489     7.8310  -412.2602     8.0083
  8  -495.1294     1.3365   -85.7325     8.9025  -409.3996     8.9906
  9  -495.1507     1.1794   -83.0134     9.5508  -412.1401     9.6389
 10  -495.3562     1.1322   -81.7618     8.9017  -413.5972     9.1005
 11  -495.6870     1.2192   -81.8379     8.0533  -413.8519     8.2474
 12  -495.7618     1.1230   -80.8695     7.6025  -414.8950     7.8126
 13  -495.7478     1.0334   -77.9713     9.0832  -417.7792     9.2152
 14  -495.8291     0.9705   -78.3979     8.4526  -417.4340     8.5595
 15  -495.7132     0.9327   -79.6704     8.2703  -416.0455     8.4385
 16  -495.6576     0.8796   -81.1759     8.3014  -414.4844     8.4885
 17  -495.6633     0.8263   -81.9310     7.9427  -413.7351     8.1132
 18  -495.5968     0.7903   -81.8193     7.4918  -413.7803     7.6497
 19  -495.5447     0.7548   -81.1090     7.2275  -414.4385     7.3547
 20  -495.5431     0.7160   -80.7901     6.8862  -414.7557     7.0060
 21  -495.5867     0.6867   -81.1734     6.5948  -414.4161     6.6986
 22  -495.6305     0.6605   -81.2410     6.2893  -414.3923     6.3870
 23  -495.6969     0.6450   -82.2967     6.3698  -413.4030     6.4158
 24  -495.7260     0.6203   -83.2258     6.3754  -412.5029     6.4010
 25  -495.7834     0.6059   -82.6956     6.2064  -413.0906     6.2511
 26  -495.8691     0.6068   -82.5530     5.9697  -413.3188     6.0232
 27  -495.8590     0.5843   -82.1948     5.7889  -413.6670     5.8375
 28  -495.9070     0.5711   -82.2690     5.5803  -413.6408     5.6254
 29  -495.9044     0.5511   -82.1886     5.3868  -413.7186     5.4301
 30  -495.8656     0.5381   -82.2163     5.2044  -413.6520     5.2477
 31  -495.7894     0.5423   -82.5302     5.0727  -413.2620     5.1352
 32  -495.7724     0.5261   -83.7849     5.5156  -411.9903     5.5849
 33  -495.7418     0.5136   -84.1136     5.3861  -411.6310     5.4605
 34  -495.7449     0.4983   -83.8649     5.2489  -411.8828     5.3214
 35  -495.7151     0.4875   -83.4712     5.1572  -412.2467     5.2181
 36  -495.6548     0.4889   -83.0680     5.0763  -412.5895     5.1172
 37  -495.6381     0.4767   -83.0274     4.9379  -412.6134     4.9772
 38  -495.6055     0.4685   -82.7169     4.8462  -412.8913     4.8762
 39  -495.6023     0.4564   -82.1100     4.8738  -413.4950     4.9006
 40  -495.6570     0.4581   -81.7778     4.7967  -413.8820     4.8388
 41  -495.6896     0.4515   -81.6698     4.6832  -414.0225     4.7277
 42  -495.6843     0.4408   -81.2767     4.6375  -414.4103     4.6785
 43  -495.6721     0.4311   -81.0222     4.5568  -414.6527     4.5941
 44  -495.6640     0.4215   -80.1339     4.7935  -415.5329     4.8213
 45  -495.6722     0.4123   -79.4084     4.9053  -416.2666     4.9361
 46  -495.6586     0.4042   -78.7077     4.9979  -416.9537     5.0194
 47  -495.7095     0.4084   -77.9974     5.0926  -417.7148     5.1419
 48  -495.7242     0.4009   -77.4319     5.1120  -418.2950     5.1657
 49  -495.7601     0.3991   -77.2870     5.0150  -418.4758     5.0721
 50  -495.7115     0.4030   -76.6950     5.0543  -419.0193     5.0871
 
 
 group  inft  solvation free energy     error          difference
  total solvation free energy
   1      0       -113.18914           0.23481           0.05505
   1     60       -114.06398           0.23428          -0.81980
   1     80       -117.65381           0.23335          -4.40962
   1    100       -126.45024           0.23418         -13.20605
   2      0       -113.22883           0.23251           0.01535
   3      0       -113.24418           0.23173           0.00000
   4      0       -113.20567           0.23316           0.03851
   5      0       -113.29167           0.23126          -0.04748
   5     60       -114.38555           0.23063          -1.14137
   5     80       -118.58642           0.22983          -5.34223
   5    100       -126.59929           0.23025         -13.35510
 
  contribution from  1-th solvent component
   1      0        -28.36084           2.03860           0.01540
   1     60        -28.39276           2.03865          -0.01652
   1     80        -28.53778           2.03880          -0.16154
   1    100        -28.95159           2.03880          -0.57536
   2      0        -28.37100           2.03884           0.00524
   3      0        -28.37624           2.03907           0.00000
   4      0        -28.38063           2.03819          -0.00440
   5      0        -28.38273           2.03906          -0.00649
   5     60        -28.42316           2.03913          -0.04692
   5     80        -28.59750           2.03928          -0.22126
   5    100        -28.97928           2.03926          -0.60305
 
  contribution from  2-th solvent component
   1      0        -84.83105           2.15057           0.03965
   1     60        -85.67398           2.14929          -0.80328
   1     80        -89.11879           2.14637          -4.24808
   1    100        -97.50140           2.14374         -12.63070
   2      0        -84.86059           2.14921           0.01012
   3      0        -84.87070           2.14900           0.00000
   4      0        -84.82779           2.14837           0.04291
   5      0        -84.91169           2.14784          -0.04099
   5     60        -85.96515           2.14630          -1.09445
   5     80        -89.99167           2.14324          -5.12097
   5    100        -97.62276           2.14048         -12.75206
 
 
 group  inft   Estimated free energy: total (kcal/mol)
   1      0    -112.1613    -112.1423    -113.5830    -113.1901    -112.2117
               -112.0342    -114.3935    -112.9873    -112.8930    -113.6506
               -114.7682    -114.0888    -113.4290    -113.0427    -111.3764
               -111.9046    -112.7906    -112.4339    -112.9637    -113.3140
               -113.1159    -113.6422    -113.1054    -112.6486    -113.8699
               -114.5969    -113.1866    -113.6236    -113.1837    -113.0555
               -112.3026    -111.7393    -112.4166    -113.0448    -112.8332
               -112.0698    -113.3032    -112.6392    -113.3944    -114.4705
               -114.1734    -113.8727    -113.3701    -113.2716    -113.8768
               -113.3983    -115.0503    -113.9636    -114.4497    -112.4294
   1     60    -113.0305    -113.0118    -114.4576    -114.0676    -113.0850
               -112.9124    -115.2694    -113.8683    -113.7689    -114.5262
               -115.6510    -114.9602    -114.2958    -113.9228    -112.2592
               -112.7875    -113.6676    -113.3127    -113.8410    -114.1912
               -113.9960    -114.5211    -113.9893    -113.5352    -114.7475
               -115.4714    -114.0666    -114.5025    -114.0621    -113.9350
               -113.1797    -112.6234    -113.2897    -113.9236    -113.7064
               -112.9392    -114.1765    -113.5132    -114.2638    -115.3380
               -115.0434    -114.7389    -114.2423    -114.1369    -114.7401
               -114.2644    -115.9159    -114.8314    -115.3221    -113.2969
   1     80    -116.6103    -116.5794    -118.0565    -117.6677    -116.6542
               -116.5077    -118.8669    -117.4633    -117.3618    -118.1203
               -119.2627    -118.5465    -117.8661    -117.5284    -115.8739
               -116.3883    -117.2673    -116.9085    -117.4353    -117.7860
               -117.6057    -118.1183    -117.6072    -117.1515    -118.3474
               -119.0600    -117.6714    -118.1052    -117.6630    -117.5325
               -116.7676    -116.2368    -116.8833    -117.5232    -117.2939
               -116.5207    -117.7534    -117.1009    -117.8421    -118.9091
               -118.6132    -118.3083    -117.8244    -117.7013    -118.2987
               -117.8331    -119.4846    -118.4108    -118.9063    -116.8653
   1    100    -125.3771    -125.3481    -126.8748    -126.4863    -125.3883
               -125.3118    -127.6899    -126.2661    -126.1596    -126.9220
               -128.1035    -127.3559    -126.6499    -126.3515    -124.6861
               -125.1883    -126.0701    -125.7129    -126.2305    -126.5732
               -126.4321    -126.9185    -126.4336    -125.9704    -127.1673
               -127.8511    -126.4953    -126.9189    -126.4774    -126.3353
               -125.5544    -125.0500    -125.6828    -126.3374    -126.0890
               -125.3113    -126.5297    -125.8828    -126.6073    -127.6822
               -127.3824    -127.0847    -126.6163    -126.4685    -127.0600
               -126.6167    -128.2701    -127.2064    -127.7107    -125.6231
   2      0    -112.2390    -112.1951    -113.6435    -113.2304    -112.3204
               -112.0566    -114.4242    -113.0267    -112.9359    -113.6878
               -114.8122    -114.1113    -113.4272    -113.1127    -111.4280
               -111.9609    -112.8945    -112.5007    -113.0122    -113.3236
               -113.1617    -113.6619    -113.1216    -112.6739    -113.8636
               -114.6481    -113.2253    -113.7394    -113.2516    -113.0844
               -112.3848    -111.7438    -112.4619    -113.0249    -112.9449
               -112.0738    -113.3478    -112.6916    -113.4501    -114.4558
               -114.1878    -113.8811    -113.3626    -113.2927    -113.9381
               -113.4359    -115.0775    -114.0001    -114.4513    -112.4607
   3      0    -112.2554    -112.2334    -113.6713    -113.2332    -112.3222
               -112.0712    -114.4380    -113.0585    -112.9963    -113.6868
               -114.8225    -114.1307    -113.4026    -113.1102    -111.4046
               -111.9827    -112.8950    -112.5409    -113.0317    -113.3763
               -113.1788    -113.6682    -113.1321    -112.7009    -113.8838
               -114.6820    -113.2527    -113.7178    -113.2701    -113.0967
               -112.3985    -111.7837    -112.4853    -113.0689    -112.9940
               -112.0846    -113.3346    -112.7043    -113.4362    -114.4471
               -114.1810    -113.9118    -113.3915    -113.3106    -113.9832
               -113.4473    -115.0878    -113.9723    -114.4605    -112.4797
   4      0    -112.2531    -112.1523    -113.6774    -113.1933    -112.3173
               -112.0364    -114.4733    -113.0085    -112.9225    -113.6767
               -114.7852    -114.0806    -113.4161    -113.0911    -111.4059
               -111.9225    -112.8360    -112.4967    -113.0313    -113.2870
               -113.1356    -113.6573    -113.1217    -112.6317    -113.7992
               -114.6769    -113.1874    -113.7044    -113.2005    -113.0352
               -112.3563    -111.7217    -112.4353    -113.0244    -112.9551
               -112.0468    -113.2908    -112.6716    -113.4363    -114.4295
               -114.1139    -113.8425    -113.3203    -113.2187    -113.9478
               -113.4136    -115.0522    -113.9668    -114.4185    -112.4085
   5      0    -112.3549    -112.2349    -113.7199    -113.2450    -112.4003
               -112.1384    -114.4824    -113.0676    -113.0759    -113.7456
               -114.8517    -114.2246    -113.4756    -113.1553    -111.4780
               -112.0618    -112.9161    -112.6224    -113.0727    -113.4010
               -113.1635    -113.7266    -113.2416    -112.7485    -113.8829
               -114.7184    -113.2788    -113.8083    -113.2974    -113.1465
               -112.4287    -111.8426    -112.5415    -113.1150    -113.0606
               -112.1304    -113.3751    -112.7669    -113.4747    -114.5408
               -114.2056    -113.9226    -113.4369    -113.3120    -114.0554
               -113.4536    -115.1427    -114.0201    -114.5389    -112.4827
   5     60    -113.4430    -113.3218    -114.8147    -114.3426    -113.4909
               -113.2354    -115.5768    -114.1685    -114.1710    -114.8405
               -115.9539    -115.3153    -114.5590    -114.2540    -112.5806
               -113.1649    -114.0135    -113.7188    -114.1696    -114.4980
               -114.2653    -114.8263    -114.3464    -113.8539    -114.9802
               -115.8144    -114.3782    -114.9074    -114.3952    -114.2455
               -113.5257    -112.9497    -113.6377    -114.2110    -114.1531
               -113.2192    -114.4660    -113.8599    -114.5624    -115.6249
               -115.2921    -115.0068    -114.5284    -114.3940    -115.1355
               -114.5370    -116.2248    -115.1065    -115.6298    -113.5674
   5     80    -117.6334    -117.5004    -119.0265    -118.5539    -117.6751
               -117.4427    -119.7868    -118.3775    -118.3759    -119.0479
               -120.1792    -119.5131    -118.7386    -118.4727    -116.8031
               -117.3803    -118.2260    -117.9272    -118.3751    -118.6999
               -118.4869    -119.0341    -118.5746    -118.0804    -119.1945
               -120.0181    -118.5955    -119.1260    -118.6073    -118.4500
               -117.7224    -117.1717    -117.8430    -118.4218    -118.3543
               -117.4086    -118.6545    -118.0579    -118.7467    -119.8045
               -119.4683    -119.1841    -118.7202    -118.5694    -119.3059
               -118.7178    -120.4024    -119.2960    -119.8272    -117.7410
   5    100    -125.6165    -125.4913    -127.0617    -126.5834    -125.6597
               -125.4676    -127.8231    -126.3981    -126.3910    -127.0651
               -128.2285    -127.5382    -126.7352    -126.5086    -124.8298
               -125.3980    -126.2470    -125.9479    -126.3910    -126.7041
               -126.5228    -127.0508    -126.6182    -126.1149    -127.2241
               -128.0311    -126.6288    -127.1581    -126.6329    -126.4640
               -125.7253    -125.1943    -125.8649    -126.4489    -126.3736
               -125.4132    -126.6474    -126.0571    -126.7316    -127.7951
               -127.4536    -127.1754    -126.7292    -126.5539    -127.2900
               -126.7176    -128.4001    -127.3094    -127.8397    -125.7127
 
 group  inft   Estimated free energy: 1-th solvent contribution (kcal/mol)
   1      0     -26.5255     -25.8645     -29.6290     -33.8265     -34.4645
                -36.9553     -29.9164     -40.1400     -21.7596     -25.7987
                -30.4992     -26.2176     -14.7344     -31.1294     -36.4374
                -38.9501     -35.2690     -29.6944     -24.6507     -27.4096
                -33.1467     -30.8652     -39.9710     -39.2292     -25.5197
                -29.1959     -26.6347     -31.3643     -29.9300     -30.8831
                -34.7924     -46.7560     -35.5989     -27.8490     -25.8273
                -25.5024     -30.4609     -25.6743     -21.0360     -25.6406
                -29.1668     -24.0264     -26.0456     -14.1822     -16.7939
                -16.3920     -15.7117     -17.9233     -25.8789     -16.1711
   1     60     -26.5571     -25.8957     -29.6604     -33.8585     -34.4966
                -36.9877     -29.9479     -40.1723     -21.7917     -25.8308
                -30.5316     -26.2492     -14.7665     -31.1612     -36.4696
                -38.9827     -35.3009     -29.7263     -24.6829     -27.4415
                -33.1789     -30.8971     -40.0030     -39.2619     -25.5519
                -29.2287     -26.6668     -31.3964     -29.9616     -30.9151
                -34.8241     -46.7878     -35.6308     -27.8811     -25.8587
                -25.5337     -30.4932     -25.7058     -21.0677     -25.6730
                -29.1985     -24.0587     -26.0778     -14.2139     -16.8251
                -16.4237     -15.7432     -17.9551     -25.9108     -16.2020
   1     80     -26.7011     -26.0377     -29.8037     -34.0034     -34.6417
                -37.1345     -30.0915     -40.3184     -21.9374     -25.9769
                -30.6780     -26.3931     -14.9125     -31.3060     -36.6158
                -39.1303     -35.4461     -29.8709     -24.8286     -27.5863
                -33.3247     -31.0423     -40.1483     -39.4099     -25.6978
                -29.3770     -26.8123     -31.5426     -30.1057     -31.0606
                -34.9681     -46.9324     -35.7757     -28.0267     -26.0018
                -25.6763     -30.6392     -25.8491     -21.2117     -25.8203
                -29.3423     -24.2053     -26.2240     -14.3582     -16.9677
                -16.5682     -15.8870     -18.1004     -26.0560     -16.3432
   1    100     -27.1141     -26.4469     -30.2138     -34.4148     -35.0522
                -37.5494     -30.5051     -40.7324     -22.3527     -26.3929
                -31.0944     -26.8071     -15.3300     -31.7211     -37.0309
                -39.5456     -35.8599     -30.2845     -25.2442     -27.9986
                -33.7395     -31.4555     -40.5614     -39.8257     -26.1145
                -29.7953     -27.2264     -31.9582     -30.5192     -31.4754
                -35.3797     -47.3446     -36.1884     -28.4431     -26.4137
                -26.0875     -31.0545     -26.2577     -21.6240     -26.2372
                -29.7548     -24.6211     -26.6399     -14.7735     -17.3794
                -16.9816     -16.3006     -18.5157     -26.4701     -16.7507
   2      0     -26.5448     -25.8864     -29.6535     -33.8378     -34.4776
                -36.9658     -29.9352     -40.1433     -21.7647     -25.8009
                -30.5112     -26.2465     -14.7314     -31.1484     -36.4305
                -38.9574     -35.2903     -29.7131     -24.6553     -27.4208
                -33.1507     -30.8855     -39.9804     -39.2229     -25.5250
                -29.1834     -26.6535     -31.3772     -29.9576     -30.8845
                -34.8202     -46.7643     -35.6232     -27.8680     -25.8505
                -25.5038     -30.4649     -25.6991     -21.0465     -25.6203
                -29.1823     -24.0142     -26.0429     -14.1812     -16.8091
                -16.3854     -15.7317     -17.9231     -25.8850     -16.1992
   3      0     -26.5590     -25.8884     -29.6719     -33.8411     -34.4664
                -36.9606     -29.9466     -40.1467     -21.7684     -25.8039
                -30.5057     -26.2517     -14.7253     -31.1601     -36.4310
                -38.9627     -35.3029     -29.7148     -24.6547     -27.4188
                -33.1594     -30.8976     -39.9953     -39.2298     -25.5247
                -29.1903     -26.6544     -31.3707     -29.9770     -30.8739
                -34.8299     -46.7882     -35.6199     -27.8731     -25.8589
                -25.5058     -30.4635     -25.7076     -21.0426     -25.6176
                -29.1985     -24.0343     -26.0505     -14.1851     -16.8306
                -16.3897     -15.7364     -17.9283     -25.8925     -16.2048
   4      0     -26.5533     -25.8998     -29.6998     -33.8460     -34.4852
                -36.9566     -29.9484     -40.1593     -21.7670     -25.7994
                -30.5116     -26.2551     -14.7462     -31.1637     -36.4391
                -38.9546     -35.2973     -29.7148     -24.6620     -27.4353
                -33.1705     -30.8907     -39.9888     -39.2099     -25.5190
                -29.1907     -26.6464     -31.3720     -29.9848     -30.8846
                -34.8255     -46.7711     -35.6443     -27.8804     -25.8736
                -25.5047     -30.4658     -25.7259     -21.0572     -25.6128
                -29.1988     -24.0384     -26.0572     -14.1755     -16.8327
                -16.4014     -15.7519     -17.9304     -25.9121     -16.2199
   5      0     -26.5702     -25.8954     -29.6786     -33.8447     -34.4744
                -36.9742     -29.9403     -40.1481     -21.7728     -25.8043
                -30.5198     -26.2614     -14.7255     -31.1596     -36.4441
                -38.9617     -35.3104     -29.7469     -24.6612     -27.4254
                -33.1628     -30.8879     -39.9899     -39.2441     -25.5309
                -29.1847     -26.6559     -31.3899     -29.9813     -30.8857
                -34.8294     -46.7984     -35.6449     -27.8810     -25.8722
                -25.5151     -30.4749     -25.7143     -21.0670     -25.6163
                -29.1920     -24.0212     -26.0469     -14.1797     -16.8382
                -16.4138     -15.7464     -17.9331     -25.9008     -16.2183
   5     60     -26.6103     -25.9350     -29.7183     -33.8851     -34.5150
                -37.0152     -29.9802     -40.1891     -21.8134     -25.8450
                -30.5607     -26.3014     -14.7660     -31.1999     -36.4851
                -39.0030     -35.3509     -29.7871     -24.7019     -27.4658
                -33.2036     -30.9284     -40.0303     -39.2856     -25.5717
                -29.2262     -26.6964     -31.4306     -30.0215     -30.9264
                -34.8697     -46.8388     -35.6855     -27.9216     -25.9119
                -25.5549     -30.5157     -25.7544     -21.1070     -25.6572
                -29.2321     -24.0621     -26.0877     -14.2198     -16.8778
                -16.4541     -15.7863     -17.9735     -25.9412     -16.2575
   5     80     -26.7835     -26.1061     -29.8905     -34.0591     -34.6891
                -37.1914     -30.1528     -40.3647     -21.9881     -26.0206
                -30.7364     -26.4743     -14.9415     -31.3739     -36.6612
                -39.1799     -35.5257     -29.9606     -24.8769     -27.6394
                -33.3791     -31.1028     -40.2045     -39.4633     -25.7475
                -29.4042     -26.8709     -31.6061     -30.1947     -31.1013
                -35.0431     -47.0125     -35.8601     -28.0969     -26.0841
                -25.7271     -30.6912     -25.9272     -21.2798     -25.8337
                -29.4049     -24.2384     -26.2635     -14.3936     -17.0495
                -16.6283     -15.9593     -18.1483     -26.1156     -16.4277
   5    100     -27.1645     -26.4838     -30.2691     -34.4385     -35.0676
                -37.5740     -30.5342     -40.7463     -22.3707     -26.4044
                -31.1202     -26.8560     -15.3264     -31.7570     -37.0448
                -39.5630     -35.9081     -30.3419     -25.2602     -28.0196
                -33.7618     -31.4845     -40.5850     -39.8467     -26.1324
                -29.7896     -27.2520     -31.9891     -30.5765     -31.4842
                -35.4234     -47.3924     -36.2418     -28.4814     -26.4641
                -26.1066     -31.0736     -26.3050     -21.6602     -26.2172
                -29.7854     -24.6222     -26.6472     -14.7768     -17.4296
                -17.0103     -16.3417     -18.5319     -26.4969     -16.8043
 
 group  inft   Estimated free energy: 2-th solvent contribution (kcal/mol)
   1      0     -85.6385     -86.2806     -83.9568     -79.3663     -77.7499
                -75.0816     -84.4799     -72.8500     -91.1361     -87.8546
                -84.2718     -87.8739     -98.6973     -81.9161     -74.9418
                -72.9573     -77.5243     -82.7422     -88.3157     -85.9071
                -79.9719     -82.7798     -73.1371     -73.4222     -88.3530
                -85.4037     -86.5547     -82.2621     -83.2565     -82.1752
                -77.5130     -64.9860     -76.8204     -85.1985     -87.0086
                -86.5701     -82.8450     -86.9677     -92.3611     -88.8327
                -85.0093     -89.8490     -87.3273     -99.0922     -97.0857
                -97.0090     -99.3413     -96.0431     -88.5736     -96.2611
   1     60     -86.4762     -87.1188     -84.7999     -80.2119     -78.5912
                -75.9274     -85.3242     -73.6987     -91.9800     -88.6981
                -85.1222     -88.7137     -99.5320     -82.7643     -75.7923
                -73.8075     -78.3694     -83.5892     -89.1608     -86.7525
                -80.8198     -83.6267     -73.9890     -74.2761     -89.1984
                -86.2455     -87.4025     -83.1088     -84.1032     -83.0226
                -78.3583     -65.8383     -77.6616     -86.0453     -87.8504
                -87.4083     -83.6861     -87.8101     -93.1989     -89.6678
                -85.8477     -90.6830     -88.1672     -99.9258     -97.9177
                -97.8435    -100.1754     -96.8790     -89.4141     -97.0977
   1     80     -89.9119     -90.5445     -88.2556     -83.6671     -82.0153
                -79.3760     -88.7781     -77.1476     -95.4272     -92.1461
                -88.5875     -92.1561    -102.9563     -86.2252     -79.2609
                -77.2608     -81.8239     -87.0404     -92.6095     -90.2025
                -84.2837     -87.0788     -77.4617     -77.7443     -92.6524
                -89.6858     -90.8619     -86.5654     -87.5600     -86.4746
                -81.8023     -69.3071     -81.1104     -89.4993     -91.2949
                -90.8471     -87.1169     -91.2546     -96.6332     -93.0916
                -89.2736     -94.1057     -91.6031    -103.3458    -101.3338
               -101.2677    -103.6003    -100.3132     -92.8531    -100.5248
   1    100     -98.2657     -98.9040     -96.6638     -92.0743     -90.3389
                -87.7652     -97.1875     -85.5365    -103.8097    -100.5319
                -97.0118    -100.5516    -111.3227     -94.6331     -87.6580
                -85.6455     -90.2130     -95.4312    -100.9890     -98.5774
                -92.6954     -95.4657     -85.8750     -86.1475    -101.0555
                -98.0586     -99.2716     -94.9634     -95.9609     -94.8626
                -90.1774     -77.7082     -89.4971     -97.8970     -99.6781
                -99.2265     -95.4780     -99.6279    -104.9861    -101.4478
                -97.6304    -102.4664     -99.9792    -111.6977    -109.6833
               -109.6378    -111.9722    -108.6934    -101.2433    -108.8752
   2      0     -85.6970     -86.3114     -83.9927     -79.3953     -77.8456
                -75.0935     -84.4918     -72.8862     -91.1740     -87.8897
                -84.3038     -87.8676     -98.6986     -81.9670     -75.0003
                -73.0063     -77.6069     -82.7904     -88.3597     -85.9055
                -80.0137     -82.7792     -73.1440     -73.4538     -88.3414
                -85.4675     -86.5746     -82.3650     -83.2968     -82.2027
                -77.5674     -64.9823     -76.8414     -85.1596     -87.0972
                -86.5727     -82.8857     -86.9952     -92.4063     -88.8382
                -85.0083     -89.8697     -87.3225     -99.1143     -97.1317
                -97.0533     -99.3486     -96.0798     -88.5690     -96.2643
   3      0     -85.6991     -86.3477     -84.0022     -79.3948     -77.8586
                -75.1133     -84.4941     -72.9145     -91.2306     -87.8856
                -84.3195     -87.8817     -98.6800     -81.9528     -74.9763
                -73.0227     -77.5948     -82.8289     -88.3798     -85.9602
                -80.0222     -82.7733     -73.1396     -73.4739     -88.3619
                -85.4945     -86.6011     -82.3499     -83.2958     -82.2256
                -77.5714     -64.9982     -76.8682     -85.1985     -87.1378
                -86.5815     -82.8738     -86.9995     -92.3964     -88.8322
                -84.9853     -89.8803     -87.3437     -99.1283     -97.1553
                -97.0603     -99.3542     -96.0467     -88.5708     -96.2776
   4      0     -85.7025     -86.2553     -83.9803     -79.3501     -77.8348
                -75.0826     -84.5276     -72.8519     -91.1582     -87.8800
                -84.2764     -87.8283     -98.6726     -81.9302     -74.9695
                -72.9707     -77.5415     -82.7847     -88.3720     -85.8545
                -79.9678     -82.7693     -73.1357     -73.4246     -88.2830
                -85.4889     -86.5437     -82.3352     -83.2184     -82.1534
                -77.5336     -64.9533     -76.7938     -85.1468     -87.0842
                -86.5448     -82.8277     -86.9485     -92.3819     -88.8195
                -84.9178     -89.8069     -87.2658     -99.0460     -97.1178
                -97.0150     -99.3031     -96.0392     -88.5092     -96.1913
   5      0     -85.7874     -86.3422     -84.0441     -79.4030     -77.9286
                -75.1669     -84.5449     -72.9222     -91.3058     -87.9441
                -84.3346     -87.9660     -98.7529     -81.9984     -75.0367
                -73.1029     -77.6085     -82.8782     -88.4143     -85.9783
                -80.0035     -82.8415     -73.2545     -73.5071     -88.3548
                -85.5364     -86.6256     -82.4212     -83.3188     -82.2635
                -77.6020     -65.0470     -76.8993     -85.2368     -87.1912
                -86.6180     -82.9029     -87.0553     -92.4104     -88.9273
                -85.0164     -89.9041     -87.3928     -99.1351     -97.2199
                -97.0426     -99.3991     -96.0898     -88.6408     -96.2672
   5     60     -86.8355     -87.3896     -85.0991     -80.4603     -78.9787
                -76.2229     -85.5994     -73.9821     -92.3603     -88.9982
                -85.3960     -89.0167     -99.7957     -83.0569     -76.0983
                -74.1646     -78.6654     -83.9345     -89.4705     -87.0350
                -81.0645     -83.9007     -74.3189     -74.5711     -89.4112
                -86.5910     -87.6845     -83.4796     -84.3765     -83.3218
                -78.6587     -66.1136     -77.9550     -86.2922     -88.2439
                -87.6671     -83.9531     -88.1083     -93.4581     -89.9704
                -86.0628     -90.9475     -88.4435    -100.1769     -98.2605
                -98.0857    -100.4413     -97.1357     -89.6914     -97.3126
   5     80     -90.8526     -91.3971     -89.1387     -84.4976     -82.9888
                -80.2540     -89.6368     -78.0156     -96.3906     -93.0300
                -89.4456     -93.0416    -103.7998     -87.1016     -80.1447
                -78.2032     -82.7031     -87.9693     -93.5010     -91.0633
                -85.1105     -87.9340     -78.3729     -78.6198     -93.4497
                -90.6167     -91.7274     -87.5227     -88.4154     -87.3514
                -82.6821     -70.1620     -81.9856     -90.3277     -92.2729
                -91.6843     -87.9661     -92.1335     -97.4696     -93.9735
                -90.0662     -94.9485     -92.4595    -104.1785    -102.2592
               -102.0923    -104.4458    -101.1505     -93.7143    -101.3160
   5    100     -98.4548     -99.0102     -96.7953     -92.1477     -90.5948
                -87.8963     -97.2917     -85.6545    -104.0231    -100.6635
                -97.1111    -100.6849    -111.4116     -94.7543     -87.7877
                -85.8378     -90.3416     -95.6088    -101.1336     -98.6873
                -92.7638     -95.5691     -86.0359     -86.2709    -101.0944
                -98.2443     -99.3796     -95.1718     -96.0592     -94.9826
                -90.3047     -77.8046     -89.6258     -97.9702     -99.9123
                -99.3094     -95.5765     -99.7549    -105.0741    -101.5807
                -97.6709    -102.5559    -100.0847    -111.7798    -109.8632
               -109.7101    -112.0611    -108.7803    -101.3455    -108.9112
 
 
 cumulative average & 95% error for solvation free energy
              total             1st component         2nd component
  1  -112.2554              -26.5590              -85.6991
  2  -112.2444     0.0219   -26.2237     0.6706   -86.0234     0.6486
  3  -112.7200     0.9514   -27.3731     2.3311   -85.3497     1.3986
  4  -112.8483     0.7200   -28.9901     3.6299   -83.8610     3.1374
  5  -112.7431     0.5961   -30.0854     3.5643   -82.6605     3.4162
  6  -112.6311     0.5358   -31.2312     3.7042   -81.4026     3.7562
  7  -112.8892     0.6867   -31.0477     3.1521   -81.8443     3.2952
  8  -112.9104     0.5962   -32.1851     3.5534   -80.7280     3.6232
  9  -112.9199     0.5261   -31.0277     3.8960   -81.8950     3.9569
 10  -112.9966     0.4950   -30.5053     3.6379   -82.4941     3.7365
 11  -113.1626     0.5574   -30.5053     3.2906   -82.6600     3.3960
 12  -113.2433     0.5338   -30.1509     3.0864   -83.0952     3.2200
 13  -113.2555     0.4916   -28.9643     3.7003   -84.2940     3.8108
 14  -113.2451     0.4556   -29.1211     3.4402   -84.1268     3.5439
 15  -113.1224     0.4900   -29.6085     3.3477   -83.5167     3.5176
 16  -113.0512     0.4800   -30.1931     3.3426   -82.8609     3.5422
 17  -113.0420     0.4513   -30.4937     3.1969   -82.5511     3.3845
 18  -113.0142     0.4291   -30.4504     3.0153   -82.5665     3.1911
 19  -113.0151     0.4059   -30.1454     2.9167   -82.8725     3.0799
 20  -113.0332     0.3867   -30.0090     2.7804   -83.0269     2.9381
 21  -113.0401     0.3681   -30.1591     2.6617   -82.8838     2.8093
 22  -113.0686     0.3556   -30.1926     2.5387   -82.8788     2.6786
 23  -113.0714     0.3398   -30.6188     2.5712   -82.4553     2.6959
 24  -113.0560     0.3268   -30.9776     2.5642   -82.0811     2.6875
 25  -113.0891     0.3204   -30.7595     2.4979   -82.3323     2.6263
 26  -113.1504     0.3313   -30.6992     2.4029   -82.4540     2.5349
 27  -113.1541     0.3189   -30.5493     2.3315   -82.6076     2.4585
 28  -113.1743     0.3099   -30.5787     2.2475   -82.5984     2.3692
 29  -113.1776     0.2991   -30.5579     2.1690   -82.6224     2.2865
 30  -113.1749     0.2890   -30.5685     2.0956   -82.6092     2.2091
 31  -113.1498     0.2840   -30.7059     2.0454   -82.4467     2.1613
 32  -113.1071     0.2879   -31.2085     2.2209   -81.9014     2.3597
 33  -113.0883     0.2816   -31.3422     2.1691   -81.7489     2.3074
 34  -113.0877     0.2732   -31.2401     2.1142   -81.8503     2.2477
 35  -113.0851     0.2653   -31.0864     2.0758   -82.0014     2.2033
 36  -113.0573     0.2638   -30.9314     2.0410   -82.1286     2.1563
 37  -113.0648     0.2570   -30.9187     1.9853   -82.1488     2.0976
 38  -113.0553     0.2509   -30.7816     1.9517   -82.2764     2.0575
 39  -113.0650     0.2451   -30.5319     1.9655   -82.5359     2.0702
 40  -113.0996     0.2487   -30.4090     1.9314   -82.6933     2.0422
 41  -113.1260     0.2482   -30.3795     1.8846   -82.7492     1.9949
 42  -113.1447     0.2451   -30.2284     1.8639   -82.9190     1.9762
 43  -113.1504     0.2396   -30.1313     1.8304   -83.0219     1.9406
 44  -113.1541     0.2342   -29.7689     1.9296   -83.3880     2.0325
 45  -113.1725     0.2319   -29.4813     1.9719   -83.6939     2.0789
 46  -113.1785     0.2271   -29.1967     2.0108   -83.9845     2.1146
 47  -113.2191     0.2366   -28.9103     2.0492   -84.3115     2.1700
 48  -113.2348     0.2338   -28.6816     2.0576   -84.5560     2.1799
 49  -113.2598     0.2344   -28.6246     2.0184   -84.6379     2.1412
 50  -113.2442     0.2317   -28.3762     2.0391   -84.8707     2.1490
 
 Mesh error is    0.055 kcal/mol
