 ERmod 0.3.8, Copyright (C) 2000-2019 Nobuyuki Matubayasi
                            2010-2019 Shun Sakuraba
 ERmod comes with ABSOLUTELY NO WARRANTY.
 This is free software, and you can redistribute it
 and/or modify it under certain conditions.
 See LICENSE file for details.
 ERmod 0.3.8, Copyright (C) 2000-2019 Nobuyuki Matubayasi
                            2010-2019 Shun Sakuraba
 ERmod comes with ABSOLUTELY NO WARRANTY.
 This is free software, and you can redistribute it
 and/or modify it under certain conditions.
 See LICENSE file for details.
 
  Number of the   1-th solvent  =          378
  Number of the   2-th solvent  =        10000
 
  Be sure that the solvent distribution is homogeneous (radial distribution function is essentially unity) when the solvent molecule is separated beyond distance of   10.0 Angstrom in any direction from any atom within the solute molecule
 
  LJ long-range correction    =        -1.1319     -7.1533
 
  Self-energy of the solute   =         0.0021  kcal/mol
 
 
 cumulative average & 95% error for solvation energy
              total             1st component         2nd component
  1  -502.1070              -84.2728             -417.8364
  2  -501.6767     0.8607   -78.7144    11.1168  -422.9644    10.2561
  3  -501.3596     0.8058   -77.1086     7.1770  -424.2531     6.4580
  4  -500.7459     1.3532   -75.7319     5.7737  -425.0161     4.8147
  5  -500.2010     1.5120   -73.1549     6.8239  -427.0483     5.5161
  6  -500.1491     1.2389   -71.0985     6.9252  -429.0527     6.0297
  7  -500.5894     1.3682   -70.0941     6.1880  -430.4975     5.8582
  8  -500.1541     1.4703   -71.7717     6.3227  -428.3845     6.6028
  9  -499.6347     1.6615   -73.7985     6.8937  -425.8384     7.7356
 10  -499.3069     1.6243   -76.9697     8.8456  -422.3394     9.8409
 11  -499.4274     1.4888   -75.9091     8.2775  -423.5204     9.2095
 12  -499.3594     1.3659   -76.3436     7.6061  -423.0179     8.4670
 13  -499.2872     1.2647   -77.6053     7.4378  -421.6840     8.2327
 14  -499.3461     1.1768   -75.2167     8.3809  -424.1315     9.0585
 15  -499.3736     1.0969   -74.1732     8.0765  -425.2025     8.7008
 16  -499.2021     1.0819   -75.8045     8.2293  -423.3997     8.9018
 17  -499.1426     1.0232   -75.5893     7.7420  -423.5554     8.3676
 18  -499.0521     0.9815   -74.9499     7.4104  -424.1043     7.9650
 19  -499.0751     0.9296   -74.9217     7.0098  -424.1555     7.5349
 20  -499.2534     0.9512   -74.5268     6.6968  -424.7287     7.2395
 21  -499.2238     0.9067   -75.2243     6.5209  -424.0017     7.0380
 22  -499.0862     0.9073   -76.8027     6.9730  -422.2856     7.5373
 23  -498.7844     1.0564   -77.5088     6.8109  -421.2777     7.4789
 24  -498.7220     1.0191   -77.7240     6.5352  -421.0001     7.1820
 25  -498.7565     0.9799   -78.6759     6.5510  -420.0827     7.1289
 26  -498.7066     0.9468   -80.0014     6.8295  -418.7073     7.3809
 27  -498.6060     0.9330   -80.8424     6.7835  -417.7658     7.3477
 28  -498.6653     0.9068   -80.6791     6.5449  -417.9883     7.0944
 29  -498.6247     0.8787   -80.4011     6.3396  -418.2258     6.8618
 30  -498.6978     0.8614   -79.1899     6.5863  -419.5100     7.1094
 31  -498.7435     0.8382   -78.7742     6.4243  -419.9715     6.9379
 32  -498.7836     0.8155   -79.2655     6.2975  -419.5202     6.7779
 33  -498.8699     0.8090   -79.2812     6.1037  -419.5909     6.5708
 34  -498.8371     0.7876   -78.6240     6.0656  -420.2152     6.4958
 35  -498.9160     0.7809   -77.7513     6.1429  -421.1668     6.5883
 36  -498.9800     0.7696   -77.1722     6.0812  -421.8099     6.5306
 37  -498.9843     0.7486   -76.5407     6.0479  -422.4457     6.4777
 38  -499.0405     0.7372   -76.0214     5.9775  -423.0213     6.4091
 39  -499.0622     0.7194   -75.4357     5.9389  -423.6287     6.3598
 40  -499.1023     0.7058   -75.3267     5.7926  -423.7777     6.2059
 41  -499.1226     0.6895   -75.9675     5.7931  -423.1572     6.1786
 42  -499.1132     0.6732   -76.7106     5.8456  -422.4048     6.2146
 43  -499.0944     0.6584   -77.0101     5.7394  -422.0864     6.1017
 44  -499.1450     0.6512   -76.4310     5.7258  -422.7162     6.0930
 45  -499.1473     0.6366   -76.6423     5.6130  -422.5071     5.9707
 46  -499.1370     0.6229   -76.7710     5.4957  -422.3681     5.8461
 47  -499.1644     0.6120   -75.9694     5.6114  -423.1972     5.9558
 48  -499.2084     0.6055   -75.5031     5.5718  -423.7075     5.9191
 49  -499.1609     0.6006   -76.0660     5.5719  -423.0971     5.9242
 50  -499.1876     0.5909   -76.2447     5.4710  -422.9450     5.8125
 
 
 group  inft  solvation free energy     error          difference
  total solvation free energy
   1      0       -111.36290           0.40513           0.04818
   1     60       -112.29421           0.40441          -0.88314
   1     80       -116.03925           0.40106          -4.62818
   1    100       -124.99104           0.40137         -13.57996
   2      0       -111.35545           0.39953           0.05562
   3      0       -111.41107           0.40389           0.00000
   4      0       -111.35189           0.39968           0.05918
   5      0       -111.45251           0.40010          -0.04143
   5     60       -112.61486           0.39892          -1.20379
   5     80       -116.97426           0.39506          -5.56319
   5    100       -125.12264           0.39433         -13.71157
 
  contribution from  1-th solvent component
   1      0        -27.86073           2.16222           0.01239
   1     60        -27.89527           2.16227          -0.02215
   1     80        -28.05040           2.16251          -0.17728
   1    100        -28.48228           2.16233          -0.60916
   2      0        -27.86730           2.16165           0.00582
   3      0        -27.87312           2.16096           0.00000
   4      0        -27.87285           2.16092           0.00027
   5      0        -27.87506           2.16064          -0.00194
   5     60        -27.91901           2.16071          -0.04589
   5     80        -28.10515           2.16097          -0.23203
   5    100        -28.50102           2.16073          -0.62790
 
  contribution from  2-th solvent component
   1      0        -83.50431           2.47660           0.03578
   1     60        -84.40108           2.47561          -0.86099
   1     80        -87.99099           2.47167          -4.45089
   1    100        -96.51090           2.47005         -12.97080
   2      0        -83.49030           2.47102           0.04980
   3      0        -83.54009           2.47594           0.00000
   4      0        -83.48118           2.47156           0.05891
   5      0        -83.57959           2.47177          -0.03949
   5     60        -84.69799           2.47023          -1.15790
   5     80        -88.87125           2.46576          -5.33116
   5    100        -96.62376           2.46345         -13.08367
 
 
 group  inft   Estimated free energy: total (kcal/mol)
   1      0    -113.0763    -112.5971    -112.2244    -111.1564    -110.3268
               -112.1126    -113.5415    -109.9903    -108.8366    -109.1823
               -112.2732    -111.3726    -110.4296    -112.4062    -111.7575
               -109.6846    -111.1596    -111.0244    -111.3108    -113.4473
               -110.6166    -108.8982    -107.6803    -110.0201    -110.5799
               -109.3303    -109.6230    -111.5749    -110.7176    -113.2256
               -112.2128    -111.3775    -112.6308    -111.4278    -113.1803
               -113.1799    -112.0523    -113.0336    -112.6282    -112.2714
               -111.3198    -109.8121    -111.0202    -113.0933    -110.3822
               -111.3831    -112.4946    -113.3319    -109.0876    -112.0486
   1     60    -114.0101    -113.5263    -113.1561    -112.0836    -111.2564
               -113.0407    -114.4760    -110.9228    -109.7713    -110.1147
               -113.2002    -112.3061    -111.3659    -113.3299    -112.6888
               -110.6238    -112.0911    -111.9534    -112.2416    -114.3803
               -111.5561    -109.8275    -108.6128    -110.9539    -111.5158
               -110.2675    -110.5586    -112.5062    -111.6466    -114.1506
               -113.1405    -112.3123    -113.5657    -112.3540    -114.1053
               -114.1083    -112.9797    -113.9594    -113.5551    -113.1995
               -112.2511    -110.7476    -111.9537    -114.0173    -111.3210
               -112.3163    -113.4157    -114.2579    -110.0304    -112.9846
   1     80    -117.7558    -117.2672    -116.8978    -115.8227    -115.0000
               -116.7748    -118.2249    -114.6735    -113.5315    -113.8787
               -116.9357    -116.0536    -115.1202    -117.0553    -116.4378
               -114.3936    -115.8325    -115.6909    -115.9913    -118.1251
               -115.3224    -113.5836    -112.3736    -114.7152    -115.2890
               -114.0394    -114.3013    -116.2513    -115.3937    -117.8695
               -116.8629    -116.0539    -117.3195    -116.0754    -117.8293
               -117.8336    -116.7051    -117.6859    -117.2701    -116.9494
               -116.0046    -114.5296    -115.7087    -117.7412    -115.0861
               -116.0573    -117.1228    -117.9827    -113.8045    -116.7378
   1    100    -126.7252    -126.2351    -125.8537    -124.7470    -123.9183
               -125.7268    -127.2138    -123.6419    -122.4889    -122.8298
               -125.8756    -125.0150    -124.0715    -126.0038    -125.4079
               -123.3655    -124.7754    -124.6170    -124.9430    -127.1105
               -124.3036    -122.5117    -121.3297    -123.6570    -124.2594
               -122.9899    -123.2356    -125.1830    -124.3335    -126.8138
               -125.8016    -125.0033    -126.3021    -125.0101    -126.7818
               -126.7817    -125.6189    -126.6368    -126.2108    -125.9047
               -124.9504    -123.4911    -124.6621    -126.6816    -124.0766
               -125.0037    -126.0369    -126.9285    -122.7725    -125.7137
   2      0    -113.0671    -112.5850    -112.1471    -111.0984    -110.4017
               -112.0326    -113.5616    -109.9505    -108.8571    -109.1929
               -112.2410    -111.3459    -110.5044    -112.4011    -111.6656
               -109.6572    -111.1746    -110.9976    -111.2839    -113.4430
               -110.5697    -108.9699    -107.6856    -110.1185    -110.6884
               -109.3347    -109.6795    -111.5425    -110.7810    -113.2125
               -112.2256    -111.3876    -112.6138    -111.4155    -113.1699
               -113.1083    -112.0669    -112.9476    -112.5710    -112.2416
               -111.2919    -109.7981    -111.1093    -113.0823    -110.3042
               -111.2716    -112.5163    -113.2755    -109.1525    -112.0323
   3      0    -113.1185    -112.6170    -112.2371    -111.1636    -110.4146
               -112.0996    -113.6465    -110.0312    -108.9495    -109.2300
               -112.3243    -111.3931    -110.5108    -112.4868    -111.7865
               -109.7521    -111.2416    -111.0740    -111.3380    -113.4944
               -110.6209    -108.9572    -107.7169    -110.1550    -110.6631
               -109.3899    -109.6379    -111.6141    -110.8566    -113.2356
               -112.2838    -111.4302    -112.7010    -111.5001    -113.2491
               -113.2075    -112.1452    -113.0501    -112.6508    -112.2935
               -111.3092    -109.7984    -111.0781    -113.1479    -110.3956
               -111.3258    -112.5817    -113.3819    -109.1713    -112.0963
   4      0    -113.0628    -112.6125    -112.1435    -111.1047    -110.4357
               -112.0021    -113.5232    -109.9721    -108.8757    -109.1985
               -112.2783    -111.2862    -110.4781    -112.4467    -111.6686
               -109.6479    -111.1441    -110.9906    -111.3104    -113.4182
               -110.5895    -108.9269    -107.6644    -110.0968    -110.6810
               -109.3693    -109.6269    -111.5400    -110.7764    -113.1860
               -112.2394    -111.3359    -112.6193    -111.3824    -113.1389
               -113.0936    -112.0587    -112.9764    -112.5575    -112.2965
               -111.2500    -109.8038    -111.0953    -113.0804    -110.3250
               -111.2591    -112.5493    -113.2945    -109.1764    -112.0053
   5      0    -113.1279    -112.6684    -112.2346    -111.2339    -110.4694
               -112.1247    -113.6310    -110.0817    -109.0518    -109.3053
               -112.3771    -111.4289    -110.6142    -112.5364    -111.8249
               -109.7281    -111.2410    -111.0922    -111.3782    -113.5216
               -110.6714    -109.0089    -107.7602    -110.2217    -110.7441
               -109.4916    -109.7152    -111.6598    -110.8895    -113.2558
               -112.3153    -111.4140    -112.7784    -111.5293    -113.2233
               -113.2224    -112.2020    -113.1278    -112.7250    -112.3103
               -111.4060    -109.8632    -111.1633    -113.1697    -110.4084
               -111.4081    -112.5788    -113.3811    -109.1952    -112.1141
   5     60    -114.2936    -113.8291    -113.3974    -112.3953    -111.6262
               -113.2832    -114.7948    -111.2468    -110.2183    -110.4734
               -113.5343    -112.5946    -111.7834    -113.6907    -112.9856
               -110.9016    -112.4019    -112.2494    -112.5412    -114.6856
               -111.8430    -110.1736    -108.9285    -111.3861    -111.9145
               -110.6662    -110.8806    -112.8196    -112.0496    -114.4068
               -113.4719    -112.5787    -113.9452    -112.6848    -114.3761
               -114.3792    -113.3574    -114.2840    -113.8778    -113.4709
               -112.5702    -111.0340    -112.3286    -114.3226    -111.5785
               -112.5717    -113.7276    -114.5362    -110.3701    -113.2824
   5     80    -118.6533    -118.1808    -117.7558    -116.7470    -115.9811
               -117.6281    -119.1640    -115.6181    -114.5949    -114.8530
               -117.8784    -116.9585    -116.1542    -118.0303    -117.3472
               -115.2915    -116.7556    -116.5963    -116.9039    -119.0484
               -116.2256    -114.5387    -113.3098    -115.7664    -116.3070
               -115.0608    -115.2464    -117.1786    -116.4104    -118.7339
               -117.8103    -116.9362    -118.3147    -117.0228    -118.7096
               -118.7149    -117.6987    -118.6217    -118.2077    -117.8298
               -116.9341    -115.4291    -116.6954    -118.6554    -115.9606
               -116.9238    -118.0474    -118.8700    -114.7631    -117.6503
   5    100    -126.8153    -126.3333    -125.9038    -124.8763    -124.0998
               -125.7674    -127.3419    -123.7807    -122.7427    -123.0040
               -126.0196    -125.1113    -124.3061    -126.1690    -125.5044
               -123.4539    -124.8967    -124.7313    -125.0563    -127.2224
               -124.3917    -122.6820    -121.4743    -123.9146    -124.4692
               -123.2265    -123.3828    -125.3171    -124.5576    -126.8696
               -125.9423    -125.0779    -126.4879    -125.1504    -126.8537
               -126.8553    -125.8291    -126.7625    -126.3461    -125.9859
               -125.0810    -123.6030    -124.8516    -126.7891    -124.1275
               -125.0560    -126.1657    -127.0070    -122.9256    -125.8128
 
 group  inft   Estimated free energy: 1-th solvent contribution (kcal/mol)
   1      0     -31.4312     -27.1437     -27.0946     -25.8835     -21.9412
                -21.7963     -23.3204     -30.8252     -33.0948     -39.4544
                -23.8981     -30.0003     -34.8361     -14.7554     -21.0157
                -37.0924     -26.4941     -23.0128     -27.4043     -24.5935
                -32.8314     -40.9454     -34.0507     -29.9474     -37.3786
                -41.9204     -38.2295     -27.8633     -26.4320     -14.9563
                -24.2700     -35.4224     -29.6234     -20.0932     -16.7445
                -20.2939     -18.6158     -20.3906     -18.8190     -25.8503
                -38.3110     -39.8417     -33.0981     -18.1999     -31.9086
                -30.3752     -12.7223     -18.9116     -38.3707     -31.5313
   1     60     -31.4662     -27.1785     -27.1295     -25.9179     -21.9756
                -21.8309     -23.3550     -30.8601     -33.1295     -39.4889
                -23.9333     -30.0355     -34.8702     -14.7896     -21.0499
                -37.1272     -26.5289     -23.0474     -27.4388     -24.6278
                -32.8667     -40.9797     -34.0850     -29.9812     -37.4127
                -41.9556     -38.2640     -27.8971     -26.4662     -14.9903
                -24.3044     -35.4577     -29.6576     -20.1277     -16.7787
                -20.3286     -18.6500     -20.4242     -18.8536     -25.8850
                -38.3457     -39.8768     -33.1326     -18.2344     -31.9432
                -30.4099     -12.7567     -18.9453     -38.4061     -31.5661
   1     80     -31.6228     -27.3344     -27.2859     -26.0727     -22.1307
                -21.9860     -23.5098     -31.0161     -33.2853     -39.6444
                -24.0905     -30.1929     -35.0234     -14.9433     -21.2038
                -37.2832     -26.6849     -23.2025     -27.5940     -24.7821
                -33.0245     -41.1351     -34.2395     -30.1335     -37.5669
                -42.1136     -38.4185     -28.0494     -26.6205     -15.1429
                -24.4588     -35.6153     -29.8113     -20.2824     -16.9321
                -20.4839     -18.8037     -20.5758     -19.0085     -26.0413
                -38.5022     -40.0353     -33.2881     -18.3893     -32.0983
                -30.5652     -12.9114     -19.0972     -38.5648     -31.7220
   1    100     -32.0570     -27.7687     -27.7186     -26.5025     -22.5617
                -22.4197     -23.9452     -31.4488     -33.7163     -40.0753
                -24.5270     -30.6299     -35.4527     -15.3760     -21.6358
                -37.7136     -27.1201     -23.6345     -28.0269     -25.2161
                -33.4590     -41.5630     -34.6665     -30.5582     -37.9944
                -42.5463     -38.8465     -28.4763     -27.0490     -15.5733
                -24.8901     -36.0474     -30.2431     -20.7140     -17.3643
                -20.9190     -19.2350     -21.0044     -19.4428     -26.4763
                -38.9344     -40.4688     -33.7175     -18.8229     -32.5313
                -30.9950     -13.3462     -19.5273     -38.9997     -32.1558
   2      0     -31.4380     -27.1245     -27.0887     -25.8878     -21.9580
                -21.8072     -23.3249     -30.8278     -33.1066     -39.4876
                -23.8955     -29.9741     -34.8501     -14.7626     -21.0241
                -37.1330     -26.4872     -23.0201     -27.4205     -24.5987
                -32.8291     -40.8931     -34.0544     -29.9874     -37.4021
                -41.9194     -38.2389     -27.8799     -26.4659     -14.9723
                -24.2684     -35.4201     -29.6567     -20.1049     -16.7540
                -20.2993     -18.6270     -20.4266     -18.8024     -25.8426
                -38.3131     -39.8169     -33.1153     -18.2064     -31.8777
                -30.3750     -12.7118     -18.9519     -38.3856     -31.5496
   3      0     -31.4503     -27.1389     -27.0949     -25.8967     -21.9597
                -21.7981     -23.3346     -30.8238     -33.1126     -39.4922
                -23.9186     -29.9885     -34.8479     -14.7625     -21.0316
                -37.1237     -26.4971     -23.0180     -27.4286     -24.6234
                -32.8308     -40.8980     -34.0542     -29.9895     -37.4040
                -41.9198     -38.2425     -27.8978     -26.4666     -14.9673
                -24.2770     -35.4316     -29.6740     -20.1062     -16.7647
                -20.3059     -18.6374     -20.4378     -18.8180     -25.8499
                -38.3126     -39.8125     -33.1031     -18.2189     -31.8931
                -30.3798     -12.7237     -18.9629     -38.3826     -31.5520
   4      0     -31.4341     -27.1377     -27.0804     -25.8985     -21.9708
                -21.8041     -23.3302     -30.8269     -33.1162     -39.4874
                -23.9075     -29.9768     -34.8536     -14.7599     -21.0423
                -37.1238     -26.4903     -23.0366     -27.4360     -24.6032
                -32.8324     -40.8967     -34.0474     -30.0012     -37.4200
                -41.9252     -38.2510     -27.8873     -26.4805     -14.9785
                -24.2814     -35.4221     -29.6510     -20.1180     -16.7580
                -20.3089     -18.6347     -20.4460     -18.8041     -25.8361
                -38.3056     -39.8096     -33.1320     -18.2127     -31.8886
                -30.3754     -12.7196     -18.9721     -38.3807     -31.5501
   5      0     -31.4318     -27.1419     -27.0650     -25.8936     -21.9586
                -21.8070     -23.3378     -30.8351     -33.1161     -39.4891
                -23.9159     -29.9774     -34.8591     -14.7714     -21.0422
                -37.1275     -26.4766     -23.0221     -27.4287     -24.6178
                -32.8432     -40.8865     -34.0522     -30.0026     -37.4165
                -41.9263     -38.2574     -27.8914     -26.4733     -14.9688
                -24.2947     -35.4182     -29.6837     -20.1159     -16.7626
                -20.3119     -18.6427     -20.4578     -18.8235     -25.8394
                -38.3128     -39.8072     -33.1188     -18.2185     -31.9015
                -30.3830     -12.7311     -18.9687     -38.3889     -31.5388
   5     60     -31.4763     -27.1860     -27.1094     -25.9375     -22.0024
                -21.8509     -23.3816     -30.8794     -33.1603     -39.5331
                -23.9605     -30.0221     -34.9025     -14.8150     -21.0858
                -37.1720     -26.5209     -23.0661     -27.4727     -24.6614
                -32.8881     -40.9302     -34.0961     -30.0459     -37.4601
                -41.9713     -38.3013     -27.9345     -26.5168     -15.0119
                -24.3384     -35.4629     -29.7272     -20.1599     -16.8060
                -20.3560     -18.6861     -20.5007     -18.8675     -25.8835
                -38.3572     -39.8520     -33.1627     -18.2624     -31.9454
                -30.4271     -12.7748     -19.0117     -38.4339     -31.5830
   5     80     -31.6640     -27.3725     -27.2970     -26.1232     -22.1884
                -22.0370     -23.5673     -31.0667     -33.3473     -39.7194
                -24.1488     -30.2108     -35.0864     -14.9998     -21.2710
                -37.3597     -26.7081     -23.2525     -27.6589     -24.8463
                -33.0771     -41.1157     -34.2821     -30.2298     -37.6455
                -42.1614     -38.4873     -28.1176     -26.7017     -15.1950
                -24.5234     -35.6513     -29.9118     -20.3459     -16.9901
                -20.5425     -18.8707     -20.6830     -19.0537     -26.0708
                -38.5448     -40.0417     -33.3490     -18.4480     -32.1311
                -30.6133     -12.9603     -19.1944     -38.6239     -31.7700
   5    100     -32.0621     -27.7691     -27.6932     -26.5172     -22.5839
                -22.4347     -23.9654     -31.4637     -33.7418     -40.1136
                -24.5488     -30.6108     -35.4800     -15.3970     -21.6676
                -37.7552     -27.1067     -23.6493     -28.0556     -25.2437
                -33.4748     -41.5054     -34.6740     -30.6202     -38.0376
                -42.5583     -38.8794     -28.5091     -27.0949     -15.5897
                -24.9180     -36.0466     -30.3078     -20.7426     -17.3867
                -20.9417     -19.2668     -21.0772     -19.4523     -26.4688
                -38.9405     -40.4378     -33.7433     -18.8454     -32.5263
                -31.0072     -13.3587     -19.5897     -39.0231     -32.1676
 
 group  inft   Estimated free energy: 2-th solvent contribution (kcal/mol)
   1      0     -81.6472     -85.4556     -85.1320     -85.2751     -88.3877
                -90.3184     -90.2232     -79.1672     -75.7439     -69.7300
                -88.3772     -81.3744     -75.5956     -97.6530     -90.7439
                -72.5944     -84.6677     -88.0138     -83.9087     -88.8560
                -77.7874     -67.9549     -73.6317     -80.0748     -73.2035
                -67.4121     -71.3956     -83.7137     -84.2877     -98.2715
                -87.9450     -75.9572     -83.0096     -91.3367     -96.4379
                -92.8881     -93.4386     -92.6452     -93.8113     -86.4232
                -73.0110     -69.9725     -77.9242     -94.8955     -78.4758
                -81.0100     -99.7745     -94.4224     -70.7191     -80.5194
   1     60     -82.5460     -86.3500     -86.0287     -86.1679     -89.2829
                -91.2120     -91.1232     -80.0649     -76.6439     -70.6279
                -89.2691     -82.2727     -76.4979     -98.5424     -91.6411
                -73.4987     -85.5644     -88.9082     -84.8049     -89.7546
                -78.6916     -68.8499     -74.5299     -80.9748     -74.1052
                -68.3141     -72.2968     -84.6113     -85.1825     -99.1625
                -88.8383     -76.8568     -83.9103     -92.2284     -97.3287
                -93.7819     -94.3318     -93.5374     -94.7036     -87.3167
                -73.9075     -70.8729     -78.8232     -95.7851     -79.3799
                -81.9086    -100.6611     -95.3147     -71.6264     -81.4206
   1     80     -86.1351     -89.9349     -89.6140     -89.7522     -92.8715
                -94.7910     -94.7172     -83.6596     -80.2483     -74.2364
                -92.8473     -85.8629     -80.0990    -102.1142     -95.2361
                -77.1126     -89.1497     -92.4905     -88.3994     -93.3451
                -82.3001     -72.4507     -78.1362     -84.5839     -77.7243
                -71.9279     -75.8850     -88.2040     -88.7754    -102.7287
                -92.4062     -80.4407     -87.5103     -95.7951    -100.8993
                -97.3518     -97.9035     -97.1123     -98.2637     -90.9103
                -77.5046     -74.4964     -82.4227     -99.3541     -82.9899
                -85.4943    -104.2135     -98.8876     -75.2419     -85.0180
   1    100     -94.6703     -98.4685     -98.1373     -98.2467    -101.3587
               -103.3092    -103.2707     -92.1953     -88.7748     -82.7566
               -101.3507     -94.3873     -88.6209    -110.6300    -103.7742
                -85.6540     -97.6574    -100.9847     -96.9182    -101.8965
                -90.8467     -80.9508     -86.6653     -93.1010     -86.2671
                -80.4458     -84.3912     -96.7089     -97.2867    -111.2426
               -100.9137     -88.9581     -96.0612    -104.2983    -109.4196
               -105.8649    -106.3860    -105.6346    -106.7701     -99.4305
                -86.0181     -83.0245     -90.9467    -107.8608     -91.5474
                -94.0109    -112.6928    -107.4033     -83.7749     -93.5601
   2      0     -81.6312     -85.4626     -85.0606     -85.2128     -88.4458
                -90.2275     -90.2388     -79.1249     -75.7526     -69.7075
                -88.3477     -81.3740     -75.6565     -97.6406     -90.6437
                -72.5264     -84.6895     -87.9796     -83.8655     -88.8464
                -77.7427     -68.0790     -73.6333     -80.1331     -73.2884
                -67.4175     -71.4428     -83.6648     -84.3172     -98.2423
                -87.9594     -75.9696     -82.9593     -91.3127     -96.4181
                -92.8111     -93.4421     -92.5232     -93.7708     -86.4011
                -72.9809     -69.9834     -77.9961     -94.8781     -78.4286
                -80.8987     -99.8067     -94.3257     -70.7690     -80.4849
   3      0     -81.6703     -85.4803     -85.1443     -85.2690     -88.4571
                -90.3036     -90.3141     -79.2095     -75.8390     -69.7399
                -88.4078     -81.4067     -75.6650     -97.7264     -90.7570
                -72.6305     -84.7466     -88.0582     -83.9116     -88.8731
                -77.7921     -68.0613     -73.6648     -80.1677     -73.2612
                -67.4722     -71.3975     -83.7184     -84.3922     -98.2704
                -88.0089     -76.0007     -83.0291     -91.3961     -96.4865
                -92.9037     -93.5099     -92.6144     -93.8349     -86.4458
                -72.9988     -69.9880     -77.9771     -94.9312     -78.5046
                -80.9482     -99.8601     -94.4212     -70.7908     -80.5464
   4      0     -81.6308     -85.4770     -85.0653     -85.2083     -88.4671
                -90.2002     -90.1951     -79.1474     -75.7617     -69.7133
                -88.3729     -81.3116     -75.6266     -97.6889     -90.6284
                -72.5262     -84.6560     -87.9561     -83.8765     -88.8172
                -77.7593     -68.0324     -73.6192     -80.0978     -73.2631
                -67.4462     -71.3781     -83.6549     -84.2980     -98.2096
                -87.9601     -75.9159     -82.9704     -91.2665     -96.3830
                -92.7869     -93.4261     -92.5326     -93.7556     -86.4626
                -72.9465     -69.9963     -77.9655     -94.8699     -78.4386
                -80.8858     -99.8318     -94.3245     -70.7979     -80.4574
   5      0     -81.6983     -85.5286     -85.1718     -85.3424     -88.5129
                -90.3198     -90.2954     -79.2487     -75.9378     -69.8183
                -88.4633     -81.4536     -75.7572     -97.7671     -90.7849
                -72.6027     -84.7665     -88.0723     -83.9516     -88.9059
                -77.8303     -68.1245     -73.7101     -80.2212     -73.3297
                -67.5674     -71.4600     -83.7705     -84.4183     -98.2891
                -88.0228     -75.9980     -83.0968     -91.4155     -96.4629
                -92.9126     -93.5615     -92.6721     -93.9037     -86.4730
                -73.0953     -70.0581     -78.0467     -94.9533     -78.5091
                -81.0272     -99.8498     -94.4145     -70.8085     -80.5774
   5     60     -82.8194     -86.6453     -86.2902     -86.4599     -89.6259
                -91.4344     -91.4154     -80.3696     -77.0601     -70.9424
                -89.5759     -82.5747     -76.8830     -98.8778     -91.9020
                -73.7318     -85.8831     -89.1854     -85.0706     -90.0263
                -78.9571     -69.2456     -74.8345     -81.3423     -74.4565
                -68.6970     -72.5814     -84.8873     -85.5350     -99.3971
                -89.1356     -77.1180     -84.2201     -92.5270     -97.5723
                -94.0253     -94.6734     -93.7855     -95.0125     -87.5895
                -74.2152     -71.1841     -79.1680     -96.0624     -79.6353
                -82.1467    -100.9549     -95.5266     -71.9384     -81.7015
   5     80     -86.9914     -90.8105     -90.4610     -90.6259     -93.7948
                -95.5932     -95.5989     -84.5535     -81.2497     -75.1357
                -93.7318     -86.7499     -81.0700    -103.0326     -96.0784
                -77.9339     -90.0496     -93.3460     -89.2471     -94.2042
                -83.1507     -73.4252     -79.0298     -85.5387     -78.6636
                -72.9016     -76.7612     -89.0632     -89.7109    -103.5410
                -93.2891     -81.2870     -88.4049     -96.6791    -101.7216
                -98.1745     -98.8301     -97.9409     -99.1561     -91.7611
                -78.3915     -75.3896     -83.3486    -100.2096     -83.8317
                -86.3126    -105.0893     -99.6777     -76.1413     -85.8824
   5    100     -94.7553     -98.5664     -98.2127     -98.3613    -101.5181
               -103.3348    -103.3787     -92.3192     -89.0030     -82.8925
               -101.4730     -94.5027     -88.8282    -110.7742    -103.8389
                -85.7008     -97.7922    -101.0841     -97.0028    -101.9808
                -90.9191     -81.1787     -86.8025     -93.2966     -86.4337
                -80.6704     -84.5055     -96.8101     -97.4648    -111.2820
               -101.0264     -89.0334     -96.1822    -104.4099    -109.4691
               -105.9158    -106.5645    -105.6875    -106.8959     -99.5193
                -86.1426     -83.1673     -91.1105    -107.9459     -91.6034
                -94.0509    -112.8092    -107.4194     -83.9046     -93.6474
 
 
 cumulative average & 95% error for solvation free energy
              total             1st component         2nd component
  1  -113.1185              -31.4503              -81.6703
  2  -112.8678     0.5014   -29.2946     4.3114   -83.5753     3.8100
  3  -112.6575     0.5105   -28.5614     2.8890   -84.0983     2.4357
  4  -112.2841     0.8296   -27.8952     2.4389   -84.3910     1.8191
  5  -111.9102     0.9860   -26.7081     3.0341   -85.2042     2.1519
  6  -111.9417     0.8075   -25.8898     2.9692   -86.0541     2.4447
  7  -112.1853     0.8385   -25.5247     2.6134   -86.6627     2.3980
  8  -111.9160     0.9040   -26.1871     2.6225   -85.7310     2.7901
  9  -111.5864     1.0345   -26.9566     2.7781   -84.6319     3.2995
 10  -111.3508     1.0384   -28.2102     3.5298   -83.1427     4.1929
 11  -111.4393     0.9558   -27.8200     3.2868   -83.6214     3.9116
 12  -111.4354     0.8726   -28.0007     3.0221   -83.4368     3.5898
 13  -111.3643     0.8152   -28.5274     2.9729   -82.8390     3.5119
 14  -111.4445     0.7715   -27.5442     3.3826   -83.9024     3.8852
 15  -111.4673     0.7197   -27.1101     3.2666   -84.3593     3.7306
 16  -111.3601     0.7065   -27.7359     3.3020   -83.6263     3.7851
 17  -111.3531     0.6638   -27.6630     3.1051   -83.6922     3.5580
 18  -111.3376     0.6266   -27.4050     2.9727   -83.9348     3.3894
 19  -111.3376     0.5927   -27.4062     2.8119   -83.9335     3.2060
 20  -111.4455     0.6023   -27.2671     2.6821   -84.1805     3.0814
 21  -111.4062     0.5782   -27.5320     2.6056   -83.8763     2.9934
 22  -111.2949     0.5946   -28.1396     2.7656   -83.1574     3.1958
 23  -111.1393     0.6477   -28.3967     2.6922   -82.7447     3.1633
 24  -111.0983     0.6256   -28.4631     2.5810   -82.6373     3.0362
 25  -111.0809     0.6010   -28.8207     2.5769   -82.2623     3.0073
 26  -111.0158     0.5919   -29.3245     2.6730   -81.6934     3.1052
 27  -110.9648     0.5787   -29.6548     2.6555   -81.3121     3.0838
 28  -110.9880     0.5595   -29.5921     2.5620   -81.3981     2.9766
 29  -110.9835     0.5400   -29.4843     2.4815   -81.5013     2.8795
 30  -111.0585     0.5428   -29.0004     2.5853   -82.0603     2.9981
 31  -111.0981     0.5309   -28.8480     2.5190   -82.2522     2.9251
 32  -111.1084     0.5145   -29.0538     2.4735   -82.0568     2.8590
 33  -111.1567     0.5079   -29.0726     2.3977   -82.0863     2.7717
 34  -111.1668     0.4932   -28.8089     2.3851   -82.3601     2.7441
 35  -111.2263     0.4934   -28.4647     2.4161   -82.7637     2.7841
 36  -111.2813     0.4920   -28.2381     2.3914   -83.0454     2.7637
 37  -111.3047     0.4808   -27.9786     2.3830   -83.3282     2.7469
 38  -111.3506     0.4769   -27.7802     2.3532   -83.5726     2.7179
 39  -111.3839     0.4693   -27.5504     2.3377   -83.8357     2.6991
 40  -111.4067     0.4596   -27.5079     2.2801   -83.9010     2.6340
 41  -111.4043     0.4483   -27.7714     2.2854   -83.6350     2.6234
 42  -111.3661     0.4442   -28.0581     2.3028   -83.3101     2.6414
 43  -111.3594     0.4339   -28.1754     2.2608   -83.1861     2.5911
 44  -111.4000     0.4317   -27.9491     2.2547   -83.4530     2.5872
 45  -111.3777     0.4243   -28.0368     2.2110   -83.3431     2.5386
 46  -111.3766     0.4150   -28.0877     2.1648   -83.2910     2.4850
 47  -111.4022     0.4093   -27.7608     2.2169   -83.6435     2.5317
 48  -111.4435     0.4091   -27.5775     2.2009   -83.8681     2.5188
 49  -111.3971     0.4112   -27.7980     2.2002   -83.6012     2.5239
 50  -111.4111     0.4039   -27.8731     2.1610   -83.5401     2.4759
 
 Mesh error is    0.059 kcal/mol
