 ERmod 0.3.8, Copyright (C) 2000-2019 Nobuyuki Matubayasi
                            2010-2019 Shun Sakuraba
 ERmod comes with ABSOLUTELY NO WARRANTY.
 This is free software, and you can redistribute it
 and/or modify it under certain conditions.
 See LICENSE file for details.
 ERmod 0.3.8, Copyright (C) 2000-2019 Nobuyuki Matubayasi
                            2010-2019 Shun Sakuraba
 ERmod comes with ABSOLUTELY NO WARRANTY.
 This is free software, and you can redistribute it
 and/or modify it under certain conditions.
 See LICENSE file for details.
 
  Number of the   1-th solvent  =         1472
  Number of the   2-th solvent  =        10000
 
  Be sure that the solvent distribution is homogeneous (radial distribution function is essentially unity) when the solvent molecule is separated beyond distance of   10.0 Angstrom in any direction from any atom within the solute molecule
 
  LJ long-range correction    =        -3.5283     -5.7260
 
  Self-energy of the solute   =         0.0039  kcal/mol
 
 
 cumulative average & 95% error for solvation energy
              total             1st component         2nd component
  1  -490.9843             -183.0057             -307.9825
  2  -492.7628     3.5569  -175.7610    14.4894  -317.0057    18.0463
  3  -491.6665     3.0041  -178.9579    10.5291  -312.7125    13.5012
  4  -491.1050     2.4028  -184.7400    13.7535  -306.3690    15.8777
  5  -490.0983     2.7419  -192.6669    19.1007  -297.4354    21.6909
  6  -490.3320     2.2870  -193.0913    15.6188  -297.2446    17.7147
  7  -490.8710     2.2132  -190.9754    13.8620  -299.8995    15.8854
  8  -491.0346     1.9444  -188.2558    13.1796  -302.7827    14.9168
  9  -491.1857     1.7412  -187.2799    11.7860  -303.9097    13.3471
 10  -490.8886     1.6669  -188.3844    10.7707  -302.5082    12.2627
 11  -490.6507     1.5810  -189.5491    10.0171  -301.1055    11.4413
 12  -490.5017     1.4737  -190.2661     9.2561  -300.2395    10.5870
 13  -490.5530     1.3595  -189.5296     8.6408  -301.0273     9.8653
 14  -491.0273     1.5761  -187.8275     8.6940  -303.2037    10.1177
 15  -490.9944     1.4688  -186.5916     8.4627  -304.4066     9.7214
 16  -491.1226     1.3976  -185.7813     8.0803  -305.3452     9.2853
 17  -490.9085     1.3809  -186.5299     7.7364  -304.3825     8.9320
 18  -490.9508     1.3047  -187.3661     7.4832  -303.5886     8.5695
 19  -491.0636     1.2546  -188.0342     7.2034  -303.0334     8.1817
 20  -491.1242     1.1963  -187.8017     6.8496  -303.3264     7.7839
 21  -491.0082     1.1613  -187.5194     6.5397  -303.4928     7.4115
 22  -491.1025     1.1232  -187.5685     6.2361  -303.5380     7.0671
 23  -491.2089     1.0942  -187.1895     6.0068  -304.0233     6.8223
 24  -491.2471     1.0504  -186.2974     6.0215  -304.9536     6.7917
 25  -491.2965     1.0123  -186.2094     5.7783  -305.0910     6.5201
 26  -491.3727     0.9845  -185.7425     5.6296  -305.6341     6.3578
 27  -491.3652     0.9474  -184.5439     5.9238  -306.8252     6.5653
 28  -491.2851     0.9269  -183.6311     5.9932  -307.6579     6.5420
 29  -491.4091     0.9281  -183.2853     5.8240  -308.1277     6.3819
 30  -491.4659     0.9038  -183.4519     5.6364  -308.0180     6.1694
 31  -491.4768     0.8745  -183.7888     5.4930  -307.6920     6.0026
 32  -491.3203     0.9027  -185.5271     6.3541  -305.7970     6.9384
 33  -491.2570     0.8840  -186.7506     6.6268  -304.5104     7.2005
 34  -491.0832     0.9254  -187.7924     6.7582  -303.2948     7.3964
 35  -490.9680     0.9276  -188.2549     6.6272  -302.7170     7.2744
 36  -491.0231     0.9082  -188.5316     6.4642  -302.4955     7.0833
 37  -491.0907     0.8936  -188.7123     6.2974  -302.3824     6.8929
 38  -491.0764     0.8703  -189.1735     6.1985  -301.9068     6.7761
 39  -490.9729     0.8725  -189.1460     6.0377  -301.8309     6.6019
 40  -490.9129     0.8589  -189.2064     5.8861  -301.7104     6.4392
 41  -490.9013     0.8380  -189.1223     5.7432  -301.7830     6.2819
 42  -491.0290     0.8567  -188.4763     5.7517  -302.5566     6.3227
 43  -491.1359     0.8635  -187.4570     5.9749  -303.6829     6.5720
 44  -491.2418     0.8698  -186.4166     6.1973  -304.8291     6.8179
 45  -491.2555     0.8507  -185.9006     6.1453  -305.3589     6.7483
 46  -491.2196     0.8351  -185.4042     6.0917  -305.8194     6.6640
 47  -491.2575     0.8206  -184.3344     6.3330  -306.9270     6.8867
 48  -491.2807     0.8047  -183.3432     6.5089  -307.9415     7.0404
 49  -491.2799     0.7881  -182.5450     6.5715  -308.7388     7.0772
 50  -491.3013     0.7734  -182.4776     6.4402  -308.8277     6.9365
 
 
 group  inft  solvation free energy     error          difference
  total solvation free energy
   1      0       -122.48654           0.47076           0.09999
   1     60       -124.44686           0.46928          -1.86033
   1     80       -129.40125           0.46721          -6.81472
   1    100       -137.68999           0.46745         -15.10346
   2      0       -122.55537           0.47048           0.03117
   3      0       -122.58653           0.47310           0.00000
   4      0       -122.56879           0.47101           0.01774
   5      0       -122.65824           0.47202          -0.07171
   5     60       -125.03077           0.47034          -2.44424
   5     80       -130.46061           0.46802          -7.87407
   5    100       -137.89918           0.46789         -15.31265
 
  contribution from  1-th solvent component
   1      0        -65.02826           2.58106           0.04616
   1     60        -65.33418           2.58153          -0.25976
   1     80        -66.11855           2.58240          -1.04414
   1    100        -67.52491           2.58291          -2.45050
   2      0        -65.06447           2.58026           0.00995
   3      0        -65.07441           2.57933           0.00000
   4      0        -65.09215           2.57923          -0.01774
   5      0        -65.10633           2.57894          -0.03191
   5     60        -65.47800           2.57946          -0.40359
   5     80        -66.34445           2.58030          -1.27004
   5    100        -67.61367           2.58067          -2.53926
 
  contribution from  2-th solvent component
   1      0        -57.46221           2.94379           0.05384
   1     60        -59.11661           2.94198          -1.60056
   1     80        -63.28663           2.93908          -5.77058
   1    100        -70.16900           2.93758         -12.65296
   2      0        -57.49483           2.94368           0.02122
   3      0        -57.51605           2.94542           0.00000
   4      0        -57.48057           2.94304           0.03548
   5      0        -57.55585           2.94356          -0.03980
   5     60        -59.55670           2.94150          -2.04066
   5     80        -64.12009           2.93838          -6.60404
   5    100        -70.28944           2.93659         -12.77339
 
 
 group  inft   Estimated free energy: total (kcal/mol)
   1      0    -121.9861    -124.1741    -121.1487    -120.9758    -118.8940
               -122.1701    -123.9291    -123.6109    -123.9251    -121.0191
               -120.9995    -121.4152    -123.0010    -125.3389    -122.4170
               -123.7175    -120.3990    -122.5612    -122.8913    -122.8396
               -120.7735    -123.4804    -123.7013    -123.7015    -123.1113
               -123.9115    -122.7240    -121.8133    -124.0969    -123.2252
               -122.6988    -119.1279    -120.5116    -118.8491    -119.5891
               -122.5926    -122.9818    -121.0353    -119.9133    -121.2748
               -121.9950    -124.5932    -125.1597    -125.9013    -123.3075
               -122.3634    -124.0225    -123.5066    -123.0984    -123.8528
   1     60    -123.9378    -126.1325    -123.1095    -122.9464    -120.8637
               -124.1299    -125.8836    -125.5683    -125.8821    -122.9803
               -122.9613    -123.3841    -124.9650    -127.3029    -124.3652
               -125.6712    -122.3581    -124.5271    -124.8543    -124.8082
               -122.7318    -125.4429    -125.6728    -125.6508    -125.0790
               -125.8722    -124.6695    -123.7645    -126.0506    -125.1895
               -124.6722    -121.0977    -122.4868    -120.8264    -121.5561
               -124.5631    -124.9522    -123.0161    -121.8757    -123.2443
               -123.9655    -126.5514    -127.1041    -127.8445    -125.2521
               -124.3188    -125.9642    -125.4456    -125.0443    -125.8069
   1     80    -128.8721    -131.0758    -128.0629    -127.9171    -125.8360
               -129.0841    -130.8335    -130.5150    -130.8342    -127.9316
               -127.9171    -128.3568    -129.9221    -132.2717    -129.2969
               -130.6145    -127.3001    -129.4902    -129.8172    -129.7686
               -127.6829    -130.4115    -130.6501    -130.5860    -130.0437
               -130.8288    -129.5895    -128.7068    -130.9989    -130.1518
               -129.6602    -126.0669    -127.4585    -125.8170    -126.5082
               -129.5323    -129.9248    -128.0090    -126.8334    -128.2112
               -128.9397    -131.5020    -132.0371    -132.7719    -130.1782
               -129.2669    -130.8875    -130.3597    -129.9744    -130.7562
   1    100    -137.1438    -139.3368    -136.3218    -136.2132    -134.1257
               -137.3805    -139.1023    -138.8172    -139.1363    -136.2232
               -136.2066    -136.6810    -138.2227    -140.5830    -137.5676
               -138.9091    -135.5604    -137.8045    -138.1257    -138.0650
               -135.9611    -138.7266    -138.9470    -138.8789    -138.3542
               -139.1086    -137.8407    -136.9778    -139.2798    -138.4393
               -137.9775    -134.3576    -135.7553    -134.1214    -134.7734
               -137.8201    -138.2230    -136.3222    -135.1169    -136.5129
               -137.2415    -139.7866    -140.3194    -141.0771    -138.4484
               -137.5490    -139.1565    -138.6105    -138.2356    -139.0541
   2      0    -122.0599    -124.2400    -121.2445    -121.0255    -118.9899
               -122.2209    -123.9707    -123.6655    -124.0005    -121.1166
               -121.0978    -121.4788    -123.0365    -125.3825    -122.4629
               -123.8130    -120.4970    -122.6263    -122.9776    -122.9233
               -120.8413    -123.5500    -123.7491    -123.8163    -123.1665
               -123.9854    -122.7694    -121.8634    -124.1588    -123.2570
               -122.7704    -119.1709    -120.5604    -118.8831    -119.7222
               -122.6281    -123.0560    -121.0599    -119.9916    -121.3333
               -122.0902    -124.6952    -125.2165    -125.9922    -123.4126
               -122.4473    -124.0992    -123.5738    -123.1733    -123.9054
   3      0    -122.0455    -124.2824    -121.2925    -121.0370    -119.0007
               -122.2583    -123.9932    -123.7554    -124.0500    -121.1324
               -121.1257    -121.4802    -123.0889    -125.4548    -122.5315
               -123.8217    -120.5324    -122.6706    -122.9973    -122.8929
               -120.8905    -123.5572    -123.7935    -123.8493    -123.2016
               -124.0417    -122.7889    -121.9013    -124.2091    -123.2948
               -122.8285    -119.2013    -120.5924    -118.9139    -119.6918
               -122.6212    -123.0747    -121.0761    -120.0036    -121.3269
               -122.1057    -124.7432    -125.2493    -126.0227    -123.4372
               -122.5322    -124.1570    -123.6323    -123.2125    -123.9327
   4      0    -122.1147    -124.2694    -121.2423    -121.0552    -119.0308
               -122.2341    -124.0016    -123.7161    -124.0096    -121.0810
               -121.1217    -121.4926    -123.0423    -125.3851    -122.4720
               -123.8050    -120.5017    -122.6484    -122.9664    -122.9055
               -120.8584    -123.5775    -123.7972    -123.8457    -123.1439
               -124.0237    -122.7964    -121.8705    -124.1543    -123.2760
               -122.8622    -119.1963    -120.5638    -118.8632    -119.7052
               -122.5924    -123.0340    -121.0957    -119.9754    -121.3550
               -122.0998    -124.6821    -125.2189    -125.9938    -123.4281
               -122.5042    -124.1014    -123.5953    -123.1842    -123.9495
   5      0    -122.1312    -124.3676    -121.3543    -121.1294    -119.0566
               -122.3427    -124.0463    -123.8088    -124.0975    -121.2352
               -121.2173    -121.5500    -123.1384    -125.4294    -122.6347
               -123.9501    -120.5891    -122.7342    -123.0537    -122.9806
               -120.9580    -123.6760    -123.9014    -123.9564    -123.2748
               -124.0724    -122.9298    -121.9457    -124.2639    -123.3476
               -122.9327    -119.3002    -120.6691    -118.9639    -119.7751
               -122.6924    -123.1482    -121.1528    -120.0319    -121.4172
               -122.1536    -124.8127    -125.3070    -126.0673    -123.5165
               -122.6027    -124.1922    -123.6844    -123.2660    -124.0534
   5     60    -124.4932    -126.7354    -123.7287    -123.5149    -121.4425
               -124.7170    -126.4161    -126.1765    -126.4667    -123.6096
               -123.5899    -123.9320    -125.5100    -127.8089    -124.9957
               -126.3176    -122.9587    -125.1121    -125.4320    -125.3575
               -123.3349    -126.0541    -126.2844    -126.3180    -125.6522
               -126.4474    -125.2864    -124.3079    -126.6303    -125.7221
               -125.3223    -121.6856    -123.0537    -121.3543    -122.1495
               -125.0730    -125.5355    -123.5498    -122.4100    -123.7978
               -124.5340    -127.1831    -127.6616    -128.4191    -125.8708
               -124.9705    -126.5429    -126.0321    -125.6204    -126.4202
   5     80    -129.8982    -132.1539    -129.1562    -128.9659    -126.8920
               -130.1414    -131.8403    -131.6035    -131.8953    -129.0432
               -129.0212    -129.3788    -130.9401    -133.2517    -130.4004
               -131.7417    -128.3830    -130.5529    -130.8703    -130.7864
               -128.7650    -131.4974    -131.7341    -131.7310    -131.0914
               -131.8828    -130.6801    -129.7242    -132.0493    -131.1532
               -130.7846    -127.1372    -128.5052    -126.8150    -127.5740
               -130.5133    -130.9832    -129.0196    -127.8465    -129.2426
               -129.9825    -132.6090    -133.0693    -133.8231    -131.2700
               -130.3998    -131.9390    -131.4211    -131.0251    -131.8457
   5    100    -137.3198    -139.5762    -136.5778    -136.4044    -134.3432
               -137.5810    -139.2628    -139.0491    -139.3480    -136.4865
               -136.4596    -136.8389    -138.3941    -140.7017    -137.8300
               -139.1889    -135.8008    -138.0104    -138.3290    -138.2214
               -136.2080    -138.9624    -139.1801    -139.1732    -138.5414
               -139.3161    -138.0808    -137.1401    -139.4798    -138.6025
               -138.2609    -134.5767    -135.9430    -134.2732    -134.9890
               -137.9513    -138.4323    -136.4830    -135.2793    -136.6923
               -137.4294    -140.0446    -140.5024    -141.2700    -138.6888
               -137.8362    -139.3499    -138.8229    -138.4372    -139.2889
 
 group  inft   Estimated free energy: 1-th solvent contribution (kcal/mol)
   1      0     -64.9451     -59.3380     -65.8011     -72.2503     -81.5581
                -69.8906     -63.0709     -60.1962     -64.7716     -72.1168
                -73.0340     -72.2591     -64.6719     -57.7721     -59.5709
                -61.8847     -71.3189     -73.4314     -72.5503     -65.2363
                -64.1582     -67.8232     -63.4970     -58.9243     -66.3165
                -61.3054     -52.9058     -55.2443     -61.6311     -67.8255
                -70.0692     -88.1685     -82.2449     -80.4957     -72.9818
                -71.1369     -69.8948     -73.7863     -66.3224     -67.8613
                -66.1152     -56.4938     -50.3999     -49.3198     -58.0324
                -57.0376     -45.5639     -46.5379     -49.4279     -64.2231
   1     60     -65.2508     -59.6449     -66.1071     -72.5566     -81.8670
                -70.1967     -63.3753     -60.5016     -65.0775     -72.4216
                -73.3412     -72.5661     -64.9780     -58.0779     -59.8750
                -62.1902     -71.6250     -73.7374     -72.8565     -65.5444
                -64.4645     -68.1282     -63.8050     -59.2289     -66.6226
                -61.6130     -53.2097     -55.5485     -61.9359     -68.1318
                -70.3764     -88.4772     -82.5549     -80.8046     -73.2889
                -71.4449     -70.2023     -74.0961     -66.6281     -68.1687
                -66.4227     -56.7983     -50.7007     -49.6222     -58.3350
                -57.3421     -45.8660     -46.8399     -49.7313     -64.5297
   1     80     -66.0351     -60.4312     -66.8916     -73.3411     -82.6571
                -70.9816     -64.1579     -61.2844     -65.8622     -73.2024
                -74.1281     -73.3525     -65.7612     -58.8635     -60.6558
                -62.9745     -72.4082     -74.5214     -73.6421     -66.3320
                -65.2501     -68.9112     -64.5938     -60.0109     -67.4067
                -62.4014     -53.9894     -56.3300     -62.7191     -68.9172
                -71.1642     -89.2666     -83.3463     -81.5957     -74.0736
                -72.2330     -70.9897     -74.8885     -67.4119     -68.9553
                -67.2101     -57.5797     -51.4751     -50.4002     -59.1127
                -58.1238     -46.6429     -47.6165     -50.5113     -65.3168
   1    100     -67.4420     -61.8399     -68.2940     -74.7456     -84.0623
                -72.3872     -65.5606     -62.6913     -67.2694     -74.6035
                -75.5351     -74.7636     -67.1667     -60.2757     -62.0582
                -64.3830     -73.8102     -75.9300     -75.0530     -67.7434
                -66.6592     -70.3167     -66.0061     -61.4182     -68.8180
                -63.8132     -55.3927     -57.7325     -64.1238     -70.3225
                -72.5741     -90.6729     -84.7573     -83.0067     -75.4754
                -73.6394     -72.3980     -76.3042     -68.8179     -70.3644
                -68.6192     -58.9841     -52.8741     -51.8053     -60.5117
                -59.5258     -48.0413     -49.0152     -51.9138     -66.7271
   2      0     -64.9782     -59.3602     -65.8396     -72.2881     -81.5956
                -69.9262     -63.1018     -60.2117     -64.7886     -72.1693
                -73.0623     -72.2895     -64.7037     -57.7952     -59.5945
                -61.9359     -71.3525     -73.4625     -72.5923     -65.2799
                -64.2011     -67.8778     -63.5207     -58.9732     -66.3662
                -61.3250     -52.9515     -55.2757     -61.6721     -67.8515
                -70.1165     -88.2019     -82.2501     -80.5424     -73.0386
                -71.1580     -69.9296     -73.7941     -66.3643     -67.9054
                -66.1554     -56.5606     -50.4337     -49.3656     -58.0864
                -57.0794     -45.6151     -46.5812     -49.4699     -64.2328
   3      0     -64.9846     -59.3617     -65.8653     -72.2959     -81.5878
                -69.9246     -63.1195     -60.2617     -64.8093     -72.1792
                -73.0922     -72.2934     -64.7233     -57.8157     -59.6150
                -61.9250     -71.3758     -73.4824     -72.6068     -65.2733
                -64.2179     -67.8849     -63.5357     -58.9811     -66.3747
                -61.3493     -52.9588     -55.2864     -61.6909     -67.8633
                -70.1279     -88.2136     -82.2628     -80.5398     -73.0083
                -71.1503     -69.9406     -73.7831     -66.3472     -67.9010
                -66.1639     -56.5746     -50.4591     -49.3803     -58.0893
                -57.0838     -45.6361     -46.5882     -49.4760     -64.2591
   4      0     -65.0142     -59.3827     -65.8432     -72.3238     -81.6351
                -69.9488     -63.1351     -60.2480     -64.7959     -72.1763
                -73.0773     -72.3122     -64.7368     -57.8244     -59.6177
                -61.9492     -71.3591     -73.5038     -72.6185     -65.2968
                -64.2256     -67.9171     -63.5679     -59.0033     -66.3667
                -61.3700     -52.9851     -55.3091     -61.7106     -67.8867
                -70.1639     -88.2211     -82.2661     -80.5604     -73.0801
                -71.1480     -69.9511     -73.8284     -66.3905     -67.9383
                -66.1792     -56.5901     -50.4681     -49.3941     -58.1283
                -57.1227     -45.6656     -46.6145     -49.4898     -64.2661
   5      0     -64.9950     -59.3944     -65.8748     -72.3368     -81.6307
                -69.9628     -63.1335     -60.2767     -64.8105     -72.2171
                -73.0977     -72.3064     -64.7614     -57.8375     -59.6947
                -61.9622     -71.3752     -73.5114     -72.6401     -65.3019
                -64.2281     -67.9360     -63.5768     -59.0227     -66.3773
                -61.3685     -53.0020     -55.3224     -61.7208     -67.8978
                -70.1641     -88.2437     -82.2999     -80.5657     -73.0564
                -71.1989     -69.9685     -73.8260     -66.3899     -67.9389
                -66.1999     -56.6256     -50.4764     -49.3924     -58.1457
                -57.1269     -45.6910     -46.6168     -49.5165     -64.3002
   5     60     -65.3665     -59.7666     -66.2465     -72.7092     -82.0059
                -70.3349     -63.5039     -60.6477     -65.1818     -72.5878
                -73.4704     -72.6790     -65.1326     -58.2097     -60.0645
                -62.3338     -71.7466     -73.8831     -73.0125     -65.6752
                -64.6015     -68.3072     -63.9505     -59.3932     -66.7487
                -61.7423     -53.3717     -55.6919     -62.0916     -68.2694
                -70.5375     -88.6186     -82.6754     -80.9409     -73.4285
                -71.5725     -70.3424     -74.2021     -66.7617     -68.3121
                -66.5728     -56.9959     -50.8421     -49.7600     -58.5134
                -57.4969     -46.0586     -46.9840     -49.8852     -64.6728
   5     80     -66.2326     -60.6345     -67.1122     -73.5763     -82.8778
                -71.2012     -64.3682     -61.5138     -66.0478     -73.4517
                -74.3390     -73.5472     -65.9982     -59.0775     -60.9268
                -63.2006     -72.6122     -74.7498     -73.8805     -66.5441
                -65.4706     -69.1728     -64.8213     -60.2579     -67.6152
                -62.6133     -54.2340     -56.5551     -62.9570     -69.1353
                -71.4070     -89.4903     -83.5489     -81.8134     -74.2944
                -72.4422     -71.2119     -75.0766     -67.6276     -69.1813
                -67.4421     -57.8600     -51.6984     -50.6204     -59.3727
                -58.3609     -46.9181     -47.8427     -50.7471     -65.5419
   5    100     -67.5023     -61.9053     -68.3779     -74.8437     -84.1459
                -72.4682     -65.6344     -62.7845     -67.3171     -74.7175
                -75.6082     -74.8192     -67.2682     -60.3516     -62.1936
                -64.4718     -73.8771     -76.0211     -75.1545     -67.8162
                -66.7445     -70.4434     -66.0966     -61.5287     -68.8888
                -63.8870     -55.5010     -57.8197     -64.2255     -70.4041
                -72.6806     -90.7583     -84.8197     -83.0873     -75.5587
                -73.7105     -72.4826     -76.3532     -68.8952     -70.4526
                -68.7132     -59.1289     -52.9613     -51.8889     -60.6354
                -59.6273     -48.1806     -49.1052     -52.0131     -66.8136
 
 group  inft   Estimated free energy: 2-th solvent contribution (kcal/mol)
   1      0     -57.0449     -64.8401     -55.3515     -48.7295     -37.3398
                -52.2834     -60.8622     -63.4185     -59.1574     -48.9063
                -47.9695     -49.1600     -58.3331     -67.5707     -62.8500
                -61.8367     -49.0840     -49.1337     -50.3449     -57.6072
                -56.6192     -55.6611     -60.2082     -64.7812     -56.7988
                -62.6101     -69.8221     -66.5730     -62.4698     -55.4036
                -52.6336     -30.9634     -38.2706     -38.3573     -46.6111
                -51.4596     -53.0909     -47.2529     -53.5948     -53.4175
                -55.8838     -68.1034     -74.7637     -76.5855     -65.2790
                -65.3296     -78.4625     -76.9727     -73.6745     -59.6337
   1     60     -58.6910     -66.4915     -57.0064     -50.3937     -39.0006
                -53.9371     -62.5122     -65.0707     -60.8085     -50.5627
                -49.6240     -50.8220     -59.9910     -69.2289     -64.4941
                -63.4849     -50.7371     -50.7936     -52.0017     -59.2677
                -58.2712     -57.3187     -61.8717     -66.4259     -58.4604
                -64.2632     -71.4637     -68.2200     -64.1186     -57.0616
                -54.2997     -32.6244     -39.9358     -40.0257     -48.2711
                -53.1221     -54.7538     -48.9239     -55.2515     -55.0796
                -57.5467     -69.7571     -76.4073     -78.2262     -66.9210
                -66.9806     -80.1021     -78.6096     -75.3170     -61.2811
   1     80     -62.8409     -70.6485     -61.1752     -54.5800     -43.1829
                -58.1065     -66.6795     -69.2345     -64.9759     -54.7331
                -53.7929     -55.0082     -64.1648     -73.4120     -68.6451
                -67.6440     -54.8958     -54.9727     -56.1790     -63.4405
                -62.4368     -61.5042     -66.0602     -70.5790     -62.6409
                -68.4313     -75.6040     -72.3807     -68.2836     -61.2386
                -58.5000     -36.8042     -44.1161     -44.2253     -52.4386
                -57.3032     -58.9391     -53.1244     -59.4255     -59.2598
                -61.7335     -73.9262     -80.5659     -82.3757     -71.0694
                -71.1471     -84.2486     -82.7472     -79.4670     -65.4433
   1    100     -69.7057     -77.5008     -68.0318     -61.4715     -50.0674
                -64.9972     -73.5457     -76.1298     -71.8708     -61.6236
                -60.6754     -61.9213     -71.0599     -80.3112     -75.5133
                -74.5301     -61.7541     -61.8785     -63.0766     -70.3255
                -69.3058     -68.4138     -72.9448     -77.4646     -69.5401
                -75.2993     -82.4519     -79.2493     -75.1599     -68.1208
                -65.4073     -43.6886     -51.0019     -51.1187     -59.3019
                -64.1846     -65.8290     -60.0220     -66.3029     -66.1524
                -68.6263     -80.8065     -87.4492     -89.2758     -77.9407
                -78.0271     -91.1191     -89.5992     -86.3257     -72.3309
   2      0     -57.0856     -64.8837     -55.4088     -48.7413     -37.3982
                -52.2986     -60.8728     -63.4577     -59.2158     -48.9513
                -48.0394     -49.1932     -58.3368     -67.5913     -62.8722
                -61.8810     -49.1484     -49.1678     -50.3892     -57.6473
                -56.6441     -55.6761     -60.2324     -64.8470     -56.8042
                -62.6643     -69.8218     -66.5917     -62.4906     -55.4094
                -52.6578     -30.9730     -38.3142     -38.3447     -46.6875
                -51.4740     -53.1303     -47.2697     -53.6312     -53.4318
                -55.9387     -68.1385     -74.7868     -76.6306     -65.3301
                -65.3718     -78.4881     -76.9965     -73.7074     -59.6765
   3      0     -57.0649     -64.9246     -55.4311     -48.7450     -37.4168
                -52.3377     -60.8776     -63.4977     -59.2446     -48.9571
                -48.0374     -49.1907     -58.3695     -67.6430     -62.9205
                -61.9006     -49.1605     -49.1921     -50.3944     -57.6234
                -56.6765     -55.6762     -60.2617     -64.8722     -56.8308
                -62.6963     -69.8340     -66.6189     -62.5221     -55.4354
                -52.7046     -30.9917     -38.3335     -38.3781     -46.6874
                -51.4749     -53.1381     -47.2969     -53.6604     -53.4298
                -55.9457     -68.1725     -74.7942     -76.6464     -65.3518
                -65.4524     -78.5248     -77.0481     -73.7404     -59.6775
   4      0     -57.1044     -64.8907     -55.4031     -48.7354     -37.3996
                -52.2892     -60.8704     -63.4721     -59.2176     -48.9086
                -48.0483     -49.1843     -58.3094     -67.5646     -62.8582
                -61.8597     -49.1466     -49.1486     -50.3519     -57.6126
                -56.6368     -55.6643     -60.2332     -64.8463     -56.7812
                -62.6577     -69.8152     -66.5653     -62.4477     -55.3932
                -52.7022     -30.9791     -38.3016     -38.3067     -46.6291
                -51.4484     -53.0868     -47.2712     -53.5888     -53.4206
                -55.9245     -68.0960     -74.7547     -76.6036     -65.3038
                -65.3854     -78.4397     -76.9847     -73.6983     -59.6873
   5      0     -57.1401     -64.9772     -55.4834     -48.7964     -37.4299
                -52.3838     -60.9168     -63.5360     -59.2909     -49.0220
                -48.1235     -49.2475     -58.3809     -67.5958     -62.9439
                -61.9918     -49.2178     -49.2267     -50.4175     -57.6827
                -56.7338     -55.7439     -60.3286     -64.9377     -56.9015
                -62.7078     -69.9318     -66.6272     -62.5470     -55.4538
                -52.7725     -31.0604     -38.3731     -38.4022     -46.7227
                -51.4975     -53.1836     -47.3308     -53.6460     -53.4822
                -55.9576     -68.1910     -74.8345     -76.6789     -65.3747
                -65.4798     -78.5052     -77.0715     -73.7534     -59.7571
   5     60     -59.1306     -66.9727     -57.4862     -50.8096     -39.4405
                -54.3859     -62.9161     -65.5327     -61.2888     -51.0257
                -50.1234     -51.2568     -60.3813     -69.6031     -64.9352
                -63.9878     -51.2161     -51.2329     -52.4234     -59.6862
                -58.7373     -57.7508     -62.3378     -66.9287     -58.9074
                -64.7090     -71.9187     -68.6198     -64.5425     -57.4566
                -54.7888     -33.0710     -40.3823     -40.4174     -48.7250
                -53.5044     -55.1970     -49.3516     -55.6522     -55.4897
                -57.9651     -70.1911     -76.8234     -78.6630     -67.3612
                -67.4775     -80.4882     -79.0520     -75.7392     -61.7513
   5     80     -63.6695     -71.5233     -62.0479     -55.3935     -44.0181
                -58.9441     -67.4761     -70.0936     -65.8514     -55.5954
                -54.6861     -55.8356     -64.9458     -74.1781     -69.4776
                -68.5450     -55.7747     -55.8071     -56.9937     -64.2463
                -63.2983     -62.3285     -66.9167     -71.4769     -63.4802
                -69.2735     -76.4501     -73.1730     -69.0962     -62.0218
                -59.3816     -37.6508     -44.9602     -45.0055     -53.2835
                -58.0750     -59.7753     -53.9469     -60.2228     -60.0653
                -62.5444     -74.7529     -81.3748     -83.2065     -71.9012
                -72.0428     -85.0248     -83.5823     -80.2820     -66.3077
   5    100     -69.8214     -77.6749     -68.2039     -61.5647     -50.2013
                -65.1168     -73.6323     -76.2685     -72.0348     -61.7729
                -60.8553     -62.0236     -71.1298     -80.3540     -75.6403
                -74.7210     -61.9276     -61.9933     -63.1785     -70.4091
                -69.4674     -68.5229     -73.0875     -77.6484     -69.6566
                -75.4330     -82.5837     -79.3243     -75.2582     -68.2024
                -65.5843     -43.8223     -51.1273     -51.1898     -59.4342
                -64.2447     -65.9537     -60.1337     -66.3880     -66.2436
                -68.7201     -80.9196     -87.5450     -89.3851     -78.0573
                -78.2128     -91.1731     -89.7217     -86.4280     -72.4793
 
 
 cumulative average & 95% error for solvation free energy
              total             1st component         2nd component
  1  -122.0455              -64.9846              -57.0649
  2  -123.1640     2.2369   -62.1732     5.6228   -60.9947     7.8598
  3  -122.5401     1.7957   -63.4039     4.0740   -59.1402     5.8608
  4  -122.1644     1.4755   -65.6269     5.2977   -56.5414     6.6475
  5  -121.5316     1.7052   -68.8191     7.5894   -52.7165     9.2214
  6  -121.6527     1.4132   -69.0033     6.2077   -52.6533     7.5303
  7  -121.9871     1.3688   -68.1628     5.5092   -53.8282     6.7842
  8  -122.2081     1.2652   -67.1751     5.1638   -55.0369     6.3531
  9  -122.4128     1.1885   -66.9123     4.5843   -55.5044     5.6804
 10  -122.2847     1.0934   -67.4390     4.2335   -54.8497     5.2468
 11  -122.1794     1.0112   -67.9529     3.9649   -54.2304     4.9048
 12  -122.1211     0.9305   -68.3146     3.6910   -53.8104     4.5556
 13  -122.1956     0.8688   -68.0384     3.4399   -54.1611     4.2488
 14  -122.4284     0.9294   -67.3082     3.5036   -55.1241     4.3798
 15  -122.4352     0.8653   -66.7953     3.4192   -55.6439     4.2078
 16  -122.5219     0.8278   -66.4909     3.2558   -56.0349     4.0130
 17  -122.4049     0.8120   -66.7782     3.1118   -55.6305     3.8554
 18  -122.4196     0.7661   -67.1507     3.0269   -55.2729     3.7046
 19  -122.4500     0.7272   -67.4379     2.9202   -55.0161     3.5416
 20  -122.4722     0.6913   -67.3296     2.7788   -55.1465     3.3700
 21  -122.3969     0.6746   -67.1815     2.6597   -55.2193     3.2088
 22  -122.4496     0.6518   -67.2134     2.5368   -55.2401     3.0598
 23  -122.5080     0.6337   -67.0535     2.4450   -55.4584     2.9561
 24  -122.5639     0.6169   -66.7172     2.4356   -55.8507     2.9370
 25  -122.5894     0.5939   -66.7035     2.3363   -55.8899     2.8181
 26  -122.6453     0.5815   -66.4976     2.2821   -56.1517     2.7577
 27  -122.6506     0.5596   -65.9961     2.4141   -56.6584     2.8406
 28  -122.6238     0.5419   -65.6136     2.4489   -57.0141     2.8282
 29  -122.6785     0.5342   -65.4784     2.3784   -57.2041     2.7553
 30  -122.6990     0.5177   -65.5579     2.3032   -57.1451     2.6644
 31  -122.7032     0.5008   -65.7053     2.2471   -57.0019     2.5929
 32  -122.5938     0.5320   -66.4087     2.5909   -56.1891     2.9910
 33  -122.5331     0.5297   -66.8891     2.6887   -55.6480     3.0943
 34  -122.4267     0.5563   -67.2906     2.7292   -55.1400     3.1691
 35  -122.3485     0.5623   -67.4539     2.6702   -54.8985     3.1149
 36  -122.3561     0.5466   -67.5566     2.6031   -54.8034     3.0332
 37  -122.3755     0.5331   -67.6211     2.5350   -54.7584     2.9514
 38  -122.3414     0.5234   -67.7832     2.4886   -54.5621     2.8994
 39  -122.2814     0.5237   -67.7464     2.4251   -54.5389     2.8245
 40  -122.2575     0.5126   -67.7503     2.3637   -54.5112     2.7535
 41  -122.2538     0.5000   -67.7116     2.3066   -54.5462     2.6864
 42  -122.3131     0.5022   -67.4464     2.3127   -54.8706     2.7008
 43  -122.3814     0.5090   -67.0513     2.3925   -55.3340     2.7953
 44  -122.4642     0.5241   -66.6497     2.4716   -55.8184     2.8978
 45  -122.4858     0.5142   -66.4595     2.4458   -56.0302     2.8641
 46  -122.4868     0.5029   -66.2557     2.4266   -56.2350     2.8310
 47  -122.5223     0.4972   -65.8170     2.5313   -56.7093     2.9280
 48  -122.5454     0.4889   -65.4164     2.6043   -57.1330     2.9890
 49  -122.5591     0.4796   -65.0911     2.6323   -57.4719     3.0048
 50  -122.5865     0.4731   -65.0744     2.5793   -57.5160     2.9454
 
 Mesh error is    0.100 kcal/mol
