 ERmod 0.3.8, Copyright (C) 2000-2019 Nobuyuki Matubayasi
                            2010-2019 Shun Sakuraba
 ERmod comes with ABSOLUTELY NO WARRANTY.
 This is free software, and you can redistribute it
 and/or modify it under certain conditions.
 See LICENSE file for details.
 
  Number of the   1-th solvent  =        10000
 
  Be sure that the solvent distribution is homogeneous (radial distribution function is essentially unity) when the solvent molecule is separated beyond distance of   10.0 Angstrom in any direction from any atom within the solute molecule
 
  LJ long-range correction    =        -7.8240
 
  Self-energy of the solute   =        -0.0126  kcal/mol
 
 
 cumulative average & 95% error for solvation energy
  1  -470.9900
  2  -470.1627     1.6545
  3  -470.1136     0.9603
  4  -469.6125     1.2105
  5  -469.5781     0.9402
  6  -469.6827     0.7957
  7  -469.4759     0.7894
  8  -469.5487     0.6990
  9  -469.7123     0.6979
 10  -469.6978     0.6249
 11  -469.7985     0.6001
 12  -469.7495     0.5565
 13  -469.8695     0.5654
 14  -469.8546     0.5243
 15  -469.9098     0.5004
 16  -469.9248     0.4691
 17  -469.9370     0.4413
 18  -469.9832     0.4262
 19  -469.9860     0.4032
 20  -470.0344     0.3945
 21  -470.0279     0.3755
 22  -470.0300     0.3581
 23  -470.0649     0.3492
 24  -470.1057     0.3441
 25  -470.0978     0.3305
 26  -470.0333     0.3427
 27  -470.0376     0.3298
 28  -469.9954     0.3289
 29  -470.0243     0.3226
 30  -470.0585     0.3190
 31  -470.0091     0.3240
 32  -469.9887     0.3164
 33  -470.0222     0.3139
 34  -470.0101     0.3054
 35  -470.0152     0.2968
 36  -470.0058     0.2890
 37  -470.0039     0.2811
 38  -470.0266     0.2774
 39  -470.0348     0.2707
 40  -470.0063     0.2699
 41  -470.0340     0.2690
 42  -470.0246     0.2632
 43  -469.9872     0.2677
 44  -470.0045     0.2638
 45  -470.0306     0.2631
 46  -470.0469     0.2594
 47  -470.0367     0.2546
 48  -470.0262     0.2501
 49  -470.0499     0.2495
 50  -470.0468     0.2446
 
 
 group  inft  solvation free energy     error          difference
   1      0        -91.61873           0.12363           0.04661
   1     60        -91.73929           0.12362          -0.07395
   1     80        -93.23199           0.12359          -1.56665
   1    100        -99.94437           0.12419          -8.27903
   2      0        -91.66194           0.12483           0.00340
   3      0        -91.66534           0.12477           0.00000
   4      0        -91.62725           0.12479           0.03809
   5      0        -91.67842           0.12611          -0.01308
   5     60        -91.85029           0.12610          -0.18495
   5     80        -93.78259           0.12609          -2.11725
   5    100       -100.02223           0.12667          -8.35689
 
 
 group  inft   Estimated free energy (kcal/mol)
   1      0     -91.9961     -91.2845     -91.5583     -90.6205     -91.3543
                -91.5999     -91.0234     -91.5187     -91.9151     -91.4649
                -92.0291     -91.5776     -92.1370     -91.7868     -91.9740
                -91.3067     -91.7954     -92.0818     -91.8153     -92.0199
                -91.6713     -91.7516     -92.0616     -92.1293     -91.6663
                -91.2072     -91.5674     -90.7351     -91.3925     -92.3213
                -90.7136     -91.0987     -92.2328     -91.4711     -91.4558
                -91.4352     -91.1623     -92.0015     -91.9226     -91.2715
                -91.9470     -91.3257     -90.4502     -91.8835     -92.0150
                -92.1057     -91.7164     -91.7020     -92.1492     -91.5141
   1     60     -92.1173     -91.4044     -91.6785     -90.7409     -91.4745
                -91.7204     -91.1435     -91.6387     -92.0357     -91.5853
                -92.1489     -91.6980     -92.2582     -91.9073     -92.0942
                -91.4279     -91.9156     -92.2018     -91.9352     -92.1403
                -91.7913     -91.8723     -92.1824     -92.2499     -91.7874
                -91.3273     -91.6886     -90.8559     -91.5135     -92.4416
                -90.8339     -91.2190     -92.3527     -91.5915     -91.5766
                -91.5566     -91.2835     -92.1225     -92.0429     -91.3915
                -92.0682     -91.4467     -90.5716     -92.0040     -92.1359
                -92.2270     -91.8372     -91.8220     -92.2698     -91.6349
   1     80     -93.6178     -92.8921     -93.1704     -92.2324     -92.9665
                -93.2150     -92.6306     -93.1295     -93.5288     -93.0711
                -93.6352     -93.1881     -93.7570     -93.3957     -93.5830
                -92.9271     -93.4056     -93.6926     -93.4237     -93.6328
                -93.2793     -93.3661     -93.6769     -93.7421     -93.2801
                -92.8117     -93.1858     -92.3504     -93.0118     -93.9329
                -92.3283     -92.7105     -93.8396     -93.0820     -93.0718
                -93.0547     -92.7803     -93.6172     -93.5336     -92.8791
                -93.5680     -92.9457     -92.0709     -93.4955     -93.6311
                -93.7229     -93.3312     -93.3112     -93.7672     -93.1269
   1    100    -100.3569     -99.5891     -99.8798     -98.9360     -99.6739
                -99.9349     -99.3251     -99.8382    -100.2475     -99.7521
               -100.3353     -99.8986    -100.4881    -100.0910    -100.2774
                -99.6599    -100.1069    -100.4015    -100.1283    -100.3452
                -99.9817    -100.0751    -100.4018    -100.4568     -99.9883
                -99.4987     -99.9157     -99.0619     -99.7407    -100.6480
                -99.0449     -99.4162    -100.5411     -99.7892     -99.7911
                -99.7797     -99.5016    -100.3428    -100.2379     -99.5790
               -100.3070     -99.6799     -98.7927    -100.2004    -100.3431
               -100.4470    -100.0453    -100.0137    -100.4977     -99.8337
   2      0     -92.0270     -91.2834     -91.6270     -90.6606     -91.3797
                -91.6433     -91.0264     -91.5643     -91.9503     -91.5306
                -92.0695     -91.5978     -92.1628     -91.8544     -92.0212
                -91.3560     -91.8604     -92.1189     -91.8648     -92.0865
                -91.6971     -91.8149     -92.1494     -92.2175     -91.7228
                -91.2706     -91.6078     -90.7666     -91.4704     -92.3443
                -90.7546     -91.1543     -92.2719     -91.5223     -91.4823
                -91.4308     -91.2227     -92.0261     -91.9849     -91.2911
                -92.0387     -91.3776     -90.4686     -91.9211     -92.0355
                -92.1420     -91.7646     -91.7356     -92.1623     -91.5633
   3      0     -92.0114     -91.2975     -91.5838     -90.6793     -91.3971
                -91.6265     -91.0375     -91.5775     -91.9633     -91.5583
                -92.0727     -91.6051     -92.1444     -91.8234     -92.0318
                -91.3294     -91.8448     -92.1282     -91.8708     -92.0879
                -91.6800     -91.8305     -92.2115     -92.1947     -91.7329
                -91.2810     -91.6215     -90.7294     -91.4475     -92.3591
                -90.7963     -91.1175     -92.2772     -91.4900     -91.5554
                -91.4274     -91.2380     -92.0263     -92.0324     -91.2821
                -92.0524     -91.3719     -90.4880     -91.9333     -92.0394
                -92.1360     -91.7196     -91.7613     -92.1434     -91.6203
   4      0     -92.0147     -91.2424     -91.5913     -90.6497     -91.3358
                -91.5841     -90.9521     -91.5240     -91.9219     -91.4915
                -92.0301     -91.5933     -92.1222     -91.8522     -91.9855
                -91.2878     -91.8371     -92.0790     -91.8508     -92.0666
                -91.6639     -91.7889     -92.1586     -92.1926     -91.6662
                -91.2467     -91.5801     -90.7241     -91.4618     -92.2771
                -90.7295     -91.1174     -92.2041     -91.5268     -91.4502
                -91.4117     -91.2063     -91.9942     -91.9472     -91.2320
                -91.9839     -91.2922     -90.4435     -91.9078     -91.9748
                -92.1074     -91.7151     -91.6968     -92.1156     -91.5339
   5      0     -92.0273     -91.2886     -91.5998     -90.6602     -91.4515
                -91.6242     -91.0720     -91.6319     -92.0014     -91.5943
                -92.1579     -91.5356     -92.1155     -91.8420     -92.0665
                -91.3279     -91.7967     -92.1857     -91.8813     -92.1121
                -91.7289     -91.8441     -92.2527     -92.1823     -91.7315
                -91.2499     -91.6234     -90.7663     -91.4874     -92.4123
                -90.8086     -91.0896     -92.3213     -91.5424     -91.5780
                -91.4273     -91.2699     -92.0355     -92.0171     -91.2561
                -92.0355     -91.3522     -90.5281     -91.9410     -92.0424
                -92.1401     -91.7622     -91.7519     -92.1780     -91.5929
   5     60     -92.2000     -91.4598     -91.7712     -90.8321     -91.6231
                -91.7960     -91.2432     -91.8034     -92.1736     -91.7655
                -92.3287     -91.7071     -92.2879     -92.0137     -92.2379
                -91.5007     -91.9684     -92.3572     -92.0527     -92.2838
                -91.9006     -92.0159     -92.4248     -92.3542     -91.9034
                -91.4211     -91.7960     -90.9384     -91.6601     -92.5839
                -90.9807     -91.2613     -92.4924     -91.7141     -91.7508
                -91.5997     -91.4423     -92.2080     -92.1884     -91.4272
                -92.2086     -91.5246     -90.7008     -92.1128     -92.2145
                -92.3125     -91.9340     -91.9231     -92.3500     -91.7646
   5     80     -94.1408     -93.3855     -93.7022     -92.7631     -93.5538
                -93.7292     -93.1689     -93.7340     -94.1084     -93.6899
                -94.2549     -93.6365     -94.2261     -93.9408     -94.1649
                -93.4408     -93.8974     -94.2878     -93.9812     -94.2151
                -93.8286     -93.9476     -94.3621     -94.2863     -93.8349
                -93.3441     -93.7349     -92.8722     -93.6002     -94.5143
                -92.9158     -93.1920     -94.4192     -93.6444     -93.6884
                -93.5360     -93.3797     -94.1435     -94.1179     -93.3535
                -94.1516     -93.4646     -92.6394     -94.0432     -94.1480
                -94.2484     -93.8649     -93.8507     -94.2867     -93.6947
   5    100    -100.4036     -99.6057     -99.9385     -98.9962     -99.7898
                -99.9705     -99.3922     -99.9714    -100.3536     -99.9085
               -100.4846     -99.8736    -100.4813    -100.1669    -100.3884
                -99.6951    -100.1278    -100.5259    -100.2128    -100.4536
               -100.0564    -100.1869    -100.6218    -100.5276    -100.0710
                -99.5600     -99.9904     -99.1111     -99.8549    -100.7559
                -99.1592     -99.4239    -100.6482     -99.8794     -99.9355
                -99.7857     -99.6274    -100.3919    -100.3547     -99.5809
               -100.4172     -99.7257     -98.8889    -100.2749    -100.3869
               -100.4971    -100.1036    -100.0820    -100.5427     -99.9295
 
 
 cumulative average & 95% error for solvation free energy
  1   -92.0114
  2   -91.6544     0.7138
  3   -91.6309     0.4148
  4   -91.3930     0.5590
  5   -91.3938     0.4330
  6   -91.4326     0.3619
  7   -91.3761     0.3261
  8   -91.4013     0.2868
  9   -91.4638     0.2821
 10   -91.4732     0.2530
 11   -91.5277     0.2535
 12   -91.5342     0.2318
 13   -91.5811     0.2330
 14   -91.5984     0.2184
 15   -91.6273     0.2114
 16   -91.6087     0.2012
 17   -91.6226     0.1910
 18   -91.6507     0.1887
 19   -91.6623     0.1800
 20   -91.6835     0.1760
 21   -91.6834     0.1674
 22   -91.6900     0.1601
 23   -91.7127     0.1596
 24   -91.7328     0.1580
 25   -91.7328     0.1515
 26   -91.7154     0.1497
 27   -91.7120     0.1442
 28   -91.6769     0.1557
 29   -91.6690     0.1510
 30   -91.6920     0.1530
 31   -91.6631     0.1589
 32   -91.6460     0.1576
 33   -91.6651     0.1574
 34   -91.6600     0.1531
 35   -91.6570     0.1488
 36   -91.6506     0.1451
 37   -91.6395     0.1429
 38   -91.6497     0.1406
 39   -91.6595     0.1383
 40   -91.6500     0.1361
 41   -91.6598     0.1342
 42   -91.6530     0.1317
 43   -91.6259     0.1395
 44   -91.6329     0.1371
 45   -91.6419     0.1352
 46   -91.6527     0.1339
 47   -91.6541     0.1311
 48   -91.6563     0.1284
 49   -91.6663     0.1273
 50   -91.6653     0.1248
 
 Mesh error is    0.047 kcal/mol
