 ERmod 0.3.8, Copyright (C) 2000-2019 Nobuyuki Matubayasi
                            2010-2019 Shun Sakuraba
 ERmod comes with ABSOLUTELY NO WARRANTY.
 This is free software, and you can redistribute it
 and/or modify it under certain conditions.
 See LICENSE file for details.
 ERmod 0.3.8, Copyright (C) 2000-2019 Nobuyuki Matubayasi
                            2010-2019 Shun Sakuraba
 ERmod comes with ABSOLUTELY NO WARRANTY.
 This is free software, and you can redistribute it
 and/or modify it under certain conditions.
 See LICENSE file for details.
 
  Number of the   1-th solvent  =         1472
  Number of the   2-th solvent  =        10000
 
  Be sure that the solvent distribution is homogeneous (radial distribution function is essentially unity) when the solvent molecule is separated beyond distance of   10.0 Angstrom in any direction from any atom within the solute molecule
 
  LJ long-range correction    =        -3.5283     -5.7260
 
  Self-energy of the solute   =        -0.0101  kcal/mol
 
 
 cumulative average & 95% error for solvation energy
              total             1st component         2nd component
  1  -491.0469             -184.5640             -306.4728
  2  -492.5799     3.0660  -172.4592    24.2097  -320.1106    27.2757
  3  -493.1908     2.1509  -168.3724    16.1918  -324.8083    18.3374
  4  -493.3751     1.5649  -169.0004    11.5180  -324.3646    12.9968
  5  -492.7956     1.6772  -174.3209    13.8863  -318.4645    15.5111
  6  -492.3510     1.6327  -176.6237    12.2378  -315.7172    13.8053
  7  -492.1962     1.4142  -176.6004    10.3430  -315.5856    11.6706
  8  -492.1643     1.2264  -177.4615     9.1213  -314.6926    10.2636
  9  -492.1351     1.0832  -175.0732     9.3556  -317.0517    10.2076
 10  -492.3411     1.0528  -172.4384     9.8889  -319.8927    10.7535
 11  -492.4941     1.0003  -170.2825     9.9298  -322.2015    10.7673
 12  -492.4336     0.9211  -173.2738    10.8608  -319.1497    11.5700
 13  -492.3534     0.8623  -172.7738    10.0404  -319.5695    10.6759
 14  -492.4588     0.8258  -173.9727     9.5999  -318.4761    10.1230
 15  -492.5263     0.7805  -173.6490     8.9604  -318.8671     9.4564
 16  -492.4746     0.7374  -174.0987     8.4298  -318.3657     8.9023
 17  -492.6560     0.7819  -174.4003     7.9414  -318.2456     8.3657
 18  -492.6353     0.7384  -175.0597     7.6024  -317.5655     8.0037
 19  -492.6222     0.6989  -175.3851     7.2206  -317.2270     7.6010
 20  -492.5601     0.6746  -177.1867     7.7399  -315.3633     8.1173
 21  -492.5606     0.6417  -178.2482     7.6621  -314.3022     8.0074
 22  -492.5157     0.6183  -179.5340     7.7449  -312.9717     8.0853
 23  -492.4774     0.5958  -180.6521     7.7310  -311.8152     8.0645
 24  -492.6306     0.6476  -182.2461     8.0592  -310.3744     8.2414
 25  -492.5979     0.6246  -183.1116     7.9216  -309.4762     8.1064
 26  -492.5177     0.6211  -183.1922     7.6125  -309.3154     7.7950
 27  -492.5836     0.6121  -183.7068     7.3971  -308.8667     7.5543
 28  -492.5765     0.5900  -184.0372     7.1586  -308.5292     7.3107
 29  -492.6327     0.5803  -183.4545     7.0050  -309.1681     7.1689
 30  -492.6189     0.5613  -183.1079     6.8029  -309.5009     6.9577
 31  -492.5984     0.5444  -183.0605     6.5804  -309.5278     6.7298
 32  -492.5187     0.5507  -183.9792     6.6312  -308.5294     6.8152
 33  -492.5725     0.5444  -184.2360     6.4475  -308.3264     6.6179
 34  -492.6422     0.5463  -184.0134     6.2709  -308.6186     6.4469
 35  -492.6930     0.5401  -183.5334     6.1643  -309.1494     6.3493
 36  -492.7208     0.5278  -182.3726     6.4247  -310.3381     6.6126
 37  -492.7165     0.5134  -181.2878     6.6146  -311.4185     6.7847
 38  -492.6972     0.5012  -180.4787     6.6384  -312.2083     6.7900
 39  -492.6434     0.4999  -180.7557     6.4897  -311.8776     6.6466
 40  -492.6128     0.4911  -180.8535     6.3284  -311.7492     6.4834
 41  -492.6147     0.4789  -179.9276     6.4439  -312.6769     6.5899
 42  -492.5666     0.4772  -179.9779     6.2894  -312.5786     6.4341
 43  -492.5713     0.4661  -179.4227     6.2409  -313.1385     6.3817
 44  -492.6138     0.4632  -179.5812     6.1057  -313.0224     6.2393
 45  -492.6887     0.4769  -179.8039     5.9850  -312.8746     6.1062
 46  -492.7401     0.4776  -179.2410     5.9608  -313.4890     6.0971
 47  -492.6611     0.4934  -179.7344     5.9155  -312.9166     6.0748
 48  -492.6546     0.4832  -180.0561     5.8266  -312.5883     5.9830
 49  -492.5954     0.4878  -180.0812     5.7066  -312.5041     5.8621
 50  -492.5593     0.4834  -180.4666     5.6442  -312.0826     5.8052
 
 
 group  inft  solvation free energy     error          difference
  total solvation free energy
   1      0       -125.65119           0.26630           0.11710
   1     60       -127.55516           0.26547          -1.78686
   1     80       -132.48401           0.26453          -6.71571
   1    100       -140.73007           0.26566         -14.96177
   2      0       -125.72159           0.26972           0.04671
   3      0       -125.76830           0.26762           0.00000
   4      0       -125.75775           0.26899           0.01054
   5      0       -125.83600           0.26659          -0.06770
   5     60       -128.15774           0.26503          -2.38944
   5     80       -133.57274           0.26375          -7.80445
   5    100       -140.96018           0.26564         -15.19189
 
  contribution from  1-th solvent component
   1      0        -65.40500           2.29914           0.06377
   1     60        -65.70237           2.29943          -0.23360
   1     80        -66.47529           2.29993          -1.00652
   1    100        -67.86180           2.29971          -2.39303
   2      0        -65.44247           2.29899           0.02630
   3      0        -65.46877           2.29980           0.00000
   4      0        -65.47273           2.29843          -0.00396
   5      0        -65.48822           2.29909          -0.01945
   5     60        -65.85055           2.29950          -0.38179
   5     80        -66.70724           2.29999          -1.23847
   5    100        -67.95739           2.29973          -2.48862
 
  contribution from  2-th solvent component
   1      0        -60.23607           2.46162           0.05333
   1     60        -61.84266           2.46014          -1.55326
   1     80        -65.99860           2.45783          -5.70919
   1    100        -72.85815           2.45691         -12.56874
   2      0        -60.26899           2.46252           0.02041
   3      0        -60.28941           2.46165           0.00000
   4      0        -60.27490           2.46085           0.01450
   5      0        -60.33765           2.45880          -0.04825
   5     60        -62.29706           2.45674          -2.00766
   5     80        -66.85538           2.45438          -6.56597
   5    100        -72.99267           2.45380         -12.70327
 
 
 group  inft   Estimated free energy: total (kcal/mol)
   1      0    -124.6580    -126.4465    -126.8310    -126.6227    -124.7163
               -124.4221    -126.3210    -125.4454    -125.6782    -126.7826
               -126.7781    -124.2855    -125.5607    -126.1936    -126.4906
               -125.9079    -126.9560    -125.4123    -126.1387    -124.4756
               -125.8192    -124.8389    -124.4716    -126.3984    -124.5570
               -124.6781    -126.5968    -124.7911    -126.2597    -125.1657
               -125.5323    -123.6508    -125.8333    -126.6976    -126.9857
               -126.7887    -126.5611    -125.3977    -124.9283    -125.3162
               -126.0560    -125.0229    -126.1979    -126.6785    -126.6450
               -126.7229    -123.7220    -125.1052    -124.1274    -124.8911
   1     60    -126.5659    -128.3390    -128.7291    -128.5167    -126.6209
               -126.3273    -128.2208    -127.3435    -127.5676    -128.6771
               -128.6692    -126.1892    -127.4661    -128.1092    -128.3947
               -127.8181    -128.8556    -127.3166    -128.0449    -126.3972
               -127.7319    -126.7434    -126.3755    -128.3114    -126.4719
               -126.5837    -128.5156    -126.6932    -128.1585    -127.0775
               -127.4355    -125.5583    -127.7469    -128.6122    -128.8883
               -128.6826    -128.4481    -127.2926    -126.8358    -127.2269
               -127.9407    -126.9337    -128.0962    -128.5790    -128.5545
               -128.6158    -125.6231    -127.0138    -126.0353    -126.8071
   1     80    -131.5109    -133.2493    -133.6633    -133.4257    -131.5326
               -131.2561    -133.1514    -132.2476    -132.4742    -133.5935
               -133.5832    -131.0939    -132.3890    -133.0572    -133.3154
               -132.7604    -133.7700    -132.2437    -132.9739    -131.3611
               -132.6771    -131.6769    -131.3116    -133.2561    -131.4144
               -131.5231    -133.4732    -131.6266    -133.0956    -132.0275
               -132.3629    -130.4883    -132.6797    -133.5709    -133.8186
               -133.5914    -133.3453    -132.2108    -131.7732    -132.1634
               -132.8275    -131.8819    -133.0209    -133.5106    -133.4911
               -133.5135    -130.5541    -131.9544    -130.9547    -131.7528
   1    100    -139.7601    -141.5039    -141.9258    -141.6739    -139.7527
               -139.5085    -141.4168    -140.4701    -140.7158    -141.8372
               -141.8110    -139.3049    -140.6117    -141.3062    -141.5568
               -141.0477    -142.0004    -140.4596    -141.2261    -139.6303
               -140.9450    -139.9048    -139.5199    -141.5009    -139.6494
               -139.7774    -141.7410    -139.8598    -141.3666    -140.2776
               -140.6291    -138.7311    -140.9295    -141.8446    -142.0708
               -141.8372    -141.5798    -140.4411    -140.0127    -140.4088
               -141.0423    -140.1715    -141.2640    -141.7779    -141.7589
               -141.7207    -138.8088    -140.2138    -139.1822    -140.0163
   2      0    -124.6759    -126.4958    -126.9037    -126.6050    -124.8032
               -124.5140    -126.4397    -125.4884    -125.7353    -126.8350
               -126.8332    -124.2391    -125.6429    -126.2467    -126.5749
               -126.0071    -127.0162    -125.5161    -126.2340    -124.5562
               -125.9249    -124.8744    -124.5666    -126.5017    -124.6193
               -124.8144    -126.6984    -124.8801    -126.3952    -125.2318
               -125.5916    -123.6428    -125.8971    -126.7630    -127.1051
               -126.8716    -126.6729    -125.4403    -124.9833    -125.3973
               -126.1232    -125.0805    -126.2732    -126.7855    -126.7032
               -126.8165    -123.7942    -125.1657    -124.1269    -124.9763
   3      0    -124.7322    -126.5365    -126.9028    -126.7045    -124.8561
               -124.5667    -126.4671    -125.5371    -125.7815    -126.8891
               -126.8531    -124.3474    -125.7081    -126.2689    -126.6008
               -126.0209    -127.0805    -125.5931    -126.2492    -124.5717
               -125.9645    -124.9318    -124.6283    -126.5512    -124.6874
               -124.8803    -126.7312    -124.9401    -126.4246    -125.2786
               -125.6638    -123.6850    -125.9640    -126.8165    -127.1598
               -126.9152    -126.6788    -125.4625    -125.0152    -125.4505
               -126.1817    -125.1185    -126.3154    -126.8357    -126.7358
               -126.8528    -123.8612    -125.1871    -124.2008    -125.0292
   4      0    -124.7674    -126.5539    -126.9327    -126.6355    -124.8847
               -124.5262    -126.4661    -125.5027    -125.7560    -126.8579
               -126.8818    -124.2696    -125.6613    -126.2746    -126.6226
               -126.0278    -127.0626    -125.5417    -126.2359    -124.6232
               -125.9474    -124.8545    -124.6409    -126.5255    -124.6693
               -124.8501    -126.7369    -124.9548    -126.4496    -125.2348
               -125.6323    -123.6674    -125.9451    -126.8076    -127.1534
               -126.9408    -126.7030    -125.4666    -125.0277    -125.4562
               -126.1601    -125.1155    -126.2736    -126.8067    -126.7673
               -126.7804    -123.8131    -125.2149    -124.1638    -125.0441
   5      0    -124.7934    -126.6482    -126.9864    -126.7053    -124.9361
               -124.6169    -126.5410    -125.5780    -125.8571    -126.9490
               -126.9385    -124.4223    -125.7605    -126.3509    -126.6429
               -126.0479    -127.1686    -125.6130    -126.3411    -124.6918
               -126.0515    -124.9482    -124.7387    -126.6218    -124.7848
               -124.9517    -126.7940    -124.9910    -126.4870    -125.3211
               -125.7229    -123.8082    -126.0279    -126.8534    -127.1798
               -126.9859    -126.7329    -125.4930    -125.1069    -125.5190
               -126.2682    -125.2251    -126.3589    -126.9505    -126.8271
               -126.9080    -123.9268    -125.3267    -124.2208    -125.0790
   5     60    -127.1205    -128.9497    -129.3013    -129.0137    -127.2573
               -126.9403    -128.8574    -127.8908    -128.1684    -129.2570
               -129.2450    -126.7463    -128.0838    -128.6816    -128.9602
               -128.3735    -129.4825    -127.9313    -128.6641    -127.0352
               -128.3801    -127.2740    -127.0679    -128.9531    -127.1147
               -127.2751    -129.1301    -127.3171    -128.8066    -127.6563
               -128.0462    -126.1358    -128.3626    -129.1849    -129.5005
               -129.2921    -129.0313    -127.8005    -127.4371    -127.8446
               -128.5655    -127.5618    -128.6724    -129.2693    -129.1520
               -129.2133    -126.2613    -127.6568    -126.5481    -127.4159
   5     80    -132.5531    -134.3481    -134.7138    -134.4166    -132.6641
               -132.3574    -134.2715    -133.2846    -133.5657    -134.6602
               -134.6402    -132.1530    -133.4912    -134.1096    -134.3697
               -133.8031    -134.8845    -133.3407    -134.0758    -132.4861
               -133.8096    -132.6928    -132.4867    -134.3782    -132.5348
               -132.7011    -134.5687    -132.7375    -134.2262    -133.0909
               -133.4631    -131.5448    -133.7804    -134.6244    -134.9149
               -134.6895    -134.4151    -133.1995    -132.8577    -133.2626
               -133.9420    -132.9983    -134.0769    -134.6850    -134.5788
               -134.6000    -131.6862    -133.0859    -131.9638    -132.8527
   5    100    -139.9414    -141.7432    -142.1182    -141.7914    -140.0338
               -139.7508    -141.6786    -140.6435    -140.9374    -142.0476
               -142.0128    -139.4958    -140.8576    -141.5001    -141.7605
               -141.2218    -142.2583    -140.7118    -141.4613    -139.9012
               -141.2258    -140.0593    -139.8519    -141.7807    -139.9108
               -140.1030    -141.9876    -140.1098    -141.6401    -140.4685
               -140.8610    -138.9097    -141.1757    -142.0324    -142.3143
               -142.0836    -141.7919    -140.5815    -140.2289    -140.6557
               -141.3093    -140.4181    -141.4702    -142.0965    -141.9817
               -141.9596    -139.0684    -140.4731    -139.3330    -140.2601
 
 group  inft   Estimated free energy: 1-th solvent contribution (kcal/mol)
   1      0     -66.7324     -57.6189     -57.3750     -61.5567     -71.4452
                -68.5145     -64.2945     -66.4695     -54.9095     -52.4360
                -52.1304     -75.0966     -59.1891     -68.8446     -60.7462
                -65.9661     -65.4203     -67.7136     -65.7290     -78.1208
                -73.6814     -75.5564     -75.2247     -81.4504     -74.7647
                -67.8232     -72.5770     -70.2658     -60.5499     -61.5182
                -66.1275     -78.3090     -70.1582     -63.8923     -60.0030
                -49.5194     -49.9420     -53.3247     -69.5672     -67.2914
                -50.0089     -66.1095     -55.7257     -68.7631     -70.0935
                -54.6031     -73.9924     -71.1095     -64.8610     -73.1279
   1     60     -67.0308     -57.9148     -57.6734     -61.8537     -71.7421
                -68.8118     -64.5911     -66.7664     -55.2043     -52.7313
                -52.4273     -75.3940     -59.4868     -69.1446     -61.0434
                -66.2636     -65.7156     -68.0107     -66.0270     -78.4213
                -73.9806     -75.8551     -75.5223     -81.7502     -75.0615
                -68.1191     -72.8775     -70.5626     -60.8461     -61.8175
                -66.4249     -78.6057     -70.4577     -64.1895     -60.2999
                -49.8134     -50.2352     -53.6202     -69.8657     -67.5901
                -50.3050     -66.4094     -56.0211     -69.0603     -70.3904
                -54.8994     -74.2908     -71.4082     -65.1589     -73.4266
   1     80     -67.8067     -58.6858     -58.4515     -62.6258     -72.5107
                -69.5844     -65.3632     -67.5371     -55.9728     -53.5009
                -53.2015     -76.1639     -60.2590     -69.9220     -61.8149
                -67.0361     -66.4830     -68.7823     -66.8006     -79.2006
                -74.7568     -76.6319     -76.2968     -82.5282     -75.8312
                -68.8895     -73.6567     -71.3359     -61.6198     -62.5951
                -67.1976     -79.3762     -71.2331     -64.9627     -61.0725
                -50.5791     -50.9995     -54.3902     -70.6407     -68.3650
                -51.0752     -67.1886     -56.7907     -69.8345     -71.1621
                -55.6693     -75.0673     -72.1842     -65.9302     -74.2007
   1    100     -69.1951     -60.0744     -59.8459     -64.0128     -73.8886
                -70.9700     -66.7512     -68.9215     -57.3586     -54.8874
                -54.5913     -77.5438     -61.6449     -71.3081     -63.2010
                -68.4246     -67.8612     -70.1607     -68.1887     -80.5895
                -76.1458     -78.0159     -77.6758     -83.9130     -77.2096
                -70.2755     -75.0506     -72.7197     -63.0116     -63.9857
                -68.5874     -80.7569     -72.6197     -66.3509     -62.4594
                -51.9644     -52.3807     -55.7746     -72.0261     -69.7542
                -52.4640     -68.5874     -58.1804     -71.2256     -72.5511
                -57.0531     -76.4569     -73.5734     -67.3127     -75.5883
   2      0     -66.7481     -57.6615     -57.4095     -61.5859     -71.4897
                -68.5539     -64.3319     -66.4961     -54.9495     -52.4685
                -52.1615     -75.1233     -59.2157     -68.8747     -60.7838
                -66.0063     -65.4694     -67.7783     -65.7866     -78.1484
                -73.7384     -75.5761     -75.2845     -81.4923     -74.8105
                -67.8617     -72.6097     -70.2973     -60.6010     -61.5509
                -66.1502     -78.3278     -70.1761     -63.9358     -60.0681
                -49.5554     -49.9830     -53.3473     -69.5953     -67.3279
                -50.0537     -66.1480     -55.7590     -68.8126     -70.1358
                -54.6428     -74.0230     -71.1397     -64.9035     -73.1736
   3      0     -66.7645     -57.6938     -57.4107     -61.6126     -71.5152
                -68.5767     -64.3666     -66.5331     -54.9708     -52.4815
                -52.1707     -75.1532     -59.2551     -68.8934     -60.8093
                -66.0236     -65.5145     -67.8310     -65.7929     -78.1804
                -73.7591     -75.5916     -75.3156     -81.5382     -74.8414
                -67.9111     -72.6419     -70.3131     -60.6314     -61.5739
                -66.1965     -78.3536     -70.2106     -63.9626     -60.0820
                -49.5707     -50.0075     -53.3599     -69.6223     -67.3712
                -50.1033     -66.1645     -55.7812     -68.8358     -70.1591
                -54.6654     -74.0679     -71.1437     -64.9184     -73.1956
   4      0     -66.7743     -57.7050     -57.4459     -61.6124     -71.5329
                -68.5804     -64.3771     -66.5221     -54.9620     -52.4954
                -52.2054     -75.1301     -59.2471     -68.9072     -60.8158
                -66.0294     -65.5076     -67.8226     -65.7964     -78.1977
                -73.7617     -75.5914     -75.3128     -81.5029     -74.8459
                -67.9033     -72.6445     -70.3182     -60.6185     -61.5714
                -66.1840     -78.3438     -70.1971     -63.9899     -60.1020
                -49.6008     -50.0203     -53.3858     -69.6181     -67.3656
                -50.0867     -66.1908     -55.7788     -68.8338     -70.1855
                -54.6533     -74.0429     -71.1720     -64.9329     -73.2149
   5      0     -66.7906     -57.7159     -57.4224     -61.6368     -71.5700
                -68.5954     -64.3771     -66.5345     -54.9985     -52.5133
                -52.1875     -75.1798     -59.2877     -68.9371     -60.8291
                -66.0475     -65.5173     -67.8227     -65.8119     -78.1976
                -73.7707     -75.6045     -75.3511     -81.5291     -74.8749
                -67.9416     -72.6459     -70.3385     -60.6327     -61.5949
                -66.1920     -78.3668     -70.2156     -63.9814     -60.1069
                -49.6175     -50.0395     -53.3780     -69.6262     -67.3786
                -50.1164     -66.1936     -55.8018     -68.8671     -70.1685
                -54.6821     -74.0720     -71.1853     -64.9428     -73.2225
   5     60     -67.1539     -58.0758     -57.7860     -61.9985     -71.9321
                -68.9575     -64.7382     -66.8959     -55.3587     -52.8728
                -52.5491     -75.5426     -59.6504     -69.3020     -61.1907
                -66.4096     -65.8768     -68.1845     -66.1745     -78.5636
                -74.1349     -75.9689     -75.7150     -81.8945     -75.2359
                -68.3020     -73.0112     -70.7008     -60.9942     -61.9600
                -66.5549     -78.7288     -70.5807     -64.3431     -60.4690
                -49.9751     -50.3963     -53.7376     -69.9904     -67.7420
                -50.4771     -66.5600     -56.1612     -69.2295     -70.5299
                -55.0427     -74.4375     -71.5492     -65.3059     -73.5863
   5     80     -68.0134     -58.9314     -58.6472     -62.8553     -72.7867
                -69.8139     -65.5932     -67.7503     -56.2114     -53.7264
                -53.4064     -76.3978     -60.5061     -70.1630     -62.0468
                -67.2665     -66.7284     -69.0401     -67.0309     -79.4266
                -74.9955     -76.8289     -76.5735     -82.7565     -76.0887
                -69.1562     -73.8739     -71.5574     -61.8509     -62.8207
                -67.4117     -79.5811     -71.4390     -65.1998     -61.3258
                -50.8243     -51.2441     -54.5908     -70.8490     -68.6007
                -51.3321     -67.4233     -57.0130     -70.0879     -71.3863
                -55.8971     -75.2972     -72.4083     -66.1623     -74.4445
   5    100     -69.2642     -60.1843     -59.9049     -64.1043     -74.0314
                -71.0629     -66.8449     -68.9970     -57.4589     -54.9775
                -54.6592     -77.6382     -61.7547     -71.4134     -63.2982
                -68.5188     -67.9719     -70.2857     -68.2807     -80.6793
                -76.2500     -78.0750     -77.8197     -84.0081     -77.3323
                -70.4072     -75.1322     -72.8039     -63.1065     -64.0719
                -68.6641     -80.8219     -72.6896     -66.4519     -62.5789
                -52.0738     -52.4901     -55.8404     -72.0966     -69.8549
                -52.5858     -68.6829     -58.2656     -71.3440     -72.6388
                -57.1461     -76.5458     -73.6571     -67.4085     -75.6955
 
 group  inft   Estimated free energy: 2-th solvent contribution (kcal/mol)
   1      0     -57.9154     -68.8175     -69.4459     -65.0559     -53.2609
                -55.8975     -62.0164     -58.9658     -70.7586     -74.3365
                -74.6375     -49.1788     -66.3615     -57.3389     -65.7343
                -59.9317     -61.5255     -57.6886     -60.3995     -46.3447
                -52.1277     -49.2724     -49.2368     -44.9380     -49.7821
                -56.8448     -54.0096     -54.5151     -65.6997     -63.6374
                -59.3947     -45.3317     -55.6650     -62.7952     -66.9727
                -77.2592     -76.6090     -72.0629     -55.3509     -58.0147
                -76.0370     -58.9033     -70.4620     -57.9053     -56.5413
                -72.1097     -49.7195     -53.9855     -59.2563     -51.7531
   1     60     -59.5250     -70.4141     -71.0457     -66.6529     -54.8687
                -57.5054     -63.6196     -60.5669     -72.3532     -75.9357
                -76.2318     -50.7850     -67.9691     -58.9546     -67.3412
                -61.5444     -63.1299     -59.2958     -62.0077     -47.9658
                -53.7412     -50.8781     -50.8431     -46.5511     -51.4004
                -58.4545     -55.6281     -56.1205     -67.3022     -65.2498
                -61.0005     -46.9424     -57.2790     -64.4126     -68.5783
                -78.8591     -78.2028     -73.6623     -56.9599     -59.6267
                -77.6256     -60.5142     -72.0651     -59.5086     -58.1540
                -73.7063     -51.3222     -55.5954     -60.8663     -53.3703
   1     80     -63.6941     -74.5533     -75.2017     -70.7898     -59.0117
                -61.6616     -67.7781     -64.7005     -76.4913     -80.0824
                -80.3716     -54.9198     -72.1199     -63.1251     -71.4904
                -65.7142     -67.2769     -63.4513     -66.1632     -52.1504
                -57.9102     -55.0349     -55.0047     -50.7177     -55.5731
                -62.6234     -59.8063     -60.2806     -71.4658     -69.4223
                -65.1551     -51.1019     -61.4365     -68.5980     -72.7359
                -83.0022     -82.3357     -77.8105     -61.1224     -63.7883
                -81.7421     -64.6832     -76.2201     -63.6660     -62.3188
                -77.8340     -55.4766     -59.7600     -65.0144     -57.5420
   1    100     -70.5549     -81.4194     -82.0698     -77.6509     -65.8540
                -68.5284     -74.6555     -71.5384     -83.3471     -86.9396
                -87.2096     -61.7510     -78.9567     -69.9880     -78.3456
                -72.6130     -74.1291     -70.2888     -73.0273     -59.0307
                -64.7891     -61.8787     -61.8339     -57.5778     -62.4297
                -69.4918     -66.6803     -67.1299     -78.3448     -76.2818
                -72.0316     -57.9641     -68.2997     -75.4836     -79.6012
                -89.8627     -89.1890     -84.6564     -67.9765     -70.6445
                -88.5682     -71.5739     -83.0735     -70.5423     -69.1977
                -84.6574     -62.3418     -66.6303     -71.8594     -64.4179
   2      0     -57.9177     -68.8242     -69.4840     -65.0089     -53.3033
                -55.9499     -62.0977     -58.9822     -70.7757     -74.3564
                -74.6616     -49.1057     -66.4171     -57.3619     -65.7810
                -59.9907     -61.5367     -57.7277     -60.4372     -46.3977
                -52.1764     -49.2881     -49.2720     -44.9993     -49.7987
                -56.9425     -54.0786     -54.5726     -65.7841     -63.6707
                -59.4313     -45.3049     -55.7110     -62.8171     -67.0269
                -77.3060     -76.6798     -72.0829     -55.3778     -58.0593
                -76.0594     -58.9224     -70.5040     -57.9629     -56.5573
                -72.1635     -49.7611     -54.0159     -59.2133     -51.7926
   3      0     -57.9577     -68.8325     -69.4820     -65.0819     -53.3308
                -55.9798     -62.0904     -58.9939     -70.8005     -74.3974
                -74.6722     -49.1841     -66.4428     -57.3654     -65.7814
                -59.9871     -61.5559     -57.7519     -60.4462     -46.3812
                -52.1953     -49.3301     -49.3026     -45.0029     -49.8359
                -56.9591     -54.0791     -54.6168     -65.7831     -63.6945
                -59.4572     -45.3213     -55.7434     -62.8438     -67.0677
                -77.3344     -76.6612     -72.0925     -55.3828     -58.0692
                -76.0683     -58.9439     -70.5241     -57.9898     -56.5666
                -72.1773     -49.7832     -54.0333     -59.2723     -51.8235
   4      0     -57.9830     -68.8387     -69.4766     -65.0130     -53.3418
                -55.9357     -62.0788     -58.9705     -70.7839     -74.3523
                -74.6663     -49.1294     -66.4040     -57.3573     -65.7967
                -59.9882     -61.5449     -57.7090     -60.4293     -46.4154
                -52.1756     -49.2529     -49.3180     -45.0124     -49.8132
                -56.9367     -54.0823     -54.6264     -65.8210     -63.6533
                -59.4381     -45.3135     -55.7379     -62.8076     -67.0413
                -77.3299     -76.6725     -72.0707     -55.3995     -58.0805
                -76.0632     -58.9146     -70.4847     -57.9628     -56.5717
                -72.1170     -49.7600     -54.0327     -59.2207     -51.8191
   5      0     -57.9927     -68.9222     -69.5538     -65.0584     -53.3560
                -56.0114     -62.1538     -59.0333     -70.8485     -74.4256
                -74.7409     -49.2324     -66.4627     -57.4036     -65.8037
                -59.9903     -61.6412     -57.7802     -60.5191     -46.4840
                -52.2707     -49.3336     -49.3775     -45.0826     -49.8998
                -57.0000     -54.1380     -54.6424     -65.8442     -63.7161
                -59.5208     -45.4313     -55.8021     -62.8619     -67.0628
                -77.3583     -76.6833     -72.1048     -55.4706     -58.1303
                -76.1417     -59.0214     -70.5470     -58.0733     -56.6484
                -72.2158     -49.8447     -54.1312     -59.2679     -51.8463
   5     60     -59.9565     -70.8637     -71.5053     -67.0051     -55.3151
                -57.9727     -64.1091     -60.9848     -72.7997     -76.3741
                -76.6857     -51.1937     -68.4233     -59.3695     -67.7593
                -61.9538     -63.5955     -59.7367     -62.4795     -48.4615
                -54.2351     -51.2950     -51.3427     -47.0485     -51.8687
                -58.9629     -56.1087     -56.6061     -67.8023     -65.6862
                -61.4812     -47.3969     -57.7718     -64.8317     -69.0214
                -79.3070     -78.6249     -74.0528     -57.4365     -60.0925
                -78.0782     -60.9917     -72.5011     -60.0297     -58.6120
                -74.1604     -51.8137     -56.0975     -61.2321     -53.8195
   5     80     -64.5296     -75.4066     -76.0566     -71.5511     -59.8672
                -62.5334     -68.6682     -65.5242     -77.3441     -80.9237
                -81.2237     -55.7451     -72.9750     -63.9365     -72.3128
                -66.5266     -68.1460     -64.2904     -67.0348     -53.0495
                -58.8040     -55.8538     -55.9031     -51.6116     -56.4359
                -63.5349     -60.6847     -61.1700     -72.3652     -70.2601
                -66.0413     -51.9537     -62.3313     -69.4144     -73.5790
                -83.8550     -83.1609     -78.5986     -61.9985     -64.6518
                -82.5998     -65.5648     -77.0538     -64.5869     -63.1824
                -78.6927     -56.3789     -60.6675     -65.7914     -58.3980
   5    100     -70.6670     -81.5488     -82.2031     -77.6769     -65.9922
                -68.6778     -74.8235     -71.6364     -83.4684     -87.0600
                -87.3435     -61.8475     -79.0928     -70.0766     -78.4521
                -72.6929     -74.2763     -70.4160     -73.1705     -59.2117
                -64.9657     -61.9741     -62.0221     -57.7625     -62.5684
                -69.6857     -66.8453     -67.2958     -78.5235     -76.3864
                -72.1868     -58.0777     -68.4760     -75.5704     -79.7253
                -89.9997     -89.2917     -84.7310     -68.1221     -70.7906
                -88.7135     -71.7251     -83.1944     -70.7424     -69.3328
                -84.8034     -62.5125     -66.8058     -71.9144     -64.5544
 
 
 cumulative average & 95% error for solvation free energy
              total             1st component         2nd component
  1  -124.7322              -66.7645              -57.9577
  2  -125.6343     1.8042   -62.2291     9.0706   -63.3951    10.8749
  3  -126.0572     1.3417   -60.6230     6.1436   -65.4241     7.4758
  4  -126.2190     1.0024   -60.8704     4.3723   -65.3385     5.2890
  5  -125.9464     0.9487   -62.9994     5.4406   -62.9370     6.3130
  6  -125.7165     0.9009   -63.9289     4.8156   -61.7774     5.6522
  7  -125.8237     0.7910   -63.9914     4.0718   -61.8221     4.7778
  8  -125.7879     0.6888   -64.3091     3.5831   -61.4686     4.1977
  9  -125.7872     0.6074   -63.2716     3.7805   -62.5055     4.2433
 10  -125.8974     0.5863   -62.1925     4.0113   -63.6947     4.4789
 11  -125.9842     0.5581   -61.2815     4.0602   -64.6926     4.5163
 12  -125.8478     0.5779   -62.4375     4.3684   -63.4003     4.8661
 13  -125.8371     0.5320   -62.1927     4.0481   -63.6343     4.5005
 14  -125.8679     0.4964   -62.6713     3.8681   -63.1865     4.2618
 15  -125.9168     0.4723   -62.5471     3.6095   -63.3595     3.9826
 16  -125.9233     0.4420   -62.7644     3.4043   -63.1487     3.7492
 17  -125.9914     0.4370   -62.9262     3.2141   -63.0550     3.5267
 18  -125.9692     0.4143   -63.1987     3.0789   -62.7604     3.3768
 19  -125.9840     0.3930   -63.3352     2.9251   -62.6386     3.2034
 20  -125.9134     0.3987   -64.0775     3.1471   -61.8258     3.4466
 21  -125.9158     0.3793   -64.5385     3.1323   -61.3672     3.4042
 22  -125.8711     0.3725   -65.0409     3.1510   -60.8200     3.4253
 23  -125.8170     0.3720   -65.4876     3.1407   -60.3193     3.4228
 24  -125.8476     0.3614   -66.1564     3.2910   -59.6811     3.5169
 25  -125.8012     0.3588   -66.5038     3.2322   -59.2873     3.4640
 26  -125.7658     0.3520   -66.5579     3.1073   -59.1977     3.3329
 27  -125.8016     0.3462   -66.7833     3.0238   -59.0082     3.2294
 28  -125.7708     0.3392   -66.9093     2.9247   -58.8513     3.1277
 29  -125.7933     0.3304   -66.6929     2.8550   -59.0903     3.0556
 30  -125.7762     0.3210   -66.5222     2.7793   -59.2438     2.9679
 31  -125.7725     0.3106   -66.5117     2.6882   -59.2507     2.8706
 32  -125.7073     0.3278   -66.8818     2.7060   -58.8154     2.9126
 33  -125.7151     0.3181   -66.9827     2.6305   -58.7223     2.8291
 34  -125.7475     0.3153   -66.8938     2.5581   -58.8435     2.7553
 35  -125.7878     0.3166   -66.6992     2.5143   -59.0785     2.7164
 36  -125.8192     0.3140   -66.2234     2.6222   -59.5856     2.8280
 37  -125.8424     0.3089   -65.7851     2.6968   -60.0471     2.9012
 38  -125.8324     0.3014   -65.4582     2.7051   -60.3641     2.8941
 39  -125.8114     0.2965   -65.5649     2.6434   -60.2364     2.8305
 40  -125.8024     0.2896   -65.6101     2.5781   -60.1822     2.7609
 41  -125.8117     0.2830   -65.2319     2.6257   -60.5697     2.8020
 42  -125.7952     0.2782   -65.2541     2.5628   -60.5310     2.7356
 43  -125.8073     0.2727   -65.0338     2.5410   -60.7634     2.7114
 44  -125.8306     0.2705   -65.1202     2.4886   -60.7003     2.6520
 45  -125.8507     0.2675   -65.2322     2.4430   -60.6085     2.5989
 46  -125.8725     0.2652   -65.0025     2.4330   -60.8600     2.5911
 47  -125.8297     0.2732   -65.1953     2.4118   -60.6243     2.5788
 48  -125.8164     0.2688   -65.3193     2.3739   -60.4870     2.5394
 49  -125.7834     0.2714   -65.3111     2.3251   -60.4622     2.4875
 50  -125.7683     0.2676   -65.4688     2.2998   -60.2894     2.4617
 
 Mesh error is    0.117 kcal/mol
