 ERmod 0.3.8, Copyright (C) 2000-2019 Nobuyuki Matubayasi
                            2010-2019 Shun Sakuraba
 ERmod comes with ABSOLUTELY NO WARRANTY.
 This is free software, and you can redistribute it
 and/or modify it under certain conditions.
 See LICENSE file for details.
 
  Number of the   1-th solvent  =          378
  Number of the   2-th solvent  =        10000
 
  Be sure that the solvent distribution is homogeneous (radial distribution function is essentially unity) when the solvent molecule is separated beyond distance of   10.0 Angstrom in any direction from any atom within the solute molecule
 
  LJ long-range correction    =        -1.1319     -7.1533
 
  Self-energy of the solute   =        -0.0090  kcal/mol
 
 
 cumulative average & 95% error for solvation energy
              total             1st component         2nd component
  1  -480.5749             -100.4223             -380.1437
  2  -480.9441     0.7384   -92.3606    16.1235  -388.5746    16.8619
  3  -481.1082     0.5379   -93.9643     9.8460  -387.1349    10.1521
  4  -480.4665     1.3384   -87.4302    14.8070  -393.0273    13.7991
  5  -480.0606     1.3168   -88.1060    11.5488  -391.9456    10.9055
  6  -479.8127     1.1840   -83.5186    13.1566  -396.2851    12.4344
  7  -480.1601     1.2182   -78.2413    15.3309  -401.9098    15.3943
  8  -480.0526     1.0767   -77.1189    13.4654  -402.9247    13.4855
  9  -479.9207     0.9855   -77.5226    11.9028  -402.3890    11.9413
 10  -480.0705     0.9311   -76.2700    10.9370  -403.7915    11.0428
 11  -479.9753     0.8635   -78.2035    10.6218  -401.7628    10.7812
 12  -479.8332     0.8379   -78.8383     9.7791  -400.9860     9.9637
 13  -479.9162     0.7884   -79.4360     9.0745  -400.4712     9.2230
 14  -479.6710     0.8793   -78.8384     8.4860  -400.8237     8.5679
 15  -479.7236     0.8253   -79.8978     8.1793  -399.8168     8.2265
 16  -479.7240     0.7720   -80.9190     7.9189  -398.7960     7.9614
 17  -479.7996     0.7408   -81.1188     7.4492  -398.6719     7.4826
 18  -479.7545     0.7042   -81.9368     7.2112  -397.8087     7.2628
 19  -479.8691     0.7045   -81.4308     6.8958  -398.4293     6.9811
 20  -479.9139     0.6743   -80.4161     6.8495  -399.4888     6.9536
 21  -479.9748     0.6528   -78.8867     7.1975  -401.0792     7.3393
 22  -480.0694     0.6506   -78.1787     7.0071  -401.8818     7.1795
 23  -480.2002     0.6744   -78.2072     6.6958  -401.9841     6.8633
 24  -480.2055     0.6458   -77.9778     6.4271  -402.2187     6.5878
 25  -480.3498     0.6834   -76.7973     6.6013  -403.5436     6.8519
 26  -480.4243     0.6733   -76.7821     6.3424  -403.6333     6.5855
 27  -480.5342     0.6841   -78.0838     6.6351  -402.4415     6.7704
 28  -480.6238     0.6832   -78.5737     6.4684  -402.0411     6.5731
 29  -480.6443     0.6604   -78.9310     6.2821  -401.7043     6.3780
 30  -480.6138     0.6409   -79.1571     6.0859  -401.4478     6.1831
 31  -480.5853     0.6225   -79.4965     5.9254  -401.0799     6.0254
 32  -480.6121     0.6051   -79.9295     5.8022  -400.6735     5.8904
 33  -480.6466     0.5906   -80.2482     5.6596  -400.3894     5.7373
 34  -480.6013     0.5801   -81.0764     5.7350  -399.5160     5.8337
 35  -480.5879     0.5639   -82.3683     6.1390  -398.2106     6.2373
 36  -480.5556     0.5518   -82.2922     5.9680  -398.2544     6.0622
 37  -480.5600     0.5367   -82.6164     5.8406  -397.9346     5.9306
 38  -480.6819     0.5765   -82.4954     5.6900  -398.1775     5.7929
 39  -480.6316     0.5705   -82.0250     5.6214  -398.5976     5.7046
 40  -480.6444     0.5566   -82.1754     5.4873  -398.4600     5.5670
 41  -480.6248     0.5443   -81.7927     5.4063  -398.8232     5.4779
 42  -480.5646     0.5446   -82.4454     5.4351  -398.1103     5.5327
 43  -480.4894     0.5527   -83.3556     5.6107  -397.1249     5.7508
 44  -480.5374     0.5484   -83.0606     5.5134  -397.4677     5.6603
 45  -480.5731     0.5408   -82.2631     5.6206  -398.3011     5.7786
 46  -480.5285     0.5364   -82.2666     5.4971  -398.2529     5.6524
 47  -480.5721     0.5321   -82.0529     5.3958  -398.5102     5.5547
 48  -480.5902     0.5221   -82.0705     5.2823  -398.5107     5.4378
 49  -480.6404     0.5211   -81.5125     5.2924  -399.1189     5.4628
 50  -480.6554     0.5115   -80.9649     5.2998  -399.6815     5.4694
 
 
 group  inft  solvation free energy     error          difference
  total solvation free energy
   1      0       -104.76696           0.31518           0.03722
   1     60       -105.66779           0.31494          -0.86361
   1     80       -109.34201           0.31151          -4.53782
   1    100       -118.25017           0.31286         -13.44599
   2      0       -104.78238           0.31886           0.02180
   3      0       -104.80418           0.31927           0.00000
   4      0       -104.76666           0.32157           0.03752
   5      0       -104.86486           0.32108          -0.06068
   5     60       -105.99220           0.32062          -1.18802
   5     80       -110.27957           0.31745          -5.47538
   5    100       -118.39550           0.31933         -13.59132
 
  contribution from  1-th solvent component
   1      0        -29.55082           2.08315           0.01996
   1     60        -29.58444           2.08319          -0.01366
   1     80        -29.73405           2.08339          -0.16326
   1    100        -30.15821           2.08320          -0.58743
   2      0        -29.56586           2.08363           0.00492
   3      0        -29.57078           2.08361           0.00000
   4      0        -29.57363           2.08348          -0.00285
   5      0        -29.57779           2.08307          -0.00700
   5     60        -29.62015           2.08314          -0.04937
   5     80        -29.80066           2.08337          -0.22988
   5    100        -30.19106           2.08321          -0.62028
 
  contribution from  2-th solvent component
   1      0        -75.20717           2.27396           0.01726
   1     60        -76.07439           2.27340          -0.84995
   1     80        -79.59899           2.26867          -4.37456
   1    100        -88.08299           2.26713         -12.85856
   2      0        -75.20755           2.28128           0.01688
   3      0        -75.22443           2.28043           0.00000
   4      0        -75.18406           2.28120           0.04037
   5      0        -75.27810           2.27965          -0.05367
   5     60        -76.36308           2.27875          -1.13865
   5     80        -80.46994           2.27430          -5.24550
   5    100        -88.19547           2.27331         -12.97104
 
 
 group  inft   Estimated free energy: total (kcal/mol)
   1      0    -103.9536    -104.5536    -105.0359    -103.6747    -103.6840
               -104.8407    -106.0877    -104.8039    -103.8927    -105.4793
               -103.5750    -103.4132    -104.8917    -102.5607    -104.4366
               -103.7537    -104.9512    -103.4484    -105.4716    -105.2006
               -105.9140    -105.6302    -106.0581    -104.6639    -106.8227
               -106.3296    -105.3982    -105.6043    -104.9422    -104.3781
               -104.1587    -105.1308    -105.4476    -103.6126    -103.2308
               -104.0585    -104.6253    -106.9345    -103.9341    -105.1849
               -104.8212    -102.7098    -102.1680    -106.2106    -105.7004
               -103.6675    -105.9883    -105.2141    -106.4824    -105.6175
   1     60    -104.8519    -105.4558    -105.9412    -104.5736    -104.5872
               -105.7412    -106.9836    -105.7005    -104.7961    -106.3808
               -104.4839    -104.3060    -105.7884    -103.4572    -105.3370
               -104.6556    -105.8524    -104.3473    -106.3725    -106.1011
               -106.8098    -106.5328    -106.9682    -105.5702    -107.7215
               -107.2247    -106.3007    -106.5058    -105.8489    -105.2789
               -105.0577    -106.0365    -106.3489    -104.5156    -104.1377
               -104.9602    -105.5248    -107.8328    -104.8326    -106.0909
               -105.7201    -103.6191    -103.0716    -107.1075    -106.5960
               -104.5616    -106.8908    -106.1186    -107.3775    -106.5144
   1     80    -108.5406    -109.1575    -109.6198    -108.2324    -108.2519
               -109.3889    -110.6315    -109.3405    -108.4435    -110.0322
               -108.1607    -107.9981    -109.4861    -107.1316    -109.0351
               -108.3632    -109.5248    -108.0650    -110.0560    -109.7643
               -110.4463    -110.1891    -110.6392    -109.2473    -111.3608
               -110.8804    -109.9864    -110.1833    -109.5253    -108.9428
               -108.7511    -109.7149    -110.0371    -108.2272    -107.8495
               -108.6570    -109.2168    -111.5060    -108.4923    -109.7713
               -109.3839    -107.3283    -106.7735    -110.7834    -110.2541
               -108.2366    -110.5532    -109.7739    -111.0191    -110.1465
   1    100    -117.4438    -118.0860    -118.5320    -117.1009    -117.1450
               -118.2870    -119.5336    -118.2012    -117.3279    -118.9443
               -117.0683    -116.9160    -118.4035    -116.0099    -117.9514
               -117.3023    -118.4285    -116.9889    -118.9650    -118.6792
               -119.3443    -119.1054    -119.5767    -118.1719    -120.2726
               -119.7921    -118.9212    -119.1025    -118.4520    -117.8304
               -117.6520    -118.6150    -118.9441    -117.1578    -116.7653
               -117.5672    -118.1600    -120.4220    -117.3742    -118.6960
               -118.2915    -116.2325    -115.6559    -119.7150    -119.1516
               -117.1290    -119.4703    -118.6857    -119.9097    -119.0302
   2      0    -103.9837    -104.5869    -105.0428    -103.6921    -103.7200
               -104.8430    -106.1541    -104.8557    -103.9068    -105.5673
               -103.5346    -103.4066    -104.9321    -102.6089    -104.4287
               -103.7928    -105.0099    -103.4459    -105.5092    -105.1905
               -105.9440    -105.7052    -106.0758    -104.6712    -106.8856
               -106.3901    -105.3509    -105.6288    -104.9380    -104.4361
               -104.0264    -105.1287    -105.4015    -103.5122    -103.2346
               -104.0026    -104.5949    -106.9704    -104.0526    -105.1586
               -104.8320    -102.6777    -102.1739    -106.1809    -105.7931
               -103.7200    -106.0332    -105.2182    -106.5017    -105.6686
   3      0    -103.9722    -104.5839    -105.0833    -103.6988    -103.7369
               -104.8954    -106.1743    -104.8822    -103.9086    -105.5776
               -103.6114    -103.4426    -104.9506    -102.5956    -104.4520
               -103.7470    -105.0219    -103.4964    -105.5481    -105.2193
               -105.9750    -105.7185    -106.1272    -104.6666    -106.8828
               -106.3982    -105.3416    -105.6538    -104.9813    -104.4814
               -104.0830    -105.1530    -105.4520    -103.5437    -103.2568
               -104.0674    -104.6454    -107.0083    -104.0217    -105.1961
               -104.8691    -102.7226    -102.1794    -106.2043    -105.8286
               -103.6966    -106.0525    -105.2454    -106.5102    -105.6487
   4      0    -103.9051    -104.5489    -105.0540    -103.6312    -103.7320
               -104.8215    -106.1613    -104.8173    -103.9203    -105.6021
               -103.6239    -103.4055    -104.8499    -102.4433    -104.4352
               -103.7075    -104.9186    -103.3490    -105.4711    -105.2083
               -105.9481    -105.6850    -106.1177    -104.6676    -106.9015
               -106.3746    -105.2597    -105.6078    -105.0390    -104.3819
               -104.1038    -105.1108    -105.4188    -103.5241    -103.1952
               -104.0101    -104.5552    -106.8955    -103.9397    -105.2341
               -104.8291    -102.6983    -102.2156    -106.1820    -105.7546
               -103.6338    -106.0058    -105.2144    -106.5442    -105.6792
   5      0    -104.0309    -104.6612    -105.1038    -103.7328    -103.8107
               -104.9394    -106.2405    -104.9451    -104.0033    -105.6442
               -103.7036    -103.4545    -104.9495    -102.5960    -104.5424
               -103.7747    -105.0738    -103.4687    -105.5528    -105.3068
               -106.0521    -105.8046    -106.1903    -104.7493    -106.9725
               -106.5090    -105.3911    -105.7313    -105.0671    -104.5671
               -104.1897    -105.2190    -105.5330    -103.6388    -103.3035
               -104.1227    -104.6292    -107.0940    -104.0217    -105.3114
               -104.9428    -102.8139    -102.2663    -106.2596    -105.8621
               -103.7604    -106.0905    -105.3428    -106.5544    -105.7184
   5     60    -105.1568    -105.7897    -106.2359    -104.8563    -104.9396
               -106.0645    -107.3619    -106.0650    -105.1315    -106.7710
               -104.8390    -104.5782    -106.0750    -103.7214    -105.6712
               -104.9046    -106.2037    -104.5987    -106.6798    -106.4336
               -107.1710    -106.9329    -107.3265    -105.8812    -108.0950
               -107.6295    -106.5198    -106.8614    -106.1996    -105.6956
               -105.3152    -106.3507    -106.6608    -104.7700    -104.4379
               -105.2505    -105.7592    -108.2204    -105.1406    -106.4442
               -106.0661    -103.9505    -103.3998    -107.3852    -106.9809
               -104.8834    -107.2180    -106.4743    -107.6733    -106.8396
   5     80    -109.4576    -110.1062    -110.5283    -109.1313    -109.2216
               -110.3241    -111.6291    -110.3153    -109.3898    -111.0361
               -109.1253    -108.8790    -110.3831    -108.0086    -109.9795
               -109.2249    -110.4891    -108.9211    -110.9722    -110.7134
               -111.4206    -111.2059    -111.6108    -110.1695    -112.3511
               -111.9006    -110.8210    -111.1584    -110.4914    -109.9741
               -109.6165    -110.6523    -110.9613    -109.0891    -108.7615
               -109.5590    -110.0643    -112.5055    -109.4098    -110.7364
               -110.3460    -108.2772    -107.7091    -111.6689    -111.2551
               -109.1715    -111.4914    -110.7507    -111.9299    -111.0839
   5    100    -117.5730    -118.2371    -118.6471    -117.2110    -117.3200
               -118.4291    -119.7417    -118.3876    -117.4874    -119.1621
               -117.2417    -116.9875    -118.5107    -116.0950    -118.1009
               -117.3562    -118.6074    -117.0435    -119.0952    -118.8404
               -119.5295    -119.3334    -119.7546    -118.3024    -120.4777
               -120.0179    -118.9549    -119.2896    -118.6247    -118.0766
               -117.7151    -118.7681    -119.0790    -117.2276    -116.8825
               -117.6760    -118.2120    -120.6336    -117.4942    -118.8669
               -118.4515    -116.3889    -115.8014    -119.8079    -119.3597
               -117.2678    -119.6179    -118.8701    -120.0371    -119.1818
 
 group  inft   Estimated free energy: 1-th solvent contribution (kcal/mol)
   1      0     -37.1809     -30.2094     -35.9012     -23.7800     -33.5067
                -21.4691     -15.3994     -25.1345     -29.9194     -23.8334
                -36.4267     -31.3202     -31.6981     -24.8112     -34.8688
                -35.2979     -30.8214     -34.4904     -25.8895     -21.7447
                -17.0005     -22.9219     -29.1625     -26.6078     -16.8799
                -28.4958     -42.3206     -34.2585     -33.0783     -31.5954
                -32.5819     -34.3523     -33.3257     -40.5674     -47.0019
                -28.2661     -35.0904     -28.7579     -22.4212     -32.7286
                -23.6570     -40.0307     -45.2869     -25.8559     -15.8088
                -29.7426     -26.4740     -30.8178     -19.3626     -19.3875
   1     60     -37.2149     -30.2430     -35.9350     -23.8135     -33.5405
                -21.5025     -15.4326     -25.1676     -29.9536     -23.8669
                -36.4602     -31.3532     -31.7308     -24.8448     -34.9025
                -35.3312     -30.8554     -34.5235     -25.9228     -21.7782
                -17.0335     -22.9552     -29.1963     -26.6413     -16.9138
                -28.5297     -42.3547     -34.2924     -33.1119     -31.6290
                -32.6158     -34.3865     -33.3591     -40.6013     -47.0360
                -28.3001     -35.1241     -28.7915     -22.4549     -32.7627
                -23.6904     -40.0643     -45.3210     -25.8893     -15.8418
                -29.7760     -26.5079     -30.8511     -19.3965     -19.4210
   1     80     -37.3667     -30.3931     -36.0854     -23.9625     -33.6901
                -21.6508     -15.5806     -25.3150     -30.1049     -24.0157
                -36.6086     -31.5008     -31.8768     -24.9943     -35.0531
                -35.4798     -31.0064     -34.6714     -26.0716     -21.9278
                -17.1801     -23.1035     -29.3456     -26.7905     -17.0640
                -28.6806     -42.5064     -34.4432     -33.2611     -31.7780
                -32.7673     -34.5381     -33.5085     -40.7527     -47.1879
                -28.4513     -35.2749     -28.9415     -22.6047     -32.9138
                -23.8395     -40.2138     -45.4724     -26.0383     -15.9889
                -29.9253     -26.6589     -30.9989     -19.5477     -19.5697
   1    100     -37.7921     -30.8192     -36.5094     -24.3851     -34.1139
                -22.0749     -16.0049     -25.7352     -30.5319     -24.4411
                -37.0283     -31.9199     -32.2965     -25.4172     -35.4760
                -35.9019     -31.4330     -35.0891     -26.4946     -22.3544
                -17.6033     -23.5283     -29.7707     -27.2135     -17.4933
                -29.1091     -42.9341     -34.8700     -33.6857     -32.2005
                -33.1909     -34.9629     -33.9313     -41.1770     -47.6118
                -28.8767     -35.7016     -29.3665     -23.0295     -33.3394
                -24.2619     -40.6342     -45.8930     -26.4635     -16.4128
                -30.3481     -27.0858     -31.4238     -19.9769     -19.9962
   2      0     -37.1791     -30.2169     -35.9087     -23.8011     -33.5319
                -21.4864     -15.4193     -25.1515     -29.9281     -23.8490
                -36.4649     -31.3425     -31.7178     -24.8146     -34.8924
                -35.3145     -30.8112     -34.5125     -25.8962     -21.7571
                -17.0358     -22.9446     -29.1792     -26.6303     -16.8678
                -28.5015     -42.3395     -34.2594     -33.1130     -31.6216
                -32.6025     -34.3664     -33.3418     -40.5782     -47.0168
                -28.2650     -35.0916     -28.7747     -22.4388     -32.7439
                -23.6862     -40.0649     -45.3124     -25.8659     -15.8284
                -29.7458     -26.4963     -30.8373     -19.3445     -19.4032
   3      0     -37.1718     -30.2182     -35.9211     -23.7932     -33.5277
                -21.5129     -15.4188     -25.1683     -29.9243     -23.8490
                -36.4811     -31.3532     -31.7239     -24.8121     -34.8951
                -35.3049     -30.8133     -34.5129     -25.8923     -21.7744
                -17.0370     -22.9395     -29.1950     -26.6189     -16.8668
                -28.5209     -42.3360     -34.2614     -33.1070     -31.6323
                -32.6080     -34.3706     -33.3622     -40.5952     -47.0113
                -28.2754     -35.1067     -28.7892     -22.4297     -32.7581
                -23.6917     -40.0601     -45.3221     -25.8844     -15.8427
                -29.7530     -26.5033     -30.8467     -19.3530     -19.3919
   4      0     -37.1742     -30.2266     -35.9300     -23.8087     -33.5548
                -21.5026     -15.4280     -25.1748     -29.9145     -23.8578
                -36.4937     -31.3668     -31.7155     -24.8025     -34.9091
                -35.3290     -30.8148     -34.5179     -25.9135     -21.7610
                -17.0527     -22.9653     -29.2018     -26.6376     -16.8794
                -28.5124     -42.3316     -34.2673     -33.1234     -31.6378
                -32.6087     -34.3602     -33.3513     -40.5755     -47.0190
                -28.2835     -35.0907     -28.7635     -22.4243     -32.7608
                -23.6796     -40.0819     -45.3147     -25.8644     -15.8407
                -29.7516     -26.4968     -30.8530     -19.3538     -19.4024
   5      0     -37.1732     -30.2258     -35.9488     -23.8173     -33.5518
                -21.5008     -15.4227     -25.1745     -29.9311     -23.8541
                -36.4921     -31.3521     -31.7282     -24.8222     -34.9007
                -35.3102     -30.8376     -34.5244     -25.9132     -21.7751
                -17.0494     -22.9681     -29.2215     -26.6299     -16.8888
                -28.4996     -42.3263     -34.2675     -33.1054     -31.6581
                -32.5992     -34.3650     -33.3622     -40.5817     -47.0144
                -28.2945     -35.0880     -28.7822     -22.4307     -32.7748
                -23.6983     -40.0867     -45.3177     -25.8781     -15.8491
                -29.7591     -26.5112     -30.8688     -19.3493     -19.4080
   5     60     -37.2162     -30.2682     -35.9913     -23.8594     -33.5943
                -21.5428     -15.4644     -25.2162     -29.9740     -23.8961
                -36.5342     -31.3938     -31.7696     -24.8646     -34.9433
                -35.3523     -30.8805     -34.5664     -25.9553     -21.8174
                -17.0908     -23.0100     -29.2638     -26.6721     -16.9313
                -28.5422     -42.3694     -34.3101     -33.1476     -31.7003
                -32.6420     -34.4082     -33.4043     -40.6244     -47.0576
                -28.3374     -35.1307     -28.8247     -22.4731     -32.8176
                -23.7406     -40.1291     -45.3608     -25.9202     -15.8905
                -29.8013     -26.5539     -30.9109     -19.3920     -19.4501
   5     80     -37.3992     -30.4493     -36.1724     -24.0392     -33.7748
                -21.7217     -15.6430     -25.3941     -30.1561     -24.0753
                -36.7128     -31.5724     -31.9467     -25.0453     -35.1249
                -35.5318     -31.0630     -34.7454     -26.1354     -21.9978
                -17.2681     -23.1888     -29.4440     -26.8520     -17.1126
                -28.7239     -42.5524     -34.4917     -33.3275     -31.8800
                -32.8248     -34.5915     -33.5843     -40.8067     -47.2407
                -28.5200     -35.3123     -29.0055     -22.6534     -32.9994
                -23.9212     -40.3096     -45.5436     -26.0998     -16.0679
                -29.9816     -26.7356     -31.0903     -19.5740     -19.6295
   5    100     -37.7906     -30.8411     -36.5630     -24.4278     -34.1645
                -22.1125     -16.0333     -25.7813     -30.5487     -24.4668
                -37.0993     -31.9582     -32.3331     -25.4342     -35.5144
                -35.9193     -31.4561     -35.1306     -26.5252     -22.3905
                -17.6582     -23.5798     -29.8354     -27.2417     -17.5077
                -29.1175     -42.9454     -34.8837     -33.7181     -32.2691
                -33.2147     -34.9837     -33.9729     -41.1976     -47.6307
                -28.9120     -35.7048     -29.3970     -23.0434     -33.3916
                -24.3112     -40.6962     -45.9311     -26.4910     -16.4569
                -30.3698     -27.1289     -31.4819     -19.9682     -20.0221
 
 group  inft   Estimated free energy: 2-th solvent contribution (kcal/mol)
   1      0     -66.7637     -74.3353     -69.1257     -79.8857     -70.1683
                -83.3626     -90.6794     -79.6605     -73.9644     -81.6370
                -67.1394     -72.0841     -73.1846     -77.7405     -69.5588
                -68.4469     -74.1209     -68.9490     -79.5731     -83.4470
                -88.9046     -82.6994     -76.8866     -78.0472     -89.9338
                -77.8249     -63.0687     -71.3368     -71.8549     -72.7737
                -71.5679     -70.7695     -72.1130     -63.0362     -56.2199
                -75.7834     -69.5259     -78.1677     -81.5040     -72.4474
                -81.1553     -62.6701     -56.8722     -80.3457     -89.8826
                -73.9159     -79.5054     -74.3874     -87.1109     -86.2210
   1     60     -67.6280     -75.2039     -69.9972     -80.7511     -71.0377
                -84.2298     -91.5421     -80.5239     -74.8336     -82.5050
                -68.0147     -72.9438     -74.0487     -78.6035     -70.4255
                -69.3155     -74.9880     -69.8149     -80.4407     -84.3139
                -89.7674     -83.5686     -77.7630     -78.9199     -90.7987
                -78.6860     -63.9370     -72.2045     -72.7280     -73.6410
                -72.4329     -71.6410     -72.9808     -63.9053     -57.0927
                -76.6511     -70.3917     -79.0323     -82.3688     -73.3192
                -82.0207     -63.5458     -57.7416     -81.2092     -90.7452
                -74.7766     -80.3740     -75.2585     -87.9720     -87.0845
   1     80     -71.1650     -78.7554     -73.5254     -84.2609     -74.5529
                -87.7292     -95.0420     -84.0165     -78.3296     -86.0075
                -71.5432     -76.4884     -77.6004     -82.1284     -73.9731
                -72.8744     -78.5094     -73.3847     -83.9754     -87.8275
                -93.2572     -87.0767     -81.2846     -82.4478     -94.2878
                -82.1909     -67.4710     -75.7311     -76.2552     -77.1558
                -75.9749     -75.1679     -76.5196     -67.4655     -60.6527
                -80.1968     -73.9329     -82.5555     -85.8786     -76.8486
                -85.5355     -67.1055     -61.2921     -84.7361     -94.2562
                -78.3023     -83.8853     -78.7660     -91.4625     -90.5679
   1    100     -79.6427     -87.2578     -82.0137     -92.7067     -83.0221
                -96.2032    -103.5197     -92.4570     -86.7870     -94.4942
                -80.0310     -84.9872     -86.0981     -90.5837     -82.4664
                -81.3914     -86.9865     -81.8908     -92.4615     -96.3158
               -101.7320     -95.5681     -89.7971     -90.9494    -102.7704
                -90.6741     -75.9781     -84.2236     -84.7574     -85.6210
                -84.4522     -83.6431     -85.0039     -75.9719     -69.1446
                -88.6815     -82.4495     -91.0465     -94.3357     -85.3476
                -94.0206     -75.5893     -69.7539     -93.2425    -102.7298
                -86.7719     -92.3755     -87.2530     -99.9238     -99.0250
   2      0     -66.7957     -74.3610     -69.1252     -79.8820     -70.1791
                -83.3476     -90.7258     -79.6952     -73.9698     -81.7093
                -67.0607     -72.0552     -73.2054     -77.7854     -69.5274
                -68.4693     -74.1897     -68.9244     -79.6040     -83.4245
                -88.8993     -82.7516     -76.8877     -78.0318     -90.0088
                -77.8796     -63.0024     -71.3604     -71.8160     -72.8055
                -71.4150     -70.7533     -72.0507     -62.9250     -56.2089
                -75.7287     -69.4943     -78.1867     -81.6048     -72.4057
                -81.1368     -62.6039     -56.8525     -80.3061     -89.9557
                -73.9652     -79.5279     -74.3719     -87.1483     -86.2564
   3      0     -66.7914     -74.3567     -69.1532     -79.8966     -70.2003
                -83.3735     -90.7465     -79.7050     -73.9754     -81.7196
                -67.1213     -72.0804     -73.2178     -77.7745     -69.5479
                -68.4331     -74.1996     -68.9745     -79.6468     -83.4360
                -88.9290     -82.7700     -76.9232     -78.0387     -90.0070
                -77.8683     -62.9965     -71.3834     -71.8654     -72.8401
                -71.4660     -70.7734     -72.0809     -62.9395     -56.2365
                -75.7830     -69.5297     -78.2102     -81.5830     -72.4290
                -81.1684     -62.6535     -56.8483     -80.3109     -89.9769
                -73.9346     -79.5403     -74.3897     -87.1483     -86.2479
   4      0     -66.7219     -74.3133     -69.1150     -79.8135     -70.1682
                -83.3099     -90.7243     -79.6336     -73.9968     -81.7353
                -67.1213     -72.0298     -73.1254     -77.6319     -69.5171
                -68.3695     -74.0948     -68.8222     -79.5486     -83.4383
                -88.8864     -82.7107     -76.9069     -78.0210     -90.0132
                -77.8533     -62.9192     -71.3316     -71.9066     -72.7350
                -71.4861     -70.7417     -72.0585     -62.9397     -56.1672
                -75.7176     -69.4555     -78.1230     -81.5064     -72.4643
                -81.1406     -62.6074     -56.8920     -80.3086     -89.9049
                -73.8732     -79.5000     -74.3524     -87.1814     -86.2678
   5      0     -66.8487     -74.4265     -69.1460     -79.9065     -70.2500
                -83.4296     -90.8088     -79.7616     -74.0632     -81.7811
                -67.2025     -72.0935     -73.2123     -77.7648     -69.6326
                -68.4555     -74.2272     -68.9354     -79.6307     -83.5228
                -88.9937     -82.8275     -76.9599     -78.1105     -90.0747
                -78.0005     -63.0558     -71.4549     -71.9527     -72.9001
                -71.5816     -70.8450     -72.1618     -63.0481     -56.2801
                -75.8193     -69.5322     -78.3029     -81.5820     -72.5277
                -81.2356     -62.7182     -56.9396     -80.3725     -90.0040
                -73.9923     -79.5703     -74.4650     -87.1962     -86.3014
   5     60     -67.9315     -75.5125     -70.2356     -80.9879     -71.3363
                -84.5127     -91.8885     -80.8398     -75.1485     -82.8659
                -68.2959     -73.1755     -74.2964     -78.8478     -70.7189
                -69.5433     -75.3142     -70.0233     -80.7155     -84.6072
                -90.0712     -83.9139     -78.0537     -79.2001     -91.1547
                -79.0784     -64.1415     -72.5423     -73.0430     -73.9864
                -72.6642     -71.9335     -73.2475     -64.1366     -57.3713
                -76.9041     -70.6196     -79.3867     -82.6585     -73.6176
                -82.3166     -63.8125     -58.0300     -81.4560     -91.0814
                -75.0731     -80.6552     -75.5545     -88.2724     -87.3805
   5     80     -72.0495     -79.6479     -74.3469     -85.0832     -75.4378
                -88.5934     -95.9771     -84.9122     -79.2248     -86.9517
                -72.4035     -77.2976     -78.4274     -82.9544     -74.8457
                -73.6841     -79.4171     -74.1668     -84.8278     -88.7067
                -94.1435     -88.0082     -82.1579     -83.3086     -95.2296
                -83.1678     -68.2597     -76.6577     -77.1549     -78.0852
                -76.7827     -76.0518     -77.3680     -68.2734     -61.5119
                -81.0300     -74.7430     -83.4910     -86.7474     -77.7280
                -86.4159     -67.9587     -62.1566     -85.5602     -95.1782
                -79.1809     -84.7468     -79.6514     -92.3470     -91.4454
   5    100     -79.7734     -87.3871     -82.0752     -92.7742     -83.1466
                -96.3076    -103.6995     -92.5974     -86.9297     -94.6864
                -80.1334     -85.0203     -86.1686     -90.6518     -82.5775
                -81.4280     -87.1422     -81.9039     -92.5610     -96.4410
               -101.8623     -95.7446     -89.9102     -91.0518    -102.9610
                -90.8914     -76.0005     -84.3970     -84.8976     -85.7985
                -84.4914     -83.7754     -85.0971     -76.0210     -69.2428
                -88.7550     -82.4982     -91.2276     -94.4418     -85.4664
                -94.1313     -75.6837     -69.8613     -93.3079    -102.8938
                -86.8891     -92.4801     -87.3792    -100.0599     -99.1507
 
 
 cumulative average & 95% error for solvation free energy
              total             1st component         2nd component
  1  -103.9722              -37.1718              -66.7914
  2  -104.2780     0.6117   -33.6950     6.9537   -70.5740     7.5654
  3  -104.5464     0.6426   -34.4370     4.2802   -70.1004     4.4694
  4  -104.3345     0.6214   -31.7761     6.1223   -72.5495     5.8291
  5  -104.2150     0.5374   -32.1264     4.7938   -72.0796     4.6120
  6  -104.3284     0.4939   -30.3575     5.2761   -73.9619     5.3247
  7  -104.5921     0.6726   -28.2234     6.1726   -76.3597     6.5764
  8  -104.6284     0.5870   -27.8415     5.3999   -76.7779     5.7564
  9  -104.5484     0.5418   -28.0729     4.7847   -76.4665     5.1148
 10  -104.6513     0.5265   -27.6505     4.3622   -76.9918     4.6939
 11  -104.5568     0.5124   -28.4533     4.2599   -76.0945     4.6095
 12  -104.4639     0.5033   -28.6950     3.9186   -75.7600     4.2607
 13  -104.5014     0.4690   -28.9280     3.6346   -75.5644     3.9388
 14  -104.3652     0.5125   -28.6340     3.4160   -75.7223     3.6602
 15  -104.3710     0.4772   -29.0514     3.2879   -75.3107     3.5055
 16  -104.3320     0.4532   -29.4422     3.1733   -74.8808     3.3899
 17  -104.3726     0.4334   -29.5229     2.9852   -74.8408     3.1853
 18  -104.3239     0.4200   -29.8001     2.8685   -74.5149     3.0730
 19  -104.3884     0.4177   -29.5944     2.7444   -74.7850     2.9566
 20  -104.4299     0.4049   -29.2034     2.7184   -75.2175     2.9352
 21  -104.5035     0.4122   -28.6241     2.8335   -75.8704     3.0823
 22  -104.5587     0.4083   -28.3657     2.7506   -76.1841     3.0050
 23  -104.6269     0.4133   -28.4017     2.6293   -76.2162     2.8721
 24  -104.6286     0.3957   -28.3275     2.5217   -76.2921     2.7540
 25  -104.7187     0.4202   -27.8690     2.5867   -76.8407     2.8604
 26  -104.7833     0.4239   -27.8941     2.4857   -76.8802     2.7493
 27  -104.8040     0.4100   -28.4290     2.6202   -76.3660     2.8384
 28  -104.8343     0.3997   -28.6373     2.5590   -76.1881     2.7582
 29  -104.8394     0.3858   -28.7914     2.4884   -76.0390     2.6780
 30  -104.8275     0.3735   -28.8861     2.4115   -75.9324     2.5960
 31  -104.8035     0.3644   -29.0062     2.3447   -75.7883     2.5273
 32  -104.8144     0.3535   -29.1738     2.2949   -75.6316     2.4671
 33  -104.8337     0.3448   -29.3007     2.2387   -75.5240     2.4008
 34  -104.7958     0.3430   -29.6329     2.2712   -75.1539     2.4439
 35  -104.7518     0.3445   -30.1295     2.4186   -74.6134     2.6077
 36  -104.7328     0.3369   -30.0780     2.3527   -74.6459     2.5351
 37  -104.7304     0.3277   -30.2139     2.3043   -74.5076     2.4810
 38  -104.7904     0.3408   -30.1764     2.2441   -74.6050     2.4227
 39  -104.7707     0.3343   -29.9777     2.2216   -74.7839     2.3868
 40  -104.7813     0.3265   -30.0473     2.1699   -74.7251     2.3293
 41  -104.7834     0.3185   -29.8922     2.1389   -74.8822     2.2934
 42  -104.7344     0.3259   -30.1343     2.1427   -74.5911     2.3127
 43  -104.6750     0.3397   -30.4875     2.2083   -74.1784     2.4043
 44  -104.7097     0.3391   -30.3829     2.1677   -74.3178     2.3655
 45  -104.7346     0.3352   -30.0598     2.2153   -74.6658     2.4148
 46  -104.7120     0.3309   -30.0531     2.1667   -74.6499     2.3619
 47  -104.7405     0.3288   -29.9776     2.1254   -74.7540     2.3205
 48  -104.7510     0.3225   -29.9957     2.0810   -74.7464     2.2717
 49  -104.7869     0.3239   -29.7785     2.0839   -74.9995     2.2817
 50  -104.8042     0.3193   -29.5708     2.0836   -75.2244     2.2804
 
 Mesh error is    0.061 kcal/mol
