 ERmod 0.3.8, Copyright (C) 2000-2019 Nobuyuki Matubayasi
                            2010-2019 Shun Sakuraba
 ERmod comes with ABSOLUTELY NO WARRANTY.
 This is free software, and you can redistribute it
 and/or modify it under certain conditions.
 See LICENSE file for details.
 
  Number of the   1-th solvent  =          378
  Number of the   2-th solvent  =        10000
 
  Be sure that the solvent distribution is homogeneous (radial distribution function is essentially unity) when the solvent molecule is separated beyond distance of   10.0 Angstrom in any direction from any atom within the solute molecule
 
  LJ long-range correction    =        -1.1319     -7.1533
 
  Self-energy of the solute   =        -0.0054  kcal/mol
 
 
 cumulative average & 95% error for solvation energy
              total             1st component         2nd component
  1  -425.4013              -60.6948             -364.7011
  2  -424.8724     1.0578   -71.6454    21.9012  -353.2216    22.9590
  3  -424.7252     0.6780   -66.7032    16.0496  -358.0165    16.3607
  4  -425.1386     0.9558   -59.6341    18.1296  -365.4991    18.9153
  5  -424.6125     1.2866   -52.1231    20.5639  -372.4840    20.2443
  6  -423.8562     1.8415   -48.0160    18.6919  -375.8348    17.8363
  7  -423.6118     1.6313   -46.8880    15.9578  -376.7185    15.1777
  8  -423.6941     1.4223   -47.7501    13.9271  -375.9386    13.2365
  9  -423.8496     1.2924   -47.9044    12.2864  -375.9398    11.6735
 10  -424.1283     1.2832   -47.5957    11.0066  -376.5271    10.5069
 11  -423.9230     1.2312   -48.1681    10.0214  -375.7496     9.6303
 12  -423.8636     1.1302   -47.9580     9.1579  -375.9002     8.7964
 13  -423.7113     1.0833   -48.6755     8.5454  -375.0304     8.2764
 14  -423.5649     1.0448   -49.3642     8.0305  -374.1952     7.8424
 15  -423.5795     0.9731   -49.8140     7.5300  -373.7602     7.3525
 16  -423.5587     0.9112   -50.2304     7.0927  -373.3229     6.9330
 17  -423.3995     0.9133   -51.4559     7.0989  -371.9382     7.0768
 18  -423.4464     0.8661   -51.8654     6.7429  -371.5756     6.7114
 19  -423.6444     0.9100   -51.7384     6.3832  -371.9006     6.3815
 20  -423.7718     0.9001   -51.7197     6.0557  -372.0467     6.0611
 21  -423.7019     0.8675   -52.5000     5.9678  -371.1966     6.0107
 22  -423.7539     0.8336   -53.2374     5.8781  -370.5111     5.8927
 23  -423.7180     0.7998   -53.7853     5.7226  -369.9274     5.7504
 24  -423.5990     0.8019   -55.2801     6.2416  -368.3135     6.3820
 25  -423.5646     0.7722   -55.6584     6.0343  -367.9009     6.1768
 26  -423.6163     0.7491   -54.8774     6.0043  -368.7335     6.1637
 27  -423.6465     0.7233   -53.7763     6.1831  -369.8649     6.3479
 28  -423.4717     0.7797   -53.5387     5.9771  -369.9276     6.1183
 29  -423.5380     0.7640   -53.3644     5.7779  -370.1682     5.9232
 30  -423.5996     0.7483   -53.5121     5.5898  -370.0821     5.7249
 31  -423.7543     0.7871   -53.7121     5.4212  -370.0368     5.5379
 32  -423.9140     0.8263   -53.5400     5.2603  -370.3686     5.4030
 33  -423.9230     0.8011   -53.3837     5.1080  -370.5339     5.2471
 34  -423.8798     0.7819   -53.3967     4.9556  -370.4777     5.0917
 35  -423.9693     0.7801   -53.3235     4.8141  -370.6404     4.9548
 36  -424.0011     0.7608   -52.9192     4.7479  -371.0766     4.8935
 37  -424.1408     0.7909   -52.4446     4.7143  -371.6909     4.9154
 38  -424.1609     0.7709   -52.2236     4.6098  -371.9319     4.8086
 39  -424.1803     0.7518   -52.0290     4.5069  -372.1460     4.7032
 40  -424.2290     0.7392   -52.2044     4.4068  -372.0192     4.5911
 41  -424.2920     0.7319   -52.0599     4.3076  -372.2268     4.4969
 42  -424.3214     0.7167   -51.7880     4.2388  -372.5280     4.4297
 43  -424.2596     0.7106   -52.1462     4.2006  -372.1080     4.4062
 44  -424.1937     0.7067   -52.1681     4.1043  -372.0202     4.3085
 45  -424.1866     0.6910   -52.5367     4.0792  -371.6445     4.2782
 46  -424.1799     0.6759   -53.2310     4.2242  -370.9435     4.4128
 47  -424.1421     0.6657   -53.5844     4.1934  -370.5523     4.3882
 48  -424.1815     0.6564   -54.1130     4.2391  -370.0631     4.4058
 49  -424.0923     0.6672   -54.5321     4.2354  -369.5548     4.4331
 50  -424.0180     0.6704   -55.0153     4.2608  -368.9973     4.4843
 
 
 group  inft  solvation free energy     error          difference
  total solvation free energy
   1      0        -71.27191           0.39212           0.07684
   1     60        -71.93201           0.39152          -0.58327
   1     80        -74.82125           0.38951          -3.47251
   1    100        -82.41305           0.39102         -11.06431
   2      0        -71.32900           0.39481           0.01975
   3      0        -71.34875           0.39430           0.00000
   4      0        -71.35888           0.39383          -0.01014
   5      0        -71.40633           0.39342          -0.05758
   5     60        -72.23904           0.39266          -0.89030
   5     80        -75.64517           0.39072          -4.29642
   5    100        -82.58888           0.39210         -11.24013
 
  contribution from  1-th solvent component
   1      0        -18.18856           1.66233           0.02944
   1     60        -18.21092           1.66237           0.00708
   1     80        -18.32081           1.66256          -0.10281
   1    100        -18.65467           1.66255          -0.43668
   2      0        -18.21236           1.66298           0.00563
   3      0        -18.21800           1.66283           0.00000
   4      0        -18.22512           1.66309          -0.00713
   5      0        -18.22945           1.66286          -0.01146
   5     60        -18.25831           1.66293          -0.04032
   5     80        -18.39191           1.66313          -0.17392
   5    100        -18.70172           1.66310          -0.48373
 
  contribution from  2-th solvent component
   1      0        -53.07797           1.88428           0.04740
   1     60        -53.71572           1.88329          -0.59035
   1     80        -56.49507           1.87977          -3.36970
   1    100        -63.75300           1.87845         -10.62763
   2      0        -53.11126           1.88820           0.01412
   3      0        -53.12537           1.88723           0.00000
   4      0        -53.12839           1.88737          -0.00301
   5      0        -53.17150           1.88711          -0.04613
   5     60        -53.97535           1.88584          -0.84998
   5     80        -57.24788           1.88227          -4.12251
   5    100        -63.88178           1.88124         -10.75640
 
 
 group  inft   Estimated free energy: total (kcal/mol)
   1      0     -71.8408     -70.6660     -71.2342     -72.7581     -71.1255
                -70.2828     -70.7083     -71.6785     -71.8587     -72.8940
                -70.2343     -70.7089     -69.7249     -69.8626     -71.2523
                -70.9870     -69.5975     -70.7568     -73.3558     -72.3228
                -70.0342     -71.0724     -70.1810     -68.9071     -70.6654
                -72.2500     -71.9109     -69.5107     -72.4049     -72.1493
                -73.7435     -74.1352     -71.3155     -70.6996     -73.2175
                -72.3760     -74.2016     -72.0809     -72.2301     -72.0812
                -73.0940     -71.8504     -70.1332     -70.1014     -71.0724
                -70.2260     -69.9255     -71.5295     -68.4445     -68.2016
   1     60     -72.5028     -71.3276     -71.8946     -73.4139     -71.7792
                -70.9356     -71.3674     -72.3381     -72.5181     -73.5513
                -70.8991     -71.3688     -70.3868     -70.5272     -71.9140
                -71.6445     -70.2594     -71.4193     -74.0157     -72.9793
                -70.6957     -71.7354     -70.8465     -69.5764     -71.3271
                -72.9030     -72.5620     -70.1724     -73.0646     -72.8116
                -74.4063     -74.7953     -71.9722     -71.3573     -73.8757
                -73.0296     -74.8580     -72.7382     -72.8839     -72.7422
                -73.7510     -72.5058     -70.7919     -70.7599     -71.7378
                -70.8945     -70.5905     -72.1950     -69.1110     -68.8674
   1     80     -75.3912     -74.2388     -74.7912     -76.2871     -74.6471
                -73.7977     -74.2565     -75.2195     -75.4059     -76.4308
                -73.8074     -74.2646     -73.2852     -73.4309     -74.8052
                -74.5180     -73.1470     -74.3132     -76.9027     -75.8533
                -73.5934     -74.6533     -73.7569     -72.4995     -74.2246
                -75.7692     -75.4196     -73.0515     -75.9529     -75.7062
                -77.3087     -77.6844     -74.8499     -74.2385     -76.7525
                -75.8948     -77.7354     -75.6227     -75.7489     -75.6307
                -76.6312     -75.3813     -73.6807     -73.6441     -74.6436
                -73.8110     -73.4861     -75.1039     -72.0127     -71.7812
   1    100     -82.9821     -81.8519     -82.3745     -83.8565     -82.2291
                -81.3654     -81.8633     -82.8046     -83.0015     -84.0276
                -81.4331     -81.8660     -80.8702     -81.0409     -82.3977
                -82.0798     -80.7301     -81.8896     -84.5142     -83.4171
                -81.1833     -82.2662     -81.3324     -80.1062     -81.8178
                -83.3514     -82.9774     -80.6183     -83.5515     -83.3184
                -84.9413     -85.2951     -82.4186     -81.8223     -84.3454
                -83.4638     -85.3498     -83.2266     -83.3254     -83.2340
                -84.2323     -82.9674     -81.2623     -81.2240     -82.2656
                -81.4276     -81.0779     -82.7239     -79.5860     -79.3452
   2      0     -71.8878     -70.7176     -71.3417     -72.8609     -71.1950
                -70.3350     -70.7919     -71.7628     -71.9263     -72.9576
                -70.2832     -70.7504     -69.7823     -69.8760     -71.2894
                -71.0419     -69.6014     -70.8217     -73.4443     -72.3979
                -70.0999     -71.0959     -70.2111     -68.9707     -70.7332
                -72.3166     -71.9801     -69.5746     -72.4262     -72.1886
                -73.7990     -74.2276     -71.3764     -70.7362     -73.3276
                -72.4506     -74.2476     -72.1710     -72.2564     -72.1523
                -73.1448     -71.9389     -70.1925     -70.1964     -71.0860
                -70.2142     -69.9483     -71.5806     -68.4948     -68.2464
   3      0     -71.8787     -70.7398     -71.3065     -72.9157     -71.2262
                -70.3807     -70.8375     -71.7535     -71.9363     -72.9506
                -70.2344     -70.7782     -69.8045     -69.8479     -71.3573
                -71.0816     -69.6308     -70.8185     -73.4707     -72.4283
                -70.1399     -71.1234     -70.2565     -68.9684     -70.7601
                -72.3418     -71.9918     -69.5405     -72.4860     -72.1947
                -73.7791     -74.1848     -71.3797     -70.7436     -73.3331
                -72.4847     -74.2734     -72.1613     -72.2640     -72.2268
                -73.2257     -71.9192     -70.2512     -70.2073     -71.1681
                -70.2621     -70.0052     -71.5945     -68.5082     -68.2849
   4      0     -71.8959     -70.7339     -71.3515     -72.8982     -71.1922
                -70.3844     -70.8478     -71.7653     -71.9200     -73.0004
                -70.2480     -70.7722     -69.8034     -69.8721     -71.3374
                -71.0963     -69.6456     -70.8383     -73.4696     -72.4379
                -70.1742     -71.1701     -70.2590     -68.9983     -70.7804
                -72.3922     -71.9746     -69.6042     -72.4723     -72.2005
                -73.7981     -74.2366     -71.3971     -70.7571     -73.3731
                -72.4974     -74.2995     -72.1754     -72.2769     -72.2045
                -73.1843     -71.9614     -70.2069     -70.2110     -71.1342
                -70.2420     -69.9959     -71.5737     -68.5372     -68.3456
   5      0     -71.9096     -70.7883     -71.3597     -73.0099     -71.2924
                -70.4433     -70.8964     -71.8098     -71.9795     -73.0167
                -70.2676     -70.8529     -69.8392     -69.9361     -71.3910
                -71.1231     -69.7019     -70.8911     -73.5122     -72.4945
                -70.2413     -71.1510     -70.3244     -69.0041     -70.8180
                -72.3742     -72.0838     -69.5953     -72.4830     -72.2242
                -73.8664     -74.2410     -71.4430     -70.7854     -73.4570
                -72.5263     -74.3216     -72.2223     -72.3194     -72.2850
                -73.2272     -71.9744     -70.3090     -70.2925     -71.2414
                -70.3464     -70.0548     -71.6358     -68.5826     -68.3706
   5     60     -72.7419     -71.6286     -72.1930     -73.8373     -72.1171
                -71.2670     -71.7284     -72.6414     -72.8117     -73.8454
                -71.1048     -71.6850     -70.6747     -70.7726     -72.2261
                -71.9523     -70.5352     -71.7243     -74.3422     -73.3259
                -71.0777     -71.9918     -71.1631     -69.8510     -71.6540
                -73.1986     -72.9057     -70.4278     -73.3149     -73.0592
                -74.7025     -75.0719     -72.2713     -71.6154     -74.2872
                -73.3508     -75.1491     -73.0523     -73.1440     -73.1188
                -74.0566     -72.8013     -71.1422     -71.1241     -72.0816
                -71.1874     -70.8928     -72.4746     -69.4196     -69.2097
   5     80     -76.1493     -75.0580     -75.6040     -77.2279     -75.5014
                -74.6435     -75.1354     -76.0384     -76.2156     -77.2425
                -74.5297     -75.0970     -74.0888     -74.1915     -75.6340
                -75.3439     -73.9368     -75.1347     -77.7452     -76.7220
                -74.4944     -75.4268     -74.5874     -73.2937     -75.0706
                -76.5823     -76.2794     -73.8211     -76.7177     -76.4720
                -78.1210     -78.4744     -75.6657     -75.0118     -77.6830
                -76.7314     -78.5450     -76.4529     -76.5256     -76.5282
                -77.4554     -76.1937     -74.5464     -74.5274     -75.5072
                -74.6206     -74.3112     -75.8995     -72.8379     -72.6349
   5    100     -83.0850     -82.0175     -82.5419     -84.1575     -82.4366
                -81.5628     -82.0960     -82.9756     -83.1648     -84.1900
                -81.5034     -82.0491     -81.0245     -81.1452     -82.5773
                -82.2638     -80.8692     -82.0664     -84.7059     -83.6427
                -81.4371     -82.3778     -81.5226     -80.2509     -82.0209
                -83.5184     -83.1925     -80.7419     -83.6671     -83.4336
                -85.1001     -85.4340     -82.5902     -81.9414     -84.6357
                -83.6586     -85.5077     -83.4047     -83.4568     -83.4877
                -84.4123     -83.1296     -81.4803     -81.4633     -82.4743
                -81.5861     -81.2586     -82.8600     -79.7664     -79.5583
 
 group  inft   Estimated free energy: 1-th solvent contribution (kcal/mol)
   1      0     -20.4240     -29.3631     -18.7632     -11.6150      -4.6617
                 -6.9986     -12.4201     -18.0430     -16.0159     -14.4035
                -17.9554     -14.4961     -18.7719     -19.4047     -18.5155
                -19.0356     -24.6979     -19.1659     -16.3471     -16.7375
                -23.5936     -23.0780     -21.9575     -31.4429     -22.1314
                -10.4567      -6.0083     -14.9899     -15.6131     -19.5934
                -20.4557     -15.8782     -15.7392     -17.7924     -16.9132
                -12.0741     -10.4575     -14.2090     -14.4339     -20.0785
                -15.1716     -12.8102     -23.3507     -17.4851     -23.6767
                -29.9411     -23.6555     -27.5869     -25.2066     -25.8115
   1     60     -20.4465     -29.3848     -18.7856     -11.6370      -4.6836
                 -7.0202     -12.4422     -18.0656     -16.0379     -14.4262
                -17.9779     -14.5173     -18.7938     -19.4270     -18.5374
                -19.0579     -24.7205     -19.1884     -16.3694     -16.7599
                -23.6164     -23.1009     -21.9797     -31.4654     -22.1538
                -10.4790      -6.0306     -15.0124     -15.6355     -19.6156
                -20.4785     -15.9004     -15.7618     -17.8147     -16.9357
                -12.0961     -10.4799     -14.2310     -14.4567     -20.1013
                -15.1941     -12.8326     -23.3728     -17.5073     -23.6992
                -29.9637     -23.6783     -27.6095     -25.2290     -25.8350
   1     80     -20.5571     -29.4927     -18.8957     -11.7453      -4.7915
                 -7.1267     -12.5511     -18.1764     -16.1464     -14.5376
                -18.0883     -14.6227     -18.9020     -19.5367     -18.6452
                -19.1673     -24.8311     -19.2990     -16.4789     -16.8697
                -23.7281     -23.2133     -22.0890     -31.5759     -22.2639
                -10.5886      -6.1401     -15.1221     -15.7455     -19.7250
                -20.5905     -16.0095     -15.8726     -17.9243     -17.0457
                -12.2046     -10.5900     -14.3396     -14.5683     -20.2131
                -15.3047     -12.9425     -23.4820     -17.6163     -23.8099
                -30.0743     -23.7900     -27.7207     -25.3386     -25.9502
   1    100     -20.8916     -29.8209     -19.2294     -12.0772      -5.1241
                 -7.4559     -12.8847     -18.5121     -16.4786     -14.8744
                -18.4236     -14.9489     -19.2326     -19.8698     -18.9748
                -19.5011     -25.1651     -19.6334     -16.8133     -17.2034
                -24.0638     -23.5497     -22.4198     -31.9080     -22.5973
                -10.9236      -6.4746     -15.4543     -16.0801     -20.0591
                -20.9288     -16.3439     -16.2080     -18.2575     -17.3819
                -12.5382     -10.9268     -14.6729     -14.9064     -20.5504
                -15.6415     -13.2782     -23.8132     -17.9485     -24.1454
                -30.4075     -24.1253     -28.0556     -25.6701     -26.2885
   2      0     -20.4504     -29.4021     -18.7885     -11.6396      -4.6929
                 -7.0222     -12.4472     -18.0641     -16.0392     -14.4152
                -17.9797     -14.5291     -18.7966     -19.4278     -18.5503
                -19.0549     -24.7253     -19.1900     -16.3707     -16.7690
                -23.6084     -23.0979     -21.9867     -31.4741     -22.1569
                -10.4654      -6.0226     -14.9968     -15.6248     -19.6335
                -20.4752     -15.9001     -15.7669     -17.8216     -16.9366
                -12.0937     -10.4818     -14.2376     -14.4252     -20.0967
                -15.2045     -12.8329     -23.3821     -17.5204     -23.6905
                -29.9676     -23.6666     -27.6262     -25.2332     -25.8366
   3      0     -20.4590     -29.4151     -18.7895     -11.6463      -4.6964
                 -7.0305     -12.4516     -18.0532     -16.0464     -14.4104
                -17.9745     -14.5349     -18.8113     -19.4338     -18.5664
                -19.0667     -24.7375     -19.1910     -16.3795     -16.7762
                -23.6189     -23.1056     -22.0005     -31.4643     -22.1627
                -10.4738      -6.0312     -14.9817     -15.6342     -19.6426
                -20.4789     -15.9154     -15.7623     -17.8234     -16.9354
                -12.1135     -10.4910     -14.2467     -14.4279     -20.1124
                -15.2143     -12.8400     -23.3869     -17.5201     -23.7001
                -29.9726     -23.6736     -27.6316     -25.2435     -25.8241
   4      0     -20.4602     -29.4229     -18.7990     -11.6582      -4.7006
                 -7.0356     -12.4541     -18.0843     -16.0550     -14.4219
                -17.9912     -14.5468     -18.8176     -19.4365     -18.5788
                -19.0727     -24.7415     -19.1896     -16.3960     -16.7879
                -23.6254     -23.1152     -22.0189     -31.4869     -22.1561
                -10.4766      -6.0311     -15.0080     -15.6314     -19.6400
                -20.4919     -15.9152     -15.7700     -17.8345     -16.9517
                -12.1137     -10.5027     -14.2579     -14.4257     -20.0983
                -15.2061     -12.8392     -23.4003     -17.5353     -23.7074
                -29.9842     -23.6682     -27.6308     -25.2449     -25.8380
   5      0     -20.4645     -29.4399     -18.8021     -11.6676      -4.7030
                 -7.0528     -12.4633     -18.0801     -16.0564     -14.4128
                -17.9928     -14.5575     -18.8318     -19.4400     -18.5918
                -19.0742     -24.7491     -19.2012     -16.4009     -16.7820
                -23.6325     -23.1078     -22.0174     -31.4826     -22.1685
                -10.4748      -6.0428     -14.9999     -15.6420     -19.6359
                -20.4974     -15.9219     -15.7754     -17.8263     -16.9618
                -12.1209     -10.4936     -14.2669     -14.4348     -20.1117
                -15.2110     -12.8398     -23.4005     -17.5529     -23.7210
                -29.9806     -23.6769     -27.6288     -25.2569     -25.8260
   5     60     -20.4936     -29.4683     -18.8308     -11.6959      -4.7312
                 -7.0807     -12.4918     -18.1091     -16.0848     -14.4420
                -18.0217     -14.5850     -18.8602     -19.4687     -18.6201
                -19.1031     -24.7782     -19.2304     -16.4295     -16.8109
                -23.6619     -23.1375     -22.0461     -31.5118     -22.1975
                -10.5035      -6.0715     -15.0288     -15.6708     -19.6646
                -20.5267     -15.9504     -15.8044     -17.8551     -16.9906
                -12.1493     -10.5224     -14.2953     -14.4641     -20.1411
                -15.2400     -12.8686     -23.4291     -17.5815     -23.7502
                -30.0098     -23.7065     -27.6580     -25.2857     -25.8565
   5     80     -20.6279     -29.6001     -18.9643     -11.8276      -4.8628
                 -7.2108     -12.6244     -18.2433     -16.2169     -14.5775
                -18.1555     -14.7139     -18.9920     -19.6016     -18.7514
                -19.2365     -24.9126     -19.3653     -16.5625     -16.9446
                -23.7975     -23.2738     -22.1791     -31.6460     -22.3312
                -10.6369      -6.2048     -15.1620     -15.8044     -19.7978
                -20.6624     -16.0829     -15.9389     -17.9886     -17.1245
                -12.2817     -10.6567     -14.4273     -14.5998     -20.2766
                -15.3745     -13.0025     -23.5617     -17.7140     -23.8848
                -30.1444     -23.8422     -27.7927     -25.4189     -25.9956
   5    100     -20.9379     -29.9055     -19.2737     -12.1359      -5.1715
                 -7.5169     -12.9342     -18.5540     -16.5255     -14.8901
                -18.4664     -15.0178     -19.2989     -19.9100     -19.0579
                -19.5464     -25.2225     -19.6762     -16.8727     -17.2538
                -24.1086     -23.5856     -22.4867     -31.9539     -22.6408
                -10.9477      -6.5149     -15.4697     -16.1146     -20.1083
                -20.9757     -16.3929     -16.2496     -18.2981     -17.4367
                -12.5918     -10.9695     -14.7367     -14.9130     -20.5895
                -15.6872     -13.3140     -23.8691     -18.0222     -24.1962
                -30.4538     -24.1533     -28.1029     -25.7262     -26.3090
 
 group  inft   Estimated free energy: 2-th solvent contribution (kcal/mol)
   1      0     -51.4114     -41.2975     -52.4657     -61.1377     -66.4584
                -63.2789     -58.2828     -53.6301     -55.8374     -58.4851
                -52.2735     -56.2075     -50.9477     -50.4525     -52.7314
                -51.9461     -44.8942     -51.5855     -57.0033     -55.5800
                -46.4352     -47.9890     -48.2181     -37.4588     -48.5287
                -61.7879     -65.8972     -54.5154     -56.7865     -52.5506
                -53.2825     -58.2516     -55.5709     -52.9019     -56.2989
                -60.2965     -63.7388     -57.8665     -57.7908     -51.9973
                -57.9170     -59.0348     -46.7771     -52.6109     -47.3903
                -40.2795     -46.2647     -43.9373     -43.2325     -42.3847
   1     60     -52.0509     -41.9374     -53.1036     -61.7715     -67.0903
                -63.9100     -58.9198     -54.2671     -56.4748     -59.1198
                -52.9158     -56.8461     -51.5876     -51.0948     -53.3712
                -52.5813     -45.5335     -52.2255     -57.6409     -56.2141
                -47.0739     -48.6291     -48.8614     -38.1056     -49.1679
                -62.4186     -66.5260     -55.1546     -57.4238     -53.1906
                -53.9224     -58.8895     -56.2050     -53.5373     -56.9347
                -60.9280     -64.3727     -58.5018     -58.4218     -52.6356
                -58.5515     -59.6678     -47.4137     -53.2473     -48.0332
                -40.9255     -46.9068     -44.5802     -43.8766     -43.0270
   1     80     -54.8287     -44.7407     -55.8902     -64.5364     -69.8503
                -66.6657     -61.7000     -57.0378     -59.2542     -61.8879
                -55.7137     -59.6365     -54.3778     -53.8888     -56.1546
                -55.3453     -48.3105     -55.0088     -60.4184     -58.9782
                -49.8599     -51.4346     -51.6625     -40.9182     -51.9553
                -65.1752     -69.2741     -57.9240     -60.2020     -55.9758
                -56.7128     -61.6695     -58.9719     -56.3089     -59.7014
                -63.6848     -67.1400     -61.2777     -61.1752     -55.4123
                -61.3212     -62.4335     -50.1933     -56.0224     -50.8283
                -43.7313     -49.6908     -47.3779     -46.6687     -45.8256
   1    100     -62.0852     -52.0256     -63.1397     -71.7739     -77.0997
                -73.9041     -68.9733     -64.2872     -66.5175     -69.1478
                -63.0041     -66.9117     -61.6322     -61.1658     -63.4175
                -62.5733     -55.5596     -62.2508     -67.6955     -66.2083
                -57.1141     -58.7111     -58.9072     -48.1929     -59.2152
                -72.4224     -76.4974     -65.1586     -67.4660     -63.2539
                -64.0072     -68.9458     -66.2053     -63.5594     -66.9581
                -70.9202     -74.4176     -68.5483     -68.4136     -62.6782
                -68.5855     -69.6838     -57.4438     -63.2702     -58.1148
                -51.0147     -56.9472     -54.6629     -53.9105     -53.0513
   2      0     -51.4321     -41.3101     -52.5479     -61.2159     -66.4967
                -63.3074     -58.3393     -53.6932     -55.8818     -58.5370
                -52.2982     -56.2159     -50.9804     -50.4428     -52.7337
                -51.9816     -44.8708     -51.6263     -57.0681     -55.6235
                -46.4861     -47.9926     -48.2191     -37.4913     -48.5710
                -61.8458     -65.9521     -54.5724     -56.7960     -52.5497
                -53.3184     -58.3221     -55.6041     -52.9093     -56.3857
                -60.3516     -63.7605     -57.9280     -57.8258     -52.0502
                -57.9349     -59.1006     -46.8050     -52.6706     -47.3901
                -40.2412     -46.2763     -43.9490     -43.2563     -42.4044
   3      0     -51.4143     -41.3193     -52.5116     -61.2640     -66.5244
                -63.3448     -58.3805     -53.6950     -55.8845     -58.5348
                -52.2545     -56.2379     -50.9878     -50.4087     -52.7855
                -52.0095     -44.8879     -51.6221     -57.0859     -55.6467
                -46.5156     -48.0124     -48.2506     -37.4987     -48.5920
                -61.8626     -65.9552     -54.5534     -56.8464     -52.5467
                -53.2948     -58.2641     -55.6120     -52.9148     -56.3923
                -60.3658     -63.7770     -57.9092     -57.8307     -52.1090
                -58.0060     -59.0738     -46.8589     -52.6818     -47.4627
                -40.2841     -46.3262     -43.9575     -43.2593     -42.4553
   4      0     -51.4303     -41.3056     -52.5472     -61.2346     -66.4863
                -63.3434     -58.3883     -53.6757     -55.8596     -58.5732
                -52.2515     -56.2200     -50.9804     -50.4303     -52.7532
                -52.0182     -44.8988     -51.6433     -57.0682     -55.6447
                -46.5434     -48.0495     -48.2347     -37.5060     -48.6189
                -61.9102     -65.9381     -54.5908     -56.8355     -52.5552
                -53.3009     -58.3160     -55.6218     -52.9172     -56.4160
                -60.3784     -63.7914     -57.9121     -57.8458     -52.1008
                -57.9728     -59.1168     -46.8013     -52.6703     -47.4215
                -40.2524     -46.3223     -43.9375     -43.2869     -42.5022
   5      0     -51.4397     -41.3430     -52.5523     -61.3369     -66.5840
                -63.3851     -58.4277     -53.7243     -55.9177     -58.5986
                -52.2695     -56.2900     -51.0021     -50.4907     -52.7939
                -52.0435     -44.9475     -51.6846     -57.1059     -55.7072
                -46.6035     -48.0378     -48.3016     -37.5162     -48.6441
                -61.8940     -66.0356     -54.5900     -56.8357     -52.5829
                -53.3636     -58.3137     -55.6622     -52.9537     -56.4899
                -60.4000     -63.8227     -57.9500     -57.8792     -52.1679
                -58.0108     -59.1292     -46.9031     -52.7342     -47.5150
                -40.3603     -46.3725     -44.0016     -43.3204     -42.5392
   5     60     -52.2430     -42.1549     -53.3568     -62.1361     -67.3805
                -64.1810     -59.2312     -54.5269     -56.7215     -59.3979
                -53.0778     -57.0946     -51.8091     -51.2986     -53.6006
                -52.8439     -45.7516     -52.4885     -57.9073     -56.5097
                -47.4104     -48.8489     -49.1116     -38.3338     -49.4512
                -62.6898     -66.8289     -55.3936     -57.6387     -53.3892
                -54.1704     -59.1161     -56.4615     -53.7549     -57.2912
                -61.1961     -64.6213     -58.7517     -58.6745     -52.9723
                -58.8112     -59.9273     -47.7077     -53.5372     -48.3260
                -41.1722     -47.1810     -44.8111     -44.1285     -43.3478
   5     80     -55.5160     -45.4525     -56.6344     -65.3949     -70.6333
                -67.4274     -62.5056     -57.7897     -59.9934     -62.6596
                -56.3688     -60.3777     -55.0914     -54.5846     -56.8772
                -56.1019     -49.0188     -55.7640     -61.1774     -59.7721
                -50.6916     -52.1476     -52.4030     -41.6424     -52.7339
                -65.9399     -70.0692     -58.6537     -60.9080     -56.6688
                -57.4532     -62.3861     -59.7215     -57.0179     -60.5531
                -64.4443     -67.8828     -62.0203     -61.9205     -56.2462
                -62.0756     -63.1858     -50.9793     -56.8080     -51.6171
                -44.4709     -50.4636     -48.1014     -47.4137     -46.6339
   5    100     -62.1417     -52.1066     -63.2628     -72.0163     -77.2597
                -74.0406     -69.1564     -64.4162     -66.6339     -69.2945
                -63.0316     -67.0259     -61.7202     -61.2298     -63.5140
                -62.7120     -55.6414     -62.3848     -67.8278     -66.3835
                -57.3231     -58.7868     -59.0305     -48.2916     -59.3747
                -72.5653     -76.6722     -65.2668     -67.5471     -63.3199
                -64.1190     -69.0358     -66.3352     -63.6379     -67.1936
                -71.0615     -74.5328     -68.6626     -68.5384     -62.8928
                -68.7197     -69.8102     -57.6058     -63.4357     -58.2727
                -51.1269     -57.0999     -54.7518     -54.0348     -53.2439
 
 
 cumulative average & 95% error for solvation free energy
              total             1st component         2nd component
  1   -71.8787              -20.4590              -51.4143
  2   -71.3093     1.1389   -24.9371     8.9561   -46.3668    10.0950
  3   -71.3083     0.6576   -22.8879     6.5980   -48.4151     7.1240
  4   -71.7102     0.9285   -20.0775     7.3048   -51.6273     8.1639
  5   -71.6134     0.7448   -17.0013     8.3587   -54.6067     8.6889
  6   -71.4079     0.7339   -15.3395     7.5911   -56.0631     7.6691
  7   -71.3264     0.6413   -14.9269     6.4685   -56.3941     6.5153
  8   -71.3798     0.5656   -15.3177     5.6562   -56.0567     5.6826
  9   -71.4416     0.5139   -15.3987     4.9909   -56.0376     5.0118
 10   -71.5925     0.5499   -15.2998     4.4684   -56.2873     4.5104
 11   -71.4691     0.5553   -15.5430     4.0709   -55.9207     4.1452
 12   -71.4115     0.5198   -15.4590     3.7200   -55.9471     3.7844
 13   -71.2879     0.5383   -15.7169     3.4606   -55.5657     3.5638
 14   -71.1850     0.5392   -15.9824     3.2476   -55.1973     3.3806
 15   -71.1965     0.5025   -16.1546     3.0429   -55.0365     3.1636
 16   -71.1893     0.4702   -16.3366     2.8696   -54.8473     2.9834
 17   -71.0977     0.4782   -16.8308     2.8710   -54.2615     3.0375
 18   -71.0821     0.4520   -16.9619     2.7194   -54.1148     2.8787
 19   -71.2079     0.4960   -16.9313     2.5731   -54.2712     2.7409
 20   -71.2689     0.4861   -16.9235     2.4411   -54.3400     2.6039
 21   -71.2151     0.4747   -17.2423     2.4079   -53.9674     2.5865
 22   -71.2110     0.4527   -17.5089     2.3569   -53.6967     2.5248
 23   -71.1695     0.4404   -17.7041     2.2857   -53.4599     2.4586
 24   -71.0777     0.4599   -18.2775     2.4706   -52.7949     2.7037
 25   -71.0650     0.4418   -18.4329     2.3900   -52.6268     2.6150
 26   -71.1141     0.4357   -18.1268     2.3765   -52.9820     2.6110
 27   -71.1466     0.4243   -17.6788     2.4560   -53.4625     2.6899
 28   -71.0893     0.4246   -17.5825     2.3745   -53.5014     2.5932
 29   -71.1374     0.4209   -17.5153     2.2951   -53.6168     2.5128
 30   -71.1727     0.4127   -17.5862     2.2218   -53.5811     2.4287
 31   -71.2568     0.4331   -17.6795     2.1570   -53.5719     2.3491
 32   -71.3483     0.4576   -17.6244     2.0915   -53.7185     2.2933
 33   -71.3492     0.4435   -17.5680     2.0302   -53.7759     2.2257
 34   -71.3314     0.4317   -17.5755     1.9697   -53.7506     2.1598
 35   -71.3886     0.4345   -17.5572     1.9129   -53.8260     2.1026
 36   -71.4190     0.4266   -17.4060     1.8835   -54.0077     2.0755
 37   -71.4962     0.4427   -17.2191     1.8696   -54.2717     2.0865
 38   -71.5137     0.4323   -17.1409     1.8264   -54.3675     2.0399
 39   -71.5329     0.4228   -17.0713     1.7844   -54.4563     1.9948
 40   -71.5503     0.4136   -17.1473     1.7459   -54.3976     1.9478
 41   -71.5911     0.4116   -17.1002     1.7054   -54.4856     1.9079
 42   -71.5989     0.4020   -16.9987     1.6766   -54.5948     1.8747
 43   -71.5676     0.3975   -17.1473     1.6639   -54.4149     1.8656
 44   -71.5367     0.3932   -17.1558     1.6257   -54.3755     1.8244
 45   -71.5285     0.3847   -17.3012     1.6156   -54.2219     1.8096
 46   -71.5010     0.3803   -17.5767     1.6734   -53.9189     1.8707
 47   -71.4691     0.3775   -17.7064     1.6578   -53.7574     1.8588
 48   -71.4718     0.3696   -17.9132     1.6748   -53.5532     1.8649
 49   -71.4113     0.3817   -18.0628     1.6673   -53.3431     1.8742
 50   -71.3487     0.3943   -18.2180     1.6628   -53.1254     1.8872
 
 Mesh error is    0.077 kcal/mol
