 ERmod 0.3.8, Copyright (C) 2000-2019 Nobuyuki Matubayasi
                            2010-2019 Shun Sakuraba
 ERmod comes with ABSOLUTELY NO WARRANTY.
 This is free software, and you can redistribute it
 and/or modify it under certain conditions.
 See LICENSE file for details.
 
  Number of the   1-th solvent  =        10000
 
  Be sure that the solvent distribution is homogeneous (radial distribution function is essentially unity) when the solvent molecule is separated beyond distance of   10.0 Angstrom in any direction from any atom within the solute molecule
 
  LJ long-range correction    =        -7.8240
 
  Self-energy of the solute   =        -0.0162  kcal/mol
 
 
 cumulative average & 95% error for solvation energy
  1  -498.0761
  2  -498.8541     1.5559
  3  -498.9288     0.9107
  4  -498.9604     0.6470
  5  -498.5025     1.0440
  6  -498.4949     0.8526
  7  -498.3836     0.7541
  8  -498.3505     0.6565
  9  -498.2430     0.6176
 10  -498.2025     0.5583
 11  -498.2628     0.5192
 12  -498.2054     0.4877
 13  -498.2133     0.4489
 14  -498.2777     0.4351
 15  -498.2046     0.4306
 16  -498.1528     0.4159
 17  -498.0876     0.4119
 18  -498.0167     0.4134
 19  -497.9648     0.4046
 20  -498.0041     0.3918
 21  -497.9581     0.3839
 22  -497.9623     0.3662
 23  -497.9192     0.3603
 24  -497.9334     0.3462
 25  -497.9698     0.3399
 26  -498.0131     0.3378
 27  -498.0391     0.3292
 28  -497.9909     0.3315
 29  -497.9633     0.3246
 30  -497.9438     0.3160
 31  -497.9874     0.3178
 32  -497.9367     0.3240
 33  -497.9436     0.3143
 34  -497.8909     0.3226
 35  -497.9148     0.3169
 36  -497.9394     0.3119
 37  -497.9059     0.3106
 38  -497.8493     0.3229
 39  -497.8747     0.3185
 40  -497.8561     0.3127
 41  -497.8370     0.3073
 42  -497.7713     0.3274
 43  -497.7869     0.3212
 44  -497.8020     0.3153
 45  -497.8058     0.3083
 46  -497.8160     0.3022
 47  -497.8335     0.2978
 48  -497.8256     0.2920
 49  -497.8357     0.2867
 50  -497.8664     0.2875
 
 
 group  inft  solvation free energy     error          difference
   1      0       -105.59029           0.16032           0.04632
   1     60       -105.72862           0.16030          -0.09201
   1     80       -107.36935           0.16021          -1.73275
   1    100       -114.65549           0.16055          -9.01888
   2      0       -105.61396           0.16074           0.02265
   3      0       -105.63661           0.16132           0.00000
   4      0       -105.59690           0.16175           0.03971
   5      0       -105.68136           0.16099          -0.04475
   5     60       -105.87739           0.16096          -0.24078
   5     80       -108.00005           0.16084          -2.36344
   5    100       -114.76949           0.16133          -9.13288
 
 
 group  inft   Estimated free energy (kcal/mol)
   1      0    -105.8274    -106.5568    -106.3802    -106.2544    -104.8044
               -106.1474    -105.5933    -106.1883    -105.4456    -105.6244
               -105.9227    -105.4000    -105.7512    -106.0425    -105.4387
               -105.3331    -104.6925    -105.0380    -105.2205    -106.4371
               -105.2008    -105.8896    -104.8377    -105.9384    -105.9898
               -106.2227    -105.8511    -104.8620    -105.0904    -105.4221
               -105.8563    -104.7262    -105.7231    -104.7559    -105.9157
               -106.4221    -105.0246    -104.3489    -106.0321    -104.8219
               -105.4970    -104.3997    -105.6114    -105.6685    -106.0075
               -105.7406    -105.7424    -105.4497    -105.8443    -106.5235
   1     60    -105.9662    -106.6955    -106.5181    -106.3926    -104.9433
               -106.2855    -105.7319    -106.3260    -105.5842    -105.7629
               -106.0609    -105.5382    -105.8896    -106.1806    -105.5776
               -105.4712    -104.8315    -105.1759    -105.3593    -106.5749
               -105.3387    -106.0272    -104.9761    -106.0763    -106.1282
               -106.3613    -105.9897    -105.0006    -105.2284    -105.5605
               -105.9957    -104.8643    -105.8614    -104.8939    -106.0541
               -106.5602    -105.1628    -104.4874    -106.1708    -104.9604
               -105.6349    -104.5376    -105.7501    -105.8068    -106.1454
               -105.8792    -105.8807    -105.5880    -105.9826    -106.6615
   1     80    -107.6119    -108.3387    -108.1540    -108.0314    -106.5896
               -107.9222    -107.3733    -107.9633    -107.2282    -107.4044
               -107.7030    -107.1767    -107.5303    -107.8223    -107.2248
               -107.1123    -106.4747    -106.8104    -107.0041    -108.2114
               -106.9758    -107.6622    -106.6169    -107.7142    -107.7667
               -108.0030    -107.6317    -106.6425    -106.8706    -107.2017
               -107.6452    -106.5009    -107.5035    -106.5321    -107.6967
               -108.2035    -106.8049    -106.1295    -107.8151    -106.6019
               -107.2697    -106.1771    -107.3920    -107.4467    -107.7831
               -107.5192    -107.5225    -107.2284    -107.6242    -108.2992
   1    100    -114.9217    -115.6392    -115.4280    -115.3181    -113.8918
               -115.1984    -114.6699    -115.2383    -114.5244    -114.6925
               -114.9925    -114.4527    -114.8165    -115.1109    -114.5354
               -114.4003    -113.7658    -114.0735    -114.3072    -115.4848
               -114.2552    -114.9320    -113.8943    -114.9941    -115.0426
               -115.2909    -114.9222    -113.9255    -114.1599    -114.4907
               -114.9494    -113.7674    -114.7857    -113.8067    -114.9934
               -115.5044    -114.0913    -113.4174    -115.1123    -113.8812
               -114.5356    -113.4599    -114.6881    -114.7246    -115.0582
               -114.8086    -114.8150    -114.5101    -114.9184    -115.5778
   2      0    -105.8201    -106.5436    -106.4084    -106.3084    -104.8080
               -106.1048    -105.5489    -106.1802    -105.4621    -105.6154
               -105.9354    -105.4787    -105.7789    -106.1008    -105.4052
               -105.4027    -104.7271    -105.0630    -105.1632    -106.4969
               -105.2869    -105.9572    -104.8165    -105.9865    -106.0927
               -106.2742    -105.8787    -104.8518    -105.1379    -105.4046
               -105.8565    -104.8424    -105.6734    -104.7353    -105.9058
               -106.5226    -105.0074    -104.4115    -106.0638    -104.9358
               -105.5094    -104.3962    -105.6968    -105.7314    -105.9688
               -105.8491    -105.7173    -105.4610    -105.8484    -106.5262
   3      0    -105.8694    -106.5718    -106.4261    -106.3432    -104.8304
               -106.1543    -105.5728    -106.2069    -105.4974    -105.6418
               -105.9388    -105.4857    -105.8040    -106.1003    -105.4397
               -105.4093    -104.7318    -105.0937    -105.1983    -106.4936
               -105.3033    -105.9598    -104.8748    -106.0108    -106.0873
               -106.3192    -105.9062    -104.8918    -105.1574    -105.4198
               -105.8919    -104.8224    -105.7283    -104.7680    -105.9325
               -106.5277    -105.0301    -104.4131    -106.0699    -104.9369
               -105.5360    -104.4105    -105.7012    -105.7043    -106.0088
               -105.8504    -105.7809    -105.4796    -105.9259    -106.5724
   4      0    -105.8540    -106.5172    -106.3737    -106.3172    -104.7658
               -106.0997    -105.4689    -106.1734    -105.4601    -105.5768
               -105.9228    -105.4439    -105.7352    -106.0476    -105.4024
               -105.3413    -104.7079    -105.0394    -105.1668    -106.5071
               -105.2972    -105.9554    -104.7769    -105.9663    -106.0958
               -106.2206    -105.8749    -104.8477    -105.1000    -105.3804
               -105.8433    -104.7938    -105.6680    -104.7037    -105.8859
               -106.4832    -105.0003    -104.4076    -106.0842    -104.9248
               -105.5256    -104.3892    -105.6863    -105.6647    -105.9506
               -105.7956    -105.7431    -105.4322    -105.8784    -106.5480
   5      0    -105.9590    -106.6346    -106.5000    -106.3660    -104.8918
               -106.1805    -105.6222    -106.2458    -105.5330    -105.6617
               -105.9989    -105.5109    -105.8050    -106.1577    -105.5176
               -105.4678    -104.8159    -105.1135    -105.2483    -106.5547
               -105.3189    -106.0308    -104.9023    -106.0615    -106.1453
               -106.3613    -105.9760    -104.9181    -105.1805    -105.4688
               -105.9465    -104.9191    -105.7494    -104.7936    -105.9509
               -106.5285    -105.0985    -104.4760    -106.1154    -104.9522
               -105.5955    -104.4643    -105.7407    -105.7427    -106.0403
               -105.8875    -105.7911    -105.5288    -105.9787    -106.6197
   5     60    -106.1555    -106.8309    -106.6954    -106.5620    -105.0886
               -106.3759    -105.8187    -106.4408    -105.7293    -105.8577
               -106.1950    -105.7069    -106.0012    -106.3537    -105.7139
               -105.6636    -105.0128    -105.3089    -105.4448    -106.7498
               -105.5149    -106.2261    -105.0983    -106.2573    -106.3414
               -106.5576    -106.1722    -105.1143    -105.3764    -105.6649
               -106.1438    -105.1150    -105.9454    -104.9893    -106.1471
               -106.7244    -105.2946    -104.6723    -106.3119    -105.1487
               -105.7908    -104.6599    -105.9374    -105.9386    -106.2355
               -106.0835    -105.9876    -105.7246    -106.1748    -106.8152
   5     80    -108.2843    -108.9565    -108.8121    -108.6828    -107.2183
               -108.4938    -107.9409    -108.5578    -107.8548    -107.9813
               -108.3199    -107.8275    -108.1243    -108.4775    -107.8423
               -107.7866    -107.1403    -107.4249    -107.5726    -108.8670
               -107.6355    -108.3425    -107.2189    -108.3770    -108.4624
               -108.6813    -108.2965    -107.2377    -107.5010    -107.7866
               -108.2748    -107.2340    -108.0685    -107.1076    -108.2725
               -108.8512    -107.4181    -106.7981    -108.4384    -107.2729
               -107.9064    -106.7798    -108.0638    -108.0599    -108.3538
               -108.2069    -108.1115    -107.8454    -108.2988    -108.9348
   5    100    -115.0736    -115.7395    -115.5698    -115.4537    -114.0004
               -115.2521    -114.7121    -115.3166    -114.6346    -114.7517
               -115.0921    -114.5902    -114.8944    -115.2494    -114.6298
               -114.5568    -113.9157    -114.1750    -114.3552    -115.6276
               -114.4004    -115.0986    -113.9777    -115.1412    -115.2302
               -115.4541    -115.0708    -114.0020    -114.2738    -114.5561
               -115.0608    -113.9897    -114.8351    -113.8607    -115.0505
               -115.6372    -114.1853    -113.5703    -115.2201    -114.0402
               -114.6589    -113.5425    -114.8442    -114.8231    -115.1115
               -114.9819    -114.8833    -114.6096    -115.0738    -115.7006
 
 
 cumulative average & 95% error for solvation free energy
  1  -105.8694
  2  -106.2206     0.7024
  3  -106.2891     0.4281
  4  -106.3026     0.3039
  5  -106.0082     0.6342
  6  -106.0325     0.5201
  7  -105.9668     0.4588
  8  -105.9968     0.4018
  9  -105.9414     0.3713
 10  -105.9114     0.3375
 11  -105.9139     0.3053
 12  -105.8782     0.2877
 13  -105.8725     0.2649
 14  -105.8888     0.2474
 15  -105.8588     0.2380
 16  -105.8307     0.2296
 17  -105.7661     0.2514
 18  -105.7287     0.2486
 19  -105.7008     0.2416
 20  -105.7405     0.2426
 21  -105.7196     0.2345
 22  -105.7306     0.2246
 23  -105.6933     0.2272
 24  -105.7066     0.2191
 25  -105.7218     0.2123
 26  -105.7448     0.2091
 27  -105.7508     0.2016
 28  -105.7201     0.2037
 29  -105.7007     0.2003
 30  -105.6913     0.1945
 31  -105.6978     0.1885
 32  -105.6704     0.1906
 33  -105.6722     0.1847
 34  -105.6456     0.1869
 35  -105.6538     0.1823
 36  -105.6781     0.1837
 37  -105.6606     0.1820
 38  -105.6277     0.1889
 39  -105.6391     0.1854
 40  -105.6215     0.1841
 41  -105.6194     0.1796
 42  -105.5906     0.1845
 43  -105.5932     0.1802
 44  -105.5957     0.1762
 45  -105.6049     0.1732
 46  -105.6103     0.1697
 47  -105.6139     0.1662
 48  -105.6111     0.1628
 49  -105.6175     0.1600
 50  -105.6366     0.1613
 
 Mesh error is    0.046 kcal/mol
