 ERmod 0.3.8, Copyright (C) 2000-2019 Nobuyuki Matubayasi
                            2010-2019 Shun Sakuraba
 ERmod comes with ABSOLUTELY NO WARRANTY.
 This is free software, and you can redistribute it
 and/or modify it under certain conditions.
 See LICENSE file for details.
 
  Number of the   1-th solvent  =          378
  Number of the   2-th solvent  =        10000
 
  Be sure that the solvent distribution is homogeneous (radial distribution function is essentially unity) when the solvent molecule is separated beyond distance of   10.0 Angstrom in any direction from any atom within the solute molecule
 
  LJ long-range correction    =        -1.1319     -7.1533
 
  Self-energy of the solute   =         0.0082  kcal/mol
 
 
 cumulative average & 95% error for solvation energy
              total             1st component         2nd component
  1  -484.4421              -73.7251             -410.7252
  2  -483.4196     2.0452   -69.6417     8.1668  -413.7860     6.1216
  3  -483.3386     1.1918   -73.3601     8.8056  -409.9866     8.3805
  4  -483.2397     0.8657   -72.9172     6.2892  -410.3307     5.9657
  5  -483.7194     1.1705   -73.0067     4.8749  -410.7209     4.6865
  6  -483.8764     1.0059   -76.5895     8.1969  -407.2951     7.8477
  7  -483.9725     0.8716   -82.5583    13.8022  -401.4223    13.4888
  8  -483.6615     0.9780   -84.8218    12.7816  -398.8479    12.7660
  9  -483.6200     0.8665   -84.5006    11.2906  -399.1275    11.2724
 10  -483.6717     0.7819   -83.6977    10.2255  -399.9821    10.2262
 11  -483.6099     0.7180   -83.3971     9.2688  -400.2210     9.2623
 12  -483.8600     0.8245   -81.5581     9.2261  -402.3102     9.4313
 13  -483.7479     0.7909   -81.6045     8.4873  -402.1516     8.6814
 14  -483.6629     0.7517   -81.0743     7.9289  -402.5967     8.0865
 15  -483.5941     0.7132   -81.5960     7.4548  -402.0062     7.6202
 16  -483.6785     0.6882   -80.9631     7.0873  -402.7236     7.2710
 17  -483.6993     0.6477   -81.2505     6.6821  -402.4570     6.8507
 18  -483.6977     0.6107   -81.0656     6.3108  -402.6403     6.4693
 19  -483.8784     0.6813   -82.6657     6.7731  -401.2208     6.7458
 20  -483.8595     0.6475   -82.2183     6.4876  -401.6494     6.4568
 21  -483.8196     0.6210   -81.9090     6.2018  -401.9188     6.1652
 22  -483.8219     0.5921   -82.6299     6.0864  -401.2002     6.0514
 23  -483.9319     0.6070   -82.6909     5.8171  -401.2491     5.7832
 24  -483.9710     0.5864   -83.0571     5.6174  -400.9221     5.5755
 25  -484.0087     0.5675   -82.5809     5.4715  -401.4359     5.4456
 26  -484.0760     0.5616   -81.7501     5.5132  -402.3341     5.5318
 27  -484.1106     0.5448   -82.0644     5.3422  -402.0543     5.3523
 28  -484.1912     0.5492   -82.0338     5.1482  -402.1655     5.1624
 29  -484.2349     0.5371   -82.9157     5.2714  -401.3273     5.2557
 30  -484.2427     0.5191   -83.6615     5.3066  -400.5894     5.2876
 31  -484.2425     0.5021   -83.6577     5.1325  -400.5930     5.1142
 32  -484.2177     0.4887   -83.0889     5.0981  -401.1370     5.0699
 33  -484.2933     0.4971   -82.8990     4.9558  -401.4024     4.9425
 34  -484.2356     0.4959   -83.7259     5.0843  -400.5178     5.1109
 35  -484.2611     0.4842   -84.8959     5.4634  -399.3733     5.4652
 36  -484.2492     0.4712   -85.4625     5.4290  -398.7949     5.4357
 37  -484.1956     0.4706   -85.9596     5.3730  -398.2442     5.4003
 38  -484.2177     0.4602   -86.1332     5.2412  -398.0926     5.2650
 39  -484.2644     0.4578   -85.9839     5.1138  -398.2887     5.1432
 40  -484.2513     0.4470   -85.3679     5.1343  -398.8915     5.1559
 41  -484.2716     0.4379   -84.8610     5.1091  -399.4188     5.1380
 42  -484.2532     0.4289   -84.6456     5.0046  -399.6158     5.0296
 43  -484.3030     0.4305   -84.6221     4.8870  -399.6890     4.9134
 44  -484.2890     0.4215   -84.5782     4.7755  -399.7189     4.8008
 45  -484.3553     0.4328   -84.6938     4.6739  -399.6697     4.6940
 46  -484.3315     0.4259   -84.8686     4.5845  -399.4711     4.6079
 47  -484.3633     0.4216   -84.2335     4.6623  -400.1380     4.7020
 48  -484.3401     0.4153   -84.3602     4.5711  -399.9881     4.6127
 49  -484.3505     0.4073   -84.0815     4.5114  -400.2772     4.5545
 50  -484.3034     0.4100   -83.9537     4.4277  -400.3579     4.4654
 
 
 group  inft  solvation free energy     error          difference
  total solvation free energy
   1      0       -107.73582           0.24591           0.01805
   1     60       -108.71372           0.24475          -0.95985
   1     80       -112.54740           0.24259          -4.79353
   1    100       -121.84753           0.24119         -14.09365
   2      0       -107.72161           0.25564           0.03227
   3      0       -107.75387           0.25243           0.00000
   4      0       -107.72237           0.25133           0.03150
   5      0       -107.79268           0.25361          -0.03881
   5     60       -109.00653           0.25216          -1.25266
   5     80       -113.48754           0.24945          -5.73366
   5    100       -121.94262           0.24925         -14.18874
 
  contribution from  1-th solvent component
   1      0        -31.17155           1.70824           0.00912
   1     60        -31.20842           1.70831          -0.02775
   1     80        -31.36616           1.70850          -0.18549
   1    100        -31.81078           1.70849          -0.63011
   2      0        -31.17407           1.70644           0.00660
   3      0        -31.18067           1.70624           0.00000
   4      0        -31.18899           1.70696          -0.00831
   5      0        -31.18822           1.70674          -0.00755
   5     60        -31.23455           1.70683          -0.05388
   5     80        -31.42484           1.70713          -0.24417
   5    100        -31.83292           1.70703          -0.65225
 
  contribution from  2-th solvent component
   1      0        -76.57244           1.87742           0.00893
   1     60        -77.51348           1.87560          -0.93210
   1     80        -81.18941           1.87202          -4.60804
   1    100        -90.04492           1.86799         -13.46354
   2      0        -76.55571           1.88708           0.02566
   3      0        -76.58137           1.88468           0.00000
   4      0        -76.54156           1.88231           0.03982
   5      0        -76.61263           1.88576          -0.03126
   5     60        -77.78015           1.88359          -1.19878
   5     80        -82.07087           1.87909          -5.48950
   5    100        -90.11787           1.87705         -13.53650
 
 
 group  inft   Estimated free energy: total (kcal/mol)
   1      0    -108.3807    -107.5324    -107.7284    -107.7115    -108.4110
               -107.4741    -106.2823    -105.4120    -106.9477    -107.7096
               -107.3362    -109.3440    -107.0441    -107.6335    -107.1753
               -108.5105    -108.3541    -107.5521    -107.9260    -107.7742
               -107.4006    -106.7167    -108.6061    -107.9327    -108.4416
               -109.3280    -107.5157    -109.0266    -107.1808    -106.5357
               -107.4514    -107.6624    -108.8928    -105.9415    -106.9412
               -107.2703    -106.4069    -107.7451    -108.3645    -107.9743
               -108.9624    -107.8617    -108.8651    -107.4975    -108.8282
               -107.0862    -109.0752    -107.1857    -108.4404    -107.4144
   1     60    -109.3517    -108.5013    -108.7026    -108.6866    -109.3848
               -108.4579    -107.2752    -106.3931    -107.9237    -108.6843
               -108.3108    -110.3156    -108.0191    -108.6032    -108.1542
               -109.4843    -109.3293    -108.5277    -108.9203    -108.7425
               -108.3767    -107.7051    -109.5844    -108.9085    -109.4155
               -110.2952    -108.4968    -110.0048    -108.1674    -107.5264
               -108.4275    -108.6366    -109.8700    -106.9326    -107.9385
               -108.2556    -107.3921    -108.7308    -109.3422    -108.9460
               -109.9337    -108.8339    -109.8397    -108.4738    -109.8112
               -108.0649    -110.0403    -108.1661    -109.4132    -108.3886
   1     80    -113.1740    -112.3109    -112.5292    -112.5105    -113.2060
               -112.3053    -111.1442    -110.2329    -111.7597    -112.5094
               -112.1350    -114.1417    -111.8506    -112.4119    -112.0007
               -113.3035    -113.1628    -112.3686    -112.7828    -112.5692
               -112.2006    -111.5627    -113.4255    -112.7363    -113.2428
               -114.1070    -112.3430    -113.8392    -112.0183    -111.3911
               -112.2479    -112.4577    -113.6929    -110.7722    -111.8081
               -112.1034    -111.2354    -112.5686    -113.1764    -112.7659
               -113.7512    -112.6577    -113.6652    -112.3143    -113.6649
               -111.9109    -113.8483    -112.0101    -113.2365    -112.2070
   1    100    -122.4591    -121.5602    -121.8227    -121.7799    -122.5042
               -121.6212    -120.4694    -119.5411    -121.0523    -121.7962
               -121.4250    -123.4449    -121.1368    -121.6773    -121.3025
               -122.6016    -122.4686    -121.6886    -122.1143    -121.8739
               -121.4775    -120.8757    -122.7311    -122.0345    -122.5286
               -123.3866    -121.6458    -123.1475    -121.3335    -120.7231
               -121.5377    -121.7471    -122.9932    -120.0946    -121.1423
               -121.4445    -120.5570    -121.8699    -122.4822    -122.0596
               -123.0345    -121.9383    -122.9660    -121.6349    -123.0032
               -121.1985    -123.1219    -121.3248    -122.5263    -121.4761
   2      0    -108.4181    -107.5813    -107.8262    -107.7455    -108.3521
               -107.3676    -106.1042    -105.3145    -106.9589    -107.6832
               -107.3545    -109.3666    -107.0707    -107.7144    -107.1911
               -108.5486    -108.3545    -107.5625    -107.8316    -107.7716
               -107.3768    -106.6659    -108.6954    -107.9063    -108.4510
               -109.3944    -107.4997    -109.0137    -107.1332    -106.4932
               -107.3589    -107.6702    -108.7877    -105.8556    -106.9039
               -107.1728    -106.2903    -107.7306    -108.4298    -108.0013
               -108.9795    -107.8932    -108.9394    -107.4469    -108.8068
               -107.0068    -109.1637    -107.1293    -108.3893    -107.3770
   3      0    -108.4083    -107.6201    -107.8340    -107.7961    -108.3537
               -107.3857    -106.1435    -105.3499    -107.0235    -107.7342
               -107.3779    -109.3761    -107.1295    -107.7112    -107.1957
               -108.5839    -108.3673    -107.6201    -107.8804    -107.7738
               -107.4129    -106.6885    -108.7001    -107.9694    -108.5656
               -109.4258    -107.5061    -109.0302    -107.1845    -106.5470
               -107.3955    -107.7314    -108.8526    -105.9454    -106.9535
               -107.2173    -106.3601    -107.7128    -108.4051    -108.0516
               -108.9760    -107.9107    -108.9217    -107.4863    -108.8232
               -107.0698    -109.2005    -107.2408    -108.3908    -107.3537
   4      0    -108.3920    -107.6071    -107.8040    -107.7153    -108.3644
               -107.4617    -106.1196    -105.3542    -106.9468    -107.7151
               -107.3383    -109.3458    -107.0409    -107.7099    -107.1629
               -108.5164    -108.3275    -107.5332    -107.8623    -107.7660
               -107.3625    -106.7097    -108.6653    -107.8686    -108.4160
               -109.3490    -107.5071    -108.9914    -107.2030    -106.5066
               -107.4091    -107.6684    -108.8361    -105.8925    -106.9437
               -107.1789    -106.3819    -107.7233    -108.4114    -107.9417
               -108.9718    -107.8415    -108.9097    -107.4128    -108.8154
               -107.0294    -109.1738    -107.2099    -108.4351    -107.2697
   5      0    -108.4410    -107.6954    -107.9120    -107.8107    -108.4444
               -107.4889    -106.2179    -105.3574    -107.0146    -107.8409
               -107.4262    -109.4109    -107.1512    -107.7545    -107.2316
               -108.6017    -108.4329    -107.6264    -107.9201    -107.7555
               -107.3978    -106.7262    -108.7676    -107.9535    -108.5298
               -109.4438    -107.5577    -109.0039    -107.2453    -106.5886
               -107.4627    -107.7315    -108.8949    -105.9463    -106.9736
               -107.2069    -106.3870    -107.7381    -108.5320    -108.0803
               -109.0145    -107.9961    -108.9646    -107.5124    -108.8634
               -107.1268    -109.2797    -107.3047    -108.4779    -107.3921
   5     60    -109.6456    -108.8966    -109.1210    -109.0198    -109.6572
               -108.7104    -107.4494    -106.5755    -108.2290    -109.0493
               -108.6385    -110.6162    -108.3604    -108.9571    -108.4433
               -109.8106    -109.6446    -108.8386    -109.1502    -108.9626
               -108.6098    -107.9526    -109.9813    -109.1649    -109.7360
               -110.6451    -108.7773    -110.2174    -108.4705    -107.8168
               -108.6756    -108.9369    -110.1069    -107.1720    -108.2089
               -108.4324    -107.6107    -108.9572    -109.7471    -109.2851
               -110.2180    -109.2018    -110.1723    -108.7270    -110.0862
               -108.3475    -110.4801    -108.5259    -109.6885    -108.5987
   5     80    -114.1103    -113.3428    -113.5958    -113.4902    -114.1244
               -113.2086    -111.9905    -111.0658    -112.7060    -113.5182
               -113.1100    -115.0861    -112.8350    -113.4113    -112.9346
               -114.2786    -114.1269    -113.3316    -113.6623    -113.4231
               -113.0753    -112.4558    -114.4702    -113.6447    -114.2079
               -115.1031    -113.2683    -114.6961    -112.9786    -112.3440
               -113.1429    -113.4065    -114.5815    -111.6577    -112.7390
               -112.9237    -112.1056    -113.4515    -114.2308    -113.7476
               -114.6783    -113.6701    -114.6423    -113.2048    -114.5884
               -112.8412    -114.9337    -113.0133    -114.1642    -113.0577
   5    100    -122.5566    -121.7715    -122.0455    -121.9237    -122.5691
               -121.6755    -120.4602    -119.5197    -121.1607    -121.9652
               -121.5596    -123.5502    -121.2759    -121.8427    -121.3978
               -122.7374    -122.5950    -121.8039    -122.1316    -121.8827
               -121.5194    -120.9210    -122.9392    -122.1003    -122.6570
               -123.5500    -121.7209    -123.1552    -121.4346    -120.8165
               -121.5828    -121.8508    -123.0390    -120.1224    -121.2173
               -121.3897    -120.5791    -121.9011    -122.6962    -122.1994
               -123.1261    -122.1174    -123.1032    -121.6750    -123.0737
               -121.2794    -123.3755    -121.4661    -122.6232    -121.4753
 
 group  inft   Estimated free energy: 1-th solvent contribution (kcal/mol)
   1      0     -27.6673     -24.0028     -30.2045     -25.9375     -26.9098
                -35.1662     -44.0911     -37.3557     -30.0084     -28.1988
                -29.8519     -22.4910     -30.5231     -27.7213     -33.2700
                -26.5511     -32.1554     -28.5698     -41.9094     -27.0762
                -27.8504     -36.0202     -31.4771     -34.6343     -26.4768
                -22.2159     -33.8629     -30.1615     -40.2248     -39.0533
                -31.1237     -23.8221     -28.3216     -41.7005     -46.9359
                -39.4800     -38.9618     -34.4475     -29.6679     -22.4539
                -23.7650     -28.2430     -31.6842     -31.0203     -33.4156
                -34.1710     -19.7648     -33.6074     -25.8114     -28.5412
   1     60     -27.7040     -24.0395     -30.2409     -25.9739     -26.9469
                -35.2033     -44.1283     -37.3927     -30.0449     -28.2355
                -29.8884     -22.5277     -30.5600     -27.7583     -33.3067
                -26.5880     -32.1927     -28.6066     -41.9468     -27.1131
                -27.8869     -36.0570     -31.5142     -34.6716     -26.5136
                -22.2527     -33.8999     -30.1982     -40.2621     -39.0903
                -31.1602     -23.8583     -28.3588     -41.7376     -46.9736
                -39.5168     -38.9987     -34.4850     -29.7046     -22.4903
                -23.8017     -28.2801     -31.7214     -31.0576     -33.4527
                -34.2081     -19.8006     -33.6443     -25.8479     -28.5780
   1     80     -27.8615     -24.1967     -30.3970     -26.1291     -27.1060
                -35.3613     -44.2867     -37.5512     -30.2011     -28.3922
                -30.0444     -22.6858     -30.7176     -27.9164     -33.4638
                -26.7459     -32.3521     -28.7639     -42.1067     -27.2718
                -28.0429     -36.2141     -31.6732     -34.8310     -26.6713
                -22.4108     -34.0583     -30.3556     -40.4210     -39.2482
                -31.3164     -24.0132     -28.5180     -41.8952     -47.1339
                -39.6743     -39.1560     -34.6440     -29.8622     -22.6462
                -23.9591     -28.4390     -31.8805     -31.2176     -33.6117
                -34.3667     -19.9546     -33.8025     -26.0046     -28.7349
   1    100     -28.3063     -24.6403     -30.8396     -26.5701     -27.5529
                -35.8040     -44.7294     -37.9952     -30.6439     -28.8366
                -30.4850     -23.1314     -31.1615     -28.3608     -33.9075
                -27.1909     -32.7983     -29.2096     -42.5528     -27.7172
                -28.4839     -36.6565     -32.1194     -35.2783     -27.1165
                -22.8581     -34.5055     -30.8012     -40.8657     -39.6917
                -31.7585     -24.4570     -28.9673     -42.3379     -47.5800
                -40.1181     -39.5989     -35.0882     -30.3059     -23.0911
                -24.4049     -28.8866     -32.3284     -31.6666     -34.0576
                -34.8129     -20.3953     -34.2477     -26.4489     -29.1772
   2      0     -27.6735     -24.0251     -30.2261     -25.9530     -26.9164
                -35.1583     -44.0731     -37.3437     -30.0368     -28.2039
                -29.8829     -22.4863     -30.5248     -27.7344     -33.2764
                -26.5646     -32.1374     -28.5831     -41.9117     -27.0593
                -27.8670     -36.0288     -31.4801     -34.6224     -26.5032
                -22.2007     -33.8586     -30.1759     -40.2333     -39.0493
                -31.1324     -23.8337     -28.3140     -41.6937     -46.9148
                -39.4839     -38.9357     -34.4547     -29.6825     -22.4542
                -23.7702     -28.2379     -31.6829     -31.0132     -33.4294
                -34.1462     -19.8072     -33.5921     -25.7878     -28.5471
   3      0     -27.6827     -24.0367     -30.2436     -25.9692     -26.9205
                -35.1530     -44.0599     -37.3493     -30.0415     -28.2169
                -29.8871     -22.4841     -30.5359     -27.7399     -33.2913
                -26.5647     -32.1479     -28.5803     -41.9259     -27.0682
                -27.8588     -36.0224     -31.4931     -34.6337     -26.5175
                -22.2076     -33.8526     -30.1793     -40.2296     -39.0583
                -31.1481     -23.8455     -28.3262     -41.7123     -46.9279
                -39.4946     -38.9368     -34.4540     -29.6748     -22.4620
                -23.7806     -28.2537     -31.6944     -31.0266     -33.4209
                -34.1489     -19.8117     -33.6153     -25.7937     -28.5541
   4      0     -27.6986     -24.0420     -30.2418     -25.9661     -26.9386
                -35.1760     -44.0928     -37.3694     -30.0576     -28.2337
                -29.8890     -22.5001     -30.5422     -27.7425     -33.2974
                -26.5684     -32.1514     -28.5912     -41.9127     -27.0882
                -27.8766     -36.0464     -31.4973     -34.6192     -26.5248
                -22.1996     -33.8664     -30.1785     -40.2586     -39.0770
                -31.1493     -23.8515     -28.3327     -41.7088     -46.9342
                -39.5012     -38.9693     -34.4693     -29.6927     -22.4652
                -23.7839     -28.2370     -31.6922     -31.0094     -33.4265
                -34.1660     -19.8243     -33.6370     -25.8051     -28.5493
   5      0     -27.6979     -24.0376     -30.2454     -25.9665     -26.9374
                -35.1843     -44.0843     -37.3531     -30.0441     -28.2122
                -29.9003     -22.5016     -30.5404     -27.7499     -33.2979
                -26.5556     -32.1560     -28.5867     -41.9060     -27.0804
                -27.8733     -36.0365     -31.4948     -34.6343     -26.5191
                -22.2022     -33.8676     -30.1804     -40.2415     -39.0823
                -31.1406     -23.8555     -28.3180     -41.7050     -46.9424
                -39.5182     -38.9537     -34.4763     -29.6990     -22.4821
                -23.7829     -28.2475     -31.6893     -31.0146     -33.4233
                -34.1765     -19.8201     -33.6260     -25.8135     -28.5578
   5     60     -27.7438     -24.0835     -30.2911     -26.0120     -26.9841
                -35.2308     -44.1311     -37.3997     -30.0900     -28.2581
                -29.9463     -22.5479     -30.5866     -27.7963     -33.3440
                -26.6021     -32.2028     -28.6330     -41.9531     -27.1269
                -27.9192     -36.0827     -31.5414     -34.6810     -26.5653
                -22.2484     -33.9142     -30.2265     -40.2883     -39.1290
                -31.1864     -23.9009     -28.3647     -41.7515     -46.9897
                -39.5646     -39.0000     -34.5231     -29.7452     -22.5278
                -23.8289     -28.2940     -31.7359     -31.0615     -33.4700
                -34.2231     -19.8652     -33.6726     -25.8594     -28.6039
   5     80     -27.9331     -24.2720     -30.4789     -26.1992     -27.1761
                -35.4220     -44.3233     -37.5913     -30.2788     -28.4469
                -30.1353     -22.7381     -30.7764     -27.9868     -33.5331
                -26.7925     -32.3947     -28.8234     -42.1463     -27.3176
                -28.1077     -36.2722     -31.7324     -34.8729     -26.7551
                -22.4387     -34.1050     -30.4162     -40.4806     -39.3206
                -31.3754     -24.0881     -28.5569     -41.9424     -47.1832
                -39.7551     -39.1904     -34.7150     -29.9354     -22.7154
                -24.0183     -28.4848     -31.9272     -31.2537     -33.6622
                -34.4142     -20.0513     -33.8637     -26.0485     -28.7930
   5    100     -28.3416     -24.6794     -30.8851     -26.6041     -27.5860
                -35.8285     -44.7290     -37.9981     -30.6864     -28.8542
                -30.5414     -23.1475     -31.1839     -28.3954     -33.9410
                -27.2014     -32.8040     -29.2336     -42.5555     -27.7261
                -28.5137     -36.6780     -32.1420     -35.2822     -27.1644
                -22.8491     -34.5145     -30.8253     -40.8888     -39.7272
                -31.7812     -24.4957     -28.9689     -42.3486     -47.5916
                -40.1616     -39.5967     -35.1225     -30.3427     -23.1241
                -24.4279     -28.8948     -32.3384     -31.6655     -34.0724
                -34.8219     -20.4575     -34.2722     -26.4559     -29.1988
 
 group  inft   Estimated free energy: 2-th solvent contribution (kcal/mol)
   1      0     -80.7215     -83.5378     -77.5321     -81.7821     -81.5094
                -72.3160     -62.1993     -68.0645     -76.9475     -79.5190
                -77.4925     -86.8612     -76.5291     -79.9203     -73.9135
                -81.9676     -76.2069     -78.9904     -66.0249     -80.7061
                -79.5584     -70.7047     -77.1371     -73.3065     -81.9729
                -87.1202     -73.6609     -78.8733     -66.9641     -67.4905
                -76.3359     -83.8485     -80.5794     -64.2492     -60.0134
                -67.7985     -67.4533     -73.3057     -78.7048     -85.5286
                -85.2055     -79.6269     -77.1891     -76.4853     -75.4207
                -72.9234     -89.3185     -73.5864     -82.6373     -78.8813
   1     60     -81.6558     -84.4700     -78.4698     -82.7209     -82.4461
                -73.2628     -63.1551     -69.0085     -77.8871     -80.4570
                -78.4306     -87.7960     -77.4672     -80.8531     -74.8556
                -82.9045     -77.1448     -79.9293     -66.9816     -81.6375
                -80.4980     -71.6562     -78.0783     -74.2451     -82.9101
                -88.0507     -74.6051     -79.8147     -67.9135     -68.4442
                -77.2754     -84.7865     -81.5193     -65.2031     -60.9731
                -68.7470     -68.4016     -74.2540     -79.6458     -86.4639
                -86.1401     -80.5620     -78.1265     -77.4244     -76.3667
                -73.8650     -90.2479     -74.5300     -83.5734     -79.8188
   1     80     -85.3207     -88.1224     -82.1403     -86.3895     -86.1082
                -76.9521     -66.8657     -72.6899     -81.5667     -84.1254
                -82.0987     -91.4641     -81.1412     -84.5036     -78.5450
                -86.5658     -80.8189     -83.6129     -70.6843     -85.3057
                -84.1659     -75.3568     -81.7605     -77.9135     -86.5796
                -91.7044     -78.2928     -83.4918     -71.6054     -72.1510
                -80.9397     -88.4527     -85.1831     -68.8852     -64.6824
                -72.4373     -72.0876     -77.9327     -83.3223     -90.1279
                -89.8003     -84.2269     -81.7928     -81.1050     -80.0614
                -77.5524     -93.9019     -78.2158     -87.2400     -83.4802
   1    100     -94.1609     -96.9281     -90.9913     -95.2180     -94.9595
                -85.8254     -75.7482     -81.5540     -90.4165     -92.9678
                -90.9482    -100.3217     -89.9835     -93.3247     -87.4032
                -95.4189     -89.6785     -92.4872     -79.5697     -94.1649
                -93.0017     -84.2274     -90.6199     -86.7644     -95.4203
               -100.5366     -87.1484     -92.3544     -80.4760     -81.0395
                -89.7874     -97.2983     -94.0341     -77.7649     -73.5706
                -81.3346     -80.9663     -86.7899     -92.1845     -98.9767
                -98.6377     -93.0599     -90.6458     -89.9765     -88.9537
                -86.3938    -102.7348     -87.0853     -96.0856     -92.3070
   2      0     -80.7528     -83.5644     -77.6083     -81.8007     -81.4439
                -72.2175     -62.0393     -67.9790     -76.9303     -79.4875
                -77.4798     -86.8885     -76.5541     -79.9883     -73.9229
                -81.9922     -76.2252     -78.9876     -65.9281     -80.7204
                -79.5179     -70.6452     -77.2235     -73.2921     -81.9560
                -87.2019     -73.6492     -78.8459     -66.9081     -67.4521
                -76.2347     -83.8446     -80.4820     -64.1701     -59.9973
                -67.6970     -67.3628     -73.2840     -78.7555     -85.5553
                -85.2175     -79.6635     -77.2647     -76.4419     -75.3856
                -72.8687     -89.3647     -73.5453     -82.6097     -78.8381
   3      0     -80.7338     -83.5915     -77.5986     -81.8351     -81.4414
                -72.2409     -62.0917     -68.0088     -76.9902     -79.5255
                -77.4989     -86.9001     -76.6018     -79.9794     -73.9125
                -82.0274     -76.2275     -79.0480     -65.9627     -80.7137
                -79.5623     -70.6742     -77.2152     -73.3439     -82.0563
                -87.2264     -73.6617     -78.8591     -66.9631     -67.4968
                -76.2556     -83.8940     -80.5346     -64.2413     -60.0338
                -67.7309     -67.4315     -73.2671     -78.7384     -85.5978
                -85.2035     -79.6652     -77.2355     -76.4679     -75.4105
                -72.9291     -89.3969     -73.6337     -82.6053     -78.8077
   4      0     -80.7016     -83.5733     -77.5704     -81.7573     -81.4339
                -72.2938     -62.0350     -67.9929     -76.8974     -79.4895
                -77.4575     -86.8539     -76.5068     -79.9757     -73.8737
                -81.9562     -76.1843     -78.9502     -65.9578     -80.6860
                -79.4941     -70.6714     -77.1762     -73.2575     -81.8994
                -87.1576     -73.6489     -78.8210     -66.9526     -67.4378
                -76.2679     -83.8251     -80.5115     -64.1918     -60.0177
                -67.6859     -67.4208     -73.2622     -78.7269     -85.4846
                -85.1960     -79.6126     -77.2257     -76.4116     -75.3971
                -72.8716     -89.3577     -73.5811     -82.6381     -78.7285
   5      0     -80.7513     -83.6660     -77.6748     -81.8524     -81.5152
                -72.3128     -62.1418     -68.0124     -76.9787     -79.6369
                -77.5341     -86.9176     -76.6190     -80.0128     -73.9419
                -82.0543     -76.2851     -79.0479     -66.0223     -80.6833
                -79.5327     -70.6979     -77.2809     -73.3273     -82.0189
                -87.2498     -73.6982     -78.8317     -67.0120     -67.5144
                -76.3303     -83.8842     -80.5851     -64.2495     -60.0394
                -67.6969     -67.4415     -73.2700     -78.8412     -85.6064
                -85.2398     -79.7568     -77.2835     -76.5060     -75.4483
                -72.9585     -89.4678     -73.6869     -82.6725     -78.8425
   5     60     -81.9100     -84.8213     -78.8381     -83.0159     -82.6813
                -73.4878     -63.3265     -69.1839     -78.1471     -80.7994
                -78.7004     -88.0765     -77.7819     -81.1690     -75.1075
                -83.2167     -77.4499     -80.2138     -67.2053     -81.8439
                -80.6988     -71.8781     -78.4481     -74.4920     -83.1789
                -88.4048     -74.8713     -79.9991     -68.1904     -68.6960
                -77.4973     -85.0441     -81.7504     -65.4287     -61.2273
                -68.8759     -68.6189     -74.4423     -80.0100     -86.7655
                -86.3972     -80.9160     -78.4446     -77.6737     -76.6244
                -74.1326     -90.6231     -74.8615     -83.8373     -80.0030
   5     80     -86.1854     -89.0789     -83.1250     -87.2992     -86.9565
                -77.7948     -67.6753     -73.4827     -82.4353     -85.0795
                -82.9828     -92.3561     -82.0667     -85.4327     -79.4097
                -87.4942     -81.7404     -84.5164     -71.5241     -86.1137
                -84.9758     -76.1918     -82.7460     -78.7799     -87.4609
                -92.6726     -79.1715     -84.2880     -72.5061     -73.0316
                -81.7756     -89.3266     -86.0328     -69.7234     -65.5639
                -73.1767     -72.9234     -78.7446     -84.3037     -91.0404
                -90.6681     -85.1935     -82.7233     -81.9593     -80.9343
                -78.4352     -94.8905     -79.1578     -88.1239     -84.2729
   5    100     -94.2232     -97.1003     -91.1686     -95.3278     -94.9912
                -85.8551     -75.7393     -81.5297     -90.4825     -93.1192
                -91.0264    -100.4108     -90.1001     -93.4555     -87.4650
                -95.5442     -89.7991     -92.5785     -79.5843     -94.1647
                -93.0139     -84.2511     -90.8053     -86.8262     -95.5007
               -100.7091     -87.2145     -92.3380     -80.5541     -81.0975
                -89.8098     -97.3632     -94.0782     -77.7820     -73.6339
                -81.2362     -80.9906     -86.7868     -92.3618     -99.0836
                -98.7064     -93.2307     -90.7730     -90.0177     -89.0095
                -86.4657    -102.9262     -87.2020     -96.1755     -92.2846
 
 
 cumulative average & 95% error for solvation free energy
              total             1st component         2nd component
  1  -108.4083              -27.6827              -80.7338
  2  -108.0142     0.7882   -25.8597     3.6459   -82.1627     2.8577
  3  -107.9541     0.4707   -27.3210     3.6017   -80.6413     3.4612
  4  -107.9146     0.3421   -26.9831     2.6350   -80.9397     2.5192
  5  -108.0024     0.3179   -26.9705     2.0412   -81.0401     1.9617
  6  -107.8997     0.3311   -28.3343     3.1964   -79.5735     3.3419
  7  -107.6488     0.5745   -30.5808     5.2426   -77.0761     5.7381
  8  -107.3614     0.7602   -31.4269     4.8453   -75.9427     5.4619
  9  -107.3239     0.6746   -31.2729     4.2842   -76.0591     4.8226
 10  -107.3649     0.6089   -30.9673     3.8804   -76.4057     4.3688
 11  -107.3661     0.5508   -30.8691     3.5154   -76.5051     3.9567
 12  -107.5336     0.6042   -30.1704     3.5002   -77.3714     4.0060
 13  -107.5025     0.5592   -30.1985     3.2202   -77.3122     3.6869
 14  -107.5174     0.5186   -30.0229     3.0020   -77.5027     3.4346
 15  -107.4959     0.4847   -30.2408     2.8285   -77.2633     3.2331
 16  -107.5639     0.4734   -30.0110     2.6854   -77.5611     3.0823
 17  -107.6112     0.4546   -30.1367     2.5350   -77.4826     2.8996
 18  -107.6117     0.4286   -30.0503     2.3962   -77.5696     2.7393
 19  -107.6258     0.4064   -30.6753     2.5885   -76.9587     2.8647
 20  -107.6332     0.3858   -30.4949     2.4820   -77.1465     2.7435
 21  -107.6227     0.3676   -30.3694     2.3742   -77.2615     2.6197
 22  -107.5803     0.3606   -30.6264     2.3213   -76.9621     2.5686
 23  -107.6290     0.3581   -30.6640     2.2193   -76.9731     2.4545
 24  -107.6432     0.3440   -30.8294     2.1505   -76.8219     2.3694
 25  -107.6801     0.3381   -30.6570     2.0913   -77.0313     2.3109
 26  -107.7472     0.3515   -30.3320     2.1118   -77.4234     2.3547
 27  -107.7383     0.3387   -30.4624     2.0487   -77.2841     2.2828
 28  -107.7844     0.3392   -30.4523     1.9743   -77.3403     2.2027
 29  -107.7637     0.3299   -30.7894     2.0208   -76.9825     2.2426
 30  -107.7232     0.3289   -31.0651     2.0286   -76.6663     2.2570
 31  -107.7126     0.3188   -31.0677     1.9621   -76.6530     2.1831
 32  -107.7132     0.3087   -30.8420     1.9527   -76.8793     2.1617
 33  -107.7477     0.3070   -30.7658     1.8987   -76.9901     2.1068
 34  -107.6947     0.3162   -31.0878     1.9513   -76.6151     2.1772
 35  -107.6735     0.3099   -31.5403     2.0999   -76.1414     2.3167
 36  -107.6609     0.3022   -31.7613     2.0880   -75.9077     2.2994
 37  -107.6257     0.3022   -31.9552     2.0675   -75.6787     2.2828
 38  -107.6280     0.2942   -32.0210     2.0166   -75.6152     2.2256
 39  -107.6479     0.2893   -31.9608     1.9679   -75.6953     2.1737
 40  -107.6580     0.2827   -31.7233     1.9760   -75.9428     2.1757
 41  -107.6902     0.2831   -31.5296     1.9658   -76.1687     2.1695
 42  -107.6954     0.2765   -31.4516     1.9247   -76.2520     2.1238
 43  -107.7239     0.2760   -31.4573     1.8795   -76.2748     2.0743
 44  -107.7185     0.2698   -31.4475     1.8364   -76.2792     2.0266
 45  -107.7431     0.2683   -31.4913     1.7972   -76.2599     1.9815
 46  -107.7284     0.2640   -31.5491     1.7615   -76.1875     1.9433
 47  -107.7598     0.2658   -31.2994     1.7945   -76.4686     1.9829
 48  -107.7489     0.2611   -31.3476     1.7594   -76.4095     1.9447
 49  -107.7620     0.2571   -31.2343     1.7380   -76.5359     1.9213
 50  -107.7539     0.2524   -31.1807     1.7062   -76.5814     1.8847
 
 Mesh error is    0.039 kcal/mol
