 ERmod 0.3.8, Copyright (C) 2000-2019 Nobuyuki Matubayasi
                            2010-2019 Shun Sakuraba
 ERmod comes with ABSOLUTELY NO WARRANTY.
 This is free software, and you can redistribute it
 and/or modify it under certain conditions.
 See LICENSE file for details.
 
  Number of the   1-th solvent  =         1472
  Number of the   2-th solvent  =        10000
 
  Be sure that the solvent distribution is homogeneous (radial distribution function is essentially unity) when the solvent molecule is separated beyond distance of   10.0 Angstrom in any direction from any atom within the solute molecule
 
  LJ long-range correction    =        -3.5283     -5.7260
 
  Self-energy of the solute   =        -0.0077  kcal/mol
 
 
 cumulative average & 95% error for solvation energy
              total             1st component         2nd component
  1  -498.1301             -185.4089             -312.7134
  2  -499.3185     2.3769  -176.6853    17.4473  -322.6255    19.8242
  3  -498.5322     2.0873  -181.6676    14.1691  -316.8568    16.2515
  4  -498.1704     1.6437  -187.0962    14.7737  -311.0664    16.3147
  5  -496.1720     4.1947  -187.5714    11.4831  -308.5928    13.5712
  6  -494.6472     4.5859  -190.7522    11.3303  -303.8873    14.5380
  7  -494.5855     3.8777  -197.7690    16.9894  -296.8087    18.7454
  8  -494.7674     3.3779  -198.1648    14.7345  -296.5948    16.2396
  9  -495.2625     3.1392  -198.4277    13.0053  -296.8271    14.3296
 10  -495.0510     2.8395  -199.3871    11.7895  -295.6562    13.0289
 11  -494.8185     2.6102  -201.3126    11.3380  -293.4981    12.5506
 12  -494.6134     2.4178  -200.6172    10.4432  -293.9884    11.4990
 13  -494.3551     2.2833  -201.5330     9.7794  -292.8144    10.8350
 14  -494.2735     2.1202  -202.2133     9.1556  -292.0525    10.1463
 15  -494.2416     1.9748  -203.1052     8.7081  -291.1286     9.6247
 16  -494.1051     1.8673  -204.6348     8.7011  -289.4626     9.6000
 17  -494.0609     1.7563  -206.0837     8.6718  -287.9695     9.4992
 18  -494.1387     1.6631  -207.1504     8.4496  -286.9806     9.1717
 19  -494.0250     1.5895  -208.9762     8.7872  -285.0410     9.5033
 20  -493.8897     1.5320  -211.3119     9.5559  -282.5701    10.2812
 21  -493.8662     1.4580  -213.0012     9.6971  -280.8572    10.3621
 22  -493.8568     1.3903  -214.6584     9.8219  -279.1906    10.4270
 23  -493.8589     1.3285  -216.3903    10.0039  -277.4609    10.5468
 24  -493.8330     1.2730  -217.1104     9.6857  -276.7149    10.2074
 25  -493.9228     1.2341  -216.9828     9.2937  -276.9323     9.8002
 26  -493.9501     1.1870  -217.1014     8.9323  -276.8409     9.4175
 27  -493.9428     1.1423  -216.6780     8.6367  -277.2570     9.1002
 28  -494.0187     1.1111  -216.5807     8.3248  -277.4303     8.7760
 29  -493.9003     1.0980  -216.6858     8.0354  -277.2068     8.4798
 30  -493.6795     1.1490  -217.7416     8.0450  -275.9301     8.5809
 31  -493.6047     1.1214  -217.7356     7.7812  -275.8613     8.3006
 32  -493.7055     1.1043  -217.0782     7.6480  -276.6196     8.1789
 33  -493.7711     1.0783  -216.1900     7.6224  -277.5733     8.1534
 34  -493.7458     1.0474  -216.0482     7.4003  -277.6899     7.9134
 35  -493.7763     1.0188  -216.2083     7.1929  -277.5602     7.6884
 36  -493.8234     0.9946  -215.9207     7.0139  -277.8950     7.5017
 37  -493.9082     0.9821  -215.2625     6.9475  -278.6380     7.4459
 38  -493.9668     0.9631  -214.9958     6.7832  -278.9633     7.2765
 39  -493.9983     0.9402  -214.7349     6.6276  -279.2557     7.1115
 40  -494.0556     0.9235  -214.4958     6.4774  -279.5520     6.9567
 41  -494.0904     0.9034  -214.1966     6.3458  -279.8861     6.8178
 42  -494.1180     0.8833  -213.4977     6.3486  -280.6126     6.8103
 43  -494.1625     0.8671  -213.2864     6.2136  -280.8684     6.6696
 44  -494.1965     0.8499  -212.7678     6.1587  -281.4209     6.6093
 45  -494.2123     0.8314  -212.4441     6.0550  -281.7604     6.4964
 46  -494.1942     0.8139  -212.5664     5.9269  -281.6200     6.3598
 47  -494.1933     0.7964  -212.7897     5.8166  -281.3959     6.2391
 48  -494.1784     0.7802  -212.4433     5.7361  -281.7274     6.1436
 49  -494.2146     0.7676  -212.6417     5.6319  -281.5652     6.0257
 50  -494.2324     0.7529  -212.6675     5.5183  -281.5571     5.9040
 
 
 group  inft  solvation free energy     error          difference
  total solvation free energy
   1      0       -120.75436           0.44460          -0.11757
   1     60       -122.55182           0.44309          -1.91503
   1     80       -127.20480           0.44108          -6.56800
   1    100       -135.11529           0.44150         -14.47850
   2      0       -120.79959           0.44649          -0.16280
   3      0       -120.63679           0.45038           0.00000
   4      0       -120.63138           0.44940           0.00541
   5      0       -120.68506           0.44994          -0.04827
   5     60       -122.85453           0.44832          -2.21774
   5     80       -127.99658           0.44574          -7.35979
   5    100       -135.05960           0.44719         -14.42281
 
  contribution from  1-th solvent component
   1      0        -75.28641           2.18698          -0.01427
   1     60        -75.56191           2.18720          -0.28977
   1     80        -76.28151           2.18741          -1.00937
   1    100        -77.58522           2.18691          -2.31308
   2      0        -75.28241           2.18549          -0.01027
   3      0        -75.27214           2.18468           0.00000
   4      0        -75.27659           2.18477          -0.00444
   5      0        -75.27628           2.18480          -0.00414
   5     60        -75.60917           2.18508          -0.33703
   5     80        -76.41041           2.18524          -1.13826
   5    100        -77.58039           2.18458          -2.30825
 
  contribution from  2-th solvent component
   1      0        -45.46020           2.53012          -0.10330
   1     60        -46.98216           2.52826          -1.62526
   1     80        -50.91553           2.52589          -5.55863
   1    100        -57.52232           2.52570         -12.16542
   2      0        -45.50943           2.52977          -0.15253
   3      0        -45.35690           2.53325           0.00000
   4      0        -45.34704           2.53162           0.00986
   5      0        -45.40103           2.53248          -0.04413
   5     60        -47.23761           2.53016          -1.88071
   5     80        -51.57843           2.52745          -6.22152
   5    100        -57.47146           2.52761         -12.11456
 
 
 group  inft   Estimated free energy: total (kcal/mol)
   1      0    -123.6563    -124.9603    -122.8902    -122.1375    -118.8917
               -117.8803    -120.3754    -121.8099    -122.8317    -120.2806
               -119.5166    -121.0044    -120.3107    -120.7869    -120.3089
               -119.3501    -119.1247    -120.3659    -119.0369    -117.5529
               -119.1260    -119.5419    -119.0206    -120.2612    -121.3706
               -120.7878    -120.7958    -121.4419    -118.6756    -116.5852
               -119.3217    -122.7681    -122.6045    -120.7635    -121.0929
               -121.8074    -122.2580    -121.7508    -121.5191    -121.7367
               -121.0278    -121.8465    -121.8803    -121.7968    -121.1419
               -120.2642    -120.0331    -120.5531    -121.4267    -121.4463
   1     60    -125.4444    -126.7513    -124.6804    -123.9295    -120.6721
               -119.6689    -122.1688    -123.6052    -124.6213    -122.0801
               -121.3106    -122.7708    -122.1005    -122.5647    -122.1161
               -121.1490    -120.9374    -122.1763    -120.8494    -119.3849
               -120.9382    -121.3513    -120.8286    -122.0593    -123.1726
               -122.5909    -122.6019    -123.2508    -120.4774    -118.3980
               -121.1210    -124.5591    -124.3916    -122.5607    -122.8861
               -123.6123    -124.0464    -123.5495    -123.3094    -123.5271
               -122.8152    -123.6306    -123.6674    -123.6008    -122.9393
               -122.0656    -121.8374    -122.3521    -123.2245    -123.2437
   1     80    -130.0720    -131.3737    -129.3441    -128.5894    -125.3035
               -124.3405    -126.8170    -128.2375    -129.2559    -126.7218
               -125.9953    -127.4002    -126.7525    -127.1857    -126.7591
               -125.8022    -125.6069    -126.8469    -125.5208    -124.0723
               -125.6198    -126.0321    -125.4983    -126.7005    -127.8177
               -127.2651    -127.2450    -127.9065    -125.1135    -123.0492
               -125.7704    -129.2265    -129.0111    -127.2089    -127.5359
               -128.2849    -128.6845    -128.1885    -127.9446    -128.1688
               -127.4654    -128.2857    -128.3341    -128.2709    -127.5935
               -126.7261    -126.5024    -127.0095    -127.8902    -127.8930
   1    100    -137.9790    -139.2938    -137.2842    -136.4939    -133.2022
               -132.2785    -134.7440    -136.1232    -137.1381    -134.6175
               -133.9055    -135.2896    -134.6922    -135.0537    -134.6528
               -133.7225    -133.5228    -134.7483    -133.4367    -131.9833
               -133.5341    -133.9440    -133.3923    -134.6062    -135.7219
               -135.1951    -135.1647    -135.8200    -133.0168    -130.9398
               -133.6715    -137.1557    -136.9216    -135.1361    -135.4824
               -136.2222    -136.5996    -136.0689    -135.8400    -136.0294
               -135.3817    -136.1937    -136.2632    -136.2292    -135.5022
               -134.6464    -134.4015    -134.9275    -135.7980    -135.7972
   2      0    -123.7742    -125.0729    -122.8908    -122.1541    -118.9499
               -117.8722    -120.4084    -121.8262    -122.9130    -120.3203
               -119.4818    -121.0711    -120.3974    -120.8730    -120.3422
               -119.3494    -119.1484    -120.3984    -119.1802    -117.5775
               -119.2173    -119.5980    -119.0046    -120.3504    -121.3570
               -120.8019    -120.8096    -121.3830    -118.7773    -116.6501
               -119.3546    -122.7924    -122.6177    -120.7920    -121.1291
               -121.8696    -122.3197    -121.8348    -121.6019    -121.8173
               -121.1262    -121.9245    -121.9205    -121.8725    -121.2101
               -120.3070    -120.0940    -120.4914    -121.4830    -121.4704
   3      0    -123.6651    -125.0308    -122.8295    -122.0762    -118.7879
               -117.7299    -120.1941    -121.6653    -122.7212    -120.1507
               -119.3297    -120.9573    -120.2765    -120.7119    -120.1259
               -119.1781    -118.9564    -120.1756    -119.0469    -117.4575
               -119.0143    -119.3754    -118.7801    -120.1851    -121.2089
               -120.6987    -120.6823    -121.2774    -118.6222    -116.4642
               -119.2254    -122.6724    -122.5139    -120.6614    -120.9803
               -121.6330    -122.0957    -121.6228    -121.3734    -121.6755
               -120.9159    -121.7719    -121.7008    -121.6740    -121.0400
               -120.1572    -119.8440    -120.3020    -121.3284    -121.2766
   4      0    -123.6638    -125.0542    -122.7662    -122.0362    -118.7667
               -117.6973    -120.1912    -121.6522    -122.6952    -120.1721
               -119.2304    -120.9543    -120.2901    -120.7219    -120.1667
               -119.1595    -118.9452    -120.1275    -119.0514    -117.4909
               -118.9637    -119.4338    -118.7904    -120.2312    -121.2336
               -120.6809    -120.6533    -121.2499    -118.6599    -116.5006
               -119.2092    -122.6406    -122.5034    -120.6419    -120.9468
               -121.6380    -122.1554    -121.5994    -121.4487    -121.5936
               -120.9078    -121.7460    -121.7002    -121.6948    -121.0102
               -120.1495    -119.8684    -120.2718    -121.3566    -121.2562
   5      0    -123.7275    -125.1086    -122.8492    -122.1033    -118.8276
               -117.7599    -120.2710    -121.6994    -122.7609    -120.1814
               -119.3332    -121.0283    -120.3591    -120.7771    -120.1372
               -119.2195    -119.0571    -120.2056    -119.0931    -117.5165
               -119.0735    -119.4427    -118.8085    -120.2794    -121.2607
               -120.7545    -120.7138    -121.2892    -118.6811    -116.5518
               -119.2712    -122.7323    -122.5198    -120.7032    -120.9436
               -121.6923    -122.1956    -121.7058    -121.4694    -121.6772
               -120.9999    -121.7949    -121.7072    -121.7564    -121.0556
               -120.2248    -119.8906    -120.3195    -121.4141    -121.3089
   5     60    -125.8965    -127.2760    -125.0064    -124.2678    -120.9732
               -119.9200    -122.4524    -123.8503    -124.9164    -122.3561
               -121.5036    -123.1653    -122.5119    -122.9290    -122.3087
               -121.3962    -121.2475    -122.3815    -121.2862    -119.7202
               -121.2665    -121.6358    -120.9999    -122.4417    -123.4327
               -122.9185    -122.8850    -123.4662    -120.8406    -118.7333
               -121.4452    -124.8935    -124.6679    -122.8606    -123.1137
               -123.8655    -124.3583    -123.8710    -123.6341    -123.8464
               -123.1627    -123.9605    -123.8754    -123.9298    -123.2173
               -122.4047    -122.0707    -122.4908    -123.5956    -123.4778
   5     80    -130.9953    -132.3828    -130.1561    -129.4266    -126.0902
               -125.0869    -127.5988    -128.9775    -130.0355    -127.4779
               -126.6727    -128.2966    -127.6664    -128.0333    -127.4446
               -126.5433    -126.4111    -127.5379    -126.4444    -124.8928
               -126.4351    -126.7927    -126.1561    -127.5773    -128.5671
               -128.0908    -128.0209    -128.6098    -125.9862    -123.8805
               -126.5826    -130.0417    -129.7823    -127.9951    -128.2509
               -129.0445    -129.4898    -128.9971    -128.7625    -128.9700
               -128.2976    -129.0920    -129.0180    -129.0824    -128.3686
               -127.5538    -127.2182    -127.6355    -128.7493    -128.6097
   5    100    -138.0618    -139.4723    -137.2408    -136.5098    -133.1339
               -132.1580    -134.6757    -136.0213    -137.0643    -134.5222
               -133.7230    -135.3657    -134.7753    -135.0661    -134.5068
               -133.6125    -133.4663    -134.5860    -133.5181    -131.9465
               -133.5063    -133.8691    -133.1889    -134.6420    -135.6388
               -135.1559    -135.0851    -135.6873    -133.0399    -130.9177
               -133.6354    -137.1270    -136.8491    -135.0590    -135.3309
               -136.1433    -136.5325    -136.0467    -135.8244    -136.0084
               -135.3549    -136.1531    -136.0779    -136.1703    -135.4380
               -134.6301    -134.2628    -134.6984    -135.8148    -135.6660
 
 group  inft   Estimated free energy: 1-th solvent contribution (kcal/mol)
   1      0     -65.2504     -58.3982     -67.3608     -71.4709     -65.4435
                -72.4344     -86.4592     -70.7756     -70.0937     -72.7974
                -78.0553     -67.9412     -76.2763     -75.3328     -76.4077
                -81.2353     -81.2278     -79.5952     -87.1500     -91.6006
                -88.9708     -90.0576     -91.5437     -84.5385     -76.1781
                -78.7803     -72.5000     -75.6989     -77.6911     -89.7509
                -77.8266     -69.6383     -65.8635     -74.6439     -79.8309
                -72.3603     -66.7007     -72.2772     -71.8976     -71.7785
                -70.5401     -63.9325     -71.8811     -65.7185     -69.3708
                -77.5192     -78.4803     -68.1703     -78.7735     -76.1005
   1     60     -65.5253     -58.6724     -67.6346     -71.7463     -65.7166
                -72.7086     -86.7347     -71.0503     -70.3689     -73.0727
                -78.3305     -68.2121     -76.5510     -75.6055     -76.6852
                -81.5105     -81.5059     -79.8719     -87.4277     -91.8793
                -89.2466     -90.3337     -91.8207     -84.8146     -76.4541
                -79.0545     -72.7767     -75.9759     -77.9672     -90.0285
                -78.1009     -69.9129     -66.1382     -74.9191     -80.1048
                -72.6377     -66.9745     -72.5521     -72.1725     -72.0529
                -70.8140     -64.2076     -72.1563     -65.9969     -69.6459
                -77.7952     -78.7586     -68.4468     -79.0502     -76.3756
   1     80     -66.2433     -59.3873     -68.3540     -72.4687     -66.4326
                -73.4301     -87.4553     -71.7662     -71.0882     -73.7892
                -79.0544     -68.9281     -77.2710     -76.3206     -77.4048
                -82.2289     -82.2290     -80.5924     -88.1504     -92.6004
                -89.9665     -91.0552     -92.5428     -85.5339     -77.1724
                -79.7723     -73.4950     -76.6962     -78.6842     -90.7480
                -78.8169     -70.6341     -66.8543     -75.6370     -80.8215
                -73.3615     -67.6904     -73.2676     -72.8907     -72.7703
                -71.5321     -64.9306     -72.8805     -66.7234     -70.3651
                -78.5160     -79.4849     -69.1690     -79.7744     -77.0939
   1    100     -67.5520     -60.6976     -69.6603     -73.7716     -67.7298
                -74.7364     -88.7626     -73.0665     -72.3888     -75.0886
                -80.3602     -70.2313     -78.5784     -77.6162     -78.7057
                -83.5312     -83.5324     -81.8899     -89.4548     -93.9012
                -91.2653     -92.3563     -93.8407     -86.8366     -78.4736
                -81.0721     -74.7996     -78.0010     -79.9855     -92.0466
                -80.1180     -71.9423     -68.1584     -76.9407     -82.1284
                -74.6716     -68.9918     -74.5636     -74.1939     -74.0653
                -72.8385     -66.2416     -74.1936     -68.0431     -71.6699
                -79.8236     -80.7907     -70.4772     -81.0809     -78.3948
   2      0     -65.2901     -58.4285     -67.3625     -71.4580     -65.4355
                -72.4069     -86.4322     -70.7714     -70.0779     -72.8088
                -78.0225     -67.9383     -76.2796     -75.3308     -76.3967
                -81.2229     -81.2013     -79.5807     -87.1564     -91.5918
                -88.9735     -90.0458     -91.5083     -84.5319     -76.1758
                -78.7980     -72.5055     -75.6677     -77.6850     -89.7510
                -77.8280     -69.6510     -65.8532     -74.6281     -79.8549
                -72.3559     -66.7074     -72.3023     -71.8635     -71.7871
                -70.5499     -63.9377     -71.8685     -65.7051     -69.3924
                -77.5239     -78.4759     -68.1528     -78.7700     -76.0777
   3      0     -65.2954     -58.4445     -67.3502     -71.4708     -65.4287
                -72.3994     -86.4418     -70.7800     -70.0552     -72.7921
                -78.0352     -67.9373     -76.2800     -75.3292     -76.3885
                -81.2215     -81.1820     -79.5521     -87.1628     -91.5720
                -88.9573     -90.0219     -91.4877     -84.5239     -76.1497
                -78.7882     -72.4920     -75.6591     -77.6750     -89.7469
                -77.8283     -69.6506     -65.8585     -74.6391     -79.8449
                -72.3335     -66.7015     -72.2738     -71.8401     -71.7906
                -70.5268     -63.9399     -71.8310     -65.7024     -69.3632
                -77.4918     -78.4352     -68.1314     -78.7426     -76.0613
   4      0     -65.2931     -58.4516     -67.3648     -71.4468     -65.4529
                -72.3889     -86.4309     -70.7611     -70.0566     -72.8290
                -77.9776     -67.9280     -76.2668     -75.3410     -76.3955
                -81.2123     -81.1887     -79.5512     -87.1393     -91.6134
                -88.9539     -90.0286     -91.5037     -84.5280     -76.1596
                -78.7872     -72.5053     -75.6574     -77.6853     -89.7522
                -77.8361     -69.6449     -65.8604     -74.6488     -79.8514
                -72.3397     -66.7165     -72.2889     -71.8480     -71.7733
                -70.5243     -63.9375     -71.8427     -65.7033     -69.3885
                -77.5280     -78.4554     -68.1479     -78.7730     -76.0701
   5      0     -65.2800     -58.4800     -67.3610     -71.4658     -65.4568
                -72.3909     -86.4385     -70.7580     -70.0439     -72.8100
                -78.0197     -67.9402     -76.2757     -75.3321     -76.3825
                -81.2365     -81.1959     -79.5639     -87.1531     -91.6136
                -88.9599     -90.0345     -91.4740     -84.5363     -76.1492
                -78.7961     -72.5017     -75.6488     -77.6850     -89.7548
                -77.8290     -69.6340     -65.8516     -74.6424     -79.8287
                -72.3338     -66.7137     -72.2916     -71.8450     -71.8026
                -70.5448     -63.9353     -71.8427     -65.7097     -69.3652
                -77.5251     -78.4508     -68.1279     -78.7486     -76.0530
   5     60     -65.6131     -58.8118     -67.6914     -71.7987     -65.7866
                -72.7224     -86.7735     -71.0882     -70.3757     -73.1432
                -78.3530     -68.2681     -76.6067     -75.6621     -76.7167
                -81.5699     -81.5319     -79.8976     -87.4892     -91.9494
                -89.2943     -90.3693     -91.8101     -84.8685     -76.4821
                -79.1259     -72.8351     -75.9825     -78.0166     -90.0892
                -78.1606     -69.9659     -66.1822     -74.9731     -80.1607
                -72.6687     -67.0455     -72.6231     -72.1772     -72.1355
                -70.8765     -64.2694     -72.1766     -66.0457     -69.6968
                -77.8593     -78.7876     -68.4620     -79.0842     -76.3854
   5     80     -66.4092     -59.6073     -68.4922     -72.6046     -66.5844
                -73.5262     -87.5762     -71.8874     -71.1755     -73.9403
                -79.1586     -69.0681     -77.4101     -76.4570     -77.5195
                -82.3709     -82.3362     -80.7002     -88.2928     -92.7513
                -90.0953     -91.1692     -92.6132     -85.6695     -77.2817
                -79.9266     -73.6357     -76.7833     -78.8181     -90.8901
                -78.9575     -70.7682     -66.9805     -75.7724     -80.9596
                -73.4778     -67.8447     -73.4201     -72.9763     -72.9338
                -71.6762     -65.0731     -72.9805     -66.8540     -70.4995
                -78.6614     -79.5948     -69.2657     -79.8892     -77.1844
   5    100     -67.5840     -60.7868     -69.6652     -73.7786     -67.7483
                -74.6960     -88.7481     -73.0559     -72.3402     -75.1070
                -80.3292     -70.2422     -78.5866     -77.6194     -78.6910
                -83.5402     -83.5019     -81.8644     -89.4638     -93.9164
                -91.2616     -92.3361     -93.7749     -86.8384     -78.4518
                -81.0921     -74.8065     -77.9548     -79.9845     -92.0526
                -80.1254     -71.9439     -68.1515     -76.9403     -82.1318
                -74.6560     -69.0108     -74.5854     -74.1448     -74.0989
                -72.8464     -66.2506     -74.1551     -68.0370     -71.6724
                -79.8343     -80.7648     -70.4391     -81.0604     -78.3525
 
 group  inft   Estimated free energy: 2-th solvent contribution (kcal/mol)
   1      0     -58.3981     -66.5544     -55.5216     -50.6588     -53.4405
                -45.4381     -33.9084     -51.0266     -52.7303     -47.4754
                -41.4535     -53.0555     -44.0267     -45.4464     -43.8935
                -38.1071     -37.8892     -40.7630     -31.8792     -25.9445
                -30.1474     -29.4766     -27.4691     -35.7149     -45.1847
                -41.9997     -48.2880     -45.7352     -40.9768     -26.8266
                -41.4873     -53.1221     -56.7332     -46.1119     -41.2542
                -49.4394     -55.5495     -49.4658     -49.6138     -49.9505
                -50.4800     -57.9062     -49.9915     -56.0706     -51.7634
                -42.7372     -41.5450     -52.3750     -42.6454     -45.3381
   1     60     -59.9114     -68.0712     -57.0381     -52.1754     -54.9478
                -46.9525     -35.4263     -52.5472     -54.2446     -48.9996
                -42.9724     -54.5509     -45.5417     -46.9514     -45.4232
                -39.6307     -39.4238     -42.2967     -33.4140     -27.4978
                -31.6838     -31.0098     -29.0001     -37.2369     -46.7108
                -43.5286     -49.8174     -47.2672     -42.5025     -28.3618
                -43.0124     -54.6385     -58.2457     -47.6339     -42.7735
                -50.9669     -57.0642     -50.9896     -51.1292     -51.4664
                -51.9935     -59.4153     -51.5033     -57.5962     -53.2857
                -44.2626     -43.0710     -53.8975     -44.1666     -46.8603
   1     80     -63.8209     -71.9786     -60.9824     -56.1130     -58.8632
                -50.9027     -39.3539     -56.4635     -58.1600     -52.9248
                -46.9331     -58.4643     -49.4737     -50.8573     -49.3465
                -43.5656     -43.3701     -46.2467     -37.3626     -31.4641
                -35.6456     -34.9692     -32.9478     -41.1588     -50.6376
                -47.4850     -53.7422     -51.2026     -46.4216     -32.2934
                -46.9457     -58.5846     -62.1491     -51.5642     -46.7066
                -54.9157     -60.9863     -54.9132     -55.0462     -55.3907
                -55.9255     -63.3473     -55.4459     -61.5398     -57.2207
                -48.2023     -47.0097     -57.8327     -48.1081     -50.7913
   1    100     -70.4193     -78.5884     -67.6161     -62.7145     -65.4646
                -57.5344     -45.9736     -63.0489     -64.7416     -59.5212
                -53.5376     -65.0506     -56.1060     -57.4297     -55.9393
                -50.1836     -49.9827     -52.8507     -43.9741     -38.0744
                -42.2611     -41.5799     -39.5438     -47.7618     -57.2405
                -54.1152     -60.3573     -57.8113     -53.0235     -38.8855
                -53.5458     -65.2057     -68.7554     -58.1876     -53.3463
                -61.5429     -67.6001     -61.4976     -61.6383     -61.9563
                -62.5354     -69.9444     -62.0618     -68.1783     -63.8245
                -54.8151     -53.6030     -64.4426     -54.7093     -57.3946
   2      0     -58.4764     -66.6366     -55.5205     -50.6883     -53.5066
                -45.4575     -33.9685     -51.0471     -52.8274     -47.5037
                -41.4515     -53.1251     -44.1101     -45.5345     -43.9377
                -38.1188     -37.9394     -40.8100     -32.0160     -25.9780
                -30.2361     -29.5444     -27.4885     -35.8107     -45.1735
                -41.9961     -48.2964     -45.7076     -41.0846     -26.8914
                -41.5189     -53.1337     -56.7567     -46.1562     -41.2664
                -49.5059     -55.6045     -49.5247     -49.7307     -50.0225
                -50.5685     -57.9791     -50.0442     -56.1596     -51.8099
                -42.7754     -41.6104     -52.3309     -42.7052     -45.3849
   3      0     -58.3620     -66.5785     -55.4715     -50.5977     -53.3515
                -45.3228     -33.7446     -50.8775     -52.6582     -47.3508
                -41.2868     -53.0122     -43.9887     -45.3749     -43.7296
                -37.9489     -37.7667     -40.6158     -31.8763     -25.8778
                -30.0493     -29.3458     -27.2846     -35.6534     -45.0515
                -41.9027     -48.1825     -45.6106     -40.9395     -26.7095
                -41.3894     -53.0141     -56.6476     -46.0145     -41.1277
                -49.2917     -55.3864     -49.3412     -49.5255     -49.8772
                -50.3813     -57.8243     -49.8620     -55.9638     -51.6690
                -42.6576     -41.4011     -52.1628     -42.5781     -45.2075
   4      0     -58.3629     -66.5949     -55.3936     -50.5817     -53.3061
                -45.3006     -33.7526     -50.8834     -52.6309     -47.3354
                -41.2451     -53.0186     -44.0155     -45.3732     -43.7635
                -37.9394     -37.7487     -40.5686     -31.9044     -25.8698
                -30.0020     -29.3975     -27.2790     -35.6955     -45.0662
                -41.8859     -48.1403     -45.5847     -40.9669     -26.7406
                -41.3653     -52.9879     -56.6352     -45.9853     -41.0877
                -49.2905     -55.4312     -49.3027     -49.5929     -49.8126
                -50.3757     -57.8008     -49.8498     -55.9838     -51.6140
                -42.6137     -41.4053     -52.1161     -42.5758     -45.1783
   5      0     -58.4397     -66.6209     -55.4804     -50.6298     -53.3630
                -45.3612     -33.8248     -50.9337     -52.7092     -47.3636
                -41.3058     -53.0804     -44.0757     -45.4373     -43.7470
                -37.9753     -37.8534     -40.6340     -31.9323     -25.8952
                -30.1058     -29.4005     -27.3267     -35.7354     -45.1038
                -41.9507     -48.2044     -45.6326     -40.9883     -26.7892
                -41.4344     -53.0906     -56.6604     -46.0531     -41.1072
                -49.3507     -55.4741     -49.4065     -49.6167     -49.8669
                -50.4474     -57.8519     -49.8568     -56.0389     -51.6826
                -42.6920     -41.4320     -52.1838     -42.6578     -45.2482
   5     60     -60.2757     -68.4565     -57.3073     -52.4613     -55.1788
                -47.1899     -35.6712     -52.7544     -54.5329     -49.2052
                -43.1428     -54.8894     -45.8975     -47.2591     -45.5843
                -39.8186     -39.7079     -42.4762     -33.7892     -27.7631
                -31.9645     -31.2587     -29.1820     -37.5655     -46.9428
                -43.7849     -50.0421     -47.4759     -42.8163     -28.6364
                -43.2769     -54.9199     -58.4779     -47.8797     -42.9452
                -51.1891     -57.3050     -51.2402     -51.4491     -51.7032
                -52.2785     -59.6833     -51.6910     -57.8764     -53.5128
                -44.5376     -43.2753     -54.0210     -44.5037     -47.0846
   5     80     -64.5783     -72.7678     -61.6562     -56.8142     -59.4980
                -51.5529     -40.0148     -57.0824     -58.8523     -53.5299
                -47.5063     -59.2208     -50.2485     -51.5686     -49.9173
                -44.1647     -44.0672     -46.8300     -38.1439     -32.1338
                -36.3321     -35.6158     -33.5351     -41.9001     -51.2776
                -48.1564     -54.3774     -51.8187     -47.1604     -32.9826
                -47.6174     -59.2658     -62.7940     -52.2149     -47.2836
                -55.5590     -61.6373     -55.5692     -55.7785     -56.0285
                -56.6136     -64.0111     -56.0298     -62.2206     -57.8614
                -48.8847     -47.6157     -58.3620     -48.8523     -51.4175
   5    100     -70.4700     -78.6777     -67.5678     -62.7234     -65.3778
                -57.4542     -45.9199     -62.9577     -64.7163     -59.4074
                -53.3861     -65.1158     -56.1809     -57.4389     -55.8080
                -50.0645     -49.9566     -52.7138     -44.0465     -38.0224
                -42.2370     -41.5253     -39.4063     -47.7959     -57.1793
                -54.0560     -60.2709     -57.7248     -53.0476     -38.8573
                -53.5023     -65.1753     -68.6899     -58.1110     -53.1913
                -61.4796     -67.5140     -61.4535     -61.6719     -61.9018
                -62.5008     -69.8948     -61.9150     -68.1256     -63.7579
                -54.7880     -53.4903     -64.2516     -54.7467     -57.3058
 
 
 cumulative average & 95% error for solvation free energy
              total             1st component         2nd component
  1  -123.6651              -65.2954              -58.3620
  2  -124.3480     1.3657   -61.8699     6.8509   -62.4703     8.2166
  3  -123.8418     1.2832   -63.6967     5.3845   -60.1373     6.6539
  4  -123.4004     1.2659   -65.6402     5.4411   -57.7524     6.6999
  5  -122.4779     2.0894   -65.5979     4.2155   -56.8722     5.4801
  6  -121.6866     2.3270   -66.7315     4.1215   -54.9473     5.9027
  7  -121.4734     2.0124   -69.5473     6.6217   -51.9184     7.8477
  8  -121.4974     1.7435   -69.7014     5.7429   -51.7883     6.8012
  9  -121.6333     1.5615   -69.7407     5.0653   -51.8849     6.0013
 10  -121.4851     1.4277   -70.0458     4.5715   -51.4315     5.4437
 11  -121.2891     1.3496   -70.7721     4.3828   -50.5093     5.2582
 12  -121.2615     1.2332   -70.5359     4.0287   -50.7178     4.8181
 13  -121.1857     1.1445   -70.9777     3.8098   -50.2002     4.5513
 14  -121.1519     1.0618   -71.2886     3.5816   -49.8556     4.2697
 15  -121.0835     0.9979   -71.6286     3.4029   -49.4472     4.0580
 16  -120.9644     0.9633   -72.2281     3.4015   -48.7285     4.0589
 17  -120.8463     0.9352   -72.7548     3.3643   -48.0837     4.0248
 18  -120.8090     0.8849   -73.1324     3.2606   -47.6688     3.8843
 19  -120.7163     0.8573   -73.8709     3.4196   -46.8376     4.0328
 20  -120.5533     0.8762   -74.7559     3.6956   -45.7896     4.3623
 21  -120.4800     0.8462   -75.4322     3.7664   -45.0401     4.4119
 22  -120.4298     0.8130   -76.0954     3.8282   -44.3267     4.4420
 23  -120.3581     0.7900   -76.7646     3.8952   -43.5858     4.4957
 24  -120.3509     0.7565   -77.0879     3.7850   -43.2553     4.3548
 25  -120.3852     0.7289   -77.0504     3.6312   -43.3271     4.1794
 26  -120.3973     0.7007   -77.1172     3.4913   -43.2723     4.0170
 27  -120.4078     0.6746   -76.9459     3.3770   -43.4542     3.8824
 28  -120.4389     0.6530   -76.8999     3.2554   -43.5312     3.7443
 29  -120.3762     0.6424   -76.9267     3.1416   -43.4418     3.6173
 30  -120.2458     0.6732   -77.3540     3.1531   -42.8841     3.6684
 31  -120.2129     0.6544   -77.3693     3.0499   -42.8359     3.5494
 32  -120.2898     0.6520   -77.1281     2.9922   -43.1539     3.4951
 33  -120.3572     0.6462   -76.7866     2.9794   -43.5628     3.4848
 34  -120.3661     0.6271   -76.7234     2.8932   -43.6349     3.3838
 35  -120.3837     0.6100   -76.8126     2.8150   -43.5633     3.2889
 36  -120.4184     0.5968   -76.6882     2.7470   -43.7224     3.2120
 37  -120.4637     0.5875   -76.4183     2.7257   -44.0377     3.1870
 38  -120.4942     0.5751   -76.3092     2.6620   -44.1772     3.1145
 39  -120.5168     0.5620   -76.1946     2.6029   -44.3144     3.0460
 40  -120.5457     0.5508   -76.0845     2.5465   -44.4534     2.9818
 41  -120.5547     0.5375   -75.9490     2.4984   -44.5980     2.9225
 42  -120.5837     0.5277   -75.6630     2.5044   -44.9129     2.9208
 43  -120.6097     0.5179   -75.5739     2.4519   -45.0280     2.8614
 44  -120.6339     0.5083   -75.3496     2.4372   -45.2766     2.8394
 45  -120.6429     0.4972   -75.2166     2.3972   -45.4186     2.7901
 46  -120.6324     0.4868   -75.2660     2.3466   -45.3586     2.7314
 47  -120.6156     0.4775   -75.3334     2.3001   -45.2744     2.6780
 48  -120.6091     0.4676   -75.1834     2.2716   -45.4179     2.6373
 49  -120.6237     0.4589   -75.2560     2.2295   -45.3599     2.5855
 50  -120.6368     0.4504   -75.2721     2.1847   -45.3569     2.5332
 
 Mesh error is    0.163 kcal/mol
