 ERmod 0.3.8, Copyright (C) 2000-2019 Nobuyuki Matubayasi
                            2010-2019 Shun Sakuraba
 ERmod comes with ABSOLUTELY NO WARRANTY.
 This is free software, and you can redistribute it
 and/or modify it under certain conditions.
 See LICENSE file for details.
 ERmod 0.3.8, Copyright (C) 2000-2019 Nobuyuki Matubayasi
                            2010-2019 Shun Sakuraba
 ERmod comes with ABSOLUTELY NO WARRANTY.
 This is free software, and you can redistribute it
 and/or modify it under certain conditions.
 See LICENSE file for details.
 
  Number of the   1-th solvent  =         1472
  Number of the   2-th solvent  =        10000
 
  Be sure that the solvent distribution is homogeneous (radial distribution function is essentially unity) when the solvent molecule is separated beyond distance of   10.0 Angstrom in any direction from any atom within the solute molecule
 
  LJ long-range correction    =        -3.5283     -5.7260
 
  Self-energy of the solute   =        -0.0064  kcal/mol
 
 
 cumulative average & 95% error for solvation energy
              total             1st component         2nd component
  1  -484.1011             -136.6883             -347.4063
  2  -483.4227     1.3568  -142.2280    11.0794  -341.1882    12.4362
  3  -481.6248     3.6800  -149.0003    14.9791  -332.6181    18.5833
  4  -481.1351     2.7804  -156.4392    18.2629  -324.6895    20.5942
  5  -480.9667     2.1799  -161.1157    16.9588  -319.8446    18.6646
  6  -480.6799     1.8700  -163.0279    14.3652  -317.6456    15.8615
  7  -481.1270     1.8159  -161.7051    12.4257  -319.4155    13.8649
  8  -480.8590     1.6614  -160.0841    11.2388  -320.7685    12.3085
  9  -480.7913     1.4715  -162.1523    10.7402  -318.6326    11.6654
 10  -480.9047     1.3355  -162.4127     9.6204  -318.4856    10.4380
 11  -480.4753     1.4821  -164.6287     9.7656  -315.8402    10.8229
 12  -480.2916     1.4020  -164.9370     8.9361  -315.3482     9.9288
 13  -480.2247     1.2966  -164.9317     8.2200  -315.2865     9.1340
 14  -480.2356     1.2006  -167.1249     8.7839  -313.1042     9.5163
 15  -480.4206     1.1774  -169.7489     9.7165  -310.6653    10.1133
 16  -480.1961     1.1894  -170.8865     9.3694  -309.3031     9.8446
 17  -480.0375     1.1614  -171.9064     9.0343  -308.1246     9.5431
 18  -479.9037     1.1272  -171.9591     8.5183  -307.9382     9.0050
 19  -479.9030     1.0662  -173.7521     8.8194  -306.1445     9.2425
 20  -479.9548     1.0168  -174.8840     8.6677  -305.0643     9.0304
 21  -480.0011     0.9716  -173.8458     8.5021  -306.1489     8.8593
 22  -480.0277     0.9279  -173.6552     8.1154  -306.3661     8.4582
 23  -480.0810     0.8930  -173.9162     7.7721  -306.1583     8.0927
 24  -480.0908     0.8552  -173.6903     7.4549  -306.3941     7.7625
 25  -480.1065     0.8209  -173.8346     7.1563  -306.2655     7.4500
 26  -480.0314     0.8028  -173.6600     6.8844  -306.3649     7.1605
 27  -479.9427     0.7926  -174.1778     6.7050  -305.7584     6.9961
 28  -480.0056     0.7741  -174.5871     6.5127  -305.4121     6.7771
 29  -479.9353     0.7601  -174.7603     6.2937  -305.1686     6.5574
 30  -480.0018     0.7462  -174.3645     6.1316  -305.6308     6.4021
 31  -480.0459     0.7271  -173.9492     5.9884  -306.0902     6.2600
 32  -480.1282     0.7230  -174.0231     5.8001  -306.0986     6.0612
 33  -480.0883     0.7053  -175.0110     5.9587  -305.0709     6.2239
 34  -480.0316     0.6936  -175.5464     5.8791  -304.4788     6.1531
 35  -480.0219     0.6738  -175.7643     5.7253  -304.2511     5.9920
 36  -480.0585     0.6589  -174.8799     5.8384  -305.1721     6.1076
 37  -480.0238     0.6445  -174.2767     5.8051  -305.7406     6.0481
 38  -480.0628     0.6322  -172.9245     6.2641  -307.1318     6.5111
 39  -480.1274     0.6291  -172.1240     6.3080  -307.9969     6.5738
 40  -480.2235     0.6427  -171.4131     6.3105  -308.8039     6.6075
 41  -480.1490     0.6442  -171.5441     6.1602  -308.5985     6.4574
 42  -480.1311     0.6297  -171.9773     6.0739  -308.1473     6.3661
 43  -480.1698     0.6198  -172.3291     5.9725  -307.8343     6.2477
 44  -480.2738     0.6402  -172.5514     5.8521  -307.7159     6.1087
 45  -480.3100     0.6300  -172.5221     5.7209  -307.7815     5.9728
 46  -480.3376     0.6186  -172.7186     5.6090  -307.6125     5.8513
 47  -480.3217     0.6062  -172.8793     5.4977  -307.4360     5.7363
 48  -480.3518     0.5964  -172.9818     5.3859  -307.3636     5.6174
 49  -480.3608     0.5844  -172.7907     5.2886  -307.5636     5.5161
 50  -480.3749     0.5733  -173.0896     5.2161  -307.2789     5.4346
 
 
 group  inft  solvation free energy     error          difference
  total solvation free energy
   1      0       -119.86444           0.28734           0.10533
   1     60       -121.80400           0.28614          -1.83424
   1     80       -126.78106           0.28457          -6.81129
   1    100       -135.12504           0.28364         -15.15528
   2      0       -119.93126           0.28909           0.03850
   3      0       -119.96977           0.29018           0.00000
   4      0       -119.96046           0.29009           0.00931
   5      0       -120.02922           0.29136          -0.05946
   5     60       -122.37713           0.29016          -2.40737
   5     80       -127.83476           0.28864          -7.86500
   5    100       -135.31665           0.28802         -15.34688
 
  contribution from  1-th solvent component
   1      0        -62.21172           2.16527           0.03494
   1     60        -62.51542           2.16563          -0.26876
   1     80        -63.29803           2.16627          -1.05136
   1    100        -64.69904           2.16655          -2.45238
   2      0        -62.23646           2.16504           0.01020
   3      0        -62.24666           2.16550           0.00000
   4      0        -62.25333           2.16516          -0.00667
   5      0        -62.26147           2.16317          -0.01480
   5     60        -62.62905           2.16361          -0.38238
   5     80        -63.49200           2.16424          -1.24534
   5    100        -64.75723           2.16438          -2.51056
 
  contribution from  2-th solvent component
   1      0        -57.64628           2.29194           0.07039
   1     60        -59.28214           2.29003          -1.56548
   1     80        -63.47659           2.28679          -5.75993
   1    100        -70.41956           2.28299         -12.70290
   2      0        -57.68836           2.28958           0.02830
   3      0        -57.71666           2.29270           0.00000
   4      0        -57.70068           2.28851           0.01598
   5      0        -57.76132           2.28965          -0.04465
   5     60        -59.74165           2.28725          -2.02498
   5     80        -64.33632           2.28379          -6.61966
   5    100        -70.55298           2.28058         -12.83632
 
 
 group  inft   Estimated free energy: total (kcal/mol)
   1      0    -121.2850    -121.4248    -118.7738    -119.1194    -119.6235
               -118.9333    -122.3119    -119.4518    -119.6649    -120.8421
               -117.5745    -119.1557    -119.8760    -119.3052    -120.6987
               -118.5282    -118.6317    -118.7430    -119.0001    -119.8815
               -120.5029    -120.0994    -120.5717    -119.7874    -119.6999
               -118.9404    -118.5471    -120.0299    -118.9849    -120.5828
               -120.5598    -121.3607    -119.1441    -118.5239    -119.3653
               -120.0533    -119.2764    -120.0715    -120.7140    -121.8915
               -118.5176    -119.3327    -120.1665    -121.7571    -120.4376
               -120.4660    -119.6728    -121.3424    -120.1764    -119.8209
   1     60    -123.2197    -123.3571    -120.7106    -121.0726    -121.5638
               -120.8656    -124.2375    -121.3839    -121.6082    -122.7785
               -119.5357    -121.0941    -121.8233    -121.2565    -122.6513
               -120.4773    -120.5793    -120.6822    -120.9595    -121.8290
               -122.4297    -122.0400    -122.5138    -121.7228    -121.6340
               -120.8831    -120.4898    -121.9738    -120.9220    -122.5078
               -122.4908    -123.3027    -121.1011    -120.4777    -121.3077
               -121.9720    -121.2035    -121.9886    -122.6438    -123.8242
               -120.4582    -121.2710    -122.1156    -123.7064    -122.3706
               -122.4108    -121.6152    -123.2723    -122.1083    -121.7574
   1     80    -128.1840    -128.3201    -125.6765    -126.0698    -126.5436
               -125.8182    -129.1996    -126.3435    -126.5828    -127.7580
               -124.5449    -126.0667    -126.8059    -126.2413    -127.6450
               -125.4721    -125.5492    -125.6551    -125.9926    -126.8281
               -127.3778    -127.0098    -127.4981    -126.7074    -126.6056
               -125.8507    -125.4757    -126.9619    -125.8957    -127.4696
               -127.4545    -128.2960    -126.1074    -125.4764    -126.2952
               -126.9141    -126.1768    -126.9274    -127.6104    -128.7891
               -125.4402    -126.2610    -127.0975    -128.7091    -127.3472
               -127.3938    -126.6034    -128.2201    -127.0574    -126.7267
   1    100    -136.5047    -136.6428    -133.9868    -134.4184    -134.8799
               -134.1174    -137.5251    -134.6765    -134.9093    -136.1237
               -132.9286    -134.4416    -135.1579    -134.5754    -136.0134
               -133.8425    -133.8963    -133.9971    -134.4173    -135.2039
               -135.6944    -135.3389    -135.8433    -135.0555    -134.9310
               -134.1600    -133.8337    -135.3214    -134.2332    -135.7817
               -135.7773    -136.6625    -134.4759    -133.8351    -134.6454
               -135.2323    -134.5242    -135.2389    -135.9433    -137.1413
               -133.7831    -134.6223    -135.4616    -137.0968    -135.6806
               -135.7495    -134.9362    -136.5411    -135.3759    -135.0774
   2      0    -121.3736    -121.5120    -118.8673    -119.1380    -119.6492
               -118.9907    -122.3864    -119.5082    -119.7025    -120.8881
               -117.5575    -119.2315    -119.9464    -119.4402    -120.7616
               -118.5490    -118.7157    -118.8166    -119.1186    -120.0117
               -120.5226    -120.1630    -120.6339    -119.7962    -119.7594
               -119.0027    -118.6041    -120.0869    -119.0207    -120.7086
               -120.6584    -121.3871    -119.2377    -118.5598    -119.4745
               -120.0868    -119.3557    -120.0954    -120.7245    -121.9601
               -118.6070    -119.3649    -120.2943    -121.8632    -120.5079
               -120.5309    -119.8208    -121.4312    -120.2307    -119.9088
   3      0    -121.4357    -121.5606    -118.8796    -119.2078    -119.6696
               -119.0466    -122.4419    -119.6011    -119.7610    -120.9444
               -117.5823    -119.2837    -119.9850    -119.4563    -120.7565
               -118.5895    -118.7177    -118.8491    -119.1811    -120.0226
               -120.5769    -120.2128    -120.6969    -119.8513    -119.8303
               -119.0423    -118.6203    -120.1405    -119.0429    -120.7329
               -120.6700    -121.4409    -119.2264    -118.6030    -119.4852
               -120.1491    -119.4170    -120.1425    -120.7863    -122.0006
               -118.6496    -119.4365    -120.3274    -121.9242    -120.5111
               -120.5749    -119.8192    -121.4535    -120.2291    -119.9228
   4      0    -121.4154    -121.5253    -118.8697    -119.2172    -119.6709
               -119.0093    -122.4434    -119.5344    -119.7169    -120.9250
               -117.5897    -119.2876    -119.9577    -119.4751    -120.8040
               -118.5517    -118.7248    -118.8987    -119.1896    -120.0067
               -120.5813    -120.1688    -120.6986    -119.7920    -119.8581
               -119.0099    -118.6144    -120.1680    -119.0341    -120.7506
               -120.6598    -121.4321    -119.2658    -118.5946    -119.4716
               -120.1071    -119.3376    -120.0964    -120.7856    -121.9704
               -118.6427    -119.4549    -120.3043    -121.9364    -120.5122
               -120.5865    -119.8189    -121.4488    -120.2107    -119.8974
   5      0    -121.4247    -121.6005    -118.9517    -119.2966    -119.7257
               -119.1060    -122.5047    -119.6369    -119.7909    -120.9647
               -117.6395    -119.3707    -120.0365    -119.5168    -120.8797
               -118.6209    -118.7602    -118.9137    -119.1866    -120.0695
               -120.6274    -120.2971    -120.7659    -119.9238    -119.8845
               -119.1039    -118.6552    -120.2146    -119.1146    -120.8094
               -120.7758    -121.5002    -119.3322    -118.6483    -119.5265
               -120.2408    -119.3969    -120.2026    -120.8646    -122.0285
               -118.6895    -119.4243    -120.3433    -122.0237    -120.6701
               -120.6295    -119.9482    -121.4972    -120.3535    -119.9727
   5     60    -123.7595    -123.9358    -121.2964    -121.6618    -122.0800
               -121.4448    -124.8405    -121.9783    -122.1369    -123.3075
               -120.0048    -121.7163    -122.3877    -121.8788    -123.2471
               -120.9815    -121.1136    -121.2574    -121.5619    -122.4280
               -122.9567    -122.6431    -123.1158    -122.2696    -122.2221
               -121.4504    -121.0074    -122.5688    -121.4600    -123.1426
               -123.1161    -123.8565    -121.7030    -121.0152    -121.8784
               -122.5665    -121.7282    -122.5253    -123.2016    -124.3681
               -121.0401    -121.7729    -122.6966    -124.3856    -123.0180
               -122.9857    -122.3016    -123.8349    -122.6896    -122.3176
   5     80    -129.2111    -129.3798    -126.7457    -127.1348    -127.5356
               -126.8769    -130.2766    -127.4269    -127.5882    -128.7576
               -125.4933    -127.1754    -127.8510    -127.3525    -128.7241
               -126.4530    -126.5710    -126.7169    -127.0788    -127.9113
               -128.3839    -128.0962    -128.5777    -127.7298    -127.6679
               -126.9022    -126.4701    -128.0432    -126.9099    -128.5771
               -128.5584    -129.3269    -127.1920    -126.4947    -127.3361
               -127.9908    -127.1731    -127.9383    -128.6473    -129.8221
               -126.5041    -127.2399    -128.1699    -129.8746    -128.4724
               -128.4513    -127.7643    -129.2632    -128.1215    -127.7786
   5    100    -136.6853    -136.8467    -134.1987    -134.6070    -135.0110
               -134.3195    -137.7469    -134.8942    -135.0585    -136.2524
               -133.0053    -134.6801    -135.3420    -134.8291    -136.2228
               -133.9441    -134.0569    -134.2003    -134.6271    -135.4204
               -135.8356    -135.5696    -136.0659    -135.2179    -135.1374
               -134.3729    -133.9590    -135.5405    -134.3866    -136.0423
               -136.0271    -136.8209    -134.6967    -133.9786    -134.8177
               -135.4502    -134.6802    -135.3811    -136.1148    -137.3022
               -133.9812    -134.7317    -135.6865    -137.3918    -135.9438
               -135.9357    -135.2371    -136.7268    -135.5762    -135.2760
 
 group  inft   Estimated free energy: 1-th solvent contribution (kcal/mol)
   1      0     -46.9222     -51.8043     -57.4081     -64.2541     -64.8960
                -61.7525     -54.9907     -52.2339     -64.2549     -58.8998
                -67.4301     -60.0058     -59.0101     -70.9642     -76.7825
                -68.2410     -68.1765     -61.7151     -75.4606     -72.0369
                -54.0377     -61.0912     -65.3785     -60.2008     -63.8945
                -60.3549     -67.9190     -66.7580     -65.0390     -57.7556
                -57.2885     -63.7701     -76.4141     -70.5039     -66.2709
                -50.1989     -53.4613     -40.8434     -49.2411     -50.3764
                -63.5949     -68.6323     -68.1550     -66.3559     -61.6851
                -65.8292     -65.6219     -65.0698     -58.8146     -68.7904
   1     60     -47.2253     -52.1055     -57.7084     -64.5581     -65.1984
                -62.0549     -55.2906     -52.5348     -64.5575     -59.2020
                -67.7366     -60.3098     -59.3147     -71.2702     -77.0876
                -68.5481     -68.4828     -62.0176     -75.7670     -72.3426
                -54.3395     -61.3965     -65.6824     -60.5049     -64.1979
                -60.6598     -68.2241     -67.0634     -65.3419     -58.0558
                -57.5913     -64.0742     -76.7208     -70.8094     -66.5758
                -50.4989     -53.7617     -41.1457     -49.5449     -50.6803
                -63.9005     -68.9371     -68.4608     -66.6610     -61.9887
                -66.1334     -65.9261     -65.3711     -59.1171     -69.0938
   1     80     -48.0069     -52.8827     -58.4824     -65.3397     -65.9782
                -62.8334     -56.0671     -53.3110     -65.3361     -59.9822
                -68.5230     -61.0921     -60.0976     -72.0555     -77.8719
                -69.3378     -69.2678     -62.7967     -76.5568     -73.1302
                -55.1179     -62.1817     -66.4655     -61.2906     -64.9803
                -61.4429     -69.0099     -67.8496     -66.1227     -58.8329
                -58.3727     -64.8591     -77.5087     -71.5946     -67.3619
                -51.2751     -54.5398     -41.9271     -50.3297     -51.4643
                -64.6877     -69.7241     -69.2462     -67.4469     -62.7735
                -66.9166     -66.7107     -66.1476     -59.8958     -69.8762
   1    100     -49.4115     -54.2819     -59.8723     -66.7404     -67.3749
                -64.2248     -57.4630     -54.7097     -66.7290     -61.3859
                -69.9335     -62.4998     -61.5039     -73.4553     -79.2749
                -70.7453     -70.6711     -64.1929     -77.9668     -74.5345
                -56.5159     -63.5848     -67.8674     -62.6952     -66.3772
                -62.8416     -70.4115     -69.2519     -67.5188     -60.2219
                -59.7693     -66.2624     -78.9119     -72.9969     -68.7626
                -52.6714     -55.9369     -43.3298     -51.7348     -52.8755
                -66.0909     -71.1282     -70.6535     -68.8541     -64.1753
                -68.3174     -68.1077     -67.5433     -61.2937     -71.2786
   2      0     -46.9603     -51.8373     -57.4747     -64.2744     -64.9289
                -61.7648     -55.0057     -52.2810     -64.2781     -58.9333
                -67.4153     -60.0456     -59.0353     -70.9863     -76.8114
                -68.2483     -68.2097     -61.7439     -75.4860     -72.0593
                -54.0618     -61.0949     -65.4207     -60.2066     -63.9296
                -60.3679     -67.9456     -66.7671     -65.0419     -57.7740
                -57.2878     -63.7941     -76.4429     -70.5243     -66.2998
                -50.2271     -53.4985     -40.8537     -49.2663     -50.3914
                -63.6297     -68.6534     -68.1819     -66.3923     -61.7025
                -65.8598     -65.6725     -65.0867     -58.8502     -68.8183
   3      0     -46.9821     -51.8345     -57.4633     -64.2871     -64.9309
                -61.7768     -55.0399     -52.2964     -64.2875     -58.9308
                -67.4201     -60.0393     -59.0461     -71.0132     -76.8204
                -68.2490     -68.2225     -61.7460     -75.5174     -72.0741
                -54.0717     -61.1086     -65.4461     -60.2223     -63.9418
                -60.3737     -67.9537     -66.7809     -65.0477     -57.7816
                -57.2950     -63.8003     -76.4550     -70.5424     -66.3103
                -50.2492     -53.4830     -40.8438     -49.2855     -50.4161
                -63.6413     -68.6543     -68.1791     -66.4045     -61.7152
                -65.8763     -65.6899     -65.0966     -58.8579     -68.8321
   4      0     -46.9834     -51.8505     -57.4738     -64.2976     -64.9516
                -61.7708     -55.0400     -52.3099     -64.3074     -58.9606
                -67.3936     -60.0767     -59.0703     -71.0051     -76.8434
                -68.2535     -68.2311     -61.7610     -75.5168     -72.0616
                -54.0856     -61.1002     -65.4518     -60.2014     -63.9596
                -60.3704     -67.9486     -66.7901     -65.0572     -57.7921
                -57.2762     -63.8172     -76.4795     -70.5342     -66.3130
                -50.2568     -53.4984     -40.8648     -49.3122     -50.4008
                -63.6399     -68.6882     -68.1963     -66.4257     -61.7056
                -65.8932     -65.6835     -65.0888     -58.8481     -68.8286
   5      0     -47.0002     -51.8705     -57.4854     -64.3238     -64.9395
                -61.7725     -55.0591     -52.3187     -64.3059     -58.9568
                -67.4418     -60.0861     -59.0970     -71.0048     -76.8216
                -68.2510     -68.2236     -61.7469     -75.4881     -72.0664
                -54.0754     -61.1100     -65.4556     -60.2312     -63.9401
                -60.4163     -67.9549     -66.7979     -65.0564     -57.7824
                -57.3238     -63.8294     -76.4876     -70.5389     -66.3190
                -50.2777     -53.5148     -40.8873     -49.3113     -50.4122
                -63.6237     -68.6332     -68.1926     -66.4468     -61.7588
                -65.8936     -65.7206     -65.1030     -58.8934     -68.8259
   5     60     -47.3659     -52.2347     -57.8493     -64.6919     -65.3064
                -62.1382     -55.4229     -52.6839     -64.6716     -59.3223
                -67.8109     -60.4538     -59.4648     -71.3749     -77.1915
                -68.6227     -68.5936     -62.1123     -75.8593     -72.4361
                -54.4404     -61.4788     -65.8233     -60.5994     -64.3068
                -60.7843     -68.3241     -67.1675     -65.4230     -58.1458
                -57.6902     -64.1985     -76.8594     -70.9091     -66.6881
                -50.6418     -53.8783     -41.2536     -49.6794     -50.7800
                -63.9937     -69.0025     -68.5615     -66.8164     -62.1275
                -66.2625     -66.0892     -65.4676     -59.2594     -69.1933
   5     80     -48.2284     -53.0925     -58.7044     -65.5532     -66.1660
                -62.9961     -56.2786     -53.5427     -65.5301     -60.1822
                -68.6763     -61.3179     -60.3282     -72.2413     -78.0564
                -69.4920     -69.4595     -62.9718     -76.7296     -73.3038
                -55.2992     -62.3441     -66.6867     -61.4648     -65.1693
                -61.6473     -69.1898     -68.0349     -66.2834     -59.0009
                -58.5506     -65.0638     -77.7284     -71.7749     -67.5530
                -51.4998     -54.7358     -42.1152     -50.5452     -51.6457
                -64.8615     -69.8697     -69.4285     -67.6842     -62.9925
                -67.1268     -66.9529     -66.3232     -60.1192     -70.0579
   5    100     -49.4977     -54.3574     -59.9617     -66.8164     -67.4278
                -64.2515     -57.5402     -54.8081     -66.7899     -61.4506
                -69.9470     -62.5894     -61.5986     -73.5054     -79.3223
                -70.7606     -70.7260     -64.2334     -78.0024     -74.5704
                -56.5609     -63.6100     -67.9540     -62.7332     -66.4321
                -62.9112     -70.4542     -69.3025     -67.5435     -60.2557
                -59.8108     -66.3308     -78.9960     -73.0401     -68.8168
                -52.7627     -56.0017     -43.3807     -51.8146     -52.9181
                -66.1275     -71.1369     -70.7005     -68.9561     -64.2585
                -68.3911     -68.2143     -67.5821     -61.3816     -71.3264
 
 group  inft   Estimated free energy: 2-th solvent contribution (kcal/mol)
   1      0     -74.3564     -69.6140     -61.3593     -54.8589     -54.7210
                -57.1743     -67.3148     -67.2115     -55.4036     -61.9358
                -50.1379     -59.1435     -60.8595     -48.3346     -43.9097
                -50.2807     -50.4487     -57.0215     -43.5331     -47.8382
                -66.4588     -59.0018     -55.1867     -59.5802     -55.7990
                -58.5790     -50.6216     -53.2655     -53.9394     -62.8207
                -63.2649     -57.5842     -42.7236     -48.0135     -53.0880
                -69.8480     -65.8087     -79.2216     -71.4665     -71.5087
                -54.9163     -50.6940     -52.0050     -55.3948     -58.7461
                -54.6303     -54.0445     -56.2662     -61.3554     -51.0241
   1     60     -75.9879     -71.2451     -62.9958     -56.5081     -56.3590
                -58.8043     -68.9405     -68.8427     -57.0443     -63.5700
                -51.7926     -60.7779     -62.5021     -49.9798     -45.5572
                -51.9228     -52.0901     -58.6582     -45.1861     -49.4800
                -68.0838     -60.6370     -56.8249     -61.2115     -57.4297
                -60.2168     -52.2593     -54.9040     -55.5736     -64.4455
                -64.8931     -59.2221     -44.3738     -49.6618     -54.7255
                -71.4667     -67.4354     -80.8365     -73.0925     -73.1376
                -56.5512     -52.3275     -53.6484     -57.0390     -60.3754
                -56.2709     -55.6826     -57.8947     -62.9847     -52.6572
   1     80     -80.1707     -75.4309     -67.1877     -60.7237     -60.5589
                -62.9783     -73.1261     -73.0260     -61.2403     -67.7693
                -56.0154     -64.9682     -66.7018     -54.1794     -49.7667
                -56.1278     -56.2750     -62.8520     -49.4294     -53.6914
                -72.2535     -64.8217     -61.0261     -65.4103     -61.6189
                -64.4014     -56.4593     -59.1059     -59.7665     -68.6303
                -69.0754     -63.4305     -48.5922     -53.8753     -58.9268
                -75.6326     -71.6305     -84.9939     -77.2743     -77.3183
                -60.7460     -56.5305     -57.8449     -61.2557     -64.5673
                -60.4707     -59.8862     -62.0661     -67.1551     -56.8441
   1    100     -87.0868     -82.3545     -74.1080     -67.6716     -67.4986
                -69.8862     -80.0557     -79.9603     -68.1738     -74.7313
                -62.9886     -71.9353     -73.6475     -61.1137     -56.7320
                -63.0907     -63.2188     -69.7977     -56.4441     -60.6630
                -79.1720     -71.7476     -67.9694     -72.3538     -68.5474
                -71.3120     -63.4158     -66.0631     -66.7080     -75.5533
                -76.0015     -70.3937     -55.5576     -60.8317     -65.8764
                -82.5544     -78.5808     -91.9027     -84.2020     -84.2593
                -67.6858     -63.4876     -64.8016     -68.2363     -71.4988
                -67.4257     -66.8220     -68.9914     -74.0757     -63.7923
   2      0     -74.4069     -69.6683     -61.3861     -54.8571     -54.7139
                -57.2194     -67.3743     -67.2208     -55.4180     -61.9483
                -50.1358     -59.1794     -60.9047     -48.4475     -43.9438
                -50.2944     -50.4995     -57.0662     -43.6261     -47.9460
                -66.4544     -59.0616     -55.2068     -59.5832     -55.8234
                -58.6284     -50.6521     -53.3134     -53.9723     -62.9281
                -63.3641     -57.5866     -42.7884     -48.0291     -53.1683
                -69.8533     -65.8507     -79.2353     -71.4518     -71.5623
                -54.9709     -50.7050     -52.1060     -55.4645     -58.7990
                -54.6646     -54.1419     -56.3381     -61.3740     -51.0841
   3      0     -74.4472     -69.7197     -61.4099     -54.9142     -54.7323
                -57.2633     -67.3955     -67.2983     -55.4670     -62.0071
                -50.1558     -59.2379     -60.9324     -48.4367     -43.9297
                -50.3341     -50.4887     -57.0966     -43.6572     -47.9421
                -66.4988     -59.0977     -55.2443     -59.6225     -55.8820
                -58.6621     -50.6601     -53.3531     -53.9888     -62.9448
                -63.3685     -57.6341     -42.7650     -48.0542     -53.1684
                -69.8935     -65.9276     -79.2923     -71.4943     -71.5781
                -55.0019     -50.7758     -52.1419     -55.5133     -58.7895
                -54.6922     -54.1228     -56.3505     -61.3647     -51.0843
   4      0     -74.4256     -69.6683     -61.3895     -54.9132     -54.7129
                -57.2320     -67.3970     -67.2180     -55.4030     -61.9579
                -50.1896     -59.2045     -60.8810     -48.4636     -43.9542
                -50.2918     -50.4873     -57.1313     -43.6663     -47.9387
                -66.4892     -59.0621     -55.2403     -59.5841     -55.8920
                -58.6330     -50.6594     -53.3714     -53.9705     -62.9521
                -63.3771     -57.6085     -42.7799     -48.0540     -53.1522
                -69.8439     -65.8328     -79.2251     -71.4670     -71.5632
                -54.9964     -50.7602     -52.1016     -55.5043     -58.8002
                -54.6868     -54.1290     -56.3536     -61.3562     -51.0624
   5      0     -74.4180     -69.7235     -61.4598     -54.9664     -54.7798
                -57.3271     -67.4392     -67.3118     -55.4785     -62.0015
                -50.1912     -59.2782     -60.9331     -48.5055     -44.0517
                -50.3634     -50.5302     -57.1603     -43.6920     -47.9967
                -66.5456     -59.1807     -55.3039     -59.6861     -55.9380
                -58.6811     -50.6939     -53.4103     -54.0517     -63.0206
                -63.4456     -57.6644     -42.8381     -48.1030     -53.2010
                -69.9567     -65.8756     -79.3088     -71.5469     -71.6098
                -55.0593     -50.7846     -52.1443     -55.5705     -58.9049
                -54.7295     -54.2211     -56.3878     -61.4536     -51.1405
   5     60     -76.3872     -71.6947     -63.4407     -56.9634     -56.7672
                -59.3002     -69.4111     -69.2880     -57.4589     -63.9787
                -52.1874     -61.2561     -62.9164     -50.4974     -46.0492
                -52.3523     -52.5136     -59.1387     -45.6962     -49.9854
                -68.5099     -61.1579     -57.2861     -61.6637     -57.9088
                -60.6597     -52.6769     -55.3949     -56.0306     -64.9904
                -65.4195     -59.6516     -44.8371     -50.0996     -55.1838
                -71.9182     -67.8435     -81.2653     -73.5158     -73.5817
                -57.0400     -52.7640     -54.1287     -57.5628     -60.8841
                -56.7168     -56.2060     -58.3609     -63.4238     -53.1178
   5     80     -80.9762     -76.2809     -68.0349     -61.5752     -61.3632
                -63.8744     -73.9915     -73.8777     -62.0517     -68.5689
                -56.8105     -65.8510     -67.5164     -55.1047     -50.6613
                -56.9546     -57.1050     -63.7387     -50.3427     -54.6011
                -73.0782     -65.7457     -61.8846     -66.2586     -62.4922
                -65.2485     -57.2739     -60.0019     -60.6201     -69.5697
                -70.0014     -64.2566     -49.4572     -54.7134     -59.7766
                -76.4846     -72.4309     -85.8167     -78.0957     -78.1699
                -61.6361     -57.3637     -58.7350     -62.1840     -65.4735
                -61.3181     -60.8050     -62.9335     -67.9959     -57.7143
   5    100     -87.1812     -82.4829     -74.2306     -67.7842     -67.5768
                -70.0616     -80.2003     -80.0797     -68.2622     -74.7953
                -63.0519     -72.0842     -73.7369     -61.3172     -56.8941
                -63.1771     -63.3245     -69.9604     -56.6182     -60.8436
                -79.2682     -71.9532     -68.1054     -72.4783     -68.6989
                -71.4552     -63.4983     -66.2316     -66.8367     -75.7802
                -76.2099     -70.4836     -55.6942     -60.9321     -65.9944
                -82.6811     -78.6721     -91.9939     -84.2937     -84.3776
                -67.8473     -63.5884     -64.9796     -68.4292     -71.6789
                -67.5382     -67.0164     -69.1382     -74.1881     -63.9432
 
 
 cumulative average & 95% error for solvation free energy
              total             1st component         2nd component
  1  -121.4357              -46.9821              -74.4472
  2  -121.4981     0.1249   -49.4083     4.8524   -72.0834     4.7275
  3  -120.6253     1.7472   -52.0933     6.0569   -68.5256     7.6212
  4  -120.2709     1.4243   -55.1417     7.4508   -65.1227     8.6809
  5  -120.1507     1.1292   -57.0996     6.9743   -63.0447     7.9050
  6  -119.9667     0.9927   -57.8791     5.9041   -62.0811     6.7359
  7  -120.3203     1.0973   -57.4735     5.0554   -62.8403     5.8919
  8  -120.2304     0.9671   -56.8264     4.5654   -63.3976     5.2229
  9  -120.1782     0.8593   -57.6554     4.3543   -62.5164     4.9318
 10  -120.2548     0.7837   -57.7829     3.9030   -62.4655     4.4123
 11  -120.0119     0.8594   -58.6590     3.9413   -61.3464     4.5758
 12  -119.9512     0.7939   -58.7741     3.6052   -61.1707     4.1918
 13  -119.9538     0.7303   -58.7950     3.3166   -61.1524     3.8561
 14  -119.9183     0.6798   -59.6677     3.5320   -60.2441     4.0056
 15  -119.9741     0.6427   -60.8112     4.0053   -59.1565     4.3171
 16  -119.8876     0.6256   -61.2761     3.8602   -58.6051     4.1862
 17  -119.8188     0.6035   -61.6847     3.7170   -58.1277     4.0465
 18  -119.7649     0.5791   -61.6881     3.5044   -58.0704     3.8168
 19  -119.7342     0.5512   -62.4160     3.6204   -57.3118     3.9162
 20  -119.7486     0.5238   -62.8989     3.5678   -56.8433     3.8315
 21  -119.7880     0.5044   -62.4785     3.4963   -57.3031     3.7587
 22  -119.8074     0.4825   -62.4163     3.3359   -57.3847     3.5875
 23  -119.8460     0.4675   -62.5480     3.1984   -57.2916     3.4330
 24  -119.8462     0.4476   -62.4511     3.0684   -57.3887     3.2926
 25  -119.8456     0.4293   -62.5107     2.9455   -57.3285     3.1605
 26  -119.8147     0.4170   -62.4285     2.8347   -57.3797     3.0382
 27  -119.7705     0.4109   -62.6332     2.7582   -57.1309     2.9656
 28  -119.7837     0.3969   -62.7813     2.6744   -56.9960     2.8704
 29  -119.7581     0.3863   -62.8594     2.5852   -56.8923     2.7774
 30  -119.7906     0.3789   -62.6902     2.5204   -57.0940     2.7134
 31  -119.8190     0.3708   -62.5161     2.4625   -57.2964     2.6555
 32  -119.8697     0.3731   -62.5563     2.3856   -57.3070     2.5712
 33  -119.8502     0.3637   -62.9775     2.4609   -56.8663     2.6434
 34  -119.8135     0.3604   -63.2000     2.4285   -56.6071     2.6163
 35  -119.8041     0.3504   -63.2888     2.3648   -56.5089     2.5480
 36  -119.8137     0.3411   -62.9266     2.4096   -56.8807     2.5855
 37  -119.8030     0.3324   -62.6714     2.3986   -57.1252     2.5617
 38  -119.8119     0.3241   -62.0970     2.6019   -57.7085     2.7529
 39  -119.8369     0.3196   -61.7685     2.6181   -58.0620     2.7730
 40  -119.8910     0.3297   -61.4847     2.6142   -58.3999     2.7860
 41  -119.8607     0.3272   -61.5373     2.5518   -58.3170     2.7222
 42  -119.8506     0.3200   -61.7067     2.5133   -58.1375     2.6808
 43  -119.8617     0.3132   -61.8572     2.4725   -57.9980     2.6325
 44  -119.9086     0.3201   -61.9606     2.4245   -57.9416     2.5745
 45  -119.9220     0.3140   -61.9551     2.3700   -57.9604     2.5169
 46  -119.9362     0.3084   -62.0404     2.3242   -57.8894     2.4657
 47  -119.9337     0.3018   -62.1180     2.2795   -57.8092     2.4179
 48  -119.9653     0.3022   -62.1801     2.2349   -57.7788     2.3678
 49  -119.9707     0.2962   -62.1123     2.1931   -57.8520     2.3236
 50  -119.9698     0.2902   -62.2467     2.1655   -57.7167     2.2927
 
 Mesh error is    0.105 kcal/mol
