 ERmod 0.3.8, Copyright (C) 2000-2019 Nobuyuki Matubayasi
                            2010-2019 Shun Sakuraba
 ERmod comes with ABSOLUTELY NO WARRANTY.
 This is free software, and you can redistribute it
 and/or modify it under certain conditions.
 See LICENSE file for details.
 
  Number of the   1-th solvent  =         1472
  Number of the   2-th solvent  =        10000
 
  Be sure that the solvent distribution is homogeneous (radial distribution function is essentially unity) when the solvent molecule is separated beyond distance of   10.0 Angstrom in any direction from any atom within the solute molecule
 
  LJ long-range correction    =        -3.5283     -5.7260
 
  Self-energy of the solute   =         0.0036  kcal/mol
 
 
 cumulative average & 95% error for solvation energy
              total             1st component         2nd component
  1  -495.7536             -172.0463             -323.7108
  2  -497.3701     3.2331  -186.7403    29.3878  -310.6335    26.1547
  3  -498.3413     2.6939  -190.0741    18.2302  -308.2708    15.8225
  4  -497.9750     2.0409  -186.2098    15.0301  -311.7688    13.1955
  5  -497.8137     1.6135  -180.2908    16.6037  -317.5265    15.3973
  6  -497.0995     1.9430  -183.4381    14.9470  -313.6650    14.7545
  7  -496.8484     1.7173  -186.4017    13.9538  -310.4504    14.0297
  8  -496.8804     1.4886  -187.9241    12.4621  -308.9600    12.5104
  9  -496.8498     1.3142  -191.3809    12.9842  -305.4725    13.0530
 10  -497.0974     1.2756  -192.2851    11.7534  -304.8159    11.7486
 11  -497.5534     1.4708  -193.7307    11.0174  -303.8264    10.8097
 12  -497.6373     1.3530  -192.7744    10.2377  -304.8665    10.0847
 13  -497.7878     1.2805  -192.7146     9.4181  -305.0768     9.2861
 14  -497.4860     1.3303  -193.6554     8.9202  -303.8342     8.9492
 15  -497.4135     1.2469  -193.9424     8.3240  -303.4747     8.3622
 16  -497.2349     1.2198  -195.2919     8.2409  -301.9467     8.3979
 17  -497.1575     1.1562  -195.6085     7.7668  -301.5527     7.9277
 18  -497.1327     1.0912  -196.3448     7.4692  -300.7915     7.6278
 19  -497.0644     1.0412  -196.7891     7.1208  -300.2789     7.2876
 20  -497.0741     0.9880  -196.9781     6.7660  -300.0996     6.9230
 21  -497.0730     0.9398  -196.1673     6.6369  -300.9093     6.7813
 22  -497.0664     0.8961  -196.5591     6.3764  -300.5109     6.5146
 23  -497.0599     0.8564  -195.1499     6.7131  -301.9136     6.8279
 24  -496.9916     0.8312  -195.2268     6.4292  -301.7684     6.5437
 25  -496.9644     0.7991  -195.4002     6.1764  -301.5678     6.2893
 26  -496.7765     0.8548  -196.7314     6.5040  -300.0488     6.7633
 27  -496.7777     0.8225  -196.9195     6.2697  -299.8618     6.5187
 28  -496.7369     0.7968  -197.2548     6.0788  -299.4857     6.3265
 29  -496.8713     0.8145  -196.6848     5.9752  -300.1901     6.2649
 30  -496.9401     0.7988  -196.3204     5.8184  -300.6233     6.1141
 31  -496.9800     0.7767  -194.7557     6.4391  -302.2279     6.7282
 32  -496.9491     0.7545  -193.6379     6.6234  -303.3149     6.8678
 33  -496.9426     0.7314  -193.0007     6.5448  -303.9455     6.7748
 34  -496.8516     0.7326  -193.3629     6.3906  -303.4924     6.6348
 35  -496.8865     0.7147  -192.7591     6.3217  -304.1310     6.5678
 36  -496.9287     0.6997  -192.1294     6.2713  -304.8029     6.5227
 37  -496.9693     0.6854  -190.5568     6.8627  -306.4162     7.1173
 38  -497.0052     0.6709  -190.0321     6.7615  -306.9767     7.0176
 39  -497.1591     0.7224  -189.1783     6.8037  -307.9844     7.1262
 40  -497.2136     0.7125  -188.8537     6.6631  -308.3634     6.9870
 41  -497.2968     0.7146  -188.4585     6.5464  -308.8419     6.8814
 42  -497.3152     0.6983  -188.9270     6.4570  -308.3918     6.7756
 43  -497.2640     0.6895  -189.0867     6.3131  -308.1809     6.6296
 44  -497.1592     0.7055  -189.2081     6.1728  -307.9547     6.4929
 45  -497.1445     0.6903  -188.8339     6.0803  -308.3142     6.3876
 46  -497.1662     0.6765  -188.5656     5.9708  -308.6043     6.2741
 47  -497.1892     0.6636  -188.9560     5.8943  -308.2368     6.1829
 48  -497.2263     0.6538  -188.3430     5.8990  -308.8868     6.1908
 49  -497.1566     0.6553  -188.4663     5.7826  -308.6939     6.0754
 50  -497.0610     0.6699  -188.9640     5.7525  -308.1006     6.0698
 
 
 group  inft  solvation free energy     error          difference
  total solvation free energy
   1      0       -126.82069           0.40789           0.08077
   1     60       -128.75293           0.40578          -1.85146
   1     80       -133.72571           0.40340          -6.82424
   1    100       -142.05090           0.40270         -15.14943
   2      0       -126.87972           0.40744           0.02174
   3      0       -126.90147           0.40950           0.00000
   4      0       -126.84409           0.40775           0.05738
   5      0       -126.92278           0.41080          -0.02131
   5     60       -129.26470           0.40824          -2.36323
   5     80       -134.73048           0.40548          -7.82902
   5    100       -142.18069           0.40533         -15.27922
 
  contribution from  1-th solvent component
   1      0        -68.47454           2.28689           0.04887
   1     60        -68.77457           2.28736          -0.25117
   1     80        -69.55225           2.28796          -1.02884
   1    100        -70.94941           2.28807          -2.42601
   2      0        -68.51114           2.28764           0.01226
   3      0        -68.52341           2.28662           0.00000
   4      0        -68.53665           2.28726          -0.01324
   5      0        -68.54275           2.28659          -0.01934
   5     60        -68.90741           2.28715          -0.38401
   5     80        -69.76926           2.28780          -1.24585
   5    100        -71.02895           2.28785          -2.50554
 
  contribution from  2-th solvent component
   1      0        -58.34977           2.56395           0.03190
   1     60        -59.98197           2.56138          -1.60030
   1     80        -64.17708           2.55855          -5.79540
   1    100        -71.10510           2.55628         -12.72343
   2      0        -58.37220           2.56407           0.00948
   3      0        -58.38168           2.56514           0.00000
   4      0        -58.31106           2.56540           0.07062
   5      0        -58.38365           2.56637          -0.00197
   5     60        -60.36090           2.56331          -1.97923
   5     80        -64.96484           2.55991          -6.58316
   5    100        -71.15535           2.55828         -12.77368
 
 
 group  inft   Estimated free energy: total (kcal/mol)
   1      0    -126.7589    -127.7545    -127.9601    -127.1517    -127.6407
               -125.3245    -125.8122    -127.0737    -125.7547    -127.9456
               -128.6363    -127.6653    -127.6621    -124.1852    -126.0388
               -124.7232    -125.6424    -125.5670    -125.9863    -127.1918
               -126.4212    -126.5819    -127.2187    -125.9723    -125.8744
               -123.1734    -125.6135    -125.9091    -128.8613    -128.2139
               -128.3979    -127.1574    -126.9249    -124.6876    -127.7659
               -127.5901    -128.1040    -128.3027    -130.1549    -128.6003
               -129.2020    -127.4478    -126.1628    -125.2405    -126.7708
               -127.8208    -127.1739    -127.9001    -125.5673    -123.7482
   1     60    -128.6753    -129.6894    -129.8897    -129.0748    -129.5456
               -127.2675    -127.7524    -129.0200    -127.7002    -129.8861
               -130.5811    -129.5945    -129.5999    -126.1226    -127.9796
               -126.6716    -127.5882    -127.5048    -127.9280    -129.1191
               -128.3416    -128.5336    -129.1363    -127.9132    -127.8171
               -125.1267    -127.5505    -127.8544    -130.7874    -130.1472
               -130.3072    -129.0778    -128.8588    -126.6402    -129.6889
               -129.5118    -130.0103    -130.2262    -132.0752    -130.5153
               -131.1250    -129.3767    -128.0987    -127.1662    -128.6959
               -129.7459    -129.1124    -129.8210    -127.5020    -125.6923
   1     80    -133.6229    -134.6721    -134.8455    -134.0452    -134.4834
               -132.2591    -132.7338    -133.9937    -132.6984    -134.8646
               -135.5621    -134.5555    -134.5781    -131.0980    -132.9554
               -131.6654    -132.5837    -132.4783    -132.9070    -134.0748
               -133.3052    -133.5238    -134.0869    -132.8997    -132.8120
               -130.1238    -132.5212    -132.8448    -135.7645    -135.1346
               -135.2552    -134.0492    -133.8422    -131.6509    -134.6546
               -134.4685    -134.9419    -135.1899    -137.0396    -135.4725
               -136.0985    -134.3489    -133.0806    -132.1367    -133.6533
               -134.6956    -134.0851    -134.7821    -132.4786    -130.6680
   1    100    -141.9102    -142.9989    -143.1784    -142.3733    -142.7771
               -140.6025    -141.0751    -142.3639    -141.0342    -143.2005
               -143.8974    -142.8657    -142.9142    -139.3782    -141.3042
               -139.9959    -140.9312    -140.8154    -141.2764    -142.3780
               -141.6037    -141.8604    -142.3923    -141.2529    -141.1389
               -138.4564    -140.8420    -141.1802    -144.0892    -143.4648
               -143.5753    -142.3664    -142.1777    -140.0117    -142.9643
               -142.7587    -143.2431    -143.5136    -145.3616    -143.7910
               -144.4225    -142.6600    -141.4263    -140.4460    -141.9431
               -143.0187    -142.4148    -143.1104    -140.8174    -138.9705
   2      0    -126.7885    -127.8052    -128.0216    -127.2011    -127.7053
               -125.4055    -125.8276    -127.1538    -125.7809    -128.0028
               -128.7105    -127.7214    -127.7307    -124.2720    -126.1234
               -124.8100    -125.7469    -125.6268    -125.9971    -127.2866
               -126.4944    -126.6331    -127.2940    -126.0517    -125.9286
               -123.2126    -125.6954    -125.9695    -128.9233    -128.2372
               -128.4463    -127.1931    -126.9967    -124.7572    -127.7885
               -127.6316    -128.1510    -128.3578    -130.2018    -128.6542
               -129.2576    -127.4931    -126.2175    -125.2717    -126.8108
               -127.9270    -127.2655    -127.9807    -125.6200    -123.8065
   3      0    -126.8201    -127.8739    -128.0424    -127.2118    -127.7140
               -125.4169    -125.8348    -127.1174    -125.7968    -128.0322
               -128.7320    -127.7328    -127.7580    -124.2839    -126.1307
               -124.8164    -125.7243    -125.6709    -126.0143    -127.2883
               -126.5106    -126.6406    -127.2920    -126.0659    -125.8742
               -123.2352    -125.7390    -125.9706    -128.9428    -128.3159
               -128.4978    -127.2594    -127.0095    -124.8095    -127.8337
               -127.6730    -128.2072    -128.4006    -130.2585    -128.6834
               -129.2983    -127.5221    -126.1981    -125.2870    -126.8312
               -127.9374    -127.2823    -127.9905    -125.6454    -123.8499
   4      0    -126.8092    -127.7895    -128.0159    -127.2228    -127.6587
               -125.3396    -125.7395    -127.0940    -125.7284    -127.9855
               -128.7454    -127.6606    -127.7091    -124.2430    -126.0092
               -124.7722    -125.6654    -125.6040    -125.9605    -127.2283
               -126.4232    -126.6162    -127.2634    -126.0038    -125.8451
               -123.2185    -125.6482    -125.9752    -128.8700    -128.1934
               -128.4639    -127.1648    -126.9707    -124.7930    -127.7742
               -127.5856    -128.1543    -128.3044    -130.1338    -128.5934
               -129.1961    -127.3882    -126.1239    -125.2664    -126.7724
               -127.9548    -127.1786    -127.9781    -125.6259    -123.7440
   5      0    -126.7933    -127.8480    -128.1202    -127.3000    -127.7189
               -125.4239    -125.8300    -127.1530    -125.7979    -128.0617
               -128.7873    -127.7260    -127.7958    -124.3382    -126.1602
               -124.8368    -125.7445    -125.6319    -125.9892    -127.3074
               -126.5608    -126.6922    -127.3046    -126.0855    -125.9055
               -123.2647    -125.7397    -126.0152    -129.0268    -128.3175
               -128.5058    -127.2533    -127.0591    -124.8370    -127.8366
               -127.6933    -128.2612    -128.4590    -130.2939    -128.7001
               -129.2680    -127.4863    -126.2198    -125.3113    -126.8492
               -127.9788    -127.3187    -128.0318    -125.6611    -123.8379
   5     60    -129.1139    -130.1918    -130.4629    -129.6383    -130.0342
               -127.7798    -128.1798    -129.5140    -128.1606    -130.4103
               -131.1448    -130.0635    -130.1433    -126.6884    -128.5140
               -127.1997    -128.1018    -127.9831    -128.3427    -129.6460
               -128.8993    -129.0505    -129.6323    -128.4402    -128.2582
               -125.6300    -128.0913    -128.3717    -131.3622    -130.6593
               -130.8203    -129.5814    -129.4028    -127.1986    -130.1655
               -130.0190    -130.5686    -130.7873    -132.6189    -131.0217
               -131.5973    -129.8264    -128.5672    -127.6461    -129.1769
               -130.3099    -129.6629    -130.3626    -128.0035    -126.1899
   5     80    -134.5507    -135.6639    -135.9199    -135.1001    -135.4604
               -133.2630    -133.6503    -134.9958    -133.6516    -135.8848
               -136.6257    -135.5114    -135.6161    -132.1536    -133.9929
               -132.6945    -133.5928    -133.4579    -133.8226    -135.0952
               -134.3555    -134.5366    -135.0763    -133.9258    -133.7421
               -131.1254    -133.5611    -133.8564    -136.8287    -136.1364
               -136.2585    -135.0373    -134.8798    -132.7010    -135.6194
               -135.4634    -135.9928    -136.2404    -138.0757    -136.4658
               -137.0550    -135.2863    -134.0411    -133.1025    -134.6216
               -135.7545    -135.1275    -135.8187    -133.4745    -131.6606
   5    100    -141.9732    -143.1181    -143.3711    -142.5573    -142.8858
               -140.7268    -141.1137    -142.4787    -141.1071    -143.3417
               -144.0783    -142.9472    -143.0731    -139.5670    -141.4577
               -140.1528    -141.0606    -140.9124    -141.3017    -142.5295
               -141.7883    -141.9927    -142.5068    -141.3978    -141.1986
               -138.5796    -141.0033    -141.3184    -144.2888    -143.6003
               -143.7067    -142.4886    -142.3337    -140.1782    -143.0598
               -142.8820    -143.4225    -143.6962    -145.5305    -143.9166
               -144.5072    -142.7362    -141.5121    -140.5347    -142.0359
               -143.1945    -142.5833    -143.2656    -140.9308    -139.0906
 
 group  inft   Estimated free energy: 1-th solvent contribution (kcal/mol)
   1      0     -61.5930     -73.7385     -71.5884     -62.5258     -55.1416
                -72.2804     -74.0925     -72.2499     -80.2053     -73.0619
                -76.5373     -65.5824     -69.4432     -74.5530     -71.8329
                -78.4307     -73.0239     -76.3083     -75.0245     -73.5382
                -64.5976     -74.6747     -58.0200     -71.4990     -72.4158
                -84.2335     -73.0520     -75.3270     -65.3465     -67.4338
                -52.4143     -56.2813     -61.6159     -75.0285     -61.8112
                -60.9734     -46.3214     -61.5238     -55.7672     -64.0396
                -62.5436     -77.1983     -71.9212     -71.4800     -62.0157
                -63.9233     -76.2890     -56.8178     -70.6799     -77.7302
   1     60     -61.8920     -74.0386     -71.8870     -62.8245     -55.4372
                -72.5804     -74.3947     -72.5544     -80.5105     -73.3640
                -76.8388     -65.8834     -69.7459     -74.8528     -72.1340
                -78.7337     -73.3273     -76.6089     -75.3248     -73.8363
                -64.8951     -74.9761     -58.3173     -71.8018     -72.7194
                -84.5385     -73.3514     -75.6279     -65.6472     -67.7346
                -52.7110     -56.5811     -61.9154     -75.3303     -62.1114
                -61.2713     -46.6173     -61.8224     -56.0659     -64.3375
                -62.8407     -77.4982     -72.2230     -71.7777     -62.3121
                -64.2200     -76.5884     -57.1159     -70.9813     -78.0295
   1     80     -62.6684     -74.8171     -72.6603     -63.6016     -56.2083
                -73.3569     -75.1759     -73.3374     -81.2992     -74.1448
                -77.6175     -66.6627     -70.5285     -75.6289     -72.9118
                -79.5159     -74.1114     -77.3869     -76.1013     -74.6092
                -65.6695     -75.7530     -59.0902     -72.5849     -73.5053
                -85.3240     -74.1263     -76.4053     -66.4288     -68.5155
                -53.4845     -57.3613     -62.6927     -76.1108     -62.8914
                -62.0453     -47.3881     -62.5979     -56.8432     -65.1133
                -63.6147     -78.2768     -73.0055     -72.5518     -63.0818
                -64.9895     -77.3628     -57.8912     -71.7612     -78.8019
   1    100     -64.0593     -76.2124     -74.0570     -64.9974     -57.5978
                -74.7525     -76.5733     -74.7453     -82.7038     -75.5465
                -79.0177     -68.0623     -71.9304     -77.0160     -74.3104
                -80.9136     -75.5141     -78.7846     -77.5042     -76.0001
                -67.0604     -77.1483     -60.4842     -73.9881     -74.9086
                -86.7225     -75.5201     -77.7981     -67.8263     -69.9140
                -54.8838     -58.7622     -64.0934     -77.5114     -64.2911
                -63.4378     -48.7852     -63.9953     -58.2428     -66.5094
                -65.0114     -79.6734     -74.4099     -73.9452     -64.4717
                -66.3846     -78.7556     -59.2915     -73.1588     -80.1873
   2      0     -61.6185     -73.7933     -71.6299     -62.5663     -55.1741
                -72.3224     -74.1309     -72.2862     -80.2147     -73.0970
                -76.5861     -65.6091     -69.4780     -74.6099     -71.8722
                -78.4715     -73.0657     -76.3386     -75.0551     -73.5772
                -64.6460     -74.7110     -58.0677     -71.5286     -72.4540
                -84.2770     -73.1093     -75.3946     -65.3724     -67.4455
                -52.4441     -56.2993     -61.6627     -75.0722     -61.8254
                -61.0106     -46.3566     -61.5544     -55.7939     -64.0691
                -62.5740     -77.2226     -71.9603     -71.5176     -62.0593
                -63.9634     -76.3312     -56.8576     -70.7120     -77.7682
   3      0     -61.6385     -73.8011     -71.6301     -62.5698     -55.2077
                -72.3377     -74.1404     -72.2902     -80.2154     -73.1067
                -76.6071     -65.6146     -69.4810     -74.6263     -71.8711
                -78.4882     -73.0770     -76.3574     -75.0833     -73.5782
                -64.6694     -74.7225     -58.0666     -71.5572     -72.4256
                -84.2705     -73.1160     -75.3992     -65.3845     -67.4832
                -52.4625     -56.3321     -61.6602     -75.0903     -61.8482
                -61.0236     -46.3639     -61.5809     -55.8183     -64.0930
                -62.6009     -77.2389     -71.9601     -71.5185     -62.0776
                -63.9811     -76.3372     -56.8653     -70.7222     -77.7792
   4      0     -61.6492     -73.8186     -71.6571     -62.5902     -55.2169
                -72.3527     -74.1418     -72.2976     -80.2308     -73.1120
                -76.6189     -65.6254     -69.4887     -74.6650     -71.9042
                -78.4894     -73.0779     -76.3792     -75.0787     -73.6215
                -64.6626     -74.7451     -58.0892     -71.5662     -72.4653
                -84.3079     -73.1413     -75.4189     -65.3978     -67.4516
                -52.4783     -56.3267     -61.7026     -75.1178     -61.8237
                -61.0198     -46.3761     -61.6001     -55.8358     -64.0877
                -62.6007     -77.2229     -71.9766     -71.5428     -62.0924
                -64.0277     -76.3444     -56.8770     -70.7290     -77.7890
   5      0     -61.6325     -73.8062     -71.6585     -62.6165     -55.2088
                -72.3744     -74.1351     -72.2942     -80.2353     -73.1326
                -76.6384     -65.6212     -69.4973     -74.6732     -71.8968
                -78.4944     -73.0831     -76.3678     -75.0766     -73.6186
                -64.6944     -74.7585     -58.0802     -71.5675     -72.4753
                -84.3045     -73.1365     -75.4170     -65.4139     -67.4895
                -52.4798     -56.3352     -61.6962     -75.1368     -61.8382
                -61.0245     -46.4143     -61.6339     -55.8379     -64.1278
                -62.5863     -77.2341     -71.9606     -71.5263     -62.1103
                -64.0158     -76.3595     -56.8902     -70.7186     -77.8123
   5     60     -61.9957     -74.1709     -72.0219     -62.9806     -55.5690
                -72.7391     -74.5024     -72.6646     -80.6066     -73.4994
                -77.0049     -65.9865     -69.8649     -75.0381     -72.2629
                -78.8629     -73.4516     -76.7336     -75.4418     -73.9814
                -65.0578     -75.1239     -58.4422     -71.9360     -72.8437
                -84.6746     -73.5009     -75.7827     -65.7796     -67.8549
                -52.8402     -56.6994     -62.0601     -75.5032     -62.2024
                -61.3861     -46.7735     -61.9966     -56.2008     -64.4901
                -62.9473     -77.5986     -72.3278     -71.8878     -62.4699
                -64.3761     -76.7227     -57.2530     -71.0845     -78.1755
   5     80     -62.8563     -75.0331     -72.8799     -63.8415     -56.4234
                -73.5989     -75.3673     -73.5344     -81.4794     -74.3649
                -77.8687     -66.8486     -70.7322     -75.8983     -73.1262
                -79.7303     -74.3201     -77.5966     -76.3037     -74.8382
                -65.9170     -75.9854     -59.2998     -72.8044     -73.7126
                -85.5445     -74.3602     -76.6446     -66.6454     -68.7198
                -53.6972     -57.5627     -62.9216     -76.3682     -63.0655
                -62.2437     -47.6286     -62.8566     -57.0628     -65.3498
                -63.8046     -78.4603     -73.1943     -72.7442     -63.3229
                -65.2295     -77.5812     -58.1131     -71.9486     -79.0320
   5    100     -64.1114     -76.2913     -74.1379     -65.1005     -57.6768
                -74.8571     -76.6275     -74.8030     -82.7439     -75.6282
                -79.1305     -68.1092     -71.9949     -77.1505     -74.3865
                -80.9908     -75.5841     -78.8559     -77.5676     -76.0928
                -67.1737     -77.2439     -60.5569     -74.0697     -74.9774
                -86.8044     -75.6164     -77.9021     -67.9066     -69.9815
                -54.9579     -58.8258     -64.1834     -77.6312     -64.3264
                -63.4989     -48.8886     -64.1184     -58.3261     -66.6096
                -65.0646     -79.7200     -74.4607     -73.9986     -64.5760
                -66.4862     -78.8381     -59.3751     -73.2075     -80.2815
 
 group  inft   Estimated free energy: 2-th solvent contribution (kcal/mol)
   1      0     -65.1695     -54.0197     -56.3753     -64.6296     -72.5027
                -53.0477     -51.7233     -54.8274     -45.5530     -54.8873
                -52.1027     -62.0865     -58.2225     -49.6358     -54.2096
                -46.2960     -52.6221     -49.2623     -50.9654     -53.6572
                -61.8272     -51.9108     -69.2023     -54.4769     -53.4622
                -38.9435     -52.5652     -50.5857     -63.5185     -60.7837
                -75.9872     -70.8797     -65.3126     -49.6627     -65.9583
                -66.6204     -81.7862     -66.7825     -74.3914     -64.5643
                -66.6620     -50.2531     -54.2452     -53.7641     -64.7588
                -63.9011     -50.8885     -71.0859     -54.8911     -46.0216
   1     60     -66.7870     -55.6543     -58.0063     -66.2539     -74.1120
                -54.6907     -53.3613     -56.4692     -47.1934     -56.5257
                -53.7460     -63.7148     -59.8577     -51.2734     -55.8492
                -47.9415     -54.2645     -50.8995     -52.6069     -55.2864
                -63.4502     -53.5611     -70.8226     -56.1151     -55.1013
                -40.5918     -54.2028     -52.2301     -65.1438     -62.4162
                -77.5998     -72.5003     -66.9470     -51.3135     -67.5812
                -68.2441     -83.3966     -68.4075     -76.0129     -66.1814
                -68.2880     -51.8822     -55.8793     -55.3921     -66.3874
                -65.5295     -52.5276     -72.7086     -56.5244     -47.6665
   1     80     -70.9581     -59.8586     -62.1889     -70.4471     -78.2788
                -58.9059     -57.5616     -60.6600     -51.4028     -60.7234
                -57.9482     -67.8964     -64.0532     -55.4727     -60.0472
                -52.1531     -58.4759     -55.0950     -56.8094     -59.4692
                -67.6393     -57.7744     -75.0003     -60.3185     -59.3103
                -44.8034     -58.3986     -56.4432     -69.3393     -66.6227
                -81.7743     -76.6915     -71.1531     -55.5438     -71.7668
                -72.4267     -87.5575     -72.5956     -80.2000     -70.3628
                -72.4874     -56.0757     -60.0787     -59.5884     -70.5751
                -69.7097     -56.7260     -76.8946     -60.7210     -51.8698
   1    100     -77.8545     -66.7901     -69.1250     -77.3796     -85.1830
                -65.8537     -64.5055     -67.6222     -58.3341     -67.6576
                -64.8833     -74.8070     -70.9874     -62.3659     -66.9974
                -59.0860     -65.4208     -62.0345     -63.7758     -66.3815
                -74.5469     -64.7157     -81.9117     -67.2684     -66.2340
                -51.7376     -65.3255     -63.3856     -76.2666     -73.5544
                -88.6951     -83.6078     -78.0879     -62.5040     -78.6768
                -79.3246     -94.4615     -79.5219     -87.1224     -77.2853
                -79.4147     -62.9903     -67.0201     -66.5044     -77.4750
                -76.6377     -63.6628     -83.8226     -67.6622     -58.7868
   2      0     -65.1737     -54.0155     -56.3954     -64.6385     -72.5348
                -53.0867     -51.7003     -54.8712     -45.5699     -54.9095
                -52.1280     -62.1159     -58.2563     -49.6658     -54.2549
                -46.3421     -52.6848     -49.2918     -50.9456     -53.7130
                -61.8521     -51.9256     -69.2300     -54.5267     -53.4782
                -38.9392     -52.5897     -50.5784     -63.5545     -60.7953
                -76.0058     -70.8974     -65.3376     -49.6887     -65.9668
                -66.6246     -81.7981     -66.8070     -74.4115     -64.5887
                -66.6871     -50.2742     -54.2608     -53.7577     -64.7551
                -63.9672     -50.9379     -71.1267     -54.9116     -46.0419
   3      0     -65.1853     -54.0764     -56.4159     -64.6456     -72.5099
                -53.0829     -51.6980     -54.8309     -45.5850     -54.9291
                -52.1284     -62.1217     -58.2806     -49.6612     -54.2632
                -46.3319     -52.6509     -49.3172     -50.9346     -53.7137
                -61.8447     -51.9217     -69.2291     -54.5123     -53.4521
                -38.9684     -52.6266     -50.5751     -63.5619     -60.8363
                -76.0389     -70.9310     -65.3528     -49.7228     -65.9891
                -66.6530     -81.8470     -66.8232     -74.4438     -64.5941
                -66.7010     -50.2868     -54.2416     -53.7721     -64.7572
                -63.9599     -50.9487     -71.1289     -54.9268     -46.0743
   4      0     -65.1636     -53.9745     -56.3625     -64.6363     -72.4454
                -52.9906     -51.6013     -54.8000     -45.5012     -54.8771
                -52.1301     -62.0388     -58.2240     -49.5816     -54.1086
                -46.2865     -52.5911     -49.2284     -50.8854     -53.6104
                -61.7642     -51.8748     -69.1779     -54.4412     -53.3834
                -38.9142     -52.5106     -50.5599     -63.4758     -60.7454
                -75.9893     -70.8417     -65.2717     -49.6788     -65.9541
                -66.5694     -81.7819     -66.7079     -74.3017     -64.5094
                -66.5991     -50.1689     -54.1509     -53.7273     -64.6837
                -63.9307     -50.8378     -71.1047     -54.9005     -45.9586
   5      0     -65.1645     -54.0454     -56.4652     -64.6871     -72.5137
                -53.0532     -51.6986     -54.8624     -45.5662     -54.9327
                -52.1525     -62.1084     -58.3021     -49.6686     -54.2671
                -46.3460     -52.6650     -49.2677     -50.9162     -53.6924
                -61.8700     -51.9373     -69.2280     -54.5217     -53.4338
                -38.9638     -52.6069     -50.6017     -63.6166     -60.8317
                -76.0296     -70.9217     -65.3665     -49.7038     -66.0019
                -66.6724     -81.8504     -66.8288     -74.4596     -64.5759
                -66.6854     -50.2559     -54.2628     -53.7886     -64.7425
                -63.9667     -50.9628     -71.1452     -54.9461     -46.0292
   5     60     -67.1218     -56.0246     -58.4446     -66.6613     -74.4688
                -55.0444     -53.6811     -56.8530     -47.5577     -56.9145
                -54.1435     -64.0806     -60.2820     -51.6540     -56.2547
                -48.3404     -54.6538     -51.2530     -52.9045     -55.6682
                -63.8451     -53.9303     -71.1937     -56.5079     -55.4181
                -40.9590     -54.5940     -52.5926     -65.5862     -62.8080
                -77.9837     -72.8856     -67.3463     -51.6991     -67.9668
                -68.6365     -83.7987     -68.7944     -76.4218     -66.5352
                -68.6537     -52.2314     -56.2430     -55.7619     -66.7107
                -65.9374     -52.9438     -73.1131     -56.9227     -48.0180
   5     80     -71.6980     -60.6344     -63.0437     -71.2622     -79.0406
                -59.6676     -58.2866     -61.4649     -52.1759     -61.5236
                -58.7607     -68.6664     -64.8875     -56.2590     -60.8704
                -52.9678     -59.2763     -55.8649     -57.5226     -60.2606
                -68.4422     -58.5548     -75.7802     -61.1250     -60.0331
                -45.5845     -59.2045     -57.2155     -70.1870     -67.4203
                -82.5650     -77.4783     -71.9619     -56.3365     -72.5575
                -73.2233     -88.3678     -73.3874     -81.0166     -71.1196
                -73.2540     -56.8297     -60.8504     -60.3618     -71.3023
                -70.5286     -57.5500     -77.7092     -61.5296     -52.6323
   5    100     -77.8655     -66.8305     -69.2369     -77.4604     -85.2127
                -65.8733     -64.4898     -67.6793     -58.3669     -67.7171
                -64.9514     -74.8416     -71.0818     -62.4201     -67.0749
                -59.1656     -65.4801     -62.0602     -63.7378     -66.4404
                -74.6182     -64.7524     -81.9535     -67.3317     -66.2249
                -51.7789     -65.3906     -63.4199     -76.3858     -73.6224
                -88.7524     -83.6664     -78.1540     -62.5506     -78.7370
                -79.3867     -94.5375     -79.5814     -87.2080     -77.3106
                -79.4462     -63.0198     -67.0550     -66.5397     -77.4636
                -76.7119     -63.7488     -83.8941     -67.7269     -58.8128
 
 
 cumulative average & 95% error for solvation free energy
              total             1st component         2nd component
  1  -126.8201              -61.6385              -65.1853
  2  -127.3470     1.0538   -67.7198    12.1627   -59.6308    11.1089
  3  -127.5788     0.7649   -69.0232     7.4904   -58.5592     6.7623
  4  -127.4871     0.5712   -67.4099     6.2020   -60.0808     5.6680
  5  -127.5324     0.4516   -64.9694     6.8485   -62.5666     6.6327
  6  -127.1799     0.7958   -66.1975     6.1074   -60.9860     6.2707
  7  -126.9877     0.7746   -67.3322     5.6386   -59.6591     5.9270
  8  -127.0039     0.6716   -67.9519     5.0380   -59.0556     5.2730
  9  -126.8698     0.6502   -69.3145     5.2123   -57.5589     5.5305
 10  -126.9860     0.6263   -69.6938     4.7233   -57.2959     4.9745
 11  -127.1447     0.6494   -70.3222     4.4534   -56.8261     4.5966
 12  -127.1937     0.6009   -69.9299     4.1404   -57.2674     4.2880
 13  -127.2372     0.5595   -69.8954     3.8093   -57.3454     3.9474
 14  -127.0262     0.6681   -70.2333     3.5909   -56.7965     3.8159
 15  -126.9665     0.6333   -70.3425     3.3501   -56.6276     3.5684
 16  -126.8321     0.6505   -70.8516     3.2950   -55.9841     3.5775
 17  -126.7670     0.6248   -70.9825     3.1061   -55.7881     3.3833
 18  -126.7061     0.6015   -71.2811     2.9888   -55.4286     3.2698
 19  -126.6697     0.5736   -71.4812     2.8553   -55.1920     3.1289
 20  -126.7006     0.5477   -71.5861     2.7169   -55.1181     2.9720
 21  -126.6915     0.5213   -71.2567     2.6669   -55.4384     2.8986
 22  -126.6892     0.4970   -71.4143     2.5622   -55.2786     2.7821
 23  -126.7154     0.4778   -70.8339     2.7095   -55.8851     2.9221
 24  -126.6884     0.4607   -70.8641     2.5948   -55.8279     2.8001
 25  -126.6558     0.4466   -70.9265     2.4920   -55.7329     2.6924
 26  -126.5242     0.5034   -71.4398     2.6050   -55.0881     2.8904
 27  -126.4952     0.4878   -71.5018     2.5097   -54.9969     2.7873
 28  -126.4764     0.4716   -71.6410     2.4344   -54.8390     2.7044
 29  -126.5615     0.4858   -71.4253     2.3883   -55.1398     2.6779
 30  -126.6200     0.4837   -71.2939     2.3222   -55.3297     2.6149
 31  -126.6805     0.4832   -70.6864     2.5536   -55.9977     2.8603
 32  -126.6986     0.4693   -70.2378     2.6302   -56.4644     2.9225
 33  -126.7080     0.4552   -69.9779     2.6017   -56.7337     2.8834
 34  -126.6522     0.4555   -70.1283     2.5419   -56.5275     2.8275
 35  -126.6860     0.4475   -69.8917     2.5132   -56.7979     2.7983
 36  -126.7134     0.4383   -69.6454     2.4915   -57.0716     2.7740
 37  -126.7537     0.4339   -69.0161     2.7306   -57.7412     3.0121
 38  -126.7971     0.4311   -68.8205     2.6864   -57.9802     2.9704
 39  -126.8858     0.4559   -68.4871     2.7002   -58.4024     3.0139
 40  -126.9308     0.4533   -68.3772     2.6410   -58.5572     2.9539
 41  -126.9885     0.4570   -68.2364     2.5911   -58.7558     2.9082
 42  -127.0012     0.4467   -68.4507     2.5648   -58.5541     2.8666
 43  -126.9825     0.4378   -68.5323     2.5097   -58.4539     2.8063
 44  -126.9440     0.4346   -68.6002     2.4558   -58.3475     2.7501
 45  -126.9415     0.4249   -68.4552     2.4180   -58.4899     2.7033
 46  -126.9632     0.4178   -68.3580     2.3729   -58.6088     2.6546
 47  -126.9699     0.4090   -68.5277     2.3465   -58.4458     2.6178
 48  -126.9912     0.4026   -68.2848     2.3480   -58.7101     2.6167
 49  -126.9637     0.3981   -68.3345     2.3017   -58.6328     2.5673
 50  -126.9015     0.4095   -68.5234     2.2866   -58.3817     2.5651
 
 Mesh error is    0.081 kcal/mol
