 ERmod 0.3.8, Copyright (C) 2000-2019 Nobuyuki Matubayasi
                            2010-2019 Shun Sakuraba
 ERmod comes with ABSOLUTELY NO WARRANTY.
 This is free software, and you can redistribute it
 and/or modify it under certain conditions.
 See LICENSE file for details.
 
  Number of the   1-th solvent  =         1472
  Number of the   2-th solvent  =        10000
 
  Be sure that the solvent distribution is homogeneous (radial distribution function is essentially unity) when the solvent molecule is separated beyond distance of   10.0 Angstrom in any direction from any atom within the solute molecule
 
  LJ long-range correction    =        -3.5283     -5.7260
 
  Self-energy of the solute   =        -0.0814  kcal/mol
 
 
 cumulative average & 95% error for solvation energy
              total             1st component         2nd component
  1  -477.9756             -155.7646             -322.1295
  2  -478.1847     0.4184  -152.3537     6.8218  -325.7496     7.2402
  3  -478.0342     0.3860  -146.4777    12.3944  -331.4750    12.1900
  4  -478.4090     0.7978  -144.1232     9.9492  -334.2044    10.2028
  5  -478.4855     0.6366  -148.1346    11.1246  -330.2695    11.1532
  6  -478.3582     0.5788  -152.4001    12.4613  -325.8766    12.6538
  7  -478.5584     0.6323  -151.8839    10.5822  -326.5931    10.7900
  8  -478.4302     0.6046  -151.8741     9.1645  -326.4747     9.3474
  9  -478.2551     0.6380  -149.6006     9.2736  -328.5731     9.2504
 10  -478.1573     0.6032  -148.2422     8.7281  -329.8337     8.6494
 11  -478.3127     0.6279  -147.7417     7.9581  -330.4896     7.9329
 12  -478.1033     0.7099  -146.7874     7.5112  -331.2345     7.3934
 13  -478.0950     0.6532  -146.4169     6.9490  -331.5967     6.8394
 14  -478.1015     0.6049  -146.1152     6.4617  -331.9048     6.3620
 15  -477.8586     0.7437  -144.9068     6.4828  -332.8703     6.2295
 16  -477.8607     0.6957  -144.3047     6.1826  -333.4745     5.9512
 17  -477.8171     0.6592  -144.8232     5.8994  -332.9125     5.7020
 18  -477.5548     0.8134  -146.5890     6.5885  -330.8843     6.7346
 19  -477.4164     0.8177  -147.9310     6.7854  -329.4040     7.0247
 20  -477.4042     0.7761  -149.4534     7.1210  -327.8693     7.3370
 21  -477.3154     0.7593  -151.2943     7.7095  -325.9396     7.9750
 22  -477.2613     0.7320  -151.7913     7.4176  -325.3886     7.6833
 23  -477.3170     0.7082  -152.8563     7.4009  -324.3792     7.6141
 24  -477.3071     0.6784  -153.0743     7.0992  -324.1514     7.3042
 25  -477.2633     0.6565  -154.0518     7.0845  -323.1301     7.2977
 26  -477.3080     0.6371  -154.2565     6.8188  -322.9701     7.0187
 27  -477.1231     0.7160  -154.9850     6.7212  -322.0566     6.9965
 28  -477.0237     0.7180  -155.1741     6.4878  -321.7682     6.7666
 29  -476.9501     0.7083  -154.8697     6.2896  -321.9989     6.5454
 30  -477.0085     0.6942  -154.2048     6.2201  -322.7222     6.4868
 31  -477.0057     0.6714  -154.0113     6.0286  -322.9129     6.2856
 32  -477.0585     0.6586  -154.2021     5.8496  -322.7749     6.0923
 33  -477.0769     0.6394  -154.4976     5.7003  -322.4979     5.9308
 34  -477.0997     0.6220  -155.0916     5.6563  -321.9266     5.8660
 35  -477.1180     0.6051  -155.0940     5.4923  -321.9426     5.6960
 36  -477.0723     0.5951  -155.3572     5.3634  -321.6337     5.5699
 37  -477.0814     0.5790  -155.3856     5.2168  -321.6144     5.4174
 38  -477.0535     0.5664  -155.5298     5.0858  -321.4423     5.2841
 39  -477.0487     0.5517  -154.8583     5.1325  -322.1089     5.3168
 40  -477.1235     0.5582  -154.3160     5.1188  -322.7260     5.3271
 41  -477.1766     0.5547  -154.5137     5.0080  -322.5815     5.2036
 42  -477.1105     0.5572  -154.4682     4.8882  -322.5609     5.0783
 43  -477.0804     0.5474  -154.8604     4.8372  -322.1386     5.0302
 44  -477.0377     0.5416  -154.8510     4.7260  -322.1053     4.9150
 45  -476.8505     0.6485  -155.2643     4.6931  -321.5048     4.9524
 46  -476.7766     0.6512  -155.6261     4.6466  -321.0691     4.9213
 47  -476.8194     0.6429  -155.6906     4.5485  -321.0474     4.8157
 48  -476.8535     0.6331  -155.8563     4.4651  -320.9159     4.7216
 49  -476.8223     0.6232  -156.5378     4.5805  -320.2030     4.8390
 50  -476.7938     0.6132  -156.8869     4.5420  -319.8254     4.8010
 
 
 group  inft  solvation free energy     error          difference
  total solvation free energy
   1      0       -114.15447           0.30897           0.08546
   1     60       -115.97836           0.30691          -1.73843
   1     80       -120.67464           0.30260          -6.43471
   1    100       -128.80748           0.29955         -14.56755
   2      0       -114.19616           0.31025           0.04377
   3      0       -114.23993           0.31052           0.00000
   4      0       -114.22532           0.31363           0.01461
   5      0       -114.33164           0.31179          -0.09171
   5     60       -116.54177           0.30897          -2.30184
   5     80       -121.71269           0.30513          -7.47277
   5    100       -129.03483           0.30142         -14.79490
 
  contribution from  1-th solvent component
   1      0        -54.06264           1.80703           0.02757
   1     60        -54.34318           1.80743          -0.25297
   1     80        -55.07680           1.80819          -0.98659
   1    100        -56.43674           1.80868          -2.34653
   2      0        -54.07307           1.80552           0.01714
   3      0        -54.09021           1.80543           0.00000
   4      0        -54.09475           1.80434          -0.00454
   5      0        -54.11116           1.80423          -0.02095
   5     60        -54.45199           1.80475          -0.36178
   5     80        -55.26576           1.80543          -1.17555
   5    100        -56.49517           1.80606          -2.40496
 
  contribution from  2-th solvent component
   1      0        -60.01039           2.01565           0.05789
   1     60        -61.55374           2.01351          -1.48546
   1     80        -65.51640           2.00945          -5.44812
   1    100        -72.28930           2.00663         -12.22102
   2      0        -60.04165           2.01463           0.02663
   3      0        -60.06828           2.01535           0.00000
   4      0        -60.04913           2.01508           0.01915
   5      0        -60.13904           2.01402          -0.07076
   5     60        -62.00834           2.01108          -1.94006
   5     80        -66.36549           2.00724          -6.29721
   5    100        -72.45822           2.00344         -12.38994
 
 
 group  inft   Estimated free energy: total (kcal/mol)
   1      0    -115.2360    -114.5536    -114.8925    -115.3485    -114.8610
               -113.9586    -115.2053    -114.5326    -113.8330    -115.2875
               -116.1349    -114.4365    -114.9712    -115.3072    -114.4343
               -115.1276    -114.4337    -112.1817    -114.0033    -113.9892
               -112.2625    -113.6427    -114.3018    -114.2228    -112.7313
               -114.3639    -112.3435    -113.5293    -114.0929    -115.9077
               -114.1330    -114.8951    -114.8356    -114.3083    -113.8170
               -112.9220    -113.8946    -113.5699    -115.0193    -116.1267
               -114.1650    -112.8624    -113.8055    -114.2116    -110.3856
               -113.1718    -114.5073    -114.9917    -112.8444    -113.1303
   1     60    -117.0498    -116.3634    -116.6958    -117.1614    -116.6795
               -115.7912    -117.0258    -116.3529    -115.6525    -117.1028
               -117.9498    -116.2490    -116.7843    -117.1262    -116.2421
               -116.9420    -116.2548    -114.0228    -115.8269    -115.8265
               -114.0993    -115.4654    -116.1368    -116.0435    -114.5660
               -116.1993    -114.1826    -115.3452    -115.9001    -117.7212
               -115.9523    -116.7289    -116.6530    -116.1462    -115.6424
               -114.7596    -115.7294    -115.4064    -116.8224    -117.9388
               -115.9891    -114.6936    -115.6347    -116.0391    -112.2212
               -115.0062    -116.3332    -116.8119    -114.6904    -114.9600
   1     80    -121.7194    -121.0382    -121.3476    -121.8539    -121.3594
               -120.5053    -121.7106    -121.0453    -120.3361    -121.7775
               -122.6265    -120.9189    -121.4435    -121.8119    -120.9190
               -121.6138    -120.9428    -118.7468    -120.5234    -120.5636
               -118.8233    -120.1417    -120.8570    -120.7434    -119.2695
               -120.9096    -118.9207    -120.0327    -120.5765    -122.3971
               -120.6497    -121.4400    -121.3193    -120.8709    -120.3431
               -119.4816    -120.4370    -120.1218    -121.4829    -122.6204
               -120.6712    -119.3971    -120.3546    -120.7578    -116.9673
               -119.7338    -121.0327    -121.5116    -119.4090    -119.6554
   1    100    -129.8482    -129.1315    -129.4293    -129.9834    -129.4787
               -128.6546    -129.8322    -129.1764    -128.4757    -129.9062
               -130.7519    -129.0469    -129.5375    -129.9459    -129.0521
               -129.7409    -129.0711    -126.9321    -128.6600    -128.7157
               -126.9761    -128.2342    -129.0005    -128.8706    -127.3978
               -129.0405    -127.0947    -128.1512    -128.6964    -130.5376
               -128.7915    -129.6136    -129.4336    -129.0367    -128.4524
               -127.6143    -128.5776    -128.2634    -129.5860    -130.7391
               -128.7810    -127.5275    -128.4978    -128.9085    -125.1507
               -127.9001    -129.1461    -129.6390    -127.5670    -127.7783
   2      0    -115.2643    -114.5964    -114.9385    -115.3096    -114.9226
               -114.0253    -115.1931    -114.5750    -113.8468    -115.3136
               -116.2099    -114.5113    -114.9908    -115.3086    -114.5316
               -115.1946    -114.4278    -112.1355    -114.0766    -114.0654
               -112.2966    -113.6604    -114.4197    -114.2502    -112.7722
               -114.4169    -112.3566    -113.6004    -114.1812    -116.0044
               -114.1492    -114.8894    -114.8873    -114.3608    -113.8585
               -112.9531    -113.8608    -113.6730    -115.1320    -116.1978
               -114.1189    -112.9088    -113.8274    -114.2360    -110.4455
               -113.2140    -114.5403    -115.0596    -112.8748    -113.2249
   3      0    -115.3168    -114.6684    -114.9861    -115.3305    -114.9439
               -114.0145    -115.2361    -114.5837    -113.9117    -115.3270
               -116.2426    -114.5829    -115.0583    -115.3601    -114.6093
               -115.2520    -114.4584    -112.2088    -114.1346    -114.1054
               -112.3251    -113.7107    -114.4793    -114.2916    -112.8170
               -114.4938    -112.4214    -113.6468    -114.1918    -116.0492
               -114.2095    -114.9464    -114.9019    -114.3993    -113.9189
               -112.9962    -113.9621    -113.6891    -115.1421    -116.2444
               -114.1875    -112.9461    -113.8732    -114.2726    -110.4547
               -113.2517    -114.6053    -115.0924    -112.9166    -113.2283
   4      0    -115.3103    -114.6712    -114.9837    -115.3409    -114.9460
               -114.0267    -115.2712    -114.6193    -113.8772    -115.3689
               -116.2644    -114.5608    -115.0339    -115.3456    -114.5351
               -115.2399    -114.4294    -112.1993    -114.0662    -114.1088
               -112.3144    -113.6962    -114.4495    -114.3083    -112.8090
               -114.4886    -112.3731    -113.6260    -114.1967    -116.0252
               -114.1961    -114.9274    -114.9374    -114.3600    -113.8574
               -112.9372    -113.8766    -113.6540    -115.1711    -116.2317
               -114.1663    -112.8976    -113.8833    -114.2200    -110.4001
               -113.2360    -114.5757    -115.0934    -112.9135    -113.2457
   5      0    -115.4327    -114.7933    -115.0946    -115.4340    -115.0100
               -114.0856    -115.3140    -114.7264    -113.9903    -115.4183
               -116.3077    -114.6698    -115.1797    -115.4495    -114.6514
               -115.3155    -114.5737    -112.3009    -114.1956    -114.2497
               -112.4411    -113.7918    -114.5171    -114.4304    -112.9540
               -114.6394    -112.4838    -113.6938    -114.2629    -116.1522
               -114.3194    -115.0622    -115.0317    -114.5105    -113.9831
               -113.0950    -114.0327    -113.7352    -115.2754    -116.3088
               -114.2754    -113.0329    -113.9663    -114.3399    -110.4961
               -113.3434    -114.7164    -115.1640    -112.9996    -113.3346
   5     60    -117.6251    -116.9987    -117.2744    -117.6391    -117.2145
               -116.3119    -117.5225    -116.9331    -116.2000    -117.6098
               -118.5028    -116.8651    -117.3731    -117.6461    -116.8371
               -117.5074    -116.7811    -114.5344    -116.4047    -116.4835
               -114.6749    -116.0068    -116.7361    -116.6413    -115.1855
               -116.8658    -114.7044    -115.8904    -116.4484    -118.3466
               -116.5286    -117.2855    -117.2308    -116.7393    -116.1963
               -115.3227    -116.2537    -115.9604    -117.4575    -118.5020
               -116.4905    -115.2487    -116.1752    -116.5459    -112.7263
               -115.5694    -116.9307    -117.3813    -115.2302    -115.5486
   5     80    -122.7767    -122.1445    -122.4015    -122.8054    -122.3757
               -121.4986    -122.6734    -122.0954    -121.3562    -122.7572
               -123.6598    -122.0144    -122.5107    -122.8013    -121.9977
               -122.6611    -121.9408    -119.7242    -121.5845    -121.6919
               -119.8626    -121.1545    -121.9252    -121.8101    -120.3748
               -122.0410    -119.9114    -121.0581    -121.6036    -123.5082
               -121.7000    -122.4755    -122.3724    -121.9423    -121.3633
               -120.5136    -121.4319    -121.1504    -122.5968    -123.6586
               -121.6514    -120.4248    -121.3751    -121.7356    -117.9432
               -120.7663    -122.1052    -122.5550    -120.4321    -120.7202
   5    100    -130.0825    -129.4472    -129.6701    -130.1328    -129.6757
               -128.8375    -129.9877    -129.4116    -128.6737    -130.0605
               -130.9674    -129.3322    -129.7940    -130.1064    -129.3124
               -129.9624    -129.2559    -127.1013    -128.9104    -129.0608
               -127.2176    -128.4525    -129.2548    -129.1233    -127.7090
               -129.3709    -127.2533    -128.3598    -128.9029    -130.8323
               -129.0205    -129.8347    -129.6771    -129.2946    -128.6820
               -127.8422    -128.7654    -128.4811    -129.8859    -130.9592
               -128.9597    -127.7409    -128.6950    -129.0623    -125.3168
               -128.1261    -129.4325    -129.8845    -127.7902    -128.0318
 
 group  inft   Estimated free energy: 1-th solvent contribution (kcal/mol)
   1      0     -54.4188     -50.6084     -45.4641     -45.6462     -57.3993
                -60.6087     -51.1194     -52.3630     -43.3988     -45.5966
                -48.5982     -46.2768     -47.9724     -48.5173     -42.2734
                -45.6998     -52.5639     -61.6189     -60.2227     -63.1140
                -66.4185     -55.6888     -62.0795     -54.8290     -61.9007
                -54.4863     -60.5862     -55.5919     -50.5731     -45.8484
                -50.6833     -55.9786     -57.3238     -61.6361     -53.0652
                -56.4163     -53.6957     -55.2374     -43.3584     -44.6232
                -55.5396     -51.4384     -59.5562     -52.7496     -59.9045
                -60.2467     -54.6040     -57.3577     -67.1164     -61.1182
   1     60     -54.6987     -50.8881     -45.7424     -45.9239     -57.6789
                -60.8900     -51.3981     -52.6421     -43.6789     -45.8732
                -48.8781     -46.5549     -48.2524     -48.7971     -42.5516
                -45.9790     -52.8428     -61.9030     -60.5044     -63.3962
                -66.7016     -55.9706     -62.3616     -55.1096     -62.1834
                -54.7696     -60.8680     -55.8712     -50.8510     -46.1281
                -50.9624     -56.2586     -57.6031     -61.9173     -53.3451
                -56.6998     -53.9778     -55.5205     -43.6354     -44.9033
                -55.8210     -51.7203     -59.8381     -53.0299     -60.1868
                -60.5295     -54.8844     -57.6377     -67.4021     -61.3973
   1     80     -55.4303     -51.6217     -46.4715     -46.6541     -58.4099
                -61.6250     -52.1273     -53.3726     -44.4117     -46.5977
                -49.6104     -47.2831     -48.9828     -49.5293     -43.2815
                -46.7095     -53.5729     -62.6425     -61.2400     -64.1354
                -67.4413     -56.7046     -63.0989     -55.8452     -62.9200
                -55.5073     -61.6051     -56.6028     -51.5809     -46.8602
                -51.6946     -56.9905     -58.3320     -62.6522     -54.0779
                -57.4392     -54.7133     -56.2580     -44.3630     -45.6380
                -56.5552     -52.4554     -60.5760     -53.7644     -60.9272
                -61.2689     -55.6178     -58.3718     -68.1439     -62.1252
   1    100     -56.7897     -52.9792     -47.8244     -48.0156     -59.7655
                -62.9832     -53.4843     -54.7290     -45.7767     -47.9512
                -50.9681     -48.6421     -50.3369     -50.8882     -44.6388
                -48.0709     -54.9320     -64.0116     -62.6021     -65.4991
                -68.8090     -58.0595     -64.4623     -57.2090     -64.2833
                -56.8721     -62.9683     -57.9572     -52.9358     -48.2220
                -53.0547     -58.3550     -59.6862     -64.0142     -55.4337
                -58.8003     -56.0771     -57.6207     -45.7181     -46.9995
                -57.9137     -53.8152     -61.9363     -55.1228     -62.2929
                -62.6346     -56.9778     -59.7308     -69.5102     -63.4762
   2      0     -54.4283     -50.6082     -45.4907     -45.6398     -57.4376
                -60.6363     -51.1172     -52.3981     -43.3832     -45.6109
                -48.6394     -46.2845     -47.9749     -48.4988     -42.3133
                -45.7164     -52.5702     -61.5867     -60.2238     -63.1378
                -66.3935     -55.6875     -62.1264     -54.8345     -61.8708
                -54.5063     -60.5945     -55.6038     -50.6165     -45.8717
                -50.6764     -56.0135     -57.3311     -61.6616     -53.0682
                -56.4271     -53.6791     -55.2668     -43.3948     -44.6607
                -55.4985     -51.4692     -59.5629     -52.7642     -59.9358
                -60.2431     -54.5966     -57.3822     -67.0852     -61.1351
   3      0     -54.4681     -50.6472     -45.5091     -45.6450     -57.4505
                -60.6215     -51.1425     -52.3973     -43.3888     -45.6311
                -48.6417     -46.3130     -47.9984     -48.5314     -42.3318
                -45.7362     -52.6000     -61.5952     -60.2437     -63.1516
                -66.4071     -55.6944     -62.1411     -54.8640     -61.8863
                -54.5097     -60.6201     -55.6222     -50.6436     -45.8894
                -50.7053     -56.0112     -57.3568     -61.6899     -53.0750
                -56.4406     -53.7062     -55.2534     -43.4092     -44.6722
                -55.5104     -51.4779     -59.5952     -52.7890     -59.9403
                -60.2599     -54.6168     -57.4024     -67.1144     -61.1623
   4      0     -54.4574     -50.6156     -45.5113     -45.6806     -57.4585
                -60.6434     -51.1442     -52.4131     -43.4057     -45.6599
                -48.6634     -46.3152     -48.0087     -48.5152     -42.3320
                -45.7393     -52.5940     -61.5851     -60.2303     -63.1618
                -66.4022     -55.6911     -62.1339     -54.8685     -61.8982
                -54.5211     -60.6128     -55.6155     -50.6317     -45.8911
                -50.7134     -56.0282     -57.3806     -61.6962     -53.0799
                -56.4416     -53.7004     -55.2670     -43.4264     -44.6896
                -55.5220     -51.5099     -59.6214     -52.7901     -59.9288
                -60.2635     -54.6032     -57.4176     -67.0823     -61.1746
   5      0     -54.4829     -50.6338     -45.5370     -45.6786     -57.4615
                -60.6454     -51.1420     -52.4243     -43.4111     -45.6735
                -48.6701     -46.3601     -48.0139     -48.5323     -42.3496
                -45.7509     -52.6427     -61.5977     -60.2690     -63.1868
                -66.4172     -55.6900     -62.1535     -54.8779     -61.9145
                -54.5548     -60.6561     -55.6321     -50.6487     -45.9060
                -50.7175     -56.0392     -57.3833     -61.7084     -53.1127
                -56.4527     -53.7122     -55.2747     -43.4671     -44.7144
                -55.5349     -51.5087     -59.6341     -52.8018     -59.9426
                -60.2872     -54.6618     -57.4074     -67.0951     -61.1884
   5     60     -54.8221     -50.9751     -45.8744     -46.0169     -57.8014
                -60.9886     -51.4811     -52.7639     -43.7517     -46.0089
                -49.0098     -46.6980     -48.3534     -48.8712     -42.6873
                -46.0889     -52.9818     -61.9429     -60.6109     -63.5310
                -66.7620     -56.0332     -62.4957     -55.2192     -62.2584
                -54.8993     -60.9973     -55.9706     -50.9858     -46.2453
                -51.0571     -56.3803     -57.7224     -62.0506     -53.4531
                -56.7971     -54.0541     -55.6185     -43.8036     -45.0547
                -55.8774     -51.8507     -59.9754     -53.1412     -60.2864
                -60.6311     -55.0024     -57.7495     -67.4411     -61.5269
   5     80     -55.6348     -51.7878     -46.6842     -46.8271     -58.6138
                -61.8046     -52.2893     -53.5749     -44.5635     -46.8140
                -49.8235     -47.5072     -49.1644     -49.6824     -43.4993
                -46.9002     -53.7919     -62.7608     -61.4275     -64.3505
                -67.5796     -56.8468     -63.3131     -56.0340     -63.0751
                -55.7172     -61.8133     -56.7826     -51.7961     -47.0590
                -51.8689     -57.1942     -58.5317     -62.8668     -54.2653
                -57.6160     -54.8683     -56.4363     -44.6122     -45.8704
                -56.6920     -52.6658     -60.7939     -53.9551     -61.1059
                -61.4497     -55.8153     -58.5640     -68.2633     -62.3345
   5    100     -56.8607     -53.0162     -47.9060     -48.0591     -59.8382
                -63.0344     -53.5172     -54.8027     -45.7950     -48.0365
                -51.0502     -48.7354     -50.3863     -50.9074     -44.7270
                -48.1275     -55.0211     -63.9992     -62.6585     -65.5887
                -68.8175     -58.0728     -64.5466     -57.2655     -64.3068
                -56.9533     -63.0437     -58.0058     -53.0195     -48.2884
                -53.0958     -58.4294     -59.7557     -64.0992     -55.4938
                -58.8474     -56.1005     -57.6684     -45.8373     -47.1007
                -57.9197     -53.8951     -62.0219     -55.1826     -62.3432
                -62.6846     -57.0466     -59.7960     -69.4983     -63.5550
 
 group  inft   Estimated free energy: 2-th solvent contribution (kcal/mol)
   1      0     -60.7358     -63.8637     -69.3469     -69.6209     -57.3802
                -53.2684     -64.0045     -62.0882     -70.3528     -69.6095
                -67.4552     -68.0783     -66.9174     -66.7084     -72.0795
                -69.3463     -61.7884     -50.4814     -53.6991     -50.7938
                -45.7626     -57.8725     -52.1408     -59.3123     -50.7491
                -59.7961     -51.6760     -57.8559     -63.4384     -69.9778
                -63.3683     -58.8351     -57.4305     -52.5907     -60.6704
                -56.4242     -60.1174     -58.2510     -71.5795     -71.4221
                -58.5440     -61.3425     -54.1679     -61.3805     -50.3996
                -52.8437     -59.8219     -57.5526     -45.6466     -51.9307
   1     60     -62.2697     -65.3939     -70.8720     -71.1561     -58.9192
                -54.8198     -65.5462     -63.6294     -71.8921     -71.1481
                -68.9902     -69.6126     -68.4505     -68.2477     -73.6091
                -70.8816     -63.3306     -52.0384     -55.2411     -52.3488
                -47.3163     -59.4133     -53.6937     -60.8525     -52.3012
                -61.3483     -53.2331     -59.3925     -64.9676     -71.5117
                -64.9086     -60.3888     -58.9684     -54.1475     -62.2159
                -57.9784     -61.6702     -59.8045     -73.1055     -72.9540
                -60.0866     -62.8919     -55.7152     -62.9278     -51.9530
                -54.3953     -61.3674     -59.0928     -47.2068     -53.4813
   1     80     -66.2077     -69.3350     -74.7947     -75.1184     -62.8681
                -58.7988     -69.5019     -67.5912     -75.8430     -75.0983
                -72.9346     -73.5544     -72.3793     -72.2011     -77.5561
                -74.8229     -67.2885     -56.0228     -59.2019     -56.3467
                -51.3006     -63.3557     -57.6766     -64.8168     -56.2680
                -65.3209     -57.2341     -63.3484     -68.9142     -75.4555
                -68.8738     -64.3681     -62.9059     -58.1372     -66.1838
                -61.9610     -65.6423     -63.7824     -77.0385     -76.9009
                -64.0346     -66.8603     -59.6972     -66.9120     -55.9587
                -58.3835     -65.3335     -63.0583     -51.1836     -57.4487
   1    100     -72.9770     -76.0709     -81.5235     -81.8864     -69.6318
                -65.5899     -76.2664     -74.3660     -82.6175     -81.8735
                -79.7024     -80.3233     -79.1192     -78.9762     -84.3318
                -81.5886     -74.0577     -62.8390     -65.9765     -63.1351
                -58.0856     -70.0933     -64.4568     -71.5802     -63.0330
                -72.0870     -64.0450     -70.1125     -75.6791     -82.2342
                -75.6553     -71.1772     -69.6659     -64.9411     -72.9373
                -68.7326     -72.4190     -70.5613     -83.7864     -83.6582
                -70.7858     -73.6309     -66.4800     -73.7043     -62.7763
                -65.1841     -72.0869     -69.8267     -57.9754     -64.2207
   2      0     -60.7546     -63.9067     -69.3664     -69.5884     -57.4035
                -53.3076     -63.9945     -62.0955     -70.3821     -69.6213
                -67.4890     -68.1454     -66.9345     -66.7284     -72.1368
                -69.3968     -61.7762     -50.4674     -53.7713     -50.8462
                -45.8216     -57.8915     -52.2119     -59.3343     -50.8200
                -59.8292     -51.6807     -57.9152     -63.4832     -70.0512
                -63.3914     -58.7945     -57.4748     -52.6178     -60.7089
                -56.4445     -60.1002     -58.3247     -71.6557     -71.4557
                -58.5390     -61.3582     -54.1831     -61.3904     -50.4283
                -52.8894     -59.8623     -57.5960     -45.7081     -52.0083
   3      0     -60.7673     -63.9397     -69.3956     -69.6041     -57.4119
                -53.3116     -64.0121     -62.1050     -70.4414     -69.6145
                -67.5194     -68.1885     -66.9784     -66.7472     -72.1960
                -69.4344     -61.7770     -50.5321     -53.8095     -50.8724
                -45.8366     -57.9348     -52.2568     -59.3461     -50.8493
                -59.9026     -51.7198     -57.9431     -63.4668     -70.0784
                -63.4227     -58.8538     -57.4637     -52.6280     -60.7625
                -56.4742     -60.1745     -58.3543     -71.6515     -71.4907
                -58.5957     -61.3867     -54.1966     -61.4022     -50.4330
                -52.9104     -59.9071     -57.6086     -45.7208     -51.9846
   4      0     -60.7715     -63.9741     -69.3910     -69.5788     -57.4060
                -53.3018     -64.0456     -62.1247     -70.3900     -69.6275
                -67.5196     -68.1642     -66.9438     -66.7490     -72.1217
                -69.4192     -61.7540     -50.5328     -53.7545     -50.8655
                -45.8308     -57.9236     -52.2341     -59.3583     -50.8293
                -59.8861     -51.6788     -57.9290     -63.4835     -70.0526
                -63.4013     -58.8178     -57.4754     -52.5824     -60.6960
                -56.4142     -60.0948     -58.3056     -71.6632     -71.4607
                -58.5629     -61.3062     -54.1804     -61.3485     -50.3899
                -52.8911     -59.8910     -57.5943     -45.7498     -51.9897
   5      0     -60.8684     -64.0781     -69.4762     -69.6740     -57.4671
                -53.3587     -64.0905     -62.2206     -70.4978     -69.6634
                -67.5562     -68.2283     -67.0843     -66.8357     -72.2203
                -69.4832     -61.8496     -50.6218     -53.8451     -50.9815
                -45.9425     -58.0204     -52.2821     -59.4711     -50.9580
                -60.0032     -51.7463     -57.9802     -63.5328     -70.1648
                -63.5204     -58.9415     -57.5670     -52.7207     -60.7890
                -56.5609     -60.2391     -58.3791     -71.7268     -71.5130
                -58.6591     -61.4428     -54.2508     -61.4567     -50.4721
                -52.9747     -59.9731     -57.6752     -45.8231     -52.0647
   5     60     -62.7215     -65.9422     -71.3185     -71.5408     -59.3316
                -55.2419     -65.9599     -64.0879     -72.3669     -71.5195
                -69.4116     -70.0857     -68.9383     -68.6935     -74.0684
                -71.3371     -63.7179     -52.5101     -55.7123     -52.8711
                -47.8315     -59.8921     -54.1590     -61.3406     -52.8457
                -61.8850     -53.6256     -59.8383     -65.3812     -72.0199
                -65.3901     -60.8237     -59.4270     -54.6072     -62.6618
                -58.4441     -62.1182     -60.2605     -73.5725     -73.3659
                -60.5317     -63.3166     -56.1184     -63.3233     -52.3585
                -54.8569     -61.8469     -59.5504     -47.7077     -53.9403
   5     80     -67.0605     -70.2752     -75.6358     -75.8969     -63.6804
                -59.6126     -70.3027     -68.4391     -76.7113     -75.8618
                -73.7549     -74.4258     -73.2649     -73.0375     -78.4170
                -75.6795     -68.0675     -56.8819     -60.0755     -57.2600
                -52.2016     -64.2263     -58.5307     -65.6947     -57.2183
                -66.2424     -58.0167     -64.1940     -69.7261     -76.3678
                -69.7496     -65.1999     -63.7593     -58.9941     -67.0167
                -62.8161     -66.4822     -64.6327     -77.9032     -77.7068
                -64.8780     -67.6776     -60.4997     -67.6990     -56.7558
                -59.2352     -66.2085     -63.9095     -52.0874     -58.3042
   5    100     -73.1404     -76.3496     -81.6827     -81.9923     -69.7560
                -65.7216     -76.3891     -74.5275     -82.7973     -81.9426
                -79.8358     -80.5154     -79.3263     -79.1175     -84.5039
                -81.7535     -74.1533     -63.0207     -66.1705     -63.3907
                -58.3186     -70.2983     -64.6268     -71.7764     -63.3208
                -72.3362     -64.1281     -70.2725     -75.8019     -82.4624
                -75.8433     -71.3238     -69.8399     -65.1139     -73.1067
                -68.9133     -72.5835     -70.7313     -83.9672     -83.7770
                -70.9586     -73.7644     -66.5917     -73.7983     -62.8922
                -65.3600     -72.3044     -70.0071     -58.2105     -64.3954
 
 
 cumulative average & 95% error for solvation free energy
              total             1st component         2nd component
  1  -115.3168              -54.4681              -60.7673
  2  -114.9926     0.6484   -52.5576     3.8209   -62.3535     3.1724
  3  -114.9905     0.3744   -50.2081     5.1911   -64.7009     5.0394
  4  -115.0755     0.3146   -49.0673     4.3219   -65.9267     4.3253
  5  -115.0491     0.2493   -50.7440     4.7383   -64.2237     4.7776
  6  -114.8767     0.4005   -52.3902     5.0802   -62.4050     5.3336
  7  -114.9281     0.3537   -52.2120     4.3083   -62.6346     4.5310
  8  -114.8850     0.3182   -52.2351     3.7314   -62.5684     3.9262
  9  -114.7769     0.3543   -51.2522     3.8333   -63.4432     3.8795
 10  -114.8319     0.3355   -50.6901     3.6082   -64.0603     3.6829
 11  -114.9601     0.3973   -50.5039     3.2849   -64.3748     3.3902
 12  -114.9287     0.3681   -50.1546     3.0790   -64.6926     3.1594
 13  -114.9387     0.3392   -49.9888     2.8516   -64.8684     2.9274
 14  -114.9688     0.3197   -49.8847     2.6483   -65.0026     2.7235
 15  -114.9448     0.3015   -49.3812     2.6632   -65.4822     2.7108
 16  -114.9640     0.2846   -49.1533     2.5325   -65.7292     2.5834
 17  -114.9343     0.2739   -49.3561     2.4132   -65.4967     2.4708
 18  -114.7828     0.3980   -50.0360     2.6506   -64.6654     2.8620
 19  -114.7487     0.3826   -50.5733     2.7277   -64.0940     2.9385
 20  -114.7166     0.3686   -51.2022     2.8773   -63.4329     3.0854
 21  -114.6027     0.4181   -51.9262     3.0963   -62.5950     3.3796
 22  -114.5621     0.4068   -52.0975     2.9720   -62.3832     3.2500
 23  -114.5585     0.3888   -52.5342     2.9711   -61.9429     3.2279
 24  -114.5474     0.3729   -52.6313     2.8513   -61.8347     3.0981
 25  -114.4782     0.3835   -53.0015     2.8333   -61.3953     3.0988
 26  -114.4788     0.3685   -53.0595     2.7246   -61.3379     2.9794
 27  -114.4026     0.3859   -53.3395     2.6809   -60.9816     2.9542
 28  -114.3756     0.3758   -53.4210     2.5885   -60.8731     2.8550
 29  -114.3693     0.3628   -53.3253     2.5050   -60.9626     2.7606
 30  -114.4253     0.3680   -53.0774     2.4703   -61.2664     2.7353
 31  -114.4183     0.3562   -53.0009     2.3942   -61.3360     2.6493
 32  -114.4348     0.3464   -53.0950     2.3258   -61.2584     2.5698
 33  -114.4490     0.3370   -53.2241     2.2690   -61.1434     2.5013
 34  -114.4475     0.3269   -53.4731     2.2568   -60.8930     2.4778
 35  -114.4324     0.3189   -53.4617     2.1915   -60.8892     2.4060
 36  -114.3925     0.3200   -53.5445     2.1362   -60.7666     2.3510
 37  -114.3809     0.3121   -53.5488     2.0777   -60.7506     2.2868
 38  -114.3627     0.3060   -53.5937     2.0243   -60.6875     2.2294
 39  -114.3827     0.3007   -53.3326     2.0397   -60.9687     2.2431
 40  -114.4292     0.3075   -53.1160     2.0346   -61.2317     2.2487
 41  -114.4233     0.3001   -53.1744     1.9878   -61.1674     2.1969
 42  -114.3881     0.3012   -53.1341     1.9416   -61.1726     2.1440
 43  -114.3762     0.2951   -53.2843     1.9196   -61.0104     2.1186
 44  -114.3738     0.2884   -53.2731     1.8756   -61.0193     2.0699
 45  -114.2867     0.3314   -53.4212     1.8572   -60.7841     2.0774
 46  -114.2642     0.3272   -53.5699     1.8406   -60.6129     2.0604
 47  -114.2715     0.3205   -53.5922     1.8015   -60.5979     2.0163
 48  -114.2886     0.3156   -53.6715     1.7707   -60.5356     1.9777
 49  -114.2606     0.3141   -53.9459     1.8190   -60.2333     2.0292
 50  -114.2399     0.3105   -54.0902     1.8054   -60.0683     2.0154
 
 Mesh error is    0.092 kcal/mol
