 ERmod 0.3.8, Copyright (C) 2000-2019 Nobuyuki Matubayasi
                            2010-2019 Shun Sakuraba
 ERmod comes with ABSOLUTELY NO WARRANTY.
 This is free software, and you can redistribute it
 and/or modify it under certain conditions.
 See LICENSE file for details.
 
  Number of the   1-th solvent  =          378
  Number of the   2-th solvent  =        10000
 
  Be sure that the solvent distribution is homogeneous (radial distribution function is essentially unity) when the solvent molecule is separated beyond distance of   10.0 Angstrom in any direction from any atom within the solute molecule
 
  LJ long-range correction    =        -1.1319     -7.1533
 
  Self-energy of the solute   =        -0.0050  kcal/mol
 
 
 cumulative average & 95% error for solvation energy
              total             1st component         2nd component
  1  -436.5399              -50.2990             -386.2359
  2  -436.9741     0.8683   -50.7360     0.8740  -386.2331     0.0057
  3  -436.7655     0.6522   -53.0099     4.5757  -383.7506     4.9650
  4  -436.3469     0.9558   -53.3187     3.2940  -383.0232     3.8003
  5  -436.5012     0.8021   -49.1473     8.7243  -387.3489     9.1385
  6  -436.7454     0.8170   -48.2839     7.3296  -388.4564     7.7834
  7  -436.3704     1.0195   -48.0469     6.2128  -388.3185     6.5840
  8  -436.7384     1.1494   -46.9031     5.8465  -389.8303     6.4540
  9  -436.6380     1.0334   -45.9904     5.4697  -390.6425     5.9191
 10  -436.8150     0.9898   -44.9370     5.3266  -391.8730     5.8383
 11  -437.0097     0.9764   -45.5829     4.9883  -391.4217     5.3575
 12  -437.0343     0.8926   -45.7468     4.5655  -391.2825     4.8986
 13  -437.0638     0.8232   -46.5174     4.4735  -390.5414     4.7436
 14  -437.3010     0.8978   -47.7110     4.7804  -389.5851     4.7901
 15  -437.3258     0.8372   -48.4711     4.7028  -388.8497     4.6957
 16  -437.2577     0.7949   -47.5394     4.7774  -389.7133     4.7198
 17  -437.1960     0.7568   -47.0002     4.6154  -390.1908     4.5352
 18  -437.0726     0.7550   -47.2119     4.3720  -389.8556     4.3280
 19  -436.9618     0.7477   -47.9764     4.4091  -388.9804     4.4525
 20  -436.8187     0.7650   -47.6645     4.2291  -389.1492     4.2375
 21  -436.6083     0.8405   -48.0930     4.1130  -388.5102     4.2283
 22  -436.4451     0.8653   -47.9023     3.9401  -388.5377     4.0319
 23  -436.5424     0.8494   -47.8332     3.7674  -388.7042     3.8670
 24  -436.5459     0.8133   -47.7467     3.6112  -388.7941     3.7067
 25  -436.5418     0.7801   -47.8763     3.4734  -388.6606     3.5654
 26  -436.6277     0.7689   -48.2614     3.4249  -388.3612     3.4775
 27  -436.7619     0.7871   -48.6623     3.3917  -388.0946     3.3884
 28  -436.8466     0.7771   -48.6268     3.2691  -388.2148     3.2740
 29  -436.9232     0.7653   -48.8254     3.1793  -388.0927     3.1685
 30  -436.9552     0.7422   -49.4630     3.3256  -387.4872     3.2919
 31  -437.0120     0.7267   -50.7919     4.1726  -386.2150     4.0757
 32  -437.0564     0.7093   -52.0344     4.7431  -385.0170     4.6167
 33  -437.0546     0.6874   -52.5166     4.6972  -384.5330     4.5781
 34  -436.9910     0.6789   -52.4947     4.5572  -384.4913     4.4422
 35  -436.9751     0.6600   -52.3399     4.4359  -384.6302     4.3224
 36  -436.9248     0.6493   -51.9753     4.3721  -384.9445     4.2474
 37  -436.9014     0.6332   -51.3979     4.4063  -385.4984     4.2770
 38  -436.9090     0.6165   -51.0159     4.3564  -385.8881     4.2352
 39  -436.8699     0.6056   -50.9653     4.2444  -385.8995     4.1252
 40  -436.8801     0.5906   -50.6940     4.1724  -386.1811     4.0600
 41  -436.8467     0.5799   -50.3252     4.1356  -386.5165     4.0162
 42  -436.9024     0.5768   -49.9642     4.1000  -386.9332     4.0070
 43  -436.9251     0.5650   -50.2439     4.0424  -386.6762     3.9463
 44  -436.8874     0.5572   -50.1864     3.9512  -386.6960     3.8558
 45  -436.8788     0.5449   -50.1332     3.8638  -386.7406     3.7702
 46  -436.8533     0.5354   -50.0129     3.7865  -386.8353     3.6922
 47  -436.8899     0.5290   -50.0959     3.7088  -386.7890     3.6140
 48  -436.9496     0.5314   -50.4353     3.6936  -386.5093     3.5818
 49  -436.9695     0.5220   -50.4460     3.6175  -386.5184     3.5080
 50  -436.9238     0.5195   -50.5622     3.5520  -386.3565     3.4524
 
 
 group  inft  solvation free energy     error          difference
  total solvation free energy
   1      0        -79.51739           0.23859           0.08692
   1     60        -80.18340           0.23861          -0.57910
   1     80        -83.07739           0.23887          -3.47308
   1    100        -90.90069           0.24043         -11.29638
   2      0        -79.58494           0.23958           0.01936
   3      0        -79.60430           0.23935          -0.00000
   4      0        -79.61286           0.23915          -0.00856
   5      0        -79.67831           0.23892          -0.07400
   5     60        -80.51615           0.23897          -0.91184
   5     80        -83.92712           0.23936          -4.32282
   5    100        -91.10230           0.24070         -11.49800
 
  contribution from  1-th solvent component
   1      0        -16.88078           1.46224           0.03171
   1     60        -16.90376           1.46228           0.00872
   1     80        -17.01389           1.46246          -0.10140
   1    100        -17.36016           1.46265          -0.44767
   2      0        -16.90471           1.46170           0.00778
   3      0        -16.91249           1.46262           0.00000
   4      0        -16.92128           1.46119          -0.00880
   5      0        -16.92452           1.46156          -0.01203
   5     60        -16.95396           1.46162          -0.04148
   5     80        -17.08696           1.46180          -0.17447
   5    100        -17.40920           1.46196          -0.49671
 
  contribution from  2-th solvent component
   1      0        -62.63158           1.49511           0.05521
   1     60        -63.27461           1.49461          -0.58783
   1     80        -66.05847           1.49311          -3.37168
   1    100        -73.53550           1.49086         -10.84871
   2      0        -62.67520           1.49376           0.01159
   3      0        -62.68679           1.49570           0.00000
   4      0        -62.68655           1.49283           0.00024
   5      0        -62.74876           1.49388          -0.06197
   5     60        -63.55715           1.49323          -0.87037
   5     80        -66.83513           1.49168          -4.14834
   5    100        -73.68807           1.48965         -11.00129
 
 
 group  inft   Estimated free energy: total (kcal/mol)
   1      0     -79.1441     -79.3281     -79.0325     -78.3297     -79.8335
                -79.6363     -78.4777     -80.8123     -79.1577     -80.4018
                -80.4749     -79.7828     -79.5186     -81.1438     -79.9751
                -79.6456     -79.1925     -78.6203     -78.3526     -78.3506
                -77.4012     -77.8658     -80.8302     -79.5432     -79.4375
                -80.4846     -80.8623     -80.7114     -80.5878     -79.7413
                -79.2233     -79.0777     -79.1524     -78.6047     -79.4281
                -78.9831     -79.5126     -79.9977     -78.8432     -79.7088
                -79.2401     -80.6993     -79.8763     -78.9284     -79.5875
                -79.2574     -80.1753     -80.4089     -80.1968     -78.2922
   1     60     -79.8087     -79.9947     -79.6987     -78.9946     -80.4967
                -80.2978     -79.1421     -81.4768     -79.8196     -81.0625
                -81.1439     -80.4501     -80.1858     -81.8109     -80.6439
                -80.3105     -79.8571     -79.2868     -79.0213     -79.0155
                -78.0700     -78.5307     -81.4977     -80.2051     -80.1021
                -81.1514     -81.5282     -81.3777     -81.2560     -80.4120
                -79.8955     -79.7477     -79.8210     -79.2708     -80.0925
                -79.6464     -80.1759     -80.6637     -79.5096     -80.3741
                -79.9036     -81.3621     -80.5438     -79.5941     -80.2536
                -79.9222     -80.8427     -81.0788     -80.8645     -78.9586
   1     80     -82.6967     -82.8931     -82.5950     -81.8797     -83.3829
                -83.1744     -82.0282     -84.3645     -82.7036     -83.9520
                -84.0481     -83.3507     -83.0779     -84.7056     -83.5507
                -83.1981     -82.7400     -82.1817     -81.9250     -81.8953
                -80.9759     -81.4202     -84.3962     -83.0852     -82.9833
                -84.0538     -84.4169     -84.2746     -84.1574     -83.3240
                -82.8054     -82.6580     -82.7235     -82.1667     -82.9831
                -82.5342     -83.0640     -83.5565     -82.4029     -83.2694
                -82.7910     -84.2478     -83.4458     -82.4869     -83.1427
                -82.8140     -83.7429     -83.9819     -83.7668     -81.8551
   1    100     -90.5050     -90.7197     -90.4246     -89.6809     -91.1919
                -90.9611     -89.8396     -92.1936     -90.4965     -91.7634
                -91.8892     -91.1918     -90.8987     -92.5349     -91.3925
                -91.0124     -90.5410     -90.0237     -89.7735     -89.7029
                -88.8115     -89.2242     -92.2335     -90.8904     -90.7885
                -91.8922     -92.2377     -92.1158     -91.9969     -91.1772
                -90.6385     -90.4962     -90.5631     -89.9901     -90.7980
                -90.3377     -90.8760     -91.3798     -90.2201     -91.0922
                -90.6003     -92.0602     -91.2796     -90.2932     -90.9570
                -90.6356     -91.5826     -91.8446     -91.6132     -89.6714
   2      0     -79.2251     -79.4287     -79.0750     -78.4264     -79.9013
                -79.6842     -78.4825     -80.8628     -79.2231     -80.4743
                -80.5581     -79.8551     -79.5501     -81.2440     -80.0847
                -79.7097     -79.2812     -78.6634     -78.4231     -78.4212
                -77.4492     -77.9404     -80.8960     -79.5566     -79.5079
                -80.5530     -80.9029     -80.7726     -80.6916     -79.8558
                -79.3050     -79.1419     -79.2110     -78.7119     -79.5174
                -79.0401     -79.6092     -80.0617     -78.8960     -79.7410
                -79.2894     -80.7729     -79.9421     -78.9900     -79.6798
                -79.3168     -80.2441     -80.4824     -80.2432     -78.3513
   3      0     -79.2259     -79.4026     -79.1491     -78.4343     -79.9544
                -79.7831     -78.4883     -80.8501     -79.2352     -80.4780
                -80.5863     -79.8533     -79.5979     -81.2777     -80.1332
                -79.7748     -79.3287     -78.6839     -78.3774     -78.4255
                -77.4829     -77.9907     -80.8655     -79.5441     -79.5128
                -80.5456     -80.9284     -80.8256     -80.7131     -79.8500
                -79.3129     -79.1780     -79.2148     -78.6788     -79.5011
                -79.0541     -79.6173     -80.1227     -78.9318     -79.7320
                -79.3213     -80.7979     -79.9449     -79.0299     -79.6962
                -79.3335     -80.2824     -80.4609     -80.2797     -78.4264
   4      0     -79.2565     -79.4504     -79.0907     -78.4775     -79.9856
                -79.7461     -78.5048     -80.8606     -79.2157     -80.4536
                -80.5595     -79.8641     -79.5735     -81.3196     -80.1652
                -79.7949     -79.3347     -78.6787     -78.3927     -78.4388
                -77.5140     -77.9593     -80.8874     -79.5191     -79.5447
                -80.5779     -80.9024     -80.8259     -80.7220     -79.8975
                -79.2853     -79.1834     -79.2637     -78.7043     -79.5181
                -79.0459     -79.6003     -80.1046     -78.9133     -79.7601
                -79.3249     -80.7746     -80.0124     -79.0710     -79.6858
                -79.3484     -80.3069     -80.4688     -80.3058     -78.4520
   5      0     -79.3198     -79.5236     -79.1739     -78.5328     -80.0567
                -79.8386     -78.6002     -80.9136     -79.3116     -80.5241
                -80.6386     -79.9433     -79.6610     -81.3810     -80.2140
                -79.8270     -79.3820     -78.7439     -78.4516     -78.5054
                -77.5951     -78.0381     -80.9357     -79.6104     -79.6149
                -80.6421     -80.9756     -80.8773     -80.7719     -79.9365
                -79.3619     -79.2033     -79.3240     -78.7706     -79.5824
                -79.0856     -79.6485     -80.1899     -78.9649     -79.8092
                -79.3902     -80.8404     -80.0671     -79.1208     -79.7981
                -79.4270     -80.3688     -80.5481     -80.3897     -78.4846
   5     60     -80.1558     -80.3623     -80.0119     -79.3680     -80.8914
                -80.6699     -79.4351     -81.7486     -80.1457     -81.3575
                -81.4802     -80.7821     -80.4992     -82.2205     -81.0569
                -80.6633     -80.2176     -79.5815     -79.2931     -79.3395
                -78.4372     -78.8737     -81.7738     -80.4429     -80.4504
                -81.4829     -81.8126     -81.7155     -81.6120     -80.7807
                -80.2062     -80.0477     -80.1652     -79.6091     -80.4192
                -79.9192     -80.4837     -81.0275     -79.8030     -80.6455
                -80.2249     -81.6746     -80.9076     -79.9582     -80.6355
                -80.2642     -81.2089     -81.3896     -81.2310     -79.3243
   5     80     -83.5629     -83.7782     -83.4237     -82.7713     -84.2950
                -84.0622     -82.8351     -85.1555     -83.5431     -84.7600
                -84.9019     -84.2015     -83.9105     -85.6340     -84.4823
                -84.0695     -83.6204     -82.9930     -82.7135     -82.7357
                -81.8603     -82.2773     -85.1856     -83.8372     -83.8478
                -84.9006     -85.2197     -85.1312     -85.0307     -84.2117
                -83.6324     -83.4735     -83.5849     -83.0210     -83.8260
                -83.3213     -83.8879     -84.4405     -83.2147     -84.0574
                -83.6275     -85.0742     -84.3268     -83.3668     -84.0437
                -83.6715     -84.6307     -84.8098     -84.6536     -82.7403
   5    100     -90.7231     -90.9543     -90.6040     -89.9304     -91.4597
                -91.2049     -89.9946     -92.3280     -90.6908     -91.9227
                -92.0920     -91.3957     -91.0907     -92.8158     -91.6782
                -91.2403     -90.7815     -90.1814     -89.9054     -89.8926
                -89.0513     -89.4315     -92.3684     -90.9879     -91.0028
                -92.0834     -92.3962     -92.3234     -92.2213     -91.4119
                -90.8154     -90.6651     -90.7748     -90.2002     -90.9944
                -90.4789     -91.0552     -91.6236     -90.3868     -91.2315
                -90.7877     -92.2386     -91.5089     -90.5278     -91.2119
                -90.8430     -91.8294     -92.0110     -91.8517     -89.9150
 
 group  inft   Estimated free energy: 1-th solvent contribution (kcal/mol)
   1      0     -16.7479     -17.1818     -19.8018     -18.3652      -9.3556
                -14.2568     -15.3330     -12.0541     -11.9549     -10.6131
                -17.3376     -15.7989     -18.9914     -22.2005     -20.3507
                 -9.7215     -11.7283     -17.2515     -21.5942     -13.3683
                -19.6346     -14.0503     -15.0908     -15.0549     -17.1073
                -19.8467     -20.4909     -15.8757     -18.5902     -24.1280
                -32.8799     -33.1066     -24.1285     -17.5316     -15.4950
                -12.1808      -8.4021     -11.0624     -16.0835     -12.6187
                -10.5480     -10.4849     -21.6179     -15.5288     -15.6487
                -14.4409     -18.4869     -23.6126     -17.0942     -19.2105
   1     60     -16.7710     -17.2047     -19.8248     -18.3881      -9.3787
                -14.2800     -15.3562     -12.0769     -11.9773     -10.6358
                -17.3603     -15.8220     -19.0148     -22.2236     -20.3725
                 -9.7439     -11.7512     -17.2741     -21.6174     -13.3913
                -19.6573     -14.0730     -15.1139     -15.0782     -17.1301
                -19.8701     -20.5141     -15.8987     -18.6130     -24.1511
                -32.9034     -33.1301     -24.1522     -17.5546     -15.5184
                -12.2037      -8.4243     -11.0853     -16.1067     -12.6416
                -10.5708     -10.5080     -21.6409     -15.5517     -15.6716
                -14.4640     -18.5104     -23.6357     -17.1171     -19.2337
   1     80     -16.8815     -17.3142     -19.9348     -18.4976      -9.4892
                -14.3910     -15.4672     -12.1862     -12.0850     -10.7449
                -17.4697     -15.9328     -19.1266     -22.3341     -20.4781
                 -9.8518     -11.8613     -17.3827     -21.7284     -13.5010
                -19.7658     -14.1822     -15.2248     -15.1896     -17.2392
                -19.9821     -20.6252     -16.0089     -18.7223     -24.2617
                -33.0154     -33.2426     -24.2653     -17.6648     -15.6303
                -12.3135      -8.5311     -11.1952     -16.2175     -12.7517
                -10.6803     -10.6188     -21.7511     -15.6615     -15.7809
                -14.5744     -18.6227     -23.7461     -17.2269     -19.3446
   1    100     -17.2271     -17.6593     -20.2800     -18.8418      -9.8371
                -14.7385     -15.8146     -12.5327     -12.4277     -11.0902
                -17.8150     -16.2804     -19.4747     -22.6804     -20.8152
                -10.1931     -12.2069     -17.7276     -22.0766     -13.8468
                -20.1094     -14.5264     -15.5719     -15.5375     -17.5839
                -20.3315     -20.9720     -16.3560     -19.0686     -24.6088
                -33.3638     -33.5911     -24.6159     -18.0111     -15.9798
                -12.6597      -8.8730     -11.5417     -16.5646     -13.0984
                -11.0257     -10.9666     -22.0978     -16.0067     -16.1258
                -14.9217     -18.9723     -24.0938     -17.5745     -19.6919
   2      0     -16.7824     -17.2037     -19.8254     -18.3891      -9.3789
                -14.2647     -15.3503     -12.0790     -11.9866     -10.6372
                -17.3602     -15.8290     -18.9931     -22.2326     -20.3904
                 -9.7528     -11.7461     -17.2736     -21.6209     -13.3859
                -19.6584     -14.0742     -15.1161     -15.0660     -17.1344
                -19.8627     -20.5060     -15.9040     -18.6269     -24.1559
                -32.9049     -33.1108     -24.1370     -17.5614     -15.5116
                -12.2017      -8.4485     -11.0756     -16.1063     -12.6502
                -10.5902     -10.5063     -21.6411     -15.5600     -15.6732
                -14.4663     -18.5049     -23.6547     -17.1154     -19.2293
   3      0     -16.7752     -17.2271     -19.8472     -18.3941      -9.3800
                -14.2765     -15.3541     -12.0882     -11.9900     -10.6360
                -17.3686     -15.8291     -18.9946     -22.2482     -20.3939
                 -9.7498     -11.7420     -17.2852     -21.6226     -13.3959
                -19.6722     -14.0854     -15.1136     -15.0686     -17.1479
                -19.8603     -20.5189     -15.9145     -18.6516     -24.1841
                -32.9167     -33.1348     -24.1423     -17.5671     -15.5248
                -12.1991      -8.4446     -11.0944     -16.1087     -12.6596
                -10.5912     -10.5258     -21.6615     -15.5655     -15.6752
                -14.4796     -18.5027     -23.6543     -17.1233     -19.2382
   4      0     -16.7879     -17.2407     -19.8373     -18.4065      -9.3897
                -14.2821     -15.3724     -12.0958     -11.9941     -10.6399
                -17.3782     -15.8417     -18.9926     -22.2496     -20.4119
                 -9.7754     -11.7577     -17.2876     -21.6294     -13.4044
                -19.6811     -14.0988     -15.1349     -15.0756     -17.1577
                -19.8781     -20.5275     -15.9247     -18.6662     -24.1796
                -32.9174     -33.1140     -24.1466     -17.5817     -15.5234
                -12.2059      -8.4765     -11.1087     -16.1172     -12.6693
                -10.6091     -10.5374     -21.6666     -15.5732     -15.6918
                -14.4850     -18.5030     -23.6587     -17.1333     -19.2464
   5      0     -16.7980     -17.2381     -19.8482     -18.4075      -9.3946
                -14.2902     -15.3696     -12.1030     -12.0099     -10.6406
                -17.3841     -15.8470     -19.0017     -22.2554     -20.4224
                 -9.7708     -11.7633     -17.2964     -21.6230     -13.4170
                -19.6848     -14.0998     -15.1438     -15.0862     -17.1643
                -19.8888     -20.5199     -15.9200     -18.6560     -24.1908
                -32.9311     -33.1165     -24.1540     -17.5813     -15.5235
                -12.2132      -8.4698     -11.1078     -16.1118     -12.6699
                -10.6045     -10.5299     -21.6640     -15.5868     -15.6994
                -14.4878     -18.5062     -23.6667     -17.1290     -19.2375
   5     60     -16.8276     -17.2674     -19.8777     -18.4369      -9.4240
                -14.3198     -15.3993     -12.1322     -12.0385     -10.6696
                -17.4133     -15.8767     -19.0316     -22.2848     -20.4506
                 -9.7997     -11.7929     -17.3254     -21.6526     -13.4463
                -19.7138     -14.1290     -15.1734     -15.1160     -17.1934
                -19.9187     -20.5496     -15.9496     -18.6852     -24.2204
                -32.9611     -33.1468     -24.1842     -17.6107     -15.5534
                -12.2426      -8.4983     -11.1373     -16.1414     -12.6992
                -10.6338     -10.5596     -21.6934     -15.6163     -15.7286
                -14.5173     -18.5362     -23.6962     -17.1583     -19.2673
   5     80     -16.9610     -17.3997     -20.0106     -18.5699      -9.5573
                -14.4537     -15.5332     -12.2645     -12.1682     -10.8013
                -17.5453     -16.0107     -19.1665     -22.4180     -20.5787
                 -9.9302     -11.9263     -17.4564     -21.7864     -13.5789
                -19.8447     -14.2607     -15.3072     -15.2505     -17.3251
                -20.0536     -20.6838     -16.0830     -18.8175     -24.3540
                -33.0959     -33.2827     -24.3202     -17.7437     -15.6882
                -12.3752      -8.6278     -11.2706     -16.2752     -12.8320
                -10.7660     -10.6934     -21.8264     -15.7492     -15.8604
                -14.6506     -18.6715     -23.8296     -17.2909     -19.4018
   5    100     -17.2826     -17.7209     -20.3325     -18.8911      -9.8810
                -14.7765     -15.8561     -12.5868     -12.4865     -11.1221
                -17.8665     -16.3346     -19.4904     -22.7400     -20.8934
                -10.2483     -12.2488     -17.7770     -22.1097     -13.9001
                -20.1643     -14.5808     -15.6301     -15.5741     -17.6455
                -20.3782     -21.0070     -16.4069     -19.1403     -24.6773
                -33.4193     -33.6075     -24.6455     -18.0662     -16.0128
                -12.6972      -8.9470     -11.5945     -16.5981     -13.1544
                -11.0875     -11.0173     -22.1487     -16.0709     -16.1809
                -14.9737     -18.9965     -24.1530     -17.6139     -19.7259
 
 group  inft   Estimated free energy: 2-th solvent contribution (kcal/mol)
   1      0     -62.3912     -62.1413     -59.2256     -59.9594     -70.4728
                -65.3745     -63.1396     -68.7531     -67.1978     -69.7836
                -63.1323     -63.9789     -60.5222     -58.9382     -59.6194
                -69.9191     -67.4592     -61.3637     -56.7534     -64.9773
                -57.7615     -63.8105     -65.7344     -64.4832     -62.3252
                -60.6329     -60.3664     -64.8307     -61.9926     -55.6083
                -46.3384     -45.9661     -55.0188     -61.0680     -63.9281
                -66.7973     -71.1055     -68.9303     -62.7546     -67.0851
                -68.6871     -70.2094     -58.2534     -63.3946     -63.9337
                -64.8114     -61.6834     -56.7913     -63.0976     -59.0766
   1     60     -63.0327     -62.7850     -59.8689     -60.6015     -71.1130
                -66.0128     -63.7808     -69.3949     -67.8372     -70.4217
                -63.7785     -64.6231     -61.1660     -59.5823     -60.2664
                -70.5616     -68.1008     -62.0076     -57.3989     -65.6192
                -58.4077     -64.4526     -66.3788     -65.1219     -62.9670
                -61.2762     -61.0090     -65.4740     -62.6380     -56.2559
                -46.9871     -46.6126     -55.6638     -61.7111     -64.5691
                -67.4378     -71.7466     -69.5734     -63.3978     -67.7274
                -69.3278     -70.8490     -58.8979     -64.0374     -64.5770
                -65.4532     -62.3273     -57.4381     -63.7424     -59.7199
   1     80     -65.8102     -65.5739     -62.6552     -63.3771     -73.8887
                -68.7783     -66.5560     -72.1733     -70.6136     -73.2021
                -66.5734     -67.4128     -63.9463     -62.3664     -63.0675
                -73.3412     -70.8737     -64.7940     -60.1916     -68.3893
                -61.2051     -67.2330     -69.1663     -67.8906     -65.7391
                -64.0666     -63.7867     -68.2607     -65.4301     -59.0573
                -49.7850     -49.4104     -58.4532     -64.4968     -67.3478
                -70.2156     -74.5278     -72.3563     -66.1804     -70.5127
                -72.1057     -73.6239     -61.6896     -66.8203     -67.3568
                -68.2346     -65.1152     -60.2308     -66.5349     -62.5055
   1    100     -73.2728     -73.0554     -70.1395     -70.8340     -81.3497
                -76.2176     -74.0200     -79.6559     -78.0638     -80.6682
                -74.0692     -74.9064     -71.4189     -69.8495     -70.5723
                -80.8143     -78.3290     -72.2910     -67.6919     -75.8510
                -68.6971     -74.6928     -76.6566     -75.3478     -73.1996
                -71.5557     -71.2606     -75.7547     -72.9234     -66.5633
                -57.2697     -56.9001     -65.9421     -71.9739     -74.8132
                -77.6730     -81.9980     -79.8331     -73.6504     -77.9888
                -79.5695     -81.0886     -69.1768     -74.2815     -74.8262
                -75.7089     -72.6053     -67.7458     -74.0336     -69.9745
   2      0     -62.4377     -62.2200     -59.2447     -60.0323     -70.5174
                -65.4145     -63.1272     -68.7787     -67.2315     -69.8321
                -63.1928     -64.0210     -60.5519     -59.0064     -59.6893
                -69.9519     -67.5301     -61.3847     -56.7972     -65.0302
                -57.7858     -63.8611     -65.7749     -64.4856     -62.3685
                -60.6852     -60.3919     -64.8636     -62.0597     -55.6948
                -46.3950     -46.0261     -55.0689     -61.1455     -64.0008
                -66.8333     -71.1557     -68.9811     -62.7847     -67.0857
                -68.6942     -70.2616     -58.2960     -63.4250     -64.0015
                -64.8455     -61.7342     -56.8227     -63.1228     -59.1170
   3      0     -62.4456     -62.1704     -59.2968     -60.0352     -70.5694
                -65.5015     -63.1292     -68.7569     -67.2402     -69.8369
                -63.2127     -64.0191     -60.5983     -59.0245     -59.7343
                -70.0199     -67.5817     -61.3937     -56.7498     -65.0245
                -57.8057     -63.9003     -65.7469     -64.4705     -62.3599
                -60.6803     -60.4045     -64.9061     -62.0565     -55.6609
                -46.3912     -46.0382     -55.0675     -61.1067     -63.9712
                -66.8499     -71.1677     -69.0233     -62.8181     -67.0674
                -68.7251     -70.2671     -58.2784     -63.4594     -64.0160
                -64.8489     -61.7746     -56.8016     -63.1514     -59.1832
   4      0     -62.4636     -62.2047     -59.2483     -60.0660     -70.5909
                -65.4590     -63.1274     -68.7598     -67.2165     -69.8087
                -63.1763     -64.0174     -60.5759     -59.0650     -59.7483
                -70.0144     -67.5720     -61.3860     -56.7584     -65.0294
                -57.8278     -63.8555     -65.7475     -64.4384     -62.3820
                -60.6948     -60.3698     -64.8961     -62.0508     -55.7129
                -46.3628     -46.0643     -55.1120     -61.1176     -63.9897
                -66.8350     -71.1187     -68.9909     -62.7910     -67.0857
                -68.7108     -70.2322     -58.3408     -63.4927     -63.9890
                -64.8584     -61.7989     -56.8051     -63.1674     -59.2005
   5      0     -62.5167     -62.2805     -59.3206     -60.1203     -70.6571
                -65.5434     -63.2255     -68.8055     -67.2967     -69.8785
                -63.2495     -64.0913     -60.6543     -59.1206     -59.7866
                -70.0511     -67.6137     -61.4425     -56.8236     -65.0834
                -57.9053     -63.9332     -65.7868     -64.5192     -62.4456
                -60.7483     -60.4507     -64.9523     -62.1109     -55.7406
                -46.4258     -46.0817     -55.1649     -61.1843     -64.0538
                -66.8673     -71.1737     -69.0771     -62.8480     -67.1343
                -68.7806     -70.3055     -58.3981     -63.5289     -64.0937
                -64.9342     -61.8576     -56.8764     -63.2556     -59.2420
   5     60     -63.3232     -63.0899     -60.1293     -60.9261     -71.4623
                -66.3450     -64.0308     -69.6114     -68.1022     -70.6828
                -64.0619     -64.9004     -61.4625     -59.9307     -60.6012
                -70.8587     -68.4198     -62.2511     -57.6355     -65.8881
                -58.7184     -64.7397     -66.5953     -65.3219     -63.2520
                -61.5591     -61.2579     -65.7609     -62.9218     -56.5553
                -47.2401     -46.8959     -55.9760     -61.9933     -64.8608
                -67.6716     -71.9804     -69.8852     -63.6565     -67.9413
                -69.5861     -71.1100     -59.2091     -64.3369     -64.9019
                -65.7418     -62.6677     -57.6884     -64.0676     -60.0520
   5     80     -66.5969     -66.3735     -63.4080     -64.1965     -74.7326
                -69.6034     -67.2969     -72.8860     -71.3699     -73.9537
                -67.3515     -68.1857     -64.7390     -63.2109     -63.8986
                -74.1343     -71.6891     -65.5316     -60.9220     -69.1518
                -62.0106     -68.0116     -69.8735     -68.5816     -66.5177
                -64.8419     -64.5309     -69.0431     -66.2082     -59.8526
                -50.5315     -50.1858     -59.2597     -65.2723     -68.1327
                -70.9411     -75.2551     -73.1648     -66.9345     -71.2204
                -72.8564     -74.3758     -62.4954     -67.6126     -68.1783
                -69.0158     -65.9541     -60.9751     -67.3577     -63.3335
   5    100     -73.4354     -73.2283     -70.2665     -71.0343     -81.5737
                -76.4234     -74.1335     -79.7362     -78.1992     -80.7956
                -74.2204     -75.0561     -71.5953     -70.0707     -70.7798
                -80.9870     -78.5277     -72.3994     -67.7907     -75.9876
                -68.8820     -74.8457     -76.7333     -75.4087     -73.3523
                -71.7001     -71.3842     -75.9115     -73.0760     -66.7296
                -57.3911     -57.0525     -66.1242     -72.1290     -74.9766
                -77.7766     -82.1032     -80.0240     -73.7837     -78.0721
                -79.6951     -81.2163     -69.3552     -74.4518     -75.0259
                -75.8643     -72.8279     -67.8530     -74.2328     -70.1840
 
 
 cumulative average & 95% error for solvation free energy
              total             1st component         2nd component
  1   -79.2259              -16.7752              -62.4456
  2   -79.3142     0.1767   -17.0012     0.4519   -62.3080     0.2752
  3   -79.2592     0.1501   -17.9499     1.9152   -61.3043     2.0138
  4   -79.0530     0.4259   -18.0609     1.3724   -60.9870     1.5589
  5   -79.2332     0.4887   -16.3247     3.6315   -62.9035     4.0187
  6   -79.3249     0.4391   -15.9834     3.0427   -63.3365     3.3936
  7   -79.2054     0.4414   -15.8935     2.5778   -63.3069     2.8687
  8   -79.4110     0.5614   -15.4178     2.4267   -63.9881     2.8335
  9   -79.3914     0.4967   -15.0369     2.2717   -64.3495     2.6013
 10   -79.5001     0.4945   -14.5968     2.2143   -64.8982     2.5725
 11   -79.5988     0.4890   -14.8488     2.0653   -64.7450     2.3470
 12   -79.6200     0.4484   -14.9305     1.8924   -64.6845     2.1459
 13   -79.6183     0.4125   -15.2431     1.8497   -64.3702     2.0717
 14   -79.7369     0.4495   -15.7435     1.9834   -63.9883     2.0644
 15   -79.7633     0.4218   -16.0535     1.9478   -63.7047     2.0038
 16   -79.7640     0.3945   -15.6595     1.9851   -64.0994     2.0339
 17   -79.7384     0.3741   -15.4291     1.9208   -64.3043     1.9539
 18   -79.6798     0.3717   -15.5322     1.8226   -64.1426     1.8703
 19   -79.6113     0.3773   -15.8528     1.8394   -63.7535     1.9327
 20   -79.5520     0.3771   -15.7299     1.7622   -63.8170     1.8380
 21   -79.4535     0.4093   -15.9176     1.7177   -63.5308     1.8396
 22   -79.3870     0.4123   -15.8344     1.6462   -63.5476     1.7543
 23   -79.4512     0.4144   -15.8030     1.5743   -63.6432     1.6872
 24   -79.4551     0.3968   -15.7724     1.5085   -63.6777     1.6168
 25   -79.4574     0.3806   -15.8274     1.4511   -63.6250     1.5544
 26   -79.4993     0.3752   -15.9825     1.4282   -63.5117     1.5105
 27   -79.5522     0.3762   -16.1506     1.4148   -63.3966     1.4716
 28   -79.5977     0.3738   -16.1421     1.3635   -63.4505     1.4221
 29   -79.6362     0.3687   -16.2287     1.3269   -63.4025     1.3756
 30   -79.6433     0.3565   -16.4938     1.3873   -63.1444     1.4256
 31   -79.6326     0.3455   -17.0236     1.7097   -62.6040     1.7520
 32   -79.6184     0.3357   -17.5271     1.9376   -62.0863     1.9874
 33   -79.6062     0.3263   -17.7275     1.9203   -61.8736     1.9726
 34   -79.5789     0.3212   -17.7228     1.8630   -61.8511     1.9143
 35   -79.5767     0.3120   -17.6600     1.8133   -61.9116     1.8627
 36   -79.5622     0.3046   -17.5083     1.7882   -62.0488     1.8309
 37   -79.5637     0.2962   -17.2634     1.8069   -62.2953     1.8477
 38   -79.5784     0.2898   -17.1010     1.7884   -62.4723     1.8329
 39   -79.5618     0.2842   -17.0756     1.7427   -62.4812     1.7854
 40   -79.5661     0.2772   -16.9652     1.7128   -62.5958     1.7552
 41   -79.5601     0.2706   -16.8097     1.6992   -62.7453     1.7378
 42   -79.5896     0.2706   -16.6601     1.6851   -62.9244     1.7333
 43   -79.5978     0.2647   -16.7764     1.6618   -62.8164     1.7063
 44   -79.5849     0.2599   -16.7489     1.6245   -62.8310     1.6673
 45   -79.5874     0.2541   -16.7250     1.5887   -62.8573     1.6307
 46   -79.5819     0.2488   -16.6762     1.5568   -62.9006     1.5972
 47   -79.5968     0.2452   -16.7151     1.5253   -62.8767     1.5636
 48   -79.6148     0.2428   -16.8596     1.5210   -62.7501     1.5514
 49   -79.6283     0.2393   -16.8650     1.4896   -62.7583     1.5195
 50   -79.6043     0.2393   -16.9125     1.4626   -62.6868     1.4957
 
 Mesh error is    0.087 kcal/mol
