 ERmod 0.3.8, Copyright (C) 2000-2019 Nobuyuki Matubayasi
                            2010-2019 Shun Sakuraba
 ERmod comes with ABSOLUTELY NO WARRANTY.
 This is free software, and you can redistribute it
 and/or modify it under certain conditions.
 See LICENSE file for details.
 
  Number of the   1-th solvent  =         1472
  Number of the   2-th solvent  =        10000
 
  Be sure that the solvent distribution is homogeneous (radial distribution function is essentially unity) when the solvent molecule is separated beyond distance of   10.0 Angstrom in any direction from any atom within the solute molecule
 
  LJ long-range correction    =        -3.5283     -5.7260
 
  Self-energy of the solute   =        -0.0018  kcal/mol
 
 
 cumulative average & 95% error for solvation energy
              total             1st component         2nd component
  1  -487.1223             -168.1284             -318.9921
  2  -485.6980     2.8485  -173.2892    10.3216  -312.4071    13.1700
  3  -485.2487     1.8741  -183.8786    22.0013  -301.3683    23.3504
  4  -485.2060     1.3279  -192.9137    23.8446  -292.2905    24.5407
  5  -485.1320     1.0392  -199.3690    22.5348  -285.7612    23.0624
  6  -485.2519     0.8818  -198.2228    18.5419  -287.0273    18.9999
  7  -484.8463     1.1016  -196.4376    16.0724  -288.4070    16.2932
  8  -485.3224     1.3478  -191.5499    17.0087  -293.7707    17.7250
  9  -485.4829     1.2312  -190.4032    15.1746  -295.0779    15.8491
 10  -485.8545     1.3286  -188.0719    14.3511  -297.7809    15.1717
 11  -486.4268     1.6596  -184.5008    14.8161  -301.9242    16.0312
 12  -486.8515     1.7369  -181.0457    15.1883  -305.8041    16.5643
 13  -487.1829     1.7297  -180.3854    14.0334  -306.7957    15.3655
 14  -487.5404     1.7537  -178.2515    13.6755  -309.2871    15.0731
 15  -487.6641     1.6513  -177.3981    12.8451  -310.2642    14.1677
 16  -487.6725     1.5447  -175.9181    12.3747  -311.7527    13.5829
 17  -487.9128     1.5286  -173.6350    12.4887  -314.2760    13.7208
 18  -488.0883     1.4832  -172.5886    11.9590  -315.4979    13.1649
 19  -488.0199     1.4096  -173.7042    11.5300  -314.3140    12.6759
 20  -487.8334     1.3884  -174.2534    10.9933  -313.5782    12.1151
 21  -487.9119     1.3299  -173.5910    10.5403  -314.3191    11.6186
 22  -487.8003     1.2875  -172.2421    10.4056  -315.5565    11.3509
 23  -487.7513     1.2341  -171.9402     9.9613  -315.8094    10.8580
 24  -487.7949     1.1848  -171.4214     9.5934  -316.3717    10.4564
 25  -487.7305     1.1437  -172.0082     9.2763  -315.7205    10.1136
 26  -487.8187     1.1129  -173.0872     9.1699  -314.7298     9.9168
 27  -487.8547     1.0733  -173.5176     8.8656  -314.3353     9.5750
 28  -488.0138     1.0821  -173.1115     8.5816  -314.9005     9.2957
 29  -488.1435     1.0758  -172.2571     8.4549  -315.8846     9.1829
 30  -488.2481     1.0602  -171.2272     8.4239  -317.0191     9.1571
 31  -488.3218     1.0360  -170.9038     8.1733  -317.4163     8.8923
 32  -488.1955     1.0344  -170.6284     7.9329  -317.5653     8.6151
 33  -488.0663     1.0354  -170.8032     7.6967  -317.2614     8.3721
 34  -488.1405     1.0153  -170.2903     7.5370  -317.8484     8.2065
 35  -488.1809     0.9892  -170.6299     7.3500  -317.5493     7.9910
 36  -488.2152     0.9638  -170.1462     7.2081  -318.0672     7.8347
 37  -488.2125     0.9374  -169.6307     7.0860  -318.5801     7.6887
 38  -488.1983     0.9128  -168.7759     7.1057  -319.4206     7.6701
 39  -488.1943     0.8892  -168.3893     6.9642  -319.8032     7.5099
 40  -488.1556     0.8701  -168.9913     6.8938  -319.1625     7.4311
 41  -488.0936     0.8576  -169.3810     6.7685  -318.7109     7.3037
 42  -488.1041     0.8372  -169.2177     6.6135  -318.8846     7.1361
 43  -487.8980     0.9156  -169.2082     6.4579  -318.6881     6.9793
 44  -487.8762     0.8956  -168.6801     6.3972  -319.1943     6.8936
 45  -487.9091     0.8779  -167.8413     6.4745  -320.0660     6.9605
 46  -487.9574     0.8640  -167.3958     6.3946  -320.5599     6.8788
 47  -487.9543     0.8455  -166.8306     6.3583  -321.1219     6.8241
 48  -488.0127     0.8359  -166.0005     6.4421  -322.0105     6.9127
 49  -487.9585     0.8258  -166.0381     6.3097  -321.9186     6.7726
 50  -487.9707     0.8095  -166.7467     6.3426  -321.2222     6.7804
 
 
 group  inft  solvation free energy     error          difference
  total solvation free energy
   1      0       -122.51581           0.43192           0.10128
   1     60       -124.39714           0.43015          -1.78005
   1     80       -129.32905           0.42800          -6.71196
   1    100       -137.60789           0.42607         -14.99080
   2      0       -122.57966           0.43394           0.03743
   3      0       -122.61709           0.43364           0.00000
   4      0       -122.59560           0.43366           0.02149
   5      0       -122.67232           0.43217          -0.05524
   5     60       -124.95536           0.43018          -2.33827
   5     80       -130.37141           0.42827          -7.75432
   5    100       -137.78972           0.42643         -15.17263
 
  contribution from  1-th solvent component
   1      0        -59.24045           2.58099           0.05990
   1     60        -59.53122           2.58139          -0.23087
   1     80        -60.29854           2.58202          -0.99820
   1    100        -61.66988           2.58212          -2.36954
   2      0        -59.27830           2.58075           0.02204
   3      0        -59.30034           2.58058           0.00000
   4      0        -59.31077           2.58162          -0.01043
   5      0        -59.32435           2.58100          -0.02401
   5     60        -59.67787           2.58148          -0.37753
   5     80        -60.52654           2.58208          -1.22620
   5    100        -61.76479           2.58213          -2.46445
 
  contribution from  2-th solvent component
   1      0        -63.27359           2.88027           0.04138
   1     60        -64.86415           2.87818          -1.54918
   1     80        -69.02874           2.87561          -5.71376
   1    100        -75.93623           2.87239         -12.62126
   2      0        -63.29958           2.88086           0.01539
   3      0        -63.31497           2.88216           0.00000
   4      0        -63.28305           2.88184           0.03192
   5      0        -63.34620           2.88015          -0.03123
   5     60        -65.27571           2.87777          -1.96074
   5     80        -69.84309           2.87539          -6.52812
   5    100        -76.02316           2.87225         -12.70819
 
 
 group  inft   Estimated free energy: total (kcal/mol)
   1      0    -121.7348    -120.9796    -119.7409    -120.1550    -119.7358
               -120.6775    -120.0261    -122.7998    -121.7243    -123.0727
               -124.5321    -124.2808    -124.1963    -124.7591    -123.1975
               -123.0150    -124.4986    -124.1206    -121.1811    -120.8471
               -123.5452    -121.6131    -121.8212    -123.1556    -121.8408
               -123.1427    -122.6333    -124.3670    -124.5724    -124.2921
               -123.4615    -121.0597    -120.9465    -124.1001    -123.2280
               -123.1453    -123.2042    -122.7798    -122.6879    -121.5786
               -121.2903    -123.0095    -118.3248    -122.6844    -123.9633
               -123.7418    -122.5473    -124.3144    -121.1451    -122.3202
   1     60    -123.6100    -122.8646    -121.6367    -122.0639    -121.6397
               -122.5718    -121.9143    -124.6784    -123.6048    -124.9445
               -126.4010    -126.1497    -126.0692    -126.6357    -125.0852
               -124.8963    -126.3643    -125.9985    -123.0717    -122.7440
               -125.4236    -123.4910    -123.7098    -125.0420    -123.7180
               -125.0416    -124.5144    -126.2372    -126.4452    -126.1596
               -125.3454    -122.9355    -122.8435    -125.9764    -125.1158
               -125.0237    -125.0855    -124.6520    -124.5621    -123.4718
               -123.1856    -124.8971    -120.1982    -124.5617    -125.8306
               -125.6199    -124.4154    -126.1793    -123.0196    -124.2111
   1     80    -128.5331    -127.7902    -126.5847    -127.0153    -126.6063
               -127.5173    -126.8634    -129.6123    -128.5324    -129.8591
               -131.3132    -131.0592    -130.9886    -131.5629    -130.0336
               -129.8308    -131.2726    -130.9296    -128.0180    -127.7030
               -130.3425    -128.4249    -128.6556    -129.9842    -128.6357
               -130.0066    -129.4485    -131.1447    -131.3661    -131.0790
               -130.2981    -127.8696    -127.8039    -130.9042    -130.0662
               -129.9503    -130.0207    -129.5719    -129.4755    -128.4103
               -128.1408    -129.8331    -125.1116    -129.4792    -130.7463
               -130.5523    -129.3202    -131.0878    -127.9444    -129.1527
   1    100    -136.7786    -136.0533    -134.8779    -135.3029    -134.9276
               -135.8035    -135.1687    -137.8780    -136.7972    -138.1080
               -139.5809    -139.3139    -139.2583    -139.8388    -138.3336
               -138.1149    -139.5195    -139.2080    -136.3031    -136.0109
               -138.6095    -136.7109    -136.9492    -138.2915    -136.9053
               -138.3266    -137.7415    -139.3959    -139.6375    -139.3355
               -138.5852    -136.1572    -136.1220    -139.1812    -138.3557
               -138.2294    -138.3118    -137.8295    -137.7221    -136.7058
               -136.4601    -138.1321    -133.3692    -137.7574    -139.0186
               -138.8344    -137.5597    -139.3424    -136.1997    -137.4402
   2      0    -121.8108    -121.0228    -119.7757    -120.1831    -119.8475
               -120.7347    -120.0962    -122.8415    -121.7645    -123.1674
               -124.6228    -124.3699    -124.2599    -124.7765    -123.2829
               -123.0245    -124.6144    -124.1893    -121.2609    -120.8640
               -123.5696    -121.6909    -121.8683    -123.2317    -121.9240
               -123.2732    -122.7522    -124.4497    -124.6034    -124.3985
               -123.5224    -121.1456    -120.9917    -124.1716    -123.2968
               -123.2206    -123.2428    -122.8557    -122.7245    -121.6006
               -121.2935    -123.0513    -118.3647    -122.7465    -124.0099
               -123.8202    -122.6313    -124.4090    -121.2135    -122.3996
   3      0    -121.8575    -121.0567    -119.8176    -120.2010    -119.8756
               -120.7596    -120.1415    -122.9122    -121.7867    -123.1785
               -124.6656    -124.3848    -124.2698    -124.8064    -123.3357
               -123.0918    -124.6339    -124.2105    -121.2498    -120.9175
               -123.5608    -121.7570    -121.9088    -123.2894    -121.9303
               -123.2877    -122.7839    -124.5181    -124.6463    -124.4605
               -123.5882    -121.1763    -121.0455    -124.2365    -123.3314
               -123.2841    -123.2568    -122.9118    -122.7635    -121.6185
               -121.3550    -123.0913    -118.4361    -122.7893    -124.0541
               -123.8341    -122.6561    -124.4483    -121.2598    -122.4222
   4      0    -121.8540    -121.0564    -119.7791    -120.2281    -119.8469
               -120.7141    -120.1487    -122.8933    -121.7514    -123.1582
               -124.6377    -124.3391    -124.2570    -124.7653    -123.3465
               -123.0245    -124.5835    -124.2282    -121.2472    -120.8501
               -123.5946    -121.7400    -121.8497    -123.2640    -121.8951
               -123.3179    -122.7890    -124.4648    -124.5960    -124.4401
               -123.5097    -121.1833    -120.9812    -124.2569    -123.3024
               -123.2909    -123.2422    -122.8626    -122.7685    -121.5929
               -121.3058    -123.1020    -118.4055    -122.7264    -123.9771
               -123.8418    -122.6279    -124.4588    -121.2611    -122.4227
   5      0    -121.8793    -121.1144    -119.8837    -120.2812    -119.9643
               -120.8440    -120.2047    -122.9580    -121.8652    -123.2475
               -124.7251    -124.4235    -124.3355    -124.8811    -123.4197
               -123.1070    -124.7022    -124.2910    -121.3428    -120.9822
               -123.6307    -121.7864    -121.9362    -123.3241    -121.9735
               -123.3522    -122.8311    -124.5647    -124.6322    -124.4722
               -123.6469    -121.2832    -121.0815    -124.2802    -123.4046
               -123.3606    -123.2895    -122.9175    -122.8194    -121.6783
               -121.4014    -123.1562    -118.4879    -122.8422    -124.0710
               -123.9330    -122.6933    -124.5246    -121.3278    -122.4617
   5     60    -124.1603    -123.3945    -122.1838    -122.5892    -122.2752
               -123.1393    -122.4980    -125.2393    -124.1472    -125.5191
               -126.9943    -126.6907    -126.6081    -127.1581    -125.7107
               -125.3891    -126.9675    -126.5699    -123.6407    -123.2801
               -125.9068    -124.0664    -124.2257    -125.6119    -124.2516
               -125.6583    -125.1169    -126.8360    -126.9047    -126.7427
               -125.9370    -123.5616    -123.3826    -126.5592    -125.7001
               -125.6388    -125.5722    -125.1898    -125.0901    -123.9715
               -123.7012    -125.4439    -120.7643    -125.1161    -126.3383
               -126.2139    -124.9616    -126.7880    -123.6051    -124.7566
   5     80    -129.5664    -128.8015    -127.6151    -128.0212    -127.7183
               -128.5678    -127.9309    -130.6544    -129.5587    -130.9149
               -132.3930    -132.0852    -132.0064    -132.5681    -131.1435
               -130.8061    -132.3594    -131.9870    -129.0721    -128.7179
               -131.3094    -129.4808    -129.6508    -131.0421    -129.6485
               -131.1110    -130.5358    -132.2306    -132.3121    -132.1449
               -131.3694    -128.9781    -128.8350    -131.9764    -131.1356
               -131.0553    -130.9904    -130.5925    -130.4845    -129.3950
               -129.1417    -130.8726    -126.1642    -130.5229    -131.7389
               -131.6326    -130.3537    -132.1803    -129.0123    -130.1851
   5    100    -136.9527    -136.2134    -135.0381    -135.4490    -135.1726
               -135.9900    -135.3772    -138.0588    -136.9664    -138.3053
               -139.7984    -139.4786    -139.4093    -139.9840    -138.5824
               -138.2200    -139.7522    -139.4059    -136.4987    -136.1601
               -138.7227    -136.8987    -137.0825    -138.4849    -137.0578
               -138.5766    -137.9716    -139.6265    -139.7277    -139.5416
               -138.7877    -136.4051    -136.2932    -139.3955    -138.5706
               -138.4795    -138.4113    -137.9868    -137.8710    -136.8239
               -136.5903    -138.3144    -133.5723    -137.9427    -139.1485
               -139.0501    -137.7386    -139.5751    -136.4128    -137.6129
 
 group  inft   Estimated free energy: 1-th solvent contribution (kcal/mol)
   1      0     -59.4616     -64.1060     -74.6173     -80.5297     -83.0465
                -69.6154     -67.0562     -55.1815     -65.4389     -59.5056
                -52.4283     -49.8001     -62.4753     -53.0498     -58.6667
                -53.6319     -47.0953     -54.6008     -69.9583     -66.0913
                -56.6697     -49.5487     -58.3057     -56.5678     -67.6615
                -73.1039     -67.0186     -58.1507     -52.0406     -48.8937
                -56.6015     -57.3425     -63.2181     -54.3764     -65.4900
                -54.2827     -52.9713     -46.6490     -53.5847     -69.0800
                -66.2742     -57.3090     -59.5523     -50.7461     -44.8468
                -51.2505     -48.0675     -42.7574     -59.7983     -73.5064
   1     60     -59.7519     -64.3977     -74.9106     -80.8254     -83.3401
                -69.9083     -67.3491     -55.4715     -65.7294     -59.7956
                -52.7178     -50.0892     -62.7636     -53.3400     -58.9579
                -53.9230     -47.3834     -54.8914     -70.2510     -66.3849
                -56.9615     -49.8379     -58.5978     -56.8575     -67.9517
                -73.3989     -67.3075     -58.4404     -52.3306     -49.1820
                -56.8931     -57.6319     -63.5129     -54.6665     -65.7830
                -54.5734     -53.2614     -46.9371     -53.8736     -69.3712
                -66.5659     -57.6004     -59.8416     -51.0358     -45.1345
                -51.5419     -48.3558     -43.0469     -60.0876     -73.7987
   1     80     -60.5189     -65.1649     -75.6817     -81.5982     -84.1122
                -70.6784     -68.1214     -56.2386     -66.4958     -60.5616
                -53.4838     -50.8534     -63.5259     -54.1069     -59.7269
                -54.6916     -48.1462     -55.6590     -71.0222     -67.1574
                -57.7308     -50.6025     -59.3679     -57.6220     -68.7168
                -74.1752     -68.0713     -59.2054     -53.0969     -49.9461
                -57.6644     -58.3977     -64.2883     -55.4332     -66.5562
                -55.3408     -54.0272     -47.6993     -54.6361     -70.1368
                -67.3343     -58.3679     -60.6054     -51.7997     -45.8969
                -52.3120     -49.1177     -43.8128     -60.8524     -74.5680
   1    100     -61.8845     -66.5317     -77.0541     -82.9682     -85.4852
                -72.0492     -69.4962     -57.6078     -67.8630     -61.9275
                -54.8583     -52.2234     -64.8918     -55.4815     -61.1023
                -56.0661     -49.5126     -57.0334     -72.3950     -68.5312
                -59.1034     -51.9740     -60.7420     -58.9952     -70.0837
                -75.5547     -69.4408     -60.5766     -54.4702     -51.3143
                -59.0377     -59.7681     -65.6697     -56.8082     -67.9328
                -56.7172     -55.4003     -49.0653     -55.9992     -71.5020
                -68.7071     -59.7433     -61.9700     -53.1711     -47.2699
                -53.6898     -50.4798     -45.1853     -62.2202     -75.9389
   2      0     -59.5071     -64.1554     -74.6502     -80.5626     -83.1035
                -69.6461     -67.1013     -55.2094     -65.4807     -59.5363
                -52.4656     -49.8433     -62.5016     -53.0789     -58.7217
                -53.6610     -47.1511     -54.6333     -69.9855     -66.1160
                -56.6988     -49.6022     -58.3408     -56.6118     -67.6920
                -73.1470     -67.0716     -58.1879     -52.0636     -48.9545
                -56.6427     -57.3800     -63.2407     -54.4119     -65.5106
                -54.3101     -53.0006     -46.6886     -53.6320     -69.1230
                -66.3070     -57.3378     -59.6022     -50.7930     -44.8767
                -51.2903     -48.1076     -42.8012     -59.8358     -73.5427
   3      0     -59.5266     -64.1834     -74.6900     -80.5966     -83.1145
                -69.6630     -67.1242     -55.2369     -65.4800     -59.5587
                -52.4866     -49.8655     -62.5323     -53.0994     -58.7601
                -53.6813     -47.1647     -54.6520     -70.0006     -66.1377
                -56.7144     -49.6306     -58.3602     -56.6329     -67.7294
                -73.1630     -67.0840     -58.2214     -52.1014     -48.9824
                -56.6744     -57.4123     -63.2622     -54.4555     -65.5277
                -54.3431     -53.0146     -46.7171     -53.6360     -69.1243
                -66.3213     -57.3526     -59.6250     -50.8241     -44.9123
                -51.2853     -48.1172     -42.8097     -59.8691     -73.5594
   4      0     -59.5161     -64.1831     -74.6941     -80.5983     -83.1614
                -69.6884     -67.1292     -55.2676     -65.5060     -59.5568
                -52.4746     -49.8709     -62.5233     -53.1312     -58.7713
                -53.6689     -47.1828     -54.6630     -70.0143     -66.1595
                -56.7362     -49.6358     -58.3613     -56.6442     -67.7155
                -73.1889     -67.1391     -58.2035     -52.0718     -48.9929
                -56.6691     -57.4266     -63.2539     -54.4438     -65.5399
                -54.3642     -53.0215     -46.7253     -53.6698     -69.1635
                -66.3374     -57.3847     -59.6156     -50.8261     -44.8864
                -51.3086     -48.1736     -42.8284     -59.8752     -73.5749
   5      0     -59.5311     -64.1715     -74.7080     -80.6081     -83.1616
                -69.7038     -67.1442     -55.2798     -65.5155     -59.5864
                -52.5051     -49.8638     -62.5340     -53.1339     -58.7986
                -53.7025     -47.2049     -54.6730     -70.0399     -66.1795
                -56.7253     -49.6529     -58.3765     -56.6676     -67.7279
                -73.1797     -67.1334     -58.2059     -52.0967     -49.0014
                -56.6848     -57.4585     -63.2860     -54.4413     -65.5529
                -54.3668     -53.0187     -46.7332     -53.6869     -69.1843
                -66.3462     -57.3927     -59.6575     -50.8487     -44.9171
                -51.3256     -48.1713     -42.8506     -59.9050     -73.5771
   5     60     -59.8848     -64.5253     -75.0647     -80.9669     -83.5189
                -70.0594     -67.5006     -55.6328     -65.8685     -59.9390
                -52.8571     -50.2154     -62.8841     -53.4866     -59.1530
                -54.0561     -47.5553     -55.0259     -70.3961     -66.5360
                -57.0796     -50.0047     -58.7315     -57.0195     -68.0805
                -73.5386     -67.4853     -58.5579     -52.4493     -49.3528
                -57.0397     -57.8108     -63.6442     -54.7942     -65.9095
                -54.7198     -53.3713     -47.0835     -54.0377     -69.5378
                -66.7010     -57.7466     -60.0099     -51.2004     -45.2670
                -51.6801     -48.5223     -43.2024     -60.2568     -73.9324
   5     80     -60.7329     -65.3737     -75.9172     -81.8216     -84.3718
                -70.9105     -68.3541     -56.4810     -66.7159     -60.7858
                -53.7043     -51.0617     -63.7263     -54.3346     -60.0041
                -54.9053     -48.3993     -55.8749     -71.2484     -67.3892
                -57.9300     -50.8504     -59.5827     -57.8656     -68.9258
                -74.3968     -68.3306     -59.4040     -53.2976     -50.1988
                -57.8916     -58.6579     -64.5020     -55.6429     -66.7637
                -55.5693     -54.2180     -47.9266     -54.8812     -70.3847
                -67.5511     -58.5966     -60.8554     -52.0465     -46.1107
                -52.5319     -49.3664     -44.0497     -61.1025     -74.7832
   5    100     -61.9656     -66.6090     -77.1556     -83.0595     -85.6119
                -72.1468     -69.5956     -57.7172     -67.9503     -62.0187
                -54.9443     -52.2991     -64.9583     -55.5765     -61.2476
                -56.1445     -49.6344     -57.1155     -72.4866     -68.6294
                -59.1698     -52.0885     -60.8234     -59.1057     -70.1590
                -75.6433     -69.5684     -60.6410     -54.5388     -51.4357
                -59.1309     -59.8963     -65.7497     -56.8854     -68.0059
                -56.8126     -55.4570     -49.1598     -56.1123     -71.6162
                -68.7897     -59.8388     -62.0893     -53.2853     -47.3502
                -53.7752     -50.5979     -45.2887     -62.3377     -76.0207
 
 group  inft   Estimated free energy: 2-th solvent contribution (kcal/mol)
   1      0     -62.2714     -56.8719     -45.1218     -39.6235     -36.6875
                -51.0603     -52.9682     -67.6165     -56.2835     -63.5653
                -72.1021     -74.4789     -61.7192     -71.7074     -64.5290
                -69.3813     -77.4015     -69.5180     -51.2210     -54.7540
                -66.8738     -72.0627     -63.5137     -66.5860     -54.1775
                -50.0371     -55.6129     -66.2145     -72.5300     -75.3966
                -66.8582     -63.7154     -57.7266     -69.7220     -57.7363
                -68.8608     -70.2311     -76.1290     -69.1014     -52.4968
                -55.0143     -65.6987     -58.7708     -71.9365     -79.1148
                -72.4895     -74.4781     -81.5552     -61.3450     -48.8119
   1     60     -63.8563     -58.4652     -46.7243     -41.2367     -38.2978
                -52.6616     -54.5634     -69.2051     -57.8736     -65.1472
                -73.6813     -76.0587     -63.3038     -73.2939     -66.1255
                -70.9715     -78.9790     -71.1054     -52.8189     -56.3573
                -68.4602     -73.6514     -65.1102     -68.1827     -55.7645
                -51.6410     -57.2051     -67.7951     -74.1128     -76.9758
                -68.4506     -65.3018     -59.3288     -71.3082     -59.3311
                -70.4485     -71.8223     -77.7131     -70.6867     -54.0988
                -56.6180     -67.2950     -60.3549     -73.5241     -80.6943
                -74.0762     -76.0578     -83.1306     -62.9302     -50.4106
   1     80     -68.0124     -62.6235     -50.9012     -45.4153     -42.4924
                -56.8371     -58.7402     -73.3719     -62.0349     -69.2958
                -77.8276     -80.2040     -67.4609     -77.4543     -70.3049
                -75.1374     -83.1247     -75.2688     -56.9940     -60.5438
                -72.6099     -77.8206     -69.2860     -72.3604     -59.9171
                -55.8296     -61.3754     -71.9375     -78.2674     -81.1311
                -72.6320     -69.4702     -63.5139     -75.4693     -63.5082
                -74.6077     -75.9917     -81.8708     -74.8376     -58.2717
                -60.8047     -71.4634     -64.5044     -77.6777     -84.8476
                -78.2385     -80.2007     -87.2731     -67.0902     -54.5829
   1    100     -74.8924     -69.5198     -57.8220     -52.3329     -49.4406
                -63.7525     -65.6707     -80.2685     -68.9324     -76.1787
                -84.7208     -87.0887     -74.3647     -84.3555     -77.2295
                -82.0470     -90.0051     -82.1728     -63.9064     -67.4779
                -79.5043     -84.7351     -76.2054     -79.2945     -66.8198
                -62.7701     -68.2989     -78.8175     -85.1655     -88.0195
                -79.5457     -76.3873     -70.4505     -82.3712     -70.4212
                -81.5104     -82.9097     -88.7624     -81.7211     -65.2020
                -67.7512     -78.3871     -71.3974     -84.5845     -91.7470
                -85.1429     -87.0780     -94.1553     -73.9778     -61.4995
   2      0     -62.3019     -56.8657     -45.1237     -39.6187     -36.7423
                -51.0868     -52.9932     -67.6304     -56.2819     -63.6293
                -72.1555     -74.5249     -61.7565     -71.6958     -64.5594
                -69.3617     -77.4615     -69.5543     -51.2737     -54.7463
                -66.8690     -72.0870     -63.5257     -66.6181     -54.2302
                -50.1244     -55.6789     -66.2600     -72.5381     -75.4423
                -66.8779     -63.7638     -57.7492     -69.7579     -57.7844
                -68.9087     -70.2404     -76.1654     -69.0908     -52.4759
                -54.9847     -65.7118     -58.7607     -71.9518     -79.1314
                -72.5281     -74.5218     -81.6060     -61.3759     -48.8552
   3      0     -62.3292     -56.8715     -45.1259     -39.6027     -36.7593
                -51.0949     -53.0155     -67.6735     -56.3049     -63.6181
                -72.1772     -74.5175     -61.7357     -71.7052     -64.5738
                -69.4087     -77.4674     -69.5567     -51.2474     -54.7780
                -66.8446     -72.1246     -63.5468     -66.6547     -54.1991
                -50.1230     -55.6982     -66.2949     -72.5431     -75.4764
                -66.9120     -63.7622     -57.7815     -69.7792     -57.8018
                -68.9392     -70.2403     -76.1929     -69.1258     -52.4924
                -55.0320     -65.7370     -58.8092     -71.9634     -79.1400
                -72.5470     -74.5372     -81.6368     -61.3890     -48.8610
   4      0     -62.3362     -56.8716     -45.0832     -39.6281     -36.6837
                -51.0239     -53.0177     -67.6239     -56.2436     -63.5996
                -72.1613     -74.4664     -61.7319     -71.6323     -64.5734
                -69.3538     -77.3989     -69.5633     -51.2312     -54.6888
                -66.8567     -72.1025     -63.4866     -66.6180     -54.1779
                -50.1272     -55.6481     -66.2595     -72.5225     -75.4454
                -66.8388     -63.7549     -57.7255     -69.8113     -57.7608
                -68.9249     -70.2190     -76.1356     -69.0969     -52.4277
                -54.9666     -65.7155     -58.7882     -71.8985     -79.0889
                -72.5314     -74.4525     -81.6286     -61.3840     -48.8460
   5      0     -62.3465     -56.9411     -45.1740     -39.6713     -36.8009
                -51.1384     -53.0586     -67.6763     -56.3479     -63.6593
                -72.2182     -74.5579     -61.7997     -71.7453     -64.6193
                -69.4027     -77.4956     -69.6162     -51.3012     -54.8009
                -66.9036     -72.1318     -63.5579     -66.6548     -54.2438
                -50.1707     -55.6959     -66.3570     -72.5337     -75.4690
                -66.9603     -63.8229     -57.7937     -69.8371     -57.8498
                -68.9920     -70.2691     -76.1825     -69.1307     -52.4923
                -55.0535     -65.7617     -58.8286     -71.9918     -79.1521
                -72.6056     -74.5203     -81.6723     -61.4210     -48.8827
   5     60     -64.2738     -58.8674     -47.1173     -41.6205     -38.7545
                -53.0781     -54.9957     -69.6047     -58.2769     -65.5783
                -74.1355     -76.4735     -63.7221     -73.6697     -66.5560
                -71.3312     -79.4104     -71.5422     -53.2428     -56.7424
                -68.8255     -74.0599     -65.4924     -68.5906     -56.1694
                -52.1179     -57.6299     -68.2763     -74.4536     -77.3882
                -68.8955     -65.7491     -59.7366     -71.7633     -59.7888
                -70.9172     -72.1992     -78.1045     -71.0506     -54.4319
                -56.9984     -67.6956     -60.7526     -73.9140     -81.0695
                -74.5320     -76.4375     -83.5839     -63.3465     -50.8225
   5     80     -68.8317     -63.4260     -51.6961     -46.1978     -43.3447
                -57.6556     -59.5751     -74.1716     -62.8410     -70.1273
                -78.6869     -81.0217     -68.2783     -78.2317     -71.1377
                -75.8990     -83.9583     -76.1104     -57.8219     -61.3269
                -73.3776     -78.6287     -70.0663     -73.1748     -60.7209
                -56.7124     -62.2034     -72.8248     -79.0128     -81.9443
                -73.4760     -70.3184     -64.3312     -76.3317     -64.3701
                -75.4842     -76.7706     -82.6641     -75.6015     -59.0086
                -61.5888     -72.2742     -65.3071     -78.4747     -85.6265
                -79.0989     -80.9854     -88.1288     -67.9081     -55.4001
   5    100     -74.9853     -69.6027     -57.8807     -52.3876     -49.5589
                -63.8415     -65.7798     -80.3399     -69.0143     -76.2848
                -84.8523     -87.1777     -74.4493     -84.4057     -77.3331
                -82.0738     -90.1160     -82.2886     -64.0103     -67.5289
                -79.5511     -84.8085     -76.2573     -79.3774     -66.8971
                -62.9316     -68.4015     -78.9837     -85.1871     -88.1041
                -79.6551     -76.5070     -70.5418     -82.5083     -70.5629
                -81.6651     -82.9525     -88.8252     -81.7570     -65.2059
                -67.7989     -78.4738     -71.4812     -84.6556     -91.7965
                -85.2731     -87.1390     -94.2847     -74.0734     -61.5904
 
 
 cumulative average & 95% error for solvation free energy
              total             1st component         2nd component
  1  -121.8575              -59.5266              -62.3292
  2  -121.4571     0.8009   -61.8550     4.6569   -59.6003     5.4577
  3  -120.9106     1.1868   -66.1333     8.9691   -54.7755    10.1511
  4  -120.7332     0.9111   -69.7491     9.6187   -50.9823    10.4439
  5  -120.5617     0.7847   -72.4222     9.1702   -48.1377     9.8900
  6  -120.5947     0.6441   -71.9623     7.5437   -48.6306     8.1351
  7  -120.5299     0.5595   -71.2712     6.5237   -49.2570     6.9886
  8  -120.8277     0.7678   -69.2669     6.9273   -51.5591     7.6045
  9  -120.9343     0.7099   -68.8461     6.1670   -52.0864     6.7890
 10  -121.1587     0.7776   -67.9174     5.8203   -53.2395     6.4955
 11  -121.4775     0.9493   -66.5146     5.9656   -54.9612     6.8100
 12  -121.7198     0.9929   -65.1271     6.1120   -56.5908     7.0193
 13  -121.9159     0.9940   -64.9275     5.6364   -56.9866     6.5051
 14  -122.1224     1.0087   -64.0827     5.4850   -58.0379     6.3791
 15  -122.2033     0.9529   -63.7278     5.1554   -58.4737     6.0022
 16  -122.2588     0.8982   -63.0999     4.9832   -59.1571     5.7785
 17  -122.3985     0.8888   -62.1626     5.0424   -60.2342     5.8398
 18  -122.4992     0.8618   -61.7453     4.8267   -60.7521     5.6024
 19  -122.4334     0.8257   -62.1798     4.6476   -60.2519     5.3930
 20  -122.3576     0.7979   -62.3777     4.4268   -59.9782     5.1454
 21  -122.4149     0.7675   -62.1080     4.2451   -60.3051     4.9378
 22  -122.3850     0.7343   -61.5409     4.2035   -60.8424     4.8290
 23  -122.3643     0.7028   -61.4026     4.0261   -60.9600     4.6203
 24  -122.4029     0.6773   -61.2038     3.8751   -61.1972     4.4490
 25  -122.3840     0.6508   -61.4649     3.7534   -60.9173     4.3039
 26  -122.4187     0.6291   -61.9148     3.7167   -60.5022     4.2176
 27  -122.4322     0.6059   -62.1062     3.5968   -60.3242     4.0739
 28  -122.5067     0.6026   -61.9675     3.4771   -60.5375     3.9488
 29  -122.5805     0.5999   -61.6273     3.4234   -60.9515     3.8992
 30  -122.6432     0.5929   -61.2058     3.4130   -61.4356     3.8894
 31  -122.6737     0.5767   -61.0596     3.3140   -61.6123     3.7784
 32  -122.6269     0.5662   -60.9456     3.2169   -61.6795     3.6609
 33  -122.5790     0.5571   -61.0158     3.1210   -61.5613     3.5561
 34  -122.6277     0.5492   -60.8229     3.0523   -61.8030     3.4836
 35  -122.6478     0.5348   -60.9573     2.9760   -61.6887     3.3903
 36  -122.6655     0.5209   -60.7736     2.9154   -61.8901     3.3193
 37  -122.6815     0.5076   -60.5639     2.8664   -62.1158     3.2598
 38  -122.6875     0.4942   -60.1995     2.8835   -62.4863     3.2582
 39  -122.6895     0.4814   -60.0312     2.8287   -62.6565     3.1918
 40  -122.6627     0.4723   -60.2585     2.7943   -62.4024     3.1522
 41  -122.6308     0.4650   -60.4064     2.7413   -62.2226     3.0953
 42  -122.6418     0.4543   -60.3337     2.6792   -62.3063     3.0253
 43  -122.5440     0.4848   -60.3172     2.6164   -62.2250     2.9586
 44  -122.5495     0.4738   -60.1015     2.5924   -62.4463     2.9243
 45  -122.5830     0.4680   -59.7639     2.6225   -62.8173     2.9533
 46  -122.6102     0.4609   -59.5796     2.5912   -63.0288     2.9192
 47  -122.6112     0.4510   -59.3357     2.5820   -63.2737     2.8981
 48  -122.6494     0.4481   -58.9914     2.6197   -63.6562     2.9384
 49  -122.6211     0.4425   -59.0093     2.5659   -63.6099     2.8793
 50  -122.6171     0.4336   -59.3003     2.5806   -63.3150     2.8822
 
 Mesh error is    0.101 kcal/mol
