 ERmod 0.3.8, Copyright (C) 2000-2019 Nobuyuki Matubayasi
                            2010-2019 Shun Sakuraba
 ERmod comes with ABSOLUTELY NO WARRANTY.
 This is free software, and you can redistribute it
 and/or modify it under certain conditions.
 See LICENSE file for details.
 
  Number of the   1-th solvent  =         1472
  Number of the   2-th solvent  =        10000
 
  Be sure that the solvent distribution is homogeneous (radial distribution function is essentially unity) when the solvent molecule is separated beyond distance of   10.0 Angstrom in any direction from any atom within the solute molecule
 
  LJ long-range correction    =        -3.5283     -5.7260
 
  Self-energy of the solute   =         0.0011  kcal/mol
 
 
 cumulative average & 95% error for solvation energy
              total             1st component         2nd component
  1  -492.7381             -150.9716             -341.7677
  2  -490.6509     4.1745  -152.0881     2.2329  -338.5639     6.4075
  3  -491.1765     2.6295  -156.4664     8.8510  -334.7112     8.5474
  4  -490.8908     1.9451  -161.6876    12.1743  -329.2043    12.5632
  5  -490.4501     1.7456  -165.6731    12.3476  -324.7782    13.1554
  6  -490.2765     1.4669  -165.6112    10.0826  -324.6664    10.7436
  7  -489.9895     1.3662  -163.9654     9.1349  -326.0252     9.4780
  8  -489.6143     1.4010  -166.1889     9.0752  -323.4266     9.7151
  9  -488.9022     1.8855  -168.5269     9.2695  -320.3765    10.5177
 10  -489.3400     1.9001  -168.0292     8.3504  -321.3120     9.5916
 11  -489.5466     1.7677  -166.1526     8.4343  -323.3951     9.6245
 12  -489.6671     1.6316  -165.9964     7.7057  -323.6718     8.8033
 13  -489.6340     1.5023  -166.6021     7.1910  -323.0330     8.1980
 14  -489.2199     1.6188  -168.0348     7.2480  -321.1863     8.4409
 15  -489.1279     1.5182  -169.2341     7.1612  -319.8950     8.2716
 16  -489.0215     1.4360  -169.6219     6.7434  -319.4007     7.8002
 17  -488.7614     1.4457  -170.3595     6.5039  -318.4031     7.5939
 18  -488.7235     1.3651  -169.4520     6.3949  -319.2726     7.3678
 19  -488.9423     1.3634  -167.4630     7.2397  -321.4804     8.2503
 20  -488.9882     1.2967  -166.8163     6.9889  -322.1730     7.9485
 21  -489.1749     1.2887  -167.0879     6.6699  -322.0882     7.5625
 22  -489.2704     1.2435  -167.6829     6.4699  -321.5887     7.2794
 23  -489.3481     1.1983  -168.7388     6.5329  -320.6105     7.2256
 24  -489.3422     1.1473  -169.2741     6.3458  -320.0693     7.0021
 25  -489.1840     1.1451  -169.3459     6.0884  -319.8393     6.7320
 26  -489.1206     1.1075  -169.5634     5.8657  -319.5583     6.4922
 27  -489.1364     1.0661  -170.0448     5.7258  -319.0928     6.3161
 28  -489.0712     1.0356  -170.0653     5.5176  -319.0070     6.0888
 29  -489.0488     1.0002  -170.2548     5.3374  -318.7951     5.8904
 30  -488.9553     0.9842  -170.5681     5.1944  -318.3884     5.7485
 31  -489.0133     0.9590  -171.3512     5.2625  -317.6633     5.7460
 32  -488.9356     0.9415  -171.9195     5.2206  -317.0172     5.7116
 33  -488.9008     0.9151  -171.7583     5.0702  -317.1436     5.5416
 34  -488.9966     0.9083  -172.4333     5.1007  -316.5644     5.4995
 35  -488.9531     0.8862  -173.4535     5.3567  -315.5007     5.7482
 36  -488.9078     0.8660  -174.4444     5.5702  -314.4645     5.9583
 37  -488.7558     0.8955  -174.9576     5.5139  -313.7993     5.9458
 38  -488.9871     0.9867  -173.6989     5.9280  -315.2893     6.5094
 39  -489.2013     1.0523  -172.5688     6.2006  -316.6337     6.8868
 40  -489.4350     1.1271  -172.1765     6.0943  -317.2597     6.8282
 41  -489.4244     1.0995  -172.3219     5.9509  -317.1036     6.6669
 42  -489.5835     1.1192  -171.8974     5.8692  -317.6872     6.6101
 43  -489.7390     1.1362  -171.6989     5.7448  -318.0412     6.4933
 44  -489.9660     1.1993  -171.0550     5.7586  -318.9121     6.5787
 45  -490.1431     1.2247  -170.6583     5.6848  -319.4859     6.5325
 46  -490.2500     1.2167  -170.3182     5.6013  -319.9329     6.4511
 47  -490.3730     1.2157  -169.5705     5.6812  -320.8037     6.5482
 48  -490.4390     1.1974  -169.3116     5.5856  -321.1286     6.4432
 49  -490.4947     1.1780  -168.9909     5.5079  -321.5049     6.3551
 50  -490.5700     1.1640  -168.8214     5.4073  -321.7498     6.2459
 
 
 group  inft  solvation free energy     error          difference
  total solvation free energy
   1      0       -120.68248           0.56500           0.16640
   1     60       -122.40043           0.56636          -1.55156
   1     80       -126.98149           0.56345          -6.13261
   1    100       -134.73723           0.56331         -13.88835
   2      0       -120.76934           0.56418           0.07953
   3      0       -120.84887           0.55624          -0.00000
   4      0       -120.88956           0.55357          -0.04068
   5      0       -120.91948           0.55615          -0.07060
   5     60       -123.02065           0.55518          -2.17178
   5     80       -128.06236           0.55297          -7.21349
   5    100       -135.02280           0.55291         -14.17392
 
  contribution from  1-th solvent component
   1      0        -58.93815           2.17971           0.06207
   1     60        -59.19880           2.17957          -0.19858
   1     80        -59.89714           2.17959          -0.89692
   1    100        -61.16882           2.17885          -2.16860
   2      0        -58.98800           2.18073           0.01222
   3      0        -59.00022           2.18084           0.00000
   4      0        -59.03661           2.18335          -0.03639
   5      0        -59.02568           2.18205          -0.02546
   5     60        -59.34493           2.18217          -0.34471
   5     80        -60.12135           2.18222          -1.12113
   5    100        -61.27139           2.18176          -2.27117
 
  contribution from  2-th solvent component
   1      0        -61.74547           2.61180           0.10432
   1     60        -63.20277           2.61202          -1.35297
   1     80        -67.08548           2.60878          -5.23569
   1    100        -73.56955           2.60708         -11.71975
   2      0        -61.78248           2.61132           0.06731
   3      0        -61.84980           2.60694           0.00000
   4      0        -61.85409           2.60565          -0.00429
   5      0        -61.89494           2.60563          -0.04515
   5     60        -63.67686           2.60405          -1.82706
   5     80        -67.94216           2.60130          -6.09236
   5    100        -73.75255           2.59979         -11.90275
 
 
 group  inft   Estimated free energy: total (kcal/mol)
   1      0    -121.9947    -120.7369    -121.7425    -119.8859    -119.1563
               -119.7319    -119.6508    -119.3170    -117.7085    -121.6005
               -121.0995    -120.5301    -120.3144    -118.0721    -119.5959
               -119.7455    -117.7768    -120.6029    -122.0657    -120.8826
               -121.4865    -121.0294    -120.8008    -120.3143    -117.8326
               -119.3755    -120.2509    -118.6530    -119.1131    -118.2088
               -120.7620    -118.1835    -118.9967    -120.6699    -118.1477
               -119.0697    -117.2382    -123.6910    -124.1848    -124.2791
               -119.8435    -122.9309    -123.2748    -124.7546    -124.0574
               -123.4803    -123.9809    -122.5868    -122.7549    -121.9616
   1     60    -123.7047    -122.4557    -123.4779    -121.6046    -120.8478
               -121.4323    -121.3646    -121.0405    -119.4122    -123.3050
               -122.7946    -122.2259    -122.0347    -119.8035    -121.3138
               -121.4614    -119.4755    -122.3211    -123.7638    -122.5721
               -123.1795    -122.7535    -122.5064    -122.0280    -119.5400
               -121.0974    -121.9724    -120.3624    -120.8217    -119.9248
               -122.4807    -119.9108    -120.7170    -122.4073    -119.8602
               -120.7789    -118.9669    -125.4145    -125.9043    -126.0099
               -121.5869    -124.6747    -125.0145    -126.4805    -125.7908
               -125.2082    -125.7038    -124.3181    -124.4908    -123.7048
   1     80    -128.3172    -127.0509    -128.0802    -126.1707    -125.4375
               -126.0141    -125.9459    -125.6181    -123.9901    -127.9042
               -127.3649    -126.8159    -126.6333    -124.3921    -125.9029
               -126.0410    -124.0404    -126.8856    -128.3156    -127.1353
               -127.7931    -127.3637    -127.0941    -126.6201    -124.1546
               -125.6881    -126.5848    -124.9669    -125.4040    -124.5147
               -127.0958    -124.4865    -125.2976    -127.0079    -124.4464
               -125.3590    -123.5780    -129.9840    -130.4432    -130.5546
               -126.1572    -129.2569    -129.5927    -131.0340    -130.3651
               -129.7648    -130.2443    -128.8610    -129.0375    -128.2678
   1    100    -136.1241    -134.8388    -135.8651    -133.8820    -133.1790
               -133.7771    -133.6814    -133.3842    -131.7506    -135.6750
               -135.1211    -134.5817    -134.4298    -132.1433    -133.6533
               -133.7945    -131.7717    -134.6422    -136.0487    -134.8943
               -135.5810    -135.1312    -134.8572    -134.4063    -131.9225
               -133.4506    -134.3598    -132.7115    -133.1392    -132.2644
               -134.8627    -132.2127    -133.0380    -134.7702    -132.1924
               -133.1253    -131.3616    -137.7367    -138.1564    -138.2817
               -133.8926    -136.9983    -137.3706    -138.7836    -138.1448
               -137.5161    -137.9853    -136.6108    -136.7771    -135.9832
   2      0    -122.0431    -120.7938    -121.8232    -120.0181    -119.2370
               -119.8147    -119.7469    -119.4137    -117.7712    -121.7000
               -121.1611    -120.6675    -120.4088    -118.2139    -119.6894
               -119.8163    -117.8494    -120.7123    -122.1089    -120.9765
               -121.6259    -121.1232    -120.9413    -120.3565    -117.8965
               -119.4406    -120.3517    -118.7339    -119.2002    -118.2948
               -120.8726    -118.2384    -119.1013    -120.7327    -118.2655
               -119.1441    -117.3185    -123.7730    -124.2730    -124.3650
               -119.9586    -122.9925    -123.3537    -124.8197    -124.1138
               -123.5422    -124.0776    -122.6810    -122.8557    -122.0575
   3      0    -122.1601    -120.8641    -121.8584    -120.1072    -119.2885
               -119.9983    -119.7991    -119.4942    -117.8605    -121.8437
               -121.3110    -120.7516    -120.4802    -118.3019    -119.8880
               -119.9216    -117.9127    -120.7816    -122.1857    -121.0945
               -121.6550    -121.1591    -121.0326    -120.4804    -118.0639
               -119.5568    -120.4380    -118.9037    -119.3217    -118.4473
               -120.9226    -118.2715    -119.1893    -120.7991    -118.3540
               -119.2284    -117.4737    -123.8261    -124.2898    -124.3491
               -119.9709    -123.0348    -123.3739    -124.8547    -124.1515
               -123.5550    -124.0945    -122.7229    -122.9217    -122.0988
   4      0    -122.1990    -120.9198    -121.8657    -120.1485    -119.3858
               -120.0247    -119.8521    -119.4951    -117.9472    -121.9250
               -121.3433    -120.8414    -120.5770    -118.3730    -119.8488
               -119.9757    -117.9927    -120.8212    -122.1923    -121.1405
               -121.8098    -121.2853    -121.1165    -120.4708    -118.0671
               -119.5880    -120.5157    -118.9089    -119.3750    -118.4653
               -121.0252    -118.3428    -119.2483    -120.8494    -118.3971
               -119.2946    -117.4569    -123.8276    -124.2911    -124.3914
               -119.9886    -123.0035    -123.3868    -124.8377    -124.1724
               -123.5689    -124.1148    -122.7706    -122.9453    -122.0937
   5      0    -122.1587    -120.9268    -121.9706    -120.1388    -119.4029
               -120.0249    -119.8735    -119.5804    -117.9823    -121.9162
               -121.3219    -120.8447    -120.5988    -118.4226    -119.9123
               -120.0100    -118.0399    -120.8554    -122.2110    -121.1582
               -121.7625    -121.3055    -121.1734    -120.5548    -118.0756
               -119.6318    -120.5054    -118.9164    -119.3869    -118.4625
               -121.0277    -118.3718    -119.2479    -120.8863    -118.4298
               -119.2795    -117.4965    -123.8801    -124.3591    -124.4421
               -120.0258    -123.0362    -123.4188    -124.9108    -124.2332
               -123.6376    -124.1799    -122.8117    -123.0019    -122.1722
   5     60    -124.2563    -123.0271    -124.0917    -122.2375    -121.4939
               -122.1140    -121.9719    -121.6830    -120.0792    -124.0148
               -123.4062    -122.9402    -122.7077    -120.5391    -122.0198
               -122.1093    -120.1309    -122.9538    -124.2859    -123.2338
               -123.8619    -123.4192    -123.2695    -122.6599    -120.1741
               -121.7421    -122.6135    -121.0229    -121.4851    -120.5736
               -123.1464    -120.4778    -121.3564    -123.0094    -120.5354
               -121.3790    -119.6156    -125.9716    -126.4417    -126.5378
               -122.1412    -125.1499    -125.5244    -126.9995    -126.3344
               -125.7305    -126.2673    -124.9092    -125.1024    -124.2850
   5     80    -129.3359    -128.0800    -129.1585    -127.2700    -126.5400
               -127.1610    -126.9988    -126.7283    -125.1201    -129.0754
               -128.4332    -127.9911    -127.7841    -125.5879    -127.0685
               -127.1490    -125.1457    -127.9841    -129.2981    -128.2555
               -128.9240    -128.4960    -128.3208    -127.7151    -125.2404
               -126.7958    -127.6775    -126.0797    -126.5135    -125.6203
               -128.2021    -125.5083    -126.3990    -128.0728    -125.5803
               -126.4240    -124.6916    -131.0084    -131.4421    -131.5456
               -127.1721    -130.1924    -130.5678    -132.0213    -131.3748
               -130.7475    -131.2725    -129.9206    -130.1140    -129.3128
   5    100    -136.3348    -135.0653    -136.1382    -134.1960    -133.4926
               -134.1253    -133.9455    -133.6952    -132.0899    -136.0525
               -135.3824    -134.9810    -134.7765    -132.5488    -134.0251
               -134.1071    -132.0793    -134.9426    -136.2316    -135.2144
               -135.9045    -135.4866    -135.2973    -134.6967    -132.2202
               -133.7533    -134.6658    -133.0231    -133.4632    -132.5656
               -135.1842    -132.4358    -133.3491    -135.0448    -132.5333
               -133.3813    -131.6641    -137.9652    -138.3640    -138.4746
               -134.1210    -137.1395    -137.5440    -138.9745    -138.3530
               -137.7068    -138.2236    -136.8773    -137.0590    -136.2441
 
 group  inft   Estimated free energy: 1-th solvent contribution (kcal/mol)
   1      0     -51.5797     -52.7156     -57.1153     -62.2989     -63.9090
                -57.4092     -52.5335     -64.2393     -66.4919     -56.7630
                -49.8928     -56.9380     -61.2114     -66.4216     -66.0053
                -61.3351     -64.3860     -53.4479     -43.9414     -53.3605
                -60.3754     -63.3867     -68.6838     -64.1421     -59.3458
                -61.0876     -64.7144     -59.1055     -61.0514     -62.4430
                -69.6685     -67.0083     -57.1704     -69.1208     -74.9974
                -75.5091     -68.8438     -42.0458     -42.8837     -54.6981
                -63.0727     -53.1294     -57.4971     -49.1212     -53.1079
                -54.1239     -45.7557     -54.5434     -52.9364     -55.3426
   1     60     -51.8395     -52.9758     -57.3770     -62.5599     -64.1659
                -57.6660     -52.7937     -64.5005     -66.7486     -57.0229
                -50.1497     -57.1940     -61.4714     -66.6821     -66.2661
                -61.5949     -64.6440     -53.7098     -44.1993     -53.6166
                -60.6344     -63.6483     -68.9406     -64.4007     -59.6032
                -61.3493     -64.9737     -59.3644     -61.3110     -62.7040
                -69.9271     -67.2712     -57.4318     -69.3850     -75.2571
                -75.7695     -69.1056     -42.3087     -43.1458     -54.9627
                -63.3363     -53.3939     -57.7616     -49.3844     -53.3729
                -54.3878     -46.0167     -54.8079     -53.1999     -55.6071
   1     80     -52.5423     -53.6737     -58.0752     -63.2567     -64.8647
                -58.3608     -53.4923     -65.1979     -67.4408     -57.7261
                -50.8449     -57.8889     -62.1688     -67.3765     -66.9651
                -62.2909     -65.3401     -54.4092     -44.8938     -54.3103
                -61.3402     -64.3506     -69.6343     -65.0960     -60.3011
                -62.0499     -65.6709     -60.0642     -62.0096     -63.4042
                -70.6242     -67.9709     -58.1314     -70.0880     -75.9558
                -76.4691     -69.8068     -43.0102     -43.8426     -55.6623
                -64.0333     -54.0944     -58.4628     -50.0834     -54.0769
                -55.0881     -46.7096     -55.5068     -53.8957     -56.3053
   1    100     -53.8253     -54.9475     -59.3486     -64.5206     -66.1316
                -59.6317     -54.7618     -66.4675     -68.7066     -59.0057
                -52.1187     -59.1611     -63.4433     -68.6419     -68.2339
                -63.5590     -66.6060     -55.6857     -46.1666     -55.5819
                -62.6184     -65.6234     -70.8998     -66.3669     -61.5702
                -63.3228     -66.9403     -61.3339     -63.2761     -64.6735
                -71.8897     -69.2364     -59.4008     -71.3623     -77.2227
                -77.7384     -71.0802     -44.2910     -45.1151     -56.9353
                -65.3006     -55.3672     -59.7403     -51.3605     -55.3606
                -56.3648     -47.9806     -56.7826     -55.1677     -57.5741
   2      0     -51.6313     -52.7705     -57.1698     -62.3470     -63.9582
                -57.4624     -52.5953     -64.2809     -66.5389     -56.8196
                -49.9510     -57.0232     -61.2772     -66.4943     -66.0582
                -61.3757     -64.4339     -53.4877     -43.9906     -53.4117
                -60.4424     -63.4430     -68.7344     -64.2061     -59.4127
                -61.1238     -64.7824     -59.1396     -61.0967     -62.4884
                -69.7313     -67.0570     -57.2287     -69.1701     -75.0622
                -75.5680     -68.8804     -42.0893     -42.9347     -54.7389
                -63.1267     -53.1690     -57.5244     -49.1583     -53.1294
                -54.1532     -45.7939     -54.5711     -52.9870     -55.3791
   3      0     -51.6514     -52.7830     -57.1761     -62.3696     -63.9524
                -57.4893     -52.5833     -64.3068     -66.5419     -56.8266
                -49.9735     -57.0181     -61.2739     -66.5097     -66.0837
                -61.3915     -64.4352     -53.5113     -43.9974     -53.4148
                -60.4361     -63.4386     -68.7440     -64.2230     -59.4579
                -61.1423     -64.7853     -59.1766     -61.1030     -62.5144
                -69.7435     -67.0498     -57.2404     -69.1793     -75.0876
                -75.5901     -68.9138     -42.1135     -42.9577     -54.7531
                -63.1193     -53.1803     -57.5262     -49.1596     -53.1400
                -54.1515     -45.7967     -54.5911     -53.0095     -55.3972
   4      0     -51.7001     -52.8058     -57.2146     -62.3973     -64.0313
                -57.5386     -52.6223     -64.3355     -66.6154     -56.8769
                -50.0303     -57.0819     -61.3373     -66.5585     -66.1126
                -61.4455     -64.4796     -53.5271     -44.0271     -53.4673
                -60.4928     -63.5049     -68.8081     -64.2720     -59.4948
                -61.1735     -64.8439     -59.1975     -61.1623     -62.5615
                -69.7886     -67.0847     -57.2793     -69.2175     -75.1199
                -75.6322     -68.9200     -42.1222     -42.9559     -54.7521
                -63.1552     -53.1783     -57.5475     -49.1747     -53.1607
                -54.1812     -45.8156     -54.6054     -53.0202     -55.4029
   5      0     -51.6785     -52.8063     -57.2317     -62.3914     -64.0009
                -57.5195     -52.6186     -64.3361     -66.5808     -56.8517
                -50.0043     -57.0420     -61.3311     -66.5484     -66.0986
                -61.4148     -64.4593     -53.5432     -44.0146     -53.4468
                -60.4553     -63.4787     -68.8054     -64.2509     -59.4692
                -61.1685     -64.8017     -59.1868     -61.1325     -62.5313
                -69.7769     -67.0937     -57.2696     -69.2045     -75.1098
                -75.6214     -68.8971     -42.1324     -42.9581     -54.7496
                -63.1582     -53.1850     -57.5440     -49.1700     -53.1742
                -54.1716     -45.8030     -54.6039     -53.0378     -55.4241
   5     60     -51.9977     -53.1247     -57.5521     -62.7106     -64.3189
                -57.8359     -52.9375     -64.6555     -66.8968     -57.1720
                -50.3209     -57.3586     -61.6506     -66.8675     -66.4192
                -61.7331     -64.7772     -53.8634     -44.3300     -53.7619
                -60.7768     -63.7998     -69.1215     -64.5690     -59.7862
                -61.4896     -65.1198     -59.5061     -61.4518     -62.8526
                -70.0958     -67.4146     -57.5909     -69.5276     -75.4296
                -75.9419     -69.2185     -42.4519     -43.2761     -55.0706
                -63.4786     -53.5061     -57.8643     -49.4888     -53.4960
                -54.4914     -46.1197     -54.9246     -53.3571     -55.7451
   5     80     -52.7797     -53.9005     -58.3292     -63.4859     -65.0959
                -58.6103     -53.7120     -65.4316     -67.6671     -57.9536
                -51.0949     -58.1331     -62.4295     -67.6400     -67.1966
                -62.5072     -65.5495     -54.6408     -45.1021     -54.5335
                -61.5607     -64.5807     -69.8941     -65.3433     -60.5619
                -62.2684     -65.8943     -60.2829     -62.2277     -63.6306
                -70.8689     -68.1914     -58.3693     -70.3089     -76.2064
                -76.7209     -69.9984     -43.2316     -44.0505     -55.8484
                -64.2526     -54.2838     -58.6427     -50.2661     -54.2785
                -55.2686     -46.8903     -55.7012     -54.1304     -56.5208
   5    100     -53.9400     -55.0519     -59.4805     -64.6289     -66.2441
                -59.7610     -54.8610     -66.5799     -68.8125     -59.1118
                -52.2477     -59.2883     -63.5849     -68.7858     -68.3462
                -63.6546     -66.6940     -55.7941     -46.2522     -55.6839
                -62.7185     -65.7339     -71.0412     -66.4924     -61.7127
                -63.4189     -67.0445     -61.4314     -63.3755     -64.7769
                -72.0160     -69.3339     -59.5186     -71.4606     -77.3524
                -77.8688     -71.1491     -44.3878     -45.1994     -56.9974
                -65.3977     -55.4322     -59.7941     -51.4181     -55.4368
                -56.4210     -48.0387     -56.8523     -55.2790     -57.6664
 
 group  inft   Estimated free energy: 2-th solvent contribution (kcal/mol)
   1      0     -70.4162     -68.0224     -64.6283     -57.5882     -55.2484
                -62.3238     -67.1185     -55.0788     -51.2178     -64.8386
                -71.2079     -63.5932     -59.1041     -51.6517     -53.5918
                -58.4116     -53.3920     -67.1562     -78.1254     -67.5232
                -61.1123     -57.6438     -52.1182     -56.1734     -58.4880
                -58.2891     -55.5376     -59.5487     -58.0629     -55.7670
                -51.0946     -51.1763     -61.8275     -51.5502     -43.1514
                -43.5618     -48.3955     -81.6464     -81.3023     -69.5821
                -56.7720     -69.8026     -65.7788     -75.6345     -70.9507
                -69.3575     -78.2264     -68.0445     -69.8196     -66.6202
   1     60     -71.8663     -69.4810     -66.1020     -59.0458     -56.6830
                -63.7674     -68.5721     -56.5411     -52.6648     -66.2832
                -72.6460     -65.0331     -60.5645     -53.1226     -55.0489
                -59.8676     -54.8327     -68.6124     -79.5657     -68.9566
                -62.5462     -59.1063     -53.5670     -57.6285     -59.9379
                -59.7493     -56.9999     -60.9991     -59.5119     -57.2219
                -52.5548     -52.6407     -63.2863     -53.0235     -44.6042
                -45.0106     -49.8625     -83.1069     -82.7596     -71.0484
                -58.2517     -71.2819     -67.2541     -77.0973     -72.4190
                -70.8216     -79.6882     -69.5113     -71.2920     -68.0989
   1     80     -75.7761     -73.3784     -70.0062     -62.9151     -60.5740
                -67.6544     -72.4547     -60.4213     -56.5505     -70.1793
                -76.5211     -68.9281     -64.4656     -57.0167     -58.9390
                -63.7512     -58.7014     -72.4775     -83.4230     -72.8262
                -66.4541     -63.0143     -57.4609     -61.5252     -63.8547
                -63.6394     -60.9150     -64.9039     -63.3956     -61.1117
                -56.4728     -56.5167     -67.1674     -56.9210     -48.4917
                -48.8910     -53.7724     -86.9749     -86.6017     -74.8934
                -62.1251     -75.1637     -71.1310     -80.9517     -76.2894
                -74.6779     -83.5358     -73.3553     -75.1430     -71.9636
   1    100     -82.2999     -79.8924     -76.5177     -69.3626     -67.0485
                -74.1465     -78.9207     -66.9178     -63.0451     -76.6704
                -83.0035     -75.4217     -70.9877     -63.5025     -65.4205
                -70.2367     -65.1669     -78.9576     -89.8833     -79.3136
                -72.9637     -69.5089     -63.9586     -68.0406     -70.3535
                -70.1289     -67.4206     -71.3788     -69.8642     -67.5920
                -62.9741     -62.9775     -73.6384     -63.4091     -54.9708
                -55.3881     -60.2826     -93.4468     -93.0424     -81.3476
                -68.5931     -81.6322     -77.6314     -87.4242     -82.7854
                -81.1524     -90.0058     -79.8293     -81.6106     -78.4102
   2      0     -70.4130     -68.0245     -64.6545     -57.6722     -55.2800
                -62.3534     -67.1528     -55.1340     -51.2334     -64.8815
                -71.2113     -63.6455     -59.1328     -51.7208     -53.6323
                -58.4417     -53.4167     -67.2257     -78.1195     -67.5659
                -61.1846     -57.6814     -52.2080     -56.1516     -58.4849
                -58.3179     -55.5704     -59.5954     -58.1047     -55.8075
                -51.1425     -51.1825     -61.8737     -51.5637     -43.2044
                -43.5773     -48.4392     -81.6848     -81.3394     -69.6273
                -56.8330     -69.8246     -65.8304     -75.6625     -70.9855
                -69.3901     -78.2848     -68.1111     -69.8699     -66.6796
   3      0     -70.5098     -68.0822     -64.6834     -57.7387     -55.3372
                -62.5102     -67.2170     -55.1885     -51.3197     -65.0182
                -71.3387     -63.7347     -59.2075     -51.7934     -53.8054
                -58.5313     -53.4786     -67.2715     -78.1894     -67.6808
                -61.2200     -57.7216     -52.2898     -56.2585     -58.6071
                -58.4157     -55.6538     -59.7282     -58.2198     -55.9340
                -51.1803     -51.2229     -61.9500     -51.6209     -43.2676
                -43.6395     -48.5611     -81.7138     -81.3333     -69.5971
                -56.8527     -69.8556     -65.8488     -75.6963     -71.0127
                -69.4047     -78.2989     -68.1329     -69.9133     -66.7027
   4      0     -70.5001     -68.1151     -64.6522     -57.7524     -55.3557
                -62.4872     -67.2309     -55.1608     -51.3329     -65.0493
                -71.3142     -63.7607     -59.2408     -51.8157     -53.7373
                -58.5314     -53.5142     -67.2952     -78.1663     -67.6743
                -61.3182     -57.7815     -52.3095     -56.1999     -58.5735
                -58.4157     -55.6729     -59.7126     -58.2139     -55.9049
                -51.2377     -51.2593     -61.9702     -51.6330     -43.2783
                -43.6635     -48.5381     -81.7065     -81.3364     -69.6404
                -56.8345     -69.8263     -65.8405     -75.6642     -71.0129
                -69.3889     -78.3003     -68.1664     -69.9262     -66.6920
   5      0     -70.4814     -68.1217     -64.7401     -57.7485     -55.4032
                -62.5065     -67.2560     -55.2455     -51.4027     -65.0656
                -71.3188     -63.8039     -59.2688     -51.8754     -53.8148
                -58.5964     -53.5817     -67.3133     -78.1975     -67.7125
                -61.3083     -57.8280     -52.3691     -56.3050     -58.6076
                -58.4644     -55.7048     -59.7307     -58.2556     -55.9323
                -51.2519     -51.2793     -61.9794     -51.6829     -43.3211
                -43.6593     -48.6006     -81.7488     -81.4022     -69.6936
                -56.8688     -69.8523     -65.8760     -75.7419     -71.0601
                -69.4672     -78.3780     -68.2089     -69.9652     -66.7492
   5     60     -72.2598     -69.9036     -66.5407     -59.5280     -57.1761
                -64.2793     -69.0356     -57.0286     -53.1835     -66.8440
                -73.0864     -65.5827     -61.0582     -53.6727     -55.6017
                -60.3773     -55.3549     -69.0915     -79.9570     -69.4730
                -63.0862     -59.6206     -54.1491     -58.0920     -60.3890
                -60.2536     -57.4949     -61.5179     -60.0344     -57.7221
                -53.0517     -53.0643     -63.7667     -53.4829     -45.1069
                -45.4382     -50.3983     -83.5209     -83.1668     -71.4684
                -58.6637     -71.6449     -67.6612     -77.5119     -72.8396
                -71.2402     -80.1487     -69.9858     -71.7464     -68.5411
   5     80     -76.5574     -74.1807     -70.8305     -63.7853     -61.4453
                -68.5519     -73.2880     -61.2978     -57.4542     -71.1229
                -77.3394     -69.8592     -65.3557     -57.9491     -59.8730
                -64.6429     -59.5973     -73.3444     -84.1971     -73.7232
                -67.3644     -63.9164     -58.4278     -62.3729     -64.6797
                -64.5285     -61.7844     -65.7979     -64.2870     -61.9908
                -57.3343     -57.3180     -68.0308     -57.7650     -49.3750
                -49.7042     -54.6943     -87.7779     -87.3928     -75.6983
                -62.9207     -75.9098     -71.9262     -81.7564     -77.0974
                -75.4800     -84.3833     -74.2205     -75.9848     -72.7931
   5    100     -82.3960     -80.0145     -76.6589     -69.5682     -67.2497
                -74.3655     -79.0857     -67.1165     -63.2786     -76.9419
                -83.1359     -75.6938     -71.1927     -63.7641     -65.6800
                -70.4537     -65.3864     -79.1497     -89.9805     -79.5317
                -73.1872     -69.7539     -64.2573     -68.2055     -70.5087
                -70.3355     -67.6224     -71.5929     -70.0888     -67.7899
                -63.1694     -63.1030     -73.8317     -63.5854     -55.1820
                -55.5136     -60.5162     -93.5785     -93.1658     -81.4784
                -68.7244     -81.7084     -77.7511     -87.5576     -82.9173
                -81.2869     -90.1860     -80.0261     -81.7811     -78.5788
 
 
 cumulative average & 95% error for solvation free energy
              total             1st component         2nd component
  1  -122.1601              -51.6514              -70.5098
  2  -121.5121     1.2960   -52.2172     1.1316   -69.2960     2.4276
  3  -121.6275     0.7831   -53.8702     3.3698   -67.7585     3.3794
  4  -121.2474     0.9405   -55.9950     4.8721   -65.2535     5.5506
  5  -120.8556     1.0699   -57.5865     4.9370   -63.2703     5.8497
  6  -120.7127     0.9191   -57.5703     4.0312   -63.1436     4.7830
  7  -120.5822     0.8195   -56.8579     3.6929   -63.7255     4.2065
  8  -120.4462     0.7600   -57.7890     3.7008   -62.6584     4.2221
  9  -120.1589     0.8829   -58.7615     3.7995   -61.3985     4.4960
 10  -120.3274     0.8585   -58.5680     3.4203   -61.7605     4.0860
 11  -120.4168     0.7969   -57.7867     3.4660   -62.6312     4.0856
 12  -120.4447     0.7296   -57.7227     3.1666   -62.7232     3.7342
 13  -120.4474     0.6712   -57.9958     2.9637   -62.4528     3.4773
 14  -120.2942     0.6929   -58.6040     3.0013   -61.6914     3.5613
 15  -120.2671     0.6473   -59.1026     2.9667   -61.1656     3.4781
 16  -120.2455     0.6070   -59.2457     2.7898   -61.0010     3.2701
 17  -120.1083     0.6328   -59.5509     2.6908   -60.5585     3.1967
 18  -120.1457     0.6013   -59.2154     2.6241   -60.9314     3.1048
 19  -120.2531     0.6080   -58.4145     2.9542   -61.8398     3.4533
 20  -120.2951     0.5829   -58.1645     2.8468   -62.1318     3.3277
 21  -120.3599     0.5693   -58.2726     2.7165   -62.0884     3.1665
 22  -120.3962     0.5477   -58.5075     2.6323   -61.8899     3.0451
 23  -120.4239     0.5262   -58.9525     2.6681   -61.4725     3.0271
 24  -120.4262     0.5039   -59.1721     2.5920   -61.2553     2.9306
 25  -120.3318     0.5189   -59.1836     2.4863   -61.1493     2.8189
 26  -120.3019     0.5021   -59.2589     2.3935   -61.0442     2.7165
 27  -120.3070     0.4833   -59.4636     2.3392   -60.8445     2.6443
 28  -120.2569     0.4764   -59.4533     2.2542   -60.8047     2.5493
 29  -120.2246     0.4641   -59.5102     2.1781   -60.7155     2.4663
 30  -120.1654     0.4638   -59.6104     2.1138   -60.5562     2.4039
 31  -120.1898     0.4512   -59.9372     2.1464   -60.2537     2.4025
 32  -120.1299     0.4531   -60.1595     2.1253   -59.9715     2.3937
 33  -120.1014     0.4428   -60.0710     2.0674   -60.0315     2.3231
 34  -120.1219     0.4315   -60.3389     2.0760   -59.7841     2.3074
 35  -120.0714     0.4310   -60.7603     2.1849   -59.3122     2.4312
 36  -120.0480     0.4215   -61.1723     2.2776   -58.8768     2.5180
 37  -119.9784     0.4329   -61.3815     2.2544   -58.5980     2.5117
 38  -120.0796     0.4675   -60.8744     2.4173   -59.2063     2.7307
 39  -120.1876     0.5040   -60.4150     2.5274   -59.7737     2.8917
 40  -120.2916     0.5334   -60.2735     2.4796   -60.0193     2.8609
 41  -120.2838     0.5205   -60.3429     2.4224   -59.9420     2.7946
 42  -120.3493     0.5246   -60.1724     2.3885   -60.1781     2.7678
 43  -120.4196     0.5312   -60.1108     2.3355   -60.3100     2.7155
 44  -120.5204     0.5568   -59.8619     2.3355   -60.6597     2.7437
 45  -120.6011     0.5677   -59.7126     2.3024   -60.8897     2.7212
 46  -120.6653     0.5699   -59.5917     2.2648   -61.0748     2.6870
 47  -120.7383     0.5764   -59.2982     2.2925   -61.4413     2.7295
 48  -120.7797     0.5703   -59.2001     2.2528   -61.5807     2.6865
 49  -120.8234     0.5653   -59.0738     2.2207   -61.7508     2.6530
 50  -120.8489     0.5562   -59.0002     2.1808   -61.8498     2.6069
 
 Mesh error is    0.166 kcal/mol
