 ERmod 0.3.8, Copyright (C) 2000-2019 Nobuyuki Matubayasi
                            2010-2019 Shun Sakuraba
 ERmod comes with ABSOLUTELY NO WARRANTY.
 This is free software, and you can redistribute it
 and/or modify it under certain conditions.
 See LICENSE file for details.
 ERmod 0.3.8, Copyright (C) 2000-2019 Nobuyuki Matubayasi
                            2010-2019 Shun Sakuraba
 ERmod comes with ABSOLUTELY NO WARRANTY.
 This is free software, and you can redistribute it
 and/or modify it under certain conditions.
 See LICENSE file for details.
 
  Number of the   1-th solvent  =          378
  Number of the   2-th solvent  =        10000
 
  Be sure that the solvent distribution is homogeneous (radial distribution function is essentially unity) when the solvent molecule is separated beyond distance of   10.0 Angstrom in any direction from any atom within the solute molecule
 
  LJ long-range correction    =        -1.1319     -7.1533
 
  Self-energy of the solute   =         0.0009  kcal/mol
 
 
 cumulative average & 95% error for solvation energy
              total             1st component         2nd component
  1  -513.4407             -100.6558             -412.7858
  2  -513.1424     0.5966   -92.3896    16.5325  -420.7538    15.9359
  3  -512.6888     0.9705   -92.2907     9.5471  -420.3990     9.2279
  4  -512.3807     0.9223   -90.4305     7.7081  -421.9512     7.2259
  5  -512.2677     0.7493   -89.5939     6.2007  -422.6748     5.7812
  6  -512.3436     0.6303   -88.6775     5.3843  -423.6670     5.1206
  7  -512.5192     0.6381   -89.2504     4.6926  -423.2697     4.4000
  8  -513.0588     1.2124   -84.7411     9.8920  -428.3187    10.7929
  9  -513.2362     1.1266   -85.2061     8.7734  -428.0311     9.5358
 10  -513.5467     1.1836   -84.9416     7.8650  -428.6061     8.6063
 11  -513.7216     1.1263   -85.3595     7.1631  -428.3630     7.7998
 12  -513.7997     1.0400   -87.1410     7.4467  -426.6596     7.8933
 13  -513.7703     0.9584   -87.3349     6.8609  -426.4364     7.2745
 14  -513.8002     0.8893   -87.5051     6.3611  -426.2960     6.7407
 15  -513.7551     0.8328   -88.1442     6.0582  -425.6119     6.4227
 16  -513.7690     0.7795   -87.6815     5.7420  -426.0884     6.0830
 17  -513.7617     0.7324   -87.0101     5.5583  -426.7525     5.8664
 18  -513.7245     0.6945   -87.4715     5.3210  -426.2540     5.6200
 19  -513.7065     0.6579   -88.7232     5.6214  -424.9843     5.8914
 20  -513.6049     0.6564   -89.3223     5.4659  -424.2836     5.7621
 21  -513.6491     0.6306   -89.9164     5.3331  -423.7336     5.5901
 22  -513.7023     0.6106   -89.9263     5.0850  -423.7769     5.3307
 23  -513.6737     0.5862   -90.7126     5.1070  -422.9620     5.3481
 24  -513.6354     0.5665   -91.3368     5.0465  -422.2995     5.2890
 25  -513.5620     0.5628   -91.7273     4.9030  -421.8357     5.1572
 26  -513.4530     0.5830   -91.9744     4.7365  -421.4795     5.0058
 27  -513.4047     0.5693   -91.1423     4.8521  -422.2634     5.0655
 28  -513.4185     0.5492   -90.5248     4.8359  -422.8947     5.0419
 29  -513.3983     0.5315   -90.1509     4.7257  -423.2484     4.9161
 30  -513.3562     0.5203   -89.6065     4.6935  -423.7506     4.8545
 31  -513.3477     0.5036   -89.9379     4.5877  -423.4108     4.7442
 32  -513.3648     0.4888   -89.6558     4.4777  -423.7100     4.6324
 33  -513.3749     0.4742   -88.6493     4.7840  -424.7266     4.9287
 34  -513.3812     0.4602   -87.1541     5.5211  -426.2280     5.6463
 35  -513.3809     0.4468   -86.2019     5.6892  -427.1799     5.8037
 36  -513.2407     0.5169   -86.2970     5.5322  -426.9447     5.6598
 37  -513.1138     0.5632   -85.6996     5.5117  -427.4152     5.5845
 38  -513.0300     0.5732   -85.9146     5.3819  -427.1163     5.4683
 39  -512.9975     0.5621   -85.4186     5.3351  -427.5799     5.4064
 40  -512.8969     0.5836   -85.7103     5.2327  -427.1875     5.3276
 41  -512.8992     0.5692   -86.7175     5.4866  -426.1827     5.5711
 42  -512.8698     0.5586   -87.8053     5.7795  -425.0655     5.8781
 43  -512.8854     0.5463   -88.3878     5.7624  -424.4986     5.8506
 44  -512.8386     0.5419   -88.9627     5.7462  -423.8768     5.8499
 45  -512.7905     0.5384   -89.1476     5.6292  -423.6439     5.7373
 46  -512.6921     0.5622   -89.2048     5.5066  -423.4882     5.6199
 47  -512.7201     0.5530   -88.9714     5.4084  -423.7496     5.5238
 48  -512.6587     0.5551   -89.1773     5.3105  -423.4823     5.4338
 49  -512.6879     0.5467   -88.9912     5.2143  -423.6976     5.3392
 50  -512.6689     0.5370   -89.0458     5.1101  -423.6241     5.2334
 
 
 group  inft  solvation free energy     error          difference
  total solvation free energy
   1      0       -119.07221           0.28830           0.04524
   1     60       -119.98963           0.28740          -0.87218
   1     80       -123.70455           0.28534          -4.58710
   1    100       -132.63771           0.28475         -13.52026
   2      0       -119.07797           0.28825           0.03948
   3      0       -119.11745           0.28863           0.00000
   4      0       -119.00885           0.29100           0.10860
   5      0       -119.13305           0.28895          -0.01560
   5     60       -120.27074           0.28807          -1.15328
   5     80       -124.61498           0.28566          -5.49753
   5    100       -132.72628           0.28565         -13.60883
 
  contribution from  1-th solvent component
   1      0        -33.17258           2.02258           0.02557
   1     60        -33.20605           2.02266          -0.00790
   1     80        -33.35645           2.02296          -0.15830
   1    100        -33.77960           2.02315          -0.58145
   2      0        -33.18584           2.02105           0.01231
   3      0        -33.19815           2.02162           0.00000
   4      0        -33.18915           2.01992           0.00900
   5      0        -33.19914           2.02067          -0.00099
   5     60        -33.24140           2.02078          -0.04325
   5     80        -33.42397           2.02116          -0.22582
   5    100        -33.81316           2.02126          -0.61501
 
  contribution from  2-th solvent component
   1      0        -85.90056           2.23309           0.01967
   1     60        -86.78451           2.23207          -0.86428
   1     80        -90.34904           2.22921          -4.42880
   1    100        -98.85905           2.22705         -12.93881
   2      0        -85.89307           2.23311           0.02717
   3      0        -85.92024           2.23521           0.00000
   4      0        -85.82064           2.23596           0.09960
   5      0        -85.93485           2.23373          -0.01461
   5     60        -87.03027           2.23272          -1.11003
   5     80        -91.19195           2.22955          -5.27171
   5    100        -98.91405           2.22874         -12.99382
 
 
 group  inft   Estimated free energy: total (kcal/mol)
   1      0    -119.0264    -118.9489    -118.5813    -118.2531    -118.2325
               -118.6037    -119.2967    -121.3786    -119.4855    -120.9402
               -120.1999    -118.7291    -118.6353    -118.8034    -119.1686
               -120.2659    -119.8465    -119.1517    -119.0486    -118.2656
               -119.0026    -119.5578    -118.6848    -118.8219    -118.8160
               -118.7410    -119.5361    -120.1881    -119.3200    -119.2463
               -119.1055    -119.2728    -120.7909    -120.3762    -120.8893
               -117.9732    -118.4322    -118.4635    -120.0731    -118.2019
               -117.4784    -116.9419    -119.2868    -116.8567    -118.4658
               -117.9936    -120.8213    -117.1459    -119.9738    -118.2919
   1     60    -119.9499    -119.8604    -119.5006    -119.1717    -119.1518
               -119.5212    -120.2180    -122.2824    -120.4000    -121.8523
               -121.1158    -119.6530    -119.5514    -119.7201    -120.0910
               -121.1818    -120.7636    -120.0700    -119.9704    -119.1842
               -119.9271    -120.4702    -119.6016    -119.7470    -119.7403
               -119.6588    -120.4500    -121.1043    -120.2339    -120.1603
               -120.0169    -120.1933    -121.7027    -121.2846    -121.7965
               -118.8935    -119.3485    -119.3817    -120.9831    -119.1216
               -118.4074    -117.8691    -120.2041    -117.7755    -119.3822
               -118.9177    -121.7411    -118.0624    -120.8878    -119.2088
   1     80    -123.6742    -123.5730    -123.2146    -122.8856    -122.8804
               -123.2342    -123.9385    -125.9725    -124.1275    -125.5693
               -124.8363    -123.3938    -123.2712    -123.4637    -123.8147
               -124.8842    -124.4691    -123.7986    -123.6950    -122.9000
               -123.6761    -124.1886    -123.3207    -123.4768    -123.4599
               -123.3776    -124.1479    -124.8098    -123.9445    -123.8681
               -123.7194    -123.9253    -125.3981    -124.9677    -125.4718
               -122.5999    -123.0432    -123.0896    -124.6715    -122.8219
               -122.1448    -121.6079    -123.9175    -121.5082    -123.0877
               -122.6304    -125.4591    -121.7772    -124.5957    -122.9245
   1    100    -132.6203    -132.5150    -132.1568    -131.7962    -131.8400
               -132.1669    -132.8828    -134.8864    -133.0996    -134.5334
               -133.7861    -132.3645    -132.2150    -132.4246    -132.7481
               -133.7929    -133.4003    -132.7475    -132.6476    -131.8536
               -132.6330    -133.1329    -132.2307    -132.4176    -132.4042
               -132.3223    -133.0558    -133.7417    -132.8620    -132.7883
               -132.6425    -132.8679    -134.3248    -133.8766    -134.3680
               -131.4980    -131.9416    -132.0153    -133.5549    -131.7126
               -131.0890    -130.5430    -132.8447    -130.4524    -132.0106
               -131.5496    -134.4097    -130.7266    -133.5321    -131.8599
   2      0    -118.9957    -118.8654    -118.5890    -118.2788    -118.2473
               -118.6324    -119.3498    -121.4376    -119.4611    -120.9605
               -120.1616    -118.7310    -118.6180    -118.7500    -119.1716
               -120.2512    -119.9093    -119.0962    -119.0909    -118.2472
               -119.0088    -119.5375    -118.7208    -118.7964    -118.7865
               -118.7209    -119.6138    -120.2356    -119.3036    -119.2976
               -119.1072    -119.2929    -120.7735    -120.3799    -120.9007
               -118.0342    -118.4315    -118.5039    -120.1153    -118.2100
               -117.4540    -116.9417    -119.2875    -116.9111    -118.4424
               -117.9987    -120.7840    -117.1991    -119.9797    -118.2853
   3      0    -119.0356    -118.8936    -118.6420    -118.3774    -118.3271
               -118.6540    -119.2997    -121.5002    -119.5054    -120.9797
               -120.1498    -118.8053    -118.6625    -118.8285    -119.1710
               -120.2469    -119.9613    -119.2792    -119.1395    -118.2924
               -119.0581    -119.5936    -118.7609    -118.8370    -118.8448
               -118.7444    -119.6590    -120.3013    -119.3495    -119.3644
               -119.0918    -119.3384    -120.8561    -120.3919    -120.9166
               -118.0823    -118.4912    -118.5142    -120.1486    -118.2327
               -117.4790    -116.9473    -119.2665    -116.9671    -118.4063
               -118.0268    -120.8981    -117.2377    -119.9844    -118.3319
   4      0    -118.9633    -118.7997    -118.5215    -118.2172    -118.1605
               -118.5990    -119.2283    -121.3830    -119.3568    -120.8846
               -120.0671    -118.6845    -118.5560    -118.6835    -119.0941
               -120.1446    -119.8435    -119.0557    -119.0450    -118.1732
               -118.9760    -119.4930    -118.6119    -118.7063    -118.6986
               -118.6043    -119.6064    -120.1961    -119.2213    -119.2135
               -118.9904    -119.2371    -120.7585    -120.3395    -120.8441
               -117.9856    -118.4025    -118.4286    -120.0590    -118.1455
               -117.3498    -116.8001    -119.2244    -116.8219    -118.3734
               -117.9423    -120.7431    -117.1074    -119.8973    -118.2035
   5      0    -119.0219    -118.8833    -118.6544    -118.3725    -118.3531
               -118.6589    -119.3786    -121.5440    -119.5199    -120.9688
               -120.2084    -118.8272    -118.6856    -118.8685    -119.1971
               -120.2540    -119.9588    -119.2341    -119.1946    -118.3198
               -119.0683    -119.6618    -118.8074    -118.8332    -118.8357
               -118.7519    -119.7218    -120.2502    -119.3583    -119.3454
               -119.1576    -119.3761    -120.8760    -120.4338    -120.9537
               -118.0553    -118.4722    -118.5009    -120.1501    -118.2426
               -117.4901    -116.9798    -119.3333    -116.9324    -118.4604
               -118.0501    -120.8682    -117.2879    -119.9531    -118.3415
   5     60    -120.1637    -120.0112    -119.7939    -119.5086    -119.4910
               -119.7921    -120.5182    -122.6685    -120.6536    -122.1020
               -121.3435    -119.9687    -119.8230    -120.0052    -120.3415
               -121.3900    -121.0956    -120.3697    -120.3402    -119.4565
               -120.2119    -120.7988    -119.9437    -119.9783    -119.9797
               -119.8905    -120.8568    -121.3863    -120.4944    -120.4792
               -120.2884    -120.5190    -122.0095    -121.5621    -122.0824
               -119.2008    -119.6124    -119.6393    -121.2818    -119.3875
               -118.6395    -118.1322    -120.4752    -118.0683    -119.5973
               -119.1959    -122.0079    -118.4243    -121.0851    -119.4717
   5     80    -124.5170    -124.3502    -124.1438    -123.8589    -123.8525
               -124.1411    -124.8738    -126.9896    -125.0176    -126.4505
               -125.6931    -124.3476    -124.1790    -124.3787    -124.6968
               -125.7196    -125.4324    -124.7259    -124.7014    -123.8061
               -124.5865    -125.1489    -124.2907    -124.3307    -124.3279
               -124.2284    -125.1815    -125.7210    -124.8321    -124.8165
               -124.6261    -124.8765    -126.3307    -125.8707    -126.3831
               -123.5324    -123.9355    -123.9660    -125.5844    -123.7118
               -123.0134    -122.5050    -124.8150    -122.4276    -123.9347
               -123.5333    -126.3476    -122.7773    -125.4253    -123.8126
   5    100    -132.6241    -132.4635    -132.2681    -131.9600    -131.9954
               -132.2523    -132.9958    -135.0962    -133.1650    -134.5728
               -133.8113    -132.4867    -132.2935    -132.5068    -132.8089
               -133.8085    -133.5480    -132.8466    -132.8252    -131.9315
               -132.7209    -133.2567    -132.3895    -132.4432    -132.4490
               -132.3439    -133.2879    -133.8423    -132.9292    -132.9223
               -132.7241    -133.0049    -134.4413    -133.9648    -134.4704
               -131.6219    -132.0260    -132.0717    -133.6573    -131.7888
               -131.1178    -130.6116    -132.9132    -130.5499    -132.0405
               -131.6314    -134.4800    -130.8909    -133.5403    -131.9219
 
 group  inft   Estimated free energy: 1-th solvent contribution (kcal/mol)
   1      0     -37.9739     -31.2092     -34.2159     -31.0468     -31.9813
                -30.9744     -34.6090     -18.5717     -33.0968     -30.4740
                -33.4208     -39.6370     -33.0716     -32.9949     -36.2542
                -30.3305     -28.1287     -35.5825     -42.0928     -37.8294
                -38.2358     -33.2330     -41.0735     -39.7196     -38.2019
                -36.7889     -25.9520     -27.4798     -29.1605     -27.0333
                -37.3171     -29.6983     -20.5275     -12.6083     -19.5225
                -33.5053     -23.3165     -35.0581     -24.9660     -37.0804
                -47.8916     -50.3322     -43.1971     -42.6594     -36.6034
                -34.5327     -29.1912     -36.9503     -29.1044     -34.1931
   1     60     -38.0079     -31.2425     -34.2496     -31.0802     -32.0145
                -31.0080     -34.6429     -18.6041     -33.1302     -30.5079
                -33.4545     -39.6707     -33.1046     -33.0281     -36.2882
                -30.3634     -28.1619     -35.6158     -42.1268     -37.8630
                -38.2689     -33.2668     -41.1072     -39.7538     -38.2357
                -36.8233     -25.9847     -27.5121     -29.1938     -27.0659
                -37.3512     -29.7314     -20.5606     -12.6414     -19.5561
                -33.5386     -23.3500     -35.0918     -24.9992     -37.1144
                -47.9255     -50.3665     -43.2315     -42.6929     -36.6372
                -34.5666     -29.2245     -36.9826     -29.1374     -34.2266
   1     80     -38.1600     -31.3923     -34.4007     -31.2301     -32.1649
                -31.1582     -34.7947     -18.7510     -33.2805     -30.6609
                -33.6062     -39.8225     -33.2530     -33.1784     -36.4402
                -30.5114     -28.3115     -35.7653     -42.2791     -38.0137
                -38.4179     -33.4186     -41.2585     -39.9069     -38.3871
                -36.9770     -26.1319     -27.6582     -29.3436     -27.2128
                -37.5040     -29.8805     -20.7094     -12.7905     -19.7073
                -33.6878     -23.5000     -35.2426     -25.1488     -37.2659
                -48.0770     -50.5196     -43.3850     -42.8439     -36.7889
                -34.7178     -29.3742     -37.1281     -29.2866     -34.3774
   1    100     -38.5853     -31.8157     -34.8236     -31.6516     -32.5894
                -31.5813     -35.2199     -19.1712     -33.7056     -31.0903
                -34.0318     -40.2471     -33.6745     -33.6018     -36.8660
                -30.9306     -28.7340     -36.1863     -42.7045     -38.4364
                -38.8380     -33.8441     -41.6808     -40.3332     -38.8116
                -37.4047     -26.5513     -28.0759     -29.7644     -27.6297
                -37.9298     -30.3021     -21.1326     -13.2142     -20.1329
                -34.1074     -23.9227     -35.6654     -25.5719     -37.6897
                -48.5002     -50.9445     -43.8121     -43.2664     -37.2133
                -35.1423     -29.7987     -37.5443     -29.7080     -34.8007
   2      0     -37.9897     -31.2213     -34.2165     -31.0667     -32.0022
                -30.9870     -34.6181     -18.6039     -33.0909     -30.4939
                -33.4247     -39.6388     -33.0840     -33.0147     -36.2515
                -30.3648     -28.1488     -35.5787     -42.0994     -37.8483
                -38.2602     -33.2336     -41.0914     -39.7255     -38.2055
                -36.7805     -25.9726     -27.5231     -29.1669     -27.0612
                -37.2952     -29.7245     -20.5596     -12.6266     -19.5230
                -33.5210     -23.3347     -35.0778     -24.9926     -37.1006
                -47.8976     -50.3369     -43.1920     -42.6779     -36.6033
                -34.5519     -29.2168     -36.9718     -29.1165     -34.2074
   3      0     -38.0011     -31.2350     -34.2337     -31.0739     -32.0128
                -30.9997     -34.6226     -18.6384     -33.0906     -30.4895
                -33.4277     -39.6572     -33.1039     -33.0183     -36.2631
                -30.3607     -28.1635     -35.6113     -42.1065     -37.8567
                -38.2717     -33.2430     -41.1013     -39.7494     -38.2144
                -36.7905     -26.0123     -27.5293     -29.1744     -27.0717
                -37.3007     -29.7265     -20.5773     -12.6216     -19.5196
                -33.5461     -23.3317     -35.0900     -25.0063     -37.1055
                -47.9225     -50.3626     -43.2113     -42.6945     -36.6156
                -34.5551     -29.2477     -36.9890     -29.1380     -34.2219
   4      0     -37.9935     -31.2210     -34.2283     -31.0724     -31.9989
                -30.9843     -34.6186     -18.6279     -33.0679     -30.4912
                -33.4228     -39.6379     -33.0844     -33.0061     -36.2522
                -30.3660     -28.1601     -35.5886     -42.0991     -37.8450
                -38.2725     -33.2388     -41.0741     -39.7366     -38.2053
                -36.7668     -25.9911     -27.5322     -29.1682     -27.0832
                -37.2886     -29.7371     -20.5790     -12.6340     -19.5175
                -33.5409     -23.3334     -35.0842     -25.0067     -37.1097
                -47.9031     -50.3275     -43.1800     -42.6760     -36.6045
                -34.5667     -29.2271     -36.9825     -29.1192     -34.2050
   5      0     -38.0011     -31.2283     -34.2356     -31.0844     -32.0207
                -30.9906     -34.6425     -18.6391     -33.0858     -30.4767
                -33.4287     -39.6495     -33.0956     -33.0232     -36.2482
                -30.3637     -28.1692     -35.6151     -42.1047     -37.8535
                -38.2723     -33.2557     -41.0946     -39.7405     -38.2421
                -36.7750     -26.0002     -27.5362     -29.1805     -27.0895
                -37.2953     -29.7372     -20.5822     -12.6427     -19.5250
                -33.5643     -23.3448     -35.0938     -25.0051     -37.1072
                -47.9180     -50.3515     -43.2012     -42.6960     -36.6156
                -34.5446     -29.2379     -37.0009     -29.1313     -34.2193
   5     60     -38.0438     -31.2702     -34.2783     -31.1266     -32.0628
                -31.0331     -34.6852     -18.6801     -33.1279     -30.5195
                -33.4714     -39.6922     -33.1374     -33.0652     -36.2910
                -30.4053     -28.2112     -35.6570     -42.1475     -37.8961
                -38.3142     -33.2984     -41.1370     -39.7837     -38.2848
                -36.8184     -26.0415     -27.5771     -29.2225     -27.1307
                -37.3383     -29.7788     -20.6238     -12.6844     -19.5674
                -33.6064     -23.3871     -35.1363     -25.0469     -37.1499
                -47.9609     -50.3948     -43.2446     -42.7384     -36.6584
                -34.5871     -29.2798     -37.0420     -29.1732     -34.2615
   5     80     -38.2282     -31.4521     -34.4621     -31.3089     -32.2455
                -31.2169     -34.8694     -18.8589     -33.3115     -30.7050
                -33.6557     -39.8773     -33.3191     -33.2479     -36.4753
                -30.5855     -28.3931     -35.8388     -42.3319     -38.0795
                -38.4956     -33.4830     -41.3207     -39.9688     -38.4682
                -37.0042     -26.2200     -27.7545     -29.4042     -27.3097
                -37.5236     -29.9591     -20.8039     -12.8649     -19.7501
                -33.7873     -23.5690     -35.3184     -25.2272     -37.3328
                -48.1455     -50.5803     -43.4303     -42.9220     -36.8426
                -34.7695     -29.4606     -37.2205     -29.3546     -34.4445
   5    100     -38.6187     -31.8411     -34.8514     -31.6968     -32.6364
                -31.6074     -35.2602     -19.2464     -33.7026     -31.0987
                -34.0469     -40.2686     -33.7076     -33.6371     -36.8650
                -30.9720     -28.7819     -36.2260     -42.7222     -38.4691
                -38.8828     -33.8736     -41.7106     -40.3607     -38.8588
                -37.3967     -26.6062     -28.1396     -29.7910     -27.6944
                -37.9138     -30.3467     -21.1929     -13.2549     -20.1416
                -34.1745     -23.9585     -35.7068     -25.6158     -37.7222
                -48.5342     -50.9697     -43.8217     -43.3112     -37.2334
                -35.1583     -29.8505     -37.6039     -29.7429     -34.8341
 
 group  inft   Estimated free energy: 2-th solvent contribution (kcal/mol)
   1      0     -81.0534     -87.7407     -84.3663     -87.2072     -86.2521
                -87.6302     -84.6887    -102.8079     -86.3896     -90.4672
                -86.7800     -79.0931     -85.5646     -85.8094     -82.9153
                -89.9363     -91.7188     -83.5701     -76.9567     -80.4372
                -80.7677     -86.3257     -77.6122     -79.1032     -80.6151
                -81.9531     -93.5850     -92.7092     -90.1604     -92.2140
                -81.7893     -89.5754    -100.2643    -107.7689    -101.3678
                -84.4688     -95.1166     -83.4063     -95.1080     -81.1224
                -69.5877     -66.6106     -76.0906     -74.1982     -81.8634
                -83.4618     -91.6311     -80.1965     -90.8704     -84.0998
   1     60     -81.9430     -88.6188     -85.2519     -88.0925     -87.1382
                -88.5142     -85.5761    -103.6792     -87.2708     -91.3453
                -87.6622     -79.9833     -86.4478     -86.6929     -83.8037
                -90.8194     -92.6027     -84.4551     -77.8445     -81.3222
                -81.6591     -87.2043     -78.4954     -79.9942     -81.5055
                -82.8364     -94.4663     -93.5931     -91.0410     -93.0954
                -82.6666     -90.4628    -101.1431    -108.6442    -102.2414
                -85.3558     -95.9995     -84.2909     -95.9848     -82.0081
                -70.4828     -67.5035     -76.9735     -75.0835     -82.7459
                -84.3520     -92.5175     -81.0807     -91.7513     -84.9832
   1     80     -85.5151     -92.1817     -88.8149     -91.6565     -90.7164
                -92.0770     -89.1447    -107.2224     -90.8479     -94.9093
                -91.2310     -83.5722     -90.0191     -90.2863     -87.3754
                -94.3737     -96.1586     -88.0342     -81.4168     -84.8872
                -85.2592     -90.7709     -82.0631     -83.5708     -85.0737
                -86.4016     -98.0169     -97.1525     -94.6018     -96.6562
                -86.2163     -94.0458    -104.6896    -112.1782    -105.7654
                -88.9131     -99.5442     -87.8480     -99.5237     -85.5569
                -74.0687     -71.0892     -80.5333     -78.6652     -86.2998
                -87.9135     -96.0859     -84.6500     -95.3100     -88.5480
   1    100     -94.0360    -100.7002     -97.3341    -100.1455     -99.2515
               -100.5865     -97.6639    -115.7161     -99.3949    -103.4440
                -99.7552     -92.1183     -98.5415     -98.8238     -95.8830
               -102.8633    -104.6672     -96.5622     -89.9441     -93.4181
                -93.7960     -99.2897     -90.5509     -92.0853     -93.5935
                -94.9185    -106.5054    -105.6667    -103.0985    -105.1595
                -94.7136    -102.5667    -113.1931    -120.6634    -114.2360
                -97.3916    -108.0198     -96.3508    -107.9839     -94.0238
                -82.5897     -79.5994     -89.0336     -87.1870     -94.7982
                -96.4083    -104.6119     -93.1833    -103.8251     -97.0601
   2      0     -81.0069     -87.6450     -84.3735     -87.2130     -86.2461
                -87.6464     -84.7326    -102.8347     -86.3712     -90.4675
                -86.7379     -79.0931     -85.5350     -85.7363     -82.9211
                -89.8874     -91.7614     -83.5183     -76.9925     -80.3998
                -80.7496     -86.3048     -77.6303     -79.0717     -80.5819
                -81.9414     -93.6422     -92.7134     -90.1376     -92.2374
                -81.8129     -89.5693    -100.2149    -107.7543    -101.3787
                -84.5141     -95.0977     -83.4270     -95.1236     -81.1103
                -69.5573     -66.6057     -76.0964     -74.2342     -81.8401
                -83.4477     -91.5681     -80.2283     -90.8642     -84.0788
   3      0     -81.0355     -87.6595     -84.4092     -87.3044     -86.3152
                -87.6552     -84.6780    -102.8627     -86.4157     -90.4911
                -86.7231     -79.1490     -85.5596     -85.8111     -82.9088
                -89.8871     -91.7987     -83.6689     -77.0340     -80.4366
                -80.7873     -86.3515     -77.6605     -79.0886     -80.6314
                -81.9549     -93.6476     -92.7729     -90.1761     -92.2936
                -81.7920     -89.6128    -100.2797    -107.7712    -101.3979
                -84.5371     -95.1604     -83.4252     -95.1433     -81.1281
                -69.5574     -66.5856     -76.0562     -74.2735     -81.7917
                -83.4726     -91.6514     -80.2496     -90.8473     -84.1110
   4      0     -80.9707     -87.5797     -84.2941     -87.1457     -86.1625
                -87.6157     -84.6107    -102.7560     -86.2898     -90.3944
                -86.6453     -79.0475     -85.4726     -85.6783     -82.8429
                -89.7796     -91.6844     -83.4680     -76.9469     -80.3291
                -80.7045     -86.2551     -77.5387     -78.9707     -80.4943
                -81.8384     -93.6163     -92.6648     -90.0540     -92.1312
                -81.7028     -89.5009    -100.1804    -107.7064    -101.3276
                -84.4456     -95.0701     -83.3453     -95.0532     -81.0368
                -69.4477     -66.4735     -76.0453     -74.1468     -81.7699
                -83.3766     -91.5169     -80.1258     -90.7791     -83.9995
   5      0     -81.0218     -87.6559     -84.4197     -87.2890     -86.3332
                -87.6692     -84.7370    -102.9058     -86.4350     -90.4930
                -86.7806     -79.1786     -85.5910     -85.8463     -82.9499
                -89.8912     -91.7906     -83.6199     -77.0909     -80.4673
                -80.7969     -86.4071     -77.7138     -79.0936     -80.5946
                -81.9778     -93.7225     -92.7149     -90.1787     -92.2569
                -81.8632     -89.6398    -100.2947    -107.7921    -101.4297
                -84.4919     -95.1283     -83.4081     -95.1459     -81.1363
                -69.5730     -66.6292     -76.1330     -74.2373     -81.8457
                -83.5064     -91.6312     -80.2880     -90.8228     -84.1231
   5     60     -82.1208     -88.7419     -85.5166     -88.3829     -87.4291
                -88.7599     -85.8340    -103.9893     -87.5266     -91.5834
                -87.8730     -80.2774     -86.6865     -86.9409     -84.0514
                -90.9856     -92.8853     -84.7137     -78.1936     -81.5613
                -81.8987     -87.5014     -78.8076     -80.1956     -81.6959
                -83.0731     -94.8162     -93.8102     -91.2728     -93.3495
                -82.9511     -90.7411    -101.3867    -108.8786    -102.5160
                -85.5953     -96.2262     -84.5040     -96.2358     -82.2385
                -70.6796     -67.7383     -77.2315     -75.3308     -82.9399
                -84.6097     -92.7291     -81.3832     -91.9129     -85.2111
   5     80     -86.2898     -92.8990     -89.6826     -92.5510     -91.6080
                -92.9252     -90.0054    -108.1317     -91.7071     -95.7464
                -92.0383     -84.4712     -90.8609     -91.1318     -88.2225
                -95.1351     -97.0403     -88.8881     -82.3704     -85.7275
                -86.0919     -91.6668     -82.9709     -84.3628     -85.8606
                -87.2251     -98.9625     -97.9674     -95.4288     -97.5077
                -87.1034     -94.9183    -105.5277    -113.0067    -106.6340
                -89.7460    -100.3675     -88.6485    -100.3581     -86.3799
                -74.8689     -71.9257     -81.3856     -79.5065     -87.0930
                -88.7648     -96.8879     -85.5577     -96.0716     -89.3691
   5    100     -94.0063    -100.6234     -97.4177    -100.2641     -99.3599
               -100.6459     -97.7366    -115.8508     -99.4634    -103.4750
                -99.7654     -92.2190     -98.5868     -98.8706     -95.9448
               -102.8375    -104.7670     -96.6216     -90.1040     -93.4633
                -93.8390     -99.3841     -90.6798     -92.0835     -93.5912
                -94.9482    -106.6826    -105.7036    -103.1391    -105.2288
                -94.8113    -102.6592    -113.2493    -120.7108    -114.3297
                -97.4483    -108.0684     -96.3658    -108.0425     -94.0675
                -82.5846     -79.6428     -89.0924     -87.2397     -94.8081
                -96.4740    -104.6305     -93.2879    -103.7983     -97.0888
 
 
 cumulative average & 95% error for solvation free energy
              total             1st component         2nd component
  1  -119.0356              -38.0011              -81.0355
  2  -118.9646     0.1420   -34.6180     6.7661   -84.3475     6.6241
  3  -118.8571     0.2302   -34.4899     3.9148   -84.3681     3.8246
  4  -118.7371     0.2899   -33.6359     3.2527   -85.1022     3.0772
  5  -118.6551     0.2780   -33.3113     2.6018   -85.3448     2.4325
  6  -118.6549     0.2270   -32.9260     2.2598   -85.7298     2.1302
  7  -118.7470     0.2660   -33.1684     1.9704   -85.5796     1.8253
  8  -119.0912     0.7258   -31.3522     4.0133   -87.7400     4.6009
  9  -119.1372     0.6467   -31.5453     3.5605   -87.5928     4.0682
 10  -119.3215     0.6858   -31.4397     3.1916   -87.8827     3.6846
 11  -119.3968     0.6384   -31.6205     2.9094   -87.7772     3.3395
 12  -119.3475     0.5910   -32.2902     2.9746   -87.0582     3.3707
 13  -119.2948     0.5538   -32.3528     2.7391   -86.9429     3.1092
 14  -119.2615     0.5170   -32.4003     2.5377   -86.8621     2.8831
 15  -119.2554     0.4815   -32.6578     2.4179   -86.5985     2.7353
 16  -119.3174     0.4671   -32.5143     2.2799   -86.8041     2.5914
 17  -119.3553     0.4453   -32.2583     2.2019   -87.0979     2.5041
 18  -119.3511     0.4199   -32.4446     2.1092   -86.9074     2.3915
 19  -119.3399     0.3978   -32.9531     2.2393   -86.3877     2.4894
 20  -119.2875     0.3917   -33.1983     2.1803   -86.0902     2.4355
 21  -119.2766     0.3732   -33.4399     2.1294   -85.8377     2.3710
 22  -119.2910     0.3570   -33.4309     2.0304   -85.8610     2.2612
 23  -119.2680     0.3442   -33.7644     2.0516   -85.5045     2.2753
 24  -119.2500     0.3315   -34.0138     2.0265   -85.2371     2.2430
 25  -119.2338     0.3196   -34.1818     1.9726   -85.0529     2.1828
 26  -119.2150     0.3094   -34.2822     1.9058   -84.9338     2.1106
 27  -119.2314     0.2995   -33.9759     1.9335   -85.2565     2.1311
 28  -119.2696     0.2986   -33.7456     1.9192   -85.5249     2.1226
 29  -119.2724     0.2881   -33.5880     1.8785   -85.6853     2.0730
 30  -119.2755     0.2784   -33.3708     1.8661   -85.9056     2.0506
 31  -119.2695     0.2696   -33.4976     1.8226   -85.7729     2.0011
 32  -119.2717     0.2610   -33.3797     1.7804   -85.8929     1.9523
 33  -119.3197     0.2706   -32.9918     1.8920   -86.3289     2.0835
 34  -119.3512     0.2700   -32.3927     2.1920   -86.9595     2.3825
 35  -119.3960     0.2770   -32.0249     2.2520   -87.3720     2.4562
 36  -119.3595     0.2789   -32.0671     2.1902   -87.2933     2.3921
 37  -119.3360     0.2753   -31.8310     2.1819   -87.5059     2.3651
 38  -119.3144     0.2714   -31.9168     2.1306   -87.3985     2.3121
 39  -119.3358     0.2678   -31.7396     2.1053   -87.5971     2.2867
 40  -119.3082     0.2668   -31.8737     2.0694   -87.4354     2.2522
 41  -119.2636     0.2751   -32.2652     2.1648   -86.9993     2.3634
 42  -119.2084     0.2902   -32.6961     2.2817   -86.5133     2.5029
 43  -119.2098     0.2834   -32.9406     2.2810   -86.2701     2.4919
 44  -119.1588     0.2951   -33.1623     2.2723   -85.9975     2.4949
 45  -119.1421     0.2904   -33.2390     2.2265   -85.9040     2.4460
 46  -119.1178     0.2881   -33.2676     2.1783   -85.8511     2.3946
 47  -119.1557     0.2919   -33.1821     2.1383   -85.9746     2.3561
 48  -119.1158     0.2967   -33.2614     2.0993   -85.8553     2.3187
 49  -119.1335     0.2928   -33.1773     2.0629   -85.9572     2.2801
 50  -119.1175     0.2886   -33.1982     2.0216   -85.9202     2.2352
 
 Mesh error is    0.109 kcal/mol
