 ERmod 0.3.8, Copyright (C) 2000-2019 Nobuyuki Matubayasi
                            2010-2019 Shun Sakuraba
 ERmod comes with ABSOLUTELY NO WARRANTY.
 This is free software, and you can redistribute it
 and/or modify it under certain conditions.
 See LICENSE file for details.
 ERmod 0.3.8, Copyright (C) 2000-2019 Nobuyuki Matubayasi
                            2010-2019 Shun Sakuraba
 ERmod comes with ABSOLUTELY NO WARRANTY.
 This is free software, and you can redistribute it
 and/or modify it under certain conditions.
 See LICENSE file for details.
 
  Number of the   1-th solvent  =          378
  Number of the   2-th solvent  =        10000
 
  Be sure that the solvent distribution is homogeneous (radial distribution function is essentially unity) when the solvent molecule is separated beyond distance of   10.0 Angstrom in any direction from any atom within the solute molecule
 
  LJ long-range correction    =        -1.1319     -7.1533
 
  Self-energy of the solute   =        -0.0141  kcal/mol
 
 
 cumulative average & 95% error for solvation energy
              total             1st component         2nd component
  1  -480.1042              -67.9588             -412.1313
  2  -480.1720     0.1357   -67.5073     0.9030  -412.6507     1.0387
  3  -479.2914     1.7631   -71.4818     7.9661  -407.7955     9.7288
  4  -479.1576     1.2751   -71.7415     5.6568  -407.4020     6.9242
  5  -478.8687     1.1442   -68.9813     7.0481  -409.8734     7.2938
  6  -479.0852     1.0296   -68.6424     5.7945  -410.4288     6.0580
  7  -478.8422     0.9968   -71.5139     7.5475  -407.3142     8.0632
  8  -478.9293     0.8807   -68.2838     9.1901  -410.6315     9.6322
  9  -479.0641     0.8221   -67.8324     8.1550  -411.2177     8.5753
 10  -479.1786     0.7701   -69.6299     8.1319  -409.5346     8.3761
 11  -479.2692     0.7198   -70.7462     7.6869  -408.5090     7.8493
 12  -479.1461     0.7018   -72.8767     8.2096  -406.2553     8.4651
 13  -479.2124     0.6590   -74.1043     7.9408  -405.0941     8.1257
 14  -479.3419     0.6628   -74.4639     7.3869  -404.8640     7.5370
 15  -479.5448     0.7385   -75.3618     7.1074  -404.1689     7.1530
 16  -479.7405     0.7939   -76.1744     6.8441  -403.5520     6.8038
 17  -479.8585     0.7823   -76.6009     6.4853  -403.2435     6.4208
 18  -479.9493     0.7595   -77.1961     6.2292  -402.7391     6.1370
 19  -479.9835     0.7217   -77.6664     5.9668  -402.3031     5.8702
 20  -480.1828     0.7922   -77.5267     5.6675  -402.6420     5.6101
 21  -480.3198     0.8018   -78.0207     5.4807  -402.2850     5.3838
 22  -480.2956     0.7660   -78.8523     5.4839  -401.4292     5.4111
 23  -480.2411     0.7400   -80.2259     5.9165  -400.0011     5.9069
 24  -480.3806     0.7615   -80.3733     5.6723  -399.9933     5.6554
 25  -480.5297     0.7889   -80.3861     5.4407  -400.1296     5.4314
 26  -480.5901     0.7676   -80.8911     5.3240  -399.6850     5.2935
 27  -480.5323     0.7476   -80.2596     5.2764  -400.2586     5.2213
 28  -480.4313     0.7482   -80.5428     5.1159  -399.8744     5.0897
 29  -480.4721     0.7265   -80.2895     4.9623  -400.1685     4.9462
 30  -480.4606     0.7023   -79.4835     5.0578  -400.9630     5.0357
 31  -480.4301     0.6820   -78.8813     5.0380  -401.5347     5.0030
 32  -480.3806     0.6677   -78.6670     4.8968  -401.6996     4.8553
 33  -480.4082     0.6495   -79.2005     4.8646  -401.1936     4.8135
 34  -480.4078     0.6301   -79.1192     4.7222  -401.2745     4.6726
 35  -480.4060     0.6118   -79.4757     4.6404  -400.9163     4.5933
 36  -480.3778     0.5973   -79.6171     4.5185  -400.7466     4.4768
 37  -480.3139     0.5948   -79.5624     4.3960  -400.7375     4.3542
 38  -480.1959     0.6252   -80.1125     4.4180  -400.0693     4.4437
 39  -480.0984     0.6394   -80.0831     4.3036  -400.0012     4.3304
 40  -480.0676     0.6263   -79.5927     4.3078  -400.4608     4.3197
 41  -480.0835     0.6116   -79.0092     4.3605  -401.0603     4.3803
 42  -480.0560     0.5994   -78.2193     4.5392  -401.8227     4.5386
 43  -480.0311     0.5874   -77.3131     4.7885  -402.7039     4.7693
 44  -480.0537     0.5757   -77.0329     4.7119  -403.0067     4.6989
 45  -480.0474     0.5629   -76.9491     4.6090  -403.0842     4.5959
 46  -480.0428     0.5506   -77.0337     4.5109  -402.9951     4.4984
 47  -480.0888     0.5465   -77.0395     4.4139  -403.0352     4.4024
 48  -480.1220     0.5392   -77.0119     4.3213  -403.0961     4.3114
 49  -480.1637     0.5346   -77.6919     4.4453  -402.4577     4.4113
 50  -480.2083     0.5313   -78.3145     4.5301  -401.8797     4.4741
 
 
 group  inft  solvation free energy     error          difference
  total solvation free energy
   1      0       -102.86243           0.26271          -0.08305
   1     60       -103.75923           0.26235          -0.97984
   1     80       -107.37532           0.26107          -4.59594
   1    100       -116.22385           0.26182         -13.44447
   2      0       -102.82729           0.26230          -0.04791
   3      0       -102.77938           0.26229           0.00000
   4      0       -102.82223           0.25741          -0.04285
   5      0       -102.86592           0.26163          -0.08654
   5     60       -103.99283           0.26069          -1.21345
   5     80       -108.22259           0.25930          -5.44320
   5    100       -116.32589           0.25933         -13.54651
 
  contribution from  1-th solvent component
   1      0        -27.99428           1.76671          -0.04689
   1     60        -28.02688           1.76676          -0.07948
   1     80        -28.17255           1.76697          -0.22516
   1    100        -28.58740           1.76699          -0.64001
   2      0        -27.96962           1.76301          -0.02223
   3      0        -27.94739           1.76102           0.00000
   4      0        -27.96127           1.76078          -0.01388
   5      0        -27.97538           1.76106          -0.02798
   5     60        -28.01686           1.76115          -0.06947
   5     80        -28.19318           1.76138          -0.24579
   5    100        -28.57874           1.76154          -0.63135
 
  contribution from  2-th solvent component
   1      0        -74.85409           1.86119          -0.03616
   1     60        -75.71829           1.85973          -0.90036
   1     80        -79.18872           1.85592          -4.37079
   1    100        -87.62239           1.85245         -12.80446
   2      0        -74.84361           1.86515          -0.02568
   3      0        -74.81793           1.86776           0.00000
   4      0        -74.84690           1.86189          -0.02897
   5      0        -74.87649           1.86468          -0.05855
   5     60        -75.96191           1.86237          -1.14398
   5     80        -80.01534           1.85884          -5.19741
   5    100        -87.73309           1.85331         -12.91516
 
 
 group  inft   Estimated free energy: total (kcal/mol)
   1      0    -104.0118    -103.1752    -102.0362    -103.2440    -102.3623
               -103.0118    -101.3909    -102.8902    -102.9593    -102.3164
               -102.5764    -101.5860    -102.3175    -102.9417    -103.6927
               -103.8554    -103.2496    -103.0905    -102.7575    -104.9316
               -104.0685    -101.3859    -100.4938    -103.9897    -104.6035
               -103.2890    -102.5872    -102.1598    -103.6782    -103.0766
               -102.4750    -102.3125    -103.2835    -102.8967    -102.9081
               -103.0044    -102.5631    -100.3460    -101.3172    -102.4271
               -104.2092    -103.1375    -103.4238    -103.2998    -102.5099
               -102.1580    -103.8557    -103.4437    -103.1176    -102.7033
   1     60    -104.9021    -104.0757    -102.9364    -104.1363    -103.2522
               -103.9015    -102.2857    -103.7754    -103.8494    -103.2136
               -103.4768    -102.5014    -103.2215    -103.8379    -104.5946
               -104.7602    -104.1512    -103.9817    -103.6569    -105.8253
               -104.9711    -102.2876    -101.3923    -104.8828    -105.5014
               -104.1946    -103.4711    -103.0597    -104.5691    -103.9707
               -103.3732    -103.2132    -104.1852    -103.7961    -103.8092
               -103.9053    -103.4582    -101.2469    -102.2119    -103.3165
               -105.0946    -104.0234    -104.3062    -104.1912    -103.4055
               -103.0514    -104.7578    -104.3393    -104.0301    -103.6101
   1     80    -108.5096    -107.7168    -106.5738    -107.7479    -106.8613
               -107.5012    -105.8934    -107.3520    -107.4393    -106.8329
               -107.0867    -106.1314    -106.8430    -107.4559    -108.2361
               -108.3930    -107.7510    -107.5980    -107.2700    -109.4286
               -108.6078    -105.9184    -105.0270    -108.5044    -109.1068
               -107.8185    -107.0657    -106.6761    -108.1648    -107.5560
               -106.9691    -106.8316    -107.8260    -107.4074    -107.4384
               -107.5441    -107.0710    -104.8869    -105.8388    -106.9233
               -108.6942    -107.6191    -107.8863    -107.7935    -107.0263
               -106.6898    -108.3754    -107.9469    -107.6777    -107.2532
   1    100    -117.3511    -116.5712    -115.4146    -116.5741    -115.6839
               -116.3149    -114.7414    -116.1873    -116.3122    -115.6983
               -115.9593    -114.9833    -115.7208    -116.3130    -117.1304
               -117.2256    -116.6402    -116.4533    -116.1033    -118.2872
               -117.5043    -114.8066    -113.8976    -117.3426    -117.9595
               -116.6866    -115.9044    -115.5324    -117.0095    -116.3964
               -115.8141    -115.6778    -116.7037    -116.2462    -116.2959
               -116.3827    -115.8943    -113.7024    -114.6597    -115.7110
               -117.5136    -116.4375    -116.6971    -116.6293    -115.8622
               -115.5459    -117.2368    -116.7986    -116.5649    -116.1136
   2      0    -104.0883    -103.3151    -102.0838    -103.3306    -102.4387
               -102.9830    -101.3341    -102.8713    -102.8623    -102.1946
               -102.4848    -101.5537    -102.1587    -102.9077    -103.6275
               -103.8190    -103.1570    -102.9833    -102.6863    -104.8373
               -103.9754    -101.3188    -100.4260    -103.8628    -104.5113
               -103.2714    -102.6064    -102.0667    -103.6873    -103.0172
               -102.4265    -102.1605    -103.2255    -102.8794    -102.8791
               -103.0373    -102.5947    -100.3897    -101.3656    -102.5247
               -104.2571    -103.2145    -103.4499    -103.2288    -102.4236
               -102.0559    -103.7361    -103.4437    -103.0010    -102.6106
   3      0    -104.1092    -103.2964    -102.0482    -103.3333    -102.4645
               -102.8825    -101.3080    -102.8027    -102.7852    -102.1038
               -102.4766    -101.4322    -102.0890    -102.8073    -103.5812
               -103.6931    -103.0908    -102.8781    -102.5503    -104.7168
               -103.9086    -101.1987    -100.3413    -103.7459    -104.5175
               -103.2771    -102.5520    -101.9652    -103.6581    -102.9231
               -102.4270    -102.1931    -103.1684    -102.8510    -102.8431
               -103.0669    -102.5958    -100.4494    -101.4022    -102.5747
               -104.2805    -103.2465    -103.4777    -103.0647    -102.3968
               -101.9268    -103.6797    -103.3794    -102.9488    -102.4602
   4      0    -103.9993    -103.2423    -102.0230    -103.2832    -102.4439
               -102.9753    -101.3835    -102.8883    -102.8476    -102.2832
               -102.5658    -101.5693    -102.2368    -102.9153    -103.6792
               -103.7629    -103.1929    -102.8937    -102.6538    -104.7771
               -103.9644    -101.3597    -100.4042    -103.8565    -104.5053
               -103.3356    -102.6703    -101.9936    -103.6595    -102.9785
               -102.4685    -102.2076    -103.2339    -102.8883    -102.8884
               -102.9975    -102.6150    -100.4390    -101.3726    -102.5435
               -104.1755    -103.2184    -103.4039    -103.1608    -102.4712
               -102.0407    -103.6942    -103.5063    -102.9588    -102.4835
   5      0    -104.1062    -103.3510    -102.1418    -103.3410    -102.5084
               -102.9793    -101.3781    -102.9498    -102.8895    -102.1872
               -102.5304    -101.5413    -102.2382    -102.9358    -103.5851
               -103.8101    -103.2047    -103.0180    -102.7025    -104.8606
               -104.0252    -101.3722    -100.4608    -103.8797    -104.6004
               -103.3326    -102.6170    -102.0339    -103.8167    -103.0346
               -102.4335    -102.2481    -103.1890    -102.9378    -102.8959
               -103.0762    -102.6571    -100.4904    -101.4223    -102.5877
               -104.2836    -103.3544    -103.5299    -103.1833    -102.4864
               -102.0920    -103.8128    -103.4395    -103.1275    -102.6168
   5     60    -105.2176    -104.4752    -103.2671    -104.4543    -103.6189
               -104.1004    -102.5101    -104.0650    -104.0153    -103.3212
               -103.6659    -102.6809    -103.3775    -104.0676    -104.7165
               -104.9448    -104.3377    -104.1486    -103.8355    -105.9849
               -105.1577    -102.5177    -101.6007    -105.0106    -105.7243
               -104.4675    -103.7369    -103.1660    -104.9386    -104.1565
               -103.5575    -103.3784    -104.3230    -104.0639    -104.0283
               -104.2004    -103.7774    -101.6166    -102.5417    -103.6985
               -105.3907    -104.4602    -104.6301    -104.3067    -103.6148
               -103.2267    -104.9442    -104.5662    -104.2726    -103.7621
   5     80    -109.4427    -108.7335    -107.5228    -108.6813    -107.8444
               -108.2941    -106.7350    -108.2551    -108.2211    -107.5550
               -107.9040    -106.9184    -107.6158    -108.2964    -108.9767
               -109.1845    -108.5624    -108.3783    -108.0681    -110.2063
               -109.3953    -106.7659    -105.8475    -109.2280    -109.9456
               -108.7114    -107.9513    -107.3865    -109.1485    -108.3674
               -107.7730    -107.6021    -108.5708    -108.2964    -108.2717
               -108.4513    -108.0088    -105.8751    -106.7839    -107.9236
               -109.6045    -108.6758    -108.8275    -108.5079    -107.8397
               -107.4593    -109.1746    -108.7907    -108.5372    -108.0124
   5    100    -117.4956    -116.8041    -115.5737    -116.7125    -115.8800
               -116.3621    -114.8640    -116.3521    -116.3422    -115.7056
               -116.0377    -115.0540    -115.7880    -116.4160    -117.1329
               -117.2965    -116.7119    -116.4900    -116.1979    -118.3335
               -117.5375    -114.9276    -113.9844    -117.3564    -118.0666
               -116.8371    -116.0761    -115.5119    -117.2582    -116.4687
               -115.8837    -115.7402    -116.7246    -116.4132    -116.3776
               -116.5115    -116.0526    -113.9044    -114.8148    -115.9341
               -117.6364    -116.7113    -116.8569    -116.6054    -115.9464
               -115.5849    -117.3053    -116.9007    -116.6607    -116.1551
 
 group  inft   Estimated free energy: 1-th solvent contribution (kcal/mol)
   1      0     -24.9141     -23.7756     -28.5143     -26.4789     -20.5627
                -23.5252     -32.1909     -14.3612     -22.2211     -30.3912
                -28.9350     -34.3543     -31.5488     -28.3268     -31.7224
                -31.6697     -30.0767     -31.7512     -31.0251     -26.7258
                -32.4500     -34.1806     -40.1577     -30.2164     -29.2555
                -33.9947     -22.2406     -31.4077     -26.0359     -18.9447
                -20.3780     -25.0591     -35.1216     -27.4006     -33.5547
                -30.9517     -28.2767     -37.1091     -28.7978     -21.3117
                -19.6691     -15.5646     -12.9939     -22.3990     -25.6578
                -28.6880     -27.4514     -26.8779     -40.7609     -39.7355
   1     60     -24.9469     -23.8087     -28.5468     -26.5115     -20.5955
                -23.5578     -32.2230     -14.3925     -22.2533     -30.4235
                -28.9675     -34.3871     -31.5818     -28.3590     -31.7552
                -31.7032     -30.1098     -31.7839     -31.0579     -26.7585
                -32.4831     -34.2132     -40.1900     -30.2489     -29.2886
                -34.0276     -22.2728     -31.4404     -26.0681     -18.9764
                -20.4105     -25.0914     -35.1543     -27.4338     -33.5883
                -30.9843     -28.3096     -37.1421     -28.8306     -21.3445
                -19.7021     -15.5969     -13.0265     -22.4309     -25.6892
                -28.7205     -27.4843     -26.9100     -40.7943     -39.7676
   1     80     -25.0933     -23.9565     -28.6925     -26.6571     -20.7416
                -23.7040     -32.3663     -14.5326     -22.3969     -30.5680
                -29.1125     -34.5328     -31.7291     -28.5038     -31.9016
                -31.8521     -30.2568     -31.9308     -31.2037     -26.9047
                -32.6306     -34.3590     -40.3351     -30.3945     -29.4361
                -34.1740     -22.4174     -31.5858     -26.2119     -19.1187
                -20.5547     -25.2360     -35.3008     -27.5816     -33.7379
                -31.1296     -28.4563     -37.2891     -28.9769     -21.4914
                -19.8497     -15.7415     -13.1721     -22.5740     -25.8299
                -28.8670     -27.6306     -27.0538     -40.9428     -39.9120
   1    100     -25.5131     -24.3734     -29.1069     -27.0718     -21.1584
                -24.1190     -32.7762     -14.9404     -22.8115     -30.9824
                -29.5267     -34.9428     -32.1452     -28.9174     -32.3196
                -32.2701     -30.6757     -32.3486     -31.6178     -27.3209
                -33.0475     -34.7720     -40.7458     -30.8092     -29.8529
                -34.5891     -22.8326     -32.0015     -26.6250     -19.5297
                -20.9687     -25.6497     -35.7162     -27.9983     -34.1581
                -31.5445     -28.8733     -37.7046     -29.3918     -21.9081
                -20.2710     -16.1573     -13.5894     -22.9826     -26.2344
                -29.2818     -28.0467     -27.4673     -41.3603     -40.3231
   2      0     -24.9349     -23.8104     -28.5307     -26.5203     -20.5917
                -23.4963     -32.1536     -14.3371     -22.1964     -30.3144
                -28.8927     -34.3309     -31.4812     -28.2997     -31.6989
                -31.6196     -30.0377     -31.6929     -30.9572     -26.6735
                -32.4229     -34.0955     -40.1196     -30.1396     -29.2193
                -33.9685     -22.2125     -31.3772     -26.0151     -18.9112
                -20.3619     -24.9937     -35.0834     -27.3686     -33.5189
                -30.9811     -28.2850     -37.1185     -28.8133     -21.3400
                -19.6861     -15.5803     -13.0080     -22.3755     -25.6289
                -28.6306     -27.4061     -26.8429     -40.7097     -39.6970
   3      0     -24.9517     -23.8240     -28.5381     -26.5334     -20.5971
                -23.4523     -32.1213     -14.2970     -22.1678     -30.2703
                -28.8666     -34.2842     -31.4246     -28.2634     -31.6676
                -31.5882     -30.0038     -31.6676     -30.9266     -26.6549
                -32.3909     -34.0402     -40.0734     -30.0931     -29.1931
                -33.9509     -22.1841     -31.3420     -26.0061     -18.8716
                -20.3541     -24.9804     -35.0660     -27.3515     -33.5071
                -30.9929     -28.2649     -37.1236     -28.8170     -21.3529
                -19.6932     -15.5970     -13.0106     -22.3069     -25.5912
                -28.5886     -27.3798     -26.8146     -40.6823     -39.6489
   4      0     -24.9480     -23.8265     -28.5506     -26.5380     -20.6169
                -23.4797     -32.1353     -14.3276     -22.1763     -30.3014
                -28.8881     -34.3131     -31.4584     -28.2971     -31.7135
                -31.5847     -30.0230     -31.6543     -30.9215     -26.6580
                -32.3831     -34.0514     -40.0842     -30.1205     -29.1937
                -33.9757     -22.2016     -31.3373     -26.0159     -18.8989
                -20.3753     -24.9856     -35.0730     -27.3692     -33.5146
                -30.9954     -28.2941     -37.1419     -28.8317     -21.3586
                -19.6995     -15.5995     -13.0139     -22.3367     -25.6190
                -28.5983     -27.3951     -26.8385     -40.6864     -39.6632
   5      0     -24.9572     -23.8254     -28.5708     -26.5369     -20.6157
                -23.4816     -32.1653     -14.3428     -22.2047     -30.2965
                -28.8954     -34.3265     -31.4675     -28.3093     -31.6947
                -31.5986     -30.0274     -31.6769     -30.9625     -26.6822
                -32.4061     -34.0828     -40.1076     -30.1299     -29.2319
                -33.9800     -22.2297     -31.3576     -26.0631     -18.9186
                -20.3837     -25.0178     -35.0863     -27.3822     -33.5217
                -31.0086     -28.2999     -37.1366     -28.8265     -21.3565
                -19.6932     -15.6182     -13.0263     -22.3587     -25.6361
                -28.6306     -27.4057     -26.8438     -40.7169     -39.6747
   5     60     -24.9984     -23.8673     -28.6120     -26.5780     -20.6570
                -23.5231     -32.2063     -14.3828     -22.2459     -30.3379
                -28.9369     -34.3683     -31.5097     -28.3506     -31.7363
                -31.6413     -30.0696     -31.7188     -31.0043     -26.7238
                -32.4479     -34.1248     -40.1491     -30.1714     -29.2739
                -34.0219     -22.2708     -31.3991     -26.1042     -18.9590
                -20.4250     -25.0590     -35.1279     -27.4243     -33.5644
                -31.0498     -28.3417     -37.1783     -28.8678     -21.3981
                -19.7348     -15.6590     -13.0673     -22.3995     -25.6760
                -28.6724     -27.4474     -26.8848     -40.7594     -39.7162
   5     80     -25.1748     -24.0455     -28.7876     -26.7535     -20.8335
                -23.6990     -32.3805     -14.5537     -22.4211     -30.5138
                -29.1128     -34.5445     -31.6883     -28.5258     -31.9135
                -31.8216     -30.2480     -31.8967     -31.1812     -26.9010
                -32.6255     -34.3021     -40.3248     -30.3469     -29.4526
                -34.1992     -22.4463     -31.5750     -26.2793     -19.1319
                -20.6006     -25.2344     -35.3046     -27.6027     -33.7444
                -31.2254     -28.5189     -37.3555     -29.0439     -21.5755
                -19.9127     -15.8343     -13.2430     -22.5728     -25.8465
                -28.8495     -27.6241     -27.0595     -40.9392     -39.8916
   5    100     -25.5608     -24.4306     -29.1694     -27.1356     -21.2178
                -24.0835     -32.7639     -14.9342     -22.8077     -30.9024
                -29.4984     -34.9278     -32.0781     -28.9116     -32.3026
                -32.2116     -30.6382     -32.2847     -31.5681     -27.2884
                -33.0122     -34.6890     -40.7078     -30.7328     -29.8418
                -34.5853     -22.8344     -31.9618     -26.6652     -19.5149
                -20.9865     -25.6219     -35.6915     -27.9909     -34.1327
                -31.6082     -28.9032     -37.7372     -29.4250     -21.9597
                -20.3005     -16.2182     -13.6269     -22.9553     -26.2238
                -29.2367     -28.0114     -27.4451     -41.3267     -40.2750
 
 group  inft   Estimated free energy: 2-th solvent contribution (kcal/mol)
   1      0     -79.0836     -79.3856     -73.5079     -76.7510     -81.7855
                -79.4726     -69.1860     -88.5150     -80.7241     -71.9112
                -73.6274     -67.2176     -70.7546     -74.6009     -71.9562
                -72.1717     -73.1588     -71.3253     -71.7184     -78.1917
                -71.6044     -67.1912     -60.3220     -73.7592     -75.3339
                -69.2803     -80.3325     -70.7380     -77.6283     -84.1179
                -82.0829     -77.2393     -68.1479     -75.4820     -69.3394
                -72.0386     -74.2724     -63.2228     -72.5053     -81.1014
                -84.5260     -87.5589     -90.4158     -80.8867     -76.8381
                -73.4560     -76.3903     -76.5517     -62.3426     -62.9537
   1     60     -79.9412     -80.2529     -74.3755     -77.6107     -82.6426
                -80.3296     -70.0487     -89.3688     -81.5821     -72.7761
                -74.4952     -68.1003     -71.6257     -75.4648     -72.8253
                -73.0429     -74.0273     -72.1837     -72.5850     -79.0527
                -72.4739     -68.0604     -61.1882     -74.6198     -76.1987
                -70.1529     -81.1843     -71.6052     -78.4870     -84.9802
                -82.9486     -78.1078     -69.0169     -76.3483     -70.2069
                -72.9069     -75.1346     -64.0908     -73.3672     -81.9579
                -85.3784     -88.4125     -91.2657     -81.7462     -77.7023
                -74.3169     -77.2594     -77.4152     -63.2217     -63.8284
   1     80     -83.4022     -83.7463     -77.8673     -81.0767     -86.1056
                -83.7831     -73.5130     -92.8054     -85.0284     -76.2508
                -77.9602     -71.5845     -75.0998     -78.9380     -76.3204
                -76.5268     -77.4802     -75.6532     -76.0522     -82.5098
                -75.9631     -71.5453     -64.6779     -78.0958     -79.6566
                -73.6305     -84.6342     -75.0762     -81.9389     -88.4232
                -86.4004     -81.5816     -72.5112     -79.8118     -73.6864
                -76.4004     -78.6007     -67.5837     -76.8478     -85.4178
                -88.8304     -91.8635     -94.7001     -85.2054     -81.1823
                -77.8087     -80.7307     -80.8790     -66.7208     -67.3271
   1    100     -91.8240     -92.1837     -86.2936     -89.4882     -94.5114
                -92.1819     -81.9512    -101.2328     -93.4866     -84.7018
                -86.4186     -80.0265     -83.5615     -87.3815     -84.7967
                -84.9414     -85.9505     -84.0906     -84.4714     -90.9522
                -84.4427     -80.0205     -73.1378     -86.5194     -88.0926
                -82.0834     -93.0577     -83.5169     -90.3705     -96.8526
                -94.8313     -90.0140     -80.9735     -88.2339     -82.1238
                -84.8242     -87.0070     -75.9838     -85.2539     -93.7888
                -97.2286    -100.2662    -103.0936     -93.6327     -89.6137
                -86.2500     -89.1761     -89.3173     -75.1905     -75.7765
   2      0     -79.1394     -79.4907     -73.5391     -76.7962     -81.8329
                -79.4726     -69.1665     -88.5201     -80.6518     -71.8661
                -73.5781     -67.2087     -70.6634     -74.5939     -71.9145
                -72.1853     -73.1052     -71.2764     -71.7150     -78.1497
                -71.5384     -67.2092     -60.2924     -73.7092     -75.2780
                -69.2889     -80.3798     -70.6754     -77.6582     -84.0920
                -82.0506     -77.1527     -68.1280     -75.4968     -69.3462
                -72.0421     -74.2956     -63.2571     -72.5382     -81.1706
                -84.5569     -87.6202     -90.4278     -80.8392     -76.7807
                -73.4112     -76.3159     -76.5868     -62.2773     -62.8995
   3      0     -79.1434     -79.4583     -73.4961     -76.7858     -81.8534
                -79.4161     -69.1726     -88.4916     -80.6033     -71.8194
                -73.5959     -67.1339     -70.6504     -74.5299     -71.8996
                -72.0908     -73.0729     -71.1964     -71.6097     -78.0479
                -71.5036     -67.1445     -60.2539     -73.6388     -75.3103
                -69.3122     -80.3538     -70.6091     -77.6379     -84.0374
                -82.0588     -77.1986     -68.0883     -75.4854     -69.3220
                -72.0599     -74.3168     -63.3117     -72.5711     -81.2077
                -84.5732     -87.6354     -90.4530     -80.7437     -76.7915
                -73.3241     -76.2859     -76.5507     -62.2524     -62.7973
   4      0     -79.0373     -79.4018     -73.4583     -76.7312     -81.8129
                -79.4816     -69.2341     -88.5467     -80.6573     -71.9678
                -73.6636     -67.2421     -70.7643     -74.6041     -71.9516
                -72.1642     -73.1558     -71.2253     -71.7182     -78.1051
                -71.5673     -67.2942     -60.3060     -73.7219     -75.2975
                -69.3458     -80.4546     -70.6423     -77.6295     -84.0655
                -82.0792     -77.2079     -68.1468     -75.5050     -69.3598
                -71.9880     -74.3069     -63.2831     -72.5269     -81.1709
                -84.4620     -87.6048     -90.3759     -80.8100     -76.8381
                -73.4284     -76.2850     -76.6538     -62.2584     -62.8062
   5      0     -79.1350     -79.5115     -73.5569     -76.7900     -81.8786
                -79.4837     -69.1987     -88.5929     -80.6707     -71.8767
                -73.6209     -67.2007     -70.7567     -74.6124     -71.8764
                -72.1975     -73.1632     -71.3270     -71.7260     -78.1644
                -71.6050     -67.2753     -60.3392     -73.7357     -75.3545
                -69.3385     -80.3732     -70.6623     -77.7395     -84.1019
                -82.0358     -77.2162     -68.0887     -75.5416     -69.3601
                -72.0535     -74.3431     -63.3398     -72.5818     -81.2171
                -84.5764     -87.7221     -90.4896     -80.8106     -76.8362
                -73.4474     -76.3930     -76.5816     -62.3966     -62.9280
   5     60     -80.2052     -80.5938     -74.6410     -77.8622     -82.9478
                -80.5632     -70.2898     -89.6682     -81.7553     -72.9693
                -74.7150     -68.2985     -71.8538     -75.7030     -72.9662
                -73.2894     -74.2541     -72.4158     -72.8172     -79.2470
                -72.6958     -68.3788     -61.4376     -74.8252     -76.4363
                -70.4316     -81.4520     -71.7528     -78.8203     -85.1835
                -83.1185     -78.3053     -69.1810     -76.6256     -70.4498
                -73.1366     -75.4217     -64.4243     -73.6598     -82.2863
                -85.6418     -88.7871     -91.5488     -81.8931     -77.9248
                -74.5402     -77.4828     -77.6673     -63.4991     -64.0319
   5     80     -84.2539     -84.6739     -78.7212     -81.9137     -86.9968
                -84.5810     -74.3404     -93.6873     -85.7859     -77.0272
                -78.7771     -72.3598     -75.9134     -79.7566     -77.0491
                -77.3488     -78.3003     -76.4676     -76.8729     -83.2912
                -76.7558     -72.4497     -65.5087     -78.8670     -80.4789
                -74.4981     -85.4910     -75.7974     -82.8552     -89.2215
                -87.1583     -82.3536     -73.2521     -80.6797     -74.5133
                -77.2118     -79.4758     -68.5055     -77.7259     -86.3340
                -89.6777     -92.8274     -95.5704     -85.9210     -81.9792
                -78.5957     -81.5364     -81.7171     -67.5839     -68.1067
   5    100     -91.9207     -92.3595     -86.3902     -89.5629     -94.6481
                -92.2645     -82.0860    -101.4038     -93.5204     -84.7892
                -86.5252     -80.1121     -83.6959     -87.4903     -84.8162
                -85.0709     -86.0596     -84.1912     -84.6157     -91.0311
                -84.5112     -80.2246     -73.2626     -86.6096     -88.2108
                -82.2378     -93.2276     -83.5361     -90.5790     -96.9397
                -94.8831     -90.1042     -81.0191     -88.4083     -82.2308
                -84.8892     -87.1353     -76.1531     -85.3758     -93.9604
                -97.3218    -100.4790    -103.2160     -93.6360     -89.7085
                -86.3342     -89.2798     -89.4415     -75.3199     -75.8660
 
 
 cumulative average & 95% error for solvation free energy
              total             1st component         2nd component
  1  -104.1092              -24.9517              -79.1434
  2  -103.7028     0.8128   -24.3879     1.1276   -79.3009     0.3149
  3  -103.1513     1.1987   -25.7713     2.8424   -77.3659     3.8741
  4  -103.1968     0.8525   -25.9618     2.0457   -77.2209     2.7547
  5  -103.0503     0.7224   -24.8889     2.6675   -78.1474     2.8261
  6  -103.0223     0.5925   -24.6495     2.2300   -78.3588     2.3459
  7  -102.7774     0.7005   -25.7169     2.8478   -77.0465     3.2893
  8  -102.7806     0.6067   -24.2894     3.7727   -78.4772     4.0375
  9  -102.7811     0.5350   -24.0537     3.3604   -78.7134     3.5920
 10  -102.7134     0.4973   -24.6753     3.2527   -78.0240     3.4961
 11  -102.6918     0.4519   -25.0563     3.0392   -77.6214     3.2632
 12  -102.5869     0.4629   -25.8253     3.1722   -76.7475     3.4539
 13  -102.5486     0.4326   -26.2560     3.0425   -76.2785     3.3127
 14  -102.5671     0.4022   -26.3994     2.8314   -76.1536     3.0771
 15  -102.6347     0.3981   -26.7506     2.7278   -75.8700     2.9202
 16  -102.7008     0.3952   -27.0530     2.6223   -75.6338     2.7722
 17  -102.7238     0.3741   -27.2266     2.4876   -75.4831     2.6214
 18  -102.7323     0.3531   -27.4733     2.3967   -75.2450     2.5169
 19  -102.7228     0.3345   -27.6550     2.2960   -75.0537     2.4113
 20  -102.8225     0.3748   -27.6050     2.1805   -75.2034     2.3071
 21  -102.8742     0.3712   -27.8329     2.1235   -75.0272     2.2226
 22  -102.7980     0.3853   -28.1151     2.1019   -74.6689     2.2371
 23  -102.6912     0.4257   -28.6350     2.2616   -74.0421     2.4780
 24  -102.7352     0.4169   -28.6958     2.1688   -74.0253     2.3727
 25  -102.8065     0.4246   -28.7157     2.0806   -74.0767     2.2782
 26  -102.8246     0.4095   -28.9170     2.0391   -73.8935     2.2193
 27  -102.8145     0.3946   -28.6676     2.0245   -74.1328     2.1885
 28  -102.7841     0.3850   -28.7632     1.9602   -74.0069     2.1238
 29  -102.8143     0.3764   -28.6681     1.9009   -74.1321     2.0645
 30  -102.8179     0.3637   -28.3415     1.9492   -74.4623     2.1010
 31  -102.8053     0.3527   -28.0839     1.9544   -74.7073     2.0903
 32  -102.7862     0.3436   -27.9869     1.9023   -74.7852     2.0299
 33  -102.7977     0.3338   -28.2014     1.8930   -74.5823     2.0089
 34  -102.7993     0.3239   -28.1764     1.8371   -74.6088     1.9496
 35  -102.8005     0.3145   -28.3287     1.8097   -74.4578     1.9171
 36  -102.8079     0.3060   -28.4027     1.7649   -74.3912     1.8678
 37  -102.8022     0.2978   -28.3990     1.7166   -74.3892     1.8166
 38  -102.7403     0.3152   -28.6286     1.7327   -74.0976     1.8618
 39  -102.7060     0.3146   -28.6334     1.6878   -74.0585     1.8151
 40  -102.7027     0.3067   -28.4514     1.6848   -74.2372     1.8049
 41  -102.7412     0.3089   -28.2378     1.6978   -74.4893     1.8311
 42  -102.7532     0.3024   -27.9368     1.7629   -74.8023     1.8935
 43  -102.7701     0.2972   -27.5897     1.8561   -75.1663     1.9871
 44  -102.7768     0.2907   -27.4696     1.8293   -75.2931     1.9579
 45  -102.7683     0.2846   -27.4279     1.7901   -75.3264     1.9150
 46  -102.7500     0.2808   -27.4531     1.7515   -75.2828     1.8750
 47  -102.7698     0.2776   -27.4516     1.7138   -75.3042     1.8351
 48  -102.7825     0.2729   -27.4383     1.6779   -75.3301     1.7972
 49  -102.7859     0.2674   -27.7086     1.7300   -75.0633     1.8393
 50  -102.7794     0.2623   -27.9474     1.7610   -74.8179     1.8678
 
 Mesh error is    0.087 kcal/mol
