 ERmod 0.3.8, Copyright (C) 2000-2019 Nobuyuki Matubayasi
                            2010-2019 Shun Sakuraba
 ERmod comes with ABSOLUTELY NO WARRANTY.
 This is free software, and you can redistribute it
 and/or modify it under certain conditions.
 See LICENSE file for details.
 
  Number of the   1-th solvent  =          378
  Number of the   2-th solvent  =        10000
 
  Be sure that the solvent distribution is homogeneous (radial distribution function is essentially unity) when the solvent molecule is separated beyond distance of   10.0 Angstrom in any direction from any atom within the solute molecule
 
  LJ long-range correction    =        -1.1319     -7.1533
 
  Self-energy of the solute   =        -0.0028  kcal/mol
 
 
 cumulative average & 95% error for solvation energy
              total             1st component         2nd component
  1  -464.9456              -84.6321             -380.3108
  2  -464.6793     0.5327   -83.1312     3.0019  -381.5453     2.4692
  3  -465.1751     1.0383   -79.5856     7.2998  -385.5867     8.2075
  4  -465.0677     0.7650   -81.2868     6.1821  -383.7781     6.8385
  5  -464.0793     2.0635   -82.7537     5.6159  -381.3229     7.2230
  6  -464.4126     1.8119   -81.8161     4.9540  -382.5938     6.4220
  7  -465.0585     2.0034   -81.6353     4.2025  -383.4204     5.6738
  8  -465.1693     1.7491   -78.1536     7.8572  -387.0130     8.7046
  9  -465.4690     1.6549   -79.5756     7.4904  -385.8906     7.9982
 10  -464.9917     1.7614   -80.2066     6.8174  -384.7823     7.4893
 11  -464.6336     1.7467   -81.8180     6.9580  -382.8129     7.8363
 12  -464.4906     1.6200   -82.8303     6.6666  -381.6575     7.5174
 13  -464.6708     1.5332   -81.7107     6.5284  -382.9574     7.3876
 14  -464.8734     1.4761   -80.9682     6.2239  -383.9025     7.0960
 15  -465.0595     1.4237   -80.4416     5.8891  -384.6151     6.7580
 16  -465.1489     1.3437   -80.2640     5.5202  -384.8821     6.3440
 17  -465.0065     1.2939   -80.5589     5.2187  -384.4447     6.0230
 18  -464.8591     1.2550   -79.5815     5.2944  -385.2748     5.9163
 19  -464.8885     1.1886   -78.2647     5.6583  -386.6211     6.2103
 20  -465.0350     1.1651   -76.3885     6.5495  -388.6438     7.1468
 21  -464.9354     1.1260   -75.2674     6.6210  -389.6652     7.0983
 22  -465.0105     1.0840   -75.8021     6.4028  -389.2056     6.8300
 23  -465.0247     1.0362   -75.1403     6.2596  -389.8816     6.6649
 24  -465.1221     1.0111   -75.2302     5.9958  -389.8892     6.3812
 25  -465.0848     0.9727   -75.3247     5.7541  -389.7574     6.1263
 26  -464.9585     0.9681   -74.6165     5.7069  -390.3392     5.9999
 27  -464.9579     0.9315   -73.9544     5.6489  -391.0007     5.9230
 28  -464.9275     0.8997   -73.7902     5.4533  -391.1345     5.7139
 29  -464.8956     0.8704   -72.6450     5.7388  -392.2479     5.9460
 30  -464.8802     0.8415   -72.2189     5.6093  -392.6586     5.8028
 31  -464.9020     0.8151   -72.3550     5.4322  -392.5442     5.6172
 32  -464.8059     0.8123   -72.2512     5.2638  -392.5519     5.4388
 33  -464.7260     0.8033   -72.1199     5.1085  -392.6034     5.2724
 34  -464.6960     0.7816   -72.0000     4.9618  -392.6932     5.1182
 35  -464.6125     0.7771   -71.8647     4.8255  -392.7451     4.9709
 36  -464.5426     0.7681   -72.0404     4.7027  -392.4993     4.8557
 37  -464.4612     0.7645   -72.1243     4.5769  -392.3341     4.7342
 38  -464.4785     0.7449   -72.6983     4.6004  -391.7774     4.7406
 39  -464.3803     0.7517   -74.2159     5.4121  -390.1616     5.6359
 40  -464.3197     0.7426   -74.7961     5.4012  -389.5208     5.6407
 41  -464.3514     0.7271   -75.1655     5.3193  -389.1831     5.5427
 42  -464.3902     0.7138   -75.4337     5.2188  -388.9537     5.4286
 43  -464.3760     0.6975   -75.4267     5.0960  -388.9465     5.3009
 44  -464.4346     0.6915   -75.2201     4.9959  -389.2117     5.2061
 45  -464.4681     0.6793   -75.1501     4.8857  -389.3152     5.0933
 46  -464.4821     0.6649   -75.5435     4.8426  -388.9359     5.0388
 47  -464.4927     0.6510   -75.7524     4.7568  -388.7376     4.9463
 48  -464.5120     0.6384   -75.9068     4.6669  -388.6024     4.8497
 49  -464.5572     0.6318   -75.7724     4.5786  -388.7820     4.7633
 50  -464.5453     0.6195   -75.0792     4.6954  -389.4633     4.8619
 
 
 group  inft  solvation free energy     error          difference
  total solvation free energy
   1      0        -94.24629           0.35050           0.04758
   1     60        -95.10370           0.34971          -0.80982
   1     80        -98.58495           0.34741          -4.29107
   1    100       -107.06654           0.34795         -12.77266
   2      0        -94.28901           0.34985           0.00487
   3      0        -94.29388           0.35161           0.00000
   4      0        -94.27172           0.35260           0.02216
   5      0        -94.35185           0.35402          -0.05797
   5     60        -95.42230           0.35313          -1.12842
   5     80        -99.48511           0.35091          -5.19123
   5    100       -107.20785           0.35154         -12.91398
 
  contribution from  1-th solvent component
   1      0        -26.88126           1.84562           0.02067
   1     60        -26.91142           1.84571          -0.00949
   1     80        -27.04892           1.84599          -0.14700
   1    100        -27.43967           1.84625          -0.53774
   2      0        -26.90383           1.84489          -0.00190
   3      0        -26.90193           1.84467           0.00000
   4      0        -26.90589           1.84403          -0.00396
   5      0        -26.91311           1.84414          -0.01118
   5     60        -26.95183           1.84425          -0.04990
   5     80        -27.11696           1.84461          -0.21503
   5    100        -27.47719           1.84488          -0.57526
 
  contribution from  2-th solvent component
   1      0        -67.36225           2.03130           0.02691
   1     60        -68.18950           2.02995          -0.80033
   1     80        -71.53325           2.02639          -4.14408
   1    100        -79.62409           2.02377         -12.23492
   2      0        -67.38240           2.03203           0.00677
   3      0        -67.38917           2.03420           0.00000
   4      0        -67.36305           2.03433           0.02612
   5      0        -67.43596           2.03508          -0.04679
   5     60        -68.46769           2.03353          -1.07852
   5     80        -72.36537           2.03006          -4.97620
   5    100        -79.72789           2.02768         -12.33872
 
 
 group  inft   Estimated free energy: total (kcal/mol)
   1      0     -94.2079     -94.8310     -95.5685     -94.4499     -93.1092
                -94.4817     -96.0564     -95.2448     -95.5868     -92.6501
                -92.1624     -92.8820     -95.7323     -95.2444     -96.2050
                -95.2352     -93.5336     -92.9291     -94.1889     -96.1523
                -94.3836     -95.0766     -95.1042     -95.9223     -93.9875
                -93.4602     -94.9747     -94.0649     -94.3915     -94.8472
                -94.9768     -92.8232     -93.4465     -93.7305     -92.8770
                -93.1050     -92.7279     -93.1292     -90.0607     -91.9957
                -94.4290     -95.0165     -94.4409     -95.1032     -94.3727
                -93.6600     -94.3876     -94.7317     -95.5009     -95.1354
   1     60     -95.0703     -95.6835     -96.4265     -95.3140     -93.9694
                -95.3363     -96.9179     -96.0941     -96.4453     -93.5056
                -93.0320     -93.7482     -96.5877     -96.1001     -97.0624
                -96.0926     -94.3917     -93.7835     -95.0428     -97.0013
                -95.2338     -95.9358     -95.9549     -96.7797     -94.8435
                -94.3097     -95.8258     -94.9177     -95.2405     -95.7012
                -95.8387     -93.6758     -94.3018     -94.5884     -93.7360
                -93.9590     -93.5896     -93.9942     -90.9357     -92.8599
                -95.2942     -95.8775     -95.2977     -95.9605     -95.2264
                -94.5262     -95.2506     -95.5896     -96.3518     -95.9833
   1     80     -98.5638     -99.1516     -99.9086     -98.8122     -97.4465
                -98.8046    -100.4100     -99.5569     -99.9268     -96.9822
                -96.5359     -97.2532    -100.0657     -99.5807    -100.5391
                -99.5697     -97.8638     -97.2585     -98.5242    -100.4563
                -98.6953     -99.4213     -99.4122    -100.2681     -98.3196
                -97.7702     -99.2893     -98.3901     -98.6963     -99.1753
                -99.3236     -97.1523     -97.7827     -98.0735     -97.2317
                -97.4261     -97.0830     -97.4987     -94.4680     -96.3696
                -98.8119     -99.3690     -98.7644     -99.4446     -98.7120
                -98.0378     -98.7277     -99.0704     -99.8184     -99.4344
   1    100    -107.0510    -107.6035    -108.4276    -107.3452    -105.9468
               -107.2726    -108.9405    -108.0228    -108.4328    -105.4642
               -105.0322    -105.7607    -108.5537    -108.0571    -109.0433
               -108.0594    -106.3229    -105.7290    -107.0052    -108.9085
               -107.1676    -107.9034    -107.8723    -108.7795    -106.7950
               -106.2231    -107.7457    -106.8457    -107.1463    -107.6491
               -107.8135    -105.6015    -106.2474    -106.5364    -105.7513
               -105.8657    -105.5643    -105.9705    -102.9660    -104.8670
               -107.3398    -107.8654    -107.2363    -107.9321    -107.1874
               -106.5240    -107.2060    -107.5639    -108.2810    -107.9009
   2      0     -94.2784     -94.8449     -95.6381     -94.4392     -93.1383
                -94.5670     -96.1306     -95.3294     -95.6273     -92.7353
                -92.2063     -92.9709     -95.7645     -95.2850     -96.2115
                -95.2363     -93.6610     -92.9838     -94.2063     -96.2135
                -94.4445     -95.0695     -95.2022     -95.9036     -94.0544
                -93.4932     -95.0113     -94.1356     -94.4305     -94.8777
                -95.0039     -92.8400     -93.4849     -93.7696     -92.8783
                -93.1264     -92.8049     -93.0963     -90.1009     -92.0804
                -94.4407     -95.0356     -94.4949     -95.1782     -94.4490
                -93.6916     -94.3735     -94.7266     -95.5835     -95.2012
   3      0     -94.2677     -94.8371     -95.6321     -94.4495     -93.1139
                -94.5745     -96.2121     -95.3182     -95.6064     -92.7750
                -92.1889     -92.8974     -95.7700     -95.2787     -96.2303
                -95.2087     -93.6876     -93.0209     -94.2014     -96.1889
                -94.4676     -95.0840     -95.2168     -95.9320     -94.1149
                -93.5192     -95.0445     -94.1534     -94.4537     -94.9147
                -95.0265     -92.8579     -93.5049     -93.8155     -92.8268
                -93.1130     -92.7701     -93.1048     -90.1007     -92.0638
                -94.4633     -94.9898     -94.4653     -95.2233     -94.4899
                -93.6152     -94.3657     -94.7615     -95.5440     -95.2318
   4      0     -94.1967     -94.8353     -95.6301     -94.4127     -93.1605
                -94.5593     -96.1758     -95.3748     -95.6151     -92.7309
                -92.1191     -92.9351     -95.7266     -95.2663     -96.1890
                -95.1836     -93.6213     -92.9610     -94.1807     -96.2117
                -94.4669     -95.0363     -95.1894     -95.9150     -94.1272
                -93.4815     -95.0053     -94.1052     -94.4573     -94.8576
                -95.0085     -92.8345     -93.4610     -93.7362     -92.8370
                -93.1039     -92.7896     -93.0871     -90.0215     -92.0759
                -94.3893     -95.0223     -94.4259     -95.1592     -94.4521
                -93.6556     -94.3512     -94.7269     -95.5556     -95.1657
   5      0     -94.2995     -94.8867     -95.6845     -94.4753     -93.2447
                -94.6765     -96.2961     -95.4036     -95.6960     -92.8099
                -92.2397     -92.9755     -95.8381     -95.3859     -96.2682
                -95.2846     -93.7703     -93.0913     -94.2834     -96.2861
                -94.4942     -95.1679     -95.3224     -95.9979     -94.1984
                -93.5729     -95.0508     -94.2028     -94.5369     -94.9660
                -95.0822     -92.8931     -93.5333     -93.8676     -92.8689
                -93.1700     -92.8116     -93.0873     -90.1159     -92.1267
                -94.4935     -95.0809     -94.5149     -95.2216     -94.5012
                -93.6733     -94.4265     -94.8110     -95.6222     -95.2844
   5     60     -95.3754     -95.9523     -96.7560     -95.5523     -94.3153
                -95.7450     -97.3719     -96.4653     -96.7680     -93.8810
                -93.3194     -94.0535     -96.9060     -96.4549     -97.3390
                -96.3545     -94.8401     -94.1586     -95.3501     -97.3460
                -95.5562     -96.2399     -96.3855     -97.0696     -95.2679
                -94.6354     -96.1133     -95.2688     -95.5973     -96.0319
                -96.1560     -93.9606     -94.5998     -94.9353     -93.9426
                -94.2350     -93.8843     -94.1712     -91.2072     -93.2054
                -95.5767     -96.1545     -95.5823     -96.2930     -95.5699
                -94.7568     -95.5012     -95.8836     -96.6857     -96.3435
   5     80     -99.4549     -99.9961    -100.8241     -99.6377     -98.3702
                -99.7988    -101.4519    -100.5073    -100.8317     -97.9392
                -97.4023     -98.1428    -100.9667    -100.5164    -101.4004
               -100.4117     -98.8928     -98.2226     -99.4169    -101.3833
                -99.5964    -100.3056    -100.4260    -101.1370     -99.3215
                -98.6756    -100.1596     -99.3224     -99.6331    -100.0835
               -100.2236     -98.0157     -98.6641     -99.0017     -98.0224
                -98.2784     -97.9490     -98.2505     -95.3239     -97.3020
                -99.6801    -100.2253     -99.6311    -100.3611     -99.6381
                -98.8396     -99.5638     -99.9457    -100.7357    -100.3754
   5    100    -107.1839    -107.6950    -108.5784    -107.4084    -106.1009
               -107.5146    -109.2190    -108.2149    -108.5756    -105.6651
               -105.1417    -105.8874    -108.6971    -108.2355    -109.1447
               -108.1412    -106.5988    -105.9407    -107.1316    -109.0801
               -107.3109    -108.0308    -108.1316    -108.8863    -107.0413
               -106.3661    -107.8590    -107.0240    -107.3304    -107.8044
               -107.9576    -105.7060    -106.3705    -106.7018    -105.7708
               -105.9570    -105.6659    -105.9738    -103.0616    -105.0366
               -107.4420    -107.9570    -107.3406    -108.0947    -107.3568
               -106.5703    -107.2836    -107.6781    -108.4459    -108.0826
 
 group  inft   Estimated free energy: 1-th solvent contribution (kcal/mol)
   1      0     -30.4202     -29.5730     -26.1418     -31.5504     -32.4391
                -28.2205     -29.4424     -18.6915     -33.6876     -31.4000
                -35.5398     -33.9450     -24.5872     -25.6199     -26.4981
                -28.4714     -30.8637     -21.7444     -18.2432     -12.8330
                -18.2260     -31.9415     -21.4692     -28.2693     -28.4583
                -19.4449     -19.2643     -24.6876     -12.8142     -20.8699
                -27.6420     -24.1088     -23.6974     -23.6058     -23.8183
                -28.3140     -26.7364     -33.6159     -48.2157     -35.1165
                -32.4170     -31.6524     -27.0997     -23.5381     -25.6833
                -33.6952     -30.8595     -30.4015     -25.1565     -13.3311
   1     60     -30.4508     -29.6040     -26.1719     -31.5814     -32.4697
                -28.2511     -29.4726     -18.7216     -33.7181     -31.4302
                -35.5696     -33.9747     -24.6173     -25.6502     -26.5290
                -28.5020     -30.8941     -21.7738     -18.2730     -12.8624
                -18.2561     -31.9724     -21.4995     -28.2995     -28.4879
                -19.4752     -19.2936     -24.7176     -12.8429     -20.8997
                -27.6731     -24.1387     -23.7272     -23.6359     -23.8486
                -28.3447     -26.7661     -33.6465     -48.2463     -35.1463
                -32.4476     -31.6821     -27.1302     -23.5672     -25.7131
                -33.7259     -30.8903     -30.4319     -25.1870     -13.3603
   1     80     -30.5898     -29.7448     -26.3090     -31.7220     -32.6088
                -28.3903     -29.6105     -18.8592     -33.8570     -31.5677
                -35.7055     -34.1100     -24.7553     -25.7885     -26.6691
                -28.6411     -31.0324     -21.9087     -18.4094     -12.9971
                -18.3934     -32.1127     -21.6373     -28.4378     -28.6236
                -19.6131     -19.4276     -24.8549     -12.9750     -21.0358
                -27.8135     -24.2754     -23.8631     -23.7732     -23.9866
                -28.4837     -26.9016     -33.7849     -48.3850     -35.2828
                -32.5866     -31.8179     -27.2683     -23.7007     -25.8503
                -33.8653     -31.0296     -30.5703     -25.3259     -13.4943
   1    100     -30.9826     -30.1388     -26.7015     -32.1177     -33.0016
                -28.7842     -30.0042     -19.2521     -34.2498     -31.9576
                -36.0904     -34.4962     -25.1485     -26.1809     -27.0650
                -29.0360     -31.4234     -22.2973     -18.7969     -13.3844
                -18.7843     -32.5060     -22.0290     -28.8303     -29.0109
                -20.0051     -19.8141     -25.2438     -13.3575     -21.4253
                -28.2086     -24.6625     -24.2504     -24.1630     -24.3799
                -28.8753     -27.2902     -34.1759     -48.7748     -35.6710
                -32.9790     -32.2070     -27.6597     -24.0857     -26.2405
                -34.2583     -31.4233     -30.9622     -25.7193     -13.8816
   2      0     -30.4353     -29.5889     -26.1578     -31.5317     -32.4676
                -28.2406     -29.4657     -18.7160     -33.7007     -31.4369
                -35.5816     -33.9917     -24.6221     -25.6528     -26.4985
                -28.4794     -30.8998     -21.7535     -18.2702     -12.8638
                -18.2421     -31.9417     -21.5073     -28.2717     -28.4861
                -19.4603     -19.2853     -24.7275     -12.8500     -20.8885
                -27.6648     -24.1456     -23.7264     -23.6336     -23.8323
                -28.3340     -26.7740     -33.6100     -48.2313     -35.1652
                -32.4496     -31.6830     -27.1293     -23.5680     -25.7182
                -33.6874     -30.8687     -30.4193     -25.1683     -13.3673
   3      0     -30.4055     -29.5844     -26.1635     -31.5078     -32.4698
                -28.2389     -29.4675     -18.7287     -33.6853     -31.4383
                -35.5784     -33.9863     -24.6262     -25.6446     -26.4944
                -28.4765     -30.8940     -21.7617     -18.2535     -12.8505
                -18.2425     -31.9484     -21.5069     -28.2832     -28.4946
                -19.4648     -19.2909     -24.7137     -12.8501     -20.8948
                -27.6616     -24.1396     -23.7270     -23.6302     -23.8260
                -28.3279     -26.7780     -33.6058     -48.2403     -35.1545
                -32.4545     -31.6938     -27.1286     -23.5677     -25.7157
                -33.6795     -30.8634     -30.4172     -25.1634     -13.3763
   4      0     -30.4163     -29.5940     -26.1678     -31.5070     -32.4609
                -28.2553     -29.4644     -18.7336     -33.6897     -31.4514
                -35.5779     -34.0069     -24.6201     -25.6435     -26.5048
                -28.4666     -30.8944     -21.7625     -18.2602     -12.8596
                -18.2614     -31.9395     -21.5124     -28.2828     -28.5137
                -19.4573     -19.2956     -24.7195     -12.8663     -20.8968
                -27.6676     -24.1463     -23.7408     -23.6218     -23.8396
                -28.3302     -26.7736     -33.6047     -48.2334     -35.1638
                -32.4464     -31.6842     -27.1234     -23.5694     -25.7102
                -33.6996     -30.8615     -30.4316     -25.1709     -13.3936
   5      0     -30.4341     -29.5943     -26.1744     -31.5180     -32.4850
                -28.2511     -29.4785     -18.7312     -33.6979     -31.4479
                -35.5945     -34.0166     -24.6149     -25.6458     -26.4992
                -28.4747     -30.9006     -21.7831     -18.2688     -12.8712
                -18.2683     -31.9439     -21.5121     -28.2895     -28.5311
                -19.4656     -19.3039     -24.7221     -12.8864     -20.9065
                -27.6784     -24.1510     -23.7351     -23.6423     -23.8453
                -28.3371     -26.7843     -33.6062     -48.2510     -35.1692
                -32.4624     -31.7012     -27.1245     -23.5793     -25.7180
                -33.6843     -30.8714     -30.4300     -25.1728     -13.4000
   5     60     -30.4734     -29.6340     -26.2128     -31.5579     -32.5241
                -28.2903     -29.5174     -18.7697     -33.7371     -31.4867
                -35.6328     -34.0548     -24.6536     -25.6848     -26.5388
                -28.5139     -30.9395     -21.8208     -18.3072     -12.9089
                -18.3069     -31.9836     -21.5510     -28.3284     -28.5692
                -19.5044     -19.3415     -24.7608     -12.9234     -20.9447
                -27.7180     -24.1896     -23.7735     -23.6808     -23.8841
                -28.3761     -26.8224     -33.6456     -48.2906     -35.2077
                -32.5017     -31.7395     -27.1635     -23.6167     -25.7563
                -33.7240     -30.9108     -30.4691     -25.2118     -13.4376
   5     80     -30.6403     -29.8022     -26.3772     -31.7267     -32.6901
                -28.4569     -29.6831     -18.9346     -33.9034     -31.6518
                -35.7959     -34.2179     -24.8191     -25.8511     -26.7069
                -28.6805     -31.1051     -21.9827     -18.4717     -13.0709
                -18.4713     -32.1519     -21.7166     -28.4944     -28.7320
                -19.6697     -19.5028     -24.9259     -13.0822     -21.1079
                -27.8864     -24.3538     -23.9373     -23.8455     -24.0498
                -28.5422     -26.9851     -33.8127     -48.4587     -35.3720
                -32.6686     -31.9028     -27.3294     -23.7775     -25.9205
                -33.8921     -31.0782     -30.6351     -25.3782     -13.5991
   5    100     -31.0021     -30.1646     -26.7386     -32.0909     -33.0511
                -28.8196     -30.0460     -19.2961     -34.2649     -32.0113
                -36.1509     -34.5752     -25.1812     -26.2129     -27.0718
                -29.0435     -31.4652     -22.3405     -18.8293     -13.4280
                -18.8316     -32.5150     -22.0780     -28.8565     -29.0892
                -20.0306     -19.8590     -25.2849     -13.4356     -21.4668
                -28.2505     -24.7110     -24.2953     -24.2038     -24.4121
                -28.9015     -27.3433     -34.1755     -48.8198     -35.7302
                -33.0296     -32.2613     -27.6901     -24.1332     -26.2796
                -34.2561     -31.4417     -30.9964     -25.7406     -13.9573
 
 group  inft   Estimated free energy: 2-th solvent contribution (kcal/mol)
   1      0     -63.7849     -65.2553     -69.4239     -62.8967     -60.6674
                -66.2584     -66.6112     -76.5505     -61.8965     -61.2473
                -56.6199     -58.9342     -71.1424     -69.6217     -69.7042
                -66.7610     -62.6671     -71.1819     -75.9429     -83.3165
                -76.1548     -63.1323     -73.6322     -67.6502     -65.5264
                -74.0125     -75.7076     -69.3746     -81.5745     -73.9745
                -67.3321     -68.7116     -69.7463     -70.1219     -69.0558
                -64.7882     -65.9887     -59.5105     -41.8422     -56.8764
                -62.0092     -63.3614     -67.3383     -71.5623     -68.6866
                -59.9621     -63.5253     -64.3274     -70.3415     -81.8015
   1     60     -64.6167     -66.0767     -70.2519     -63.7297     -61.4969
                -67.0824     -67.4425     -77.3697     -62.7245     -62.0726
                -57.4596     -59.7708     -71.9676     -70.4471     -70.5307
                -67.5878     -63.4948     -72.0069     -76.7670     -84.1361
                -76.9749     -63.9606     -74.4526     -68.4773     -66.3528
                -74.8317     -76.5295     -70.1973     -82.3948     -74.7987
                -68.1628     -69.5343     -70.5718     -70.9497     -69.8847
                -65.6116     -66.8207     -60.3450     -42.6867     -57.7108
                -62.8439     -64.1926     -68.1648     -72.3905     -69.5105
                -60.7975     -64.3575     -65.1549     -71.1620     -82.6202
   1     80     -67.9712     -69.4040     -73.5968     -67.0874     -64.8350
                -70.4115     -70.7968     -80.6950     -66.0671     -65.4117
                -60.8276     -63.1404     -75.3076     -73.7894     -73.8672
                -70.9259     -66.8286     -75.3470     -80.1121     -87.4564
                -80.2991     -67.3059     -77.7721     -71.8275     -69.6933
                -78.1543     -79.8589     -73.5325     -85.7186     -78.1367
                -71.5073     -72.8741     -73.9168     -74.2975     -73.2422
                -68.9396     -70.1786     -63.7110     -46.0802     -61.0840
                -66.2225     -67.5483     -71.4933     -75.7411     -72.8589
                -64.1698     -67.6954     -68.4973     -74.4897     -85.9372
   1    100     -76.0656     -77.4620     -81.7233     -75.2247     -72.9424
                -78.4856     -78.9335     -88.7680     -74.1803     -73.5037
                -68.9390     -71.2618     -83.4024     -81.8734     -81.9756
                -79.0206     -74.8967     -83.4288     -88.2055     -95.5214
                -88.3806     -75.3947     -85.8406     -79.9464     -77.7813
                -86.2152     -87.9288     -81.5992     -93.7860     -86.2211
                -79.6021     -80.9363     -81.9942     -82.3706     -81.3686
                -76.9877     -78.2712     -71.7918     -54.1883     -69.1931
                -74.3580     -75.6556     -79.5739     -83.8436     -80.9441
                -72.2629     -75.7799     -76.5989     -82.5589     -94.0166
   2      0     -63.8404     -65.2532     -69.4775     -62.9047     -60.6679
                -66.3236     -66.6620     -76.6106     -61.9238     -61.2956
                -56.6219     -58.9764     -71.1396     -69.6294     -69.7102
                -66.7541     -62.7585     -71.2275     -75.9333     -83.3470
                -76.1996     -63.1250     -73.6922     -67.6291     -65.5656
                -74.0301     -75.7232     -69.4053     -81.5777     -73.9865
                -67.3363     -68.6916     -69.7557     -70.1332     -69.0432
                -64.7896     -66.0281     -59.4834     -41.8668     -56.9125
                -61.9884     -63.3498     -67.3628     -71.6074     -68.7280
                -60.0014     -63.5021     -64.3046     -70.4124     -81.8311
   3      0     -63.8595     -65.2499     -69.4658     -62.9389     -60.6414
                -66.3328     -66.7419     -76.5867     -61.9183     -61.3339
                -56.6077     -58.9084     -71.1410     -69.6313     -69.7331
                -66.7294     -62.7908     -71.2565     -75.9451     -83.3356
                -76.2224     -63.1329     -73.7071     -67.6461     -65.6175
                -74.0516     -75.7508     -69.4369     -81.6009     -74.0171
                -67.3622     -68.7155     -69.7751     -70.1825     -68.9980
                -64.7823     -65.9893     -59.4963     -41.8576     -56.9065
                -62.0060     -63.2933     -67.3339     -71.6528     -68.7714
                -59.9329     -63.4995     -64.3415     -70.3778     -81.8527
   4      0     -63.7777     -65.2385     -69.4595     -62.9029     -60.6968
                -66.3013     -66.7086     -76.6384     -61.9227     -61.2768
                -56.5384     -58.9254     -71.1038     -69.6200     -69.6815
                -66.7143     -62.7241     -71.1957     -75.9177     -83.3493
                -76.2028     -63.0940     -73.6742     -67.6294     -65.6107
                -74.0214     -75.7070     -69.3829     -81.5882     -73.9580
                -67.3381     -68.6854     -69.7174     -70.1116     -68.9946
                -64.7709     -66.0132     -59.4795     -41.7853     -56.9093
                -61.9402     -63.3354     -67.2998     -71.5870     -68.7391
                -59.9532     -63.4869     -64.2925     -70.3819     -81.7693
   5      0     -63.8626     -65.2896     -69.5074     -62.9545     -60.7569
                -66.4226     -66.8148     -76.6696     -61.9953     -61.3592
                -56.6424     -58.9561     -71.2205     -69.7373     -69.7662
                -66.8071     -62.8669     -71.3054     -76.0118     -83.4121
                -76.2231     -63.2212     -73.8075     -67.7056     -65.6645
                -74.1045     -75.7442     -69.4778     -81.6478     -74.0567
                -67.4011     -68.7393     -69.7954     -70.2225     -69.0209
                -64.8302     -66.0245     -59.4783     -41.8622     -56.9547
                -62.0284     -63.3769     -67.3876     -71.6395     -68.7804
                -59.9862     -63.5523     -64.3782     -70.4466     -81.8816
   5     60     -64.8992     -66.3155     -70.5404     -63.9917     -61.7884
                -67.4520     -67.8517     -77.6928     -63.0282     -62.3915
                -57.6838     -59.9960     -72.2496     -70.7673     -70.7974
                -67.8378     -63.8978     -72.3351     -77.0401     -84.4343
                -77.2466     -64.2536     -74.8318     -68.7385     -66.6959
                -75.1282     -76.7690     -70.5052     -82.6711     -75.0844
                -68.4352     -69.7682     -70.8235     -71.2517     -70.0557
                -65.8561     -67.0591     -60.5228     -42.9138     -57.9950
                -63.0722     -64.4122     -68.4160     -72.6735     -69.8108
                -61.0300     -64.5877     -65.4117     -71.4710     -82.9032
   5     80     -68.8117     -70.1911     -74.4441     -67.9082     -65.6773
                -71.3391     -71.7660     -81.5699     -66.9255     -66.2846
                -61.6037     -63.9221     -76.1448     -74.6625     -74.6907
                -71.7285     -67.7849     -76.2372     -80.9424     -88.3097
                -81.1222     -68.1509     -78.7067     -72.6398     -70.5867
                -79.0030     -80.6540     -74.3937     -86.5480     -78.9728
                -72.3344     -73.6591     -74.7240     -75.1534     -73.9698
                -69.7334     -70.9610     -64.4351     -46.8624     -61.9272
                -67.0088     -68.3197     -72.2989     -76.5808     -73.7148
                -64.9447     -68.4829     -69.3078     -75.3546     -86.7736
   5    100     -76.1790     -77.5276     -81.8371     -75.3147     -73.0470
                -78.6922     -79.1703     -88.9160     -74.3079     -73.6510
                -68.9879     -71.3094     -83.5131     -82.0199     -82.0701
                -79.0949     -75.1309     -83.5975     -88.2995     -95.6493
                -88.4765     -75.5130     -86.0508     -80.0270     -77.9494
                -86.3327     -87.9973     -81.7363     -93.8921     -86.3349
                -79.7044     -80.9923     -82.0724     -82.4952     -81.3560
                -77.0527     -78.3199     -71.7955     -54.2390     -69.3036
                -74.4095     -75.6929     -79.6477     -83.9588     -81.0744
                -72.3113     -75.8392     -76.6789     -82.7025     -94.1226
 
 
 cumulative average & 95% error for solvation free energy
              total             1st component         2nd component
  1   -94.2677              -30.4055              -63.8595
  2   -94.5524     0.5694   -29.9949     0.8211   -64.5547     1.3905
  3   -94.9123     0.7913   -28.7178     2.5979   -66.1917     3.3710
  4   -94.7966     0.6055   -29.4153     2.3066   -65.3785     2.8857
  5   -94.4601     0.8204   -30.0262     2.1645   -64.4311     2.9303
  6   -94.4791     0.6709   -29.7283     1.8650   -64.7480     2.4751
  7   -94.7267     0.7528   -29.6911     1.5780   -65.0329     2.1681
  8   -94.8006     0.6685   -28.3208     3.0624   -66.4771     3.4451
  9   -94.8902     0.6161   -28.9168     2.9522   -65.9706     3.2027
 10   -94.6786     0.6947   -29.1690     2.6883   -65.5069     3.0110
 11   -94.4523     0.7745   -29.7516     2.6964   -64.6979     3.1679
 12   -94.3227     0.7530   -30.1045     2.5607   -64.2154     3.0486
 13   -94.4341     0.7276   -29.6831     2.5017   -64.7482     2.9999
 14   -94.4944     0.6843   -29.3947     2.3869   -65.0970     2.8636
 15   -94.6101     0.6778   -29.2013     2.2555   -65.4060     2.7366
 16   -94.6475     0.6384   -29.1560     2.1118   -65.4888     2.5652
 17   -94.5911     0.6102   -29.2582     1.9942   -65.3300     2.4304
 18   -94.5038     0.6012   -28.8418     2.0564   -65.6593     2.3842
 19   -94.4879     0.5696   -28.2845     2.2418   -66.2007     2.5016
 20   -94.5730     0.5665   -27.5128     2.6278   -67.0574     2.9272
 21   -94.5680     0.5389   -27.0713     2.6509   -67.4938     2.9179
 22   -94.5914     0.5160   -27.2930     2.5661   -67.2956     2.8102
 23   -94.6186     0.4960   -27.0415     2.5031   -67.5744     2.7425
 24   -94.6733     0.4874   -27.0932     2.3988   -67.5773     2.6258
 25   -94.6510     0.4696   -27.1493     2.3035   -67.4990     2.5234
 26   -94.6075     0.4595   -26.8537     2.2907   -67.7510     2.4763
 27   -94.6236     0.4433   -26.5736     2.2743   -68.0473     2.4554
 28   -94.6068     0.4285   -26.5072     2.1956   -68.0969     2.3682
 29   -94.6016     0.4136   -26.0362     2.3185   -68.5626     2.4675
 30   -94.6120     0.4001   -25.8649     2.2660   -68.7444     2.4114
 31   -94.6254     0.3879   -25.9228     2.1947   -68.6998     2.3341
 32   -94.5701     0.3915   -25.8671     2.1279   -68.7003     2.2599
 33   -94.5379     0.3849   -25.8022     2.0665   -68.7328     2.1914
 34   -94.5166     0.3758   -25.7384     2.0089   -68.7755     2.1276
 35   -94.4683     0.3775   -25.6837     1.9537   -68.7818     2.0660
 36   -94.4307     0.3745   -25.7572     1.9043   -68.6707     2.0200
 37   -94.3858     0.3752   -25.7848     1.8530   -68.5983     1.9700
 38   -94.3521     0.3713   -25.9906     1.8499   -68.3587     1.9764
 39   -94.2431     0.4223   -26.5611     2.1328   -67.6792     2.3565
 40   -94.1886     0.4258   -26.7759     2.1227   -67.4099     2.3591
 41   -94.1953     0.4155   -26.9144     2.0887   -67.2781     2.3159
 42   -94.2142     0.4072   -27.0282     2.0511   -67.1832     2.2680
 43   -94.2201     0.3978   -27.0305     2.0028   -67.1867     2.2147
 44   -94.2429     0.3913   -26.9518     1.9631   -67.2882     2.1733
 45   -94.2483     0.3827   -26.9244     1.9197   -67.3212     2.1254
 46   -94.2346     0.3753   -27.0712     1.9004   -67.1606     2.1034
 47   -94.2374     0.3673   -27.1519     1.8665   -67.0827     2.0640
 48   -94.2483     0.3602   -27.2199     1.8322   -67.0256     2.0238
 49   -94.2747     0.3567   -27.1780     1.7964   -67.0940     1.9868
 50   -94.2939     0.3516   -26.9019     1.8447   -67.3892     2.0342
 
 Mesh error is    0.058 kcal/mol
