 ERmod 0.3.8, Copyright (C) 2000-2019 Nobuyuki Matubayasi
                            2010-2019 Shun Sakuraba
 ERmod comes with ABSOLUTELY NO WARRANTY.
 This is free software, and you can redistribute it
 and/or modify it under certain conditions.
 See LICENSE file for details.
 
  Number of the   1-th solvent  =        10000
 
  Be sure that the solvent distribution is homogeneous (radial distribution function is essentially unity) when the solvent molecule is separated beyond distance of   10.0 Angstrom in any direction from any atom within the solute molecule
 
  LJ long-range correction    =        -7.8240
 
  Self-energy of the solute   =        -0.0510  kcal/mol
 
 
 cumulative average & 95% error for solvation energy
  1  -467.0524
  2  -466.7647     0.5755
  3  -466.5889     0.4837
  4  -465.7574     1.6977
  5  -465.7768     1.3156
  6  -466.1930     1.3589
  7  -466.0991     1.1637
  8  -466.1810     1.0210
  9  -466.2982     0.9305
 10  -466.5144     0.9378
 11  -466.6610     0.8976
 12  -466.7077     0.8247
 13  -466.8347     0.8000
 14  -466.8586     0.7422
 15  -466.7983     0.7014
 16  -466.8627     0.6686
 17  -466.7873     0.6459
 18  -466.8320     0.6155
 19  -466.8509     0.5834
 20  -466.8010     0.5624
 21  -466.7463     0.5460
 22  -466.7035     0.5276
 23  -466.7345     0.5079
 24  -466.7029     0.4903
 25  -466.6596     0.4782
 26  -466.7784     0.5172
 27  -466.7638     0.4985
 28  -466.7170     0.4894
 29  -466.7088     0.4725
 30  -466.6965     0.4572
 31  -466.6741     0.4444
 32  -466.6608     0.4311
 33  -466.6284     0.4229
 34  -466.6135     0.4113
 35  -466.5935     0.4014
 36  -466.5708     0.3927
 37  -466.5514     0.3839
 38  -466.6017     0.3870
 39  -466.6440     0.3863
 40  -466.6628     0.3784
 41  -466.6542     0.3695
 42  -466.6157     0.3687
 43  -466.6119     0.3601
 44  -466.6002     0.3526
 45  -466.5968     0.3447
 46  -466.6228     0.3411
 47  -466.6064     0.3354
 48  -466.5770     0.3335
 49  -466.6025     0.3306
 50  -466.6347     0.3303
 
 
 group  inft  solvation free energy     error          difference
   1      0        -87.06286           0.16559           0.04494
   1     60        -87.18430           0.16560          -0.07650
   1     80        -88.63768           0.16575          -1.52989
   1    100        -94.96926           0.16739          -7.86146
   2      0        -87.12455           0.16642          -0.01676
   3      0        -87.10780           0.16437           0.00000
   4      0        -87.07768           0.16423           0.03012
   5      0        -87.14517           0.16442          -0.03738
   5     60        -87.31930           0.16443          -0.21151
   5     80        -89.18403           0.16468          -2.07623
   5    100        -95.07271           0.16614          -7.96491
 
 
 group  inft   Estimated free energy (kcal/mol)
   1      0     -87.3456     -86.8049     -86.6993     -85.6011     -86.4603
                -87.8716     -86.6716     -87.1448     -87.2983     -88.0768
                -88.0408     -87.1993     -88.1677     -87.1053     -86.8728
                -87.8049     -86.7012     -87.3471     -87.2635     -87.0046
                -86.6869     -86.6116     -87.1815     -86.9374     -86.4914
                -88.4598     -87.2189     -86.6340     -86.6408     -86.7809
                -86.6435     -86.8869     -86.3275     -86.5980     -86.5718
                -86.3871     -86.7704     -88.0600     -87.8869     -87.4196
                -86.7630     -86.1678     -87.1410     -87.1767     -87.0533
                -87.6855     -86.6100     -86.5840     -87.5799     -87.7054
   1     60     -87.4670     -86.9267     -86.8204     -85.7228     -86.5822
                -87.9930     -86.7925     -87.2659     -87.4192     -88.1976
                -88.1623     -87.3212     -88.2897     -87.2276     -86.9937
                -87.9265     -86.8220     -87.4694     -87.3851     -87.1260
                -86.8089     -86.7327     -87.3032     -87.0594     -86.6128
                -88.5818     -87.3397     -86.7541     -86.7625     -86.9025
                -86.7662     -87.0079     -86.4490     -86.7196     -86.6929
                -86.5087     -86.8920     -88.1822     -88.0078     -87.5408
                -86.8838     -86.2891     -87.2625     -87.2966     -87.1743
                -87.8071     -86.7319     -86.7053     -87.7015     -87.8272
   1     80     -88.9211     -88.3786     -88.2677     -87.1724     -88.0384
                -89.4494     -88.2417     -88.7148     -88.8704     -89.6499
                -89.6171     -88.7769     -89.7418     -88.6822     -88.4471
                -89.3756     -88.2722     -88.9300     -88.8406     -88.5769
                -88.2634     -88.1831     -88.7587     -88.5107     -88.0671
                -90.0346     -88.7920     -88.2013     -88.2197     -88.3637
                -88.2172     -88.4633     -87.9054     -88.1707     -88.1447
                -87.9642     -88.3453     -89.6393     -89.4613     -88.9925
                -88.3352     -87.7423     -88.7163     -88.7494     -88.6275
                -89.2604     -88.1884     -88.1573     -89.1602     -89.2841
   1    100     -95.2625     -94.7036     -94.5849     -93.4879     -94.3864
                -95.7938     -94.5565     -95.0276     -95.1844     -95.9830
                -95.9638     -95.1118     -96.0848     -95.0099     -94.7775
                -95.7029     -94.6016     -95.2855     -95.1708     -94.8963
                -94.5950     -94.5015     -95.0976     -94.8497     -94.3898
                -96.3652     -95.1284     -94.5146     -94.5565     -94.7070
                -94.5381     -94.7903     -94.2408     -94.4851     -94.4631
                -94.3002     -94.6794     -95.9993     -95.8023     -95.3337
                -94.6714     -94.0642     -95.0519     -95.0758     -94.9602
                -95.5968     -94.5239     -94.4745     -95.5102     -95.6210
   2      0     -87.3781     -86.8376     -86.7725     -85.6586     -86.5108
                -87.9374     -86.7718     -87.1830     -87.3088     -88.1751
                -88.1657     -87.2868     -88.1966     -87.1546     -86.9091
                -87.8799     -86.7760     -87.4441     -87.3305     -87.0951
                -86.7824     -86.6868     -87.2529     -87.0088     -86.5173
                -88.4795     -87.2850     -86.7180     -86.7249     -86.8415
                -86.6950     -86.9703     -86.3341     -86.6854     -86.6236
                -86.4464     -86.8399     -88.1034     -87.9310     -87.4822
                -86.7965     -86.1951     -87.1899     -87.2319     -87.0851
                -87.7806     -86.6419     -86.6862     -87.6340     -87.8057
   3      0     -87.3833     -86.8398     -86.7773     -85.6480     -86.4894
                -87.9143     -86.7498     -87.1750     -87.3097     -88.1448
                -88.0818     -87.2764     -88.1648     -87.1576     -86.8768
                -87.8642     -86.7188     -87.4156     -87.3245     -87.0923
                -86.7766     -86.6868     -87.2204     -86.9926     -86.5348
                -88.4767     -87.2291     -86.6801     -86.7262     -86.8574
                -86.7025     -86.9134     -86.3361     -86.6824     -86.6099
                -86.4670     -86.8336     -88.0973     -87.8900     -87.5048
                -86.7824     -86.1482     -87.1642     -87.2330     -87.0751
                -87.7252     -86.6534     -86.6495     -87.6028     -87.7344
   4      0     -87.3365     -86.8452     -86.7600     -85.5958     -86.4501
                -87.8333     -86.6980     -87.1218     -87.2435     -88.0912
                -88.0522     -87.2279     -88.1482     -87.1771     -86.8216
                -87.8486     -86.7003     -87.3876     -87.2818     -87.0399
                -86.7416     -86.7235     -87.1765     -86.9970     -86.4945
                -88.4253     -87.2346     -86.6473     -86.6817     -86.8745
                -86.6890     -86.8514     -86.2668     -86.6593     -86.6310
                -86.4386     -86.8071     -88.0640     -87.8629     -87.4362
                -86.7757     -86.1079     -87.0821     -87.1890     -87.0267
                -87.7119     -86.5897     -86.6612     -87.6216     -87.7545
   5      0     -87.3960     -86.8427     -86.8091     -85.6728     -86.5216
                -87.9234     -86.7680     -87.1831     -87.3025     -88.1674
                -88.1142     -87.3131     -88.2101     -87.2440     -86.9016
                -87.9082     -86.7599     -87.4244     -87.4022     -87.1230
                -86.7909     -86.7570     -87.2274     -87.0188     -86.5651
                -88.4851     -87.2736     -86.7554     -86.7604     -86.9210
                -86.7162     -86.9520     -86.3745     -86.7728     -86.6742
                -86.5198     -86.8483     -88.1130     -87.9364     -87.5343
                -86.8028     -86.1705     -87.1558     -87.2734     -87.1181
                -87.8166     -86.6714     -86.7383     -87.6904     -87.8375
   5     60     -87.5702     -87.0167     -86.9824     -85.8462     -86.6964
                -88.0977     -86.9415     -87.3567     -87.4763     -88.3412
                -88.2886     -87.4876     -88.3838     -87.4185     -87.0757
                -88.0822     -86.9334     -87.5996     -87.5769     -87.2969
                -86.9654     -86.9310     -87.4024     -87.1931     -86.7391
                -88.6592     -87.4472     -86.9287     -86.9353     -87.0960
                -86.8906     -87.1264     -86.5492     -86.9465     -86.8479
                -86.6944     -87.0227     -88.2876     -88.1104     -87.7088
                -86.9766     -86.3445     -87.3302     -87.4467     -87.2921
                -87.9905     -86.8458     -86.9116     -87.8647     -88.0120
   5     80     -89.4372     -88.8801     -88.8426     -87.7064     -88.5663
                -89.9671     -88.8014     -89.2180     -89.3370     -90.2047
                -90.1549     -89.3532     -90.2481     -89.2839     -88.9387
                -89.9420     -88.7939     -89.4727     -89.4424     -89.1587
                -88.8308     -88.7913     -89.2710     -89.0585     -88.6037
                -90.5244     -89.3103     -88.7862     -88.8046     -88.9676
                -88.7533     -88.9923     -88.4166     -88.8090     -88.7098
                -88.5622     -88.8877     -90.1584     -89.9751     -89.5744
                -88.8418     -88.2071     -89.1969     -89.3072     -89.1583
                -89.8542     -88.7125     -88.7729     -89.7335     -89.8811
   5    100     -95.3328     -94.7604     -94.7206     -93.5757     -94.4656
                -95.8667     -94.6806     -95.0925     -95.2096     -96.0955
                -96.0577     -95.2486     -96.1478     -95.1726     -94.8237
                -95.8246     -94.6742     -95.3864     -95.3339     -95.0360
                -94.7269     -94.6660     -95.1651     -94.9490     -94.4884
                -96.4115     -95.2011     -94.6599     -94.7051     -94.8718
                -94.6351     -94.8825     -94.3038     -94.6834     -94.5866
                -94.4530     -94.7818     -96.0685     -95.8672     -95.4694
                -94.7329     -94.0824     -95.0883     -95.1918     -95.0449
                -95.7450     -94.6044     -94.6498     -95.6367     -95.7773
 
 
 cumulative average & 95% error for solvation free energy
  1   -87.3833
  2   -87.1116     0.5435
  3   -87.0001     0.3849
  4   -86.6621     0.7288
  5   -86.6276     0.5687
  6   -86.8420     0.6321
  7   -86.8288     0.5349
  8   -86.8721     0.4712
  9   -86.9207     0.4268
 10   -87.0431     0.4535
 11   -87.1376     0.4516
 12   -87.1491     0.4129
 13   -87.2272     0.4107
 14   -87.2223     0.3804
 15   -87.1992     0.3571
 16   -87.2408     0.3442
 17   -87.2101     0.3291
 18   -87.2215     0.3111
 19   -87.2269     0.2945
 20   -87.2202     0.2797
 21   -87.1991     0.2694
 22   -87.1758     0.2610
 23   -87.1777     0.2495
 24   -87.1700     0.2393
 25   -87.1446     0.2351
 26   -87.1958     0.2481
 27   -87.1971     0.2387
 28   -87.1786     0.2330
 29   -87.1630     0.2269
 30   -87.1528     0.2202
 31   -87.1383     0.2149
 32   -87.1313     0.2086
 33   -87.1072     0.2078
 34   -87.0947     0.2032
 35   -87.0808     0.1992
 36   -87.0638     0.1966
 37   -87.0576     0.1916
 38   -87.0849     0.1944
 39   -87.1056     0.1938
 40   -87.1155     0.1899
 41   -87.1074     0.1859
 42   -87.0846     0.1871
 43   -87.0864     0.1827
 44   -87.0898     0.1787
 45   -87.0894     0.1746
 46   -87.1033     0.1730
 47   -87.0937     0.1704
 48   -87.0844     0.1678
 49   -87.0950     0.1657
 50   -87.1078     0.1644
 
 Mesh error is    0.045 kcal/mol
