 ERmod 0.3.8, Copyright (C) 2000-2019 Nobuyuki Matubayasi
                            2010-2019 Shun Sakuraba
 ERmod comes with ABSOLUTELY NO WARRANTY.
 This is free software, and you can redistribute it
 and/or modify it under certain conditions.
 See LICENSE file for details.
 
  Number of the   1-th solvent  =         1472
  Number of the   2-th solvent  =        10000
 
  Be sure that the solvent distribution is homogeneous (radial distribution function is essentially unity) when the solvent molecule is separated beyond distance of   10.0 Angstrom in any direction from any atom within the solute molecule
 
  LJ long-range correction    =        -3.5283     -5.7260
 
  Self-energy of the solute   =        -0.0013  kcal/mol
 
 
 cumulative average & 95% error for solvation energy
              total             1st component         2nd component
  1  -469.9748             -145.0227             -324.9507
  2  -470.0255     0.1015  -155.1053    20.1650  -314.9190    20.0635
  3  -470.8848     1.7196  -156.9517    12.2140  -313.9317    11.7507
  4  -469.5726     2.8924  -164.7922    17.9020  -304.7791    20.1028
  5  -469.1193     2.4169  -164.6775    13.8687  -304.4405    15.5863
  6  -468.8959     2.0233  -158.9058    16.1703  -309.9889    16.8847
  7  -469.0324     1.7317  -159.6037    13.7375  -309.4274    14.3143
  8  -469.0479     1.5000  -162.9104    13.6116  -306.1362    14.0357
  9  -468.9128     1.3502  -165.3299    12.9429  -303.5815    13.3914
 10  -468.7540     1.2487  -168.1911    12.9136  -300.5616    13.4143
 11  -468.7337     1.1302  -169.6162    12.0235  -299.1162    12.4733
 12  -468.7381     1.0318  -170.0921    11.0171  -298.6447    11.4255
 13  -468.4459     1.1146  -170.5764    10.1804  -297.8683    10.6240
 14  -468.0449     1.3069  -170.4378     9.4293  -297.6059     9.8499
 15  -467.9118     1.2454  -170.0512     8.8122  -297.8594     9.1838
 16  -467.7677     1.2001  -170.2583     8.2535  -297.5081     8.6193
 17  -467.8796     1.1493  -169.4901     7.9036  -298.3883     8.2856
 18  -468.3643     1.4539  -168.1785     7.8998  -300.1845     8.5982
 19  -468.5408     1.4198  -166.3239     8.3424  -302.2156     9.0912
 20  -468.6011     1.3523  -165.2729     8.1887  -303.3268     8.9064
 21  -468.7643     1.3271  -165.2338     7.7894  -303.5292     8.4813
 22  -468.8357     1.2734  -164.1931     7.7130  -304.6413     8.3869
 23  -469.1238     1.3463  -163.4081     7.5354  -305.7145     8.2964
 24  -469.2715     1.3224  -162.5908     7.3975  -306.6795     8.1743
 25  -469.4168     1.3012  -163.2009     7.1996  -306.2146     7.8955
 26  -469.3748     1.2530  -163.2251     6.9173  -306.1483     7.5869
 27  -469.4141     1.2083  -162.0184     7.0802  -307.3944     7.7141
 28  -469.4156     1.1643  -160.9499     7.1495  -308.4644     7.7354
 29  -469.4384     1.1244  -160.2734     7.0300  -309.1637     7.5938
 30  -469.4870     1.0906  -160.9480     6.9243  -308.5378     7.4424
 31  -469.4908     1.0549  -161.2034     6.7167  -308.2861     7.2159
 32  -469.5382     1.0258  -161.3566     6.5106  -308.1803     6.9899
 33  -469.5940     1.0004  -161.6416     6.3359  -307.9511     6.7903
 34  -469.6146     0.9714  -161.9940     6.1870  -307.6193     6.6209
 35  -469.6332     0.9440  -162.4203     6.0679  -307.2117     6.4804
 36  -469.6054     0.9191  -162.7487     5.9334  -306.8554     6.3380
 37  -469.5152     0.9119  -163.4861     5.9562  -306.0278     6.3827
 38  -469.4678     0.8926  -164.1801     5.9612  -305.2864     6.3869
 39  -469.4356     0.8718  -164.2220     5.8070  -305.2123     6.2228
 40  -469.3833     0.8562  -163.6906     5.7588  -305.6914     6.1404
 41  -469.4077     0.8365  -163.4209     5.6425  -305.9855     6.0176
 42  -469.4517     0.8211  -162.7953     5.6468  -306.6551     6.0233
 43  -469.4867     0.8048  -162.0059     5.7355  -307.4796     6.1084
 44  -469.5845     0.8102  -161.3600     5.7506  -308.2232     6.1505
 45  -469.6252     0.7962  -161.0087     5.6651  -308.6152     6.0631
 46  -469.6292     0.7787  -161.0162     5.5406  -308.6117     5.9299
 47  -469.6285     0.7620  -161.3088     5.4529  -308.3184     5.8319
 48  -469.6394     0.7463  -160.7488     5.4543  -308.8893     5.8221
 49  -469.6642     0.7325  -160.6634     5.3446  -308.9994     5.7063
 50  -469.6089     0.7262  -161.0404     5.2906  -308.5673     5.6574
 
 
 group  inft  solvation free energy     error          difference
  total solvation free energy
   1      0       -110.52059           0.41657           0.20597
   1     60       -112.15781           0.41712          -1.43126
   1     80       -116.67530           0.41479          -5.94875
   1    100       -124.62347           0.41879         -13.89692
   2      0       -110.55885           0.41720           0.16770
   3      0       -110.72655           0.41617           0.00000
   4      0       -110.47503           0.42712           0.25152
   5      0       -110.57226           0.42780           0.15429
   5     60       -112.56371           0.42884          -1.83716
   5     80       -117.57330           0.42687          -6.84674
   5    100       -124.69224           0.43279         -13.96569
 
  contribution from  1-th solvent component
   1      0        -54.58924           2.13728          -0.05474
   1     60        -54.83740           2.13730          -0.30290
   1     80        -55.52840           2.13776          -0.99390
   1    100        -56.82553           2.13705          -2.29103
   2      0        -54.52177           2.13286           0.01273
   3      0        -54.53450           2.13141          -0.00000
   4      0        -54.46829           2.12637           0.06621
   5      0        -54.45797           2.12393           0.07653
   5     60        -54.76185           2.12395          -0.22735
   5     80        -55.53646           2.12450          -1.00196
   5    100        -56.71098           2.12378          -2.17648
 
  contribution from  2-th solvent component
   1      0        -55.93005           2.39793           0.26071
   1     60        -57.31911           2.39782          -1.12835
   1     80        -61.14561           2.39451          -4.95485
   1    100        -67.79665           2.39577         -11.60589
   2      0        -56.03579           2.39342           0.15497
   3      0        -56.19076           2.38871           0.00000
   4      0        -56.00545           2.39315           0.18531
   5      0        -56.11300           2.39415           0.07776
   5     60        -57.80057           2.39453          -1.60981
   5     80        -62.03554           2.39157          -5.84478
   5    100        -67.97997           2.39520         -11.78921
 
 
 group  inft   Estimated free energy: total (kcal/mol)
   1      0    -110.6027    -110.5848    -112.0192    -108.0513    -109.0055
               -109.8792    -110.4078    -109.9796    -109.1038    -108.6216
               -109.2439    -109.9222    -108.4028    -107.1174    -108.9727
               -107.9918    -110.6371    -114.3483    -111.8622    -111.3656
               -111.6647    -110.8017    -113.4047    -112.0595    -112.0734
               -110.0536    -111.4587    -110.7889    -110.7955    -110.5702
               -110.2343    -111.4145    -111.2931    -111.0390    -110.9411
               -110.0628    -108.1818    -109.1359    -109.4743    -109.7436
               -111.4054    -112.4587    -112.0125    -113.2011    -111.4661
               -110.8349    -110.3215    -110.8151    -111.3076    -108.8954
   1     60    -112.2445    -112.2237    -113.6584    -109.6959    -110.6421
               -111.4995    -112.0462    -111.6111    -110.7416    -110.2710
               -110.8803    -111.5586    -110.0286    -108.7503    -110.6091
               -109.6274    -112.2752    -115.9898    -113.4914    -112.9976
               -113.2880    -112.4234    -115.0396    -113.6923    -113.7044
               -111.7129    -113.1213    -112.4056    -112.4314    -112.2175
               -111.8840    -113.0572    -112.9295    -112.6820    -112.5727
               -111.6907    -109.8151    -110.7733    -111.1189    -111.3516
               -113.0440    -114.1053    -113.6705    -114.8664    -113.1012
               -112.4786    -111.9707    -112.4320    -112.9402    -110.5279
   1     80    -116.7538    -116.7283    -118.1661    -114.2336    -115.1576
               -115.9870    -116.5815    -116.1429    -115.2996    -114.8275
               -115.4166    -116.0757    -114.5642    -113.2814    -115.1384
               -114.1831    -116.7894    -120.5133    -117.9929    -117.5079
               -117.8086    -116.9098    -119.5570    -118.1994    -118.2229
               -116.2425    -117.6362    -116.8736    -116.9358    -116.7586
               -116.4169    -117.5739    -117.4281    -117.2189    -117.0807
               -116.1885    -114.3492    -115.3123    -115.6566    -115.8343
               -117.5507    -118.6016    -118.1750    -119.3831    -117.5958
               -116.9942    -116.4992    -116.9374    -117.4515    -115.0320
   1    100    -124.7073    -124.6765    -126.1118    -122.1679    -123.0697
               -123.9365    -124.5240    -124.0670    -123.2711    -122.7733
               -123.3470    -123.9865    -122.4950    -121.2002    -123.0732
               -122.1427    -124.7114    -128.5171    -125.9576    -125.4785
               -125.7760    -124.8313    -127.5202    -126.1808    -126.1844
               -124.1882    -125.6054    -124.7870    -124.8928    -124.7241
               -124.3823    -125.5358    -125.3855    -125.1794    -125.0301
               -124.1254    -122.2621    -123.2290    -123.6036    -123.7437
               -125.5066    -126.5524    -126.1359    -127.3850    -125.5363
               -124.9706    -124.4492    -124.8743    -125.4038    -122.9783
   2      0    -110.6569    -110.6419    -112.1159    -108.0984    -109.0504
               -109.8510    -110.4158    -109.9888    -109.1895    -108.7347
               -109.2634    -109.9670    -108.3915    -107.1591    -109.0258
               -108.0853    -110.6770    -114.3614    -111.8528    -111.3828
               -111.7513    -110.8645    -113.4739    -112.1118    -112.1070
               -110.1634    -111.5257    -110.8572    -110.7697    -110.5983
               -110.2690    -111.4588    -111.2975    -111.0339    -110.9487
               -110.0729    -108.2046    -109.1034    -109.4564    -109.7606
               -111.5494    -112.5323    -112.1351    -113.2572    -111.3893
               -110.8624    -110.3516    -110.8128    -111.3280    -108.9861
   3      0    -110.8230    -110.8826    -112.2106    -108.2862    -109.1915
               -110.0627    -110.5797    -110.1139    -109.3642    -108.8088
               -109.4359    -110.1609    -108.5388    -107.3475    -109.1760
               -108.2132    -110.8659    -114.5725    -112.0148    -111.5859
               -111.9257    -111.0897    -113.6797    -112.2453    -112.3486
               -110.2423    -111.5894    -111.0711    -111.0061    -110.8216
               -110.4431    -111.6222    -111.5224    -111.2579    -111.1003
               -110.2327    -108.3903    -109.3184    -109.6249    -109.8939
               -111.6501    -112.5946    -112.0942    -113.3308    -111.6482
               -111.0592    -110.5672    -111.0277    -111.5185    -109.1768
   4      0    -110.6111    -110.5981    -112.0106    -107.9675    -108.8793
               -109.7234    -110.3597    -109.8747    -109.0612    -108.5560
               -109.0601    -109.9024    -108.2797    -107.0422    -108.8865
               -107.9120    -110.6271    -114.3410    -111.7805    -111.2986
               -111.7257    -110.8752    -113.4307    -112.0418    -112.0601
               -110.0799    -111.4910    -110.7712    -110.6590    -110.5188
               -110.1915    -111.3395    -111.2666    -110.9687    -110.8639
               -109.9533    -108.0893    -109.0000    -109.2610    -109.6372
               -111.4673    -112.5283    -112.1154    -113.2451    -111.3525
               -110.8312    -110.3031    -110.6973    -111.2917    -108.9238
   5      0    -110.7458    -110.7625    -112.1603    -108.0905    -108.9978
               -109.8930    -110.3962    -109.9179    -109.1192    -108.5778
               -109.1685    -109.9113    -108.3729    -107.1015    -108.9366
               -108.0549    -110.6566    -114.4152    -111.9113    -111.4240
               -111.7937    -111.0474    -113.5260    -112.0726    -112.1964
               -110.1366    -111.6094    -110.9225    -110.8888    -110.6434
               -110.2728    -111.3923    -111.3434    -111.0821    -110.9411
               -110.0989    -108.1937    -109.1267    -109.4213    -109.6871
               -111.5653    -112.5957    -112.1932    -113.3116    -111.5159
               -110.9040    -110.3703    -110.8362    -111.3664    -108.9444
   5     60    -112.7416    -112.7613    -114.1528    -110.0938    -110.9861
               -111.8749    -112.3739    -111.9013    -111.1125    -110.5699
               -111.1590    -111.8903    -110.3548    -109.0920    -110.9283
               -110.0542    -112.6465    -116.4153    -113.8959    -113.4123
               -113.7808    -113.0423    -115.5189    -114.0550    -114.2005
               -112.1589    -113.6274    -112.8945    -112.8768    -112.6520
               -112.2735    -113.3873    -113.3339    -113.0756    -112.9219
               -112.0609    -110.1790    -111.1219    -111.3979    -111.6459
               -113.5648    -114.6052    -114.2087    -115.3337    -113.5084
               -112.8995    -112.3682    -112.8097    -113.3394    -110.9267
   5     80    -117.7515    -117.7758    -119.1503    -115.1348    -115.9978
               -116.8680    -117.3828    -116.9191    -116.1614    -115.6062
               -116.1694    -116.8895    -115.3702    -114.1116    -115.9274
               -115.0999    -117.6483    -121.4414    -118.8987    -118.4120
               -118.7985    -118.0201    -120.5300    -119.0667    -119.2200
               -117.1687    -118.6156    -117.8683    -117.8818    -117.6988
               -117.3029    -118.3958    -118.3394    -118.1072    -117.9322
               -117.0526    -115.1934    -116.1515    -116.4472    -116.6286
               -118.5691    -119.5742    -119.1909    -120.3295    -118.5033
               -117.9086    -117.3864    -117.8077    -118.3334    -115.9261
   5    100    -124.8825    -124.8960    -126.2595    -122.2211    -123.0773
               -123.9784    -124.4659    -123.9990    -123.3010    -122.7129
               -123.2452    -123.9676    -122.4722    -121.2069    -123.0292
               -122.2221    -124.7632    -128.6273    -126.0220    -125.5496
               -125.9354    -125.1365    -127.6807    -126.2056    -126.3563
               -124.3025    -125.7879    -124.9547    -125.0068    -124.8364
               -124.4354    -125.5248    -125.4537    -125.2359    -125.0342
               -124.1449    -122.2672    -123.2421    -123.5611    -123.6998
               -125.7170    -126.7420    -126.3671    -127.5223    -125.6181
               -125.0495    -124.5068    -124.9242    -125.4345    -123.0296
 
 group  inft   Estimated free energy: 1-th solvent contribution (kcal/mol)
   1      0     -48.3415     -56.2891     -54.5552     -64.8674     -54.9964
                -41.3926     -55.4863     -64.6155     -64.2084     -67.6252
                -63.3013     -60.3221     -60.9604     -57.1525     -55.5770
                -58.8998     -53.4169     -49.2602     -43.4951     -48.6665
                -56.6751     -46.7826     -48.8083     -47.8186     -61.5383
                -55.3308     -41.6955     -42.2851     -46.6853     -62.4270
                -57.9524     -56.9198     -58.8140     -60.0648     -61.2573
                -60.8672     -66.3935     -65.7015     -55.8042     -46.7925
                -51.6528     -45.3908     -41.7663     -43.8345     -48.2702
                -55.2268     -60.5293     -43.3115     -52.9967     -62.4398
   1     60     -48.5901     -56.5368     -54.8026     -65.1182     -55.2430
                -41.6398     -55.7348     -64.8626     -64.4569     -67.8755
                -63.5501     -60.5688     -61.2073     -57.3977     -55.8252
                -59.1472     -53.6644     -49.5106     -43.7414     -48.9143
                -56.9203     -47.0296     -49.0571     -48.0664     -61.7861
                -55.5821     -41.9467     -42.5301     -46.9336     -62.6752
                -58.2009     -57.1678     -59.0633     -60.3150     -61.5050
                -61.1144     -66.6402     -65.9508     -56.0536     -47.0364
                -51.9010     -45.6400     -42.0179     -44.0868     -48.5186
                -55.4755     -60.7796     -43.5566     -53.2450     -62.6876
   1     80     -49.2797     -57.2243     -55.4903     -65.8153     -55.9302
                -42.3294     -56.4282     -65.5548     -65.1534     -68.5732
                -64.2453     -61.2562     -61.9008     -58.0852     -56.5178
                -59.8419     -54.3530     -50.2066     -44.4279     -49.6052
                -57.6089     -47.7185     -49.7506     -48.7566     -62.4779
                -56.2754     -42.6369     -43.2132     -47.6235     -63.3669
                -58.8916     -57.8563     -59.7550     -61.0113     -62.1958
                -61.8028     -67.3314     -66.6473     -56.7478     -47.7216
                -52.5903     -46.3277     -42.7092     -44.7792     -49.2083
                -56.1656     -61.4732     -44.2452     -53.9364     -63.3772
   1    100     -50.5806     -58.5187     -56.7852     -67.1100     -57.2169
                -43.6307     -57.7250     -66.8438     -66.4547     -69.8698
                -65.5395     -62.5436     -63.1938     -59.3722     -57.8120
                -61.1386     -55.6455     -51.5204     -45.7296     -50.9084
                -58.9033     -49.0137     -51.0547     -50.0597     -63.7756
                -57.5703     -43.9401     -44.5030     -48.9262     -64.6631
                -60.1893     -59.1517     -61.0544     -62.3119     -63.4914
                -63.0989     -68.6184     -67.9390     -58.0464     -49.0132
                -53.8899     -47.6264     -44.0118     -46.0901     -50.5071
                -57.4667     -62.7712     -45.5405     -55.2361     -64.6737
   2      0     -48.2943     -56.2392     -54.5155     -64.7624     -54.9235
                -41.3168     -55.3838     -64.5209     -64.1357     -67.5475
                -63.1841     -60.2572     -60.8552     -57.0822     -55.4870
                -58.8602     -53.3704     -49.1790     -43.4041     -48.5872
                -56.6537     -46.7258     -48.7328     -47.7602     -61.4578
                -55.3198     -41.7015     -42.2483     -46.6192     -62.3636
                -57.9311     -56.8746     -58.7377     -59.9867     -61.1652
                -60.7758     -66.3006     -65.5800     -55.6857     -46.6823
                -51.6202     -45.3954     -41.8144     -43.8399     -48.1418
                -55.1556     -60.4188     -43.2255     -52.8886     -62.3794
   3      0     -48.2847     -56.2721     -54.5126     -64.7594     -54.8986
                -41.3263     -55.3658     -64.5246     -64.1216     -67.5334
                -63.1834     -60.2575     -60.8613     -57.0904     -55.4348
                -58.8372     -53.3803     -49.2201     -43.4379     -48.6120
                -56.6856     -46.7602     -48.7614     -47.7577     -61.4944
                -55.3124     -41.7280     -42.2734     -46.6556     -62.4106
                -57.9438     -56.8923     -58.7662     -60.0263     -61.1510
                -60.8102     -66.3150     -65.6001     -55.6825     -46.6911
                -51.6390     -45.4296     -41.8070     -43.8519     -48.2078
                -55.1755     -60.4486     -43.2390     -52.9225     -62.3725
   4      0     -48.2615     -56.1953     -54.4502     -64.6702     -54.8146
                -41.2260     -55.3142     -64.4583     -64.0288     -67.4373
                -63.0790     -60.1686     -60.7822     -57.0359     -55.3872
                -58.7456     -53.3315     -49.1537     -43.3668     -48.5391
                -56.6381     -46.7060     -48.7036     -47.7336     -61.4223
                -55.2825     -41.7262     -42.2308     -46.5842     -62.3218
                -57.8570     -56.8206     -58.7018     -59.9700     -61.0578
                -60.7320     -66.2196     -65.4941     -55.5542     -46.6209
                -51.6075     -45.4269     -41.8218     -43.8728     -48.1257
                -55.1101     -60.3467     -43.1563     -52.8286     -62.2950
   5      0     -48.2521     -56.2342     -54.4635     -64.6395     -54.7964
                -41.2206     -55.2738     -64.4127     -64.0033     -67.4006
                -63.0621     -60.1211     -60.7626     -57.0028     -55.3547
                -58.7502     -53.3070     -49.1314     -43.3641     -48.5374
                -56.6130     -46.7289     -48.7022     -47.7082     -61.4417
                -55.2964     -41.7534     -42.2307     -46.6025     -62.3443
                -57.8604     -56.7951     -58.6774     -59.9579     -61.0669
                -60.6776     -66.1857     -65.4963     -55.5570     -46.5678
                -51.5920     -45.4526     -41.8608     -43.8664     -48.1323
                -55.0981     -60.3565     -43.1407     -52.7968     -62.2494
   5     60     -48.5562     -56.5383     -54.7665     -64.9468     -55.0984
                -41.5245     -55.5759     -64.7155     -64.3078     -67.7059
                -63.3669     -60.4217     -61.0654     -57.3043     -55.6588
                -59.0550     -53.6096     -49.4381     -43.6654     -48.8411
                -56.9151     -47.0341     -49.0071     -48.0114     -61.7475
                -55.6045     -42.0596     -42.5317     -46.9063     -62.6493
                -58.1641     -57.0987     -58.9828     -60.2632     -61.3701
                -60.9777     -66.4879     -65.8019     -55.8594     -46.8667
                -51.8964     -45.7576     -42.1682     -44.1739     -48.4365
                -55.4022     -60.6619     -43.4421     -53.0995     -62.5528
   5     80     -49.3306     -57.3121     -55.5374     -65.7287     -55.8699
                -42.2998     -56.3510     -65.4913     -65.0883     -68.4863
                -64.1438     -61.1916     -61.8411     -58.0759     -56.4329
                -59.8340     -54.3808     -50.2192     -44.4358     -49.6153
                -57.6883     -47.8065     -49.7839     -48.7875     -62.5243
                -56.3793     -42.8286     -43.3008     -47.6815     -63.4265
                -58.9389     -57.8714     -59.7603     -61.0430     -62.1462
                -61.7503     -67.2612     -66.5817     -56.6400     -47.6362
                -52.6691     -46.5233     -42.9397     -44.9460     -49.2100
                -56.1767     -61.4396     -44.2149     -53.8743     -63.3275
   5    100     -50.5091     -58.4839     -56.7089     -66.8981     -57.0363
                -43.4760     -57.5203     -66.6568     -66.2666     -69.6621
                -65.3136     -62.3560     -63.0115     -59.2448     -57.6062
                -61.0098     -55.5536     -51.4103     -45.6103     -50.7963
                -58.8604     -48.9824     -50.9664     -49.9679     -63.6994
                -57.5540     -44.0092     -44.4690     -48.8608     -64.6013
                -60.1162     -59.0470     -60.9358     -62.2180     -63.3178
                -62.9207     -68.4265     -67.7508     -57.8145     -48.8031
                -53.8470     -47.7002     -44.1226     -46.1314     -50.3855
                -57.3556     -62.6148     -45.3902     -55.0484     -64.5015
 
 group  inft   Estimated free energy: 2-th solvent contribution (kcal/mol)
   1      0     -62.2599     -54.2945     -57.4628     -43.1825     -54.0077
                -68.4853     -54.9202     -45.3628     -44.8941     -40.9951
                -45.9413     -49.5988     -47.4411     -49.9636     -53.3943
                -49.0908     -57.2189     -65.0869     -68.3658     -62.6979
                -54.9883     -64.0178     -64.5951     -64.2396     -50.5338
                -54.7215     -69.7619     -68.5024     -64.1089     -48.1419
                -52.2806     -54.4934     -52.4778     -50.9729     -49.6826
                -49.1943     -41.7870     -43.4332     -53.6687     -62.9498
                -59.7513     -67.0666     -70.2449     -69.3653     -63.1946
                -55.6068     -49.7909     -67.5024     -58.3097     -46.4543
   1     60     -63.6531     -55.6856     -58.8544     -44.5765     -55.3978
                -69.8584     -56.3101     -46.7472     -46.2835     -42.3942
                -47.3289     -50.9885     -48.8200     -51.3513     -54.7827
                -50.4789     -58.6095     -66.4779     -69.7488     -64.0819
                -56.3664     -65.3926     -65.9811     -65.6246     -51.9171
                -56.1295     -71.1733     -69.8741     -65.4965     -49.5409
                -53.6818     -55.8881     -53.8649     -52.3658     -51.0664
                -50.5751     -43.1736     -44.8212     -55.0640     -64.3139
                -61.1417     -68.4640     -71.6513     -70.7783     -64.5814
                -57.0018     -51.1897     -68.8742     -59.6938     -47.8391
   1     80     -67.4729     -59.5027     -62.6745     -48.4170     -59.2262
                -73.6563     -60.1520     -50.5869     -50.1449     -46.2530
                -51.1700     -54.8182     -52.6621     -55.1949     -58.6193
                -54.3399     -62.4351     -70.3054     -73.5637     -67.9014
                -60.1984     -69.1900     -69.8051     -69.4415     -55.7437
                -59.9658     -74.9980     -73.6590     -69.3110     -53.3904
                -57.5241     -59.7163     -57.6718     -56.2063     -54.8836
                -54.3844     -47.0165     -48.6637     -58.9075     -68.1114
                -64.9592     -72.2726     -75.4645     -74.6026     -68.3862
                -60.8273     -55.0248     -72.6908     -63.5138     -51.6535
   1    100     -74.1254     -66.1565     -69.3253     -55.0566     -65.8515
                -80.3046     -66.7978     -57.2219     -56.8151     -52.9022
                -57.8062     -61.4416     -59.2999     -61.8267     -65.2600
                -61.0027     -69.0646     -76.9954     -80.2267     -74.5688
                -66.8714     -75.8163     -76.4642     -76.1198     -62.4076
                -66.6166     -81.6640     -80.2828     -75.9653     -60.0597
                -64.1917     -66.3828     -64.3298     -62.8663     -61.5374
                -61.0252     -53.6424     -55.2887     -65.5560     -74.7292
                -71.6154     -78.9247     -82.1228     -81.2936     -75.0279
                -67.5026     -61.6766     -79.3325     -70.1664     -58.3033
   2      0     -62.3612     -54.4015     -57.5991     -43.3347     -54.1257
                -68.5329     -55.0307     -45.4666     -45.0525     -41.1859
                -46.0780     -49.7086     -47.5350     -50.0756     -53.5375
                -49.2238     -57.3054     -65.1811     -68.4474     -62.7943
                -55.0964     -64.1374     -64.7397     -64.3503     -50.6479
                -54.8423     -69.8228     -68.6076     -64.1493     -48.2334
                -52.3366     -54.5830     -52.5584     -51.0459     -49.7822
                -49.2959     -41.9027     -43.5221     -53.7694     -63.0770
                -59.9279     -67.1356     -70.3195     -69.4160     -63.2462
                -55.7055     -49.9315     -67.5860     -58.4381     -46.6054
   3      0     -62.5370     -54.6092     -57.6967     -43.5255     -54.2916
                -68.7351     -55.2126     -45.5880     -45.2413     -41.2741
                -46.2512     -49.9022     -47.6762     -50.2559     -53.7399
                -49.3747     -57.4843     -65.3511     -68.5756     -62.9726
                -55.2389     -64.3282     -64.9170     -64.4863     -50.8529
                -54.9286     -69.8601     -68.7965     -64.3492     -48.4097
                -52.4980     -54.7287     -52.7550     -51.2303     -49.9480
                -49.4213     -42.0741     -43.7170     -53.9411     -63.2015
                -60.0098     -67.1638     -70.2858     -69.4776     -63.4391
                -55.8824     -50.1173     -67.7874     -58.5947     -46.8030
   4      0     -62.3483     -54.4015     -57.5591     -43.2960     -54.0634
                -68.4961     -55.0442     -45.4151     -45.0311     -41.1174
                -45.9798     -49.7325     -47.4962     -50.0050     -53.4980
                -49.1652     -57.2943     -65.1860     -68.4124     -62.7582
                -55.0863     -64.1678     -64.7258     -64.3068     -50.6365
                -54.7961     -69.7635     -68.5391     -64.0735     -48.1957
                -52.3333     -54.5176     -52.5635     -50.9974     -49.8048
                -49.2201     -41.8684     -43.5047     -53.7056     -63.0150
                -59.8585     -67.1001     -70.2924     -69.3710     -63.2254
                -55.7197     -49.9550     -67.5397     -58.4618     -46.6275
   5      0     -62.4924     -54.5270     -57.6955     -43.4497     -54.2001
                -68.6712     -55.1211     -45.5039     -45.1145     -41.1759
                -46.1051     -49.7890     -47.6091     -50.0974     -53.5806
                -49.3034     -57.3483     -65.2825     -68.5460     -62.8853
                -55.1794     -64.3173     -64.8225     -64.3631     -50.7535
                -54.8389     -69.8548     -68.6904     -64.2851     -48.2978
                -52.4111     -54.5958     -52.6647     -51.1230     -49.8729
                -49.4200     -42.0067     -43.6291     -53.8629     -63.1181
                -59.9720     -67.1418     -70.3311     -69.4439     -63.3823
                -55.8047     -50.0125     -67.6942     -58.5683     -46.6938
   5     60     -64.1841     -56.2218     -59.3851     -45.1457     -55.8864
                -70.3490     -56.7967     -47.1845     -46.8033     -42.8627
                -47.7908     -51.4673     -49.2881     -51.7865     -55.2682
                -50.9979     -59.0357     -66.9758     -70.2291     -64.5698
                -56.8645     -66.0069     -66.5105     -66.0423     -52.4517
                -56.5531     -71.5665     -70.3614     -65.9692     -50.0015
                -54.1081     -56.2873     -54.3498     -52.8111     -51.5505
                -51.0819     -43.6897     -45.3186     -55.5371     -64.7779
                -61.6671     -68.8463     -72.0392     -71.1584     -65.0706
                -57.4960     -51.7050     -69.3663     -60.2387     -48.3727
   5     80     -68.4196     -60.4624     -63.6116     -49.4048     -60.1266
                -74.5669     -61.0305     -51.4265     -51.0718     -47.1186
                -52.0243     -55.6966     -53.5278     -56.0344     -59.4932
                -55.2646     -63.2662     -71.2210     -74.4616     -68.7954
                -61.1089     -70.2122     -70.7448     -70.2779     -56.6945
                -60.7881     -75.7857     -74.5662     -70.1989     -54.2711
                -58.3628     -60.5231     -58.5778     -57.0629     -55.7847
                -55.3010     -47.9309     -49.5685     -59.8060     -68.9911
                -65.8988     -73.0496     -76.2499     -75.3823     -69.2920
                -61.7305     -55.9455     -73.5915     -64.4578     -52.5974
   5    100     -74.3721     -66.4108     -69.5493     -55.3218     -66.0398
                -80.5012     -66.9444     -57.3409     -57.0332     -53.0495
                -57.9302     -61.6103     -59.4594     -61.9608     -65.4217
                -61.2110     -69.2083     -77.2158     -80.4104     -74.7520
                -67.0737     -76.1528     -76.7130     -76.2365     -62.6556
                -66.7472     -81.7774     -80.4844     -76.1447     -60.2337
                -64.3179     -66.4765     -64.5166     -63.0166     -61.7151
                -61.2229     -53.8394     -55.4899     -65.7453     -74.8954
                -71.8688     -79.0406     -82.2431     -81.3896     -75.2312
                -67.6926     -61.8908     -79.5327     -70.3848     -58.5268
 
 
 cumulative average & 95% error for solvation free energy
              total             1st component         2nd component
  1  -110.8230              -48.2847              -62.5370
  2  -110.8528     0.0595   -52.2784     7.9873   -58.5731     7.9278
  3  -111.3054     0.9059   -53.0232     4.8461   -58.2810     4.6143
  4  -110.5506     1.6399   -55.9572     6.7954   -54.5921     8.0670
  5  -110.2788     1.3817   -55.7455     5.2807   -54.5320     6.2498
  6  -110.2428     1.1304   -53.3423     6.4569   -56.8992     6.9609
  7  -110.2909     0.9602   -53.6314     5.4876   -56.6583     5.9027
  8  -110.2688     0.8328   -54.9930     5.4774   -55.2745     5.8130
  9  -110.1683     0.7614   -56.0073     5.2393   -54.1597     5.5905
 10  -110.0323     0.7333   -57.1599     5.2225   -52.8711     5.6253
 11  -109.9781     0.6721   -57.7075     4.8492   -52.2693     5.2287
 12  -109.9933     0.6143   -57.9200     4.4470   -52.0720     4.7894
 13  -109.8815     0.6078   -58.1463     4.1156   -51.7339     4.4572
 14  -109.7005     0.6691   -58.0708     3.8133   -51.6283     4.1320
 15  -109.6655     0.6268   -57.8951     3.5674   -51.7691     3.8569
 16  -109.5747     0.6138   -57.9540     3.3390   -51.6195     3.6202
 17  -109.6507     0.5962   -57.6849     3.1823   -51.9644     3.4699
 18  -109.9241     0.7842   -57.2147     3.1443   -52.7081     3.5937
 19  -110.0341     0.7738   -56.4896     3.3089   -53.5433     3.7875
 20  -110.1117     0.7503   -56.0957     3.2364   -54.0147     3.7148
 21  -110.1981     0.7343   -56.1238     3.0790   -54.0730     3.5354
 22  -110.2386     0.7048   -55.6982     3.0566   -54.5392     3.4974
 23  -110.3883     0.7369   -55.3966     2.9823   -54.9904     3.4616
 24  -110.4656     0.7223   -55.0783     2.9255   -55.3861     3.4074
 25  -110.5409     0.7090   -55.3349     2.8526   -55.2047     3.2883
 26  -110.5295     0.6816   -55.3341     2.7406   -55.1941     3.1594
 27  -110.5687     0.6605   -54.8301     2.8232   -55.7373     3.2284
 28  -110.5867     0.6375   -54.3817     2.8646   -56.2037     3.2478
 29  -110.6011     0.6158   -54.1153     2.8149   -56.4846     3.1838
 30  -110.6085     0.5951   -54.3918     2.7751   -56.2154     3.1225
 31  -110.6031     0.5757   -54.5064     2.6939   -56.0955     3.0296
 32  -110.6350     0.5611   -54.5809     2.6126   -56.0528     2.9347
 33  -110.6619     0.5464   -54.7077     2.5449   -55.9528     2.8514
 34  -110.6794     0.5313   -54.8642     2.4886   -55.8139     2.7802
 35  -110.6914     0.5164   -55.0438     2.4430   -55.6463     2.7203
 36  -110.6787     0.5025   -55.2040     2.3957   -55.4734     2.6662
 37  -110.6168     0.5042   -55.5043     2.4062   -55.1113     2.6924
 38  -110.5827     0.4955   -55.7699     2.4016   -54.8114     2.6883
 39  -110.5581     0.4851   -55.7677     2.3392   -54.7891     2.6188
 40  -110.5415     0.4740   -55.5408     2.3247   -54.9994     2.5870
 41  -110.5685     0.4654   -55.4456     2.2752   -55.1216     2.5349
 42  -110.6168     0.4643   -55.2071     2.2711   -55.4083     2.5394
 43  -110.6511     0.4586   -54.8955     2.3035   -55.7543     2.5744
 44  -110.7120     0.4643   -54.6445     2.3059   -56.0662     2.5914
 45  -110.7329     0.4558   -54.5015     2.2721   -56.2301     2.5542
 46  -110.7399     0.4460   -54.5161     2.2224   -56.2225     2.4981
 47  -110.7363     0.4364   -54.6424     2.1892   -56.0926     2.4582
 48  -110.7423     0.4274   -54.4048     2.1951   -56.3363     2.4553
 49  -110.7582     0.4198   -54.3745     2.1507   -56.3823     2.4064
 50  -110.7266     0.4162   -54.5345     2.1314   -56.1908     2.3887
 
 Mesh error is    0.252 kcal/mol
