 ERmod 0.3.8, Copyright (C) 2000-2019 Nobuyuki Matubayasi
                            2010-2019 Shun Sakuraba
 ERmod comes with ABSOLUTELY NO WARRANTY.
 This is free software, and you can redistribute it
 and/or modify it under certain conditions.
 See LICENSE file for details.
 
  Number of the   1-th solvent  =          378
  Number of the   2-th solvent  =        10000
 
  Be sure that the solvent distribution is homogeneous (radial distribution function is essentially unity) when the solvent molecule is separated beyond distance of   10.0 Angstrom in any direction from any atom within the solute molecule
 
  LJ long-range correction    =        -1.1319     -7.1533
 
  Self-energy of the solute   =         0.0026  kcal/mol
 
 
 cumulative average & 95% error for solvation energy
              total             1st component         2nd component
  1  -441.7114              -65.8981             -375.8159
  2  -441.1470     1.1289   -54.2330    23.3302  -386.9165    22.2013
  3  -440.7965     0.9571   -52.3560    13.9831  -388.4431    13.1765
  4  -441.4375     1.4496   -50.1304    10.8432  -391.3096    10.9398
  5  -441.3951     1.1260   -50.0159     8.4023  -391.3818     8.4751
  6  -441.7170     1.1223   -51.8963     7.8235  -389.8233     7.5895
  7  -441.4600     1.0788   -50.6800     7.0453  -390.7826     6.6951
  8  -441.6666     1.0215   -50.8370     6.1095  -390.8322     5.7990
  9  -441.6160     0.9065   -52.5483     6.3833  -389.0703     6.2107
 10  -441.7579     0.8590   -53.9124     6.3277  -387.8480     6.0691
 11  -442.0048     0.9207   -53.2204     5.8886  -388.7870     5.8020
 12  -442.0616     0.8481   -55.6045     7.1854  -386.4597     7.0510
 13  -441.8090     0.9294   -56.7517     6.9965  -385.0599     7.0644
 14  -441.6297     0.9322   -56.8537     6.4807  -384.7786     6.5645
 15  -441.7594     0.9058   -55.3831     6.7120  -386.3789     6.8986
 16  -441.7151     0.8519   -55.2549     6.2838  -386.4628     6.4553
 17  -441.7831     0.8117   -54.5057     6.0897  -387.2800     6.2800
 18  -441.6902     0.7875   -54.7281     5.7587  -386.9647     5.9544
 19  -441.8205     0.7892   -54.9461     5.4646  -386.8770     5.6350
 20  -441.9658     0.8031   -55.5409     5.3189  -386.4276     5.4209
 21  -442.0988     0.8089   -55.5255     5.0593  -386.5758     5.1648
 22  -441.9801     0.8070   -55.1567     4.8800  -386.8259     4.9498
 23  -442.0850     0.7991   -54.8104     4.7141  -387.2772     4.8150
 24  -442.0503     0.7682   -54.9248     4.5192  -387.1282     4.6196
 25  -442.0771     0.7388   -55.6378     4.5632  -386.4419     4.6387
 26  -442.0143     0.7208   -55.9949     4.4420  -386.0220     4.5351
 27  -441.9108     0.7239   -55.8742     4.2811  -386.0393     4.3641
 28  -441.8071     0.7277   -56.0611     4.1423  -385.7486     4.2453
 29  -441.7489     0.7118   -56.1742     4.0033  -385.5772     4.1106
 30  -441.8146     0.7001   -55.9608     3.8910  -385.8564     4.0103
 31  -441.8096     0.6772   -55.6975     3.8001  -386.1146     3.9130
 32  -441.8640     0.6647   -55.9506     3.7141  -385.9160     3.8095
 33  -441.8746     0.6445   -56.4484     3.7349  -385.4287     3.8187
 34  -441.7778     0.6546   -56.8397     3.7069  -384.9407     3.8311
 35  -441.6072     0.7214   -56.9414     3.6052  -384.6683     3.7597
 36  -441.5928     0.7017   -57.3550     3.5999  -384.2404     3.7527
 37  -441.5919     0.6825   -57.2636     3.5061  -384.3309     3.6543
 38  -441.6335     0.6694   -57.3868     3.4214  -384.2492     3.5606
 39  -441.6139     0.6532   -57.5004     3.3403  -384.1160     3.4783
 40  -441.5872     0.6389   -57.8682     3.3378  -383.7216     3.4809
 41  -441.6155     0.6257   -57.7690     3.2614  -383.8491     3.4045
 42  -441.5579     0.6213   -58.1185     3.2587  -383.4420     3.4207
 43  -441.5818     0.6086   -58.4434     3.2477  -383.1410     3.3940
 44  -441.6211     0.5998   -58.2919     3.1875  -383.3318     3.3379
 45  -441.6349     0.5869   -57.7149     3.3226  -383.9226     3.4702
 46  -441.6489     0.5747   -57.4894     3.2808  -384.1621     3.4276
 47  -441.6729     0.5644   -57.1615     3.2765  -384.5140     3.4269
 48  -441.6571     0.5534   -56.7560     3.3085  -384.9037     3.4441
 49  -441.6423     0.5428   -56.7735     3.2404  -384.8713     3.3737
 50  -441.6478     0.5320   -56.4729     3.2314  -385.1774     3.3617
 
 
 group  inft  solvation free energy     error          difference
  total solvation free energy
   1      0        -84.25129           0.27949           0.11573
   1     60        -84.96405           0.27923          -0.59703
   1     80        -88.06322           0.27793          -3.69620
   1    100        -96.16688           0.27849         -11.79987
   2      0        -84.35138           0.27711           0.01563
   3      0        -84.36701           0.27629           0.00000
   4      0        -84.36841           0.27578          -0.00140
   5      0        -84.44846           0.27672          -0.08144
   5     60        -85.34164           0.27627          -0.97463
   5     80        -88.99388           0.27497          -4.62686
   5    100        -96.40226           0.27567         -12.03525
 
  contribution from  1-th solvent component
   1      0        -19.66430           1.31366           0.03216
   1     60        -19.68884           1.31369           0.00762
   1     80        -19.80660           1.31383          -0.11014
   1    100        -20.16910           1.31397          -0.47264
   2      0        -19.68715           1.31380           0.00931
   3      0        -19.69646           1.31412           0.00000
   4      0        -19.70140           1.31392          -0.00494
   5      0        -19.70664           1.31411          -0.01018
   5     60        -19.73791           1.31415          -0.04145
   5     80        -19.88135           1.31428          -0.18489
   5    100        -20.21763           1.31437          -0.52117
 
  contribution from  2-th solvent component
   1      0        -64.58955           1.43888           0.08357
   1     60        -65.27778           1.43840          -0.60466
   1     80        -68.25919           1.43666          -3.58606
   1    100        -76.00035           1.43551         -11.32723
   2      0        -64.66681           1.43833           0.00631
   3      0        -64.67313           1.43858          -0.00000
   4      0        -64.66958           1.43754           0.00354
   5      0        -64.74439           1.43884          -0.07127
   5     60        -65.60631           1.43808          -0.93319
   5     80        -69.11510           1.43631          -4.44197
   5    100        -76.18720           1.43497         -11.51407
 
 
 group  inft   Estimated free energy: total (kcal/mol)
   1      0     -84.0290     -83.8055     -84.0228     -85.3559     -83.5818
                -84.8292     -83.7317     -85.2063     -83.8949     -84.7044
                -85.9679     -84.0763     -82.6953     -83.2817     -85.5145
                -83.9516     -85.1890     -83.6689     -85.5417     -85.4781
                -85.9644     -83.5516     -86.0408     -84.3278     -84.5147
                -83.5953     -83.7377     -83.3308     -83.8842     -85.2456
                -83.6640     -84.9024     -84.0006     -82.7224     -80.9357
                -83.5194     -83.7084     -84.6150     -84.0484     -83.4509
                -84.6086     -82.4363     -84.0953     -85.4107     -84.9186
                -84.3761     -85.1876     -84.3463     -84.1134     -84.7848
   1     60     -84.7441     -84.5185     -84.7325     -86.0648     -84.2946
                -85.5411     -84.4382     -85.9155     -84.6067     -85.4224
                -86.6786     -84.7914     -83.4076     -83.9974     -86.2248
                -84.6656     -85.9007     -84.3811     -86.2551     -86.1946
                -86.6751     -84.2650     -86.7528     -85.0385     -85.2281
                -84.3097     -84.4498     -84.0456     -84.5953     -85.9579
                -84.3758     -85.6155     -84.7146     -83.4386     -81.6493
                -84.2358     -84.4218     -85.3309     -84.7619     -84.1680
                -85.3244     -83.1526     -84.8083     -86.1204     -85.6272
                -85.0868     -85.8981     -85.0551     -84.8294     -85.4946
   1     80     -87.8567     -87.6288     -87.8275     -89.1506     -87.4091
                -88.6529     -87.5118     -88.9953     -87.6977     -88.5372
                -89.7665     -87.8915     -86.5131     -87.1072     -89.3113
                -87.7607     -88.9922     -87.4649     -89.3478     -89.3091
                -89.7648     -87.3615     -89.8462     -88.1278     -88.3208
                -87.4095     -87.5388     -87.1433     -87.6788     -89.0559
                -87.4871     -88.7358     -87.8159     -86.5449     -84.7570
                -87.3491     -87.5401     -88.4438     -87.8664     -87.2852
                -88.4373     -86.2744     -87.9116     -89.2093     -88.7072
                -88.1769     -88.9806     -88.1449     -87.9297     -88.5846
   1    100     -95.9767     -95.7423     -95.9269     -97.2449     -95.5194
                -96.7602     -95.5658     -97.0821     -95.7967     -96.6675
                -97.8732     -96.0061     -94.5956     -95.2127     -97.4024
                -95.8762     -97.0873     -95.5538     -97.4628     -97.4460
                -97.8608     -95.4703     -97.9551     -96.2290     -96.4199
                -95.5172     -95.6308     -95.2367     -95.7572     -97.1805
                -95.5988     -96.8696     -95.9196     -94.6583     -92.8496
                -95.4583     -95.6445     -96.5607     -95.9679     -95.3960
                -96.5478     -94.3900     -96.0105     -97.3056     -96.8060
                -96.2728     -97.0598     -96.2314     -96.0506     -96.6899
   2      0     -84.1582     -83.9385     -84.1325     -85.4637     -83.7140
                -84.9342     -83.8192     -85.2359     -84.0330     -84.7801
                -86.0874     -84.1858     -82.7962     -83.3863     -85.6271
                -84.0831     -85.2490     -83.7916     -85.5991     -85.5565
                -86.0607     -83.6132     -86.1314     -84.4385     -84.6134
                -83.6848     -83.8604     -83.4267     -83.9826     -85.3386
                -83.7680     -85.0064     -84.1015     -82.8192     -81.0798
                -83.5973     -83.8189     -84.6593     -84.1467     -83.5268
                -84.7514     -82.5617     -84.2370     -85.4938     -85.0252
                -84.4785     -85.2540     -84.4035     -84.2015     -84.9171
   3      0     -84.1566     -83.9354     -84.1272     -85.4922     -83.7001
                -84.9542     -83.8303     -85.2799     -84.0281     -84.7712
                -86.0775     -84.1913     -82.8214     -83.4115     -85.6435
                -84.0953     -85.3065     -83.7913     -85.5909     -85.5635
                -86.1257     -83.6644     -86.1317     -84.4220     -84.6144
                -83.6973     -83.8780     -83.4440     -84.0236     -85.3759
                -83.7926     -85.0132     -84.1320     -82.8195     -81.1391
                -83.6064     -83.8256     -84.6890     -84.1526     -83.5546
                -84.7419     -82.6064     -84.2885     -85.5051     -85.0317
                -84.4891     -85.2756     -84.4370     -84.1859     -84.9203
   4      0     -84.1698     -83.9392     -84.1427     -85.4792     -83.7238
                -84.9817     -83.8402     -85.2871     -84.0716     -84.7904
                -86.0977     -84.2066     -82.8322     -83.4226     -85.6531
                -84.1038     -85.2438     -83.8229     -85.5760     -85.5680
                -86.0757     -83.6572     -86.1305     -84.4194     -84.6156
                -83.6869     -83.8649     -83.4149     -83.9954     -85.3573
                -83.8215     -85.0096     -84.1333     -82.8477     -81.1005
                -83.5997     -83.8553     -84.7232     -84.1783     -83.5419
                -84.7676     -82.5922     -84.2858     -85.4747     -85.0515
                -84.4725     -85.2761     -84.4197     -84.2050     -84.8943
   5      0     -84.2317     -84.0315     -84.1605     -85.5796     -83.7654
                -85.0372     -83.9694     -85.3552     -84.1433     -84.8379
                -86.1829     -84.2991     -82.9082     -83.5232     -85.7378
                -84.1834     -85.4013     -83.8406     -85.6597     -85.6244
                -86.1993     -83.7077     -86.2093     -84.4930     -84.7418
                -83.7737     -83.9304     -83.5352     -84.1289     -85.4297
                -83.9079     -85.1254     -84.1994     -82.9097     -81.2029
                -83.6815     -83.9257     -84.7463     -84.2506     -83.6020
                -84.8061     -82.6626     -84.3905     -85.5809     -85.1185
                -84.5677     -85.3514     -84.5035     -84.2529     -85.0160
   5     60     -85.1285     -84.9252     -85.0502     -86.4689     -84.6595
                -85.9306     -84.8539     -86.2429     -85.0363     -85.7366
                -87.0727     -85.1944     -83.8035     -84.4211     -86.6252
                -85.0761     -86.2924     -84.7306     -86.5512     -86.5226
                -87.0912     -84.6007     -87.1009     -85.3852     -85.6361
                -84.6672     -84.8226     -84.4310     -85.0200     -86.3231
                -84.8019     -86.0216     -85.0948     -83.8087     -82.0973
                -84.5795     -84.8215     -85.6420     -85.1460     -84.5014
                -85.7023     -83.5620     -85.2863     -86.4689     -86.0046
                -85.4577     -86.2399     -85.3915     -85.1483     -85.9052
   5     80     -88.7957     -88.5872     -88.6938     -90.1077     -88.3295
                -89.5926     -88.4777     -89.8734     -88.6786     -89.4008
                -90.7149     -88.8471     -87.4611     -88.0859     -90.2626
                -88.7271     -89.9362     -88.3660     -90.1962     -90.1909
                -90.7364     -88.2496     -90.7477     -89.0273     -89.2798
                -88.3177     -88.4640     -88.0778     -88.6535     -89.9802
                -88.4733     -89.6930     -88.7521     -87.4693     -85.7583
                -88.2478     -88.4917     -89.3098     -88.8052     -88.1694
                -89.3673     -87.2396     -88.9486     -90.1104     -89.6390
                -89.1022     -89.8755     -89.0301     -88.8000     -89.5522
   5    100     -96.2184     -95.9976     -96.0976     -97.5089     -95.7312
                -97.0083     -95.8439     -97.2685     -96.0840     -96.8341
                -98.1267     -96.2674     -94.8510     -95.4942     -97.6629
                -96.1490     -97.3444     -95.7607     -97.6082     -97.6341
                -98.1466     -95.6595     -98.1606     -96.4312     -96.6894
                -95.7281     -95.8699     -95.4744     -96.0410     -97.3959
                -95.8894     -97.1229     -96.1613     -94.8951     -93.1440
                -95.6622     -95.9000     -96.7318     -96.2142     -95.5831
                -96.7790     -94.6641     -96.3628     -97.5069     -97.0398
                -96.5031     -97.2631     -96.4213     -96.2213     -96.9600
 
 group  inft   Estimated free energy: 1-th solvent contribution (kcal/mol)
   1      0     -23.4022     -13.6086     -16.5155     -14.4947     -16.5945
                -21.7998     -14.4941     -18.2344     -23.8951     -23.7242
                -15.7866     -30.2403     -25.1051     -19.9222     -10.8249
                -18.6861     -13.9210     -20.8236     -21.0082     -24.1838
                -19.4020     -15.9588     -16.0001     -20.1227     -26.5695
                -23.3342     -18.2028     -21.3108     -20.8311     -16.9916
                -15.7504     -22.6983     -26.0645     -24.8753     -20.6042
                -25.5581     -18.3050     -22.0646     -21.6215     -25.6448
                -18.1321     -26.0165     -26.0596     -17.9834      -9.8658
                -16.1809     -13.7900     -12.0018     -20.2472     -13.7627
   1     60     -23.4271     -13.6322     -16.5398     -14.5190     -16.6190
                -21.8246     -14.5189     -18.2594     -23.9201     -23.7490
                -15.8114     -30.2650     -25.1300     -19.9460     -10.8494
                -18.7107     -13.9458     -20.8480     -21.0332     -24.2086
                -19.4265     -15.9836     -16.0245     -20.1473     -26.5944
                -23.3588     -18.2271     -21.3352     -20.8558     -17.0160
                -15.7746     -22.7230     -26.0891     -24.8996     -20.6284
                -25.5828     -18.3288     -22.0892     -21.6463     -25.6692
                -18.1557     -26.0408     -26.0846     -18.0080      -9.8900
                -16.2056     -13.8149     -12.0263     -20.2717     -13.7870
   1     80     -23.5467     -13.7464     -16.6568     -14.6355     -16.7372
                -21.9439     -14.6376     -18.3790     -24.0395     -23.8674
                -15.9303     -30.3832     -25.2496     -20.0600     -10.9666
                -18.8282     -14.0644     -20.9649     -21.1526     -24.3274
                -19.5438     -16.1024     -16.1412     -20.2652     -26.7136
                -23.4766     -18.3433     -21.4522     -20.9741     -17.1334
                -15.8912     -22.8423     -26.2072     -25.0159     -20.7452
                -25.7016     -18.4443     -22.2077     -21.7653     -25.7861
                -18.2698     -26.1583     -26.2049     -18.1264     -10.0060
                -16.3238     -13.9342     -12.1442     -20.3889     -13.9037
   1    100     -23.9115     -14.1023     -17.0180     -14.9972     -17.1003
                -22.3095     -15.0016     -18.7450     -24.4048     -24.2324
                -16.2964     -30.7467     -25.6125     -20.4143     -11.3279
                -19.1908     -14.4282     -21.3256     -21.5190     -24.6931
                -19.9059     -16.4662     -16.5034     -20.6286     -27.0781
                -23.8391     -18.7040     -21.8118     -21.3360     -17.4955
                -16.2511     -23.2072     -26.5702     -25.3757     -21.1054
                -26.0658     -18.8030     -22.5714     -22.1281     -26.1462
                -18.6257     -26.5193     -26.5699     -18.4903     -10.3674
                -16.6878     -14.2994     -12.5069     -20.7522     -14.2661
   2      0     -23.4266     -13.6484     -16.5539     -14.5172     -16.6186
                -21.8251     -14.5124     -18.2447     -23.9180     -23.7398
                -15.8025     -30.2679     -25.1272     -19.9497     -10.8471
                -18.7075     -13.9351     -20.8667     -21.0210     -24.1980
                -19.4255     -15.9678     -16.0186     -20.1471     -26.5870
                -23.3516     -18.2264     -21.3290     -20.8569     -17.0050
                -15.7821     -22.7158     -26.0853     -24.9044     -20.6325
                -25.5797     -18.3321     -22.0858     -21.6449     -25.6756
                -18.1776     -26.0478     -26.0794     -18.0101      -9.8985
                -16.1927     -13.7907     -12.0151     -20.2721     -13.7925
   3      0     -23.4212     -13.6554     -16.5514     -14.5256     -16.6327
                -21.8413     -14.5196     -18.2478     -23.9219     -23.7478
                -15.8076     -30.2855     -25.1361     -19.9549     -10.8566
                -18.7147     -13.9413     -20.8717     -21.0258     -24.2112
                -19.4457     -15.9746     -16.0318     -20.1631     -26.5945
                -23.3748     -18.2361     -21.3373     -20.8650     -17.0157
                -15.7970     -22.7294     -26.0985     -24.9167     -20.6466
                -25.5930     -18.3512     -22.1005     -21.6457     -25.6876
                -18.1757     -26.0600     -26.0853     -18.0220      -9.9072
                -16.2030     -13.7945     -12.0205     -20.2752     -13.8047
   4      0     -23.4417     -13.6665     -16.5655     -14.5367     -16.6302
                -21.8416     -14.5308     -18.2493     -23.9255     -23.7529
                -15.8142     -30.2838     -25.1425     -19.9731     -10.8674
                -18.7171     -13.9489     -20.8794     -21.0298     -24.2124
                -19.4336     -15.9765     -16.0323     -20.1649     -26.5937
                -23.3674     -18.2358     -21.3478     -20.8653     -17.0210
                -15.8136     -22.7316     -26.1061     -24.9203     -20.6502
                -25.5980     -18.3573     -22.1034     -21.6562     -25.6978
                -18.1949     -26.0610     -26.0924     -18.0248      -9.9058
                -16.1965     -13.7964     -12.0272     -20.2829     -13.8061
   5      0     -23.4315     -13.6822     -16.5630     -14.5393     -16.6365
                -21.8497     -14.5355     -18.2387     -23.9262     -23.7573
                -15.8257     -30.2885     -25.1497     -19.9952     -10.8697
                -18.7277     -13.9534     -20.8756     -21.0311     -24.2121
                -19.4437     -15.9763     -16.0344     -20.1601     -26.6034
                -23.3837     -18.2461     -21.3571     -20.8644     -17.0310
                -15.8049     -22.7336     -26.1161     -24.9384     -20.6603
                -25.6119     -18.3727     -22.0924     -21.6541     -25.6900
                -18.1970     -26.0779     -26.1082     -18.0316      -9.9054
                -16.2091     -13.8079     -12.0305     -20.2862     -13.8149
   5     60     -23.4632     -13.7125     -16.5940     -14.5702     -16.6678
                -21.8812     -14.5671     -18.2705     -23.9580     -23.7888
                -15.8573     -30.3199     -25.1815     -20.0257     -10.9009
                -18.7590     -13.9851     -20.9067     -21.0628     -24.2436
                -19.4749     -16.0079     -16.0652     -20.1914     -26.6351
                -23.4149     -18.2770     -21.3882     -20.8958     -17.0623
                -15.8358     -22.7650     -26.1475     -24.9694     -20.6912
                -25.6435     -18.4032     -22.1238     -21.6857     -25.7210
                -18.2273     -26.1091     -26.1401     -18.0629      -9.9362
                -16.2406     -13.8397     -12.0617     -20.3174     -13.8458
   5     80     -23.6086     -13.8524     -16.7366     -14.7123     -16.8118
                -22.0263     -14.7115     -18.4155     -24.1030     -23.9330
                -16.0020     -30.4639     -25.3268     -20.1656     -11.0440
                -18.9025     -14.1299     -21.0495     -21.2081     -24.3883
                -19.6183     -16.1524     -16.2072     -20.3349     -26.7797
                -23.5580     -18.4186     -21.5304     -21.0393     -17.2059
                -15.9781     -22.9097     -26.2914     -25.1115     -20.8330
                -25.7882     -18.5443     -22.2680     -21.8304     -25.8631
                -18.3672     -26.2526     -26.2861     -18.2066     -10.0777
                -16.3846     -13.9851     -12.2053     -20.4603     -13.9881
   5    100     -23.9465     -14.1837     -17.0718     -15.0482     -17.1487
                -22.3653     -15.0490     -18.7544     -24.4414     -24.2715
                -16.3412     -30.8007     -25.6636     -20.4959     -11.3799
                -19.2393     -14.4682     -21.3846     -21.5471     -24.7275
                -19.9549     -16.4897     -16.5427     -20.6713     -27.1171
                -23.8940     -18.7529     -21.8635     -21.3745     -17.5418
                -16.3126     -23.2474     -26.6279     -25.4458     -21.1664
                -26.1261     -18.8782     -22.6055     -22.1671     -26.1972
                -18.6989     -26.5887     -26.6245     -18.5434     -10.4128
                -16.7218     -14.3235     -12.5420     -20.7972     -14.3238
 
 group  inft   Estimated free energy: 2-th solvent contribution (kcal/mol)
   1      0     -60.6293     -70.1995     -67.5099     -70.8638     -66.9899
                -63.0319     -69.2402     -66.9744     -60.0023     -60.9828
                -70.1838     -53.8386     -57.5928     -63.3621     -74.6922
                -65.2681     -71.2705     -62.8479     -64.5360     -61.2968
                -66.5650     -67.5954     -70.0432     -64.2076     -57.9477
                -60.2637     -65.5375     -62.0226     -63.0558     -68.2566
                -67.9162     -62.2067     -57.9387     -57.8497     -60.3340
                -57.9639     -65.4061     -62.5530     -62.4294     -57.8087
                -66.4791     -56.4223     -58.0383     -67.4299     -75.0554
                -68.1978     -71.4002     -72.3471     -63.8688     -71.0247
   1     60     -61.3196     -70.8888     -68.1953     -71.5484     -67.6782
                -63.7191     -69.9219     -67.6586     -60.6892     -61.6759
                -70.8697     -54.5290     -58.2802     -64.0540     -75.3781
                -65.9575     -71.9575     -63.5357     -65.2245     -61.9885
                -67.2512     -68.2839     -70.7309     -64.8938     -58.6362
                -60.9535     -66.2253     -62.7130     -63.7421     -68.9445
                -68.6038     -62.8950     -58.6281     -58.5416     -61.0235
                -58.6556     -66.0956     -63.2443     -63.1181     -58.5014
                -67.1713     -57.1144     -58.7263     -68.1149     -75.7398
                -68.8838     -72.0857     -73.0314     -64.5603     -71.7102
   1     80     -64.3126     -73.8850     -71.1734     -74.5178     -70.6745
                -66.7115     -72.8767     -70.6188     -63.6607     -64.6724
                -73.8388     -57.5109     -61.2660     -67.0498     -78.3473
                -68.9351     -74.9303     -66.5026     -68.1978     -64.9843
                -70.2235     -71.2617     -73.7076     -67.8652     -61.6098
                -63.9355     -69.1981     -65.6937     -66.7073     -71.9251
                -71.5985     -65.8960     -61.6113     -61.5315     -64.0144
                -61.6500     -69.0983     -66.2386     -66.1036     -61.5017
                -70.1701     -60.1186     -61.7093     -71.0855     -78.7038
                -71.8556     -75.0490     -76.0032     -67.5433     -74.6835
   1    100     -72.0677     -81.6426     -78.9115     -82.2503     -78.4217
                -74.4532     -80.5668     -78.3396     -71.3944     -72.4377
                -81.5794     -65.2620     -68.9857     -74.8010     -86.0771
                -76.6880     -82.6617     -74.2307     -75.9464     -72.7555
                -77.9575     -79.0067     -81.4542     -75.6030     -69.3444
                -71.6807     -76.9294     -73.4274     -74.4238     -79.6875
                -79.3502     -73.6650     -69.3519     -69.2852     -71.7468
                -69.3951     -76.8441     -73.9919     -73.8423     -69.2524
                -77.9246     -67.8733     -69.4432     -78.8179     -86.4412
                -79.5876     -82.7630     -83.7271     -75.3010     -82.4264
   2      0     -60.7341     -70.2927     -67.5811     -70.9490     -67.0980
                -63.1116     -69.3093     -66.9938     -60.1176     -61.0429
                -70.2875     -53.9204     -57.6715     -63.4392     -74.7825
                -65.3782     -71.3165     -62.9275     -64.5806     -61.3611
                -66.6378     -67.6480     -70.1154     -64.2939     -58.0290
                -60.3358     -65.6365     -62.1002     -63.1283     -68.3361
                -67.9884     -62.2932     -58.0188     -57.9174     -60.4499
                -58.0202     -65.4893     -62.5760     -62.5044     -57.8538
                -66.5764     -56.5165     -58.1602     -67.4862     -75.1293
                -68.2883     -71.4659     -72.3910     -63.9319     -71.1272
   3      0     -60.7379     -70.2825     -67.5784     -70.9691     -67.0700
                -63.1154     -69.3133     -67.0347     -60.1088     -61.0260
                -70.2725     -53.9084     -57.6879     -63.4592     -74.7895
                -65.3832     -71.3678     -62.9221     -64.5677     -61.3549
                -66.6825     -67.6923     -70.1025     -64.2615     -58.0225
                -60.3250     -65.6444     -62.1092     -63.1611     -68.3628
                -67.9982     -62.2865     -58.0360     -57.9054     -60.4951
                -58.0160     -65.4769     -62.5911     -62.5095     -57.8696
                -66.5689     -56.5489     -58.2057     -67.4857     -75.1271
                -68.2887     -71.4836     -72.4190     -63.9133     -71.1181
   4      0     -60.7306     -70.2753     -67.5799     -70.9451     -67.0961
                -63.1427     -69.3120     -67.0404     -60.1486     -61.0401
                -70.2861     -53.9253     -57.6923     -63.4521     -74.7882
                -65.3893     -71.2974     -62.9461     -64.5489     -61.3582
                -66.6447     -67.6833     -70.1008     -64.2570     -58.0245
                -60.3220     -65.6317     -62.0696     -63.1326     -68.3389
                -68.0104     -62.2805     -58.0297     -57.9299     -60.4529
                -58.0043     -65.5006     -62.6224     -62.5247     -57.8467
                -66.5753     -56.5338     -58.1960     -67.4525     -75.1482
                -68.2786     -71.4823     -72.3950     -63.9247     -71.0907
   5      0     -60.8028     -70.3519     -67.6001     -71.0429     -67.1315
                -63.1901     -69.4364     -67.1191     -60.2197     -61.0831
                -70.3598     -54.0132     -57.7610     -63.5305     -74.8707
                -65.4582     -71.4505     -62.9676     -64.6311     -61.4149
                -66.7582     -67.7340     -70.1776     -64.3356     -58.1410
                -60.3926     -65.6869     -62.1807     -63.2671     -68.4012
                -68.1056     -62.3944     -58.0859     -57.9739     -60.5451
                -58.0722     -65.5556     -62.6565     -62.5991     -57.9146
                -66.6117     -56.5873     -58.2849     -67.5518     -75.2156
                -68.3612     -71.5460     -72.4756     -63.9692     -71.2037
   5     60     -61.6679     -71.2152     -68.4587     -71.9013     -67.9943
                -64.0520     -70.2894     -67.9750     -61.0810     -61.9503
                -71.2179     -54.8771     -58.6246     -64.3979     -75.7268
                -66.3197     -72.3099     -63.8264     -65.4910     -62.2816
                -67.6189     -68.5954     -71.0382     -65.1964     -59.0036
                -61.2548     -66.5482     -63.0454     -64.1267     -69.2634
                -68.9687     -63.2592     -58.9498     -58.8419     -61.4087
                -58.9386     -66.4209     -63.5209     -63.4629     -58.7830
                -67.4776     -57.4555     -59.1488     -68.4086     -76.0710
                -69.2198     -72.4028     -73.3323     -64.8335     -72.0620
   5     80     -65.1897     -74.7374     -71.9598     -75.3980     -71.5203
                -67.5689     -73.7688     -71.4605     -64.5782     -65.4704
                -74.7155     -58.3858     -62.1368     -67.9228     -79.2212
                -69.8272     -75.8089     -67.3191     -68.9907     -65.8052
                -71.1207     -72.0998     -74.5431     -68.6950     -62.5027
                -64.7622     -70.0480     -66.5500     -67.6167     -72.7768
                -72.4978     -66.7859     -62.4633     -62.3604     -64.9278
                -62.4622     -69.9499     -67.0444     -66.9774     -62.3089
                -71.0026     -60.9896     -62.6650     -71.9064     -79.5639
                -72.7202     -75.8929     -76.8273     -68.3423     -75.5666
   5    100     -72.2744     -81.8165     -79.0283     -82.4633     -78.5851
                -74.6456     -80.7975     -78.5167     -71.6451     -72.5652
                -81.7881     -65.4693     -69.1900     -75.0008     -86.2856
                -76.9122     -82.8788     -74.3786     -76.0637     -72.9091
                -78.1943     -79.1723     -81.6205     -75.7625     -69.5748
                -71.8366     -77.1195     -73.6135     -74.6691     -79.8567
                -79.5794     -73.8780     -69.5360     -69.4518     -71.9802
                -69.5386     -77.0244     -74.1288     -74.0497     -69.3885
                -78.0827     -68.0780     -69.7408     -78.9660     -86.6295
                -79.7838     -82.9422     -83.8818     -75.4267     -82.6388
 
 
 cumulative average & 95% error for solvation free energy
              total             1st component         2nd component
  1   -84.1566              -23.4212              -60.7379
  2   -84.0460     0.2212   -18.5383     9.7658   -65.5102     9.5446
  3   -84.0730     0.1387   -17.8760     5.7918   -66.1996     5.6804
  4   -84.4278     0.7163   -17.0384     4.4248   -67.3920     4.6713
  5   -84.2823     0.6266   -16.9573     3.4313   -67.3276     3.6206
  6   -84.3943     0.5585   -17.7713     3.2403   -66.6256     3.2727
  7   -84.3137     0.4987   -17.3067     2.8918   -67.0095     2.8706
  8   -84.4345     0.4949   -17.4244     2.5154   -67.0127     2.4860
  9   -84.3893     0.4457   -18.1463     2.6469   -66.2456     2.6759
 10   -84.4275     0.4059   -18.7065     2.6192   -65.7236     2.6112
 11   -84.5775     0.4741   -18.4429     2.4270   -66.1372     2.5025
 12   -84.5453     0.4376   -19.4298     2.9672   -65.1181     3.0615
 13   -84.4127     0.4820   -19.8688     2.8672   -64.5465     3.0393
 14   -84.3412     0.4686   -19.8749     2.6545   -64.4689     2.8182
 15   -84.4280     0.4696   -19.2737     2.7482   -65.1569     2.9625
 16   -84.4072     0.4412   -19.2387     2.5717   -65.1710     2.7714
 17   -84.4601     0.4277   -18.9271     2.4948   -65.5356     2.7034
 18   -84.4230     0.4101   -19.0352     2.3620   -65.3904     2.5653
 19   -84.4844     0.4069   -19.1399     2.2440   -65.3471     2.4280
 20   -84.5384     0.4008   -19.3935     2.1884   -65.1475     2.3378
 21   -84.6140     0.4101   -19.3960     2.0816   -65.2206     2.2285
 22   -84.5708     0.4005   -19.2405     2.0090   -65.3329     2.1366
 23   -84.6387     0.4060   -19.1010     1.9398   -65.5403     2.0833
 24   -84.6296     0.3891   -19.1452     1.8593   -65.4870     1.9975
 25   -84.6290     0.3733   -19.4432     1.8804   -65.1884     2.0068
 26   -84.5932     0.3657   -19.5944     1.8317   -65.0014     1.9640
 27   -84.5667     0.3559   -19.5441     1.7654   -65.0252     1.8905
 28   -84.5266     0.3522   -19.6081     1.7060   -64.9210     1.8336
 29   -84.5093     0.3416   -19.6515     1.6484   -64.8604     1.7734
 30   -84.5382     0.3350   -19.5636     1.6022   -64.9771     1.7291
 31   -84.5141     0.3276   -19.4421     1.5686   -65.0746     1.6837
 32   -84.5297     0.3187   -19.5448     1.5326   -64.9874     1.6395
 33   -84.5176     0.3098   -19.7434     1.5376   -64.7768     1.6440
 34   -84.4677     0.3167   -19.8956     1.5225   -64.5747     1.6453
 35   -84.3726     0.3616   -19.9171     1.4789   -64.4581     1.6145
 36   -84.3513     0.3540   -20.0747     1.4715   -64.2792     1.6093
 37   -84.3371     0.3455   -20.0281     1.4342   -64.3115     1.5666
 38   -84.3464     0.3368   -20.0827     1.4002   -64.2663     1.5275
 39   -84.3414     0.3282   -20.1227     1.3661   -64.2212     1.4905
 40   -84.3217     0.3223   -20.2619     1.3603   -64.0624     1.4871
 41   -84.3320     0.3150   -20.2110     1.3306   -64.1236     1.4555
 42   -84.2909     0.3182   -20.3503     1.3281   -63.9432     1.4655
 43   -84.2908     0.3107   -20.4836     1.3240   -63.8098     1.4557
 44   -84.3184     0.3085   -20.4277     1.2984   -63.8933     1.4320
 45   -84.3343     0.3033   -20.1939     1.3526   -64.1430     1.4862
 46   -84.3377     0.2967   -20.1071     1.3342   -64.2331     1.4647
 47   -84.3576     0.2930   -19.9728     1.3328   -64.3874     1.4660
 48   -84.3593     0.2869   -19.8071     1.3462   -64.5547     1.4736
 49   -84.3557     0.2810   -19.8167     1.3186   -64.5416     1.4435
 50   -84.3670     0.2763   -19.6965     1.3141   -64.6731     1.4386
 
 Mesh error is    0.116 kcal/mol
