 ERmod 0.3.8, Copyright (C) 2000-2019 Nobuyuki Matubayasi
                            2010-2019 Shun Sakuraba
 ERmod comes with ABSOLUTELY NO WARRANTY.
 This is free software, and you can redistribute it
 and/or modify it under certain conditions.
 See LICENSE file for details.
 
  Number of the   1-th solvent  =        10000
 
  Be sure that the solvent distribution is homogeneous (radial distribution function is essentially unity) when the solvent molecule is separated beyond distance of   10.0 Angstrom in any direction from any atom within the solute molecule
 
  LJ long-range correction    =        -7.8240
 
  Self-energy of the solute   =         0.0035  kcal/mol
 
 
 cumulative average & 95% error for solvation energy
  1  -472.0869
  2  -472.6469     1.1201
  3  -472.1941     1.1129
  4  -471.9827     0.8933
  5  -471.7703     0.8120
  6  -471.6643     0.6960
  7  -471.6908     0.5907
  8  -471.7795     0.5414
  9  -471.6419     0.5511
 10  -471.6657     0.4952
 11  -471.6637     0.4480
 12  -471.5938     0.4322
 13  -471.5832     0.3982
 14  -471.4346     0.4735
 15  -471.5204     0.4729
 16  -471.5790     0.4577
 17  -471.5745     0.4300
 18  -471.5147     0.4227
 19  -471.4854     0.4041
 20  -471.4484     0.3904
 21  -471.3530     0.4176
 22  -471.4357     0.4311
 23  -471.3946     0.4201
 24  -471.4660     0.4269
 25  -471.4108     0.4241
 26  -471.3915     0.4092
 27  -471.4200     0.3979
 28  -471.4567     0.3904
 29  -471.4906     0.3827
 30  -471.4269     0.3911
 31  -471.4331     0.3785
 32  -471.3943     0.3746
 33  -471.3867     0.3634
 34  -471.4229     0.3599
 35  -471.3672     0.3668
 36  -471.4107     0.3670
 37  -471.4082     0.3570
 38  -471.4313     0.3505
 39  -471.4110     0.3438
 40  -471.4189     0.3354
 41  -471.4184     0.3272
 42  -471.4249     0.3195
 43  -471.4562     0.3182
 44  -471.4193     0.3196
 45  -471.4603     0.3230
 46  -471.4393     0.3187
 47  -471.4562     0.3136
 48  -471.4511     0.3072
 49  -471.4674     0.3026
 50  -471.4041     0.3224
 
 
 group  inft  solvation free energy     error          difference
   1      0        -91.74603           0.16892           0.06897
   1     60        -91.86020           0.16894          -0.04521
   1     80        -93.24130           0.16898          -1.42631
   1    100        -99.66535           0.16991          -7.85035
   2      0        -91.78374           0.16805           0.03125
   3      0        -91.81499           0.16836           0.00000
   4      0        -91.76598           0.16715           0.04901
   5      0        -91.88363           0.16563          -0.06863
   5     60        -92.04761           0.16563          -0.23261
   5     80        -93.84106           0.16563          -2.02607
   5    100        -99.82261           0.16628          -8.00762
 
 
 group  inft   Estimated free energy (kcal/mol)
   1      0     -92.3698     -92.6190     -91.5079     -91.9248     -91.3771
                -91.2964     -91.9779     -91.9485     -91.4464     -91.8982
                -91.9171     -91.9653     -92.2722     -91.0869     -92.4708
                -92.4573     -91.9470     -91.0965     -91.4408     -91.4507
                -90.7616     -92.8124     -91.3352     -92.6091     -91.3258
                -91.3720     -91.9940     -91.8204     -92.4733     -91.0562
                -91.7386     -90.8385     -91.5844     -92.2607     -91.0196
                -92.7321     -91.5439     -92.1689     -91.2662     -92.1673
                -91.7476     -91.8071     -92.5545     -91.2222     -92.2082
                -91.0299     -92.1897     -91.1656     -92.0882     -89.9377
   1     60     -92.4840     -92.7330     -91.6232     -92.0384     -91.4909
                -91.4109     -92.0919     -92.0621     -91.5608     -92.0127
                -92.0326     -92.0783     -92.3861     -91.2011     -92.5854
                -92.5719     -92.0608     -91.2114     -91.5544     -91.5653
                -90.8749     -92.9264     -91.4486     -92.7236     -91.4400
                -91.4869     -92.1080     -91.9336     -92.5868     -91.1713
                -91.8524     -90.9520     -91.6987     -92.3756     -91.1331
                -92.8463     -91.6578     -92.2824     -91.3799     -92.2811
                -91.8625     -91.9209     -92.6687     -91.3366     -92.3241
                -91.1452     -92.3050     -91.2795     -92.2016     -90.0513
   1     80     -93.8683     -94.1173     -93.0057     -93.4179     -92.8692
                -92.7953     -93.4751     -93.4390     -92.9397     -93.3929
                -93.4164     -93.4595     -93.7638     -92.5808     -93.9623
                -93.9501     -93.4404     -92.5938     -92.9346     -92.9512
                -92.2567     -94.3069     -92.8280     -94.1087     -92.8220
                -92.8684     -93.4923     -93.3171     -93.9619     -92.5517
                -93.2348     -92.3340     -93.0801     -93.7605     -92.5143
                -94.2270     -93.0384     -93.6608     -92.7599     -93.6619
                -93.2412     -93.3002     -94.0512     -92.7139     -93.7133
                -92.5233     -93.6878     -92.6622     -93.5813     -91.4319
   1    100    -100.2991    -100.5481     -99.4269     -99.8378     -99.2861
                -99.2283     -99.9128     -99.8524     -99.3533     -99.8174
                -99.8457     -99.8900    -100.1821     -98.9955    -100.3802
               -100.3714     -99.8727     -99.0142     -99.3561     -99.3890
                -98.6692    -100.7376     -99.2482    -100.5591     -99.2550
                -99.2965     -99.9195     -99.7368    -100.3752     -98.9749
                -99.6672     -98.7610     -99.4978    -100.1964     -98.9406
               -100.6521     -99.4635    -100.0731     -99.1798    -100.0792
                -99.6502     -99.7216    -100.4860     -99.1180    -100.1616
                -98.9373    -100.1076     -99.0902    -100.0071     -97.8459
   2      0     -92.3287     -92.7148     -91.5719     -91.9648     -91.3742
                -91.3349     -92.0821     -92.0150     -91.5495     -91.9065
                -91.9412     -91.9454     -92.2427     -91.1149     -92.4622
                -92.4782     -91.9363     -91.1606     -91.4659     -91.5354
                -90.8291     -92.8328     -91.4085     -92.6201     -91.3716
                -91.4416     -92.0555     -91.8973     -92.5616     -91.1644
                -91.7145     -90.8374     -91.6878     -92.3179     -91.0533
                -92.7728     -91.5661     -92.1811     -91.3442     -92.1899
                -91.8216     -91.8932     -92.5922     -91.2373     -92.2599
                -91.0270     -92.1368     -91.1831     -92.1230     -89.9402
   3      0     -92.3649     -92.7340     -91.5748     -91.9699     -91.4384
                -91.3531     -92.0786     -92.0524     -91.5468     -91.9443
                -91.9953     -92.0080     -92.3309     -91.1824     -92.5370
                -92.4911     -92.0213     -91.1847     -91.4791     -91.5419
                -90.8739     -92.8709     -91.4083     -92.6686     -91.4190
                -91.4774     -92.0464     -91.9177     -92.6155     -91.1177
                -91.7764     -90.8543     -91.6395     -92.3488     -91.1268
                -92.7834     -91.5671     -92.2045     -91.3782     -92.2553
                -91.8103     -91.8973     -92.6284     -91.2671     -92.2884
                -91.0739     -92.2076     -91.2072     -92.1710     -90.0198
   4      0     -92.3296     -92.7049     -91.5336     -91.9132     -91.3950
                -91.3353     -92.0694     -92.0004     -91.5116     -91.8301
                -91.9252     -91.9452     -92.2449     -91.1372     -92.4661
                -92.4498     -91.9319     -91.1576     -91.4503     -91.5158
                -90.8100     -92.8055     -91.3913     -92.5771     -91.3583
                -91.4441     -91.9924     -91.9257     -92.5046     -91.1103
                -91.7072     -90.8162     -91.6372     -92.3096     -91.0290
                -92.7855     -91.5534     -92.1560     -91.3130     -92.1866
                -91.8045     -91.8522     -92.5660     -91.1905     -92.2291
                -91.0522     -92.1328     -91.1556     -92.1009     -89.9548
   5      0     -92.4350     -92.7791     -91.6286     -92.0179     -91.4754
                -91.4248     -92.2203     -92.1216     -91.5887     -91.9999
                -92.0302     -92.0653     -92.3961     -91.2649     -92.5879
                -92.5477     -92.0663     -91.2727     -91.5224     -91.5982
                -90.9658     -92.9369     -91.4852     -92.6931     -91.4816
                -91.5155     -92.0785     -91.9825     -92.6614     -91.2228
                -91.8535     -90.9438     -91.7553     -92.3944     -91.1992
                -92.8524     -91.6670     -92.2979     -91.4812     -92.3106
                -91.9071     -92.0209     -92.6681     -91.3408     -92.3475
                -91.1846     -92.2705     -91.2705     -92.2388     -90.1109
   5     60     -92.5987     -92.9431     -91.7930     -92.1819     -91.6393
                -91.5894     -92.3843     -92.2853     -91.7523     -92.1637
                -92.1944     -92.2284     -92.5596     -91.4285     -92.7516
                -92.7118     -92.2300     -91.4370     -91.6863     -91.7629
                -91.1293     -93.1010     -91.6491     -92.8581     -91.6457
                -91.6801     -92.2428     -92.1463     -92.8248     -91.3870
                -92.0176     -91.1079     -91.9191     -92.5586     -91.3632
                -93.0162     -91.8309     -92.4611     -91.6452     -92.4743
                -92.0710     -92.1849     -92.8320     -91.5043     -92.5127
                -91.3487     -92.4348     -91.4349     -92.4027     -90.2747
   5     80     -94.3935     -94.7402     -93.5857     -93.9735     -93.4313
                -93.3846     -94.1821     -94.0750     -93.5417     -93.9563
                -93.9894     -94.0221     -94.3471     -93.2209     -94.5437
                -94.5015     -94.0224     -93.2336     -93.4803     -93.5612
                -92.9204     -94.8938     -93.4410     -94.6566     -93.4418
                -93.4767     -94.0382     -93.9418     -94.6136     -93.1800
                -93.8121     -92.9038     -93.7099     -94.3539     -93.1555
                -94.8080     -93.6258     -94.2505     -93.4384     -94.2661
                -93.8607     -93.9758     -94.6274     -93.2931     -94.3173
                -93.1407     -94.2285     -93.2304     -94.1956     -92.0692
   5    100    -100.3797    -100.7302     -99.5636     -99.9480     -99.4064
                -99.3696    -100.1742    -100.0446     -99.5140     -99.9390
                -99.9794    -100.0070    -100.3233     -99.1971    -100.5204
               -100.4800    -100.0098     -99.2176     -99.4597     -99.5542
                -98.8947    -100.8784     -99.4146    -100.6599     -99.4340
                -99.4666    -100.0239     -99.9224    -100.5865     -99.1634
                -99.7997     -98.8846     -99.6858    -100.3419     -99.1370
               -100.7890     -99.6065    -100.2196     -99.4195    -100.2415
                -99.8325     -99.9543    -100.6170     -99.2605    -100.3236
                -99.1142    -100.2079     -99.2146    -100.1761     -98.0425
 
 
 cumulative average & 95% error for solvation free energy
  1   -92.3649
  2   -92.5495     0.3691
  3   -92.2246     0.6839
  4   -92.1609     0.5000
  5   -92.0164     0.4833
  6   -91.9059     0.4523
  7   -91.9305     0.3855
  8   -91.9458     0.3352
  9   -91.9014     0.3086
 10   -91.9057     0.2762
 11   -91.9139     0.2503
 12   -91.9217     0.2291
 13   -91.9532     0.2199
 14   -91.8981     0.2315
 15   -91.9407     0.2317
 16   -91.9751     0.2274
 17   -91.9778     0.2137
 18   -91.9338     0.2199
 19   -91.9098     0.2134
 20   -91.8914     0.2058
 21   -91.8430     0.2184
 22   -91.8897     0.2283
 23   -91.8688     0.2221
 24   -91.9021     0.2228
 25   -91.8828     0.2172
 26   -91.8672     0.2110
 27   -91.8738     0.2035
 28   -91.8754     0.1961
 29   -91.9009     0.1960
 30   -91.8748     0.1964
 31   -91.8716     0.1901
 32   -91.8399     0.1947
 33   -91.8338     0.1891
 34   -91.8489     0.1859
 35   -91.8283     0.1852
 36   -91.8548     0.1876
 37   -91.8470     0.1832
 38   -91.8565     0.1793
 39   -91.8442     0.1763
 40   -91.8545     0.1731
 41   -91.8534     0.1688
 42   -91.8544     0.1648
 43   -91.8724     0.1649
 44   -91.8587     0.1634
 45   -91.8682     0.1609
 46   -91.8510     0.1611
 47   -91.8585     0.1584
 48   -91.8450     0.1574
 49   -91.8516     0.1547
 50   -91.8150     0.1684
 
 Mesh error is    0.069 kcal/mol
