 ERmod 0.3.8, Copyright (C) 2000-2019 Nobuyuki Matubayasi
                            2010-2019 Shun Sakuraba
 ERmod comes with ABSOLUTELY NO WARRANTY.
 This is free software, and you can redistribute it
 and/or modify it under certain conditions.
 See LICENSE file for details.
 
  Number of the   1-th solvent  =         1472
  Number of the   2-th solvent  =        10000
 
  Be sure that the solvent distribution is homogeneous (radial distribution function is essentially unity) when the solvent molecule is separated beyond distance of   10.0 Angstrom in any direction from any atom within the solute molecule
 
  LJ long-range correction    =        -3.5283     -5.7260
 
  Self-energy of the solute   =        -0.0149  kcal/mol
 
 
 cumulative average & 95% error for solvation energy
              total             1st component         2nd component
  1  -489.7317             -174.9182             -314.7986
  2  -487.6509     4.1616  -185.8252    21.8142  -301.8107    25.9757
  3  -487.4681     2.4303  -180.2729    16.7909  -307.1804    18.4457
  4  -487.8532     1.8832  -171.4123    21.3309  -316.4260    22.6285
  5  -487.4981     1.6224  -171.9730    16.5608  -315.5102    17.6234
  6  -487.9686     1.6249  -170.2604    13.9489  -317.6933    15.0372
  7  -488.3117     1.5352  -167.9163    12.6870  -320.3805    13.7985
  8  -488.4950     1.3792  -165.1994    12.2574  -323.2807    13.2832
  9  -489.0766     1.6830  -163.2435    11.4960  -325.8182    12.7667
 10  -489.3222     1.5834  -158.0965    14.5497  -331.2108    15.7071
 11  -489.8585     1.7893  -154.8377    14.6862  -335.0059    16.1079
 12  -490.2063     1.7754  -152.8093    14.0069  -337.3821    15.4534
 13  -489.9739     1.6980  -153.2984    12.9216  -336.6607    14.2881
 14  -489.9985     1.5728  -154.0125    12.0480  -335.9711    13.2999
 15  -489.9288     1.4708  -153.8347    11.2217  -336.0792    12.3834
 16  -490.0559     1.3991  -152.9863    10.6332  -337.0547    11.7468
 17  -490.1151     1.3196  -154.4049    10.3833  -335.6954    11.3642
 18  -490.2340     1.2666  -154.5716     9.7951  -335.6475    10.7147
 19  -489.8721     1.3997  -156.5518    10.0762  -333.3054    11.1652
 20  -489.8425     1.3292  -158.1611    10.0864  -331.6665    11.0878
 21  -489.8835     1.2670  -158.2060     9.5945  -331.6625    10.5466
 22  -489.9429     1.2138  -158.0096     9.1565  -331.9185    10.0688
 23  -490.0072     1.1670  -158.2008     8.7577  -331.7915     9.6244
 24  -490.1970     1.1800  -158.1778     8.3850  -332.0043     9.2245
 25  -490.4599     1.2480  -157.8434     8.0703  -332.6016     8.9281
 26  -490.5587     1.2152  -157.9890     7.7592  -332.5549     8.5784
 27  -490.4507     1.1892  -158.5192     7.5412  -331.9166     8.3527
 28  -490.5516     1.1636  -158.2278     7.2902  -332.3090     8.0870
 29  -490.5914     1.1256  -157.9633     7.0542  -332.6133     7.8269
 30  -490.6107     1.0881  -158.1778     6.8285  -332.4180     7.5716
 31  -490.6238     1.0527  -158.3823     6.6172  -332.2266     7.3332
 32  -490.3754     1.1339  -158.4782     6.4099  -331.8823     7.1337
 33  -490.4093     1.1011  -157.8320     6.3457  -332.5624     7.0467
 34  -490.3602     1.0727  -158.7366     6.4165  -331.6088     7.0973
 35  -490.2284     1.0745  -159.2211     6.3054  -330.9924     7.0009
 36  -490.2340     1.0442  -159.6444     6.1860  -330.5747     6.8548
 37  -490.2291     1.0157  -161.0275     6.6219  -329.1868     7.2218
 38  -490.3252     1.0071  -162.2411     6.8871  -328.0693     7.3759
 39  -490.3028     0.9820  -162.9184     6.8437  -327.3695     7.3194
 40  -490.3190     0.9577  -163.1207     6.6826  -327.1834     7.1437
 41  -490.2826     0.9369  -163.4295     6.5468  -326.8382     7.0014
 42  -490.3218     0.9176  -163.5319     6.3923  -326.7750     6.8339
 43  -490.1549     0.9562  -164.4929     6.5311  -325.6472     7.0440
 44  -490.1810     0.9357  -164.5439     6.3817  -325.6222     6.8822
 45  -490.2760     0.9342  -164.4739     6.2399  -325.7873     6.7356
 46  -490.2808     0.9137  -164.6765     6.1161  -325.5894     6.5995
 47  -490.2680     0.8944  -165.1230     6.0509  -325.1301     6.5225
 48  -490.2317     0.8786  -165.2994     5.9339  -324.9175     6.3993
 49  -490.2049     0.8621  -165.3149     5.8117  -324.8752     6.2679
 50  -490.1511     0.8515  -165.8600     5.7977  -324.2762     6.2571
 
 
 group  inft  solvation free energy     error          difference
  total solvation free energy
   1      0       -121.90740           0.39485           0.06791
   1     60       -123.82316           0.39402          -1.84784
   1     80       -128.78281           0.39294          -6.80749
   1    100       -137.08460           0.39215         -15.10928
   2      0       -121.95929           0.39431           0.01603
   3      0       -121.97532           0.39351           0.00000
   4      0       -121.95950           0.39648           0.01582
   5      0       -122.01804           0.39655          -0.04272
   5     60       -124.34338           0.39550          -2.36806
   5     80       -129.77290           0.39438          -7.79758
   5    100       -137.22971           0.39373         -15.25439
 
  contribution from  1-th solvent component
   1      0        -58.70887           2.36024           0.04087
   1     60        -59.00877           2.36040          -0.25903
   1     80        -59.79293           2.36065          -1.04319
   1    100        -61.19121           2.36061          -2.44147
   2      0        -58.73962           2.36094           0.01011
   3      0        -58.74974           2.36221           0.00000
   4      0        -58.76097           2.36092          -0.01123
   5      0        -58.76979           2.36102          -0.02006
   5     60        -59.13454           2.36126          -0.38480
   5     80        -59.99873           2.36152          -1.24900
   5    100        -61.26248           2.36147          -2.51275
 
  contribution from  2-th solvent component
   1      0        -63.18366           2.57787           0.02705
   1     60        -64.79951           2.57700          -1.58881
   1     80        -68.97501           2.57562          -5.76430
   1    100        -75.87851           2.57303         -12.66781
   2      0        -63.20479           2.57813           0.00591
   3      0        -63.21070           2.57914          -0.00000
   4      0        -63.18365           2.57845           0.02705
   5      0        -63.23337           2.57799          -0.02267
   5     60        -65.19396           2.57674          -1.98325
   5     80        -69.75929           2.57552          -6.54858
   5    100        -75.95235           2.57354         -12.74164
 
 
 group  inft   Estimated free energy: total (kcal/mol)
   1      0    -122.3114    -119.1904    -120.3355    -121.9187    -120.4370
               -121.9537    -121.8714    -121.4433    -122.8799    -122.4643
               -124.3728    -124.2999    -120.9494    -122.2841    -121.4565
               -122.8438    -122.0008    -122.7123    -118.6020    -120.8761
               -122.1780    -122.0681    -122.2618    -123.3446    -124.4326
               -123.4468    -120.9081    -123.9753    -122.1892    -122.5695
               -122.4083    -118.4672    -123.0302    -122.0110    -120.9473
               -123.0440    -121.5784    -123.7519    -121.6198    -121.5179
               -120.9428    -122.3794    -118.8583    -122.9343    -123.7171
               -121.7232    -120.6253    -121.1087    -121.6075    -120.5203
   1     60    -124.2326    -121.1164    -122.2603    -123.8233    -122.3564
               -123.8682    -123.7862    -123.3587    -124.8003    -124.3684
               -126.2762    -126.2086    -122.8617    -124.1968    -123.3689
               -124.7538    -123.9222    -124.6211    -120.5216    -122.7890
               -124.0886    -123.9819    -124.1743    -125.2599    -126.3458
               -125.3588    -122.8231    -125.8840    -124.1006    -124.4955
               -124.3300    -120.3857    -124.9448    -123.9303    -122.8665
               -124.9603    -123.5099    -125.6585    -123.5338    -123.4328
               -122.8663    -124.2976    -120.7775    -124.8435    -125.6356
               -123.6459    -122.5545    -123.0270    -123.5200    -122.4342
   1     80    -129.2087    -126.0989    -127.2311    -128.7633    -127.3030
               -128.8292    -128.7392    -128.3143    -129.7675    -129.3079
               -131.2173    -131.1506    -127.8147    -129.1458    -128.3279
               -129.7063    -128.8933    -129.5885    -125.4957    -127.7617
               -129.0319    -128.9518    -129.1271    -130.2204    -131.3168
               -130.3195    -127.7844    -130.8133    -129.0483    -129.4719
               -129.2950    -125.3472    -129.8957    -128.8930    -127.8336
               -129.9161    -128.4921    -130.6040    -128.4927    -128.3889
               -127.8244    -129.2627    -125.7185    -129.7966    -130.6011
               -128.6219    -127.5421    -128.0011    -128.4736    -127.3899
   1    100    -137.5572    -134.4246    -135.5496    -137.0570    -135.6039
               -137.1355    -137.0154    -136.5936    -138.0524    -137.5965
               -139.5095    -139.4577    -136.1134    -137.4518    -136.6255
               -137.9797    -137.2030    -137.8791    -133.8153    -136.0690
               -137.3200    -137.2395    -137.3954    -138.4887    -139.6000
               -138.6350    -136.0897    -139.1023    -137.3093    -137.7860
               -137.6016    -133.6555    -138.2061    -137.2431    -136.1633
               -138.2515    -136.8349    -138.9051    -136.7960    -136.6519
               -136.0857    -137.5609    -134.0139    -138.1140    -138.9245
               -136.9372    -135.8305    -136.3216    -136.7748    -135.7025
   2      0    -122.4222    -119.2579    -120.3846    -122.0038    -120.5202
               -121.9739    -121.8896    -121.5413    -122.9220    -122.5287
               -124.3968    -124.3460    -120.9458    -122.3243    -121.4810
               -122.8828    -122.0051    -122.7620    -118.6610    -120.9303
               -122.2214    -122.1096    -122.3777    -123.4331    -124.5094
               -123.4785    -120.9587    -124.0461    -122.2500    -122.6271
               -122.4539    -118.5882    -123.0721    -122.0546    -120.9795
               -123.0613    -121.6851    -123.8040    -121.7047    -121.5968
               -120.9866    -122.4257    -118.8842    -122.9865    -123.7727
               -121.7158    -120.6756    -121.1143    -121.6488    -120.5635
   3      0    -122.4127    -119.2700    -120.3838    -122.0002    -120.5668
               -122.0063    -121.8963    -121.5104    -122.9027    -122.5665
               -124.3831    -124.3834    -120.9594    -122.3651    -121.5128
               -122.8756    -121.9921    -122.7841    -118.6751    -120.9631
               -122.2810    -122.1569    -122.3850    -123.4502    -124.4716
               -123.5223    -120.9958    -124.1178    -122.2952    -122.6459
               -122.5036    -118.5890    -123.0497    -122.0502    -120.9923
               -123.1050    -121.6642    -123.7838    -121.7226    -121.5915
               -121.0283    -122.4404    -118.9666    -122.9721    -123.8007
               -121.7937    -120.6929    -121.0892    -121.6465    -120.5526
   4      0    -122.4237    -119.2454    -120.3452    -121.9975    -120.5253
               -121.9940    -121.8820    -121.5063    -122.8618    -122.4874
               -124.3851    -124.3518    -120.9421    -122.3389    -121.4976
               -122.8557    -121.9712    -122.8003    -118.6418    -120.9299
               -122.2062    -122.1316    -122.3975    -123.5303    -124.5300
               -123.5309    -120.9309    -124.0373    -122.2848    -122.6172
               -122.4791    -118.5795    -123.0449    -122.0157    -120.9959
               -123.0747    -121.6620    -123.7914    -121.7096    -121.6391
               -121.0081    -122.4164    -118.8532    -123.0262    -123.8081
               -121.6757    -120.7348    -121.0529    -121.6642    -120.5636
   5      0    -122.4997    -119.2981    -120.4625    -122.0711    -120.6101
               -122.0018    -121.9007    -121.5500    -122.9124    -122.6030
               -124.3843    -124.4604    -120.9595    -122.4224    -121.5248
               -122.9216    -122.0359    -122.8124    -118.6766    -121.0116
               -122.3437    -122.2043    -122.4218    -123.5170    -124.5769
               -123.5964    -121.0206    -124.1695    -122.3346    -122.6418
               -122.5647    -118.5934    -123.0681    -122.0712    -121.0749
               -123.1262    -121.7060    -123.8739    -121.7815    -121.7275
               -121.0357    -122.4904    -118.9515    -123.0275    -123.8605
               -121.8091    -120.7329    -121.0824    -121.7393    -120.6399
   5     60    -124.8330    -121.6389    -122.7970    -124.3851    -122.9365
               -124.3274    -124.2243    -123.8722    -125.2399    -124.9101
               -126.6942    -126.7736    -123.2782    -124.7425    -123.8460
               -125.2371    -124.3694    -125.1376    -121.0065    -123.3390
               -124.6613    -124.5302    -124.7461    -125.8416    -126.9007
               -125.9204    -123.3474    -126.4809    -124.6597    -124.9761
               -124.8937    -120.9210    -125.3865    -124.3989    -123.4019
               -125.4495    -124.0463    -126.1963    -124.1078    -124.0530
               -123.3767    -124.8207    -121.2802    -125.3451    -126.1871
               -124.1445    -123.0673    -123.4128    -124.0624    -122.9644
   5     80    -130.2812    -127.0936    -128.2407    -129.7969    -128.3605
               -129.7615    -129.6507    -129.3024    -130.6754    -130.3237
               -132.1019    -132.1917    -128.6945    -130.1657    -129.2720
               -130.6556    -129.8077    -130.5696    -126.4468    -128.7744
               -130.0775    -129.9624    -130.1691    -131.2813    -132.3331
               -131.3512    -128.7768    -131.8854    -130.0853    -130.4193
               -130.3277    -126.3497    -130.8134    -129.8313    -128.8369
               -130.8770    -129.4964    -131.6091    -129.5348    -129.4745
               -128.8158    -130.2554    -126.7034    -130.7622    -131.6217
               -129.5881    -128.5099    -128.8549    -129.4852    -128.3898
   5    100    -137.7833    -134.5709    -135.7122    -137.2493    -135.8204
               -137.2167    -137.0866    -136.7371    -138.1136    -137.7710
               -139.5501    -139.6580    -136.1486    -137.6274    -136.7286
               -138.0847    -137.2593    -138.0181    -133.9098    -136.2388
               -137.5251    -137.4044    -137.5983    -138.7092    -139.7721
               -138.8258    -136.2376    -139.3376    -137.5127    -137.8869
               -137.7954    -133.8145    -138.2723    -137.3285    -136.3197
               -138.3550    -136.9791    -139.0602    -136.9940    -136.9052
               -136.2475    -137.7031    -134.1616    -138.2295    -139.1051
               -137.0498    -135.9510    -136.3145    -136.9504    -135.8550
 
 group  inft   Estimated free energy: 1-th solvent contribution (kcal/mol)
   1      0     -62.6117     -70.8472     -59.4970     -50.4045     -61.8569
                -56.2967     -53.6646     -50.4273     -50.6259     -36.3434
                -41.4668     -44.6075     -55.6439     -57.7318     -53.1072
                -47.8161     -63.5769     -54.6569     -68.7900     -68.0683
                -55.9986     -53.5966     -57.6289     -55.4737     -52.6318
                -57.5479     -60.9395     -52.7397     -52.2220     -58.2832
                -58.2965     -56.7094     -47.4669     -67.9827     -62.5223
                -62.5646     -76.8925     -76.4405     -68.5340     -61.3663
                -63.0979     -59.2388     -74.2814     -60.0944     -57.8923
                -61.6472     -66.0776     -60.7522     -58.5443     -69.9390
   1     60     -62.9133     -71.1487     -59.7974     -50.7021     -62.1549
                -56.5975     -53.9649     -50.7251     -50.9270     -36.6422
                -41.7641     -44.9081     -55.9427     -58.0313     -53.4076
                -48.1150     -63.8775     -54.9579     -69.0908     -68.3683
                -56.2977     -53.8959     -57.9263     -55.7748     -52.9312
                -57.8478     -61.2390     -53.0382     -52.5197     -58.5834
                -58.5982     -57.0079     -47.7647     -68.2825     -62.8221
                -62.8659     -77.1945     -76.7391     -68.8350     -61.6655
                -63.3988     -59.5418     -74.5817     -60.3934     -58.1923
                -61.9496     -66.3787     -61.0535     -58.8442     -70.2383
   1     80     -63.7014     -71.9360     -60.5811     -51.4816     -62.9316
                -57.3842     -54.7498     -51.5042     -51.7138     -37.4246
                -42.5436     -45.6934     -56.7241     -58.8140     -54.1938
                -48.8982     -64.6634     -55.7484     -69.8778     -69.1559
                -57.0795     -54.6809     -58.7052     -56.5625     -53.7169
                -58.6336     -62.0227     -53.8171     -53.2988     -59.3669
                -59.3851     -57.7881     -48.5433     -69.0650     -63.6052
                -63.6524     -77.9815     -77.5211     -69.6216     -62.4483
                -64.1829     -60.3332     -75.3627     -61.1765     -58.9770
                -62.7396     -67.1662     -61.8421     -59.6282     -71.0211
   1    100     -65.1089     -73.3348     -61.9800     -52.8814     -64.3241
                -58.7858     -56.1460     -52.8952     -53.1140     -38.8261
                -43.9413     -47.0962     -58.1173     -60.2130     -55.5939
                -50.2955     -66.0621     -57.1503     -71.2794     -70.5570
                -58.4762     -56.0785     -60.0944     -57.9582     -55.1137
                -60.0363     -63.4199     -55.2126     -54.6886     -60.7623
                -60.7847     -59.1835     -49.9454     -70.4637     -65.0048
                -65.0556     -79.3833     -78.9153     -71.0202     -63.8401
                -65.5776     -61.7378     -76.7565     -62.5761     -60.3819
                -64.1432     -68.5615     -63.2444     -61.0263     -72.4156
   2      0     -62.6497     -70.8624     -59.5306     -50.4357     -61.8986
                -56.3482     -53.6717     -50.4807     -50.6506     -36.3595
                -41.4867     -44.6145     -55.6640     -57.7610     -53.1175
                -47.8480     -63.6053     -54.6697     -68.8239     -68.1194
                -56.0409     -53.6303     -57.6937     -55.5193     -52.6598
                -57.5616     -60.9708     -52.7659     -52.2554     -58.3379
                -58.3147     -56.7767     -47.4991     -68.0116     -62.5586
                -62.5900     -76.9454     -76.4706     -68.5690     -61.4213
                -63.0994     -59.2473     -74.2982     -60.1183     -57.9260
                -61.6709     -66.1446     -60.7481     -58.5838     -69.9541
   3      0     -62.6488     -70.8735     -59.5259     -50.4322     -61.9171
                -56.3437     -53.6870     -50.4809     -50.6443     -36.3833
                -41.4873     -44.6259     -55.6563     -57.7692     -53.1195
                -47.8504     -63.6284     -54.6781     -68.8554     -68.1205
                -56.0380     -53.6544     -57.6971     -55.5378     -52.6829
                -57.5882     -60.9790     -52.7806     -52.2721     -58.3395
                -58.3041     -56.7708     -47.4814     -68.0280     -62.5589
                -62.6325     -76.9637     -76.4892     -68.5938     -61.4455
                -63.1343     -59.2292     -74.3413     -60.1515     -57.9363
                -61.6858     -66.1545     -60.7564     -58.5790     -69.9535
   4      0     -62.6636     -70.8803     -59.5494     -50.4594     -61.9301
                -56.3679     -53.6972     -50.4923     -50.6435     -36.3768
                -41.5239     -44.6356     -55.6833     -57.7871     -53.1452
                -47.8728     -63.6287     -54.6902     -68.8536     -68.1446
                -56.0475     -53.6608     -57.7063     -55.5552     -52.6776
                -57.5962     -60.9892     -52.7826     -52.2938     -58.3675
                -58.3328     -56.8070     -47.5130     -68.0356     -62.5933
                -62.6129     -76.9655     -76.4861     -68.5862     -61.4341
                -63.1098     -59.2721     -74.3169     -60.1513     -57.9528
                -61.6689     -66.1882     -60.7283     -58.6089     -69.9826
   5      0     -62.6777     -70.8967     -59.5960     -50.4760     -61.9412
                -56.3695     -53.6831     -50.5058     -50.6527     -36.4004
                -41.5087     -44.6588     -55.6800     -57.7857     -53.1417
                -47.8991     -63.6467     -54.6780     -68.8541     -68.1597
                -56.0875     -53.6675     -57.7210     -55.5441     -52.6927
                -57.5955     -60.9852     -52.8001     -52.2957     -58.3758
                -58.3413     -56.7898     -47.5122     -68.0405     -62.6132
                -62.6283     -76.9852     -76.4918     -68.5897     -61.4550
                -63.1277     -59.2831     -74.3162     -60.1360     -57.9567
                -61.6984     -66.1845     -60.7520     -58.6235     -69.9875
   5     60     -63.0444     -71.2641     -59.9612     -50.8378     -62.3036
                -56.7358     -54.0479     -50.8681     -51.0186     -36.7630
                -41.8701     -45.0232     -56.0429     -58.1497     -53.5072
                -48.2623     -64.0131     -55.0448     -69.2201     -68.5250
                -56.4512     -54.0322     -58.0837     -55.9106     -53.0569
                -57.9605     -61.3497     -53.1620     -52.6587     -58.7409
                -58.7073     -57.1530     -47.8735     -68.4051     -62.9775
                -62.9946     -77.3520     -76.8558     -68.9561     -61.8193
                -63.4948     -59.6518     -74.6814     -60.4997     -58.3210
                -62.0662     -66.5501     -61.1188     -58.9883     -70.3516
   5     80     -63.9126     -72.1323     -60.8257     -51.6968     -63.1613
                -57.6037     -54.9123     -51.7282     -51.8859     -37.6257
                -42.7289     -45.8884     -56.9030     -59.0127     -54.3731
                -49.1252     -64.8798     -55.9137     -70.0868     -69.3908
                -57.3133     -54.8970     -58.9432     -56.7808     -53.9214
                -58.8259     -62.2127     -54.0206     -53.5190     -59.6049
                -59.5734     -58.0130     -48.7326     -69.2679     -63.8404
                -63.8618     -78.2192     -77.7171     -69.8229     -62.6819
                -64.3609     -60.5234     -75.5443     -61.3619     -59.1852
                -62.9359     -67.4161     -61.9876     -59.8519     -71.2137
   5    100     -65.1848     -73.3971     -62.0908     -52.9605     -64.4211
                -58.8706     -56.1730     -52.9868     -53.1509     -38.8922
                -43.9918     -47.1547     -58.1626     -60.2769     -55.6390
                -50.3878     -66.1442     -57.1793     -71.3517     -70.6553
                -58.5759     -56.1603     -60.2014     -58.0436     -55.1833
                -60.0937     -63.4750     -55.2815     -54.7762     -60.8683
                -60.8374     -59.2756     -49.9990     -70.5322     -65.1057
                -65.1295     -79.4848     -78.9752     -71.0872     -63.9423
                -65.6226     -61.7905     -76.8055     -62.6267     -60.4554
                -64.2034     -68.6781     -63.2527     -61.1165     -72.4733
 
 group  inft   Estimated free energy: 2-th solvent contribution (kcal/mol)
   1      0     -59.6848     -48.3284     -60.8237     -71.4994     -58.5653
                -65.6421     -68.1919     -71.0012     -72.2390     -86.1060
                -82.8911     -79.6775     -65.2906     -64.5374     -68.3345
                -75.0129     -58.4090     -68.0405     -49.7971     -52.7929
                -66.1645     -68.4567     -64.6181     -67.8560     -71.7859
                -65.8840     -59.9537     -71.2207     -69.9523     -64.2714
                -64.0969     -61.7430     -75.5485     -54.0134     -58.4101
                -60.4645     -44.6710     -47.2966     -53.0709     -60.1367
                -57.8301     -63.1257     -44.5620     -62.8249     -65.8099
                -60.0611     -54.5328     -60.3416     -63.0483     -50.5665
   1     60     -61.3045     -49.9529     -62.4480     -73.1063     -60.1866
                -67.2558     -69.8064     -72.6187     -73.8584     -87.7114
                -84.4972     -81.2856     -66.9041     -66.1507     -69.9464
                -76.6239     -60.0298     -69.6483     -51.4159     -54.4058
                -67.7760     -70.0712     -66.2331     -69.4701     -73.3997
                -67.4961     -61.5692     -72.8309     -71.5661     -65.8972
                -65.7169     -63.3629     -77.1651     -55.6329     -60.0295
                -62.0795     -46.3005     -48.9045     -54.6840     -61.7524
                -59.4527     -64.7409     -46.1810     -64.4352     -67.4285
                -61.6814     -56.1609     -61.9586     -64.6609     -52.1811
   1     80     -65.4924     -54.1480     -66.6352     -77.2668     -64.3565
                -71.4300     -73.9746     -76.7952     -78.0387     -91.8685
                -88.6588     -85.4423     -71.0758     -70.3169     -74.1193
                -80.7932     -64.2151     -73.8253     -55.6030     -58.5910
                -71.9375     -74.2560     -70.4069     -73.6430     -77.5850
                -71.6711     -65.7468     -76.9813     -75.7346     -70.0901
                -69.8950     -67.5442     -81.3375     -59.8131     -64.2136
                -66.2489     -50.4957     -53.0680     -58.8562     -65.9258
                -63.6266     -68.9146     -50.3409     -68.6052     -71.6092
                -65.8674     -60.3610     -66.1441     -68.8305     -56.3539
   1    100     -72.4335     -61.0750     -73.5547     -84.1607     -71.2650
                -78.3347     -80.8545     -83.6835     -84.9236     -98.7555
                -95.5533     -92.3466     -77.9812     -77.2239     -81.0167
                -87.6694     -71.1260     -80.7139     -62.5210     -65.4971
                -78.8289     -81.1461     -77.2860     -80.5156     -84.4714
                -78.5838     -72.6550     -83.8748     -82.6057     -77.0088
                -76.8020     -74.4571     -88.2458     -66.7645     -71.1436
                -73.1810     -57.4368     -59.9750     -65.7609     -72.7970
                -70.4933     -75.8082     -57.2425     -75.5230     -78.5277
                -72.7790     -67.2541     -73.0624     -75.7336     -63.2720
   2      0     -59.7577     -48.3807     -60.8391     -71.5532     -58.6067
                -65.6108     -68.2031     -71.0457     -72.2565     -86.1543
                -82.8952     -79.7166     -65.2669     -64.5484     -68.3486
                -75.0199     -58.3850     -68.0774     -49.8222     -52.7961
                -66.1656     -68.4644     -64.6691     -67.8989     -71.8347
                -65.9021     -59.9730     -71.2653     -69.9797     -64.2743
                -64.1243     -61.7966     -75.5581     -54.0281     -58.4060
                -60.4564     -44.7248     -47.3185     -53.1208     -60.1606
                -57.8723     -63.1635     -44.5712     -62.8533     -65.8318
                -60.0300     -54.5160     -60.3513     -63.0501     -50.5945
   3      0     -59.7490     -48.3817     -60.8430     -71.5532     -58.6348
                -65.6477     -68.1945     -71.0146     -72.2435     -86.1683
                -82.8809     -79.7426     -65.2881     -64.5810     -68.3784
                -75.0103     -58.3489     -68.0911     -49.8048     -52.8277
                -66.2281     -68.4877     -64.6731     -67.8975     -71.7738
                -65.9193     -60.0019     -71.3223     -70.0082     -64.2915
                -64.1846     -61.8034     -75.5535     -54.0073     -58.4185
                -60.4577     -44.6856     -47.2798     -53.1138     -60.1311
                -57.8791     -63.1963     -44.6104     -62.8057     -65.8495
                -60.0930     -54.5235     -60.3180     -63.0527     -50.5842
   4      0     -59.7452     -48.3502     -60.7809     -71.5232     -58.5804
                -65.6112     -68.1700     -70.9992     -72.2034     -86.0957
                -82.8463     -79.7013     -65.2440     -64.5369     -68.3375
                -74.9680     -58.3276     -68.0953     -49.7733     -52.7704
                -66.1438     -68.4559     -64.6763     -67.9602     -71.8375
                -65.9198     -59.9269     -71.2399     -69.9761     -64.2348
                -64.1314     -61.7575     -75.5171     -53.9653     -58.3877
                -60.4469     -44.6816     -47.2904     -53.1086     -60.1901
                -57.8834     -63.1294     -44.5214     -62.8600     -65.8404
                -59.9919     -54.5318     -60.3097     -63.0405     -50.5661
   5      0     -59.8071     -48.3865     -60.8516     -71.5802     -58.6540
                -65.6173     -68.2027     -71.0293     -72.2448     -86.1877
                -82.8607     -79.7868     -65.2646     -64.6218     -68.3682
                -75.0076     -58.3743     -68.1196     -49.8076     -52.8370
                -66.2412     -68.5219     -64.6858     -67.9580     -71.8694
                -65.9860     -60.0205     -71.3545     -70.0240     -64.2511
                -64.2085     -61.7887     -75.5410     -54.0158     -58.4468
                -60.4830     -44.7060     -47.3672     -53.1769     -60.2576
                -57.8931     -63.1924     -44.6204     -62.8766     -65.8889
                -60.0959     -54.5335     -60.3156     -63.1009     -50.6375
   5     60     -61.7737     -50.3599     -62.8208     -73.5324     -60.6180
                -67.5767     -70.1615     -72.9893     -74.2064     -88.1323
                -84.8092     -81.7355     -67.2204     -66.5779     -70.3239
                -76.9599     -60.3415     -70.0779     -51.7715     -54.7991
                -68.1953     -70.4831     -66.6476     -69.9161     -73.8290
                -67.9451     -61.9828     -73.3040     -71.9861     -66.2203
                -66.1716     -63.7531     -77.4981     -55.9789     -60.4095
                -62.4401     -46.6794     -49.3255     -55.1368     -62.2188
                -59.8670     -65.1540     -46.5839     -64.8305     -67.8512
                -62.0634     -56.5023     -62.2791     -65.0592     -52.5979
   5     80     -66.3537     -54.9464     -67.4001     -78.0853     -65.1843
                -72.1430     -74.7235     -77.5593     -78.7747     -92.6831
                -89.3582     -86.2884     -71.7766     -71.1382     -74.8840
                -81.5156     -64.9130     -74.6410     -56.3451     -59.3687
                -72.7493     -75.0506     -71.2109     -74.4856     -78.3968
                -72.5104     -66.5492     -77.8499     -76.5514     -70.7995
                -70.7394     -68.3218     -82.0660     -60.5486     -64.9817
                -67.0003     -51.2623     -53.8771     -59.6971     -66.7778
                -64.4400     -69.7172     -51.1443     -69.3854     -72.4217
                -66.6373     -61.0790     -66.8524     -69.6184     -57.1612
   5    100     -72.5836     -61.1590     -73.6064     -84.2739     -71.3844
                -78.3313     -80.8987     -83.7354     -84.9478     -98.8639
                -95.5435     -92.4884     -77.9712     -77.3356     -81.0747
                -87.6820     -71.1002     -80.8240     -62.5432     -65.5686
                -78.9343     -81.2292     -77.3820     -80.6507     -84.5739
                -78.7172     -72.7477     -84.0412     -82.7216     -77.0037
                -76.9432     -74.5240     -88.2585     -66.7813     -71.1991
                -73.2106     -57.4794     -60.0701     -65.8919     -72.9480
                -70.6100     -75.8977     -57.3413     -75.5880     -78.6348
                -72.8316     -67.2580     -73.0468     -75.8191     -63.3667
 
 
 cumulative average & 95% error for solvation free energy
              total             1st component         2nd component
  1  -122.4127              -62.6488              -59.7490
  2  -120.8414     3.1427   -66.7611     8.2246   -54.0654    11.3673
  3  -120.6888     1.8399   -64.3494     6.7686   -56.3246     7.9680
  4  -121.0167     1.4569   -60.8701     8.4457   -60.1317     9.4722
  5  -120.9267     1.1428   -61.0795     6.5554   -59.8323     7.3615
  6  -121.1067     1.0001   -60.2902     5.5804   -60.8016     6.3155
  7  -121.2195     0.8748   -59.3469     5.0796   -61.8577     5.7403
  8  -121.2558     0.7611   -58.2386     4.9259   -63.0023     5.4730
  9  -121.4388     0.7645   -57.3948     4.6606   -64.0291     5.2455
 10  -121.5516     0.7200   -55.2937     5.9191   -66.2430     6.4512
 11  -121.8090     0.8302   -54.0386     5.9133   -67.7556     6.5728
 12  -122.0235     0.8709   -53.2542     5.6214   -68.7545     6.3240
 13  -121.9417     0.8177   -53.4389     5.1841   -68.4878     5.8416
 14  -121.9719     0.7594   -53.7482     4.8393   -68.2088     5.4370
 15  -121.9413     0.7096   -53.7063     4.5059   -68.2201     5.0616
 16  -121.9997     0.6740   -53.3403     4.2780   -68.6445     4.8102
 17  -121.9992     0.6331   -53.9455     4.1968   -68.0389     4.6779
 18  -122.0428     0.6032   -53.9862     3.9576   -68.0418     4.4104
 19  -121.8656     0.6718   -54.7688     4.0576   -67.0819     4.5923
 20  -121.8205     0.6436   -55.4364     4.0743   -66.3692     4.5839
 21  -121.8424     0.6138   -55.4650     3.8759   -66.3625     4.3602
 22  -121.8567     0.5859   -55.3827     3.6992   -66.4591     4.1618
 23  -121.8797     0.5618   -55.4834     3.5404   -66.3814     3.9797
 24  -121.9451     0.5535   -55.4856     3.3897   -66.4446     3.8124
 25  -122.0462     0.5681   -55.3735     3.2590   -66.6578     3.6815
 26  -122.1029     0.5575   -55.4587     3.1358   -66.6294     3.5375
 27  -122.0619     0.5427   -55.6632     3.0450   -66.3839     3.4392
 28  -122.1354     0.5432   -55.5602     2.9414   -66.5603     3.3328
 29  -122.1409     0.5242   -55.4468     2.8472   -66.6792     3.2246
 30  -122.1577     0.5076   -55.5432     2.7574   -66.5996     3.1193
 31  -122.1689     0.4914   -55.6323     2.6729   -66.5217     3.0211
 32  -122.0570     0.5258   -55.6679     2.5890   -66.3742     2.9400
 33  -122.0871     0.5132   -55.4198     2.5579   -66.6524     2.9033
 34  -122.0860     0.4978   -55.7906     2.5900   -66.2805     2.9131
 35  -122.0547     0.4874   -55.9840     2.5445   -66.0559     2.8641
 36  -122.0839     0.4773   -56.1687     2.5002   -65.9003     2.8008
 37  -122.0726     0.4648   -56.7307     2.6790   -65.3270     2.9556
 38  -122.1176     0.4612   -57.2507     2.8072   -64.8520     3.0295
 39  -122.1075     0.4497   -57.5415     2.7955   -64.5511     3.0116
 40  -122.0946     0.4391   -57.6391     2.7317   -64.4406     2.9436
 41  -122.0686     0.4314   -57.7732     2.6777   -64.2805     2.8887
 42  -122.0774     0.4214   -57.8078     2.6141   -64.2547     2.8196
 43  -122.0051     0.4361   -58.1923     2.6659   -63.7979     2.9009
 44  -122.0271     0.4284   -58.2369     2.6061   -63.7753     2.8345
 45  -122.0665     0.4261   -58.2302     2.5476   -63.8214     2.7723
 46  -122.0605     0.4169   -58.3053     2.4961   -63.7404     2.7163
 47  -122.0314     0.4121   -58.4723     2.4651   -63.5443     2.6866
 48  -122.0118     0.4053   -58.5199     2.4151   -63.4770     2.6335
 49  -122.0044     0.3972   -58.5211     2.3653   -63.4684     2.5792
 50  -121.9753     0.3935   -58.7497     2.3622   -63.2107     2.5791
 
 Mesh error is    0.068 kcal/mol
