 ERmod 0.3.8, Copyright (C) 2000-2019 Nobuyuki Matubayasi
                            2010-2019 Shun Sakuraba
 ERmod comes with ABSOLUTELY NO WARRANTY.
 This is free software, and you can redistribute it
 and/or modify it under certain conditions.
 See LICENSE file for details.
 
  Number of the   1-th solvent  =        10000
 
  Be sure that the solvent distribution is homogeneous (radial distribution function is essentially unity) when the solvent molecule is separated beyond distance of   10.0 Angstrom in any direction from any atom within the solute molecule
 
  LJ long-range correction    =        -7.8240
 
  Self-energy of the solute   =        -0.0088  kcal/mol
 
 
 cumulative average & 95% error for solvation energy
  1  -493.6637
  2  -493.8625     0.3975
  3  -493.5590     0.6490
  4  -493.4287     0.5278
  5  -493.2778     0.5081
  6  -493.3486     0.4383
  7  -493.5523     0.5506
  8  -493.6587     0.5222
  9  -493.6024     0.4741
 10  -493.6885     0.4577
 11  -493.6556     0.4191
 12  -493.6285     0.3864
 13  -493.6469     0.3574
 14  -493.6873     0.3406
 15  -493.7040     0.3188
 16  -493.6599     0.3110
 17  -493.5558     0.3587
 18  -493.5380     0.3401
 19  -493.5824     0.3337
 20  -493.5807     0.3166
 21  -493.6222     0.3123
 22  -493.6327     0.2986
 23  -493.6367     0.2854
 24  -493.5897     0.2889
 25  -493.6176     0.2827
 26  -493.6443     0.2768
 27  -493.6301     0.2679
 28  -493.6297     0.2581
 29  -493.6319     0.2491
 30  -493.6175     0.2424
 31  -493.5479     0.2727
 32  -493.5214     0.2692
 33  -493.5037     0.2634
 34  -493.5579     0.2776
 35  -493.5846     0.2748
 36  -493.5590     0.2719
 37  -493.5295     0.2710
 38  -493.4865     0.2774
 39  -493.4434     0.2836
 40  -493.4519     0.2769
 41  -493.4814     0.2765
 42  -493.4728     0.2703
 43  -493.4755     0.2640
 44  -493.4728     0.2580
 45  -493.4454     0.2581
 46  -493.4221     0.2567
 47  -493.4328     0.2521
 48  -493.4374     0.2469
 49  -493.4717     0.2514
 50  -493.5078     0.2567
 
 
 group  inft  solvation free energy     error          difference
   1      0        -99.60785           0.12567           0.06210
   1     60        -99.73856           0.12565          -0.06861
   1     80       -101.32842           0.12566          -1.65847
   1    100       -108.06606           0.12637          -8.39611
   2      0        -99.65110           0.12483           0.01885
   3      0        -99.66995           0.12536           0.00000
   4      0        -99.66606           0.12506           0.00389
   5      0        -99.74721           0.12622          -0.07726
   5     60        -99.93569           0.12619          -0.26574
   5     80       -101.98759           0.12625          -2.31764
   5    100       -108.23435           0.12690          -8.56440
 
 
 group  inft   Estimated free energy (kcal/mol)
   1      0     -99.7069    -100.2894     -99.7669     -99.1922     -99.3082
                -99.9096    -100.0444    -100.2422     -99.5605    -100.0015
                -99.5408     -99.4120     -99.5054     -99.6773     -99.7650
                -99.4834     -99.1400     -99.3766    -100.1516     -99.7217
                -99.7797     -99.8549     -99.7248     -99.1630     -99.8227
                -99.6002     -99.4820     -99.7293     -99.5999     -99.4070
                -98.5557     -99.3373     -99.2096    -100.4210     -99.6860
                -99.4290     -99.0753     -98.9687     -98.5682     -99.8051
               -100.3221     -99.5834     -99.4172     -99.5191     -98.9255
                -98.9639     -99.8346     -99.8252    -100.3941    -100.5926
   1     60     -99.8369    -100.4191     -99.8968     -99.3230     -99.4386
               -100.0400    -100.1760    -100.3729     -99.6913    -100.1324
                -99.6716     -99.5431     -99.6362     -99.8084     -99.8953
                -99.6138     -99.2705     -99.5075    -100.2818     -99.8521
                -99.9110     -99.9854     -99.8557     -99.2941     -99.9535
                -99.7315     -99.6135     -99.8603     -99.7309     -99.5381
                -98.6863     -99.4682     -99.3406    -100.5516     -99.8174
                -99.5590     -99.2058     -99.0988     -98.6995     -99.9355
               -100.4526     -99.7143     -99.5479     -99.6495     -99.0567
                -99.0941     -99.9656     -99.9555    -100.5245    -100.7231
   1     80    -101.4240    -102.0033    -101.4798    -100.9129    -101.0293
               -101.6259    -101.7721    -101.9615    -101.2837    -101.7265
               -101.2633    -101.1338    -101.2271    -101.4009    -101.4846
               -101.2051    -100.8585    -101.0980    -101.8720    -101.4352
               -101.5073    -101.5741    -101.4469    -100.8813    -101.5453
               -101.3264    -101.2067    -101.4524    -101.3221    -101.1297
               -100.2758    -101.0554    -100.9324    -102.1424    -101.4140
               -101.1421    -100.7922    -100.6836    -100.2951    -101.5232
               -102.0406    -101.3032    -101.1379    -101.2350    -100.6473
               -100.6818    -101.5573    -101.5443    -102.1151    -102.3127
   1    100    -108.1555    -108.7318    -108.2049    -107.6418    -107.7728
               -108.3498    -108.5274    -108.6943    -108.0315    -108.4803
               -108.0023    -107.8737    -107.9616    -108.1409    -108.2184
               -107.9533    -107.6014    -107.8313    -108.6125    -108.1603
               -108.2698    -108.3045    -108.1877    -107.6072    -108.2869
               -108.0768    -107.9551    -108.1954    -108.0555    -107.8714
               -107.0082    -107.7883    -107.6705    -108.8841    -108.1691
               -107.8600    -107.5176    -107.4056    -107.0451    -108.2556
               -108.7770    -108.0404    -107.8711    -107.9594    -107.3817
               -107.4068    -108.3028    -108.2819    -108.8631    -109.0588
   2      0     -99.7380    -100.3114     -99.7967     -99.2149     -99.3511
                -99.9297    -100.0975    -100.2548     -99.6208    -100.0145
                -99.5757     -99.4821     -99.5411     -99.7260     -99.8211
                -99.4876     -99.1625     -99.4420    -100.1983     -99.7840
                -99.8367     -99.9217     -99.7818     -99.2151     -99.9138
                -99.6463     -99.5137     -99.7689     -99.6384     -99.4571
                -98.5822     -99.3743     -99.2493    -100.4137     -99.7335
                -99.4888     -99.1331     -99.0339     -98.6204     -99.8357
               -100.3926     -99.6457     -99.4966     -99.5628     -98.9761
                -99.0020     -99.8458     -99.8580    -100.4223    -100.6452
   3      0     -99.7963    -100.3408     -99.8048     -99.2372     -99.3881
                -99.9850    -100.0867    -100.2939     -99.6067    -100.0863
                -99.5944     -99.4608     -99.5985     -99.7417     -99.8747
                -99.5090     -99.2155     -99.4409    -100.2259     -99.7998
                -99.8515     -99.9371     -99.7343     -99.2402     -99.8690
                -99.6861     -99.5189     -99.7360     -99.6332     -99.4864
                -98.6302     -99.3940     -99.2761    -100.4764     -99.7186
                -99.5129     -99.1635     -99.0263     -98.6061     -99.8826
               -100.3681     -99.6633     -99.5271     -99.5845     -98.9713
                -99.0416     -99.8646     -99.8974    -100.4373    -100.6761
   4      0     -99.7074    -100.3247     -99.8161     -99.1917     -99.3577
                -99.9464    -100.1189    -100.2879     -99.6613    -100.0325
                -99.5919     -99.5119     -99.6025     -99.7362     -99.8484
                -99.4963     -99.1510     -99.4599    -100.2295     -99.7367
                -99.8739     -99.9528     -99.7507     -99.2290     -99.8726
                -99.6769     -99.5535     -99.7554     -99.6395     -99.4695
                -98.6028     -99.3684     -99.3117    -100.4407     -99.7478
                -99.4954     -99.1741     -99.0098     -98.6502     -99.8359
               -100.3905     -99.6831     -99.4980     -99.5906     -98.9968
                -99.0394     -99.8686     -99.8867    -100.4630    -100.6664
   5      0     -99.8717    -100.4246     -99.8826     -99.2982     -99.4589
               -100.0669    -100.1664    -100.4041     -99.6887    -100.0980
                -99.6538     -99.5443     -99.6571     -99.8414     -99.9257
                -99.5617     -99.2970     -99.5287    -100.2696     -99.8771
                -99.9500     -99.9687     -99.8283     -99.3390     -99.9551
                -99.7637     -99.6233     -99.8264     -99.6964     -99.5488
                -98.6751     -99.4685     -99.3474    -100.5284     -99.7945
                -99.5630     -99.2261     -99.0814     -98.6748     -99.9365
               -100.4789     -99.7250     -99.6223     -99.6613     -99.1191
                -99.1424     -99.9732     -99.9805    -100.5553    -100.7905
   5     60    -100.0598    -100.6119    -100.0700     -99.4870     -99.6475
               -100.2549    -100.3560    -100.5923     -99.8773    -100.2873
                -99.8423     -99.7329     -99.8457    -100.0305    -100.1142
                -99.7498     -99.4851     -99.7173    -100.4577    -100.0652
               -100.1392    -100.1569    -100.0168     -99.5273    -100.1439
                -99.9531     -99.8121    -100.0154     -99.8851     -99.7374
                -98.8636     -99.6569     -99.5360    -100.7171     -99.9841
                -99.7506     -99.4144     -99.2692     -98.8643    -100.1243
               -100.6666     -99.9132     -99.8110     -99.8494     -99.3078
                -99.3306    -100.1621    -100.1687    -100.7437    -100.9788
   5     80    -102.1088    -102.6567    -102.1138    -101.5380    -101.7005
               -102.3023    -102.4155    -102.6405    -101.9311    -102.3458
               -101.8943    -101.7863    -101.8989    -102.0861    -102.1660
               -101.8025    -101.5351    -101.7697    -102.5098    -102.1120
               -102.1998    -102.2061    -102.0696    -101.5760    -102.1989
               -102.0122    -101.8679    -102.0695    -101.9376    -101.7915
               -100.9147    -101.7055    -101.5899    -102.7713    -102.0444
               -101.7948    -101.4621    -101.3144    -100.9225    -102.1730
               -102.7157    -101.9640    -101.8624    -101.8969    -101.3598
               -101.3800    -102.2174    -102.2202    -102.7964    -103.0317
   5    100    -108.3499    -108.8941    -108.3484    -107.7759    -107.9540
               -108.5368    -108.6805    -108.8832    -108.1858    -108.6060
               -108.1392    -108.0345    -108.1449    -108.3354    -108.4128
               -108.0567    -107.7850    -108.0141    -108.7602    -108.3477
               -108.4672    -108.4480    -108.3165    -107.8112    -108.4508
               -108.2717    -108.1233    -108.3195    -108.1805    -108.0417
               -107.1584    -107.9455    -107.8378    -109.0238    -108.3055
               -108.0233    -107.7000    -107.5448    -107.1798    -108.4134
               -108.9597    -108.2103    -108.1070    -108.1328    -107.6023
               -107.6159    -108.4740    -108.4713    -109.0492    -109.2874
 
 
 cumulative average & 95% error for solvation free energy
  1   -99.7963
  2  -100.0685     0.5445
  3   -99.9806     0.3602
  4   -99.7948     0.4506
  5   -99.7134     0.3851
  6   -99.7587     0.3272
  7   -99.8055     0.2920
  8   -99.8666     0.2808
  9   -99.8377     0.2543
 10   -99.8626     0.2328
 11   -99.8382     0.2161
 12   -99.8067     0.2071
 13   -99.7907     0.1932
 14   -99.7872     0.1790
 15   -99.7931     0.1670
 16   -99.7753     0.1602
 17   -99.7424     0.1643
 18   -99.7256     0.1585
 19   -99.7520     0.1589
 20   -99.7543     0.1508
 21   -99.7590     0.1437
 22   -99.7671     0.1380
 23   -99.7656     0.1319
 24   -99.7438     0.1337
 25   -99.7488     0.1286
 26   -99.7464     0.1236
 27   -99.7379     0.1202
 28   -99.7379     0.1158
 29   -99.7343     0.1120
 30   -99.7260     0.1094
 31   -99.6906     0.1273
 32   -99.6814     0.1246
 33   -99.6691     0.1233
 34   -99.6928     0.1287
 35   -99.6936     0.1249
 36   -99.6886     0.1218
 37   -99.6744     0.1218
 38   -99.6573     0.1234
 39   -99.6304     0.1317
 40   -99.6367     0.1290
 41   -99.6545     0.1308
 42   -99.6547     0.1276
 43   -99.6517     0.1248
 44   -99.6502     0.1219
 45   -99.6351     0.1230
 46   -99.6222     0.1230
 47   -99.6274     0.1208
 48   -99.6330     0.1188
 49   -99.6494     0.1209
 50   -99.6700     0.1254
 
 Mesh error is    0.077 kcal/mol
