 ERmod 0.3.8, Copyright (C) 2000-2019 Nobuyuki Matubayasi
                            2010-2019 Shun Sakuraba
 ERmod comes with ABSOLUTELY NO WARRANTY.
 This is free software, and you can redistribute it
 and/or modify it under certain conditions.
 See LICENSE file for details.
 
  Number of the   1-th solvent  =          378
  Number of the   2-th solvent  =        10000
 
  Be sure that the solvent distribution is homogeneous (radial distribution function is essentially unity) when the solvent molecule is separated beyond distance of   10.0 Angstrom in any direction from any atom within the solute molecule
 
  LJ long-range correction    =        -1.1319     -7.1533
 
  Self-energy of the solute   =        -0.0131  kcal/mol
 
 
 cumulative average & 95% error for solvation energy
              total             1st component         2nd component
  1  -503.2867             -133.2223             -370.0513
  2  -505.7565     4.9394  -127.0320    12.3807  -378.7114    17.3201
  3  -507.0108     3.7982  -113.6799    27.6442  -393.3178    30.8769
  4  -507.0164     2.6857  -106.1411    24.6867  -400.8623    26.5399
  5  -506.6462     2.2082  -108.3657    19.6330  -398.2675    21.2026
  6  -506.4368     1.8510  -106.5466    16.4380  -399.8772    17.6087
  7  -506.7634     1.6953  -101.9687    16.6383  -404.7816    17.8238
  8  -507.1918     1.6998   -97.1228    17.3654  -410.0559    18.6960
  9  -507.2351     1.5016   -95.4864    15.6606  -411.7357    16.8271
 10  -507.3975     1.3818   -92.8059    14.9982  -414.5785    16.0888
 11  -507.8494     1.5424   -90.0534    14.6407  -417.7829    15.9015
 12  -507.7878     1.4134   -88.3870    13.7743  -419.3877    14.8666
 13  -507.5001     1.4218   -88.4675    12.6716  -419.0195    13.6951
 14  -507.7294     1.3939   -86.3349    12.4829  -421.3814    13.5306
 15  -507.8721     1.3287   -85.1101    11.8763  -422.7489    12.8898
 16  -507.7042     1.2875   -84.9382    11.1146  -422.7529    12.0573
 17  -507.7507     1.2129   -85.4221    10.4851  -422.3155    11.3596
 18  -507.8102     1.1497   -84.5353    10.0433  -423.2617    10.8759
 19  -507.8398     1.0892   -85.0633     9.5585  -422.7634    10.3357
 20  -507.8544     1.0337   -86.1020     9.3029  -421.7393    10.0169
 21  -507.8137     0.9866   -85.7944     8.8702  -422.0062     9.5429
 22  -507.7908     0.9418   -85.7103     8.4590  -422.0673     9.0997
 23  -507.8146     0.9012   -85.9455     8.0966  -421.8560     8.7053
 24  -507.7620     0.8692   -86.8991     7.9830  -420.8499     8.5742
 25  -507.7518     0.8340   -87.2447     7.6882  -420.4940     8.2548
 26  -507.6099     0.8500   -87.6571     7.4325  -419.9398     8.0080
 27  -507.5315     0.8328   -87.3972     7.1708  -420.1212     7.7143
 28  -507.5599     0.8045   -86.6659     7.0630  -420.8809     7.5874
 29  -507.5538     0.7764   -85.8379     7.0134  -421.7027     7.5033
 30  -507.5093     0.7553   -84.8719     7.0457  -422.6243     7.4795
 31  -507.5882     0.7474   -85.0418     6.8231  -422.5334     7.2365
 32  -507.6305     0.7286   -85.7336     6.7498  -421.8838     7.1261
 33  -507.6781     0.7125   -85.7715     6.5425  -421.8935     6.9068
 34  -507.6802     0.6913   -85.4310     6.3836  -422.2361     6.7356
 35  -507.6450     0.6749   -84.9034     6.2877  -422.7286     6.6140
 36  -507.5341     0.6924   -85.1098     6.1245  -422.4112     6.4590
 37  -507.5127     0.6748   -85.1955     5.9591  -422.3042     6.2856
 38  -507.5421     0.6594   -84.4213     6.0033  -423.1077     6.3255
 39  -507.5912     0.6497   -84.4188     5.8473  -423.1593     6.1621
 40  -507.5317     0.6444   -84.2421     5.7102  -423.2765     6.0106
 41  -507.4543     0.6472   -84.4117     5.5795  -423.0296     5.8829
 42  -507.4528     0.6316   -84.5187     5.4492  -422.9210     5.7453
 43  -507.4703     0.6178   -84.8173     5.3544  -422.6399     5.6382
 44  -507.4816     0.6040   -84.8374     5.2315  -422.6312     5.5086
 45  -507.5035     0.5920   -84.7388     5.1177  -422.7516     5.3901
 46  -507.5676     0.5931   -84.3760     5.0575  -423.1785     5.3403
 47  -507.5556     0.5808   -84.3972     4.9489  -423.1453     5.2259
 48  -507.5365     0.5698   -84.9811     4.9835  -422.5423     5.2561
 49  -507.5280     0.5584   -85.4398     4.9662  -422.0751     5.2319
 50  -507.5560     0.5499   -85.2163     4.8863  -422.3267     5.1508
 
 
 group  inft  solvation free energy     error          difference
  total solvation free energy
   1      0       -113.87551           0.34019           0.10007
   1     60       -114.77749           0.33981          -0.80191
   1     80       -118.50023           0.33757          -4.52466
   1    100       -127.36937           0.33977         -13.39379
   2      0       -113.93265           0.34390           0.04292
   3      0       -113.97558           0.34033           0.00000
   4      0       -113.96559           0.34243           0.00998
   5      0       -114.04096           0.34202          -0.06539
   5     60       -115.18014           0.34058          -1.20457
   5     80       -119.52532           0.33905          -5.54974
   5    100       -127.57448           0.34196         -13.59891
 
  contribution from  1-th solvent component
   1      0        -31.29410           1.95046           0.01745
   1     60        -31.32741           1.95051          -0.01586
   1     80        -31.48027           1.95073          -0.16871
   1    100        -31.90198           1.95070          -0.59043
   2      0        -31.29345           1.94798           0.01811
   3      0        -31.31155           1.94854           0.00000
   4      0        -31.30488           1.94735           0.00667
   5      0        -31.31221           1.94671          -0.00065
   5     60        -31.35512           1.94679          -0.04356
   5     80        -31.53861           1.94700          -0.22705
   5    100        -31.92650           1.94690          -0.61495
 
  contribution from  2-th solvent component
   1      0        -82.56832           2.19623           0.08262
   1     60        -83.43700           2.19541          -0.78606
   1     80        -87.00688           2.19286          -4.35594
   1    100        -95.45431           2.19249         -12.80336
   2      0        -82.62613           2.19609           0.02481
   3      0        -82.65094           2.19456           0.00000
   4      0        -82.64763           2.19407           0.00331
   5      0        -82.71567           2.19259          -0.06473
   5     60        -83.81195           2.19101          -1.16100
   5     80        -87.97363           2.18877          -5.32269
   5    100        -95.63490           2.18847         -12.98396
 
 
 group  inft   Estimated free energy: total (kcal/mol)
   1      0    -110.5695    -113.0022    -114.8650    -113.2815    -112.1167
               -111.8025    -114.3076    -115.0627    -113.8458    -114.7033
               -116.2576    -113.5923    -112.3731    -115.7030    -115.5407
               -113.3450    -113.9323    -114.8020    -113.9741    -113.7534
               -113.9954    -114.4005    -114.7196    -112.5545    -113.6644
               -111.0952    -113.2276    -114.4772    -114.1531    -114.4982
               -114.9242    -114.1279    -114.2597    -113.8222    -114.3488
               -112.4960    -113.4359    -115.4819    -115.4453    -113.3473
               -112.1502    -113.4583    -114.2069    -113.2293    -114.9915
               -115.6025    -113.1684    -112.5974    -113.7373    -115.3282
   1     60    -111.4837    -113.9019    -115.7692    -114.1843    -113.0256
               -112.6995    -115.2105    -115.9652    -114.7507    -115.5997
               -117.1524    -114.4908    -113.2733    -116.5927    -116.4425
               -114.2434    -114.8414    -115.6995    -114.8762    -114.6606
               -114.9007    -115.3037    -115.6309    -113.4619    -114.5691
               -111.9940    -114.1203    -115.3735    -115.0519    -115.3929
               -115.8316    -115.0343    -115.1644    -114.7241    -115.2500
               -113.4016    -114.3416    -116.3773    -116.3486    -114.2427
               -113.0513    -114.3616    -115.1074    -114.1306    -115.8941
               -116.5057    -114.0650    -113.5082    -114.6413    -116.2310
   1     80    -115.2260    -117.6464    -119.4883    -117.9042    -116.7551
               -116.4416    -118.9398    -119.6854    -118.4817    -119.3254
               -120.8664    -118.2119    -116.9974    -120.2897    -120.1594
               -117.9560    -118.5849    -119.4004    -118.6039    -118.3956
               -118.6428    -119.0286    -119.3763    -117.1959    -118.3069
               -115.7286    -117.8380    -119.0928    -118.7625    -119.0762
               -119.5518    -118.7479    -118.8952    -118.4531    -118.9430
               -117.1187    -118.0758    -120.0631    -120.0594    -117.9547
               -116.7816    -118.0919    -118.8371    -117.8679    -119.6201
               -120.2075    -117.7966    -117.2504    -118.3459    -119.9417
   1    100    -124.0773    -126.5233    -128.3709    -126.7768    -125.6392
               -125.2815    -127.8098    -128.5654    -127.3293    -128.1942
               -129.7359    -127.0693    -125.8416    -129.1221    -129.0571
               -126.8528    -127.4721    -128.2593    -127.4935    -127.2777
               -127.5347    -127.9124    -128.2436    -126.0496    -127.2128
               -124.5377    -126.6885    -127.9590    -127.6051    -127.9097
               -128.4545    -127.6259    -127.8066    -127.3127    -127.8137
               -125.9702    -126.9351    -128.8995    -128.9537    -126.8212
               -125.6402    -126.9523    -127.6897    -126.7493    -128.5300
               -129.0847    -126.6577    -126.1405    -127.1925    -128.8363
   2      0    -110.5911    -112.9800    -114.9019    -113.3191    -112.1817
               -111.8430    -114.3639    -115.1030    -113.9103    -114.7303
               -116.3016    -113.5975    -112.3734    -115.7871    -115.6671
               -113.4514    -113.9894    -114.9206    -114.0870    -113.8830
               -114.0048    -114.4872    -114.7671    -112.6116    -113.7194
               -111.1527    -113.2260    -114.6369    -114.2347    -114.5707
               -115.0010    -114.1649    -114.3052    -113.9285    -114.4081
               -112.5224    -113.5084    -115.5739    -115.4355    -113.2965
               -112.1488    -113.5266    -114.2591    -113.2780    -115.0165
               -115.6874    -113.2244    -112.6807    -113.8362    -115.4371
   3      0    -110.6783    -113.0408    -114.9089    -113.3197    -112.2746
               -111.8932    -114.4190    -115.1526    -113.9404    -114.7731
               -116.3003    -113.6782    -112.4565    -115.8157    -115.6872
               -113.4461    -114.0276    -114.9692    -114.0776    -113.9256
               -114.0233    -114.5270    -114.8075    -112.6780    -113.7540
               -111.1982    -113.3014    -114.6536    -114.2952    -114.6381
               -115.0497    -114.1792    -114.3185    -113.9342    -114.4542
               -112.6087    -113.6389    -115.6325    -115.4358    -113.3483
               -112.2098    -113.6453    -114.2798    -113.2684    -115.1031
               -115.7112    -113.2511    -112.7280    -113.8778    -115.4432
   4      0    -110.6169    -113.0775    -114.8918    -113.2639    -112.2643
               -111.8965    -114.3999    -115.1138    -113.9386    -114.7330
               -116.2844    -113.6273    -112.4162    -115.8175    -115.6667
               -113.4452    -114.0165    -114.9654    -114.1033    -113.9031
               -113.9467    -114.4967    -114.8038    -112.6178    -113.7656
               -111.1473    -113.2722    -114.6757    -114.3087    -114.6403
               -115.0645    -114.1963    -114.3333    -114.0089    -114.4494
               -112.5887    -113.6317    -115.6283    -115.4807    -113.3038
               -112.2149    -113.6406    -114.2758    -113.2230    -115.0438
               -115.6986    -113.3072    -112.7538    -113.8370    -115.4825
   5      0    -110.7058    -113.1182    -114.9321    -113.3212    -112.3536
               -111.9874    -114.5132    -115.1885    -113.9855    -114.7780
               -116.4172    -113.7715    -112.5131    -115.8616    -115.7408
               -113.4927    -114.0938    -115.0571    -114.1237    -113.9832
               -114.0441    -114.5998    -114.9492    -112.7835    -113.8076
               -111.2278    -113.3576    -114.7151    -114.3345    -114.7067
               -115.0771    -114.3169    -114.3824    -114.0183    -114.5816
               -112.7004    -113.7384    -115.7125    -115.5258    -113.3817
               -112.2511    -113.7314    -114.4145    -113.2684    -115.1330
               -115.8198    -113.3097    -112.8140    -113.9046    -115.5025
   5     60    -111.8561    -114.2728    -116.0688    -114.4559    -113.4985
               -113.1350    -115.6518    -116.3219    -115.1244    -115.9155
               -117.5481    -114.9037    -113.6545    -116.9855    -116.8737
               -114.6286    -115.2391    -116.1893    -115.2637    -115.1285
               -115.1888    -115.7415    -116.1005    -113.9373    -114.9536
               -112.3720    -114.4956    -115.8492    -115.4698    -115.8305
               -116.2134    -115.4534    -115.5203    -115.1596    -115.7121
               -113.8397    -114.8829    -116.8355    -116.6588    -114.5194
               -113.4011    -114.8801    -115.5550    -114.4181    -116.2697
               -116.9502    -114.4468    -113.9617    -115.0421    -116.6331
   5     80    -116.2113    -118.6297    -120.4129    -118.7980    -117.8575
               -117.4999    -120.0017    -120.6633    -119.4674    -120.2551
               -121.8929    -119.2416    -118.0004    -121.3042    -121.2115
               -118.9667    -119.6089    -120.5232    -119.6145    -119.4900
               -119.5538    -120.0913    -120.4721    -118.2925    -119.3147
               -116.7120    -118.8347    -120.1907    -119.8087    -120.1336
               -120.5615    -119.7949    -119.8838    -119.5153    -120.0295
               -118.1777    -119.2425    -121.1414    -120.9864    -118.8419
               -117.7523    -119.2360    -119.9060    -118.7678    -120.6245
               -121.2859    -118.7966    -118.3318    -119.3665    -120.9687
   5    100    -124.2432    -126.6754    -128.4738    -126.8377    -125.9244
               -125.5246    -128.0315    -128.7033    -127.4979    -128.2949
               -129.9552    -127.2719    -126.0235    -129.3181    -129.2829
               -127.0259    -127.6705    -128.5803    -127.6818    -127.5606
               -127.6183    -128.1399    -128.5261    -126.3250    -127.3844
               -124.7041    -126.8575    -128.2301    -127.8450    -128.1680
               -128.6593    -127.8743    -127.9613    -127.5527    -128.0801
               -126.2068    -127.2766    -129.1887    -129.0640    -126.8814
               -125.7862    -127.2699    -127.9528    -126.7877    -128.7087
               -129.3637    -126.8493    -126.4204    -127.4125    -129.0520
 
 group  inft   Estimated free energy: 1-th solvent contribution (kcal/mol)
   1      0     -50.4251     -45.5568     -32.6246     -30.9803     -44.1910
                -35.8888     -27.0178     -22.5035     -30.2679     -24.7339
                -22.4002     -25.3014     -32.7106     -20.5243     -24.7302
                -30.3092     -34.5121     -25.2488     -35.4184     -39.6924
                -28.9334     -30.7219     -33.6177     -40.6784     -35.6599
                -36.0204     -29.3181     -23.8016     -22.0550     -19.8541
                -33.4512     -39.8943     -31.7668     -26.3226     -24.0785
                -34.2430     -32.3681     -19.5933     -31.3847     -28.3144
                -33.2808     -32.5775     -36.3159     -31.2866     -29.3068
                -24.4260     -30.8786     -41.9043     -40.3116     -27.3025
   1     60     -50.4586     -45.5899     -32.6583     -31.0141     -44.2249
                -35.9222     -27.0504     -22.5366     -30.3017     -24.7671
                -22.4333     -25.3346     -32.7440     -20.5574     -24.7636
                -30.3427     -34.5460     -25.2813     -35.4520     -39.7265
                -28.9672     -30.7547     -33.6505     -40.7111     -35.6934
                -36.0542     -29.3504     -23.8350     -22.0881     -19.8873
                -33.4841     -39.9281     -31.8009     -26.3552     -24.1120
                -34.2762     -32.4011     -19.6261     -31.4180     -28.3474
                -33.3139     -32.6114     -36.3497     -31.3188     -29.3403
                -24.4585     -30.9123     -41.9385     -40.3450     -27.3359
   1     80     -50.6117     -45.7428     -32.8132     -31.1686     -44.3801
                -36.0765     -27.2006     -22.6885     -30.4562     -24.9202
                -22.5859     -25.4873     -32.8978     -20.7097     -24.9164
                -30.4959     -34.7013     -25.4306     -35.6065     -39.8822
                -29.1222     -30.9051     -33.8014     -40.8613     -35.8471
                -36.2101     -29.5004     -23.9883     -22.2401     -20.0394
                -33.6348     -40.0830     -31.9568     -26.5054     -24.2647
                -34.4281     -32.5528     -19.7765     -31.5707     -28.4993
                -33.4661     -32.7666     -36.5048     -31.4674     -29.4934
                -24.6074     -31.0676     -42.0941     -40.4979     -27.4884
   1    100     -51.0304     -46.1612     -33.2384     -31.5925     -44.8035
                -36.4981     -27.6183     -23.1090     -30.8777     -25.3435
                -23.0090     -25.9084     -33.3191     -21.1324     -25.3407
                -30.9207     -35.1253     -25.8516     -36.0308     -40.3068
                -29.5482     -31.3240     -34.2203     -41.2785     -36.2704
                -36.6291     -29.9168     -24.4116     -22.6609     -20.4613
                -34.0549     -40.5071     -32.3845     -26.9233     -24.6877
                -34.8456     -32.9708     -20.1958     -31.9954     -28.9197
                -33.8853     -33.1902     -36.9273     -31.8837     -29.9177
                -25.0258     -31.4927     -42.5208     -40.9180     -27.9143
   2      0     -50.3884     -45.5334     -32.6283     -30.9797     -44.1892
                -35.8528     -27.0260     -22.5114     -30.2642     -24.7407
                -22.4136     -25.2894     -32.6802     -20.5274     -24.7424
                -30.3165     -34.5080     -25.2698     -35.4299     -39.6904
                -28.9123     -30.7383     -33.6366     -40.6541     -35.6457
                -35.9975     -29.3093     -23.8170     -22.0526     -19.8605
                -33.4727     -39.8932     -31.7657     -26.3422     -24.0911
                -34.2488     -32.3850     -19.6085     -31.3965     -28.2807
                -33.2540     -32.5351     -36.3074     -31.2804     -29.3244
                -24.4743     -30.8652     -41.9016     -40.3129     -27.3271
   3      0     -50.4203     -45.5705     -32.6477     -30.9908     -44.2181
                -35.8594     -27.0395     -22.5235     -30.2807     -24.7591
                -22.4302     -25.3223     -32.7135     -20.5448     -24.7605
                -30.3248     -34.5153     -25.2977     -35.4492     -39.7007
                -28.9231     -30.7613     -33.6574     -40.6794     -35.6706
                -36.0029     -29.3299     -23.8211     -22.0719     -19.8736
                -33.5007     -39.9114     -31.7823     -26.3545     -24.1104
                -34.2828     -32.4180     -19.6205     -31.4156     -28.3188
                -33.2659     -32.5604     -36.3117     -31.2953     -29.3359
                -24.4795     -30.8660     -41.9050     -40.3305     -27.3527
   4      0     -50.4021     -45.5522     -32.6326     -30.9811     -44.1884
                -35.8530     -27.0350     -22.5266     -30.2670     -24.7587
                -22.4252     -25.3034     -32.6969     -20.5462     -24.7603
                -30.3300     -34.5123     -25.2941     -35.4553     -39.7011
                -28.9005     -30.7486     -33.6573     -40.6549     -35.6579
                -35.9877     -29.3254     -23.8357     -22.0732     -19.8852
                -33.4922     -39.9067     -31.7834     -26.3650     -24.0985
                -34.2690     -32.4102     -19.6265     -31.4143     -28.2844
                -33.2585     -32.5546     -36.3159     -31.2844     -29.3210
                -24.4788     -30.8643     -41.9020     -40.3274     -27.3392
   5      0     -50.3923     -45.5462     -32.6329     -30.9950     -44.2144
                -35.8636     -27.0505     -22.5256     -30.2915     -24.7523
                -22.4458     -25.3229     -32.7049     -20.5657     -24.7650
                -30.3268     -34.5236     -25.3072     -35.4503     -39.7137
                -28.8995     -30.7564     -33.6634     -40.6704     -35.6600
                -35.9812     -29.3363     -23.8396     -22.0744     -19.8927
                -33.5086     -39.9230     -31.7927     -26.3622     -24.1278
                -34.2939     -32.4327     -19.6292     -31.4048     -28.3010
                -33.2516     -32.5609     -36.3109     -31.2758     -29.3465
                -24.4957     -30.8541     -41.9070     -40.3127     -27.3551
   5     60     -50.4354     -45.5895     -32.6762     -31.0382     -44.2581
                -35.9071     -27.0925     -22.5682     -30.3349     -24.7952
                -22.4884     -25.3657     -32.7481     -20.6082     -24.8076
                -30.3698     -34.5672     -25.3490     -35.4935     -39.7576
                -28.9431     -30.7988     -33.7059     -40.7127     -35.7033
                -36.0250     -29.3784     -23.8825     -22.1171     -19.9352
                -33.5507     -39.9663     -31.8364     -26.4043     -24.1707
                -34.3366     -32.4754     -19.6713     -31.4474     -28.3439
                -33.2946     -32.6048     -36.3543     -31.3178     -29.3894
                -24.5375     -30.8976     -41.9508     -40.3557     -27.3977
   5     80     -50.6186     -45.7731     -32.8614     -31.2230     -44.4443
                -36.0921     -27.2728     -22.7509     -30.5200     -24.9787
                -22.6719     -25.5487     -32.9325     -20.7910     -24.9906
                -30.5537     -34.7534     -25.5290     -35.6784     -39.9445
                -29.1290     -30.9801     -33.8874     -40.8933     -35.8877
                -36.2107     -29.5589     -24.0666     -22.3001     -20.1176
                -33.7320     -40.1517     -32.0236     -26.5850     -24.3540
                -34.5186     -32.6576     -19.8527     -31.6305     -28.5266
                -33.4774     -32.7911     -36.5396     -31.4968     -29.5736
                -24.7175     -31.0842     -42.1376     -40.5392     -27.5809
   5    100     -51.0021     -46.1578     -33.2519     -31.6114     -44.8333
                -36.4787     -27.6558     -23.1377     -30.9078     -25.3675
                -23.0614     -25.9362     -33.3202     -21.1796     -25.3804
                -30.9436     -35.1429     -25.9173     -36.0684     -40.3352
                -29.5201     -31.3663     -34.2739     -41.2769     -36.2764
                -36.5955     -29.9420     -24.4562     -22.6877     -20.5061
                -34.1203     -40.5419     -32.4164     -26.9698     -24.7437
                -34.9026     -33.0423     -20.2404     -32.0210     -28.9137
                -33.8633     -33.1789     -36.9274     -31.8791     -29.9641
                -25.1047     -31.4760     -42.5304     -40.9263     -27.9728
 
 group  inft   Estimated free energy: 2-th solvent contribution (kcal/mol)
   1      0     -60.1314     -67.4323     -82.2274     -82.2882     -67.9126
                -75.9007     -87.2767     -92.5462     -83.5648     -89.9563
                -93.8444     -88.2778     -79.6495     -95.1656     -90.7973
                -83.0227     -79.4070     -89.5401     -78.5427     -74.0479
                -85.0489     -83.6655     -81.0889     -71.8630     -77.9914
                -75.0617     -83.8964     -90.6624     -92.0850     -94.6310
                -81.4599     -74.2206     -82.4798     -87.4866     -90.2572
                -78.2400     -81.0548     -95.8756     -84.0475     -85.0199
                -78.8562     -80.8678     -77.8779     -81.9296     -85.6715
                -91.1635     -82.2766     -70.6800     -73.4127     -88.0126
   1     60     -61.0120     -68.2989     -83.0978     -83.1572     -68.7876
                -76.7642     -88.1471     -93.4155     -84.4359     -90.8195
                -94.7061     -89.1431     -80.5162     -96.0222     -91.6658
                -83.8877     -80.2823     -90.4052     -79.4111     -74.9210
                -85.9205     -84.5359     -81.9673     -72.7377     -78.8626
                -75.9267     -84.7568     -91.5255     -92.9507     -95.4925
                -82.3344     -75.0931     -83.3504     -88.3558     -91.1249
                -79.1123     -81.9274     -96.7381     -84.9175     -85.8823
                -79.7242     -81.7372     -78.7447     -82.7987     -86.5407
                -92.0341     -83.1396     -71.5567     -74.2832     -88.8820
   1     80     -64.6012     -71.8905     -86.6621     -86.7225     -72.3619
                -80.3520     -91.7261     -96.9838     -88.0124     -94.3921
                -98.2674     -92.7115     -84.0865     -99.5669     -95.2300
                -87.4469     -83.8706     -93.9568     -82.9844     -78.5004
                -89.5075     -88.1104     -85.5618     -76.3215     -82.4467
                -79.5054     -88.3245     -95.0914     -96.5094     -99.0237
                -85.9039     -78.6519     -86.9253     -91.9347     -94.6652
                -82.6775     -85.5100    -100.2735     -88.4756     -89.4423
                -83.3024     -85.3121     -82.3192     -86.3874     -90.1135
                -95.5870     -86.7159     -75.1433     -77.8349     -92.4402
   1    100     -73.0339     -80.3490     -95.1194     -95.1713     -80.8227
                -88.7703    -100.1785    -105.4433     -96.4385    -102.8375
               -106.7138    -101.1479     -92.5094    -107.9766    -103.7033
                -95.9190     -92.3337    -102.3946     -91.4497     -86.9578
                -97.9735     -96.5753     -94.0103     -84.7580     -90.9294
                -87.8955     -96.7586    -103.5344    -104.9311    -107.4354
                -94.3865     -87.1057     -95.4090    -100.3763    -103.1130
                -91.1116     -93.9513    -108.6906     -96.9452     -97.8884
                -91.7418     -93.7490     -90.7493     -94.8524     -98.5992
               -104.0458     -95.1519     -83.6066     -86.2614    -100.9089
   2      0     -60.1896     -67.4336     -82.2606     -82.3263     -67.9795
                -75.9771     -87.3248     -92.5785     -83.6330     -89.9765
                -93.8749     -88.2950     -79.6802     -95.2467     -90.9116
                -83.1218     -79.4684     -89.6378     -78.6440     -74.1795
                -85.0793     -83.7358     -81.1173     -71.9444     -78.0607
                -75.1421     -83.9036     -90.8068     -92.1690     -94.6972
                -81.5153     -74.2587     -82.5264     -87.5732     -90.3039
                -78.2605     -81.1102     -95.9523     -84.0260     -85.0027
                -78.8818     -80.9784     -77.9386     -81.9845     -85.6790
                -91.2000     -82.3461     -70.7660     -73.5102     -88.0970
   3      0     -60.2449     -67.4572     -82.2481     -82.3158     -68.0434
                -76.0207     -87.3664     -92.6161     -83.6466     -90.0009
                -93.8571     -88.3429     -79.7299     -95.2579     -90.9137
                -83.1083     -79.4992     -89.6584     -78.6153     -74.2119
                -85.0871     -83.7527     -81.1371     -71.9855     -78.0703
                -75.1822     -83.9584     -90.8195     -92.2102     -94.7515
                -81.5359     -74.2548     -82.5231     -87.5666     -90.3308
                -78.3128     -81.2077     -95.9990     -84.0072     -85.0164
                -78.9309     -81.0718     -77.9549     -81.9600     -85.7541
                -91.2186     -82.3719     -70.8099     -73.5342     -88.0774
   4      0     -60.2017     -67.5123     -82.2461     -82.2697     -68.0627
                -76.0305     -87.3518     -92.5741     -83.6585     -89.9612
                -93.8462     -88.3108     -79.7063     -95.2582     -90.8933
                -83.1022     -79.4911     -89.6582     -78.6349     -74.1889
                -85.0331     -83.7350     -81.1335     -71.9498     -78.0946
                -75.1465     -83.9338     -90.8269     -92.2224     -94.7420
                -81.5592     -74.2765     -82.5368     -87.6308     -90.3378
                -78.3067     -81.2084     -95.9887     -84.0533     -85.0063
                -78.9434     -81.0729     -77.9468     -81.9255     -85.7098
                -91.2067     -82.4298     -70.8388     -73.4966     -88.1302
   5      0     -60.3005     -67.5589     -82.2861     -82.3132     -68.1261
                -76.1107     -87.4496     -92.6499     -83.6810     -90.0126
                -93.9583     -88.4354     -79.7952     -95.2828     -90.9627
                -83.1528     -79.5571     -89.7368     -78.6603     -74.2565
                -85.1316     -83.8303     -81.2727     -72.1000     -78.1346
                -75.2335     -84.0082     -90.8624     -92.2470     -94.8010
                -81.5554     -74.3808     -82.5766     -87.6430     -90.4407
                -78.3934     -81.2926     -96.0703     -84.1079     -85.0676
                -78.9864     -81.1574     -78.0906     -81.9795     -85.7734
                -91.3109     -82.4426     -70.8939     -73.5788     -88.1344
   5     60     -61.4076     -68.6702     -83.3794     -83.4047     -69.2274
                -77.2148     -88.5462     -93.7406     -84.7765     -91.1072
                -95.0466     -89.5250     -80.8933     -96.3642     -92.0530
                -84.2458     -80.6588     -90.8271     -79.7570     -75.3578
                -86.2326     -84.9296     -82.3815     -73.2115     -79.2373
                -76.3339     -85.1040     -91.9536     -93.3396     -95.8822
                -82.6496     -75.4740     -83.6709     -88.7422     -91.5284
                -79.4900     -82.3944     -97.1511     -85.1983     -86.1624
                -80.0934     -82.2623     -79.1876     -83.0873     -86.8672
                -92.3997     -83.5361     -71.9978     -74.6733     -89.2224
   5     80     -65.5797     -72.8435     -87.5384     -87.5620     -73.4001
                -81.3948     -92.7159     -97.8994     -88.9344     -95.2633
                -99.2080     -93.6797     -85.0548    -100.5001     -96.2078
                -88.4000     -84.8425     -94.9811     -83.9230     -79.5325
                -90.4117     -89.0980     -86.5716     -77.3861     -83.4139
                -80.4881     -89.2627     -96.1110     -97.4955    -100.0029
                -86.8164     -79.6301     -87.8471     -92.9171     -95.6624
                -83.6460     -86.5718    -101.2757     -89.3429     -90.3021
                -84.2618     -86.4318     -83.3533     -87.2579     -91.0378
                -96.5554     -87.6993     -76.1811     -78.8142     -93.3747
   5    100     -73.2280     -80.5045     -95.2088     -95.2132     -81.0780
                -89.0329    -100.3626    -105.5525     -96.5771    -102.9144
               -106.8807    -101.3226     -92.6902    -108.1255    -103.8894
                -96.0692     -92.5145    -102.6499     -91.6003     -87.2123
                -98.0852     -96.7605     -94.2391     -85.0351     -91.0949
                -88.0956     -96.9024    -103.7608    -105.1442    -107.6488
                -94.5259     -87.3193     -95.5318    -100.5699    -103.3233
                -91.2912     -94.2212    -108.9353     -97.0298     -97.9546
                -91.9097     -94.0779     -91.0123     -94.8955     -98.7316
               -104.2460     -95.3603     -83.8769     -86.4731    -101.0661
 
 
 cumulative average & 95% error for solvation free energy
              total             1st component         2nd component
  1  -110.6783              -50.4203              -60.2449
  2  -111.8596     2.3625   -47.9954     4.8498   -63.8511     7.2123
  3  -112.8760     2.4481   -42.8795    10.6080   -69.9834    12.9523
  4  -112.9869     1.7452   -39.9073     9.5708   -73.0665    11.0409
  5  -112.8445     1.3815   -40.7695     7.6114   -72.0619     8.7851
  6  -112.6859     1.1717   -39.9512     6.4266   -72.7217     7.2934
  7  -112.9335     1.1072   -38.1066     6.5658   -74.8138     7.4500
  8  -113.2109     1.1078   -36.1587     6.8927   -77.0391     7.8380
  9  -113.2919     0.9903   -35.5056     6.2176   -77.7732     7.0667
 10  -113.4401     0.9340   -34.4310     5.9620   -78.9960     6.7773
 11  -113.7001     0.9921   -33.3400     5.8176   -80.3470     6.6994
 12  -113.6983     0.9056   -32.6718     5.4762   -81.0133     6.2592
 13  -113.6027     0.8547   -32.6751     5.0374   -80.9146     5.7610
 14  -113.7608     0.8521   -31.8086     4.9753   -81.9391     5.7137
 15  -113.8892     0.8338   -31.3387     4.7261   -82.5374     5.4521
 16  -113.8615     0.7819   -31.2754     4.4227   -82.5731     5.1004
 17  -113.8713     0.7348   -31.4659     4.1718   -82.3923     4.8047
 18  -113.9323     0.7034   -31.1233     3.9925   -82.7960     4.6013
 19  -113.9400     0.6655   -31.3509     3.8039   -82.5759     4.3746
 20  -113.9392     0.6314   -31.7684     3.7040   -82.1577     4.2335
 21  -113.9432     0.6006   -31.6329     3.5336   -82.2972     4.0365
 22  -113.9698     0.5751   -31.5933     3.3701   -82.3634     3.8510
 23  -114.0062     0.5543   -31.6831     3.2253   -82.3101     3.6813
 24  -113.9509     0.5422   -32.0579     3.1776   -81.8799     3.6280
 25  -113.9430     0.5203   -32.2024     3.0616   -81.7275     3.4932
 26  -113.8374     0.5426   -32.3486     2.9559   -81.4757     3.3937
 27  -113.8176     0.5236   -32.2368     2.8531   -81.5677     3.2708
 28  -113.8474     0.5081   -31.9362     2.8143   -81.8981     3.2203
 29  -113.8629     0.4912   -31.5961     2.7994   -82.2537     3.1877
 30  -113.8887     0.4774   -31.2053     2.8152   -82.6703     3.1903
 31  -113.9262     0.4678   -31.2794     2.7269   -82.6337     3.0865
 32  -113.9341     0.4532   -31.5491     2.6948   -82.3719     3.0340
 33  -113.9457     0.4399   -31.5562     2.6119   -82.3764     2.9407
 34  -113.9454     0.4267   -31.4032     2.5524   -82.5291     2.8692
 35  -113.9599     0.4154   -31.1948     2.5131   -82.7520     2.8214
 36  -113.9224     0.4106   -31.2806     2.4484   -82.6287     2.7530
 37  -113.9147     0.3996   -31.3113     2.3821   -82.5903     2.6787
 38  -113.9599     0.3994   -31.0037     2.3988   -82.9432     2.7011
 39  -113.9978     0.3963   -31.0143     2.3366   -82.9704     2.6314
 40  -113.9815     0.3876   -30.9469     2.2814   -83.0216     2.5669
 41  -113.9383     0.3878   -31.0034     2.2279   -82.9218     2.5114
 42  -113.9313     0.3787   -31.0405     2.1755   -82.8778     2.4525
 43  -113.9394     0.3701   -31.1631     2.1384   -82.7633     2.4057
 44  -113.9242     0.3629   -31.1661     2.0892   -82.7450     2.3506
 45  -113.9504     0.3586   -31.1254     2.0439   -82.8119     2.3017
 46  -113.9887     0.3590   -30.9809     2.0198   -82.9946     2.2806
 47  -113.9730     0.3527   -30.9785     1.9763   -82.9814     2.2317
 48  -113.9470     0.3491   -31.2061     1.9876   -82.7278     2.2428
 49  -113.9456     0.3419   -31.3923     1.9819   -82.5402     2.2284
 50  -113.9756     0.3403   -31.3116     1.9485   -82.6509     2.1946
 
 Mesh error is    0.100 kcal/mol
