 ERmod 0.3.8, Copyright (C) 2000-2019 Nobuyuki Matubayasi
                            2010-2019 Shun Sakuraba
 ERmod comes with ABSOLUTELY NO WARRANTY.
 This is free software, and you can redistribute it
 and/or modify it under certain conditions.
 See LICENSE file for details.
 
  Number of the   1-th solvent  =          378
  Number of the   2-th solvent  =        10000
 
  Be sure that the solvent distribution is homogeneous (radial distribution function is essentially unity) when the solvent molecule is separated beyond distance of   10.0 Angstrom in any direction from any atom within the solute molecule
 
  LJ long-range correction    =        -1.1319     -7.1533
 
  Self-energy of the solute   =         0.0009  kcal/mol
 
 
 cumulative average & 95% error for solvation energy
              total             1st component         2nd component
  1  -479.9317             -104.6943             -375.2383
  2  -480.3774     0.8914   -96.9894    15.4099  -383.3890    16.3013
  3  -480.8778     1.1255   -98.3163     9.2843  -382.5625     9.5556
  4  -481.5076     1.4899   -96.6181     7.3915  -384.8904     8.2056
  5  -481.2250     1.2850   -96.5954     5.7256  -384.6305     6.3773
  6  -481.0837     1.0866   -94.7917     5.9050  -386.2930     6.1780
  7  -480.9672     0.9475   -92.4420     6.8549  -388.5261     6.8709
  8  -481.0764     0.8491   -89.6452     8.1567  -391.4321     8.3178
  9  -480.9747     0.7759   -89.0040     7.3069  -391.9716     7.4146
 10  -481.1315     0.7616   -88.2337     6.7146  -392.8987     6.8861
 11  -481.3214     0.7867   -86.7982     6.7180  -394.5241     7.0260
 12  -481.2743     0.7243   -84.6177     7.5251  -396.6575     7.7034
 13  -481.3268     0.6745   -83.9060     7.0670  -397.4217     7.2491
 14  -481.2675     0.6356   -84.1124     6.5558  -397.1560     6.7324
 15  -481.3857     0.6372   -83.7984     6.1353  -397.5882     6.3268
 16  -481.4589     0.6137   -84.3420     5.8411  -397.1177     5.9925
 17  -481.4817     0.5783   -85.5515     5.9964  -395.9311     6.1089
 18  -481.2719     0.6880   -86.1529     5.7799  -395.1199     5.9836
 19  -481.1324     0.7081   -86.9241     5.6807  -394.2092     5.9458
 20  -481.1618     0.6743   -87.9938     5.7983  -393.1689     6.0122
 21  -481.1184     0.6473   -88.9912     5.8650  -392.1281     6.0858
 22  -481.0756     0.6230   -89.0894     5.5955  -391.9872     5.8094
 23  -481.0165     0.6070   -88.3176     5.5650  -392.6999     5.7312
 24  -480.9585     0.5926   -88.0478     5.3553  -392.9117     5.5035
 25  -480.9073     0.5776   -87.9600     5.1397  -392.9482     5.2793
 26  -480.9717     0.5697   -87.7415     4.9573  -393.2311     5.1036
 27  -481.0138     0.5546   -88.3367     4.9165  -392.6780     5.0340
 28  -480.9175     0.5681   -88.5604     4.7587  -392.3581     4.8929
 29  -480.8735     0.5552   -88.6856     4.5985  -392.1888     4.7333
 30  -480.9152     0.5428   -88.9865     4.4832  -391.9296     4.6021
 31  -481.0026     0.5533   -88.8521     4.3445  -392.1514     4.4733
 32  -480.9972     0.5359   -88.0961     4.4700  -392.9020     4.5840
 33  -481.0130     0.5204   -87.9755     4.3392  -393.0385     4.4513
 34  -481.0361     0.5069   -87.7315     4.2378  -393.3055     4.3513
 35  -481.1200     0.5200   -87.5519     4.1306  -393.5691     4.2579
 36  -481.1515     0.5093   -87.1696     4.0864  -393.9829     4.2199
 37  -481.1536     0.4954   -86.7997     4.0426  -394.3548     4.1711
 38  -481.2155     0.4978   -87.2546     4.0386  -393.9618     4.1352
 39  -481.2242     0.4852   -87.6249     4.0028  -393.6003     4.0922
 40  -481.2576     0.4776   -88.3253     4.1453  -392.9332     4.2058
 41  -481.2772     0.4674   -88.3001     4.0433  -392.9780     4.1029
 42  -481.2474     0.4600   -88.5469     3.9766  -392.7015     4.0421
 43  -481.1382     0.4995   -89.1769     4.0824  -391.9622     4.2148
 44  -481.0080     0.5531   -89.6783     4.1126  -391.3306     4.3073
 45  -480.9410     0.5571   -90.3962     4.2689  -390.5457     4.4936
 46  -480.8884     0.5549   -90.9170     4.3030  -389.9723     4.5420
 47  -480.9330     0.5502   -91.2564     4.2648  -389.6775     4.4832
 48  -480.9575     0.5409   -91.5460     4.2150  -389.4125     4.4207
 49  -481.0100     0.5400   -91.6412     4.1325  -389.3697     4.3304
 50  -481.0987     0.5580   -91.7877     4.0596  -389.3119     4.2445
 
 
 group  inft  solvation free energy     error          difference
  total solvation free energy
   1      0       -100.38101           0.26737           0.15726
   1     60       -101.25281           0.26690          -0.71454
   1     80       -104.80128           0.26591          -4.26302
   1    100       -113.30448           0.26729         -12.76622
   2      0       -100.39919           0.26470           0.13907
   3      0       -100.53826           0.26701           0.00000
   4      0       -100.52714           0.26648           0.01113
   5      0       -100.56263           0.26723          -0.02436
   5     60       -101.66972           0.26675          -1.13146
   5     80       -105.81651           0.26612          -5.27824
   5    100       -113.57527           0.26705         -13.03701
 
  contribution from  1-th solvent component
   1      0        -32.88721           1.62475          -0.01828
   1     60        -32.91776           1.62483          -0.04883
   1     80        -33.05842           1.62508          -0.18949
   1    100        -33.45480           1.62530          -0.58587
   2      0        -32.84999           1.62486           0.01894
   3      0        -32.86893           1.62391           0.00000
   4      0        -32.85717           1.62381           0.01176
   5      0        -32.85916           1.62354           0.00977
   5     60        -32.89901           1.62362          -0.03008
   5     80        -33.06860           1.62388          -0.19967
   5    100        -33.43547           1.62403          -0.56654
 
  contribution from  2-th solvent component
   1      0        -67.49472           1.76830           0.17554
   1     60        -68.33598           1.76753          -0.66572
   1     80        -71.74379           1.76529          -4.07353
   1    100        -79.85062           1.76456         -12.18035
   2      0        -67.55013           1.76427           0.12013
   3      0        -67.67026           1.76705           0.00000
   4      0        -67.67089           1.76347          -0.00063
   5      0        -67.70440           1.76491          -0.03413
   5     60        -68.77164           1.76381          -1.10138
   5     80        -72.74884           1.76149          -5.07858
   5    100        -80.14074           1.76023         -12.47048
 
 
 group  inft   Estimated free energy: total (kcal/mol)
   1      0     -99.6313    -100.3427    -100.2776    -102.1033     -99.5675
               -100.2126    -100.0710    -101.5622     -99.9660    -100.9633
               -101.4118    -100.6249    -101.0666     -99.9452    -101.5404
               -100.9061    -100.0829     -98.7180     -98.6899    -100.2638
                -99.6785    -100.1406    -100.3300    -100.1452     -99.8038
               -100.6224    -100.8222     -99.1298     -99.4588    -100.3625
               -101.4280    -100.7220    -100.8087    -100.9640    -101.5913
               -101.1292    -100.9010    -101.1912    -100.7347    -100.8236
               -101.3095    -100.5614     -98.8434     -98.0636     -98.3938
                -98.5337    -100.5896    -100.5807    -101.4514    -101.9884
   1     60    -100.5049    -101.2100    -101.1619    -102.9609    -100.4457
               -101.0849    -100.9456    -102.4283    -100.8377    -101.8367
               -102.2772    -101.4886    -101.9373    -100.8248    -102.4053
               -101.7826    -100.9525     -99.5863     -99.5678    -101.1445
               -100.5459    -101.0104    -101.1841    -101.0108    -100.6730
               -101.4889    -101.6937    -100.0032    -100.3293    -101.2332
               -102.3009    -101.5896    -101.6858    -101.8387    -102.4657
               -101.9966    -101.7721    -102.0719    -101.6057    -101.6995
               -102.1821    -101.4340     -99.7164     -98.9358     -99.2768
                -99.4107    -101.4645    -101.4565    -102.3169    -102.8637
   1     80    -104.0464    -104.7441    -104.7148    -106.4850    -103.9957
               -104.6262    -104.4734    -105.9456    -104.3856    -105.3952
               -105.8287    -105.0233    -105.4720    -104.3800    -105.9489
               -105.3334    -104.4927    -103.1338    -103.1224    -104.7100
               -104.0899    -104.5594    -104.7080    -104.5458    -104.2240
               -105.0574    -105.2560    -103.5581    -103.8771    -104.7756
               -105.8496    -105.1153    -105.2416    -105.3874    -106.0175
               -105.5271    -105.3047    -105.6567    -105.1725    -105.2675
               -105.7236    -104.9687    -103.2585    -102.4954    -102.8595
               -102.9799    -105.0359    -105.0109    -105.8627    -106.4208
   1    100    -112.5687    -113.2384    -113.2486    -114.9987    -112.4539
               -113.1021    -112.9492    -114.4610    -112.9023    -113.9069
               -114.3232    -113.5119    -113.9602    -112.9054    -114.4352
               -113.8599    -113.0074    -111.6416    -111.6195    -113.2298
               -112.5836    -113.0684    -113.1915    -113.0520    -112.7458
               -113.5428    -113.7573    -112.0349    -112.3841    -113.2516
               -114.3306    -113.6106    -113.7541    -113.9101    -114.5276
               -114.0210    -113.7878    -114.2171    -113.7072    -113.7848
               -114.2628    -113.4530    -111.7368    -110.9897    -111.3718
               -111.4581    -113.5610    -113.5228    -114.3452    -114.9361
   2      0     -99.6498    -100.3202    -100.4395    -102.1512     -99.6876
               -100.2553    -100.0266    -101.5305    -100.0169    -100.9409
               -101.4493    -100.6531    -101.1098    -100.0029    -101.4368
               -100.8544    -100.1051     -98.8025     -98.7274    -100.2887
                -99.7506    -100.1802    -100.2554    -100.2074     -99.8281
               -100.6265    -100.7771     -99.0872     -99.5252    -100.3542
               -101.4223    -100.7037    -100.8142    -100.9655    -101.6694
               -101.1427    -100.8405    -101.2247    -100.7308    -100.9146
               -101.3181    -100.6071     -98.9203     -98.0615     -98.3737
                -98.5393    -100.6518    -100.6095    -101.4484    -101.9613
   3      0     -99.6995    -100.4647    -100.5114    -102.3066     -99.8538
               -100.4616    -100.1736    -101.6661    -100.1772    -101.0898
               -101.6271    -100.7784    -101.2675    -100.1357    -101.6446
               -101.0037    -100.2250     -98.8915     -98.7989    -100.4048
                -99.8612    -100.3032    -100.4437    -100.2796     -99.9334
               -100.8567    -100.9267     -99.3078     -99.6651    -100.5306
               -101.5746    -100.8067    -100.9457    -101.0922    -101.7929
               -101.3373    -101.0160    -101.3478    -100.8679    -101.0242
               -101.4871    -100.7037     -99.0448     -98.2408     -98.4776
                -98.6754    -100.7983    -100.7184    -101.5892    -102.0828
   4      0     -99.7207    -100.3992    -100.5689    -102.3321     -99.8404
               -100.3927    -100.1541    -101.6907    -100.1140    -101.0353
               -101.6061    -100.7303    -101.2889    -100.1105    -101.5589
               -100.9368    -100.2533     -98.8987     -98.8430    -100.3838
                -99.9155    -100.3352    -100.4185    -100.3212    -100.0036
               -100.7843    -100.9424     -99.1861     -99.6432    -100.4867
               -101.4851    -100.8098    -100.8860    -101.0667    -101.8359
               -101.3030    -100.9863    -101.3823    -100.8740    -101.0297
               -101.4609    -100.7301     -99.0800     -98.1590     -98.4894
                -98.7044    -100.8065    -100.6821    -101.6141    -102.0764
   5      0     -99.7536    -100.5021    -100.5850    -102.3691     -99.8647
               -100.4823    -100.2250    -101.6556    -100.1760    -101.0407
               -101.6710    -100.7884    -101.2782    -100.1506    -101.6352
               -100.9785    -100.2514     -98.8990     -98.8371    -100.4123
                -99.8937    -100.3421    -100.4662    -100.3508     -99.9639
               -100.8908    -100.9773     -99.2719     -99.7165    -100.5668
               -101.5721    -100.8353    -100.9255    -101.1176    -101.9126
               -101.3528    -100.9878    -101.4202    -100.9047    -101.0604
               -101.4872    -100.7160     -99.0665     -98.2150     -98.5296
                -98.7550    -100.8274    -100.7164    -101.6089    -102.1243
   5     60    -100.8597    -101.5973    -101.6950    -103.4688    -100.9732
               -101.5821    -101.3308    -102.7559    -101.2829    -102.1541
               -102.7784    -101.8857    -102.3853    -101.2597    -102.7360
               -102.0876    -101.3603    -100.0083     -99.9465    -101.5280
               -101.0010    -101.4503    -101.5566    -101.4487    -101.0726
               -101.9953    -102.0949    -100.3781    -100.8311    -101.6713
               -102.6751    -101.9294    -102.0338    -102.2229    -103.0188
               -102.4581    -102.0902    -102.5328    -102.0179    -102.1770
               -102.5945    -101.8254    -100.1780     -99.3246     -99.6493
                -99.8667    -101.9429    -101.8291    -102.7092    -103.2349
   5     80    -105.0016    -105.7228    -105.8500    -107.6002    -105.1111
               -105.7187    -105.4569    -106.8864    -105.4319    -106.3121
               -106.9283    -106.0177    -106.5226    -105.4122    -106.8666
               -106.2418    -105.5077    -104.1587    -104.0938    -105.6953
               -105.1424    -105.5964    -105.6740    -105.5768    -105.2279
               -106.1454    -106.2637    -104.5214    -104.9889    -105.8150
               -106.8153    -106.0494    -106.1803    -106.3682    -107.1685
               -106.5981    -106.2194    -106.7091    -106.1863    -106.3494
               -106.7403    -105.9653    -104.3259    -103.4755    -103.8291
               -104.0245    -106.1178    -105.9797    -106.8416    -107.3938
   5    100    -112.7796    -113.4677    -113.6229    -115.3742    -112.8562
               -113.4644    -113.1750    -114.6421    -113.1937    -114.0863
               -114.6841    -113.7666    -114.2686    -113.1824    -114.6213
               -114.0185    -113.2768    -111.9138    -111.8395    -113.4776
               -112.8866    -113.3596    -113.4060    -113.3467    -113.0030
               -113.8811    -114.0267    -112.2679    -112.7521    -113.5568
               -114.5647    -113.7930    -113.9424    -114.1328    -114.9259
               -114.3458    -113.9662    -114.5144    -113.9700    -114.1203
               -114.5166    -113.7143    -112.0742    -111.2230    -111.6006
               -111.7722    -113.9061    -113.7399    -114.5825    -115.1614
 
 group  inft   Estimated free energy: 1-th solvent contribution (kcal/mol)
   1      0     -38.4486     -32.2794     -36.7206     -33.2305     -34.5406
                -30.4323     -27.4361     -24.3667     -29.6353     -28.2155
                -24.6577     -20.1073     -26.1877     -30.9330     -28.2055
                -33.5685     -38.6014     -35.0405     -36.4346     -39.5135
                -39.9417     -32.9452     -25.0511     -29.0604     -30.5034
                -28.9156     -37.3660     -33.4908     -33.0137     -35.2757
                -30.2112     -21.9083     -29.5121     -28.2092     -28.8405
                -25.4302     -25.6050     -37.9822     -37.3283     -42.0465
                -31.1686     -35.8290     -42.4594     -40.1360     -44.5006
                -41.5189     -38.9805     -38.2352     -34.4300     -35.9100
   1     60     -38.4799     -32.3099     -36.7515     -33.2608     -34.5706
                -30.4631     -27.4663     -24.3970     -29.6654     -28.2449
                -24.6874     -20.1368     -26.2186     -30.9633     -28.2364
                -33.5995     -38.6319     -35.0707     -36.4658     -39.5442
                -39.9727     -32.9755     -25.0815     -29.0908     -30.5340
                -28.9455     -37.3966     -33.5208     -33.0440     -35.3069
                -30.2414     -21.9386     -29.5423     -28.2397     -28.8709
                -25.4598     -25.6360     -38.0128     -37.3593     -42.0775
                -31.1990     -35.8603     -42.4899     -40.1668     -44.5317
                -41.5499     -39.0113     -38.2658     -34.4611     -35.9414
   1     80     -38.6222     -32.4504     -36.8927     -33.4013     -34.7087
                -30.6045     -27.6049     -24.5365     -29.8045     -28.3816
                -24.8255     -20.2742     -26.3605     -31.1020     -28.3792
                -33.7420     -38.7726     -35.2104     -36.6088     -39.6853
                -40.1155     -33.1156     -25.2229     -29.2313     -30.6750
                -29.0849     -37.5373     -33.6590     -33.1845     -35.4504
                -30.3809     -22.0781     -29.6815     -28.3800     -29.0112
                -25.5968     -25.7776     -38.1535     -37.5024     -42.2200
                -31.3389     -36.0032     -42.6299     -40.3088     -44.6731
                -41.6920     -39.1533     -38.4061     -34.6046     -36.0854
   1    100     -39.0203     -32.8461     -37.2923     -33.7992     -35.0995
                -31.0012     -27.9968     -24.9334     -30.1996     -28.7711
                -25.2174     -20.6657     -26.7588     -31.4963     -28.7786
                -34.1426     -39.1697     -35.6047     -37.0069     -40.0816
                -40.5141     -33.5105     -25.6214     -29.6258     -31.0739
                -29.4791     -37.9324     -34.0511     -33.5811     -35.8492
                -30.7752     -22.4740     -30.0764     -28.7785     -29.4086
                -25.9895     -26.1756     -38.5517     -37.9042     -42.6169
                -31.7367     -36.4021     -43.0234     -40.7045     -45.0687
                -42.0890     -39.5522     -38.8019     -35.0037     -36.4869
   2      0     -38.4019     -32.2644     -36.6972     -33.1939     -34.5207
                -30.3912     -27.3908     -24.3237     -29.6150     -28.1763
                -24.6227     -20.0872     -26.1491     -30.9085     -28.1525
                -33.5217     -38.5688     -35.0268     -36.3935     -39.4849
                -39.8923     -32.9214     -24.9771     -29.0488     -30.4495
                -28.8816     -37.3202     -33.4685     -32.9783     -35.2417
                -30.1744     -21.8765     -29.4601     -28.1736     -28.8132
                -25.3970     -25.5498     -37.9514     -37.2709     -42.0105
                -31.1155     -35.7948     -42.4261     -40.0754     -44.4718
                -41.4834     -38.9426     -38.2072     -34.3787     -35.8564
   3      0     -38.4232     -32.2811     -36.7196     -33.2226     -34.5449
                -30.4023     -27.4135     -24.3301     -29.6252     -28.2084
                -24.6601     -20.1171     -26.1669     -30.9253     -28.1853
                -33.5368     -38.5931     -35.0301     -36.4033     -39.5063
                -39.8975     -32.9477     -24.9963     -29.0542     -30.4657
                -28.9246     -37.3494     -33.4926     -32.9904     -35.2581
                -30.1937     -21.8894     -29.4873     -28.1968     -28.8316
                -25.4187     -25.5852     -37.9673     -37.2929     -42.0325
                -31.1434     -35.7997     -42.4327     -40.0779     -44.4791
                -41.5011     -38.9610     -38.2188     -34.3974     -35.8682
   4      0     -38.4051     -32.2689     -36.7094     -33.2242     -34.5410
                -30.3895     -27.4097     -24.3167     -29.6199     -28.1941
                -24.6473     -20.1118     -26.1552     -30.9189     -28.1493
                -33.5219     -38.5650     -35.0308     -36.3955     -39.4878
                -39.8939     -32.9266     -24.9977     -29.0694     -30.4474
                -28.9084     -37.3365     -33.4811     -32.9768     -35.2415
                -30.1776     -21.8931     -29.4774     -28.1682     -28.8152
                -25.4108     -25.5525     -37.9748     -37.2687     -42.0134
                -31.1383     -35.7857     -42.4212     -40.0536     -44.4821
                -41.4984     -38.9419     -38.2154     -34.3791     -35.8504
   5      0     -38.4144     -32.2684     -36.7159     -33.2239     -34.5443
                -30.4073     -27.4174     -24.3082     -29.6120     -28.1907
                -24.6450     -20.1222     -26.1399     -30.9273     -28.1535
                -33.5233     -38.5908     -35.0195     -36.4043     -39.5109
                -39.8913     -32.9343     -24.9879     -29.0695     -30.4555
                -28.9263     -37.3266     -33.4879     -32.9864     -35.2460
                -30.1781     -21.8980     -29.4759     -28.1879     -28.8199
                -25.4206     -25.5518     -37.9728     -37.2663     -42.0189
                -31.1293     -35.7810     -42.4058     -40.0533     -44.4658
                -41.4933     -38.9469     -38.2091     -34.3847     -35.8478
   5     60     -38.4548     -32.3081     -36.7559     -33.2636     -34.5834
                -30.4473     -27.4568     -24.3479     -29.6514     -28.2295
                -24.6838     -20.1609     -26.1800     -30.9668     -28.1937
                -33.5637     -38.6307     -35.0590     -36.4447     -39.5509
                -39.9317     -32.9740     -25.0279     -29.1095     -30.4955
                -28.9657     -37.3667     -33.5270     -33.0262     -35.2867
                -30.2176     -21.9374     -29.5153     -28.2275     -28.8598
                -25.4595     -25.5920     -38.0125     -37.3067     -42.0595
                -31.1690     -35.8216     -42.4455     -40.0935     -44.5059
                -41.5335     -38.9871     -38.2488     -34.4252     -35.8887
   5     80     -38.6258     -32.4772     -36.9258     -33.4329     -34.7496
                -30.6180     -27.6243     -24.5168     -29.8193     -28.3950
                -24.8502     -20.3267     -26.3507     -31.1346     -28.3648
                -33.7355     -38.8003     -35.2277     -36.6162     -39.7210
                -40.1033     -33.1430     -25.1983     -29.2793     -30.6656
                -29.1338     -37.5370     -33.6934     -33.1955     -35.4597
                -30.3861     -22.1058     -29.6832     -28.3966     -29.0296
                -25.6258     -25.7628     -38.1820     -37.4786     -42.2318
                -31.3379     -35.9936     -42.6146     -40.2640     -44.6760
                -41.7044     -39.1583     -38.4177     -34.5976     -36.0621
   5    100     -38.9939     -32.8438     -37.2944     -33.8007     -35.1123
                -30.9849     -27.9877     -24.8831     -30.1853     -28.7574
                -25.2133     -20.6898     -26.7189     -31.4999     -28.7345
                -34.1062     -39.1684     -35.5929     -36.9833     -40.0884
                -40.4712     -33.5091     -25.5660     -29.6461     -31.0344
                -29.4985     -37.9031     -34.0561     -33.5628     -35.8289
                -30.7518     -22.4730     -30.0486     -28.7645     -29.3977
                -25.9906     -26.1319     -38.5500     -37.8494     -42.5999
                -31.7050     -36.3626     -42.9795     -40.6291     -45.0418
                -42.0716     -39.5276     -38.7839     -34.9665     -36.4333
 
 group  inft   Estimated free energy: 2-th solvent contribution (kcal/mol)
   1      0     -61.1836     -68.0643     -63.5579     -68.8738     -65.0278
                -69.7812     -72.6358     -77.1964     -70.3317     -72.7488
                -76.7551     -80.5185     -74.8798     -69.0131     -73.3358
                -67.3385     -61.4824     -63.6784     -62.2563     -60.7513
                -59.7376     -67.1962     -75.2799     -71.0858     -69.3014
                -71.7077     -63.4572     -65.6399     -66.4460     -65.0877
                -71.2177     -78.8146     -71.2975     -72.7557     -72.7517
                -75.6998     -75.2969     -63.2099     -63.4073     -58.7781
                -70.1418     -64.7334     -56.3849     -57.9286     -53.8941
                -57.0158     -61.6100     -62.3464     -67.0222     -66.0793
   1     60     -62.0260     -68.9010     -64.4113     -69.7011     -65.8760
                -70.6228     -73.4803     -78.0322     -71.1732     -73.5928
                -77.5908     -81.3527     -75.7196     -69.8625     -74.1698
                -68.1840     -62.3215     -64.5165     -63.1029     -61.6012
                -60.5741     -68.0358     -76.1036     -71.9209     -70.1399
                -72.5443     -64.2980     -66.4834     -67.2862     -65.9272
                -72.0605     -79.6520     -72.1444     -73.6000     -73.5957
                -76.5378     -76.1370     -64.0600     -64.2473     -59.6230
                -70.9841     -65.5747     -57.2274     -58.7700     -54.7461
                -57.8617     -62.4541     -63.1916     -67.8568     -66.9233
   1     80     -65.4252     -72.2946     -67.8230     -73.0846     -69.2880
                -74.0226     -76.8694     -81.4100     -74.5820     -77.0145
                -81.0041     -84.7501     -79.1124     -73.2790     -77.5707
                -71.5924     -65.7211     -67.9244     -66.5145     -65.0257
                -63.9754     -71.4448     -79.4861     -75.3154     -73.5499
                -75.9734     -67.7196     -69.9001     -70.6935     -69.3261
                -75.4696     -83.0381     -75.5610     -77.0083     -77.0072
                -79.9313     -79.5281     -67.5041     -67.6710     -63.0484
                -74.3856     -68.9665     -60.6296     -62.1876     -58.1873
                -61.2888     -65.8835     -66.6057     -71.2591     -70.3363
   1    100     -73.5494     -80.3932     -75.9572     -81.2005     -77.3553
                -82.1018     -84.9533     -89.5285     -82.7037     -85.1367
                -89.1067     -92.8471     -87.2023     -81.4101     -85.6575
                -79.7182     -73.8386     -76.0378     -74.6135     -73.1491
                -72.0704     -79.5588     -87.5710     -83.4271     -81.6729
                -84.0646     -75.8258     -77.9847     -78.8040     -77.4033
                -83.5563     -91.1375     -83.6786     -85.1325     -85.1200
                -88.0325     -87.6132     -75.6663     -75.8039     -71.1688
                -82.5271     -77.0519     -68.7143     -70.2862     -66.3041
                -69.3701     -74.0097     -74.7218     -79.3425     -78.4502
   2      0     -61.2489     -68.0567     -63.7433     -68.9583     -65.1678
                -69.8650     -72.6367     -77.2077     -70.4028     -72.7655
                -76.8276     -80.5668     -74.9616     -69.0954     -73.2853
                -67.3337     -61.5372     -63.7767     -62.3348     -60.8047
                -59.8592     -67.2597     -75.2792     -71.1596     -69.3795
                -71.7459     -63.4578     -65.6197     -66.5478     -65.1134
                -71.2488     -78.8281     -71.3550     -72.7928     -72.8571
                -75.7466     -75.2916     -63.2742     -63.4609     -58.9050
                -70.2035     -64.8133     -56.4951     -57.9870     -53.9028
                -57.0568     -61.7101     -62.4032     -67.0706     -66.1058
   3      0     -61.2772     -68.1846     -63.7927     -69.0850     -65.3098
                -70.0602     -72.7611     -77.3369     -70.5529     -72.8823
                -76.9680     -80.6621     -75.1016     -69.2113     -73.4603
                -67.4678     -61.6329     -63.8624     -62.3965     -60.8994
                -59.9646     -67.3565     -75.4483     -71.2264     -69.4686
                -71.9330     -63.5782     -65.8161     -66.6757     -65.2734
                -71.3818     -78.9182     -71.4594     -72.8963     -72.9622
                -75.9196     -75.4317     -63.3814     -63.5759     -58.9926
                -70.3446     -64.9049     -56.6131     -58.1639     -53.9994
                -57.1752     -61.8383     -62.5006     -67.1927     -66.2156
   4      0     -61.3165     -68.1313     -63.8605     -69.1089     -65.3004
                -70.0042     -72.7453     -77.3749     -70.4950     -72.8421
                -76.9598     -80.6194     -75.1347     -69.1925     -73.4106
                -67.4157     -61.6893     -63.8689     -62.4485     -60.8970
                -60.0225     -67.4095     -75.4218     -71.2527     -69.5572
                -71.8768     -63.6068     -65.7059     -66.6674     -65.2462
                -71.3084     -78.9176     -71.4095     -72.8994     -73.0217
                -75.8931     -75.4348     -63.4084     -63.6062     -59.0172
                -70.3236     -64.9454     -56.6597     -58.1064     -54.0082
                -57.2069     -61.8655     -62.4676     -67.2360     -66.2269
   5      0     -61.3402     -68.2346     -63.8700     -69.1461     -65.3214
                -70.0759     -72.8085     -77.3484     -70.5650     -72.8509
                -77.0270     -80.6672     -75.1393     -69.2242     -73.4827
                -67.4561     -61.6615     -63.8804     -62.4337     -60.9023
                -60.0034     -67.4088     -75.4792     -71.2822     -69.5094
                -71.9654     -63.6516     -65.7849     -66.7310     -65.3218
                -71.3949     -78.9382     -71.4506     -72.9307     -73.0936
                -75.9331     -75.4369     -63.4483     -63.6393     -59.0424
                -70.3588     -64.9359     -56.6616     -58.1627     -54.0647
                -57.2627     -61.8814     -62.5083     -67.2251     -66.2774
   5     60     -62.4058     -69.2902     -64.9400     -70.2061     -66.3908
                -71.1357     -73.8749     -78.4090     -71.6325     -73.9255
                -78.0955     -81.7257     -76.2063     -70.2939     -74.5433
                -68.5248     -62.7306     -64.9502     -63.5027     -61.9780
                -61.0702     -68.4773     -76.5296     -72.3401     -70.5781
                -73.0306     -64.7291     -66.8521     -67.8058     -66.3856
                -72.4584     -79.9929     -72.5194     -73.9963     -74.1599
                -76.9995     -76.4991     -64.5212     -64.7121     -60.1184
                -71.4264     -66.0047     -57.7334     -59.2320     -55.1442
                -58.3341     -62.9567     -63.5811     -68.2849     -67.3471
   5     80     -66.3767     -73.2466     -68.9250     -74.1683     -70.3624
                -75.1017     -77.8335     -82.3705     -75.6135     -77.9180
                -82.0790     -85.6919     -80.1729     -74.2786     -78.5027
                -72.5072     -66.7083     -68.9319     -67.4785     -65.9752
                -65.0400     -72.4543     -80.4765     -76.2985     -74.5632
                -77.0125     -68.7277     -70.8289     -71.7943     -70.3562
                -76.4301     -83.9445     -76.4980     -77.9725     -78.1398
                -80.9732     -80.4575     -68.5280     -68.7086     -64.1185
                -75.4033     -69.9727     -61.7122     -63.2124     -59.1540
                -62.3211     -66.9604     -67.5630     -72.2449     -71.3326
   5    100     -73.7867     -80.6249     -76.3294     -81.5744     -77.7448
                -82.4803     -85.1883     -89.7599     -83.0093     -85.3298
                -89.4717     -93.0778     -87.5506     -81.6835     -85.8878
                -79.9132     -74.1093     -76.3218     -74.8571     -73.3902
                -72.4163     -79.8514     -87.8409     -83.7015     -81.9696
                -84.3836     -76.1246     -78.2127     -79.1902     -77.7289
                -83.8139     -91.3209     -83.8948     -85.3692     -85.5291
                -88.3561     -87.8352     -75.9654     -76.1215     -71.5213
                -82.8126     -77.3526     -69.0956     -70.5948     -66.5597
                -69.7016     -74.3794     -74.9570     -79.6169     -78.7291
 
 
 cumulative average & 95% error for solvation free energy
              total             1st component         2nd component
  1   -99.6995              -38.4232              -61.2772
  2  -100.0821     0.7653   -35.3521     6.1421   -64.7309     6.9074
  3  -100.2252     0.5264   -35.8079     3.6614   -64.4182     4.0367
  4  -100.7455     1.1053   -35.1616     2.8938   -65.5849     3.6868
  5  -100.5672     0.9275   -35.0383     2.2551   -65.5299     2.8579
  6  -100.5496     0.7581   -34.2656     2.4038   -66.2849     2.7795
  7  -100.4959     0.6497   -33.2867     2.8214   -67.2101     2.9903
  8  -100.6422     0.6341   -32.1672     3.3142   -68.4759     3.6216
  9  -100.5905     0.5687   -31.8847     2.9769   -68.7067     3.2271
 10  -100.6404     0.5184   -31.5171     2.7623   -69.1243     3.0048
 11  -100.7301     0.5020   -30.8937     2.7924   -69.8373     3.0694
 12  -100.7342     0.4584   -29.9957     3.1183   -70.7394     3.3325
 13  -100.7752     0.4296   -29.7012     2.9283   -71.0750     3.1381
 14  -100.7295     0.4080   -29.7886     2.7167   -70.9418     2.9175
 15  -100.7905     0.3990   -29.6817     2.5381   -71.1097     2.7367
 16  -100.8038     0.3742   -29.9227     2.4226   -70.8821     2.6001
 17  -100.7698     0.3580   -30.4327     2.4938   -70.3380     2.6738
 18  -100.6654     0.3968   -30.6881     2.4060   -69.9783     2.6216
 19  -100.5672     0.4237   -30.9889     2.3540   -69.5792     2.6050
 20  -100.5591     0.4023   -31.4148     2.3902   -69.1452     2.6193
 21  -100.5259     0.3884   -31.8187     2.4128   -68.7081     2.6405
 22  -100.5157     0.3708   -31.8700     2.3028   -68.6466     2.5206
 23  -100.5126     0.3544   -31.5712     2.2801   -68.9424     2.4800
 24  -100.5029     0.3399   -31.4663     2.1931   -69.0375     2.3821
 25  -100.4801     0.3292   -31.4263     2.1051   -69.0548     2.2851
 26  -100.4946     0.3176   -31.3301     2.0316   -69.1655     2.2066
 27  -100.5106     0.3073   -31.5530     2.0051   -68.9585     2.1632
 28  -100.4676     0.3083   -31.6223     1.9371   -68.8463     2.0966
 29  -100.4400     0.3026   -31.6694     1.8715   -68.7715     2.0285
 30  -100.4430     0.2924   -31.7891     1.8238   -68.6549     1.9736
 31  -100.4795     0.2921   -31.7376     1.7670   -68.7428     1.9169
 32  -100.4897     0.2835   -31.4298     1.8183   -69.0608     1.9620
 33  -100.5035     0.2762   -31.3710     1.7662   -69.1335     1.9072
 34  -100.5209     0.2702   -31.2776     1.7236   -69.2442     1.8634
 35  -100.5572     0.2722   -31.2077     1.6795   -69.3504     1.8218
 36  -100.5789     0.2681   -31.0469     1.6636   -69.5329     1.8077
 37  -100.5907     0.2618   -30.8993     1.6447   -69.6923     1.7869
 38  -100.6106     0.2579   -31.0853     1.6435   -69.5262     1.7706
 39  -100.6172     0.2516   -31.2445     1.6321   -69.3736     1.7514
 40  -100.6274     0.2460   -31.5142     1.6798   -69.1141     1.7842
 41  -100.6483     0.2436   -31.5051     1.6384   -69.1441     1.7412
 42  -100.6497     0.2377   -31.6074     1.6119   -69.0432     1.7112
 43  -100.6123     0.2438   -31.8591     1.6526   -68.7541     1.7681
 44  -100.5584     0.2615   -32.0459     1.6572   -68.5134     1.7933
 45  -100.5122     0.2718   -32.3222     1.7116   -68.1909     1.8679
 46  -100.4723     0.2776   -32.5218     1.7209   -67.9514     1.8886
 47  -100.4792     0.2720   -32.6588     1.7061   -67.8214     1.8662
 48  -100.4842     0.2664   -32.7746     1.6861   -67.7105     1.8403
 49  -100.5067     0.2648   -32.8077     1.6527   -67.6999     1.8025
 50  -100.5383     0.2670   -32.8689     1.6239   -67.6703     1.7670
 
 Mesh error is    0.157 kcal/mol
