 ERmod 0.3.8, Copyright (C) 2000-2019 Nobuyuki Matubayasi
                            2010-2019 Shun Sakuraba
 ERmod comes with ABSOLUTELY NO WARRANTY.
 This is free software, and you can redistribute it
 and/or modify it under certain conditions.
 See LICENSE file for details.
 
  Number of the   1-th solvent  =         1472
  Number of the   2-th solvent  =        10000
 
  Be sure that the solvent distribution is homogeneous (radial distribution function is essentially unity) when the solvent molecule is separated beyond distance of   10.0 Angstrom in any direction from any atom within the solute molecule
 
  LJ long-range correction    =        -3.5283     -5.7260
 
  Self-energy of the solute   =        -0.0085  kcal/mol
 
 
 cumulative average & 95% error for solvation energy
              total             1st component         2nd component
  1  -512.6470             -182.5557             -330.0828
  2  -512.4363     0.4214  -171.5529    22.0056  -340.8749    21.5841
  3  -513.0443     1.2400  -174.8007    14.2691  -338.2350    13.5339
  4  -512.3249     1.6848  -176.6701    10.7602  -335.6463    10.8807
  5  -511.0021     2.9500  -186.9939    22.2663  -323.9998    24.7710
  6  -510.7803     2.4492  -192.2245    20.9754  -318.5472    22.9780
  7  -511.0445     2.1363  -191.3593    17.8117  -319.6767    19.5509
  8  -511.1185     1.8560  -188.3682    16.5448  -322.7419    18.0072
  9  -511.1769     1.6410  -183.2705    17.8001  -327.8979    18.9352
 10  -511.4641     1.5761  -180.5616    16.8175  -330.8940    17.9649
 11  -511.6553     1.4761  -181.2538    15.2749  -330.3930    16.2807
 12  -512.0136     1.5262  -179.8486    14.2244  -332.1565    15.2750
 13  -512.1054     1.4159  -176.0144    15.1660  -336.0825    16.0960
 14  -512.0537     1.3149  -173.4515    14.9474  -338.5937    15.7256
 15  -512.2688     1.2976  -172.9955    13.9451  -339.2648    14.7012
 16  -512.4683     1.2776  -174.5693    13.4188  -337.8906    14.0237
 17  -512.4418     1.2013  -175.0293    12.6383  -337.4040    13.2088
 18  -512.4271     1.1330  -175.5396    11.9591  -336.8790    12.4976
 19  -512.2719     1.1157  -176.8773    11.6243  -335.3862    12.1927
 20  -511.9998     1.1902  -177.6218    11.1278  -334.3695    11.7444
 21  -511.8665     1.1631  -177.6858    10.5854  -334.1722    11.1781
 22  -511.7639     1.1278  -177.2309    10.1338  -334.5245    10.6812
 23  -511.7863     1.0786  -177.0444     9.6903  -334.7334    10.2148
 24  -511.8597     1.0430  -176.9640     9.2792  -334.8872     9.7847
 25  -512.0130     1.0464  -176.6768     8.9188  -335.3278     9.4265
 26  -512.1645     1.0500  -175.6690     8.8027  -336.4870     9.3487
 27  -512.1983     1.0126  -174.6806     8.6981  -337.5093     9.2252
 28  -512.2193     0.9767  -174.0100     8.4883  -338.2009     8.9966
 29  -512.3937     1.0048  -172.8603     8.5070  -339.5249     9.0758
 30  -512.2908     0.9924  -172.7800     8.2201  -339.5023     8.7681
 31  -511.9935     1.1290  -173.5710     8.1064  -338.4140     8.7554
 32  -511.8363     1.1375  -174.1163     7.9244  -337.7115     8.5931
 33  -511.8812     1.1061  -174.0682     7.6811  -337.8045     8.3307
 34  -511.9199     1.0759  -173.8857     7.4607  -338.0257     8.0940
 35  -511.9456     1.0460  -173.7960     7.2466  -338.1411     7.8628
 36  -511.9171     1.0181  -174.2051     7.0898  -337.7035     7.6912
 37  -511.8081     1.0139  -174.4094     6.9077  -337.3902     7.5066
 38  -511.7120     1.0054  -174.9195     6.8004  -336.7840     7.4063
 39  -511.6572     0.9854  -174.7007     6.6381  -336.9480     7.2214
 40  -511.7041     0.9650  -174.6664     6.4704  -337.0292     7.0404
 41  -511.6263     0.9540  -174.5581     6.3143  -337.0597     6.8668
 42  -511.6613     0.9336  -174.7196     6.1706  -336.9332     6.7061
 43  -511.5820     0.9253  -175.2291     6.1110  -336.3445     6.6533
 44  -511.5837     0.9041  -175.6046     6.0175  -335.9706     6.5432
 45  -511.5720     0.8841  -175.8098     5.8966  -335.7537     6.4108
 46  -511.4710     0.8879  -176.0827     5.7927  -335.3799     6.3143
 47  -511.5140     0.8730  -175.5740     5.7587  -335.9315     6.2763
 48  -511.5407     0.8563  -174.7691     5.8628  -336.7631     6.3653
 49  -511.5842     0.8432  -174.9533     5.7537  -336.6224     6.2404
 50  -511.5224     0.8353  -175.3412     5.6906  -336.1726     6.1801
 
 
 group  inft  solvation free energy     error          difference
  total solvation free energy
   1      0       -133.79466           0.40886           0.09507
   1     60       -135.78076           0.40865          -1.89104
   1     80       -140.80307           0.40732          -6.91334
   1    100       -149.19117           0.40635         -15.30145
   2      0       -133.82257           0.40620           0.06716
   3      0       -133.88973           0.40638           0.00000
   4      0       -133.83467           0.40580           0.05506
   5      0       -133.93948           0.40842          -0.04975
   5     60       -136.34767           0.40779          -2.45794
   5     80       -141.85919           0.40638          -7.96946
   5    100       -149.37723           0.40617         -15.48750
 
  contribution from  1-th solvent component
   1      0        -64.05996           2.32308           0.01554
   1     60        -64.37559           2.32322          -0.30009
   1     80        -65.17760           2.32365          -1.10210
   1    100        -66.60885           2.32374          -2.53335
   2      0        -64.04207           2.32391           0.03343
   3      0        -64.07550           2.32402           0.00000
   4      0        -64.07012           2.32440           0.00537
   5      0        -64.09612           2.32467          -0.02062
   5     60        -64.47853           2.32489          -0.40303
   5     80        -65.36476           2.32533          -1.28926
   5    100        -66.65383           2.32536          -2.57833
 
  contribution from  2-th solvent component
   1      0        -69.72619           2.59024           0.07953
   1     60        -71.39668           2.58974          -1.59095
   1     80        -75.61696           2.58800          -5.81124
   1    100        -82.57382           2.58617         -12.76810
   2      0        -69.77200           2.58768           0.03373
   3      0        -69.80573           2.58931           0.00000
   4      0        -69.75604           2.58733           0.04968
   5      0        -69.83486           2.58845          -0.02913
   5     60        -71.86064           2.58755          -2.05491
   5     80        -76.48593           2.58570          -6.68020
   5    100        -82.71490           2.58440         -12.90918
 
 
 group  inft   Estimated free energy: total (kcal/mol)
   1      0    -134.0408    -134.8429    -134.7056    -133.7024    -130.4524
               -132.4334    -133.6408    -133.0939    -134.7746    -134.8484
               -134.4803    -136.2047    -134.7474    -134.3768    -135.2875
               -135.3149    -133.5680    -134.0882    -133.3466    -132.0446
               -132.5283    -132.9606    -134.1958    -134.4790    -135.9930
               -136.3572    -134.6719    -134.2138    -136.7781    -132.5071
               -129.7639    -132.0774    -134.7368    -134.8482    -134.7330
               -133.6751    -132.6689    -132.0748    -133.2404    -134.5317
               -131.9278    -133.7303    -132.7056    -133.5582    -132.5413
               -131.4320    -134.5034    -134.9285    -134.8337    -132.5429
   1     60    -136.0297    -136.8332    -136.6908    -135.6802    -132.4398
               -134.4262    -135.6309    -135.0795    -136.7557    -136.8343
               -136.4718    -138.1951    -136.7242    -136.3553    -137.2731
               -137.3053    -135.5506    -136.0738    -135.3272    -134.0216
               -134.5146    -134.9398    -136.1847    -136.4722    -137.9724
               -138.3362    -136.6543    -136.2000    -138.7595    -134.4996
               -131.7430    -134.0650    -136.7194    -136.8340    -136.7239
               -135.6593    -134.6542    -134.0691    -135.2193    -136.5257
               -133.9151    -135.7206    -134.6997    -135.5550    -134.5301
               -133.4220    -136.4832    -136.9105    -136.8220    -134.5352
   1     80    -141.0590    -141.8704    -141.7119    -140.6866    -137.4767
               -139.4673    -140.6720    -140.1015    -141.7732    -141.8567
               -141.5130    -143.2150    -141.7175    -141.3573    -142.2963
               -142.3412    -140.5675    -141.0902    -140.3406    -139.0378
               -139.5319    -139.9419    -141.2173    -141.5013    -142.9719
               -143.3456    -141.6742    -141.2192    -143.7677    -139.5347
               -136.7626    -139.0979    -141.7464    -141.8480    -141.7380
               -140.6679    -139.6732    -139.1049    -140.2256    -141.5637
               -138.9488    -140.7603    -139.7419    -140.6042    -139.5666
               -138.4542    -141.4844    -141.9121    -141.8329    -139.5625
   1    100    -149.4452    -150.2816    -150.0837    -149.0772    -145.8873
               -147.8802    -149.0574    -148.4595    -150.1629    -150.2398
               -149.9044    -151.5902    -150.1009    -149.7276    -150.6787
               -150.7475    -148.9458    -149.4647    -148.7448    -147.4123
               -147.9114    -148.3141    -149.6270    -149.8878    -151.3449
               -151.7362    -150.0595    -149.5992    -152.1523    -147.9323
               -145.1571    -147.5111    -150.1291    -150.2469    -150.1188
               -149.0562    -148.0682    -147.4888    -148.6028    -149.9644
               -147.3325    -149.1557    -148.1591    -149.0195    -147.9495
               -146.8378    -149.8308    -150.2974    -150.2061    -147.9701
   2      0    -134.0730    -134.8043    -134.7640    -133.6600    -130.5032
               -132.4856    -133.5953    -133.0872    -134.7432    -134.8553
               -134.4769    -136.2151    -134.7777    -134.4263    -135.2696
               -135.3141    -133.6187    -134.1268    -133.4282    -132.0306
               -132.5672    -133.0049    -134.2480    -134.5604    -136.0384
               -136.3448    -134.6867    -134.2138    -136.7870    -132.5483
               -129.7891    -132.1268    -134.8080    -134.9112    -134.7516
               -133.6892    -132.6830    -132.1572    -133.2824    -134.5741
               -131.9638    -133.7616    -132.7329    -133.5952    -132.6158
               -131.4792    -134.4844    -134.9374    -134.8981    -132.6324
   3      0    -134.0922    -134.8732    -134.8080    -133.7460    -130.5454
               -132.5474    -133.6822    -133.2116    -134.8311    -134.9713
               -134.5342    -136.3048    -134.8192    -134.4557    -135.3432
               -135.3649    -133.6414    -134.1743    -133.4718    -132.1309
               -132.6364    -133.0615    -134.3082    -134.6751    -136.0645
               -136.3770    -134.7978    -134.3368    -136.9081    -132.6688
               -129.9087    -132.1524    -134.8537    -134.9888    -134.8051
               -133.7198    -132.7071    -132.2189    -133.3138    -134.6335
               -132.0353    -133.8274    -132.8522    -133.6825    -132.6814
               -131.5312    -134.5704    -134.9855    -135.0019    -132.6336
   4      0    -134.0593    -134.8040    -134.7897    -133.6478    -130.5446
               -132.4996    -133.6072    -133.1213    -134.7694    -134.8818
               -134.5182    -136.2728    -134.8069    -134.4553    -135.2926
               -135.3480    -133.6631    -134.1604    -133.4040    -132.0699
               -132.5952    -132.9900    -134.2344    -134.5847    -136.0391
               -136.2975    -134.6644    -134.2095    -136.8030    -132.5237
               -129.8826    -132.1662    -134.8133    -134.9235    -134.7689
               -133.6803    -132.6426    -132.1725    -133.3202    -134.6317
               -131.9226    -133.7651    -132.7217    -133.6023    -132.5973
               -131.4795    -134.4920    -134.9349    -134.9486    -132.6102
   5      0    -134.1564    -134.9607    -134.8729    -133.8092    -130.6373
               -132.5794    -133.7512    -133.2536    -134.8557    -134.9985
               -134.5521    -136.4078    -134.8659    -134.4426    -135.3849
               -135.5334    -133.7178    -134.2818    -133.5199    -132.2158
               -132.7129    -133.1153    -134.4111    -134.7023    -136.1567
               -136.4138    -134.8393    -134.3923    -136.9516    -132.6713
               -129.9408    -132.2158    -134.9414    -135.0472    -134.8518
               -133.7254    -132.7524    -132.3088    -133.3262    -134.6594
               -132.0106    -133.8145    -132.8513    -133.7566    -132.6936
               -131.5508    -134.5914    -135.0570    -135.0397    -132.6758
   5     60    -136.5686    -137.3721    -137.2741    -136.2066    -133.0531
               -134.9961    -136.1656    -135.6596    -137.2579    -137.4095
               -136.9648    -138.8149    -137.2597    -136.8378    -137.7943
               -137.9507    -136.1216    -136.6882    -135.9235    -134.6186
               -135.1219    -135.5171    -136.8263    -137.1158    -138.5545
               -138.8144    -137.2437    -136.8007    -139.3536    -135.0836
               -132.3468    -134.6249    -137.3500    -137.4539    -137.2589
               -136.1252    -135.1567    -134.7273    -135.7250    -137.0768
               -134.4224    -136.2318    -135.2723    -136.1790    -135.1127
               -133.9664    -136.9894    -137.4574    -137.4483    -135.0892
   5     80    -142.0848    -142.8947    -142.7800    -141.7063    -138.5824
               -140.5298    -141.6908    -141.1681    -142.7587    -142.9200
               -142.4846    -144.3229    -142.7441    -142.3227    -143.3052
               -143.4784    -141.6287    -142.1964    -141.4267    -140.1188
               -140.6306    -141.0105    -142.3484    -142.6353    -144.0435
               -144.3094    -142.7573    -142.3140    -144.8574    -140.6095
               -137.8612    -140.1431    -142.8673    -142.9644    -142.7603
               -141.6187    -140.6602    -140.2503    -141.2140    -142.6015
               -139.9473    -141.7640    -140.8098    -141.7198    -140.6426
               -139.4906    -142.4776    -142.9503    -142.9519    -140.6047
   5    100    -149.6015    -150.4350    -150.2966    -149.2156    -146.1078
               -148.0735    -149.1998    -148.6590    -150.2792    -150.4290
               -150.0055    -151.8469    -150.2620    -149.8280    -150.8131
               -151.0039    -149.1365    -149.7131    -148.9630    -147.6182
               -148.1441    -148.5119    -149.8848    -150.1600    -151.5473
               -151.8239    -150.2726    -149.8351    -152.3705    -148.1276
               -145.3793    -147.6739    -150.3845    -150.5009    -150.2692
               -149.1352    -148.1829    -147.7616    -148.7153    -150.1251
               -147.4584    -149.2824    -148.3578    -149.2723    -148.1594
               -147.0017    -149.9672    -150.4659    -150.4623    -148.1411
 
 group  inft   Estimated free energy: 1-th solvent contribution (kcal/mol)
   1      0     -67.0608     -58.2448     -67.0614     -67.2421     -85.2373
                -81.7776     -68.3837     -60.1210     -50.2782     -56.0301
                -69.6601     -60.2025     -45.8597     -49.7731     -60.6064
                -73.4865     -67.6755     -68.1246     -74.9637     -70.5339
                -65.0557     -60.9656     -63.2500     -64.1821     -62.3562
                -53.9567     -53.2849     -56.2852     -49.8538     -61.5974
                -72.0980     -69.9149     -62.8335     -61.5576     -62.2473
                -70.2956     -66.9279     -70.9762     -60.5137     -62.8745
                -60.9947     -66.1471     -72.6836     -71.0345     -67.4026
                -68.8575     -54.3790     -48.0894     -67.8859     -72.1742
   1     60     -67.3783     -58.5620     -67.3770     -67.5574     -85.5546
                -82.0926     -68.6994     -60.4356     -50.5921     -56.3435
                -69.9767     -60.5179     -46.1741     -50.0884     -60.9225
                -73.8042     -67.9887     -68.4416     -75.2781     -70.8476
                -65.3728     -61.2813     -63.5680     -64.4985     -62.6712
                -54.2706     -53.5966     -56.5998     -50.1674     -61.9127
                -72.4114     -70.2296     -63.1493     -61.8720     -62.5630
                -70.6084     -67.2440     -71.2940     -60.8282     -63.1923
                -61.3093     -66.4623     -72.9999     -71.3530     -67.7193
                -69.1742     -54.6960     -48.4062     -68.2027     -72.4927
   1     80     -68.1851     -59.3681     -68.1795     -68.3592     -86.3622
                -82.8937     -69.5034     -61.2356     -51.3904     -57.1407
                -70.7821     -61.3177     -46.9718     -50.8887     -61.7263
                -74.6120     -68.7854     -69.2463     -76.0776     -71.6472
                -66.1776     -62.0828     -64.3765     -65.3012     -63.4710
                -55.0691     -54.3904     -57.3990     -50.9640     -62.7137
                -73.2098     -71.0297     -63.9534     -62.6701     -63.3622
                -71.4024     -68.0470     -72.1006     -61.6273     -63.9991
                -62.1102     -67.2648     -73.8032     -72.1620     -68.5256
                -69.9793     -55.5004     -49.2092     -69.0056     -73.2999
   1    100     -69.6204     -60.8058     -69.6092     -69.7910     -87.7981
                -84.3238     -70.9326     -62.6610     -52.8167     -58.5679
                -72.2160     -62.7465     -48.4053     -52.3195     -63.1608
                -76.0478     -70.2059     -70.6776     -77.5044     -73.0717
                -67.6113     -63.5145     -65.8223     -66.7352     -64.9010
                -56.4978     -55.8142     -58.8284     -52.3923     -64.1415
                -74.6358     -72.4576     -65.3844     -64.1004     -64.7887
                -72.8266     -69.4852     -73.5355     -63.0563     -65.4365
                -63.5385     -68.6967     -75.2327     -73.5993     -69.9570
                -71.4133     -56.9337     -50.6486     -70.4369     -74.7380
   2      0     -67.0297     -58.2166     -67.0585     -67.2034     -85.2407
                -81.7427     -68.3372     -60.0657     -50.2181     -56.0077
                -69.6123     -60.1940     -45.8423     -49.7489     -60.5506
                -73.4747     -67.6651     -68.0983     -74.9338     -70.4985
                -65.0775     -60.9715     -63.2263     -64.1765     -62.3555
                -53.9529     -53.2655     -56.2629     -49.8240     -61.6067
                -72.0314     -69.8903     -62.8199     -61.5815     -62.2295
                -70.2910     -66.9119     -70.9873     -60.4950     -62.8478
                -60.9933     -66.1515     -72.6748     -71.0130     -67.4181
                -68.8380     -54.3155     -48.0772     -67.8900     -72.1886
   3      0     -67.0678     -58.2484     -67.0856     -67.2429     -85.2762
                -81.7971     -68.3572     -60.1131     -50.2424     -56.0555
                -69.6510     -60.2308     -45.8754     -49.7754     -60.6060
                -73.4821     -67.6860     -68.1336     -74.9842     -70.5393
                -65.0862     -61.0084     -63.2654     -64.2111     -62.3806
                -53.9895     -53.3035     -56.2906     -49.8660     -61.6416
                -72.0851     -69.9297     -62.8328     -61.6185     -62.2682
                -70.3261     -66.9346     -71.0044     -60.5310     -62.8917
                -61.0182     -66.1807     -72.7018     -71.0485     -67.4387
                -68.8722     -54.3438     -48.1108     -67.9290     -72.2164
   4      0     -67.0400     -58.2568     -67.0964     -67.2341     -85.2666
                -81.7967     -68.3792     -60.0904     -50.2557     -56.0602
                -69.6595     -60.2108     -45.8647     -49.7758     -60.5754
                -73.5053     -67.6909     -68.1189     -74.9653     -70.5334
                -65.1156     -60.9892     -63.2422     -64.1976     -62.3664
                -53.9738     -53.2932     -56.3016     -49.8481     -61.6200
                -72.1078     -69.9210     -62.8504     -61.6065     -62.2597
                -70.3078     -66.9243     -70.9993     -60.5268     -62.8765
                -61.0327     -66.1794     -72.7118     -71.0473     -67.4250
                -68.8686     -54.3334     -48.1015     -67.9131     -72.1893
   5      0     -67.0594     -58.2641     -67.1132     -67.2660     -85.2895
                -81.8285     -68.4042     -60.1425     -50.2971     -56.0870
                -69.6905     -60.2435     -45.8747     -49.7823     -60.5953
                -73.5310     -67.6902     -68.1304     -74.9932     -70.5719
                -65.1106     -61.0220     -63.2853     -64.2166     -62.3991
                -53.9910     -53.3297     -56.3342     -49.8809     -61.6590
                -72.1360     -69.9481     -62.8898     -61.6229     -62.2783
                -70.3482     -66.9472     -71.0360     -60.5703     -62.9009
                -61.0477     -66.2121     -72.7315     -71.0830     -67.4408
                -68.9048     -54.3454     -48.1278     -67.9363     -72.2159
   5     60     -67.4438     -58.6481     -67.4948     -67.6481     -85.6749
                -82.2102     -68.7866     -60.5230     -50.6772     -56.4671
                -70.0737     -60.6247     -46.2556     -50.1638     -60.9780
                -73.9168     -68.0698     -68.5142     -75.3745     -70.9530
                -65.4953     -61.4047     -63.6706     -64.5995     -62.7802
                -54.3719     -53.7076     -56.7151     -50.2607     -62.0408
                -72.5162     -70.3297     -63.2732     -62.0036     -62.6598
                -70.7266     -67.3298     -71.4213     -60.9513     -63.2857
                -61.4294     -66.5949     -73.1150     -71.4689     -67.8261
                -69.2890     -54.7287     -48.5114     -68.3199     -72.6016
   5     80     -68.3337     -59.5382     -68.3813     -68.5349     -86.5674
                -83.0958     -69.6732     -61.4060     -51.5582     -57.3480
                -70.9616     -61.5084     -47.1388     -51.0477     -61.8648
                -74.8095     -68.9506     -69.4035     -76.2579     -71.8361
                -66.3856     -62.2913     -64.5627     -65.4867     -63.6640
                -55.2550     -54.5858     -57.5986     -51.1421     -62.9262
                -73.3983     -71.2139     -64.1620     -62.8867     -63.5426
                -71.6046     -68.2165     -72.3120     -61.8341     -64.1760
                -62.3151     -67.4830     -74.0027     -72.3624     -68.7181
                -70.1785     -55.6166     -49.3998     -69.2078     -73.4935
   5    100     -69.6244     -60.8331     -69.6709     -69.8229     -87.8593
                -84.3843     -70.9581     -62.6885     -52.8419     -58.6326
                -72.2520     -62.7979     -48.4319     -52.3373     -63.1541
                -76.1019     -70.2304     -70.6940     -77.5430     -73.1185
                -67.6785     -63.5808     -65.8632     -66.7795     -64.9516
                -56.5426     -55.8687     -58.8864     -52.4280     -64.2120
                -74.6807     -72.4996     -65.4514     -64.1762     -64.8271
                -72.8885     -69.5119     -73.6048     -63.1207     -65.4685
                -63.6018     -68.7739     -75.2903     -73.6575     -70.0090
                -71.4697     -56.9068     -50.6973     -70.4982     -74.7894
 
 group  inft   Estimated free energy: 2-th solvent contribution (kcal/mol)
   1      0     -66.9716     -76.5896     -67.6357     -66.4518     -45.2066
                -50.6473     -65.2486     -72.9644     -84.4879     -78.8098
                -64.8116     -75.9937     -88.8793     -84.5952     -74.6727
                -61.8199     -65.8840     -65.9551     -58.3744     -61.5022
                -67.4641     -71.9865     -70.9372     -70.2884     -73.6283
                -82.3920     -81.3785     -77.9201     -86.9158     -70.9012
                -57.6574     -62.1540     -71.8948     -73.2821     -72.4773
                -63.3710     -65.7325     -61.0901     -72.7182     -71.6487
                -70.9246     -67.5746     -60.0135     -62.5153     -65.1302
                -62.5660     -80.1159     -86.8306     -66.9393     -60.3602
   1     60     -68.6429     -78.2627     -69.3053     -68.1143     -46.8767
                -52.3251     -66.9230     -74.6355     -86.1551     -80.4823
                -66.4866     -77.6687     -90.5416     -86.2584     -76.3421
                -63.4926     -67.5534     -67.6237     -60.0406     -63.1654
                -69.1333     -73.6500     -72.6082     -71.9652     -75.2927
                -84.0571     -83.0492     -79.5918     -88.5837     -72.5784
                -59.3231     -63.8270     -73.5615     -74.9535     -74.1524
                -65.0424     -67.4017     -62.7666     -74.3826     -73.3249
                -72.5973     -69.2498     -61.6913     -64.1935     -66.8023
                -64.2393     -81.7787     -88.4957     -68.6108     -62.0341
   1     80     -72.8654     -82.4937     -73.5238     -72.3189     -51.1060
                -56.5651     -71.1602     -78.8574     -90.3743     -84.7075
                -70.7224     -81.8887     -94.7372     -90.4601     -80.5615
                -67.7207     -71.7736     -71.8354     -64.2546     -67.3821
                -73.3458     -77.8505     -76.8323     -76.1916     -79.4924
                -88.2680     -87.2753     -83.8117     -92.7951     -76.8125
                -63.5443     -68.0597     -77.7845     -79.1694     -78.3673
                -69.2570     -71.6178     -66.9958     -78.5898     -77.5561
                -76.8301     -73.4869     -65.9302     -68.4337     -71.0325
                -68.4665     -85.9755     -92.6944     -72.8188     -66.2540
   1    100     -79.8162     -89.4673     -80.4660     -79.2777     -58.0807
                -63.5479     -78.1163     -85.7900     -97.3378     -91.6634
                -77.6799     -88.8352    -101.6871     -97.3996     -87.5094
                -74.6912     -78.7315     -78.7787     -71.2320     -74.3321
                -80.2916     -84.7910     -83.7961     -83.1441     -86.4354
                -95.2299     -94.2369     -90.7623     -99.7515     -83.7823
                -70.5128     -75.0449     -84.7363     -86.1381     -85.3216
                -76.2210     -78.5745     -73.9448     -85.5380     -84.5194
                -83.7855     -80.4505     -72.9180     -75.4117     -77.9840
                -75.4160     -92.8886     -99.6402     -79.7606     -73.2237
   2      0     -67.0348     -76.5792     -67.6970     -66.4480     -45.2539
                -50.7344     -65.2496     -73.0130     -84.5166     -78.8392
                -64.8562     -76.0126     -88.9269     -84.6689     -74.7105
                -61.8309     -65.9451     -66.0201     -58.4860     -61.5237
                -67.4812     -72.0249     -71.0131     -70.3754     -73.6744
                -82.3834     -81.4127     -77.9424     -86.9546     -70.9331
                -57.7493     -62.2281     -71.9796     -73.3212     -72.5136
                -63.3898     -65.7625     -61.1614     -72.7789     -71.7178
                -70.9621     -67.6016     -60.0497     -62.5736     -65.1892
                -62.6327     -80.1605     -86.8516     -66.9997     -60.4353
   3      0     -67.0159     -76.6163     -67.7140     -66.4946     -45.2607
                -50.7418     -65.3165     -73.0900     -84.5803     -78.9073
                -64.8748     -76.0655     -88.9353     -84.6718     -74.7286
                -61.8743     -65.9469     -66.0322     -58.4792     -61.5831
                -67.5417     -72.0446     -71.0343     -70.4556     -73.6754
                -82.3790     -81.4858     -78.0378     -87.0336     -71.0187
                -57.8152     -62.2143     -72.0124     -73.3618     -72.5284
                -63.3852     -65.7640     -61.2060     -72.7742     -71.7333
                -71.0085     -67.6381     -60.1420     -62.6255     -65.2342
                -62.6505     -80.2181     -86.8662     -67.0645     -60.4086
   4      0     -67.0107     -76.5388     -67.6848     -66.4051     -45.2694
                -50.6943     -65.2195     -73.0224     -84.5052     -78.8131
                -64.8501     -76.0535     -88.9337     -84.6710     -74.7087
                -61.8342     -65.9636     -66.0330     -58.4302     -61.5280
                -67.4712     -71.9923     -70.9837     -70.3786     -73.6642
                -82.3152     -81.3627     -77.8994     -86.9464     -70.8952
                -57.7662     -62.2367     -71.9544     -73.3085     -72.5006
                -63.3640     -65.7098     -61.1647     -72.7849     -71.7467
                -70.8814     -67.5772     -60.0014     -62.5465     -65.1638
                -62.6024     -80.1501     -86.8249     -67.0270     -60.4124
   5      0     -67.0885     -76.6881     -67.7512     -66.5347     -45.3393
                -50.7424     -65.3385     -73.1026     -84.5502     -78.9030
                -64.8531     -76.1558     -88.9827     -84.6518     -74.7812
                -61.9938     -66.0191     -66.1429     -58.5182     -61.6354
                -67.5938     -72.0848     -71.1172     -70.4771     -73.7492
                -82.4144     -81.5011     -78.0496     -87.0622     -71.0038
                -57.7963     -62.2592     -72.0431     -73.4158     -72.5651
                -63.3686     -65.7967     -61.2643     -72.7474     -71.7499
                -70.9545     -67.5939     -60.1113     -62.6652     -65.2443
                -62.6375     -80.2374     -86.9208     -67.0949     -60.4514
   5     60     -69.1163     -78.7155     -69.7708     -68.5500     -47.3696
                -52.7774     -67.3705     -75.1280     -86.5721     -80.9338
                -66.8826     -78.1818     -90.9956     -86.6656     -76.8078
                -64.0254     -68.0433     -68.1654     -60.5405     -63.6571
                -69.6181     -74.1039     -73.1472     -72.5079     -75.7658
                -84.4340     -83.5276     -80.0771     -89.0845     -73.0344
                -59.8220     -64.2867     -74.0683     -75.4418     -74.5906
                -65.3900     -67.8184     -63.2975     -74.7652     -73.7826
                -72.9845     -69.6284     -62.1488     -64.7016     -67.2781
                -64.6690     -82.2522     -88.9374     -69.1199     -62.4791
   5     80     -73.7426     -83.3480     -74.3902     -73.1628     -52.0065
                -57.4255     -72.0091     -79.7536     -91.1919     -85.5635
                -71.5145     -82.8060     -95.5968     -91.2665     -81.4319
                -68.6604     -72.6695     -72.7845     -65.1603     -68.2742
                -74.2365     -78.7107     -77.7771     -77.1400     -80.3710
                -89.0458     -88.1629     -84.7069     -93.7069     -77.6748
                -64.4544     -68.9207     -78.6968     -80.0692     -79.2092
                -70.0056     -72.4352     -67.9298     -79.3714     -78.4170
                -77.6237     -74.2725     -66.7986     -69.3489     -71.9161
                -69.3037     -86.8525     -93.5419     -73.7356     -67.1027
   5    100     -79.9686     -89.5934     -80.6172     -79.3843     -58.2399
                -63.6807     -78.2333     -85.9620     -97.4288     -91.7880
                -77.7450     -89.0405    -101.8216     -97.4822     -87.6505
                -74.8935     -78.8976     -79.0106     -71.4115     -74.4911
                -80.4572     -84.9227     -84.0131     -83.3720     -86.5873
                -95.2728     -94.3954     -90.9402     -99.9340     -83.9071
                -70.6901     -75.1659     -84.9246     -86.3162     -85.4335
                -76.2382     -78.6625     -74.1483     -85.5861     -84.6481
                -83.8481     -80.5000     -73.0590     -75.6063     -78.1420
                -75.5235     -93.0518     -99.7602     -79.9556     -73.3432
 
 
 cumulative average & 95% error for solvation free energy
              total             1st component         2nd component
  1  -134.0922              -67.0678              -67.0159
  2  -134.4827     0.7810   -62.6581     8.8194   -71.8161     9.6004
  3  -134.5911     0.5004   -64.1339     5.8855   -70.4487     6.1807
  4  -134.3798     0.5511   -64.9112     4.4425   -69.4602     4.7968
  5  -133.6129     1.5921   -68.9842     8.8430   -64.6203    10.3684
  6  -133.4354     1.3476   -71.1197     8.3889   -62.3072     9.6473
  7  -133.4706     1.1411   -70.7250     7.1337   -62.7371     8.1987
  8  -133.4382     0.9903   -69.3985     6.7235   -64.0312     7.5573
  9  -133.5930     0.9266   -67.2701     7.2994   -66.3144     8.0792
 10  -133.7308     0.8734   -66.1486     6.9033   -67.5737     7.6526
 11  -133.8039     0.8034   -66.4670     6.2767   -67.3284     6.9394
 12  -134.0123     0.8436   -65.9473     5.8233   -68.0565     6.5000
 13  -134.0744     0.7859   -64.4033     6.1830   -69.6625     6.7873
 14  -134.1016     0.7296   -63.3585     6.0939   -70.7346     6.6396
 15  -134.1844     0.6991   -63.1750     5.6849   -71.0009     6.2040
 16  -134.2582     0.6704   -63.8192     5.4716   -70.4305     5.9144
 17  -134.2219     0.6339   -64.0466     5.1598   -70.1667     5.5806
 18  -134.2192     0.5977   -64.2737     4.8858   -69.9370     5.2814
 19  -134.1799     0.5708   -64.8374     4.7571   -69.3340     5.1393
 20  -134.0774     0.5790   -65.1225     4.5488   -68.9464     4.9368
 21  -134.0088     0.5676   -65.1208     4.3268   -68.8795     4.6977
 22  -133.9658     0.5479   -64.9338     4.1423   -69.0234     4.4883
 23  -133.9807     0.5244   -64.8613     3.9608   -69.1108     4.2923
 24  -134.0096     0.5054   -64.8342     3.7926   -69.1669     4.1111
 25  -134.0918     0.5119   -64.7361     3.6430   -69.3472     3.9597
 26  -134.1797     0.5223   -64.3227     3.5964   -69.8484     3.9342
 27  -134.2026     0.5047   -63.9146     3.5556   -70.2795     3.8826
 28  -134.2074     0.4864   -63.6423     3.4692   -70.5565     3.7822
 29  -134.3005     0.5049   -63.1673     3.4797   -71.1247     3.8223
 30  -134.2461     0.4998   -63.1164     3.3632   -71.1212     3.6927
 31  -134.1062     0.5586   -63.4057     3.3040   -70.6919     3.6733
 32  -134.0451     0.5544   -63.6096     3.2250   -70.4270     3.5959
 33  -134.0696     0.5396   -63.5861     3.1261   -70.4751     3.4865
 34  -134.0967     0.5263   -63.5282     3.0349   -70.5600     3.3867
 35  -134.1169     0.5126   -63.4922     2.9478   -70.6162     3.2904
 36  -134.1059     0.4987   -63.6820     2.8898   -70.4153     3.2229
 37  -134.0681     0.4909   -63.7699     2.8161   -70.2896     3.1446
 38  -134.0194     0.4876   -63.9603     2.7673   -70.0506     3.0979
 39  -134.0013     0.4763   -63.8724     2.7012   -70.1204     3.0206
 40  -134.0171     0.4653   -63.8479     2.6332   -70.1608     2.9452
 41  -133.9688     0.4640   -63.7789     2.5719   -70.1814     2.8728
 42  -133.9654     0.4529   -63.8360     2.5125   -70.1209     2.8062
 43  -133.9395     0.4452   -64.0422     2.4878   -69.8888     2.7792
 44  -133.9337     0.4351   -64.2015     2.4514   -69.7237     2.7353
 45  -133.9059     0.4290   -64.2734     2.4006   -69.6240     2.6812
 46  -133.8542     0.4321   -64.3734     2.3564   -69.4724     2.6398
 47  -133.8695     0.4239   -64.1600     2.3448   -69.7010     2.6231
 48  -133.8927     0.4176   -63.8256     2.3909   -70.0586     2.6657
 49  -133.9154     0.4114   -63.9094     2.3476   -69.9975     2.6136
 50  -133.8897     0.4064   -64.0755     2.3240   -69.8057     2.5893
 
 Mesh error is    0.095 kcal/mol
