 ERmod 0.3.8, Copyright (C) 2000-2019 Nobuyuki Matubayasi
                            2010-2019 Shun Sakuraba
 ERmod comes with ABSOLUTELY NO WARRANTY.
 This is free software, and you can redistribute it
 and/or modify it under certain conditions.
 See LICENSE file for details.
 ERmod 0.3.8, Copyright (C) 2000-2019 Nobuyuki Matubayasi
                            2010-2019 Shun Sakuraba
 ERmod comes with ABSOLUTELY NO WARRANTY.
 This is free software, and you can redistribute it
 and/or modify it under certain conditions.
 See LICENSE file for details.
 
  Number of the   1-th solvent  =          378
  Number of the   2-th solvent  =        10000
 
  Be sure that the solvent distribution is homogeneous (radial distribution function is essentially unity) when the solvent molecule is separated beyond distance of   10.0 Angstrom in any direction from any atom within the solute molecule
 
  LJ long-range correction    =        -1.1319     -7.1533
 
  Self-energy of the solute   =        -0.0235  kcal/mol
 
 
 cumulative average & 95% error for solvation energy
              total             1st component         2nd component
  1  -472.9542              -70.8358             -402.0950
  2  -473.3797     0.8510   -79.9790    18.2864  -393.3773    17.4354
  3  -473.1576     0.6625   -75.3589    14.0302  -397.7752    13.3678
  4  -474.5301     2.7847   -80.3251    14.0384  -394.1815    11.8747
  5  -474.3554     2.1851   -80.6105    10.8891  -393.7214     9.2440
  6  -474.4780     1.8009   -82.4219     9.6007  -392.0326     8.2690
  7  -474.2697     1.5780   -83.6237     8.4626  -390.6225     7.5361
  8  -474.6242     1.5396   -86.5666     9.3996  -388.0342     8.3303
  9  -474.8214     1.4139   -89.9371    10.6846  -384.8608     9.7085
 10  -474.6748     1.2982   -90.2379     9.5755  -384.4135     8.7295
 11  -474.4398     1.2648   -91.9182     9.2905  -382.4981     8.7763
 12  -474.5815     1.1889   -94.6017    10.0366  -379.9564     9.4883
 13  -474.5810     1.0936   -97.7354    11.1587  -376.8221    10.7458
 14  -474.5938     1.0128   -98.0031    10.3448  -376.5673     9.9617
 15  -474.6390     0.9472   -97.2874     9.7363  -377.3282     9.3979
 16  -474.5698     0.8968   -97.2007     9.1091  -377.3456     8.7910
 17  -474.6969     0.8800   -98.2280     8.7998  -376.4455     8.4517
 18  -474.8642     0.8945   -98.7880     8.3718  -376.0527     8.0069
 19  -474.9008     0.8493   -99.3331     7.9936  -375.5443     7.6418
 20  -474.9927     0.8264   -99.8676     7.6583  -375.1017     7.3034
 21  -475.0795     0.8050  -101.0061     7.6321  -374.0499     7.2584
 22  -475.1217     0.7722  -100.4724     7.3548  -374.6259     7.0159
 23  -475.0763     0.7434   -99.7773     7.1639  -375.2756     6.8287
 24  -475.0598     0.7125   -99.8314     6.8598  -375.2050     6.5395
 25  -474.9752     0.7041   -99.8548     6.5799  -375.0969     6.2762
 26  -475.0118     0.6804   -99.3513     6.4014  -375.6371     6.1260
 27  -474.9344     0.6728   -98.4517     6.4171  -376.4592     6.1197
 28  -474.9367     0.6483   -97.5442     6.4446  -377.3691     6.1715
 29  -474.9242     0.6261   -96.4413     6.5980  -378.4594     6.3416
 30  -474.8910     0.6085   -95.3998     6.7060  -379.4677     6.4500
 31  -474.9760     0.6125   -95.5876     6.4969  -379.3649     6.2418
 32  -475.0606     0.6168   -94.9925     6.4022  -380.0447     6.1946
 33  -475.1169     0.6083   -93.9538     6.5437  -381.1396     6.3909
 34  -475.2094     0.6185   -93.5028     6.4121  -381.6832     6.2947
 35  -475.2027     0.6007   -93.5202     6.2263  -381.6590     6.1124
 36  -475.2157     0.5844   -92.9112     6.1722  -382.2810     6.0690
 37  -475.2552     0.5738   -92.8239     6.0056  -382.4078     5.9081
 38  -475.2085     0.5663   -92.9343     5.8496  -382.2507     5.7591
 39  -475.1698     0.5570   -93.1826     5.7192  -381.9637     5.6388
 40  -475.1509     0.5442   -92.9753     5.5898  -382.1522     5.5090
 41  -475.1592     0.5310   -92.4225     5.5627  -382.7132     5.4888
 42  -475.2036     0.5258   -91.7448     5.5953  -383.4353     5.5478
 43  -475.2372     0.5178   -91.6646     5.4660  -383.5492     5.4220
 44  -475.2306     0.5061   -91.5347     5.3467  -383.6725     5.3031
 45  -475.2061     0.4971   -91.6339     5.2303  -383.5488     5.1898
 46  -475.1834     0.4883   -91.7729     5.1228  -383.3870     5.0861
 47  -475.1498     0.4825   -91.9559     5.0260  -383.1704     4.9955
 48  -475.1565     0.4725   -91.6540     4.9571  -383.4790     4.9291
 49  -475.1994     0.4707   -91.6306     4.8551  -383.5453     4.8293
 50  -475.2040     0.4613   -91.6317     4.7570  -383.5489     4.7317
 
 
 group  inft  solvation free energy     error          difference
  total solvation free energy
   1      0       -101.01341           0.30149           0.06199
   1     60       -101.89484           0.30116          -0.81944
   1     80       -105.47252           0.29913          -4.39713
   1    100       -114.45985           0.29719         -13.38445
   2      0       -100.95557           0.30869           0.11983
   3      0       -101.07540           0.30161           0.00000
   4      0       -100.99329           0.30598           0.08211
   5      0       -101.13123           0.30058          -0.05584
   5     60       -102.22913           0.29981          -1.15373
   5     80       -106.43411           0.29675          -5.35872
   5    100       -114.61524           0.29577         -13.53984
 
  contribution from  1-th solvent component
   1      0        -33.43520           1.86271           0.03755
   1     60        -33.46896           1.86275           0.00379
   1     80        -33.61569           1.86294          -0.14294
   1    100        -34.04056           1.86312          -0.56781
   2      0        -33.43960           1.86195           0.03315
   3      0        -33.47275           1.86402           0.00000
   4      0        -33.46784           1.86352           0.00491
   5      0        -33.47704           1.86331          -0.00429
   5     60        -33.51941           1.86338          -0.04666
   5     80        -33.69659           1.86364          -0.22383
   5    100        -34.08854           1.86375          -0.61579
 
  contribution from  2-th solvent component
   1      0        -67.55475           2.02238           0.02443
   1     60        -68.40242           2.02166          -0.82324
   1     80        -71.83337           2.01866          -4.25419
   1    100        -80.39583           2.01487         -12.81665
   2      0        -67.49252           2.02915           0.08667
   3      0        -67.57919           2.02534           0.00000
   4      0        -67.50199           2.02816           0.07719
   5      0        -67.63074           2.02416          -0.05155
   5     60        -68.68626           2.02304          -1.10707
   5     80        -72.71407           2.01877          -5.13488
   5    100        -80.50324           2.01603         -12.92406
 
 
 group  inft   Estimated free energy: total (kcal/mol)
   1      0    -101.5166    -100.7570    -100.8975    -103.1559    -101.2209
               -101.7055    -100.5776    -101.5507    -100.2932     -99.4149
                -98.6479    -100.3184     -98.8486    -100.4613    -100.9173
                -99.8514    -100.8515    -101.8666    -100.4936    -100.5239
               -100.8446    -101.7986    -100.6845     -99.8584     -99.1648
               -101.8413     -99.9883    -100.6457    -101.8229    -101.2075
               -102.3680    -103.1878    -102.3329    -102.5388    -101.5247
               -102.1120    -102.3137     -99.9420     -99.9085    -100.7557
               -102.0449    -102.6785    -102.3701    -100.9159    -100.4367
               -100.1650     -99.7358    -101.1237    -101.5607    -100.9280
   1     60    -102.3998    -101.6511    -101.7797    -104.0372    -102.0992
               -102.5881    -101.4623    -102.4332    -101.1771    -100.2910
                -99.5285    -101.2082     -99.7385    -101.3466    -101.7905
               -100.7313    -101.7354    -102.7460    -101.3838    -101.4085
               -101.7289    -102.6772    -101.5640    -100.7387    -100.0461
               -102.7242    -100.8733    -101.5203    -102.6981    -102.0840
               -103.2543    -104.0722    -103.2111    -103.4201    -102.4096
               -102.9891    -103.1927    -100.8254    -100.7874    -101.6317
               -102.9151    -103.5509    -103.2510    -101.8001    -101.3208
               -101.0444    -100.6216    -102.0008    -102.4430    -101.8099
   1     80    -105.9670    -105.2417    -105.3429    -107.6044    -105.6591
               -106.1680    -105.0398    -106.0007    -104.7586    -103.8562
               -103.1212    -104.8261    -103.3396    -104.9434    -105.3486
               -104.3032    -105.3246    -106.3321    -104.9903    -104.9945
               -105.3228    -106.2493    -105.1364    -104.3293    -103.6384
               -106.3080    -104.4631    -105.0795    -106.2593    -105.6398
               -106.8203    -107.6487    -106.7785    -106.9995    -105.9980
               -106.5391    -106.7627    -104.4170    -104.3741    -105.2088
               -106.4646    -107.0986    -106.8328    -105.3657    -104.9097
               -104.6154    -104.2063    -105.5667    -106.0322    -105.3997
   1    100    -114.9451    -114.2640    -114.3176    -116.5927    -114.6107
               -115.1399    -114.0286    -114.9906    -113.7486    -112.8198
               -112.1221    -113.8661    -112.3502    -113.9470    -114.2866
               -113.2920    -114.3239    -115.3380    -114.0282    -114.0295
               -114.3015    -115.1974    -114.1207    -113.3493    -112.6449
               -115.3038    -113.4436    -114.0472    -115.2251    -114.5851
               -115.8037    -116.6506    -115.7732    -116.0012    -115.0112
               -115.5116    -115.7282    -113.3903    -113.3730    -114.2305
               -115.4054    -116.0342    -115.8171    -114.3278    -113.9300
               -113.5885    -113.1982    -114.5286    -115.0238    -114.4055
   2      0    -101.4785    -100.6648    -100.8172    -103.1671    -101.2398
               -101.7581    -100.5395    -101.4286    -100.1629     -99.4130
                -98.5336    -100.1339     -98.7220    -100.4564    -100.8562
                -99.7573    -100.8724    -101.7271    -100.3746    -100.3632
               -100.7116    -101.8371    -100.5628     -99.7347     -99.1785
               -101.7821     -99.9008    -100.6075    -101.7914    -101.1924
               -102.2312    -103.2539    -102.2274    -102.4500    -101.5620
               -101.9851    -102.3452     -99.8190     -99.8377    -100.7294
               -102.0028    -102.6996    -102.3157    -100.9181    -100.2651
               -100.1121     -99.6345    -101.1068    -101.6450    -100.8729
   3      0    -101.5288    -100.7276    -100.8905    -103.2250    -101.2954
               -101.7918    -100.5915    -101.5485    -100.3414     -99.5670
                -98.6687    -100.3920     -98.9542    -100.4836    -101.0843
                -99.9171    -100.8877    -101.8616    -100.4992    -100.5523
               -100.8423    -101.8868    -100.7388     -99.9112     -99.3366
               -101.9322    -100.0089    -100.7549    -101.8599    -101.2728
               -102.3831    -103.2925    -102.3405    -102.6106    -101.5612
               -102.1763    -102.3928     -99.9611    -100.0070    -100.8111
               -102.0841    -102.7972    -102.4343    -101.0395    -100.4250
               -100.2324     -99.7955    -101.2484    -101.7864    -101.0383
   4      0    -101.4151    -100.6307    -100.8280    -103.1796    -101.2439
               -101.7258    -100.5216    -101.4885    -100.2558     -99.4886
                -98.5558    -100.2893     -98.8175    -100.4086    -100.9151
                -99.8898    -100.8260    -101.7809    -100.3731    -100.4856
               -100.7050    -101.8509    -100.7028     -99.7875     -99.2502
               -101.7645     -99.8641    -100.6198    -101.7687    -101.2705
               -102.3461    -103.2304    -102.3484    -102.5517    -101.5504
               -102.1073    -102.3350     -99.9001     -99.8601    -100.7466
               -102.0273    -102.7540    -102.3410    -100.9211    -100.3428
               -100.1608     -99.7212    -101.1079    -101.7036    -100.9056
   5      0    -101.5559    -100.7227    -100.9603    -103.2144    -101.3546
               -101.8028    -100.6867    -101.6558    -100.3629     -99.6529
                -98.6849    -100.4598     -98.9952    -100.5243    -101.1252
               -100.0157    -100.9579    -101.9805    -100.5394    -100.6444
               -100.9099    -101.9666    -100.7456     -99.9817     -99.3948
               -102.0076    -100.0928    -100.7995    -101.8774    -101.3751
               -102.4375    -103.3616    -102.4057    -102.6352    -101.6124
               -102.2287    -102.4041    -100.0423    -100.0075    -100.9035
               -102.2245    -102.7969    -102.4834    -101.0775    -100.4868
               -100.2975     -99.8843    -101.2678    -101.8450    -101.1121
   5     60    -102.6590    -101.8356    -102.0507    -104.3099    -102.4512
               -102.9073    -101.7924    -102.7467    -101.4545    -100.7436
                -99.7908    -101.5727    -100.1061    -101.6309    -102.2187
               -101.1030    -102.0563    -103.0825    -101.6488    -101.7356
               -102.0156    -103.0646    -101.8313    -101.0752    -100.4951
               -103.1104    -101.1935    -101.8871    -102.9744    -102.4697
               -103.5295    -104.4557    -103.4851    -103.7183    -102.7203
               -103.3195    -103.5067    -101.1485    -101.1096    -101.9983
               -103.3110    -103.8882    -103.5830    -102.1768    -101.5887
               -101.3969    -100.9885    -102.3600    -102.9459    -102.2126
   5     80    -106.8431    -106.0475    -106.2212    -108.5027    -106.6333
               -107.1043    -105.9998    -106.9388    -105.6753    -104.9380
               -104.0211    -105.8224    -104.3454    -105.8575    -106.4119
               -105.2976    -106.2785    -107.3073    -105.8867    -105.9574
               -106.2360    -107.2536    -106.0149    -105.2931    -104.7242
               -107.3225    -105.4050    -106.0760    -107.1621    -106.6490
               -107.7251    -108.6530    -107.6591    -107.8991    -106.9295
               -107.4978    -107.7090    -105.3648    -105.3402    -106.2086
               -107.4857    -108.0685    -107.7896    -106.3767    -105.8127
               -105.6040    -105.2052    -106.5535    -107.1700    -106.4271
   5    100    -115.0193    -114.2547    -114.3877    -116.6921    -114.7848
               -115.2729    -114.1834    -115.1189    -113.8652    -113.0981
               -112.2086    -114.0434    -112.5442    -114.0520    -114.5633
               -113.4789    -114.4767    -115.5076    -114.1097    -114.1582
               -114.4039    -115.4054    -114.1907    -113.5074    -112.9261
               -115.5129    -113.5775    -114.2446    -115.3229    -114.8011
               -115.9019    -116.8514    -115.8553    -116.1010    -115.1374
               -115.6606    -115.8791    -113.5279    -113.5264    -114.4038
               -115.6346    -116.2145    -115.9734    -114.5277    -114.0141
               -113.7614    -113.3906    -114.7097    -115.3568    -114.6221
 
 group  inft   Estimated free energy: 1-th solvent contribution (kcal/mol)
   1      0     -26.1688     -33.0013     -23.4982     -35.5625     -30.1301
                -33.7086     -33.7202     -40.2075     -42.7788     -33.3763
                -39.8098     -45.7958     -50.6325     -37.2497     -31.0902
                -34.5235     -42.3702     -40.3241     -40.3201     -39.9721
                -46.2423     -32.7968     -30.5823     -37.0753     -36.6076
                -31.7462     -26.1648     -25.6324     -23.2870     -23.0950
                -37.6180     -27.6889     -20.8747     -28.4314     -35.1070
                -25.4368     -32.8648     -35.0393     -37.4139     -30.7224
                -25.2345     -22.5548     -32.5229     -30.7953     -35.1584
                -35.8766     -36.9199     -27.6605     -32.7894     -33.5805
   1     60     -26.2025     -33.0356     -23.5316     -35.5962     -30.1638
                -33.7424     -33.7543     -40.2413     -42.8121     -33.4100
                -39.8435     -45.8298     -50.6668     -37.2837     -31.1239
                -34.5571     -42.4043     -40.3580     -40.3542     -40.0059
                -46.2767     -32.8305     -30.6156     -37.1092     -36.6415
                -31.7796     -26.1978     -25.6659     -23.3206     -23.1287
                -37.6521     -27.7228     -20.9081     -28.4651     -35.1407
                -25.4706     -32.8988     -35.0727     -37.4475     -30.7561
                -25.2680     -22.5885     -32.5565     -30.8285     -35.1921
                -35.9105     -36.9536     -27.6944     -32.8231     -33.6147
   1     80     -26.3484     -33.1837     -23.6757     -35.7424     -30.3101
                -33.8891     -33.9021     -40.3877     -42.9578     -33.5569
                -39.9905     -45.9776     -50.8153     -37.4316     -31.2709
                -34.7035     -42.5524     -40.5058     -40.5024     -40.1528
                -46.4262     -32.9772     -30.7605     -37.2579     -36.7893
                -31.9247     -26.3411     -25.8117     -23.4666     -23.2749
                -37.7995     -27.8691     -21.0536     -28.6123     -35.2869
                -25.6173     -33.0466     -35.2178     -37.5942     -30.9033
                -25.4149     -22.7355     -32.7026     -30.9724     -35.3389
                -36.0582     -37.0997     -27.8419     -32.9700     -33.7632
   1    100     -26.7715     -33.6104     -24.0975     -36.1662     -30.7321
                -34.3125     -34.3276     -40.8108     -43.3814     -33.9831
                -40.4151     -46.4045     -51.2417     -37.8579     -31.6965
                -35.1294     -42.9783     -40.9337     -40.9295     -40.5800
                -46.8516     -33.4007     -31.1838     -37.6858     -37.2157
                -32.3476     -26.7600     -26.2363     -23.8908     -23.6991
                -38.2253     -28.2956     -21.4794     -29.0401     -35.7097
                -26.0420     -33.4721     -35.6396     -38.0185     -31.3308
                -25.8391     -23.1600     -33.1247     -31.3929     -35.7646
                -36.4842     -37.5228     -28.2674     -33.3959     -34.1920
   2      0     -26.1890     -32.9980     -23.4958     -35.5822     -30.1614
                -33.7228     -33.7229     -40.2210     -42.7660     -33.3631
                -39.8027     -45.8027     -50.6183     -37.2628     -31.0928
                -34.4864     -42.3948     -40.3161     -40.3125     -39.9427
                -46.2543     -32.8205     -30.5651     -37.0684     -36.6198
                -31.7658     -26.1966     -25.6395     -23.3003     -23.0886
                -37.5970     -27.6984     -20.8720     -28.4023     -35.1476
                -25.4378     -32.8716     -35.0411     -37.4136     -30.7438
                -25.2498     -22.5603     -32.5492     -30.8274     -35.1477
                -35.8665     -36.9435     -27.6563     -32.8061     -33.5750
   3      0     -26.2015     -33.0215     -23.5219     -35.5973     -30.1734
                -33.7527     -33.7401     -40.2525     -42.8157     -33.4110
                -39.8485     -45.8548     -50.6834     -37.2980     -31.1252
                -34.5497     -42.4050     -40.3669     -40.3560     -40.0122
                -46.2897     -32.8384     -30.6146     -37.1044     -36.6682
                -31.7715     -26.2157     -25.6720     -23.3099     -23.1193
                -37.6394     -27.7312     -20.9046     -28.4407     -35.1500
                -25.4693     -32.8853     -35.0840     -37.4668     -30.7679
                -25.2649     -22.5904     -32.5648     -30.8602     -35.1909
                -35.9108     -36.9848     -27.6907     -32.8487     -33.6014
   4      0     -26.1798     -33.0245     -23.5102     -35.5916     -30.1780
                -33.7394     -33.7392     -40.2457     -42.8368     -33.3918
                -39.8385     -45.8581     -50.6769     -37.2796     -31.1228
                -34.5418     -42.3917     -40.3414     -40.3418     -40.0050
                -46.2702     -32.8421     -30.6218     -37.1023     -36.6518
                -31.7797     -26.2117     -25.6658     -23.3207     -23.1363
                -37.6302     -27.7182     -20.8822     -28.4481     -35.1468
                -25.4806     -32.8722     -35.0912     -37.4466     -30.7615
                -25.2777     -22.5841     -32.5563     -30.8475     -35.1738
                -35.9252     -36.9810     -27.6711     -32.8638     -33.5968
   5      0     -26.1871     -33.0343     -23.5247     -35.5890     -30.1846
                -33.7524     -33.7412     -40.2495     -42.8341     -33.4131
                -39.8458     -45.8575     -50.6849     -37.2971     -31.1380
                -34.5482     -42.4105     -40.3563     -40.3536     -40.0294
                -46.2760     -32.8512     -30.6190     -37.1049     -36.6758
                -31.7853     -26.2327     -25.6830     -23.3336     -23.1454
                -37.6357     -27.7309     -20.8960     -28.4325     -35.1570
                -25.4911     -32.8857     -35.0963     -37.4654     -30.7790
                -25.2924     -22.5900     -32.5740     -30.8624     -35.1862
                -35.9097     -36.9928     -27.6698     -32.8597     -33.6072
   5     60     -26.2293     -33.0772     -23.5661     -35.6311     -30.2269
                -33.7948     -33.7839     -40.2916     -42.8761     -33.4556
                -39.8885     -45.9005     -50.7281     -37.3399     -31.1806
                -34.5903     -42.4532     -40.3990     -40.3965     -40.0718
                -46.3193     -32.8936     -30.6605     -37.1476     -36.7184
                -31.8274     -26.2742     -25.7250     -23.3759     -23.1876
                -37.6782     -27.7729     -20.9375     -28.4744     -35.1993
                -25.5335     -32.9284     -35.1382     -37.5079     -30.8215
                -25.3348     -22.6324     -32.6161     -30.9041     -35.2287
                -35.9524     -37.0352     -27.7125     -32.9021     -33.6500
   5     80     -26.4049     -33.2552     -23.7397     -35.8078     -30.4031
                -33.9709     -33.9618     -40.4687     -43.0534     -33.6335
                -40.0663     -46.0793     -50.9081     -37.5180     -31.3584
                -34.7674     -42.6324     -40.5773     -40.5755     -40.2504
                -46.4993     -33.0700     -30.8355     -37.3273     -36.8969
                -32.0027     -26.4476     -25.9017     -23.5518     -23.3639
                -37.8564     -27.9491     -21.1132     -28.6518     -35.3755
                -25.7107     -33.1064     -35.3129     -37.6852     -30.9995
                -25.5123     -22.8095     -32.7923     -31.0781     -35.4062
                -36.1303     -37.2117     -27.8910     -33.0798     -33.8289
   5    100     -26.7956     -33.6486     -24.1289     -36.1999     -30.7931
                -34.3612     -34.3532     -40.8594     -43.4452     -34.0256
                -40.4580     -46.4727     -51.3013     -37.9105     -31.7507
                -35.1605     -43.0261     -40.9708     -40.9694     -40.6446
                -46.8911     -33.4600     -31.2266     -37.7227     -37.2903
                -32.3927     -26.8345     -26.2943     -23.9428     -23.7552
                -38.2495     -28.3432     -21.5077     -29.0480     -35.7666
                -26.1031     -33.4982     -35.7007     -38.0756     -31.3933
                -25.9049     -23.2011     -33.1823     -31.4653     -35.7985
                -36.5213     -37.6028     -28.2835     -33.4726     -34.2233
 
 group  inft   Estimated free energy: 2-th solvent contribution (kcal/mol)
   1      0     -75.3244     -67.7323     -77.3758     -67.5699     -71.0673
                -67.9735     -66.8340     -61.3198     -57.4910     -66.0151
                -58.8146     -54.4991     -48.1926     -63.1881     -69.8037
                -65.3044     -58.4578     -61.5190     -60.1500     -60.5283
                -54.5789     -68.9784     -70.0787     -62.7597     -62.5338
                -70.0716     -73.8001     -74.9899     -78.5124     -78.0890
                -64.7266     -75.4755     -81.4348     -74.0839     -66.3942
                -76.6518     -69.4255     -64.8792     -62.4711     -70.0099
                -76.7870     -80.1002     -69.8237     -70.0972     -65.2548
                -64.2649     -62.7925     -73.4397     -68.7479     -67.3240
   1     60     -76.1738     -68.5920     -78.2247     -68.4176     -71.9119
                -68.8223     -67.6845     -62.1685     -58.3415     -66.8575
                -59.6615     -55.3550     -49.0482     -64.0394     -70.6432
                -66.1508     -59.3077     -62.3646     -61.0061     -61.3792
                -55.4287     -69.8232     -70.9249     -63.6060     -63.3812
                -70.9211     -74.6521     -75.8310     -79.3541     -78.9318
                -65.5787     -76.3260     -82.2795     -74.9315     -67.2455
                -77.4951     -70.2704     -65.7291     -63.3164     -70.8521
                -77.6236     -80.9389     -70.6710     -70.9481     -66.1052
                -65.1104     -63.6445     -74.2829     -69.5965     -68.1717
   1     80     -79.5951     -72.0346     -81.6437     -71.8385     -75.3256
                -72.2554     -71.1143     -65.5896     -61.7773     -70.2758
                -63.1072     -58.8251     -52.5008     -67.4883     -74.0542
                -69.5763     -62.7487     -65.8028     -64.4645     -64.8183
                -58.8731     -73.2486     -74.3524     -67.0479     -66.8257
                -74.3598     -78.0985     -79.2443     -82.7692     -82.3415
                -68.9974     -79.7562     -85.7015     -78.3637     -70.6877
                -80.8983     -73.6927     -69.1758     -66.7564     -74.2820
                -81.0263     -84.3396     -74.1068     -74.3698     -69.5474
                -68.5337     -67.0832     -77.7013     -73.0388     -71.6130
   1    100     -88.1501     -80.6302     -90.1966     -80.4030     -83.8551
                -80.8039     -79.6775     -74.1564     -70.3438     -78.8133
                -71.6836     -67.4381     -61.0850     -76.0656     -82.5666
                -78.1391     -71.3221     -74.3808     -73.0752     -73.4261
                -67.4265     -81.7732     -82.9134     -75.6401     -75.4058
                -82.9328     -86.6602     -87.7874     -91.3108     -90.8625
                -77.5549     -88.3316     -94.2703     -86.9377     -79.2781
                -89.4461     -82.2326     -77.7273     -75.3310     -82.8762
                -89.5428     -92.8508     -82.6690     -82.9115     -78.1420
                -77.0808     -75.6519     -86.2378     -81.6045     -80.1900
   2      0     -75.2660     -67.6433     -77.2980     -67.5614     -71.0549
                -68.0119     -66.7931     -61.1842     -57.3734     -66.0265
                -58.7075     -54.3077     -48.0802     -63.1701     -69.7399
                -65.2474     -58.4541     -61.3876     -60.0386     -60.3970
                -54.4338     -68.9931     -69.9743     -62.6429     -62.5353
                -69.9928     -73.6808     -74.9445     -78.4677     -78.0803
                -64.6107     -75.5320     -81.3319     -74.0242     -66.3909
                -76.5238     -69.4501     -64.7545     -62.4007     -69.9622
                -76.7296     -80.1159     -69.7431     -70.0672     -65.0940
                -64.2222     -62.6675     -73.4271     -68.8155     -67.2745
   3      0     -75.3039     -67.6826     -77.3452     -67.6043     -71.0986
                -68.0157     -66.8280     -61.2725     -57.5022     -66.1325
                -58.7968     -54.5137     -48.2473     -63.1621     -69.9356
                -65.3439     -58.4592     -61.4713     -60.1197     -60.5166
                -54.5291     -69.0249     -70.1007     -62.7834     -62.6450
                -70.1372     -73.7697     -75.0594     -78.5266     -78.1301
                -64.7203     -75.5379     -81.4125     -74.1464     -66.3877
                -76.6836     -69.4840     -64.8536     -62.5167     -70.0198
                -76.7958     -80.1833     -69.8460     -70.1558     -65.2107
                -64.2982     -62.7872     -73.5342     -68.9142     -67.4134
   4      0     -75.2118     -67.5828     -77.2943     -67.5645     -71.0424
                -67.9629     -66.7590     -61.2193     -57.3955     -66.0734
                -58.6939     -54.4077     -48.1171     -63.1055     -69.7689
                -65.3245     -58.4108     -61.4160     -60.0079     -60.4571
                -54.4114     -68.9853     -70.0575     -62.6617     -62.5750
                -69.9614     -73.6289     -74.9306     -78.4245     -78.1107
                -64.6925     -75.4888     -81.4428     -74.0802     -66.3801
                -76.6032     -69.4393     -64.7855     -62.3900     -69.9616
                -76.7262     -80.1464     -69.7613     -70.0501     -65.1455
                -64.2122     -62.7168     -73.4134     -68.8163     -67.2853
   5      0     -75.3454     -67.6649     -77.4121     -67.6020     -71.1466
                -68.0269     -66.9221     -61.3829     -57.5053     -66.2163
                -58.8156     -54.5788     -48.2869     -63.2038     -69.9637
                -65.4440     -58.5239     -61.6007     -60.1623     -60.5915
                -54.6104     -69.0919     -70.1032     -62.8534     -62.6956
                -70.1988     -73.8367     -75.0931     -78.5203     -78.2062
                -64.7783     -75.6072     -81.4863     -74.1793     -66.4319
                -76.7141     -69.4950     -64.9226     -62.5186     -70.1011
                -76.9086     -80.1835     -69.8860     -70.1916     -65.2771
                -64.3644     -62.8680     -73.5745     -68.9618     -67.4815
   5     60     -76.4062     -68.7349     -78.4612     -68.6553     -72.2009
                -69.0891     -67.9850     -62.4316     -58.5549     -67.2646
                -59.8788     -55.6488     -49.3546     -64.2675     -71.0147
                -66.4893     -59.5796     -62.6600     -61.2288     -61.6404
                -55.6728     -70.1475     -71.1473     -63.9042     -63.7532
                -71.2596     -74.8958     -76.1387     -79.5751     -79.2586
                -65.8278     -76.6593     -82.5242     -75.2205     -67.4975
                -77.7626     -70.5548     -65.9868     -63.5783     -71.1534
                -77.9527     -81.2323     -70.9434     -71.2493     -66.3366
                -65.4211     -63.9298     -74.6241     -70.0203     -68.5391
   5     80     -80.4147     -72.7689     -82.4580     -72.6715     -76.2067
                -73.1099     -72.0145     -66.4466     -62.5985     -71.2811
                -63.9314     -59.7197     -53.4138     -68.3160     -75.0301
                -70.5067     -63.6226     -66.7065     -65.2878     -65.6835
                -59.7133     -74.1601     -75.1560     -67.9424     -67.8038
                -75.2964     -78.9340     -80.1508     -83.5869     -83.2616
                -69.8453     -80.6804     -86.5225     -79.2238     -71.5305
                -81.7637     -74.5792     -70.0285     -67.6315     -75.1856
                -81.9500     -85.2356     -74.9738     -75.2751     -70.3831
                -69.4503     -67.9700     -78.6391     -74.0667     -72.5747
   5    100     -88.2003     -80.5826     -90.2354     -80.4687     -83.9683
                -80.8883     -79.8067     -74.2360     -70.3966     -79.0491
                -71.7272     -67.5472     -61.2194     -76.1181     -82.7891
                -78.2950     -71.4271     -74.5133     -73.1169     -73.4901
                -67.4893     -81.9219     -82.9407     -75.7612     -75.6123
                -83.0967     -86.7196     -87.9268     -91.3566     -91.0225
                -77.6290     -88.4847     -94.3242     -87.0295     -79.3473
                -89.5341     -82.3575     -77.8037     -75.4274     -82.9870
                -89.7062     -92.9900     -82.7677     -83.0389     -78.1921
                -77.2166     -75.7643     -86.4028     -81.8607     -80.3754
 
 
 cumulative average & 95% error for solvation free energy
              total             1st component         2nd component
  1  -101.5288              -26.2015              -75.3039
  2  -101.1282     0.8012   -29.6115     6.8200   -71.4933     7.6212
  3  -101.0490     0.4890   -27.5816     5.6556   -73.4439     5.8806
  4  -101.5930     1.1417   -29.5855     5.6618   -71.9840     5.0809
  5  -101.5335     0.8923   -29.7031     4.3919   -71.8069     3.9516
  6  -101.5765     0.7336   -30.3780     3.8316   -71.1750     3.4651
  7  -101.4358     0.6809   -30.8583     3.3778   -70.5540     3.1810
  8  -101.4499     0.5904   -32.0326     3.7514   -69.3938     3.6019
  9  -101.3267     0.5760   -33.2307     4.0850   -68.0726     4.1320
 10  -101.1507     0.6239   -33.2487     3.6539   -67.8786     3.7161
 11  -100.9251     0.7226   -33.8487     3.5162   -67.0529     3.7450
 12  -100.8807     0.6656   -34.8492     3.7825   -66.0080     4.0069
 13  -100.7325     0.6802   -36.0672     4.2474   -64.6418     4.5882
 14  -100.7147     0.6308   -36.1551     3.9362   -64.5361     4.2531
 15  -100.7393     0.5893   -35.8198     3.7253   -64.8961     4.0243
 16  -100.6880     0.5607   -35.7404     3.4883   -64.9241     3.7648
 17  -100.6997     0.5272   -36.1325     3.3692   -64.5438     3.6173
 18  -100.7643     0.5136   -36.3677     3.2112   -64.3731     3.4275
 19  -100.7503     0.4866   -36.5776     3.0663   -64.1492     3.2728
 20  -100.7404     0.4620   -36.7494     2.9292   -63.9676     3.1261
 21  -100.7453     0.4396   -37.2037     2.9306   -63.5181     3.1064
 22  -100.7971     0.4318   -37.0052     2.8223   -63.7685     3.0038
 23  -100.7946     0.4126   -36.7274     2.7534   -64.0438     2.9226
 24  -100.7578     0.4019   -36.7431     2.6364   -63.9913     2.8001
 25  -100.7010     0.4019   -36.7401     2.5288   -63.9374     2.6880
 26  -100.7483     0.3975   -36.5490     2.4594   -64.1759     2.6262
 27  -100.7209     0.3864   -36.1663     2.4873   -64.5312     2.6251
 28  -100.7221     0.3724   -35.7915     2.5113   -64.9072     2.6390
 29  -100.7614     0.3678   -35.3611     2.5715   -65.3768     2.7141
 30  -100.7784     0.3570   -34.9530     2.6149   -65.8019     2.7564
 31  -100.8302     0.3604   -35.0397     2.5351   -65.7670     2.6670
 32  -100.9071     0.3814   -34.8113     2.4967   -66.0724     2.6535
 33  -100.9506     0.3797   -34.3899     2.5625   -66.5372     2.7347
 34  -100.9994     0.3811   -34.2149     2.5105   -66.7610     2.6906
 35  -101.0154     0.3715   -34.2416     2.4383   -66.7504     2.6126
 36  -101.0477     0.3667   -33.9979     2.4192   -67.0263     2.5983
 37  -101.0840     0.3640   -33.9679     2.3537   -67.0927     2.5306
 38  -101.0545     0.3592   -33.9972     2.2916   -67.0338     2.4659
 39  -101.0276     0.3540   -34.0862     2.2392   -66.9180     2.4130
 40  -101.0222     0.3452   -34.0032     2.1888   -66.9955     2.3570
 41  -101.0481     0.3406   -33.7901     2.1769   -67.2345     2.3480
 42  -101.0898     0.3427   -33.5235     2.1903   -67.5428     2.3729
 43  -101.1210     0.3404   -33.5012     2.1393   -67.5964     2.3195
 44  -101.1192     0.3326   -33.4411     2.0935   -67.6546     2.2692
 45  -101.1038     0.3266   -33.4800     2.0479   -67.6003     2.2209
 46  -101.0848     0.3216   -33.5329     2.0057   -67.5285     2.1768
 47  -101.0574     0.3195   -33.6063     1.9681   -67.4276     2.1395
 48  -101.0614     0.3128   -33.4831     1.9423   -67.5548     2.1099
 49  -101.0762     0.3078   -33.4701     1.9024   -67.5826     2.0671
 50  -101.0754     0.3016   -33.4728     1.8640   -67.5792     2.0253
 
 Mesh error is    0.120 kcal/mol
