 ERmod 0.3.8, Copyright (C) 2000-2019 Nobuyuki Matubayasi
                            2010-2019 Shun Sakuraba
 ERmod comes with ABSOLUTELY NO WARRANTY.
 This is free software, and you can redistribute it
 and/or modify it under certain conditions.
 See LICENSE file for details.
 ERmod 0.3.8, Copyright (C) 2000-2019 Nobuyuki Matubayasi
                            2010-2019 Shun Sakuraba
 ERmod comes with ABSOLUTELY NO WARRANTY.
 This is free software, and you can redistribute it
 and/or modify it under certain conditions.
 See LICENSE file for details.
 
  Number of the   1-th solvent  =          378
  Number of the   2-th solvent  =        10000
 
  Be sure that the solvent distribution is homogeneous (radial distribution function is essentially unity) when the solvent molecule is separated beyond distance of   10.0 Angstrom in any direction from any atom within the solute molecule
 
  LJ long-range correction    =        -1.1319     -7.1533
 
  Self-energy of the solute   =        -0.0072  kcal/mol
 
 
 cumulative average & 95% error for solvation energy
              total             1st component         2nd component
  1  -471.7961              -65.6150             -406.1740
  2  -472.2885     0.9848   -70.3766     9.5232  -401.9048     8.5384
  3  -470.9389     2.7584   -66.6517     9.2590  -404.2800     6.8461
  4  -470.3731     2.2550   -67.9139     7.0169  -402.4521     6.0663
  5  -470.5205     1.7714   -69.3918     6.1870  -401.1215     5.4001
  6  -470.7649     1.5267   -67.9248     5.8419  -402.8329     5.5818
  7  -470.8979     1.3174   -66.3900     5.8137  -404.5007     5.7775
  8  -470.4124     1.4981   -65.0468     5.7068  -405.3585     5.2895
  9  -470.1599     1.4145   -64.5630     5.1250  -405.5897     4.6877
 10  -470.0007     1.3046   -63.4175     5.1246  -406.5760     4.6337
 11  -469.9944     1.1801   -62.3570     5.0976  -407.6302     4.6918
 12  -469.8726     1.1045   -61.9011     4.7419  -407.9643     4.3348
 13  -469.8536     1.0167   -62.8596     4.7646  -406.9869     4.4408
 14  -469.8772     0.9425   -62.8777     4.4113  -406.9924     4.1114
 15  -469.9285     0.8833   -63.8375     4.5332  -406.0838     4.2370
 16  -469.8958     0.8289   -65.8784     5.8857  -404.0102     5.7365
 17  -469.8772     0.7795   -64.9794     5.8137  -404.8907     5.6689
 18  -470.0040     0.7774   -64.5954     5.5348  -405.4015     5.4414
 19  -470.0327     0.7376   -66.1107     6.0492  -403.9149     5.9441
 20  -469.9493     0.7193   -66.8160     5.9096  -403.1261     5.8555
 21  -469.9018     0.6908   -67.6451     5.8606  -402.2496     5.8391
 22  -469.8892     0.6591   -67.8547     5.6036  -402.0273     5.5851
 23  -469.8357     0.6388   -68.3093     5.4311  -401.5192     5.4326
 24  -469.7295     0.6475   -69.7125     5.9088  -400.0098     6.0139
 25  -469.5633     0.7043   -70.4002     5.8320  -399.1560     6.0158
 26  -469.5014     0.6879   -69.9643     5.6706  -399.5299     5.8279
 27  -469.5475     0.6684   -69.7211     5.4782  -399.8192     5.6377
 28  -469.5504     0.6441   -70.4183     5.4600  -399.1250     5.6072
 29  -469.5203     0.6244   -71.0213     5.4046  -398.4918     5.5567
 30  -469.5629     0.6092   -71.4538     5.2925  -398.1019     5.4246
 31  -469.5221     0.5948   -71.0421     5.1848  -398.4728     5.2989
 32  -469.4537     0.5920   -70.3107     5.2289  -399.1359     5.2992
 33  -469.4224     0.5772   -70.1930     5.0735  -399.2222     5.1390
 34  -469.4210     0.5599   -69.8086     4.9816  -399.6052     5.0441
 35  -469.4224     0.5437   -69.6382     4.8492  -399.7771     4.9099
 36  -469.4674     0.5360   -69.5020     4.7205  -399.9582     4.7853
 37  -469.4893     0.5231   -69.3072     4.6076  -400.1749     4.6743
 38  -469.4556     0.5136   -69.8090     4.5956  -399.6394     4.6740
 39  -469.4626     0.5005   -70.5406     4.7093  -398.9148     4.7776
 40  -469.4179     0.4959   -70.8978     4.6453  -398.5129     4.7255
 41  -469.3842     0.4884   -71.1926     4.5688  -398.1844     4.6554
 42  -469.3812     0.4766   -71.1033     4.4623  -398.2708     4.5465
 43  -469.3295     0.4767   -71.6112     4.4741  -397.7112     4.5784
 44  -469.3545     0.4685   -71.6471     4.3719  -397.7003     4.4732
 45  -469.3319     0.4602   -71.5887     4.2752  -397.7361     4.3733
 46  -469.3414     0.4504   -71.4598     4.1892  -397.8745     4.2861
 47  -469.3052     0.4467   -72.1247     4.3094  -397.1733     4.4221
 48  -469.2548     0.4488   -72.3809     4.2497  -396.8667     4.3722
 49  -469.2764     0.4416   -72.4662     4.1655  -396.8030     4.2840
 50  -469.2740     0.4327   -72.6303     4.0945  -396.6365     4.2106
 
 
 group  inft  solvation free energy     error          difference
  total solvation free energy
   1      0        -97.69180           0.26711           0.07218
   1     60        -98.58800           0.26620          -0.82402
   1     80       -102.17924           0.26421          -4.41526
   1    100       -111.11148           0.26391         -13.34750
   2      0        -97.72800           0.26702           0.03598
   3      0        -97.76398           0.26826           0.00000
   4      0        -97.67944           0.27004           0.08454
   5      0        -97.76440           0.27137          -0.00042
   5     60        -98.87830           0.27011          -1.11432
   5     80       -103.07757           0.26831          -5.31359
   5    100       -111.23277           0.26727         -13.46879
 
  contribution from  1-th solvent component
   1      0        -26.24671           1.59358           0.02522
   1     60        -26.27998           1.59364          -0.00805
   1     80        -26.42679           1.59378          -0.15486
   1    100        -26.85247           1.59384          -0.58053
   2      0        -26.26322           1.59331           0.00871
   3      0        -26.27193           1.59338           0.00000
   4      0        -26.26995           1.59275           0.00199
   5      0        -26.27623           1.59270          -0.00430
   5     60        -26.31804           1.59277          -0.04610
   5     80        -26.49504           1.59293          -0.22310
   5    100        -26.88860           1.59299          -0.61666
 
  contribution from  2-th solvent component
   1      0        -71.43792           1.75615           0.04696
   1     60        -72.30085           1.75475          -0.81597
   1     80        -75.74529           1.75129          -4.26041
   1    100        -84.25185           1.74757         -12.76696
   2      0        -71.45761           1.75722           0.02727
   3      0        -71.48488           1.75747           0.00000
   4      0        -71.40233           1.75872           0.08255
   5      0        -71.48100           1.76001           0.00388
   5     60        -72.55310           1.75815          -1.06822
   5     80        -76.57537           1.75461          -5.09049
   5    100        -84.33701           1.75076         -12.85212
 
 
 group  inft   Estimated free energy: total (kcal/mol)
   1      0     -99.1376     -99.3763     -97.9931     -97.6277     -98.5075
                -99.0575     -99.2343     -97.1651     -97.4602     -97.7133
                -98.4772     -97.8084     -97.9289     -98.2128     -98.3944
                -97.3232     -98.0527     -99.4270     -97.5576     -97.4416
                -97.4160     -97.8499     -97.1467     -95.7327     -95.5281
                -97.1833     -98.5646     -97.6302     -97.1118     -98.5119
                -97.8106     -97.1831     -97.5419     -97.9389     -97.8729
                -98.9524     -98.7217     -96.3590     -96.8258     -96.3007
                -96.7669     -97.7865     -96.0326     -98.3931     -97.4910
                -98.3644     -96.1034     -96.0626     -98.1961     -97.3144
   1     60    -100.0298    -100.2715     -98.8855     -98.5247     -99.4031
                -99.9456    -100.1234     -98.0554     -98.3476     -98.6032
                -99.3659     -98.7005     -98.8226     -99.1064     -99.2856
                -98.2220     -98.9419    -100.3211     -98.4624     -98.3390
                -98.3120     -98.7433     -98.0448     -96.6375     -96.4283
                -98.0764     -99.4635     -98.5310     -98.0119     -99.4121
                -98.7033     -98.0695     -98.4339     -98.8293     -98.7647
                -99.8449     -99.6142     -97.2606     -97.7404     -97.1989
                -97.6680     -98.6819     -96.9387     -99.2938     -98.3856
                -99.2630     -97.0128     -96.9677     -99.0974     -98.2131
   1     80    -103.6152    -103.8646    -102.4662    -102.1184    -102.9880
               -103.5169    -103.7041    -101.6178    -101.9191    -102.1756
               -102.9379    -102.2831    -102.4102    -102.6857    -102.8686
               -101.8172    -102.5129    -103.9029    -102.0726    -101.9361
               -101.8944    -102.3292    -101.6429    -100.2532    -100.0305
               -101.6719    -103.0660    -102.1408    -101.6165    -103.0195
               -102.2876    -101.6332    -102.0170    -102.4059    -102.3528
               -103.4307    -103.2008    -100.8594    -101.3652    -100.7954
               -101.2688    -102.2651    -100.5593    -102.8960    -101.9661
               -102.8563    -100.6436    -100.5774    -102.7072    -101.7963
   1    100    -112.5503    -112.8257    -111.3927    -111.0501    -111.9238
               -112.4302    -112.6306    -110.5142    -110.8083    -111.0800
               -111.8431    -111.1971    -111.3476    -111.6123    -111.8038
               -110.7477    -111.4194    -112.8626    -111.0201    -110.8817
               -110.8216    -111.2484    -110.5725    -109.2018    -108.9640
               -110.5885    -112.0257    -111.0848    -110.5594    -111.9795
               -111.2122    -110.5244    -110.9285    -111.3046    -111.2859
               -112.3667    -112.1302    -109.7912    -110.3430    -109.7161
               -110.2122    -111.1893    -109.5265    -111.8386    -110.8835
               -111.7909    -109.6291    -109.5254    -111.6754    -110.7124
   2      0     -99.1453     -99.3635     -98.0506     -97.7056     -98.5655
                -99.0771     -99.2570     -97.2039     -97.4574     -97.7509
                -98.5321     -97.8510     -98.0257     -98.2342     -98.4217
                -97.3312     -98.0529     -99.4389     -97.5285     -97.4849
                -97.4622     -97.8882     -97.1786     -95.7199     -95.5387
                -97.2794     -98.5888     -97.6815     -97.1630     -98.5312
                -97.8229     -97.2008     -97.6339     -98.0117     -97.9425
                -99.0268     -98.7315     -96.4300     -96.8592     -96.3734
                -96.8004     -97.8618     -96.0085     -98.4441     -97.5437
                -98.3556     -96.1329     -96.1047     -98.2555     -97.3508
   3      0     -99.2326     -99.4377     -98.0792     -97.7548     -98.5905
                -99.1191     -99.2681     -97.2192     -97.4910     -97.7774
                -98.6157     -97.9226     -98.0974     -98.2392     -98.4619
                -97.4104     -98.1103     -99.4288     -97.5994     -97.4686
                -97.4685     -97.8670     -97.2567     -95.7744     -95.5462
                -97.3470     -98.6284     -97.7267     -97.1725     -98.5642
                -97.8773     -97.2176     -97.6271     -98.0601     -97.9463
                -99.0409     -98.7909     -96.4326     -96.9009     -96.3640
                -96.8193     -97.8950     -96.0710     -98.4962     -97.6102
                -98.4434     -96.1797     -96.1140     -98.2463     -97.3907
   4      0     -99.1311     -99.3483     -98.0378     -97.7061     -98.4667
                -99.0638     -99.1913     -97.1199     -97.4003     -97.7155
                -98.5041     -97.7846     -97.9481     -98.2083     -98.4034
                -97.2854     -97.9601     -99.3927     -97.5118     -97.4096
                -97.3819     -97.8392     -97.0839     -95.6531     -95.4467
                -97.2665     -98.5171     -97.6127     -97.0991     -98.4785
                -97.8143     -97.1367     -97.6107     -98.0213     -97.8569
                -98.9987     -98.7078     -96.3734     -96.8011     -96.3257
                -96.7222     -97.8106     -95.9661     -98.4229     -97.5344
                -98.3497     -96.0969     -95.9991     -98.1642     -97.2916
   5      0     -99.2686     -99.4494     -98.0862     -97.7716     -98.5868
                -99.1251     -99.2772     -97.1884     -97.4906     -97.7903
                -98.6424     -97.8845     -98.0716     -98.2358     -98.4896
                -97.3624     -98.0901     -99.4838     -97.5935     -97.5056
                -97.4311     -97.9078     -97.2359     -95.7770     -95.5215
                -97.3552     -98.5865     -97.7207     -97.1503     -98.5880
                -97.9125     -97.2477     -97.6642     -98.0708     -97.9819
                -99.0756     -98.7632     -96.4547     -96.8880     -96.3450
                -96.7532     -97.8419     -96.0367     -98.4824     -97.6976
                -98.4850     -96.1313     -96.1165     -98.2175     -97.3867
   5     60    -100.3769    -100.5616     -99.1930     -98.8859     -99.7034
               -100.2288    -100.3813     -98.2940     -98.5950     -98.8944
                -99.7463     -98.9913     -99.1840     -99.3426     -99.6015
                -98.4799     -99.1944    -100.5933     -98.7161     -98.6228
                -98.5453     -99.0187     -98.3521     -96.9019     -96.6411
                -98.4658     -99.7032     -98.8397     -98.2706     -99.7051
                -99.0207     -98.3479     -98.7744     -99.1790     -99.0951
               -100.1856     -99.8715     -97.5789     -98.0192     -97.4653
                -97.8747     -98.9547     -97.1648     -99.5998     -98.8081
                -99.5981     -97.2634     -97.2399     -99.3416     -98.5024
   5     80    -104.5757    -104.7679    -103.3800    -103.0920    -103.8953
               -104.4055    -104.5688    -102.4643    -102.7676    -103.0760
               -103.9297    -103.1784    -103.3773    -103.5318    -103.7960
               -102.6834    -103.3732    -104.7841    -102.9366    -102.8294
               -102.7380    -103.2100    -102.5564    -101.1195    -100.8488
               -102.6707    -103.9181    -103.0557    -102.4907    -103.9208
               -103.2105    -102.5174    -102.9599    -103.3570    -103.2808
               -104.3824    -104.0660    -101.7853    -102.2533    -101.6732
               -102.0789    -103.1454    -101.3940    -103.8114    -102.9997
               -103.8019    -101.5022    -101.4598    -103.5642    -102.6936
   5    100    -112.7250    -112.9317    -111.5191    -111.2419    -112.0643
               -112.5435    -112.7177    -110.5915    -110.8852    -111.1996
               -112.0566    -111.3125    -111.5391    -111.6739    -111.9522
               -110.8290    -111.4992    -112.9603    -111.0984    -110.9926
               -110.8995    -111.3573    -110.7079    -109.2836    -108.9914
               -110.8160    -112.0896    -111.2193    -110.6585    -112.0906
               -111.3487    -110.6318    -111.0974    -111.4885    -111.4585
               -112.5439    -112.2155    -109.9596    -110.4597    -109.8261
               -110.2587    -111.2874    -109.5915    -111.9821    -111.1426
               -111.9539    -109.7101    -109.6375    -111.7606    -110.8372
 
 group  inft   Estimated free energy: 1-th solvent contribution (kcal/mol)
   1      0     -23.9955     -27.8967     -21.1759     -25.8870     -27.1810
                -21.8956     -20.4185     -19.3227     -21.6034     -18.5659
                -18.0639     -20.0869     -27.1314     -22.9445     -28.3414
                -35.8537     -17.3761     -20.8457     -34.6398     -29.0150
                -30.8735     -26.3410     -28.5661     -37.6192     -31.7773
                -20.5806     -22.4960     -32.8353     -32.3025     -31.0334
                -20.8380     -16.3473     -23.7784     -19.8153     -22.2866
                -23.4311     -22.5500     -32.0276     -35.9224     -30.8815
                -29.7218     -24.2597     -34.0567     -26.4949     -24.9577
                -23.5327     -37.5518     -30.7153     -27.2491     -29.2527
   1     60     -24.0288     -27.9301     -21.2090     -25.9209     -27.2141
                -21.9289     -20.4520     -19.3560     -21.6364     -18.5992
                -18.0968     -20.1188     -27.1644     -22.9780     -28.3750
                -35.8874     -17.4091     -20.8792     -34.6732     -29.0485
                -30.9069     -26.3740     -28.5999     -37.6531     -31.8112
                -20.6137     -22.5293     -32.8687     -32.3357     -31.0670
                -20.8712     -16.3801     -23.8114     -19.8476     -22.3195
                -23.4646     -22.5833     -32.0610     -35.9558     -30.9142
                -29.7551     -24.2926     -34.0900     -26.5278     -24.9906
                -23.5659     -37.5853     -30.7490     -27.2827     -29.2861
   1     80     -24.1763     -28.0778     -21.3553     -26.0699     -27.3603
                -22.0764     -20.6004     -19.5027     -21.7828     -18.7465
                -18.2426     -20.2599     -27.3102     -23.1258     -28.5235
                -36.0356     -17.5557     -21.0271     -34.8200     -29.1961
                -31.0541     -26.5203     -28.7486     -37.8021     -31.9601
                -20.7604     -22.6764     -33.0163     -32.4821     -31.2150
                -21.0180     -16.5253     -23.9572     -19.9907     -22.4657
                -23.6124     -22.7303     -32.2085     -36.1021     -31.0587
                -29.9020     -24.4377     -34.2366     -26.6728     -25.1363
                -23.7118     -37.7322     -30.8970     -27.4308     -29.4331
   1    100     -24.6035     -28.5072     -21.7818     -26.4985     -27.7872
                -22.5033     -21.0298     -19.9281     -22.2075     -19.1734
                -18.6679     -20.6766     -27.7344     -23.5531     -28.9514
                -36.4612     -17.9814     -21.4560     -35.2456     -29.6231
                -31.4796     -26.9452     -29.1768     -38.2286     -32.3872
                -21.1854     -23.1040     -33.4424     -32.9073     -31.6420
                -21.4451     -16.9488     -24.3808     -20.4119     -22.8905
                -24.0400     -23.1568     -32.6344     -36.5268     -31.4798
                -30.3264     -24.8609     -34.6614     -27.0960     -25.5594
                -24.1352     -38.1578     -31.3243     -27.8597     -29.8579
   2      0     -24.0114     -27.9053     -21.2016     -25.9073     -27.1898
                -21.9150     -20.4270     -19.3326     -21.6067     -18.5808
                -18.0916     -20.1155     -27.1527     -22.9573     -28.3420
                -35.8727     -17.3865     -20.8491     -34.6538     -29.0188
                -30.8865     -26.3717     -28.5719     -37.6281     -31.7830
                -20.6030     -22.5099     -32.8681     -32.3347     -31.0570
                -20.8572     -16.3746     -23.7859     -19.8492     -22.3050
                -23.4418     -22.5699     -32.0482     -35.9502     -30.9031
                -29.7082     -24.2859     -34.0589     -26.5258     -24.9908
                -23.5470     -37.5723     -30.7277     -27.2600     -29.2680
   3      0     -24.0273     -27.9179     -21.2248     -25.9215     -27.1837
                -21.9112     -20.4257     -19.3327     -21.6124     -18.5915
                -18.0910     -20.1357     -27.1668     -22.9622     -28.3582
                -35.8742     -17.3911     -20.8674     -34.6720     -29.0107
                -30.8877     -26.3697     -28.5876     -37.6428     -31.7950
                -20.6252     -22.5235     -32.8830     -32.3434     -31.0667
                -20.8608     -16.3915     -23.7969     -19.8573     -22.2978
                -23.4619     -22.5811     -32.0468     -35.9578     -30.9106
                -29.7243     -24.2852     -34.0528     -26.5404     -24.9946
                -23.5565     -37.5936     -30.7373     -27.2656     -29.2814
   4      0     -24.0266     -27.9072     -21.2174     -25.9211     -27.1861
                -21.9031     -20.4329     -19.3288     -21.6060     -18.6024
                -18.1037     -20.1350     -27.1477     -22.9603     -28.3502
                -35.8771     -17.3906     -20.8460     -34.6689     -29.0280
                -30.8923     -26.3626     -28.5560     -37.6261     -31.7888
                -20.6359     -22.5062     -32.8829     -32.3454     -31.0702
                -20.8732     -16.3834     -23.8071     -19.8683     -22.2976
                -23.4554     -22.5993     -32.0392     -35.9514     -30.9081
                -29.7183     -24.2878     -34.0457     -26.5410     -25.0015
                -23.5501     -37.5912     -30.7282     -27.2672     -29.2776
   5      0     -24.0333     -27.9047     -21.2178     -25.9182     -27.1880
                -21.9090     -20.4259     -19.3232     -21.6172     -18.6002
                -18.1211     -20.1555     -27.1574     -22.9573     -28.3500
                -35.8750     -17.4013     -20.8555     -34.6769     -29.0443
                -30.8951     -26.3764     -28.5741     -37.6417     -31.7926
                -20.6356     -22.5119     -32.8948     -32.3505     -31.0588
                -20.8838     -16.3887     -23.7987     -19.8916     -22.3185
                -23.4692     -22.5820     -32.0590     -35.9533     -30.9096
                -29.7276     -24.2959     -34.0707     -26.5519     -25.0143
                -23.5655     -37.5846     -30.7313     -27.2662     -29.2858
   5     60     -24.0752     -27.9466     -21.2593     -25.9607     -27.2297
                -21.9508     -20.4680     -19.3650     -21.6587     -18.6420
                -18.1625     -20.1955     -27.1988     -22.9993     -28.3923
                -35.9173     -17.4428     -20.8976     -34.7189     -29.0865
                -30.9371     -26.4180     -28.6164     -37.6843     -31.8351
                -20.6773     -22.5539     -32.9369     -32.3922     -31.1010
                -20.9254     -16.4299     -23.8402     -19.9322     -22.3601
                -23.5112     -22.6238     -32.1012     -35.9951     -30.9509
                -29.7697     -24.3372     -34.1126     -26.5930     -25.0557
                -23.6071     -37.6267     -30.7736     -27.3086     -29.3278
   5     80     -24.2533     -28.1244     -21.4358     -26.1402     -27.4061
                -22.1284     -20.6468     -19.5419     -21.8348     -18.8196
                -18.3385     -20.3659     -27.3742     -23.1774     -28.5712
                -36.0955     -17.6192     -21.0757     -34.8965     -29.2642
                -31.1148     -26.5942     -28.7953     -37.8635     -32.0142
                -20.8544     -22.7317     -33.1147     -32.5685     -31.2792
                -21.1024     -16.6052     -24.0160     -20.1049     -22.5363
                -23.6894     -22.8010     -32.2790     -36.1714     -31.1257
                -29.9468     -24.5125     -34.2896     -26.7678     -25.2314
                -23.7838     -37.8040     -30.9523     -27.4872     -29.5051
   5    100     -24.6485     -28.5195     -21.8300     -26.5363     -27.8012
                -22.5228     -21.0430     -19.9355     -22.2268     -19.2141
                -18.7314     -20.7517     -27.7658     -23.5716     -28.9659
                -36.4879     -18.0121     -21.4724     -35.2899     -29.6579
                -31.5091     -26.9870     -29.1902     -38.2572     -32.4083
                -21.2486     -23.1266     -33.5091     -32.9612     -31.6735
                -21.4965     -16.9969     -24.4081     -20.4944     -22.9306
                -24.0848     -23.1952     -32.6736     -36.5650     -31.5163
                -30.3403     -24.9038     -34.6829     -27.1592     -25.6228
                -24.1756     -38.1979     -31.3478     -27.8844     -29.8985
 
 group  inft   Estimated free energy: 2-th solvent contribution (kcal/mol)
   1      0     -75.1350     -71.4724     -76.8101     -71.7335     -71.3193
                -77.1547     -78.8086     -77.8352     -75.8497     -79.1403
                -80.4062     -77.7143     -70.7904     -75.2612     -70.0459
                -61.4623     -80.6694     -78.5742     -62.9106     -68.4194
                -66.5353     -71.5018     -68.5735     -58.1063     -63.7437
                -76.5956     -76.0614     -64.7878     -64.8021     -67.4713
                -76.9654     -80.8286     -73.7564     -78.1164     -75.5792
                -75.5141     -76.1646     -64.3243     -60.8963     -65.4120
                -67.0380     -73.5196     -61.9687     -71.8911     -72.5261
                -74.8245     -58.5444     -65.3401     -70.9399     -68.0545
   1     60     -75.9938     -72.3342     -77.6694     -72.5966     -72.1818
                -78.0096     -79.6642     -78.6922     -76.7041     -79.9968
                -81.2620     -78.5745     -71.6510     -76.1212     -70.9035
                -62.3275     -81.5256     -79.4347     -63.7820     -69.2834
                -67.3979     -72.3621     -69.4378     -58.9772     -64.6099
                -77.4555     -76.9270     -65.6551     -65.6690     -68.3380
                -77.8250     -81.6823     -74.6153     -78.9745     -76.4380
                -76.3731     -77.0238     -65.1924     -61.7775     -66.2776
                -67.9057     -74.3821     -62.8415     -72.7589     -73.3878
                -75.6900     -59.4204     -66.2116     -71.8076     -68.9199
   1     80     -79.4318     -75.7796     -81.1037     -76.0413     -75.6205
                -81.4333     -83.0965     -82.1080     -80.1291     -83.4220
                -84.6880     -82.0161     -75.0927     -79.5527     -74.3379
                -65.7744     -84.9501     -82.8686     -67.2455     -72.7328
                -70.8331     -75.8018     -72.8871     -62.4440     -68.0632
                -80.9043     -80.3824     -69.1174     -69.1272     -71.7973
                -81.2624     -85.1007     -78.0527     -82.4080     -79.8799
                -79.8112     -80.4634     -68.6438     -65.2559     -69.7295
                -71.3596     -77.8203     -66.3154     -76.2160     -76.8226
                -79.1374     -62.9043     -69.6732     -75.2692     -72.3560
   1    100     -87.9396     -84.3114     -89.6038     -84.5444     -84.1294
                -89.9198     -91.5936     -90.5789     -88.5937     -91.8994
                -93.1680     -90.5133     -83.6060     -88.0521     -82.8453
                -74.2794     -93.4308     -91.3994     -75.7673     -81.2515
                -79.3348     -84.2961     -81.3886     -70.9661     -76.5696
                -89.3959     -88.9145     -77.6353     -77.6449     -80.3304
                -89.7599     -93.5685     -86.5405     -90.8856     -88.3882
                -88.3195     -88.9662     -77.1495     -73.8091     -78.2292
                -79.8787     -86.3213     -74.8579     -84.7354     -85.3169
                -87.6485     -71.4641     -78.1939     -83.8086     -80.8473
   2      0     -75.1268     -71.4510     -76.8418     -71.7911     -71.3685
                -77.1549     -78.8228     -77.8641     -75.8436     -79.1629
                -80.4333     -77.7284     -70.8659     -75.2697     -70.0726
                -61.4514     -80.6592     -78.5827     -62.8676     -68.4590
                -66.5686     -71.5093     -68.5994     -58.0846     -63.7486
                -76.6693     -76.0717     -64.8062     -64.8212     -67.4670
                -76.9585     -80.8190     -73.8408     -78.1553     -75.6304
                -75.5778     -76.1544     -64.3746     -60.9018     -65.4631
                -67.0851     -73.5688     -61.9425     -71.9112     -72.5457
                -74.8014     -58.5534     -65.3698     -70.9883     -68.0756
   3      0     -75.1982     -71.5126     -76.8472     -71.8262     -71.3996
                -77.2007     -78.8352     -77.8794     -75.8715     -79.1788
                -80.5175     -77.7797     -70.9235     -75.2698     -70.0965
                -61.5290     -80.7121     -78.5542     -62.9203     -68.4507
                -66.5737     -71.4902     -68.6619     -58.1244     -63.7441
                -76.7146     -76.0977     -64.8365     -64.8219     -67.4903
                -77.0094     -80.8189     -73.8230     -78.1956     -75.6413
                -75.5719     -76.2027     -64.3786     -60.9360     -65.4462
                -67.0878     -73.6027     -62.0111     -71.9486     -72.6084
                -74.8797     -58.5789     -65.3695     -70.9735     -68.1021
   4      0     -75.0973     -71.4340     -76.8132     -71.7778     -71.2734
                -77.1535     -78.7513     -77.7839     -75.7872     -79.1059
                -80.3933     -77.6424     -70.7933     -75.2409     -70.0460
                -61.4011     -80.5623     -78.5395     -62.8357     -68.3744
                -66.4824     -71.4694     -68.5207     -58.0199     -63.6508
                -76.6234     -76.0037     -64.7226     -64.7465     -67.4011
                -76.9340     -80.7461     -73.7965     -78.1459     -75.5521
                -75.5361     -76.1013     -64.3270     -60.8425     -65.4104
                -66.9967     -73.5156     -61.9132     -71.8748     -72.5257
                -74.7925     -58.4985     -65.2637     -70.8897     -68.0069
   5      0     -75.2281     -71.5376     -76.8613     -71.8463     -71.3916
                -77.2090     -78.8441     -77.8581     -75.8662     -79.1830
                -80.5141     -77.7218     -70.9070     -75.2713     -70.1324
                -61.4802     -80.6817     -78.6211     -62.9094     -68.4540
                -66.5288     -71.5242     -68.6546     -58.1282     -63.7218
                -76.7124     -76.0675     -64.8187     -64.7926     -67.5220
                -77.0215     -80.8518     -73.8583     -78.1719     -75.6563
                -75.5993     -76.1740     -64.3885     -60.9275     -65.4283
                -67.0184     -73.5389     -61.9589     -71.9234     -72.6761
                -74.9124     -58.5395     -65.3781     -70.9442     -68.0937
   5     60     -76.2945     -72.6078     -77.9265     -72.9181     -72.4665
                -78.2708     -79.9061     -78.9219     -76.9292     -80.2453
                -81.5766     -78.7887     -71.9780     -76.3361     -71.2020
                -62.5554     -81.7444     -79.6886     -63.9900     -69.5291
                -67.6010     -72.5935     -69.7285     -59.2105     -64.7989
                -77.7813     -77.1421     -65.8957     -65.8713     -68.5969
                -78.0881     -81.9108     -74.9270     -79.2396     -76.7279
                -76.6672     -77.2406     -65.4705     -62.0169     -66.5072
                -68.0979     -74.6103     -63.0450     -72.9996     -73.7452
                -75.9838     -59.6296     -66.4591     -72.0259     -69.1674
   5     80     -80.3153     -76.6363     -81.9371     -76.9446     -76.4821
                -82.2699     -83.9149     -82.9153     -80.9256     -84.2492
                -85.5840     -82.8053     -75.9959     -80.3472     -75.2176
                -66.5808     -85.7468     -83.7012     -68.0329     -73.5581
                -71.6161     -76.6086     -73.7540     -63.2489     -68.8274
                -81.8091     -81.1793     -69.9338     -69.9150     -72.6345
                -82.1009     -85.9051     -78.9367     -83.2449     -80.7374
                -80.6859     -81.2578     -69.4992     -66.0747     -70.5403
                -72.1249     -78.6257     -67.0972     -77.0365     -77.7611
                -80.0110     -63.6911     -70.5003     -76.0698     -73.1813
   5    100     -88.0693     -84.4051     -89.6820     -84.6985     -84.2560
                -90.0135     -91.6675     -90.6489     -88.6513     -91.9783
                -93.3180     -90.5536     -83.7661     -88.0952     -82.9791
                -74.3339     -93.4800     -91.4808     -75.8013     -81.3275
                -79.3832     -84.3631     -81.5106     -71.0192     -76.5760
                -89.5603     -88.9558     -77.7030     -77.6901     -80.4100
                -89.8450     -93.6278     -86.6821     -90.9869     -88.5207
                -88.4519     -89.0132     -77.2788     -73.8876     -78.3026
                -79.9113     -86.3765     -74.9014     -84.8158     -85.5126
                -87.7711     -71.5050     -78.2826     -83.8691     -80.9316
 
 
 cumulative average & 95% error for solvation free energy
              total             1st component         2nd component
  1   -99.2326              -24.0273              -75.1982
  2   -99.3352     0.2051   -25.9726     3.8907   -73.3554     3.6856
  3   -98.9165     0.8457   -24.3900     3.8813   -74.5193     3.1539
  4   -98.6261     0.8336   -24.7729     2.8493   -73.8460     2.6051
  5   -98.6190     0.6459   -25.2550     2.4085   -73.3568     2.2427
  6   -98.7023     0.5531   -24.6977     2.2605   -73.9974     2.2349
  7   -98.7831     0.4946   -24.0875     2.2671   -74.6885     2.3406
  8   -98.5877     0.5800   -23.4931     2.2951   -75.0874     2.1783
  9   -98.4658     0.5666   -23.2841     2.0668   -75.1745     1.9290
 10   -98.3970     0.5251   -22.8149     2.0732   -75.5749     1.9021
 11   -98.4169     0.4766   -22.3854     2.0626   -76.0243     1.9411
 12   -98.3757     0.4428   -22.1979     1.9199   -76.1705     1.7960
 13   -98.3543     0.4096   -22.5802     1.9244   -75.7669     1.8387
 14   -98.3460     0.3796   -22.6075     1.7825   -75.7314     1.7038
 15   -98.3538     0.3537   -22.9908     1.8280   -75.3558     1.7551
 16   -98.2948     0.3512   -23.7960     2.3489   -74.4916     2.3838
 17   -98.2839     0.3307   -23.4193     2.3315   -74.8575     2.3557
 18   -98.3475     0.3367   -23.2775     2.2164   -75.0629     2.2587
 19   -98.3082     0.3281   -23.8772     2.4153   -74.4238     2.4896
 20   -98.2662     0.3224   -24.1339     2.3482   -74.1251     2.4362
 21   -98.2282     0.3159   -24.4555     2.3243   -73.7655     2.4264
 22   -98.2118     0.3030   -24.5425     2.2230   -73.6621     2.3227
 23   -98.1703     0.3012   -24.7184     2.1531   -73.4447     2.2616
 24   -98.0704     0.3507   -25.2569     2.3258   -72.8064     2.5137
 25   -97.9695     0.3924   -25.5184     2.2913   -72.4439     2.5177
 26   -97.9455     0.3800   -25.3302     2.2334   -72.6081     2.4411
 27   -97.9708     0.3691   -25.2263     2.1591   -72.7374     2.3631
 28   -97.9621     0.3561   -25.4997     2.1513   -72.4552     2.3460
 29   -97.9349     0.3479   -25.7357     2.1287   -72.1920     2.3241
 30   -97.9558     0.3387   -25.9134     2.0870   -72.0353     2.2671
 31   -97.9533     0.3277   -25.7504     2.0447   -72.1957     2.2161
 32   -97.9303     0.3206   -25.4580     2.0644   -72.4652     2.2124
 33   -97.9211     0.3113   -25.4076     2.0034   -72.5063     2.1459
 34   -97.9252     0.3021   -25.2444     1.9708   -72.6737     2.1085
 35   -97.9258     0.2933   -25.1602     1.9211   -72.7585     2.0544
 36   -97.9568     0.2917   -25.1130     1.8693   -72.8366     2.0026
 37   -97.9793     0.2873   -25.0446     1.8233   -72.9276     1.9562
 38   -97.9386     0.2912   -25.2289     1.8125   -72.7026     1.9565
 39   -97.9120     0.2886   -25.5040     1.8492   -72.4009     1.9989
 40   -97.8733     0.2918   -25.6391     1.8225   -72.2270     1.9791
 41   -97.8476     0.2892   -25.7388     1.7886   -72.1017     1.9464
 42   -97.8487     0.2822   -25.7042     1.7469   -72.1374     1.9009
 43   -97.8074     0.2877   -25.8983     1.7494   -71.9019     1.9150
 44   -97.8231     0.2828   -25.9129     1.7094   -71.9030     1.8709
 45   -97.8183     0.2766   -25.8925     1.6715   -71.9187     1.8292
 46   -97.8319     0.2719   -25.8417     1.6379   -71.9830     1.7936
 47   -97.7968     0.2752   -26.0918     1.6789   -71.6978     1.8454
 48   -97.7617     0.2784   -26.1885     1.6549   -71.5660     1.8256
 49   -97.7716     0.2733   -26.2105     1.6214   -71.5539     1.7882
 50   -97.7640     0.2683   -26.2719     1.5934   -71.4849     1.7575
 
 Mesh error is    0.085 kcal/mol
