 ERmod 0.3.8, Copyright (C) 2000-2019 Nobuyuki Matubayasi
                            2010-2019 Shun Sakuraba
 ERmod comes with ABSOLUTELY NO WARRANTY.
 This is free software, and you can redistribute it
 and/or modify it under certain conditions.
 See LICENSE file for details.
 ERmod 0.3.8, Copyright (C) 2000-2019 Nobuyuki Matubayasi
                            2010-2019 Shun Sakuraba
 ERmod comes with ABSOLUTELY NO WARRANTY.
 This is free software, and you can redistribute it
 and/or modify it under certain conditions.
 See LICENSE file for details.
 
  Number of the   1-th solvent  =         1472
  Number of the   2-th solvent  =        10000
 
  Be sure that the solvent distribution is homogeneous (radial distribution function is essentially unity) when the solvent molecule is separated beyond distance of   10.0 Angstrom in any direction from any atom within the solute molecule
 
  LJ long-range correction    =        -3.5283     -5.7260
 
  Self-energy of the solute   =        -0.0022  kcal/mol
 
 
 cumulative average & 95% error for solvation energy
              total             1st component         2nd component
  1  -507.5176             -213.8267             -293.6888
  2  -508.6928     2.3503  -215.0278     2.4023  -293.6628     0.0519
  3  -508.7641     1.3644  -206.8065    16.5009  -301.9554    16.5851
  4  -508.1376     1.5814  -207.6284    11.7831  -300.5070    12.0799
  5  -508.5964     1.5306  -202.3784    13.9124  -306.2159    14.7621
  6  -509.0137     1.5028  -197.2106    15.3578  -311.8009    16.4333
  7  -509.4818     1.5778  -193.9211    14.5519  -315.5586    15.7916
  8  -509.7910     1.4999  -191.3271    13.6283  -318.4617    14.8574
  9  -510.2060     1.5615  -190.7755    12.0696  -319.4283    13.2449
 10  -510.6249     1.6287  -190.9222    10.7994  -319.7005    11.8591
 11  -510.7954     1.5122  -188.3071    11.0805  -322.4862    12.0875
 12  -511.0197     1.4515  -186.0138    11.1063  -325.0037    12.1288
 13  -511.1264     1.3521  -185.4785    10.2723  -325.6457    11.2305
 14  -511.2808     1.2894  -182.8285    10.8874  -328.4502    11.8138
 15  -511.1172     1.2441  -182.0774    10.2463  -329.0377    11.0607
 16  -510.9337     1.2203  -181.9509     9.5879  -328.9806    10.3469
 17  -511.0944     1.1905  -182.0658     9.0092  -329.0264     9.7197
 18  -511.1137     1.1231  -183.2765     8.8323  -327.8350     9.4685
 19  -511.1697     1.0682  -183.1697     8.3573  -327.9978     8.9623
 20  -511.1790     1.0136  -182.9875     7.9368  -328.1893     8.5110
 21  -511.0253     1.0119  -184.0155     7.8244  -327.0076     8.4335
 22  -511.0005     0.9661  -184.5056     7.5244  -326.4927     8.1067
 23  -510.8455     0.9738  -186.9033     8.6423  -323.9400     9.2773
 24  -510.7822     0.9409  -187.6269     8.3999  -323.1531     9.0207
 25  -510.7127     0.9131  -187.9036     8.0759  -322.8070     8.6800
 26  -510.5098     0.9666  -189.4520     8.3543  -321.0556     9.0452
 27  -510.3785     0.9665  -190.5975     8.3590  -319.7788     9.0706
 28  -510.2545     0.9638  -192.3480     8.7829  -317.9043     9.5108
 29  -510.2149     0.9333  -193.5565     8.8125  -316.6563     9.5104
 30  -510.0498     0.9603  -194.0580     8.5726  -315.9896     9.2841
 31  -509.9127     0.9684  -194.5518     8.3501  -315.3588     9.0678
 32  -509.7184     1.0150  -195.8985     8.5218  -313.8177     9.3052
 33  -509.6889     0.9855  -196.8839     8.4914  -312.8029     9.2444
 34  -509.5876     0.9773  -198.1764     8.6339  -311.4090     9.3916
 35  -509.6000     0.9493  -197.8258     8.4129  -311.7720     9.1482
 36  -509.5250     0.9347  -197.8105     8.1759  -311.7123     8.8913
 37  -509.4787     0.9138  -197.9627     7.9577  -311.5138     8.6567
 38  -509.3554     0.9230  -198.4938     7.8179  -310.8595     8.5269
 39  -509.3029     0.9051  -198.6143     7.6186  -310.6864     8.3126
 40  -509.2052     0.9036  -198.9847     7.4626  -310.2183     8.1560
 41  -509.1547     0.8870  -198.8609     7.2825  -310.2916     7.9559
 42  -509.0998     0.8726  -199.5168     7.2271  -309.5808     7.8933
 43  -509.0328     0.8625  -200.2737     7.2175  -308.7569     7.8817
 44  -508.9047     0.8808  -200.7903     7.1269  -308.1122     7.8077
 45  -508.8145     0.8797  -200.8483     6.9676  -307.9640     7.6380
 46  -508.8175     0.8604  -200.5684     6.8374  -308.2469     7.4915
 47  -508.8243     0.8420  -200.5879     6.6905  -308.2342     7.3304
 48  -508.9298     0.8509  -200.9181     6.5828  -308.0096     7.1901
 49  -508.9913     0.8423  -200.6162     6.4753  -308.3729     7.0792
 50  -509.0475     0.8329  -200.1527     6.4118  -308.8927     7.0137
 
 
 group  inft  solvation free energy     error          difference
  total solvation free energy
   1      0       -132.19209           0.53265           0.03964
   1     60       -134.22703           0.52791          -1.99530
   1     80       -139.34473           0.51996          -7.11300
   1    100       -147.70011           0.52451         -15.46838
   2      0       -132.24956           0.53368          -0.01783
   3      0       -132.23173           0.54071           0.00000
   4      0       -132.21679           0.54023           0.01494
   5      0       -132.23504           0.55183          -0.00331
   5     60       -134.70874           0.54284          -2.47701
   5     80       -140.29327           0.53860          -8.06154
   5    100       -147.79651           0.53984         -15.56478
 
  contribution from  1-th solvent component
   1      0        -72.54830           2.53483           0.01613
   1     60        -72.86599           2.53549          -0.30155
   1     80        -73.67618           2.53657          -1.11174
   1    100        -75.09356           2.53595          -2.52912
   2      0        -72.54589           2.53179           0.01854
   3      0        -72.56443           2.53146           0.00000
   4      0        -72.55235           2.52920           0.01208
   5      0        -72.54979           2.52708           0.01464
   5     60        -72.93670           2.52814          -0.37227
   5     80        -73.82659           2.52877          -1.26215
   5    100        -75.10561           2.52848          -2.54117
 
  contribution from  2-th solvent component
   1      0        -59.64162           2.96612           0.02350
   1     60        -61.35887           2.96182          -1.69375
   1     80        -65.66638           2.95469          -6.00126
   1    100        -72.60437           2.95601         -12.93925
   2      0        -59.70149           2.96382          -0.03637
   3      0        -59.66512           2.96925           0.00000
   4      0        -59.66226           2.96560           0.00286
   5      0        -59.68307           2.97145          -0.01795
   5     60        -61.76987           2.96448          -2.10475
   5     80        -66.46451           2.95995          -6.79939
   5    100        -72.68873           2.95959         -13.02361
 
 
 group  inft   Estimated free energy: total (kcal/mol)
   1      0    -130.8440    -132.1689    -132.3916    -130.8071    -133.0477
               -133.1973    -134.0432    -134.0626    -134.6045    -135.1275
               -134.4676    -135.1464    -134.4392    -135.5128    -132.9653
               -132.2643    -135.4069    -133.4950    -134.0596    -133.9805
               -131.2907    -132.9414    -130.5103    -132.4668    -132.2730
               -130.2946    -130.9261    -129.7218    -131.5147    -130.4507
               -130.8447    -128.4991    -130.9832    -129.5176    -132.7898
               -131.6025    -131.6948    -129.6863    -130.3749    -129.7790
               -131.2028    -130.2131    -130.1981    -129.1438    -130.1517
               -132.5474    -132.7381    -135.0380    -134.2357    -133.9419
   1     60    -132.8841    -134.2057    -134.4188    -132.8478    -135.0626
               -135.2134    -136.0624    -136.0773    -136.6128    -137.1571
               -136.4752    -137.1576    -136.4486    -137.5100    -134.9640
               -134.2825    -137.4126    -135.5266    -136.0697    -136.0013
               -133.3342    -134.9838    -132.5692    -134.5033    -134.3035
               -132.3317    -132.9663    -131.7801    -133.5756    -132.4970
               -132.8843    -130.5674    -133.0428    -131.5897    -134.8288
               -133.6478    -133.7419    -131.7478    -132.4279    -131.8262
               -133.2478    -132.2823    -132.2600    -131.2000    -132.1975
               -134.5704    -134.7655    -137.0698    -136.2595    -135.9595
   1     80    -138.0209    -139.3286    -139.5275    -137.9827    -140.1644
               -140.3049    -141.1529    -141.1480    -141.6757    -142.2610
               -141.5387    -142.2315    -141.5284    -142.5718    -140.0135
               -139.3680    -142.4738    -140.6310    -141.1517    -141.1132
               -138.4708    -140.1236    -137.7053    -139.6174    -139.4156
               -137.4723    -138.0971    -136.9385    -138.7314    -137.6232
               -138.0279    -135.7269    -138.1849    -136.7473    -139.9295
               -138.7781    -138.8752    -136.9116    -137.5602    -136.9742
               -138.3816    -137.4577    -137.4412    -136.3702    -137.3360
               -139.6835    -139.8728    -142.1867    -141.3666    -141.0415
   1    100    -146.3945    -147.7269    -147.8882    -146.3855    -148.5168
               -148.6726    -149.5301    -149.5015    -150.0381    -150.6533
               -149.9083    -150.6183    -149.9091    -150.9413    -148.3251
               -147.7207    -150.8582    -149.0226    -149.5291    -149.4852
               -146.7961    -148.4867    -146.0627    -147.9852    -147.7521
               -145.8314    -146.4479    -145.3100    -147.1093    -145.9573
               -146.3914    -144.0372    -146.4564    -145.0900    -148.2710
               -147.1396    -147.2296    -145.2263    -145.8428    -145.2824
               -146.6960    -145.7657    -145.8036    -144.7210    -145.6665
               -148.0575    -148.2655    -150.5867    -149.7374    -149.3749
   2      0    -130.9602    -132.2385    -132.4285    -130.8691    -133.1204
               -133.2490    -134.0893    -134.1557    -134.6486    -135.1504
               -134.5306    -135.2413    -134.5178    -135.5421    -133.0958
               -132.3566    -135.4830    -133.5579    -134.0679    -133.9472
               -131.2813    -132.9401    -130.5978    -132.5736    -132.3714
               -130.3066    -130.9879    -129.7977    -131.6077    -130.5340
               -130.9505    -128.4967    -131.0593    -129.5727    -132.9040
               -131.6433    -131.7406    -129.7044    -130.4290    -129.8397
               -131.2675    -130.2612    -130.1836    -129.1664    -130.1834
               -132.6353    -132.8305    -135.0934    -134.2778    -133.9905
   3      0    -130.9236    -132.2326    -132.4078    -130.8715    -133.1596
               -133.2684    -134.1200    -134.1772    -134.6964    -135.1759
               -134.5958    -135.2469    -134.5033    -135.5209    -133.0637
               -132.3645    -135.5336    -133.5592    -134.0856    -133.9445
               -131.2400    -132.9372    -130.5986    -132.5277    -132.4160
               -130.2608    -130.9880    -129.7899    -131.5761    -130.4781
               -130.9119    -128.4628    -130.9405    -129.5047    -132.8753
               -131.6460    -131.7236    -129.5900    -130.3804    -129.8295
               -131.1868    -130.2107    -130.1793    -129.0606    -130.1090
               -132.6099    -132.7825    -135.0583    -134.2702    -133.9909
   4      0    -130.9518    -132.2070    -132.3671    -130.8470    -133.0993
               -133.2198    -134.0507    -134.1427    -134.6421    -135.1641
               -134.5357    -135.2338    -134.4974    -135.4921    -133.0687
               -132.3850    -135.5001    -133.5962    -134.0706    -133.9122
               -131.1842    -132.8491    -130.5627    -132.5148    -132.4381
               -130.2346    -130.9626    -129.7916    -131.6044    -130.5339
               -130.9174    -128.4385    -130.9450    -129.5369    -132.8997
               -131.6148    -131.7483    -129.6140    -130.3084    -129.7818
               -131.1965    -130.1694    -130.0715    -129.0485    -130.0999
               -132.6117    -132.7899    -135.0855    -134.2796    -134.0230
   5      0    -130.9985    -132.3146    -132.3646    -130.9067    -133.1672
               -133.2650    -134.1953    -134.2168    -134.6782    -135.2131
               -134.6065    -135.2990    -134.5515    -135.5802    -133.1533
               -132.4125    -135.6240    -133.6479    -134.1185    -133.9141
               -131.1885    -132.7683    -130.6144    -132.5810    -132.3848
               -130.2775    -130.9892    -129.8343    -131.6634    -130.5234
               -130.9740    -128.4115    -130.8517    -129.4164    -132.8615
               -131.6665    -131.7566    -129.5221    -130.2747    -129.7476
               -131.1310    -130.1270    -129.9947    -128.9522    -129.9977
               -132.6088    -132.8094    -135.1687    -134.3554    -134.0724
   5     60    -133.4783    -134.7721    -134.8272    -133.3792    -135.6269
               -135.7232    -136.6344    -136.6498    -137.1063    -137.6628
               -137.0290    -137.7274    -136.9781    -137.9927    -135.5680
               -134.8519    -138.0476    -136.0992    -136.5566    -136.3896
               -133.6932    -135.2790    -133.1093    -135.0426    -134.8709
               -132.7621    -133.4590    -132.3284    -134.1518    -133.0037
               -133.4483    -130.9392    -133.3780    -131.9443    -135.3301
               -134.1320    -134.2270    -132.0511    -132.8013    -132.2672
               -133.6427    -132.6724    -132.5458    -131.4794    -132.5124
               -135.0756    -135.2612    -137.6206    -136.7993    -136.5089
   5     80    -139.0840    -140.3764    -140.4065    -138.9866    -141.1994
               -141.2895    -142.2056    -142.2120    -142.6572    -143.2495
               -142.5749    -143.2894    -142.5403    -143.5358    -141.1044
               -140.4224    -143.5994    -141.6912    -142.1091    -141.9596
               -139.2824    -140.8618    -138.7131    -140.6336    -140.4507
               -138.3486    -139.0555    -137.9534    -139.7828    -138.5950
               -139.0595    -136.5453    -138.9532    -137.5489    -140.9095
               -139.7336    -139.8297    -137.6490    -138.3849    -137.8683
               -139.2075    -138.2812    -138.1598    -137.0805    -138.1059
               -140.6638    -140.8430    -143.2160    -142.3837    -142.0703
   5    100    -146.5967    -147.9033    -147.9095    -146.5119    -148.7095
               -148.8134    -149.7173    -149.7078    -150.1551    -150.7714
               -150.0644    -150.8032    -150.0453    -151.0238    -148.5662
               -147.9139    -151.1135    -149.2149    -149.6225    -149.4875
               -146.7791    -148.3910    -146.2122    -148.1351    -147.9578
               -145.8373    -146.5434    -145.4627    -147.2944    -146.0843
               -146.5642    -144.0372    -146.4172    -145.0503    -148.3974
               -147.2312    -147.3284    -145.1377    -145.8507    -145.3550
               -146.7073    -145.7794    -145.7023    -144.5788    -145.6055
               -148.1887    -148.3638    -150.7423    -149.8870    -149.5527
 
 group  inft   Estimated free energy: 1-th solvent contribution (kcal/mol)
   1      0     -78.3111     -79.9978     -68.9749     -77.0109     -65.1563
                -61.2065     -62.5340     -61.6470     -67.5915     -69.9205
                -57.4481     -56.9173     -64.9502     -51.7305     -61.1760
                -64.0259     -67.0201     -75.0395     -65.8619     -64.5994
                -73.8813     -70.2225     -88.6486     -74.4602     -70.0273
                -83.9458     -80.6078     -88.1961     -83.2441     -75.6270
                -76.3625     -87.2007     -83.1641     -88.6453     -66.3228
                -70.8413     -73.9590     -78.9121     -72.0904     -76.8007
                -69.1518     -82.2068     -84.9275     -81.1891     -73.1937
                -68.0295     -73.7434     -80.1883     -67.1068     -63.3993
   1     60     -78.6296     -80.3142     -69.2909     -77.3285     -65.4696
                -61.5222     -62.8492     -61.9618     -67.9066     -70.2376
                -57.7605     -57.2308     -65.2645     -52.0436     -61.4884
                -64.3415     -67.3339     -75.3575     -66.1770     -64.9151
                -74.2012     -70.5415     -88.9688     -74.7770     -70.3443
                -84.2631     -80.9253     -88.5183     -83.5677     -75.9480
                -76.6806     -87.5231     -83.4864     -88.9678     -66.6423
                -71.1603     -74.2773     -79.2338     -72.4106     -77.1184
                -69.4689     -82.5279     -85.2477     -81.5088     -73.5128
                -68.3460     -74.0604     -80.5077     -67.4249     -63.7154
   1     80     -79.4429     -81.1219     -70.0985     -78.1388     -66.2740
                -62.3311     -63.6553     -62.7653     -68.7122     -71.0468
                -58.5595     -58.0331     -66.0698     -52.8472     -62.2888
                -65.1481     -68.1370     -76.1681     -66.9844     -65.7251
                -75.0161     -71.3551     -89.7799     -75.5841     -71.1531
                -85.0741     -81.7354     -89.3373     -84.3890     -76.7627
                -77.4931     -88.3392     -84.3034     -89.7833     -67.4526
                -71.9720     -75.0870     -80.0501     -73.2229     -77.9281
                -70.2758     -83.3429     -86.0640     -82.3241     -74.3255
                -69.1569     -74.8698     -81.3230     -68.2381     -64.5222
   1    100     -80.8653     -82.5424     -71.5157     -79.5565     -67.6856
                -63.7553     -65.0772     -64.1830     -70.1321     -72.4747
                -59.9768     -59.4581     -67.4943     -54.2698     -63.6996
                -66.5658     -69.5611     -77.5957     -68.4094     -67.1500
                -76.4295     -72.7762     -91.1948     -76.9990     -72.5684
                -86.4847     -83.1496     -90.7568     -85.8155     -78.1788
                -78.9102     -89.7502     -85.7115     -91.1962     -68.8727
                -73.3907     -76.5031     -81.4605     -74.6278     -79.3310
                -71.6811     -84.7469     -87.4792     -83.7350     -75.7371
                -70.5799     -76.2916     -82.7499     -69.6627     -65.9390
   2      0     -78.3313     -80.0151     -68.9666     -77.0207     -65.1678
                -61.1870     -62.5581     -61.6832     -67.5965     -69.9221
                -57.4882     -56.9473     -64.9823     -51.7467     -61.2043
                -64.0656     -67.0335     -75.0563     -65.8615     -64.5406
                -73.8453     -70.1717     -88.6597     -74.5057     -70.0048
                -83.9291     -80.6036     -88.2116     -83.2805     -75.6153
                -76.3877     -87.1522     -83.1193     -88.6243     -66.3473
                -70.8368     -73.9895     -78.8698     -72.0456     -76.7869
                -69.1090     -82.1579     -84.8561     -81.1569     -73.1331
                -68.0180     -73.7754     -80.1932     -67.1284     -63.4052
   3      0     -78.3335     -80.0412     -68.9863     -77.0431     -65.1964
                -61.2161     -62.5721     -61.7006     -67.6215     -69.9656
                -57.5039     -56.9728     -64.9762     -51.7438     -61.2190
                -64.1031     -67.0852     -75.0779     -65.8750     -64.5936
                -73.8407     -70.1905     -88.6790     -74.5145     -70.0517
                -83.9425     -80.6290     -88.2448     -83.2851     -75.6541
                -76.4089     -87.1953     -83.1197     -88.6339     -66.3595
                -70.8656     -74.0108     -78.8497     -72.0642     -76.7997
                -69.0988     -82.1782     -84.8783     -81.1402     -73.1332
                -68.0313     -73.7771     -80.2323     -67.1535     -63.4329
   4      0     -78.3379     -80.0456     -68.9631     -77.0251     -65.1928
                -61.2034     -62.5534     -61.7106     -67.6165     -69.9665
                -57.5025     -56.9918     -64.9751     -51.7482     -61.2241
                -64.1218     -67.0671     -75.0912     -65.8445     -64.5736
                -73.8166     -70.1555     -88.6669     -74.5231     -70.0375
                -83.9499     -80.6177     -88.2225     -83.2952     -75.6368
                -76.3926     -87.1476     -83.0756     -88.5983     -66.3484
                -70.8508     -74.0252     -78.8357     -72.0247     -76.8005
                -69.0748     -82.1121     -84.8186     -81.1209     -73.1086
                -68.0259     -73.7862     -80.2070     -67.1546     -63.4324
   5      0     -78.3424     -80.0565     -68.9611     -77.0286     -65.2136
                -61.1777     -62.5988     -61.7185     -67.6201     -69.9610
                -57.5262     -56.9816     -64.9923     -51.7545     -61.2562
                -64.1161     -67.0890     -75.0967     -65.8676     -64.5424
                -73.8066     -70.1243     -88.6904     -74.5299     -70.0216
                -83.9316     -80.6411     -88.2349     -83.3006     -75.6192
                -76.3885     -87.1178     -83.0271     -88.5701     -66.3605
                -70.8807     -74.0195     -78.8076     -71.9832     -76.7758
                -69.0708     -82.1038     -84.7657     -81.0946     -73.0694
                -68.0176     -73.7995     -80.2189     -67.1513     -63.4659
   5     60     -78.7299     -80.4394     -69.3456     -77.4142     -65.5967
                -61.5631     -62.9803     -62.0994     -68.0018     -70.3447
                -57.9041     -57.3611     -65.3727     -52.1334     -61.6345
                -64.4991     -67.4691     -75.4814     -66.2506     -64.9295
                -74.1992     -70.5167     -89.0789     -74.9143     -70.4105
                -84.3190     -81.0263     -88.6265     -83.6923     -76.0093
                -76.7748     -87.5126     -83.4225     -88.9648     -66.7482
                -71.2662     -74.4053     -79.2025     -72.3779     -77.1673
                -69.4605     -82.4994     -85.1617     -81.4885     -73.4620
                -68.4040     -74.1837     -80.6050     -67.5364     -63.8485
   5     80     -79.6233     -81.3292     -70.2330     -78.3045     -66.4817
                -62.4528     -63.8679     -62.9861     -68.8901     -71.2363
                -58.7853     -58.2463     -66.2604     -53.0187     -62.5174
                -65.3891     -68.3556     -76.3751     -67.1391     -65.8174
                -75.0919     -71.4069     -89.9685     -75.8030     -71.2996
                -85.2060     -81.9151     -89.5260     -84.5945     -76.9041
                -77.6662     -88.4058     -84.3126     -89.8577     -67.6403
                -72.1573     -75.2960     -80.0937     -73.2674     -78.0544
                -70.3415     -83.3887     -86.0521     -82.3792     -74.3522
                -69.2953     -75.0743     -81.5011     -68.4314     -64.7370
   5    100     -80.9052     -82.6093     -71.5099     -79.5810     -67.7580
                -63.7382     -65.1484     -64.2634     -70.1685     -72.5223
                -60.0609     -59.5296     -67.5422     -54.2978     -63.7898
                -66.6681     -69.6381     -77.6611     -68.4232     -67.1040
                -76.3712     -72.6934     -91.2427     -77.0789     -72.5809
                -86.4767     -83.1892     -90.8060     -85.8797     -78.1841
                -78.9427     -89.6831     -85.5861     -91.1367     -68.9222
                -73.4347     -76.5753     -81.3684     -74.5403     -79.3250
                -71.6149     -84.6612     -87.3348     -83.6550     -75.6296
                -70.5800     -76.3547     -82.7847     -69.7150     -66.0143
 
 group  inft   Estimated free energy: 2-th solvent contribution (kcal/mol)
   1      0     -52.5307     -52.1690     -63.4145     -53.7941     -67.8892
                -71.9887     -71.5070     -72.4134     -67.0108     -65.2048
                -77.0173     -78.2270     -69.4868     -83.7801     -71.7872
                -68.2362     -68.3847     -58.4534     -68.1955     -69.3789
                -57.4072     -62.7167     -41.8596     -58.0045     -62.2435
                -46.3466     -50.3161     -41.5235     -48.2685     -54.8215
                -54.4800     -41.2963     -47.8169     -40.8701     -66.4648
                -60.7591     -57.7336     -50.7719     -58.2824     -52.9762
                -62.0488     -48.0041     -45.2685     -47.9525     -56.9559
                -64.5157     -58.9925     -54.8475     -67.1267     -70.5404
   1     60     -54.2524     -53.8893     -65.1257     -55.5171     -69.5909
                -73.6891     -73.2110     -74.1134     -68.7040     -66.9173
                -78.7125     -79.9246     -71.1819     -85.4643     -73.4734
                -69.9388     -70.0765     -60.1669     -69.8905     -71.0840
                -59.1309     -64.4401     -43.5982     -59.7240     -63.9570
                -48.0665     -52.0388     -43.2596     -50.0057     -56.5469
                -56.2016     -43.0422     -49.5542     -42.6197     -68.1844
                -62.4853     -59.4624     -52.5118     -60.0151     -54.7057
                -63.7766     -49.7522     -47.0101     -49.6890     -58.6825
                -66.2221     -60.7030     -56.5599     -68.8323     -72.2419
   1     80     -58.5758     -58.2045     -69.4268     -59.8417     -73.8883
                -77.9716     -77.4953     -78.3805     -72.9614     -71.2120
                -82.9771     -84.1962     -75.4565     -89.7225     -77.7225
                -74.2178     -74.3347     -64.4607     -74.1651     -75.3859
                -63.4525     -68.7663     -47.9232     -64.0311     -68.2603
                -52.3961     -56.3596     -47.5990     -54.3402     -60.8584
                -60.5326     -47.3855     -53.8793     -46.9618     -72.4747
                -66.8039     -63.7860     -56.8593     -64.3351     -59.0439
                -68.1036     -54.1126     -51.3750     -54.0439     -63.0084
                -70.5244     -65.0008     -60.8616     -73.1262     -76.5171
   1    100     -65.5270     -65.1823     -76.3703     -66.8268     -80.8290
                -84.9152     -84.4506     -85.3164     -79.9038     -78.1764
                -89.9292     -91.1579     -82.4126     -96.6694     -84.6234
                -81.1527     -81.2949     -71.4247     -81.1175     -82.3331
                -70.3644     -75.7083     -54.8657     -70.9840     -75.1815
                -59.3445     -63.2961     -54.5510     -61.2917     -67.7763
                -67.4791     -54.2847     -60.7427     -53.8917     -79.3961
                -73.7466     -70.7243     -63.7637     -71.2128     -65.9492
                -75.0127     -61.0166     -58.3222     -60.9838     -69.9272
                -77.4755     -71.9717     -67.8346     -80.0725     -83.4338
   2      0     -52.6268     -52.2212     -63.4598     -53.8462     -67.9504
                -72.0599     -71.5290     -72.4703     -67.0499     -65.2262
                -77.0402     -78.2918     -69.5333     -83.7932     -71.8894
                -68.2888     -68.4474     -58.4993     -68.2042     -69.4044
                -57.4338     -62.7663     -41.9359     -58.0658     -62.3645
                -46.3753     -50.3821     -41.5839     -48.3250     -54.9165
                -54.5606     -41.3424     -47.9378     -40.9463     -66.5545
                -60.8043     -57.7489     -50.8324     -58.3813     -53.0507
                -62.1563     -48.1011     -45.3254     -48.0073     -57.0481
                -64.6151     -59.0530     -54.8980     -67.1472     -70.5831
   3      0     -52.5880     -52.1893     -63.4194     -53.8263     -67.9610
                -72.0501     -71.5458     -72.4744     -67.0727     -65.2081
                -77.0897     -78.2720     -69.5249     -83.7749     -71.8426
                -68.2592     -68.4463     -58.4791     -68.2084     -69.3488
                -57.3971     -62.7445     -41.9174     -58.0110     -62.3622
                -46.3161     -50.3568     -41.5430     -48.2888     -54.8218
                -54.5008     -41.2653     -47.8186     -40.8686     -66.5136
                -60.7782     -57.7106     -50.7381     -58.3141     -53.0276
                -62.0858     -48.0303     -45.2989     -47.9183     -56.9736
                -64.5765     -59.0032     -54.8238     -67.1146     -70.5558
   4      0     -52.6118     -52.1592     -63.4018     -53.8197     -67.9043
                -72.0141     -71.4951     -72.4299     -67.0234     -65.1954
                -77.0310     -78.2398     -69.5201     -83.7418     -71.8424
                -68.2611     -68.4308     -58.5028     -68.2239     -69.3364
                -57.3654     -62.6914     -41.8937     -57.9895     -62.3984
                -46.2825     -50.3427     -41.5669     -48.3070     -54.8950
                -54.5226     -41.2888     -47.8672     -40.9364     -66.5491
                -60.7619     -57.7209     -50.7761     -58.2815     -52.9790
                -62.1195     -48.0552     -45.2507     -47.9254     -56.9892
                -64.5836     -59.0016     -54.8764     -67.1228     -70.5884
   5      0     -52.6539     -52.2560     -63.4013     -53.8759     -67.9515
                -72.0851     -71.5944     -72.4961     -67.0559     -65.2500
                -77.0782     -78.3152     -69.5570     -83.8236     -71.8949
                -68.2942     -68.5329     -58.5490     -68.2487     -69.3695
                -57.3797     -62.6418     -41.9219     -58.0489     -62.3610
                -46.3437     -50.3459     -41.5972     -48.3606     -54.9020
                -54.5833     -41.2915     -47.8224     -40.8442     -66.4988
                -60.7836     -57.7348     -50.7123     -58.2893     -52.9696
                -62.0580     -48.0210     -45.2268     -47.8554     -56.9262
                -64.5891     -59.0078     -54.9476     -67.2019     -70.6043
   5     60     -54.7463     -54.3305     -65.4794     -55.9628     -70.0279
                -74.1579     -73.6519     -74.5482     -69.1023     -67.3159
                -79.1227     -80.3642     -71.6032     -85.8572     -73.9312
                -70.3507     -70.5764     -60.6156     -70.3038     -71.4580
                -59.4919     -64.7601     -44.0282     -60.1262     -64.4583
                -48.4410     -52.4305     -43.6998     -50.4573     -56.9922
                -56.6713     -43.4244     -49.9533     -42.9774     -68.5797
                -62.8637     -59.8196     -52.8464     -60.4212     -55.0978
                -64.1801     -50.1708     -47.3819     -49.9887     -59.0482
                -66.6695     -61.0753     -57.0135     -69.2608     -72.6583
   5     80     -59.4585     -59.0450     -70.1713     -60.6799     -74.7155
                -78.8344     -78.3355     -79.2237     -73.7649     -72.0110
                -83.7874     -85.0409     -76.2778     -90.5149     -78.5848
                -75.0311     -75.2416     -65.3139     -74.9679     -76.1400
                -64.1883     -69.4527     -48.7424     -64.8285     -69.1490
                -53.1405     -57.1382     -48.4252     -55.1860     -61.6888
                -61.3911     -48.1373     -54.6383     -47.6890     -73.2671
                -67.5742     -64.5315     -57.5532     -65.1153     -59.8117
                -68.8638     -54.8904     -52.1054     -54.6992     -63.7515
                -71.3664     -65.7665     -61.7127     -73.9501     -77.3310
   5    100     -65.6894     -65.2919     -76.3974     -66.9287     -80.9494
                -85.0731     -84.5667     -85.4422     -79.9845     -78.2469
                -90.0014     -91.2714     -82.5009     -96.7238     -84.7743
                -81.2437     -81.4733     -71.5516     -81.1971     -82.3813
                -70.4057     -75.6954     -54.9673     -71.0541     -75.3747
                -59.3585     -63.3520     -54.6545     -61.4126     -67.8980
                -67.6193     -54.3520     -60.8289     -53.9115     -79.4731
                -73.7943     -70.7509     -63.7672     -71.3082     -66.0278
                -75.0903     -61.1161     -58.3653     -60.9217     -69.9737
                -77.6065     -72.0069     -67.9554     -80.1699     -83.5362
 
 
 cumulative average & 95% error for solvation free energy
              total             1st component         2nd component
  1  -130.9236              -78.3335              -52.5880
  2  -131.5781     1.3090   -79.1873     1.7077   -52.3886     0.3987
  3  -131.8547     0.9365   -75.7870     6.8718   -56.0656     7.3575
  4  -131.6089     0.8248   -76.1010     4.8995   -55.5057     5.3216
  5  -131.9190     0.8904   -73.9201     5.7818   -57.9968     6.4663
  6  -132.1439     0.8549   -71.8028     6.3418   -60.3390     7.0583
  7  -132.4262     0.9170   -70.4841     5.9735   -61.9400     6.7704
  8  -132.6451     0.9068   -69.3861     5.6200   -63.2568     6.4276
  9  -132.8730     0.9205   -69.1901     4.9718   -63.6808     5.7317
 10  -133.1033     0.9434   -69.2676     4.4496   -63.8335     5.1357
 11  -133.2390     0.8954   -68.1982     4.5579   -65.0386     5.2334
 12  -133.4063     0.8833   -67.2628     4.5620   -66.1414     5.2620
 13  -133.4907     0.8298   -67.0869     4.2112   -66.4017     4.8682
 14  -133.6357     0.8212   -65.9909     4.4727   -67.6426     5.1453
 15  -133.5976     0.7683   -65.6728     4.2122   -67.9226     4.8226
 16  -133.5205     0.7350   -65.5747     3.9450   -67.9437     4.5113
 17  -133.6389     0.7299   -65.6635     3.7099   -67.9732     4.2381
 18  -133.6345     0.6882   -66.1866     3.6508   -67.4458     4.1326
 19  -133.6583     0.6527   -66.1702     3.4535   -67.4859     3.9099
 20  -133.6726     0.6199   -66.0913     3.2801   -67.5791     3.7139
 21  -133.5567     0.6335   -66.4604     3.2061   -67.0942     3.6633
 22  -133.5286     0.6067   -66.6299     3.0756   -66.8965     3.5151
 23  -133.4012     0.6332   -67.5886     3.5090   -65.8104     4.0000
 24  -133.3648     0.6106   -67.8771     3.4088   -65.4855     3.8844
 25  -133.3268     0.5906   -67.9641     3.2742   -65.3605     3.7342
 26  -133.2089     0.6145   -68.5787     3.3774   -64.6281     3.8753
 27  -133.1267     0.6137   -69.0250     3.3702   -64.0995     3.8759
 28  -133.0075     0.6376   -69.7114     3.5259   -63.2939     4.0676
 29  -132.9581     0.6231   -70.1795     3.5286   -62.7765     4.0590
 30  -132.8755     0.6243   -70.3620     3.4284   -62.5113     3.9571
 31  -132.8121     0.6169   -70.5570     3.3388   -62.2529     3.8620
 32  -132.6762     0.6563   -71.0770     3.3960   -61.5971     3.9628
 33  -132.6236     0.6447   -71.4419     3.3714   -61.1795     3.9305
 34  -132.5319     0.6518   -71.9475     3.4235   -60.5822     3.9960
 35  -132.5417     0.6332   -71.7879     3.3395   -60.7516     3.8949
 36  -132.5168     0.6174   -71.7623     3.2459   -60.7524     3.7852
 37  -132.4954     0.6020   -71.8230     3.1593   -60.6702     3.6851
 38  -132.4189     0.6056   -72.0079     3.0972   -60.4088     3.6247
 39  -132.3666     0.5990   -72.0094     3.0167   -60.3551     3.5322
 40  -132.3032     0.5975   -72.1291     2.9501   -60.1719     3.4622
 41  -132.2760     0.5853   -72.0552     2.8810   -60.2186     3.3780
 42  -132.2268     0.5796   -72.2963     2.8526   -59.9284     3.3473
 43  -132.1792     0.5739   -72.5889     2.8463   -59.5881     3.3386
 44  -132.1083     0.5783   -72.7832     2.8079   -59.3229     3.3047
 45  -132.0639     0.5723   -72.7910     2.7448   -59.2707     3.2321
 46  -132.0758     0.5602   -72.6875     2.6924   -59.3861     3.1694
 47  -132.0908     0.5490   -72.7107     2.6349   -59.3779     3.1013
 48  -132.1526     0.5515   -72.8674     2.5984   -59.2830     3.0419
 49  -132.1958     0.5470   -72.7508     2.5555   -59.4429     2.9963
 50  -132.2317     0.5407   -72.5644     2.5315   -59.6651     2.9692
 
 Mesh error is    0.040 kcal/mol
