 ERmod 0.3.8, Copyright (C) 2000-2019 Nobuyuki Matubayasi
                            2010-2019 Shun Sakuraba
 ERmod comes with ABSOLUTELY NO WARRANTY.
 This is free software, and you can redistribute it
 and/or modify it under certain conditions.
 See LICENSE file for details.
 
  Number of the   1-th solvent  =         1472
  Number of the   2-th solvent  =        10000
 
  Be sure that the solvent distribution is homogeneous (radial distribution function is essentially unity) when the solvent molecule is separated beyond distance of   10.0 Angstrom in any direction from any atom within the solute molecule
 
  LJ long-range correction    =        -3.5283     -5.7260
 
  Self-energy of the solute   =        -0.0011  kcal/mol
 
 
 cumulative average & 95% error for solvation energy
              total             1st component         2nd component
  1  -474.3118             -175.8275             -298.4831
  2  -473.2550     2.1135  -173.8333     3.9884  -299.4206     1.8749
  3  -473.5901     1.3921  -174.5506     2.7129  -299.0384     1.3251
  4  -473.3618     1.0851  -169.0519    11.1634  -304.3088    10.5823
  5  -473.6509     1.0202  -163.0849    14.7374  -310.5649    14.9581
  6  -473.9717     1.0514  -159.2151    14.3072  -314.7555    14.8124
  7  -473.3310     1.5594  -158.8067    12.1194  -314.5232    12.5274
  8  -472.8814     1.6224  -158.7175    10.4972  -314.1628    10.8729
  9  -472.7714     1.4477  -160.9049    10.2393  -311.8654    10.6330
 10  -472.5125     1.3945  -163.5861    10.6128  -308.9253    11.1815
 11  -472.4405     1.2696  -162.2919     9.9424  -310.1475    10.4053
 12  -472.6616     1.2404  -162.8536     9.1454  -309.8069     9.5231
 13  -472.5913     1.1496  -162.4746     8.4466  -310.1156     8.7817
 14  -471.8867     1.7661  -163.2413     7.9690  -308.6443     8.6464
 15  -471.6919     1.6897  -161.5527     8.1512  -310.1382     8.5860
 16  -471.7286     1.5822  -158.8850     9.3060  -312.8425     9.6828
 17  -471.4672     1.5755  -160.4367     9.2760  -311.0294     9.7916
 18  -471.3251     1.5124  -162.6128     9.7686  -308.7112    10.3305
 19  -471.4639     1.4572  -163.2404     9.3250  -308.2224     9.8205
 20  -471.6503     1.4319  -163.1742     8.8475  -308.4751     9.3302
 21  -471.8249     1.4060  -163.0174     8.4215  -308.8064     8.8995
 22  -471.7518     1.3485  -161.9510     8.3080  -309.7997     8.7148
 23  -471.6814     1.2962  -163.1658     8.3020  -308.5145     8.7149
 24  -471.5834     1.2564  -162.0851     8.2372  -309.4972     8.5722
 25  -471.6193     1.2073  -160.2727     8.6927  -311.3455     9.0150
 26  -471.6222     1.1599  -159.5586     8.4729  -312.0625     8.7792
 27  -471.7281     1.1361  -159.4947     8.1540  -312.2323     8.4546
 28  -471.6806     1.0989  -160.1291     7.9592  -311.5504     8.2605
 29  -471.6385     1.0636  -160.3947     7.6982  -311.2427     7.9943
 30  -471.7445     1.0492  -160.7692     7.4748  -310.9742     7.7418
 31  -471.8434     1.0339  -161.6338     7.4336  -310.2084     7.6430
 32  -471.8225     1.0019  -162.6709     7.4904  -309.1506     7.6968
 33  -471.8601     0.9740  -162.5211     7.2661  -309.3379     7.4693
 34  -471.8741     0.9453  -161.7638     7.2100  -310.1092     7.4086
 35  -471.8281     0.9225  -161.4953     7.0215  -310.3317     7.2076
 36  -471.8690     0.9002  -161.4226     6.8252  -310.4453     7.0082
 37  -471.9202     0.8815  -162.0490     6.7554  -309.8701     6.9126
 38  -471.9224     0.8580  -162.4331     6.6200  -309.4882     6.7714
 39  -472.0006     0.8502  -162.7635     6.4818  -309.2360     6.6148
 40  -472.0699     0.8402  -162.6508     6.3217  -309.4180     6.4575
 41  -472.0234     0.8247  -162.6926     6.1661  -309.3297     6.3005
 42  -471.9830     0.8089  -162.8728     6.0283  -309.1091     6.1645
 43  -472.0615     0.8053  -163.7522     6.1436  -308.3082     6.2289
 44  -472.1166     0.7945  -164.3634     6.1255  -307.7521     6.1865
 45  -472.1271     0.7769  -164.6085     6.0079  -307.5176     6.0656
 46  -472.1357     0.7600  -164.2619     5.9166  -307.8727     5.9746
 47  -472.0359     0.7700  -164.7138     5.8594  -307.3210     5.9494
 48  -471.9787     0.7624  -164.5648     5.7438  -307.4128     5.8270
 49  -472.0169     0.7506  -164.3887     5.6364  -307.6271     5.7229
 50  -472.0616     0.7408  -164.0960     5.5534  -307.9645     5.6477
 
 
 group  inft  solvation free energy     error          difference
  total solvation free energy
   1      0       -113.89789           0.34574           0.10362
   1     60       -115.65885           0.34492          -1.65734
   1     80       -120.33005           0.34385          -6.32855
   1    100       -128.29677           0.34354         -14.29526
   2      0       -113.96703           0.34614           0.03448
   3      0       -114.00151           0.34615           0.00000
   4      0       -114.00960           0.34574          -0.00810
   5      0       -114.07573           0.34677          -0.07422
   5     60       -116.21952           0.34549          -2.21801
   5     80       -121.36146           0.34467          -7.35995
   5    100       -128.51854           0.34411         -14.51703
 
  contribution from  1-th solvent component
   1      0        -57.45277           2.29592           0.05480
   1     60        -57.72209           2.29629          -0.21453
   1     80        -58.44246           2.29687          -0.93489
   1    100        -59.75882           2.29710          -2.25125
   2      0        -57.49211           2.29528           0.01546
   3      0        -57.50757           2.29569           0.00000
   4      0        -57.51953           2.29553          -0.01196
   5      0        -57.53059           2.29549          -0.02302
   5     60        -57.85941           2.29591          -0.35184
   5     80        -58.65953           2.29649          -1.15196
   5    100        -59.85023           2.29669          -2.34266
 
  contribution from  2-th solvent component
   1      0        -56.44403           2.41062           0.04882
   1     60        -57.93566           2.40827          -1.44281
   1     80        -61.88650           2.40432          -5.39365
   1    100        -68.53685           2.40041         -12.04401
   2      0        -56.47382           2.41223           0.01903
   3      0        -56.49284           2.41339           0.00000
   4      0        -56.48898           2.41174           0.00386
   5      0        -56.54405           2.41064          -0.05120
   5     60        -58.35902           2.40785          -1.86617
   5     80        -62.70084           2.40378          -6.20799
   5    100        -68.66721           2.40010         -12.17437
 
 
 group  inft   Estimated free energy: total (kcal/mol)
   1      0    -115.5100    -113.7990    -114.7213    -114.2646    -115.6449
               -115.7872    -113.6596    -112.9687    -113.0001    -113.2596
               -113.7858    -114.6570    -114.2882    -109.4839    -112.0879
               -114.5504    -111.6566    -112.1956    -114.4256    -115.5614
               -115.8257    -113.4830    -112.9921    -113.0008    -114.3870
               -114.0283    -114.9275    -113.2865    -113.3941    -114.6568
               -114.4187    -112.5813    -114.0841    -114.7579    -113.6063
               -114.2768    -114.2087    -113.9254    -114.8157    -115.7955
               -113.1868    -113.2982    -114.3787    -114.5145    -113.3802
               -113.9396    -111.7045    -112.6862    -114.9703    -115.0761
   1     60    -117.2725    -115.5659    -116.4868    -116.0167    -117.3904
               -117.5381    -115.4170    -114.7356    -114.7748    -115.0328
               -115.5386    -116.4249    -116.0397    -111.2455    -113.8308
               -116.2901    -113.4334    -113.9666    -116.1891    -117.3188
               -117.5871    -115.2273    -114.7636    -114.7588    -116.1210
               -115.7817    -116.6944    -115.0537    -115.1503    -116.4273
               -116.1953    -114.3598    -115.8402    -116.4973    -115.3638
               -116.0353    -115.9740    -115.6831    -116.5794    -117.5506
               -114.9487    -115.0638    -116.1605    -116.2898    -115.1452
               -115.6987    -113.4794    -114.4455    -116.7220    -116.8367
   1     80    -121.9578    -120.2550    -121.1653    -120.6704    -122.0365
               -122.1989    -120.0931    -119.4229    -119.4589    -119.7306
               -120.1901    -121.1099    -120.7018    -115.9036    -118.4749
               -120.9267    -118.1344    -118.6579    -120.8529    -121.9827
               -122.2644    -119.8718    -119.4618    -119.4325    -120.7415
               -120.4348    -121.3816    -119.7366    -119.8179    -121.1036
               -120.8958    -119.0548    -120.4920    -121.1240    -120.0359
               -120.6984    -120.6497    -120.3418    -121.2417    -122.2150
               -119.6267    -119.7457    -120.8729    -120.9751    -119.8269
               -120.3558    -118.1703    -119.1150    -121.3782    -121.5158
   1    100    -129.9557    -128.2385    -129.1401    -128.6195    -129.9915
               -130.1641    -128.0683    -127.4121    -127.4254    -127.7390
               -128.1342    -129.0780    -128.6685    -123.8608    -126.4041
               -128.8588    -126.1171    -126.6505    -128.7998    -129.9525
               -130.2418    -127.8136    -127.4850    -127.4190    -128.6444
               -128.3731    -129.3790    -127.7124    -127.7648    -129.0613
               -128.8870    -127.0252    -128.4201    -129.0583    -128.0255
               -128.6516    -128.6215    -128.2935    -129.1997    -130.1909
               -127.6009    -127.7206    -128.8732    -128.9489    -127.7935
               -128.3042    -126.1507    -127.0756    -129.3329    -129.4917
   2      0    -115.6007    -113.8566    -114.7549    -114.3228    -115.7315
               -115.8638    -113.7548    -113.0426    -113.0740    -113.3156
               -113.8495    -114.7396    -114.3389    -109.5293    -112.1452
               -114.6964    -111.7575    -112.2557    -114.5115    -115.6032
               -115.8654    -113.5669    -113.0309    -113.0190    -114.5145
               -114.1322    -114.9621    -113.3727    -113.5110    -114.7150
               -114.4256    -112.6484    -114.1911    -114.8094    -113.7039
               -114.3041    -114.3109    -113.9842    -114.8953    -115.8710
               -113.2781    -113.3276    -114.4551    -114.5658    -113.4666
               -114.0279    -111.7544    -112.7500    -115.0012    -115.1470
   3      0    -115.6415    -113.8921    -114.7760    -114.4303    -115.7583
               -115.9454    -113.7694    -113.0773    -113.1113    -113.3582
               -113.8706    -114.7417    -114.3506    -109.5454    -112.2056
               -114.7070    -111.7934    -112.2660    -114.5139    -115.6345
               -115.9230    -113.5739    -113.0599    -113.1138    -114.5313
               -114.1341    -115.0054    -113.3814    -113.5486    -114.7452
               -114.4540    -112.6761    -114.2242    -114.8517    -113.7143
               -114.3925    -114.3121    -113.9901    -114.9270    -115.8987
               -113.3308    -113.3997    -114.4898    -114.6283    -113.4954
               -114.0560    -111.8105    -112.8200    -115.0281    -115.1708
   4      0    -115.6862    -113.8721    -114.7422    -114.4011    -115.7677
               -115.9324    -113.7624    -113.0921    -113.1358    -113.3493
               -113.8220    -114.7909    -114.3640    -109.5898    -112.1881
               -114.7126    -111.7541    -112.2719    -114.5752    -115.6829
               -115.9044    -113.5380    -113.1555    -113.1226    -114.5369
               -114.1599    -115.0437    -113.4346    -113.5547    -114.7447
               -114.4745    -112.6794    -114.2204    -114.8629    -113.7075
               -114.3740    -114.3245    -113.9841    -114.9469    -115.9122
               -113.2941    -113.4532    -114.4716    -114.5944    -113.5169
               -114.0509    -111.8644    -112.8214    -115.0758    -115.1634
   5      0    -115.7634    -113.9073    -114.8645    -114.4452    -115.8226
               -115.9993    -113.8416    -113.1506    -113.1863    -113.4175
               -113.9214    -114.9133    -114.4138    -109.6229    -112.2240
               -114.7980    -111.8755    -112.3311    -114.6078    -115.7152
               -116.0014    -113.6250    -113.1860    -113.1761    -114.5874
               -114.1609    -115.0937    -113.4879    -113.6306    -114.7668
               -114.5541    -112.7741    -114.2863    -114.9534    -113.7788
               -114.4640    -114.3907    -114.0359    -115.0090    -115.9912
               -113.3869    -113.4983    -114.5842    -114.6920    -113.5843
               -114.1242    -111.9159    -112.8793    -115.1227    -115.2240
   5     60    -117.9117    -116.0590    -117.0110    -116.5780    -117.9477
               -118.1310    -115.9821    -115.2996    -115.3459    -115.5767
               -116.0528    -117.0669    -116.5458    -111.7772    -114.3541
               -116.9168    -114.0379    -114.4874    -116.7509    -117.8553
               -118.1472    -115.7476    -115.3418    -115.3174    -116.7005
               -116.2944    -117.2453    -115.6396    -115.7707    -116.9205
               -116.7147    -114.9371    -116.4228    -117.0694    -115.9192
               -116.6036    -116.5400    -116.1757    -117.1555    -118.1270
               -115.5335    -115.6490    -116.7507    -116.8492    -115.7328
               -116.2631    -114.0769    -115.0218    -117.2564    -117.3650
   5     80    -123.0704    -121.2201    -122.1616    -121.7062    -123.0671
               -123.2641    -121.1265    -120.4562    -120.5031    -120.7477
               -121.1725    -122.2203    -121.6766    -116.9032    -119.4575
               -122.0244    -119.2083    -119.6503    -121.8838    -122.9944
               -123.2935    -120.8583    -120.5127    -120.4624    -121.7902
               -121.4177    -122.4075    -120.7932    -120.9085    -122.0704
               -121.8841    -120.1027    -121.5427    -122.1684    -121.0638
               -121.7362    -121.6859    -121.3057    -122.2937    -123.2620
               -120.6842    -120.8020    -121.9322    -122.0059    -120.8843
               -121.3947    -119.2399    -120.1621    -122.3850    -122.5087
   5    100    -130.2603    -128.3903    -129.3197    -128.8483    -130.2145
               -130.4179    -128.2957    -127.6310    -127.6600    -127.9460
               -128.2989    -129.3752    -128.8339    -124.0595    -126.5813
               -129.1521    -126.3833    -126.8330    -129.0210    -130.1561
               -130.4612    -127.9923    -127.7231    -127.6344    -128.8929
               -128.5508    -129.5894    -127.9580    -128.0549    -129.2149
               -129.0623    -127.2655    -128.6647    -129.2948    -128.2404
               -128.8809    -128.8446    -128.4439    -129.4446    -130.4270
               -127.8486    -127.9702    -129.1177    -129.1702    -128.0439
               -128.5320    -126.4118    -127.3112    -129.5312    -129.6712
 
 group  inft   Estimated free energy: 1-th solvent contribution (kcal/mol)
   1      0     -62.9079     -60.5835     -62.5365     -52.5044     -47.3647
                -47.4150     -54.2195     -54.8919     -62.9787     -67.3354
                -51.1774     -59.2475     -55.1005     -60.6514     -46.5456
                -38.5639     -65.6487     -72.3074     -62.1632     -56.8715
                -55.9641     -47.3575     -68.6613     -46.5179     -37.4746
                -47.9530     -55.0198     -62.5575     -58.8716     -60.1595
                -67.4448     -69.5999     -54.6049     -46.3027     -53.2625
                -55.4987     -65.9283     -62.5902     -62.0863     -55.5921
                -57.8372     -59.7631     -72.5125     -68.2340     -62.3293
                -50.6197     -66.0434     -54.6299     -54.4397     -51.7679
   1     60     -63.1780     -60.8540     -62.8064     -52.7721     -47.6326
                -47.6812     -54.4872     -55.1611     -63.2502     -67.6053
                -51.4454     -59.5176     -55.3691     -60.9219     -46.8132
                -38.8317     -65.9213     -72.5788     -62.4325     -57.1418
                -56.2341     -47.6245     -68.9328     -46.7882     -37.7391
                -48.2215     -55.2914     -62.8265     -59.1385     -60.4281
                -67.7151     -69.8718     -54.8734     -46.5707     -53.5314
                -55.7664     -66.1986     -62.8603     -62.3573     -55.8603
                -58.1051     -60.0330     -72.7842     -68.5065     -62.5992
                -50.8886     -66.3135     -54.8985     -54.7079     -52.0370
   1     80     -63.9013     -61.5779     -63.5281     -53.4892     -48.3508
                -48.3965     -55.2053     -55.8810     -63.9735     -68.3259
                -52.1624     -60.2397     -56.0890     -61.6432     -47.5323
                -39.5507     -66.6477     -73.3033     -63.1513     -57.8645
                -56.9571     -48.3408     -69.6577     -47.5118     -38.4500
                -48.9402     -56.0173     -63.5453     -59.8539     -61.1445
                -68.4369     -70.5957     -55.5914     -47.2886     -54.2520
                -56.4833     -66.9204     -63.5817     -63.0799     -56.5788
                -58.8234     -60.7545     -73.5097     -69.2314     -63.3213
                -51.6067     -67.0333     -55.6172     -55.4265     -52.7580
   1    100     -65.2222     -62.8978     -64.8470     -54.8031     -49.6669
                -49.7111     -56.5201     -57.1968     -65.2896     -69.6421
                -53.4736     -61.5553     -57.4035     -62.9571     -48.8494
                -40.8677     -67.9679     -74.6238     -64.4663     -59.1852
                -58.2793     -49.6536     -70.9787     -48.8351     -39.7554
                -50.2560     -57.3437     -64.8588     -61.1622     -62.4536
                -69.7536     -71.9115     -56.9036     -48.6050     -55.5742
                -57.7960     -68.2353     -64.8967     -64.3960     -57.8964
                -60.1420     -62.0725     -74.8296     -70.5477     -64.6391
                -52.9212     -68.3447     -56.9324     -56.7434     -54.0775
   2      0     -62.9567     -60.6133     -62.5574     -52.5595     -47.4070
                -47.4849     -54.2455     -54.9438     -63.0233     -67.3825
                -51.2215     -59.2764     -55.1352     -60.6890     -46.5637
                -38.6016     -65.6815     -72.3316     -62.2136     -56.8964
                -55.9936     -47.3838     -68.6766     -46.5463     -37.5257
                -48.0128     -55.0549     -62.6107     -58.9118     -60.2090
                -67.4753     -69.6380     -54.6561     -46.3399     -53.3011
                -55.5248     -65.9651     -62.6203     -62.1312     -55.6478
                -57.8527     -59.7961     -72.5680     -68.2547     -62.3765
                -50.6672     -66.0921     -54.6871     -54.4791     -51.8230
   3      0     -62.9806     -60.6238     -62.5717     -52.5826     -47.4248
                -47.4901     -54.2619     -54.9562     -63.0527     -67.4034
                -51.2314     -59.2901     -55.1463     -60.6949     -46.5872
                -38.6142     -65.7069     -72.3490     -62.2143     -56.9181
                -55.9838     -47.3969     -68.7038     -46.5901     -37.5424
                -48.0170     -55.0507     -62.6105     -58.9278     -60.2316
                -67.4743     -69.6444     -54.6742     -46.3509     -53.3190
                -55.5696     -65.9861     -62.6293     -62.1562     -55.6618
                -57.8761     -59.8217     -72.5816     -68.2902     -62.3997
                -50.6623     -66.1202     -54.7043     -54.4833     -51.8184
   4      0     -62.9875     -60.6363     -62.5781     -52.5887     -47.4276
                -47.5164     -54.2985     -54.9799     -63.0688     -67.4201
                -51.2416     -59.3019     -55.1777     -60.7246     -46.6004
                -38.6133     -65.7067     -72.3537     -62.2205     -56.9150
                -55.9781     -47.4002     -68.7145     -46.6045     -37.5534
                -48.0437     -55.0667     -62.6502     -58.9310     -60.2391
                -67.4970     -69.6603     -54.6917     -46.3586     -53.3343
                -55.5676     -65.9999     -62.6390     -62.1649     -55.6622
                -57.8764     -59.8359     -72.5927     -68.2690     -62.4163
                -50.6932     -66.1415     -54.7135     -54.4865     -51.8373
   5      0     -62.9731     -60.6444     -62.6035     -52.5954     -47.4397
                -47.5219     -54.3156     -55.0053     -63.0545     -67.4200
                -51.2662     -59.3392     -55.1622     -60.7134     -46.5972
                -38.6355     -65.7441     -72.3793     -62.2137     -56.9267
                -56.0158     -47.4233     -68.7296     -46.5846     -37.5734
                -48.0468     -55.0613     -62.6451     -58.9615     -60.2540
                -67.5152     -69.6740     -54.6872     -46.3777     -53.3449
                -55.5865     -66.0160     -62.6319     -62.1558     -55.6912
                -57.8945     -59.8587     -72.5972     -68.3151     -62.4217
                -50.6949     -66.1237     -54.7467     -54.5065     -51.8435
   5     60     -63.3030     -60.9750     -62.9325     -52.9221     -47.7667
                -47.8472     -54.6424     -55.3338     -63.3860     -67.7496
                -51.5934     -59.6691     -55.4902     -61.0452     -46.9250
                -38.9624     -66.0766     -72.7105     -62.5418     -57.2568
                -56.3452     -47.7492     -69.0611     -46.9149     -37.8969
                -48.3747     -55.3928     -62.9736     -59.2872     -60.5819
                -67.8450     -70.0055     -55.0149     -46.7046     -53.6731
                -55.9134     -66.3461     -62.9616     -62.4867     -56.0187
                -58.2218     -60.1882     -72.9287     -68.6470     -62.7512
                -51.0227     -66.4536     -55.0749     -54.8340     -52.1717
   5     80     -64.1061     -61.7793     -63.7340     -53.7193     -48.5653
                -48.6429     -55.4391     -56.1333     -64.1895     -68.5505
                -52.3907     -60.4707     -56.2899     -61.8459     -47.7225
                -39.7611     -66.8825     -73.5144     -63.3398     -58.0605
                -57.1469     -48.5447     -69.8666     -47.7187     -38.6877
                -49.1735     -56.1991     -63.7718     -60.0811     -61.3786
                -68.6466     -70.8087     -55.8121     -47.5026     -54.4735
                -56.7098     -67.1476     -63.7627     -63.2899     -56.8174
                -59.0196     -60.9893     -73.7340     -69.4514     -63.5530
                -51.8208     -67.2530     -55.8739     -55.6328     -52.9717
   5    100     -65.3010     -62.9733     -64.9252     -54.9077     -49.7560
                -49.8328     -56.6285     -57.3236     -65.3805     -69.7424
                -53.5770     -61.6602     -57.4792     -63.0355     -48.9136
                -40.9521     -68.0768     -74.7082     -64.5286     -59.2554
                -58.3408     -49.7317     -71.0629     -48.9156     -39.8695
                -50.3644     -57.3978     -64.9599     -61.2641     -62.5631
                -69.8379     -71.9987     -56.9989     -48.6929     -55.6691
                -57.8979     -68.3369     -64.9507     -64.4806     -58.0098
                -60.2120     -62.1818     -74.9281     -70.6412     -64.7454
                -53.0089     -68.4399     -57.0641     -56.8243     -54.1650
 
 group  inft   Estimated free energy: 2-th solvent contribution (kcal/mol)
   1      0     -52.6009     -53.2144     -52.1838     -61.7591     -68.2790
                -68.3711     -59.4389     -58.0758     -50.0202     -45.9231
                -62.6073     -55.4084     -59.1866     -48.8314     -65.5412
                -75.9854     -46.0068     -39.8872     -52.2613     -58.6888
                -59.8605     -66.1245     -44.3298     -66.4818     -76.9113
                -66.0742     -59.9066     -50.7279     -54.5214     -54.4962
                -46.9728     -42.9803     -59.4781     -68.4541     -60.3427
                -58.7770     -48.2794     -51.3341     -52.7284     -60.2023
                -55.3485     -53.5340     -41.8652     -46.2795     -51.0498
                -63.3187     -45.6601     -58.0552     -60.5295     -63.3070
   1     60     -54.0934     -54.7107     -53.6793     -63.2435     -69.7567
                -69.8558     -60.9287     -59.5734     -51.5235     -47.4264
                -64.0921     -56.9062     -60.6695     -50.3225     -67.0165
                -77.4573     -47.5110     -41.3867     -53.7555     -60.1759
                -61.3519     -67.6018     -45.8297     -67.9694     -78.3808
                -67.5591     -61.4019     -52.2262     -56.0108     -55.9982
                -48.4792     -44.4869     -60.9656     -69.9255     -61.8313
                -60.2678     -49.7743     -52.8218     -54.2210     -61.6892
                -56.8424     -55.0297     -43.3752     -47.7822     -52.5449
                -64.8090     -47.1648     -59.5459     -62.0130     -64.7986
   1     80     -58.0554     -58.6760     -57.6362     -67.1802     -73.6846
                -73.8013     -64.8867     -63.5407     -55.4843     -51.4037
                -68.0266     -60.8691     -64.6117     -54.2593     -70.9415
                -81.3750     -51.4856     -45.3535     -57.7005     -64.1171
                -65.3062     -71.5299     -49.8030     -71.9196     -82.2905
                -71.4935     -65.3632     -56.1903     -59.9629     -59.9580
                -52.4578     -48.4580     -64.8996     -73.8343     -65.7827
                -64.2140     -53.7282     -56.7590     -58.1607     -65.6350
                -60.8023     -58.9901     -47.3622     -51.7426     -56.5045
                -68.7480     -51.1359     -63.4968     -65.9505     -68.7567
   1    100     -64.7325     -65.3397     -64.2920     -73.8153     -80.3235
                -80.4519     -71.5472     -70.2142     -62.1346     -58.0959
                -74.6595     -67.5216     -71.2639     -60.9026     -77.5536
                -87.9900     -58.1482     -52.0256     -64.3324     -70.7662
                -71.9614     -78.1590     -56.5052     -78.5828     -88.8879
                -78.1160     -72.0343     -62.8525     -66.6015     -66.6066
                -59.1324     -55.1125     -71.5155     -80.4523     -72.4502
                -70.8545     -60.3851     -63.3957     -64.8026     -72.2934
                -67.4578     -65.6470     -54.0425     -58.4001     -63.1533
                -75.3819     -57.8050     -70.1421     -72.5884     -75.4131
   2      0     -52.6428     -53.2422     -52.1963     -61.7622     -68.3234
                -68.3779     -59.5083     -58.0977     -50.0496     -45.9320
                -62.6269     -55.4621     -59.2026     -48.8392     -65.5804
                -76.0937     -46.0748     -39.9229     -52.2969     -58.7057
                -59.8707     -66.1820     -44.3533     -66.4716     -76.9877
                -66.1183     -59.9061     -50.7608     -54.5981     -54.5049
                -46.9491     -43.0093     -59.5338     -68.4684     -60.4017
                -58.7782     -48.3448     -51.3629     -52.7630     -60.2221
                -55.4243     -53.5305     -41.8860     -46.3101     -51.0890
                -63.3596     -45.6611     -58.0618     -60.5210     -63.3229
   3      0     -52.6598     -53.2672     -52.2032     -61.8466     -68.3324
                -68.4543     -59.5064     -58.1200     -50.0575     -45.9536
                -62.6381     -55.4505     -59.2032     -48.8494     -65.6173
                -76.0917     -46.0853     -39.9159     -52.2986     -58.7153
                -59.9381     -66.1758     -44.3550     -66.5225     -76.9879
                -66.1161     -59.9536     -50.7698     -54.6197     -54.5126
                -46.9786     -43.0307     -59.5489     -68.4997     -60.3942
                -58.8218     -48.3248     -51.3598     -52.7697     -60.2359
                -55.4537     -53.5769     -41.9071     -46.3370     -51.0947
                -63.3927     -45.6892     -58.1145     -60.5437     -63.3513
   4      0     -52.6976     -53.2348     -52.1630     -61.8113     -68.3390
                -68.4150     -59.4628     -58.1111     -50.0660     -45.9281
                -62.5793     -55.4879     -59.1851     -48.8641     -65.5866
                -76.0981     -46.0463     -39.9170     -52.3536     -58.7668
                -59.9251     -66.1367     -44.4399     -66.5170     -76.9824
                -66.1151     -59.9759     -50.7833     -54.6227     -54.5046
                -46.9764     -43.0180     -59.5275     -68.5031     -60.3721
                -58.8054     -48.3235     -51.3440     -52.7809     -60.2489
                -55.4166     -53.6162     -41.8779     -46.3243     -51.0994
                -63.3567     -45.7218     -58.1068     -60.5882     -63.3250
   5      0     -52.7892     -53.2618     -52.2599     -61.8487     -68.3818
                -68.4764     -59.5249     -58.1442     -50.1307     -45.9964
                -62.6541     -55.5730     -59.2505     -48.9084     -65.6257
                -76.1615     -46.1303     -39.9507     -52.3930     -58.7874
                -59.9846     -66.2006     -44.4553     -66.5903     -77.0129
                -66.1130     -60.0313     -50.8416     -54.6680     -54.5118
                -47.0378     -43.0989     -59.5979     -68.5746     -60.4328
                -58.8764     -48.3736     -51.4028     -52.8520     -60.2989
                -55.4913     -53.6385     -41.9859     -46.3758     -51.1614
                -63.4282     -45.7911     -58.1315     -60.6150     -63.3794
   5     60     -54.6076     -55.0828     -54.0773     -63.6548     -70.1799
                -70.2827     -61.3386     -59.9648     -51.9589     -47.8260
                -64.4583     -57.3966     -61.0545     -50.7309     -67.4280
                -77.9533     -47.9602     -41.7758     -54.2080     -60.5973
                -61.8009     -67.9973     -46.2796     -68.4014     -78.8025
                -67.9186     -61.8514     -52.6650     -56.4823     -56.3375
                -48.8686     -44.9305     -61.4068     -70.3638     -62.2450
                -60.6891     -50.1927     -53.2130     -54.6677     -62.1073
                -57.3107     -55.4597     -43.8208     -48.2011     -52.9805
                -65.2393     -47.6222     -59.9458     -62.4213     -65.1922
   5     80     -58.9632     -59.4397     -58.4266     -67.9859     -74.5007
                -74.6201     -65.6863     -64.3218     -56.3125     -52.1960
                -68.7807     -61.7485     -65.3857     -55.0563     -71.7339
                -82.2622     -52.3247     -46.1347     -58.5429     -64.9328
                -66.1455     -72.3124     -50.6450     -72.7426     -83.1014
                -72.2431     -66.2073     -57.0203     -60.8263     -60.6907
                -53.2364     -49.2929     -65.7295     -74.6646     -66.5892
                -65.0253     -54.5372     -57.5419     -59.0027     -66.4435
                -61.6635     -59.8117     -48.1971     -52.5534     -57.3302
                -69.5728     -51.9858     -64.2870     -66.7511     -69.5358
   5    100     -64.9582     -65.4159     -64.3934     -73.9396     -80.4574
                -80.5840     -71.6661     -70.3064     -62.2785     -58.2026
                -74.7208     -67.7139     -71.3537     -61.0230     -77.6666
                -88.1989     -58.3054     -52.1238     -64.4913     -70.8995
                -72.1193     -78.2595     -56.6592     -78.7177     -89.0223
                -78.1853     -72.1905     -62.9971     -66.7896     -66.6508
                -59.2233     -55.2657     -71.6647     -80.6008     -72.5702
                -70.9819     -60.5066     -63.4921     -64.9629     -72.4161
                -67.6355     -65.7873     -54.1884     -58.5279     -63.2974
                -75.5220     -57.9708     -70.2461     -72.7058     -75.5051
 
 
 cumulative average & 95% error for solvation free energy
              total             1st component         2nd component
  1  -115.6415              -62.9806              -52.6598
  2  -114.7668     1.7494   -61.8022     2.3568   -52.9635     0.6074
  3  -114.7699     1.0100   -62.0587     1.4542   -52.7101     0.6163
  4  -114.6850     0.7341   -59.6897     4.8483   -54.9942     4.5890
  5  -114.8996     0.7125   -57.2367     6.1784   -57.6619     6.4110
  6  -115.0739     0.6782   -55.6123     6.0003   -59.4606     6.3516
  7  -114.8876     0.6837   -55.4193     5.0858   -59.4671     5.3681
  8  -114.6613     0.7453   -55.3615     4.4060   -59.2987     4.6611
  9  -114.4891     0.7421   -56.2160     4.2450   -58.2719     4.5951
 10  -114.3760     0.7012   -57.3348     4.4071   -57.0401     4.7918
 11  -114.3300     0.6409   -56.7799     4.1379   -57.5490     4.4523
 12  -114.3643     0.5890   -56.9891     3.8005   -57.3741     4.0794
 13  -114.3633     0.5418   -56.8474     3.5074   -57.5148     3.7630
 14  -114.0191     0.8517   -57.1222     3.2934   -56.8959     3.6973
 15  -113.8982     0.8289   -56.4198     3.3725   -57.4773     3.6331
 16  -113.9488     0.7820   -55.3070     3.8608   -58.6407     4.1187
 17  -113.8220     0.7771   -55.9188     3.8274   -57.9022     4.1412
 18  -113.7356     0.7527   -56.8315     4.0440   -56.9029     4.3861
 19  -113.7765     0.7167   -57.1148     3.8670   -56.6606     4.1771
 20  -113.8694     0.7049   -57.1050     3.6686   -56.7633     3.9680
 21  -113.9672     0.6984   -57.0516     3.4912   -56.9145     3.7864
 22  -113.9493     0.6669   -56.6128     3.4425   -57.3355     3.7071
 23  -113.9107     0.6419   -57.1385     3.4533   -56.7711     3.7177
 24  -113.8775     0.6181   -56.6990     3.4212   -57.1774     3.6511
 25  -113.9036     0.5952   -55.9327     3.6217   -57.9698     3.8439
 26  -113.9125     0.5721   -55.6282     3.5325   -58.2831     3.7459
 27  -113.9530     0.5564   -55.6068     3.3994   -58.3450     3.6066
 28  -113.9325     0.5378   -55.8570     3.3137   -58.0745     3.5173
 29  -113.9193     0.5196   -55.9629     3.2044   -57.9553     3.4022
 30  -113.9468     0.5050   -56.1052     3.1088   -57.8406     3.2948
 31  -113.9632     0.4895   -56.4719     3.0950   -57.4902     3.2629
 32  -113.9230     0.4807   -56.8835     3.1078   -57.0383     3.2860
 33  -113.9321     0.4663   -56.8166     3.0151   -57.1144     3.1885
 34  -113.9592     0.4556   -56.5088     2.9892   -57.4493     3.1650
 35  -113.9522     0.4426   -56.4176     2.9082   -57.5334     3.0778
 36  -113.9644     0.4308   -56.3941     2.8267   -57.5692     2.9920
 37  -113.9738     0.4194   -56.6533     2.7977   -57.3194     2.9526
 38  -113.9742     0.4083   -56.8106     2.7412   -57.1625     2.8909
 39  -113.9986     0.4006   -56.9477     2.6840   -57.0499     2.8248
 40  -114.0461     0.4019   -56.9155     2.6168   -57.1295     2.7579
 41  -114.0287     0.3935   -56.9389     2.5526   -57.0887     2.6910
 42  -114.0137     0.3852   -57.0076     2.4949   -57.0050     2.6315
 43  -114.0248     0.3768   -57.3698     2.5416   -56.6539     2.6638
 44  -114.0385     0.3691   -57.6180     2.5323   -56.4195     2.6444
 45  -114.0264     0.3616   -57.7242     2.4845   -56.3011     2.5958
 46  -114.0271     0.3537   -57.5707     2.4492   -56.4553     2.5574
 47  -113.9799     0.3587   -57.7526     2.4240   -56.2262     2.5440
 48  -113.9558     0.3545   -57.6891     2.3763   -56.2656     2.4917
 49  -113.9776     0.3499   -57.6237     2.3310   -56.3529     2.4465
 50  -114.0015     0.3461   -57.5076     2.2957   -56.4928     2.4134
 
 Mesh error is    0.104 kcal/mol
