 ERmod 0.3.8, Copyright (C) 2000-2019 Nobuyuki Matubayasi
                            2010-2019 Shun Sakuraba
 ERmod comes with ABSOLUTELY NO WARRANTY.
 This is free software, and you can redistribute it
 and/or modify it under certain conditions.
 See LICENSE file for details.
 
  Number of the   1-th solvent  =         1472
  Number of the   2-th solvent  =        10000
 
  Be sure that the solvent distribution is homogeneous (radial distribution function is essentially unity) when the solvent molecule is separated beyond distance of   10.0 Angstrom in any direction from any atom within the solute molecule
 
  LJ long-range correction    =        -3.5283     -5.7260
 
  Self-energy of the solute   =        -0.0082  kcal/mol
 
 
 cumulative average & 95% error for solvation energy
              total             1st component         2nd component
  1  -516.6613             -187.2918             -329.3614
  2  -516.0472     1.2282  -170.2105    34.1626  -345.8286    32.9344
  3  -515.9949     0.7168  -155.7812    34.9550  -360.2056    34.4724
  4  -515.5003     1.1115  -156.1517    24.7280  -359.3404    24.4370
  5  -513.7343     3.6354  -164.5889    25.5270  -349.1373    27.8337
  6  -513.4858     3.0096  -163.2665    21.0098  -350.2111    22.8274
  7  -513.2458     2.5884  -161.0884    18.2831  -352.1493    19.6782
  8  -513.6224     2.3648  -159.1975    16.2790  -354.4168    17.6349
  9  -514.0712     2.2705  -159.8714    14.4198  -354.1917    15.5590
 10  -514.3838     2.1248  -161.3747    13.2433  -353.0009    14.1187
 11  -514.4032     1.9224  -162.7068    12.2717  -351.6883    13.0379
 12  -514.8020     1.9276  -164.8752    12.0126  -349.9187    12.4170
 13  -514.7865     1.7734  -163.5358    11.3701  -351.2426    11.7249
 14  -514.7304     1.6457  -164.0215    10.5714  -350.7008    10.9091
 15  -514.7667     1.5337  -163.3823     9.9241  -351.3761    10.2452
 16  -514.7838     1.4351  -162.5618     9.4271  -352.2138     9.7288
 17  -514.5638     1.4180  -163.5344     9.0663  -351.0213     9.4447
 18  -514.4752     1.3486  -163.3820     8.5532  -351.0851     8.9055
 19  -514.4761     1.2757  -163.0722     8.1142  -351.3958     8.4467
 20  -514.5281     1.2146  -161.1737     8.5833  -353.3462     8.9122
 21  -514.6235     1.1710  -161.9157     8.2981  -352.6996     8.5753
 22  -514.6948     1.1256  -163.1459     8.2857  -351.5407     8.4984
 23  -514.5986     1.0926  -163.5960     7.9682  -350.9945     8.1936
 24  -514.4174     1.1070  -165.0993     8.2001  -349.3100     8.5376
 25  -514.3194     1.0798  -166.3433     8.2494  -347.9679     8.6177
 26  -514.3025     1.0380  -167.6166     8.3248  -346.6778     8.6723
 27  -514.2044     1.0179  -166.8398     8.1598  -347.3564     8.4546
 28  -514.2226     0.9815  -166.6554     7.8716  -347.5591     8.1572
 29  -514.2754     0.9529  -167.0919     7.6454  -347.1753     7.9082
 30  -514.3793     0.9438  -167.4917     7.4293  -346.8794     7.6629
 31  -514.3663     0.9132  -167.6992     7.1976  -346.6589     7.4247
 32  -514.3118     0.8909  -167.7240     6.9692  -346.5796     7.1907
 33  -514.4479     0.9054  -168.1048     6.7975  -346.3349     6.9866
 34  -514.5046     0.8856  -168.6314     6.6781  -345.8650     6.8428
 35  -514.4753     0.8619  -169.0766     6.5454  -345.3906     6.7118
 36  -514.4883     0.8381  -168.8199     6.3817  -345.6602     6.5450
 37  -514.5341     0.8202  -168.7138     6.2104  -345.8121     6.3729
 38  -514.3774     0.8577  -169.5016     6.2467  -344.8676     6.4842
 39  -514.2835     0.8563  -170.6384     6.4954  -343.6369     6.7784
 40  -514.2252     0.8427  -171.4312     6.5264  -342.7858     6.8225
 41  -514.2713     0.8270  -172.4032     6.6555  -341.8600     6.9069
 42  -514.2581     0.8076  -172.7683     6.5360  -341.4816     6.7828
 43  -514.2046     0.7958  -173.1628     6.4308  -341.0336     6.6835
 44  -514.1463     0.7862  -173.5435     6.3289  -340.5946     6.5886
 45  -514.1755     0.7707  -173.3810     6.1952  -340.7863     6.4519
 46  -514.1088     0.7655  -173.1739     6.0732  -340.9267     6.3163
 47  -514.0522     0.7575  -172.9550     5.9586  -341.0890     6.1890
 48  -514.1022     0.7483  -173.0245     5.8348  -341.0695     6.0588
 49  -514.2482     0.7889  -173.3246     5.7460  -340.9154     5.9419
 50  -514.2851     0.7765  -173.0447     5.6576  -341.2323     5.8562
 
 
 group  inft  solvation free energy     error          difference
  total solvation free energy
   1      0       -131.97461           0.40469           0.09261
   1     60       -133.90884           0.40376          -1.84162
   1     80       -138.78485           0.40034          -6.71764
   1    100       -146.94123           0.40256         -14.87402
   2      0       -132.02802           0.40419           0.03920
   3      0       -132.06722           0.40184           0.00000
   4      0       -132.11820           0.40204          -0.05098
   5      0       -132.09794           0.40392          -0.03073
   5     60       -134.44247           0.40271          -2.37526
   5     80       -139.76410           0.40095          -7.69688
   5    100       -147.10996           0.40309         -15.04274
 
  contribution from  1-th solvent component
   1      0        -61.42098           2.30254           0.06044
   1     60        -61.72262           2.30281          -0.24120
   1     80        -62.48886           2.30353          -1.00744
   1    100        -63.86103           2.30336          -2.37961
   2      0        -61.46641           2.30218           0.01501
   3      0        -61.48142           2.30338           0.00000
   4      0        -61.50341           2.30269          -0.02199
   5      0        -61.50235           2.30326          -0.02093
   5     60        -61.86889           2.30353          -0.38747
   5     80        -62.71528           2.30426          -1.23386
   5    100        -63.95966           2.30377          -2.47824
 
  contribution from  2-th solvent component
   1      0        -70.54547           2.44558           0.03216
   1     60        -72.17805           2.44400          -1.60042
   1     80        -76.28783           2.43984          -5.71019
   1    100        -83.07204           2.43972         -12.49441
   2      0        -70.55344           2.44449           0.02420
   3      0        -70.57763           2.43903           0.00000
   4      0        -70.60662           2.44439          -0.02899
   5      0        -70.58743           2.43623          -0.00980
   5     60        -72.56542           2.43430          -1.98778
   5     80        -77.04066           2.42986          -6.46303
   5    100        -83.14213           2.43046         -12.56450
 
 
 group  inft   Estimated free energy: total (kcal/mol)
   1      0    -132.1912    -132.4626    -132.9933    -131.7679    -127.7529
               -130.7012    -130.6080    -133.0826    -133.2015    -132.9918
               -132.3381    -134.0155    -132.9069    -131.2661    -132.3245
               -133.0592    -130.3672    -131.8282    -132.4970    -133.1893
               -133.3339    -133.0438    -131.2779    -129.3181    -130.9216
               -131.6072    -131.8191    -133.1624    -133.5209    -134.0408
               -132.3411    -131.5977    -134.1504    -132.6890    -131.9093
               -131.8731    -133.5078    -129.2572    -129.7062    -131.0399
               -132.7399    -130.8682    -130.5453    -130.4069    -132.6249
               -129.7917    -130.3850    -133.4328    -134.2615    -132.0121
   1     60    -134.1259    -134.3946    -134.9092    -133.7023    -129.7023
               -132.6287    -132.5345    -135.0031    -135.1412    -134.9340
               -134.2739    -135.9599    -134.8418    -133.2147    -134.2726
               -134.9838    -132.3009    -133.7593    -134.4151    -135.1112
               -135.2650    -134.9789    -133.2046    -131.2521    -132.8717
               -133.5400    -133.7315    -135.0770    -135.4403    -135.9722
               -134.2701    -133.5191    -136.0881    -134.6279    -133.8404
               -133.8080    -135.4354    -131.1978    -131.6570    -132.9934
               -134.6792    -132.8109    -132.4960    -132.3565    -134.5653
               -131.7246    -132.3127    -135.3579    -136.2087    -133.9503
   1     80    -138.9969    -139.2510    -139.7348    -138.5783    -134.6017
               -137.4852    -137.3847    -139.8432    -140.0173    -139.8164
               -139.1564    -140.8397    -139.7282    -138.1379    -139.1776
               -139.8514    -137.1918    -138.6174    -139.2864    -139.9514
               -140.1279    -139.8481    -138.0701    -136.1604    -137.8009
               -138.4621    -138.6021    -139.9139    -140.2768    -140.8461
               -139.1302    -138.3643    -140.9637    -139.5155    -138.6965
               -138.6626    -140.2933    -136.0925    -136.5903    -137.9189
               -139.5710    -137.7042    -137.3763    -137.2759    -139.4410
               -136.6172    -137.1695    -140.2024    -141.0864    -138.8151
   1    100    -147.1541    -147.4175    -147.8802    -146.7036    -142.7841
               -145.6680    -145.5314    -147.9875    -148.2198    -147.9962
               -147.3199    -149.0091    -147.8971    -146.3173    -147.3562
               -147.9873    -145.3459    -146.7770    -147.4077    -148.1149
               -148.2933    -148.0036    -146.2019    -144.2748    -145.9693
               -146.5948    -146.7089    -148.0772    -148.4369    -149.0063
               -147.2620    -146.5136    -149.1588    -147.6820    -146.8556
               -146.8188    -148.4424    -144.2340    -144.7311    -146.0663
               -147.7120    -145.8537    -145.5422    -145.4088    -147.6121
               -144.7411    -145.3100    -148.3796    -149.2908    -147.0049
   2      0    -132.1990    -132.5044    -133.0198    -131.8063    -127.7602
               -130.7571    -130.6861    -133.1205    -133.1974    -133.0626
               -132.3702    -133.9867    -132.9543    -131.2402    -132.3541
               -133.1524    -130.4119    -131.8947    -132.5788    -133.2342
               -133.4093    -133.1248    -131.3360    -129.3589    -131.0144
               -131.7325    -131.9220    -133.1900    -133.6227    -134.0877
               -132.4511    -131.6713    -134.1842    -132.7533    -131.9334
               -131.9581    -133.5504    -129.3603    -129.7938    -131.0946
               -132.8037    -130.8711    -130.5958    -130.4287    -132.6559
               -129.8688    -130.4601    -133.4611    -134.3598    -132.0559
   3      0    -132.2472    -132.5183    -132.9864    -131.7801    -127.8479
               -130.7457    -130.7202    -133.1693    -133.1885    -133.1470
               -132.4226    -134.0467    -132.9644    -131.2857    -132.3279
               -133.0936    -130.4551    -131.8962    -132.6221    -133.2408
               -133.4516    -133.2048    -131.4081    -129.4740    -131.1196
               -131.8131    -131.9651    -133.2404    -133.6591    -134.2109
               -132.4758    -131.6639    -134.2398    -132.8422    -132.0126
               -131.9147    -133.6511    -129.4153    -129.8360    -131.1832
               -132.8247    -130.9452    -130.6089    -130.4856    -132.6544
               -129.9241    -130.5158    -133.4927    -134.3433    -132.0792
   4      0    -132.3500    -132.6047    -133.1042    -131.8727    -127.8921
               -130.8442    -130.8004    -133.2280    -133.3123    -133.1881
               -132.4738    -134.1134    -133.0749    -131.3274    -132.4373
               -133.2725    -130.5656    -132.0261    -132.6584    -133.2754
               -133.4852    -133.1869    -131.3882    -129.4206    -131.1004
               -131.8188    -131.9897    -133.1862    -133.6490    -134.1305
               -132.4882    -131.7082    -134.2635    -132.8228    -131.9835
               -132.0160    -133.5996    -129.4323    -129.8879    -131.1521
               -132.8809    -131.0151    -130.7370    -130.5119    -132.7756
               -129.9771    -130.6228    -133.5473    -134.5040    -132.2073
   5      0    -132.2922    -132.5243    -132.9435    -131.8121    -127.8557
               -130.8244    -130.7536    -133.1683    -133.1861    -133.2030
               -132.4684    -134.0996    -132.9941    -131.3027    -132.3205
               -133.1100    -130.5011    -131.9511    -132.6732    -133.2465
               -133.4891    -133.1789    -131.4097    -129.5286    -131.1323
               -131.9081    -132.0203    -133.3426    -133.7527    -134.2562
               -132.5079    -131.6629    -134.3250    -132.8967    -132.0665
               -131.9267    -133.6568    -129.4726    -129.8749    -131.2011
               -132.8878    -130.9469    -130.6443    -130.4978    -132.6846
               -129.8646    -130.4928    -133.5030    -134.4222    -132.1131
   5     60    -134.6381    -134.8657    -135.2661    -134.1604    -130.2202
               -133.1583    -133.0850    -135.5037    -135.5418    -135.5564
               -134.8180    -136.4581    -135.3464    -133.6677    -134.6855
               -135.4568    -132.8492    -134.2903    -135.0029    -135.5703
               -135.8318    -135.5202    -133.7396    -131.8777    -133.4843
               -134.2513    -134.3292    -135.6573    -136.0714    -136.5947
               -134.8424    -133.9944    -136.6724    -135.2440    -134.4029
               -134.2686    -135.9930    -131.8260    -132.2364    -133.5665
               -135.2372    -133.3151    -133.0139    -132.8639    -135.0356
               -132.2095    -132.8234    -135.8382    -136.7833    -134.4583
   5     80    -139.9394    -140.1648    -140.5348    -139.4723    -135.5561
               -138.4607    -138.3759    -140.7923    -140.8674    -140.8807
               -140.1385    -141.7791    -140.6628    -139.0042    -140.0198
               -140.7539    -138.1711    -139.5902    -140.3091    -140.8655
               -141.1492    -140.8589    -139.0599    -137.2331    -138.8583
               -139.6152    -139.6441    -140.9634    -141.3793    -141.9314
               -140.1627    -139.2985    -142.0106    -140.5948    -139.7265
               -139.5792    -141.3025    -137.1734    -137.6057    -138.9432
               -140.5798    -138.6544    -138.3457    -138.1935    -140.3503
               -137.5244    -138.1142    -141.1285    -142.1161    -139.7694
   5    100    -147.2954    -147.5192    -147.8711    -146.8165    -142.9220
               -145.8154    -145.7068    -148.1461    -148.2731    -148.2607
               -147.4945    -149.1480    -148.0441    -146.3707    -147.3931
               -148.1113    -145.5266    -146.9362    -147.6338    -148.2071
               -148.5001    -148.1902    -146.3583    -144.5456    -146.1953
               -146.9318    -146.9396    -148.2977    -148.7055    -149.2701
               -147.4797    -146.6359    -149.3863    -147.9391    -147.0557
               -146.9112    -148.6388    -144.4925    -144.9179    -146.2618
               -147.9006    -146.0086    -145.7036    -145.5427    -147.7175
               -144.8647    -145.4579    -148.5091    -149.5153    -147.1334
 
 group  inft   Estimated free energy: 1-th solvent contribution (kcal/mol)
   1      0     -67.5649     -53.0702     -42.1561     -54.3497     -71.2913
                -54.4100     -50.9802     -50.7889     -58.7517     -62.5586
                -62.8132     -68.4019     -51.0367     -60.1457     -53.4884
                -51.8479     -64.0563     -56.8302     -55.0123     -41.8656
                -63.0707     -68.3138     -61.4506     -71.8244     -71.0015
                -71.8468     -50.1321     -57.6287     -65.0606     -64.3847
                -61.6914     -59.7999     -65.1539     -66.8814     -66.3754
                -55.8381     -58.4771     -71.1932     -77.1945     -72.4408
                -76.5406     -66.5579     -67.6734     -68.4053     -58.5141
                -56.6858     -57.2690     -63.7586     -68.4881     -55.9761
   1     60     -67.8661     -53.3721     -42.4544     -54.6522     -71.5946
                -54.7103     -51.2793     -51.0888     -59.0555     -62.8633
                -63.1138     -68.7053     -51.3378     -60.4487     -53.7922
                -52.1493     -64.3570     -57.1320     -55.3123     -42.1643
                -63.3724     -68.6165     -61.7502     -72.1250     -71.3036
                -72.1495     -50.4300     -57.9278     -65.3589     -64.6862
                -61.9915     -60.0995     -65.4558     -67.1842     -66.6762
                -56.1397     -58.7772     -71.4970     -77.4984     -72.7457
                -76.8438     -66.8611     -67.9773     -68.7091     -58.8172
                -56.9892     -57.5698     -64.0584     -68.7913     -56.2789
   1     80     -68.6309     -54.1372     -43.2119     -55.4204     -72.3629
                -55.4729     -52.0385     -51.8504     -59.8249     -63.6354
                -63.8778     -69.4732     -52.1039     -61.2201     -54.5629
                -52.9171     -65.1232     -57.8971     -56.0791     -42.9223
                -64.1382     -69.3838     -62.5122     -72.8931     -72.0732
                -72.9248     -51.1930     -58.6889     -66.1163     -65.4526
                -62.7533     -60.8610     -66.2220     -67.9533     -67.4387
                -56.9028     -59.5391     -72.2687     -78.2725     -73.5202
                -77.6145     -67.6309     -68.7441     -69.4811     -59.5851
                -57.7621     -58.3333     -64.8195     -69.5576     -57.0455
   1    100     -69.9994     -55.5116     -44.5810     -56.7892     -73.7346
                -56.8453     -53.4055     -53.2234     -61.2073     -65.0167
                -65.2440     -70.8467     -53.4802     -62.5989     -55.9424
                -54.2896     -66.4922     -59.2718     -57.4487     -44.2973
                -65.5130     -70.7601     -63.8792     -74.2578     -73.4454
                -74.2970     -52.5579     -60.0630     -67.4853     -66.8252
                -64.1198     -62.2301     -67.6007     -69.3279     -68.8085
                -58.2772     -60.9111     -73.6392     -79.6416     -74.8932
                -78.9803     -68.9987     -70.1139     -70.8521     -60.9608
                -59.1308     -59.7006     -66.1915     -70.9367     -58.4270
   2      0     -67.5893     -53.1069     -42.2122     -54.3904     -71.3190
                -54.4526     -51.0516     -50.8232     -58.7792     -62.6066
                -62.8695     -68.4459     -51.1058     -60.1939     -53.5332
                -51.9057     -64.1036     -56.8820     -55.0541     -41.8934
                -63.1200     -68.3561     -61.4832     -71.8432     -71.0543
                -71.8884     -50.1779     -57.6609     -65.1231     -64.4365
                -61.7438     -59.8460     -65.1848     -66.9320     -66.4018
                -55.8878     -58.5266     -71.2401     -77.2282     -72.4826
                -76.5979     -66.5893     -67.7362     -68.4594     -58.5695
                -56.7136     -57.3294     -63.8018     -68.5663     -56.0218
   3      0     -67.6185     -53.1175     -42.2111     -54.3955     -71.3479
                -54.4615     -51.0496     -50.8581     -58.7715     -62.6031
                -62.9049     -68.4592     -51.1269     -60.2027     -53.5096
                -51.8937     -64.0838     -56.8836     -55.0769     -41.9138
                -63.1256     -68.3975     -61.5179     -71.8915     -71.1004
                -71.8904     -50.1814     -57.6782     -65.1501     -64.4713
                -61.7553     -59.8669     -65.2178     -66.9380     -66.4306
                -55.9055     -58.5757     -71.2673     -77.2370     -72.5037
                -76.5973     -66.6060     -67.7430     -68.4587     -58.5725
                -56.7198     -57.3390     -63.8249     -68.5797     -56.0389
   4      0     -67.6336     -53.1553     -42.2417     -54.4094     -71.3710
                -54.5031     -51.0894     -50.8703     -58.8039     -62.6410
                -62.9130     -68.4789     -51.1556     -60.2110     -53.5644
                -51.9298     -64.1382     -56.9181     -55.0834     -41.9114
                -63.1431     -68.4064     -61.5172     -71.8759     -71.1009
                -71.9001     -50.1952     -57.6950     -65.1706     -64.4737
                -61.7814     -59.8773     -65.2280     -66.9728     -66.4352
                -55.9435     -58.5613     -71.2690     -77.2809     -72.5062
                -76.6321     -66.6447     -67.7912     -68.4754     -58.6253
                -56.7485     -57.3749     -63.8385     -68.6164     -56.0675
   5      0     -67.6171     -53.1426     -42.2200     -54.4162     -71.3956
                -54.4909     -51.0777     -50.8702     -58.8017     -62.6265
                -62.8995     -68.4539     -51.1494     -60.2110     -53.5576
                -51.9304     -64.1452     -56.9153     -55.0932     -41.9074
                -63.1549     -68.3793     -61.5588     -71.8969     -71.1408
                -71.9109     -50.2107     -57.7303     -65.1808     -64.4999
                -61.7840     -59.8836     -65.2466     -66.9634     -66.4474
                -55.9163     -58.5834     -71.3010     -77.2419     -72.5202
                -76.6120     -66.6333     -67.7714     -68.4598     -58.5953
                -56.7266     -57.3465     -63.8467     -68.5967     -56.0565
   5     60     -67.9832     -53.5094     -42.5832     -54.7847     -71.7644
                -54.8557     -51.4410     -51.2356     -59.1715     -62.9962
                -63.2657     -68.8229     -51.5170     -60.5801     -53.9275
                -52.2990     -64.5112     -57.2822     -55.4583     -42.2694
                -63.5217     -68.7459     -61.9220     -72.2626     -71.5060
                -72.2779     -50.5712     -58.0927     -65.5422     -64.8655
                -62.1477     -60.2479     -65.6129     -67.3304     -66.8120
                -56.2825     -58.9481     -71.6703     -77.6101     -72.8899
                -76.9800     -67.0037     -68.1418     -68.8292     -58.9637
                -57.0957     -57.7118     -64.2115     -68.9656     -56.4241
   5     80     -68.8259     -54.3536     -43.4215     -55.6321     -72.6112
                -55.6988     -52.2799     -52.0773     -60.0219     -63.8469
                -64.1091     -69.6702     -52.3622     -61.4281     -54.7764
                -53.1450     -65.3546     -58.1272     -56.3036     -43.1086
                -64.3687     -69.5962     -62.7658     -73.1110     -72.3558
                -73.1321     -51.4144     -58.9367     -66.3834     -65.7140
                -62.9910     -61.0910     -66.4608     -68.1816     -67.6570
                -57.1276     -59.7915     -72.5233     -78.4620     -73.7451
                -77.8311     -67.8535     -68.9899     -69.6761     -59.8112
                -57.9459     -58.5550     -65.0524     -69.8142     -57.2711
   5    100     -70.0693     -55.5996     -44.6653     -56.8780     -73.8539
                -56.9423     -53.5193     -53.3253     -61.2790     -65.1002
                -65.3498     -70.9176     -53.6159     -62.6790     -56.0296
                -54.3940     -66.5968     -59.3746     -57.5474     -44.3538
                -65.6153     -70.8407     -64.0022     -74.3479     -73.5974
                -74.3723     -52.6506     -60.1796     -67.6222     -66.9565
                -64.2282     -62.3323     -67.7098     -69.4251     -68.8959
                -58.3731     -61.0369     -73.7643     -79.6976     -74.9862
                -79.0669     -69.0957     -70.2340     -70.9217     -61.0607
                -59.1897     -59.7986     -66.2995     -71.0686     -58.5232
 
 group  inft   Estimated free energy: 2-th solvent contribution (kcal/mol)
   1      0     -64.6180     -79.3842     -90.8291     -77.4100     -56.4535
                -76.2830     -79.6196     -82.2855     -74.4416     -70.4251
                -69.5167     -65.6054     -81.8620     -71.1122     -78.8279
                -81.2031     -66.3028     -74.9898     -77.4765     -91.3155
                -70.2550     -64.7218     -69.8192     -57.4855     -59.9119
                -59.7522     -81.6788     -75.5256     -68.4522     -69.6480
                -70.6415     -71.7897     -68.9883     -65.7994     -65.5257
                -76.0269     -75.0225     -58.0558     -52.5035     -58.5909
                -56.1912     -64.3021     -62.8637     -61.9934     -74.1027
                -73.0977     -73.1078     -69.6661     -65.7653     -76.0279
   1     60     -66.2516     -81.0144     -92.4466     -79.0419     -58.0995
                -77.9102     -81.2469     -83.9062     -76.0776     -72.0625
                -71.1519     -67.2464     -83.4959     -72.7578     -80.4723
                -82.8263     -67.9357     -76.6191     -79.0946     -92.9388
                -71.8844     -66.3543     -71.4462     -59.1189     -61.5599
                -61.3823     -83.2933     -77.1410     -70.0733     -71.2779
                -72.2704     -73.4114     -70.6241     -67.4355     -67.1560
                -77.6602     -76.6501     -59.6926     -54.1504     -60.2395
                -57.8273     -65.9416     -64.5105     -63.6393     -75.7399
                -74.7272     -74.7347     -71.2913     -67.4092     -77.6632
   1     80     -70.3579     -85.1056     -96.5147     -83.1498     -62.2306
                -82.0042     -85.3381     -87.9847     -80.1843     -76.1729
                -75.2705     -71.3583     -87.6161     -76.9096     -84.6066
                -86.9261     -72.0605     -80.7122     -83.1991     -97.0209
                -75.9815     -70.4562     -75.5497     -63.2592     -65.7195
                -65.5291     -87.4009     -81.2168     -74.1523     -75.3853
                -76.3688     -77.4951     -74.7335     -71.5540     -71.2496
                -81.7517     -80.7460     -63.8156     -58.3097     -64.3906
                -61.9483     -70.0651     -68.6241     -67.7866     -79.8477
                -78.8469     -78.8281     -75.3747     -71.5206     -81.7615
   1    100     -77.1465     -91.8977    -103.2911     -89.9063     -69.0414
                -88.8146     -92.1177     -94.7559     -87.0044     -82.9713
                -82.0677     -78.1543     -94.4087     -83.7102     -91.4056
                -93.6895     -78.8456     -87.4971     -89.9508    -103.8095
                -82.7721     -77.2354     -82.3145     -70.0088     -72.5157
                -72.2896     -94.1429     -88.0061     -80.9435     -82.1730
                -83.1340     -84.2753     -81.5500     -78.3459     -78.0390
                -88.5334     -87.5231     -70.5866     -65.0814     -71.1649
                -68.7235     -76.8469     -75.4201     -74.5485     -86.6432
                -85.6022     -85.6012     -82.1799     -78.3459     -88.5697
   2      0     -64.6015     -79.3892     -90.7994     -77.4078     -56.4330
                -76.2963     -79.6264     -82.2891     -74.4101     -70.4478
                -69.4925     -65.5327     -81.8404     -71.0382     -78.8128
                -81.2386     -66.3001     -75.0045     -77.5165     -91.3326
                -70.2811     -64.7605     -69.8446     -57.5075     -59.9519
                -59.8359     -81.7359     -75.5210     -68.4915     -69.6430
                -70.6992     -71.8171     -68.9913     -65.8132     -65.5235
                -76.0622     -75.0157     -58.1121     -52.5574     -58.6039
                -56.1976     -64.2736     -62.8514     -61.9611     -74.0782
                -73.1471     -73.1225     -69.6511     -65.7854     -76.0260
   3      0     -64.6205     -79.3926     -90.7672     -77.3765     -56.4918
                -76.2760     -79.6625     -82.3030     -74.4089     -70.5357
                -69.5096     -65.5793     -81.8293     -71.0748     -78.8102
                -81.1918     -66.3632     -75.0044     -77.5370     -91.3188
                -70.3178     -64.7991     -69.8821     -57.5744     -60.0110
                -59.9146     -81.7755     -75.5540     -68.5008     -69.7315
                -70.7123     -71.7888     -69.0138     -65.8961     -65.5738
                -76.0011     -75.0672     -58.1398     -52.5909     -58.6713
                -56.2193     -64.3311     -62.8577     -62.0187     -74.0737
                -73.1962     -73.1687     -69.6596     -65.7554     -76.0321
   4      0     -64.7082     -79.4413     -90.8544     -77.4551     -56.5129
                -76.3329     -79.7029     -82.3495     -74.5003     -70.5389
                -69.5526     -65.6264     -81.9111     -71.1082     -78.8648
                -81.3345     -66.4192     -75.0998     -77.5669     -91.3558
                -70.3340     -64.7724     -69.8628     -57.5365     -59.9913
                -59.9105     -81.7863     -75.4830     -68.4702     -69.6486
                -70.6987     -71.8228     -69.0274     -65.8418     -65.5401
                -76.0643     -75.0301     -58.1551     -52.5988     -58.6377
                -56.2406     -64.3622     -62.9377     -62.0283     -74.1421
                -73.2204     -73.2397     -69.7006     -65.8795     -76.1316
   5      0     -64.6670     -79.3735     -90.7153     -77.3877     -56.4519
                -76.3253     -79.6677     -82.2900     -74.3763     -70.5684
                -69.5608     -65.6375     -81.8365     -71.0835     -78.7547
                -81.1714     -66.3477     -75.0277     -77.5718     -91.3309
                -70.3261     -64.7914     -69.8428     -57.6235     -59.9834
                -59.9891     -81.8014     -75.6041     -68.5637     -69.7482
                -70.7157     -71.7711     -69.0702     -65.9252     -65.6110
                -76.0023     -75.0652     -58.1634     -52.6249     -58.6727
                -56.2676     -64.3054     -62.8648     -62.0298     -74.0811
                -73.1298     -73.1381     -69.6481     -65.8174     -76.0485
   5     60     -66.6467     -81.3481     -92.6747     -79.3676     -58.4476
                -78.2944     -81.6359     -84.2600     -76.3622     -72.5521
                -71.5442     -67.6270     -83.8213     -73.0794     -80.7499
                -83.1496     -68.3299     -77.0000     -79.5365     -93.2928
                -72.3020     -66.7661     -71.8094     -59.6069     -61.9701
                -61.9653     -83.7498     -77.5565     -70.5211     -71.7211
                -72.6865     -73.7383     -71.0513     -67.9054     -67.5828
                -77.9780     -77.0367     -60.1475     -54.6181     -60.6684
                -58.2490     -66.3032     -64.8640     -64.0266     -76.0637
                -75.1056     -75.1035     -71.6185     -67.8095     -78.0261
   5     80     -71.1053     -85.8031     -97.1052     -83.8320     -62.9368
                -82.7537     -86.0879     -88.7069     -80.8374     -77.0257
                -76.0213     -72.1007     -88.2925     -77.5680     -85.2352
                -87.6007     -72.8083     -81.4548     -83.9973     -97.7488
                -76.7723     -71.2545     -76.2859     -64.1140     -66.4943
                -66.4750     -88.2215     -82.0185     -74.9877     -76.2092
                -77.1635     -78.1993     -75.5416     -72.4050     -72.0613
                -82.4434     -81.5029     -64.6419     -59.1355     -65.1899
                -62.7405     -70.7927     -69.3476     -68.5092     -80.5309
                -79.5703     -79.5510     -76.0679     -72.2937     -82.4902
   5    100     -77.2180     -91.9114    -103.1976     -89.9303     -69.0600
                -88.8650     -92.1793     -94.8126     -86.9859     -83.1523
                -82.1366     -78.2223     -94.4200     -83.6835     -91.3553
                -93.7091     -78.9217     -87.5534     -90.0783    -103.8451
                -82.8766     -77.3414     -82.3479     -70.1896     -72.5898
                -72.5513     -94.2808     -88.1099     -81.0751     -82.3054
                -83.2433     -84.2955     -81.6683     -78.5058     -78.1517
                -88.5300     -87.5938     -70.7200     -65.2121     -71.2674
                -68.8255     -76.9048     -75.4614     -74.6129     -86.6486
                -85.6669     -85.6512     -82.2014     -78.4385     -88.6021
 
 
 cumulative average & 95% error for solvation free energy
              total             1st component         2nd component
  1  -132.2472              -67.6185              -64.6205
  2  -132.3827     0.2711   -60.3680    14.5010   -72.0066    14.7721
  3  -132.5840     0.4318   -54.3157    14.7178   -78.2601    15.1382
  4  -132.3830     0.5048   -54.3356    10.4072   -78.0392    10.7134
  5  -131.4760     1.8557   -57.7381    10.5495   -73.7297    11.9647
  6  -131.3543     1.5346   -57.1920     8.6826   -74.1541     9.8059
  7  -131.2637     1.3096   -56.3145     7.5451   -74.9410     8.4356
  8  -131.5019     1.2301   -55.6325     6.6751   -75.8613     7.5337
  9  -131.6893     1.1478   -55.9812     5.9281   -75.6999     6.6520
 10  -131.8351     1.0672   -56.6434     5.4651   -75.1835     6.0387
 11  -131.8885     0.9712   -57.2126     5.0728   -74.6677     5.5588
 12  -132.0683     0.9568   -58.1499     4.9958   -73.9103     5.2957
 13  -132.1373     0.8908   -57.6096     4.7208   -74.5195     5.0214
 14  -132.0764     0.8337   -57.7949     4.3862   -74.2734     4.6748
 15  -132.0932     0.7768   -57.5092     4.1231   -74.5759     4.3939
 16  -132.1557     0.7373   -57.1582     3.9202   -74.9894     4.1925
 17  -132.0557     0.7209   -57.5656     3.7715   -74.4819     4.0668
 18  -132.0468     0.6799   -57.5277     3.5566   -74.5110     3.8347
 19  -132.0771     0.6460   -57.3987     3.3741   -74.6702     3.6412
 20  -132.1353     0.6238   -56.6245     3.5558   -75.5027     3.8346
 21  -132.1980     0.6065   -56.9340     3.4384   -75.2558     3.6807
 22  -132.2437     0.5854   -57.4551     3.4401   -74.7805     3.6359
 23  -132.2074     0.5641   -57.6318     3.3060   -74.5675     3.5002
 24  -132.0935     0.5861   -58.2259     3.3810   -73.8594     3.6381
 25  -132.0546     0.5676   -58.7409     3.4026   -73.3055     3.6612
 26  -132.0453     0.5456   -59.2466     3.4220   -72.7905     3.6653
 27  -132.0423     0.5251   -58.9109     3.3606   -73.1232     3.5892
 28  -132.0851     0.5132   -58.8669     3.2395   -73.2101     3.4630
 29  -132.1394     0.5069   -59.0835     3.1557   -73.0477     3.3572
 30  -132.2084     0.5088   -59.2631     3.0698   -72.9371     3.2509
 31  -132.2170     0.4924   -59.3435     2.9735   -72.8654     3.1475
 32  -132.1998     0.4780   -59.3599     2.8792   -72.8317     3.0483
 33  -132.2616     0.4795   -59.5374     2.8131   -72.7160     2.9635
 34  -132.2787     0.4665   -59.7550     2.7636   -72.5154     2.9029
 35  -132.2710     0.4532   -59.9458     2.7105   -72.3171     2.8465
 36  -132.2612     0.4409   -59.8335     2.6437   -72.4194     2.7739
 37  -132.2987     0.4353   -59.7996     2.5721   -72.4910     2.7017
 38  -132.2228     0.4501   -60.1013     2.5752   -72.1133     2.7359
 39  -132.1616     0.4552   -60.5407     2.6578   -71.6128     2.8467
 40  -132.1372     0.4463   -60.8398     2.6587   -71.2892     2.8491
 41  -132.1539     0.4366   -61.2241     2.7046   -70.9217     2.8743
 42  -132.1252     0.4299   -61.3523     2.6518   -70.7647     2.8226
 43  -132.0899     0.4257   -61.5009     2.6064   -70.5809     2.7806
 44  -132.0534     0.4223   -61.6590     2.5660   -70.3863     2.7444
 45  -132.0668     0.4136   -61.5904     2.5121   -70.4682     2.6877
 46  -132.0202     0.4151   -61.4845     2.4660   -70.5275     2.6313
 47  -131.9882     0.4112   -61.3963     2.4194   -70.5837     2.5772
 48  -132.0196     0.4074   -61.4469     2.3706   -70.5645     2.5232
 49  -132.0670     0.4101   -61.5925     2.3399   -70.4663     2.4789
 50  -132.0672     0.4018   -61.4814     2.3034   -70.5776     2.4390
 
 Mesh error is    0.093 kcal/mol
