 ERmod 0.3.8, Copyright (C) 2000-2019 Nobuyuki Matubayasi
                            2010-2019 Shun Sakuraba
 ERmod comes with ABSOLUTELY NO WARRANTY.
 This is free software, and you can redistribute it
 and/or modify it under certain conditions.
 See LICENSE file for details.
 
  Number of the   1-th solvent  =          378
  Number of the   2-th solvent  =        10000
 
  Be sure that the solvent distribution is homogeneous (radial distribution function is essentially unity) when the solvent molecule is separated beyond distance of   10.0 Angstrom in any direction from any atom within the solute molecule
 
  LJ long-range correction    =        -1.1319     -7.1533
 
  Self-energy of the solute   =         0.0034  kcal/mol
 
 
 cumulative average & 95% error for solvation energy
              total             1st component         2nd component
  1  -475.9479              -61.5209             -414.4303
  2  -476.3717     0.8478   -66.8715    10.7012  -409.5036     9.8535
  3  -476.2093     0.5874   -67.6606     6.3767  -408.5521     5.9988
  4  -476.0655     0.5052   -68.7105     4.9740  -407.3583     4.8675
  5  -476.0473     0.3931   -73.6756    10.6513  -402.3751    10.6559
  6  -476.1974     0.4396   -71.1975    10.0099  -405.0034    10.1652
  7  -476.0588     0.4636   -69.7650     8.9319  -406.2972     8.9724
  8  -475.9290     0.4781   -68.9999     7.8851  -406.9325     7.8735
  9  -475.6957     0.6289   -68.9443     6.9549  -406.7548     6.9529
 10  -475.5256     0.6574   -68.8944     6.2215  -406.6346     6.2235
 11  -475.6475     0.6426   -67.5423     6.2435  -408.1085     6.3544
 12  -475.6075     0.5920   -69.3506     6.7501  -406.2602     6.8785
 13  -475.6066     0.5446   -70.6073     6.6986  -405.0027     6.8088
 14  -475.6378     0.5080   -70.6046     6.2017  -405.0365     6.3041
 15  -475.7284     0.5065   -69.8682     5.9584  -405.8636     6.0975
 16  -475.6312     0.5121   -68.0139     6.6946  -407.6207     6.6994
 17  -475.5733     0.4947   -67.4934     6.3741  -408.0833     6.3606
 18  -475.6288     0.4795   -67.5062     6.0096  -408.1260     5.9974
 19  -475.5742     0.4665   -67.2493     5.7077  -408.3282     5.6874
 20  -475.7107     0.5201   -67.4016     5.4233  -408.3125     5.3956
 21  -475.7827     0.5152   -67.8315     5.2298  -407.9545     5.1820
 22  -475.8209     0.4972   -68.1586     5.0291  -407.6657     4.9745
 23  -475.7409     0.5013   -69.3095     5.3283  -406.4347     5.3530
 24  -475.7541     0.4807   -70.2692     5.4506  -405.4883     5.4635
 25  -475.8035     0.4715   -70.2536     5.2281  -405.5532     5.2420
 26  -475.8449     0.4605   -70.3871     5.0301  -405.4612     5.0397
 27  -475.8579     0.4439   -70.2630     4.8466  -405.5983     4.8572
 28  -475.8418     0.4290   -71.0449     4.9252  -404.8003     4.9452
 29  -475.7939     0.4249   -71.7116     4.9358  -404.0856     4.9811
 30  -475.7068     0.4459   -71.4302     4.8016  -404.2799     4.8279
 31  -475.7001     0.4315   -71.5204     4.6476  -404.1831     4.6735
 32  -475.6704     0.4220   -71.4034     4.5061  -404.2704     4.5285
 33  -475.6211     0.4207   -70.9018     4.4811  -404.7226     4.4814
 34  -475.6371     0.4094   -71.3407     4.4350  -404.2998     4.4290
 35  -475.5654     0.4226   -70.9216     4.3873  -404.6473     4.3564
 36  -475.6574     0.4499   -70.7422     4.2787  -404.9185     4.2683
 37  -475.6602     0.4376   -70.7906     4.1626  -404.8729     4.1523
 38  -475.7014     0.4339   -71.2144     4.1393  -404.4904     4.1134
 39  -475.6933     0.4229   -71.6948     4.1446  -404.0019     4.1239
 40  -475.7224     0.4163   -71.7114     4.0398  -404.0144     4.0196
 41  -475.6659     0.4215   -71.9451     3.9677  -403.7242     3.9630
 42  -475.6507     0.4124   -72.4034     3.9791  -403.2507     3.9818
 43  -475.6349     0.4039   -72.5869     3.9027  -403.0515     3.9084
 44  -475.6129     0.3971   -72.8271     3.8432  -402.7892     3.8544
 45  -475.6252     0.3889   -72.6197     3.7796  -403.0089     3.7933
 46  -475.6052     0.3825   -72.6634     3.6976  -402.9452     3.7122
 47  -475.6309     0.3778   -72.9722     3.6704  -402.6621     3.6762
 48  -475.6714     0.3786   -73.3825     3.6856  -402.2923     3.6740
 49  -475.6630     0.3712   -73.6534     3.6500  -402.0130     3.6413
 50  -475.6215     0.3730   -73.6436     3.5764  -401.9813     3.5683
 
 
 group  inft  solvation free energy     error          difference
  total solvation free energy
   1      0       -101.93295           0.20248           0.18936
   1     60       -102.79875           0.20196          -0.67644
   1     80       -106.33593           0.20126          -4.21363
   1    100       -115.12733           0.20310         -13.00503
   2      0       -101.97150           0.20348           0.15081
   3      0       -102.12231           0.19869           0.00000
   4      0       -101.97619           0.20264           0.14611
   5      0       -102.13811           0.20088          -0.01581
   5     60       -103.21396           0.20062          -1.09165
   5     80       -107.37576           0.19960          -5.25345
   5    100       -115.40477           0.20115         -13.28247
 
  contribution from  1-th solvent component
   1      0        -26.76511           1.45588           0.00945
   1     60        -26.79607           1.45594          -0.02151
   1     80        -26.93723           1.45616          -0.16267
   1    100        -27.34810           1.45629          -0.57354
   2      0        -26.76425           1.45358           0.01032
   3      0        -26.77456           1.45361           0.00000
   4      0        -26.76196           1.45200           0.01260
   5      0        -26.76823           1.45203           0.00633
   5     60        -26.80790           1.45211          -0.03333
   5     80        -26.97908           1.45237          -0.20451
   5    100        -27.35879           1.45246          -0.58422
 
  contribution from  2-th solvent component
   1      0        -75.17122           1.51819           0.17991
   1     60        -76.00607           1.51743          -0.65494
   1     80        -79.40208           1.51530          -4.05096
   1    100        -87.78262           1.51466         -12.43149
   2      0        -75.21063           1.51785           0.14049
   3      0        -75.35113           1.51143           0.00000
   4      0        -75.21761           1.51676           0.13351
   5      0        -75.37326           1.51347          -0.02214
   5     60        -76.40944           1.51284          -1.05831
   5     80        -80.40006           1.50976          -5.04894
   5    100        -88.04937           1.50886         -12.69824
 
 
 group  inft   Estimated free energy: total (kcal/mol)
   1      0    -101.9669    -102.4397    -101.7170    -101.4333    -101.4833
               -103.0587    -102.5723    -102.3167    -100.9973    -101.3928
               -102.9723    -101.2632    -102.1239    -101.6922    -102.5787
               -100.9227    -101.9193    -102.3289    -101.2602    -103.4289
               -103.0499    -103.0924    -101.4947    -101.4468    -102.9811
               -102.5852    -102.9083    -101.4204    -100.8997    -101.4586
               -101.8455    -101.2791    -102.0686    -102.0757    -101.7294
               -103.5575    -101.5222    -102.2316    -101.4894    -102.2920
               -100.5262    -101.4848    -101.3252    -101.1684    -102.3442
               -101.5927    -102.0558    -102.3394    -101.5358    -100.9785
   1     60    -102.8332    -103.3023    -102.5853    -102.2958    -102.3511
               -103.9245    -103.4326    -103.1788    -101.8612    -102.2610
               -103.8319    -102.1329    -102.9914    -102.5569    -103.4441
               -101.7854    -102.7812    -103.1986    -102.1270    -104.2959
               -103.9144    -103.9591    -102.3628    -102.3156    -103.8398
               -103.4475    -103.7734    -102.2931    -101.7669    -102.3198
               -102.7065    -102.1530    -102.9242    -102.9446    -102.5915
               -104.4187    -102.3816    -103.0959    -102.3551    -103.1493
               -101.4001    -102.3491    -102.1996    -102.0467    -103.2020
               -102.4595    -102.9299    -103.2164    -102.4039    -101.8467
   1     80    -106.3729    -106.8295    -106.1393    -105.8325    -105.9016
               -107.4641    -106.9486    -106.6962    -105.3899    -105.7950
               -107.3536    -105.6861    -106.5358    -106.0917    -106.9725
               -105.3033    -106.3141    -106.7412    -105.6643    -107.8475
               -107.4500    -107.4911    -105.9036    -105.8658    -107.3670
               -106.9807    -107.3040    -105.8406    -105.3038    -105.8454
               -106.2584    -105.6913    -106.4246    -106.4982    -106.1128
               -107.9473    -105.9096    -106.6277    -105.8964    -106.6814
               -104.9481    -105.8945    -105.7568    -105.5954    -106.7320
               -106.0035    -106.4920    -106.7741    -105.9396    -105.3812
   1    100    -115.1619    -115.6179    -114.9379    -114.6054    -114.6626
               -116.2810    -115.7309    -115.4847    -114.1964    -114.6027
               -116.1459    -114.4801    -115.3388    -114.8798    -115.7366
               -114.0646    -115.1074    -115.5519    -114.4460    -116.6616
               -116.2511    -116.3170    -114.7084    -114.6498    -116.1350
               -115.7750    -116.1284    -114.6306    -114.0413    -114.6248
               -115.0593    -114.4723    -115.1884    -115.3307    -114.9084
               -116.7368    -114.6797    -115.4116    -114.6852    -115.4766
               -113.7540    -114.6828    -114.5633    -114.4165    -115.5133
               -114.7741    -115.2996    -115.5946    -114.7189    -114.1455
   2      0    -101.9865    -102.4446    -101.7738    -101.5227    -101.5581
               -103.0899    -102.6496    -102.4070    -101.0961    -101.4769
               -103.0735    -101.3096    -102.1171    -101.7679    -102.6192
               -100.9447    -101.9710    -102.3557    -101.2533    -103.4196
               -103.0902    -103.1590    -101.5478    -101.5366    -102.9703
               -102.6369    -102.9939    -101.4270    -100.9650    -101.5171
               -101.8553    -101.3061    -102.1377    -102.0893    -101.7713
               -103.5812    -101.5057    -102.3074    -101.5432    -102.3280
               -100.4963    -101.4282    -101.3057    -101.1662    -102.4279
               -101.6091    -102.0852    -102.3044    -101.6357    -101.0102
   3      0    -102.1710    -102.6739    -101.9084    -101.6943    -101.7838
               -103.1243    -102.6316    -102.4213    -101.0800    -101.5442
               -103.0737    -101.5341    -102.3938    -101.9976    -102.8701
               -101.1519    -102.0574    -102.5603    -101.4248    -103.6210
               -103.1779    -103.1822    -101.6237    -101.7161    -103.1648
               -102.8076    -103.0699    -101.6009    -101.1650    -101.6426
               -102.0488    -101.5784    -102.2554    -102.1851    -101.7775
               -103.8009    -101.6607    -102.4162    -101.7335    -102.5317
               -100.7251    -101.6430    -101.5638    -101.3453    -102.5219
               -101.7639    -102.3054    -102.4575    -101.7759    -101.1567
   4      0    -102.0100    -102.4063    -101.7656    -101.5537    -101.5484
               -103.0549    -102.6430    -102.4223    -101.0818    -101.5203
               -103.1077    -101.3014    -102.1678    -101.8024    -102.6692
               -101.0029    -101.8893    -102.4095    -101.2696    -103.4099
               -103.0879    -103.1485    -101.5551    -101.5119    -102.9316
               -102.6324    -103.0500    -101.4504    -100.9679    -101.5641
               -101.8384    -101.3106    -102.1670    -102.0592    -101.7457
               -103.5934    -101.5336    -102.3392    -101.5843    -102.2964
               -100.5440    -101.4824    -101.3210    -101.1497    -102.3913
               -101.5891    -102.0540    -102.3031    -101.6380    -100.9333
   5      0    -102.2259    -102.6231    -101.9275    -101.7208    -101.7207
               -103.1964    -102.6994    -102.5138    -101.2015    -101.5663
               -103.0989    -101.4806    -102.3689    -101.9931    -102.8925
               -101.1396    -102.0792    -102.6379    -101.3917    -103.5727
               -103.1962    -103.2190    -101.6739    -101.7411    -103.1617
               -102.8177    -103.0995    -101.6477    -101.1713    -101.7154
               -102.0884    -101.5678    -102.3334    -102.2210    -101.8314
               -103.8811    -101.6932    -102.4538    -101.7586    -102.4600
               -100.7180    -101.6292    -101.4568    -101.3193    -102.5189
               -101.8204    -102.2756    -102.4525    -101.8261    -101.1061
   5     60    -103.2947    -103.6935    -102.9977    -102.7891    -102.7961
               -104.2766    -103.7759    -103.5927    -102.2834    -102.6524
               -104.1761    -102.5561    -103.4478    -103.0617    -103.9550
               -102.2081    -103.1507    -103.7124    -102.4707    -104.6409
               -104.2776    -104.3038    -102.7494    -102.8282    -104.2239
               -103.8891    -104.1822    -102.7261    -102.2474    -102.7867
               -103.1628    -102.6425    -103.4060    -103.3039    -102.9094
               -104.9561    -102.7667    -103.5356    -102.8319    -103.5220
               -101.8054    -102.6952    -102.5380    -102.4061    -103.5928
               -102.8999    -103.3572    -103.5434    -102.9015    -102.1760
   5     80    -107.4619    -107.8614    -107.1791    -106.9625    -106.9845
               -108.4264    -107.8901    -107.7127    -106.4163    -106.7916
               -108.3010    -106.7432    -107.6283    -107.2337    -108.1183
               -106.3570    -107.3067    -107.8913    -106.6336    -108.8216
               -108.4332    -108.4423    -106.9105    -107.0110    -108.3848
               -108.0470    -108.3244    -106.9079    -106.4164    -106.9199
               -107.3423    -106.8158    -107.5231    -107.4727    -107.0329
               -109.1265    -106.9309    -107.6890    -106.9991    -107.6972
               -105.9854    -106.8700    -106.7246    -106.5718    -107.7403
               -107.0658    -107.5490    -107.7274    -107.0721    -106.3331
   5    100    -115.4901    -115.8830    -115.2040    -114.9756    -115.0021
               -116.4782    -115.9091    -115.7344    -114.4570    -114.8345
               -116.3316    -114.7726    -115.6660    -115.2590    -116.1370
               -114.3561    -115.3348    -115.9433    -114.6552    -116.8682
               -116.4759    -116.5012    -114.9406    -115.0458    -116.4007
               -116.0631    -116.3790    -114.9455    -114.4189    -114.9372
               -115.3695    -114.8429    -115.5249    -115.5269    -115.0626
               -117.1666    -114.9350    -115.7148    -115.0205    -115.7252
               -114.0236    -114.8965    -114.7626    -114.6188    -115.7484
               -115.0893    -115.5983    -115.7825    -115.0950    -114.3345
 
 group  inft   Estimated free energy: 1-th solvent contribution (kcal/mol)
   1      0     -21.5199     -26.0421     -24.6689     -26.1011     -34.4825
                -21.0071     -22.0116     -23.1538     -25.2446     -24.7150
                -19.1071     -32.6709     -31.6883     -25.4666     -20.8393
                -12.2353     -20.8155     -24.2617     -22.0951     -25.3614
                -28.2836     -27.8891     -35.4821     -34.2022     -25.2542
                -26.7646     -24.6225     -34.1315     -33.2406     -22.7727
                -26.6198     -23.8075     -19.4642     -32.0726     -20.3108
                -22.9724     -26.0927     -32.3841     -33.5996     -26.2506
                -29.8423     -33.8418     -29.4092     -30.9019     -22.5323
                -26.8958     -32.1305     -34.7077     -31.9240     -26.3651
   1     60     -21.5508     -26.0731     -24.6999     -26.1317     -34.5137
                -21.0380     -22.0425     -23.1849     -25.2757     -24.7451
                -19.1379     -32.7020     -31.7195     -25.4968     -20.8699
                -12.2652     -20.8456     -24.2923     -22.1267     -25.3930
                -28.3145     -27.9206     -35.5134     -34.2334     -25.2850
                -26.7961     -24.6538     -34.1628     -33.2718     -22.8032
                -26.6497     -23.8386     -19.4949     -32.1038     -20.3418
                -23.0031     -26.1234     -32.4153     -33.6305     -26.2814
                -29.8737     -33.8732     -29.4404     -30.9333     -22.5630
                -26.9262     -32.1623     -34.7390     -31.9537     -26.3966
   1     80     -21.6917     -26.2146     -24.8414     -26.2715     -34.6557
                -21.1791     -22.1835     -23.3268     -25.4172     -24.8829
                -19.2787     -32.8442     -31.8617     -25.6355     -21.0098
                -12.4024     -20.9837     -24.4322     -22.2700     -25.5369
                -28.4553     -28.0638     -35.6559     -34.3755     -25.4256
                -26.9397     -24.7961     -34.3048     -33.4139     -22.9428
                -26.7877     -23.9795     -19.6348     -32.2463     -20.4833
                -23.1436     -26.2638     -32.5579     -33.7714     -26.4226
                -30.0164     -34.0168     -29.5821     -31.0759     -22.7036
                -27.0651     -32.3068     -34.8814     -32.0901     -26.5396
   1    100     -22.1025     -26.6257     -25.2533     -26.6801     -35.0645
                -21.5912     -22.5940     -23.7406     -25.8298     -25.2899
                -19.6889     -33.2540     -32.2748     -26.0443     -21.4192
                -12.8077     -21.3904     -24.8434     -22.6849     -25.9543
                -28.8667     -28.4799     -36.0685     -34.7854     -25.8357
                -27.3542     -25.2104     -34.7145     -33.8223     -23.3505
                -27.1910     -24.3882     -20.0445     -32.6597     -20.8965
                -23.5542     -26.6733     -32.9706     -34.1813     -26.8350
                -30.4295     -34.4289     -29.9944     -31.4890     -23.1147
                -27.4717     -32.7220     -35.2945     -32.4931     -26.9512
   2      0     -21.5209     -26.0281     -24.6600     -26.1123     -34.4589
                -21.0345     -22.0291     -23.1813     -25.2804     -24.7511
                -19.1395     -32.6553     -31.6606     -25.4640     -20.8281
                -12.2291     -20.8274     -24.2598     -22.0744     -25.3233
                -28.2907     -27.9020     -35.4747     -34.2101     -25.2473
                -26.7492     -24.6390     -34.1061     -33.2457     -22.7924
                -26.6196     -23.7839     -19.4925     -32.0723     -20.3314
                -22.9819     -26.0944     -32.3793     -33.5905     -26.2262
                -29.8310     -33.7956     -29.3999     -30.8961     -22.5341
                -26.9080     -32.1165     -34.6850     -31.9441     -26.3550
   3      0     -21.5373     -26.0343     -24.6787     -26.1360     -34.4638
                -21.0424     -22.0315     -23.1901     -25.2805     -24.7673
                -19.1492     -32.6515     -31.6816     -25.4784     -20.8411
                -12.2522     -20.8310     -24.2621     -22.0742     -25.3289
                -28.2940     -27.9131     -35.4821     -34.2142     -25.2540
                -26.7610     -24.6406     -34.1134     -33.2534     -22.8048
                -26.6176     -23.7871     -19.4948     -32.0743     -20.3231
                -23.0099     -26.1047     -32.3991     -33.6122     -26.2322
                -29.8511     -33.8105     -29.4132     -30.9068     -22.5523
                -26.9361     -32.1125     -34.7027     -31.9627     -26.3828
   4      0     -21.5222     -26.0090     -24.6584     -26.1085     -34.4423
                -21.0384     -22.0370     -23.2037     -25.2960     -24.7825
                -19.1561     -32.6342     -31.6584     -25.4569     -20.8128
                -12.2508     -20.8211     -24.2556     -22.0574     -25.2969
                -28.2811     -27.9129     -35.4662     -34.1975     -25.2284
                -26.7434     -24.6384     -34.0975     -33.2374     -22.8094
                -26.6207     -23.7700     -19.5085     -32.0715     -20.3365
                -22.9967     -26.0929     -32.3852     -33.5825     -26.2122
                -29.8299     -33.7798     -29.4008     -30.8887     -22.5291
                -26.9120     -32.0889     -34.6726     -31.9652     -26.3441
   5      0     -21.5202     -26.0189     -24.6644     -26.1255     -34.4478
                -21.0602     -22.0336     -23.2099     -25.3045     -24.7961
                -19.1633     -32.6392     -31.6694     -25.4581     -20.8031
                -12.2566     -20.8466     -24.2495     -22.0566     -25.2948
                -28.2898     -27.9186     -35.4671     -34.2142     -25.2422
                -26.7566     -24.6483     -34.1107     -33.2490     -22.8195
                -26.6326     -23.7608     -19.5050     -32.0775     -20.3432
                -22.9969     -26.1097     -32.3865     -33.5822     -26.2102
                -29.8423     -33.7677     -29.3847     -30.8881     -22.5484
                -26.9206     -32.1128     -34.6838     -31.9631     -26.3613
   5     60     -21.5596     -26.0588     -24.7040     -26.1647     -34.4879
                -21.0999     -22.0732     -23.2497     -25.3442     -24.8348
                -19.2028     -32.6790     -31.7095     -25.4968     -20.8421
                -12.2951     -20.8853     -24.2887     -22.0971     -25.3351
                -28.3295     -27.9589     -35.5071     -34.2544     -25.2816
                -26.7968     -24.6884     -34.1508     -33.2890     -22.8585
                -26.6714     -23.8006     -19.5443     -32.1176     -20.3828
                -23.0363     -26.1492     -32.4266     -33.6218     -26.2496
                -29.8826     -33.8078     -29.4246     -30.9283     -22.5879
                -26.9595     -32.1535     -34.7241     -32.0014     -26.4014
   5     80     -21.7307     -26.2311     -24.8756     -26.3346     -34.6603
                -21.2711     -22.2435     -23.4210     -25.5150     -25.0020
                -19.3731     -32.8511     -31.8822     -25.6653     -21.0119
                -12.4620     -21.0533     -24.4588     -22.2707     -25.5100
                -28.5004     -28.1315     -35.6793     -34.4269     -25.4529
                -26.9705     -24.8603     -34.3235     -33.4611     -23.0271
                -26.8396     -23.9725     -19.7135     -32.2897     -20.5535
                -23.2071     -26.3203     -32.5987     -33.7927     -26.4210
                -30.0553     -33.9814     -29.5966     -31.1010     -22.7582
                -27.1282     -32.3287     -34.8969     -32.1678     -26.5743
   5    100     -22.1107     -26.6112     -25.2560     -26.7133     -35.0385
                -21.6526     -22.6223     -23.8029     -25.8961     -25.3791
                -19.7527     -33.2293     -32.2636     -26.0427     -21.3904
                -12.8378     -21.4294     -24.8389     -22.6542     -25.8957
                -28.8810     -28.5152     -36.0590     -34.8066     -25.8324
                -27.3517     -25.2431     -34.7024     -33.8392     -23.4035
                -27.2129     -24.3514     -20.0919     -32.6709     -20.9344
                -23.5869     -26.6989     -32.9789     -34.1719     -26.8017
                -30.4369     -34.3611     -29.9777     -31.4827     -23.1376
                -27.5050     -32.7127     -35.2792     -32.5411     -26.9542
 
 group  inft   Estimated free energy: 2-th solvent contribution (kcal/mol)
   1      0     -80.4504     -76.4010     -77.0515     -75.3356     -67.0042
                -82.0550     -80.5640     -79.1663     -75.7560     -76.6811
                -83.8686     -68.5957     -70.4389     -76.2290     -81.7428
                -88.6908     -81.1071     -78.0706     -79.1685     -78.0709
                -74.7696     -75.2067     -66.0160     -67.2480     -77.7302
                -75.8240     -78.2892     -67.2923     -67.6626     -78.6893
                -75.2291     -77.4750     -82.6078     -70.0065     -81.4220
                -80.5884     -75.4330     -69.8508     -67.8932     -76.0447
                -70.6873     -67.6464     -71.9194     -70.2699     -79.8153
                -74.7002     -69.9287     -67.6352     -69.6152     -74.6168
   1     60     -81.2858     -77.2325     -77.8888     -76.1675     -67.8408
                -82.8898     -81.3934     -79.9973     -76.5889     -77.5192
                -84.6974     -69.4343     -71.2752     -77.0635     -82.5775
                -89.5235     -81.9390     -78.9096     -80.0037     -78.9063
                -75.6033     -76.0419     -66.8528     -68.0856     -78.5582
                -76.6547     -79.1229     -68.1337     -68.4984     -79.5199
                -76.0602     -78.3178     -83.4327     -70.8442     -82.2530
                -81.4190     -76.2616     -70.6839     -68.7280     -76.8713
                -71.5297     -68.4793     -72.7626     -71.1167     -80.6424
                -75.5366     -70.7710     -68.4808     -70.4535     -75.4534
   1     80     -84.6846     -80.6182     -81.3012     -79.5644     -71.2492
                -86.2884     -84.7685     -83.3728     -79.9760     -80.9154
                -88.0783     -72.8452     -74.6774     -80.4596     -85.9661
                -92.9043     -85.3337     -82.3125     -83.3976     -82.3140
                -78.9981     -79.4307     -70.2510     -71.4937     -81.9447
                -80.0444     -82.5113     -71.5392     -71.8933     -82.9060
                -79.4741     -81.7152     -86.7932     -74.2553     -85.6329
                -84.8072     -79.6491     -74.0731     -72.1285     -80.2622
                -74.9351     -71.8811     -76.1782     -74.5229     -84.0318
                -78.9418     -74.1886     -71.8961     -73.8528     -78.8450
   1    100     -93.0628     -88.9956     -89.6880     -87.9287     -79.6015
                -94.6931     -93.1404     -91.7475     -88.3700     -89.3161
                -96.4603     -81.2295     -83.0673     -88.8388     -94.3208
               -101.2603     -93.7204     -90.7118     -91.7645     -90.7106
                -87.3877     -87.8405     -78.6433     -79.8678     -90.3027
                -88.4242     -90.9214     -79.9195     -80.2224     -91.2777
                -87.8717     -90.0874     -95.1473     -82.6743     -94.0153
                -93.1860     -88.0098     -82.4443     -80.5073     -88.6449
                -83.3279     -80.2573     -84.5722     -82.9309     -92.4019
                -87.3057     -82.5810     -80.3035     -82.2292     -87.1977
   2      0     -80.4691     -76.4199     -77.1171     -75.4138     -67.1026
                -82.0588     -80.6239     -79.2290     -75.8191     -76.7291
                -83.9374     -68.6576     -70.4599     -76.3073     -81.7944
                -88.7189     -81.1469     -78.0993     -79.1823     -78.0997
                -74.8029     -75.2604     -66.0765     -67.3299     -77.7264
                -75.8911     -78.3583     -67.3243     -67.7227     -78.7280
                -75.2391     -77.5256     -82.6486     -70.0204     -81.4433
                -80.6027     -75.4147     -69.9315     -67.9561     -76.1051
                -70.6687     -67.6359     -71.9092     -70.2735     -79.8972
                -74.7045     -69.9721     -67.6228     -69.6950     -74.6586
   3      0     -80.6371     -76.6429     -77.2331     -75.5616     -67.3234
                -82.0853     -80.6035     -79.2346     -75.8029     -76.7803
                -83.9279     -68.8860     -70.7156     -76.5225     -82.0325
                -88.9031     -81.2298     -78.3016     -79.3540     -78.2954
                -74.8873     -75.2725     -66.1451     -67.5052     -77.9143
                -76.0500     -78.4327     -67.4909     -67.9150     -78.8412
                -75.4346     -77.7947     -82.7640     -70.1143     -81.4578
                -80.7944     -75.5594     -70.0204     -68.1247     -76.3029
                -70.8773     -67.8359     -72.1540     -70.4419     -79.9730
                -74.8312     -70.1963     -67.7582     -69.8166     -74.7773
   4      0     -80.4911     -76.4007     -77.1105     -75.4486     -67.1096
                -82.0200     -80.6094     -79.2219     -75.7892     -76.7412
                -83.9550     -68.6706     -70.5128     -76.3488     -81.8598
                -88.7555     -81.0716     -78.1573     -79.2156     -78.1163
                -74.8102     -75.2389     -66.0923     -67.3178     -77.7065
                -75.8924     -78.4150     -67.3562     -67.7338     -78.7581
                -75.2211     -77.5440     -82.6619     -69.9910     -81.4126
                -80.6001     -75.4442     -69.9574     -68.0052     -76.0876
                -70.7175     -67.7060     -71.9236     -70.2644     -79.8656
                -74.6805     -69.9686     -67.6339     -69.6762     -74.5926
   5      0     -80.7091     -76.6076     -77.2665     -75.5987     -67.2762
                -82.1396     -80.6692     -79.3073     -75.9004     -76.7736
                -83.9390     -68.8448     -70.7029     -76.5384     -82.0928
                -88.8863     -81.2359     -78.3918     -79.3385     -78.2813
                -74.9098     -75.3038     -66.2101     -67.5303     -77.9230
                -76.0645     -78.4546     -67.5403     -67.9256     -78.8992
                -75.4592     -77.8104     -82.8318     -70.1468     -81.4916
                -80.8876     -75.5869     -70.0707     -68.1798     -76.2532
                -70.8791     -67.8649     -72.0756     -70.4346     -79.9739
                -74.9032     -70.1662     -67.7721     -69.8664     -74.7481
   5     60     -81.7385     -77.6380     -78.2971     -76.6278     -68.3116
                -83.1800     -81.7061     -80.3463     -76.9426     -77.8209
                -84.9766     -69.8804     -71.7417     -77.5682     -83.1163
                -89.9163     -82.2688     -79.4271     -80.3770     -79.3091
                -75.9515     -76.3483     -67.2457     -68.5771     -78.9457
                -77.0956     -79.4971     -68.5788     -68.9618     -79.9315
                -76.4948     -78.8453     -83.8651     -71.1897     -82.5299
                -81.9232     -76.6208     -71.1124     -69.2135     -77.2757
                -71.9262     -68.8908     -73.1167     -71.4812     -81.0082
                -75.9437     -71.2071     -68.8227     -70.9034     -75.7780
   5     80     -85.7345     -81.6337     -82.3069     -80.6312     -72.3276
                -87.1587     -85.6500     -84.2951     -80.9047     -81.7931
                -88.9314     -73.8955     -75.7495     -81.5719     -87.1098
                -93.8984     -86.2568     -83.4359     -84.3663     -83.3150
                -79.9361     -80.3142     -71.2346     -72.5875     -82.9353
                -81.0799     -83.4675     -72.5878     -72.9587     -83.8962
                -80.5061     -82.8466     -87.8130     -75.1864     -86.4828
                -85.9229     -80.6139     -75.0937     -73.2098     -81.2796
                -75.9335     -72.8920     -77.1314     -75.4742     -84.9855
                -79.9409     -75.2237     -72.8338     -74.9077     -79.7623
   5    100     -93.3828     -89.2752     -89.9514     -88.2657     -79.9671
                -94.8290     -93.2901     -91.9349     -88.5643     -89.4588
                -96.5823     -81.5466     -83.4058     -89.2197     -94.7500
               -101.5217     -93.9088     -91.1078     -92.0044     -90.9759
                -87.5983     -87.9893     -78.8851     -80.2426     -90.5717
                -88.7147     -91.1393     -80.2466     -80.5831     -91.5371
                -88.1600     -90.4949     -95.4363     -82.8594     -94.1316
                -93.5831     -88.2395     -82.7393     -80.8520     -88.9269
                -83.5901     -80.5388     -84.7882     -83.1395     -92.6142
                -87.5877     -82.8889     -80.5067     -82.5573     -87.3837
 
 
 cumulative average & 95% error for solvation free energy
              total             1st component         2nd component
  1  -102.1710              -21.5373              -80.6371
  2  -102.4224     0.5029   -23.7858     4.4971   -78.6400     3.9942
  3  -102.2511     0.4492   -24.0834     2.6638   -78.1710     2.4895
  4  -102.1119     0.4224   -24.5966     2.1450   -77.5187     2.1911
  5  -102.0463     0.3525   -26.5700     4.2824   -75.4796     4.4172
  6  -102.2259     0.4604   -25.6487     3.9523   -76.5806     4.2256
  7  -102.2839     0.4060   -25.1320     3.4965   -77.1553     3.7517
  8  -102.3011     0.3533   -24.8893     3.0668   -77.4152     3.2904
  9  -102.1654     0.4132   -24.9327     2.7060   -77.2361     2.9239
 10  -102.1033     0.3899   -24.9162     2.4206   -77.1905     2.6168
 11  -102.1915     0.3943   -24.3919     2.4276   -77.8030     2.6652
 12  -102.1367     0.3763   -25.0802     2.6089   -77.0599     2.8510
 13  -102.1565     0.3484   -25.5880     2.6059   -76.5719     2.7983
 14  -102.1451     0.3233   -25.5802     2.4126   -76.5683     2.5907
 15  -102.1935     0.3161   -25.2642     2.3332   -76.9326     2.5194
 16  -102.1284     0.3231   -24.4510     2.7219   -77.6808     2.7916
 17  -102.1242     0.3036   -24.2380     2.5920   -77.8895     2.6553
 18  -102.1484     0.2903   -24.2394     2.4438   -77.9124     2.5039
 19  -102.1104     0.2850   -24.1254     2.3228   -77.9883     2.3733
 20  -102.1859     0.3097   -24.1856     2.2069   -78.0037     2.2517
 21  -102.2331     0.3094   -24.3812     2.1353   -77.8553     2.1622
 22  -102.2763     0.3073   -24.5418     2.0611   -77.7379     2.0749
 23  -102.2479     0.2991   -25.0174     2.1872   -77.2338     2.2242
 24  -102.2257     0.2898   -25.4006     2.2299   -76.8285     2.2786
 25  -102.2633     0.2879   -25.3948     2.1389   -76.8719     2.1873
 26  -102.2842     0.2798   -25.4473     2.0577   -76.8403     2.1025
 27  -102.3133     0.2754   -25.4174     1.9809   -76.8993     2.0265
 28  -102.2879     0.2702   -25.7280     2.0074   -76.5633     2.0652
 29  -102.2492     0.2720   -25.9875     2.0052   -76.2650     2.0801
 30  -102.2289     0.2659   -25.8814     1.9488   -76.3509     2.0169
 31  -102.2231     0.2574   -25.9052     1.8855   -76.3214     1.9516
 32  -102.2030     0.2525   -25.8390     1.8304   -76.3674     1.8919
 33  -102.2046     0.2447   -25.6467     1.8153   -76.5612     1.8742
 34  -102.2040     0.2374   -25.8358     1.8012   -76.3716     1.8574
 35  -102.1918     0.2318   -25.6783     1.7771   -76.5169     1.8268
 36  -102.2365     0.2424   -25.6041     1.7334   -76.6358     1.7911
 37  -102.2210     0.2378   -25.6177     1.6861   -76.6067     1.7430
 38  -102.2261     0.2317   -25.7961     1.6795   -76.4333     1.7316
 39  -102.2135     0.2271   -25.9965     1.6843   -76.2203     1.7396
 40  -102.2214     0.2219   -26.0024     1.6417   -76.2224     1.6956
 41  -102.1849     0.2284   -26.0963     1.6121   -76.0920     1.6741
 42  -102.1720     0.2244   -26.2800     1.6156   -75.8954     1.6804
 43  -102.1579     0.2209   -26.3528     1.5843   -75.8084     1.6501
 44  -102.1394     0.2190   -26.4563     1.5616   -75.6864     1.6305
 45  -102.1479     0.2147   -26.3696     1.5364   -75.7817     1.6052
 46  -102.1396     0.2107   -26.3819     1.5028   -75.7610     1.5704
 47  -102.1431     0.2063   -26.5038     1.4905   -75.6426     1.5548
 48  -102.1496     0.2023   -26.6746     1.4986   -75.4784     1.5571
 49  -102.1420     0.1988   -26.7826     1.4835   -75.3628     1.5424
 50  -102.1223     0.1987   -26.7746     1.4536   -75.3511     1.5114
 
 Mesh error is    0.189 kcal/mol
