 ERmod 0.3.8, Copyright (C) 2000-2019 Nobuyuki Matubayasi
                            2010-2019 Shun Sakuraba
 ERmod comes with ABSOLUTELY NO WARRANTY.
 This is free software, and you can redistribute it
 and/or modify it under certain conditions.
 See LICENSE file for details.
 
  Number of the   1-th solvent  =          378
  Number of the   2-th solvent  =        10000
 
  Be sure that the solvent distribution is homogeneous (radial distribution function is essentially unity) when the solvent molecule is separated beyond distance of   10.0 Angstrom in any direction from any atom within the solute molecule
 
  LJ long-range correction    =        -1.1319     -7.1533
 
  Self-energy of the solute   =        -0.0034  kcal/mol
 
 
 cumulative average & 95% error for solvation energy
              total             1st component         2nd component
  1  -484.4928             -101.3474             -383.1420
  2  -483.4171     2.1513   -97.6020     7.4909  -385.8118     5.3396
  3  -481.6423     3.7607   -88.9384    17.8587  -392.7006    14.1182
  4  -481.8013     2.6781   -84.5643    15.3622  -397.2337    13.4854
  5  -482.5355     2.5416   -81.4054    13.4727  -401.1268    13.0285
  6  -482.6050     2.0798   -79.6876    11.5244  -402.9141    11.2222
  7  -482.6575     1.7609   -79.4429     9.7522  -403.2112     9.5031
  8  -483.1565     1.8226   -81.0310     9.0232  -402.1221     8.5133
  9  -483.3045     1.6344   -81.8644     8.1304  -401.4368     7.6321
 10  -483.2220     1.4711   -81.5053     7.3074  -401.7134     6.8488
 11  -483.4309     1.3947   -80.3851     6.9792  -403.0425     6.7412
 12  -483.4806     1.2771   -77.5162     8.5740  -405.9611     8.4819
 13  -483.7455     1.2887   -76.5716     8.1100  -407.1706     8.1686
 14  -483.8692     1.2185   -76.5249     7.5090  -407.3409     7.5703
 15  -483.7288     1.1686   -76.6445     6.9946  -407.0810     7.0667
 16  -483.7217     1.0932   -75.8824     6.7180  -407.8359     6.7806
 17  -483.8454     1.0563   -74.2726     7.0844  -409.5695     7.2518
 18  -483.9471     1.0165   -73.1651     7.0369  -410.7786     7.2521
 19  -483.9743     0.9630   -72.4281     6.8175  -411.5429     7.0281
 20  -484.0328     0.9211   -70.4463     7.5856  -413.5832     7.8170
 21  -484.0569     0.8774   -69.7313     7.3557  -414.3223     7.5810
 22  -484.2253     0.9018   -69.2321     7.0840  -414.9898     7.3505
 23  -484.2985     0.8741   -69.0747     6.7764  -415.2204     7.0387
 24  -484.3166     0.8376   -68.7444     6.5214  -415.5689     6.7750
 25  -484.1919     0.8412   -68.9217     6.2652  -415.2669     6.5264
 26  -484.2676     0.8223   -69.1748     6.0406  -415.0895     6.2803
 27  -484.2852     0.7920   -69.2549     5.8148  -415.0269     6.0446
 28  -484.3289     0.7682   -69.3673     5.6078  -414.9582     5.8263
 29  -484.4181     0.7624   -69.5348     5.4213  -414.8800     5.6240
 30  -484.3944     0.7381   -69.3880     5.2457  -415.0030     5.4389
 31  -484.3086     0.7342   -69.5602     5.0854  -414.7451     5.2857
 32  -484.2734     0.7144   -70.2155     5.0953  -414.0546     5.3009
 33  -484.3263     0.7004   -70.4301     4.9571  -413.8928     5.1479
 34  -484.3143     0.6799   -70.4952     4.8108  -413.8158     4.9966
 35  -484.3630     0.6673   -71.0846     4.8178  -413.2751     4.9708
 36  -484.3794     0.6494   -71.7706     4.8789  -412.6055     5.0130
 37  -484.3424     0.6359   -72.0953     4.7895  -412.2438     4.9290
 38  -484.3817     0.6239   -72.2589     4.6732  -412.1194     4.8039
 39  -484.3692     0.6082   -72.7407     4.6527  -411.6252     4.7824
 40  -484.4391     0.6090   -72.7881     4.5358  -411.6476     4.6615
 41  -484.5298     0.6211   -72.6024     4.4394  -411.9241     4.5799
 42  -484.5686     0.6111   -72.4191     4.3479  -412.1462     4.4915
 43  -484.5712     0.5967   -72.6334     4.2671  -411.9344     4.4062
 44  -484.5803     0.5833   -72.5619     4.1715  -412.0150     4.3080
 45  -484.6450     0.5846   -72.7431     4.0938  -411.8985     4.2176
 46  -484.6795     0.5759   -72.9618     4.0276  -411.7143     4.1413
 47  -484.6160     0.5777   -73.2880     3.9946  -411.3246     4.1265
 48  -484.5954     0.5670   -73.2383     3.9118  -411.3538     4.0400
 49  -484.5612     0.5595   -73.1911     3.8323  -411.3668     3.9568
 50  -484.4935     0.5647   -73.2842     3.7595  -411.2060     3.8902
 
 
 group  inft  solvation free energy     error          difference
  total solvation free energy
   1      0       -103.12995           0.28113           0.07189
   1     60       -104.03147           0.28065          -0.82963
   1     80       -107.63568           0.28021          -4.43384
   1    100       -116.45590           0.28125         -13.25406
   2      0       -103.18335           0.27810           0.01849
   3      0       -103.20184           0.27962           0.00000
   4      0       -103.18587           0.28054           0.01596
   5      0       -103.27479           0.28055          -0.07295
   5     60       -104.39883           0.27972          -1.19699
   5     80       -108.61482           0.27946          -5.41298
   5    100       -116.63700           0.28033         -13.43516
 
  contribution from  1-th solvent component
   1      0        -26.30484           1.49379           0.02569
   1     60        -26.33744           1.49384          -0.00690
   1     80        -26.48271           1.49400          -0.15217
   1    100        -26.89940           1.49406          -0.56886
   2      0        -26.32771           1.49283           0.00283
   3      0        -26.33054           1.49312           0.00000
   4      0        -26.34519           1.49250          -0.01465
   5      0        -26.34457           1.49248          -0.01403
   5     60        -26.38617           1.49255          -0.05563
   5     80        -26.56173           1.49272          -0.23119
   5    100        -26.94377           1.49269          -0.61323
 
  contribution from  2-th solvent component
   1      0        -76.82175           1.63935           0.04620
   1     60        -77.69067           1.63830          -0.82273
   1     80        -81.14962           1.63656          -4.28167
   1    100        -89.55315           1.63521         -12.68520
   2      0        -76.85229           1.63790           0.01566
   3      0        -76.86795           1.63780           0.00000
   4      0        -76.83733           1.64057           0.03062
   5      0        -76.92687           1.64011          -0.05892
   5     60        -78.00931           1.63860          -1.14136
   5     80        -82.04974           1.63687          -5.18179
   5    100        -89.68988           1.63611         -12.82193
 
 
 group  inft   Estimated free energy: total (kcal/mol)
   1      0    -102.4072    -101.5765    -100.2850    -102.6213    -103.5086
               -102.5313    -102.5749    -103.7516    -102.7696    -102.1497
               -103.8918    -103.2523    -104.2918    -103.6113    -101.4830
               -103.2551    -104.3735    -104.0421    -103.8366    -103.9379
               -103.9804    -104.9119    -104.0000    -103.6730    -101.6612
               -103.3737    -103.1279    -103.7238    -104.2228    -103.1700
               -101.9712    -101.8624    -103.8064    -102.8320    -103.0727
               -102.3463    -102.3496    -103.4678    -102.7065    -104.5424
               -104.9728    -104.3640    -103.5355    -103.0513    -103.8647
               -103.4359    -101.7804    -102.7025    -101.9957    -101.8417
   1     60    -103.3083    -102.4830    -101.1860    -103.5229    -104.4116
               -103.4355    -103.4845    -104.6579    -103.6802    -103.0478
               -104.7881    -104.1423    -105.1924    -104.5100    -102.3883
               -104.1532    -105.2656    -104.9339    -104.7322    -104.8291
               -104.8747    -105.8067    -104.8935    -104.5664    -102.5585
               -104.2753    -104.0296    -104.6295    -105.1263    -104.0728
               -102.8756    -102.7744    -104.7073    -103.7315    -103.9805
               -103.2538    -103.2499    -104.3750    -103.6146    -105.4489
               -105.8741    -105.2649    -104.4362    -103.9580    -104.7716
               -104.3438    -102.6790    -103.6035    -102.9022    -102.7421
   1     80    -106.9163    -106.0899    -104.7791    -107.1280    -108.0258
               -107.0468    -107.0886    -108.2713    -107.3020    -106.6398
               -108.3809    -107.7257    -108.7996    -108.1124    -106.0049
               -107.7387    -108.8537    -108.5221    -108.3279    -108.4197
               -108.4696    -109.3962    -108.4854    -108.1463    -106.1477
               -107.8942    -107.6339    -108.2325    -108.7377    -107.6777
               -106.4897    -106.3962    -108.3153    -107.3324    -107.5968
               -106.8654    -106.8458    -107.9901    -107.2389    -109.0683
               -109.4723    -108.8676    -108.0442    -107.5728    -108.3892
               -107.9666    -106.2667    -107.1986    -106.5217    -106.3509
   1    100    -115.7375    -114.8949    -113.5579    -115.9573    -116.8589
               -115.8705    -115.9127    -117.1057    -116.1571    -115.4312
               -117.1715    -116.5086    -117.6299    -116.9325    -114.8412
               -116.5365    -117.6587    -117.3339    -117.1587    -117.2335
               -117.2971    -118.1999    -117.2848    -116.9335    -114.9362
               -116.7270    -116.4394    -117.0535    -117.5669    -116.5140
               -115.3271    -115.2484    -117.1299    -116.1470    -116.4323
               -115.6816    -115.6416    -116.8217    -116.0957    -117.9243
               -118.2874    -117.7039    -116.8724    -116.4212    -117.2127
               -116.8233    -115.0506    -116.0030    -115.3629    -115.1669
   2      0    -102.4292    -101.6200    -100.3048    -102.6630    -103.5159
               -102.5784    -102.7139    -103.7655    -102.8348    -102.2562
               -103.9167    -103.3474    -104.3687    -103.6134    -101.6209
               -103.3666    -104.3684    -104.0892    -103.9054    -104.0188
               -104.0459    -104.9280    -104.1169    -103.6668    -101.7205
               -103.3737    -103.1957    -103.7237    -104.3233    -103.2150
               -101.9289    -101.9943    -103.8026    -102.8613    -103.1338
               -102.3671    -102.4868    -103.4243    -102.6778    -104.5744
               -105.0294    -104.3182    -103.6553    -103.1256    -104.0003
               -103.4518    -101.8676    -102.7672    -102.1533    -101.9409
   3      0    -102.4964    -101.6330    -100.3086    -102.6945    -103.5508
               -102.6140    -102.6830    -103.8191    -102.8389    -102.2594
               -103.9555    -103.3908    -104.3961    -103.6381    -101.6192
               -103.3469    -104.3568    -104.0888    -103.9663    -104.0050
               -104.0566    -104.9776    -104.1314    -103.7198    -101.7154
               -103.3965    -103.1950    -103.7843    -104.2889    -103.2425
               -101.9525    -101.9907    -103.8268    -102.8858    -103.1426
               -102.3963    -102.4992    -103.4286    -102.6996    -104.6044
               -105.0453    -104.3796    -103.6463    -103.1197    -104.0271
               -103.5112    -101.8778    -102.7855    -102.1181    -101.9853
   4      0    -102.4472    -101.6603    -100.2560    -102.6296    -103.5345
               -102.5710    -102.6546    -103.7438    -102.7594    -102.2582
               -103.9666    -103.4072    -104.3841    -103.5960    -101.5986
               -103.3761    -104.4037    -104.1048    -103.9441    -104.0171
               -104.0768    -104.9362    -104.1159    -103.6895    -101.6734
               -103.3542    -103.2274    -103.7185    -104.2997    -103.2170
               -101.9659    -101.9999    -103.8014    -102.8858    -103.1161
               -102.3603    -102.4804    -103.4007    -102.6558    -104.5926
               -105.0484    -104.3580    -103.6043    -103.1407    -103.9994
               -103.4906    -101.8843    -102.7794    -102.1598    -101.9485
   5      0    -102.5728    -101.7616    -100.3530    -102.7434    -103.6180
               -102.6471    -102.7335    -103.8699    -102.8760    -102.3308
               -104.0614    -103.4635    -104.4343    -103.6534    -101.7039
               -103.4602    -104.4613    -104.2156    -104.0499    -104.0719
               -104.1799    -105.0923    -104.2019    -103.7963    -101.7899
               -103.4175    -103.2503    -103.8565    -104.3702    -103.3148
               -102.0595    -102.0546    -103.9017    -102.9898    -103.1590
               -102.3953    -102.5425    -103.4754    -102.7788    -104.6708
               -105.1333    -104.4662    -103.7401    -103.2424    -104.0752
               -103.5384    -101.9731    -102.9077    -102.2228    -102.0621
   5     60    -103.6970    -102.8923    -101.4771    -103.8704    -104.7462
               -103.7789    -103.8614    -105.0013    -104.0120    -103.4502
               -105.1771    -104.5729    -105.5565    -104.7756    -102.8361
               -104.5782    -105.5711    -105.3254    -105.1647    -105.1808
               -105.2942    -106.2054    -105.3168    -104.9082    -102.9051
               -104.5438    -104.3765    -104.9821    -105.4993    -104.4421
               -103.1867    -103.1926    -105.0264    -104.1127    -104.2906
               -103.5233    -103.6677    -104.6041    -103.9126    -105.8005
               -106.2533    -105.5909    -104.8661    -104.3692    -105.2057
               -104.6691    -103.0979    -104.0302    -103.3526    -103.1903
   5     80    -107.9162    -107.1091    -105.6760    -108.0836    -108.9675
               -107.9998    -108.0806    -109.2290    -108.2471    -107.6549
               -109.3780    -108.7669    -109.7776    -108.9888    -107.0704
               -108.7761    -109.7683    -109.5271    -109.3748    -109.3828
               -109.5015    -110.4099    -109.5191    -109.1008    -107.1042
               -108.7696    -108.5928    -109.1968    -109.7267    -108.6593
               -107.4063    -107.4313    -109.2440    -108.3248    -108.5217
               -107.7478    -107.8766    -108.8316    -108.1478    -110.0302
               -110.4676    -109.8072    -109.0838    -108.6000    -109.4347
               -108.9042    -107.2956    -108.2411    -107.5860    -107.4030
   5    100    -115.9449    -115.1256    -113.6594    -116.1083    -116.9964
               -116.0182    -116.1112    -117.2546    -116.2813    -115.6595
               -117.3809    -116.7627    -117.8140    -117.0080    -115.1101
               -116.7791    -117.7825    -117.5479    -117.4109    -117.4093
               -117.5368    -118.4205    -117.5296    -117.0988    -115.1014
               -116.7981    -116.6033    -117.2107    -117.7519    -116.6868
               -115.4357    -115.4852    -117.2637    -116.3481    -116.5565
               -115.7671    -115.8795    -116.8521    -116.1970    -118.0724
               -118.4909    -117.8361    -117.1101    -116.6483    -117.4642
               -116.9524    -115.2872    -116.2523    -115.6241    -115.4240
 
 group  inft   Estimated free energy: 1-th solvent contribution (kcal/mol)
   1      0     -37.8140     -34.2619     -24.7992     -25.2446     -24.5661
                -24.9688     -28.0273     -33.9515     -32.3516     -28.4069
                -24.7795     -15.2725     -23.2688     -27.7938     -28.1342
                -23.0594     -16.6834     -19.1512     -20.9321      -9.8951
                -19.5283     -20.5761     -23.3964     -21.5789     -26.3354
                -27.0730     -25.3768     -26.1339     -26.5656     -22.9290
                -26.8563     -32.3547     -27.6820     -25.9867     -33.3527
                -35.3310     -30.7290     -28.0405     -33.6385     -26.7917
                -23.1650     -22.9216     -29.9604     -24.9813     -29.2611
                -30.0263     -32.3413     -25.5168     -25.3924     -28.0579
   1     60     -37.8470     -34.2946     -24.8321     -25.2770     -24.5984
                -25.0018     -28.0602     -33.9840     -32.3846     -28.4398
                -24.8120     -15.3043     -23.3018     -27.8263     -28.1663
                -23.0919     -16.7160     -19.1838     -20.9639      -9.9271
                -19.5605     -20.6085     -23.4285     -21.6119     -26.3683
                -27.1061     -25.4099     -26.1664     -26.5984     -22.9618
                -26.8885     -32.3869     -27.7150     -26.0189     -33.3855
                -35.3648     -30.7617     -28.0737     -33.6715     -26.8245
                -23.1977     -22.9542     -29.9934     -25.0138     -29.2936
                -30.0586     -32.3738     -25.5494     -25.4245     -28.0891
   1     80     -37.9940     -34.4401     -24.9779     -25.4212     -24.7426
                -25.1483     -28.2056     -34.1288     -32.5310     -28.5864
                -24.9573     -15.4468     -23.4486     -27.9717     -28.3100
                -23.2364     -16.8618     -19.3294     -21.1063     -10.0704
                -19.7044     -20.7530     -23.5725     -21.7584     -26.5146
                -27.2540     -25.5570     -26.3111     -26.7446     -23.1078
                -27.0321     -32.5298     -27.8623     -26.1623     -33.5315
                -35.5146     -30.9077     -28.2209     -33.8182     -26.9709
                -23.3432     -23.0994     -30.1408     -25.1587     -29.4383
                -30.2025     -32.5185     -25.6949     -25.5678     -28.2291
   1    100     -38.4119     -34.8545     -25.3927     -25.8370     -25.1586
                -25.5664     -28.6224     -34.5448     -32.9497     -29.0048
                -25.3752     -15.8619     -23.8680     -28.3906     -28.7258
                -23.6521     -17.2803     -19.7482     -21.5200     -10.4863
                -20.1205     -21.1687     -23.9859     -22.1765     -26.9318
                -27.6737     -25.9752     -26.7280     -27.1618     -23.5251
                -27.4475     -32.9429     -28.2817     -26.5763     -33.9496
                -35.9363     -31.3238     -28.6395     -34.2368     -27.3910
                -23.7609     -23.5169     -30.5610     -25.5770     -29.8540
                -30.6191     -32.9320     -26.1100     -25.9810     -28.6343
   2      0     -37.8412     -34.2949     -24.8017     -25.2736     -24.5734
                -24.9833     -28.0583     -33.9649     -32.3630     -28.4229
                -24.8113     -15.3100     -23.3018     -27.8101     -28.1546
                -23.0974     -16.7001     -19.1872     -20.9797      -9.9323
                -19.5567     -20.6084     -23.4429     -21.5768     -26.3525
                -27.0832     -25.3993     -26.1402     -26.5931     -22.9462
                -26.8666     -32.4006     -27.7052     -26.0097     -33.3762
                -35.3302     -30.7551     -28.0283     -33.6410     -26.8097
                -23.1825     -22.9398     -29.9740     -25.0099     -29.3021
                -30.0487     -32.3620     -25.5524     -25.4314     -28.0986
   3      0     -37.8549     -34.2933     -24.8017     -25.2668     -24.5917
                -24.9847     -28.0446     -33.9856     -32.3659     -28.4281
                -24.8143     -15.3221     -23.2986     -27.8112     -28.1543
                -23.1104     -16.6911     -19.1769     -20.9920      -9.9222
                -19.5633     -20.5958     -23.4460     -21.5873     -26.3559
                -27.0786     -25.3935     -26.1574     -26.5997     -22.9570
                -26.8782     -32.3910     -27.7071     -26.0084     -33.3725
                -35.3268     -30.7607     -28.0196     -33.6450     -26.8148
                -23.1933     -22.9400     -29.9763     -25.0098     -29.3107
                -30.0577     -32.3550     -25.5612     -25.4323     -28.1216
   4      0     -37.8605     -34.3208     -24.8138     -25.2869     -24.5970
                -24.9935     -28.0756     -33.9873     -32.3579     -28.4273
                -24.8237     -15.3219     -23.3279     -27.8272     -28.1738
                -23.1265     -16.7116     -19.2033     -21.0167      -9.9515
                -19.5832     -20.6157     -23.4587     -21.6018     -26.3734
                -27.0833     -25.4122     -26.1604     -26.6070     -22.9651
                -26.8845     -32.4258     -27.7187     -26.0355     -33.3742
                -35.3472     -30.7697     -28.0310     -33.6565     -26.8060
                -23.2204     -22.9600     -29.9784     -25.0161     -29.3373
                -30.0702     -32.3787     -25.5789     -25.4595     -28.1456
   5      0     -37.8734     -34.3207     -24.8068     -25.2826     -24.6061
                -24.9886     -28.0652     -33.9872     -32.3680     -28.4202
                -24.8273     -15.3350     -23.3148     -27.8195     -28.1938
                -23.1229     -16.6996     -19.1986     -21.0289      -9.9450
                -19.5844     -20.6180     -23.4674     -21.6036     -26.3808
                -27.0752     -25.4011     -26.1776     -26.5979     -22.9677
                -26.8898     -32.4288     -27.7156     -26.0269     -33.3718
                -35.3179     -30.7676     -28.0092     -33.6625     -26.8160
                -23.2133     -22.9615     -29.9800     -25.0212     -29.3293
                -30.0713     -32.3762     -25.5770     -25.4574     -28.1568
   5     60     -37.9155     -34.3624     -24.8487     -25.3239     -24.6475
                -25.0307     -28.1070     -34.0288     -32.4102     -28.4622
                -24.8688     -15.3756     -23.3568     -27.8610     -28.2350
                -23.1642     -16.7411     -19.2401     -21.0695      -9.9857
                -19.6255     -20.6592     -23.5085     -21.6456     -26.4225
                -27.1175     -25.4433     -26.2190     -26.6399     -23.0096
                -26.9309     -32.4700     -27.7578     -26.0679     -33.4138
                -35.3609     -30.8095     -28.0517     -33.7047     -26.8579
                -23.2549     -23.0031     -30.0222     -25.0627     -29.3708
                -30.1122     -32.4178     -25.6187     -25.4985     -28.1970
   5     80     -38.0930     -34.5377     -25.0249     -25.4983     -24.8222
                -25.2077     -28.2829     -34.2039     -32.5872     -28.6392
                -25.0445     -15.5482     -23.5341     -28.0364     -28.4093
                -23.3385     -16.9169     -19.4162     -21.2423     -10.1590
                -19.7998     -20.8339     -23.6830     -21.8231     -26.5987
                -27.2957     -25.6210     -26.3939     -26.8166     -23.1856
                -27.1043     -32.6431     -27.9354     -26.2411     -33.5907
                -35.5414     -30.9858     -28.2301     -33.8817     -27.0346
                -23.4307     -23.1786     -30.1998     -25.2380     -29.5459
                -30.2859     -32.5924     -25.7947     -25.6721     -28.3664
   5    100     -38.4765     -34.9179     -25.4052     -25.8797     -25.2038
                -25.5909     -28.6649     -34.5848     -32.9707     -29.0222
                -25.4276     -15.9298     -23.9188     -28.4192     -28.7907
                -23.7196     -17.3002     -19.8010     -21.6234     -10.5411
                -20.1819     -21.2150     -24.0634     -22.2074     -26.9804
                -27.6795     -26.0045     -26.7758     -27.1990     -23.5681
                -27.4845     -33.0227     -28.3199     -26.6204     -33.9739
                -35.9270     -31.3670     -28.6135     -34.2650     -27.4188
                -23.8136     -23.5610     -30.5844     -25.6213     -29.9277
                -30.6670     -32.9712     -26.1759     -26.0512     -28.7390
 
 group  inft   Estimated free energy: 2-th solvent contribution (kcal/mol)
   1      0     -64.5899     -67.3113     -75.4825     -77.3733     -78.9392
                -77.5592     -74.5443     -69.7968     -70.4147     -73.7395
                -79.1090     -87.9764     -81.0196     -75.8141     -73.3455
                -80.1924     -87.6868     -84.8875     -82.9011     -94.0394
                -84.4487     -84.3324     -80.6002     -82.0907     -75.3225
                -76.2973     -77.7477     -77.5865     -77.6539     -80.2376
                -75.1115     -69.5043     -76.1211     -76.8419     -69.7167
                -67.0119     -71.6173     -75.4239     -69.0646     -77.7474
                -81.8044     -81.4390     -73.5718     -78.0667     -74.6002
                -73.4062     -69.4358     -77.1824     -76.5999     -73.7805
   1     60     -65.4580     -68.1851     -76.3505     -78.2426     -79.8099
                -78.4304     -75.4209     -70.6706     -71.2923     -74.6046
                -79.9728     -88.8346     -81.8872     -76.6803     -74.2186
                -81.0580     -88.5463     -85.7468     -83.7649     -94.8987
                -85.3109     -85.1949     -81.4616     -82.9512     -76.1868
                -77.1659     -78.6164     -78.4597     -78.5246     -81.1076
                -75.9837     -70.3842     -76.9890     -77.7093     -70.5916
                -67.8857     -72.4848     -76.2979     -69.9398     -78.6210
                -82.6731     -82.3073     -74.4394     -78.9408     -75.4747
                -74.2819     -70.3018     -78.0507     -77.4744     -74.6497
   1     80     -68.9190     -71.6465     -79.7978     -81.7035     -83.2799
                -81.8951     -78.8796     -74.1392     -74.7677     -78.0501
                -83.4202     -92.2756     -85.3477     -80.1374     -77.6915
                -84.4989     -91.9886     -89.1893     -87.2183     -98.3460
                -88.7619     -88.6398     -84.9096     -86.3846     -79.6297
                -80.6368     -82.0736     -81.9181     -81.9897     -84.5666
                -79.4542     -73.8630     -80.4497     -81.1668     -74.0620
                -71.3474     -75.9348     -79.7659     -73.4174     -82.0940
                -86.1257     -85.7648     -77.9000     -82.4107     -78.9476
                -77.7608     -73.7449     -81.5003     -80.9505     -78.1185
   1    100     -77.3223     -80.0371     -88.1618     -90.1170     -91.6969
                -90.3008     -87.2869     -82.5576     -83.2040     -86.4231
                -91.7930    -100.6433     -93.7586     -88.5386     -86.1120
                -92.8811    -100.3751     -97.5824     -95.6354    -106.7439
                -97.1732     -97.0278     -93.2955     -94.7536     -88.0011
                -89.0500     -90.4608     -90.3221     -90.4018     -92.9855
                -87.8763     -82.3022     -88.8448     -89.5674     -82.4793
                -79.7420     -84.3145     -88.1788     -81.8556     -90.5299
                -94.5231     -94.1837     -86.3080     -90.8409     -87.3553
                -86.2008     -82.1153     -89.8897     -89.3785     -86.5293
   2      0     -64.5847     -67.3217     -75.4998     -77.3860     -78.9391
                -77.5917     -74.6522     -69.7972     -70.4685     -73.8299
                -79.1020     -88.0340     -81.0635     -75.7999     -73.4630
                -80.2659     -87.6649     -84.8987     -82.9224     -94.0831
                -84.4858     -84.3163     -80.6706     -82.0867     -75.3647
                -76.2871     -77.7930     -77.5801     -77.7268     -80.2654
                -75.0589     -69.5904     -76.0940     -76.8483     -69.7543
                -67.0335     -71.7283     -75.3927     -69.0335     -77.7614
                -81.8435     -81.3751     -73.6780     -78.1124     -74.6948
                -73.3998     -69.5023     -77.2114     -76.7185     -73.8389
   3      0     -64.6381     -67.3363     -75.5035     -77.4244     -78.9557
                -77.6260     -74.6350     -69.8302     -70.4696     -73.8279
                -79.1379     -88.0654     -81.0941     -75.8235     -73.4616
                -80.2332     -87.6624     -84.9086     -82.9710     -94.0795
                -84.4900     -84.3785     -80.6821     -82.1292     -75.3562
                -76.3145     -77.7981     -77.6235     -77.6858     -80.2822
                -75.0709     -69.5964     -76.1164     -76.8740     -69.7668
                -67.0662     -71.7352     -75.4057     -69.0513     -77.7862
                -81.8486     -81.4363     -73.6667     -78.1066     -74.7130
                -73.4502     -69.5195     -77.2210     -76.6824     -73.8603
   4      0     -64.5834     -67.3361     -75.4388     -77.3394     -78.9341
                -77.5742     -74.5757     -69.7532     -70.3982     -73.8275
                -79.1396     -88.0820     -81.0529     -75.7654     -73.4215
                -80.2462     -87.6888     -84.8981     -82.9240     -94.0622
                -84.4903     -84.3172     -80.6538     -82.0843     -75.2966
                -76.2676     -77.8119     -77.5548     -77.6894     -80.2485
                -75.0780     -69.5708     -76.0794     -76.8470     -69.7386
                -67.0098     -71.7073     -75.3663     -68.9960     -77.7832
                -81.8247     -81.3946     -73.6226     -78.1212     -74.6588
                -73.4170     -69.5023     -77.1971     -76.6970     -73.7995
   5      0     -64.6960     -67.4376     -75.5428     -77.4575     -79.0086
                -77.6552     -74.6649     -69.8794     -70.5047     -73.9073
                -79.2307     -88.1251     -81.1161     -75.8305     -73.5067
                -80.3340     -87.7583     -85.0136     -83.0176     -94.1235
                -84.5921     -84.4709     -80.7311     -82.1893     -75.4057
                -76.3390     -77.8458     -77.6755     -77.7689     -80.3437
                -75.1663     -69.6224     -76.1827     -76.9595     -69.7838
                -67.0740     -71.7716     -75.4628     -69.1129     -77.8515
                -81.9167     -81.5013     -73.7568     -78.2178     -74.7426
                -73.4637     -69.5936     -77.3274     -76.7620     -73.9019
   5     60     -65.7781     -68.5266     -76.6251     -78.5431     -80.0954
                -78.7448     -75.7511     -70.9692     -71.5985     -74.9846
                -80.3049     -89.1940     -82.1964     -76.9112     -74.5977
                -81.4107     -88.8267     -86.0820     -84.0919     -95.1917
                -85.6654     -85.5429     -81.8049     -83.2592     -76.4792
                -77.4230     -78.9299     -78.7597     -78.8561     -81.4292
                -76.2525     -70.7193     -77.2653     -78.0415     -70.8734
                -68.1590     -72.8548     -76.5491     -70.2045     -78.9392
                -82.9950     -82.5844     -74.8406     -79.3031     -75.8316
                -74.5535     -70.6768     -78.4082     -77.8507     -74.9900
   5     80     -69.8199     -72.5680     -80.6478     -82.5819     -84.1420
                -82.7887     -79.7944     -75.0218     -75.6566     -79.0123
                -84.3302     -93.2153     -86.2401     -80.9491     -78.6577
                -85.4343     -92.8480     -90.1076     -88.1292     -99.2204
                -89.6984     -89.5726     -85.8327     -87.2743     -80.5022
                -81.4706     -82.9685     -82.7995     -82.9067     -85.4704
                -80.2986     -74.7848     -81.3052     -82.0803     -74.9277
                -72.2030     -76.8875     -80.5982     -74.2627     -82.9923
                -87.0336     -86.6253     -78.8806     -83.3587     -79.8855
                -78.6150     -74.6998     -82.4430     -81.9106     -79.0332
   5    100     -77.4650     -80.2043     -88.2508     -90.2252     -91.7893
                -90.4240     -87.4430     -82.6665     -83.3073     -86.6340
                -91.9499    -100.8296     -93.8919     -88.5855     -86.3160
                -93.0561    -100.4789     -97.7436     -95.7841    -106.8649
                -97.3516     -97.2022     -93.4628     -94.8881     -88.1177
                -89.1153     -90.5954     -90.4315     -90.5495     -93.1154
                -87.9478     -82.4591     -88.9404     -89.7243     -82.5792
                -79.8368     -84.5091     -88.2353     -81.9286     -90.6503
                -94.6739     -94.2718     -86.5224     -91.0237     -87.5332
                -86.2820     -82.3126     -90.0730     -89.5695     -86.6817
 
 
 cumulative average & 95% error for solvation free energy
              total             1st component         2nd component
  1  -102.4964              -37.8549              -64.6381
  2  -102.0647     0.8634   -36.0741     3.5616   -65.9872     2.6981
  3  -101.4793     1.2724   -32.3167     7.7912   -69.1593     6.5326
  4  -101.7831     1.0857   -30.5542     6.5404   -71.2256     6.1980
  5  -102.1367     1.0987   -29.3617     5.5995   -72.7716     5.7105
  6  -102.2162     0.9111   -28.6322     4.7991   -73.5807     4.9354
  7  -102.2829     0.7815   -28.5483     4.0594   -73.7313     4.1821
  8  -102.4749     0.7782   -29.2279     3.7692   -73.2436     3.7508
  9  -102.5154     0.6910   -29.5766     3.3965   -72.9354     3.3648
 10  -102.4898     0.6202   -29.4617     3.0466   -73.0247     3.0149
 11  -102.6230     0.6211   -29.0393     2.8824   -73.5804     2.9449
 12  -102.6870     0.5812   -27.8962     3.4857   -74.7875     3.6132
 13  -102.8185     0.5958   -27.5425     3.2835   -75.2726     3.4624
 14  -102.8770     0.5639   -27.5617     3.0402   -75.3120     3.2065
 15  -102.7932     0.5511   -27.6012     2.8313   -75.1886     2.9953
 16  -102.8278     0.5201   -27.3205     2.7073   -75.5039     2.8719
 17  -102.9177     0.5206   -26.6953     2.8339   -76.2191     3.0534
 18  -102.9828     0.5078   -26.2776     2.7994   -76.7018     3.0364
 19  -103.0345     0.4914   -25.9994     2.7058   -77.0318     2.9470
 20  -103.0831     0.4762   -25.1955     3.0288   -77.8842     3.2745
 21  -103.1294     0.4623   -24.9273     2.9305   -78.1987     3.1776
 22  -103.2134     0.4717   -24.7304     2.8217   -78.4796     3.0814
 23  -103.2533     0.4578   -24.6746     2.6986   -78.5754     2.9506
 24  -103.2728     0.4400   -24.5460     2.5965   -78.7235     2.8404
 25  -103.2105     0.4400   -24.6183     2.4947   -78.5888     2.7377
 26  -103.2176     0.4230   -24.7130     2.4042   -78.5013     2.6361
 27  -103.2168     0.4071   -24.7382     2.3140   -78.4753     2.5372
 28  -103.2371     0.3943   -24.7889     2.2322   -78.4448     2.4456
 29  -103.2733     0.3873   -24.8513     2.1574   -78.4187     2.3604
 30  -103.2723     0.3742   -24.7882     2.0881   -78.4808     2.2837
 31  -103.2297     0.3718   -24.8556     2.0241   -78.3708     2.2197
 32  -103.1910     0.3683   -25.0911     2.0156   -78.0966     2.2181
 33  -103.2103     0.3590   -25.1703     1.9600   -78.0366     2.1532
 34  -103.2007     0.3488   -25.1950     1.9021   -78.0024     2.0900
 35  -103.1991     0.3387   -25.4286     1.9052   -77.7671     2.0833
 36  -103.1768     0.3322   -25.7036     1.9314   -77.4698     2.1101
 37  -103.1585     0.3251   -25.8403     1.8983   -77.3149     2.0755
 38  -103.1656     0.3168   -25.8976     1.8512   -77.2646     2.0227
 39  -103.1536     0.3095   -26.0963     1.8464   -77.0540     2.0146
 40  -103.1899     0.3102   -26.1142     1.8000   -77.0723     1.9640
 41  -103.2351     0.3158   -26.0430     1.7613   -77.1888     1.9296
 42  -103.2624     0.3130   -25.9691     1.7252   -77.2899     1.8939
 43  -103.2713     0.3061   -26.0623     1.6949   -77.2057     1.8570
 44  -103.2679     0.2992   -26.0384     1.6566   -77.2262     1.8148
 45  -103.2848     0.2944   -26.1111     1.6259   -77.1703     1.7775
 46  -103.2897     0.2881   -26.1969     1.5994   -77.0894     1.7459
 47  -103.2596     0.2882   -26.3279     1.5868   -76.9284     1.7385
 48  -103.2498     0.2829   -26.3119     1.5537   -76.9345     1.7019
 49  -103.2267     0.2809   -26.2940     1.5221   -76.9293     1.6669
 50  -103.2018     0.2796   -26.3305     1.4931   -76.8679     1.6378
 
 Mesh error is    0.073 kcal/mol
