 ERmod 0.3.8, Copyright (C) 2000-2019 Nobuyuki Matubayasi
                            2010-2019 Shun Sakuraba
 ERmod comes with ABSOLUTELY NO WARRANTY.
 This is free software, and you can redistribute it
 and/or modify it under certain conditions.
 See LICENSE file for details.
 
  Number of the   1-th solvent  =         1472
  Number of the   2-th solvent  =        10000
 
  Be sure that the solvent distribution is homogeneous (radial distribution function is essentially unity) when the solvent molecule is separated beyond distance of   10.0 Angstrom in any direction from any atom within the solute molecule
 
  LJ long-range correction    =        -3.5283     -5.7260
 
  Self-energy of the solute   =        -0.0031  kcal/mol
 
 
 cumulative average & 95% error for solvation energy
              total             1st component         2nd component
  1  -455.8931             -177.6056             -278.2844
  2  -453.6227     4.5407  -165.9304    23.3504  -287.6892    18.8097
  3  -452.8970     2.9965  -167.7179    13.9473  -285.1761    11.9665
  4  -453.1783     2.1923  -159.2057    19.6747  -293.9696    19.5166
  5  -452.9182     1.7760  -155.6646    16.8051  -297.2505    16.4802
  6  -452.7966     1.4704  -152.1929    15.3781  -300.6007    15.0319
  7  -452.8895     1.2565  -151.0457    13.1978  -301.8407    12.9441
  8  -452.7799     1.1100  -149.9260    11.6470  -302.8508    11.3905
  9  -452.6114     1.0353  -151.9918    11.0715  -300.6165    10.9945
 10  -453.0421     1.2647  -154.5039    11.1042  -298.5352    10.6786
 11  -453.2588     1.2233  -157.3181    11.5137  -295.9376    10.9676
 12  -453.3066     1.1208  -157.5591    10.5216  -295.7445    10.0195
 13  -453.3013     1.0310  -159.6519    10.5447  -293.6464    10.1268
 14  -453.3249     0.9557  -160.2474     9.8349  -293.0744     9.4452
 15  -453.3054     0.8906  -160.8250     9.2284  -292.4773     8.8737
 16  -453.3925     0.8510  -161.7059     8.8103  -291.6835     8.4510
 17  -453.5252     0.8423  -161.7518     8.2763  -291.7703     7.9402
 18  -453.6188     0.8159  -162.1519     7.8439  -291.4638     7.5112
 19  -453.5441     0.7861  -161.0312     7.7508  -292.5099     7.4065
 20  -453.5748     0.7483  -162.2081     7.7206  -291.3636     7.3910
 21  -453.5966     0.7131  -162.0326     7.3522  -291.5610     7.0413
 22  -453.6594     0.6914  -160.9608     7.3304  -292.6955     7.0867
 23  -453.5954     0.6729  -160.6456     7.0328  -292.9467     6.7902
 24  -453.5705     0.6462  -160.7155     6.7348  -292.8519     6.5039
 25  -453.6690     0.6504  -160.5518     6.4681  -293.1141     6.2603
 26  -453.8531     0.7253  -161.2126     6.3533  -292.6375     6.0898
 27  -453.8716     0.6989  -162.2423     6.4510  -291.6263     6.1991
 28  -453.8308     0.6784  -162.9617     6.3807  -290.8660     6.1640
 29  -453.8182     0.6551  -163.4665     6.2390  -290.3486     6.0370
 30  -453.7981     0.6341  -163.5201     6.0284  -290.2750     5.8342
 31  -453.7592     0.6183  -163.8456     5.8669  -289.9105     5.6897
 32  -453.7557     0.5987  -164.0773     5.6994  -289.6754     5.5291
 33  -453.7842     0.5830  -163.7356     5.5661  -290.0455     5.4098
 34  -453.6868     0.5982  -164.1864     5.4747  -289.4973     5.3616
 35  -453.7282     0.5867  -164.1722     5.3161  -289.5530     5.2073
 36  -453.7374     0.5705  -163.6032     5.2901  -290.1311     5.1910
 37  -453.7742     0.5597  -164.1264     5.2505  -289.6447     5.1417
 38  -453.8208     0.5527  -164.0574     5.1123  -289.7603     5.0099
 39  -453.9544     0.6010  -164.6540     5.1205  -289.2973     4.9668
 40  -453.9918     0.5906  -165.1906     5.1049  -288.7981     4.9429
 41  -454.0526     0.5887  -165.5966     5.0446  -288.4529     4.8700
 42  -454.0961     0.5810  -165.9777     4.9817  -288.1153     4.8004
 43  -453.9980     0.6003  -166.7767     5.1202  -287.2182     5.0190
 44  -454.0223     0.5885  -166.6850     5.0058  -287.3343     4.9091
 45  -454.1282     0.6130  -166.7440     4.8948  -287.3811     4.7997
 46  -454.1208     0.5997  -166.8862     4.7956  -287.2315     4.7037
 47  -454.2015     0.6086  -166.6242     4.7216  -287.5742     4.6533
 48  -454.2161     0.5965  -166.2356     4.6871  -287.9774     4.6262
 49  -454.2346     0.5854  -166.0126     4.6121  -288.2189     4.5565
 50  -454.2746     0.5791  -165.3507     4.7088  -288.9207     4.6799
 
 
 group  inft  solvation free energy     error          difference
  total solvation free energy
   1      0       -106.07168           0.30660           0.08099
   1     60       -107.83992           0.30639          -1.68726
   1     80       -112.46795           0.30529          -6.31528
   1    100       -120.60454           0.30558         -14.45187
   2      0       -106.11499           0.30730           0.03768
   3      0       -106.15267           0.30545           0.00000
   4      0       -106.13171           0.30527           0.02095
   5      0       -106.22361           0.30597          -0.07095
   5     60       -108.37183           0.30561          -2.21916
   5     80       -113.46135           0.30476          -7.30868
   5    100       -120.77890           0.30521         -14.62624
 
  contribution from  1-th solvent component
   1      0        -57.97367           1.90174           0.03824
   1     60        -58.24759           1.90200          -0.23567
   1     80        -58.97188           1.90257          -0.95997
   1    100        -60.32216           1.90285          -2.31025
   2      0        -58.00086           1.90107           0.01106
   3      0        -58.01192           1.90090           0.00000
   4      0        -58.02640           1.90126          -0.01449
   5      0        -58.03816           1.90141          -0.02625
   5     60        -58.37201           1.90175          -0.36009
   5     80        -59.17381           1.90233          -1.16189
   5    100        -60.39620           1.90240          -2.38429
 
  contribution from  2-th solvent component
   1      0        -48.09493           1.97167           0.04275
   1     60        -49.58926           1.97001          -1.45159
   1     80        -53.49299           1.96644          -5.35531
   1    100        -60.27930           1.96302         -12.14162
   2      0        -48.11105           1.97092           0.02662
   3      0        -48.13767           1.97104           0.00000
   4      0        -48.10223           1.96649           0.03544
   5      0        -48.18238           1.96379          -0.04470
   5     60        -49.99675           1.96156          -1.85907
   5     80        -54.28447           1.95761          -6.14679
   5    100        -60.37962           1.95488         -12.24195
 
 
 group  inft   Estimated free energy: total (kcal/mol)
   1      0    -106.9329    -104.7316    -104.4931    -106.3296    -105.1706
               -105.1274    -106.3486    -105.1481    -104.3007    -107.3940
               -106.8323    -107.1009    -105.2111    -106.3899    -105.2983
               -106.4134    -106.4449    -106.5647    -105.5623    -105.5662
               -106.1939    -106.9490    -104.8702    -105.0272    -107.2225
               -106.9124    -105.8568    -104.7339    -105.2886    -105.2849
               -105.3551    -105.5863    -106.2783    -104.0059    -106.8059
               -106.0095    -105.6184    -107.1164    -107.5374    -106.0155
               -106.7431    -106.7400    -103.3021    -106.5242    -108.1578
               -105.9763    -108.2992    -106.8496    -106.8797    -108.0836
   1     60    -108.6967    -106.4986    -106.2705    -108.0916    -106.9301
               -106.8851    -108.1084    -106.9104    -106.0598    -109.1737
               -108.6148    -108.8706    -106.9845    -108.1595    -107.0707
               -108.1785    -108.2118    -108.3401    -107.3148    -107.3432
               -107.9549    -108.7041    -106.6329    -106.7947    -108.9828
               -108.6987    -107.6387    -106.4987    -107.0701    -107.0593
               -107.1216    -107.3497    -108.0467    -105.7718    -108.5727
               -107.7710    -107.3977    -108.8848    -109.3155    -107.7930
               -108.5181    -108.5124    -105.0850    -108.2885    -109.9329
               -107.7456    -110.0598    -108.6083    -108.6410    -109.8318
   1     80    -113.3155    -111.1192    -110.9273    -112.7023    -111.5439
               -111.4974    -112.7240    -111.5321    -110.6645    -113.8243
               -113.2785    -113.4955    -111.6201    -112.7897    -111.7090
               -112.7995    -112.8468    -112.9853    -111.9146    -111.9908
               -112.5699    -113.3007    -111.2510    -111.4161    -113.5896
               -113.3675    -112.2861    -111.1073    -111.7265    -111.7001
               -111.7520    -111.9683    -112.6625    -110.4033    -113.2021
               -112.3831    -112.0501    -113.5055    -113.9523    -112.4335
               -113.1561    -113.1467    -109.7610    -112.9131    -114.5657
               -112.3941    -114.6689    -113.2140    -113.2552    -114.4149
   1    100    -121.4515    -119.2362    -119.0848    -120.8354    -119.6664
               -119.6090    -120.8489    -119.6674    -118.7679    -121.9964
               -121.4681    -121.6462    -119.7676    -120.9407    -119.8469
               -120.9325    -120.9771    -121.1567    -120.0256    -120.1544
               -120.7010    -121.4151    -119.3689    -119.5339    -121.7016
               -121.5089    -120.4439    -119.2063    -119.8930    -119.8522
               -119.8805    -120.0827    -120.7801    -118.5439    -121.3525
               -120.5068    -120.1978    -121.6522    -122.0984    -120.5731
               -121.3016    -121.2952    -117.9330    -121.0470    -122.7186
               -120.5571    -122.7852    -121.3359    -121.3757    -122.5050
   2      0    -106.9781    -104.7363    -104.5595    -106.3950    -105.2408
               -105.1934    -106.3886    -105.1653    -104.3299    -107.4605
               -106.8533    -107.1136    -105.2475    -106.4042    -105.3703
               -106.4561    -106.5117    -106.6281    -105.5564    -105.6261
               -106.1761    -107.0299    -104.9306    -105.0325    -107.2267
               -106.9933    -105.9056    -104.7700    -105.2960    -105.2710
               -105.3421    -105.6554    -106.3080    -104.0783    -106.8115
               -106.1233    -105.6530    -107.2108    -107.5680    -106.0701
               -106.8726    -106.8206    -103.3497    -106.5407    -108.2174
               -106.0249    -108.2927    -106.9138    -106.9168    -108.1332
   3      0    -107.0240    -104.8098    -104.6286    -106.4462    -105.2611
               -105.2554    -106.4052    -105.2385    -104.3375    -107.4428
               -106.8697    -107.1055    -105.2674    -106.4593    -105.4394
               -106.4884    -106.5385    -106.6996    -105.6334    -105.6562
               -106.2612    -107.0341    -104.9915    -105.0285    -107.3023
               -107.0045    -105.9262    -104.7932    -105.3404    -105.3486
               -105.4180    -105.7046    -106.4261    -104.0673    -106.8503
               -106.0937    -105.7170    -107.2225    -107.6418    -106.1152
               -106.8817    -106.8314    -103.4081    -106.5346    -108.2281
               -106.0723    -108.3216    -106.9470    -106.9648    -108.1500
   4      0    -106.9671    -104.7958    -104.6044    -106.4011    -105.2824
               -105.1971    -106.3596    -105.1910    -104.2996    -107.5251
               -106.8608    -107.1547    -105.2776    -106.3314    -105.3628
               -106.4183    -106.5451    -106.6265    -105.5254    -105.6401
               -106.2875    -106.9778    -104.9478    -105.0331    -107.2066
               -107.0835    -106.0035    -104.7604    -105.3261    -105.2836
               -105.3555    -105.6903    -106.3185    -104.1093    -106.8251
               -106.0653    -105.7739    -107.1854    -107.5787    -106.0958
               -106.8996    -106.8269    -103.4512    -106.5379    -108.2773
               -106.0521    -108.3034    -106.9500    -106.9166    -108.0971
   5      0    -107.0788    -104.8708    -104.6692    -106.4202    -105.3030
               -105.3181    -106.4613    -105.2722    -104.3740    -107.6192
               -106.9950    -107.2224    -105.3674    -106.5078    -105.4664
               -106.5107    -106.6366    -106.7496    -105.6180    -105.7098
               -106.3852    -107.0785    -105.0713    -105.0671    -107.2909
               -107.3002    -106.0795    -104.8642    -105.4126    -105.3667
               -105.4830    -105.7446    -106.4539    -104.1727    -106.9156
               -106.1696    -105.9862    -107.2595    -107.7199    -106.1882
               -106.9910    -106.8914    -103.5488    -106.5467    -108.3411
               -106.1489    -108.3654    -106.9917    -107.0238    -108.1518
   5     60    -109.2238    -107.0163    -106.8313    -108.5578    -107.4410
               -107.4529    -108.5994    -107.4117    -106.5118    -109.7819
               -109.1600    -109.3671    -107.5193    -108.6549    -107.6219
               -108.6568    -108.7863    -108.9077    -107.7497    -107.8693
               -108.5292    -109.2103    -107.2115    -107.2113    -109.4269
               -109.4685    -108.2451    -107.0073    -107.5787    -107.5193
               -107.6283    -107.8892    -108.5986    -106.3186    -109.0593
               -108.3105    -108.1562    -109.4073    -109.8789    -108.3440
               -109.1468    -109.0448    -105.7240    -108.6897    -110.4973
               -108.3014    -110.5027    -109.1269    -109.1622    -110.2761
   5     80    -114.3006    -112.0996    -111.9503    -113.6300    -112.5140
               -112.5224    -113.6735    -112.4921    -111.5757    -114.9032
               -114.2796    -114.4487    -112.6115    -113.7455    -112.7247
               -113.7399    -113.8829    -114.0188    -112.8084    -112.9778
               -113.6072    -114.2695    -112.2855    -112.2933    -114.4915
               -114.5978    -113.3624    -112.0802    -112.7025    -112.6210
               -112.7157    -112.9721    -113.6833    -111.4082    -114.1431
               -113.3872    -113.2827    -114.4907    -114.9797    -113.4484
               -114.2530    -114.1421    -110.8659    -113.7706    -115.5972
               -113.4043    -115.5676    -114.1930    -114.2354    -115.3170
   5    100    -121.6205    -119.3888    -119.2905    -120.9475    -119.8226
               -119.8210    -120.9828    -119.8017    -118.8666    -122.2391
               -121.6348    -121.7717    -119.9349    -121.0775    -120.0495
               -121.0586    -121.2030    -121.3737    -120.1093    -120.3261
               -120.8990    -121.5741    -119.5782    -119.5921    -121.7929
               -121.8841    -120.6809    -119.3722    -120.0375    -119.9531
               -120.0285    -120.2780    -120.9920    -118.7279    -121.4630
               -120.6968    -120.5932    -121.8293    -122.3152    -120.7733
               -121.5870    -121.4771    -118.2158    -121.0851    -122.9288
               -120.7473    -122.8663    -121.5058    -121.5473    -122.6031
 
 group  inft   Estimated free energy: 1-th solvent contribution (kcal/mol)
   1      0     -63.3838     -53.2167     -60.0902     -45.3217     -48.3116
                -45.4813     -49.4768     -48.3557     -58.9908     -63.5069
                -66.4604     -56.4271     -65.9632     -59.5910     -59.2490
                -61.9665     -55.8898     -59.8055     -47.8761     -65.6364
                -55.2356     -47.1340     -52.6697     -56.6753     -54.8576
                -61.7197     -67.3316     -65.0349     -62.4574     -57.3589
                -61.0337     -60.0228     -52.6105     -63.0435     -57.7907
                -49.0968     -64.8400     -56.8595     -67.1711     -66.5553
                -65.1453     -65.0086     -71.3176     -57.6707     -59.4290
                -61.4195     -53.5946     -51.3646     -54.1235     -45.1116
   1     60     -63.6581     -53.4911     -60.3633     -45.5946     -48.5833
                -45.7536     -49.7503     -48.6277     -59.2643     -63.7820
                -66.7359     -56.7006     -66.2388     -59.8630     -59.5237
                -62.2404     -56.1631     -60.0806     -48.1481     -65.9113
                -55.5094     -47.4055     -52.9432     -56.9495     -55.1299
                -61.9965     -67.6078     -65.3070     -62.7334     -57.6347
                -61.3078     -60.2956     -52.8851     -63.3155     -58.0631
                -49.3705     -65.1155     -57.1338     -67.4468     -66.8314
                -65.4200     -65.2835     -71.5933     -57.9434     -59.7048
                -61.6922     -53.8694     -51.6373     -54.3968     -45.3823
   1     80     -64.3834     -54.2161     -61.0870     -46.3161     -49.3032
                -46.4754     -50.4741     -49.3492     -59.9869     -64.5089
                -67.4644     -57.4226     -66.9660     -60.5831     -60.2499
                -62.9644     -56.8875     -60.8082     -48.8689     -66.6379
                -56.2341     -48.1243     -53.6671     -57.6739     -55.8501
                -62.7280     -68.3358     -66.0256     -63.4626     -58.3632
                -62.0331     -61.0174     -53.6093     -64.0368     -58.7843
                -50.0942     -65.8438     -57.8579     -68.1731     -67.5593
                -66.1457     -66.0098     -72.3235     -58.6661     -60.4318
                -62.4161     -54.5954     -52.3589     -55.1201     -46.0994
   1    100     -65.7341     -55.5674     -62.4357     -47.6690     -50.6509
                -47.8229     -51.8216     -50.6983     -61.3317     -65.8650
                -68.8216     -58.7709     -68.3174     -61.9311     -61.6013
                -64.3134     -58.2361     -62.1659     -50.2163     -67.9917
                -57.5848     -49.4711     -55.0141     -59.0231     -57.1964
                -64.0806     -69.6866     -67.3649     -64.8170     -59.7195
                -63.3796     -62.3612     -54.9600     -65.3803     -60.1330
                -51.4462     -67.1960     -59.2126     -69.5244     -68.9121
                -67.4987     -67.3620     -73.6755     -60.0179     -61.7869
                -63.7672     -55.9486     -53.7100     -56.4723     -47.4430
   2      0     -63.4179     -53.2143     -60.1518     -45.3565     -48.3764
                -45.5094     -49.4926     -48.4038     -59.0131     -63.5369
                -66.4729     -56.4709     -65.9863     -59.6196     -59.3064
                -61.9945     -55.9363     -59.8419     -47.8830     -65.6517
                -55.2269     -47.1596     -52.7137     -56.6753     -54.8748
                -61.7315     -67.3510     -65.0565     -62.4823     -57.3787
                -61.0311     -60.0521     -52.6307     -63.0936     -57.8236
                -49.1679     -64.8535     -56.8994     -67.2015     -66.5755
                -65.1877     -65.0242     -71.3560     -57.7077     -59.4403
                -61.4399     -53.5684     -51.3839     -54.1615     -45.1577
   3      0     -63.4304     -53.2275     -60.1678     -45.3735     -48.3868
                -45.5233     -49.5116     -48.4048     -59.0074     -63.5583
                -66.4870     -56.4839     -65.9982     -59.6173     -59.2956
                -62.0253     -55.9264     -59.8467     -47.8944     -65.6730
                -55.2483     -47.1763     -52.7202     -56.6850     -54.8851
                -61.7296     -67.3421     -65.0709     -62.4861     -57.3798
                -61.0544     -60.0692     -52.6594     -63.0744     -57.8323
                -49.1508     -64.8620     -56.9157     -67.2105     -66.6023
                -65.2103     -65.0321     -71.3658     -57.7148     -59.4530
                -61.4583     -53.5993     -51.4060     -54.1925     -45.1702
   4      0     -63.4592     -53.2612     -60.1662     -45.3847     -48.4380
                -45.5403     -49.4984     -48.4240     -59.0310     -63.5473
                -66.5067     -56.5034     -66.0012     -59.6094     -59.3251
                -62.0194     -55.9615     -59.8524     -47.8942     -65.6759
                -55.2640     -47.1965     -52.7395     -56.7163     -54.9138
                -61.7432     -67.3822     -65.0676     -62.5030     -57.3886
                -61.0546     -60.0906     -52.6476     -63.1315     -57.8510
                -49.1651     -64.8708     -56.9066     -67.2087     -66.5954
                -65.2218     -65.0622     -71.4201     -57.7178     -59.4903
                -61.4825     -53.6119     -51.4282     -54.1805     -45.1688
   5      0     -63.4463     -53.2582     -60.1794     -45.3747     -48.4086
                -45.5636     -49.5380     -48.4292     -59.0263     -63.5533
                -66.5250     -56.5172     -66.0338     -59.6413     -59.3349
                -62.0448     -55.9893     -59.8924     -47.9309     -65.6826
                -55.2776     -47.2074     -52.7549     -56.6975     -54.9004
                -61.8078     -67.3775     -65.1000     -62.5261     -57.4040
                -61.0818     -60.0890     -52.6821     -63.1525     -57.8585
                -49.2039     -64.9155     -56.9189     -67.2259     -66.6136
                -65.2054     -65.0574     -71.4104     -57.7338     -59.4700
                -61.4733     -53.6008     -51.4200     -54.1928     -45.1798
   5     60     -63.7811     -53.5918     -60.5132     -45.7070     -48.7399
                -45.8953     -49.8716     -48.7609     -59.3600     -63.8886
                -66.8607     -56.8501     -66.3695     -59.9726     -59.6700
                -62.3790     -56.3229     -60.2281     -48.2627     -66.0175
                -55.6118     -47.5385     -53.0881     -57.0312     -55.2319
                -62.1450     -67.7141     -65.4315     -62.8629     -57.7399
                -61.4157     -60.4217     -53.0158     -63.4844     -58.1902
                -49.5379     -65.2521     -57.2533     -67.5618     -66.9492
                -65.5400     -65.3922     -71.7476     -58.0664     -59.8059
                -61.8060     -53.9348     -51.7520     -54.5258     -45.5103
   5     80     -64.5840     -54.3932     -61.3152     -46.5064     -49.5377
                -46.6938     -50.6730     -49.5600     -60.1608     -64.6939
                -67.6656     -57.6495     -67.1742     -60.7699     -60.4741
                -63.1811     -57.1251     -61.0342     -49.0608     -66.8212
                -56.4134     -48.3351     -53.8887     -57.8330     -56.0288
                -62.9537     -68.5197     -66.2274     -63.6704     -58.5466
                -62.2176     -61.2209     -53.8179     -64.2828     -58.9879
                -50.3407     -66.0583     -58.0557     -68.3662     -67.7546
                -66.3440     -66.1955     -72.5555     -58.8664     -60.6109
                -62.6063     -54.7364     -52.5505     -55.3266     -46.3053
   5    100     -65.8079     -55.6123     -62.5384     -47.7322     -50.7601
                -47.9145     -51.8940     -50.7819     -61.3798     -65.9187
                -68.8921     -58.8710     -68.3985     -61.9913     -61.6987
                -64.4043     -58.3476     -62.2649     -50.2814     -68.0471
                -57.6314     -49.5560     -55.1067     -59.0539     -57.2480
                -64.1721     -69.7380     -67.4407     -64.8950     -59.7749
                -63.4360     -62.4381     -55.0406     -65.4996     -60.2080
                -51.5666     -67.2768     -59.2846     -69.5909     -68.9788
                -67.5696     -67.4196     -73.7790     -60.0911     -61.8360
                -63.8299     -55.9591     -53.7743     -56.5527     -47.5252
 
 group  inft   Estimated free energy: 2-th solvent contribution (kcal/mol)
   1      0     -43.5460     -51.5118     -44.3998     -61.0048     -56.8559
                -59.6429     -56.8688     -56.7894     -45.3069     -43.8840
                -40.3688     -50.6707     -39.2448     -46.7959     -46.0462
                -44.4438     -50.5520     -46.7562     -57.6832     -39.9267
                -50.9552     -59.8119     -52.1974     -48.3488     -52.3618
                -45.1896     -38.5222     -39.6959     -42.8281     -47.9229
                -44.3184     -45.5604     -53.6647     -40.9593     -49.0121
                -56.9096     -40.7753     -50.2538     -40.3632     -39.4571
                -41.5947     -41.7283     -31.9814     -48.8505     -48.7257
                -44.5537     -54.7015     -55.4820     -52.7531     -62.9689
   1     60     -45.0355     -53.0044     -45.9041     -62.4939     -58.3438
                -61.1284     -58.3550     -58.2796     -46.7924     -45.3887
                -41.8758     -52.1670     -40.7427     -48.2934     -47.5440
                -45.9350     -52.0457     -48.2564     -59.1636     -41.4288
                -52.4424     -61.2955     -53.6866     -49.8421     -53.8498
                -46.6990     -40.0278     -41.1886     -44.3336     -49.4214
                -45.8107     -47.0511     -55.1585     -42.4532     -50.5066
                -58.3974     -42.2792     -51.7479     -41.8656     -40.9586
                -43.0950     -43.2257     -33.4885     -50.3420     -50.2250
                -46.0503     -56.1874     -56.9679     -54.2411     -64.4464
   1     80     -48.9290     -56.9000     -49.8372     -66.3830     -62.2376
                -65.0189     -62.2468     -62.1799     -50.6745     -49.3123
                -45.8110     -56.0699     -44.6510     -52.2034     -51.4560
                -49.8321     -55.9562     -52.1741     -63.0426     -45.3498
                -56.3327     -65.1733     -57.5808     -53.7391     -57.7363
                -50.6365     -43.9473     -45.0786     -48.2608     -53.3339
                -49.7158     -50.9478     -59.0502     -46.3634     -54.4147
                -62.2858     -46.2032     -55.6445     -45.7761     -44.8711
                -47.0073     -47.1338     -37.4344     -54.2439     -54.1308
                -49.9750     -60.0705     -60.8521     -58.1321     -68.3124
   1    100     -55.7143     -63.6657     -56.6459     -73.1634     -69.0125
                -71.7830     -69.0243     -68.9660     -57.4331     -56.1283
                -52.6434     -62.8722     -51.4471     -59.0065     -58.2425
                -56.6161     -62.7380     -58.9877     -69.8062     -52.1596
                -63.1131     -71.9409     -64.3517     -60.5077     -64.5021
                -57.4252     -50.7543     -51.8383     -55.0730     -60.1296
                -56.4978     -57.7184     -65.8171     -53.1605     -61.2164
                -69.0575     -52.9987     -62.4366     -52.5710     -51.6579
                -53.7998     -53.9301     -44.2544     -61.0260     -60.9285
                -56.7868     -66.8335     -67.6228     -64.9004     -75.0589
   2      0     -43.5571     -51.5189     -44.4047     -61.0354     -56.8614
                -59.6809     -56.8930     -56.7584     -45.3138     -43.9205
                -40.3774     -50.6396     -39.2582     -46.7815     -46.0608
                -44.4586     -50.5723     -46.7832     -57.6704     -39.9714
                -50.9461     -59.8672     -52.2138     -48.3540     -52.3488
                -45.2587     -38.5515     -39.7104     -42.8106     -47.8892
                -44.3079     -45.6002     -53.6742     -40.9816     -48.9849
                -56.9523     -40.7964     -50.3083     -40.3634     -39.4916
                -41.6818     -41.7933     -31.9906     -48.8299     -48.7740
                -44.5819     -54.7212     -55.5268     -52.7522     -62.9724
   3      0     -43.5905     -51.5793     -44.4577     -61.0697     -56.8712
                -59.7290     -56.8905     -56.8306     -45.3271     -43.8813
                -40.3796     -50.6186     -39.2661     -46.8390     -46.1407
                -44.4600     -50.6091     -46.8498     -57.7359     -39.9801
                -51.0099     -59.8547     -52.2683     -48.3405     -52.4141
                -45.2717     -38.5811     -39.7193     -42.8513     -47.9657
                -44.3605     -45.6323     -53.7636     -40.9898     -49.0149
                -56.9398     -40.8519     -50.3037     -40.4282     -39.5098
                -41.6684     -41.7962     -32.0393     -48.8168     -48.7720
                -44.6109     -54.7193     -55.5379     -52.7692     -62.9768
   4      0     -43.5048     -51.5315     -44.4352     -61.0134     -56.8414
                -59.6537     -56.8581     -56.7639     -45.2655     -43.9747
                -40.3511     -50.6482     -39.2733     -46.7189     -46.0345
                -44.3959     -50.5806     -46.7710     -57.6281     -39.9612
                -51.0205     -59.7783     -52.2053     -48.3138     -52.2897
                -45.3372     -38.6182     -39.6897     -42.8201     -47.8919
                -44.2979     -45.5966     -53.6678     -40.9747     -48.9710
                -56.8971     -40.9000     -50.2757     -40.3670     -39.4974
                -41.6747     -41.7616     -32.0281     -48.8170     -48.7839
                -44.5665     -54.6884     -55.5187     -52.7330     -62.9252
   5      0     -43.6293     -51.6095     -44.4868     -61.0424     -56.8914
                -59.7514     -56.9202     -56.8400     -45.3446     -44.0628
                -40.4669     -50.7021     -39.3305     -46.8635     -46.1285
                -44.4628     -50.6442     -46.8542     -57.6841     -40.0242
                -51.1046     -59.8681     -52.3133     -48.3666     -52.3874
                -45.4893     -38.6989     -39.7611     -42.8835     -47.9596
                -44.3981     -45.6525     -53.7688     -41.0171     -49.0540
                -56.9627     -41.0677     -50.3376     -40.4910     -39.5715
                -41.7826     -41.8309     -32.1352     -48.8098     -48.8680
                -44.6725     -54.7615     -55.5687     -52.8279     -62.9690
   5     60     -45.4396     -53.4214     -46.3150     -62.8477     -58.6979
                -61.5545     -58.7248     -58.6477     -47.1487     -45.8902
                -42.2962     -52.5139     -41.1467     -48.6793     -47.9489
                -46.2747     -52.4603     -48.6765     -59.4839     -41.8488
                -52.9144     -61.6687     -54.1203     -50.1770     -54.1920
                -47.3204     -40.5279     -41.5727     -44.7127     -49.7763
                -46.2095     -47.4645     -55.5797     -42.8312     -50.8660
                -58.7694     -42.9010     -52.1509     -42.3140     -41.3917
                -43.6038     -43.6495     -33.9733     -50.6202     -50.6883
                -46.4923     -56.5649     -57.3718     -54.6334     -64.7627
   5     80     -49.7135     -57.7034     -50.6320     -67.1206     -62.9733
                -65.8255     -62.9974     -62.9290     -51.4118     -50.2062
                -46.6109     -56.7961     -45.4342     -52.9725     -52.2476
                -50.5556     -56.7547     -52.9816     -63.7446     -46.1536
                -57.1907     -65.9314     -58.3937     -54.4572     -58.4596
                -51.6411     -44.8396     -45.8497     -49.0290     -54.0713
                -50.4950     -51.7481     -59.8623     -47.1224     -55.1521
                -63.0435     -47.2214     -56.4319     -46.6104     -45.6907
                -47.9060     -47.9435     -38.3072     -54.9012     -54.9833
                -50.7949     -60.8281     -61.6394     -58.9057     -69.0087
   5    100     -55.8095     -63.7733     -56.7490     -73.2122     -69.0594
                -71.9035     -69.0858     -69.0167     -57.4838     -56.3172
                -52.7396     -62.8976     -51.5333     -59.0831     -58.3477
                -56.6512     -62.8523     -59.1057     -69.8248     -52.2758
                -63.2645     -72.0150     -64.4684     -60.5351     -64.5418
                -57.7089     -50.9398     -51.9284     -55.1394     -60.1751
                -56.5894     -57.8368     -65.9484     -53.2252     -61.2520
                -69.1271     -53.3133     -62.5416     -52.7212     -51.7914
                -54.0143     -54.0544     -44.4338     -60.9909     -61.0897
                -56.9143     -66.9041     -67.7284     -64.9916     -75.0748
 
 
 cumulative average & 95% error for solvation free energy
              total             1st component         2nd component
  1  -107.0240              -63.4304              -43.5905
  2  -105.9169     2.2141   -58.3289    10.2029   -47.5849     7.9888
  3  -105.4875     1.5400   -58.9419     6.0169   -46.5425     5.0616
  4  -105.7272     1.1898   -55.5498     8.0079   -50.1743     8.0975
  5  -105.6340     0.9403   -54.1172     6.8327   -51.5137     6.8204
  6  -105.5709     0.7780   -52.6849     6.2713   -52.8829     6.2057
  7  -105.6901     0.6994   -52.2316     5.3772   -53.4554     5.3683
  8  -105.6336     0.6162   -51.7532     4.7541   -53.8773     4.7250
  9  -105.4896     0.6150   -52.5592     4.4919   -52.9273     4.5798
 10  -105.6849     0.6747   -53.6591     4.5805   -52.0227     4.4781
 11  -105.7926     0.6472   -54.8253     4.7546   -50.9642     4.5704
 12  -105.9020     0.6300   -54.9635     4.3491   -50.9354     4.1726
 13  -105.8532     0.5877   -55.8123     4.3459   -50.0378     4.2373
 14  -105.8965     0.5509   -56.0841     4.0601   -49.8093     3.9495
 15  -105.8660     0.5165   -56.2982     3.8039   -49.5647     3.7092
 16  -105.9049     0.4894   -56.6562     3.6295   -49.2457     3.5278
 17  -105.9422     0.4657   -56.6132     3.4104   -49.3259     3.3177
 18  -105.9843     0.4470   -56.7929     3.2354   -49.1883     3.1400
 19  -105.9658     0.4245   -56.3245     3.2005   -49.6382     3.1035
 20  -105.9503     0.4039   -56.7920     3.1769   -49.1553     3.0986
 21  -105.9651     0.3853   -56.7185     3.0254   -49.2436     2.9526
 22  -106.0137     0.3800   -56.2847     3.0122   -49.7259     2.9759
 23  -105.9693     0.3738   -56.1297     2.8949   -49.8365     2.8521
 24  -105.9301     0.3664   -56.1529     2.7721   -49.7741     2.7336
 25  -105.9850     0.3682   -56.1022     2.6608   -49.8797     2.6304
 26  -106.0242     0.3623   -56.3186     2.5928   -49.7025     2.5520
 27  -106.0206     0.3487   -56.7269     2.6252   -49.2906     2.5901
 28  -105.9767     0.3473   -57.0249     2.5989   -48.9488     2.5879
 29  -105.9548     0.3380   -57.2132     2.5358   -48.7385     2.5322
 30  -105.9346     0.3290   -57.2188     2.4499   -48.7127     2.4469
 31  -105.9179     0.3199   -57.3425     2.3824   -48.5724     2.3832
 32  -105.9112     0.3101   -57.4277     2.3131   -48.4805     2.3148
 33  -105.9268     0.3021   -57.2832     2.2604   -48.6406     2.2663
 34  -105.8722     0.3129   -57.4535     2.2192   -48.4156     2.2443
 35  -105.9001     0.3089   -57.4643     2.1550   -48.4327     2.1795
 36  -105.9055     0.3004   -57.2334     2.1446   -48.6690     2.1701
 37  -105.9004     0.2923   -57.4396     2.1262   -48.4577     2.1526
 38  -105.9352     0.2929   -57.4258     2.0697   -48.5063     2.0974
 39  -105.9789     0.2984   -57.6767     2.0774   -48.2992     2.0845
 40  -105.9823     0.2910   -57.8998     2.0734   -48.0794     2.0787
 41  -106.0043     0.2871   -58.0781     2.0534   -47.9231     2.0513
 42  -106.0240     0.2830   -58.2437     2.0311   -47.7772     2.0231
 43  -105.9631     0.3019   -58.5489     2.0751   -47.4112     2.1067
 44  -105.9761     0.2961   -58.5299     2.0277   -47.4431     2.0593
 45  -106.0262     0.3063   -58.5504     1.9826   -47.4727     2.0138
 46  -106.0272     0.2996   -58.6136     1.9431   -47.4104     1.9735
 47  -106.0760     0.3089   -58.5070     1.9133   -47.5660     1.9559
 48  -106.0941     0.3046   -58.3590     1.8962   -47.7320     1.9434
 49  -106.1119     0.3004   -58.2740     1.8649   -47.8348     1.9144
 50  -106.1527     0.3054   -58.0119     1.9009   -48.1377     1.9710
 
 Mesh error is    0.081 kcal/mol
