 ERmod 0.3.8, Copyright (C) 2000-2019 Nobuyuki Matubayasi
                            2010-2019 Shun Sakuraba
 ERmod comes with ABSOLUTELY NO WARRANTY.
 This is free software, and you can redistribute it
 and/or modify it under certain conditions.
 See LICENSE file for details.
 
  Number of the   1-th solvent  =        10000
 
  Be sure that the solvent distribution is homogeneous (radial distribution function is essentially unity) when the solvent molecule is separated beyond distance of   10.0 Angstrom in any direction from any atom within the solute molecule
 
  LJ long-range correction    =        -7.8240
 
  Self-energy of the solute   =         0.0026  kcal/mol
 
 
 cumulative average & 95% error for solvation energy
  1  -477.5951
  2  -476.2741     2.6420
  3  -476.0583     1.5852
  4  -476.1213     1.1280
  5  -476.0275     0.8936
  6  -476.0204     0.7298
  7  -475.9508     0.6323
  8  -475.8907     0.5606
  9  -475.9625     0.5148
 10  -475.8683     0.4975
 11  -475.8520     0.4512
 12  -475.7663     0.4461
 13  -475.7692     0.4104
 14  -475.7124     0.3966
 15  -475.6174     0.4152
 16  -475.5715     0.3991
 17  -475.5095     0.3949
 18  -475.5722     0.3929
 19  -475.5444     0.3758
 20  -475.4779     0.3805
 21  -475.5032     0.3654
 22  -475.4990     0.3485
 23  -475.4692     0.3383
 24  -475.4877     0.3260
 25  -475.5543     0.3398
 26  -475.5096     0.3385
 27  -475.5618     0.3420
 28  -475.5141     0.3432
 29  -475.4722     0.3415
 30  -475.5123     0.3395
 31  -475.4988     0.3295
 32  -475.5420     0.3305
 33  -475.5698     0.3251
 34  -475.6290     0.3369
 35  -475.5819     0.3405
 36  -475.5878     0.3311
 37  -475.5760     0.3229
 38  -475.6094     0.3213
 39  -475.6212     0.3138
 40  -475.6587     0.3149
 41  -475.6685     0.3078
 42  -475.6884     0.3030
 43  -475.7055     0.2978
 44  -475.6783     0.2960
 45  -475.6356     0.3017
 46  -475.6423     0.2954
 47  -475.6557     0.2903
 48  -475.6582     0.2842
 49  -475.6598     0.2784
 50  -475.6355     0.2770
 
 
 group  inft  solvation free energy     error          difference
   1      0        -95.17899           0.12692           0.04354
   1     60        -95.30157           0.12693          -0.07904
   1     80        -96.82612           0.12705          -1.60359
   1    100       -103.70455           0.12775          -8.48202
   2      0        -95.18740           0.12687           0.03513
   3      0        -95.22253           0.12696           0.00000
   4      0        -95.16574           0.12793           0.05679
   5      0        -95.25854           0.12763          -0.03601
   5     60        -95.43269           0.12762          -0.21016
   5     80        -97.40812           0.12773          -2.18559
   5    100       -103.80429           0.12840          -8.58176
 
 
 group  inft   Estimated free energy (kcal/mol)
   1      0     -96.0630     -94.8693     -95.2917     -95.3661     -95.1909
                -95.0834     -95.2301     -95.0484     -95.3480     -95.0656
                -95.2701     -94.7560     -95.1749     -94.8579     -94.6641
                -94.7504     -94.8424     -95.7341     -94.7346     -94.5720
                -95.3902     -95.0920     -94.8763     -95.1730     -96.0272
                -94.5456     -95.5376     -94.6582     -94.5044     -95.6020
                -94.9667     -95.8825     -95.8442     -95.6377     -94.4301
                -95.2689     -95.1234     -95.6948     -95.2453     -96.1325
                -95.0810     -95.5699     -95.6988     -94.6597     -94.2027
                -95.2314     -95.4727     -95.3303     -95.3185     -94.8392
   1     60     -96.1860     -94.9916     -95.4144     -95.4893     -95.3137
                -95.2066     -95.3525     -95.1710     -95.4707     -95.1879
                -95.3925     -94.8787     -95.2982     -94.9805     -94.7862
                -94.8732     -94.9648     -95.8567     -94.8571     -94.6948
                -95.5127     -95.2145     -94.9984     -95.2956     -96.1490
                -94.6684     -95.6607     -94.7805     -94.6264     -95.7248
                -95.0896     -96.0046     -95.9666     -95.7611     -94.5523
                -95.3915     -95.2458     -95.8173     -95.3683     -96.2547
                -95.2038     -95.6923     -95.8210     -94.7820     -94.3252
                -95.3538     -95.5955     -95.4531     -95.4414     -94.9616
   1     80     -97.7112     -96.5128     -96.9412     -97.0186     -96.8391
                -96.7367     -96.8742     -96.6920     -96.9978     -96.7110
                -96.9196     -96.4030     -96.8251     -96.5061     -96.3096
                -96.4033     -96.4860     -97.3834     -96.3800     -96.2170
                -97.0373     -96.7439     -96.5192     -96.8231     -97.6708
                -96.1925     -97.1916     -96.3033     -96.1504     -97.2481
                -96.6164     -97.5271     -97.4914     -97.2925     -96.0747
                -96.9146     -96.7682     -97.3415     -96.8939     -97.7770
                -96.7296     -97.2147     -97.3408     -96.3040     -95.8484
                -96.8775     -97.1201     -96.9768     -96.9666     -96.4822
   1    100    -104.5894    -103.3798    -103.8256    -103.9123    -103.7222
               -103.6328    -103.7426    -103.5624    -103.8822    -103.5811
               -103.8020    -103.2758    -103.7082    -103.3922    -103.1827
               -103.2943    -103.3546    -104.2730    -103.2479    -103.0877
               -103.9184    -103.6421    -103.3865    -103.7046    -104.5431
               -103.0681    -104.0853    -103.1828    -103.0227    -104.1232
               -103.4986    -104.3995    -104.3789    -104.1918    -102.9408
               -103.7856    -103.6413    -104.2229    -103.7791    -104.6518
               -103.6104    -104.0879    -104.2077    -103.1709    -102.7281
               -103.7519    -104.0024    -103.8508    -103.8548    -103.3463
   2      0     -96.0668     -94.8847     -95.2727     -95.3911     -95.1594
                -95.0888     -95.2481     -95.0831     -95.3751     -95.0332
                -95.2384     -94.7873     -95.1690     -94.8446     -94.6892
                -94.7617     -94.8562     -95.7194     -94.7490     -94.5807
                -95.3765     -95.1103     -94.8571     -95.1828     -96.0338
                -94.5560     -95.5734     -94.6703     -94.5209     -95.6221
                -94.9324     -95.8984     -95.8517     -95.6358     -94.4576
                -95.2763     -95.1098     -95.7138     -95.2595     -96.1737
                -95.0949     -95.5491     -95.7291     -94.6575     -94.2420
                -95.2333     -95.5095     -95.3554     -95.3272     -94.8613
   3      0     -96.1249     -94.9244     -95.3317     -95.4413     -95.2294
                -95.1737     -95.2460     -95.1325     -95.3684     -95.0799
                -95.2780     -94.8271     -95.2305     -94.9126     -94.6952
                -94.7749     -94.8648     -95.7267     -94.7262     -94.6145
                -95.4135     -95.1658     -94.8683     -95.1993     -96.0939
                -94.6178     -95.5840     -94.7019     -94.5137     -95.6881
                -94.9842     -95.9239     -95.8646     -95.6956     -94.4997
                -95.2716     -95.1262     -95.7438     -95.2653     -96.1613
                -95.1504     -95.6114     -95.7670     -94.7116     -94.2888
                -95.3643     -95.5080     -95.3803     -95.3645     -94.8953
   4      0     -96.0665     -94.9054     -95.2750     -95.3440     -95.1916
                -95.1231     -95.1893     -95.0827     -95.3239     -94.9956
                -95.2179     -94.7535     -95.1528     -94.8177     -94.6428
                -94.7307     -94.7832     -95.6579     -94.7260     -94.4900
                -95.3416     -95.0664     -94.8082     -95.1562     -96.0217
                -94.5466     -95.5735     -94.6744     -94.4387     -95.6598
                -94.9037     -95.8745     -95.8300     -95.6704     -94.4484
                -95.2295     -95.0280     -95.6790     -95.2185     -96.1308
                -95.0938     -95.5286     -95.7070     -94.6429     -94.2551
                -95.2793     -95.4997     -95.3213     -95.3006     -94.8894
   5      0     -96.1593     -94.9643     -95.3974     -95.4411     -95.2424
                -95.1906     -95.2483     -95.2058     -95.3928     -95.0862
                -95.3130     -94.8898     -95.2591     -94.9305     -94.7311
                -94.8327     -94.8785     -95.7903     -94.8177     -94.6453
                -95.4222     -95.1122     -94.9563     -95.2459     -96.0955
                -94.6212     -95.6473     -94.7472     -94.5022     -95.7217
                -95.0377     -95.9870     -95.9251     -95.7751     -94.5584
                -95.3244     -95.1632     -95.7806     -95.3185     -96.2238
                -95.1638     -95.6350     -95.7755     -94.7467     -94.3113
                -95.3496     -95.5516     -95.4463     -95.4081     -94.9576
   5     60     -96.3334     -95.1380     -95.5717     -95.6157     -95.4168
                -95.3655     -95.4220     -95.3796     -95.5672     -95.2600
                -95.4875     -95.0642     -95.4339     -95.1048     -94.9049
                -95.0074     -95.0524     -95.9646     -94.9918     -94.8193
                -95.5965     -95.2868     -95.1301     -95.4205     -96.2689
                -94.7952     -95.8224     -94.9212     -94.6765     -95.8960
                -95.2119     -96.1607     -96.0988     -95.9503     -94.7321
                -95.4984     -95.3369     -95.9548     -95.4929     -96.3974
                -95.3382     -95.8088     -95.9490     -94.9207     -94.4855
                -95.5237     -95.7256     -95.6204     -95.5824     -95.1310
   5     80     -98.3099     -97.1096     -97.5485     -97.5970     -97.3936
                -97.3487     -97.3930     -97.3533     -97.5454     -97.2321
                -97.4637     -97.0407     -97.4117     -97.0810     -96.8774
                -96.9884     -97.0246     -97.9418     -96.9654     -96.7926
                -97.5717     -97.2681     -97.1022     -97.3984     -98.2414
                -96.7698     -97.8049     -96.8957     -96.6500     -97.8705
                -97.1888     -98.1333     -98.0739     -97.9338     -96.7047
                -97.4722     -97.3097     -97.9304     -97.4698     -98.3687
                -97.3156     -97.7821     -97.9199     -96.8933     -96.4617
                -97.4985     -97.7014     -97.5954     -97.5599     -97.1017
   5    100    -104.7093    -103.4993    -103.9506    -104.0066    -103.7916
               -103.7656    -103.7787    -103.7447    -103.9462    -103.6204
               -103.8593    -103.4354    -103.8132    -103.4804    -103.2658
               -103.3959    -103.4119    -104.3453    -103.3530    -103.1817
               -103.9693    -103.6794    -103.4848    -103.7960    -104.6322
               -103.1624    -104.2162    -103.2899    -103.0369    -104.2655
               -103.5888    -104.5243    -104.4767    -104.3499    -103.0914
               -103.8622    -103.7006    -104.3302    -103.8713    -104.7576
               -103.7139    -104.1734    -104.3077    -103.2783    -102.8613
               -103.8919    -104.1016    -103.9900    -103.9663    -103.4897
 
 
 cumulative average & 95% error for solvation free energy
  1   -96.1249
  2   -95.5247     1.2004
  3   -95.4603     0.7049
  4   -95.4556     0.4985
  5   -95.4103     0.3966
  6   -95.3709     0.3333
  7   -95.3531     0.2839
  8   -95.3255     0.2520
  9   -95.3302     0.2225
 10   -95.3052     0.2052
 11   -95.3027     0.1857
 12   -95.2631     0.1871
 13   -95.2606     0.1722
 14   -95.2357     0.1670
 15   -95.1997     0.1713
 16   -95.1732     0.1688
 17   -95.1550     0.1627
 18   -95.1868     0.1660
 19   -95.1625     0.1644
 20   -95.1351     0.1653
 21   -95.1484     0.1594
 22   -95.1492     0.1520
 23   -95.1370     0.1473
 24   -95.1396     0.1411
 25   -95.1777     0.1554
 26   -95.1562     0.1554
 27   -95.1720     0.1528
 28   -95.1553     0.1511
 29   -95.1331     0.1523
 30   -95.1516     0.1517
 31   -95.1462     0.1472
 32   -95.1705     0.1506
 33   -95.1916     0.1519
 34   -95.2064     0.1503
 35   -95.1862     0.1514
 36   -95.1886     0.1472
 37   -95.1869     0.1432
 38   -95.2015     0.1425
 39   -95.2032     0.1388
 40   -95.2271     0.1435
 41   -95.2253     0.1400
 42   -95.2344     0.1379
 43   -95.2468     0.1369
 44   -95.2347     0.1359
 45   -95.2136     0.1394
 46   -95.2169     0.1365
 47   -95.2231     0.1341
 48   -95.2264     0.1314
 49   -95.2292     0.1289
 50   -95.2225     0.1270
 
 Mesh error is    0.057 kcal/mol
