 ERmod 0.3.8, Copyright (C) 2000-2019 Nobuyuki Matubayasi
                            2010-2019 Shun Sakuraba
 ERmod comes with ABSOLUTELY NO WARRANTY.
 This is free software, and you can redistribute it
 and/or modify it under certain conditions.
 See LICENSE file for details.
 
  Number of the   1-th solvent  =          378
  Number of the   2-th solvent  =        10000
 
  Be sure that the solvent distribution is homogeneous (radial distribution function is essentially unity) when the solvent molecule is separated beyond distance of   10.0 Angstrom in any direction from any atom within the solute molecule
 
  LJ long-range correction    =        -1.1319     -7.1533
 
  Self-energy of the solute   =        -0.0023  kcal/mol
 
 
 cumulative average & 95% error for solvation energy
              total             1st component         2nd component
  1  -466.2849              -50.3903             -415.8923
  2  -466.1971     0.1756   -54.8069     8.8331  -411.3879     9.0087
  3  -466.3995     0.4172   -60.0571    11.6733  -406.3401    11.3567
  4  -466.7257     0.7161   -63.9712    11.3760  -402.7523    10.7693
  5  -466.2188     1.1555   -66.1263     9.8095  -400.0903     9.8961
  6  -466.1540     0.9524   -64.9464     8.3498  -401.2053     8.3822
  7  -466.3344     0.8821   -64.2099     7.2090  -402.1223     7.3178
  8  -466.5200     0.8493   -63.6820     6.3318  -402.8357     6.4960
  9  -466.4690     0.7559   -63.5542     5.5900  -402.9125     5.7310
 10  -466.2315     0.8263   -64.6104     5.4278  -401.6188     5.7420
 11  -466.0747     0.8105   -62.7944     6.1071  -403.2781     6.1635
 12  -466.2351     0.8064   -62.4858     5.6090  -403.7470     5.7041
 13  -466.2077     0.7438   -62.1922     5.1929  -404.0133     5.2740
 14  -466.2908     0.7084   -62.0151     4.8207  -404.2734     4.9104
 15  -466.3052     0.6601   -62.4320     4.5646  -403.8709     4.6417
 16  -466.1834     0.6638   -62.5415     4.2754  -403.6396     4.3665
 17  -466.1872     0.6236   -62.7334     4.0343  -403.4516     4.1188
 18  -466.1748     0.5884   -63.0650     3.8610  -403.1075     3.9437
 19  -465.9761     0.6838   -64.3005     4.4095  -401.6734     4.7056
 20  -465.8245     0.7162   -63.2966     4.6401  -402.5256     4.7784
 21  -465.7436     0.7001   -63.3896     4.4175  -402.3517     4.5585
 22  -465.6658     0.6854   -63.1091     4.2492  -402.5545     4.3652
 23  -465.5592     0.6888   -62.8678     4.0888  -402.6892     4.1798
 24  -465.5438     0.6602   -63.1331     3.9505  -402.4084     4.0410
 25  -465.5860     0.6388   -63.4815     3.8528  -402.1023     3.9241
 26  -465.5514     0.6177   -64.0670     3.8824  -401.4821     3.9690
 27  -465.5384     0.5949   -64.1992     3.7452  -401.3369     3.8301
 28  -465.4471     0.6016   -64.0412     3.6228  -401.4036     3.6932
 29  -465.4874     0.5861   -63.8694     3.5125  -401.6158     3.5888
 30  -465.5742     0.5922   -64.6747     3.7562  -400.8972     3.7531
 31  -465.5435     0.5760   -64.9006     3.6610  -400.6406     3.6662
 32  -465.4629     0.5805   -65.1987     3.5946  -400.2619     3.6296
 33  -465.5376     0.5821   -65.0649     3.4942  -400.4704     3.5425
 34  -465.5070     0.5680   -64.7117     3.4627  -400.7930     3.4968
 35  -465.5136     0.5517   -64.4636     3.3987  -401.0477     3.4334
 36  -465.5219     0.5365   -64.3399     3.3122  -401.1797     3.3471
 37  -465.5183     0.5218   -64.2914     3.2229  -401.2247     3.2567
 38  -465.5544     0.5130   -64.5835     3.1909  -400.9686     3.2109
 39  -465.5856     0.5035   -65.1637     3.3175  -400.4197     3.3146
 40  -465.5419     0.4985   -64.7858     3.3207  -400.7539     3.2991
 41  -465.4768     0.5034   -64.5237     3.2808  -400.9508     3.2416
 42  -465.4531     0.4935   -64.4384     3.2063  -401.0124     3.1659
 43  -465.4633     0.4823   -64.5773     3.1431  -400.8837     3.1021
 44  -465.4576     0.4714   -64.6690     3.0763  -400.7864     3.0370
 45  -465.4456     0.4614   -65.0980     3.1272  -400.3453     3.0970
 46  -465.4938     0.4615   -64.8699     3.0923  -400.6216     3.0789
 47  -465.4747     0.4531   -64.8872     3.0260  -400.5852     3.0136
 48  -465.4633     0.4442   -64.6779     2.9917  -400.7831     2.9766
 49  -465.4813     0.4365   -64.3852     2.9879  -401.0938     2.9807
 50  -465.4467     0.4333   -64.1009     2.9823  -401.3435     2.9628
 
 
 group  inft  solvation free energy     error          difference
  total solvation free energy
   1      0        -96.65747           0.20259           0.08325
   1     60        -97.49817           0.20247          -0.75745
   1     80       -100.91417           0.20235          -4.17345
   1    100       -109.51700           0.20390         -12.77628
   2      0        -96.71371           0.20378           0.02702
   3      0        -96.74072           0.20233           0.00000
   4      0        -96.72278           0.20148           0.01794
   5      0        -96.79668           0.20249          -0.05595
   5     60        -97.84347           0.20227          -1.10274
   5     80       -101.84997           0.20228          -5.10924
   5    100       -109.70328           0.20341         -12.96256
 
  contribution from  1-th solvent component
   1      0        -22.92847           1.21524           0.03189
   1     60        -22.95904           1.21529           0.00132
   1     80        -23.09423           1.21545          -0.13386
   1    100        -23.49466           1.21560          -0.53430
   2      0        -22.95077           1.21553           0.00959
   3      0        -22.96036           1.21593           0.00000
   4      0        -22.96419           1.21579          -0.00383
   5      0        -22.96885           1.21568          -0.00849
   5     60        -23.00723           1.21573          -0.04687
   5     80        -23.17114           1.21589          -0.21078
   5    100        -23.54120           1.21603          -0.58084
 
  contribution from  2-th solvent component
   1      0        -73.72673           1.24918           0.05136
   1     60        -74.53686           1.24837          -0.75877
   1     80        -77.81767           1.24612          -4.03958
   1    100        -86.02007           1.24374         -12.24198
   2      0        -73.76066           1.24987           0.01743
   3      0        -73.77809           1.25012           0.00000
   4      0        -73.75632           1.24889           0.02177
   5      0        -73.82555           1.24863          -0.04746
   5     60        -74.83396           1.24755          -1.05587
   5     80        -78.67655           1.24525          -4.89846
   5    100        -86.15981           1.24275         -12.38172
 
 
 group  inft   Estimated free energy: total (kcal/mol)
   1      0     -97.2360     -96.9817     -96.7982     -97.8277     -95.9234
                -97.2706     -97.8290     -97.7395     -97.1292     -96.0829
                -96.8674     -97.6838     -96.7531     -97.5617     -97.1789
                -96.0354     -97.1855     -96.8087     -95.1910     -95.9234
                -96.3526     -95.8477     -95.7851     -96.5841     -97.0295
                -96.2388     -96.8838     -95.3303     -97.1754     -97.4332
                -96.7515     -95.1285     -97.8414     -96.4355     -96.7585
                -96.4249     -96.8220     -97.0181     -96.6504     -96.3579
                -95.5556     -96.5008     -96.9003     -96.3455     -95.6814
                -97.8862     -95.8550     -96.3940     -96.9226     -95.9761
   1     60     -98.0744     -97.8234     -97.6409     -98.6736     -96.7667
                -98.1096     -98.6669     -98.5756     -97.9687     -96.9233
                -97.7005     -98.5225     -97.5947     -98.4001     -98.0189
                -96.8752     -98.0262     -97.6498     -96.0387     -96.7566
                -97.1929     -96.6842     -96.6232     -97.4263     -97.8744
                -97.0845     -97.7254     -96.1695     -98.0159     -98.2819
                -97.5953     -95.9698     -98.6820     -97.2736     -97.5921
                -97.2630     -97.6647     -97.8587     -97.4964     -97.1908
                -96.3950     -97.3437     -97.7407     -97.1894     -96.5305
                -98.7252     -96.7000     -97.2350     -97.7602     -96.8178
   1     80    -101.4897    -101.2406    -101.0715    -102.1070    -100.1922
               -101.5218    -102.0795    -101.9821    -101.3861    -100.3402
               -101.0899    -101.9376    -101.0122    -101.8119    -101.4229
               -100.2847    -101.4388    -101.0645     -99.4717    -100.1497
               -100.6026    -100.0883    -100.0325    -100.8495    -101.3024
               -100.5026    -101.1477     -99.5833    -101.4318    -101.7199
               -101.0169     -99.3875    -102.0993    -100.6846    -100.9929
               -100.6755    -101.0842    -101.2791    -100.9289    -100.5790
                -99.8041    -100.7682    -101.1502    -100.6164     -99.9718
               -102.1313    -100.1336    -100.6452    -101.1722    -100.2323
   1    100    -110.1091    -109.8405    -109.6884    -110.7411    -108.8106
               -110.1258    -110.6817    -110.5758    -109.9968    -108.9405
               -109.6674    -110.5484    -109.6201    -110.4189    -110.0192
               -108.8883    -110.0438    -109.6593    -108.0891    -108.7198
               -109.1781    -108.6643    -108.6100    -109.4724    -109.9298
               -109.0999    -109.7605    -108.1676    -110.0271    -110.3671
               -109.6289    -107.9697    -110.7147    -109.2808    -109.5853
               -109.2559    -109.6974    -109.8778    -109.5456    -109.1469
               -108.3818    -109.3885    -109.7322    -109.2419    -108.6059
               -110.7243    -108.7501    -109.2327    -109.7783    -108.8500
   2      0     -97.2854     -97.0354     -96.8972     -97.8934     -95.9911
                -97.3151     -97.9069     -97.8097     -97.2008     -96.1505
                -96.9422     -97.7544     -96.8162     -97.6447     -97.1989
                -96.0921     -97.2513     -96.9000     -95.2627     -95.9910
                -96.3773     -95.8828     -95.8161     -96.6210     -97.0793
                -96.3051     -96.9653     -95.3984     -97.2104     -97.4866
                -96.8059     -95.1715     -97.8980     -96.4917     -96.8588
                -96.4638     -96.9132     -97.0473     -96.7155     -96.4150
                -95.6125     -96.5729     -96.9018     -96.4064     -95.6811
                -97.9280     -95.9223     -96.4398     -96.9784     -95.9804
   3      0     -97.2951     -97.0398     -96.8883     -97.9210     -96.0053
                -97.3216     -97.9560     -97.8593     -97.1958     -96.1865
                -96.9320     -97.7776     -96.8393     -97.6309     -97.2541
                -96.0852     -97.2487     -96.9470     -95.2422     -96.0493
                -96.4297     -95.9213     -95.8661     -96.6326     -97.0699
                -96.3227     -96.9698     -95.4494     -97.2545     -97.5333
                -96.8026     -95.2442     -97.9464     -96.5261     -96.9236
                -96.4825     -96.9679     -97.0676     -96.7849     -96.4132
                -95.6590     -96.5778     -96.9202     -96.3950     -95.7693
                -97.9186     -95.9364     -96.4739     -97.0459     -96.0567
   4      0     -97.3067     -97.0315     -96.9519     -97.9241     -96.0439
                -97.3425     -97.8896     -97.8400     -97.2256     -96.1880
                -96.9584     -97.7888     -96.8591     -97.6386     -97.1964
                -96.0867     -97.2224     -96.8898     -95.2798     -96.0425
                -96.4154     -95.8857     -95.8139     -96.6450     -97.0551
                -96.3207     -97.0053     -95.4251     -97.1964     -97.4937
                -96.8312     -95.1985     -97.8823     -96.4283     -96.8526
                -96.4382     -96.9054     -97.0605     -96.7261     -96.3840
                -95.6435     -96.5604     -96.8747     -96.3415     -95.7216
                -97.8592     -95.9724     -96.4699     -96.9931     -96.0330
   5      0     -97.3251     -97.0683     -96.9397     -97.9754     -96.0057
                -97.3743     -97.9687     -97.9561     -97.2714     -96.2570
                -96.9875     -97.8181     -96.8924     -97.7198     -97.3165
                -96.1575     -97.2878     -96.9997     -95.3553     -96.1088
                -96.4636     -95.9797     -95.9242     -96.7148     -97.1692
                -96.3856     -97.0158     -95.5187     -97.3407     -97.5579
                -96.8916     -95.3041     -98.0583     -96.5509     -96.9380
                -96.5271     -96.9960     -97.1618     -96.8240     -96.4868
                -95.6566     -96.6408     -97.0141     -96.4668     -95.8192
                -97.9343     -95.9899     -96.4920     -97.1141     -96.1118
   5     60     -98.3689     -98.1152     -97.9905     -99.0289     -97.0559
                -98.4185     -99.0141     -98.9990     -98.3159     -97.3050
                -98.0238     -98.8620     -97.9391     -98.7642     -98.3606
                -97.2027     -98.3337     -98.0473     -96.4136     -97.1469
                -97.5098     -97.0226     -96.9689     -97.7639     -98.2217
                -97.4357     -98.0633     -96.5663     -98.3875     -98.6146
                -97.9415     -96.3542     -99.1050     -97.5936     -97.9780
                -97.5704     -98.0445     -98.2102     -97.8766     -97.5220
                -96.7024     -97.6900     -98.0600     -97.5185     -96.8748
                -98.9769     -97.0424     -97.5383     -98.1573     -97.1569
   5     80    -102.3750    -102.1228    -102.0121    -103.0524    -101.0725
               -102.4178    -103.0165    -102.9983    -102.3196    -101.3104
               -102.0022    -102.8683    -101.9502    -102.7696    -102.3628
               -101.2028    -102.3387    -102.0533    -100.4378    -101.1321
               -101.5069    -101.0167    -100.9642    -101.7750    -102.2404
               -101.4417    -102.0728    -100.5723    -102.3927    -102.6451
               -101.9525    -100.3638    -103.1171    -101.5937    -101.9705
               -101.5700    -102.0551    -102.2226    -101.9038    -101.4970
               -100.7012    -101.7041    -102.0572    -101.5368    -100.9057
               -102.9726    -101.0654    -101.5390    -102.1617    -101.1657
   5    100    -110.2374    -109.9738    -109.8786    -110.9364    -108.9383
               -110.2671    -110.8708    -110.8456    -110.1811    -109.1611
               -109.8281    -110.7247    -109.8080    -110.6252    -110.2179
               -109.0468    -110.1922    -109.9002    -108.3078    -108.9597
               -109.3369    -108.8441    -108.8000    -109.6440    -110.1123
               -109.2924    -109.9342    -108.4168    -110.2386    -110.5345
               -109.8174    -108.2097    -110.9826    -109.4376    -109.8140
               -109.4044    -109.9175    -110.0755    -109.7781    -109.3146
               -108.5381    -109.5739    -109.8923    -109.4084    -108.7830
               -110.8140    -108.9320    -109.3759    -110.0153    -109.0249
 
 group  inft   Estimated free energy: 1-th solvent contribution (kcal/mol)
   1      0     -17.3970     -20.9488     -25.5755     -27.6849     -27.3292
                -20.8534     -21.3484     -21.6279     -22.5755     -27.0476
                -15.0553     -21.1527     -20.5705     -21.4087     -24.9089
                -22.9857     -23.7637     -24.9147     -31.7920     -14.6702
                -23.3113     -19.9473     -19.9204     -25.2262     -25.9124
                -28.9424     -24.5685     -21.0940     -20.8214     -32.6136
                -26.0745     -26.9477     -21.5835     -18.3432     -19.9185
                -21.1013     -22.3782     -27.5373     -32.2350     -17.3613
                -18.4600     -21.6186     -25.5089     -24.8656     -30.8855
                -19.0976     -23.4221     -18.7681     -17.3957     -16.9531
   1     60     -17.4274     -20.9792     -25.6063     -27.7156     -27.3598
                -20.8845     -21.3795     -21.6586     -22.6063     -27.0780
                -15.0859     -21.1826     -20.6012     -21.4391     -24.9397
                -23.0164     -23.7942     -24.9448     -31.8231     -14.7001
                -23.3417     -19.9781     -19.9507     -25.2569     -25.9431
                -28.9736     -24.5994     -21.1241     -20.8517     -32.6447
                -26.1054     -26.9784     -21.6138     -18.3730     -19.9488
                -21.1322     -22.4082     -27.5677     -32.2656     -17.3918
                -18.4903     -21.6491     -25.5396     -24.8964     -30.9159
                -19.1286     -23.4528     -18.7987     -17.4260     -16.9834
   1     80     -17.5621     -21.1138     -25.7430     -27.8518     -27.4949
                -21.0220     -21.5171     -21.7942     -22.7426     -27.2124
                -15.2209     -21.3150     -20.7369     -21.5736     -25.0762
                -23.1521     -23.9291     -25.0777     -31.9600     -14.8326
                -23.4758     -20.1149     -20.0848     -25.3923     -26.0793
                -29.1107     -24.7359     -21.2574     -20.9860     -32.7822
                -26.2419     -27.1140     -21.7479     -18.5051     -20.0835
                -21.2694     -22.5411     -27.7021     -32.4010     -17.5269
                -18.6238     -21.7841     -25.6750     -25.0322     -31.0507
                -19.2653     -23.5888     -18.9341     -17.5600     -17.1172
   1    100     -17.9629     -21.5125     -26.1463     -28.2539     -27.8942
                -21.4262     -21.9222     -22.1963     -23.1451     -27.6107
                -15.6215     -21.7122     -21.1389     -21.9736     -25.4774
                -23.5533     -24.3291     -25.4749     -32.3608     -15.2298
                -23.8745     -20.5167     -20.4824     -25.7942     -26.4816
                -29.5127     -25.1392     -21.6558     -21.3854     -33.1872
                -26.6458     -27.5140     -22.1469     -18.9014     -20.4838
                -21.6712     -22.9387     -28.1011     -32.8011     -17.9276
                -19.0208     -22.1838     -26.0748     -25.4331     -31.4491
                -19.6677     -23.9903     -19.3350     -17.9586     -17.5166
   2      0     -17.4155     -20.9946     -25.5871     -27.7129     -27.3433
                -20.8594     -21.3513     -21.6613     -22.5907     -27.0746
                -15.0732     -21.1868     -20.5968     -21.4407     -24.9403
                -23.0023     -23.8059     -24.9579     -31.8163     -14.6912
                -23.3371     -19.9562     -19.9333     -25.2379     -25.9356
                -28.9529     -24.5877     -21.1263     -20.8484     -32.6293
                -26.0983     -26.9709     -21.6213     -18.3767     -19.9491
                -21.1153     -22.4088     -27.5550     -32.2654     -17.3647
                -18.4944     -21.6507     -25.5188     -24.8839     -30.9131
                -19.0842     -23.4522     -18.7778     -17.4248     -16.9665
   3      0     -17.4319     -21.0043     -25.5944     -27.7250     -27.3466
                -20.8591     -21.3691     -21.6802     -22.6152     -27.0799
                -15.0743     -21.2004     -20.5943     -21.4438     -24.9504
                -23.0160     -23.8127     -24.9584     -31.8198     -14.7031
                -23.3414     -19.9685     -19.9429     -25.2572     -25.9466
                -28.9792     -24.5968     -21.1353     -20.8530     -32.6402
                -26.1079     -26.9864     -21.6362     -18.3786     -19.9679
                -21.1183     -22.4176     -27.5668     -32.2782     -17.3720
                -18.5068     -21.6616     -25.5274     -24.8951     -30.9328
                -19.0802     -23.4518     -18.7882     -17.4299     -16.9743
   4      0     -17.4502     -21.0124     -25.6056     -27.7286     -27.3586
                -20.8495     -21.3455     -21.6738     -22.6105     -27.0995
                -15.0821     -21.1950     -20.6076     -21.4534     -24.9515
                -23.0237     -23.8107     -24.9693     -31.8216     -14.7079
                -23.3409     -19.9607     -19.9460     -25.2575     -25.9415
                -28.9764     -24.6009     -21.1406     -20.8480     -32.6441
                -26.0978     -26.9900     -21.6377     -18.3950     -19.9628
                -21.1328     -22.4258     -27.5714     -32.2851     -17.3689
                -18.5223     -21.6796     -25.5344     -24.8908     -30.9337
                -19.0717     -23.4811     -18.7891     -17.4406     -16.9854
   5      0     -17.4595     -21.0076     -25.6056     -27.7234     -27.3732
                -20.8519     -21.3686     -21.6736     -22.6118     -27.1032
                -15.0884     -21.1987     -20.6105     -21.4610     -24.9407
                -23.0415     -23.8232     -24.9580     -31.8381     -14.7107
                -23.3517     -19.9613     -19.9570     -25.2598     -25.9559
                -28.9859     -24.6046     -21.1430     -20.8538     -32.6411
                -26.0962     -26.9966     -21.6513     -18.3987     -19.9651
                -21.1331     -22.4415     -27.5794     -32.2796     -17.3813
                -18.5234     -21.6778     -25.5490     -24.8931     -30.9404
                -19.0707     -23.4697     -18.8012     -17.4410     -16.9904
   5     60     -17.4977     -21.0458     -25.6444     -27.7621     -27.4116
                -20.8910     -21.4077     -21.7120     -22.6504     -27.1414
                -15.1268     -21.2362     -20.6490     -21.4991     -24.9795
                -23.0799     -23.8615     -24.9956     -31.8772     -14.7481
                -23.3898     -20.0002     -19.9952     -25.2984     -25.9948
                -29.0249     -24.6432     -21.1808     -20.8920     -32.6801
                -26.1349     -27.0351     -21.6894     -18.4361     -20.0032
                -21.1720     -22.4793     -27.6175     -32.3180     -17.4195
                -18.5615     -21.7161     -25.5874     -24.9318     -30.9787
                -19.1095     -23.5084     -18.8396     -17.4790     -17.0284
   5     80     -17.6612     -21.2089     -25.8101     -27.9274     -27.5755
                -21.0576     -21.5743     -21.8764     -22.8154     -27.3045
                -15.2907     -21.3972     -20.8136     -21.6623     -25.1449
                -23.2441     -24.0250     -25.1567     -32.0428     -14.9087
                -23.5525     -20.1660     -20.1580     -25.4628     -26.1600
                -29.1908     -24.8082     -21.3423     -21.0549     -32.8461
                -26.3003     -27.1995     -21.8524     -18.5967     -20.1665
                -21.3378     -22.6412     -27.7806     -32.4819     -17.5832
                -18.7238     -21.8798     -25.7511     -25.0965     -31.1420
                -19.2752     -23.6733     -19.0037     -17.6418     -17.1910
   5    100     -18.0318     -21.5780     -26.1827     -28.2994     -27.9446
                -21.4308     -21.9483     -22.2482     -23.1873     -27.6726
                -15.6610     -21.7642     -21.1849     -22.0320     -25.5162
                -23.6142     -24.3953     -25.5234     -32.4134     -15.2753
                -23.9212     -20.5369     -20.5258     -25.8343     -26.5320
                -29.5623     -25.1803     -21.7103     -21.4236     -33.2194
                -26.6733     -27.5694     -22.2220     -18.9634     -20.5362
                -21.7091     -23.0088     -28.1493     -32.8520     -17.9526
                -19.0916     -22.2499     -26.1199     -25.4669     -31.5103
                -19.6464     -24.0450     -19.3739     -18.0103     -17.5600
 
 group  inft   Estimated free energy: 2-th solvent contribution (kcal/mol)
   1      0     -79.8367     -76.0306     -71.2204     -70.1406     -68.5919
                -76.4150     -76.4783     -76.1093     -74.5515     -69.0330
                -81.8098     -76.5288     -76.1803     -76.1507     -72.2678
                -73.0474     -73.4196     -71.8917     -63.3968     -81.2509
                -73.0391     -75.8981     -75.8624     -71.3556     -71.1148
                -67.2941     -72.3130     -74.2340     -76.3518     -64.8173
                -70.6748     -68.1786     -76.2556     -78.0901     -76.8377
                -75.3213     -74.4415     -69.4785     -64.4131     -78.9944
                -77.0934     -74.8799     -71.3891     -71.4776     -64.7937
                -78.7863     -72.4306     -77.6236     -79.5246     -79.0207
   1     60     -80.6447     -76.8419     -72.0323     -70.9556     -69.4046
                -77.2228     -77.2852     -76.9148     -75.3602     -69.8430
                -82.6123     -77.3377     -76.9912     -76.9587     -73.0769
                -73.8565     -74.2297     -72.7027     -64.2134     -82.0542
                -73.8490     -76.7038     -76.6702     -72.1672     -71.9290
                -68.1087     -73.1237     -75.0431     -77.1620     -65.6349
                -71.4876     -68.9891     -77.0659     -78.8984     -77.6410
                -76.1285     -75.2542     -70.2888     -65.2285     -79.7967
                -77.9024     -75.6923     -72.1988     -72.2908     -65.6123
                -79.5944     -73.2449     -78.4340     -80.3320     -79.8322
   1     80     -83.9253     -80.1246     -75.3263     -74.2529     -72.6950
                -80.4976     -80.5602     -80.1856     -78.6412     -73.1255
                -85.8667     -80.6203     -80.2731     -80.2361     -76.3445
                -77.1304     -77.5074     -75.9845     -67.5095     -85.3149
                -77.1245     -79.9711     -79.9454     -75.4549     -75.2208
                -71.3896     -76.4095     -78.3237     -80.4435     -68.9354
                -74.7728     -72.2712     -80.3491     -82.1773     -80.9072
                -79.4039     -78.5409     -73.5747     -68.5256     -83.0499
                -81.1780     -78.9819     -75.4728     -75.5819     -68.9189
                -82.8637     -76.5426     -81.7089     -83.6099     -83.1128
   1    100     -92.1439     -88.3257     -83.5399     -82.4850     -80.9141
                -88.6973     -88.7572     -88.3773     -86.8495     -81.3275
                -94.0437     -88.8339     -88.4789     -88.4430     -84.5395
                -85.3327     -85.7124     -84.1822     -75.7260     -93.4877
                -85.3013     -88.1453     -88.1253     -83.6759     -83.4459
                -79.5850     -84.6190     -86.5096     -88.6395     -77.1776
                -82.9808     -80.4535     -88.5655     -90.3772     -89.0992
                -87.5824     -86.7564     -81.7744     -76.7423     -91.2171
                -89.3587     -87.2024     -83.6551     -83.8065     -77.1545
                -91.0543     -84.7575     -89.8954     -91.8174     -91.3311
   2      0     -79.8676     -76.0385     -71.3078     -70.1783     -68.6455
                -76.4534     -76.5533     -76.1461     -74.6079     -69.0736
                -81.8667     -76.5653     -76.2171     -76.2018     -72.2563
                -73.0875     -73.4431     -71.9398     -63.4441     -81.2975
                -73.0379     -75.9243     -75.8805     -71.3808     -71.1415
                -67.3500     -72.3753     -74.2698     -76.3598     -64.8550
                -70.7053     -68.1984     -76.2745     -78.1128     -76.9074
                -75.3462     -74.5021     -69.4900     -64.4478     -79.0481
                -77.1158     -74.9199     -71.3807     -71.5203     -64.7657
                -78.8415     -72.4678     -77.6597     -79.5513     -79.0117
   3      0     -79.8609     -76.0332     -71.2916     -70.1937     -68.6565
                -76.4602     -76.5847     -76.1768     -74.5783     -69.1044
                -81.8555     -76.5749     -76.2427     -76.1849     -72.3015
                -73.0670     -73.4338     -71.9863     -63.4201     -81.3439
                -73.0860     -75.9505     -75.9209     -71.3731     -71.1210
                -67.3413     -72.3708     -74.3118     -76.3993     -64.8908
                -70.6924     -68.2556     -76.3079     -78.1452     -76.9534
                -75.3619     -74.5480     -69.4985     -64.5044     -79.0389
                -77.1499     -74.9138     -71.3905     -71.4976     -64.8342
                -78.8361     -72.4823     -77.6835     -79.6137     -79.0801
   4      0     -79.8542     -76.0169     -71.3440     -70.1932     -68.6830
                -76.4907     -76.5418     -76.1640     -74.6128     -69.0862
                -81.8740     -76.5916     -76.2493     -76.1830     -72.2427
                -73.0608     -73.4095     -71.9182     -63.4559     -81.3323
                -73.0723     -75.9227     -75.8657     -71.3853     -71.1114
                -67.3420     -72.4022     -74.2822     -76.3461     -64.8473
                -70.7311     -68.2062     -76.2423     -78.0310     -76.8875
                -75.3031     -74.4773     -69.4868     -64.4388     -79.0129
                -77.1189     -74.8786     -71.3380     -71.4484     -64.7856
                -78.7852     -72.4891     -77.6786     -79.5502     -79.0453
   5      0     -79.8634     -76.0584     -71.3319     -70.2498     -68.6302
                -76.5201     -76.5979     -76.2802     -74.6574     -69.1515
                -81.8968     -76.6172     -76.2796     -76.2565     -72.3735
                -73.1138     -73.4624     -72.0395     -63.5149     -81.3959
                -73.1097     -76.0161     -75.9649     -71.4527     -71.2110
                -67.3975     -72.4089     -74.3734     -76.4846     -64.9145
                -70.7931     -68.3053     -76.4047     -78.1499     -76.9707
                -75.3917     -74.5522     -69.5801     -64.5421     -79.1032
                -77.1309     -74.9607     -71.4629     -71.5715     -64.8766
                -78.8613     -72.5179     -77.6886     -79.6708     -79.1191
   5     60     -80.8690     -77.0671     -72.3439     -71.2645     -69.6420
                -77.5252     -77.6042     -77.2847     -75.6633     -70.1613
                -82.8947     -77.6236     -77.2878     -77.2629     -73.3788
                -74.1205     -74.4700     -73.0495     -64.5341     -82.3965
                -74.1178     -77.0201     -76.9714     -72.4633     -72.2247
                -68.4086     -73.4178     -75.3832     -77.4932     -65.9322
                -71.8043     -69.3168     -77.4133     -79.1552     -77.9725
                -76.3962     -75.5629     -70.5904     -65.5564     -80.1002
                -78.1387     -75.9716     -72.4704     -72.5844     -65.8939
                -79.8651     -73.5317     -78.6964     -80.6760     -80.1262
   5     80     -84.7115     -80.9116     -76.1998     -75.1227     -73.4947
                -81.3579     -81.4399     -81.1196     -79.5020     -74.0036
                -86.7092     -81.4688     -81.1343     -81.1050     -77.2156
                -77.9564     -78.3114     -76.8944     -68.3928     -86.2211
                -77.9521     -80.8484     -80.8040     -76.3100     -76.0781
                -72.2487     -77.2623     -79.2277     -81.3356     -69.7967
                -75.6499     -73.1620     -81.2624     -82.9948     -81.8017
                -80.2300     -79.4117     -74.4398     -69.4196     -83.9115
                -81.9751     -79.8220     -76.3038     -76.4380     -69.7614
                -83.6951     -77.3898     -82.5330     -84.5176     -83.9725
   5    100     -92.2033     -88.3935     -83.6937     -82.6347     -80.9914
                -88.8341     -88.9203     -88.5952     -86.9916     -81.4862
                -94.1649     -88.9583     -88.6209     -88.5909     -84.6994
                -85.4304     -85.7946     -84.3745     -75.8922     -93.6822
                -85.4135     -88.3049     -88.2719     -83.8074     -83.5780
                -79.7278     -84.7516     -86.7042     -88.8127     -77.3128
                -83.1418     -80.6380     -88.7584     -90.4719     -89.2755
                -87.6930     -86.9063     -81.9239     -76.9238     -91.3598
                -89.4442     -87.3217     -83.7701     -83.9393     -77.2704
                -91.1653     -84.8848     -89.9997     -92.0028     -91.4627
 
 
 cumulative average & 95% error for solvation free energy
              total             1st component         2nd component
  1   -97.2951              -17.4319              -79.8609
  2   -97.1675     0.2553   -19.2181     3.5724   -77.9471     3.8277
  3   -97.0744     0.2374   -21.3436     4.7248   -75.7286     4.9569
  4   -97.2861     0.4554   -22.9389     4.6198   -74.3449     4.4659
  5   -97.0299     0.6220   -23.8204     3.9892   -73.2072     4.1405
  6   -97.0785     0.5171   -23.3269     3.4035   -73.7494     3.5503
  7   -97.2039     0.5038   -23.0472     2.9304   -74.1544     3.1080
  8   -97.2858     0.4661   -22.8763     2.5607   -74.4072     2.7387
  9   -97.2758     0.4115   -22.8473     2.2590   -74.4262     2.4156
 10   -97.1669     0.4277   -23.2706     2.1907   -73.8940     2.4085
 11   -97.1455     0.3892   -22.5255     2.4794   -74.6178     2.6156
 12   -97.1982     0.3706   -22.4150     2.2741   -74.7809     2.4099
 13   -97.1706     0.3454   -22.2750     2.1106   -74.8933     2.2282
 14   -97.2035     0.3264   -22.2156     1.9576   -74.9856     2.0711
 15   -97.2069     0.3040   -22.3979     1.8585   -74.8067     1.9611
 16   -97.1368     0.3170   -22.4366     1.7402   -74.6979     1.8472
 17   -97.1433     0.2981   -22.5175     1.6427   -74.6236     1.7415
 18   -97.1324     0.2819   -22.6531     1.5723   -74.4770     1.6679
 19   -97.0329     0.3327   -23.1356     1.7728   -73.8951     1.9605
 20   -96.9838     0.3306   -22.7139     1.8814   -74.2675     2.0035
 21   -96.9574     0.3188   -22.7438     1.7906   -74.2113     1.9091
 22   -96.9103     0.3183   -22.6177     1.7258   -74.2903     1.8271
 23   -96.8649     0.3174   -22.5014     1.6654   -74.3612     1.7516
 24   -96.8552     0.3045   -22.6162     1.6109   -74.2367     1.6954
 25   -96.8638     0.2926   -22.7494     1.5679   -74.1121     1.6452
 26   -96.8430     0.2841   -22.9890     1.5808   -73.8517     1.6642
 27   -96.8477     0.2736   -23.0486     1.5258   -73.7968     1.6051
 28   -96.7977     0.2819   -22.9802     1.4766   -73.8152     1.5472
 29   -96.8135     0.2738   -22.9069     1.4323   -73.9043     1.5035
 30   -96.8375     0.2689   -23.2313     1.5284   -73.6039     1.5719
 31   -96.8364     0.2601   -23.3241     1.4898   -73.5100     1.5319
 32   -96.7866     0.2707   -23.4386     1.4606   -73.3458     1.5192
 33   -96.8217     0.2717   -23.3840     1.4198   -73.4355     1.4833
 34   -96.8131     0.2641   -23.2367     1.4086   -73.5740     1.4655
 35   -96.8162     0.2565   -23.1433     1.3804   -73.6706     1.4360
 36   -96.8069     0.2500   -23.0871     1.3462   -73.7176     1.3987
 37   -96.8113     0.2433   -23.0690     1.3098   -73.7400     1.3611
 38   -96.8180     0.2372   -23.1874     1.2967   -73.6284     1.3435
 39   -96.8172     0.2311   -23.4205     1.3463   -73.3945     1.3897
 40   -96.8071     0.2261   -23.2692     1.3466   -73.5356     1.3836
 41   -96.7791     0.2275   -23.1531     1.3337   -73.6237     1.3609
 42   -96.7743     0.2222   -23.1176     1.3035   -73.6544     1.3296
 43   -96.7777     0.2171   -23.1736     1.2778   -73.6018     1.3025
 44   -96.7690     0.2128   -23.2127     1.2509   -73.5540     1.2762
 45   -96.7468     0.2127   -23.3843     1.2700   -73.3602     1.3063
 46   -96.7722     0.2142   -23.2907     1.2561   -73.4792     1.2996
 47   -96.7545     0.2126   -23.2942     1.2291   -73.4580     1.2723
 48   -96.7486     0.2085   -23.2003     1.2178   -73.5461     1.2579
 49   -96.7547     0.2045   -23.0825     1.2157   -73.6699     1.2566
 50   -96.7407     0.2023   -22.9604     1.2159   -73.7781     1.2501
 
 Mesh error is    0.083 kcal/mol
