 ERmod 0.3.8, Copyright (C) 2000-2019 Nobuyuki Matubayasi
                            2010-2019 Shun Sakuraba
 ERmod comes with ABSOLUTELY NO WARRANTY.
 This is free software, and you can redistribute it
 and/or modify it under certain conditions.
 See LICENSE file for details.
 
  Number of the   1-th solvent  =        10000
 
  Be sure that the solvent distribution is homogeneous (radial distribution function is essentially unity) when the solvent molecule is separated beyond distance of   10.0 Angstrom in any direction from any atom within the solute molecule
 
  LJ long-range correction    =        -7.8240
 
  Self-energy of the solute   =        -0.0011  kcal/mol
 
 
 cumulative average & 95% error for solvation energy
  1  -466.3316
  2  -465.6402     1.3828
  3  -465.2979     1.0517
  4  -465.1752     0.7831
  5  -465.1016     0.6242
  6  -465.2478     0.5876
  7  -464.9516     0.7732
  8  -464.9332     0.6706
  9  -464.8460     0.6166
 10  -464.8199     0.5540
 11  -464.8878     0.5192
 12  -464.9228     0.4791
 13  -465.1056     0.5725
 14  -465.0379     0.5470
 15  -464.9803     0.5222
 16  -464.8837     0.5252
 17  -464.9241     0.4999
 18  -464.9333     0.4717
 19  -464.9132     0.4480
 20  -464.8724     0.4328
 21  -464.8495     0.4142
 22  -464.8611     0.3956
 23  -464.9011     0.3864
 24  -464.8852     0.3713
 25  -464.8875     0.3561
 26  -464.8951     0.3425
 27  -464.8811     0.3308
 28  -464.8757     0.3189
 29  -464.8470     0.3131
 30  -464.9216     0.3373
 31  -464.9012     0.3287
 32  -464.9151     0.3195
 33  -464.9309     0.3113
 34  -464.9196     0.3028
 35  -464.9123     0.2944
 36  -464.9115     0.2861
 37  -464.9308     0.2809
 38  -464.9610     0.2801
 39  -464.9269     0.2812
 40  -464.9081     0.2767
 41  -464.8990     0.2704
 42  -464.9042     0.2641
 43  -464.9339     0.2647
 44  -464.9359     0.2586
 45  -464.9630     0.2586
 46  -464.9570     0.2532
 47  -464.9476     0.2484
 48  -464.9562     0.2438
 49  -464.9606     0.2389
 50  -464.9822     0.2380
 
 
 group  inft  solvation free energy     error          difference
   1      0        -92.03731           0.11627           0.03488
   1     60        -92.16593           0.11626          -0.09374
   1     80        -93.77882           0.11629          -1.70663
   1    100       -100.96835           0.11726          -8.89616
   2      0        -92.05866           0.11458           0.01354
   3      0        -92.07219           0.11537           0.00000
   4      0        -92.07586           0.11406          -0.00367
   5      0        -92.14230           0.11430          -0.07011
   5     60        -92.32744           0.11429          -0.25525
   5     80        -94.42119           0.11437          -2.34900
   5    100       -101.09587           0.11517          -9.02368
 
 
 group  inft   Estimated free energy (kcal/mol)
   1      0     -92.6974     -92.2509     -91.9777     -91.8863     -92.1624
                -92.5705     -90.9007     -92.1905     -91.6181     -91.6716
                -92.2210     -92.1161     -92.9651     -91.6556     -91.5992
                -91.3948     -92.5695     -92.3033     -92.0352     -91.7857
                -91.5399     -92.1047     -92.5301     -91.8205     -92.0032
                -92.1615     -91.4604     -92.0195     -91.6878     -92.7953
                -91.5598     -91.9269     -92.2741     -91.6236     -92.1714
                -91.9714     -92.4537     -92.4693     -91.5855     -91.6685
                -91.6382     -91.9801     -92.5690     -92.2428     -92.5011
                -92.0482     -91.9468     -92.3343     -91.7927     -92.4135
   1     60     -92.8261     -92.3794     -92.1060     -92.0149     -92.2910
                -92.6992     -91.0293     -92.3187     -91.7467     -91.8004
                -92.3496     -92.2446     -93.0936     -91.7842     -91.7282
                -91.5238     -92.6980     -92.4322     -92.1639     -91.9140
                -91.6688     -92.2332     -92.6581     -91.9492     -92.1312
                -92.2898     -91.5893     -92.1482     -91.8164     -92.9241
                -91.6885     -92.0560     -92.4028     -91.7525     -92.2994
                -92.1001     -92.5820     -92.5983     -91.7140     -91.7966
                -91.7671     -92.1091     -92.6979     -92.3712     -92.6303
                -92.1769     -92.0751     -92.4628     -91.9214     -92.5424
   1     80     -94.4397     -93.9905     -93.7165     -93.6265     -93.9044
                -94.3133     -92.6447     -93.9256     -93.3581     -93.4155
                -93.9625     -93.8572     -94.7088     -93.3962     -93.3429
                -93.1396     -94.3094     -94.0477     -93.7784     -93.5223
                -93.2839     -93.8424     -94.2677     -93.5621     -93.7413
                -93.8989     -93.2039     -93.7606     -93.4279     -94.5404
                -93.3012     -93.6733     -94.0183     -93.3667     -93.9091
                -93.7120     -94.1915     -94.2139     -93.3259     -93.4065
                -93.3819     -93.7259     -94.3147     -93.9816     -94.2481
                -93.7869     -93.6849     -94.0757     -93.5346     -94.1596
   1    100    -101.6333    -101.1799    -100.8980    -100.8153    -101.0962
               -101.5096     -99.8315    -101.0946    -100.5355    -100.6115
               -101.1528    -101.0443    -101.9098    -100.5827    -100.5409
               -100.3313    -101.5033    -101.2526    -100.9733    -100.6974
               -100.4745    -101.0210    -101.4499    -100.7529    -100.9167
               -101.0792    -100.3956    -100.9493    -100.6065    -101.7412
               -100.4804    -100.8794    -101.2182    -100.5621    -101.0875
               -100.8971    -101.3695    -101.4139    -100.5105    -100.5788
               -100.5752    -100.9271    -101.5216    -101.1660    -101.4568
               -100.9688    -100.8672    -101.2691    -100.7208    -101.3668
   2      0     -92.6859     -92.2424     -92.0552     -91.9277     -92.1748
                -92.5648     -90.8760     -92.1960     -91.5926     -91.7366
                -92.2424     -92.1316     -92.9554     -91.6675     -91.5846
                -91.4804     -92.5868     -92.2592     -92.0743     -91.8370
                -91.5689     -92.1885     -92.5224     -91.8529     -92.0442
                -92.2138     -91.4567     -92.0360     -91.7066     -92.8077
                -91.6181     -91.9236     -92.2334     -91.7041     -92.1513
                -92.0126     -92.5588     -92.4995     -91.5466     -91.7253
                -91.7088     -92.0605     -92.5486     -92.2943     -92.4485
                -92.0694     -91.9517     -92.4001     -91.8049     -92.4038
   3      0     -92.7015     -92.2406     -92.1087     -91.9681     -92.1996
                -92.5742     -90.8981     -92.2786     -91.6253     -91.7395
                -92.2635     -92.1463     -92.9970     -91.7096     -91.6574
                -91.4437     -92.5931     -92.2383     -92.0645     -91.8624
                -91.5264     -92.2065     -92.5682     -91.8404     -92.0812
                -92.2183     -91.5150     -91.9846     -91.7003     -92.7750
                -91.6256     -91.9981     -92.2087     -91.6290     -92.2590
                -92.0038     -92.5689     -92.5373     -91.6034     -91.7292
                -91.6690     -92.0230     -92.5982     -92.3182     -92.4444
                -92.1388     -91.9338     -92.3492     -91.8206     -92.4254
   4      0     -92.7175     -92.2885     -92.1307     -91.9058     -92.1899
                -92.5652     -90.9166     -92.2607     -91.5796     -91.8016
                -92.3294     -92.1017     -92.9758     -91.6666     -91.6448
                -91.4908     -92.5932     -92.2525     -92.0349     -91.8591
                -91.5108     -92.2121     -92.5959     -91.9147     -92.0954
                -92.2300     -91.4873     -92.0453     -91.6948     -92.7178
                -91.6418     -91.9896     -92.1956     -91.7154     -92.1818
                -92.0473     -92.5738     -92.4923     -91.5721     -91.7224
                -91.7454     -92.1092     -92.5846     -92.3070     -92.4817
                -92.0892     -91.9640     -92.4103     -91.7778     -92.3831
   5      0     -92.8269     -92.2690     -92.2175     -92.0228     -92.2929
                -92.5929     -90.9419     -92.3217     -91.7161     -91.7797
                -92.3807     -92.2152     -93.0612     -91.7655     -91.7339
                -91.5322     -92.6868     -92.3606     -92.0972     -91.9416
                -91.6953     -92.2332     -92.6789     -91.8671     -92.1049
                -92.2883     -91.5677     -92.0285     -91.8188     -92.8214
                -91.6929     -92.0510     -92.2501     -91.7717     -92.2880
                -92.0721     -92.5627     -92.6071     -91.6975     -91.7761
                -91.7769     -92.1215     -92.6793     -92.3879     -92.5425
                -92.2253     -92.0047     -92.3889     -91.8911     -92.4673
   5     60     -93.0122     -92.4539     -92.4023     -92.2079     -92.4779
                -92.7781     -91.1273     -92.5062     -91.9009     -91.9651
                -92.5659     -92.4001     -93.2465     -91.9506     -91.9194
                -91.7177     -92.8717     -92.5460     -92.2825     -92.1264
                -91.8810     -92.4181     -92.8634     -92.0522     -92.2895
                -92.4731     -91.7532     -92.2137     -92.0037     -93.0070
                -91.8780     -92.2367     -92.4354     -91.9570     -92.4727
                -92.2572     -92.7475     -92.7925     -91.8825     -91.9608
                -91.9624     -92.3071     -92.8649     -92.5727     -92.7283
                -92.4104     -92.1894     -92.5737     -92.0766     -92.6529
   5     80     -95.1068     -94.5456     -94.4945     -94.3006     -94.5721
                -94.8731     -93.2232     -94.5924     -93.9921     -94.0618
                -94.6591     -94.4925     -95.3438     -94.0430     -94.0161
                -93.8140     -94.9640     -94.6423     -94.3775     -94.2162
                -93.9776     -94.5077     -94.9525     -94.1452     -94.3800
                -94.5636     -93.8491     -94.3060     -94.0949     -95.1052
                -93.9698     -94.3362     -94.5310     -94.0522     -94.5620
                -94.3503     -94.8383     -94.8903     -93.9743     -94.0502
                -94.0585     -94.4053     -94.9649     -94.6646     -94.8276
                -94.5020     -94.2795     -94.6678     -94.1705     -94.7517
   5    100    -101.7863    -101.2170    -101.1688    -100.9754    -101.2513
               -101.5507     -99.8934    -101.2514    -100.6529    -100.7429
               -101.3346    -101.1625    -102.0286    -100.7137    -100.6985
               -100.4926    -101.6408    -101.3260    -101.0545    -100.8823
               -100.6539    -101.1754    -101.6201    -100.8185    -101.0445
               -101.2311    -100.5263    -100.9773    -100.7612    -101.7900
               -100.6345    -101.0257    -101.2101    -100.7309    -101.2271
               -101.0231    -101.5069    -101.5751    -100.6466    -100.7110
               -100.7369    -101.0904    -101.6575    -101.3371    -101.5147
               -101.1733    -100.9451    -101.3437    -100.8405    -101.4413
 
 
 cumulative average & 95% error for solvation free energy
  1   -92.7015
  2   -92.4710     0.4609
  3   -92.3503     0.3594
  4   -92.2547     0.3179
  5   -92.2437     0.2473
  6   -92.2988     0.2300
  7   -92.0987     0.4449
  8   -92.1212     0.3879
  9   -92.0661     0.3594
 10   -92.0334     0.3280
 11   -92.0543     0.2997
 12   -92.0620     0.2740
 13   -92.1339     0.2902
 14   -92.1036     0.2754
 15   -92.0739     0.2632
 16   -92.0345     0.2585
 17   -92.0673     0.2516
 18   -92.0768     0.2379
 19   -92.0762     0.2251
 20   -92.0655     0.2146
 21   -92.0398     0.2105
 22   -92.0474     0.2012
 23   -92.0700     0.1976
 24   -92.0605     0.1901
 25   -92.0613     0.1824
 26   -92.0674     0.1756
 27   -92.0469     0.1739
 28   -92.0447     0.1676
 29   -92.0328     0.1635
 30   -92.0575     0.1655
 31   -92.0436     0.1625
 32   -92.0422     0.1573
 33   -92.0472     0.1528
 34   -92.0349     0.1503
 35   -92.0413     0.1465
 36   -92.0403     0.1424
 37   -92.0546     0.1414
 38   -92.0673     0.1399
 39   -92.0554     0.1384
 40   -92.0472     0.1359
 41   -92.0380     0.1338
 42   -92.0376     0.1306
 43   -92.0507     0.1301
 44   -92.0568     0.1277
 45   -92.0654     0.1260
 46   -92.0670     0.1233
 47   -92.0641     0.1208
 48   -92.0701     0.1188
 49   -92.0650     0.1168
 50   -92.0722     0.1154
 
 Mesh error is    0.070 kcal/mol
