 ERmod 0.3.8, Copyright (C) 2000-2019 Nobuyuki Matubayasi
                            2010-2019 Shun Sakuraba
 ERmod comes with ABSOLUTELY NO WARRANTY.
 This is free software, and you can redistribute it
 and/or modify it under certain conditions.
 See LICENSE file for details.
 
  Number of the   1-th solvent  =         1472
  Number of the   2-th solvent  =        10000
 
  Be sure that the solvent distribution is homogeneous (radial distribution function is essentially unity) when the solvent molecule is separated beyond distance of   10.0 Angstrom in any direction from any atom within the solute molecule
 
  LJ long-range correction    =        -3.5283     -5.7260
 
  Self-energy of the solute   =         0.0017  kcal/mol
 
 
 cumulative average & 95% error for solvation energy
              total             1st component         2nd component
  1  -491.4660             -158.2934             -333.1743
  2  -489.8248     3.2824  -153.7656     9.0556  -336.0609     5.7732
  3  -488.6589     3.0048  -149.5171     9.9767  -339.1435     7.0085
  4  -488.9135     2.1849  -149.2061     7.0820  -339.7091     5.0833
  5  -488.7211     1.7356  -151.2379     6.8269  -337.4849     5.9408
  6  -487.5415     2.7521  -154.1182     8.0159  -333.4250     9.4583
  7  -487.3691     2.3514  -158.8574    11.6506  -328.5135    12.6646
  8  -487.5368     2.0638  -164.7371    15.4947  -322.8015    15.8367
  9  -487.4828     1.8233  -167.7455    14.9310  -319.7390    15.2507
 10  -488.1587     2.1182  -167.9582    13.3615  -320.2022    13.6720
 11  -488.3690     1.9616  -167.0542    12.2204  -321.3165    12.5660
 12  -488.5331     1.8206  -164.3553    12.3929  -324.1795    12.8209
 13  -488.7441     1.7270  -161.2814    12.9519  -327.4644    13.4999
 14  -488.4867     1.6797  -158.4384    13.2710  -330.0501    13.5261
 15  -488.5822     1.5753  -157.5080    12.4940  -331.0759    12.7582
 16  -488.7587     1.5152  -157.8135    11.7030  -330.9469    11.9370
 17  -488.6832     1.4313  -157.5869    11.0024  -331.0981    11.2169
 18  -488.7335     1.3532  -156.5348    10.5844  -332.2004    10.8027
 19  -488.6776     1.2848  -155.6569    10.1646  -333.0225    10.3498
 20  -488.8563     1.2702  -155.7627     9.6454  -333.0953     9.8198
 21  -488.7978     1.2139  -156.9442     9.4740  -331.8553     9.6641
 22  -488.6211     1.2101  -157.7095     9.1619  -330.9133     9.4050
 23  -488.2578     1.3657  -158.9198     9.0829  -329.3397     9.5219
 24  -488.2339     1.3084  -159.2618     8.7231  -328.9739     9.1458
 25  -488.1385     1.2694  -159.8284     8.4433  -328.3118     8.8718
 26  -487.8238     1.3724  -161.4774     8.7568  -326.3482     9.3849
 27  -487.6892     1.3478  -162.5942     8.7172  -325.0968     9.3711
 28  -487.5510     1.3279  -163.8221     8.7518  -323.7306     9.4345
 29  -487.3811     1.3255  -164.6952     8.6232  -322.6877     9.3393
 30  -487.3663     1.2809  -165.2321     8.3998  -322.1359     9.0899
 31  -487.3262     1.2415  -166.4555     8.4847  -320.8725     9.1477
 32  -487.3912     1.2091  -168.1168     8.8618  -319.2761     9.4151
 33  -487.2783     1.1934  -169.5601     9.0611  -317.7199     9.6415
 34  -487.3038     1.1589  -169.9670     8.8282  -317.3385     9.3846
 35  -487.4621     1.1690  -170.1503     8.5801  -317.3135     9.1127
 36  -487.5298     1.1441  -171.1177     8.5599  -316.4138     9.0369
 37  -487.5952     1.1204  -171.6085     8.3830  -315.9884     8.8304
 38  -487.5285     1.0986  -171.7258     8.1627  -315.8044     8.6027
 39  -487.4086     1.0966  -171.7953     7.9519  -315.6150     8.3878
 40  -487.1461     1.1909  -172.1593     7.7847  -314.9885     8.2709
 41  -487.1289     1.1620  -172.4342     7.6123  -314.6964     8.0877
 42  -487.0200     1.1547  -172.8597     7.4774  -314.1621     7.9648
 43  -487.0184     1.1275  -172.7632     7.3040  -314.2569     7.7797
 44  -487.0330     1.1020  -173.2015     7.1897  -313.8333     7.6479
 45  -486.9657     1.0856  -173.7180     7.1036  -313.2495     7.5667
 46  -486.8650     1.0807  -173.2930     6.9993  -313.5737     7.4287
 47  -486.7174     1.0979  -173.3704     6.8505  -313.3488     7.2829
 48  -486.6967     1.0755  -173.6902     6.7367  -313.0082     7.1620
 49  -486.4859     1.1346  -174.8820     7.0151  -311.6056     7.5544
 50  -486.4942     1.1118  -175.5565     7.0046  -310.9394     7.5208
 
 
 group  inft  solvation free energy     error          difference
  total solvation free energy
   1      0       -116.97254           0.51597           0.06152
   1     60       -118.59091           0.51441          -1.55685
   1     80       -122.98779           0.51215          -5.95373
   1    100       -130.60540           0.51420         -13.57134
   2      0       -117.04615           0.51512          -0.01208
   3      0       -117.03406           0.51858           0.00000
   4      0       -117.06203           0.51637          -0.02797
   5      0       -117.13837           0.51515          -0.10431
   5     60       -119.11596           0.51300          -2.08190
   5     80       -123.95032           0.51231          -6.91626
   5    100       -130.79321           0.51495         -13.75915
 
  contribution from  1-th solvent component
   1      0        -61.50847           2.80525           0.02649
   1     60        -61.75053           2.80565          -0.21556
   1     80        -62.41661           2.80643          -0.88165
   1    100        -63.65074           2.80640          -2.11578
   2      0        -61.53066           2.80388           0.00430
   3      0        -61.53496           2.80358           0.00000
   4      0        -61.54344           2.80295          -0.00848
   5      0        -61.55928           2.80335          -0.02432
   5     60        -61.85614           2.80388          -0.32118
   5     80        -62.59498           2.80445          -1.06002
   5    100        -63.71135           2.80422          -2.17638
 
  contribution from  2-th solvent component
   1      0        -55.46581           3.15163           0.03503
   1     60        -56.84212           3.14937          -1.34128
   1     80        -60.57292           3.14517          -5.07209
   1    100        -66.95639           3.14378         -11.45556
   2      0        -55.51722           3.14852          -0.01638
   3      0        -55.50084           3.15208           0.00000
   4      0        -55.52034           3.14869          -0.01950
   5      0        -55.58083           3.14732          -0.07999
   5     60        -57.26156           3.14416          -1.76072
   5     80        -61.35708           3.14143          -5.85624
   5    100        -67.08361           3.14119         -11.58277
 
 
 group  inft   Estimated free energy: total (kcal/mol)
   1      0    -118.9667    -118.0357    -117.4750    -118.5551    -117.9040
               -115.0858    -116.5925    -117.3975    -117.0785    -120.5816
               -118.7984    -118.7579    -119.3043    -117.6323    -118.8794
               -119.9928    -117.5590    -118.9633    -118.1970    -119.7132
               -117.2243    -115.9595    -114.2558    -117.5913    -117.1107
               -114.0471    -116.2980    -115.8107    -114.9637    -116.0808
               -115.4642    -116.2632    -114.1619    -116.3939    -118.6672
               -117.1759    -117.7823    -116.8056    -116.3624    -113.3406
               -117.8853    -116.6134    -118.6874    -117.9411    -116.1005
               -115.6633    -114.8577    -116.5158    -111.1681    -115.9650
   1     60    -120.5866    -119.6402    -119.0799    -120.1693    -119.5258
               -116.6989    -118.2066    -119.0205    -118.7038    -122.1957
               -120.4072    -120.3562    -120.9008    -119.2176    -120.4769
               -121.6052    -119.1646    -120.5663    -119.8119    -121.3344
               -118.8469    -117.5789    -115.8745    -119.2097    -118.7292
               -115.6836    -117.9229    -117.4360    -116.5937    -117.7086
               -117.0961    -117.9018    -115.7961    -118.0232    -120.2954
               -118.8067    -119.4123    -118.4209    -117.9830    -114.9626
               -119.5093    -118.2249    -120.2965    -119.5659    -117.7196
               -117.2762    -116.4719    -118.1371    -112.8018    -117.5914
   1     80    -124.9938    -124.0114    -123.4593    -124.5616    -123.9187
               -121.0972    -122.5947    -123.4464    -123.1141    -126.5927
               -124.7941    -124.7166    -125.2525    -123.5512    -124.8357
               -125.9901    -123.5367    -124.9331    -124.1878    -125.7565
               -123.2489    -121.9732    -120.2688    -123.5992    -123.1159
               -120.0993    -122.3351    -121.8324    -120.9966    -122.1199
               -121.5281    -122.3173    -120.2245    -122.4482    -124.7206
               -123.2475    -123.8445    -122.8204    -122.3641    -119.3683
               -123.9111    -122.6046    -124.6485    -123.9809    -122.1447
               -121.6595    -120.8617    -122.5435    -117.2164    -122.0019
   1    100    -132.6282    -131.6118    -131.0677    -132.1717    -131.5375
               -128.6923    -130.2045    -131.0964    -130.7656    -134.2407
               -132.4198    -132.3232    -132.8446    -131.1207    -132.4240
               -133.6343    -131.1362    -132.5393    -131.8175    -133.4131
               -130.8738    -129.5818    -127.8564    -131.2066    -130.7252
               -127.7150    -129.9672    -129.4279    -128.6133    -129.7182
               -129.1369    -129.9206    -127.8525    -130.0688    -132.3570
               -130.8954    -131.4992    -130.4556    -129.9624    -126.9662
               -131.5541    -130.1994    -132.2495    -131.6473    -129.7646
               -129.2621    -128.4898    -130.1879    -124.8133    -129.6130
   2      0    -119.0503    -118.1283    -117.5213    -118.6233    -118.0064
               -115.2152    -116.7086    -117.5299    -117.1272    -120.6592
               -118.8124    -118.7906    -119.3409    -117.7104    -118.9842
               -120.0481    -117.6537    -119.0446    -118.2659    -119.8213
               -117.3050    -115.9920    -114.3342    -117.6196    -117.2162
               -114.1256    -116.3521    -115.8727    -115.0938    -116.1029
               -115.5668    -116.3159    -114.2229    -116.4461    -118.7597
               -117.2674    -117.8312    -116.8741    -116.4653    -113.3828
               -117.8915    -116.7009    -118.7602    -118.0031    -116.2457
               -115.6970    -114.9137    -116.5663    -111.2606    -116.0801
   3      0    -119.0450    -118.1224    -117.5072    -118.6226    -117.9813
               -115.1943    -116.6779    -117.4472    -117.0977    -120.6913
               -118.8592    -118.7811    -119.3572    -117.7113    -119.0051
               -120.0853    -117.6392    -119.0342    -118.2097    -119.8186
               -117.3173    -116.0011    -114.2960    -117.6115    -117.1414
               -114.1650    -116.3576    -115.8649    -115.0551    -116.1527
               -115.5263    -116.3223    -114.1567    -116.4660    -118.7236
               -117.2839    -117.8034    -116.8451    -116.4659    -113.3541
               -117.9368    -116.7067    -118.7421    -117.9588    -116.1283
               -115.7182    -114.9725    -116.5805    -111.1558    -116.0058
   4      0    -119.0527    -118.1248    -117.5266    -118.6349    -118.0282
               -115.2191    -116.6726    -117.4704    -117.1317    -120.7062
               -118.7747    -118.7944    -119.3471    -117.7232    -118.9932
               -120.0408    -117.7009    -119.0917    -118.2562    -119.8785
               -117.3409    -116.0457    -114.3065    -117.6495    -117.2474
               -114.1970    -116.3661    -115.9052    -115.1261    -116.1896
               -115.6072    -116.3669    -114.2196    -116.4888    -118.7681
               -117.3140    -117.8488    -116.8616    -116.4951    -113.3729
               -117.9287    -116.7195    -118.8159    -117.9580    -116.2287
               -115.7355    -114.9457    -116.6225    -111.1912    -116.0710
   5      0    -119.1191    -118.1920    -117.6004    -118.7310    -118.0767
               -115.3829    -116.7910    -117.5931    -117.2007    -120.8087
               -118.9499    -118.8681    -119.3780    -117.8161    -119.0991
               -120.1169    -117.7554    -119.1233    -118.2872    -119.9208
               -117.4555    -116.0412    -114.3847    -117.7197    -117.2775
               -114.2853    -116.4782    -115.9645    -115.1338    -116.3477
               -115.6662    -116.5252    -114.3065    -116.5586    -118.7844
               -117.4229    -117.8695    -116.9157    -116.5716    -113.4637
               -118.0264    -116.8052    -118.8782    -118.0402    -116.2944
               -115.8231    -115.0192    -116.6668    -111.2880    -116.0944
   5     60    -121.1011    -120.1544    -119.5627    -120.7055    -120.0557
               -117.3532    -118.7647    -119.5844    -119.1862    -122.7783
               -120.9137    -120.8197    -121.3257    -119.7523    -121.0477
               -122.0841    -119.7107    -121.0808    -120.2562    -121.9045
               -119.4375    -118.0213    -116.3593    -119.6943    -119.2527
               -116.2801    -118.4658    -117.9457    -117.1236    -118.3419
               -117.6648    -118.5308    -116.3040    -118.5444    -120.7732
               -119.4137    -119.8574    -118.8906    -118.5518    -115.4507
               -120.0140    -118.7829    -120.8401    -120.0314    -118.2807
               -117.7884    -116.9903    -118.6459    -113.2914    -118.0875
   5     80    -125.9472    -124.9559    -124.3755    -125.5343    -124.8960
               -122.1811    -123.5993    -124.4413    -124.0397    -127.6226
               -125.7463    -125.6270    -126.1258    -124.5339    -125.8510
               -126.9197    -124.5275    -125.8981    -125.0778    -126.7639
               -124.2733    -122.8504    -121.1840    -124.5218    -124.0819
               -121.1301    -123.3090    -122.7723    -121.9631    -123.1824
               -122.5030    -123.3813    -121.1588    -123.3904    -125.6357
               -124.2771    -124.7195    -123.7328    -123.3760    -120.2869
               -124.8652    -123.6039    -125.6450    -124.8905    -123.1315
               -122.6176    -121.8270    -123.4935    -118.1250    -122.9232
   5    100    -132.8062    -131.7853    -131.2130    -132.3725    -131.7457
               -129.0053    -130.4355    -131.2965    -130.9046    -134.4949
               -132.5976    -132.4628    -132.9477    -131.3460    -132.6756
               -133.7921    -131.3604    -132.7364    -131.9304    -133.6551
               -131.1334    -129.6918    -128.0072    -131.3577    -130.9173
               -127.9809    -130.1647    -129.5923    -128.7992    -129.9949
               -129.3333    -130.2067    -127.9981    -130.2480    -132.4978
               -131.1575    -131.5845    -130.5909    -130.2095    -127.1005
               -131.7228    -130.4280    -132.4712    -131.7680    -129.9593
               -129.4518    -128.6840    -130.3623    -124.9301    -129.7535
 
 group  inft   Estimated free energy: 1-th solvent contribution (kcal/mol)
   1      0     -54.5963     -51.0204     -47.1264     -50.3137     -54.7016
                -58.7239     -66.4756     -74.3792     -68.5762     -60.1516
                -54.0858     -45.3512     -40.6869     -39.4331     -49.4115
                -56.7514     -53.0306     -46.3647     -46.9722     -54.5571
                -63.7703     -60.4618     -65.4181     -58.1595     -60.4158
                -72.2691     -67.6898     -70.2322     -67.0419     -62.5260
                -71.6829     -78.2169     -77.1311     -64.6503     -61.8467
                -73.7232     -67.2367     -62.2247     -60.9559     -65.1990
                -64.8885     -67.5541     -59.6387     -68.7731     -70.1105
                -52.8781     -62.5376     -67.5953     -83.3827     -74.5037
   1     60     -54.8386     -51.2595     -47.3656     -50.5558     -54.9435
                -58.9619     -66.7135     -74.6205     -68.8189     -60.3927
                -54.3299     -45.5902     -40.9269     -39.6716     -49.6501
                -56.9927     -53.2710     -46.6061     -47.2112     -54.7982
                -64.0104     -60.7024     -65.6593     -58.4014     -60.6599
                -72.5138     -67.9349     -70.4777     -67.2841     -62.7704
                -71.9273     -78.4607     -77.3755     -64.8921     -62.0888
                -73.9658     -67.4813     -62.4658     -61.1964     -65.4414
                -65.1347     -67.7967     -59.8815     -69.0181     -70.3542
                -53.1201     -62.7786     -67.8374     -83.6283     -74.7490
   1     80     -55.5066     -51.9196     -48.0266     -51.2229     -55.6077
                -59.6194     -67.3698     -75.2873     -69.4861     -61.0581
                -55.0025     -46.2507     -41.5890     -40.3310     -50.3096
                -57.6575     -53.9340     -47.2717     -47.8684     -55.4647
                -64.6714     -61.3646     -66.3224     -59.0661     -61.3291
                -73.1823     -68.6081     -71.1498     -67.9475     -63.4411
                -72.5996     -79.1273     -78.0462     -65.5583     -62.7562
                -74.6352     -68.1547     -63.1308     -61.8560     -66.1078
                -65.8096     -68.4638     -60.5458     -69.6919     -71.0274
                -53.7859     -63.4420     -68.5039     -84.2999     -75.4228
   1    100     -56.7467     -53.1500     -49.2568     -52.4633     -56.8446
                -60.8416     -68.5930     -76.5238     -70.7220     -62.2966
                -56.2433     -47.4840     -42.8246     -41.5608     -51.5408
                -58.8970     -55.1675     -48.5096     -49.0984     -56.7047
                -65.8998     -62.5915     -67.5446     -60.2974     -62.5659
                -74.4129     -69.8450     -72.3855     -69.1792     -64.6758
                -73.8315     -80.3561     -79.2807     -66.7925     -63.9944
                -75.8708     -69.3973     -64.3656     -63.0841     -67.3362
                -67.0556     -69.6970     -61.7819     -70.9374     -72.2636
                -55.0209     -64.6744     -69.7388     -85.5293     -76.6621
   2      0     -54.6278     -51.0676     -47.1651     -50.3475     -54.7403
                -58.7681     -66.5118     -74.3873     -68.5940     -60.1788
                -54.0659     -45.3624     -40.6947     -39.4693     -49.4665
                -56.7789     -53.0738     -46.3819     -46.9935     -54.5929
                -63.8040     -60.4892     -65.4423     -58.1799     -60.4418
                -72.2973     -67.7120     -70.2426     -67.0672     -62.5109
                -71.6924     -78.2354     -77.1453     -64.7005     -61.8817
                -73.7582     -67.2530     -62.2618     -61.0010     -65.1936
                -64.8653     -67.5614     -59.6551     -68.7845     -70.1067
                -52.8924     -62.5629     -67.6223     -83.3829     -74.5213
   3      0     -54.6312     -51.0642     -47.1575     -50.3468     -54.7498
                -58.7751     -66.5320     -74.3788     -68.5915     -60.1870
                -54.0496     -45.3687     -40.7034     -39.4700     -49.4839
                -56.7831     -53.0651     -46.3860     -46.9997     -54.5884
                -63.7949     -60.4957     -65.4496     -58.1897     -60.4337
                -72.3247     -67.7145     -70.2533     -67.0680     -62.5136
                -71.6867     -78.2432     -77.1449     -64.7097     -61.8967
                -73.7565     -67.2550     -62.2693     -61.0120     -65.1966
                -64.8951     -67.5671     -59.6735     -68.7823     -70.0907
                -52.9120     -62.5835     -67.6440     -83.3619     -74.5181
   4      0     -54.6287     -51.0747     -47.1647     -50.3673     -54.7637
                -58.7743     -66.5274     -74.3736     -68.5979     -60.2194
                -54.0368     -45.3744     -40.7013     -39.4852     -49.4952
                -56.8008     -53.1152     -46.4044     -46.9979     -54.6192
                -63.8313     -60.5134     -65.4447     -58.1744     -60.4491
                -72.3141     -67.7032     -70.2672     -67.0865     -62.5260
                -71.7000     -78.2608     -77.1623     -64.7176     -61.8931
                -73.7732     -67.2575     -62.2816     -61.0312     -65.2023
                -64.8763     -67.5753     -59.6827     -68.7790     -70.0894
                -52.9267     -62.6161     -67.6304     -83.3638     -74.5209
   5      0     -54.6486     -51.0812     -47.1745     -50.3916     -54.7748
                -58.8158     -66.5489     -74.4145     -68.6350     -60.2061
                -54.0656     -45.3949     -40.7102     -39.5063     -49.4815
                -56.8003     -53.1116     -46.4247     -47.0217     -54.6401
                -63.8603     -60.5080     -65.4729     -58.2021     -60.4631
                -72.3174     -67.7222     -70.2843     -67.0949     -62.5602
                -71.7288     -78.2926     -77.1694     -64.7213     -61.9173
                -73.7853     -67.2596     -62.3093     -61.0524     -65.2302
                -64.8907     -67.6014     -59.6788     -68.7887     -70.1048
                -52.9446     -62.6019     -67.6473     -83.3705     -74.5359
   5     60     -54.9463     -51.3746     -47.4681     -50.6889     -55.0712
                -59.1078     -66.8408     -74.7113     -68.9327     -60.5014
                -54.3644     -45.6881     -41.0039     -39.7988     -49.7736
                -57.0959     -53.4055     -46.7207     -47.3144     -54.9364
                -64.1548     -60.8037     -65.7682     -58.4981     -60.7620
                -72.6169     -68.0230     -70.5849     -67.3917     -62.8604
                -72.0293     -78.5921     -77.4691     -65.0173     -62.2142
                -74.0825     -67.5590     -62.6054     -61.3472     -65.5281
                -65.1929     -67.8998     -59.9755     -69.0898     -70.4048
                -53.2408     -62.8972     -67.9440     -83.6723     -74.8373
   5     80     -55.6877     -52.1061     -48.2015     -51.4295     -55.8098
                -59.8370     -67.5699     -75.4495     -69.6736     -61.2406
                -55.1108     -46.4227     -41.7403     -40.5325     -50.5067
                -57.8353     -54.1420     -47.4611     -48.0452     -55.6759
                -64.8876     -61.5383     -66.5024     -59.2349     -61.5049
                -73.3577     -68.7681     -71.3295     -68.1271     -63.6032
                -72.7709     -79.3314     -78.2113     -65.7540     -62.9546
                -74.8226     -68.3044     -63.3440     -62.0795     -66.2663
                -65.9422     -68.6398     -60.7141     -69.8373     -71.1500
                -53.9807     -63.6339     -68.6836     -84.4141     -75.5826
   5    100     -56.8100     -53.2194     -49.3153     -52.5522     -56.9301
                -60.9447     -68.6764     -76.5656     -70.7917     -62.3608
                -56.2316     -47.5394     -42.8576     -41.6472     -51.6222
                -58.9578     -55.2583     -48.5814     -49.1584     -56.7994
                -66.0000     -62.6492     -67.6084     -60.3481     -62.6232
                -74.4720     -69.8864     -72.4471     -69.2404     -64.7181
                -73.8847     -80.4423     -79.3255     -66.8718     -64.0753
                -75.9413     -69.4259     -64.4616     -63.1913     -67.3771
                -67.0678     -69.7549     -61.8310     -70.9631     -72.2679
                -55.0990     -64.7487     -69.8008     -85.5231     -76.7020
 
 group  inft   Estimated free energy: 2-th solvent contribution (kcal/mol)
   1      0     -64.3722     -67.0170     -70.3504     -68.2431     -63.2042
                -56.3636     -50.1187     -43.0200     -48.5040     -60.4318
                -64.7144     -73.4085     -78.6191     -78.2010     -69.4696
                -63.2432     -64.5301     -72.6004     -71.2266     -65.1578
                -53.4558     -55.4995     -48.8394     -59.4336     -56.6966
                -41.7798     -48.6099     -45.5802     -47.9235     -53.5566
                -43.7830     -38.0481     -37.0326     -51.7453     -56.8222
                -43.4545     -50.5473     -54.5827     -55.4082     -48.1433
                -52.9986     -49.0611     -59.0504     -49.1697     -45.9918
                -62.7870     -52.3218     -48.9222     -27.7871     -41.4630
   1     60     -65.7497     -68.3824     -71.7160     -69.6153     -64.5841
                -57.7388     -51.4949     -44.4018     -49.8867     -61.8048
                -66.0790     -74.7677     -79.9756     -79.5477     -70.8286
                -64.6142     -65.8954     -73.9620     -72.6024     -66.5379
                -54.8382     -56.8782     -50.2170     -60.8101     -58.0710
                -43.1716     -49.9897     -46.9601     -49.3114     -54.9400
                -45.1705     -39.4428     -38.4224     -53.1328     -58.2083
                -44.8427     -51.9327     -55.9569     -56.7883     -49.5229
                -54.3763     -50.4299     -60.4168     -50.5495     -47.3671
                -64.1578     -53.6951     -50.3014     -29.1752     -42.8441
   1     80     -69.4889     -72.0936     -75.4345     -73.3404     -68.3127
                -61.4796     -55.2267     -48.1609     -53.6298     -65.5363
                -69.7933     -78.4677     -83.6652     -83.2220     -74.5279
                -68.3344     -69.6045     -77.6631     -76.3212     -70.2935
                -58.5793     -60.6103     -53.9481     -64.5349     -61.7885
                -46.9187     -53.7288     -50.6843     -53.0509     -58.6805
                -48.9303     -43.1918     -42.1801     -56.8916     -61.9662
                -48.6140     -55.6915     -59.6913     -60.5098     -53.2622
                -58.1033     -54.1425     -64.1044     -54.2907     -51.1189
                -67.8754     -57.4214     -54.0414     -32.9183     -46.5808
   1    100     -75.8832     -78.4635     -81.8126     -79.7102     -74.6946
                -67.8525     -61.6132     -54.5743     -60.0453     -71.9458
                -76.1782     -84.8409     -90.0217     -89.5616     -80.8849
                -74.7390     -75.9704     -84.0315     -82.7208     -76.7101
                -64.9757     -66.9920     -60.3135     -70.9110     -68.1610
                -53.3039     -60.1239     -57.0442     -59.4358     -65.0441
                -55.3071     -49.5663     -48.5735     -63.2780     -68.3643
                -55.0263     -62.1036     -66.0917     -66.8801     -59.6318
                -64.5003     -60.5041     -70.4693     -60.7116     -57.5028
                -74.2430     -63.8172     -60.4508     -39.2858     -52.9526
   2      0     -64.4242     -67.0624     -70.3579     -68.2775     -63.2678
                -56.4489     -50.1985     -43.1443     -48.5349     -60.4821
                -64.7482     -73.4299     -78.6479     -78.2429     -69.5195
                -63.2710     -64.5817     -72.6644     -71.2741     -65.2302
                -53.5027     -55.5046     -48.8936     -59.4414     -56.7761
                -41.8301     -48.6418     -45.6319     -48.0284     -53.5938
                -43.8762     -38.0823     -37.0794     -51.7474     -56.8798
                -43.5109     -50.5799     -54.6141     -55.4660     -48.1909
                -53.0279     -49.1413     -59.1069     -49.2203     -46.1407
                -62.8063     -52.3526     -48.9457     -27.8795     -41.5605
   3      0     -64.4156     -67.0599     -70.3515     -68.2775     -63.2333
                -56.4210     -50.1477     -43.0702     -48.5079     -60.5061
                -64.8114     -73.4142     -78.6556     -78.2430     -69.5230
                -63.3040     -64.5759     -72.6499     -71.2117     -65.2319
                -53.5241     -55.5071     -48.8481     -59.4235     -56.7095
                -41.8420     -48.6448     -45.6133     -47.9888     -53.6408
                -43.8414     -38.0808     -37.0136     -51.7580     -56.8287
                -43.5291     -50.5502     -54.5775     -55.4556     -48.1592
                -53.0435     -49.1413     -59.0704     -49.1782     -46.0393
                -62.8079     -52.3908     -48.9383     -27.7956     -41.4894
   4      0     -64.4257     -67.0518     -70.3636     -68.2694     -63.2662
                -56.4466     -50.1470     -43.0985     -48.5356     -60.4885
                -64.7396     -73.4217     -78.6475     -78.2398     -69.4997
                -63.2418     -64.5875     -72.6891     -71.2601     -65.2611
                -53.5113     -55.5341     -48.8635     -59.4769     -56.8001
                -41.8846     -48.6646     -45.6397     -48.0413     -53.6653
                -43.9090     -38.1079     -37.0590     -51.7729     -56.8767
                -43.5426     -50.5930     -54.5817     -55.4656     -48.1723
                -53.0542     -49.1459     -59.1350     -49.1808     -46.1411
                -62.8105     -52.3314     -48.9938     -27.8291     -41.5519
   5      0     -64.4722     -67.1125     -70.4276     -68.3411     -63.3036
                -56.5688     -50.2438     -43.1804     -48.5674     -60.6044
                -64.8860     -73.4749     -78.6696     -78.3115     -69.6194
                -63.3183     -64.6456     -72.7004     -71.2673     -65.2825
                -53.5970     -55.5349     -48.9135     -59.5194     -56.8162
                -41.9696     -48.7577     -45.6819     -48.0406     -53.7893
                -43.9391     -38.2343     -37.1389     -51.8390     -56.8688
                -43.6393     -50.6117     -54.6081     -55.5210     -48.2353
                -53.1374     -49.2056     -59.2011     -49.2532     -46.1913
                -62.8802     -52.4190     -49.0213     -27.9193     -41.5602
   5     60     -66.1565     -68.7816     -72.0963     -70.0183     -64.9862
                -58.2472     -51.9257     -44.8748     -50.2553     -62.2787
                -66.5510     -75.1333     -80.3235     -79.9552     -71.2758
                -64.9900     -66.3069     -74.3618     -72.9435     -66.9698
                -55.2844     -57.2194     -50.5929     -61.1979     -58.4925
                -43.6649     -50.4445     -47.3626     -49.7337     -55.4832
                -45.6372     -39.9404     -38.8366     -53.5289     -58.5608
                -45.3330     -52.3001     -56.2870     -57.2064     -49.9244
                -54.8228     -50.8849     -60.8664     -50.9434     -47.8776
                -64.5494     -54.0948     -50.7036     -29.6208     -43.2519
   5     80     -70.2612     -72.8515     -76.1758     -74.1065     -69.0880
                -62.3458     -56.0311     -48.9935     -54.3678     -66.3837
                -70.6373     -79.2060     -84.3873     -84.0031     -75.3460
                -69.0861     -70.3872     -78.4388     -77.0343     -71.0897
                -59.3874     -61.3138     -54.6834     -65.2887     -62.5787
                -47.7741     -54.5427     -51.4445     -53.8377     -59.5809
                -49.7339     -44.0516     -42.9493     -57.6381     -62.6828
                -49.4563     -56.4168     -60.3905     -61.2982     -54.0223
                -58.9248     -54.9658     -64.9327     -55.0549     -51.9832
                -68.6386     -58.1949     -54.8117     -33.7126     -47.3424
   5    100     -75.9980     -78.5677     -81.8994     -79.8220     -74.8174
                -68.0623     -61.7609     -54.7327     -60.1147     -72.1358
                -76.3678     -84.9251     -90.0918     -89.7006     -81.0551
                -74.8360     -76.1039     -84.1568     -82.7737     -76.8574
                -65.1351     -67.0444     -60.4006     -71.0114     -68.2959
                -53.5107     -60.2800     -57.1470     -59.5606     -65.2785
                -55.4504     -49.7661     -48.6744     -63.3780     -68.4242
                -55.2180     -62.1603     -66.1310     -67.0199     -59.7251
                -64.6567     -60.6748     -70.6420     -60.8066     -57.6931
                -74.3546     -63.9370     -60.5632     -39.4088     -53.0532
 
 
 cumulative average & 95% error for solvation free energy
              total             1st component         2nd component
  1  -119.0450              -54.6312              -64.4156
  2  -118.5837     0.9226   -52.8477     3.5669   -65.7377     2.6444
  3  -118.2249     0.8937   -50.9510     4.3164   -67.2756     3.4339
  4  -118.3243     0.6625   -50.7999     3.0671   -67.5261     2.4793
  5  -118.2557     0.5312   -51.5899     2.8531   -66.6675     2.5761
  6  -117.7455     1.1088   -52.7874     3.3411   -64.9598     4.0113
  7  -117.5930     0.9855   -54.7509     4.8369   -62.8438     5.4225
  8  -117.5747     0.8543   -57.2044     6.4517   -60.3721     6.8183
  9  -117.5217     0.7608   -58.4697     6.2272   -59.0538     6.5658
 10  -117.8387     0.9300   -58.6414     5.5804   -59.1991     5.8798
 11  -117.9315     0.8614   -58.2239     5.1162   -59.7093     5.4155
 12  -118.0023     0.7990   -57.1527     5.1384   -60.8513     5.4458
 13  -118.1065     0.7640   -55.8873     5.3615   -62.2209     5.7094
 14  -118.0783     0.7096   -54.7147     5.4900   -63.3653     5.7601
 15  -118.1401     0.6720   -54.3660     5.1582   -63.7758     5.4249
 16  -118.2616     0.6740   -54.5170     4.8345   -63.7463     5.0749
 17  -118.2250     0.6374   -54.4316     4.5445   -63.7951     4.7680
 18  -118.2700     0.6076   -53.9846     4.3768   -64.2871     4.6017
 19  -118.2668     0.5748   -53.6170     4.2049   -64.6515     4.4134
 20  -118.3444     0.5669   -53.6656     3.9903   -64.6805     4.1873
 21  -118.2955     0.5480   -54.1479     3.9162   -64.1493     4.1222
 22  -118.1912     0.5626   -54.4365     3.7783   -63.7565     4.0081
 23  -118.0218     0.6354   -54.9153     3.7351   -63.1083     4.0434
 24  -118.0047     0.6093   -55.0517     3.5865   -62.9547     3.8834
 25  -117.9702     0.5885   -55.2670     3.4669   -62.7049     3.7582
 26  -117.8238     0.6367   -55.9231     3.5800   -61.9025     3.9513
 27  -117.7695     0.6222   -56.3598     3.5539   -61.4115     3.9269
 28  -117.7015     0.6148   -56.8560     3.5655   -60.8473     3.9488
 29  -117.6103     0.6207   -57.2081     3.5117   -60.4039     3.9120
 30  -117.5617     0.6075   -57.3850     3.4110   -60.1784     3.8062
 31  -117.4960     0.6020   -57.8463     3.4257   -59.6514     3.8292
 32  -117.4593     0.5875   -58.4837     3.5535   -58.9774     3.9451
 33  -117.3593     0.6036   -59.0492     3.6251   -58.3118     4.0488
 34  -117.3330     0.5879   -59.2157     3.5326   -58.1190     3.9468
 35  -117.3727     0.5764   -59.2923     3.4336   -58.0822     3.8331
 36  -117.3703     0.5602   -59.6941     3.4322   -57.6779     3.8118
 37  -117.3820     0.5453   -59.8984     3.3631   -57.4853     3.7273
 38  -117.3678     0.5315   -59.9608     3.2758   -57.4087     3.6311
 39  -117.3447     0.5198   -59.9878     3.1911   -57.3587     3.5382
 40  -117.2449     0.5445   -60.1180     3.1212   -57.1287     3.4792
 41  -117.2618     0.5321   -60.2345     3.0530   -57.0290     3.3991
 42  -117.2486     0.5200   -60.4091     2.9998   -56.8412     3.3384
 43  -117.2833     0.5125   -60.3920     2.9294   -56.8931     3.2615
 44  -117.2987     0.5016   -60.5827     2.8874   -56.7177     3.2057
 45  -117.2727     0.4931   -60.7940     2.8540   -56.4804     3.1694
 46  -117.2389     0.4870   -60.6226     2.8122   -56.6180     3.1119
 47  -117.1907     0.4862   -60.6643     2.7530   -56.5281     3.0503
 48  -117.1779     0.4766   -60.8098     2.7106   -56.3699     3.0028
 49  -117.0550     0.5275   -61.2700     2.8098   -55.7868     3.1637
 50  -117.0341     0.5186   -61.5350     2.8036   -55.5008     3.1521
 
 Mesh error is    0.104 kcal/mol
