 ERmod 0.3.8, Copyright (C) 2000-2019 Nobuyuki Matubayasi
                            2010-2019 Shun Sakuraba
 ERmod comes with ABSOLUTELY NO WARRANTY.
 This is free software, and you can redistribute it
 and/or modify it under certain conditions.
 See LICENSE file for details.
 
  Number of the   1-th solvent  =          378
  Number of the   2-th solvent  =        10000
 
  Be sure that the solvent distribution is homogeneous (radial distribution function is essentially unity) when the solvent molecule is separated beyond distance of   10.0 Angstrom in any direction from any atom within the solute molecule
 
  LJ long-range correction    =        -1.1319     -7.1533
 
  Self-energy of the solute   =         0.0083  kcal/mol
 
 
 cumulative average & 95% error for solvation energy
              total             1st component         2nd component
  1  -497.1101              -61.0401             -436.0783
  2  -496.7045     0.8113   -54.0916    13.8970  -442.6212    13.0857
  3  -496.5282     0.5863   -57.2611    10.2253  -439.2754    10.0923
  4  -496.1668     0.8333   -58.8427     7.8921  -437.3324     8.1259
  5  -495.7128     1.1140   -65.7111    15.0356  -430.0100    15.9401
  6  -496.3212     1.5193   -66.9303    12.5163  -429.3993    13.0722
  7  -496.1719     1.3183   -65.3808    11.0228  -430.7994    11.3974
  8  -495.9743     1.2081   -66.0282     9.6335  -429.9544    10.0141
  9  -495.6987     1.1996   -65.7670     8.5120  -429.9400     8.8316
 10  -495.5031     1.1421   -65.5825     7.6223  -429.9289     7.8993
 11  -495.2075     1.1903   -66.8916     7.3749  -428.3242     7.8328
 12  -495.2123     1.0866   -66.4653     6.7861  -428.7553     7.2021
 13  -495.0335     1.0616   -67.0238     6.3415  -428.0180     6.7871
 14  -494.9414     0.9999   -67.3996     5.9190  -427.5501     6.3530
 15  -494.8968     0.9352   -66.8005     5.6390  -428.1046     6.0174
 16  -494.8105     0.8916   -67.3832     5.4020  -427.4357     5.7855
 17  -494.8704     0.8461   -67.0399     5.1205  -427.8389     5.4941
 18  -494.9070     0.8010   -66.7301     4.8673  -428.1852     5.2260
 19  -494.9792     0.7713   -65.7171     5.0301  -429.2704     5.3988
 20  -494.9458     0.7348   -64.5745     5.2909  -430.3796     5.5815
 21  -494.9647     0.6999   -64.1136     5.1164  -430.8595     5.3951
 22  -494.9560     0.6676   -63.4263     5.0682  -431.5380     5.3201
 23  -495.0064     0.6458   -63.5442     4.8486  -431.4705     5.0853
 24  -495.0707     0.6315   -64.0276     4.7418  -431.0514     4.9404
 25  -495.0835     0.6063   -64.7770     4.7887  -430.3148     4.9624
 26  -494.9217     0.6664   -65.0987     4.6456  -429.8313     4.8648
 27  -494.9534     0.6443   -64.5503     4.6028  -430.4114     4.8228
 28  -494.9854     0.6242   -63.9367     4.6021  -431.0570     4.8235
 29  -495.0014     0.6031   -63.5958     4.4926  -431.4140     4.7086
 30  -494.9407     0.5952   -64.0140     4.4201  -430.9350     4.6487
 31  -494.9050     0.5801   -65.0070     4.7139  -429.9063     4.9446
 32  -494.7347     0.6568   -65.8068     4.8364  -428.9362     5.1658
 33  -494.6455     0.6611   -65.7088     4.6917  -428.9451     5.0069
 34  -494.5870     0.6520   -65.3683     4.6023  -429.2270     4.8900
 35  -494.5128     0.6503   -65.8732     4.5815  -428.6479     4.8874
 36  -494.4989     0.6325   -66.3325     4.5462  -428.1747     4.8431
 37  -494.4559     0.6212   -66.4788     4.4313  -427.9855     4.7255
 38  -494.3301     0.6549   -66.4788     4.3131  -427.8596     4.6064
 39  -494.3196     0.6382   -66.0304     4.2957  -428.2975     4.5714
 40  -494.3758     0.6321   -65.4796     4.3294  -428.9045     4.6181
 41  -494.4351     0.6278   -64.7412     4.4733  -429.7022     4.7782
 42  -494.3696     0.6265   -65.2019     4.4616  -429.1761     4.7803
 43  -494.3318     0.6164   -65.4819     4.3925  -428.8583     4.7109
 44  -494.3450     0.6029   -65.2772     4.3110  -429.0761     4.6232
 45  -494.4147     0.6056   -64.8636     4.2945  -429.5595     4.6215
 46  -494.4246     0.5926   -64.1805     4.4167  -430.2525     4.7276
 47  -494.4343     0.5802   -63.8114     4.3843  -430.6312     4.6876
 48  -494.4538     0.5693   -63.9063     4.2962  -430.5558     4.5914
 49  -494.4369     0.5586   -64.4116     4.3273  -430.0335     4.6164
 50  -494.3747     0.5613   -65.1428     4.4850  -429.2401     4.7934
 
 
 group  inft  solvation free energy     error          difference
  total solvation free energy
   1      0       -110.86955           0.36615           0.06782
   1     60       -111.78807           0.36463          -0.85069
   1     80       -115.49565           0.36089          -4.55828
   1    100       -124.44247           0.36157         -13.50510
   2      0       -110.92167           0.36623           0.01570
   3      0       -110.93737           0.36251           0.00000
   4      0       -110.89947           0.36349           0.03790
   5      0       -110.98243           0.36566          -0.04506
   5     60       -112.12454           0.36382          -1.18717
   5     80       -116.45707           0.36012          -5.51970
   5    100       -124.60225           0.36080         -13.66488
 
  contribution from  1-th solvent component
   1      0        -23.31484           1.77923           0.02196
   1     60        -23.34950           1.77928          -0.01269
   1     80        -23.50338           1.77950          -0.16657
   1    100        -23.93545           1.77940          -0.59865
   2      0        -23.33083           1.77779           0.00598
   3      0        -23.33680           1.77916           0.00000
   4      0        -23.34463           1.77824          -0.00782
   5      0        -23.34920           1.77828          -0.01240
   5     60        -23.39273           1.77835          -0.05592
   5     80        -23.57909           1.77858          -0.24229
   5    100        -23.97717           1.77841          -0.64036
 
  contribution from  2-th solvent component
   1      0        -87.56303           2.04606           0.04586
   1     60        -88.44689           2.04434          -0.83800
   1     80        -92.00059           2.04025          -4.39170
   1    100       -100.51534           2.03956         -12.90645
   2      0        -87.59917           2.04362           0.00972
   3      0        -87.60889           2.04313           0.00000
   4      0        -87.56317           2.04199           0.04572
   5      0        -87.64155           2.04260          -0.03267
   5     60        -88.74014           2.04052          -1.13125
   5     80        -92.88630           2.03632          -5.27741
   5    100       -100.63340           2.03568         -13.02452
 
 
 group  inft   Estimated free energy: total (kcal/mol)
   1      0    -112.1715    -112.2722    -112.0363    -111.3630    -109.4733
               -112.9383    -111.7717    -111.1401    -110.3768    -110.5411
               -109.6153    -111.5253    -110.9513    -110.6248    -111.2054
               -110.5638    -111.8967    -111.8037    -112.0688    -110.6485
               -110.8900    -111.3635    -111.3956    -111.2435    -110.9335
               -109.2335    -111.6017    -112.2344    -111.6064    -109.1213
               -108.8713    -106.8865    -110.0791    -110.0832    -109.4221
               -110.9669    -110.3815    -108.5210    -111.3794    -112.5915
               -112.8231    -108.7346    -110.4947    -111.7737    -112.7393
               -111.6484    -111.7470    -111.4090    -110.1073    -108.2067
   1     60    -113.0904    -113.1853    -112.9555    -112.2758    -110.3912
               -113.8530    -112.6831    -112.0629    -111.2987    -111.4635
               -110.5417    -112.4432    -111.8676    -111.5467    -112.1265
               -111.4871    -112.8156    -112.7175    -112.9822    -111.5549
               -111.7995    -112.2762    -112.3079    -112.1636    -111.8565
               -110.1590    -112.5151    -113.1444    -112.5186    -110.0454
               -109.7959    -107.8170    -110.9977    -111.0013    -110.3521
               -111.8907    -111.3011    -109.4458    -112.2918    -113.5079
               -113.7283    -109.6693    -111.4218    -112.6895    -113.6494
               -112.5528    -112.6563    -112.3292    -111.0339    -109.1430
   1     80    -116.7994    -116.8784    -116.6658    -115.9543    -114.1180
               -117.5632    -116.3778    -115.7842    -115.0097    -115.1720
               -114.2557    -116.1475    -115.5570    -115.2598    -115.8433
               -115.2054    -116.5167    -116.4026    -116.6796    -115.2364
               -115.5167    -115.9738    -116.0217    -115.8947    -115.5602
               -113.8620    -116.2124    -116.8331    -116.2181    -113.7892
               -113.5436    -111.5690    -114.7100    -114.7000    -114.0783
               -115.6021    -115.0020    -113.1629    -115.9745    -117.2058
               -117.4042    -113.4060    -115.1627    -116.3944    -117.3304
               -116.2250    -116.3373    -116.0365    -114.7518    -112.8774
   1    100    -125.7578    -125.8283    -125.6226    -124.8633    -123.0634
               -126.5388    -125.3246    -124.7617    -123.9730    -124.1234
               -123.2124    -125.1089    -124.4875    -124.1949    -124.7856
               -124.1508    -125.4737    -125.3353    -125.6256    -124.1749
               -124.4802    -124.9122    -124.9695    -124.8820    -124.4738
               -122.8045    -125.1636    -125.7865    -125.1656    -122.7369
               -122.5111    -120.4926    -123.6492    -123.6268    -123.0301
               -124.5459    -123.9271    -122.1023    -124.9149    -126.1616
               -126.3415    -122.3539    -124.1476    -125.3568    -126.2715
               -125.1367    -125.2643    -124.9922    -123.6915    -121.8246
   2      0    -112.2417    -112.2735    -112.1135    -111.4258    -109.5001
               -112.9739    -111.8173    -111.1950    -110.4760    -110.6413
               -109.6329    -111.5755    -110.9875    -110.6741    -111.1988
               -110.6262    -111.9118    -111.8298    -112.1551    -110.6214
               -110.8471    -111.4537    -111.3568    -111.2618    -111.0273
               -109.2854    -111.6427    -112.3077    -111.7083    -109.2481
               -108.9349    -106.8818    -110.1300    -110.1571    -109.5122
               -111.0303    -110.4657    -108.5745    -111.3793    -112.6645
               -112.8725    -108.8274    -110.5617    -111.7987    -112.8438
               -111.6693    -111.8631    -111.4751    -110.1764    -108.2554
   3      0    -112.2312    -112.3144    -112.0892    -111.3979    -109.5229
               -113.0092    -111.8414    -111.1494    -110.4909    -110.6723
               -109.5767    -111.5059    -110.9619    -110.6759    -111.2441
               -110.6609    -111.9077    -111.8852    -112.1381    -110.7038
               -110.9696    -111.4475    -111.4072    -111.3441    -111.0589
               -109.2653    -111.6580    -112.2882    -111.7015    -109.3365
               -108.9995    -107.0055    -110.0983    -110.1542    -109.5104
               -111.0448    -110.4762    -108.6225    -111.3688    -112.6923
               -112.9005    -108.8366    -110.5754    -111.7884    -112.8376
               -111.7139    -111.8250    -111.4572    -110.1941    -108.3115
   4      0    -112.2550    -112.2937    -112.1073    -111.4176    -109.4564
               -112.9724    -111.7598    -111.1301    -110.4537    -110.6225
               -109.5827    -111.4969    -110.9573    -110.6200    -111.1715
               -110.5930    -111.8975    -111.8154    -112.1473    -110.5970
               -110.7992    -111.4260    -111.3673    -111.2494    -110.9836
               -109.2726    -111.6185    -112.3072    -111.6578    -109.2828
               -108.9699    -106.8887    -110.1188    -110.1284    -109.5297
               -110.9615    -110.4191    -108.5577    -111.3925    -112.6170
               -112.8630    -108.8420    -110.5305    -111.7307    -112.7859
               -111.6397    -111.8023    -111.4049    -110.1816    -108.2984
   5      0    -112.3246    -112.3750    -112.1958    -111.4914    -109.5469
               -113.1062    -111.8478    -111.1669    -110.5083    -110.6646
               -109.6500    -111.5739    -111.0643    -110.6998    -111.2882
               -110.7355    -111.9530    -111.9394    -112.2204    -110.6995
               -110.9372    -111.4512    -111.4112    -111.3455    -111.0826
               -109.3323    -111.7242    -112.3723    -111.7751    -109.3528
               -108.9946    -107.0057    -110.1353    -110.1319    -109.6235
               -111.1033    -110.5026    -108.6426    -111.4429    -112.7323
               -113.0136    -108.8820    -110.6246    -111.8037    -112.9268
               -111.7269    -111.8603    -111.4698    -110.2505    -108.4129
   5     60    -113.4656    -113.5094    -113.3368    -112.6249    -110.7033
               -114.2497    -112.9847    -112.3140    -111.6509    -111.8079
               -110.7982    -112.7127    -112.2033    -111.8454    -112.4320
               -111.8828    -113.0926    -113.0763    -113.3552    -111.8358
               -112.0809    -112.5873    -112.5536    -112.4963    -112.2250
               -110.4761    -112.8588    -113.5047    -112.9126    -110.5084
               -110.1550    -108.1650    -111.2775    -111.2695    -110.7766
               -112.2480    -111.6429    -109.7893    -112.5752    -113.8679
               -114.1398    -110.0378    -111.7767    -112.9416    -114.0582
               -112.8515    -112.9899    -112.6117    -111.3978    -109.5703
   5     80    -117.8018    -117.8275    -117.6717    -116.9282    -115.0507
               -118.5875    -117.3019    -116.6640    -115.9910    -116.1478
               -115.1386    -117.0366    -116.5156    -116.1778    -116.7696
               -116.2227    -117.4237    -117.3954    -117.6744    -116.1495
               -116.4089    -116.9133    -116.8868    -116.8507    -116.5543
               -114.8070    -117.1831    -117.8202    -117.2384    -114.8724
               -114.5286    -112.5374    -115.6126    -115.5931    -115.1355
               -116.5815    -115.9694    -114.1290    -116.8828    -118.1922
               -118.4362    -114.4003    -116.1428    -117.2708    -118.3659
               -117.1448    -117.2914    -116.9472    -115.7436    -113.9370
   5    100    -125.9552    -125.9806    -125.8272    -125.0479    -123.2140
               -126.7552    -125.4515    -124.8344    -124.1525    -124.2987
               -123.2892    -125.1859    -124.6477    -124.3108    -124.9085
               -124.3582    -125.5780    -125.5314    -125.8194    -124.2886
               -124.5657    -125.0488    -125.0329    -125.0281    -124.6743
               -122.9403    -125.3333    -125.9765    -125.3879    -123.0265
               -122.6782    -120.6660    -123.7487    -123.7196    -123.2884
               -124.7230    -124.0978    -122.2636    -125.0170    -126.3492
               -126.5771    -122.5477    -124.3153    -125.4187    -126.5094
               -125.2594    -125.4184    -125.1005    -123.8829    -122.0826
 
 group  inft   Estimated free energy: 1-th solvent contribution (kcal/mol)
   1      0     -21.8433     -16.2621     -23.0263     -23.3366     -34.3915
                -26.8320     -20.0581     -25.5835     -22.7754     -22.7370
                -29.3730     -22.2917     -27.1527     -26.2196     -20.2508
                -27.8136     -22.1335     -22.2178     -16.4499     -13.6373
                -18.6678     -16.7235     -23.4663     -27.4529     -30.6334
                -26.4299     -17.5551     -16.4591     -18.7982     -27.2282
                -34.2386     -32.2208     -22.2153     -18.7704     -30.4166
                -30.5359     -26.3051     -23.3801     -16.9720     -14.7936
                -11.2840     -30.6853     -28.2493     -19.9808     -16.1305
                -10.4554     -16.1470     -24.9080     -32.7882     -37.4649
   1     60     -21.8779     -16.2963     -23.0612     -23.3715     -34.4263
                -26.8667     -20.0923     -25.6185     -22.8104     -22.7720
                -29.4082     -22.3265     -27.1878     -26.2547     -20.2858
                -27.8477     -22.1686     -22.2526     -16.4847     -13.6716
                -18.7018     -16.7579     -23.5007     -27.4874     -30.6682
                -26.4650     -17.5891     -16.4936     -18.8329     -27.2628
                -34.2727     -32.2549     -22.2499     -18.8050     -30.4518
                -30.5712     -26.3397     -23.4138     -17.0065     -14.8282
                -11.3181     -30.7200     -28.2838     -20.0154     -16.1651
                -10.4897     -16.1818     -24.9430     -32.8238     -37.5004
   1     80     -22.0313     -16.4482     -23.2162     -23.5255     -34.5823
                -27.0221     -20.2438     -25.7739     -22.9650     -22.9266
                -29.5635     -22.4808     -27.3429     -26.4106     -20.4412
                -27.9992     -22.3236     -22.4063     -16.6388     -13.8252
                -18.8550     -16.9112     -23.6549     -27.6419     -30.8221
                -26.6196     -17.7404     -16.6469     -18.9875     -27.4178
                -34.4261     -32.4074     -22.4032     -18.9578     -30.6076
                -30.7268     -26.4925     -23.5630     -17.1592     -14.9808
                -11.4693     -30.8734     -28.4368     -20.1686     -16.3185
                -10.6419     -16.3360     -25.0979     -32.9809     -37.6569
   1    100     -22.4644     -16.8802     -23.6500     -23.9567     -35.0149
                -27.4587     -20.6734     -26.2088     -23.3978     -23.3591
                -29.9959     -22.9134     -27.7764     -26.8441     -20.8756
                -28.4267     -22.7593     -22.8388     -17.0736     -14.2601
                -19.2866     -17.3429     -24.0864     -28.0759     -31.2511
                -27.0522     -18.1702     -17.0792     -19.4214     -27.8495
                -34.8538     -32.8339     -22.8335     -19.3883     -31.0414
                -31.1610     -26.9219     -23.9874     -17.5903     -15.4135
                -11.9007     -31.3025     -28.8678     -20.6014     -16.7515
                -11.0735     -16.7691     -25.5326     -33.4151     -38.0899
   2      0     -21.8785     -16.2784     -23.0318     -23.3564     -34.3847
                -26.8442     -20.0803     -25.5929     -22.8008     -22.7503
                -29.3870     -22.3303     -27.1598     -26.2299     -20.2584
                -27.8487     -22.1288     -22.2323     -16.4748     -13.6452
                -18.6701     -16.7386     -23.4643     -27.4713     -30.6726
                -26.4378     -17.5633     -16.4850     -18.8184     -27.2446
                -34.2412     -32.2058     -22.2342     -18.7942     -30.4129
                -30.5362     -26.3228     -23.4101     -16.9898     -14.8270
                -11.3316     -30.7034     -28.2878     -19.9903     -16.1660
                -10.4657     -16.1825     -24.9075     -32.8011     -37.4719
   3      0     -21.8778     -16.2862     -23.0380     -23.3632     -34.3942
                -26.8494     -20.0854     -25.5849     -22.7949     -22.7641
                -29.3926     -22.3268     -27.1530     -26.2397     -20.2674
                -27.8640     -22.1389     -22.2397     -16.4807     -13.6420
                -18.6712     -16.7352     -23.4772     -27.4788     -30.6851
                -26.4404     -17.5772     -16.4846     -18.8094     -27.2545
                -34.2545     -32.2217     -22.2422     -18.7946     -30.4256
                -30.5426     -26.3383     -23.4308     -16.9900     -14.8270
                -11.3242     -30.7152     -28.3038     -19.9985     -16.1612
                -10.4736     -16.1658     -24.9205     -32.8157     -37.4978
   4      0     -21.8933     -16.2920     -23.0565     -23.3661     -34.3869
                -26.8454     -20.0931     -25.5974     -22.8040     -22.7594
                -29.3985     -22.3355     -27.1674     -26.2261     -20.2738
                -27.8689     -22.1465     -22.2484     -16.4926     -13.6587
                -18.6806     -16.7478     -23.4845     -27.4762     -30.6881
                -26.4478     -17.5834     -16.4886     -18.8126     -27.2724
                -34.2674     -32.2342     -22.2543     -18.8003     -30.4345
                -30.5567     -26.3390     -23.4469     -17.0182     -14.8288
                -11.3441     -30.7253     -28.3091     -20.0030     -16.1804
                -10.4884     -16.1811     -24.9252     -32.8082     -37.4935
   5      0     -21.9013     -16.2940     -23.0514     -23.3794     -34.3901
                -26.8559     -20.1063     -25.5810     -22.8064     -22.7718
                -29.4033     -22.3426     -27.1567     -26.2270     -20.2750
                -27.8835     -22.1448     -22.2592     -16.4959     -13.6581
                -18.7021     -16.7484     -23.5001     -27.4806     -30.7023
                -26.4500     -17.5974     -16.4884     -18.8271     -27.2666
                -34.2575     -32.2506     -22.2553     -18.7997     -30.4424
                -30.5594     -26.3471     -23.4383     -17.0181     -14.8411
                -11.3429     -30.7225     -28.3289     -20.0090     -16.1827
                -10.4932     -16.1820     -24.9274     -32.8111     -37.5042
   5     60     -21.9446     -16.3369     -23.0952     -23.4229     -34.4344
                -26.8998     -20.1492     -25.6252     -22.8503     -22.8156
                -29.4472     -22.3862     -27.2007     -26.2711     -20.3188
                -27.9263     -22.1886     -22.3027     -16.5394     -13.7015
                -18.7455     -16.7917     -23.5438     -27.5243     -30.7458
                -26.4938     -17.6400     -16.5318     -18.8708     -27.3104
                -34.3010     -32.2937     -22.2987     -18.8429     -30.4865
                -30.6034     -26.3904     -23.4805     -17.0613     -14.8842
                -11.3856     -30.7660     -28.3721     -20.0522     -16.2261
                -10.5361     -16.2256     -24.9712     -32.8555     -37.5486
   5     80     -22.1304     -16.5211     -23.2825     -23.6092     -34.6235
                -27.0880     -20.3329     -25.8136     -23.0377     -23.0027
                -29.6348     -22.5728     -27.3883     -26.4594     -20.5062
                -28.1098     -22.3761     -22.4888     -16.7259     -13.8882
                -18.9319     -16.9776     -23.7313     -27.7116     -30.9318
                -26.6807     -17.8233     -16.7176     -19.0581     -27.4981
                -34.4879     -32.4788     -22.4847     -19.0280     -30.6747
                -30.7910     -26.5758     -23.6617     -17.2466     -15.0692
                -11.5693     -30.9515     -28.5574     -20.2379     -16.4122
                -10.7203     -16.4120     -25.1587     -33.0451     -37.7377
   5    100     -22.5297     -16.9195     -23.6822     -24.0072     -35.0219
                -27.4891     -20.7292     -26.2139     -23.4372     -23.4016
                -30.0329     -22.9720     -27.7873     -26.8583     -20.9054
                -28.5039     -22.7772     -22.8873     -17.1268     -14.2881
                -19.3305     -17.3756     -24.1290     -28.1107     -31.3275
                -27.0783     -18.2190     -17.1169     -19.4578     -27.8958
                -34.8812     -32.8702     -22.8817     -19.4247     -31.0735
                -31.1903     -26.9724     -24.0534     -17.6443     -15.4684
                -11.9681     -31.3468     -28.9543     -20.6365     -16.8122
                -11.1177     -16.8113     -25.5589     -33.4449     -38.1361
 
 group  inft   Estimated free energy: 2-th solvent contribution (kcal/mol)
   1      0     -90.3364     -96.0185     -89.0184     -88.0346     -75.0901
                -86.1146     -91.7219     -85.5649     -87.6097     -87.8125
                -80.2506     -89.2419     -83.8070     -84.4135     -90.9629
                -82.7585     -89.7715     -89.5941     -95.6272     -97.0195
                -92.2306     -94.6484     -87.9377     -83.7989     -80.3085
                -82.8120     -94.0549     -95.7836     -92.8166     -81.9014
                -74.6410     -74.6740     -87.8721     -91.3211     -79.0139
                -80.4393     -84.0847     -85.1492     -94.4158     -97.8062
               -101.5474     -78.0576     -82.2538     -91.8011     -96.6172
               -101.2013     -95.6083     -86.5093     -77.3275     -70.7501
   1     60     -91.2208     -96.8973     -89.9026     -88.9126     -75.9732
                -86.9946     -92.5991     -86.4527     -88.4966     -88.6999
                -81.1418     -90.1250     -84.6881     -85.3003     -91.8490
                -83.6478     -90.6553     -90.4733     -96.5059     -97.8916
                -93.1060     -95.5266     -88.8156     -84.6845     -81.1966
                -83.7023     -94.9343     -96.6591     -93.6940     -82.7909
                -75.5315     -75.5704     -88.7561     -92.2047     -79.9086
                -81.3278     -84.9698     -86.0403     -95.2937     -98.6881
               -102.4185     -78.9576     -83.1463     -92.6824     -97.4927
               -102.0714     -96.4828     -87.3945     -78.2185     -71.6509
   1     80     -94.7764    -100.4385     -93.4579     -92.4371     -79.5440
                -90.5494     -96.1422     -90.0186     -92.0529     -92.2537
                -84.7006     -93.6751     -88.2224     -88.8575     -95.4104
                -87.2145     -94.2014     -94.0046    -100.0491    -101.4195
                -96.6700     -99.0709     -92.3752     -88.2611     -84.7464
                -87.2508     -98.4804    -100.1945     -97.2389     -86.3797
                -79.1259     -79.1700     -92.3151     -95.7505     -83.4790
                -84.8837     -88.5178     -89.6082     -98.8236    -102.2333
               -105.9432     -82.5410     -86.7342     -96.2341    -101.0202
               -105.5915    -100.0097     -90.9469     -81.7792     -75.2288
   1    100    -103.3017    -108.9564    -101.9809    -100.9149     -88.0568
                -99.0885    -104.6596     -98.5613    -100.5835    -100.7726
                -93.2249    -102.2038     -96.7193     -97.3591    -103.9184
                -95.7324    -102.7227    -102.5048    -108.5603    -109.9232
               -105.2019    -107.5777    -100.8914     -96.8144     -93.2310
                -95.7607    -107.0017    -108.7156    -105.7526     -94.8957
                -87.6656     -87.6670    -100.8240    -104.2467     -91.9970
                -93.3931     -97.0135     -98.1232    -107.3330    -110.7564
               -114.4491     -91.0597     -95.2881    -104.7637    -109.5284
               -114.0715    -108.5035     -99.4679     -90.2847     -83.7431
   2      0     -90.3715     -96.0035     -89.0900     -88.0778     -75.1237
                -86.1380     -91.7453     -85.6104     -87.6835     -87.8993
                -80.2543     -89.2535     -83.8360     -84.4525     -90.9487
                -82.7858     -89.7914     -89.6059     -95.6886     -96.9845
                -92.1853     -94.7234     -87.9008     -83.7989     -80.3630
                -82.8560     -94.0877     -95.8310     -92.8982     -82.0118
                -74.7020     -74.6843     -87.9042     -91.3712     -79.1076
                -80.5024     -84.1512     -85.1727     -94.3978     -97.8459
               -101.5493     -78.1323     -82.2822     -91.8167     -96.6861
               -101.2119     -95.6889     -86.5760     -77.3836     -70.7918
   3      0     -90.3617     -96.0365     -89.0595     -88.0431     -75.1370
                -86.1682     -91.7643     -85.5728     -87.7043     -87.9165
                -80.1924     -89.1874     -83.8172     -84.4446     -90.9850
                -82.8053     -89.7771     -89.6539     -95.6657     -97.0702
                -92.3067     -94.7206     -87.9384     -83.8736     -80.3821
                -82.8332     -94.0891     -95.8120     -92.9004     -82.0902
                -74.7533     -74.7922     -87.8644     -91.3680     -79.0931
                -80.5106     -84.1462     -85.2000     -94.3871     -97.8737
               -101.5846     -78.1297     -82.2800     -91.7982     -96.6848
               -101.2486     -95.6674     -86.5450     -77.3868     -70.8220
   4      0     -90.3701     -96.0100     -89.0591     -88.0598     -75.0778
                -86.1353     -91.6751     -85.5410     -87.6580     -87.8714
                -80.1925     -89.1697     -83.7982     -84.4022     -90.9060
                -82.7325     -89.7593     -89.5753     -95.6630     -96.9467
                -92.1269     -94.6866     -87.8911     -83.7815     -80.3038
                -82.8332     -94.0434     -95.8269     -92.8536     -82.0187
                -74.7108     -74.6629     -87.8728     -91.3364     -79.1036
                -80.4131     -84.0884     -85.1192     -94.3826     -97.7965
               -101.5272     -78.1249     -82.2297     -91.7360     -96.6138
               -101.1596     -95.6294     -86.4880     -77.3817     -70.8133
   5      0     -90.4317     -96.0894     -89.1527     -88.1203     -75.1651
                -86.2586     -91.7498     -85.5942     -87.7102     -87.9011
                -80.2551     -89.2397     -83.9159     -84.4810     -91.0215
                -82.8603     -89.8166     -89.6885     -95.7329     -97.0497
                -92.2434     -94.7112     -87.9194     -83.8732     -80.3886
                -82.8906     -94.1351     -95.8922     -92.9563     -82.0945
                -74.7455     -74.7634     -87.8883     -91.3406     -79.1894
                -80.5523     -84.1638     -85.2126     -94.4331     -97.8994
               -101.6791     -78.1678     -82.3040     -91.8030     -96.7524
               -101.2420     -95.6866     -86.5507     -77.4478     -70.9170
   5     60     -91.5293     -97.1808     -90.2499     -89.2103     -76.2772
                -87.3582     -92.8438     -86.6972     -88.8089     -89.0006
                -81.3593     -90.3348     -85.0110     -85.5826     -92.1215
                -83.9648     -90.9123     -90.7819     -96.8241     -98.1426
                -93.3437     -95.8039     -89.0181     -84.9803     -81.4876
                -83.9906     -95.2271     -96.9813     -94.0501     -83.2063
                -75.8623     -75.8796     -88.9871     -92.4350     -80.2983
                -81.6530     -85.2608     -86.3171     -95.5221     -98.9919
               -102.7625     -79.2802     -83.4129     -92.8977     -97.8403
               -102.3237     -96.7726     -87.6489     -78.5506     -72.0300
   5     80     -95.6797    -101.3147     -94.3975     -93.3274     -80.4355
                -91.5078     -96.9773     -90.8588     -92.9616     -93.1534
                -85.5121     -94.4722     -89.1357     -89.7268     -96.2717
                -88.1212     -95.0559     -94.9150    -100.9568    -102.2696
                -97.4853     -99.9440     -93.1638     -89.1475     -85.6309
                -88.1346     -99.3681    -101.1109     -98.1886     -87.3826
                -80.0489     -80.0670     -93.1363     -96.5734     -84.4691
                -85.7988     -89.4020     -90.4757     -99.6445    -103.1313
               -106.8752     -83.4571     -87.5937     -97.0412    -101.9620
               -106.4328    -100.8877     -91.7968     -82.7068     -76.2076
   5    100    -103.4338    -109.0694    -102.1533    -101.0491     -88.2004
                -99.2745    -104.7306     -98.6288    -100.7237    -100.9055
                -93.2646    -102.2222     -96.8687     -97.4608    -104.0114
                -95.8626    -102.8091    -102.6524    -108.7010    -110.0089
               -105.2435    -107.6816    -100.9123     -96.9258     -93.3551
                -95.8703    -107.1227    -108.8679    -105.9384     -95.1390
                -87.8053     -87.8041    -100.8753    -104.3032     -92.2232
                -93.5410     -97.1337     -98.2185    -107.3810    -110.8892
               -114.6174     -91.2093     -95.3693    -104.7905    -109.7055
               -114.1500    -108.6154     -99.5500     -90.4464     -83.9548
 
 
 cumulative average & 95% error for solvation free energy
              total             1st component         2nd component
  1  -112.2312              -21.8778              -90.3617
  2  -112.2728     0.0832   -19.0820     5.5916   -93.1991     5.6748
  3  -112.2116     0.1315   -20.4007     4.1687   -91.8192     4.2838
  4  -112.0082     0.4173   -21.1413     3.2989   -90.8752     3.5693
  5  -111.5111     1.0453   -23.7919     5.8849   -87.7275     6.8757
  6  -111.7608     0.9889   -24.3015     4.9119   -87.4677     5.6380
  7  -111.7723     0.8361   -23.6992     4.3226   -88.0815     4.9205
  8  -111.6944     0.7406   -23.9349     3.7730   -87.7679     4.3072
  9  -111.5607     0.7058   -23.8082     3.3371   -87.7608     3.7986
 10  -111.4719     0.6558   -23.7038     2.9921   -87.7764     3.3977
 11  -111.2996     0.6860   -24.2210     2.8974   -87.0869     3.3685
 12  -111.3168     0.6272   -24.0631     2.6637   -87.2620     3.0949
 13  -111.2895     0.5795   -24.3008     2.4959   -86.9970     2.8958
 14  -111.2457     0.5436   -24.4393     2.3273   -86.8147     2.7057
 15  -111.2456     0.5061   -24.1612     2.2369   -87.0927     2.5795
 16  -111.2090     0.4790   -24.3926     2.1430   -86.8247     2.4717
 17  -111.2501     0.4574   -24.2600     2.0304   -86.9984     2.3476
 18  -111.2854     0.4370   -24.1478     1.9274   -87.1459     2.2329
 19  -111.3303     0.4230   -23.7443     1.9938   -87.5943     2.2946
 20  -111.2990     0.4061   -23.2392     2.1443   -88.0681     2.3742
 21  -111.2833     0.3876   -23.0216     2.0855   -88.2700     2.2941
 22  -111.2907     0.3698   -22.7359     2.0690   -88.5632     2.2646
 23  -111.2958     0.3535   -22.7681     1.9780   -88.5360     2.1646
 24  -111.2978     0.3385   -22.9644     1.9341   -88.3417     2.1085
 25  -111.2883     0.3253   -23.2732     1.9552   -88.0234     2.1203
 26  -111.2105     0.3491   -23.3950     1.8943   -87.8237     2.0759
 27  -111.2270     0.3375   -23.1796     1.8730   -88.0558     2.0507
 28  -111.2649     0.3340   -22.9405     1.8671   -88.3328     2.0523
 29  -111.2800     0.3237   -22.7980     1.8240   -88.4903     2.0052
 30  -111.2152     0.3385   -22.9466     1.7870   -88.2770     1.9836
 31  -111.1437     0.3572   -23.3113     1.8761   -87.8407     2.1076
 32  -111.0144     0.4319   -23.5898     1.8999   -87.4329     2.1976
 33  -110.9866     0.4223   -23.5489     1.8433   -87.4460     2.1301
 34  -110.9622     0.4126   -23.4091     1.8100   -87.5614     2.0794
 35  -110.9207     0.4091   -23.6096     1.8027   -87.3194     2.0763
 36  -110.9241     0.3976   -23.8022     1.7937   -87.1303     2.0529
 37  -110.9120     0.3875   -23.8707     1.7499   -87.0496     2.0032
 38  -110.8518     0.3959   -23.8591     1.7034   -87.0010     1.9522
 39  -110.8650     0.3866   -23.6830     1.6962   -87.1904     1.9388
 40  -110.9107     0.3877   -23.4616     1.7115   -87.4574     1.9638
 41  -110.9592     0.3904   -23.1656     1.7711   -87.8020     2.0355
 42  -110.9087     0.3942   -23.3453     1.7654   -87.5717     2.0391
 43  -110.9010     0.3852   -23.4606     1.7392   -87.4486     2.0063
 44  -110.9211     0.3785   -23.3819     1.7065   -87.5475     1.9701
 45  -110.9637     0.3797   -23.2215     1.6988   -87.7505     1.9682
 46  -110.9800     0.3728   -22.9444     1.7514   -88.0440     2.0124
 47  -110.9980     0.3665   -22.8001     1.7379   -88.2062     1.9957
 48  -111.0076     0.3593   -22.8443     1.7036   -88.1716     1.9549
 49  -110.9910     0.3534   -23.0478     1.7174   -87.9515     1.9645
 50  -110.9374     0.3625   -23.3368     1.7792   -87.6089     2.0431
 
 Mesh error is    0.068 kcal/mol
