 ERmod 0.3.8, Copyright (C) 2000-2019 Nobuyuki Matubayasi
                            2010-2019 Shun Sakuraba
 ERmod comes with ABSOLUTELY NO WARRANTY.
 This is free software, and you can redistribute it
 and/or modify it under certain conditions.
 See LICENSE file for details.
 
  Number of the   1-th solvent  =          378
  Number of the   2-th solvent  =        10000
 
  Be sure that the solvent distribution is homogeneous (radial distribution function is essentially unity) when the solvent molecule is separated beyond distance of   10.0 Angstrom in any direction from any atom within the solute molecule
 
  LJ long-range correction    =        -1.1319     -7.1533
 
  Self-energy of the solute   =        -0.0024  kcal/mol
 
 
 cumulative average & 95% error for solvation energy
              total             1st component         2nd component
  1  -452.8177              -65.5294             -387.2858
  2  -452.9132     0.1912   -75.1860    19.3132  -377.7248    19.1221
  3  -451.8178     2.1937   -78.4386    12.9093  -373.3767    14.0537
  4  -451.8738     1.5552   -77.0559     9.5380  -374.8155    10.3457
  5  -452.4442     1.6592   -80.6909    10.3652  -371.7509    10.0890
  6  -452.0611     1.5564   -84.5143    11.4060  -367.5444    11.7744
  7  -452.4262     1.5045   -82.0346    10.8407  -370.3892    11.4628
  8  -452.4083     1.3034   -76.3976    14.6712  -376.0083    14.9949
  9  -451.7954     1.6805   -74.7824    13.3360  -377.0106    13.3753
 10  -451.6391     1.5353   -74.2879    11.9690  -377.3487    11.9823
 11  -451.7430     1.4042   -74.1586    10.8294  -377.5820    10.8485
 12  -451.6409     1.2980   -74.2246     9.8868  -377.4139     9.9090
 13  -451.7829     1.2273   -75.5239     9.4584  -376.2566     9.4042
 14  -451.9268     1.1722   -77.8058     9.8748  -374.1186     9.7000
 15  -451.8909     1.0936   -78.7066     9.3678  -373.1818     9.2225
 16  -451.9730     1.0361   -77.4246     9.1302  -374.5460     9.0481
 17  -451.8711     0.9944   -75.9464     9.0716  -375.9223     8.9338
 18  -451.8062     0.9464   -76.1298     8.5607  -375.6740     8.4375
 19  -451.6739     0.9335   -76.9231     8.2516  -374.7484     8.1929
 20  -451.6639     0.8858   -78.0516     8.1470  -373.6099     8.0992
 21  -451.6070     0.8502   -77.9713     7.7510  -373.6333     7.7040
 22  -451.6577     0.8170   -77.8022     7.3980  -373.8531     7.3586
 23  -451.6312     0.7825   -76.9006     7.2954  -374.7281     7.2459
 24  -451.7380     0.7790   -75.9680     7.2296  -375.7676     7.2422
 25  -451.6702     0.7594   -75.7025     6.9547  -375.9653     6.9577
 26  -451.7273     0.7385   -76.5434     6.8902  -375.1814     6.8661
 27  -451.7744     0.7169   -77.2278     6.7700  -374.5442     6.7288
 28  -451.8189     0.6965   -77.3808     6.5309  -374.4357     6.4876
 29  -451.8380     0.6731   -77.2983     6.3038  -374.5373     6.2632
 30  -451.8656     0.6526   -77.4724     6.1000  -374.3907     6.0579
 31  -451.8386     0.6335   -77.5902     5.9047  -374.2460     5.8664
 32  -451.8050     0.6171   -77.8364     5.7383  -373.9661     5.7076
 33  -451.7434     0.6106   -77.4772     5.6079  -374.2638     5.5639
 34  -451.7740     0.5956   -76.9962     5.5249  -374.7754     5.4939
 35  -451.8057     0.5818   -76.3451     5.5205  -375.4582     5.5067
 36  -451.8555     0.5741   -76.1510     5.3790  -375.7021     5.3737
 37  -451.9009     0.5657   -75.7046     5.3072  -376.1939     5.3182
 38  -451.8636     0.5556   -75.7824     5.1680  -376.0788     5.1815
 39  -451.8058     0.5534   -76.1965     5.1015  -375.6068     5.1344
 40  -451.8057     0.5394   -76.3601     4.9830  -375.4432     5.0151
 41  -451.8012     0.5262   -76.0708     4.8943  -375.7280     4.9243
 42  -451.8012     0.5135   -76.0729     4.7764  -375.7259     4.8056
 43  -451.8166     0.5023   -75.5522     4.7788  -376.2619     4.8134
 44  -451.8389     0.4928   -75.4301     4.6753  -376.4065     4.7117
 45  -451.8950     0.4946   -75.4017     4.5706  -376.4909     4.6089
 46  -451.9104     0.4847   -75.1960     4.4890  -376.7120     4.5292
 47  -451.9408     0.4782   -74.9162     4.4280  -377.0221     4.4750
 48  -451.9592     0.4696   -74.8729     4.3356  -377.0839     4.3825
 49  -451.8852     0.4831   -74.8791     4.2462  -377.0037     4.2951
 50  -451.7666     0.5295   -75.3181     4.2521  -376.4460     4.3536
 
 
 group  inft  solvation free energy     error          difference
  total solvation free energy
   1      0        -89.05559           0.29217           0.05773
   1     60        -89.78463           0.29212          -0.67131
   1     80        -92.94493           0.29103          -3.83161
   1    100       -101.13492           0.29420         -12.02160
   2      0        -89.11382           0.29215          -0.00049
   3      0        -89.11332           0.29715           0.00000
   4      0        -89.10902           0.29608           0.00430
   5      0        -89.18953           0.29721          -0.07621
   5     60        -90.11253           0.29694          -0.99921
   5     80        -93.82765           0.29561          -4.71432
   5    100       -101.31716           0.29837         -12.20384
 
  contribution from  1-th solvent component
   1      0        -27.40613           1.67820           0.02159
   1     60        -27.43175           1.67823          -0.00403
   1     80        -27.55344           1.67841          -0.12572
   1    100        -27.92046           1.67857          -0.49274
   2      0        -27.41849           1.67661           0.00924
   3      0        -27.42772           1.67593           0.00000
   4      0        -27.43231           1.67584          -0.00459
   5      0        -27.43866           1.67530          -0.01094
   5     60        -27.47150           1.67537          -0.04378
   5     80        -27.61841           1.67558          -0.19069
   5    100        -27.95876           1.67570          -0.53104
 
  contribution from  2-th solvent component
   1      0        -61.64703           1.85927           0.03614
   1     60        -62.35045           1.85916          -0.66728
   1     80        -65.38906           1.85754          -3.70589
   1    100        -73.21203           1.85987         -11.52886
   2      0        -61.69290           1.85846          -0.00973
   3      0        -61.68317           1.86336           0.00000
   4      0        -61.67429           1.86191           0.00889
   5      0        -61.74844           1.86122          -0.06527
   5     60        -62.63861           1.86074          -0.95544
   5     80        -66.20681           1.85854          -4.52363
   5    100        -73.35597           1.86016         -11.67280
 
 
 group  inft   Estimated free energy: total (kcal/mol)
   1      0     -89.8026     -89.2062     -87.5702     -88.6218     -88.9309
                -87.0786     -90.2068     -89.5012     -87.0355     -89.0868
                -89.6257     -87.8500     -88.8944     -88.6101     -87.7371
                -90.1826     -89.6793     -88.5230     -87.2488     -88.1859
                -88.5678     -89.6175     -89.3197     -90.7757     -89.0905
                -89.1457     -89.4854     -90.0026     -89.6782     -89.5032
                -88.5710     -88.1589     -88.5244     -90.4553     -90.4474
                -89.2701     -90.3450     -89.1341     -87.5667     -88.4822
                -88.8777     -89.2147     -89.8399     -89.3791     -90.0599
                -90.0292     -91.0946     -89.6642     -88.6593     -86.2418
   1     60     -90.5306     -89.9345     -88.2988     -89.3497     -89.6627
                -87.8040     -90.9383     -90.2291     -87.7628     -89.8165
                -90.3591     -88.5827     -89.6223     -89.3369     -88.4590
                -90.9088     -90.4061     -89.2550     -87.9793     -88.9187
                -89.2986     -90.3429     -90.0485     -91.5034     -89.8210
                -89.8806     -90.2170     -90.7323     -90.4085     -90.2316
                -89.3021     -88.8882     -89.2533     -91.1824     -91.1752
                -90.0031     -91.0732     -89.8643     -88.2996     -89.2110
                -89.6052     -89.9367     -90.5676     -90.1120     -90.7857
                -90.7588     -91.8222     -90.3954     -89.3846     -86.9711
   1     80     -93.6884     -93.0977     -91.4700     -92.5248     -92.8556
                -90.9702     -94.1018     -93.3804     -90.9203     -92.9680
                -93.5251     -91.7525     -92.7937     -92.5198     -91.6294
                -94.0689     -93.5503     -92.4296     -91.1421     -92.0782
                -92.4474     -93.4920     -93.1938     -94.6543     -92.9718
                -93.0553     -93.3799     -93.8956     -93.5673     -93.3800
                -92.4627     -92.0620     -92.4062     -94.3157     -94.3239
                -93.1856     -94.2271     -93.0241     -91.4710     -92.3782
                -92.7660     -93.0945     -93.7196     -93.2891     -93.9513
                -93.9170     -94.9629     -93.5448     -92.5215     -90.1190
   1    100    -101.8694    -101.2797     -99.6551    -100.7221    -101.0415
                -99.1221    -102.3037    -101.5688     -99.1072    -101.1836
               -101.7537     -99.9635    -100.9721    -100.6993     -99.7553
               -102.2693    -101.7480    -100.6363     -99.2730    -100.2654
               -100.6020    -101.6532    -101.3816    -102.8613    -101.1728
               -101.2820    -101.5910    -102.0966    -101.7794    -101.5657
               -100.6318    -100.2624    -100.6038    -102.4999    -102.5152
               -101.3956    -102.4257    -101.2112     -99.6749    -100.5610
               -100.9319    -101.2575    -101.9337    -101.5211    -102.1181
               -102.1222    -103.1722    -101.7757    -100.6848     -98.2727
   2      0     -89.8878     -89.2780     -87.5899     -88.7036     -88.9704
                -87.1553     -90.2551     -89.5697     -87.0832     -89.1255
                -89.7412     -87.9453     -89.0202     -88.6728     -87.8437
                -90.2077     -89.8184     -88.5972     -87.3001     -88.2183
                -88.5760     -89.6372     -89.4012     -90.8508     -89.1577
                -89.1951     -89.5043     -90.0121     -89.7532     -89.5522
                -88.5911     -88.1603     -88.5579     -90.4818     -90.5105
                -89.2914     -90.3573     -89.2128     -87.6038     -88.5152
                -88.9669     -89.3367     -89.8684     -89.4303     -90.1158
                -90.1141     -91.1180     -89.7572     -88.7911     -86.2870
   3      0     -89.9151     -89.2903     -87.6558     -88.6896     -88.9443
                -87.0217     -90.2280     -89.6227     -87.0817     -89.1492
                -89.7521     -87.9574     -89.0136     -88.6258     -87.7231
                -90.2685     -89.7890     -88.5784     -87.2499     -88.1910
                -88.4920     -89.5602     -89.4033     -90.8715     -89.1882
                -89.2049     -89.5015     -90.0717     -89.7964     -89.5065
                -88.5230     -88.1723     -88.5412     -90.5407     -90.5346
                -89.2843     -90.4368     -89.2280     -87.6430     -88.5037
                -88.9716     -89.3504     -89.9155     -89.4203     -90.1356
                -90.1450     -91.1317     -89.7458     -88.7833     -86.3155
   4      0     -89.9126     -89.2916     -87.5681     -88.6841     -88.9847
                -87.0980     -90.2382     -89.5835     -87.1074     -89.0963
                -89.7895     -87.9419     -89.0284     -88.6512     -87.7513
                -90.2207     -89.8625     -88.5661     -87.2410     -88.1832
                -88.5488     -89.5940     -89.3771     -90.8786     -89.1350
                -89.1660     -89.5143     -89.9861     -89.7433     -89.5682
                -88.5622     -88.1795     -88.5430     -90.5430     -90.5461
                -89.2484     -90.3684     -89.1911     -87.5983     -88.5304
                -88.9667     -89.3396     -89.9069     -89.4246     -90.0852
                -90.1700     -91.1213     -89.7420     -88.7897     -86.2829
   5      0     -90.0163     -89.4206     -87.7059     -88.8244     -89.0879
                -87.1235     -90.3526     -89.6534     -87.1775     -89.2174
                -89.8352     -87.9784     -89.1014     -88.7569     -87.8184
                -90.3455     -89.8167     -88.6626     -87.3008     -88.3016
                -88.5439     -89.6303     -89.4852     -90.9249     -89.2189
                -89.2812     -89.5759     -90.0866     -89.8169     -89.5593
                -88.5968     -88.2433     -88.6413     -90.6880     -90.6342
                -89.3751     -90.4573     -89.3255     -87.6957     -88.5844
                -89.0283     -89.4344     -90.0410     -89.4871     -90.1985
                -90.2356     -91.1896     -89.8060     -88.8243     -86.3698
   5     60     -90.9367     -90.3411     -88.6307     -89.7500     -90.0173
                -88.0521     -91.2804     -90.5733     -88.0970     -90.1395
                -90.7613     -88.9043     -90.0235     -89.6856     -88.7422
                -91.2669     -90.7345     -89.5885     -88.2265     -89.2296
                -89.4700     -90.5556     -90.4058     -91.8469     -90.1408
                -90.2082     -90.5012     -91.0082     -90.7419     -90.4838
                -89.5234     -89.1702     -89.5624     -91.6061     -91.5529
                -90.3015     -91.3768     -90.2474     -88.6212     -89.5064
                -89.9461     -90.3519     -90.9608     -90.4140     -91.1188
                -91.1593     -92.1084     -90.7289     -89.7397     -87.2873
   5     80     -94.6596     -94.0615     -92.3530     -93.4777     -93.7668
                -91.7807     -95.0035     -94.2757     -91.8019     -93.8429
                -94.4814     -92.6327     -93.7526     -93.4376     -92.4637
                -94.9762     -94.4281     -93.3218     -91.9392     -92.9444
                -93.1803     -94.2615     -94.1076     -95.5514     -93.8445
                -93.9377     -94.2244     -94.7208     -94.4498     -94.1987
                -93.2477     -92.8979     -93.2668     -95.2947     -95.2537
                -94.0410     -95.0832     -93.9584     -92.3472     -93.2274
                -93.6565     -94.0618     -94.6668     -94.1403     -94.8351
                -94.8684     -95.7964     -94.4337     -93.4316     -90.9958
   5    100    -102.1497    -101.5543     -99.8429    -100.9704    -101.2656
                -99.2311    -102.5085    -101.7629     -99.2771    -101.3555
               -102.0117    -100.1381    -101.2416    -100.9270     -99.8980
               -102.4740    -101.9212    -100.8260     -99.3855    -100.4298
               -100.6450    -101.7236    -101.5923    -103.0535    -101.3409
               -101.4547    -101.7255    -102.2250    -101.9657    -101.6769
               -100.7220    -100.3751    -100.7577    -102.7746    -102.7471
               -101.5419    -102.5729    -101.4465     -99.8484    -100.7099
               -101.1246    -101.5252    -102.1675    -101.6651    -102.3061
               -102.3751    -103.2985    -101.9563    -100.9077     -98.4614
 
 group  inft   Estimated free energy: 1-th solvent contribution (kcal/mol)
   1      0     -23.4284     -31.1180     -31.1266     -26.0962     -35.0616
                -38.1927     -24.2521     -11.6918     -21.8909     -25.6721
                -26.5828     -26.9820     -33.5448     -40.1475     -33.3177
                -20.7849     -18.1889     -28.9110     -33.1890     -37.2908
                -27.7954     -26.9390     -20.1599     -19.0261     -25.4510
                -36.5337     -35.3040     -30.2928     -27.3172     -30.5055
                -29.5157     -31.5944     -23.8086     -22.1836     -19.0597
                -24.3679     -21.1150     -28.7804     -33.7451     -30.3323
                -22.9674     -27.8827     -19.0672     -25.7681     -26.7549
                -23.9514     -22.5665     -27.1148     -27.3662     -35.5700
   1     60     -23.4538     -31.1438     -31.1521     -26.1214     -35.0866
                -38.2186     -24.2777     -11.7168     -21.9165     -25.6978
                -26.6089     -27.0078     -33.5704     -40.1732     -33.3432
                -20.8102     -18.2140     -28.9362     -33.2148     -37.3165
                -27.8212     -26.9645     -20.1851     -19.0513     -25.4764
                -36.5600     -35.3297     -30.3190     -27.3425     -30.5310
                -29.5418     -31.6202     -23.8350     -22.2094     -19.0856
                -24.3931     -21.1410     -28.8054     -33.7708     -30.3584
                -22.9925     -27.9081     -19.0929     -25.7929     -26.7798
                -23.9769     -22.5926     -27.1412     -27.3926     -35.5963
   1     80     -23.5749     -31.2659     -31.2734     -26.2418     -35.2067
                -38.3424     -24.3998     -11.8360     -22.0379     -25.8194
                -26.7323     -27.1302     -33.6920     -40.2964     -33.4656
                -20.9313     -18.3333     -29.0562     -33.3374     -37.4381
                -27.9436     -27.0860     -20.3045     -19.1711     -25.5965
                -36.6842     -35.4515     -30.4424     -27.4628     -30.6527
                -29.6657     -31.7432     -23.9596     -22.3308     -19.2080
                -24.5135     -21.2639     -28.9242     -33.8925     -30.4826
                -23.1123     -28.0290     -19.2147     -25.9114     -26.8989
                -24.0981     -22.7154     -27.2657     -27.5168     -35.7195
   1    100     -23.9408     -31.6340     -31.6389     -26.6057     -35.5701
                -38.7100     -24.7667     -12.1990     -22.4050     -26.1882
                -27.1028     -27.4996     -34.0590     -40.6662     -33.8314
                -21.2984     -18.6978     -29.4208     -33.7037     -37.8044
                -28.3106     -27.4525     -20.6680     -19.5365     -25.9610
                -37.0559     -35.8197     -30.8122     -27.8282     -31.0193
                -30.0352     -32.1116     -24.3318     -22.6984     -19.5767
                -24.8791     -21.6329     -29.2861     -34.2589     -30.8524
                -23.4777     -28.3950     -19.5827     -26.2739     -27.2594
                -24.4644     -23.0853     -27.6392     -27.8872     -36.0885
   2      0     -23.4469     -31.1329     -31.1379     -26.1279     -35.0707
                -38.1811     -24.2521     -11.7140     -21.8980     -25.6832
                -26.6046     -26.9943     -33.5686     -40.1369     -33.3061
                -20.8123     -18.2150     -28.9407     -33.1883     -37.2963
                -27.7968     -26.9352     -20.1901     -19.0338     -25.4725
                -36.5390     -35.3184     -30.3061     -27.3602     -30.5034
                -29.4816     -31.6066     -23.7992     -22.1999     -19.0698
                -24.3849     -21.1308     -28.8158     -33.7635     -30.3250
                -23.0038     -27.8944     -19.0709     -25.7981     -26.7913
                -23.9817     -22.5799     -27.1216     -27.3740     -35.5680
   3      0     -23.4678     -31.1553     -31.1506     -26.1288     -35.0762
                -38.1812     -24.2701     -11.7272     -21.8937     -25.6974
                -26.6116     -27.0079     -33.5745     -40.1272     -33.3052
                -20.8217     -18.2235     -28.9507     -33.1888     -37.3152
                -27.8057     -26.9259     -20.2032     -19.0409     -25.4896
                -36.5471     -35.3248     -30.3207     -27.3691     -30.5132
                -29.4739     -31.6058     -23.7962     -22.2249     -19.0829
                -24.4046     -21.1511     -28.8387     -33.7779     -30.3223
                -23.0174     -27.9117     -19.0852     -25.8065     -26.8106
                -23.9825     -22.5940     -27.1252     -27.3821     -35.5779
   4      0     -23.4802     -31.1589     -31.1515     -26.1464     -35.0878
                -38.1840     -24.2684     -11.7397     -21.9084     -25.6944
                -26.6072     -27.0182     -33.5769     -40.1444     -33.3164
                -20.8224     -18.2187     -28.9525     -33.1898     -37.3120
                -27.7918     -26.9417     -20.2176     -19.0541     -25.4951
                -36.5649     -35.3303     -30.2990     -27.3723     -30.5100
                -29.4698     -31.6216     -23.7985     -22.2147     -19.0851
                -24.4065     -21.1429     -28.8437     -33.7888     -30.3241
                -23.0342     -27.9180     -19.0990     -25.8217     -26.8178
                -23.9982     -22.5974     -27.1247     -27.3790     -35.5749
   5      0     -23.4872     -31.1704     -31.1571     -26.1572     -35.0969
                -38.1706     -24.2698     -11.7446     -21.9128     -25.7179
                -26.6145     -27.0194     -33.5942     -40.1385     -33.3108
                -20.8218     -18.2342     -28.9700     -33.1957     -37.3226
                -27.7980     -26.9510     -20.2137     -19.0588     -25.4997
                -36.5601     -35.3330     -30.2930     -27.3889     -30.5288
                -29.4736     -31.6086     -23.8003     -22.2465     -19.1059
                -24.4265     -21.1560     -28.8586     -33.7901     -30.3334
                -23.0357     -27.9213     -19.1087     -25.8183     -26.8196
                -24.0080     -22.5935     -27.1193     -27.3770     -35.6009
   5     60     -23.5199     -31.2033     -31.1897     -26.1896     -35.1292
                -38.2041     -24.3027     -11.7766     -21.9454     -25.7507
                -26.6478     -27.0524     -33.6269     -40.1719     -33.3440
                -20.8543     -18.2663     -29.0023     -33.2290     -37.3556
                -27.8314     -26.9840     -20.2458     -19.0910     -25.5320
                -36.5935     -35.3659     -30.3264     -27.4213     -30.5618
                -29.5074     -31.6418     -23.8338     -22.2793     -19.1389
                -24.4589     -21.1893     -28.8906     -33.8229     -30.3670
                -23.0678     -27.9539     -19.1415     -25.8501     -26.8515
                -24.0407     -22.6266     -27.1529     -27.4107     -35.6344
   5     80     -23.6664     -31.3509     -31.3357     -26.3353     -35.2744
                -38.3532     -24.4501     -11.9208     -22.0918     -25.8975
                -26.7967     -27.2003     -33.7737     -40.3206     -33.4918
                -21.0002     -18.4104     -29.1475     -33.3769     -37.5024
                -27.9794     -27.1307     -20.3902     -19.2357     -25.6771
                -36.7426     -35.5134     -30.4752     -27.5669     -30.7089
                -29.6573     -31.7898     -23.9836     -22.4259     -19.2865
                -24.6045     -21.3379     -29.0339     -33.9700     -30.5169
                -23.2123     -28.1000     -19.2885     -25.9932     -26.9952
                -24.1869     -22.7745     -27.3027     -27.5606     -35.7834
   5    100     -24.0068     -31.6928     -31.6744     -26.6730     -35.6125
                -38.6936     -24.7905     -12.2582     -22.4315     -26.2392
                -27.1408     -27.5427     -34.1144     -40.6629     -33.8312
                -21.3407     -18.7484     -29.4860     -33.7168     -37.8421
                -28.3201     -27.4701     -20.7273     -19.5739     -26.0151
                -37.0856     -35.8542     -30.8182     -27.9067     -31.0489
                -29.9997     -32.1305     -24.3269     -22.7662     -19.6287
                -24.9438     -21.6803     -29.3699     -34.3099     -30.8603
                -23.5514     -28.4392     -19.6294     -26.3295     -27.3302
                -24.5266     -23.1174     -27.6482     -27.9050     -36.1262
 
 group  inft   Estimated free energy: 2-th solvent contribution (kcal/mol)
   1      0     -66.3718     -58.0857     -56.4411     -62.5232     -53.8668
                -48.8835     -65.9523     -77.8070     -65.1422     -63.4123
                -63.0405     -60.8656     -55.3472     -48.4602     -54.4170
                -69.3953     -71.4880     -59.6096     -54.0573     -50.8927
                -60.7699     -62.6761     -69.1574     -71.7472     -63.6371
                -52.6096     -54.1790     -59.7074     -62.3585     -58.9953
                -59.0529     -56.5621     -64.7134     -68.2693     -71.3852
                -64.8997     -69.2276     -60.3513     -53.8191     -58.1475
                -65.9078     -61.3296     -70.7703     -63.6086     -63.3026
                -66.0754     -68.5256     -62.5470     -61.2907     -50.6694
   1     60     -67.0744     -58.7883     -57.1443     -63.2259     -54.5737
                -49.5830     -66.6581     -78.5099     -65.8439     -64.1163
                -63.7478     -61.5724     -56.0495     -49.1613     -55.1135
                -70.0962     -72.1896     -60.3163     -54.7621     -51.5998
                -61.4750     -63.3760     -69.8611     -72.4497     -64.3422
                -53.3181     -54.8849     -60.4109     -63.0636     -59.6982
                -59.7579     -57.2656     -65.4159     -68.9706     -72.0872
                -65.6075     -69.9298     -61.0565     -54.5264     -58.8501
                -66.6102     -62.0262     -71.4723     -64.3166     -64.0034
                -66.7794     -69.2272     -63.2517     -61.9896     -51.3725
   1     80     -70.1111     -61.8294     -60.1942     -66.2806     -57.6465
                -52.6254     -69.6995     -81.5420     -68.8800     -67.1462
                -66.7904     -64.6199     -59.0993     -52.2209     -58.1614
                -73.1352     -75.2146     -63.3710     -57.8023     -54.6376
                -64.5014     -66.4036     -72.8870     -75.4808     -67.3728
                -56.3687     -57.9259     -63.4508     -66.1021     -62.7249
                -62.7945     -60.3164     -68.4442     -71.9825     -75.1135
                -68.6696     -72.9608     -64.0975     -57.5760     -61.8932
                -69.6512     -65.0631     -74.5025     -67.3752     -67.0499
                -69.8165     -72.2451     -66.2767     -65.0022     -54.3971
   1    100     -77.9261     -69.6432     -68.0138     -74.1139     -65.4689
                -60.4097     -77.5346     -89.3674     -76.6998     -74.9930
                -74.6485     -72.4614     -66.9107     -60.0306     -65.9215
                -80.9684     -83.0477     -71.2131     -65.5669     -62.4585
                -72.2890     -74.1982     -80.7111     -83.3223     -75.2094
                -64.2237     -65.7688     -71.2819     -73.9488     -70.5439
                -70.5942     -68.1484     -76.2696     -79.7991     -82.9361
                -76.5141     -80.7904     -71.9226     -65.4135     -69.7062
                -77.4517     -72.8601     -82.3485     -75.2448     -74.8562
                -77.6555     -80.0844     -74.1340     -72.7952     -62.1818
   2      0     -66.4385     -58.1426     -56.4496     -62.5732     -53.8973
                -48.9718     -66.0006     -77.8533     -65.1828     -63.4399
                -63.1342     -60.9486     -55.4492     -48.5334     -54.5351
                -69.3930     -71.6010     -59.6541     -54.1094     -50.9196
                -60.7768     -62.6996     -69.2087     -71.8145     -63.6828
                -52.6537     -54.1835     -59.7036     -62.3906     -59.0464
                -59.1070     -56.5512     -64.7563     -68.2795     -71.4383
                -64.9041     -69.2241     -60.3946     -53.8379     -58.1877
                -65.9606     -61.4399     -70.7950     -63.6297     -63.3221
                -66.1300     -68.5357     -62.6331     -61.4147     -50.7165
   3      0     -66.4449     -58.1326     -56.5028     -62.5584     -53.8657
                -48.8381     -65.9555     -77.8931     -65.1856     -63.4494
                -63.1382     -60.9470     -55.4367     -48.4962     -54.4155
                -69.4445     -71.5631     -59.6253     -54.0586     -50.8733
                -60.6839     -62.6319     -69.1977     -71.8281     -63.6962
                -52.6554     -54.1743     -59.7485     -62.4248     -58.9908
                -59.0467     -56.5641     -64.7426     -68.3134     -71.4493
                -64.8773     -69.2832     -60.3868     -53.8627     -58.1790
                -65.9518     -61.4363     -70.8279     -63.6114     -63.3227
                -66.1601     -68.5352     -62.6182     -61.3988     -50.7352
   4      0     -66.4300     -58.1302     -56.4141     -62.5353     -53.8945
                -48.9116     -65.9674     -77.8414     -65.1967     -63.3995
                -63.1798     -60.9212     -55.4491     -48.5044     -54.4325
                -69.3959     -71.6413     -59.6111     -54.0488     -50.8688
                -60.7546     -62.6499     -69.1571     -71.8221     -63.6374
                -52.5987     -54.1816     -59.6846     -62.3685     -59.0557
                -59.0900     -56.5555     -64.7421     -68.3258     -71.4585
                -64.8395     -69.2231     -60.3450     -53.8071     -58.2038
                -65.9301     -61.4192     -70.8055     -63.6005     -63.2650
                -66.1694     -68.5215     -62.6149     -61.4083     -50.7056
   5      0     -66.5267     -58.2478     -56.5464     -62.6647     -53.9885
                -48.9505     -66.0804     -77.9064     -65.2623     -63.4970
                -63.2183     -60.9566     -55.5048     -48.6160     -54.5052
                -69.5212     -71.5800     -59.6902     -54.1027     -50.9766
                -60.7435     -62.6768     -69.2691     -71.8637     -63.7167
                -52.7187     -54.2405     -59.7911     -62.4256     -59.0281
                -59.1207     -56.6323     -64.8386     -68.4390     -71.5259
                -64.9462     -69.2988     -60.4644     -53.9033     -58.2486
                -65.9902     -61.5106     -70.9299     -63.6663     -63.3765
                -66.2252     -68.5937     -62.6843     -61.4449     -50.7665
   5     60     -67.4144     -59.1353     -57.4385     -63.5580     -54.8856
                -49.8455     -66.9752     -78.7942     -66.1492     -64.3864
                -64.1111     -61.8495     -56.3942     -49.5113     -55.3957
                -70.4102     -72.4658     -60.5838     -54.9951     -51.8716
                -61.6362     -63.5692     -70.1575     -72.7535     -64.6063
                -53.6123     -55.1329     -60.6794     -63.3181     -59.9196
                -60.0136     -57.5259     -65.7261     -69.3244     -72.4116
                -65.8402     -70.1850     -61.3544     -54.7958     -59.1369
                -66.8759     -62.3955     -71.8169     -64.5615     -64.2648
                -67.1162     -69.4794     -63.5736     -62.3266     -51.6504
   5     80     -70.9907     -62.7082     -61.0149     -67.1399     -58.4899
                -53.4251     -70.5510     -82.3525     -69.7077     -67.9430
                -67.6822     -65.4299     -59.9765     -53.1146     -58.9695
                -73.9735     -76.0153     -64.1718     -58.5599     -55.4396
                -65.1985     -67.1283     -73.7149     -76.3133     -68.1650
                -57.1927     -58.7086     -64.2432     -66.8805     -63.4874
                -63.5879     -61.1057     -69.2808     -72.8663     -75.9647
                -69.4341     -73.7429     -64.9221     -58.3747     -62.7081
                -70.4418     -65.9593     -75.3758     -68.1447     -67.8375
                -70.6791     -73.0194     -67.1286     -65.8686     -55.2100
   5    100     -78.1405     -69.8591     -68.1661     -74.2949     -65.6506
                -60.5351     -77.7155     -89.5023     -76.8433     -75.1139
                -74.8685     -72.5930     -67.1247     -60.2617     -66.0644
                -81.1308     -83.1703     -71.3376     -65.6663     -62.5853
                -72.3224     -74.2510     -80.8626     -83.4772     -75.3234
                -64.3666     -65.8689     -71.4044     -74.0566     -70.6256
                -70.7198     -68.2423     -76.4284     -80.0060     -83.1160
                -76.5956     -80.8902     -72.0741     -65.5361     -69.8472
                -77.5707     -73.0836     -82.5357     -75.3332     -74.9735
                -77.8461     -80.1787     -74.3057     -73.0003     -62.3328
 
 
 cumulative average & 95% error for solvation free energy
              total             1st component         2nd component
  1   -89.9151              -23.4678              -66.4449
  2   -89.6027     0.6248   -27.3115     7.6875   -62.2887     8.3123
  3   -88.9537     1.3471   -28.5912     5.1235   -60.3601     6.1571
  4   -88.8877     0.9617   -27.9756     3.8263   -60.9097     4.4904
  5   -88.8990     0.7452   -29.3957     4.1051   -59.5009     4.4762
  6   -88.5861     0.8728   -30.8600     4.4509   -57.7237     5.0981
  7   -88.8207     0.8742   -29.9186     4.2066   -58.8997     4.9088
  8   -88.9209     0.7832   -27.6446     5.8270   -61.2739     6.3733
  9   -88.7166     0.8026   -27.0057     5.2955   -61.7085     5.6876
 10   -88.7598     0.7230   -26.8748     4.7437   -61.8826     5.0990
 11   -88.8501     0.6784   -26.8509     4.2911   -61.9967     4.6179
 12   -88.7757     0.6370   -26.8640     3.9173   -61.9093     4.2192
 13   -88.7940     0.5871   -27.3802     3.7483   -61.4114     4.0068
 14   -88.7820     0.5440   -28.2907     3.9191   -60.4889     4.1430
 15   -88.7114     0.5258   -28.6250     3.7092   -60.0840     3.9411
 16   -88.8087     0.5289   -28.1373     3.6041   -60.6690     3.8677
 17   -88.8664     0.5101   -27.5541     3.5808   -61.3098     3.8526
 18   -88.8504     0.4820   -27.6317     3.3796   -61.2162     3.6370
 19   -88.7661     0.4860   -27.9242     3.2498   -60.8395     3.5218
 20   -88.7374     0.4646   -28.3937     3.2229   -60.3412     3.4866
 21   -88.7257     0.4426   -28.3657     3.0661   -60.3575     3.3166
 22   -88.7636     0.4288   -28.3003     2.9263   -60.4609     3.1690
 23   -88.7914     0.4134   -27.9482     2.8835   -60.8408     3.1219
 24   -88.8781     0.4321   -27.5771     2.8588   -61.2986     3.1261
 25   -88.8905     0.4152   -27.4936     2.7471   -61.3945     3.0046
 26   -88.9026     0.3997   -27.8418     2.7297   -61.0584     2.9639
 27   -88.9248     0.3871   -28.1190     2.6845   -60.8034     2.8973
 28   -88.9657     0.3819   -28.1976     2.5916   -60.7657     2.7929
 29   -88.9944     0.3730   -28.1690     2.5013   -60.8229     2.6973
 30   -89.0115     0.3619   -28.2472     2.4215   -60.7619     2.6087
 31   -88.9957     0.3515   -28.2867     2.3435   -60.7065     2.5256
 32   -88.9700     0.3442   -28.3905     2.2785   -60.5771     2.4590
 33   -88.9570     0.3346   -28.2512     2.2259   -60.7033     2.3967
 34   -89.0036     0.3377   -28.0740     2.1883   -60.9271     2.3678
 35   -89.0473     0.3394   -27.8171     2.1861   -61.2278     2.3765
 36   -89.0539     0.3301   -27.7223     2.1330   -61.3292     2.3184
 37   -89.0913     0.3296   -27.5447     2.1047   -61.5441     2.2955
 38   -89.0949     0.3209   -27.5788     2.0497   -61.5137     2.2351
 39   -89.0576     0.3213   -27.7377     2.0216   -61.3175     2.2121
 40   -89.0438     0.3144   -27.8023     1.9746   -61.2390     2.1618
 41   -89.0420     0.3067   -27.6856     1.9400   -61.3540     2.1209
 42   -89.0494     0.2996   -27.6910     1.8932   -61.3559     2.0698
 43   -89.0695     0.2953   -27.4909     1.8915   -61.5762     2.0686
 44   -89.0775     0.2890   -27.4526     1.8496   -61.6225     2.0231
 45   -89.1010     0.2864   -27.4383     1.8083   -61.6602     1.9791
 46   -89.1237     0.2838   -27.3632     1.7749   -61.7581     1.9455
 47   -89.1664     0.2905   -27.2617     1.7485   -61.9023     1.9253
 48   -89.1785     0.2854   -27.2589     1.7117   -61.9172     1.8850
 49   -89.1704     0.2800   -27.2614     1.6765   -61.9066     1.8463
 50   -89.1133     0.2971   -27.4277     1.6759   -61.6832     1.8634
 
 Mesh error is    0.076 kcal/mol
