 ERmod 0.3.8, Copyright (C) 2000-2019 Nobuyuki Matubayasi
                            2010-2019 Shun Sakuraba
 ERmod comes with ABSOLUTELY NO WARRANTY.
 This is free software, and you can redistribute it
 and/or modify it under certain conditions.
 See LICENSE file for details.
 
  Number of the   1-th solvent  =         1472
  Number of the   2-th solvent  =        10000
 
  Be sure that the solvent distribution is homogeneous (radial distribution function is essentially unity) when the solvent molecule is separated beyond distance of   10.0 Angstrom in any direction from any atom within the solute molecule
 
  LJ long-range correction    =        -3.5283     -5.7260
 
  Self-energy of the solute   =        -0.0114  kcal/mol
 
 
 cumulative average & 95% error for solvation energy
              total             1st component         2nd component
  1  -480.8162             -217.5050             -263.2997
  2  -479.2358     3.1607  -207.9650    19.0800  -271.2594    15.9192
  3  -480.6120     3.3024  -198.0925    22.6102  -282.5082    24.3026
  4  -481.3879     2.8038  -192.9951    18.9616  -288.3814    20.8156
  5  -481.9447     2.4407  -187.4945    18.3508  -294.4388    20.1679
  6  -482.2347     2.0755  -187.6479    14.9865  -294.5754    16.4693
  7  -482.0667     1.7860  -185.4765    13.3898  -296.5788    14.4843
  8  -482.2843     1.6068  -182.8342    12.7433  -299.4388    13.7864
  9  -481.9724     1.5483  -182.2225    11.3050  -299.7385    12.1732
 10  -481.7574     1.4501  -178.5872    12.4540  -303.1588    12.8586
 11  -481.7452     1.3119  -177.5204    11.4653  -304.2134    11.8208
 12  -481.9180     1.2464  -179.2988    11.0542  -302.6078    11.2585
 13  -482.1088     1.2084  -180.6910    10.5428  -301.4064    10.6314
 14  -482.0283     1.1303  -179.9832     9.8628  -302.0338     9.9224
 15  -481.9944     1.0544  -180.0721     9.1835  -301.9109     9.2406
 16  -482.0077     0.9867  -177.7697     9.7468  -304.2266     9.8064
 17  -481.8694     0.9672  -179.3060     9.6573  -302.5520     9.8015
 18  -481.8517     0.9126  -178.5631     9.2254  -303.2771     9.3540
 19  -481.9095     0.8709  -177.2934     9.0884  -304.6048     9.2378
 20  -481.9792     0.8379  -176.4185     8.7978  -305.5493     8.9650
 21  -482.1115     0.8398  -175.9177     8.4281  -306.1824     8.6210
 22  -482.2282     0.8340  -175.6153     8.0586  -306.6015     8.2624
 23  -482.2382     0.7972  -175.5632     7.7009  -306.6636     7.8960
 24  -482.0942     0.8158  -174.9030     7.4904  -307.1799     7.6300
 25  -482.0723     0.7837  -174.7309     7.1928  -307.3300     7.3246
 26  -482.2374     0.8222  -174.8712     6.9163  -307.3548     7.0374
 27  -482.3190     0.8078  -175.0278     6.6626  -307.2799     6.7734
 28  -482.2704     0.7845  -174.7555     6.4433  -307.5035     6.5424
 29  -482.3123     0.7616  -174.9975     6.2359  -307.3033     6.3254
 30  -482.3527     0.7402  -175.0685     6.0262  -307.2728     6.1112
 31  -482.4042     0.7233  -174.0108     6.2006  -308.3821     6.3135
 32  -482.4072     0.7004  -172.7717     6.4951  -309.6241     6.5985
 33  -482.4316     0.6806  -171.3741     6.8878  -311.0462     6.9993
 34  -482.4327     0.6602  -171.0343     6.7167  -311.3871     6.8244
 35  -482.3894     0.6469  -171.5445     6.6013  -310.8336     6.7184
 36  -482.2698     0.6727  -172.8789     6.9483  -309.3795     7.1475
 37  -482.2515     0.6553  -173.8393     7.0256  -308.4009     7.2219
 38  -482.1893     0.6498  -174.1150     6.8604  -308.0629     7.0617
 39  -482.2889     0.6636  -174.3664     6.7010  -307.9111     6.8850
 40  -482.1964     0.6727  -174.6055     6.5489  -307.5795     6.7433
 41  -482.1056     0.6808  -175.5797     6.6777  -306.5144     6.9132
 42  -482.0416     0.6766  -175.9471     6.5581  -306.0831     6.8015
 43  -481.9841     0.6706  -176.3017     6.4429  -305.6710     6.6924
 44  -482.0583     0.6718  -175.9314     6.3382  -306.1155     6.5987
 45  -482.1506     0.6822  -175.9106     6.1959  -306.2286     6.4544
 46  -482.1065     0.6730  -175.8808     6.0600  -306.2143     6.3126
 47  -482.0382     0.6725  -175.6419     5.9489  -306.3849     6.1862
 48  -482.1180     0.6774  -174.8875     6.0159  -307.2191     6.2815
 49  -482.1294     0.6638  -175.4371     5.9935  -306.6809     6.2455
 50  -482.0146     0.6898  -175.8754     5.9374  -306.1277     6.2185
 
 
 group  inft  solvation free energy     error          difference
  total solvation free energy
   1      0       -121.39787           0.36264           0.05526
   1     60       -123.22742           0.36182          -1.77428
   1     80       -128.09994           0.36012          -6.64681
   1    100       -136.52456           0.35956         -15.07143
   2      0       -121.45760           0.36223          -0.00447
   3      0       -121.45313           0.36494           0.00000
   4      0       -121.44104           0.36501           0.01209
   5      0       -121.51216           0.36317          -0.05902
   5     60       -123.73597           0.36239          -2.28284
   5     80       -129.09347           0.36133          -7.64033
   5    100       -136.67319           0.36057         -15.22006
 
  contribution from  1-th solvent component
   1      0        -63.76047           2.45104           0.04484
   1     60        -64.04390           2.45130          -0.23859
   1     80        -64.80161           2.45185          -0.99629
   1    100        -66.20327           2.45206          -2.39795
   2      0        -63.79693           2.45029           0.00838
   3      0        -63.80532           2.45020           0.00000
   4      0        -63.82104           2.44977          -0.01573
   5      0        -63.83074           2.45068          -0.02542
   5     60        -64.17562           2.45095          -0.37031
   5     80        -65.01600           2.45145          -1.21068
   5    100        -66.28623           2.45168          -2.48091
 
  contribution from  2-th solvent component
   1      0        -57.62601           2.66035           0.01041
   1     60        -59.17212           2.65868          -1.53570
   1     80        -63.28694           2.65525          -5.65052
   1    100        -70.30989           2.65210         -12.67347
   2      0        -57.64927           2.65972          -0.01285
   3      0        -57.63642           2.66327           0.00000
   4      0        -57.60860           2.66184           0.02782
   5      0        -57.67003           2.66000          -0.03361
   5     60        -59.54895           2.65823          -1.91253
   5     80        -64.06607           2.65500          -6.42965
   5    100        -70.37557           2.65180         -12.73915
 
 
 group  inft   Estimated free energy: total (kcal/mol)
   1      0    -120.1629    -118.8803    -122.4016    -122.0829    -123.0808
               -122.2388    -121.3258    -122.6349    -120.0040    -120.7786
               -121.9068    -121.4631    -121.9864    -121.1291    -121.1735
               -121.6934    -119.8004    -120.8864    -121.7145    -122.1199
               -122.7448    -122.5439    -122.0468    -120.1113    -121.4560
               -123.3718    -122.6971    -121.4114    -121.7739    -122.0770
               -122.8057    -122.1889    -122.1387    -121.5825    -120.7919
               -119.1061    -120.2662    -120.4601    -123.1910    -120.1632
               -119.0750    -120.5755    -119.8686    -123.0407    -123.4972
               -120.4237    -120.2118    -123.5237    -121.0379    -118.2473
   1     60    -122.0055    -120.7170    -124.2191    -123.9200    -124.9039
               -124.0666    -123.1539    -124.4684    -121.8496    -122.5935
               -123.7302    -123.3043    -123.8360    -122.9633    -123.0035
               -123.5029    -121.6393    -122.7180    -123.5359    -123.9465
               -124.5704    -124.3746    -123.8746    -121.9289    -123.2810
               -125.2049    -124.5269    -123.2345    -123.6106    -123.9030
               -124.6212    -124.0003    -123.9561    -123.4051    -122.6174
               -120.9458    -122.1102    -122.2785    -125.0202    -121.9906
               -120.9164    -122.4108    -121.7111    -124.8724    -125.3294
               -122.2532    -122.0396    -125.3520    -122.8751    -120.0790
   1     80    -126.9049    -125.6075    -129.0636    -128.8189    -129.7692
               -128.9299    -128.0205    -129.3504    -126.7564    -127.4426
               -128.5883    -128.2037    -128.7512    -127.8360    -127.8779
               -128.3422    -126.5301    -127.5995    -128.3921    -128.8124
               -129.4358    -129.2526    -128.7516    -126.7734    -128.1394
               -130.0792    -129.3893    -128.0964    -128.5023    -128.7676
               -129.4626    -128.8371    -128.8014    -128.2587    -127.4804
               -125.8428    -127.0105    -127.1271    -129.8986    -126.8550
               -125.8133    -127.2937    -126.5956    -129.7493    -130.2045
               -127.1246    -126.9032    -130.2205    -127.7674    -124.9657
   1    100    -135.3498    -134.0220    -137.4525    -137.2719    -138.2029
               -137.3637    -136.4415    -137.7816    -135.2161    -135.8385
               -137.0128    -136.6523    -137.2129    -136.2556    -136.2992
               -136.7377    -134.9480    -136.0344    -136.7807    -137.2292
               -137.8631    -137.6734    -137.1886    -135.1891    -136.5507
               -138.5157    -137.8194    -136.5194    -136.9489    -137.1891
               -137.8517    -137.2327    -137.1872    -136.6549    -135.9178
               -134.2897    -135.4621    -135.5215    -138.3403    -135.2849
               -134.2535    -135.7362    -135.0371    -138.1713    -138.6192
               -135.5324    -135.3300    -138.6554    -136.2035    -133.3858
   2      0    -120.2161    -118.9286    -122.4353    -122.0968    -123.1550
               -122.2914    -121.3636    -122.7010    -120.1199    -120.7589
               -121.9970    -121.5089    -122.0620    -121.1623    -121.2759
               -121.7695    -119.8598    -120.9574    -121.7709    -122.2415
               -122.7928    -122.5824    -122.0911    -120.1906    -121.5023
               -123.4351    -122.7426    -121.4226    -121.8206    -122.1290
               -122.8859    -122.2368    -122.2281    -121.6801    -120.8558
               -119.1577    -120.3853    -120.5741    -123.2469    -120.2034
               -119.1290    -120.6381    -119.9485    -123.0939    -123.5289
               -120.5028    -120.2912    -123.5690    -121.0806    -118.2634
   3      0    -120.1678    -118.9495    -122.3983    -122.0871    -123.1282
               -122.2393    -121.3834    -122.7333    -120.1054    -120.7454
               -121.9946    -121.5439    -122.0846    -121.2048    -121.2563
               -121.7019    -119.8017    -120.9047    -121.8213    -122.2421
               -122.7995    -122.6322    -122.1012    -120.1561    -121.5055
               -123.4257    -122.7118    -121.4576    -121.7823    -122.1333
               -122.9266    -122.2956    -122.2473    -121.6702    -120.8292
               -119.1502    -120.3027    -120.5990    -123.2120    -120.1596
               -119.1002    -120.6581    -119.9428    -123.1338    -123.5367
               -120.5030    -120.3131    -123.5854    -121.0609    -118.2313
   4      0    -120.1303    -118.9409    -122.3929    -122.0978    -123.1302
               -122.2762    -121.3358    -122.7387    -120.1287    -120.7050
               -121.9568    -121.5446    -122.0830    -121.1527    -121.2259
               -121.6948    -119.8079    -120.9098    -121.8172    -122.2277
               -122.7879    -122.5885    -122.0980    -120.1148    -121.4803
               -123.3366    -122.6803    -121.4310    -121.8195    -122.1686
               -122.9075    -122.2332    -122.2269    -121.6496    -120.8282
               -119.1342    -120.3173    -120.5668    -123.2138    -120.1658
               -119.0843    -120.6575    -119.9684    -123.1483    -123.5333
               -120.5059    -120.2959    -123.5962    -121.0155    -118.2006
   5      0    -120.2577    -118.9956    -122.5374    -122.1241    -123.1643
               -122.2711    -121.4302    -122.7853    -120.1612    -120.7288
               -122.0482    -121.6198    -122.1637    -121.2716    -121.3159
               -121.7956    -119.9054    -120.9117    -121.8388    -122.3028
               -122.8364    -122.6558    -122.1787    -120.1744    -121.5513
               -123.4232    -122.7712    -121.5340    -121.8485    -122.2218
               -122.9826    -122.2981    -122.3371    -121.7450    -120.9105
               -119.2543    -120.3732    -120.6468    -123.3042    -120.1933
               -119.1993    -120.7519    -120.0146    -123.1459    -123.6113
               -120.5446    -120.3662    -123.6521    -121.1276    -118.3245
   5     60    -122.4961    -121.2339    -124.7468    -124.3557    -125.3752
               -124.4881    -123.6459    -125.0188    -122.4081    -122.9343
               -124.2636    -123.8633    -124.4161    -123.5026    -123.5417
               -123.9975    -122.1373    -123.1381    -124.0545    -124.5276
               -125.0581    -124.8854    -124.4039    -122.3813    -123.7699
               -125.6462    -124.9886    -123.7502    -124.0763    -124.4438
               -125.1906    -124.5051    -124.5502    -123.9596    -123.1289
               -121.4893    -122.6089    -122.8611    -125.5269    -122.4127
               -121.4380    -122.9817    -122.2508    -125.3738    -125.8410
               -122.7687    -122.5875    -125.8754    -123.3575    -120.5420
   5     80    -127.8784    -126.6098    -130.0711    -129.7310    -130.7153
               -129.8315    -128.9902    -130.3942    -127.8086    -128.2505
               -129.6063    -129.2585    -129.8259    -128.8671    -128.8992
               -129.3187    -127.5026    -128.4955    -129.3919    -129.8848
               -130.4123    -130.2514    -129.7657    -127.7129    -129.1185
               -131.0046    -130.3361    -129.0982    -129.4490    -129.7992
               -130.5190    -129.8321    -129.8865    -129.2984    -128.4827
               -126.8699    -127.9934    -128.1996    -130.8920    -127.7596
               -126.8230    -128.3460    -127.6288    -130.7417    -131.2054
               -128.1239    -127.9398    -131.2352    -128.7292    -125.8878
   5    100    -135.4815    -134.1825    -137.6261    -137.3354    -138.2972
               -137.4221    -136.5717    -137.9806    -135.4076    -135.8026
               -137.1894    -136.8602    -137.4378    -136.4431    -136.4687
               -136.8704    -135.0782    -136.0918    -136.9351    -137.4530
               -137.9867    -137.8227    -137.3564    -135.2794    -136.6880
               -138.5979    -137.9195    -136.6711    -137.0414    -137.3799
               -138.0678    -137.3834    -137.4324    -136.8546    -136.0692
               -134.4693    -135.6038    -135.7576    -138.4957    -135.3441
               -134.4264    -135.9408    -135.2256    -138.3147    -138.7722
               -135.6932    -135.5220    -138.8221    -136.3227    -133.4640
 
 group  inft   Estimated free energy: 1-th solvent contribution (kcal/mol)
   1      0     -80.8348     -72.8448     -64.9848     -64.5533     -59.4777
                -69.1107     -62.3600     -59.2763     -64.6188     -50.8659
                -60.3117     -74.0180     -73.2763     -61.2987     -65.7495
                -50.0206     -74.7698     -58.2245     -54.6353     -57.8988
                -60.4762     -61.3234     -63.1161     -56.8699     -61.5534
                -64.6003     -64.8412     -60.5014     -66.0382     -64.3339
                -49.8099     -46.9480     -43.2776     -56.6857     -69.3444
                -81.8688     -77.2863     -67.1392     -67.0234     -67.2649
                -79.5167     -70.1791     -69.6191     -57.4487     -63.7075
                -63.1972     -59.2179     -49.1682     -74.3652     -72.1714
   1     60     -81.1199     -73.1301     -65.2674     -64.8388     -59.7592
                -69.3944     -62.6445     -59.5600     -64.9042     -51.1479
                -60.5941     -74.3024     -73.5626     -61.5829     -66.0328
                -50.2983     -75.0537     -58.5081     -54.9170     -58.1816
                -60.7582     -61.6067     -63.4008     -57.1510     -61.8353
                -64.8853     -65.1254     -60.7851     -66.3229     -64.6156
                -50.0918     -47.2286     -43.5594     -56.9666     -69.6280
                -82.1540     -77.5690     -67.4209     -67.3082     -67.5471
                -79.8019     -70.4634     -69.9036     -57.7342     -63.9935
                -63.4812     -59.5011     -49.4526     -74.6497     -72.4538
   1     80     -81.8816     -73.8926     -66.0235     -65.6025     -60.5132
                -70.1523     -63.4043     -60.3186     -65.6663     -51.9038
                -61.3493     -75.0626     -74.3265     -62.3408     -66.7900
                -51.0442     -75.8122     -59.2668     -55.6713     -58.9382
                -61.5126     -62.3649     -64.1622     -57.9028     -62.5890
                -65.6460     -65.8836     -61.5437     -67.0839     -65.3693
                -50.8460     -47.9806     -44.3139     -57.7180     -70.3860
                -82.9157     -78.3245     -68.1745     -68.0700     -68.3012
                -80.5631     -71.2223     -70.6614     -58.4968     -64.7570
                -64.2403     -60.2573     -50.2124     -75.4104     -73.2101
   1    100     -83.2881     -75.2934     -67.4192     -67.0117     -61.9136
                -71.5545     -64.8071     -61.7255     -67.0749     -53.3012
                -62.7507     -76.4703     -75.7371     -63.7420     -68.1886
                -52.4357     -77.2073     -60.6695     -57.0689     -60.3426
                -62.9129     -63.7684     -65.5666     -59.2998     -63.9859
                -67.0512     -67.2864     -62.9465     -68.4891     -66.7681
                -52.2438     -49.3793     -45.7154     -59.1123     -71.7889
                -84.3177     -79.7252     -69.5687     -69.4740     -69.6993
                -81.9624     -72.6247     -72.0643     -59.9029     -66.1641
                -65.6443     -61.6577     -51.6219     -76.8127     -74.6068
   2      0     -80.8647     -72.8699     -65.0196     -64.5711     -59.5278
                -69.1292     -62.3901     -59.3259     -64.6640     -50.8826
                -60.3680     -74.0473     -73.3343     -61.3513     -65.7991
                -50.0594     -74.7985     -58.2650     -54.6831     -57.9508
                -60.5323     -61.3514     -63.1399     -56.8998     -61.5960
                -64.6344     -64.8566     -60.5143     -66.0706     -64.3684
                -49.8489     -46.9881     -43.3309     -56.7404     -69.3728
                -81.9236     -77.3403     -67.1793     -67.0484     -67.2980
                -79.5426     -70.2039     -69.6645     -57.5023     -63.7299
                -63.2398     -59.2618     -49.1979     -74.3840     -72.1837
   3      0     -80.8565     -72.8918     -65.0163     -64.5925     -59.5351
                -69.1390     -62.3934     -59.3372     -64.6835     -50.8764
                -60.3642     -74.0896     -73.3402     -61.3552     -65.8056
                -50.0528     -74.8015     -58.2606     -54.7181     -57.9738
                -60.5434     -61.3770     -63.1500     -56.9068     -61.6001
                -64.6320     -64.8724     -60.5332     -66.0726     -64.3692
                -49.8599     -46.9996     -43.3375     -56.7501     -69.3793
                -81.9386     -77.3239     -67.1980     -67.0427     -67.3058
                -79.5586     -70.2292     -69.6709     -57.5183     -63.7504
                -63.2322     -59.2875     -49.1936     -74.3764     -72.1730
   4      0     -80.8596     -72.9078     -65.0245     -64.6008     -59.5575
                -69.1340     -62.4228     -59.3759     -64.7081     -50.8838
                -60.3631     -74.0965     -73.3703     -61.3776     -65.8147
                -50.0820     -74.8238     -58.2924     -54.7405     -57.9802
                -60.5511     -61.3736     -63.1511     -56.9278     -61.6272
                -64.6261     -64.8773     -60.5379     -66.0970     -64.4053
                -49.8874     -47.0185     -43.3581     -56.7689     -69.3858
                -81.9272     -77.3565     -67.1950     -67.0656     -67.3141
                -79.5750     -70.2488     -69.7062     -57.5205     -63.7634
                -63.2618     -59.2888     -49.2120     -74.4083     -72.1995
   5      0     -80.8840     -72.8996     -65.0625     -64.6129     -59.5491
                -69.1287     -62.4035     -59.3644     -64.6952     -50.8898
                -60.3673     -74.1093     -73.3850     -61.3944     -65.8176
                -50.0860     -74.8666     -58.2876     -54.7248     -58.0031
                -60.5513     -61.3906     -63.1920     -56.9487     -61.6241
                -64.6503     -64.8955     -60.5511     -66.1020     -64.4034
                -49.9036     -47.0326     -43.3721     -56.7663     -69.4209
                -81.9727     -77.3445     -67.1986     -67.0819     -67.3308
                -79.5960     -70.2520     -69.6861     -57.5259     -63.7869
                -63.2619     -59.2902     -49.2300     -74.4159     -72.2272
   5     60     -81.2304     -73.2475     -65.4067     -64.9601     -59.8911
                -69.4734     -62.7488     -59.7102     -65.0429     -51.2327
                -60.7110     -74.4562     -73.7339     -61.7405     -66.1626
                -50.4242     -75.2120     -58.6330     -55.0681     -58.3479
                -60.8950     -61.7357     -63.5389     -57.2904     -61.9674
                -64.9965     -65.2402     -60.8962     -66.4480     -64.7465
                -50.2468     -47.3747     -43.7157     -57.1081     -69.7660
                -82.3197     -77.6878     -67.5418     -67.4282     -67.6743
                -79.9431     -70.5977     -70.0319     -57.8737     -64.1349
                -63.6071     -59.6350     -49.5761     -74.7615     -72.5693
   5     80     -82.0735     -74.0926     -66.2450     -65.8057     -60.7264
                -70.3134     -63.5902     -60.5524     -65.8888     -52.0682
                -61.5492     -75.3007     -74.5821     -62.5823     -67.0024
                -51.2520     -76.0520     -59.4738     -55.9051     -59.1885
                -61.7330     -62.5764     -64.3835     -58.1250     -62.8047
                -65.8399     -66.0805     -61.7374     -67.2916     -65.5836
                -51.0840     -48.2098     -44.5540     -57.9423     -70.6077
                -83.1638     -78.5256     -68.3783     -68.2725     -68.5113
                -80.7872     -71.4386     -70.8734     -58.7204     -64.9814
                -64.4481     -60.4748     -50.4195     -75.6037     -73.4036
   5    100     -83.3475     -75.3617     -67.5121     -67.0821     -61.9953
                -71.5857     -64.8629     -61.8265     -67.1631     -53.3342
                -62.8201     -76.5764     -75.8601     -63.8525     -68.2685
                -52.5130     -77.3176     -60.7477     -57.1724     -60.4606
                -63.0016     -63.8466     -65.6560     -59.3894     -64.0710
                -67.1146     -67.3513     -63.0072     -68.5653     -66.8518
                -52.3503     -49.4763     -45.8249     -59.2067     -71.8781
                -84.4342     -79.7964     -69.6414     -69.5451     -69.7794
                -82.0565     -72.7092     -72.1449     -59.9944     -66.2547
                -65.7193     -61.7448     -51.6960     -76.8752     -74.6691
 
 group  inft   Estimated free energy: 2-th solvent contribution (kcal/mol)
   1      0     -39.3167     -46.0241     -57.4055     -57.5182     -63.5917
                -53.1167     -58.9543     -63.3473     -55.3738     -69.9013
                -61.5837     -47.4337     -48.6987     -59.8190     -55.4126
                -71.6614     -45.0192     -62.6505     -67.0678     -64.2098
                -62.2572     -61.2091     -58.9194     -63.2300     -59.8911
                -58.7601     -57.8445     -60.8986     -55.7243     -57.7317
                -72.9844     -75.2296     -78.8497     -64.8854     -51.4361
                -37.2259     -42.9685     -53.3095     -56.1563     -52.8869
                -39.5469     -50.3850     -50.2381     -65.5806     -59.7783
                -57.2151     -60.9825     -74.3440     -46.6613     -46.0645
   1     60     -40.8742     -47.5754     -58.9403     -59.0698     -65.1333
                -54.6608     -60.4980     -64.8970     -56.9339     -71.4342
                -63.1247     -48.9904     -50.2620     -61.3690     -56.9593
                -73.1932     -46.5742     -64.1985     -68.6074     -65.7535
                -63.8008     -62.7565     -60.4624     -64.7665     -61.4344
                -60.3081     -59.3901     -62.4380     -57.2763     -59.2761
                -74.5180     -76.7603     -80.3853     -66.4271     -52.9780
                -38.7804     -44.5298     -54.8462     -57.7006     -54.4321
                -41.1030     -51.9360     -51.7961     -67.1268     -61.3245
                -58.7606     -62.5271     -75.8880     -48.2140     -47.6138
   1     80     -45.0119     -51.7035     -63.0287     -63.2050     -69.2446
                -58.7662     -64.6048     -69.0204     -61.0787     -75.5275
                -67.2275     -53.1297     -54.4133     -65.4838     -61.0764
                -77.2865     -50.7065     -68.3213     -72.7094     -69.8628
                -67.9118     -66.8763     -64.5780     -68.8592     -65.5390
                -64.4218     -63.4943     -66.5413     -61.4070     -63.3869
                -78.6052     -80.8451     -84.4761     -70.5294     -57.0830
                -42.9157     -48.6746     -58.9412     -61.8172     -58.5424
                -45.2387     -56.0601     -55.9228     -71.2411     -65.4361
                -62.8729     -66.6345     -79.9967     -52.3455     -51.7442
   1    100     -52.0503     -58.7171     -70.0219     -70.2489     -76.2778
                -65.7978     -71.6229     -76.0447     -68.1298     -82.5260
                -74.2506     -60.1706     -61.4644     -72.5022     -68.0991
                -84.2906     -57.7293     -75.3534     -79.7005     -76.8751
                -74.9388     -73.8936     -71.6107     -75.8779     -72.5534
                -71.4531     -70.5217     -73.5614     -68.4483     -70.4097
                -85.5965     -87.8420     -91.4604     -77.5312     -64.1175
                -49.9606     -55.7256     -65.9414     -68.8550     -65.5743
                -52.2796     -63.1002     -62.9614     -78.2570     -72.4437
                -69.8767     -73.6609     -87.0222     -59.3793     -58.7676
   2      0     -39.3401     -46.0472     -57.4043     -57.5143     -63.6158
                -53.1508     -58.9620     -63.3637     -55.4445     -69.8649
                -61.6176     -47.4502     -48.7163     -59.7996     -55.4654
                -71.6987     -45.0500     -62.6810     -67.0764     -64.2793
                -62.2491     -61.2196     -58.9397     -63.2794     -59.8949
                -58.7893     -57.8746     -60.8969     -55.7387     -57.7491
                -73.0256     -75.2372     -78.8858     -64.9283     -51.4716
                -37.2228     -43.0336     -53.3834     -56.1871     -52.8940
                -39.5750     -50.4229     -50.2726     -65.5803     -59.7876
                -57.2516     -61.0180     -74.3596     -46.6852     -46.0683
   3      0     -39.2999     -46.0462     -57.3705     -57.4832     -63.5818
                -53.0890     -58.9786     -63.3847     -55.4105     -69.8575
                -61.6189     -47.4429     -48.7330     -59.8383     -55.4393
                -71.6377     -44.9888     -62.6327     -67.0919     -64.2570
                -62.2447     -61.2438     -58.9397     -63.2379     -59.8940
                -58.7823     -57.8280     -60.9130     -55.6984     -57.7526
                -73.0553     -75.2846     -78.8984     -64.9087     -51.4384
                -37.2003     -42.9674     -53.3896     -56.1579     -52.8424
                -39.5302     -50.4174     -50.2605     -65.6041     -59.7748
                -57.2593     -61.0141     -74.3804     -46.6731     -46.0469
   4      0     -39.2593     -46.0217     -57.3570     -57.4856     -63.5613
                -53.1308     -58.9017     -63.3514     -55.4092     -69.8098
                -61.5823     -47.4367     -48.7013     -59.7637     -55.3998
                -71.6014     -44.9728     -62.6060     -67.0652     -64.2361
                -62.2254     -61.2036     -58.9356     -63.1755     -59.8417
                -58.6991     -57.7916     -60.8816     -55.7111     -57.7519
                -73.0086     -75.2033     -78.8574     -64.8693     -51.4310
                -37.1956     -42.9494     -53.3604     -56.1368     -52.8402
                -39.4979     -50.3972     -50.2508     -65.6164     -59.7585
                -57.2327     -60.9957     -74.3728     -46.5958     -45.9897
   5      0     -39.3624     -46.0846     -57.4635     -57.4997     -63.6038
                -53.1310     -59.0152     -63.4095     -55.4546     -69.8276
                -61.6696     -47.4991     -48.7673     -59.8658     -55.4869
                -71.6982     -45.0274     -62.6126     -67.1026     -64.2883
                -62.2737     -61.2538     -58.9754     -63.2142     -59.9158
                -58.7615     -57.8643     -60.9716     -55.7351     -57.8070
                -73.0676     -75.2540     -78.9536     -64.9673     -51.4782
                -37.2702     -43.0173     -53.4368     -56.2109     -52.8511
                -39.5920     -50.4885     -50.3172     -65.6086     -59.8130
                -57.2713     -61.0646     -74.4107     -46.7003     -46.0859
   5     60     -41.2543     -47.9750     -59.3288     -59.3841     -65.4727
                -55.0033     -60.8857     -65.2973     -57.3538     -71.6902
                -63.5412     -49.3958     -50.6708     -61.7507     -57.3677
                -73.5619     -46.9140     -64.4937     -68.9750     -66.1682
                -64.1517     -63.1383     -60.8536     -65.0794     -61.7911
                -60.6383     -59.7370     -62.8426     -57.6169     -59.6859
                -74.9324     -77.1191     -80.8231     -66.8401     -53.3515
                -39.1582     -44.9097     -55.3079     -58.0873     -54.7270
                -41.4835     -52.3727     -52.2076     -67.4888     -61.6947
                -59.1502     -62.9411     -76.2879     -48.5846     -47.9614
   5     80     -45.7935     -52.5058     -63.8147     -63.9140     -69.9776
                -59.5067     -65.3886     -69.8304     -61.9084     -76.1710
                -68.0456     -53.9464     -55.2324     -66.2734     -61.8854
                -78.0553     -51.4392     -69.0103     -73.4755     -70.6850
                -68.6679     -67.6635     -65.3708     -69.5765     -66.3024
                -65.1532     -64.2443     -67.3494     -62.1460     -64.2042
                -79.4236     -81.6109     -85.3211     -71.3447     -57.8637
                -43.6946     -49.4564     -59.8099     -62.6081     -59.2369
                -46.0244     -56.8960     -56.7440     -72.0099     -66.2127
                -63.6643     -67.4536     -80.8043     -53.1141     -52.4728
   5    100     -52.1225     -58.8094     -70.1026     -70.2419     -76.2905
                -65.8250     -71.6974     -76.1427     -68.2331     -82.4570
                -74.3579     -60.2724     -61.5663     -72.5792     -68.1888
                -84.3460     -57.7493     -75.3326     -79.7513     -76.9810
                -74.9737     -73.9648     -71.6890     -75.8785     -72.6056
                -71.4719     -70.5568     -73.6525     -68.4648     -70.5167
                -85.7061     -87.8957     -91.5961     -77.6366     -64.1797
                -50.0237     -55.7960     -66.1048     -68.9393     -65.5533
                -52.3585     -63.2202     -63.0694     -78.3090     -72.5061
                -69.9626     -73.7657     -87.1148     -59.4361     -58.7835
 
 
 cumulative average & 95% error for solvation free energy
              total             1st component         2nd component
  1  -120.1678              -80.8565              -39.2999
  2  -119.5586     1.2183   -76.8742     7.9646   -42.6731     6.7463
  3  -120.5052     2.0195   -72.9215     9.1453   -47.5722    10.5441
  4  -120.9006     1.6325   -70.8393     7.6917   -50.0500     8.9524
  5  -121.3462     1.5469   -68.5784     7.4795   -52.7563     8.7969
  6  -121.4950     1.2977   -68.6719     6.1098   -52.8118     7.1835
  7  -121.4791     1.0972   -67.7749     5.4665   -53.6927     6.3216
  8  -121.6359     1.0006   -66.7202     5.1828   -54.9042     5.9869
  9  -121.4658     0.9457   -66.4939     4.5932   -54.9605     5.2812
 10  -121.3938     0.8581   -64.9322     5.1608   -56.4502     5.5848
 11  -121.4484     0.7838   -64.5169     4.7414   -56.9201     5.1383
 12  -121.4563     0.7157   -65.3146     4.6130   -56.1303     4.9494
 13  -121.5047     0.6654   -65.9320     4.4193   -55.5613     4.6929
 14  -121.4833     0.6175   -65.6051     4.1434   -55.8668     4.3875
 15  -121.4681     0.5757   -65.6184     3.8574   -55.8383     4.0849
 16  -121.4827     0.5393   -64.6456     4.0994   -56.8258     4.3013
 17  -121.3839     0.5438   -65.2430     4.0319   -56.1295     4.2736
 18  -121.3572     0.5155   -64.8551     3.8796   -56.4908     4.0935
 19  -121.3817     0.4900   -64.3216     3.8217   -57.0487     4.0296
 20  -121.4247     0.4728   -64.0042     3.6808   -57.4091     3.8902
 21  -121.4902     0.4684   -63.8394     3.5166   -57.6394     3.7289
 22  -121.5421     0.4585   -63.7274     3.3604   -57.8032     3.5704
 23  -121.5664     0.4408   -63.7023     3.2114   -57.8526     3.4131
 24  -121.5076     0.4381   -63.4192     3.1264   -58.0770     3.2985
 25  -121.5075     0.4202   -63.3464     3.0022   -58.1497     3.1671
 26  -121.5813     0.4298   -63.3959     2.8862   -58.1740     3.0432
 27  -121.6232     0.4220   -63.4506     2.7794   -58.1612     2.9285
 28  -121.6173     0.4068   -63.3464     2.6863   -58.2595     2.8288
 29  -121.6230     0.3927   -63.4404     2.5989   -58.1712     2.7352
 30  -121.6400     0.3809   -63.4713     2.5115   -58.1572     2.6426
 31  -121.6815     0.3776   -63.0323     2.5830   -58.6378     2.7307
 32  -121.7007     0.3677   -62.5312     2.6943   -59.1580     2.8413
 33  -121.7172     0.3579   -61.9496     2.8587   -59.7562     3.0025
 34  -121.7158     0.3472   -61.7967     2.7902   -59.9078     2.9286
 35  -121.6905     0.3409   -62.0133     2.7437   -59.6658     2.8846
 36  -121.6199     0.3601   -62.5668     2.8871   -59.0417     3.0686
 37  -121.5843     0.3574   -62.9656     2.9190   -58.6073     3.1084
 38  -121.5584     0.3517   -63.0770     2.8499   -58.4700     3.0380
 39  -121.6008     0.3529   -63.1787     2.7833   -58.4107     2.9614
 40  -121.5648     0.3515   -63.2819     2.7207   -58.2715     2.8998
 41  -121.5047     0.3633   -63.6789     2.7697   -57.8144     2.9723
 42  -121.4845     0.3568   -63.8348     2.7209   -57.6383     2.9220
 43  -121.4487     0.3557   -63.9706     2.6707   -57.4667     2.8738
 44  -121.4870     0.3559   -63.8239     2.6257   -57.6516     2.8320
 45  -121.5325     0.3596   -63.8223     2.5667   -57.6988     2.7699
 46  -121.5101     0.3545   -63.8095     2.5104   -57.6893     2.7091
 47  -121.4847     0.3506   -63.7133     2.4640   -57.7600     2.6546
 48  -121.5284     0.3542   -63.4108     2.4868   -58.1063     2.6894
 49  -121.5189     0.3474   -63.6345     2.4763   -57.8729     2.6750
 50  -121.4531     0.3649   -63.8053     2.4502   -57.6364     2.6633
 
 Mesh error is    0.059 kcal/mol
