 ERmod 0.3.8, Copyright (C) 2000-2019 Nobuyuki Matubayasi
                            2010-2019 Shun Sakuraba
 ERmod comes with ABSOLUTELY NO WARRANTY.
 This is free software, and you can redistribute it
 and/or modify it under certain conditions.
 See LICENSE file for details.
 
  Number of the   1-th solvent  =         1472
  Number of the   2-th solvent  =        10000
 
  Be sure that the solvent distribution is homogeneous (radial distribution function is essentially unity) when the solvent molecule is separated beyond distance of   10.0 Angstrom in any direction from any atom within the solute molecule
 
  LJ long-range correction    =        -3.5283     -5.7260
 
  Self-energy of the solute   =         0.0033  kcal/mol
 
 
 cumulative average & 95% error for solvation energy
              total             1st component         2nd component
  1  -476.3174             -189.7501             -286.5705
  2  -477.9152     3.1956  -195.3847    11.2692  -282.5338     8.0736
  3  -478.7315     2.4636  -181.9194    27.7055  -296.8154    28.9412
  4  -478.3208     1.9260  -173.3044    26.0896  -305.0197    26.2305
  5  -477.9740     1.6452  -169.6766    21.4719  -308.3007    21.3514
  6  -477.9169     1.3482  -165.0593    19.8152  -312.8609    19.6749
  7  -477.6366     1.2699  -165.4835    16.7684  -312.1563    16.6879
  8  -477.2528     1.3410  -170.0475    17.1524  -307.2086    17.5153
  9  -476.8575     1.4227  -174.0064    17.0739  -302.8543    17.7328
 10  -476.8356     1.2732  -174.5484    15.3098  -302.2905    15.9007
 11  -477.1664     1.3282  -173.1112    14.1434  -304.0585    14.8110
 12  -477.3048     1.2436  -169.9715    14.3571  -307.3365    15.0262
 13  -477.0845     1.2259  -169.1869    13.2995  -307.9008    13.8681
 14  -477.1088     1.1360  -168.8559    12.3308  -308.2561    12.8590
 15  -477.0885     1.0584  -168.4341    11.5103  -308.6576    11.9980
 16  -477.1398     0.9953  -169.0784    10.8437  -308.0647    11.2856
 17  -477.0124     0.9690  -169.2098    10.1893  -307.8059    10.6136
 18  -477.0115     0.9136  -169.0485     9.6119  -307.9662    10.0117
 19  -477.0320     0.8651  -169.4339     9.1246  -307.6014     9.4982
 20  -476.9429     0.8399  -168.6496     8.7973  -308.2966     9.1174
 21  -476.9276     0.7995  -168.5284     8.3714  -308.4024     8.6750
 22  -477.0068     0.7785  -169.4545     8.1939  -307.5555     8.4429
 23  -477.0000     0.7440  -169.2368     7.8417  -307.7664     8.0785
 24  -476.9946     0.7124  -168.7426     7.5726  -308.2552     7.7961
 25  -476.9613     0.6866  -167.9152     7.4495  -309.0494     7.6446
 26  -477.0234     0.6713  -167.9180     7.1573  -309.1087     7.3457
 27  -477.0688     0.6523  -167.4167     6.9597  -309.6554     7.1524
 28  -477.1074     0.6333  -166.7088     6.8543  -310.4018     7.0521
 29  -477.1387     0.6142  -165.5010     7.0411  -311.6410     7.2419
 30  -477.2980     0.6735  -165.0277     6.8679  -312.2735     7.1097
 31  -477.4158     0.6927  -164.3382     6.7843  -313.0809     7.0636
 32  -477.3689     0.6773  -164.1984     6.5748  -313.1737     6.8418
 33  -477.3219     0.6631  -164.2922     6.3752  -313.0330     6.6372
 34  -477.2764     0.6497  -164.0935     6.1976  -313.1862     6.4464
 35  -477.3217     0.6374  -164.3876     6.0466  -312.9373     6.2792
 36  -477.4026     0.6402  -163.6473     6.0600  -313.7586     6.3195
 37  -477.3459     0.6329  -163.4067     5.9135  -313.9425     6.1574
 38  -477.2799     0.6301  -163.1562     5.7776  -314.1269     6.0045
 39  -477.3201     0.6189  -163.1329     5.6277  -314.1905     5.8499
 40  -477.3522     0.6067  -162.9500     5.4974  -314.4054     5.7179
 41  -477.3844     0.5952  -162.9815     5.3620  -314.4061     5.5767
 42  -477.3688     0.5817  -163.1414     5.2425  -314.2307     5.4536
 43  -477.3566     0.5685  -162.7814     5.1695  -314.5785     5.3705
 44  -477.4337     0.5764  -162.9224     5.0585  -314.5146     5.2486
 45  -477.4433     0.5638  -163.4682     5.0639  -313.9783     5.2416
 46  -477.3844     0.5638  -164.0176     5.0730  -313.3700     5.2687
 47  -477.3464     0.5569  -164.2806     4.9917  -313.0690     5.1904
 48  -477.3683     0.5470  -164.7025     4.9589  -312.6691     5.1437
 49  -477.3273     0.5419  -165.6261     5.1960  -311.7045     5.3944
 50  -477.2645     0.5456  -166.4533     5.3531  -310.8145     5.5771
 
 
 group  inft  solvation free energy     error          difference
  total solvation free energy
   1      0       -115.48217           0.27785           0.21332
   1     60       -117.25265           0.27667          -1.55716
   1     80       -122.02575           0.27312          -6.33026
   1    100       -130.23420           0.27228         -14.53871
   2      0       -115.59999           0.27460           0.09550
   3      0       -115.69549           0.27163           0.00000
   4      0       -115.61821           0.27425           0.07728
   5      0       -115.74488           0.27497          -0.04939
   5     60       -117.88793           0.27366          -2.19244
   5     80       -123.18464           0.26988          -7.48915
   5    100       -130.56391           0.26936         -14.86842
 
  contribution from  1-th solvent component
   1      0        -58.19808           2.16339           0.03996
   1     60        -58.47047           2.16364          -0.23243
   1     80        -59.21120           2.16437          -0.97315
   1    100        -60.57037           2.16456          -2.33232
   2      0        -58.20879           2.16423           0.02926
   3      0        -58.23805           2.16531           0.00000
   4      0        -58.24144           2.16386          -0.00340
   5      0        -58.25945           2.16401          -0.02141
   5     60        -58.59121           2.16431          -0.35316
   5     80        -59.42027           2.16520          -1.18223
   5    100        -60.65209           2.16537          -2.41404
 
  contribution from  2-th solvent component
   1      0        -57.28735           2.35559           0.17335
   1     60        -58.78544           2.35415          -1.32473
   1     80        -62.81782           2.35008          -5.35711
   1    100        -69.66710           2.34797         -12.20639
   2      0        -57.39447           2.35298           0.06624
   3      0        -57.46071           2.35142           0.00000
   4      0        -57.38003           2.35070           0.08068
   5      0        -57.48869           2.35013          -0.02798
   5     60        -59.29998           2.34861          -1.83928
   5     80        -63.76763           2.34364          -6.30692
   5    100        -69.91508           2.34164         -12.45438
 
 
 group  inft   Estimated free energy: total (kcal/mol)
   1      0    -114.5535    -115.0685    -116.7948    -115.5140    -115.7433
               -115.8847    -114.6946    -114.1846    -113.4894    -114.5342
               -116.8108    -116.8818    -114.4135    -115.9701    -115.7695
               -115.6812    -114.5582    -115.6604    -115.8499    -115.1791
               -115.1650    -115.0331    -115.9037    -115.5623    -115.7753
               -116.0939    -115.8553    -115.8010    -115.9824    -118.3665
               -117.2919    -115.2226    -115.0716    -115.0988    -115.5586
               -116.6554    -115.2550    -114.2854    -116.2195    -116.1671
               -116.4478    -115.6170    -115.7011    -116.3808    -115.4326
               -113.4270    -114.9562    -115.3591    -113.7148    -113.4714
   1     60    -116.3337    -116.8561    -118.5562    -117.2734    -117.5106
               -117.6416    -116.4627    -115.9558    -115.2760    -116.3171
               -118.5710    -118.6465    -116.1797    -117.7481    -117.5453
               -117.4526    -116.3351    -117.4406    -117.6311    -116.9533
               -116.9533    -116.8153    -117.6685    -117.3278    -117.5530
               -117.8613    -117.6016    -117.5667    -117.7347    -120.1385
               -119.0512    -116.9882    -116.8529    -116.8733    -117.3179
               -118.4140    -117.0255    -116.0525    -117.9779    -117.9283
               -118.2195    -117.3898    -117.4648    -118.1618    -117.2070
               -115.2075    -116.7237    -117.1293    -115.4996    -115.2402
   1     80    -121.1335    -121.6557    -123.3157    -122.0158    -122.2629
               -122.4189    -121.2439    -120.7718    -120.0851    -121.0991
               -123.3481    -123.3813    -120.9652    -122.5038    -122.3177
               -122.2404    -121.1310    -122.2088    -122.3942    -121.6870
               -121.7312    -121.6243    -122.4412    -122.0852    -122.3112
               -122.6393    -122.3666    -122.3247    -122.4662    -124.8764
               -123.8065    -121.7671    -121.6279    -121.6476    -122.0880
               -123.1679    -121.7749    -120.8284    -122.7792    -122.6882
               -122.9878    -122.1760    -122.2170    -122.9456    -121.9790
               -119.9892    -121.4910    -121.9291    -120.3109    -120.0401
   1    100    -129.3772    -129.8855    -131.5300    -130.1829    -130.4781
               -130.6301    -129.4515    -129.0030    -128.3319    -129.3324
               -131.5427    -131.5827    -129.1710    -130.7030    -130.5226
               -130.4557    -129.3327    -130.4085    -130.5969    -129.8620
               -129.9591    -129.8473    -130.6618    -130.2801    -130.5189
               -130.8354    -130.5583    -130.5505    -130.6392    -133.0858
               -131.9990    -129.9846    -129.8408    -129.8712    -130.3170
               -131.3718    -129.9731    -129.0135    -130.9887    -130.8909
               -131.2094    -130.3960    -130.4403    -131.1591    -130.1792
               -128.1694    -129.6581    -130.1428    -128.5290    -128.2591
   2      0    -114.5896    -115.1445    -116.8562    -115.6926    -115.8188
               -115.9697    -114.7960    -114.3095    -113.5601    -114.6142
               -116.9672    -116.9199    -114.5296    -116.1282    -115.8549
               -115.8912    -114.6486    -115.7118    -115.9852    -115.2552
               -115.1933    -115.3287    -116.0284    -115.7192    -115.7975
               -116.1657    -115.9491    -115.9429    -116.0526    -118.3677
               -117.4867    -115.3159    -115.2328    -115.2821    -115.6653
               -116.8421    -115.3405    -114.4840    -116.3550    -116.2314
               -116.5597    -115.7583    -115.7617    -116.5496    -115.5265
               -113.6493    -115.1213    -115.5444    -113.8500    -113.6545
   3      0    -114.7103    -115.2988    -117.0154    -115.8069    -115.9090
               -116.1374    -114.9741    -114.4736    -113.7018    -114.6937
               -117.0730    -117.0315    -114.6208    -116.1375    -115.9261
               -115.8640    -114.7535    -115.7838    -116.0429    -115.2952
               -115.2657    -115.4142    -116.1411    -115.8482    -115.8795
               -116.2647    -116.0937    -116.0373    -116.1131    -118.4178
               -117.5656    -115.4216    -115.2551    -115.3753    -115.7713
               -116.9507    -115.4154    -114.5681    -116.4672    -116.3152
               -116.6169    -115.8764    -115.8463    -116.5633    -115.6517
               -113.7522    -115.1813    -115.6956    -113.9583    -113.8023
   4      0    -114.5885    -115.2382    -116.9155    -115.6880    -115.8137
               -116.0254    -114.8832    -114.3668    -113.6374    -114.5220
               -117.0389    -116.9157    -114.5322    -116.0741    -115.8608
               -115.8664    -114.6393    -115.6800    -115.9752    -115.2406
               -115.0998    -115.3451    -116.0622    -115.7296    -115.7989
               -116.2111    -116.0003    -115.9625    -116.0674    -118.3561
               -117.5461    -115.3106    -115.2360    -115.3359    -115.7082
               -116.8963    -115.3231    -114.5140    -116.3513    -116.2261
               -116.5546    -115.8512    -115.7706    -116.5979    -115.5352
               -113.6895    -115.1322    -115.5956    -113.9034    -113.6976
   5      0    -114.6883    -115.3461    -117.0501    -115.8294    -115.9617
               -116.1703    -115.0395    -114.5098    -113.7544    -114.7071
               -117.1732    -116.9847    -114.6430    -116.1875    -115.9909
               -116.0005    -114.7907    -115.8023    -116.1183    -115.3095
               -115.2014    -115.5147    -116.1668    -115.9000    -115.9130
               -116.3614    -116.1531    -116.0395    -116.2210    -118.5263
               -117.6633    -115.4494    -115.3503    -115.4381    -115.8880
               -117.0248    -115.4293    -114.6291    -116.5111    -116.3506
               -116.6351    -115.9542    -115.8774    -116.6937    -115.6934
               -113.7698    -115.2315    -115.7435    -113.9914    -113.8654
   5     60    -116.8379    -117.5077    -119.1817    -117.9648    -118.0974
               -118.3015    -117.1862    -116.6647    -115.9170    -116.8584
               -119.3093    -119.1192    -116.7854    -118.3411    -118.1379
               -118.1522    -116.9410    -117.9473    -118.2713    -117.4496
               -117.3590    -117.6717    -118.3038    -118.0365    -118.0643
               -118.5117    -118.2800    -118.1746    -118.3507    -120.6655
               -119.7948    -117.5926    -117.5117    -117.5794    -118.0214
               -119.1607    -117.5689    -116.7638    -118.6360    -118.4792
               -118.7801    -118.1032    -118.0138    -118.8404    -117.8339
               -115.9178    -117.3655    -117.8885    -116.1458    -116.0094
   5     80    -122.1580    -122.8464    -124.4754    -123.2417    -123.3730
               -123.6082    -122.4946    -121.9988    -121.2519    -122.1577
               -124.6100    -124.3663    -122.0830    -123.6105    -123.4232
               -123.4671    -122.2383    -123.2296    -123.5403    -122.6887
               -122.6400    -123.0099    -123.6071    -123.3378    -123.3142
               -123.8151    -123.5737    -123.4613    -123.5924    -125.9082
               -125.0838    -122.8950    -122.7988    -122.8798    -123.3268
               -124.4471    -122.8335    -122.0747    -123.9610    -123.7586
               -124.0815    -123.4097    -123.2941    -124.1539    -123.1360
               -121.2302    -122.6470    -123.2322    -121.5043    -121.3615
   5    100    -129.5693    -130.2419    -131.8469    -130.5856    -130.7557
               -130.9921    -129.8615    -129.4118    -128.6534    -129.5508
               -131.9787    -131.7325    -129.4683    -130.9881    -130.7984
               -130.8615    -129.6109    -130.5957    -130.9169    -130.0385
               -130.0272    -130.4077    -130.9917    -130.7063    -130.6919
               -131.1905    -130.9441    -130.8428    -130.9334    -133.2843
               -132.4657    -130.2782    -130.1745    -130.2838    -130.7122
               -131.8300    -130.2020    -129.4345    -131.3500    -131.1238
               -131.4719    -130.8046    -130.6724    -131.5537    -130.5062
               -128.5854    -130.0006    -130.6279    -128.8927    -128.7472
 
 group  inft   Estimated free energy: 1-th solvent contribution (kcal/mol)
   1      0     -67.7355     -72.2393     -53.5174     -50.0271     -54.1772
                -48.0785     -58.4518     -73.0277     -73.8889     -63.7289
                -55.0053     -45.5521     -55.2002     -57.5484     -56.3797
                -62.9995     -59.6406     -57.9283     -62.4592     -53.3739
                -58.4363     -67.1987     -57.3028     -54.5778     -50.5997
                -58.5014     -53.5694     -50.9554     -44.0710     -52.8824
                -48.9957     -55.2845     -58.1626     -54.4605     -61.5969
                -46.8118     -53.7415     -52.5580     -55.9718     -54.3004
                -57.8275     -59.6819     -50.9898     -59.3953     -66.9218
                -66.7960     -61.6488     -65.1281     -75.7993     -74.7775
   1     60     -68.0092     -72.5133     -53.7903     -50.2997     -54.4484
                -48.3479     -58.7241     -73.2980     -74.1617     -64.0033
                -55.2770     -45.8216     -55.4708     -57.8219     -56.6522
                -63.2721     -59.9137     -58.2028     -62.7351     -53.6470
                -58.7132     -67.4727     -57.5739     -54.8492     -50.8739
                -58.7740     -53.8368     -51.2261     -44.3409     -53.1546
                -49.2654     -55.5550     -58.4375     -54.7326     -61.8686
                -47.0826     -54.0142     -52.8296     -56.2430     -54.5716
                -58.1002     -59.9540     -51.2616     -59.6694     -67.1962
                -67.0699     -61.9209     -65.4017     -76.0731     -75.0512
   1     80     -68.7536     -73.2563     -54.5330     -51.0408     -55.1844
                -49.0863     -59.4660     -74.0393     -74.9031     -64.7454
                -56.0200     -46.5518     -56.2099     -58.5604     -57.3914
                -64.0153     -60.6564     -58.9447     -63.4795     -54.3828
                -59.4597     -68.2190     -58.3133     -55.5876     -51.6141
                -59.5172     -54.5723     -51.9622     -45.0763     -53.8892
                -50.0011     -56.2934     -59.1807     -55.4714     -62.6109
                -47.8209     -54.7523     -53.5695     -56.9890     -55.3107
                -58.8406     -60.6946     -52.0000     -60.4128     -67.9407
                -67.8124     -62.6608     -66.1490     -76.8182     -75.7996
   1    100     -70.1194     -74.6150     -55.8955     -52.4010     -56.5441
                -50.4437     -60.8277     -75.3961     -76.2603     -66.1071
                -57.3792     -47.9068     -57.5638     -59.9154     -58.7452
                -65.3743     -62.0135     -60.3020     -64.8431     -55.7402
                -60.8292     -69.5862     -59.6727     -56.9452     -52.9751
                -60.8767     -55.9264     -53.3237     -46.4335     -55.2488
                -51.3571     -57.6494     -60.5405     -56.8300     -63.9720
                -49.1834     -56.1113     -54.9239     -58.3467     -56.6705
                -60.2056     -62.0535     -53.3630     -61.7734     -69.3002
                -69.1683     -64.0082     -67.5082     -78.1782     -77.1640
   2      0     -67.7201     -72.2568     -53.5130     -50.0268     -54.1942
                -48.0518     -58.4554     -73.0462     -73.8828     -63.7349
                -55.0066     -45.5842     -55.2124     -57.5607     -56.3982
                -63.0222     -59.6525     -57.9421     -62.4885     -53.3991
                -58.4492     -67.2532     -57.3226     -54.5769     -50.6241
                -58.5092     -53.5721     -50.9617     -44.0726     -52.8850
                -49.0109     -55.2879     -58.1856     -54.4720     -61.5820
                -46.8185     -53.7560     -52.5608     -55.9777     -54.2892
                -57.8211     -59.7091     -50.9882     -59.4136     -66.9345
                -66.8417     -61.6825     -65.1366     -75.8177     -74.7789
   3      0     -67.7281     -72.3118     -53.5543     -50.0629     -54.2132
                -48.0891     -58.4850     -73.0919     -73.9334     -63.7512
                -55.0537     -45.6095     -55.2508     -57.5883     -56.4071
                -63.0279     -59.6915     -57.9830     -62.5325     -53.4251
                -58.4655     -67.2914     -57.3607     -54.6177     -50.6396
                -58.5316     -53.6126     -50.9835     -44.0873     -52.9072
                -49.0422     -55.3049     -58.1935     -54.5020     -61.6204
                -46.8422     -53.7701     -52.5978     -56.0109     -54.3120
                -57.8391     -59.7434     -51.0104     -59.4339     -66.9633
                -66.8702     -61.7083     -65.1771     -75.8411     -74.8324
   4      0     -67.7475     -72.2953     -53.5452     -50.0654     -54.2276
                -48.1041     -58.4971     -73.0733     -73.9350     -63.7459
                -55.0477     -45.6200     -55.2350     -57.5853     -56.4190
                -63.0382     -59.6736     -57.9745     -62.5086     -53.4313
                -58.4514     -67.2875     -57.3803     -54.6043     -50.6635
                -58.5460     -53.6261     -50.9989     -44.0955     -52.9012
                -49.0633     -55.3140     -58.2112     -54.5123     -61.6298
                -46.8773     -53.7929     -52.5991     -55.9932     -54.3117
                -57.8370     -59.7595     -51.0100     -59.4452     -66.9596
                -66.8813     -61.7128     -65.1754     -75.8556     -74.8062
   5      0     -67.7591     -72.2991     -53.5635     -50.0829     -54.2329
                -48.1271     -58.5300     -73.0907     -73.9659     -63.7772
                -55.0740     -45.6181     -55.2482     -57.6133     -56.4359
                -63.0708     -59.7031     -57.9884     -62.5467     -53.4332
                -58.4592     -67.3184     -57.3959     -54.6651     -50.6729
                -58.5771     -53.6504     -51.0074     -44.1245     -52.9391
                -49.0646     -55.3252     -58.2267     -54.5336     -61.6561
                -46.8900     -53.7957     -52.6019     -56.0371     -54.3156
                -57.8362     -59.7482     -51.0260     -59.4825     -66.9735
                -66.8853     -61.7209     -65.2100     -75.8467     -74.8265
   5     60     -68.0915     -72.6329     -53.8960     -50.4155     -54.5628
                -48.4560     -58.8626     -73.4218     -74.2985     -64.1097
                -55.4057     -45.9461     -55.5787     -57.9463     -56.7676
                -63.4036     -60.0353     -58.3213     -62.8820     -53.7645
                -58.7954     -67.6520     -57.7268     -54.9959     -51.0066
                -58.9107     -53.9783     -51.3366     -44.4543     -53.2692
                -49.3934     -55.6557     -58.5619     -54.8643     -61.9878
                -47.2210     -54.1270     -52.9321     -56.3672     -54.6453
                -58.1681     -60.0802     -51.3568     -59.8151     -67.3067
                -67.2181     -62.0515     -65.5437     -76.1797     -75.1603
   5     80     -68.9240     -73.4671     -54.7293     -51.2459     -55.3875
                -49.2833     -59.6936     -74.2508     -75.1287     -64.9382
                -56.2370     -46.7636     -56.4052     -58.7711     -57.5931
                -64.2347     -60.8633     -59.1505     -63.7128     -54.5862
                -59.6285     -68.4876     -58.5562     -55.8250     -51.8314
                -59.7425     -54.8033     -52.1613     -45.2759     -54.0890
                -50.2187     -56.4821     -59.3916     -55.6917     -62.8203
                -48.0491     -54.9519     -53.7614     -57.2018     -55.4717
                -58.9980     -60.9092     -52.1835     -60.6476     -68.1402
                -68.0508     -62.8784     -66.3821     -77.0162     -76.0007
   5    100     -70.1608     -74.6994     -55.9628     -52.4788     -56.6199
                -50.5147     -60.9267     -75.4843     -76.3575     -66.1686
                -57.4688     -47.9921     -57.6345     -59.9987     -58.8195
                -65.4658     -62.0929     -60.3799     -64.9486     -55.8157
                -60.8683     -69.7272     -59.7889     -57.0554     -53.0649
                -60.9758     -56.0342     -53.3935     -46.5050     -55.3194
                -51.4506     -57.7115     -60.6225     -56.9250     -64.0520
                -49.2856     -56.1823     -54.9889     -58.4333     -56.7021
                -60.2338     -62.1427     -53.4156     -61.8823     -69.3716
                -69.2803     -64.1008     -67.6157     -78.2488     -77.2364
 
 group  inft   Estimated free energy: 2-th solvent contribution (kcal/mol)
   1      0     -46.8213     -42.8324     -63.2806     -65.4902     -61.5694
                -67.8095     -56.2460     -41.1602     -39.6038     -50.8086
                -61.8088     -71.3330     -59.2165     -58.4250     -59.3931
                -52.6850     -54.9208     -57.7353     -53.3940     -61.8085
                -56.7320     -47.8377     -58.6043     -60.9879     -65.1788
                -57.5958     -62.2892     -64.8488     -71.9146     -65.4874
                -68.2995     -59.9413     -56.9123     -60.6416     -53.9650
                -69.8469     -61.5168     -61.7306     -60.2510     -61.8700
                -58.6236     -55.9383     -64.7146     -56.9888     -48.5141
                -46.6342     -53.3106     -50.2343     -37.9188     -38.6972
   1     60     -48.3278     -44.3461     -64.7692     -66.9770     -63.0655
                -69.2970     -57.7419     -42.6610     -41.1176     -52.3171
                -63.2973     -72.8282     -60.7122     -59.9295     -60.8964
                -54.1837     -56.4247     -59.2411     -54.8993     -63.3096
                -58.2434     -49.3459     -60.0978     -62.4818     -66.6824
                -59.0906     -63.7681     -66.3439     -73.3970     -66.9871
                -69.7891     -61.4365     -58.4187     -62.1440     -55.4526
                -71.3347     -63.0146     -63.2262     -61.7382     -63.3600
                -60.1226     -57.4391     -66.2064     -58.4957     -50.0141
                -48.1409     -54.8060     -51.7309     -39.4297     -40.1923
   1     80     -52.3832     -48.4026     -68.7859     -70.9782     -67.0817
                -73.3359     -61.7811     -46.7357     -45.1853     -56.3569
                -67.3313     -76.8328     -64.7585     -63.9466     -64.9296
                -58.2284     -60.4779     -63.2674     -58.9179     -67.3075
                -62.2747     -53.4085     -64.1312     -66.5009     -70.7004
                -63.1254     -67.7976     -70.3658     -77.3931     -70.9905
                -73.8087     -65.4769     -62.4505     -66.1795     -59.4804
                -75.3502     -67.0259     -67.2621     -65.7934     -67.3808
                -64.1505     -61.4847     -70.2202     -62.5361     -54.0415
                -52.1800     -58.8334     -55.7834     -43.4960     -44.2437
   1    100     -59.2611     -55.2737     -75.6378     -77.7852     -73.9372
                -80.1897     -68.6271     -53.6102     -52.0749     -63.2286
                -74.1668     -83.6791     -71.6105     -70.7909     -71.7807
                -65.0847     -67.3225     -70.1098     -65.7571     -74.1251
                -69.1333     -60.2643     -70.9923     -73.3382     -77.5471
                -69.9620     -74.6352     -77.2301     -84.2089     -77.8402
                -80.6452     -72.3385     -69.3035     -73.0445     -66.3483
                -82.1916     -73.8651     -74.0928     -72.6453     -74.2237
                -71.0071     -68.3457     -77.0805     -69.3890     -60.8823
                -59.0043     -65.6532     -62.6378     -50.3541     -51.0983
   2      0     -46.8728     -42.8909     -63.3465     -65.6691     -61.6279
                -67.9212     -56.3439     -41.2666     -39.6806     -50.8826
                -61.9638     -71.3390     -59.3204     -58.5707     -59.4600
                -52.8723     -54.9994     -57.7730     -53.5000     -61.8593
                -56.7474     -48.0789     -58.7091     -61.1456     -65.1766
                -57.6597     -62.3803     -64.9845     -71.9833     -65.4859
                -68.4791     -60.0312     -57.0504     -60.8134     -54.0866
                -70.0269     -61.5878     -61.9265     -60.3806     -61.9454
                -58.7419     -56.0524     -64.7768     -57.1393     -48.5953
                -46.8109     -53.4420     -50.4111     -38.0356     -38.8788
   3      0     -46.9855     -42.9903     -63.4644     -65.7473     -61.6991
                -68.0516     -56.4923     -41.3850     -39.7717     -50.9458
                -62.0226     -71.4253     -59.3732     -58.5525     -59.5223
                -52.8394     -55.0653     -57.8040     -53.5136     -61.8734
                -56.8034     -48.1261     -58.7838     -61.2338     -65.2432
                -57.7364     -62.4843     -65.0571     -72.0291     -65.5138
                -68.5267     -60.1200     -57.0649     -60.8765     -54.1542
                -70.1118     -61.6485     -61.9735     -60.4596     -62.0064
                -58.7811     -56.1364     -64.8392     -57.1327     -48.6917
                -46.8852     -53.4763     -50.5217     -38.1205     -38.9731
   4      0     -46.8443     -42.9462     -63.3735     -65.6258     -61.5893
                -67.9245     -56.3894     -41.2967     -39.7057     -50.7794
                -61.9944     -71.2989     -59.3005     -58.4920     -59.4451
                -52.8315     -54.9690     -57.7087     -53.4698     -61.8125
                -56.6517     -48.0608     -58.6851     -61.1286     -65.1387
                -57.6683     -62.3774     -64.9669     -71.9752     -65.4582
                -68.4860     -59.9999     -57.0281     -60.8269     -54.0816
                -70.0223     -61.5335     -61.9182     -60.3614     -61.9177
                -58.7209     -56.0950     -64.7639     -57.1559     -48.5788
                -46.8114     -53.4227     -50.4235     -38.0510     -38.8946
   5      0     -46.9325     -43.0502     -63.4899     -65.7497     -61.7321
                -68.0464     -56.5127     -41.4223     -39.7918     -50.9331
                -62.1025     -71.3699     -59.3980     -58.5775     -59.5582
                -52.9329     -55.0909     -57.8171     -53.5748     -61.8796
                -56.7454     -48.1996     -58.7741     -61.2381     -65.2433
                -57.7876     -62.5060     -65.0353     -72.0998     -65.5905
                -68.6020     -60.1275     -57.1269     -60.9077     -54.2351
                -70.1380     -61.6369     -62.0305     -60.4773     -62.0382
                -58.8022     -56.2093     -64.8547     -57.2145     -48.7232
                -46.8878     -53.5139     -50.5367     -38.1480     -39.0421
   5     60     -48.7496     -44.8780     -65.2890     -67.5526     -63.5378
                -69.8487     -58.3269     -43.2461     -41.6217     -52.7520
                -63.9068     -73.1763     -61.2100     -60.3980     -61.3735
                -54.7519     -56.9090     -59.6292     -55.3926     -63.6884
                -58.5669     -50.0230     -60.5803     -63.0439     -67.0610
                -59.6043     -64.3050     -66.8413     -73.8996     -67.3996
                -70.4047     -61.9402     -58.9530     -62.7183     -56.0368
                -71.9430     -63.4452     -63.8349     -62.2720     -63.8371
                -60.6153     -58.0262     -66.6603     -59.0286     -50.5305
                -48.7030     -55.3172     -52.3481     -39.9693     -40.8524
   5     80     -53.2373     -49.3826     -69.7494     -71.9991     -67.9888
                -74.3282     -62.8043     -47.7513     -46.1265     -57.2227
                -68.3763     -77.6059     -65.6810     -64.8426     -65.8333
                -59.2357     -61.3783     -64.0824     -59.8308     -68.1057
                -63.0148     -54.5255     -65.0541     -67.5161     -71.4860
                -64.0759     -68.7737     -71.3033     -78.3198     -71.8225
                -74.8684     -66.4162     -63.4105     -67.1914     -60.5097
                -76.4012     -67.8849     -68.3165     -66.7625     -68.2902
                -65.0868     -62.5038     -71.1139     -63.5095     -54.9990
                -53.1827     -59.7718     -56.8534     -44.4914     -45.3641
   5    100     -59.4117     -55.5458     -75.8874     -78.1101     -74.1391
                -80.4807     -68.9381     -53.9307     -52.2991     -63.3855
                -74.5131     -83.7436     -71.8370     -70.9926     -71.9822
                -65.3990     -67.5212     -70.2191     -65.9716     -74.2260
                -69.1622     -60.6838     -71.2061     -73.6541     -77.6302
                -70.2180     -74.9131     -77.4525     -84.4317     -77.9682
                -81.0184     -72.5699     -69.5553     -73.3621     -66.6635
                -82.5476     -74.0230     -74.4489     -72.9200     -74.4250
                -71.2414     -68.6652     -77.2600     -69.6747     -61.1379
                -59.3083     -65.9031     -63.0154     -50.6471     -51.5141
 
 
 cumulative average & 95% error for solvation free energy
              total             1st component         2nd component
  1  -114.7103              -67.7281              -46.9855
  2  -115.0046     0.5884   -70.0199     4.5837   -44.9879     3.9952
  3  -115.6748     1.3829   -64.5314    11.2916   -51.1467    12.5318
  4  -115.7078     0.9801   -60.9142    10.7743   -54.7969    11.4811
  5  -115.7481     0.7634   -59.5740     8.7656   -56.1773     9.3120
  6  -115.8130     0.6367   -57.6599     8.1166   -58.1564     8.5717
  7  -115.6931     0.5891   -57.7777     6.8639   -57.9186     7.2600
  8  -115.5407     0.5943   -59.6920     7.0705   -55.8519     7.5244
  9  -115.3364     0.6646   -61.2744     6.9927   -54.0652     7.5368
 10  -115.2721     0.6082   -61.5221     6.2741   -53.7533     6.7700
 11  -115.4358     0.6402   -60.9340     5.7957   -54.5050     6.3055
 12  -115.5688     0.6421   -59.6570     5.8750   -55.9151     6.4098
 13  -115.4959     0.6084   -59.3181     5.4465   -56.1811     5.9201
 14  -115.5417     0.5707   -59.1945     5.0486   -56.3505     5.4914
 15  -115.5673     0.5337   -59.0087     4.7146   -56.5619     5.1297
 16  -115.5859     0.5006   -59.2599     4.4386   -56.3293     4.8209
 17  -115.5369     0.4803   -59.2853     4.1697   -56.2549     4.5309
 18  -115.5506     0.4537   -59.2129     3.9339   -56.3410     4.2752
 19  -115.5765     0.4323   -59.3876     3.7375   -56.1922     4.0549
 20  -115.5625     0.4111   -59.0895     3.5954   -56.4762     3.8886
 21  -115.5483     0.3920   -59.0598     3.4205   -56.4918     3.6989
 22  -115.5422     0.3740   -59.4340     3.3460   -56.1115     3.6078
 23  -115.5683     0.3611   -59.3438     3.2023   -56.2277     3.4552
 24  -115.5799     0.3465   -59.1469     3.0912   -56.4363     3.3343
 25  -115.5919     0.3332   -58.8066     3.0421   -56.7886     3.2748
 26  -115.6178     0.3243   -58.7960     2.9228   -56.8250     3.1472
 27  -115.6354     0.3141   -58.6040     2.8386   -57.0346     3.0573
 28  -115.6498     0.3040   -58.3319     2.7889   -57.3212     3.0013
 29  -115.6658     0.2951   -57.8407     2.8648   -57.8283     3.0684
 30  -115.7575     0.3390   -57.6762     2.7871   -58.0845     3.0084
 31  -115.8158     0.3480   -57.3977     2.7526   -58.4214     2.9867
 32  -115.8035     0.3379   -57.3323     2.6684   -58.4744     2.8938
 33  -115.7869     0.3291   -57.3584     2.5868   -58.4317     2.8060
 34  -115.7748     0.3202   -57.2744     2.5152   -58.5036     2.7260
 35  -115.7747     0.3109   -57.3986     2.4549   -58.3794     2.6586
 36  -115.8073     0.3092   -57.1053     2.4568   -58.7053     2.6647
 37  -115.7967     0.3014   -57.0152     2.3962   -58.7848     2.5965
 38  -115.7644     0.3004   -56.8990     2.3439   -58.8687     2.5329
 39  -115.7824     0.2949   -56.8762     2.2834   -58.9095     2.4684
 40  -115.7958     0.2886   -56.8121     2.2293   -58.9869     2.4109
 41  -115.8158     0.2843   -56.8371     2.1748   -58.9819     2.3514
 42  -115.8172     0.2775   -56.9063     2.1269   -58.9142     2.2987
 43  -115.8179     0.2710   -56.7692     2.0949   -59.0520     2.2615
 44  -115.8348     0.2669   -56.8298     2.0503   -59.0083     2.2112
 45  -115.8308     0.2610   -57.0550     2.0542   -58.7791     2.2096
 46  -115.7856     0.2708   -57.2683     2.0539   -58.5205     2.2220
 47  -115.7727     0.2662   -57.3628     2.0186   -58.4132     2.1848
 48  -115.7711     0.2606   -57.5256     2.0027   -58.2488     2.1639
 49  -115.7341     0.2658   -57.8994     2.0991   -57.8380     2.2730
 50  -115.6955     0.2716   -58.2380     2.1653   -57.4607     2.3514
 
 Mesh error is    0.213 kcal/mol
