 ERmod 0.3.8, Copyright (C) 2000-2019 Nobuyuki Matubayasi
                            2010-2019 Shun Sakuraba
 ERmod comes with ABSOLUTELY NO WARRANTY.
 This is free software, and you can redistribute it
 and/or modify it under certain conditions.
 See LICENSE file for details.
 
  Number of the   1-th solvent  =         1472
  Number of the   2-th solvent  =        10000
 
  Be sure that the solvent distribution is homogeneous (radial distribution function is essentially unity) when the solvent molecule is separated beyond distance of   10.0 Angstrom in any direction from any atom within the solute molecule
 
  LJ long-range correction    =        -3.5283     -5.7260
 
  Self-energy of the solute   =         0.0020  kcal/mol
 
 
 cumulative average & 95% error for solvation energy
              total             1st component         2nd component
  1  -475.4085             -129.6181             -345.7924
  2  -473.2290     4.3590  -144.6013    29.9664  -328.6297    34.3254
  3  -471.5378     4.2159  -152.9846    24.0924  -318.5553    28.2617
  4  -472.2331     3.2895  -167.2129    33.1664  -305.0222    33.6443
  5  -472.0768     2.5671  -176.8228    32.0843  -295.2560    32.5680
  6  -471.8014     2.1672  -181.3145    27.6942  -290.4890    28.2492
  7  -471.5705     1.8890  -183.1479    23.6914  -288.4246    24.2293
  8  -472.0979     1.9465  -181.1881    20.8884  -290.9118    21.5647
  9  -473.0557     2.5723  -176.8078    20.3988  -296.2499    21.8100
 10  -473.8276     2.7707  -172.4927    20.1834  -301.3370    22.0013
 11  -474.4656     2.8123  -167.8593    20.4738  -306.6084    22.5210
 12  -474.7345     2.6230  -163.4809    20.6396  -311.2556    22.5621
 13  -474.9705     2.4585  -160.6006    19.8404  -314.3719    21.6698
 14  -474.9158     2.2788  -158.5880    18.8045  -316.3298    20.4409
 15  -475.0748     2.1451  -157.1492    17.7410  -317.9276    19.2959
 16  -475.3642     2.0884  -155.8152    16.8082  -319.5510    18.3393
 17  -475.5678     2.0036  -153.4794    16.4652  -322.0905    17.9599
 18  -475.8127     1.9514  -152.2504    15.7170  -323.5644    17.1874
 19  -476.0193     1.8915  -150.1295    15.4601  -325.8919    16.9110
 20  -476.0356     1.7948  -149.5770    14.7083  -326.4606    16.0835
 21  -476.0795     1.7094  -149.3313    13.9990  -326.7502    15.3094
 22  -475.7461     1.7610  -149.6677    13.3644  -326.0805    14.6582
 23  -475.7129     1.6840  -148.6692    12.9254  -327.0457    14.1389
 24  -475.9590     1.6858  -147.0205    12.8069  -328.9405    14.0574
 25  -476.2455     1.7154  -145.7086    12.5610  -330.5389    13.8571
 26  -476.2510     1.6482  -145.4467    12.0796  -330.8063    13.3242
 27  -476.2869     1.5876  -145.6604    11.6314  -330.6286    12.8262
 28  -476.2735     1.5301  -145.9975    11.2286  -330.2781    12.3795
 29  -476.2718     1.4764  -146.2801    10.8492  -329.9937    11.9585
 30  -476.1941     1.4347  -146.1681    10.4837  -330.0280    11.5532
 31  -476.1981     1.3877  -145.3841    10.2605  -330.8160    11.2849
 32  -476.3243     1.3671  -144.6118    10.0540  -331.7145    11.0734
 33  -476.3920     1.3320  -144.6858     9.7457  -331.7082    10.7326
 34  -476.3321     1.2977  -144.6951     9.4547  -331.6390    10.4131
 35  -476.3360     1.2601  -145.0021     9.2011  -331.3359    10.1293
 36  -476.4240     1.2372  -145.2934     8.9608  -331.1327     9.8523
 37  -476.4473     1.2042  -145.4812     8.7234  -330.9681     9.5880
 38  -476.4628     1.1725  -146.4450     8.7068  -330.0198     9.5230
 39  -476.4621     1.1420  -147.6421     8.8120  -328.8221     9.5800
 40  -476.4520     1.1133  -148.0966     8.6369  -328.3574     9.3835
 41  -476.5597     1.1070  -148.0888     8.4236  -328.4730     9.1547
 42  -476.6715     1.1032  -148.3973     8.2437  -328.2762     8.9428
 43  -476.7848     1.1008  -148.3596     8.0501  -328.4272     8.7375
 44  -476.8602     1.0860  -148.2589     7.8676  -328.6033     8.5439
 45  -476.8513     1.0618  -148.1092     7.6966  -328.7441     8.3566
 46  -476.8879     1.0410  -148.0151     7.5298  -328.8748     8.1771
 47  -476.9770     1.0341  -147.5905     7.4166  -329.3885     8.0670
 48  -476.9570     1.0131  -147.4522     7.2657  -329.5068     7.9007
 49  -476.9781     0.9931  -147.4266     7.1161  -329.5535     7.7383
 50  -477.0438     0.9819  -148.0863     7.0961  -328.9595     7.6745
 
 
 group  inft  solvation free energy     error          difference
  total solvation free energy
   1      0       -113.57603           0.52898           0.07512
   1     60       -115.11308           0.52792          -1.46194
   1     80       -119.40362           0.52470          -5.75248
   1    100       -126.99469           0.52565         -13.34355
   2      0       -113.59283           0.53887           0.05831
   3      0       -113.65114           0.53311           0.00000
   4      0       -113.65670           0.53943          -0.00556
   5      0       -113.74613           0.53709          -0.09499
   5     60       -115.63371           0.53444          -1.98257
   5     80       -120.41450           0.53095          -6.76336
   5    100       -127.22203           0.53453         -13.57089
 
  contribution from  1-th solvent component
   1      0        -50.17269           2.86883           0.01871
   1     60        -50.40233           2.86905          -0.21092
   1     80        -51.05002           2.86956          -0.85861
   1    100        -52.27562           2.86941          -2.08422
   2      0        -50.17720           2.86485           0.01420
   3      0        -50.19140           2.86462           0.00000
   4      0        -50.19858           2.86265          -0.00718
   5      0        -50.20775           2.86116          -0.01635
   5     60        -50.49046           2.86165          -0.29906
   5     80        -51.21676           2.86221          -1.02535
   5    100        -52.32303           2.86166          -2.13163
 
  contribution from  2-th solvent component
   1      0        -63.40537           3.22584           0.05640
   1     60        -64.71279           3.22400          -1.25102
   1     80        -68.35563           3.21962          -4.89386
   1    100        -74.72110           3.21792         -11.25933
   2      0        -63.41766           3.23382           0.04411
   3      0        -63.46177           3.22670           0.00000
   4      0        -63.46014           3.23131           0.00163
   5      0        -63.54041           3.22640          -0.07864
   5     60        -65.14528           3.22279          -1.68351
   5     80        -69.19977           3.21796          -5.73800
   5    100        -74.90104           3.21913         -11.43927
 
 
 group  inft   Estimated free energy: total (kcal/mol)
   1      0    -113.1963    -110.8160    -109.2614    -110.9155    -109.3296
               -109.2804    -110.2323    -112.4536    -115.5002    -115.2455
               -114.8972    -113.8146    -113.8334    -112.0795    -114.5617
               -114.8723    -114.0594    -115.2303    -114.8591    -113.7801
               -113.8668    -110.0388    -112.7391    -115.6981    -115.9914
               -113.3916    -112.9689    -112.1777    -114.0106    -113.0539
               -114.1701    -115.4243    -114.3125    -111.8678    -114.3472
               -115.5902    -113.9187    -112.7288    -112.0745    -113.1066
               -116.0166    -116.1595    -116.3473    -115.8713    -113.7330
               -113.7518    -115.0894    -113.4016    -114.0142    -114.7201
   1     60    -114.7293    -112.3509    -110.8099    -112.4713    -110.8934
               -110.8260    -111.7809    -113.9830    -117.0333    -116.7737
               -116.4254    -115.3336    -115.3652    -113.6136    -116.0904
               -116.4162    -115.5840    -116.7716    -116.3813    -115.3138
               -115.4066    -111.5778    -114.2697    -117.2167    -117.5150
               -114.9273    -114.5037    -113.7067    -115.5476    -114.5902
               -115.6958    -116.9492    -115.8557    -113.4203    -115.8904
               -117.1299    -115.4614    -114.2700    -113.6156    -114.6537
               -117.5540    -117.7075    -117.8961    -117.4145    -115.2710
               -115.2838    -116.6290    -114.9315    -115.5476    -116.2690
   1     80    -119.0218    -116.6302    -115.1116    -116.8155    -115.2421
               -115.1478    -116.0960    -118.2938    -121.3207    -121.0356
               -120.6991    -119.5901    -119.6377    -117.9014    -120.3525
               -120.7060    -119.8520    -121.0566    -120.6404    -119.5959
               -119.7073    -115.8721    -118.5583    -121.4740    -121.7856
               -119.2105    -118.8070    -118.0075    -119.8385    -118.8722
               -119.9480    -121.2147    -120.1561    -117.7408    -120.1844
               -121.4082    -119.7524    -118.5681    -117.9144    -118.9788
               -121.8319    -122.0064    -122.2042    -121.7127    -119.5523
               -119.5666    -120.9195    -119.2265    -119.8284    -120.5868
   1    100    -126.6042    -124.1964    -122.6876    -124.4364    -122.8431
               -122.7355    -123.6981    -125.8804    -128.9106    -128.6107
               -128.2944    -127.1539    -127.2248    -125.4929    -127.9477
               -128.3026    -127.4144    -128.6535    -128.2094    -127.1774
               -127.3161    -123.4276    -126.1461    -129.0258    -129.3672
               -126.8050    -126.3875    -125.5966    -127.4572    -126.4683
               -127.5184    -128.7923    -127.7701    -125.3507    -127.7855
               -128.9919    -127.3550    -126.1445    -125.4905    -126.5983
               -129.4421    -129.6405    -129.8343    -129.3237    -127.1386
               -127.1394    -128.5134    -126.8219    -127.4217    -128.1905
   2      0    -113.2184    -110.8928    -109.3204    -110.8671    -109.2269
               -109.1809    -110.1516    -112.3307    -115.5706    -115.3062
               -114.9325    -113.9033    -113.8845    -112.1196    -114.6337
               -114.9182    -114.1398    -115.3157    -114.9443    -113.7294
               -113.7440    -110.0392    -112.7692    -115.7659    -116.0246
               -113.4300    -112.8373    -112.0298    -113.9680    -113.0937
               -114.2680    -115.4687    -114.3330    -111.9358    -114.4003
               -115.6421    -113.9672    -112.6270    -112.0166    -113.1360
               -116.0936    -116.2039    -116.4246    -115.9007    -113.8113
               -113.7469    -115.1906    -113.4043    -114.0724    -114.7101
   3      0    -113.2516    -110.9050    -109.3660    -110.9960    -109.2988
               -109.2921    -110.2858    -112.4912    -115.5860    -115.3231
               -114.9545    -113.9595    -113.9190    -112.1617    -114.6776
               -114.9415    -114.1485    -115.3573    -114.9636    -113.7789
               -113.7926    -110.1343    -112.8325    -115.8296    -116.0520
               -113.4817    -112.9080    -112.2384    -114.0457    -113.1410
               -114.3022    -115.5165    -114.3899    -111.9497    -114.4492
               -115.6793    -114.0252    -112.7732    -112.1248    -113.1762
               -116.1113    -116.2596    -116.4522    -115.9249    -113.8747
               -113.7925    -115.2203    -113.4819    -114.1446    -114.7952
   4      0    -113.3221    -110.9849    -109.3948    -110.9646    -109.2895
               -109.2197    -110.1985    -112.3639    -115.6617    -115.3220
               -114.9563    -113.9818    -113.9752    -112.1632    -114.7025
               -114.9661    -114.1743    -115.3858    -115.0037    -113.7924
               -113.8338    -110.1127    -112.8127    -115.8782    -116.0626
               -113.4574    -112.8614    -112.0852    -114.0379    -113.1346
               -114.3368    -115.5703    -114.4340    -111.9704    -114.4563
               -115.6980    -114.0779    -112.6848    -112.1332    -113.2053
               -116.1312    -116.2762    -116.5064    -115.9859    -113.8818
               -113.8110    -115.2837    -113.4203    -114.1002    -114.7717
   5      0    -113.4298    -111.0495    -109.5182    -111.0764    -109.3738
               -109.3508    -110.3372    -112.5294    -115.7204    -115.4126
               -115.0803    -114.0633    -114.0550    -112.2058    -114.7782
               -115.0887    -114.2505    -115.4840    -115.0454    -113.9029
               -113.8474    -110.1668    -112.8852    -115.9254    -116.1781
               -113.5514    -113.0070    -112.2069    -114.1506    -113.2436
               -114.3927    -115.6637    -114.5024    -112.0517    -114.5605
               -115.7954    -114.1010    -112.8189    -112.2191    -113.2621
               -116.2239    -116.3347    -116.5776    -116.0410    -113.9510
               -113.9027    -115.3289    -113.5353    -114.2016    -114.9278
   5     60    -115.3118    -112.9302    -111.4099    -112.9960    -111.2997
               -111.2665    -112.2579    -114.4329    -117.6007    -117.2816
               -116.9545    -115.9254    -115.9268    -114.0842    -116.6496
               -116.9722    -116.1191    -117.3679    -116.9100    -115.7909
               -115.7484    -112.0636    -114.7627    -117.7905    -118.0435
               -115.4344    -114.9028    -114.0985    -116.0426    -115.1219
               -116.2585    -117.5339    -116.3935    -113.9498    -116.4547
               -117.6774    -115.9894    -114.7263    -114.1310    -115.1648
               -118.1050    -118.2261    -118.4699    -117.9290    -115.8322
               -115.7872    -117.2086    -115.4240    -116.0873    -116.8399
   5     80    -120.0918    -117.6907    -116.1903    -117.8361    -116.1337
               -116.0721    -117.0827    -119.2369    -122.3746    -122.0332
               -121.7247    -120.6674    -120.6934    -118.8633    -121.3946
               -121.7532    -120.8678    -122.1421    -121.6609    -120.5581
               -120.5552    -116.8518    -119.5382    -122.5401    -122.8000
               -120.2117    -119.7024    -118.9024    -120.8310    -119.8785
               -120.9850    -122.2894    -121.1849    -118.7600    -121.2373
               -122.4367    -120.7649    -119.5255    -118.9322    -119.9763
               -122.8761    -123.0150    -123.2597    -122.7088    -120.5988
               -120.5654    -121.9908    -120.2086    -120.8780    -121.6524
   5    100    -126.8899    -124.4902    -122.9935    -124.6520    -122.9333
               -122.8391    -123.8668    -126.0062    -129.1892    -128.8435
               -128.5461    -127.4630    -127.5129    -125.6775    -128.2189
               -128.5733    -127.6662    -128.9682    -128.4583    -127.3500
               -127.3470    -123.6195    -126.3367    -129.3203    -129.6122
               -127.0289    -126.4718    -125.6744    -127.6531    -126.7019
               -127.8047    -129.0972    -128.0224    -125.5806    -128.0577
               -129.2543    -127.6006    -126.2923    -125.7036    -126.8054
               -129.7145    -129.8735    -130.1135    -129.5459    -127.4171
               -127.3614    -128.8078    -127.0025    -127.6847    -128.4582
 
 group  inft   Estimated free energy: 1-th solvent contribution (kcal/mol)
   1      0     -42.3253     -54.9672     -58.9848     -74.9747     -77.0685
                -72.2191     -68.3524     -57.5687     -47.7830     -44.9465
                -39.4482     -36.8036     -41.2965     -43.8106     -46.1682
                -45.3068     -36.8143     -43.0090     -35.0833     -46.4553
                -48.3214     -53.4790     -41.7384     -34.1227     -36.4914
                -46.7137     -51.1715     -52.7240     -52.7413     -48.1598
                -39.5701     -38.9931     -50.0833     -48.6695     -53.5618
                -53.6053     -51.9798     -64.0448     -68.6057     -57.3520
                -50.4916     -56.0463     -49.9403     -48.6780     -47.1647
                -48.1310     -42.1363     -47.2526     -49.7563     -63.5226
   1     60     -42.5542     -55.1962     -59.2149     -75.2086     -77.3008
                -72.4491     -68.5831     -57.7966     -48.0125     -45.1754
                -39.6790     -37.0315     -41.5260     -44.0410     -46.3959
                -45.5364     -37.0437     -43.2406     -35.3121     -46.6835
                -48.5513     -53.7068     -41.9668     -34.3491     -36.7198
                -46.9411     -51.4009     -52.9534     -52.9707     -48.3906
                -39.7980     -39.2212     -50.3144     -48.9000     -53.7915
                -53.8367     -52.2124     -64.2733     -68.8357     -57.5831
                -50.7225     -56.2788     -50.1718     -48.9070     -47.3953
                -48.3598     -42.3651     -47.4816     -49.9833     -63.7533
   1     80     -43.2012     -55.8412     -59.8609     -75.8680     -77.9545
                -73.0990     -69.2331     -58.4455     -48.6607     -45.8206
                -40.3313     -37.6768     -42.1728     -44.6914     -47.0371
                -46.1812     -37.6919     -43.8908     -35.9584     -47.3269
                -49.2004     -54.3495     -42.6136     -34.9909     -37.3664
                -47.5826     -52.0511     -53.6054     -53.6178     -49.0401
                -40.4391     -39.8661     -50.9650     -49.5481     -54.4370
                -54.4860     -52.8657     -64.9180     -69.4845     -58.2361
                -51.3714     -56.9307     -50.8220     -49.5517     -48.0435
                -49.0065     -43.0100     -48.1306     -50.6240     -64.4037
   1    100     -44.4268     -57.0630     -61.0813     -77.0996     -79.1774
                -74.3193     -70.4546     -59.6672     -49.8883     -47.0466
                -41.5672     -38.9028     -43.4008     -45.9222     -48.2601
                -47.4066     -38.9165     -45.1206     -37.1842     -48.5465
                -50.4267     -55.5623     -43.8401     -36.2104     -38.5928
                -48.8027     -53.2747     -54.8300     -54.8448     -50.2680
                -41.6597     -41.0910     -52.1956     -50.7745     -55.6615
                -55.7125     -54.1007     -66.1380     -70.7081     -59.4672
                -52.6045     -58.1662     -52.0532     -50.7778     -49.2703
                -50.2293     -44.2369     -49.3565     -51.8448     -65.6288
   2      0     -42.3447     -55.0082     -59.0064     -74.9487     -77.0453
                -72.1774     -68.3271     -57.5247     -47.8008     -44.9619
                -39.4409     -36.8174     -41.3090     -43.8337     -46.2137
                -45.3251     -36.8310     -43.0314     -35.0973     -46.4531
                -48.2889     -53.4528     -41.7575     -34.1396     -36.4957
                -46.7448     -51.1111     -52.6466     -52.7280     -48.1739
                -39.6074     -39.0233     -50.0893     -48.6892     -53.5732
                -53.6180     -51.9895     -63.9888     -68.5684     -57.3810
                -50.5151     -56.0571     -49.9553     -48.7099     -47.1921
                -48.1403     -42.1585     -47.2523     -49.7758     -63.5391
   3      0     -42.3579     -55.0095     -59.0292     -74.9795     -77.0522
                -72.1752     -68.3286     -57.5695     -47.8228     -44.9759
                -39.4459     -36.8317     -41.3255     -43.8519     -46.2256
                -45.3524     -36.8323     -43.0363     -35.1002     -46.4592
                -48.2841     -53.4783     -41.7672     -34.1678     -36.5104
                -46.7537     -51.0981     -52.7056     -52.7614     -48.1827
                -39.6241     -39.0391     -50.1058     -48.7118     -53.6048
                -53.6550     -52.0135     -64.0211     -68.5425     -57.3941
                -50.5164     -56.0699     -49.9570     -48.7146     -47.2164
                -48.1405     -42.1904     -47.2478     -49.8008     -63.5339
   4      0     -42.3879     -55.0492     -59.0302     -74.9765     -77.0572
                -72.1675     -68.3124     -57.5178     -47.8186     -44.9710
                -39.4588     -36.8389     -41.3316     -43.8585     -46.2550
                -45.3705     -36.8502     -43.0704     -35.1088     -46.4885
                -48.3072     -53.4843     -41.7680     -34.1722     -36.5113
                -46.7760     -51.0828     -52.6462     -52.7725     -48.2004
                -39.6442     -39.0579     -50.1317     -48.7089     -53.5962
                -53.6292     -52.0370     -63.9857     -68.5475     -57.4002
                -50.5364     -56.0911     -49.9875     -48.7392     -47.2311
                -48.1736     -42.2200     -47.2461     -49.7891     -63.5366
   5      0     -42.4085     -55.0556     -59.0480     -74.9867     -77.0374
                -72.1618     -68.3094     -57.5306     -47.8414     -44.9844
                -39.4797     -36.8620     -41.3630     -43.8756     -46.2567
                -45.3912     -36.8731     -43.0624     -35.1085     -46.4946
                -48.2721     -53.4584     -41.7761     -34.1623     -36.5305
                -46.7802     -51.0883     -52.6700     -52.7925     -48.2341
                -39.6653     -39.0920     -50.1288     -48.7297     -53.6142
                -53.6369     -52.0267     -63.9946     -68.5354     -57.3986
                -50.5404     -56.1010     -49.9874     -48.7598     -47.2523
                -48.1778     -42.2380     -47.2545     -49.8077     -63.5513
   5     60     -42.6900     -55.3368     -59.3296     -75.2759     -77.3244
                -72.4474     -68.5961     -57.8150     -48.1234     -45.2654
                -39.7637     -37.1418     -41.6442     -44.1585     -46.5364
                -45.6721     -37.1551     -43.3463     -35.3894     -46.7760
                -48.5566     -53.7401     -42.0569     -34.4411     -36.8110
                -47.0600     -51.3724     -52.9545     -53.0756     -48.5169
                -39.9447     -39.3728     -50.4127     -49.0123     -53.8968
                -53.9204     -52.3120     -64.2778     -68.8210     -57.6837
                -50.8234     -56.3858     -50.2708     -49.0408     -47.5351
                -48.4600     -42.5182     -47.5376     -50.0875     -63.8370
   5     80     -43.4150     -56.0587     -60.0516     -76.0149     -78.0557
                -73.1752     -69.3270     -58.5439     -48.8496     -45.9898
                -40.4960     -37.8645     -42.3702     -44.8880     -47.2557
                -46.3956     -37.8812     -44.0756     -36.1142     -47.4969
                -49.2867     -54.4618     -42.7812     -35.1616     -37.5362
                -47.7806     -52.1025     -53.6875     -53.8021     -49.2427
                -40.6629     -40.0967     -51.1420     -49.7386     -54.6207
                -54.6469     -53.0432     -65.0022     -69.5496     -58.4145
                -51.5509     -57.1166     -50.9982     -49.7627     -48.2614
                -49.1858     -43.2417     -48.2646     -50.8092     -64.5671
   5    100     -44.5211     -57.1629     -61.1537     -77.1240     -79.1572
                -74.2717     -70.4257     -59.6429     -49.9584     -47.0998
                -41.6124     -38.9717     -43.4810     -45.9998     -48.3624
                -47.5030     -38.9888     -45.1878     -37.2210     -48.5967
                -50.3892     -55.5564     -43.8871     -36.2634     -38.6453
                -48.8843     -53.2018     -54.7877     -54.9085     -50.3522
                -41.7697     -41.2054     -52.2536     -50.8452     -55.7273
                -55.7554     -54.1597     -66.0986     -70.6502     -59.5254
                -52.6648     -58.2330     -52.1103     -50.8716     -49.3709
                -50.2904     -44.3501     -49.3682     -51.9114     -65.6723
 
 group  inft   Estimated free energy: 2-th solvent contribution (kcal/mol)
   1      0     -70.8730     -55.8508     -50.2786     -35.9428     -32.2632
                -37.0633     -41.8819     -54.8869     -67.7193     -70.3011
                -75.4510     -77.0131     -72.5390     -68.2710     -68.3956
                -69.5675     -77.2471     -72.2233     -79.7779     -67.3268
                -65.5474     -56.5619     -71.0027     -81.5775     -79.5020
                -66.6799     -61.7995     -59.4557     -61.2713     -64.8960
                -74.6020     -76.4333     -64.2312     -63.2003     -60.7874
                -61.9870     -61.9409     -48.6861     -43.4708     -55.7566
                -65.5270     -60.1152     -66.4090     -67.1954     -66.5704
                -65.6229     -72.9551     -66.1510     -64.2599     -51.1995
   1     60     -72.1772     -57.1567     -51.5970     -37.2648     -33.5946
                -38.3790     -43.1998     -56.1885     -69.0229     -71.6003
                -76.7484     -78.3041     -73.8412     -69.5747     -69.6966
                -70.8818     -78.5423     -73.5331     -81.0712     -68.6324
                -66.8572     -57.8730     -72.3049     -82.8696     -80.7972
                -67.9882     -63.1048     -60.7553     -62.5790     -66.2017
                -75.8999     -77.7300     -65.5433     -64.5224     -62.1010
                -63.2952     -63.2509     -49.9987     -44.7820     -57.0726
                -66.8335     -61.4308     -67.7263     -68.5095     -67.8777
                -66.9260     -74.2659     -67.4519     -65.5664     -52.5176
   1     80     -75.8226     -60.7910     -55.2528     -40.9495     -37.2896
                -42.0509     -46.8649     -59.8503     -72.6620     -75.2171
                -80.3699     -81.9154     -77.4669     -73.2120     -73.3175
                -74.5269     -82.1622     -77.1679     -84.6840     -72.2711
                -70.5088     -61.5246     -75.9468     -86.4851     -84.4212
                -71.6299     -66.7579     -64.4041     -66.2228     -69.8342
                -79.5109     -81.3506     -69.1931     -68.1948     -65.7494
                -66.9242     -66.8887     -53.6521     -48.4319     -60.7447
                -70.4626     -65.0777     -71.3843     -72.1630     -71.5108
                -70.5622     -77.9115     -71.0979     -69.2063     -56.1851
   1    100     -82.1794     -67.1354     -61.6084     -47.3388     -43.6677
                -48.4183     -53.2455     -66.2152     -79.0243     -81.5662
                -86.7292     -88.2531     -83.8261     -79.5727     -79.6897
                -80.8980     -88.4999     -83.5349     -91.0272     -78.6330
                -76.8914     -67.8673     -82.3080     -92.8174     -90.7764
                -78.0043     -73.1148     -70.7687     -72.6144     -76.2024
                -85.8607     -87.7034     -75.5765     -74.5783     -72.1261
                -73.2814     -73.2564     -60.0086     -54.7844     -67.1332
                -76.8396     -71.4763     -77.7832     -78.5479     -77.8704
                -76.9122     -84.2785     -77.4674     -75.5789     -62.5637
   2      0     -70.8757     -55.8866     -50.3160     -35.9204     -32.1837
                -37.0055     -41.8265     -54.8080     -67.7718     -70.3463
                -75.4936     -77.0879     -72.5776     -68.2879     -68.4221
                -69.5952     -77.3109     -72.2863     -79.8490     -67.2783
                -65.4572     -56.5885     -71.0138     -81.6283     -79.5309
                -66.6872     -61.7282     -59.3853     -61.2421     -64.9219
                -74.6626     -76.4475     -64.2456     -63.2487     -60.8292
                -62.0262     -61.9798     -48.6402     -43.4502     -55.7570
                -65.5805     -60.1489     -66.4713     -67.1928     -66.6213
                -65.6086     -73.0342     -66.1540     -64.2986     -51.1730
   3      0     -70.8957     -55.8976     -50.3389     -36.0185     -32.2487
                -37.1190     -41.9592     -54.9238     -67.7652     -70.3492
                -75.5107     -77.1298     -72.5955     -68.3118     -68.4540
                -69.5911     -77.3182     -72.3230     -79.8655     -67.3216
                -65.5106     -56.6580     -71.0674     -81.6638     -79.5437
                -66.7300     -61.8119     -59.5349     -61.2864     -64.9604
                -74.6801     -76.4794     -64.2861     -63.2398     -60.8465
                -62.0263     -62.0137     -48.7541     -43.5844     -55.7842
                -65.5969     -60.1917     -66.4973     -67.2123     -66.6603
                -65.6540     -73.0320     -66.2362     -64.3459     -51.2633
   4      0     -70.9363     -55.9377     -50.3666     -35.9901     -32.2344
                -37.0543     -41.8882     -54.8481     -67.8451     -70.3530
                -75.4995     -77.1450     -72.6456     -68.3067     -68.4496
                -69.5976     -77.3261     -72.3174     -79.8970     -67.3059
                -65.5286     -56.6305     -71.0467     -81.7081     -79.5534
                -66.6835     -61.7806     -59.4411     -61.2674     -64.9362
                -74.6946     -76.5145     -64.3044     -63.2636     -60.8621
                -62.0709     -62.0429     -48.7012     -43.5878     -55.8071
                -65.5968     -60.1871     -66.5210     -67.2488     -66.6527
                -65.6394     -73.0657     -66.1762     -64.3131     -51.2371
   5      0     -71.0233     -55.9959     -50.4722     -36.0918     -32.3384
                -37.1910     -42.0298     -55.0008     -67.8811     -70.4302
                -75.6026     -77.2033     -72.6941     -68.3323     -68.5235
                -69.6996     -77.3794     -72.4237     -79.9389     -67.4104
                -65.5773     -56.7104     -71.1111     -81.7652     -79.6496
                -66.7732     -61.9207     -59.5389     -61.3601     -65.0115
                -74.7295     -76.5738     -64.3756     -63.3240     -60.9483
                -62.1605     -62.0763     -48.8264     -43.6857     -55.8655
                -65.6855     -60.2357     -66.5923     -67.2832     -66.7007
                -65.7269     -73.0930     -66.2829     -64.3960     -51.3786
   5     60     -72.6238     -57.5955     -52.0823     -37.7222     -33.9773
                -38.8211     -43.6638     -56.6200     -69.4793     -72.0182
                -77.1928     -78.7856     -74.2846     -69.9277     -70.1153
                -71.3022     -78.9661     -74.0236     -81.5227     -69.0170
                -67.1938     -58.3255     -72.7078     -83.3514     -81.2345
                -68.3764     -63.5324     -61.1460     -62.9690     -66.6070
                -76.3158     -78.1632     -65.9828     -64.9396     -62.5599
                -63.7590     -63.6795     -50.4506     -45.3121     -57.4832
                -67.2836     -61.8423     -68.2011     -68.8903     -68.2991
                -67.3292     -74.6924     -67.8884     -66.0018     -53.0049
   5     80     -76.6789     -61.6340     -56.1407     -41.8233     -38.0800
                -42.8989     -47.7577     -60.6950     -73.5270     -76.0454
                -81.2308     -82.8049     -78.3253     -73.9773     -74.1410
                -75.3596     -82.9886     -78.0685     -85.5487     -73.0632
                -71.2705     -62.3920     -76.7591     -87.3806     -85.2658
                -72.4331     -67.6018     -65.2169     -67.0310     -70.6378
                -80.3241     -82.1947     -70.0450     -69.0235     -66.6187
                -67.7918     -67.7237     -54.5254     -49.3847     -61.5638
                -71.3273     -65.9004     -72.2636     -72.9481     -72.3395
                -71.3817     -78.7511     -71.9461     -70.0708     -57.0874
   5    100     -82.3708     -67.3293     -61.8419     -47.5300     -43.7781
                -48.5695     -53.4431     -66.3653     -79.2329     -81.7457
                -86.9357     -88.4934     -84.0339     -79.6797     -79.8586
                -81.0724     -88.6795     -83.7824     -91.2394     -78.7554
                -76.9598     -68.0651     -82.4516     -93.0589     -90.9690
                -78.1466     -73.2720     -70.8887     -72.7466     -76.3517
                -86.0371     -87.8939     -75.7708     -74.7374     -72.3325
                -73.5009     -73.4429     -60.1957     -55.0554     -67.2819
                -77.0517     -71.6426     -78.0052     -78.6764     -78.0482
                -77.0730     -84.4597     -77.6363     -75.7753     -62.7880
 
 
 cumulative average & 95% error for solvation free energy
              total             1st component         2nd component
  1  -113.2516              -42.3579              -70.8957
  2  -112.0783     2.3465   -48.6837    12.6516   -63.3966    14.9981
  3  -111.1742     2.2594   -52.1322    10.0460   -59.0440    12.2785
  4  -111.1297     1.6001   -57.8440    13.4522   -53.2877    14.4196
  5  -110.7635     1.4396   -61.6857    12.9464   -49.0799    13.9849
  6  -110.5183     1.2737   -63.4339    11.1340   -47.0864    12.0946
  7  -110.4851     1.0785   -64.1332     9.5133   -46.3539    10.3263
  8  -110.7358     1.0602   -63.3127     8.4005   -47.4252     9.1959
  9  -111.2747     1.4268   -61.5916     8.1692   -49.6852     9.2845
 10  -111.6796     1.5114   -59.9300     8.0270   -51.7516     9.2759
 11  -111.9773     1.4911   -58.0678     8.1602   -53.9115     9.4371
 12  -112.1425     1.4007   -56.2982     8.2473   -55.8463     9.4441
 13  -112.2791     1.3172   -55.1464     7.9284   -57.1347     9.0614
 14  -112.2707     1.2196   -54.3397     7.5155   -57.9331     8.5398
 15  -112.4312     1.1798   -53.7987     7.0797   -58.6345     8.0730
 16  -112.5881     1.1474   -53.2708     6.7061   -59.3193     7.6747
 17  -112.6799     1.0933   -52.3039     6.5894   -60.3781     7.5137
 18  -112.8286     1.0728   -51.7890     6.2974   -61.0417     7.2073
 19  -112.9410     1.0394   -50.9106     6.2103   -62.0324     7.0995
 20  -112.9829     0.9896   -50.6881     5.9084   -62.2968     6.7559
 21  -113.0215     0.9445   -50.5736     5.6247   -62.4499     6.4334
 22  -112.8902     0.9380   -50.7056     5.3694   -62.1866     6.1566
 23  -112.8877     0.8963   -50.3170     5.1892   -62.5727     5.9333
 24  -113.0103     0.8925   -49.6441     5.1473   -63.3682     5.8993
 25  -113.1320     0.8899   -49.1188     5.0477   -64.0152     5.8045
 26  -113.1454     0.8554   -49.0278     4.8531   -64.1196     5.5807
 27  -113.1366     0.8233   -49.1045     4.6724   -64.0342     5.3727
 28  -113.1045     0.7960   -49.2331     4.5098   -63.8735     5.1872
 29  -113.1370     0.7708   -49.3548     4.3583   -63.7843     5.0084
 30  -113.1371     0.7446   -49.3157     4.2112   -63.8235     4.8392
 31  -113.1747     0.7241   -49.0031     4.1208   -64.1737     4.7326
 32  -113.2479     0.7162   -48.6917     4.0383   -64.5582     4.6464
 33  -113.2825     0.6976   -48.7345     3.9150   -64.5500     4.5034
 34  -113.2433     0.6813   -48.7339     3.7981   -64.5115     4.3697
 35  -113.2777     0.6652   -48.8730     3.6984   -64.4067     4.2481
 36  -113.3445     0.6601   -49.0059     3.6040   -64.3406     4.1306
 37  -113.3629     0.6430   -49.0872     3.5090   -64.2777     4.0193
 38  -113.3473     0.6266   -49.4802     3.5047   -63.8692     3.9965
 39  -113.3160     0.6136   -49.9689     3.5509   -63.3491     4.0293
 40  -113.3125     0.5981   -50.1546     3.4808   -63.1600     3.9455
 41  -113.3808     0.5991   -50.1634     3.3949   -63.2194     3.8499
 42  -113.4493     0.6005   -50.3040     3.3250   -63.1473     3.7599
 43  -113.5191     0.6028   -50.2959     3.2468   -63.2252     3.6747
 44  -113.5738     0.5990   -50.2600     3.1730   -63.3158     3.5948
 45  -113.5805     0.5857   -50.1924     3.1046   -63.3902     3.5171
 46  -113.5851     0.5729   -50.1478     3.0377   -63.4394     3.4412
 47  -113.6199     0.5648   -49.9785     2.9916   -63.6435     3.3919
 48  -113.6170     0.5530   -49.9216     2.9308   -63.6975     3.3222
 49  -113.6278     0.5420   -49.9191     2.8704   -63.7107     3.2538
 50  -113.6511     0.5331   -50.1914     2.8646   -63.4618     3.2267
 
 Mesh error is    0.095 kcal/mol
