 ERmod 0.3.8, Copyright (C) 2000-2019 Nobuyuki Matubayasi
                            2010-2019 Shun Sakuraba
 ERmod comes with ABSOLUTELY NO WARRANTY.
 This is free software, and you can redistribute it
 and/or modify it under certain conditions.
 See LICENSE file for details.
 
  Number of the   1-th solvent  =         1472
  Number of the   2-th solvent  =        10000
 
  Be sure that the solvent distribution is homogeneous (radial distribution function is essentially unity) when the solvent molecule is separated beyond distance of   10.0 Angstrom in any direction from any atom within the solute molecule
 
  LJ long-range correction    =        -3.5283     -5.7260
 
  Self-energy of the solute   =        -0.0001  kcal/mol
 
 
 cumulative average & 95% error for solvation energy
              total             1st component         2nd component
  1  -492.0706             -186.9051             -305.1655
  2  -491.8838     0.3737  -176.6259    20.5583  -315.2578    20.1846
  3  -491.9039     0.2194  -180.0323    13.6856  -311.8715    13.4787
  4  -492.3717     0.9485  -181.0179     9.8759  -311.3538     9.5870
  5  -491.6101     1.6912  -189.1801    18.0280  -302.4299    19.3310
  6  -491.4162     1.4342  -192.1348    15.8617  -299.2814    16.9935
  7  -491.3210     1.2270  -195.6359    15.1241  -295.6851    16.0625
  8  -491.1582     1.1114  -199.0968    14.8144  -292.0613    15.6853
  9  -491.2930     1.0166  -194.5317    15.9392  -296.7612    16.7246
 10  -491.6233     1.1240  -191.7735    15.2865  -299.8498    16.1842
 11  -491.7213     1.0354  -190.0240    14.2630  -301.6973    15.0982
 12  -491.6739     0.9499  -188.9241    13.2048  -302.7497    13.9425
 13  -491.5190     0.9271  -190.5239    12.5610  -300.9950    13.2967
 14  -491.3858     0.8987  -191.0809    11.6825  -300.3048    12.3875
 15  -491.4762     0.8560  -190.7517    10.8957  -300.7244    11.5627
 16  -491.4893     0.8011  -189.0163    10.7667  -302.4730    11.3672
 17  -491.4447     0.7578  -187.9733    10.3265  -303.4714    10.8627
 18  -491.4548     0.7147  -189.9565    10.5129  -301.4982    10.9755
 19  -491.4661     0.6765  -190.2727     9.9643  -301.1933    10.3997
 20  -491.0932     0.9838  -191.8938     9.9935  -299.1993    10.6415
 21  -491.1704     0.9485  -190.8207     9.7450  -300.3496    10.3803
 22  -491.2293     0.9120  -190.2350     9.3651  -300.9943     9.9808
 23  -491.2091     0.8723  -189.1590     9.2038  -302.0501     9.7680
 24  -491.0600     0.8869  -189.7756     8.8978  -301.2843     9.4767
 25  -491.0044     0.8579  -188.9921     8.6771  -302.0122     9.2056
 26  -491.1911     0.9049  -188.5682     8.3797  -302.6229     8.9284
 27  -491.1621     0.8727  -188.9763     8.1046  -302.1857     8.6357
 28  -491.2064     0.8456  -189.4341     7.8633  -301.7723     8.3626
 29  -491.2241     0.8167  -189.6601     7.6007  -301.5639     8.0798
 30  -491.2479     0.7904  -189.7847     7.3472  -301.4631     7.8084
 31  -491.2489     0.7645  -188.9220     7.3127  -302.3268     7.7473
 32  -491.1353     0.7743  -188.4769     7.1363  -302.6584     7.5306
 33  -491.0670     0.7628  -188.3729     6.9198  -302.6940     7.2992
 34  -490.9934     0.7545  -188.0279     6.7485  -302.9654     7.1020
 35  -490.9701     0.7341  -188.3772     6.5900  -302.5928     6.9363
 36  -490.8228     0.7718  -188.7469     6.4469  -302.0758     6.8197
 37  -490.8796     0.7592  -189.1627     6.3251  -301.7169     6.6715
 38  -490.9051     0.7407  -189.4170     6.1774  -301.4880     6.5097
 39  -490.8930     0.7219  -189.5971     6.0277  -301.2958     6.3522
 40  -490.7358     0.7707  -190.2800     6.0317  -300.4558     6.4153
 41  -490.7090     0.7536  -189.9602     5.9174  -300.7487     6.2843
 42  -490.7360     0.7374  -189.3125     5.9183  -301.4234     6.2795
 43  -490.7324     0.7201  -188.4975     6.0045  -302.2348     6.3429
 44  -490.7569     0.7052  -188.1958     5.8974  -302.5610     6.2313
 45  -490.8216     0.7014  -187.9746     5.7818  -302.8470     6.1180
 46  -490.7938     0.6883  -188.3146     5.6955  -302.4791     6.0286
 47  -490.7949     0.6735  -189.0109     5.7443  -301.7839     6.0606
 48  -490.7995     0.6593  -189.1095     5.6268  -301.6899     5.9360
 49  -490.7732     0.6479  -189.2091     5.5144  -301.5640     5.8190
 50  -490.7483     0.6367  -189.1365     5.4050  -301.6117     5.7022
 
 
 group  inft  solvation free energy     error          difference
  total solvation free energy
   1      0       -125.74361           0.34447           0.11355
   1     60       -127.77994           0.34246          -1.92278
   1     80       -132.92509           0.33943          -7.06793
   1    100       -141.44254           0.34047         -15.58539
   2      0       -125.82773           0.34375           0.02943
   3      0       -125.85716           0.34452           0.00000
   4      0       -125.83792           0.34147           0.01924
   5      0       -125.91372           0.34325          -0.05657
   5     60       -128.37592           0.34077          -2.51877
   5     80       -134.01301           0.33784          -8.15586
   5    100       -141.65417           0.33822         -15.79701
 
  contribution from  1-th solvent component
   1      0        -69.25346           2.19877           0.05456
   1     60        -69.57342           2.19922          -0.26540
   1     80        -70.38717           2.19995          -1.07915
   1    100        -71.82771           2.20006          -2.51970
   2      0        -69.29137           2.19783           0.01665
   3      0        -69.30801           2.19813           0.00000
   4      0        -69.31434           2.19764          -0.00633
   5      0        -69.32572           2.19729          -0.01771
   5     60        -69.71245           2.19781          -0.40444
   5     80        -70.61057           2.19853          -1.30255
   5    100        -71.91056           2.19863          -2.60255
 
  contribution from  2-th solvent component
   1      0        -56.49010           2.41213           0.05899
   1     60        -58.20647           2.40958          -1.65738
   1     80        -62.53786           2.40551          -5.98878
   1    100        -69.61477           2.40367         -13.06569
   2      0        -56.53631           2.41109           0.01278
   3      0        -56.54909           2.41255           0.00000
   4      0        -56.52352           2.40970           0.02557
   5      0        -56.58794           2.40952          -0.03885
   5     60        -58.66342           2.40645          -2.11433
   5     80        -63.40239           2.40232          -6.85330
   5    100        -69.74355           2.40011         -13.19446
 
 
 group  inft   Estimated free energy: total (kcal/mol)
   1      0    -126.1080    -125.9110    -126.2642    -127.2344    -123.7330
               -125.5116    -125.5801    -125.1873    -126.8820    -127.4501
               -126.8420    -125.6232    -125.4634    -125.6557    -127.0550
               -126.2876    -126.2628    -125.0755    -126.3713    -121.7508
               -127.6586    -127.2219    -126.5159    -124.6824    -125.5169
               -128.1071    -125.4085    -126.1748    -126.0067    -126.4896
               -126.2793    -124.7285    -125.0899    -125.0706    -125.2243
               -123.2121    -125.9813    -125.7513    -125.8979    -121.9964
               -125.6837    -126.4213    -126.2219    -126.0916    -126.9420
               -125.2817    -125.4187    -125.9445    -125.0707    -124.8415
   1     60    -128.1455    -127.9394    -128.2994    -129.2712    -125.7871
               -127.5660    -127.6264    -127.2340    -128.8952    -129.4781
               -128.8802    -127.6554    -127.5039    -127.6933    -129.0815
               -128.3044    -128.2910    -127.1373    -128.4131    -123.8168
               -129.6767    -129.2487    -128.5393    -126.7245    -127.5373
               -130.1306    -127.4492    -128.2096    -128.0490    -128.5294
               -128.2994    -126.7535    -127.1183    -127.1037    -127.2727
               -125.2488    -128.0210    -127.8030    -127.9428    -124.0560
               -127.7079    -128.4404    -128.2445    -128.1296    -128.9873
               -127.3247    -127.4731    -127.9817    -127.0961    -126.8787
   1     80    -133.2957    -133.0629    -133.4314    -134.4113    -130.9554
               -132.7426    -132.7929    -132.3950    -134.0061    -134.6093
               -134.0341    -132.7930    -132.6584    -132.8409    -134.2076
               -133.4186    -133.4180    -132.3175    -133.5705    -129.0062
               -134.7970    -134.3851    -133.6619    -131.8746    -132.6752
               -135.2538    -132.5918    -133.3542    -133.2041    -133.6839
               -133.4103    -131.8707    -132.2579    -132.2299    -132.4414
               -130.4017    -133.1701    -132.9784    -133.1103    -129.2328
               -132.8179    -133.5601    -133.3657    -133.2887    -134.1431
               -132.4845    -132.6431    -133.1275    -132.2390    -132.0323
   1    100    -141.8111    -141.5580    -141.9372    -142.9483    -139.4609
               -141.3056    -141.3548    -140.9168    -142.5168    -143.1436
               -142.5751    -141.3058    -141.2060    -141.3736    -142.7392
               -141.9117    -141.9234    -140.8612    -142.0847    -137.5159
               -143.3234    -142.9209    -142.1673    -140.4098    -141.1765
               -143.7478    -141.0994    -141.8694    -141.7322    -142.2079
               -141.8782    -140.3818    -140.7628    -140.7348    -140.9606
               -138.9089    -141.6740    -141.5111    -141.6538    -137.7169
               -141.3254    -142.0586    -141.8719    -141.8122    -142.6610
               -141.0040    -141.1796    -141.6508    -140.7348    -140.5416
   2      0    -126.2387    -125.9908    -126.3532    -127.3121    -123.8159
               -125.5824    -125.6584    -125.2738    -126.9812    -127.5354
               -126.9571    -125.7190    -125.5490    -125.6928    -127.1492
               -126.3793    -126.3866    -125.1669    -126.4307    -121.8646
               -127.7548    -127.2888    -126.6024    -124.7783    -125.5847
               -128.1793    -125.5208    -126.3214    -126.0567    -126.5946
               -126.3496    -124.8010    -125.2118    -125.1615    -125.2999
               -123.2872    -125.9955    -125.7833    -126.0234    -122.0709
               -125.7930    -126.4844    -126.2652    -126.1605    -126.9539
               -125.3134    -125.4789    -126.0669    -125.1884    -124.9791
   3      0    -126.2486    -126.0152    -126.3773    -127.3767    -123.8311
               -125.6538    -125.7169    -125.3298    -127.0016    -127.5711
               -126.9890    -125.7589    -125.5594    -125.7276    -127.1679
               -126.4255    -126.4443    -125.1872    -126.4570    -121.8592
               -127.7805    -127.3256    -126.6718    -124.8122    -125.6544
               -128.2009    -125.5193    -126.3220    -126.0740    -126.6153
               -126.3805    -124.8128    -125.2656    -125.2006    -125.3503
               -123.3241    -126.0079    -125.8109    -126.0579    -122.0995
               -125.8297    -126.4956    -126.3009    -126.1881    -126.9689
               -125.3271    -125.4802    -126.0708    -125.2211    -124.9910
   4      0    -126.2729    -125.9883    -126.3562    -127.3432    -123.7943
               -125.5938    -125.6843    -125.2819    -126.9988    -127.5083
               -126.9583    -125.6643    -125.5718    -125.7114    -127.1719
               -126.4173    -126.3783    -125.2007    -126.4462    -121.9514
               -127.7326    -127.3037    -126.6405    -124.8010    -125.5760
               -128.1865    -125.5419    -126.3428    -126.0423    -126.6104
               -126.3481    -124.7825    -125.1700    -125.2161    -125.3612
               -123.3343    -125.9875    -125.7718    -126.0244    -122.0938
               -125.8357    -126.4935    -126.2954    -126.1357    -126.9410
               -125.2821    -125.4327    -126.0582    -125.2559    -125.0049
   5      0    -126.3357    -126.0898    -126.4524    -127.4137    -123.8706
               -125.7055    -125.7654    -125.3934    -127.0503    -127.6253
               -127.0137    -125.7666    -125.6337    -125.8183    -127.2401
               -126.4837    -126.4897    -125.2689    -126.5380    -121.9771
               -127.8109    -127.4066    -126.7342    -124.8925    -125.6673
               -128.2316    -125.5964    -126.4048    -126.1573    -126.6931
               -126.3930    -124.8629    -125.2706    -125.2524    -125.3996
               -123.3494    -126.0451    -125.8190    -126.1131    -122.1708
               -125.9084    -126.5275    -126.3635    -126.2251    -127.0584
               -125.3391    -125.5551    -126.1165    -125.3370    -125.0530
   5     60    -128.8000    -128.5416    -128.9117    -129.8744    -126.3513
               -128.1834    -128.2400    -127.8693    -129.4891    -130.0751
               -129.4745    -128.2198    -128.1003    -128.2793    -129.6892
               -128.9241    -128.9389    -127.7584    -129.0098    -124.4740
               -130.2528    -129.8591    -129.1787    -127.3601    -128.1217
               -130.6809    -128.0609    -128.8652    -128.6252    -129.1616
               -128.8336    -127.3077    -127.7257    -127.7052    -127.8781
               -125.8189    -128.5133    -128.2980    -128.5883    -124.6589
               -128.3527    -128.9720    -128.8057    -128.6902    -129.5239
               -127.8135    -128.0376    -128.5815    -127.7994    -127.5215
   5     80    -134.4457    -134.1601    -134.5391    -135.5116    -132.0111
               -133.8462    -133.8999    -133.5270    -135.0960    -135.7004
               -135.1171    -133.8486    -133.7495    -133.9157    -135.3086
               -134.5301    -134.5572    -133.4324    -134.6557    -130.1549
               -135.8633    -135.4832    -134.7930    -133.0129    -133.7465
               -136.2942    -133.6906    -134.5034    -134.2732    -134.8084
               -134.4369    -132.9158    -133.3481    -133.3228    -133.5394
               -131.4609    -134.1526    -133.9642    -134.2503    -130.3221
               -133.9577    -134.5838    -134.4195    -134.3338    -135.1695
               -133.4613    -133.7027    -134.2248    -133.4328    -133.1765
   5    100    -142.0867    -141.7747    -142.1679    -143.1705    -139.6467
               -141.5194    -141.5849    -141.1835    -142.7283    -143.3496
               -142.7697    -141.4848    -141.4147    -141.5680    -142.9601
               -142.1462    -142.1838    -141.0949    -142.2953    -137.8001
               -143.5081    -143.1355    -142.4316    -140.6666    -141.3791
               -143.9153    -141.3220    -142.1372    -141.9220    -142.4646
               -142.0406    -140.5482    -140.9800    -140.9491    -141.1886
               -139.0902    -141.7857    -141.6256    -141.9126    -137.9414
               -141.5849    -142.2069    -142.0473    -141.9685    -142.8121
               -141.0990    -141.3616    -141.8734    -141.0716    -140.8096
 
 group  inft   Estimated free energy: 1-th solvent contribution (kcal/mol)
   1      0     -68.1503     -59.4861     -68.0575     -67.5367     -82.2510
                -76.9611     -80.7485     -83.3118     -56.3085     -60.4201
                -62.3441     -64.4145     -78.2803     -73.5915     -68.6386
                -58.8412     -62.1415     -83.5266     -71.8061     -82.0476
                -61.8061     -65.4795     -59.6106     -75.6138     -61.2247
                -64.6782     -73.5644     -74.8050     -72.3542     -71.3031
                -58.2867     -63.7921     -67.9583     -63.9715     -73.1284
                -73.6423     -75.2341     -72.7321     -72.2505     -79.5424
                -64.6591     -58.3994     -54.8042     -63.3189     -64.4377
                -74.3791     -82.5402     -71.5368     -71.5130     -67.2432
   1     60     -68.4697     -59.8050     -68.3780     -67.8561     -82.5743
                -77.2827     -81.0717     -83.6327     -56.6269     -60.7393
                -62.6628     -64.7348     -78.6020     -73.9120     -68.9587
                -59.1575     -62.4606     -83.8509     -72.1277     -82.3735
                -62.1231     -65.7976     -59.9286     -75.9342     -61.5433
                -64.9980     -73.8834     -75.1243     -72.6739     -71.6229
                -58.6048     -64.1058     -68.2739     -64.2894     -73.4501
                -73.9627     -75.5533     -73.0544     -72.5710     -79.8647
                -64.9774     -58.7166     -55.1234     -63.6388     -64.7604
                -74.6999     -82.8633     -71.8581     -71.8332     -67.5635
   1     80     -69.2826     -60.6160     -69.1916     -68.6680     -83.3937
                -78.0986     -81.8924     -84.4474     -57.4396     -61.5523
                -63.4745     -65.5497     -79.4192     -74.7263     -69.7732
                -59.9648     -63.2724     -84.6715     -72.9452     -83.1970
                -62.9321     -66.6088     -60.7391     -76.7475     -62.3576
                -65.8127     -74.6936     -75.9377     -73.4867     -72.4366
                -59.4147     -64.9051     -69.0793     -65.0965     -74.2676
                -74.7779     -76.3653     -73.8725     -73.3860     -80.6809
                -65.7865     -59.5256     -55.9368     -64.4540     -65.5790
                -75.5153     -83.6821     -72.6746     -72.6509     -68.3791
   1    100     -70.7195     -62.0545     -70.6325     -70.1098     -84.8335
                -79.5432     -83.3393     -85.8860     -58.8796     -62.9970
                -64.9188     -66.9935     -80.8644     -76.1695     -71.2194
                -61.4020     -64.7148     -86.1198     -74.3865     -84.6369
                -64.3745     -68.0556     -62.1793     -78.1896     -63.7973
                -67.2550     -76.1278     -77.3750     -74.9265     -73.8770
                -60.8494     -66.3350     -70.5102     -66.5326     -75.7103
                -76.2122     -77.7999     -75.3122     -74.8278     -82.1151
                -67.2229     -60.9636     -57.3822     -65.8988     -67.0238
                -76.9542     -85.1268     -74.1195     -74.0929     -69.8181
   2      0     -68.2075     -59.5356     -68.0763     -67.5718     -82.2836
                -77.0004     -80.7839     -83.3552     -56.3477     -60.4648
                -62.4085     -64.4525     -78.3053     -73.6132     -68.6826
                -58.8839     -62.1918     -83.5710     -71.8367     -82.0839
                -61.8554     -65.5283     -59.6467     -75.6578     -61.2539
                -64.7231     -73.6009     -74.8629     -72.3827     -71.3542
                -58.3289     -63.8491     -68.0016     -64.0340     -73.1584
                -73.6797     -75.2401     -72.7603     -72.3050     -79.5591
                -64.7237     -58.4445     -54.8122     -63.3749     -64.4370
                -74.3930     -82.5653     -71.5837     -71.5331     -67.2628
   3      0     -68.2163     -59.5356     -68.0892     -67.6140     -82.3049
                -77.0399     -80.8058     -83.3774     -56.3659     -60.4880
                -62.4519     -64.4749     -78.3218     -73.6296     -68.6761
                -58.9079     -62.2221     -83.5927     -71.8569     -82.0750
                -61.8605     -65.5445     -59.6624     -75.6730     -61.2921
                -64.7204     -73.6124     -74.8712     -72.4145     -71.3738
                -58.3266     -63.8616     -68.0234     -64.0496     -73.1924
                -73.6987     -75.2657     -72.7680     -72.3162     -79.5918
                -64.7519     -58.4431     -54.8255     -63.3766     -64.4352
                -74.4099     -82.5642     -71.5959     -71.5512     -67.2824
   4      0     -68.2359     -59.5477     -68.0942     -67.6094     -82.2872
                -77.0317     -80.8047     -83.3823     -56.3609     -60.4760
                -62.4457     -64.4564     -78.3450     -73.6202     -68.7052
                -58.9301     -62.2029     -83.6031     -71.8645     -82.1146
                -61.8815     -65.5438     -59.6800     -75.6782     -61.2877
                -64.7457     -73.6402     -74.8792     -72.4045     -71.3719
                -58.3306     -63.8882     -68.0201     -64.0899     -73.1936
                -73.7160     -75.2745     -72.7794     -72.3309     -79.5800
                -64.7529     -58.4646     -54.8476     -63.4077     -64.4404
                -74.3911     -82.5712     -71.5815     -71.5547     -67.2717
   5      0     -68.2592     -59.5565     -68.1276     -67.6128     -82.2787
                -77.0472     -80.8033     -83.3893     -56.3755     -60.4803
                -62.4545     -64.4881     -78.3270     -73.6383     -68.6993
                -58.9567     -62.2214     -83.6005     -71.8911     -82.1004
                -61.8976     -65.5496     -59.7082     -75.7049     -61.3010
                -64.7145     -73.6524     -74.8822     -72.4308     -71.3898
                -58.3426     -63.8926     -68.0558     -64.0944     -73.2051
                -73.7294     -75.2650     -72.7719     -72.3418     -79.6180
                -64.7619     -58.4754     -54.8512     -63.3982     -64.4516
                -74.4395     -82.5971     -71.6082     -71.5705     -67.2772
   5     60     -68.6455     -59.9418     -68.5143     -67.9987     -82.6688
                -77.4355     -81.1940     -83.7772     -56.7612     -60.8658
                -62.8396     -64.8747     -78.7151     -74.0250     -69.0858
                -59.3394     -62.6067     -83.9919     -72.2801     -82.4942
                -62.2811     -65.9344     -60.0926     -76.0921     -61.6878
                -65.1009     -74.0377     -75.2684     -72.8171     -71.7768
                -58.7269     -64.2715     -68.4377     -64.4780     -73.5946
                -74.1179     -75.6508     -73.1613     -72.7296     -80.0071
                -65.1465     -58.8592     -55.2363     -63.7850     -64.8400
                -74.8276     -82.9874     -71.9968     -71.9590     -67.6653
   5     80     -69.5437     -60.8377     -69.4118     -68.8955     -83.5719
                -78.3355     -82.0991     -84.6767     -57.6589     -61.7635
                -63.7362     -65.7739     -79.6157     -74.9224     -69.9845
                -60.2313     -63.5027     -84.8972     -73.1809     -83.4027
                -63.1745     -66.8296     -60.9878     -76.9917     -62.5862
                -65.9996     -74.9314     -76.1664     -73.7147     -72.6752
                -59.6217     -65.1546     -69.3257     -65.3694     -74.4976
                -75.0173     -76.5465     -74.0639     -73.6292     -80.9067
                -66.0406     -59.7530     -56.1335     -64.6844     -65.7421
                -75.7264     -83.8908     -72.8985     -72.8604     -68.5671
   5    100     -70.8414     -62.1352     -70.7104     -70.1966     -84.8704
                -79.6396     -83.4050     -85.9762     -58.9582     -63.0664
                -65.0409     -67.0770     -80.9178     -76.2237     -71.2885
                -61.5291     -64.8048     -86.2037     -74.4810     -84.7032
                -64.4767     -68.1349     -62.2895     -78.2944     -63.8863
                -67.2997     -76.2260     -77.4632     -75.0144     -73.9768
                -60.9170     -66.4452     -70.6176     -66.6663     -75.8010
                -76.3120     -77.8402     -75.3633     -74.9303     -82.2013
                -67.3368     -61.0510     -57.4359     -65.9873     -67.0439
                -77.0237     -85.1941     -74.2021     -74.1622     -69.8662
 
 group  inft   Estimated free energy: 2-th solvent contribution (kcal/mol)
   1      0     -57.9576     -66.4249     -58.2066     -59.6976     -41.4820
                -48.5504     -44.8316     -41.8754     -70.5735     -67.0299
                -64.4978     -61.2086     -47.1830     -52.0641     -58.4164
                -67.4464     -64.1213     -41.5489     -54.5652     -39.7031
                -65.8524     -61.7424     -66.9053     -49.0685     -64.2921
                -63.4289     -51.8440     -51.3698     -53.6525     -55.1864
                -67.9926     -60.9364     -57.1316     -61.0991     -52.0959
                -49.5697     -50.7472     -53.0192     -53.6474     -42.4539
                -61.0245     -68.0218     -71.4177     -62.7726     -62.5042
                -50.9026     -42.8785     -54.4077     -53.5576     -57.5982
   1     60     -59.6758     -68.1344     -59.9213     -61.4150     -43.2127
                -50.2832     -46.5546     -43.6013     -72.2683     -68.7387
                -66.2174     -62.9205     -48.9018     -53.7813     -60.1228
                -69.1469     -65.8303     -43.2864     -56.2854     -41.4432
                -67.5536     -63.4511     -68.6106     -50.7903     -65.9939
                -65.1326     -53.5657     -53.0852     -55.3751     -56.9064
                -69.6946     -62.6476     -58.8443     -62.8142     -53.8225
                -51.2861     -52.4677     -54.7486     -55.3718     -44.1912
                -62.7305     -69.7238     -73.1210     -64.4908     -64.2268
                -52.6247     -44.6097     -56.1235     -55.2629     -59.3152
   1     80     -64.0131     -72.4469     -64.2397     -65.7433     -47.5616
                -54.6439     -50.9005     -47.9475     -76.5664     -73.0569
                -70.5596     -67.2433     -53.2391     -58.1145     -64.4343
                -73.4537     -70.1456     -47.6460     -60.6253     -45.8091
                -71.8648     -67.7763     -72.9228     -55.1270     -70.3176
                -69.4410     -57.8981     -57.4164     -59.7173     -61.2472
                -73.9956     -66.9656     -63.1785     -67.1333     -58.1737
                -55.6238     -56.8048     -59.1059     -59.7243     -48.5518
                -67.0313     -74.0344     -77.4288     -68.8346     -68.5640
                -56.9692     -48.9609     -60.4528     -59.5880     -63.6531
   1    100     -71.0916     -79.5034     -71.3047     -72.8385     -54.6274
                -61.7623     -58.0155     -55.0307     -83.6371     -80.1465
                -77.6563     -74.3123     -60.3416     -65.2040     -71.5197
                -80.5096     -77.2086     -54.7414     -67.6981     -52.8789
                -78.9488     -74.8652     -79.9879     -62.2201     -77.3791
                -76.4928     -64.9716     -64.4943     -66.8057     -68.3308
                -81.0287     -74.0467     -70.2526     -74.2021     -65.2502
                -62.6966     -63.8741     -66.1988     -66.8260     -55.6017
                -74.1025     -81.0950     -84.4896     -75.9134     -75.6371
                -64.0497     -56.0528     -67.5312     -66.6419     -70.7235
   2      0     -58.0312     -66.4551     -58.2769     -59.7402     -41.5323
                -48.5819     -44.8745     -41.9186     -70.6335     -67.0705
                -64.5486     -61.2665     -47.2436     -52.0795     -58.4666
                -67.4953     -64.1948     -41.5959     -54.5939     -39.7807
                -65.8993     -61.7604     -66.9556     -49.1204     -64.3307
                -63.4561     -51.9198     -51.4584     -53.6740     -55.2403
                -68.0207     -60.9518     -57.2102     -61.1274     -52.1414
                -49.6075     -50.7553     -53.0230     -53.7184     -42.5118
                -61.0692     -68.0398     -71.4529     -62.7855     -62.5168
                -50.9204     -42.9136     -54.4832     -53.6553     -57.7162
   3      0     -58.0322     -66.4795     -58.2881     -59.7627     -41.5262
                -48.6138     -44.9110     -41.9524     -70.6356     -67.0831
                -64.5370     -61.2840     -47.2375     -52.0979     -58.4918
                -67.5175     -64.2221     -41.5944     -54.6001     -39.7841
                -65.9200     -61.7810     -67.0094     -49.1391     -64.3623
                -63.4804     -51.9069     -51.4507     -53.6594     -55.2415
                -68.0538     -60.9511     -57.2421     -61.1509     -52.1578
                -49.6254     -50.7422     -53.0428     -53.7417     -42.5077
                -61.0777     -68.0525     -71.4753     -62.8115     -62.5337
                -50.9171     -42.9159     -54.4748     -53.6698     -57.7085
   4      0     -58.0370     -66.4405     -58.2620     -59.7338     -41.5070
                -48.5620     -44.8795     -41.8995     -70.6378     -67.0322
                -64.5125     -61.2078     -47.2267     -52.0912     -58.4667
                -67.4871     -64.1754     -41.5976     -54.5817     -39.8367
                -65.8510     -61.7599     -66.9604     -49.1228     -64.2882
                -63.4408     -51.9017     -51.4636     -53.6377     -55.2385
                -68.0174     -60.8942     -57.1498     -61.1261     -52.1675
                -49.6183     -50.7130     -52.9923     -53.6934     -42.5137
                -61.0828     -68.0289     -71.4478     -62.7279     -62.5005
                -50.8909     -42.8614     -54.4767     -53.7012     -57.7331
   5      0     -58.0765     -66.5332     -58.3247     -59.8008     -41.5918
                -48.6582     -44.9621     -42.0040     -70.6747     -67.1450
                -64.5592     -61.2784     -47.3067     -52.1799     -58.5408
                -67.5270     -64.2682     -41.6683     -54.6469     -39.8766
                -65.9133     -61.8569     -67.0260     -49.1876     -64.3662
                -63.5171     -51.9440     -51.5226     -53.7264     -55.3032
                -68.0504     -60.9702     -57.2147     -61.1579     -52.1944
                -49.6199     -50.7800     -53.0471     -53.7713     -42.5528
                -61.1464     -68.0520     -71.5122     -62.8269     -62.6067
                -50.8996     -42.9579     -54.5083     -53.7664     -57.7757
   5     60     -60.1545     -68.5997     -60.3973     -61.8757     -43.6824
                -50.7479     -47.0460     -44.0920     -72.7278     -69.2092
                -66.6348     -63.3450     -49.3851     -54.2543     -60.6033
                -69.5846     -66.3321     -43.7665     -56.7297     -41.9798
                -67.9716     -63.9247     -69.0861     -51.2679     -66.4338
                -65.5799     -54.0232     -53.5968     -55.8081     -57.3848
                -70.1067     -63.0361     -59.2880     -63.2271     -54.2835
                -51.7010     -52.8624     -55.1367     -55.8587     -44.6517
                -63.2061     -70.1128     -73.5694     -64.9051     -64.6838
                -52.9859     -45.0501     -56.5846     -55.8404     -59.8562
   5     80     -64.9019     -73.3224     -65.1272     -66.6160     -48.4391
                -55.5107     -51.8008     -48.8502     -77.4371     -73.9369
                -71.3809     -68.0746     -54.1337     -58.9933     -65.3240
                -74.2988     -71.0544     -48.5351     -61.4747     -46.7522
                -72.6888     -68.6535     -73.8051     -56.0211     -71.1602
                -70.2946     -58.7591     -58.3369     -60.5584     -62.1332
                -74.8152     -67.7611     -64.0224     -67.9533     -59.0418
                -56.4435     -57.6060     -59.9002     -60.6210     -49.4153
                -67.9170     -74.8308     -78.2860     -69.6494     -69.4273
                -57.7349     -49.8118     -61.3262     -60.5722     -64.6094
   5    100     -71.2452     -79.6394     -71.4574     -72.9739     -54.7763
                -61.8797     -58.1799     -55.2072     -83.7700     -80.2831
                -77.7288     -74.4077     -60.4968     -65.3442     -71.6715
                -80.6171     -77.3789     -54.8911     -67.8142     -53.0969
                -79.0314     -75.0005     -80.1421     -62.3721     -77.4927
                -76.6156     -65.0960     -64.6739     -66.9075     -68.4877
                -81.1235     -74.1029     -70.3624     -74.2827     -65.3876
                -62.7781     -63.9455     -66.2622     -66.9822     -55.7401
                -74.2480     -81.1558     -84.6114     -75.9812     -75.7681
                -64.0753     -56.1674     -67.6713     -66.9094     -70.9434
 
 
 cumulative average & 95% error for solvation free energy
              total             1st component         2nd component
  1  -126.2486              -68.2163              -58.0322
  2  -126.1319     0.2333   -63.8760     8.6806   -62.2559     8.4473
  3  -126.2137     0.2119   -65.2804     5.7452   -60.9333     5.5482
  4  -126.5045     0.6005   -65.8638     4.2267   -60.6406     3.9666
  5  -125.9698     1.1661   -69.1520     7.3463   -56.8177     8.2400
  6  -125.9171     0.9580   -70.4667     6.5492   -55.4504     7.2625
  7  -125.8885     0.8116   -71.9437     6.2740   -53.9448     6.8368
  8  -125.8187     0.7166   -73.3729     6.1395   -52.4457     6.6366
  9  -125.9501     0.6845   -71.4832     6.6031   -54.4668     7.1131
 10  -126.1122     0.6928   -70.3837     6.3021   -55.7285     6.8443
 11  -126.1919     0.6466   -69.6626     5.8800   -56.5292     6.3947
 12  -126.1558     0.5947   -69.2303     5.4369   -56.9255     5.8911
 13  -126.1100     0.5547   -69.9297     5.1931   -56.1802     5.6202
 14  -126.0826     0.5164   -70.1939     4.8369   -55.8886     5.2359
 15  -126.1550     0.5021   -70.0928     4.5074   -56.0622     4.8867
 16  -126.1719     0.4708   -69.3937     4.4421   -56.7782     4.7901
 17  -126.1879     0.4434   -68.9718     4.2570   -57.2160     4.5840
 18  -126.1323     0.4326   -69.7841     4.3299   -56.3482     4.6573
 19  -126.1494     0.4106   -69.8932     4.1015   -56.2562     4.4092
 20  -125.9349     0.5795   -70.5023     4.0772   -55.4326     4.4956
 21  -126.0228     0.5786   -70.0908     3.9646   -55.9320     4.3913
 22  -126.0820     0.5642   -69.8841     3.8026   -56.1978     4.2205
 23  -126.1077     0.5416   -69.4397     3.7407   -56.6679     4.1410
 24  -126.0537     0.5296   -69.6994     3.6189   -56.3542     4.0140
 25  -126.0377     0.5090   -69.3631     3.5357   -56.6745     3.9031
 26  -126.1209     0.5166   -69.1846     3.4157   -56.9363     3.7863
 27  -126.0986     0.4991   -69.3486     3.3031   -56.7500     3.6624
 28  -126.1066     0.4812   -69.5458     3.2073   -56.5607     3.5494
 29  -126.1055     0.4643   -69.6447     3.1010   -56.4607     3.4307
 30  -126.1225     0.4498   -69.7024     2.9981   -56.4201     3.3153
 31  -126.1308     0.4354   -69.3354     2.9912   -56.7953     3.2933
 32  -126.0896     0.4295   -69.1643     2.9163   -56.9252     3.1993
 33  -126.0646     0.4193   -69.1298     2.8274   -56.9348     3.1009
 34  -126.0392     0.4099   -68.9804     2.7592   -57.0588     3.0185
 35  -126.0195     0.4000   -69.1007     2.6900   -56.9188     2.9443
 36  -125.9447     0.4166   -69.2284     2.6267   -56.7162     2.8899
 37  -125.9464     0.4052   -69.3916     2.5755   -56.5547     2.8292
 38  -125.9428     0.3944   -69.4804     2.5131   -56.4623     2.7599
 39  -125.9458     0.3842   -69.5532     2.4521   -56.3926     2.6919
 40  -125.8496     0.4210   -69.8041     2.4422   -56.0454     2.7140
 41  -125.8491     0.4106   -69.6809     2.3946   -56.1682     2.6583
 42  -125.8645     0.4019   -69.4133     2.3973   -56.4511     2.6553
 43  -125.8747     0.3930   -69.0741     2.4373   -56.8005     2.6853
 44  -125.8818     0.3842   -68.9446     2.3953   -56.9371     2.6378
 45  -125.9059     0.3786   -68.8444     2.3500   -57.0615     2.5904
 46  -125.8934     0.3712   -68.9654     2.3111   -56.9279     2.5476
 47  -125.8846     0.3636   -69.2547     2.3342   -56.6298     2.5631
 48  -125.8885     0.3560   -69.3035     2.2872   -56.5849     2.5107
 49  -125.8748     0.3498   -69.3494     2.2419   -56.5254     2.4618
 50  -125.8572     0.3445   -69.3080     2.1981   -56.5491     2.4125
 
 Mesh error is    0.114 kcal/mol
