 ERmod 0.3.8, Copyright (C) 2000-2019 Nobuyuki Matubayasi
                            2010-2019 Shun Sakuraba
 ERmod comes with ABSOLUTELY NO WARRANTY.
 This is free software, and you can redistribute it
 and/or modify it under certain conditions.
 See LICENSE file for details.
 
  Number of the   1-th solvent  =        10000
 
  Be sure that the solvent distribution is homogeneous (radial distribution function is essentially unity) when the solvent molecule is separated beyond distance of   10.0 Angstrom in any direction from any atom within the solute molecule
 
  LJ long-range correction    =        -7.8240
 
  Self-energy of the solute   =         0.0014  kcal/mol
 
 
 cumulative average & 95% error for solvation energy
  1  -457.3678
  2  -456.0020     2.7318
  3  -455.3669     2.0251
  4  -455.4531     1.4423
  5  -455.3160     1.1503
  6  -455.1880     0.9735
  7  -455.1962     0.8229
  8  -455.3515     0.7774
  9  -455.3390     0.6861
 10  -455.2494     0.6393
 11  -455.0395     0.7146
 12  -454.9318     0.6869
 13  -454.9455     0.6325
 14  -454.9382     0.5857
 15  -454.9658     0.5481
 16  -454.9279     0.5182
 17  -454.9518     0.4891
 18  -454.9227     0.4648
 19  -454.9473     0.4424
 20  -454.9942     0.4301
 21  -454.9987     0.4092
 22  -454.9243     0.4175
 23  -454.8993     0.4021
 24  -454.9367     0.3922
 25  -454.8974     0.3843
 26  -454.8920     0.3694
 27  -454.8388     0.3711
 28  -454.8370     0.3576
 29  -454.8506     0.3461
 30  -454.8562     0.3345
 31  -454.8363     0.3260
 32  -454.8566     0.3182
 33  -454.8588     0.3085
 34  -454.8460     0.3004
 35  -454.8396     0.2919
 36  -454.8791     0.2945
 37  -454.9025     0.2902
 38  -454.9181     0.2842
 39  -454.9574     0.2878
 40  -454.9944     0.2901
 41  -455.0202     0.2876
 42  -455.0195     0.2807
 43  -455.0289     0.2747
 44  -455.0226     0.2687
 45  -454.9902     0.2705
 46  -455.0040     0.2660
 47  -454.9895     0.2619
 48  -454.9916     0.2564
 49  -454.9911     0.2511
 50  -455.0154     0.2508
 
 
 group  inft  solvation free energy     error          difference
   1      0        -83.14000           0.11847           0.03222
   1     60        -83.26181           0.11848          -0.08960
   1     80        -84.74948           0.11881          -1.57726
   1    100        -91.34469           0.12021          -8.17248
   2      0        -83.15253           0.11866           0.01969
   3      0        -83.17221           0.11930           0.00000
   4      0        -83.12844           0.11810           0.04378
   5      0        -83.21109           0.11920          -0.03888
   5     60        -83.38495           0.11922          -0.21274
   5     80        -85.30990           0.11958          -2.13769
   5    100        -91.42950           0.12081          -8.25728
 
 
 group  inft   Estimated free energy (kcal/mol)
   1      0     -83.9894     -83.0595     -82.7043     -83.5467     -82.9493
                -82.9433     -83.4653     -83.9340     -83.0208     -83.0356
                -82.3978     -82.7050     -83.2254     -83.0276     -83.2333
                -82.7614     -83.3476     -82.4514     -82.9569     -83.6920
                -83.4436     -82.2914     -82.6842     -83.6516     -82.6584
                -83.0003     -82.5513     -83.1065     -83.3707     -82.9721
                -82.7714     -83.3661     -82.9733     -83.0217     -82.9214
                -83.6754     -83.3961     -83.4459     -83.9220     -83.8702
                -83.3788     -83.1504     -83.4310     -83.1802     -82.3348
                -83.4172     -82.9785     -82.9297     -83.1446     -83.5146
   1     60     -84.1116     -83.1807     -82.8263     -83.6685     -83.0713
                -83.0652     -83.5873     -84.0563     -83.1432     -83.1569
                -82.5196     -82.8261     -83.3473     -83.1494     -83.3562
                -82.8836     -83.4693     -82.5729     -83.0792     -83.8136
                -83.5645     -82.4127     -82.8058     -83.7738     -82.7803
                -83.1219     -82.6723     -83.2281     -83.4927     -83.0944
                -82.8933     -83.4877     -83.0959     -83.1438     -83.0436
                -83.7976     -83.5180     -83.5679     -84.0438     -83.9916
                -83.5007     -83.2721     -83.5524     -83.3014     -82.4564
                -83.5386     -83.0999     -83.0521     -83.2660     -83.6365
   1     80     -85.6054     -84.6633     -84.3159     -85.1552     -84.5563
                -84.5522     -85.0781     -85.5487     -84.6354     -84.6427
                -84.0018     -84.3098     -84.8332     -84.6395     -84.8474
                -84.3725     -84.9609     -84.0598     -84.5714     -85.2983
                -85.0469     -83.8976     -84.2942     -85.2621     -84.2661
                -84.6081     -84.1541     -84.7151     -84.9787     -84.5878
                -84.3782     -84.9728     -84.5854     -84.6304     -84.5312
                -85.2869     -85.0098     -85.0578     -85.5309     -85.4806
                -84.9933     -84.7608     -85.0374     -84.7836     -83.9417
                -85.0271     -84.5831     -84.5440     -84.7564     -85.1236
   1    100     -92.2182     -91.2421     -90.9197     -91.7516     -91.1436
                -91.1435     -91.6938     -92.1619     -91.2439     -91.2345
                -90.5750     -90.8904     -91.4237     -91.2446     -91.4524
                -90.9758     -91.5724     -90.6489     -91.1780     -91.8882
                -91.6239     -90.4780     -90.8901     -91.8550     -90.8557
                -91.1987     -90.7316     -91.3059     -91.5744     -91.2035
                -90.9663     -91.5628     -91.1794     -91.2194     -91.1222
                -91.8801     -91.6165     -91.6627     -92.1255     -92.0945
                -91.5993     -91.3597     -91.6216     -91.3606     -90.5281
                -91.6215     -91.1657     -91.1548     -91.3578     -91.7170
   2      0     -84.0212     -83.0350     -82.7244     -83.5447     -82.9950
                -82.9204     -83.4665     -83.9291     -83.0340     -83.0791
                -82.4266     -82.6863     -83.1939     -83.0599     -83.2720
                -82.7945     -83.3511     -82.4547     -82.9275     -83.7074
                -83.4615     -82.3188     -82.6864     -83.6500     -82.6495
                -83.0642     -82.5707     -83.1124     -83.3793     -82.9600
                -82.7788     -83.3470     -83.0026     -83.0333     -82.9126
                -83.6783     -83.3978     -83.4516     -83.9311     -83.8589
                -83.4093     -83.2048     -83.5178     -83.2041     -82.3430
                -83.4567     -82.9833     -82.9636     -83.1106     -83.5647
   3      0     -84.0001     -83.0783     -82.7024     -83.6088     -83.0158
                -82.9423     -83.4752     -83.9536     -83.0525     -83.0822
                -82.4092     -82.6576     -83.2383     -83.0856     -83.3244
                -82.7727     -83.3899     -82.4899     -82.9168     -83.7026
                -83.4701     -82.3476     -82.6590     -83.6329     -82.6825
                -83.0837     -82.6199     -83.1372     -83.4165     -82.9778
                -82.8045     -83.3727     -82.9908     -83.1105     -82.9349
                -83.6986     -83.3973     -83.5191     -83.9263     -83.8844
                -83.4166     -83.2526     -83.5234     -83.2363     -82.3579
                -83.5051     -83.0431     -82.9698     -83.1296     -83.6116
   4      0     -83.9563     -83.0343     -82.6878     -83.5968     -82.9468
                -82.8639     -83.4384     -83.9267     -83.0410     -83.0389
                -82.4045     -82.6558     -83.1771     -83.0654     -83.2804
                -82.7700     -83.3311     -82.4535     -82.9199     -83.6772
                -83.4193     -82.2975     -82.6496     -83.5748     -82.6296
                -83.0189     -82.5704     -83.0275     -83.3900     -82.8619
                -82.7883     -83.2825     -82.9527     -83.0260     -82.8885
                -83.6387     -83.3715     -83.4697     -83.8807     -83.8191
                -83.3868     -83.2145     -83.4438     -83.2072     -82.3276
                -83.4589     -82.9733     -82.9213     -83.0946     -83.5710
   5      0     -84.0722     -83.1601     -82.7783     -83.6670     -82.9970
                -83.0107     -83.4794     -83.9998     -83.0919     -83.1331
                -82.4839     -82.7418     -83.2463     -83.1399     -83.3405
                -82.8136     -83.4282     -82.5069     -83.0147     -83.7714
                -83.5412     -82.3814     -82.7091     -83.6732     -82.7244
                -83.0590     -82.6443     -83.1652     -83.4579     -83.0052
                -82.8773     -83.4317     -83.0246     -83.0914     -82.9476
                -83.7244     -83.4365     -83.5021     -83.9753     -83.9180
                -83.4897     -83.2284     -83.5686     -83.3194     -82.3893
                -83.5487     -83.0593     -83.0155     -83.1634     -83.6060
   5     60     -84.2466     -83.3332     -82.9524     -83.8412     -83.1705
                -83.1844     -83.6537     -84.1743     -83.2662     -83.3067
                -82.6571     -82.9148     -83.4199     -83.3140     -83.5150
                -82.9876     -83.6026     -82.6810     -83.1894     -83.9449
                -83.7141     -82.5548     -82.8830     -83.8468     -82.8985
                -83.2326     -82.8175     -83.3387     -83.6314     -83.1795
                -83.0507     -83.6052     -83.1988     -83.2651     -83.1214
                -83.8985     -83.6108     -83.6762     -84.1490     -84.0919
                -83.6644     -83.4023     -83.7420     -83.4926     -82.5631
                -83.7225     -83.2329     -83.1906     -83.3373     -83.7800
   5     80     -86.1780     -85.2522     -84.8787     -85.7669     -85.0940
                -85.1066     -85.5830     -86.1041     -85.1980     -85.2300
                -84.5751     -84.8336     -85.3428     -85.2427     -85.4461
                -84.9157     -85.5317     -84.6065     -85.1202     -85.8662
                -85.6316     -84.4762     -84.8084     -85.7710     -84.8211
                -85.1555     -84.7364     -85.2611     -85.5560     -85.1116
                -84.9737     -85.5276     -85.1251     -85.1888     -85.0449
                -85.8254     -85.5401     -85.6027     -86.0728     -86.0213
                -85.5946     -85.3283     -85.6624     -85.4116     -84.4848
                -85.6480     -85.1526     -85.1199     -85.2642     -85.7055
   5    100     -92.3119     -91.3553     -91.0050     -91.8905     -91.2046
                -91.2191     -91.7196     -92.2411     -91.3304     -91.3480
                -90.6776     -90.9389     -91.4557     -91.3731     -91.5795
                -91.0395     -91.6671     -90.7203     -91.2491     -91.9806
                -91.7344     -90.5848     -90.9265     -91.8867     -90.9381
                -91.2699     -90.8394     -91.3736     -91.6786     -91.2472
                -91.0858     -91.6393     -91.2439     -91.3058     -91.1584
                -91.9450     -91.6737     -91.7309     -92.1913     -92.1505
                -91.7259     -91.4534     -91.7732     -91.5174     -90.5952
                -91.7695     -91.2630     -91.2536     -91.3856     -91.8274
 
 
 cumulative average & 95% error for solvation free energy
  1   -84.0001
  2   -83.5392     0.9218
  3   -83.2602     0.7710
  4   -83.3474     0.5724
  5   -83.2811     0.4628
  6   -83.2246     0.3944
  7   -83.2604     0.3409
  8   -83.3471     0.3423
  9   -83.3143     0.3089
 10   -83.2911     0.2802
 11   -83.2109     0.2999
 12   -83.1648     0.2889
 13   -83.1705     0.2660
 14   -83.1644     0.2465
 15   -83.1751     0.2305
 16   -83.1499     0.2214
 17   -83.1641     0.2099
 18   -83.1266     0.2116
 19   -83.1156     0.2014
 20   -83.1449     0.1998
 21   -83.1604     0.1926
 22   -83.1235     0.1979
 23   -83.1033     0.1934
 24   -83.1253     0.1904
 25   -83.1076     0.1860
 26   -83.1067     0.1787
 27   -83.0887     0.1757
 28   -83.0904     0.1693
 29   -83.1016     0.1649
 30   -83.0975     0.1596
 31   -83.0881     0.1555
 32   -83.0970     0.1516
 33   -83.0937     0.1471
 34   -83.0942     0.1427
 35   -83.0897     0.1388
 36   -83.1066     0.1391
 37   -83.1145     0.1362
 38   -83.1251     0.1343
 39   -83.1456     0.1371
 40   -83.1641     0.1386
 41   -83.1703     0.1358
 42   -83.1722     0.1325
 43   -83.1804     0.1305
 44   -83.1817     0.1275
 45   -83.1634     0.1299
 46   -83.1708     0.1279
 47   -83.1681     0.1253
 48   -83.1639     0.1229
 49   -83.1632     0.1204
 50   -83.1722     0.1193
 
 Mesh error is    0.044 kcal/mol
