 ERmod 0.3.8, Copyright (C) 2000-2019 Nobuyuki Matubayasi
                            2010-2019 Shun Sakuraba
 ERmod comes with ABSOLUTELY NO WARRANTY.
 This is free software, and you can redistribute it
 and/or modify it under certain conditions.
 See LICENSE file for details.
 ERmod 0.3.8, Copyright (C) 2000-2019 Nobuyuki Matubayasi
                            2010-2019 Shun Sakuraba
 ERmod comes with ABSOLUTELY NO WARRANTY.
 This is free software, and you can redistribute it
 and/or modify it under certain conditions.
 See LICENSE file for details.
 
  Number of the   1-th solvent  =          378
  Number of the   2-th solvent  =        10000
 
  Be sure that the solvent distribution is homogeneous (radial distribution function is essentially unity) when the solvent molecule is separated beyond distance of   10.0 Angstrom in any direction from any atom within the solute molecule
 
  LJ long-range correction    =        -1.1319     -7.1533
 
  Self-energy of the solute   =        -0.0393  kcal/mol
 
 
 cumulative average & 95% error for solvation energy
              total             1st component         2nd component
  1  -485.2535              -71.3455             -413.8687
  2  -488.4765     6.4459   -73.2719     3.8527  -415.1653     2.5932
  3  -489.2885     4.0605   -77.7996     9.3246  -411.4496     7.5807
  4  -489.3499     2.8738   -74.8084     8.9030  -414.5022     8.1244
  5  -489.1287     2.2696   -72.7037     8.0794  -416.3857     7.3344
  6  -489.6615     2.1377   -74.0259     7.1071  -415.5964     6.1931
  7  -489.6494     1.8069   -72.0282     7.2140  -417.5820     6.5701
  8  -489.9118     1.6504   -74.3637     7.8006  -415.5089     7.0403
  9  -489.9031     1.4557   -72.8648     7.5043  -416.9991     6.8872
 10  -489.8427     1.3076   -71.9786     6.9421  -417.8248     6.3777
 11  -489.7284     1.2046   -70.4604     6.9749  -419.2287     6.4158
 12  -489.5630     1.1484   -68.4989     7.4788  -421.0249     6.8707
 13  -489.4159     1.0966   -66.4815     7.9754  -422.8951     7.3441
 14  -489.2893     1.0463   -63.9272     8.9788  -425.3229     8.3550
 15  -489.2486     0.9775   -61.7251     9.4480  -427.4842     8.8986
 16  -489.1991     0.9197   -61.3904     8.8631  -427.7694     8.3434
 17  -489.0428     0.9187   -61.6440     8.3409  -427.3595     7.8800
 18  -489.0177     0.8676   -62.6670     8.1257  -426.3114     7.7194
 19  -489.0039     0.8211   -62.5140     7.6922  -426.4506     7.3071
 20  -489.1433     0.8274   -62.7516     7.3129  -426.3524     6.9349
 21  -489.0717     0.7999   -62.0455     7.0978  -426.9869     6.7174
 22  -489.1959     0.8021   -62.3992     6.8044  -426.7574     6.4212
 23  -489.3245     0.8084   -63.3602     6.7799  -425.9250     6.3575
 24  -489.3539     0.7763   -63.7286     6.5330  -425.5861     6.1245
 25  -489.4224     0.7570   -65.1196     6.8561  -424.2635     6.4425
 26  -489.5089     0.7476   -65.6628     6.6761  -423.8068     6.2568
 27  -489.6068     0.7456   -66.1075     6.4853  -423.4600     6.0604
 28  -489.6944     0.7395   -66.9063     6.4504  -422.7488     6.0107
 29  -489.6579     0.7173   -67.0660     6.2322  -422.5526     5.8130
 30  -489.5820     0.7094   -67.2471     6.0317  -422.2956     5.6393
 31  -489.4893     0.7107   -67.3453     5.8372  -422.1048     5.4677
 32  -489.4389     0.6955   -66.6794     5.8066  -422.7202     5.4353
 33  -489.3192     0.7153   -66.4725     5.6431  -422.8074     5.2709
 34  -489.3402     0.6953   -66.2624     5.4907  -423.0386     5.1344
 35  -489.2723     0.6886   -66.1862     5.3337  -423.0469     4.9855
 36  -489.2624     0.6695   -66.2412     5.1846  -422.9819     4.8468
 37  -489.2736     0.6516   -67.3129     5.4791  -421.9214     5.1692
 38  -489.2830     0.6345   -67.9077     5.4641  -421.3361     5.1657
 39  -489.3220     0.6229   -68.4962     5.4507  -420.7865     5.1502
 40  -489.3543     0.6105   -68.6821     5.3257  -420.6329     5.0292
 41  -489.3355     0.5966   -69.2204     5.3046  -420.0758     5.0299
 42  -489.4007     0.5967   -69.4687     5.2005  -419.8927     4.9223
 43  -489.4285     0.5853   -69.8411     5.1325  -419.5481     4.8557
 44  -489.5007     0.5898   -69.8394     5.0145  -419.6220     4.7463
 45  -489.5469     0.5839   -69.7011     4.9096  -419.8065     4.6543
 46  -489.5977     0.5800   -69.8975     4.8177  -419.6609     4.5613
 47  -489.6210     0.5694   -69.7312     4.7258  -419.8505     4.4793
 48  -489.6624     0.5636   -69.7910     4.6278  -419.8321     4.3851
 49  -489.6668     0.5520   -70.0542     4.5629  -419.5733     4.3258
 50  -489.6904     0.5429   -70.3601     4.5123  -419.2911     4.2758
 
 
 group  inft  solvation free energy     error          difference
  total solvation free energy
   1      0       -107.35056           0.21450           0.00958
   1     60       -108.25478           0.21437          -0.89463
   1     80       -111.92459           0.21453          -4.56445
   1    100       -120.74028           0.21705         -13.38014
   2      0       -107.29555           0.21352           0.06459
   3      0       -107.36015           0.21254           0.00000
   4      0       -107.31365           0.21396           0.04650
   5      0       -107.44242           0.21367          -0.08227
   5     60       -108.57049           0.21352          -1.21035
   5     80       -112.86137           0.21413          -5.50122
   5    100       -120.89917           0.21605         -13.53903
 
  contribution from  1-th solvent component
   1      0        -25.39856           1.79722           0.00545
   1     60        -25.43149           1.79731          -0.02747
   1     80        -25.57953           1.79765          -0.17551
   1    100        -25.99635           1.79807          -0.59234
   2      0        -25.39513           1.79280           0.00888
   3      0        -25.40401           1.79372           0.00000
   4      0        -25.40643           1.79248          -0.00242
   5      0        -25.41220           1.79200          -0.00819
   5     60        -25.45368           1.79212          -0.04966
   5     80        -25.63258           1.79247          -0.22857
   5    100        -26.01747           1.79288          -0.61346
 
  contribution from  2-th solvent component
   1      0        -81.91273           1.81779           0.00413
   1     60        -82.78402           1.81638          -0.86716
   1     80        -86.30580           1.81476          -4.38893
   1    100        -94.70466           1.81716         -12.78780
   2      0        -81.86115           1.82864           0.05572
   3      0        -81.91686           1.82340           0.00000
   4      0        -81.86795           1.82706           0.04892
   5      0        -81.99095           1.81952          -0.07409
   5     60        -83.07755           1.81776          -1.16068
   5     80        -87.18952           1.81582          -5.27265
   5    100        -94.84243           1.81665         -12.92557
 
 
 group  inft   Estimated free energy: total (kcal/mol)
   1      0    -104.7306    -107.9573    -107.1275    -107.6416    -106.5512
               -108.0611    -106.6797    -107.9988    -107.9062    -107.5785
               -107.7471    -107.1927    -107.3112    -107.0669    -107.7918
               -107.1119    -106.1591    -106.9566    -107.9427    -108.7200
               -107.0515    -108.0208    -107.9469    -107.5770    -107.0097
               -107.8666    -108.5160    -108.0984    -106.6986    -106.5118
               -106.4414    -107.6577    -105.9704    -108.4106    -106.6620
               -107.0454    -106.0367    -106.8798    -107.1794    -107.1637
               -106.6354    -107.9881    -107.4247    -108.2767    -107.9397
               -107.9784    -107.4085    -108.1680    -107.2508    -107.4808
   1     60    -105.6440    -108.8599    -108.0339    -108.5475    -107.4563
               -108.9744    -107.5842    -108.9085    -108.8017    -108.4775
               -108.6498    -108.0841    -108.2032    -107.9596    -108.6838
               -108.0098    -107.0602    -107.8611    -108.8401    -109.6192
               -107.9465    -108.9318    -108.8502    -108.4828    -107.9257
               -108.7759    -109.4240    -109.0060    -107.6070    -107.4137
               -107.3433    -108.5509    -106.8680    -109.3050    -107.5588
               -107.9479    -106.9463    -107.7903    -108.0947    -108.0748
               -107.5437    -108.8962    -108.3423    -109.1862    -108.8490
               -108.8829    -108.3183    -109.0700    -108.1587    -108.3896
   1     80    -109.3065    -112.5375    -111.7163    -112.1925    -111.1181
               -112.6535    -111.2588    -112.5963    -112.4668    -112.1384
               -112.3132    -111.7353    -111.8557    -111.6161    -112.3429
               -111.6859    -110.7316    -111.5438    -112.5037    -113.2860
               -111.6082    -112.6128    -112.5299    -112.1533    -111.6146
               -112.4505    -113.0833    -112.6822    -111.2713    -111.0903
               -111.0162    -112.2036    -110.5327    -112.9647    -111.2173
               -111.6168    -110.6205    -111.4719    -111.7910    -111.7419
               -111.2148    -112.5657    -112.0160    -112.8725    -112.5225
               -112.5597    -111.9892    -112.7375    -111.8279    -112.0519
   1    100    -118.0680    -121.3634    -120.5212    -120.9521    -119.9020
               -121.4630    -120.0290    -121.4469    -121.2991    -120.9808
               -121.1498    -120.5533    -120.6804    -120.4504    -121.1895
               -120.5463    -119.5612    -120.4043    -121.3476    -122.1244
               -120.4303    -121.4510    -121.3641    -120.9682    -120.4269
               -121.2730    -121.8950    -121.5041    -120.0654    -119.9249
               -119.8644    -121.0272    -119.3626    -121.8020    -120.0323
               -120.4019    -119.4092    -120.2855    -120.6191    -120.4969
               -120.0181    -121.3766    -120.7894    -121.7120    -121.3474
               -121.3697    -120.7792    -121.5415    -120.5998    -120.8437
   2      0    -104.6255    -107.8348    -106.9829    -107.5477    -106.4515
               -107.9387    -106.6231    -107.9324    -107.9410    -107.6905
               -107.8107    -107.2510    -107.3710    -107.0985    -107.8360
               -107.1224    -106.2073    -107.0236    -107.9863    -108.8060
               -107.1176    -107.9060    -107.7711    -107.4334    -106.8042
               -107.7220    -108.4252    -107.9951    -106.5736    -106.5630
               -106.4936    -107.7314    -106.0174    -108.4607    -106.6942
               -106.9348    -105.9291    -106.7894    -107.0791    -106.9920
               -106.5915    -107.8673    -107.2824    -108.1609    -107.8271
               -107.7822    -107.2259    -108.0344    -107.1632    -107.3288
   3      0    -104.6990    -107.8417    -107.1161    -107.6472    -106.5389
               -108.0801    -106.7134    -108.0224    -107.9514    -107.6783
               -107.8189    -107.2860    -107.3563    -107.1465    -107.8398
               -107.1316    -106.2214    -107.0617    -108.0110    -108.8328
               -107.1470    -107.9963    -107.8515    -107.5592    -106.8822
               -107.8259    -108.4861    -108.0282    -106.7024    -106.5734
               -106.5117    -107.7520    -106.0463    -108.4865    -106.7532
               -107.0580    -106.0266    -106.8994    -107.1531    -107.1521
               -106.6374    -107.8882    -107.4447    -108.2358    -107.9328
               -107.9095    -107.2905    -108.1429    -107.2283    -107.4118
   4      0    -104.6341    -107.8378    -107.0606    -107.5362    -106.4536
               -107.9504    -106.6728    -107.9938    -107.9745    -107.7109
               -107.8150    -107.2237    -107.3667    -107.0953    -107.8451
               -107.1145    -106.2165    -107.0664    -108.0171    -108.7825
               -107.1465    -107.9122    -107.8280    -107.5030    -106.7996
               -107.7462    -108.4326    -108.0409    -106.6129    -106.5605
               -106.5122    -107.7597    -106.0167    -108.5206    -106.7191
               -107.0328    -105.9541    -106.7901    -107.0934    -107.0450
               -106.5559    -107.8106    -107.3570    -108.1928    -107.8483
               -107.8043    -107.1943    -108.0391    -107.2021    -107.2846
   5      0    -104.7930    -107.9949    -107.1621    -107.7465    -106.6341
               -108.2139    -106.8369    -108.0863    -108.0209    -107.7731
               -107.8973    -107.3553    -107.4226    -107.2048    -107.8992
               -107.1995    -106.2639    -107.1670    -108.0800    -108.8463
               -107.1558    -108.0587    -107.9742    -107.6098    -107.0227
               -107.9112    -108.6094    -108.1458    -106.8195    -106.6205
               -106.6442    -107.8258    -106.0685    -108.5483    -106.7979
               -107.1167    -106.1112    -106.9046    -107.2231    -107.2784
               -106.6857    -108.0235    -107.5492    -108.3266    -108.0408
               -107.9804    -107.4308    -108.2261    -107.3675    -107.4464
   5     60    -105.9238    -109.1244    -108.2938    -108.8711    -107.7639
               -109.3493    -107.9651    -109.2211    -109.1399    -108.8960
               -109.0203    -108.4705    -108.5361    -108.3183    -109.0133
               -108.3214    -107.3871    -108.2976    -109.2004    -109.9696
               -108.2746    -109.1943    -109.1071    -108.7408    -108.1666
               -109.0422    -109.7373    -109.2795    -107.9508    -107.7488
               -107.7705    -108.9410    -107.1872    -109.6668    -107.9192
               -108.2451    -107.2525    -108.0408    -108.3656    -108.4107
               -107.8189    -109.1566    -108.6838    -109.4635    -109.1712
               -109.1147    -108.5606    -109.3524    -108.4991    -108.5796
   5     80    -110.2083    -113.4165    -112.5947    -113.1436    -112.0451
               -113.6575    -112.2595    -113.5317    -113.4205    -113.1860
               -113.3061    -112.7399    -112.8058    -112.5928    -113.2899
               -112.6156    -111.6714    -112.6023    -113.4799    -114.2571
               -112.5544    -113.5030    -113.4120    -113.0378    -112.4744
               -113.3432    -114.0312    -113.5823    -112.2401    -112.0422
               -112.0631    -113.2117    -111.4657    -113.9456    -112.1965
               -112.5265    -111.5529    -112.3418    -112.6779    -112.7004
               -112.1058    -113.4531    -112.9745    -113.7785    -113.4682
               -113.4126    -112.8514    -113.6431    -112.7836    -112.8708
   5    100    -118.2085    -121.4372    -120.6331    -121.1541    -120.0628
               -121.6960    -120.2839    -121.5986    -121.4631    -121.2439
               -121.3540    -120.7673    -120.8384    -120.6308    -121.3384
               -120.6780    -119.7082    -120.6742    -121.5284    -122.3085
               -120.5873    -121.5595    -121.4592    -121.0829    -120.5107
               -121.3847    -122.0744    -121.6123    -120.2700    -120.0889
               -120.1222    -121.2463    -119.5067    -121.9938    -120.2299
               -120.5516    -119.5797    -120.3798    -120.7273    -120.7182
               -120.1217    -121.4863    -121.0053    -121.8463    -121.5212
               -121.4609    -120.8671    -121.6795    -120.7974    -120.8803
 
 group  inft   Estimated free energy: 1-th solvent contribution (kcal/mol)
   1      0     -25.4964     -27.3426     -31.8648     -23.3789     -22.5388
                -29.3361     -20.8466     -33.9961     -22.0509     -23.5060
                -19.3780     -16.1774     -14.2598      -9.0853      -9.3541
                -20.1552     -23.6928     -29.7395     -21.5588     -24.5274
                -16.4782     -24.9985     -30.8616     -26.2065     -36.2170
                -28.9155     -28.4406     -32.7439     -25.4618     -26.4199
                -25.8031     -15.9584     -21.5851     -21.3930     -22.9098
                -24.3836     -39.3982     -33.0308     -33.4977     -27.4727
                -33.6160     -29.1505     -31.4911     -25.1293     -22.6028
                -28.5923     -21.5517     -26.1267     -30.1004     -31.1057
   1     60     -25.5294     -27.3754     -31.8981     -23.4116     -22.5718
                -29.3691     -20.8800     -34.0292     -22.0842     -23.5392
                -19.4106     -16.2098     -14.2923      -9.1156      -9.3864
                -20.1874     -23.7258     -29.7723     -21.5913     -24.5605
                -16.5108     -25.0309     -30.8950     -26.2389     -36.2505
                -28.9494     -28.4741     -32.7771     -25.4948     -26.4530
                -25.8361     -15.9913     -21.6177     -21.4260     -22.9424
                -24.4167     -39.4310     -33.0638     -33.5311     -27.5058
                -33.6491     -29.1839     -31.5247     -25.1622     -22.6359
                -28.6252     -21.5851     -26.1594     -30.1338     -31.1388
   1     80     -25.6762     -27.5230     -32.0479     -23.5580     -22.7199
                -29.5168     -21.0299     -34.1778     -22.2344     -23.6882
                -19.5574     -16.3560     -14.4391      -9.2527      -9.5325
                -20.3328     -23.8745     -29.9200     -21.7381     -24.7097
                -16.6575     -25.1763     -31.0458     -26.3842     -36.4005
                -29.1010     -28.6241     -32.9265     -25.6425     -26.6025
                -25.9847     -16.1396     -21.7647     -21.5750     -23.0897
                -24.5651     -39.5786     -33.2118     -33.6813     -27.6538
                -33.7975     -29.3333     -31.6745     -25.3099     -22.7850
                -28.7736     -21.7346     -26.3071     -30.2832     -31.2873
   1    100     -26.0900     -27.9400     -32.4684     -23.9723     -23.1363
                -29.9331     -21.4475     -34.5955     -22.6550     -24.1078
                -19.9725     -16.7692     -14.8528      -9.6507      -9.9487
                -20.7480     -24.2912     -30.3361     -22.1547     -25.1279
                -17.0729     -25.5900     -31.4654     -26.7976     -36.8195
                -29.5228     -29.0446     -33.3442     -26.0588     -27.0208
                -26.4031     -16.5591     -22.1810     -21.9944     -23.5054
                -24.9820     -39.9929     -33.6287     -34.1005     -28.0702
                -34.2138     -29.7537     -32.0947     -25.7288     -23.2054
                -29.1896     -22.1534     -26.7234     -30.6994     -31.7040
   2      0     -25.4809     -27.3452     -31.8323     -23.3674     -22.5297
                -29.2979     -20.8289     -33.9964     -22.0715     -23.5390
                -19.4124     -16.2005     -14.2899      -9.1193      -9.3698
                -20.1828     -23.7195     -29.7741     -21.5824     -24.5478
                -16.5197     -24.9815     -30.8089     -26.1875     -36.1834
                -28.8704     -28.4306     -32.7296     -25.4357     -26.4420
                -25.8154     -15.9835     -21.6112     -21.4084     -22.9272
                -24.3789     -39.3820     -33.0201     -33.4735     -27.4424
                -33.6147     -29.1313     -31.4493     -25.1202     -22.5830
                -28.5521     -21.5098     -26.1180     -30.0829     -31.0759
   3      0     -25.4979     -27.3295     -31.8484     -23.3851     -22.5263
                -29.3267     -20.8462     -34.0214     -22.0755     -23.5315
                -19.4133     -16.2013     -14.2773      -9.1227      -9.3806
                -20.1912     -23.7200     -29.7828     -21.5867     -24.5600
                -16.5218     -24.9950     -30.8234     -26.2150     -36.1737
                -28.8889     -28.4354     -32.7337     -25.4487     -26.4481
                -25.8198     -15.9838     -21.6129     -21.4099     -22.9415
                -24.3927     -39.3895     -33.0465     -33.4831     -27.4637
                -33.6214     -29.1392     -31.4769     -25.1187     -22.5943
                -28.5726     -21.5112     -26.1359     -30.1032     -31.0757
   4      0     -25.5046     -27.3229     -31.8359     -23.3953     -22.5099
                -29.3237     -20.8454     -34.0273     -22.0761     -23.5368
                -19.4299     -16.2153     -14.2888      -9.1478      -9.3940
                -20.2112     -23.7179     -29.7878     -21.6043     -24.5717
                -16.5339     -24.9850     -30.8206     -26.2122     -36.1822
                -28.8895     -28.4340     -32.7522     -25.4475     -26.4476
                -25.8263     -15.9764     -21.6341     -21.4265     -22.9441
                -24.3882     -39.3914     -33.0443     -33.4689     -27.4630
                -33.6105     -29.1289     -31.4752     -25.1100     -22.6018
                -28.5644     -21.4985     -26.1368     -30.0984     -31.0827
   5      0     -25.5039     -27.3392     -31.8372     -23.4028     -22.5190
                -29.3250     -20.8548     -34.0114     -22.0708     -23.5425
                -19.4318     -16.2232     -14.2996      -9.1593      -9.4008
                -20.2145     -23.7333     -29.7976     -21.6099     -24.5737
                -16.5249     -25.0006     -30.8231     -26.2235     -36.1861
                -28.8801     -28.4376     -32.7421     -25.4641     -26.4610
                -25.8493     -15.9927     -21.6383     -21.4223     -22.9577
                -24.3925     -39.3970     -33.0390     -33.4912     -27.4596
                -33.6188     -29.1427     -31.4859     -25.1148     -22.6105
                -28.5696     -21.5171     -26.1385     -30.1085     -31.0709
   5     60     -25.5454     -27.3804     -31.8791     -23.4440     -22.5605
                -29.3665     -20.8969     -34.0530     -22.1128     -23.5840
                -19.4728     -16.2641     -14.3406      -9.1975      -9.4415
                -20.2550     -23.7748     -29.8389     -21.6509     -24.6153
                -16.5659     -25.0413     -30.8653     -26.2644     -36.2283
                -28.9227     -28.4796     -32.7841     -25.5056     -26.5028
                -25.8907     -16.0340     -21.6793     -21.4637     -22.9988
                -24.4342     -39.4388     -33.0805     -33.5333     -27.5011
                -33.6604     -29.1848     -31.5281     -25.1563     -22.6523
                -28.6114     -21.5591     -26.1800     -30.1504     -31.1128
   5     80     -25.7233     -27.5583     -32.0595     -23.6215     -22.7389
                -29.5457     -21.0778     -34.2325     -22.2940     -23.7638
                -19.6503     -16.4412     -14.5181      -9.3653      -9.6186
                -20.4313     -23.9542     -30.0174     -21.8286     -24.7955
                -16.7435     -25.2171     -31.0469     -26.4411     -36.4089
                -29.1056     -28.6605     -32.9648     -25.6840     -26.6830
                -26.0701     -16.2128     -21.8570     -21.6434     -23.1768
                -24.6135     -39.6176     -33.2588     -33.7142     -27.6798
                -33.8393     -29.3652     -31.7092     -25.3352     -22.8325
                -28.7913     -21.7396     -26.3588     -30.3302     -31.2924
   5    100     -26.1063     -27.9422     -32.4473     -24.0059     -23.1233
                -29.9311     -21.4652     -34.6186     -22.6817     -24.1497
                -20.0329     -16.8220     -14.8996      -9.7340     -10.0028
                -20.8143     -24.3383     -30.4011     -22.2127     -25.1809
                -17.1266     -25.5999     -31.4346     -26.8245     -36.7956
                -29.4944     -29.0477     -33.3504     -26.0689     -27.0680
                -26.4551     -16.5987     -22.2411     -22.0294     -23.5602
                -24.9994     -40.0020     -33.6430     -34.1005     -28.0656
                -34.2228     -29.7533     -32.0979     -25.7221     -23.2210
                -29.1780     -22.1270     -26.7452     -30.7145     -31.6766
 
 group  inft   Estimated free energy: 2-th solvent contribution (kcal/mol)
   1      0     -79.1949     -80.5754     -75.2234     -84.2234     -83.9732
                -78.6857     -85.7939     -73.9634     -85.8161     -84.0332
                -88.3298     -90.9760     -93.0121     -97.9423     -98.3984
                -86.9174     -82.4271     -77.1778     -86.3447     -84.1534
                -90.5340     -82.9830     -77.0460     -81.3312     -70.7535
                -78.9118     -80.0361     -75.3153     -81.1976     -80.0526
                -80.5991     -91.6600     -84.3461     -86.9783     -83.7129
                -82.6225     -66.5992     -73.8097     -73.6425     -79.6517
                -72.9801     -78.7983     -75.8943     -83.1081     -85.2977
                -79.3468     -85.8175     -82.0020     -77.1111     -76.3358
   1     60     -80.0754     -81.4453     -76.0965     -85.0966     -84.8452
                -79.5660     -86.6650     -74.8401     -86.6782     -84.8991
                -89.1999     -91.8350     -93.8716     -98.8047     -99.2581
                -87.7831     -83.2951     -78.0495     -87.2095     -85.0194
                -91.3964     -83.8616     -77.9159     -82.2047     -71.6359
                -79.7872     -80.9106     -76.1897     -82.0730     -80.9214
                -81.4679     -92.5203     -85.2110     -87.8397     -84.5771
                -83.4920     -67.4760     -74.6872     -74.5243     -80.5297
                -73.8554     -79.6730     -76.7784     -83.9847     -86.1738
                -80.2184     -86.6939     -82.8713     -77.9857     -77.2115
   1     80     -83.5910     -84.9753     -79.6292     -88.5952     -88.3589
                -83.0974     -90.1896     -78.3793     -90.1931     -88.4109
                -92.7165     -95.3400     -97.3774    -102.3241    -102.7711
                -91.3138     -86.8179     -81.5845     -90.7264     -88.5370
                -94.9114     -87.3973     -81.4448     -85.7298     -75.1748
                -83.3102     -84.4199     -79.7164     -85.5896     -84.4486
                -84.9922     -96.0247     -88.7287     -91.3504     -88.0884
                -87.0124     -71.0026     -78.2208     -78.0705     -84.0489
                -77.3780     -83.1931     -80.3022     -87.5233     -89.6982
                -83.7468     -90.2154     -86.3912     -81.5054     -80.7253
   1    100     -91.9387     -93.3841     -88.0136     -96.9405     -96.7265
                -91.4907     -98.5423     -86.8121     -98.6048     -96.8338
               -101.1380    -103.7449    -105.7883    -110.7604    -111.2015
                -99.7589     -95.2307     -90.0288     -99.1537     -96.9572
               -103.3181     -95.8218     -89.8594     -94.1313     -83.5681
                -91.7110     -92.8111     -88.1206     -93.9674     -92.8649
                -93.4220    -104.4288     -97.1424     -99.7683     -96.4877
                -95.3806     -79.3770     -86.6176     -86.4794     -92.3875
                -85.7650     -91.5836     -88.6554     -95.9439     -98.1028
                -92.1408     -98.5865     -94.7789     -89.8612     -89.1005
   2      0     -79.1053     -80.4503     -75.1113     -84.1410     -83.8826
                -78.6015     -85.7549     -73.8968     -85.8303     -84.1122
                -88.3590     -91.0112     -93.0418     -97.9399     -98.4270
                -86.9003     -82.4486     -77.2102     -86.3647     -84.2189
                -90.5586     -82.8853     -76.9230     -81.2066     -70.5815
                -78.8123     -79.9553     -75.2262     -81.0986     -80.0817
                -80.6389     -91.7086     -84.3670     -87.0130     -83.7277
                -82.5166     -66.5079     -73.7300     -73.5663     -79.5103
                -72.9375     -78.6968     -75.7939     -83.0014     -85.2049
                -79.1909     -85.6769     -81.8772     -77.0411     -76.2136
   3      0     -79.1619     -80.4729     -75.2284     -84.2227     -83.9734
                -78.7141     -85.8279     -73.9617     -85.8366     -84.1075
                -88.3663     -91.0454     -93.0397     -97.9845     -98.4199
                -86.9012     -82.4622     -77.2396     -86.3850     -84.2335
                -90.5859     -82.9620     -76.9889     -81.3049     -70.6692
                -78.8977     -80.0115     -75.2552     -81.2144     -80.0861
                -80.6526     -91.7289     -84.3941     -87.0373     -83.7725
                -82.6260     -66.5978     -73.8136     -73.6307     -79.6492
                -72.9767     -78.7097     -75.9285     -83.0779     -85.2993
                -79.2976     -85.7401     -81.9677     -77.0859     -76.2968
   4      0     -79.0902     -80.4757     -75.1854     -84.1017     -83.9044
                -78.5875     -85.7881     -73.9273     -85.8591     -84.1349
                -88.3458     -90.9692     -93.0386     -97.9082     -98.4119
                -86.8640     -82.4593     -77.2393     -86.3736     -84.1716
                -90.5733     -82.8879     -76.9682     -81.2516     -70.5781
                -78.8174     -79.9594     -75.2494     -81.1261     -80.0737
                -80.6466     -91.7440     -84.3433     -87.0549     -83.7357
                -82.6054     -66.5234     -73.7064     -73.5852     -79.5428
                -72.9061     -78.6425     -75.8426     -83.0436     -85.2073
                -79.2006     -85.6565     -81.8630     -77.0644     -76.1626
   5      0     -79.2498     -80.6165     -75.2856     -84.3045     -84.0759
                -78.8496     -85.9428     -74.0357     -85.9107     -84.1914
                -88.4262     -91.0928     -93.0837     -98.0062     -98.4592
                -86.9458     -82.4913     -77.3301     -86.4308     -84.2334
                -90.5916     -83.0189     -77.1118     -81.3470     -70.7973
                -78.9918     -80.1326     -75.3644     -81.3161     -80.1202
                -80.7557     -91.7938     -84.3909     -87.0868     -83.8010
                -82.6849     -66.6749     -73.8263     -73.6927     -79.7796
                -73.0277     -78.8415     -76.0240     -83.1725     -85.3910
                -79.3716     -85.8745     -82.0483     -77.2198     -76.3362
   5     60     -80.3391     -81.7047     -76.3754     -85.3878     -85.1641
                -79.9435     -87.0289     -75.1288     -86.9879     -85.2727
                -89.5082     -92.1672     -94.1562     -99.0815     -99.5325
                -88.0271     -83.5731     -78.4195     -87.5103     -85.3150
                -91.6695     -84.1138     -78.2025     -82.4371     -71.8990
                -80.0803     -81.2185     -76.4561     -82.4060     -81.2067
                -81.8405     -92.8678     -85.4687     -88.1638     -84.8811
                -83.7716     -67.7744     -74.9210     -74.7930     -80.8703
                -74.1193     -79.9326     -77.1164     -84.2679     -86.4796
                -80.4640     -86.9623     -83.1331     -78.3094     -77.4275
   5     80     -84.4457     -85.8190     -80.4959     -89.4829     -89.2669
                -84.0726     -91.1424     -79.2600     -91.0872     -89.3830
                -93.6165     -96.2594     -98.2484    -103.1883    -103.6320
                -92.1451     -87.6779     -82.5456     -91.6121     -89.4223
                -95.7716     -88.2465     -82.3259     -86.5574     -76.0262
                -84.1983     -85.3314     -80.5783     -86.5168     -85.3200
                -85.9538     -96.9596     -89.5694     -92.2629     -88.9804
                -87.8738     -71.8960     -79.0437     -78.9245     -84.9814
                -78.2272     -84.0486     -81.2261     -88.4040     -90.5964
                -84.5820     -91.0725     -87.2450     -82.4141     -81.5392
   5    100     -92.0629     -93.4557     -88.1465     -97.1089     -96.9002
                -91.7256     -98.7795     -86.9408     -98.7421     -97.0550
               -101.2819    -103.9059    -105.8996    -110.8575    -111.2964
                -99.8244     -95.3307     -90.2339     -99.2765     -97.0884
               -103.4215     -95.9203     -89.9854     -94.2191     -83.6759
                -91.8510     -92.9874     -88.2226     -94.1619     -92.9816
                -93.6278    -104.6084     -97.2264     -99.9250     -96.6304
                -95.5129     -79.5384     -86.6976     -86.5875     -92.6134
                -85.8597     -91.6938     -88.8681     -96.0850     -98.2609
                -92.2436     -98.7008     -94.8950     -90.0436     -89.1644
 
 
 cumulative average & 95% error for solvation free energy
              total             1st component         2nd component
  1  -104.6990              -25.4979              -79.1619
  2  -106.2703     3.1427   -26.4137     1.8316   -79.8174     1.3111
  3  -106.5522     1.9000   -28.2253     3.7743   -78.2877     3.1516
  4  -106.8260     1.4508   -27.0152     3.6027   -79.7715     3.7111
  5  -106.7686     1.1296   -26.1174     3.3184   -80.6119     3.3299
  6  -106.9872     1.0207   -26.6523     2.9130   -80.2956     2.7915
  7  -106.9480     0.8662   -25.8229     2.9687   -81.0859     2.8398
  8  -107.0823     0.7968   -26.8477     3.2880   -80.1954     3.0365
  9  -107.1789     0.7287   -26.3174     3.0876   -80.8222     2.9569
 10  -107.2288     0.6594   -26.0389     2.8172   -81.1507     2.7251
 11  -107.2825     0.6060   -25.4365     2.8187   -81.8067     2.7923
 12  -107.2828     0.5532   -24.6669     2.9983   -82.5766     2.9780
 13  -107.2884     0.5090   -23.8677     3.1878   -83.3814     3.1773
 14  -107.2783     0.4717   -22.8145     3.6259   -84.4245     3.6063
 15  -107.3157     0.4455   -21.9189     3.8213   -85.3575     3.8410
 16  -107.3042     0.4173   -21.8109     3.5810   -85.4540     3.5981
 17  -107.2405     0.4122   -21.9232     3.3713   -85.2780     3.3981
 18  -107.2306     0.3891   -22.3599     3.2963   -84.8314     3.3259
 19  -107.2717     0.3771   -22.3192     3.1190   -84.9132     3.1503
 20  -107.3497     0.3904   -22.4312     2.9674   -84.8792     2.9894
 21  -107.3401     0.3718   -22.1498     2.8782   -85.1510     2.8949
 22  -107.3699     0.3595   -22.2791     2.7564   -85.0515     2.7674
 23  -107.3908     0.3460   -22.6506     2.7366   -84.7009     2.7357
 24  -107.3978     0.3316   -22.7991     2.6369   -84.5594     2.6345
 25  -107.3772     0.3207   -23.3341     2.7462   -84.0038     2.7604
 26  -107.3945     0.3101   -23.5478     2.6729   -83.8074     2.6811
 27  -107.4349     0.3091   -23.7288     2.5973   -83.6668     2.5951
 28  -107.4561     0.3009   -24.0504     2.5842   -83.3664     2.5719
 29  -107.4301     0.2949   -24.0986     2.4953   -83.2922     2.4861
 30  -107.4016     0.2906   -24.1769     2.4158   -83.1853     2.4113
 31  -107.3728     0.2869   -24.2299     2.3390   -83.1036     2.3379
 32  -107.3847     0.2788   -23.9722     2.3226   -83.3732     2.3270
 33  -107.3441     0.2821   -23.9007     2.2557   -83.4041     2.2562
 34  -107.3777     0.2818   -23.8275     2.1932   -83.5110     2.1992
 35  -107.3599     0.2760   -23.8022     2.1302   -83.5184     2.1355
 36  -107.3515     0.2687   -23.8186     2.0705   -83.4937     2.0760
 37  -107.3157     0.2710   -24.2394     2.1825   -83.0370     2.2160
 38  -107.3047     0.2647   -24.4712     2.1743   -82.7943     2.2109
 39  -107.3009     0.2579   -24.7023     2.1677   -82.5593     2.2041
 40  -107.2971     0.2515   -24.7713     2.1173   -82.4866     2.1532
 41  -107.2810     0.2474   -24.9871     2.1097   -82.2546     2.1507
 42  -107.2955     0.2431   -25.0860     2.0683   -82.1702     2.1056
 43  -107.2990     0.2375   -25.2346     2.0414   -82.0251     2.0765
 44  -107.3203     0.2359   -25.2320     1.9944   -82.0490     2.0293
 45  -107.3339     0.2322   -25.1734     1.9531   -82.1212     1.9889
 46  -107.3464     0.2285   -25.2473     1.9159   -82.0598     1.9491
 47  -107.3452     0.2236   -25.1678     1.8814   -82.1381     1.9136
 48  -107.3618     0.2214   -25.1880     1.8423   -82.1346     1.8733
 49  -107.3591     0.2169   -25.2883     1.8154   -82.0316     1.8462
 50  -107.3601     0.2125   -25.4040     1.7937   -81.9169     1.8234
 
 Mesh error is    0.082 kcal/mol
