 ERmod 0.3.8, Copyright (C) 2000-2019 Nobuyuki Matubayasi
                            2010-2019 Shun Sakuraba
 ERmod comes with ABSOLUTELY NO WARRANTY.
 This is free software, and you can redistribute it
 and/or modify it under certain conditions.
 See LICENSE file for details.
 
  Number of the   1-th solvent  =          378
  Number of the   2-th solvent  =        10000
 
  Be sure that the solvent distribution is homogeneous (radial distribution function is essentially unity) when the solvent molecule is separated beyond distance of   10.0 Angstrom in any direction from any atom within the solute molecule
 
  LJ long-range correction    =        -1.1319     -7.1533
 
  Self-energy of the solute   =        -0.0158  kcal/mol
 
 
 cumulative average & 95% error for solvation energy
              total             1st component         2nd component
  1  -488.4834              -83.7862             -404.6814
  2  -488.0655     0.8357   -81.4074     4.7574  -406.6423     3.9217
  3  -485.9433     4.2718   -77.2120     8.8290  -408.7155     4.7244
  4  -485.3461     3.2482   -74.5522     8.2021  -410.7781     5.3082
  5  -485.5691     2.5553   -71.1774     9.2694  -414.3759     8.2876
  6  -485.8197     2.1457   -69.6032     8.1971  -416.2006     7.6881
  7  -485.6870     1.8328   -71.8192     8.2241  -413.8520     8.0178
  8  -485.6735     1.5875   -75.0770     9.6530  -410.5807     9.5404
  9  -485.8872     1.4638   -74.5251     8.5844  -411.3463     8.5520
 10  -485.7273     1.3478   -75.7833     8.0800  -409.9282     8.1581
 11  -485.8900     1.2618   -78.1272     8.6828  -407.7470     8.5722
 12  -485.7748     1.1747   -78.3775     7.9421  -407.3815     7.8594
 13  -485.7243     1.0853   -77.9914     7.3464  -407.7171     7.2607
 14  -485.7390     1.0052   -78.5868     6.9049  -407.1364     6.8217
 15  -485.7643     0.9372   -77.8115     6.6125  -407.9370     6.5494
 16  -485.7919     0.8784   -77.0150     6.3872  -408.7611     6.3442
 17  -485.8530     0.8341   -75.9857     6.3431  -409.8515     6.3458
 18  -485.7809     0.7995   -75.6671     6.0142  -410.0979     6.0032
 19  -485.6337     0.8115   -75.6063     5.6901  -410.0116     5.6810
 20  -485.5377     0.7934   -75.3175     5.4289  -410.2044     5.4033
 21  -485.3439     0.8484   -75.6175     5.1987  -409.7105     5.2336
 22  -485.2405     0.8350   -75.5943     4.9570  -409.6304     4.9926
 23  -485.3234     0.8149   -75.0085     4.8793  -410.2992     4.9546
 24  -485.3886     0.7910   -74.2467     4.9137  -411.1260     5.0237
 25  -485.4419     0.7662   -73.8839     4.7686  -411.5422     4.8899
 26  -485.3497     0.7589   -73.3642     4.6980  -411.9697     4.7752
 27  -485.3331     0.7310   -73.4001     4.5212  -411.9172     4.5961
 28  -485.3678     0.7078   -73.8631     4.4541  -411.4889     4.5111
 29  -485.3793     0.6833   -73.8815     4.2979  -411.4820     4.3527
 30  -485.2619     0.7007   -73.7417     4.1616  -411.5044     4.2054
 31  -485.3497     0.7001   -73.8125     4.0276  -411.5215     4.0676
 32  -485.3187     0.6807   -73.7043     3.9057  -411.5986     3.9415
 33  -485.3241     0.6598   -73.7885     3.7892  -411.5197     3.8234
 34  -485.2730     0.6482   -74.1136     3.7331  -411.1436     3.7848
 35  -485.2772     0.6295   -75.0508     4.0809  -410.2106     4.1216
 36  -485.2870     0.6121   -75.2008     3.9772  -410.0704     4.0153
 37  -485.2978     0.5957   -74.3276     4.2442  -410.9543     4.2868
 38  -485.3022     0.5799   -74.0868     4.1590  -411.1996     4.2012
 39  -485.3506     0.5730   -74.1084     4.0512  -411.2265     4.0924
 40  -485.3448     0.5587   -73.6297     4.0630  -411.6993     4.0993
 41  -485.3311     0.5456   -73.1781     4.0643  -412.1372     4.0929
 42  -485.3552     0.5346   -72.6105     4.1256  -412.7289     4.1659
 43  -485.3097     0.5299   -72.8018     4.0466  -412.4921     4.0953
 44  -485.3082     0.5177   -72.9606     3.9663  -412.3318     4.0140
 45  -485.2810     0.5090   -72.9434     3.8773  -412.3218     3.9238
 46  -485.2319     0.5074   -72.9724     3.7926  -412.2436     3.8408
 47  -485.1665     0.5134   -73.1615     3.7302  -411.9892     3.7925
 48  -485.1553     0.5031   -73.3215     3.6657  -411.8179     3.7284
 49  -485.1398     0.4937   -73.1567     3.6052  -411.9674     3.6637
 50  -485.1486     0.4841   -72.6619     3.6683  -412.4709     3.7283
 
 
 group  inft  solvation free energy     error          difference
  total solvation free energy
   1      0       -104.39969           0.25237           0.04038
   1     60       -105.31382           0.25185          -0.87375
   1     80       -109.04425           0.25125          -4.60418
   1    100       -118.06979           0.25293         -13.62972
   2      0       -104.44015           0.24942          -0.00008
   3      0       -104.44007           0.25025           0.00000
   4      0       -104.44311           0.25176          -0.00303
   5      0       -104.53210           0.25193          -0.09203
   5     60       -105.67285           0.25112          -1.23278
   5     80       -110.02349           0.25045          -5.58341
   5    100       -118.25178           0.25179         -13.81170
 
  contribution from  1-th solvent component
   1      0        -26.54948           1.45162           0.02223
   1     60        -26.58402           1.45168          -0.01231
   1     80        -26.73959           1.45184          -0.16788
   1    100        -27.17259           1.45184          -0.60088
   2      0        -26.56099           1.45191           0.01071
   3      0        -26.57171           1.45083           0.00000
   4      0        -26.57307           1.45172          -0.00137
   5      0        -26.57893           1.45105          -0.00722
   5     60        -26.62259           1.45113          -0.05088
   5     80        -26.80793           1.45132          -0.23622
   5    100        -27.20644           1.45134          -0.63473
 
  contribution from  2-th solvent component
   1      0        -77.83441           1.53712           0.01816
   1     60        -78.71400           1.53609          -0.86144
   1     80        -82.28887           1.53381          -4.43630
   1    100        -90.88140           1.53191         -13.02884
   2      0        -77.86336           1.53625          -0.01079
   3      0        -77.85257           1.53682           0.00000
   4      0        -77.85423           1.53822          -0.00167
   5      0        -77.93737           1.53841          -0.08481
   5     60        -79.03446           1.53675          -1.18190
   5     80        -83.19976           1.53421          -5.34719
   5    100        -91.02954           1.53214         -13.17697
 
 
 group  inft   Estimated free energy: total (kcal/mol)
   1      0    -105.6503    -105.3570    -102.6903    -103.7451    -104.9384
               -105.3159    -103.9990    -104.3090    -105.8065    -103.8561
               -105.4420    -103.8434    -104.5825    -104.5996    -104.8168
               -105.2627    -105.8606    -104.3367    -103.1557    -103.7826
               -102.1759    -103.0377    -105.2869    -105.4845    -105.3638
               -103.7730    -104.5757    -104.3305    -104.8789    -102.9410
               -105.6648    -104.5804    -104.1906    -103.1519    -103.5818
               -104.9770    -104.7936    -104.2608    -105.0950    -104.4905
               -104.6223    -105.6744    -103.6083    -104.0813    -103.8472
               -103.3039    -103.2406    -104.5817    -104.0422    -104.9980
   1     60    -106.5649    -106.2710    -103.6052    -104.6588    -105.8503
               -106.2271    -104.9173    -105.2288    -106.7189    -104.7739
               -106.3635    -104.7581    -105.4947    -105.5166    -105.7287
               -106.1789    -106.7725    -105.2513    -104.0719    -104.6980
               -103.0970    -103.9532    -106.1974    -106.3919    -106.2759
               -104.6836    -105.4894    -105.2528    -105.7902    -103.8566
               -106.5800    -105.4969    -105.1045    -104.0729    -104.5090
               -105.8904    -105.6941    -105.1708    -106.0074    -105.3984
               -105.5333    -106.5825    -104.5239    -104.9982    -104.7584
               -104.2186    -104.1565    -105.4935    -104.9566    -105.9068
   1     80    -110.3020    -110.0153    -107.3345    -108.3821    -109.5849
               -109.9541    -108.6456    -108.9709    -110.4517    -108.5029
               -110.1048    -108.4832    -109.2152    -109.2614    -109.4577
               -109.9069    -110.4938    -108.9860    -107.8008    -108.4360
               -106.8350    -107.6961    -109.9301    -110.1018    -110.0053
               -108.4009    -109.2235    -109.0078    -109.5126    -107.5869
               -110.3247    -109.2274    -108.8343    -107.8242    -108.2720
               -109.6260    -109.3947    -108.8946    -109.7386    -109.1201
               -109.2543    -110.2882    -108.2539    -108.7346    -108.4842
               -107.9432    -107.8808    -109.2166    -108.6898    -109.6208
   1    100    -119.3305    -119.0852    -116.3813    -117.3967    -118.6391
               -118.9860    -117.6477    -118.0165    -119.4889    -117.5213
               -119.1658    -117.4936    -118.2358    -118.2999    -118.4787
               -118.9348    -119.5198    -118.0143    -116.8086    -117.4674
               -115.8271    -116.7254    -118.9699    -119.1035    -119.0389
               -117.4044    -118.2455    -118.0655    -118.5314    -116.6035
               -119.3876    -118.2692    -117.8336    -116.8677    -117.3286
               -118.6718    -118.3815    -117.9158    -118.7793    -118.1479
               -118.2830    -119.2859    -117.2582    -117.7499    -117.4889
               -116.9583    -116.8903    -118.2231    -117.7193    -118.6225
   2      0    -105.6913    -105.3538    -102.7885    -103.7233    -104.9089
               -105.2995    -104.0299    -104.3929    -105.8234    -103.8706
               -105.5077    -103.8117    -104.6446    -104.5890    -104.8742
               -105.2994    -105.8808    -104.3624    -103.2306    -103.7999
               -102.2926    -103.1102    -105.3507    -105.5451    -105.4130
               -103.8002    -104.6064    -104.3755    -104.9585    -102.9966
               -105.6661    -104.6467    -104.2727    -103.1920    -103.6067
               -105.0316    -104.8013    -104.3144    -105.1207    -104.5044
               -104.6417    -105.7229    -103.6882    -104.1108    -103.9264
               -103.3728    -103.2718    -104.5921    -104.1201    -105.0733
   3      0    -105.6985    -105.3234    -102.8086    -103.7447    -104.9264
               -105.3049    -104.0165    -104.3936    -105.8325    -103.8821
               -105.5082    -103.8350    -104.6329    -104.5771    -104.8419
               -105.3012    -105.8996    -104.3645    -103.2620    -103.8012
               -102.2601    -103.1031    -105.3588    -105.5225    -105.4393
               -103.7884    -104.5820    -104.3917    -104.9623    -102.9590
               -105.6488    -104.6524    -104.2572    -103.2267    -103.5836
               -104.9914    -104.8407    -104.3214    -105.1759    -104.5735
               -104.6207    -105.7178    -103.6729    -104.0709    -103.9075
               -103.4008    -103.2237    -104.6100    -104.1064    -105.0796
   4      0    -105.7566    -105.3794    -102.8548    -103.7049    -104.9412
               -105.3688    -104.0040    -104.4102    -105.8593    -103.8506
               -105.5187    -103.8180    -104.6073    -104.5784    -104.8726
               -105.3359    -105.9107    -104.3802    -103.2521    -103.7923
               -102.3776    -103.0863    -105.3865    -105.5555    -105.4099
               -103.7854    -104.6105    -104.3370    -104.9789    -102.9782
               -105.6828    -104.5785    -104.2953    -103.2113    -103.5408
               -104.9871    -104.7933    -104.3247    -105.1770    -104.5106
               -104.6235    -105.7187    -103.6603    -104.0916    -103.8677
               -103.3825    -103.1982    -104.5905    -104.1167    -105.1024
   5      0    -105.7942    -105.4303    -102.9331    -103.8659    -105.0516
               -105.4250    -104.1004    -104.4901    -105.9545    -103.9557
               -105.5765    -103.8816    -104.7014    -104.6712    -104.9798
               -105.3477    -106.0268    -104.4820    -103.2925    -103.9288
               -102.3442    -103.1903    -105.5064    -105.6446    -105.5539
               -103.8803    -104.6816    -104.4797    -105.0209    -103.0712
               -105.7648    -104.6748    -104.3247    -103.2770    -103.6691
               -105.0423    -104.8786    -104.4543    -105.2805    -104.6243
               -104.7295    -105.8132    -103.7557    -104.1890    -103.9966
               -103.4761    -103.3155    -104.7252    -104.2085    -105.1429
   5     60    -106.9382    -106.5694    -104.0717    -105.0030    -106.1862
               -106.5578    -105.2476    -105.6392    -107.0955    -105.0991
               -106.7319    -105.0253    -105.8403    -105.8125    -106.1184
               -106.4877    -107.1609    -105.6260    -104.4440    -105.0694
               -103.4940    -104.3399    -106.6469    -106.7793    -106.6891
               -105.0134    -105.8225    -105.6305    -106.1558    -104.2127
               -106.9064    -105.8145    -105.4642    -104.4270    -104.8273
               -106.1903    -106.0009    -105.5864    -106.4172    -105.7560
               -105.8613    -106.9438    -104.9054    -105.3378    -105.1376
               -104.6159    -104.4580    -105.8643    -105.3473    -106.2730
   5     80    -111.2977    -110.9350    -108.4249    -109.3436    -110.5412
               -110.9021    -109.5951    -110.0009    -111.4458    -109.4480
               -111.0987    -109.3736    -110.1866    -110.1704    -110.4670
               -110.8358    -111.4994    -109.9824    -108.7933    -109.4201
               -107.8547    -108.7006    -111.0014    -111.1105    -111.0414
               -109.3518    -110.1729    -110.0128    -110.5007    -108.5592
               -111.2725    -110.1678    -109.8186    -108.7978    -109.2121
               -110.5455    -110.3183    -109.9268    -110.7678    -110.0973
               -110.1981    -111.2691    -109.2591    -109.7002    -109.4836
               -108.9664    -108.8015    -110.2006    -109.7013    -110.6024
   5    100    -119.5380    -119.2000    -116.6678    -117.5523    -118.7911
               -119.1268    -117.8020    -118.2473    -119.6826    -117.6684
               -119.3613    -117.5866    -118.4067    -118.4065    -118.6952
               -119.0648    -119.7272    -118.2130    -117.0155    -117.6458
               -116.0698    -116.9364    -119.2413    -119.3173    -119.2849
               -117.5694    -118.4023    -118.2744    -118.7299    -116.7757
               -119.5400    -118.4089    -118.0193    -117.0317    -117.4653
               -118.7947    -118.5077    -118.1430    -119.0032    -118.3212
               -118.4150    -119.4717    -117.4800    -117.9281    -117.6998
               -117.1920    -117.0098    -118.4142    -117.9332    -118.8099
 
 group  inft   Estimated free energy: 1-th solvent contribution (kcal/mol)
   1      0     -31.1456     -29.7332     -25.2844     -24.0815     -20.7795
                -22.3215     -31.2779     -36.7914     -25.7121     -32.3567
                -37.8947     -29.9644     -26.9028     -32.2073     -24.4340
                -23.4518     -21.4260     -25.5069     -26.4400     -25.2272
                -29.6542     -27.2982     -22.5378     -20.4143     -23.7477
                -21.9108     -27.2349     -32.1032     -27.5754     -25.3169
                -28.2210     -25.4705     -27.7535     -31.1134     -39.7673
                -29.7877     -14.6458     -23.9981     -27.9356     -19.3666
                -19.6662     -16.9749     -29.5889     -29.0039     -26.3174
                -27.0950     -29.6699     -29.9567     -23.8324     -16.5771
   1     60     -31.1806     -29.7678     -25.3190     -24.1165     -20.8142
                -22.3562     -31.3130     -36.8259     -25.7467     -32.3916
                -37.9298     -29.9993     -26.9375     -32.2422     -24.4680
                -23.4865     -21.4605     -25.5414     -26.4730     -25.2615
                -29.6882     -27.3329     -22.5720     -20.4480     -23.7823
                -21.9451     -27.2694     -32.1383     -27.6099     -25.3519
                -28.2562     -25.5053     -27.7882     -31.1474     -39.8026
                -29.8224     -14.6799     -24.0325     -27.9698     -19.4010
                -19.7008     -17.0093     -29.6233     -29.0385     -26.3515
                -27.1293     -29.7049     -29.9911     -23.8669     -16.6108
   1     80     -31.3380     -29.9246     -25.4748     -24.2740     -20.9707
                -22.5132     -31.4706     -36.9808     -25.9033     -32.5480
                -38.0875     -30.1557     -27.0933     -32.3994     -24.6219
                -23.6428     -21.6163     -25.6972     -26.6218     -25.4163
                -29.8411     -27.4890     -22.7261     -20.6006     -23.9382
                -22.0998     -27.4246     -32.2957     -27.7653     -25.5088
                -28.4150     -25.6617     -27.9446     -31.3002     -39.9609
                -29.9788     -14.8345     -24.1880     -28.1246     -19.5566
                -19.8564     -17.1647     -29.7776     -29.1941     -26.5053
                -27.2835     -29.8616     -30.1463     -24.0224     -16.7631
   1    100     -31.7728     -30.3609     -25.9104     -24.7101     -21.4060
                -22.9497     -31.9043     -37.4133     -26.3392     -32.9807
                -38.5227     -30.5889     -27.5269     -32.8339     -25.0531
                -24.0779     -22.0521     -26.1304     -27.0436     -25.8488
                -30.2693     -27.9215     -23.1582     -21.0301     -24.3713
                -22.5316     -27.8574     -32.7315     -28.1980     -25.9427
                -28.8535     -26.0960     -28.3781     -31.7278     -40.3949
                -30.4134     -15.2679     -24.6222     -28.5570     -19.9901
                -20.2914     -17.5989     -30.2077     -29.6257     -26.9342
                -27.7137     -30.2934     -30.5778     -24.4568     -17.1920
   2      0     -31.1602     -29.7481     -25.2968     -24.0728     -20.7755
                -22.3136     -31.2763     -36.8188     -25.7100     -32.3687
                -37.8942     -29.9782     -26.9084     -32.2114     -24.4727
                -23.4548     -21.4389     -25.4877     -26.5022     -25.2317
                -29.6637     -27.3200     -22.5484     -20.4436     -23.7541
                -21.9113     -27.2498     -32.1094     -27.5879     -25.3188
                -28.2028     -25.4867     -27.7761     -31.1311     -39.7847
                -29.7618     -14.6439     -24.0222     -27.9574     -19.3385
                -19.6748     -16.9942     -29.6068     -29.0284     -26.3499
                -27.1318     -29.6878     -29.9789     -23.8434     -16.6208
   3      0     -31.1628     -29.7463     -25.3143     -24.0854     -20.7853
                -22.3280     -31.2687     -36.8293     -25.7384     -32.3721
                -37.9075     -29.9799     -26.9216     -32.2140     -24.4808
                -23.4681     -21.4571     -25.5149     -26.4991     -25.2464
                -29.6746     -27.3134     -22.5623     -20.4559     -23.7659
                -21.9370     -27.2792     -32.1331     -27.5961     -25.3212
                -28.2054     -25.5017     -27.7902     -31.1349     -39.7821
                -29.7692     -14.6731     -24.0500     -27.9653     -19.3512
                -19.6754     -16.9968     -29.6073     -29.0249     -26.3606
                -27.1497     -29.6841     -30.0044     -23.8512     -16.6492
   4      0     -31.1742     -29.7504     -25.3192     -24.0763     -20.7809
                -22.3232     -31.2813     -36.8436     -25.7331     -32.3716
                -37.8972     -29.9917     -26.9162     -32.2186     -24.4948
                -23.4785     -21.4514     -25.5150     -26.5152     -25.2536
                -29.6706     -27.3345     -22.5508     -20.4563     -23.7699
                -21.9214     -27.2688     -32.1226     -27.5948     -25.3208
                -28.1857     -25.4931     -27.7929     -31.1553     -39.7963
                -29.7563     -14.6542     -24.0314     -27.9890     -19.3506
                -19.6862     -17.0042     -29.6282     -29.0371     -26.3666
                -27.1473     -29.6831     -30.0038     -23.8507     -16.6451
   5      0     -31.1635     -29.7528     -25.3283     -24.0867     -20.7883
                -22.3423     -31.2760     -36.8379     -25.7553     -32.3778
                -37.8882     -29.9943     -26.9353     -32.2386     -24.4905
                -23.4601     -21.4519     -25.5178     -26.5225     -25.2792
                -29.6830     -27.3385     -22.5717     -20.4632     -23.7781
                -21.9334     -27.2798     -32.1317     -27.5993     -25.3211
                -28.2150     -25.4919     -27.7896     -31.1490     -39.8010
                -29.7631     -14.6622     -24.0446     -27.9858     -19.3724
                -19.6986     -17.0073     -29.6225     -29.0288     -26.3805
                -27.1617     -29.6812     -30.0117     -23.8507     -16.6417
   5     60     -31.2078     -29.7966     -25.3719     -24.1307     -20.8319
                -22.3862     -31.3205     -36.8815     -25.7991     -32.4218
                -37.9328     -30.0385     -26.9791     -32.2826     -24.5335
                -23.5040     -21.4954     -25.5616     -26.5647     -25.3226
                -29.7261     -27.3826     -22.6149     -20.5059     -23.8217
                -21.9766     -27.3235     -32.1760     -27.6429     -25.3651
                -28.2595     -25.5357     -27.8335     -31.1921     -39.8458
                -29.8072     -14.7051     -24.0879     -28.0290     -19.4158
                -19.7421     -17.0507     -29.6660     -29.0728     -26.4238
                -27.2051     -29.7255     -30.0552     -23.8943     -16.6842
   5     80     -31.3955     -29.9833     -25.5573     -24.3174     -21.0184
                -22.5728     -31.5079     -37.0660     -25.9850     -32.6080
                -38.1203     -30.2250     -27.1652     -32.4694     -24.7166
                -23.6902     -21.6809     -25.7472     -26.7432     -25.5068
                -29.9086     -27.5687     -22.7987     -20.6881     -24.0073
                -22.1608     -27.5086     -32.3634     -27.8283     -25.5517
                -28.4485     -25.7220     -28.0197     -31.3751     -40.0341
                -29.9935     -14.8890     -24.2731     -28.2134     -19.6010
                -19.9273     -17.2354     -29.8500     -29.2589     -26.6076
                -27.3896     -29.9123     -30.2396     -24.0796     -16.8663
   5    100     -31.7964     -30.3851     -25.9577     -24.7169     -21.4190
                -22.9736     -31.9063     -37.4642     -26.3854     -33.0060
                -38.5203     -30.6238     -27.5643     -32.8689     -25.1135
                -24.0909     -22.0817     -26.1457     -27.1336     -25.9045
                -30.3026     -27.9673     -23.1961     -21.0841     -24.4059
                -22.5586     -27.9075     -32.7646     -28.2270     -25.9504
                -28.8519     -26.1217     -28.4182     -31.7694     -40.4334
                -30.3923     -15.2871     -24.6727     -28.6116     -19.9989
                -20.3268     -17.6346     -30.2457     -29.6570     -27.0038
                -27.7870     -30.3102     -30.6363     -24.4794     -17.2625
 
 group  inft   Estimated free energy: 2-th solvent contribution (kcal/mol)
   1      0     -74.4890     -75.6080     -77.3902     -79.6478     -84.1431
                -82.9787     -72.7053     -67.5018     -80.0786     -71.4836
                -67.5315     -73.8632     -77.6639     -72.3765     -80.3670
                -81.7951     -84.4188     -78.8140     -76.6999     -78.5396
                -72.5059     -75.7236     -82.7333     -85.0545     -81.6002
                -81.8465     -77.3249     -72.2115     -77.2877     -77.6083
                -77.4280     -79.0941     -76.4213     -72.0227     -63.7988
                -75.1734     -90.1320     -80.2469     -77.1436     -85.1081
                -84.9403     -88.6838     -74.0036     -75.0617     -77.5140
                -76.1931     -73.5548     -74.6093     -80.1940     -88.4051
   1     60     -75.3685     -76.4873     -78.2704     -80.5265     -85.0204
                -83.8551     -73.5884     -68.3871     -80.9564     -72.3666
                -68.4178     -74.7430     -78.5414     -73.2586     -81.2449
                -82.6765     -85.2961     -79.6941     -77.5831     -79.4207
                -73.3929     -76.6045     -83.6096     -85.9282     -82.4778
                -82.7227     -78.2042     -73.0986     -78.1645     -78.4889
                -78.3080     -79.9758     -77.3005     -72.9097     -64.6906
                -76.0522     -90.9984     -81.1226     -78.0218     -85.9816
                -85.8167     -89.5574     -74.8849     -75.9439     -78.3912
                -77.0735     -74.4358     -75.4866     -81.0738     -89.2802
   1     80     -78.9482     -80.0749     -81.8439     -84.0923     -88.5985
                -87.4250     -77.1592     -71.9743     -84.5326     -75.9391
                -72.0015     -78.3117     -82.1061     -76.8461     -84.8200
                -86.2484     -88.8617     -83.2730     -81.1632     -83.0039
                -76.9781     -80.1913     -87.1883     -89.4854     -86.0513
                -86.2853     -81.7831     -76.6964     -81.7315     -82.0623
                -81.8939     -83.5499     -80.8738     -76.5082     -68.2953
                -79.6313     -94.5445     -84.6908     -81.5982     -89.5477
                -89.3821     -93.1078     -78.4605     -79.5247     -81.9631
                -80.6439     -78.0034     -79.0545     -84.6515     -92.8419
   1    100     -87.5419     -88.7085     -90.4551     -92.6708     -97.2173
                -96.0205     -85.7276     -80.5874     -93.1339     -84.5248
                -80.6273     -86.8889     -90.6931     -85.4502     -93.4098
                -94.8411     -97.4519     -91.8681     -89.7492     -91.6028
                -85.5421     -88.7880     -95.7959     -98.0576     -94.6519
                -94.8570     -90.3723     -85.3182     -90.3176     -90.6450
                -90.5183     -92.1574     -89.4397     -85.1241     -76.9179
                -88.2427    -103.0978     -93.2778     -90.2065     -98.1421
                -97.9758    -101.6712     -87.0348     -88.1085     -90.5389
                -89.2288     -86.5810     -87.6295     -93.2468    -101.4147
   2      0     -74.5153     -75.5899     -77.4759     -79.6348     -84.1176
                -82.9701     -72.7378     -67.5583     -80.0976     -71.4862
                -67.5977     -73.8177     -77.7204     -72.3618     -80.3857
                -81.8288     -84.4261     -78.8589     -76.7126     -78.5524
                -72.6131     -75.7743     -82.7866     -85.0857     -81.6431
                -81.8731     -77.3408     -72.2503     -77.3548     -77.6620
                -77.4475     -79.1442     -76.4808     -72.0451     -63.8062
                -75.2540     -90.1416     -80.2764     -77.1474     -85.1501
                -84.9511     -88.7129     -74.0656     -75.0666     -77.5607
                -76.2252     -73.5683     -74.5974     -80.2609     -88.4366
   3      0     -74.5199     -75.5613     -77.4786     -79.6435     -84.1253
                -82.9611     -72.7319     -67.5486     -80.0783     -71.4942
                -67.5849     -73.8393     -77.6955     -72.3473     -80.3453
                -81.8174     -84.4268     -78.8339     -76.7471     -78.5390
                -72.5697     -75.7739     -82.7806     -85.0508     -81.6577
                -81.8355     -77.2870     -72.2428     -77.3505     -77.6220
                -77.4276     -79.1348     -76.4511     -72.0760     -63.7857
                -75.2064     -90.1518     -80.2555     -77.1948     -85.2066
                -84.9295     -88.7051     -74.0499     -75.0302     -77.5311
                -76.2352     -73.5238     -74.5897     -80.2394     -88.4146
   4      0     -74.5665     -75.6132     -77.5198     -79.6127     -84.1445
                -83.0298     -72.7069     -67.5508     -80.1104     -71.4632
                -67.6057     -73.8105     -77.6753     -72.3440     -80.3620
                -81.8416     -84.4435     -78.8494     -76.7211     -78.5229
                -72.6913     -75.7360     -82.8198     -85.0834     -81.6242
                -81.8482     -77.3259     -72.1986     -77.3683     -77.6416
                -77.4813     -79.0696     -76.4866     -72.0402     -63.7287
                -75.2150     -90.1233     -80.2775     -77.1722     -85.1443
                -84.9215     -88.6987     -74.0163     -75.0387     -77.4853
                -76.2193     -73.4993     -74.5709     -80.2501     -88.4416
   5      0     -74.6149     -75.6617     -77.5890     -79.7634     -84.2475
                -83.0668     -72.8086     -67.6364     -80.1834     -71.5622
                -67.6725     -73.8715     -77.7503     -72.4169     -80.4736
                -81.8717     -84.5592     -78.9484     -76.7542     -78.6338
                -72.6454     -75.8360     -82.9189     -85.1656     -81.7600
                -81.9311     -77.3860     -72.3322     -77.4058     -77.7344
                -77.5340     -79.1672     -76.5193     -72.1122     -63.8523
                -75.2635     -90.2006     -80.3939     -77.2789     -85.2361
                -85.0150     -88.7901     -74.1174     -75.1444     -77.6003
                -76.2986     -73.6184     -74.6977     -80.3420     -88.4854
   5     60     -75.7146     -76.7570     -78.6840     -80.8564     -85.3384
                -84.1559     -73.9113     -68.7418     -81.2805     -72.6615
                -68.7833     -74.9710     -78.8454     -73.5141     -81.5691
                -82.9679     -85.6497     -80.0486     -77.8635     -79.7310
                -73.7521     -76.9416     -84.0162     -86.2575     -82.8516
                -83.0210     -78.4833     -73.4387     -78.4971     -78.8318
                -78.6312     -80.2630     -77.6149     -73.2191     -64.9657
                -76.3673     -91.2800     -81.4827     -78.3724     -86.3244
                -86.1034     -89.8773     -75.2235     -76.2492     -78.6980
                -77.3950     -74.7166     -75.7933     -81.4372     -89.5730
   5     80     -79.8864     -80.9358     -82.8518     -85.0104     -89.5070
                -88.3135     -78.0714     -72.9191     -85.4450     -76.8242
                -72.9626     -79.1328     -83.0056     -77.6852     -85.7346
                -87.1298     -89.8027     -84.2194     -82.0343     -83.8976
                -77.9303     -81.1162     -88.1869     -90.4066     -87.0182
                -87.1751     -82.6485     -77.6336     -82.6567     -82.9917
                -82.8082     -84.4300     -81.7832     -77.4069     -69.1623
                -80.5362     -95.4136     -85.6379     -82.5386     -90.4804
                -90.2549     -94.0179     -79.3934     -80.4254     -82.8602
                -81.5611     -78.8734     -79.9452     -85.6059     -93.7203
   5    100     -87.7258     -88.7991     -90.6943     -92.8195     -97.3563
                -96.1374     -85.8799     -80.7673     -93.2814     -84.6466
                -80.8252     -86.9470     -90.8266     -85.5218     -93.5659
                -94.9581     -97.6297     -92.0515     -89.8661     -91.7255
                -85.7515     -88.9533     -96.0294     -98.2175     -94.8632
                -94.9950     -90.4790     -85.4940     -90.4871     -90.8094
                -90.6723     -92.2714     -89.5854     -85.2465     -77.0162
                -88.3866    -103.2049     -93.4545     -90.3758     -98.3066
                -98.0724    -101.8214     -87.2185     -88.2553     -90.6802
                -89.3892     -86.6838     -87.7621     -93.4379    -101.5316
 
 
 cumulative average & 95% error for solvation free energy
              total             1st component         2nd component
  1  -105.6985              -31.1628              -74.5199
  2  -105.5109     0.3751   -30.4545     1.4166   -75.0406     1.0414
  3  -104.6102     1.8145   -28.7411     3.5231   -75.8533     1.7330
  4  -104.3938     1.3541   -27.5772     3.4095   -76.8008     2.2568
  5  -104.5003     1.0703   -26.2188     3.7889   -78.2657     3.4117
  6  -104.6344     0.9141   -25.5703     3.3545   -79.0483     3.1952
  7  -104.5461     0.7925   -26.3844     3.2693   -78.1459     3.2479
  8  -104.5271     0.6874   -27.6900     3.8516   -76.8213     3.8640
  9  -104.6721     0.6720   -27.4732     3.4243   -77.1832     3.4838
 10  -104.5931     0.6215   -27.9630     3.2157   -76.6143     3.3172
 11  -104.6763     0.5863   -28.8671     3.4249   -75.7934     3.4203
 12  -104.6062     0.5533   -28.9598     3.1320   -75.6306     3.1392
 13  -104.6082     0.5089   -28.8030     2.8980   -75.7894     2.9051
 14  -104.6060     0.4712   -29.0467     2.7269   -75.5435     2.7342
 15  -104.6217     0.4398   -28.7423     2.6106   -75.8637     2.6247
 16  -104.6642     0.4201   -28.4126     2.5294   -76.2358     2.5655
 17  -104.7369     0.4205   -28.0035     2.5130   -76.7176     2.5954
 18  -104.7162     0.3986   -27.8652     2.3853   -76.8352     2.4582
 19  -104.6397     0.4069   -27.7933     2.2609   -76.8305     2.3252
 20  -104.5977     0.3950   -27.6660     2.1599   -76.9159     2.2125
 21  -104.4864     0.4368   -27.7616     2.0634   -76.7090     2.1449
 22  -104.4235     0.4350   -27.7413     1.9678   -76.6665     2.0468
 23  -104.4642     0.4236   -27.5161     1.9334   -76.9323     2.0268
 24  -104.5083     0.4150   -27.2219     1.9424   -77.2706     2.0550
 25  -104.5455     0.4050   -27.0837     1.8835   -77.4461     2.0021
 26  -104.5164     0.3934   -26.8857     1.8524   -77.6149     1.9530
 27  -104.5188     0.3786   -26.9003     1.7827   -77.6027     1.8794
 28  -104.5143     0.3649   -27.0872     1.7580   -77.4113     1.8511
 29  -104.5298     0.3535   -27.1047     1.6967   -77.4092     1.7861
 30  -104.4774     0.3572   -27.0453     1.6435   -77.4163     1.7256
 31  -104.5152     0.3536   -27.0827     1.5913   -77.4167     1.6690
 32  -104.5195     0.3425   -27.0333     1.5440   -77.4704     1.6196
 33  -104.5115     0.3324   -27.0562     1.4972   -77.4395     1.5710
 34  -104.4737     0.3312   -27.1762     1.4721   -77.2817     1.5564
 35  -104.4483     0.3256   -27.5364     1.6007   -76.8961     1.6966
 36  -104.4634     0.3178   -27.5984     1.5605   -76.8492     1.6515
 37  -104.4736     0.3098   -27.2491     1.6709   -77.2087     1.7599
 38  -104.4696     0.3016   -27.1649     1.6350   -77.2889     1.7204
 39  -104.4877     0.2960   -27.1854     1.5930   -77.2865     1.6757
 40  -104.4898     0.2886   -26.9895     1.6014   -77.4845     1.6806
 41  -104.4930     0.2815   -26.8111     1.6020   -77.6661     1.6789
 42  -104.5222     0.2808   -26.5775     1.6318   -77.9289     1.7207
 43  -104.5024     0.2771   -26.6479     1.5996   -77.8387     1.6898
 44  -104.4926     0.2714   -26.7020     1.5666   -77.7749     1.6559
 45  -104.4796     0.2666   -26.6944     1.5314   -77.7695     1.6187
 46  -104.4562     0.2649   -26.7043     1.4979   -77.7361     1.5846
 47  -104.4299     0.2645   -26.7677     1.4712   -77.6465     1.5608
 48  -104.4337     0.2590   -26.8351     1.4465   -77.5828     1.5332
 49  -104.4270     0.2540   -26.7742     1.4219   -77.6370     1.5055
 50  -104.4401     0.2502   -26.5717     1.4508   -77.8526     1.5368
 
 Mesh error is    0.092 kcal/mol
