 ERmod 0.3.8, Copyright (C) 2000-2019 Nobuyuki Matubayasi
                            2010-2019 Shun Sakuraba
 ERmod comes with ABSOLUTELY NO WARRANTY.
 This is free software, and you can redistribute it
 and/or modify it under certain conditions.
 See LICENSE file for details.
 
  Number of the   1-th solvent  =         1472
  Number of the   2-th solvent  =        10000
 
  Be sure that the solvent distribution is homogeneous (radial distribution function is essentially unity) when the solvent molecule is separated beyond distance of   10.0 Angstrom in any direction from any atom within the solute molecule
 
  LJ long-range correction    =        -3.5283     -5.7260
 
  Self-energy of the solute   =        -0.0009  kcal/mol
 
 
 cumulative average & 95% error for solvation energy
              total             1st component         2nd component
  1  -487.3557             -209.8103             -277.5445
  2  -489.2306     3.7498  -210.8501     2.0796  -278.3796     1.6702
  3  -489.7410     2.3936  -213.0341     4.5300  -276.7060     3.4832
  4  -490.1379     1.8694  -208.5545     9.5145  -281.5825    10.0591
  5  -489.7778     1.6172  -203.2391    12.9357  -286.5379    12.6070
  6  -489.4985     1.4337  -200.8260    11.6123  -288.6717    11.1431
  7  -488.5155     2.3094  -199.5695    10.1309  -288.9452     9.4335
  8  -488.1281     2.1449  -200.0543     8.8270  -288.0729     8.3539
  9  -487.8552     1.9687  -202.2889     8.9763  -285.5655     8.9122
 10  -487.8941     1.7626  -203.2255     8.2443  -284.6678     8.1710
 11  -487.7362     1.6253  -203.5833     7.4915  -284.1520     7.4626
 12  -487.6443     1.4950  -200.5970     9.0798  -287.0465     8.9398
 13  -487.9822     1.5322  -198.3684     9.4670  -289.6129     9.6939
 14  -488.2929     1.5488  -196.3970     9.6108  -291.8951    10.0687
 15  -488.3289     1.4436  -195.2064     9.2586  -293.1217     9.6892
 16  -488.5890     1.4471  -194.0105     8.9848  -294.5776     9.5197
 17  -488.9296     1.5205  -194.1534     8.4446  -294.7754     8.9509
 18  -489.1014     1.4741  -195.5080     8.4100  -293.5925     8.7643
 19  -489.4540     1.5626  -196.5571     8.2271  -292.8960     8.4065
 20  -489.5483     1.4943  -195.6417     8.0168  -293.9057     8.2268
 21  -489.5716     1.4222  -195.6620     7.6256  -293.9087     7.8252
 22  -489.7692     1.4124  -195.0395     7.3765  -294.7288     7.6392
 23  -489.9382     1.3913  -194.8195     7.0622  -295.1178     7.3408
 24  -489.8430     1.3456  -194.4843     6.7947  -295.3578     7.0447
 25  -489.8722     1.2920  -194.3050     6.5271  -295.5664     6.7699
 26  -489.8788     1.2413  -193.6590     6.4028  -296.2190     6.6340
 27  -489.9917     1.2156  -192.4219     6.6393  -297.5689     6.9310
 28  -490.0571     1.1787  -191.3755     6.7314  -298.6807     7.0393
 29  -490.0137     1.1406  -190.6444     6.6577  -299.3684     6.9301
 30  -489.9851     1.1034  -189.4208     6.8817  -300.5634     7.1089
 31  -489.9767     1.0674  -188.0722     7.1818  -301.9036     7.3798
 32  -490.0631     1.0478  -186.2354     7.8644  -303.8268     8.1149
 33  -490.0687     1.0157  -185.0626     7.9751  -305.0052     8.2107
 34  -490.0633     0.9854  -183.8502     8.1081  -306.2122     8.3233
 35  -490.1250     0.9647  -182.8882     8.1047  -307.2359     8.3373
 36  -490.1311     0.9376  -182.0028     8.0730  -308.1275     8.2963
 37  -490.1132     0.9127  -181.4253     7.9362  -308.6870     8.1462
 38  -490.1712     0.8958  -181.0979     7.7523  -309.0724     7.9663
 39  -490.1404     0.8748  -181.0213     7.5524  -309.1182     7.7599
 40  -490.1820     0.8567  -181.0229     7.3612  -309.1583     7.5638
 41  -490.1886     0.8356  -181.2704     7.1965  -308.9173     7.3927
 42  -490.2426     0.8226  -181.4764     7.0351  -308.7653     7.2210
 43  -490.2759     0.8060  -181.8136     6.9026  -308.4615     7.0772
 44  -490.2716     0.7875  -182.6110     6.9299  -307.6597     7.0980
 45  -490.3730     0.7961  -183.1767     6.8680  -307.1954     7.0003
 46  -490.3898     0.7793  -183.5230     6.7526  -306.8660     6.8781
 47  -490.5249     0.8090  -183.0620     6.6714  -307.4620     6.8349
 48  -490.7467     0.9078  -182.7475     6.5611  -307.9983     6.7764
 49  -490.7984     0.8950  -182.3967     6.4640  -308.4008     6.6854
 50  -490.7826     0.8775  -182.0945     6.3622  -308.6872     6.5753
 
 
 group  inft  solvation free energy     error          difference
  total solvation free energy
   1      0       -120.68733           0.47080           0.08525
   1     60       -122.41139           0.47016          -1.63881
   1     80       -126.97843           0.46868          -6.20586
   1    100       -134.97673           0.47169         -14.20416
   2      0       -120.73313           0.47400           0.03944
   3      0       -120.77257           0.47369           0.00000
   4      0       -120.70472           0.48225           0.06785
   5      0       -120.70741           0.49094           0.06517
   5     60       -122.80402           0.48986          -2.03145
   5     80       -127.85663           0.48903          -7.08406
   5    100       -135.02929           0.49223         -14.25671
 
  contribution from  1-th solvent component
   1      0        -64.12681           2.54120           0.01583
   1     60        -64.38740           2.54141          -0.24476
   1     80        -65.09103           2.54194          -0.94839
   1    100        -66.40481           2.54139          -2.26217
   2      0        -64.14467           2.53843          -0.00204
   3      0        -64.14264           2.53656           0.00000
   4      0        -64.12352           2.53278           0.01912
   5      0        -64.12608           2.53057           0.01656
   5     60        -64.44504           2.53090          -0.30240
   5     80        -65.22888           2.53135          -1.08625
   5    100        -66.41816           2.53093          -2.27552
 
  contribution from  2-th solvent component
   1      0        -56.55966           2.79440           0.06942
   1     60        -58.02313           2.79316          -1.39405
   1     80        -61.88654           2.79079          -5.25747
   1    100        -68.57106           2.79179         -11.94199
   2      0        -56.58759           2.79241           0.04148
   3      0        -56.62908           2.79065          -0.00000
   4      0        -56.58034           2.79336           0.04874
   5      0        -56.58047           2.79923           0.04861
   5     60        -58.35812           2.79750          -1.72904
   5     80        -62.62689           2.79580          -5.99781
   5    100        -68.61026           2.79754         -11.98119
 
 
 group  inft   Estimated free energy: total (kcal/mol)
   1      0    -117.7691    -119.8724    -119.2734    -119.6945    -119.0571
               -118.6863    -117.0384    -117.7367    -117.3192    -118.8759
               -118.5540    -119.2369    -121.5127    -122.1983    -119.9681
               -121.4647    -122.5905    -120.5080    -122.5205    -121.6806
               -120.4435    -122.4400    -121.9150    -119.4153    -120.7387
               -120.9046    -122.7102    -121.7985    -120.4803    -120.3430
               -120.8483    -122.6428    -121.6546    -121.1141    -121.8038
               -121.1597    -120.9903    -122.0262    -119.7532    -120.6318
               -120.7037    -121.0507    -120.5261    -118.8082    -121.6324
               -120.0185    -123.4691    -125.5403    -122.7378    -120.5081
   1     60    -119.4984    -121.5967    -121.0088    -121.4305    -120.7843
               -120.4141    -118.7617    -119.4660    -119.0587    -120.5985
               -120.2655    -120.9570    -123.2228    -123.9118    -121.6863
               -123.1879    -124.3207    -122.2384    -124.2567    -123.4062
               -122.1552    -124.1578    -123.6519    -121.1401    -122.4729
               -122.6398    -124.4295    -123.5143    -122.2153    -122.0642
               -122.5691    -124.3577    -123.3679    -122.8370    -123.5235
               -122.8704    -122.7082    -123.7462    -121.4681    -122.3497
               -122.4192    -122.7751    -122.2529    -120.5573    -123.3754
               -121.7465    -125.1891    -127.2596    -124.4633    -122.2208
   1     80    -124.0662    -126.1807    -125.6189    -126.0043    -125.3641
               -124.9765    -123.3429    -124.0502    -123.6530    -125.1775
               -124.8385    -125.5213    -127.7726    -128.4649    -126.2237
               -127.7407    -128.8904    -126.7935    -128.8324    -127.9587
               -126.6909    -128.7099    -128.2478    -125.6972    -127.0272
               -127.1920    -128.9774    -128.0623    -126.7730    -126.6183
               -127.1286    -128.9044    -127.9210    -127.4036    -128.0767
               -127.4249    -127.2622    -128.2929    -126.0442    -126.9216
               -126.9848    -127.3661    -126.8362    -125.1509    -127.9882
               -126.3444    -129.7641    -131.8356    -129.0280    -126.7767
   1    100    -132.0235    -134.1889    -133.6182    -133.9529    -133.3467
               -132.9630    -131.3215    -132.0223    -131.6308    -133.1311
               -132.8360    -133.5095    -135.7818    -136.4627    -134.2256
               -135.7140    -136.9125    -134.8057    -136.8667    -135.9634
               -134.6769    -136.6910    -136.3058    -133.7064    -135.0264
               -135.1947    -136.9953    -136.0684    -134.7903    -134.6092
               -135.1453    -136.9309    -135.9295    -135.4487    -136.0794
               -135.4205    -135.2532    -136.3077    -134.0340    -134.9123
               -134.9749    -135.3848    -134.7944    -133.1507    -136.0082
               -134.3594    -137.7660    -139.8350    -137.0191    -134.7418
   2      0    -117.8056    -119.9045    -119.2601    -119.6338    -119.0125
               -118.7118    -117.0433    -117.8250    -117.3239    -118.9322
               -118.5089    -119.2733    -121.5816    -122.2499    -120.0330
               -121.4868    -122.6835    -120.5932    -122.5875    -121.7321
               -120.5369    -122.4874    -121.9622    -119.4450    -120.8482
               -120.9666    -122.7640    -121.8076    -120.5051    -120.4040
               -120.8710    -122.7226    -121.6555    -121.1662    -121.8536
               -121.2290    -121.0394    -122.0755    -119.7420    -120.7006
               -120.7433    -121.1298    -120.5743    -118.8706    -121.7139
               -120.1138    -123.5498    -125.5215    -122.8586    -120.6157
   3      0    -117.8456    -119.9216    -119.2894    -119.7303    -119.0478
               -118.7515    -117.0843    -117.8788    -117.3536    -118.9447
               -118.5298    -119.3373    -121.6199    -122.3068    -120.1057
               -121.5490    -122.7476    -120.6526    -122.6334    -121.7244
               -120.5550    -122.5165    -121.9863    -119.5150    -120.8817
               -120.9720    -122.7771    -121.8492    -120.5272    -120.4653
               -120.9134    -122.7331    -121.6902    -121.1919    -121.9036
               -121.3048    -121.0825    -122.1378    -119.8161    -120.6732
               -120.7671    -121.1623    -120.6638    -118.9221    -121.7491
               -120.0831    -123.6048    -125.5433    -122.9248    -120.6625
   4      0    -117.7160    -119.8035    -119.1546    -119.5868    -118.9509
               -118.6313    -116.9623    -117.7462    -117.2495    -118.8578
               -118.3908    -119.2281    -121.6117    -122.2882    -120.0597
               -121.5194    -122.7270    -120.5876    -122.6845    -121.6431
               -120.6159    -122.4874    -121.9092    -119.4763    -120.8261
               -120.9694    -122.7534    -121.8001    -120.4841    -120.4905
               -120.8735    -122.7259    -121.5562    -121.1584    -121.8395
               -121.2707    -121.0149    -122.1240    -119.6649    -120.6570
               -120.6008    -121.0580    -120.4435    -118.8085    -121.6388
               -119.9924    -123.5293    -125.5248    -122.8855    -120.6583
   5      0    -117.7442    -119.7459    -119.0938    -119.5214    -118.8275
               -118.6045    -116.8891    -117.6815    -117.1502    -118.8056
               -118.3373    -119.2055    -121.6222    -122.3382    -120.0889
               -121.5260    -122.7664    -120.6598    -122.6951    -121.7120
               -120.5798    -122.5178    -121.9798    -119.5146    -120.8629
               -121.0235    -122.8397    -121.8044    -120.5210    -120.4782
               -120.9084    -122.7648    -121.6792    -121.2167    -121.9071
               -121.2989    -121.0702    -122.1708    -119.6898    -120.5437
               -120.5820    -120.9596    -120.4556    -118.7900    -121.5718
               -119.9620    -123.5742    -125.5299    -122.9041    -120.6547
   5     60    -119.8453    -121.8444    -121.2170    -121.6203    -120.9310
               -120.7037    -118.9876    -119.7874    -119.2711    -120.9094
               -120.4279    -121.2891    -123.7091    -124.4223    -122.1753
               -123.6186    -124.8681    -122.7624    -124.8049    -123.8015
               -122.6665    -124.6084    -124.0875    -121.6104    -122.9618
               -123.1242    -124.9302    -123.8932    -122.6201    -122.5720
               -123.0012    -124.8506    -123.7601    -123.3097    -123.9909
               -123.3814    -123.1591    -124.2608    -121.7793    -122.6412
               -122.6755    -123.0629    -122.5538    -120.9104    -123.6907
               -122.0669    -125.6698    -127.6222    -124.9960    -122.7478
   5     80    -124.9019    -126.8993    -126.2882    -126.6846    -126.0046
               -125.7679    -124.0414    -124.8471    -124.3402    -125.9624
               -125.4630    -126.3282    -128.7472    -129.4599    -127.2066
               -128.6557    -129.9305    -127.8116    -129.8717    -128.8340
               -127.7011    -129.6436    -129.1617    -126.6560    -128.0090
               -128.1732    -129.9783    -128.9294    -127.6653    -127.6191
               -128.0501    -129.8918    -128.7910    -128.3727    -129.0294
               -128.4164    -128.2039    -129.3095    -126.8207    -127.7039
               -127.7345    -128.1335    -127.6168    -126.0035    -128.7912
               -127.1364    -130.7299    -132.6754    -130.0490    -127.7895
   5    100    -132.0390    -134.0615    -133.4489    -133.8146    -133.1542
               -132.9260    -131.1889    -131.9903    -131.5176    -133.1122
               -132.6183    -133.4892    -135.9288    -136.6447    -134.3746
               -135.8069    -137.1358    -134.9844    -137.0709    -136.0190
               -134.8708    -136.8031    -136.3689    -133.8409    -135.1852
               -135.3646    -137.1605    -136.1123    -134.8568    -134.7908
               -135.2427    -137.0901    -135.9765    -135.5935    -136.2111
               -135.5880    -135.3926    -136.5009    -133.9744    -134.8622
               -134.9059    -135.3225    -134.7531    -133.1775    -135.9842
               -134.2902    -137.9098    -139.8501    -137.2239    -134.9354
 
 group  inft   Estimated free energy: 1-th solvent contribution (kcal/mol)
   1      0     -75.0135     -76.2930     -77.7729     -68.2241     -63.2652
                -66.3985     -66.9984     -71.4214     -78.3899     -75.4450
                -74.3954     -58.2127     -60.4899     -60.3990     -63.2371
                -62.0592     -70.9983     -79.6897     -78.5145     -62.8674
                -70.6062     -64.3233     -67.6108     -66.5225     -67.4999
                -62.7775     -55.8842     -56.7682     -59.2998     -52.1561
                -50.0532     -42.5978     -50.6666     -48.5146     -51.5944
                -51.4021     -55.9103     -59.7963     -62.4417     -63.5724
                -67.9976     -67.2073     -69.1307     -77.4522     -74.4583
                -70.4823     -56.3508     -58.8846     -57.2643     -57.0293
   1     60     -75.2739     -76.5532     -78.0355     -68.4865     -63.5261
                -66.6579     -67.2573     -71.6816     -78.6526     -75.7056
                -74.6534     -58.4730     -60.7506     -60.6582     -63.4972
                -62.3208     -71.2610     -79.9514     -78.7777     -63.1298
                -70.8663     -64.5852     -67.8730     -66.7829     -67.7625
                -63.0381     -56.1446     -57.0260     -59.5622     -52.4150
                -50.3149     -42.8568     -50.9255     -48.7727     -51.8545
                -51.6610     -56.1698     -60.0556     -62.7006     -63.8318
                -68.2565     -67.4668     -69.3909     -77.7168     -74.7218
                -70.7425     -56.6116     -59.1449     -57.5267     -57.2890
   1     80     -75.9767     -77.2586     -78.7467     -69.1924     -64.2319
                -67.3583     -67.9599     -72.3854     -79.3611     -76.4116
                -75.3563     -59.1773     -61.4557     -61.3591     -64.1976
                -63.0249     -71.9673     -80.6531     -79.4846     -63.8341
                -71.5675     -65.2914     -68.5798     -67.4842     -68.4653
                -63.7354     -56.8462     -57.7226     -60.2641     -53.1134
                -51.0203     -43.5562     -51.6261     -49.4702     -52.5563
                -52.3621     -56.8706     -60.7542     -63.4050     -64.5365
                -68.9597     -68.1717     -70.0964     -78.4266     -75.4335
                -71.4493     -57.3182     -59.8510     -58.2330     -57.9919
   1    100     -77.2808     -78.5681     -80.0612     -70.4980     -65.5434
                -68.6677     -69.2667     -73.6887     -80.6697     -77.7145
                -76.6622     -60.4922     -62.7741     -62.6708     -65.5145
                -64.3412     -73.2871     -81.9669     -80.8053     -65.1502
                -72.8797     -66.6067     -69.9040     -68.7986     -69.7801
                -65.0488     -58.1680     -59.0351     -61.5810     -54.4243
                -52.3421     -44.8754     -52.9417     -50.7860     -53.8735
                -53.6764     -58.1833     -62.0709     -64.7163     -65.8514
                -70.2702     -69.4876     -71.4021     -79.7399     -76.7520
                -72.7631     -58.6380     -61.1690     -59.5499     -59.3023
   2      0     -75.0222     -76.3101     -77.7440     -68.1819     -63.2416
                -66.3971     -66.9705     -71.4314     -78.3842     -75.4308
                -74.3779     -58.2068     -60.5133     -60.4314     -63.2742
                -62.0789     -71.0494     -79.7328     -78.5555     -62.9006
                -70.6302     -64.3533     -67.6617     -66.5659     -67.5442
                -62.8215     -55.9069     -56.8049     -59.3252     -52.1990
                -50.0656     -42.6479     -50.6823     -48.5633     -51.6273
                -51.4376     -55.9510     -59.8131     -62.4529     -63.5717
                -67.9936     -67.2056     -69.1280     -77.4495     -74.4482
                -70.5013     -56.3733     -58.8898     -57.3023     -57.0821
   3      0     -75.0152     -76.2839     -77.7379     -68.1663     -63.2181
                -66.3546     -66.9330     -71.4239     -78.3518     -75.3992
                -74.3591     -58.1864     -60.5130     -60.4539     -63.2992
                -62.0936     -71.0655     -79.7725     -78.5775     -62.9092
                -70.6417     -64.3584     -67.6581     -66.5878     -67.5588
                -62.8357     -55.9184     -56.8189     -59.3332     -52.2343
                -50.0772     -42.6402     -50.6929     -48.5755     -51.6231
                -51.4637     -55.9537     -59.8419     -62.4489     -63.5301
                -67.9686     -67.1743     -69.1426     -77.4251     -74.4299
                -70.4487     -56.3743     -58.8662     -57.3119     -57.0840
   4      0     -74.9597     -76.2392     -77.7016     -68.1145     -63.1838
                -66.3304     -66.9013     -71.3907     -78.3049     -75.3823
                -74.3097     -58.1731     -60.5231     -60.4524     -63.3020
                -62.0631     -71.0616     -79.7196     -78.5722     -62.8918
                -70.6407     -64.3515     -67.6406     -66.5842     -67.5550
                -62.8048     -55.9252     -56.8076     -59.3325     -52.2334
                -50.0844     -42.6540     -50.6807     -48.5709     -51.6199
                -51.4605     -55.9558     -59.8304     -62.3995     -63.5008
                -67.9214     -67.1300     -69.0675     -77.4012     -74.3991
                -70.4129     -56.3649     -58.8501     -57.3278     -57.0914
   5      0     -74.9680     -76.1938     -77.6709     -68.0976     -63.1499
                -66.3373     -66.8939     -71.3701     -78.2967     -75.3433
                -74.2961     -58.1507     -60.5245     -60.4484     -63.3018
                -62.0593     -71.0794     -79.7532     -78.5860     -62.9021
                -70.6313     -64.3643     -67.6635     -66.6055     -67.5627
                -62.8504     -55.9371     -56.7988     -59.3482     -52.2306
                -50.0929     -42.6754     -50.7118     -48.6060     -51.6492
                -51.4876     -55.9625     -59.8639     -62.4225     -63.4791
                -67.9250     -67.1133     -69.0838     -77.3882     -74.3865
                -70.4181     -56.3566     -58.8418     -57.3250     -57.0996
   5     60     -75.2867     -76.5125     -77.9941     -68.4170     -63.4699
                -66.6550     -67.2115     -71.6891     -78.6196     -75.6635
                -74.6135     -58.4679     -60.8443     -60.7655     -63.6200
                -62.3787     -71.4006     -80.0734     -78.9079     -63.2219
                -70.9500     -64.6845     -67.9839     -66.9244     -67.8826
                -63.1681     -56.2555     -57.1146     -59.6678     -52.5480
                -50.4128     -42.9923     -51.0280     -48.9215     -51.9660
                -51.8046     -56.2800     -60.1806     -62.7405     -63.7977
                -68.2430     -67.4318     -69.4026     -77.7114     -74.7093
                -70.7375     -56.6761     -59.1602     -57.6451     -57.4188
   5     80     -76.0695     -77.2958     -78.7826     -69.2029     -64.2570
                -67.4375     -67.9923     -72.4714     -79.4074     -76.4477
                -75.3930     -59.2502     -61.6301     -61.5464     -64.4021
                -63.1627     -72.1884     -80.8573     -79.6960     -64.0064
                -71.7332     -65.4702     -68.7707     -67.7072     -68.6666
                -63.9474     -57.0393     -57.8917     -60.4509     -53.3285
                -51.1985     -43.7731     -51.8073     -49.7002     -52.7474
                -52.5857     -57.0620     -60.9610     -63.5228     -64.5827
                -69.0272     -68.2160     -70.1877     -78.5034     -75.5021
                -71.5225     -57.4628     -59.9447     -58.4323     -58.2023
   5    100     -77.2505     -78.4798     -79.9718     -70.3851     -65.4437
                -68.6233     -69.1764     -73.6517     -80.5960     -77.6297
                -76.5747     -60.4395     -62.8211     -62.7354     -65.5922
                -64.3531     -73.3841     -82.0456     -80.8901     -65.1977
                -72.9204     -66.6593     -69.9664     -68.8986     -69.8558
                -65.1373     -58.2332     -59.0804     -61.6437     -54.5176
                -52.3932     -44.9664     -52.9975     -50.8910     -53.9388
                -53.7751     -58.2535     -62.1512     -64.7097     -65.7718
                -70.2160     -69.4079     -71.3712     -79.6934     -76.6981
                -72.7093     -58.6582     -61.1364     -59.6259     -59.3892
 
 group  inft   Estimated free energy: 2-th solvent contribution (kcal/mol)
   1      0     -42.7548     -43.5785     -41.4996     -51.4695     -55.7910
                -52.2870     -50.0391     -46.3145     -38.9285     -43.4300
                -44.1578     -61.0234     -61.0220     -61.7984     -56.7302
                -59.4046     -51.5914     -40.8175     -44.0052     -58.8123
                -49.8365     -58.1159     -54.3034     -52.8920     -53.2380
                -58.1262     -66.8251     -65.0295     -61.1796     -68.1860
                -70.7943     -80.0442     -70.9871     -72.5986     -70.2086
                -69.7567     -65.0791     -62.2290     -57.3107     -57.0585
                -52.7052     -53.8425     -51.3946     -41.3552     -47.1733
                -49.5353     -67.1174     -66.6549     -65.4727     -63.4779
   1     60     -44.2237     -45.0426     -42.9724     -52.9432     -57.2574
                -53.7553     -51.5035     -47.7835     -40.4052     -44.8920
                -45.6113     -62.4831     -62.4714     -63.2527     -58.1882
                -60.8662     -53.0589     -42.2861     -45.4781     -60.2755
                -51.2881     -59.5718     -55.7781     -54.3563     -54.7095
                -59.6008     -68.2840     -66.4874     -62.6523     -69.6483
                -72.2534     -81.5001     -72.4416     -74.0634     -71.6681
                -71.2086     -66.5375     -63.6897     -58.7667     -58.5171
                -54.1619     -55.3075     -52.8612     -42.8396     -48.6527
                -51.0031     -68.5766     -68.1138     -66.9358     -64.9310
   1     80     -48.0886     -48.9212     -46.8713     -56.8111     -61.1313
                -57.6173     -55.3821     -51.6639     -44.2911     -48.7650
                -49.4813     -66.3432     -66.3160     -67.1048     -62.0253
                -64.7149     -56.9222     -46.1396     -49.3469     -64.1237
                -55.1226     -63.4176     -59.6671     -58.2121     -58.5610
                -63.4557     -72.1303     -70.3388     -66.5081     -73.5040
                -76.1075     -85.3474     -76.2940     -77.9324     -75.5196
                -75.0620     -70.3907     -67.5378     -62.6383     -62.3843
                -58.0242     -59.1935     -56.7389     -46.7234     -52.5538
                -54.8942     -72.4451     -71.9838     -70.7941     -68.7839
   1    100     -54.7419     -55.6200     -53.5561     -63.4540     -67.8024
                -64.2945     -62.0539     -58.3327     -50.9602     -55.4157
                -56.1730     -73.0164     -73.0069     -73.7910     -68.7102
                -71.3719     -63.6245     -52.8380     -56.0606     -70.8122
                -61.7963     -70.0835     -66.4010     -64.9069     -65.2454
                -70.1450     -78.8265     -77.0324     -73.2084     -80.1840
                -82.8024     -92.0547     -82.9869     -84.6619     -82.2051
                -81.7433     -77.0690     -74.2359     -69.3168     -69.0601
                -64.7038     -65.8963     -63.3915     -53.4099     -59.2554
                -61.5954     -79.1271     -78.6651     -77.4683     -75.4387
   2      0     -42.7825     -43.5936     -41.5153     -51.4510     -55.7701
                -52.3138     -50.0719     -46.3928     -38.9388     -43.5006
                -44.1301     -61.0657     -61.0674     -61.8177     -56.7579
                -59.4070     -51.6332     -40.8595     -44.0311     -58.8305
                -49.9059     -58.1332     -54.2996     -52.8782     -53.3032
                -58.1443     -66.8562     -65.0018     -61.1790     -68.2041
                -70.8045     -80.0739     -70.9724     -72.6020     -70.2255
                -69.7906     -65.0876     -62.2615     -57.2882     -57.1281
                -52.7489     -53.9233     -51.4455     -41.4203     -47.2649
                -49.6116     -67.1757     -66.6309     -65.5554     -63.5327
   3      0     -42.8295     -43.6368     -41.5507     -51.5631     -55.8288
                -52.3961     -50.1504     -46.4541     -39.0009     -43.5447
                -44.1698     -61.1500     -61.1061     -61.8520     -56.8057
                -59.4545     -51.6813     -40.8792     -44.0550     -58.8143
                -49.9125     -58.1573     -54.3274     -52.9264     -53.3220
                -58.1355     -66.8578     -65.0294     -61.1931     -68.2302
                -70.8353     -80.0921     -70.9965     -72.6156     -70.2797
                -69.8402     -65.1279     -62.2950     -57.3663     -57.1422
                -52.7976     -53.9871     -51.5203     -41.4961     -47.3183
                -49.6335     -67.2296     -66.6762     -65.6121     -63.5777
   4      0     -42.7555     -43.5635     -41.4522     -51.4714     -55.7662
                -52.3001     -50.0602     -46.3546     -38.9437     -43.4746
                -44.0803     -61.0542     -61.0878     -61.8349     -56.7569
                -59.4554     -51.6645     -40.8671     -44.1114     -58.7504
                -49.9743     -58.1350     -54.2677     -52.8912     -53.2702
                -58.1637     -66.8273     -64.9916     -61.1507     -68.2563
                -70.7883     -80.0710     -70.8746     -72.5866     -70.2188
                -69.8093     -65.0583     -62.2927     -57.2645     -57.1553
                -52.6785     -53.9272     -51.3751     -41.4064     -47.2389
                -49.5787     -67.1635     -66.6739     -65.5568     -63.5660
   5      0     -42.7753     -43.5512     -41.4220     -51.4229     -55.6768
                -52.2663     -49.9944     -46.3106     -38.8525     -43.4613
                -44.0403     -61.0539     -61.0969     -61.8889     -56.7862
                -59.4659     -51.6861     -40.9057     -44.1083     -58.8091
                -49.9477     -58.1527     -54.3155     -52.9083     -53.2994
                -58.1723     -66.9018     -65.0047     -61.1720     -68.2467
                -70.8146     -80.0885     -70.9666     -72.6098     -70.2571
                -69.8104     -65.1068     -62.3060     -57.2664     -57.0637
                -52.6562     -53.8455     -51.3710     -41.4010     -47.1844
                -49.5430     -67.2168     -66.6872     -65.5782     -63.5542
   5     60     -44.5578     -45.3311     -43.2221     -53.2024     -57.4602
                -54.0478     -51.7752     -48.0974     -40.6506     -45.2451
                -45.8135     -62.8203     -62.8640     -63.6560     -58.5545
                -61.2390     -53.4667     -42.6881     -45.8962     -60.5787
                -51.7156     -59.9230     -56.1027     -54.6851     -55.0783
                -59.9553     -68.6738     -66.7778     -62.9514     -70.0231
                -72.5875     -81.8575     -72.7313     -74.3874     -72.0239
                -71.5759     -66.8782     -64.0794     -59.0379     -58.8427
                -54.4316     -55.6302     -53.1503     -43.1982     -48.9805
                -51.3285     -68.9928     -68.4612     -67.3500     -65.3282
   5     80     -48.8315     -49.6027     -47.5047     -57.4808     -61.7467
                -58.3295     -56.0482     -52.3748     -44.9320     -49.5139
                -50.0692     -67.0772     -67.1162     -67.9126     -62.8037
                -65.4921     -57.7412     -46.9534     -50.1748     -64.8267
                -55.9670     -64.1726     -60.3901     -58.9479     -59.3415
                -64.2250     -72.9381     -71.0368     -67.2136     -74.2897
                -76.8507     -86.1179     -76.9828     -78.6716     -76.2811
                -75.8298     -71.1411     -68.3476     -63.2970     -63.1204
                -58.7064     -59.9167     -57.4283     -47.4992     -53.2883
                -55.6130     -73.2662     -72.7299     -71.6158     -69.5863
   5    100     -54.7876     -55.5809     -53.4762     -63.4287     -67.7097
                -64.3019     -62.0116     -58.3376     -50.9207     -55.4817
                -56.0427     -73.0488     -73.1069     -73.9085     -68.7815
                -71.4529     -63.7509     -52.9380     -56.1799     -70.8204
                -61.9496     -70.1430     -66.4017     -64.9414     -65.3286
                -70.2265     -78.9264     -77.0310     -73.2123     -80.2723
                -82.8487     -92.1228     -82.9782     -84.7017     -82.2714
                -81.8120     -77.1382     -74.3489     -69.2638     -69.0896
                -64.6891     -65.9137     -63.3810     -53.4833     -59.2853
                -61.5800     -79.2507     -78.7128     -77.5972     -75.5453
 
 
 cumulative average & 95% error for solvation free energy
              total             1st component         2nd component
  1  -117.8456              -75.0152              -42.8295
  2  -118.8836     2.0760   -75.6495     1.2687   -43.2332     0.8073
  3  -119.0189     1.2287   -76.3456     1.5731   -42.6724     1.2146
  4  -119.1967     0.9388   -74.3008     4.2383   -44.8951     4.5276
  5  -119.1669     0.7297   -72.0843     5.5163   -47.0818     5.6060
  6  -119.0977     0.6117   -71.1293     4.8923   -47.9675     4.9081
  7  -118.8101     0.7734   -70.5298     4.3050   -48.2794     4.1947
  8  -118.6937     0.7091   -70.6416     3.7350   -48.0512     3.6613
  9  -118.5448     0.6926   -71.4983     3.7129   -47.0456     3.8041
 10  -118.5848     0.6247   -71.8884     3.4113   -46.6955     3.4738
 11  -118.5798     0.5651   -72.1130     3.1182   -46.4659     3.1755
 12  -118.6429     0.5311   -70.9524     3.6729   -47.6896     3.7938
 13  -118.8719     0.6697   -70.1494     3.7409   -48.7216     4.0545
 14  -119.1172     0.7907   -69.4569     3.7301   -49.6595     4.1963
 15  -119.1831     0.7478   -69.0464     3.5682   -50.1359     4.0211
 16  -119.3310     0.7594   -68.6118     3.4491   -50.7183     3.9376
 17  -119.5320     0.8188   -68.7561     3.2527   -50.7750     3.7005
 18  -119.5942     0.7820   -69.3682     3.3019   -50.2252     3.6580
 19  -119.7542     0.8059   -69.8529     3.2703   -49.9005     3.5205
 20  -119.8527     0.7895   -69.5057     3.1792   -50.3462     3.4568
 21  -119.8861     0.7539   -69.5598     3.0260   -50.3255     3.2883
 22  -120.0057     0.7576   -69.3234     2.9236   -50.6815     3.2151
 23  -120.0918     0.7441   -69.2510     2.7974   -50.8400     3.0885
 24  -120.0678     0.7140   -69.1400     2.6875   -50.9269     2.9621
 25  -120.1003     0.6880   -69.0767     2.5808   -51.0227     2.8476
 26  -120.1339     0.6644   -68.8367     2.5256   -51.2963     2.7900
 27  -120.2318     0.6686   -68.3582     2.6119   -51.8727     2.9217
 28  -120.2895     0.6546   -67.9461     2.6484   -52.3425     2.9681
 29  -120.2977     0.6318   -67.6491     2.6236   -52.6477     2.9283
 30  -120.3033     0.6105   -67.1353     2.7350   -53.1672     3.0137
 31  -120.3230     0.5918   -66.5850     2.8651   -53.7371     3.1298
 32  -120.3983     0.5924   -65.8368     3.1521   -54.5607     3.4492
 33  -120.4375     0.5795   -65.3779     3.1899   -55.0587     3.4883
 34  -120.4596     0.5640   -64.8837     3.2487   -55.5751     3.5382
 35  -120.5009     0.5538   -64.5048     3.2443   -55.9952     3.5369
 36  -120.5232     0.5400   -64.1425     3.2350   -56.3798     3.5222
 37  -120.5383     0.5261   -63.9212     3.1774   -56.6163     3.4582
 38  -120.5804     0.5190   -63.8139     3.1001   -56.7657     3.3792
 39  -120.5608     0.5070   -63.7789     3.0203   -56.7811     3.2916
 40  -120.5636     0.4942   -63.7727     2.9439   -56.7901     3.2083
 41  -120.5686     0.4821   -63.8750     2.8785   -56.6928     3.1351
 42  -120.5827     0.4713   -63.9535     2.8135   -56.6283     3.0622
 43  -120.5846     0.4602   -64.0742     2.7579   -56.5095     2.9996
 44  -120.5468     0.4560   -64.3777     2.7619   -56.1683     3.0090
 45  -120.5736     0.4489   -64.6010     2.7366   -55.9717     2.9676
 46  -120.5629     0.4396   -64.7282     2.6885   -55.8339     2.9154
 47  -120.6276     0.4492   -64.5504     2.6546   -56.0763     2.8936
 48  -120.7300     0.4851   -64.4320     2.6094   -56.2972     2.8669
 49  -120.7748     0.4834   -64.2867     2.5721   -56.4873     2.8334
 50  -120.7726     0.4737   -64.1426     2.5366   -56.6291     2.7906
 
 Mesh error is    0.085 kcal/mol
