 ERmod 0.3.8, Copyright (C) 2000-2019 Nobuyuki Matubayasi
                            2010-2019 Shun Sakuraba
 ERmod comes with ABSOLUTELY NO WARRANTY.
 This is free software, and you can redistribute it
 and/or modify it under certain conditions.
 See LICENSE file for details.
 
  Number of the   1-th solvent  =        10000
 
  Be sure that the solvent distribution is homogeneous (radial distribution function is essentially unity) when the solvent molecule is separated beyond distance of   10.0 Angstrom in any direction from any atom within the solute molecule
 
  LJ long-range correction    =        -7.8240
 
  Self-energy of the solute   =         0.0022  kcal/mol
 
 
 cumulative average & 95% error for solvation energy
  1  -461.6905
  2  -462.8623     2.3436
  3  -462.5777     1.4679
  4  -462.3696     1.1183
  5  -462.0443     1.0834
  6  -461.7888     1.0216
  7  -461.5436     0.9929
  8  -461.5053     0.8633
  9  -461.3906     0.7952
 10  -461.1657     0.8415
 11  -461.2350     0.7737
 12  -461.2142     0.7075
 13  -461.2264     0.6512
 14  -461.2319     0.6030
 15  -461.2591     0.5640
 16  -461.3323     0.5475
 17  -461.3174     0.5152
 18  -461.3340     0.4868
 19  -461.3203     0.4613
 20  -461.2385     0.4672
 21  -461.1253     0.4987
 22  -461.1140     0.4761
 23  -461.1541     0.4619
 24  -461.1794     0.4451
 25  -461.1699     0.4274
 26  -461.1440     0.4139
 27  -461.1154     0.4023
 28  -461.0855     0.3923
 29  -461.0510     0.3847
 30  -461.0469     0.3718
 31  -461.0895     0.3696
 32  -461.0846     0.3580
 33  -461.0327     0.3621
 34  -461.0748     0.3613
 35  -461.1160     0.3603
 36  -461.1399     0.3534
 37  -461.1423     0.3437
 38  -461.1831     0.3444
 39  -461.2068     0.3388
 40  -461.1743     0.3365
 41  -461.1297     0.3401
 42  -461.1281     0.3319
 43  -461.1312     0.3242
 44  -461.1272     0.3168
 45  -461.1454     0.3118
 46  -461.1719     0.3095
 47  -461.1961     0.3067
 48  -461.2048     0.3008
 49  -461.1926     0.2956
 50  -461.2168     0.2936
 
 
 group  inft  solvation free energy     error          difference
   1      0        -86.09560           0.15337           0.06012
   1     60        -86.20586           0.15337          -0.05014
   1     80        -87.60896           0.15342          -1.45324
   1    100        -94.15200           0.15409          -7.99628
   2      0        -86.12995           0.15355           0.02577
   3      0        -86.15572           0.15250           0.00000
   4      0        -86.10212           0.15386           0.05360
   5      0        -86.19575           0.15116          -0.04003
   5     60        -86.35227           0.15115          -0.19655
   5     80        -88.18278           0.15121          -2.02706
   5    100        -94.27029           0.15173          -8.11457
 
 
 group  inft   Estimated free energy (kcal/mol)
   1      0     -86.7035     -87.2864     -86.6502     -86.4847     -86.0438
                -85.9030     -85.6034     -86.3328     -85.7758     -84.9649
                -86.3862     -85.9133     -86.3103     -86.0942     -86.1311
                -86.8408     -86.0212     -86.4042     -85.9272     -85.0877
                -85.2595     -85.8493     -86.6794     -86.3913     -86.3471
                -85.9079     -85.4931     -85.7284     -85.4477     -86.0727
                -86.7738     -85.8505     -85.0315     -86.4977     -86.6102
                -86.2809     -85.9265     -86.8832     -86.4153     -84.9332
                -85.1749     -85.8604     -86.1728     -86.1374     -86.5060
                -86.3922     -86.6843     -86.4191     -85.5761     -86.6129
   1     60     -86.8137     -87.3968     -86.7603     -86.5945     -86.1544
                -86.0132     -85.7139     -86.4426     -85.8857     -85.0749
                -86.4963     -86.0240     -86.4202     -86.2041     -86.2419
                -86.9515     -86.1313     -86.5150     -86.0376     -85.1980
                -85.3698     -85.9599     -86.7892     -86.5015     -86.4574
                -86.0179     -85.6032     -85.8386     -85.5579     -86.1830
                -86.8846     -85.9611     -85.1421     -86.6080     -86.7203
                -86.3915     -86.0372     -86.9929     -86.5261     -85.0435
                -85.2847     -85.9707     -86.2827     -86.2478     -86.6167
                -86.5026     -86.7944     -86.5291     -85.6862     -86.7232
   1     80     -88.2135     -88.8011     -88.1612     -87.9963     -87.5596
                -87.4113     -87.1191     -87.8412     -87.2863     -86.4759
                -87.8992     -87.4289     -87.8252     -87.6080     -87.6469
                -88.3559     -87.5345     -87.9183     -87.4440     -86.6006
                -86.7711     -87.3603     -88.1911     -87.9030     -87.8586
                -87.4210     -87.0061     -87.2419     -86.9610     -87.5865
                -88.2865     -87.3649     -86.5459     -88.0092     -88.1227
                -87.7985     -87.4439     -88.3936     -87.9340     -86.4449
                -86.6852     -87.3758     -87.6816     -87.6487     -88.0258
                -87.9098     -88.1982     -87.9332     -87.0921     -88.1260
   1    100     -94.7623     -95.3530     -94.6968     -94.5393     -94.1092
                -93.9322     -93.6604     -94.3722     -93.8194     -93.0118
                -94.4461     -93.9728     -94.3743     -94.1558     -94.1923
                -94.8948     -94.0709     -94.4671     -93.9980     -93.1463
                -93.3146     -93.8993     -94.7338     -94.4397     -94.3910
                -93.9650     -93.5546     -93.7827     -93.5038     -94.1258
                -94.8244     -93.9077     -93.0772     -94.5451     -94.6754
                -94.3553     -93.9917     -94.9305     -94.4927     -92.9743
                -93.2182     -93.9150     -94.2142     -94.1934     -94.5978
                -94.4664     -94.7512     -94.4773     -93.6494     -94.6573
   2      0     -86.6971     -87.3357     -86.7081     -86.4816     -86.0767
                -85.9517     -85.6142     -86.3841     -85.8186     -84.9992
                -86.4011     -85.9443     -86.3593     -86.1687     -86.1724
                -86.8756     -86.0832     -86.4241     -85.9632     -85.0974
                -85.2982     -85.8807     -86.7063     -86.4187     -86.3672
                -85.9468     -85.5396     -85.7413     -85.4978     -86.0729
                -86.8079     -85.9178     -85.0572     -86.5379     -86.6166
                -86.3049     -85.9625     -86.9330     -86.4688     -84.9524
                -85.2307     -85.9135     -86.1885     -86.1764     -86.5461
                -86.4027     -86.7525     -86.4461     -85.6071     -86.6493
   3      0     -86.7059     -87.3504     -86.6682     -86.5267     -86.0909
                -86.0204     -85.6534     -86.4198     -85.8818     -85.0294
                -86.4202     -85.9900     -86.3407     -86.2010     -86.1309
                -86.9186     -86.1231     -86.4670     -85.9889     -85.1693
                -85.3004     -85.9227     -86.7394     -86.4621     -86.3685
                -85.9527     -85.5677     -85.7666     -85.5016     -86.1422
                -86.8322     -85.9410     -85.0710     -86.5691     -86.6592
                -86.3285     -85.9532     -86.9165     -86.4840     -85.0017
                -85.2335     -85.9449     -86.2044     -86.2358     -86.5470
                -86.4305     -86.7872     -86.4832     -85.6483     -86.6943
   4      0     -86.6476     -87.3127     -86.6393     -86.4524     -86.0458
                -85.9317     -85.5940     -86.3611     -85.8188     -84.9995
                -86.3403     -85.9117     -86.3199     -86.1418     -86.1350
                -86.8851     -86.0574     -86.4124     -85.9467     -85.0997
                -85.2448     -85.8420     -86.6737     -86.4112     -86.3388
                -85.8808     -85.5562     -85.6825     -85.4885     -86.0476
                -86.7807     -85.8926     -85.0222     -86.5369     -86.5955
                -86.2881     -85.9396     -86.9070     -86.4216     -84.8858
                -85.1808     -85.8483     -86.1476     -86.1345     -86.5444
                -86.3512     -86.7580     -86.3956     -85.6182     -86.6384
   5      0     -86.7327     -87.4068     -86.7340     -86.5576     -86.1270
                -86.0491     -85.7229     -86.4780     -85.9181     -85.1208
                -86.4316     -86.0281     -86.3862     -86.2490     -86.1531
                -86.9419     -86.1403     -86.4679     -86.0368     -85.2242
                -85.3332     -85.9271     -86.7465     -86.5060     -86.4406
                -85.9665     -85.6045     -85.8132     -85.5527     -86.1903
                -86.8633     -86.0192     -85.1450     -86.6103     -86.6653
                -86.3761     -86.0097     -86.9758     -86.5092     -85.0523
                -85.2703     -86.0129     -86.2247     -86.2075     -86.6126
                -86.4615     -86.8114     -86.5294     -85.6699     -86.7747
   5     60     -86.8894     -87.5635     -86.8903     -86.7136     -86.2835
                -86.2051     -85.8794     -86.6341     -86.0743     -85.2769
                -86.5880     -86.1844     -86.5424     -86.4053     -86.3098
                -87.0985     -86.2971     -86.6245     -86.1936     -85.3811
                -85.4897     -86.0833     -86.9029     -86.6620     -86.5970
                -86.1228     -85.7607     -85.9698     -85.7096     -86.3465
                -87.0198     -86.1760     -85.3016     -86.7663     -86.8219
                -86.5333     -86.1666     -87.1318     -86.6661     -85.2091
                -85.4265     -86.1696     -86.3811     -86.3641     -86.7697
                -86.6183     -86.9681     -86.6861     -85.8267     -86.9310
   5     80     -88.7189     -89.3969     -88.7177     -88.5436     -88.1149
                -88.0285     -87.7099     -88.4593     -87.9023     -87.1059
                -88.4189     -88.0165     -88.3748     -88.2388     -88.1406
                -88.9284     -88.1272     -88.4558     -88.0277     -87.2130
                -87.3193     -87.9130     -88.7326     -88.4906     -88.4228
                -87.9514     -87.5926     -87.8001     -87.5391     -88.1752
                -88.8484     -88.0078     -87.1304     -88.5962     -88.6539
                -88.3687     -88.0013     -88.9595     -88.5007     -87.0391
                -87.2536     -88.0015     -88.2077     -88.1936     -88.6074
                -88.4534     -88.8011     -88.5177     -87.6625     -88.7583
   5    100     -94.8091     -95.4933     -94.7992     -94.6335     -94.2063
                -94.0991     -93.7963     -94.5350     -93.9808     -93.1869
                -94.5044     -94.1066     -94.4681     -94.3332     -94.2259
                -95.0148     -94.2116     -94.5506     -94.1252     -93.3012
                -93.4094     -93.9963     -94.8200     -94.5739     -94.5028
                -94.0358     -93.6848     -93.8855     -93.6251     -94.2568
                -94.9297     -94.0961     -93.2117     -94.6773     -94.7489
                -94.4655     -94.0939     -95.0378     -94.5999     -93.1160
                -93.3301     -94.0869     -94.2835     -94.2839     -94.7223
                -94.5518     -94.8978     -94.6095     -93.7638     -94.8367
 
 
 cumulative average & 95% error for solvation free energy
  1   -86.7059
  2   -87.0281     0.6445
  3   -86.9082     0.4428
  4   -86.8128     0.3666
  5   -86.6684     0.4050
  6   -86.5604     0.3950
  7   -86.4308     0.4226
  8   -86.4295     0.3660
  9   -86.3686     0.3450
 10   -86.2347     0.4086
 11   -86.2516     0.3711
 12   -86.2298     0.3416
 13   -86.2383     0.3147
 14   -86.2356     0.2914
 15   -86.2287     0.2716
 16   -86.2718     0.2683
 17   -86.2630     0.2526
 18   -86.2744     0.2393
 19   -86.2593     0.2283
 20   -86.2048     0.2425
 21   -86.1618     0.2462
 22   -86.1509     0.2357
 23   -86.1765     0.2310
 24   -86.1884     0.2224
 25   -86.1956     0.2138
 26   -86.1863     0.2063
 27   -86.1633     0.2037
 28   -86.1492     0.1984
 29   -86.1268     0.1965
 30   -86.1274     0.1899
 31   -86.1501     0.1892
 32   -86.1436     0.1837
 33   -86.1111     0.1895
 34   -86.1245     0.1858
 35   -86.1398     0.1830
 36   -86.1450     0.1781
 37   -86.1399     0.1736
 38   -86.1603     0.1738
 39   -86.1686     0.1701
 40   -86.1394     0.1758
 41   -86.1173     0.1770
 42   -86.1132     0.1730
 43   -86.1153     0.1689
 44   -86.1181     0.1651
 45   -86.1276     0.1626
 46   -86.1342     0.1595
 47   -86.1481     0.1586
 48   -86.1551     0.1558
 49   -86.1447     0.1540
 50   -86.1557     0.1525
 
 Mesh error is    0.060 kcal/mol
