 ERmod 0.3.8, Copyright (C) 2000-2019 Nobuyuki Matubayasi
                            2010-2019 Shun Sakuraba
 ERmod comes with ABSOLUTELY NO WARRANTY.
 This is free software, and you can redistribute it
 and/or modify it under certain conditions.
 See LICENSE file for details.
 ERmod 0.3.8, Copyright (C) 2000-2019 Nobuyuki Matubayasi
                            2010-2019 Shun Sakuraba
 ERmod comes with ABSOLUTELY NO WARRANTY.
 This is free software, and you can redistribute it
 and/or modify it under certain conditions.
 See LICENSE file for details.
 
  Number of the   1-th solvent  =         1472
  Number of the   2-th solvent  =        10000
 
  Be sure that the solvent distribution is homogeneous (radial distribution function is essentially unity) when the solvent molecule is separated beyond distance of   10.0 Angstrom in any direction from any atom within the solute molecule
 
  LJ long-range correction    =        -3.5283     -5.7260
 
  Self-energy of the solute   =         0.0028  kcal/mol
 
 
 cumulative average & 95% error for solvation energy
              total             1st component         2nd component
  1  -497.1427             -170.9605             -326.1850
  2  -497.1961     0.1068  -176.6881    11.4553  -320.5108    11.3485
  3  -496.6683     1.0573  -177.3155     6.7317  -319.3556     6.9474
  4  -496.2692     1.0937  -184.5789    15.2868  -311.6931    16.0933
  5  -496.6222     1.1028  -183.1769    12.1686  -313.4481    12.9505
  6  -496.9065     1.0649  -185.6542    11.1025  -311.2550    11.4477
  7  -497.4117     1.3531  -186.2060     9.4480  -311.2084     9.6755
  8  -496.6031     1.9971  -189.0073     9.9165  -307.5986    11.0606
  9  -496.4108     1.8028  -190.4096     9.1843  -306.0040    10.2626
 10  -496.1926     1.6705  -191.4354     8.4669  -304.7599     9.5104
 11  -496.4198     1.5779  -194.8574    10.2711  -301.5652    10.7158
 12  -496.4250     1.4405  -192.5447    10.4549  -303.8831    10.8249
 13  -496.5758     1.3589  -190.8407    10.2031  -305.7378    10.6260
 14  -496.6356     1.2638  -190.7035     9.4502  -305.9348     9.8456
 15  -496.7717     1.2076  -190.1531     8.8663  -306.6214     9.2681
 16  -496.9010     1.1588  -187.8842     9.4539  -309.0196     9.9078
 17  -496.8951     1.0886  -186.0777     9.5872  -310.8201     9.9792
 18  -496.9097     1.0268  -186.5340     9.0849  -310.3785     9.4498
 19  -496.9154     0.9713  -186.7587     8.6052  -310.1595     8.9494
 20  -497.0319     0.9504  -185.5443     8.5173  -311.4904     8.8976
 21  -497.1692     0.9448  -184.3083     8.4703  -312.8637     8.8978
 22  -497.1556     0.9013  -184.4024     8.0783  -312.7559     8.4865
 23  -497.1891     0.8638  -185.0584     7.8298  -312.1335     8.2041
 24  -497.2019     0.8274  -184.6803     7.5345  -312.5243     7.8937
 25  -497.1828     0.7946  -184.4464     7.2419  -312.7392     7.5835
 26  -497.2717     0.7838  -184.5330     6.9600  -312.7414     7.2860
 27  -497.1214     0.8119  -185.4606     6.9495  -311.6636     7.3349
 28  -496.9360     0.8658  -186.8905     7.2818  -310.0482     7.7714
 29  -496.8980     0.8388  -187.5661     7.1549  -309.3347     7.6332
 30  -496.9305     0.8130  -187.0788     6.9807  -309.8544     7.4473
 31  -496.9360     0.7864  -186.9947     6.7538  -309.9441     7.2053
 32  -496.9070     0.7637  -186.7446     6.5584  -310.1652     6.9905
 33  -496.9826     0.7554  -186.9355     6.3681  -310.0499     6.7793
 34  -497.0474     0.7443  -187.0268     6.1806  -310.0233     6.5771
 35  -497.0359     0.7230  -187.2299     6.0152  -309.8088     6.4008
 36  -496.9696     0.7150  -187.2779     5.8465  -309.6946     6.2246
 37  -497.0126     0.7008  -187.7081     5.7510  -309.3073     6.1034
 38  -497.1009     0.7045  -188.3288     5.7336  -308.7749     6.0353
 39  -497.1347     0.6896  -188.4892     5.5939  -308.6483     5.8840
 40  -497.2231     0.6950  -188.0367     5.5268  -309.1892     5.8361
 41  -497.2783     0.6867  -188.0334     5.3903  -309.2477     5.6932
 42  -497.3811     0.7010  -188.0663     5.2608  -309.3175     5.5577
 43  -497.4364     0.6934  -187.9958     5.1390  -309.4434     5.4328
 44  -497.5723     0.7299  -188.0672     5.0229  -309.5079     5.3094
 45  -497.6972     0.7560  -188.0163     4.9110  -309.6836     5.2020
 46  -497.8036     0.7694  -187.9900     4.8034  -309.8164     5.0946
 47  -497.8781     0.7675  -187.5500     4.7817  -310.3309     5.0901
 48  -497.9149     0.7549  -187.2373     4.7226  -310.6804     5.0317
 49  -497.9561     0.7439  -187.3467     4.6304  -310.6122     4.9299
 50  -498.0344     0.7455  -186.4418     4.8846  -311.5954     5.2152
 
 
 group  inft  solvation free energy     error          difference
  total solvation free energy
   1      0       -128.63419           0.31566           0.06909
   1     60       -130.60968           0.31470          -1.90640
   1     80       -135.70196           0.31340          -6.99868
   1    100       -144.16080           0.31488         -15.45752
   2      0       -128.69050           0.31863           0.01278
   3      0       -128.70328           0.31464           0.00000
   4      0       -128.69475           0.31809           0.00853
   5      0       -128.76054           0.31615          -0.05726
   5     60       -131.15394           0.31528          -2.45066
   5     80       -136.74044           0.31416          -8.03716
   5    100       -144.32923           0.31555         -15.62595
 
  contribution from  1-th solvent component
   1      0        -68.82159           2.01212           0.04657
   1     60        -69.13013           2.01235          -0.26196
   1     80        -69.93157           2.01271          -1.06340
   1    100        -71.35410           2.01273          -2.48594
   2      0        -68.84783           2.01194           0.02033
   3      0        -68.86816           2.01284           0.00000
   4      0        -68.86268           2.01263           0.00549
   5      0        -68.87817           2.01257          -0.01001
   5     60        -69.25265           2.01283          -0.38449
   5     80        -70.13899           2.01310          -1.27082
   5    100        -71.42372           2.01304          -2.55556
 
  contribution from  2-th solvent component
   1      0        -59.81538           2.17578           0.02252
   1     60        -61.48234           2.17431          -1.64444
   1     80        -65.77318           2.17178          -5.93528
   1    100        -72.80949           2.17087         -12.97159
   2      0        -59.84545           2.17504          -0.00755
   3      0        -59.83790           2.17472           0.00000
   4      0        -59.83486           2.17442           0.00304
   5      0        -59.88516           2.17371          -0.04725
   5     60        -61.90407           2.17192          -2.06617
   5     80        -66.60424           2.16950          -6.76634
   5    100        -72.90830           2.16865         -13.07039
 
 
 group  inft   Estimated free energy: total (kcal/mol)
   1      0    -129.1054    -129.0650    -127.8754    -126.7568    -128.7362
               -129.0327    -130.1870    -125.5703    -127.0396    -126.9157
               -128.9716    -128.2168    -128.8691    -128.4518    -128.6397
               -128.4650    -128.7505    -128.2366    -128.0626    -129.3445
               -129.4266    -128.0214    -128.2355    -128.6043    -128.4791
               -129.6374    -126.7692    -125.8539    -127.9466    -129.0862
               -128.3360    -127.8929    -129.4508    -128.9245    -127.7711
               -127.0346    -128.7487    -129.1236    -128.6741    -129.4965
               -128.6789    -129.9200    -129.0858    -129.7594    -130.6948
               -130.4789    -130.0920    -129.2720    -129.2353    -130.6868
   1     60    -131.0632    -131.0381    -129.8444    -128.7451    -130.7122
               -131.0073    -132.1655    -127.5647    -129.0209    -128.8959
               -130.9481    -130.1855    -130.8425    -130.4254    -130.6194
               -130.4344    -130.7166    -130.2105    -130.0304    -131.3193
               -131.3935    -129.9964    -130.2164    -130.5641    -130.4395
               -131.6028    -128.7541    -127.8562    -129.9374    -131.0498
               -130.3118    -129.8628    -131.4264    -130.8897    -129.7463
               -129.0026    -130.7331    -131.1123    -130.6485    -131.4674
               -130.6610    -131.8978    -131.0662    -131.7424    -132.6736
               -132.4576    -132.0642    -131.2491    -131.2160    -132.6554
   1     80    -136.1277    -136.1434    -134.9290    -133.8575    -135.8122
               -136.0996    -137.2656    -132.6816    -134.1224    -133.9969
               -136.0364    -135.2663    -135.9304    -135.5126    -135.7054
               -135.5032    -135.7944    -135.3150    -135.1284    -136.4158
               -136.4620    -135.0925    -135.3137    -135.6238    -135.5042
               -136.6976    -133.8493    -132.9857    -135.0522    -136.1198
               -135.3984    -134.9603    -136.5076    -135.9699    -134.8452
               -134.0768    -135.8417    -136.2283    -135.7448    -136.5489
               -135.7578    -136.9941    -136.1632    -136.8558    -137.7728
               -137.5591    -137.1518    -136.3470    -136.3076    -137.7223
   1    100    -144.5674    -144.6295    -143.3646    -142.3140    -144.2741
               -144.5609    -145.7627    -141.1649    -142.5715    -142.4617
               -144.4851    -143.7013    -144.3660    -143.9749    -144.1566
               -143.9381    -144.2410    -143.7679    -143.5780    -144.8895
               -144.9093    -143.5698    -143.7783    -144.0728    -143.9382
               -145.1382    -142.2868    -141.4748    -143.5177    -144.5590
               -143.8712    -143.4121    -144.9806    -144.4081    -143.2925
               -142.4862    -144.2977    -144.6927    -144.2082    -145.0033
               -144.2160    -145.4759    -144.6259    -145.3452    -146.2564
               -146.0553    -145.6178    -144.8326    -144.7577    -146.1901
   2      0    -129.1585    -129.0427    -127.8814    -126.7995    -128.7366
               -129.1051    -130.2749    -125.5890    -127.1980    -126.9377
               -129.1036    -128.2504    -128.8489    -128.5400    -128.6838
               -128.5252    -128.8137    -128.2771    -128.0956    -129.3558
               -129.5248    -128.0843    -128.3583    -128.6698    -128.5963
               -129.6713    -126.7732    -125.8796    -127.9926    -129.1267
               -128.3750    -127.9146    -129.4838    -128.9912    -127.8030
               -127.1047    -128.7514    -129.1679    -128.6796    -129.6234
               -128.7540    -129.9861    -129.1703    -129.8913    -130.7777
               -130.5591    -130.1525    -129.3615    -129.3638    -130.7195
   3      0    -129.1677    -129.0703    -127.9235    -126.8178    -128.7594
               -129.1176    -130.2877    -125.6707    -127.1553    -126.9563
               -129.0777    -128.2598    -128.8610    -128.5412    -128.7201
               -128.5525    -128.8206    -128.2872    -128.1026    -129.3674
               -129.5101    -128.0999    -128.3541    -128.6963    -128.6179
               -129.7116    -126.8480    -125.9431    -128.0232    -129.1261
               -128.4171    -127.9647    -129.4937    -128.9949    -127.8076
               -127.1165    -128.7763    -129.1664    -128.7171    -129.6271
               -128.7489    -129.9514    -129.1633    -129.8513    -130.7503
               -130.5499    -130.1673    -129.3523    -129.3731    -130.7276
   4      0    -129.1866    -129.0423    -127.8804    -126.8004    -128.7188
               -129.1166    -130.2690    -125.5924    -127.1516    -126.9213
               -129.0941    -128.2672    -128.8518    -128.5654    -128.6995
               -128.5206    -128.8211    -128.2442    -128.1261    -129.3402
               -129.5109    -128.0630    -128.3480    -128.6711    -128.6349
               -129.6748    -126.8214    -125.9330    -128.0245    -129.1085
               -128.4249    -127.8902    -129.5473    -129.0212    -127.8308
               -127.0957    -128.7192    -129.2040    -128.6832    -129.6469
               -128.7473    -129.9811    -129.1704    -129.8772    -130.8054
               -130.5842    -130.1501    -129.3386    -129.3215    -130.6985
   5      0    -129.2017    -129.1276    -127.9821    -126.8772    -128.7558
               -129.1629    -130.3889    -125.7083    -127.2480    -126.9880
               -129.1393    -128.2904    -128.9587    -128.6533    -128.7877
               -128.5837    -128.8759    -128.3008    -128.1533    -129.4146
               -129.5910    -128.1495    -128.3493    -128.7315    -128.6829
               -129.7343    -126.9000    -126.0569    -128.0804    -129.1716
               -128.4834    -127.9474    -129.5686    -129.0780    -127.9086
               -127.1315    -128.7817    -129.2514    -128.8281    -129.6830
               -128.8192    -129.9936    -129.2193    -129.9793    -130.8473
               -130.6228    -130.2251    -129.4141    -129.4105    -130.7886
   5     60    -131.5734    -131.5199    -130.3688    -129.2843    -131.1478
               -131.5585    -132.7902    -128.1214    -129.6495    -129.3865
               -131.5293    -130.6674    -131.3434    -131.0464    -131.1826
               -130.9661    -131.2557    -130.6934    -130.5401    -131.8073
               -131.9756    -130.5461    -130.7498    -131.1087    -131.0641
               -132.1176    -129.3009    -128.4798    -130.4937    -131.5497
               -130.8764    -130.3386    -131.9601    -131.4598    -130.2990
               -129.5125    -131.1826    -131.6625    -131.2234    -132.0713
               -131.2203    -132.3898    -131.6163    -132.3869    -133.2467
               -133.0229    -132.6161    -131.8094    -131.8141    -133.1706
   5     80    -137.1342    -137.1113    -135.9507    -134.8927    -136.7475
               -137.1481    -138.3903    -133.7327    -135.2487    -134.9863
               -137.1146    -136.2405    -136.9225    -136.6282    -136.7681
               -136.5353    -136.8267    -136.2770    -136.1363    -137.3942
               -137.5394    -136.1322    -136.3375    -136.6706    -136.6272
               -137.6981    -134.8836    -134.0952    -136.0962    -137.1121
               -136.4628    -135.9315    -137.5465    -137.0360    -135.8902
               -135.0831    -136.7836    -137.2756    -136.8121    -137.6448
               -136.8091    -137.9809    -137.1986    -138.0019    -138.8372
               -138.6200    -138.1936    -137.4009    -137.3997    -138.7360
   5    100    -144.7125    -144.7200    -143.5153    -142.4808    -144.3355
               -144.7407    -146.0076    -141.3390    -142.8315    -142.5787
               -144.7026    -143.8124    -144.4915    -144.2232    -144.3590
               -144.1050    -144.4074    -143.8529    -143.7130    -144.9887
               -145.1192    -143.7313    -143.9343    -144.2439    -144.1936
               -145.2673    -142.4518    -141.7057    -143.6907    -144.6799
               -144.0654    -143.5219    -145.1520    -144.6047    -143.4691
               -142.6339    -144.3687    -144.8714    -144.4022    -145.2331
               -144.4010    -145.5854    -144.7880    -145.6180    -146.4522
               -146.2358    -145.7889    -145.0152    -144.9867    -146.3327
 
 group  inft   Estimated free energy: 1-th solvent contribution (kcal/mol)
   1      0     -62.7186     -67.5458     -65.3098     -76.7698     -64.9859
                -73.7285     -70.4027     -77.5283     -74.3845     -74.4144
                -86.6445     -60.4929     -61.6088     -70.1705     -67.4318
                -55.3333     -56.4778     -72.1440     -70.3742     -58.6582
                -57.5684     -68.9696     -74.3294     -64.6841     -65.7026
                -68.8125     -77.9410     -84.6903     -76.7845     -63.3143
                -68.3671     -65.7588     -72.0547     -70.0586     -71.9799
                -69.1881     -75.7248     -78.8120     -72.4199     -62.5943
                -69.3720     -70.7108     -68.2878     -71.0456     -69.1512
                -69.7369     -61.0264     -63.4396     -71.1456     -50.2842
   1     60     -63.0241     -67.8554     -65.6173     -77.0810     -65.2948
                -74.0368     -70.7119     -77.8384     -74.6932     -74.7227
                -86.9529     -60.8012     -61.9195     -70.4783     -67.7407
                -55.6403     -56.7844     -72.4505     -70.6807     -58.9667
                -57.8757     -69.2799     -74.6380     -64.9884     -66.0078
                -69.1209     -78.2510     -85.0025     -77.0958     -63.6212
                -68.6753     -66.0665     -72.3617     -70.3676     -72.2868
                -69.4954     -76.0350     -79.1240     -72.7294     -62.9004
                -69.6814     -71.0189     -68.5962     -71.3559     -69.4621
                -70.0451     -61.3331     -63.7491     -71.4565     -50.5934
   1     80     -63.8200     -68.6618     -66.4174     -77.8876     -66.0981
                -74.8380     -71.5147     -78.6403     -75.4939     -75.5230
                -87.7529     -61.6024     -62.7257     -71.2779     -68.5413
                -56.4373     -57.5820     -73.2491     -71.4808     -59.7689
                -58.6743     -70.0857     -75.4386     -65.7805     -66.8024
                -69.9258     -79.0527     -85.8082     -77.9016     -64.4200
                -69.4754     -66.8685     -73.1584     -71.1721     -73.0855
                -70.2941     -76.8396     -79.9326     -73.5342     -63.6963
                -70.4837     -71.8194     -69.3964     -72.1631     -70.2691
                -70.8466     -62.1307     -64.5531     -72.2617     -51.3953
   1    100     -65.2376     -70.0926     -67.8389     -79.3128     -67.5270
                -76.2620     -72.9425     -80.0635     -76.9094     -76.9421
                -89.1685     -63.0224     -64.1479     -72.6987     -69.9639
                -57.8572     -59.0014     -74.6662     -72.8995     -61.1928
                -60.0947     -71.5137     -76.8593     -67.1962     -68.2199
                -71.3489     -80.4697     -87.2372     -79.3269     -65.8442
                -70.9010     -68.2929     -74.5813     -72.5964     -74.5043
                -71.7091     -78.2632     -81.3573     -74.9607     -65.1151
                -71.9047     -73.2445     -70.8150     -73.5937     -71.6989
                -72.2738     -63.5475     -65.9786     -73.6849     -52.8245
   2      0     -62.7532     -67.5466     -65.3198     -76.7955     -64.9834
                -73.7573     -70.4368     -77.5259     -74.4523     -74.4298
                -86.7035     -60.5040     -61.6248     -70.1926     -67.4393
                -55.3630     -56.5174     -72.1713     -70.4187     -58.6887
                -57.6377     -68.9702     -74.3614     -64.7274     -65.7245
                -68.8363     -77.9872     -84.7092     -76.8179     -63.3394
                -68.3620     -65.7733     -72.0735     -70.0556     -71.9789
                -69.2272     -75.7283     -78.8550     -72.4172     -62.6721
                -69.4064     -70.7710     -68.3447     -71.0741     -69.1621
                -69.7562     -61.0800     -63.4804     -71.1437     -50.2946
   3      0     -62.7781     -67.5753     -65.3385     -76.8247     -65.0149
                -73.7923     -70.4642     -77.5639     -74.4485     -74.4422
                -86.7168     -60.5248     -61.6350     -70.2297     -67.4828
                -55.3994     -56.5225     -72.1793     -70.4281     -58.6827
                -57.6370     -68.9902     -74.3779     -64.7514     -65.7644
                -68.8662     -78.0163     -84.7525     -76.8350     -63.3459
                -68.4065     -65.8025     -72.0928     -70.0854     -71.9881
                -69.2464     -75.7513     -78.8638     -72.4504     -62.6759
                -69.4340     -70.7708     -68.3423     -71.0855     -69.1832
                -69.7869     -61.0858     -63.4841     -71.1831     -50.3090
   4      0     -62.7598     -67.5591     -65.3297     -76.7932     -65.0216
                -73.7838     -70.4345     -77.5368     -74.4592     -74.4522
                -86.7191     -60.5371     -61.6517     -70.1956     -67.4569
                -55.3528     -56.5372     -72.1784     -70.4677     -58.7058
                -57.6415     -68.9685     -74.3405     -64.7385     -65.7436
                -68.8435     -78.0296     -84.7441     -76.8365     -63.3421
                -68.4091     -65.7773     -72.1065     -70.0810     -72.0021
                -69.2638     -75.7424     -78.8685     -72.4336     -62.6798
                -69.4275     -70.7603     -68.3704     -71.0883     -69.1545
                -69.7769     -61.0894     -63.4791     -71.1608     -50.3018
   5      0     -62.7755     -67.5521     -65.3580     -76.8104     -65.0464
                -73.8163     -70.4790     -77.5990     -74.4672     -74.4790
                -86.6982     -60.5579     -61.6781     -70.2456     -67.4585
                -55.3873     -56.5322     -72.1943     -70.4411     -58.7264
                -57.6361     -68.9961     -74.3461     -64.7509     -65.7570
                -68.8550     -78.0212     -84.7988     -76.8301     -63.3580
                -68.4335     -65.8204     -72.1187     -70.0791     -72.0299
                -69.2685     -75.7512     -78.8703     -72.4824     -62.6811
                -69.4484     -70.7564     -68.3542     -71.1108     -69.1714
                -69.7666     -61.0980     -63.4965     -71.1915     -50.3275
   5     60     -63.1464     -67.9282     -65.7315     -77.1880     -65.4212
                -74.1911     -70.8552     -77.9746     -74.8423     -74.8530
                -87.0720     -60.9311     -62.0540     -70.6196     -67.8329
                -55.7596     -56.9043     -72.5663     -70.8137     -59.1011
                -58.0098     -69.3728     -74.7205     -65.1208     -66.1279
                -69.2294     -78.3972     -85.1771     -77.2084     -63.7303
                -68.8073     -66.1945     -72.4911     -70.4537     -72.4018
                -69.6412     -76.1271     -79.2491     -72.8580     -63.0530
                -69.8239     -71.1306     -68.7284     -71.4880     -69.5489
                -70.1409     -61.4709     -63.8725     -71.5692     -50.7025
   5     80     -64.0276     -68.8186     -66.6170     -78.0800     -66.3107
                -75.0778     -71.7444     -78.8599     -75.7286     -75.7380
                -87.9574     -61.8174     -62.9446     -71.5042     -68.7189
                -56.6426     -57.7869     -73.4474     -71.6996     -59.9882
                -58.8940     -70.2628     -75.6049     -65.9988     -67.0070
                -70.1177     -79.2829     -86.0659     -78.0986     -64.6135
                -69.6928     -67.0814     -73.3740     -71.3425     -73.2843
                -70.5251     -77.0161     -80.1428     -73.7466     -63.9341
                -70.7110     -72.0168     -69.6128     -72.3811     -70.4406
                -71.0269     -62.3532     -64.7622     -72.4590     -51.5905
   5    100     -65.3100     -70.1100     -67.9004     -79.3675     -67.6006
                -76.3648     -73.0345     -80.1429     -77.0084     -77.0190
                -89.2376     -63.1008     -64.2287     -72.7883     -70.0041
                -57.9261     -59.0699     -74.7263     -72.9809     -61.2739
                -60.1779     -71.5504     -76.8879     -67.2769     -68.2859
                -71.4010     -80.5628     -87.3552     -79.3870     -65.8993
                -70.9798     -68.3689     -74.6599     -72.6257     -74.5648
                -71.8036     -78.3012     -81.4296     -75.0329     -65.2177
                -71.9955     -73.3038     -70.8947     -73.6723     -71.7317
                -72.3145     -63.6344     -66.0508     -73.7439     -52.8817
 
 group  inft   Estimated free energy: 2-th solvent contribution (kcal/mol)
   1      0     -66.3895     -61.5220     -62.5684     -49.9898     -63.7531
                -55.3070     -59.7871     -48.0447     -52.6579     -52.5041
                -42.3298     -67.7267     -67.2630     -58.2842     -61.2107
                -73.1345     -72.2754     -56.0954     -57.6912     -70.6891
                -71.8610     -59.0546     -53.9088     -63.9230     -62.7793
                -60.8277     -48.8310     -41.1664     -51.1649     -65.7747
                -59.9717     -62.1369     -57.3989     -58.8687     -55.7940
                -57.8492     -53.0267     -50.3144     -56.2570     -66.9050
                -59.3096     -59.2119     -60.8008     -58.7166     -61.5464
                -60.7448     -69.0684     -65.8353     -58.0924     -80.4054
   1     60     -68.0419     -63.1855     -64.2299     -51.6669     -65.4202
                -56.9733     -61.4564     -49.7290     -54.3304     -54.1760
                -43.9980     -69.3870     -68.9258     -59.9499     -62.8814
                -74.7969     -73.9350     -57.7628     -59.3525     -72.3553
                -73.5206     -60.7193     -55.5812     -65.5785     -64.4345
                -62.4846     -50.5059     -42.8565     -52.8443     -67.4313
                -61.6393     -63.7991     -59.0675     -60.5249     -57.4622
                -59.5099     -54.7009     -51.9911     -57.9219     -68.5698
                -60.9824     -60.8816     -62.4728     -60.3893     -63.2143
                -62.4152     -70.7338     -67.5027     -59.7623     -82.0647
   1     80     -72.3105     -67.4844     -68.5144     -55.9727     -69.7169
                -61.2644     -65.7536     -54.0441     -58.6313     -58.4767
                -48.2863     -73.6667     -73.2075     -64.2375     -67.1668
                -79.0687     -78.2152     -62.0687     -63.6504     -76.6497
                -77.7905     -65.0096     -59.8780     -69.8462     -68.7046
                -66.7747     -54.7994     -47.1804     -57.1534     -71.7025
                -65.9258     -68.0945     -63.3520     -64.8006     -61.7625
                -63.7854     -59.0049     -56.2985     -62.2134     -72.8554
                -65.2769     -65.1774     -66.7697     -64.6955     -67.5065
                -66.7153     -75.0240     -71.7967     -64.0487     -86.3298
   1    100     -79.3326     -74.5397     -75.5285     -63.0040     -76.7499
                -68.3017     -72.8230     -61.1042     -65.6649     -65.5225
                -55.3193     -80.6817     -80.2209     -71.2790     -74.1955
                -86.0837     -85.2424     -69.1045     -70.6812     -83.6995
                -84.8174     -72.0588     -66.9218     -76.8793     -75.7211
                -73.7920     -61.8199     -54.2404     -64.1936     -78.7176
                -72.9730     -75.1220     -70.4020     -71.8145     -68.7910
                -70.7798     -66.0373     -63.3382     -69.2503     -79.8910
                -72.3141     -72.2342     -73.8137     -71.7543     -74.5603
                -73.7842     -82.0731     -78.8568     -71.0757     -93.3684
   2      0     -66.4081     -61.4988     -62.5644     -50.0068     -63.7559
                -55.3507     -59.8409     -48.0659     -52.7485     -52.5106
                -42.4029     -67.7491     -67.2269     -58.3502     -61.2473
                -73.1650     -72.2991     -56.1086     -57.6797     -70.6698
                -71.8899     -59.1169     -53.9997     -63.9453     -62.8746
                -60.8379     -48.7888     -41.1733     -51.1775     -65.7902
                -60.0158     -62.1441     -57.4131     -58.9384     -55.8269
                -57.8802     -53.0260     -50.3157     -56.2652     -66.9540
                -59.3504     -59.2178     -60.8284     -58.8200     -61.6184
                -60.8056     -69.0753     -65.8839     -58.2228     -80.4277
   3      0     -66.3924     -61.4978     -62.5877     -49.9958     -63.7474
                -55.3280     -59.8262     -48.1096     -52.7097     -52.5169
                -42.3637     -67.7378     -67.2288     -58.3143     -61.2402
                -73.1559     -72.3009     -56.1107     -57.6773     -70.6875
                -71.8759     -59.1125     -53.9790     -63.9477     -62.8563
                -60.8481     -48.8345     -41.1934     -51.1910     -65.7830
                -60.0134     -62.1650     -57.4037     -58.9123     -55.8224
                -57.8729     -53.0278     -50.3054     -56.2695     -66.9540
                -59.3177     -59.1834     -60.8238     -58.7686     -61.5699
                -60.7658     -69.0843     -65.8711     -58.1928     -80.4214
   4      0     -66.4296     -61.4860     -62.5535     -50.0101     -63.6999
                -55.3356     -59.8372     -48.0584     -52.6952     -52.4719
                -42.3778     -67.7329     -67.2029     -58.3726     -61.2454
                -73.1706     -72.2867     -56.0686     -57.6612     -70.6372
                -71.8722     -59.0973     -54.0103     -63.9354     -62.8940
                -60.8341     -48.7946     -41.1917     -51.1908     -65.7692
                -60.0186     -62.1157     -57.4436     -58.9430     -55.8315
                -57.8348     -52.9797     -50.3382     -56.2524     -66.9699
                -59.3226     -59.2235     -60.8027     -58.7917     -61.6537
                -60.8101     -69.0635     -65.8622     -58.1635     -80.3995
   5      0     -66.4290     -61.5783     -62.6269     -50.0695     -63.7122
                -55.3493     -59.9126     -48.1121     -52.7835     -52.5117
                -42.4439     -67.7353     -67.2835     -58.4104     -61.3320
                -73.1992     -72.3465     -56.1093     -57.7150     -70.6910
                -71.9577     -59.1562     -54.0060     -63.9834     -62.9287
                -60.8821     -48.8816     -41.2609     -51.2531     -65.8165
                -60.0528     -62.1297     -57.4527     -59.0016     -55.8814
                -57.8657     -53.0333     -50.3839     -56.3485     -67.0046
                -59.3736     -59.2400     -60.8679     -58.8712     -61.6786
                -60.8590     -69.1298     -65.9204     -58.2217     -80.4639
   5     60     -68.4298     -63.5945     -64.6400     -52.0990     -65.7294
                -57.3702     -61.9378     -50.1496     -54.8100     -54.5362
                -44.4601     -69.7391     -69.2922     -60.4296     -63.3524
                -75.2093     -74.3542     -58.1299     -59.7292     -72.7090
                -73.9686     -61.1761     -56.0321     -65.9908     -64.9390
                -62.8910     -50.9065     -43.3055     -53.2881     -67.8221
                -62.0718     -64.1469     -59.4718     -61.0089     -57.9001
                -59.8740     -55.0583     -52.4162     -58.3681     -69.0211
                -61.3992     -61.2620     -62.8907     -60.9017     -63.7006
                -62.8848     -71.1480     -67.9397     -60.2477     -82.4708
   5     80     -73.1094     -68.2955     -69.3364     -56.8155     -70.4396
                -62.0730     -66.6487     -54.8756     -59.5229     -59.2510
                -49.1600     -74.4260     -73.9807     -65.1268     -68.0520
                -79.8954     -79.0425     -62.8324     -64.4395     -77.4088
                -78.6483     -65.8723     -60.7354     -70.6746     -69.6230
                -67.5833     -55.6034     -48.0321     -58.0004     -72.5014
                -66.7728     -68.8529     -64.1753     -65.6964     -62.6087
                -64.5609     -59.7703     -57.1356     -63.0683     -73.7134
                -66.1010     -65.9670     -67.5886     -65.6236     -68.3994
                -67.5959     -75.8432     -72.6415     -64.9435     -87.1483
   5    100     -79.4053     -74.6128     -75.6178     -63.1161     -76.7377
                -68.3787     -72.9759     -61.1989     -65.8259     -65.5624
                -55.4678     -80.7144     -80.2656     -71.4377     -74.3578
                -86.1817     -85.3403     -69.1294     -70.7349     -83.7175
                -84.9441     -72.1837     -67.0492     -76.9697     -75.9105
                -73.8692     -61.8918     -54.3533     -64.3065     -78.7834
                -73.0884     -75.1558     -70.4948     -71.9819     -68.9071
                -70.8331     -66.0703     -63.4446     -69.3721     -80.0181
                -72.4083     -72.2844     -73.8961     -71.9485     -74.7233
                -73.9241     -82.1573     -78.9672     -71.2456     -93.4538
 
 
 cumulative average & 95% error for solvation free energy
              total             1st component         2nd component
  1  -129.1677              -62.7781              -66.3924
  2  -129.1190     0.0974   -65.1767     4.7972   -63.9451     4.8946
  3  -128.7205     0.7990   -65.2306     2.7718   -63.4927     2.9673
  4  -128.2448     1.1065   -68.1291     6.1194   -60.1185     7.0671
  5  -128.3477     0.8814   -67.5063     4.9010   -60.8442     5.6633
  6  -128.4760     0.7641   -68.5540     4.5171   -59.9249     4.9762
  7  -128.7348     0.8276   -68.8269     3.8564   -59.9108     4.2058
  8  -128.3518     1.0490   -69.9190     3.9906   -58.4356     4.6873
  9  -128.2189     0.9626   -70.4223     3.6605   -57.7994     4.3252
 10  -128.0926     0.8973   -70.8243     3.3713   -57.2712     4.0103
 11  -128.1822     0.8311   -72.2690     4.2011   -55.9159     4.5282
 12  -128.1886     0.7588   -71.2903     4.3057   -56.9011     4.5792
 13  -128.2404     0.7056   -70.5476     4.2300   -57.6955     4.5020
 14  -128.2619     0.6547   -70.5249     3.9165   -57.7397     4.1690
 15  -128.2924     0.6126   -70.3221     3.6686   -57.9731     3.9091
 16  -128.3087     0.5739   -69.3894     3.9058   -58.9220     4.1198
 17  -128.3388     0.5424   -68.6326     3.9689   -59.7090     4.1777
 18  -128.3359     0.5115   -68.8296     3.7626   -59.5091     3.9590
 19  -128.3236     0.4844   -68.9137     3.5631   -59.4127     3.7498
 20  -128.3758     0.4713   -68.4022     3.5317   -59.9764     3.7318
 21  -128.4298     0.4611   -67.8896     3.5122   -60.5431     3.7261
 22  -128.4148     0.4407   -67.9396     3.3503   -60.4780     3.5551
 23  -128.4122     0.4211   -68.2195     3.2499   -60.1955     3.4437
 24  -128.4240     0.4039   -68.0750     3.1249   -60.3518     3.3119
 25  -128.4318     0.3877   -67.9826     3.0030   -60.4520     3.1830
 26  -128.4810     0.3853   -68.0166     2.8860   -60.4672     3.0583
 27  -128.4205     0.3900   -68.3869     2.8742   -60.0364     3.0664
 28  -128.3321     0.4154   -68.9714     3.0062   -59.3634     3.2469
 29  -128.3214     0.4013   -69.2426     2.9509   -59.0816     3.1833
 30  -128.3482     0.3914   -69.0460     2.8779   -59.3050     3.1076
 31  -128.3505     0.3786   -69.0254     2.7838   -59.3279     3.0060
 32  -128.3384     0.3674   -68.9247     2.7029   -59.4165     2.9160
 33  -128.3734     0.3629   -69.0207     2.6267   -59.3555     2.8289
 34  -128.3917     0.3540   -69.0520     2.5491   -59.3425     2.7445
 35  -128.3750     0.3453   -69.1359     2.4809   -59.2419     2.6725
 36  -128.3400     0.3428   -69.1389     2.4110   -59.2039     2.5984
 37  -128.3518     0.3342   -69.3177     2.3720   -59.0370     2.5491
 38  -128.3733     0.3281   -69.5689     2.3628   -58.8072     2.5233
 39  -128.3821     0.3201   -69.6428     2.3061   -58.7421     2.4612
 40  -128.4132     0.3181   -69.4686     2.2746   -58.9474     2.4338
 41  -128.4214     0.3107   -69.4677     2.2184   -58.9564     2.3737
 42  -128.4578     0.3118   -69.4988     2.1658   -58.9618     2.3166
 43  -128.4742     0.3063   -69.4719     2.1155   -59.0051     2.2637
 44  -128.5055     0.3057   -69.5085     2.0682   -58.9998     2.2117
 45  -128.5554     0.3151   -69.5013     2.0218   -59.0569     2.1650
 46  -128.5988     0.3201   -69.5075     1.9774   -59.0940     2.1187
 47  -128.6321     0.3202   -69.3283     1.9677   -59.3066     2.1163
 48  -128.6472     0.3149   -69.2066     1.9416   -59.4434     2.0897
 49  -128.6620     0.3099   -69.2469     1.9033   -59.4178     2.0472
 50  -128.7033     0.3146   -68.8682     2.0128   -59.8379     2.1747
 
 Mesh error is    0.069 kcal/mol
