 ERmod 0.3.8, Copyright (C) 2000-2019 Nobuyuki Matubayasi
                            2010-2019 Shun Sakuraba
 ERmod comes with ABSOLUTELY NO WARRANTY.
 This is free software, and you can redistribute it
 and/or modify it under certain conditions.
 See LICENSE file for details.
 
  Number of the   1-th solvent  =         1472
  Number of the   2-th solvent  =        10000
 
  Be sure that the solvent distribution is homogeneous (radial distribution function is essentially unity) when the solvent molecule is separated beyond distance of   10.0 Angstrom in any direction from any atom within the solute molecule
 
  LJ long-range correction    =        -3.5283     -5.7260
 
  Self-energy of the solute   =        -0.0006  kcal/mol
 
 
 cumulative average & 95% error for solvation energy
              total             1st component         2nd component
  1  -476.7655             -176.6362             -300.1287
  2  -479.7433     5.9557  -184.1802    15.0880  -295.5625     9.1323
  3  -480.1318     3.5252  -183.9950     8.7190  -296.1363     5.3960
  4  -480.5201     2.6108  -187.0825     8.7259  -293.4370     6.6109
  5  -481.5221     2.8472  -188.0737     7.0438  -293.4479     5.1208
  6  -481.8812     2.4331  -188.7199     5.8946  -293.1608     4.2204
  7  -481.1517     2.5214  -187.2609     5.7735  -293.8902     3.8537
  8  -480.7616     2.3188  -183.7735     8.5820  -296.9875     7.0365
  9  -480.9783     2.0905  -182.7191     7.8568  -298.2586     6.7061
 10  -481.0609     1.8771  -185.2633     8.6761  -295.7971     7.7597
 11  -481.0553     1.6979  -186.4951     8.2254  -294.5597     7.4424
 12  -480.6921     1.7117  -186.3829     7.5121  -294.3087     6.8125
 13  -480.6161     1.5819  -185.2698     7.2599  -295.3457     6.6009
 14  -480.4091     1.5219  -186.3028     7.0317  -294.1058     6.5952
 15  -480.4124     1.4168  -185.5926     6.6985  -294.8192     6.3035
 16  -480.3659     1.3286  -186.5692     6.5633  -293.7961     6.2413
 17  -480.5071     1.2795  -185.4373     6.5676  -295.0692     6.3918
 18  -480.9052     1.4454  -184.3025     6.5948  -296.6021     6.7612
 19  -480.9730     1.3739  -183.3402     6.5282  -297.6322     6.7191
 20  -481.0435     1.3110  -181.4888     7.2158  -299.5542     7.4436
 21  -480.9089     1.2757  -180.9409     6.9505  -299.9674     7.1284
 22  -480.8684     1.2191  -181.0293     6.6294  -299.8386     6.8015
 23  -480.8671     1.1649  -181.6009     6.4370  -299.2656     6.5993
 24  -480.9864     1.1405  -181.6762     6.1647  -299.3097     6.3190
 25  -481.0444     1.1001  -182.6432     6.2213  -298.4007     6.3277
 26  -480.9512     1.0732  -183.3441     6.1394  -297.6066     6.2835
 27  -480.9559     1.0327  -184.3811     6.2611  -296.5743     6.3891
 28  -480.9588     0.9952  -185.2697     6.2897  -295.6886     6.4065
 29  -481.0540     0.9790  -184.7130     6.1702  -296.3404     6.3176
 30  -481.1204     0.9550  -184.1564     6.0640  -296.9634     6.2293
 31  -481.1835     0.9323  -184.1976     5.8657  -296.9853     6.0251
 32  -481.2780     0.9223  -184.1159     5.6818  -297.1615     5.8444
 33  -481.2911     0.8943  -184.7713     5.6608  -296.5192     5.8084
 34  -481.2127     0.8816  -185.9454     5.9727  -295.2668     6.1666
 35  -481.0898     0.8906  -187.0996     6.2421  -293.9896     6.5099
 36  -481.0576     0.8679  -187.6447     6.1634  -293.4123     6.4310
 37  -480.9558     0.8684  -187.7962     6.0022  -293.1591     6.2752
 38  -480.9738     0.8460  -187.9281     5.8481  -293.0450     6.1121
 39  -480.9865     0.8244  -187.3313     5.8199  -293.6546     6.0769
 40  -481.0043     0.8043  -187.9810     5.8195  -293.0227     6.0564
 41  -480.9465     0.7929  -188.2315     5.6978  -292.7145     5.9389
 42  -480.9848     0.7776  -188.7821     5.6685  -292.2021     5.8857
 43  -481.0904     0.7881  -189.0098     5.5538  -292.0800     5.7523
 44  -481.0284     0.7799  -189.0798     5.4279  -291.9480     5.6263
 45  -481.0562     0.7644  -188.4959     5.4329  -292.5597     5.6342
 46  -481.0277     0.7497  -187.5530     5.6382  -293.4742     5.8060
 47  -481.0527     0.7353  -186.6056     5.8333  -294.4466     6.0048
 48  -481.0231     0.7222  -185.7199     5.9789  -295.3026     6.1226
 49  -481.0966     0.7225  -185.1563     5.9631  -295.9397     6.1302
 50  -481.1534     0.7169  -185.4387     5.8699  -295.7141     6.0233
 
 
 group  inft  solvation free energy     error          difference
  total solvation free energy
   1      0       -119.46249           0.36549           0.13010
   1     60       -121.37596           0.36376          -1.78337
   1     80       -126.22746           0.36079          -6.63486
   1    100       -134.33323           0.36219         -14.74064
   2      0       -119.54271           0.36260           0.04988
   3      0       -119.59259           0.36090           0.00000
   4      0       -119.58096           0.36067           0.01163
   5      0       -119.65118           0.36237          -0.05859
   5     60       -121.97307           0.36038          -2.38048
   5     80       -127.29321           0.35777          -7.70062
   5    100       -134.56339           0.35898         -14.97080
 
  contribution from  1-th solvent component
   1      0        -66.84359           2.37174           0.05311
   1     60        -67.14020           2.37221          -0.24350
   1     80        -67.90021           2.37308          -1.00351
   1    100        -69.26099           2.37317          -2.36429
   2      0        -66.87636           2.37141           0.02035
   3      0        -66.89670           2.37206           0.00000
   4      0        -66.90911           2.37061          -0.01241
   5      0        -66.91379           2.37050          -0.01709
   5     60        -67.27383           2.37107          -0.37713
   5     80        -68.11419           2.37191          -1.21749
   5    100        -69.34141           2.37191          -2.44471
 
  contribution from  2-th solvent component
   1      0        -52.61834           2.55139           0.07700
   1     60        -54.23520           2.54945          -1.53986
   1     80        -58.32669           2.54618          -5.63135
   1    100        -65.07169           2.54664         -12.37635
   2      0        -52.66580           2.54812           0.02953
   3      0        -52.69533           2.54746           0.00000
   4      0        -52.67129           2.54492           0.02404
   5      0        -52.73683           2.54438          -0.04150
   5     60        -54.69868           2.54188          -2.00335
   5     80        -59.17846           2.53876          -6.48313
   5    100        -65.22143           2.53884         -12.52609
 
 
 group  inft   Estimated free energy: total (kcal/mol)
   1      0    -118.0952    -120.3806    -119.2728    -119.8043    -121.0842
               -120.4578    -117.3725    -118.7484    -120.1066    -119.2849
               -119.0623    -117.6514    -119.0432    -117.6531    -119.7250
               -118.1714    -120.5227    -122.6446    -120.6959    -120.4088
               -118.8245    -118.5969    -119.9311    -120.9413    -119.3737
               -117.8565    -119.3760    -118.4923    -120.7609    -120.7820
               -120.5917    -120.8445    -119.0465    -117.0203    -116.3346
               -118.6248    -117.5701    -118.8622    -119.7413    -119.5276
               -118.5604    -119.1439    -121.5144    -118.4504    -120.3796
               -119.5304    -120.4499    -119.7131    -121.4326    -120.6649
   1     60    -120.0076    -122.2901    -121.1874    -121.7125    -122.9955
               -122.3674    -119.2965    -120.6513    -122.0139    -121.2024
               -120.9759    -119.5670    -120.9442    -119.5809    -121.6325
               -120.0984    -122.4228    -124.5423    -122.6039    -122.3080
               -120.7285    -120.5132    -121.8397    -122.8520    -121.2996
               -119.7796    -121.3022    -120.4145    -122.6759    -122.6910
               -122.5055    -122.7597    -120.9681    -118.9543    -118.2639
               -120.5463    -119.4958    -120.7891    -121.6425    -121.4380
               -120.4825    -121.0724    -123.4317    -120.3628    -122.2745
               -121.4291    -122.3517    -121.6142    -123.3288    -122.5899
   1     80    -124.8513    -127.1323    -126.0333    -126.5536    -127.8461
               -127.2187    -124.1582    -125.4949    -126.8541    -126.0447
               -125.8214    -124.4191    -125.7724    -124.4577    -126.4635
               -124.9621    -127.2473    -129.3629    -127.4538    -127.1241
               -125.5691    -125.3564    -126.6787    -127.7025    -126.1819
               -124.6494    -126.1730    -125.2891    -127.5357    -127.5317
               -127.3514    -127.6186    -125.8466    -123.8461    -123.1426
               -125.4114    -124.3676    -125.6714    -126.4821    -126.2788
               -125.3470    -125.9621    -128.2889    -125.2255    -127.0887
               -126.2587    -127.1938    -126.4479    -128.1484    -127.4563
   1    100    -132.9450    -135.2415    -134.1285    -134.6521    -135.9504
               -135.3198    -132.2674    -133.5951    -134.9576    -134.1327
               -133.9152    -132.5144    -133.8578    -132.5911    -134.5427
               -133.0821    -135.3461    -137.4759    -135.6071    -135.2309
               -133.6870    -133.3979    -134.7781    -135.8294    -134.3144
               -132.7549    -134.3209    -133.3926    -135.6551    -135.6323
               -135.4561    -135.7405    -133.9363    -131.9194    -131.2275
               -133.5036    -132.4792    -133.7797    -134.5741    -134.3662
               -133.4795    -134.0683    -136.4008    -133.3477    -135.1765
               -134.3663    -135.3132    -134.5643    -136.2472    -135.5992
   2      0    -118.1717    -120.4724    -119.3226    -119.8875    -121.1347
               -120.5202    -117.4368    -118.8522    -120.1679    -119.4050
               -119.1756    -117.7395    -119.0816    -117.7336    -119.8270
               -118.2242    -120.6057    -122.6920    -120.7427    -120.4783
               -118.9647    -118.7021    -120.0256    -120.9516    -119.4600
               -117.9529    -119.4298    -118.5553    -120.8355    -120.8739
               -120.6843    -120.9123    -119.2230    -117.2046    -116.4411
               -118.7764    -117.6091    -118.9518    -119.8427    -119.5887
               -118.6217    -119.2147    -121.6045    -118.4811    -120.5205
               -119.5816    -120.4652    -119.7781    -121.5009    -120.7106
   3      0    -118.2510    -120.5269    -119.3628    -119.9209    -121.1764
               -120.6057    -117.4554    -118.8885    -120.2142    -119.4066
               -119.2066    -117.7625    -119.1549    -117.7880    -119.8885
               -118.3159    -120.6183    -122.7319    -120.7723    -120.4983
               -118.9927    -118.7926    -120.0620    -120.9707    -119.5068
               -118.0538    -119.5047    -118.6126    -120.9372    -120.8992
               -120.7454    -120.9677    -119.3129    -117.2641    -116.4981
               -118.7982    -117.6786    -119.0227    -119.8684    -119.6457
               -118.6989    -119.2736    -121.6406    -118.5214    -120.5774
               -119.6299    -120.5396    -119.8217    -121.5240    -120.7224
   4      0    -118.2344    -120.4728    -119.3745    -119.9219    -121.2337
               -120.5778    -117.5038    -118.8754    -120.1887    -119.3856
               -119.2025    -117.7156    -119.1179    -117.7976    -119.8553
               -118.3045    -120.7099    -122.6929    -120.7575    -120.5110
               -118.9676    -118.7462    -120.0695    -120.9226    -119.3984
               -117.9867    -119.4988    -118.6672    -120.9127    -120.8447
               -120.7415    -120.9812    -119.3143    -117.3009    -116.4159
               -118.7872    -117.6890    -118.9855    -119.8896    -119.7253
               -118.7257    -119.2905    -121.6261    -118.5414    -120.5706
               -119.5952    -120.4776    -119.7666    -121.5462    -120.6300
   5      0    -118.2647    -120.5835    -119.4065    -119.9883    -121.2566
               -120.6741    -117.4687    -118.9310    -120.2290    -119.4809
               -119.2995    -117.8444    -119.1813    -117.8019    -119.9136
               -118.3419    -120.6922    -122.7500    -120.8083    -120.5272
               -119.0652    -118.8400    -120.1355    -121.0778    -119.6038
               -118.1248    -119.5610    -118.7148    -120.9389    -120.9406
               -120.8103    -121.0970    -119.3453    -117.3302    -116.5163
               -118.8880    -117.7178    -119.1070    -119.9467    -119.7030
               -118.7624    -119.3292    -121.7291    -118.6039    -120.6660
               -119.7244    -120.5976    -119.8467    -121.5709    -120.8214
   5     60    -120.5827    -122.9017    -121.7253    -122.3078    -123.5784
               -122.9945    -119.7970    -121.2426    -122.5428    -121.8028
               -121.6210    -120.1672    -121.4910    -120.1386    -122.2254
               -120.6769    -122.9951    -125.0507    -123.1222    -122.8270
               -121.3755    -121.1636    -122.4504    -123.3955    -121.9445
               -120.4577    -121.8951    -121.0485    -123.2629    -123.2558
               -123.1305    -123.4233    -121.6878    -119.6834    -118.8567
               -121.2199    -120.0490    -121.4451    -122.2574    -122.0227
               -121.0928    -121.6765    -124.0570    -120.9272    -122.9694
               -122.0274    -122.9083    -122.1528    -123.8720    -123.1537
   5     80    -125.8980    -128.2166    -127.0415    -127.6164    -128.8957
               -128.3103    -125.1277    -126.5477    -127.8541    -127.1146
               -126.9349    -125.4878    -126.7865    -125.4875    -127.5273
               -126.0156    -128.2911    -130.3433    -128.4443    -128.1181
               -126.6850    -126.4745    -127.7568    -128.7121    -127.2973
               -125.7955    -127.2391    -126.3847    -128.5895    -128.5652
               -128.4446    -128.7521    -127.0328    -125.0439    -124.1968
               -126.5525    -125.3875    -126.7940    -127.5604    -127.3303
               -126.4263    -127.0305    -129.3854    -126.2519    -128.2579
               -127.3268    -128.2162    -127.4528    -129.1630    -128.4959
   5    100    -133.1591    -135.4964    -134.3050    -134.8873    -136.1669
               -135.5743    -132.3956    -133.8080    -135.1224    -134.3679
               -134.1988    -132.7501    -134.0345    -132.7832    -134.7837
               -133.2916    -135.5596    -137.6166    -135.7510    -135.3824
               -133.9629    -133.6933    -135.0284    -135.9973    -134.5907
               -133.0715    -134.5489    -133.6538    -135.8705    -135.8310
               -135.7170    -136.0355    -134.2850    -132.2788    -131.4522
               -133.8110    -132.6620    -134.0679    -134.8202    -134.5904
               -133.7194    -134.2931    -136.6634    -133.5329    -135.5164
               -134.6023    -135.4955    -134.7234    -136.4237    -135.7969
 
 group  inft   Estimated free energy: 1-th solvent contribution (kcal/mol)
   1      0     -63.0730     -70.0832     -66.2186     -71.6121     -69.7877
                -69.7322     -63.6944     -56.1043     -62.6672     -76.3209
                -72.4990     -66.5072     -61.3215     -72.3611     -62.8700
                -72.9025     -60.1425     -59.0818     -59.2412     -51.0672
                -60.8812     -64.4751     -70.8115     -66.5512     -74.9222
                -73.0468     -77.9902     -76.6745     -59.9973     -59.5477
                -66.9941     -65.5545     -75.1705     -81.5174     -82.6410
                -75.4262     -69.6895     -69.2250     -58.2500     -78.5110
                -72.0454     -76.6222     -72.5637     -69.9535     -58.0598
                -50.4691     -49.4258     -49.3704     -55.7923     -72.7129
   1     60     -63.3698     -70.3789     -66.5149     -71.9084     -70.0845
                -70.0274     -63.9913     -56.4001     -62.9635     -76.6183
                -72.7966     -66.8037     -61.6148     -72.6569     -63.1644
                -73.2009     -60.4373     -59.3757     -59.5363     -51.3597
                -61.1739     -64.7719     -71.1076     -66.8480     -75.2228
                -73.3448     -78.2885     -76.9726     -60.2930     -59.8428
                -67.2931     -65.8517     -75.4670     -81.8174     -82.9408
                -75.7249     -69.9886     -69.5240     -58.5443     -78.8060
                -72.3448     -76.9238     -72.8643     -70.2515     -58.3521
                -50.7636     -49.7192     -49.6645     -56.0880     -73.0111
   1     80     -64.1284     -71.1369     -67.2729     -72.6681     -70.8461
                -70.7855     -64.7501     -57.1604     -63.7233     -77.3774
                -73.5580     -67.5619     -62.3679     -73.4138     -63.9184
                -73.9626     -61.1942     -60.1308     -60.2939     -52.1104
                -61.9264     -65.5301     -71.8657     -67.6092     -75.9926
                -74.1075     -79.0510     -77.7364     -61.0514     -60.5994
                -68.0573     -66.6141     -76.2286     -82.5840     -83.7063
                -76.4885     -70.7529     -70.2898     -59.3013     -79.5618
                -73.1103     -77.6962     -73.6333     -71.0166     -59.1032
                -51.5204     -50.4746     -50.4201     -56.8477     -73.7731
   1    100     -65.4857     -72.4958     -68.6316     -74.0266     -72.2072
                -72.1421     -66.1096     -58.5230     -65.0850     -78.7323
                -74.9183     -68.9178     -63.7212     -74.7716     -65.2736
                -75.3250     -62.5566     -61.4919     -61.6573     -53.4662
                -63.2813     -66.8787     -73.2221     -68.9723     -77.3633
                -75.4699     -80.4157     -79.1000     -62.4128     -61.9568
                -69.4211     -67.9830     -77.5873     -83.9402     -85.0623
                -77.8462     -72.1157     -71.6548     -60.6583     -80.9144
                -74.4784     -79.0697     -75.0067     -72.3841     -60.4579
                -52.8835     -51.8404     -51.7825     -58.2126     -75.1388
   2      0     -63.1229     -70.1170     -66.2649     -71.6465     -69.8158
                -69.7696     -63.7527     -56.1338     -62.6913     -76.3468
                -72.5274     -66.5415     -61.3527     -72.4147     -62.9152
                -72.9256     -60.1739     -59.1001     -59.2704     -51.1168
                -60.9320     -64.5063     -70.8361     -66.5640     -74.9372
                -73.0931     -78.0236     -76.7016     -60.0359     -59.5750
                -67.0106     -65.5900     -75.2220     -81.5700     -82.6631
                -75.4674     -69.7167     -69.2515     -58.2958     -78.5321
                -72.0703     -76.6574     -72.5853     -69.9621     -58.1151
                -50.4876     -49.4510     -49.4005     -55.8294     -72.7356
   3      0     -63.1636     -70.1582     -66.2906     -71.6502     -69.8287
                -69.8066     -63.7666     -56.1451     -62.7133     -76.3559
                -72.5517     -66.5415     -61.3655     -72.4202     -62.9466
                -72.9474     -60.1790     -59.1260     -59.2779     -51.1365
                -60.9405     -64.5395     -70.8489     -66.5726     -74.9650
                -73.1339     -78.0676     -76.7277     -60.0729     -59.5766
                -67.0160     -65.6109     -75.2668     -81.5805     -82.6982
                -75.4946     -69.7351     -69.2734     -58.3312     -78.5635
                -72.0918     -76.6753     -72.6119     -69.9726     -58.1309
                -50.5190     -49.4700     -49.4173     -55.8298     -72.7298
   4      0     -63.1462     -70.1193     -66.2862     -71.6747     -69.8414
                -69.8129     -63.8137     -56.1650     -62.7259     -76.3678
                -72.5700     -66.5696     -61.4000     -72.4468     -62.9397
                -72.9564     -60.2014     -59.1324     -59.3059     -51.1658
                -60.9667     -64.5593     -70.8698     -66.5951     -74.9595
                -73.1338     -78.0509     -76.7501     -60.0886     -59.5851
                -67.0225     -65.6403     -75.2579     -81.6121     -82.6854
                -75.5021     -69.7458     -69.2898     -58.3410     -78.5762
                -72.1076     -76.6781     -72.6072     -69.9814     -58.1499
                -50.5296     -49.4855     -49.4465     -55.8548     -72.7419
   5      0     -63.1423     -70.1364     -66.2791     -71.6626     -69.8823
                -69.8378     -63.8036     -56.1789     -62.6972     -76.3476
                -72.5582     -66.5744     -61.3859     -72.4584     -62.9556
                -72.9691     -60.1816     -59.1513     -59.3097     -51.1671
                -60.9931     -64.5712     -70.8738     -66.6017     -74.9848
                -73.1560     -78.0765     -76.7456     -60.0913     -59.6158
                -67.0297     -65.6237     -75.2693     -81.5920     -82.6805
                -75.4921     -69.7692     -69.2943     -58.3332     -78.5683
                -72.1022     -76.6831     -72.6143     -69.9919     -58.1609
                -50.5393     -49.4914     -49.4541     -55.8418     -72.7691
   5     60     -63.5025     -70.4958     -66.6383     -72.0228     -70.2428
                -70.1968     -64.1638     -56.5381     -63.0566     -76.7074
                -72.9190     -66.9342     -61.7424     -72.8174     -63.3128
                -73.3309     -60.5390     -59.5077     -59.6677     -51.5220
                -61.3488     -64.9311     -71.2331     -66.9618     -75.3499
                -73.5177     -78.4383     -77.1074     -60.4502     -59.9737
                -67.3917     -65.9849     -75.6312     -81.9569     -83.0439
                -75.8548     -70.1316     -69.6572     -58.6908     -78.9266
                -72.4657     -77.0502     -72.9789     -70.3537     -58.5162
                -50.8967     -49.8480     -49.8114     -56.2008     -73.1305
   5     80     -64.3424     -71.3353     -67.4771     -72.8626     -71.0844
                -71.0351     -65.0038     -57.3775     -63.8967     -77.5460
                -73.7603     -67.7732     -62.5757     -73.6552     -64.1474
                -74.1736     -61.3762     -60.3435     -60.5063     -52.3544
                -62.1817     -65.7692     -72.0715     -67.8028     -76.2000
                -74.3608     -79.2821     -77.9504     -61.2888     -60.8101
                -68.2355     -66.8283     -76.4736     -82.8033     -83.8880
                -76.6990     -70.9760     -70.5029     -59.5270     -79.7623
                -73.3121     -77.9031     -73.8285     -71.1977     -59.3481
                -51.7341     -50.6832     -50.6476     -57.0413     -73.9738
   5    100     -65.5681     -72.5626     -68.7035     -74.0883     -72.3120
                -72.2590     -66.2316     -58.6050     -65.1240     -78.7662
                -74.9865     -68.9973     -63.7963     -74.8808     -65.3715
                -75.4010     -62.6052     -61.5708     -61.7359     -53.5784
                -63.4044     -66.9859     -73.2959     -69.0313     -77.4346
                -75.5905     -80.5141     -79.1798     -62.5162     -62.0337
                -69.4640     -68.0631     -77.6993     -84.0236     -85.1096
                -77.9233     -72.2048     -71.7336     -60.7509     -80.9835
                -74.5462     -79.1403     -75.0658     -72.4292     -60.5710
                -52.9643     -51.9145     -51.8765     -58.2717     -75.2048
 
 group  inft   Estimated free energy: 2-th solvent contribution (kcal/mol)
   1      0     -55.0217     -50.2969     -53.0537     -48.1917     -51.2959
                -50.7250     -53.6775     -62.6436     -57.4388     -42.9635
                -46.5627     -51.1436     -57.7212     -45.2914     -56.8545
                -45.2684     -60.3797     -63.5623     -61.4541     -69.3411
                -57.9428     -54.1213     -49.1191     -54.3895     -44.4510
                -44.8092     -41.3853     -41.8172     -60.7630     -61.2337
                -53.5971     -55.2895     -43.8755     -35.5023     -33.6930
                -43.1980     -47.8800     -49.6366     -61.4908     -41.0161
                -46.5145     -42.5212     -48.9501     -48.4964     -62.3193
                -69.0608     -71.0235     -70.3422     -65.6398     -47.9514
   1     60     -56.6372     -51.9106     -54.6719     -49.8035     -52.9104
                -52.3395     -55.3046     -64.2506     -59.0499     -44.5836
                -48.1788     -52.7628     -59.3289     -46.9234     -58.4675
                -46.8970     -61.9849     -65.1661     -63.0671     -70.9477
                -59.5540     -55.7408     -50.7316     -56.0035     -46.0762
                -46.4342     -43.0131     -43.4414     -62.3824     -62.8477
                -55.2119     -56.9074     -45.5005     -37.1364     -35.3226
                -44.8208     -49.5066     -51.2645     -63.0977     -42.6314
                -48.1371     -44.1481     -50.5668     -50.1107     -63.9219
                -70.6650     -72.6319     -71.9491     -67.2402     -49.5783
   1     80     -60.7223     -55.9948     -58.7599     -53.8849     -56.9995
                -56.4326     -59.4075     -68.3340     -63.1303     -48.6667
                -52.2628     -56.8566     -63.4040     -51.0433     -62.5446
                -50.9990     -66.0525     -69.2315     -67.1594     -75.0131
                -63.6422     -59.8257     -54.8125     -60.0928     -50.1888
                -50.5413     -47.1214     -47.5521     -66.4837     -66.9318
                -59.2935     -61.0039     -49.6175     -41.2615     -39.4357
                -48.9223     -53.6142     -55.3811     -67.1803     -46.7164
                -52.2361     -48.2653     -54.6550     -54.2084     -67.9850
                -74.7378     -76.7187     -76.0273     -71.3002     -53.6826
   1    100     -67.4587     -62.7452     -65.4963     -60.6249     -63.7426
                -63.1771     -66.1572     -75.0716     -69.8721     -55.3998
                -58.9964     -63.5961     -70.1360     -57.8189     -69.2685
                -57.7566     -72.7889     -75.9834     -73.9493     -81.7641
                -70.4051     -66.5187     -61.5555     -66.8566     -56.9505
                -57.2844     -53.9046     -54.2920     -73.2418     -73.6750
                -66.0345     -67.7570     -56.3485     -47.9787     -46.1646
                -55.6569     -60.3629     -62.1244     -73.9152     -53.4512
                -59.0005     -54.9980     -61.3935     -60.9631     -74.7180
                -81.4823     -83.4723     -82.7812     -78.0340     -60.4598
   2      0     -55.0483     -50.3549     -53.0572     -48.2405     -51.3183
                -50.7501     -53.6835     -62.7178     -57.4761     -43.0577
                -46.6477     -51.1975     -57.7283     -45.3183     -56.9113
                -45.2981     -60.4313     -63.5913     -61.4718     -69.3610
                -58.0321     -54.1952     -49.1890     -54.3870     -44.5222
                -44.8592     -41.4057     -41.8531     -60.7990     -61.2983
                -53.6731     -55.3218     -44.0004     -35.6340     -33.7775
                -43.3084     -47.8918     -49.6997     -61.5464     -41.0561
                -46.5509     -42.5568     -49.0187     -48.5185     -62.4049
                -69.0934     -71.0137     -70.3770     -65.6710     -47.9745
   3      0     -55.0868     -50.3682     -53.0717     -48.2701     -51.3472
                -50.7986     -53.6883     -62.7429     -57.5004     -43.0501
                -46.6544     -51.2204     -57.7888     -45.3672     -56.9413
                -45.3680     -60.4387     -63.6053     -61.4938     -69.3612
                -58.0516     -54.2526     -49.2126     -54.3975     -44.5413
                -44.9194     -41.4366     -41.8843     -60.8638     -61.3220
                -53.7288     -55.3563     -44.0455     -35.6830     -33.7993
                -43.3030     -47.9430     -49.7487     -61.5366     -41.0817
                -46.6066     -42.5977     -49.0281     -48.5482     -62.4460
                -69.1104     -71.0691     -70.4038     -65.6937     -47.9920
   4      0     -55.0876     -50.3530     -53.0878     -48.2467     -51.3917
                -50.7643     -53.6896     -62.7099     -57.4623     -43.0172
                -46.6319     -51.1454     -57.7173     -45.3503     -56.9150
                -45.3476     -60.5080     -63.5599     -61.4510     -69.3446
                -58.0004     -54.1864     -49.1992     -54.3269     -44.4384
                -44.8524     -41.4473     -41.9166     -60.8236     -61.2590
                -53.7184     -55.3404     -44.0559     -35.6882     -33.7299
                -43.2845     -47.9427     -49.6951     -61.5480     -41.1486
                -46.6175     -42.6119     -49.0183     -48.5594     -62.4202
                -69.0650     -70.9916     -70.3195     -65.6908     -47.8875
   5      0     -55.1218     -50.4465     -53.1268     -48.3251     -51.3737
                -50.8357     -53.6646     -62.7515     -57.5312     -43.1328
                -46.7408     -51.2694     -57.7948     -45.3430     -56.9574
                -45.3722     -60.5100     -63.5982     -61.4981     -69.3596
                -58.0715     -54.2682     -49.2611     -54.4755     -44.6184
                -44.9683     -41.4840     -41.9686     -60.8470     -61.3243
                -53.7801     -55.4728     -44.0754     -35.7376     -33.8352
                -43.3953     -47.9481     -49.8121     -61.6129     -41.1341
                -46.6596     -42.6455     -49.1142     -48.6114     -62.5045
                -69.1845     -71.1057     -70.3921     -65.7285     -48.0517
   5     60     -57.0797     -52.4053     -55.0865     -50.2844     -53.3350
                -52.7972     -55.6327     -64.7039     -59.4856     -45.0948
                -48.7014     -53.2325     -59.7481     -47.3207     -58.9121
                -47.3454     -62.4556     -65.5425     -63.4539     -71.3044
                -60.0262     -56.2319     -51.2167     -56.4331     -46.5940
                -46.9394     -43.4563     -43.9406     -62.8121     -63.2815
                -55.7382     -57.4378     -46.0561     -37.7260     -35.8123
                -45.3646     -49.9169     -51.7874     -63.5661     -43.0956
                -48.6266     -44.6258     -51.0775     -50.5730     -64.4526
                -71.1302     -73.0598     -72.3408     -67.6707     -50.0227
   5     80     -61.5550     -56.8808     -59.5638     -54.7532     -57.8108
                -57.2746     -60.1234     -69.1697     -63.9569     -49.5681
                -53.1740     -57.7141     -64.2103     -51.8318     -63.3793
                -51.8414     -66.9143     -69.9992     -67.9374     -75.7631
                -64.5028     -60.7048     -55.6848     -60.9088     -51.0968
                -51.4342     -47.9565     -48.4337     -67.3001     -67.7545
                -60.2086     -61.9232     -50.5586     -42.2400     -40.3083
                -49.8529     -54.4110     -56.2906     -68.0329     -47.5674
                -53.1136     -49.1268     -55.5563     -55.0537     -68.9092
                -75.5921     -77.5325     -76.8046     -72.1212     -54.5215
   5    100     -67.5905     -62.9332     -65.6010     -60.7984     -63.8543
                -63.3147     -66.1634     -75.2025     -69.9978     -55.6011
                -59.2117     -63.7523     -70.2377     -57.9019     -69.4116
                -57.8900     -72.9538     -76.0453     -74.0145     -81.8035
                -70.5579     -66.7068     -61.7319     -66.9654     -57.1556
                -57.4804     -54.0342     -54.4735     -73.3538     -73.7967
                -66.2524     -67.9719     -56.5852     -48.2546     -46.3420
                -55.8872     -60.4566     -62.3337     -74.0687     -53.6064
                -59.1727     -55.1523     -61.5970     -61.1031     -74.9449
                -81.6375     -83.5805     -82.8463     -78.1514     -60.5915
 
 
 cumulative average & 95% error for solvation free energy
              total             1st component         2nd component
  1  -118.2510              -63.1636              -55.0868
  2  -119.3890     2.2759   -66.6609     6.9946   -52.7275     4.7186
  3  -119.3802     1.3141   -66.5375     4.0459   -52.8422     2.7340
  4  -119.5154     0.9678   -67.8157     3.8366   -51.6992     2.9939
  5  -119.8476     1.0017   -68.2183     3.0790   -51.6288     2.3233
  6  -119.9740     0.8560   -68.4830     2.5691   -51.4904     1.9171
  7  -119.6142     1.0204   -67.8092     2.5555   -51.8044     1.7376
  8  -119.5235     0.9021   -66.3512     3.6607   -53.1717     3.1213
  9  -119.6002     0.8103   -65.9470     3.3282   -53.6527     2.9160
 10  -119.5809     0.7258   -66.9879     3.6325   -52.5924     3.3614
 11  -119.5468     0.6600   -67.4937     3.4379   -52.0526     3.2265
 12  -119.3981     0.6719   -67.4143     3.1424   -51.9833     2.9486
 13  -119.3794     0.6192   -66.9490     3.0367   -52.4298     2.8556
 14  -119.2657     0.6167   -67.3398     2.9180   -51.9254     2.8298
 15  -119.3073     0.5801   -67.0470     2.7790   -52.2598     2.7179
 16  -119.2453     0.5566   -67.4157     2.7021   -51.8290     2.6844
 17  -119.3261     0.5472   -66.9900     2.6772   -52.3355     2.7174
 18  -119.5153     0.6398   -66.5532     2.6710   -52.9616     2.8516
 19  -119.5814     0.6195   -66.1702     2.6401   -53.4106     2.8430
 20  -119.6273     0.5948   -65.4186     2.9211   -54.2082     3.1334
 21  -119.5971     0.5690   -65.2053     2.8111   -54.3912     3.0029
 22  -119.5605     0.5474   -65.1751     2.6810   -54.3849     2.8632
 23  -119.5823     0.5249   -65.4217     2.6088   -54.1600     2.7726
 24  -119.6402     0.5157   -65.4697     2.4996   -54.1699     2.6546
 25  -119.6348     0.4948   -65.8495     2.5150   -53.7848     2.6602
 26  -119.5740     0.4907   -66.1297     2.4804   -53.4438     2.6452
 27  -119.5714     0.4722   -66.5718     2.5453   -52.9991     2.6963
 28  -119.5372     0.4601   -66.9345     2.5578   -52.6021     2.7168
 29  -119.5855     0.4543   -66.6979     2.5130   -52.8870     2.6826
 30  -119.6293     0.4476   -66.4605     2.4737   -53.1682     2.6520
 31  -119.6653     0.4389   -66.4785     2.3929   -53.1863     2.5653
 32  -119.7060     0.4327   -66.4514     2.3175   -53.2541     2.4875
 33  -119.6941     0.4200   -66.7185     2.3089   -52.9750     2.4747
 34  -119.6226     0.4318   -67.1556     2.4045   -52.4664     2.6074
 35  -119.5333     0.4557   -67.5997     2.4980   -51.9331     2.7473
 36  -119.5129     0.4448   -67.8190     2.4669   -51.6934     2.7126
 37  -119.4633     0.4438   -67.8708     2.4016   -51.5920     2.6461
 38  -119.4517     0.4326   -67.9077     2.3387   -51.5435     2.5773
 39  -119.4624     0.4219   -67.6621     2.3303   -51.7997     2.5622
 40  -119.4670     0.4113   -67.9347     2.3357   -51.5318     2.5541
 41  -119.4483     0.4029   -68.0361     2.2871   -51.4116     2.5026
 42  -119.4441     0.3933   -68.2418     2.2695   -51.2018     2.4781
 43  -119.4952     0.3974   -68.3434     2.2254   -51.1512     2.4219
 44  -119.4731     0.3908   -68.3804     2.1755   -51.0921     2.3692
 45  -119.4976     0.3851   -68.1526     2.1749   -51.3444     2.3703
 46  -119.5005     0.3767   -67.7693     2.2610   -51.7306     2.4435
 47  -119.5226     0.3712   -67.3800     2.3454   -52.1421     2.5286
 48  -119.5288     0.3636   -67.0057     2.4150   -52.5225     2.5896
 49  -119.5695     0.3653   -66.7777     2.4088   -52.7913     2.5926
 50  -119.5926     0.3609   -66.8967     2.3721   -52.6953     2.5475
 
 Mesh error is    0.130 kcal/mol
