 ERmod 0.3.8, Copyright (C) 2000-2019 Nobuyuki Matubayasi
                            2010-2019 Shun Sakuraba
 ERmod comes with ABSOLUTELY NO WARRANTY.
 This is free software, and you can redistribute it
 and/or modify it under certain conditions.
 See LICENSE file for details.
 
  Number of the   1-th solvent  =        10000
 
  Be sure that the solvent distribution is homogeneous (radial distribution function is essentially unity) when the solvent molecule is separated beyond distance of   10.0 Angstrom in any direction from any atom within the solute molecule
 
  LJ long-range correction    =        -7.8240
 
  Self-energy of the solute   =        -0.0124  kcal/mol
 
 
 cumulative average & 95% error for solvation energy
  1  -486.3736
  2  -487.4625     2.1779
  3  -486.9988     1.5624
  4  -486.8204     1.1610
  5  -486.7171     0.9227
  6  -486.5515     0.8230
  7  -486.5446     0.6957
  8  -486.6282     0.6252
  9  -486.7249     0.5843
 10  -486.7362     0.5231
 11  -486.7096     0.4762
 12  -486.7538     0.4436
 13  -486.7315     0.4105
 14  -486.7680     0.3870
 15  -486.7443     0.3634
 16  -486.7227     0.3426
 17  -486.6694     0.3390
 18  -486.7021     0.3262
 19  -486.6949     0.3089
 20  -486.6796     0.2946
 21  -486.6192     0.3053
 22  -486.6156     0.2911
 23  -486.6117     0.2783
 24  -486.5604     0.2855
 25  -486.5404     0.2768
 26  -486.5488     0.2664
 27  -486.5766     0.2624
 28  -486.5811     0.2530
 29  -486.5780     0.2442
 30  -486.5409     0.2473
 31  -486.5739     0.2481
 32  -486.6068     0.2490
 33  -486.5739     0.2502
 34  -486.5463     0.2489
 35  -486.5422     0.2419
 36  -486.5459     0.2352
 37  -486.5289     0.2312
 38  -486.5309     0.2251
 39  -486.5300     0.2193
 40  -486.5551     0.2195
 41  -486.4990     0.2417
 42  -486.4811     0.2386
 43  -486.4997     0.2360
 44  -486.4959     0.2307
 45  -486.4731     0.2301
 46  -486.4990     0.2309
 47  -486.4848     0.2277
 48  -486.4738     0.2240
 49  -486.4695     0.2195
 50  -486.4881     0.2183
 
 
 group  inft  solvation free energy     error          difference
   1      0        -99.34215           0.11090           0.04020
   1     60        -99.47808           0.11088          -0.09573
   1     80       -101.15259           0.11083          -1.77024
   1    100       -108.47976           0.11103          -9.09741
   2      0        -99.37839           0.11463           0.00396
   3      0        -99.38235           0.11427           0.00000
   4      0        -99.33334           0.11555           0.04901
   5      0        -99.42642           0.11570          -0.04407
   5     60        -99.61863           0.11569          -0.23628
   5     80       -101.79225           0.11569          -2.40990
   5    100       -108.58799           0.11605          -9.20564
 
 
 group  inft   Estimated free energy (kcal/mol)
   1      0     -99.3713    -100.3390     -99.1300     -99.7703     -99.3589
                -98.7413     -99.3648     -99.8866     -99.6286     -99.3539
                -99.5161     -99.8410     -99.2924     -99.4473     -99.0152
                -99.1959     -99.2271     -99.6785     -99.3967     -99.1147
                -98.5350     -99.5131     -99.1552     -98.8637     -99.3104
                -99.3401     -99.8345     -99.4464     -99.0261     -98.7831
                -99.9664     -99.7936     -99.0405     -98.8805     -99.4671
                -99.6539     -99.1867     -99.3803     -99.6076     -99.7258
                -98.3259     -99.0871     -99.6080     -99.3359     -98.7081
                -99.8731     -99.1098     -99.0844     -99.1491     -99.6464
   1     60     -99.5069    -100.4747     -99.2662     -99.9064     -99.4947
                -98.8777     -99.5011    -100.0225     -99.7646     -99.4905
                -99.6519     -99.9770     -99.4279     -99.5832     -99.1508
                -99.3318     -99.3628     -99.8143     -99.5326     -99.2506
                -98.6713     -99.6488     -99.2913     -98.9998     -99.4466
                -99.4759     -99.9705     -99.5827     -99.1624     -98.9191
               -100.1027     -99.9291     -99.1762     -99.0164     -99.6030
                -99.7896     -99.3227     -99.5160     -99.7435     -99.8618
                -98.4618     -99.2229     -99.7441     -99.4717     -98.8442
               -100.0086     -99.2456     -99.2206     -99.2845     -99.7826
   1     80    -101.1767    -102.1483    -100.9364    -101.5807    -101.1657
               -100.5567    -101.1778    -101.6932    -101.4408    -101.1681
               -101.3252    -101.6522    -101.1048    -101.2612    -100.8267
               -101.0053    -101.0359    -101.4904    -101.2055    -100.9293
               -100.3472    -101.3226    -100.9689    -100.6737    -101.1215
               -101.1482    -101.6448    -101.2589    -100.8411    -100.5918
               -101.7790    -101.6072    -100.8491    -100.6908    -101.2754
               -101.4596    -100.9989    -101.1941    -101.4178    -101.5356
               -100.1318    -100.8943    -101.4196    -101.1456    -100.5229
               -101.6786    -100.9173    -100.8961    -100.9578    -101.4582
   1    100    -108.4880    -109.4719    -108.2578    -108.9203    -108.4875
               -107.9041    -108.5136    -109.0153    -108.7665    -108.5053
               -108.6497    -108.9914    -108.4411    -108.5876    -108.1521
               -108.3237    -108.3665    -108.8189    -108.5294    -108.2642
               -107.6779    -108.6505    -108.3035    -107.9994    -108.4491
               -108.4719    -108.9705    -108.5933    -108.1751    -107.9073
               -109.1145    -108.9416    -108.1734    -108.0128    -108.6004
               -108.7756    -108.3297    -108.5249    -108.7499    -108.8627
               -107.4434    -108.2080    -108.7502    -108.4725    -107.8642
               -108.9932    -108.2333    -108.2269    -108.2721    -108.7851
   2      0     -99.4133    -100.4434     -99.1232     -99.7734     -99.3936
                -98.7580     -99.4715     -99.9641     -99.6694     -99.3295
                -99.5604     -99.8636     -99.2972     -99.5010     -99.0209
                -99.2408     -99.2284     -99.7100     -99.4702     -99.2101
                -98.5362     -99.5722     -99.1935     -98.8424     -99.3341
                -99.3576     -99.9147     -99.4771     -99.0502     -98.8309
                -99.9782     -99.8297     -99.0742     -98.8708     -99.5202
                -99.7210     -99.2218     -99.3915     -99.6329     -99.7378
                -98.3523     -99.1277     -99.6950     -99.3622     -98.7292
                -99.9223     -99.1641     -99.0986     -99.2039     -99.7354
   3      0     -99.4144    -100.4612     -99.1519     -99.7850     -99.3832
                -98.7188     -99.4558     -99.9331     -99.6697     -99.3402
                -99.5509     -99.8653     -99.3070     -99.5293     -99.0233
                -99.2607     -99.2351     -99.7192     -99.5005     -99.2177
                -98.5488     -99.5557     -99.2279     -98.8490     -99.3266
                -99.3506     -99.9498     -99.5019     -99.0593     -98.8199
                -99.9909     -99.8403     -99.0621     -98.9080     -99.5279
                -99.6967     -99.2477     -99.4246     -99.6046     -99.7233
                -98.3551     -99.1127     -99.6970     -99.3651     -98.7440
                -99.9105     -99.2042     -99.1013     -99.1845     -99.7056
   4      0     -99.3690    -100.4269     -99.1328     -99.6975     -99.3420
                -98.6927     -99.3923     -99.9081     -99.6191     -99.2629
                -99.4978     -99.7828     -99.2400     -99.4528     -98.9934
                -99.1943     -99.2092     -99.6872     -99.3859     -99.1808
                -98.5206     -99.5502     -99.1423     -98.7569     -99.3070
                -99.2671     -99.9103     -99.4501     -99.0424     -98.7950
                -99.9580     -99.8017     -98.9933     -98.8477     -99.4832
                -99.6721     -99.1673     -99.3742     -99.5910     -99.7021
                -98.2923     -99.0684     -99.6726     -99.3209     -98.7138
                -99.9015     -99.0823     -99.0276     -99.1189     -99.6687
   5      0     -99.4615    -100.5531     -99.2184     -99.8084     -99.4346
                -98.7567     -99.4729    -100.0165     -99.7417     -99.3365
                -99.6042     -99.8828     -99.3358     -99.5267     -99.1168
                -99.3555     -99.3076     -99.7512     -99.5297     -99.2490
                -98.5680     -99.6601     -99.2544     -98.8856     -99.3462
                -99.3559     -99.9732     -99.5372     -99.1104     -98.8865
               -100.0300     -99.9374     -99.1172     -98.9625     -99.5641
                -99.7228     -99.2583     -99.4547     -99.6556     -99.8334
                -98.3947     -99.1542     -99.7298     -99.3805     -98.8194
                -99.9799     -99.1719     -99.1448     -99.2266     -99.7462
   5     60     -99.6536    -100.7453     -99.4102    -100.0007     -99.6263
                -98.9497     -99.6654    -100.2086     -99.9339     -99.5288
                -99.7961    -100.0753     -99.5283     -99.7192     -99.3090
                -99.5475     -99.4994     -99.9433     -99.7218     -99.4418
                -98.7605     -99.8521     -99.4469     -99.0780     -99.5383
                -99.5478    -100.1653     -99.7299     -99.3031     -99.0784
               -100.2226    -100.1295     -99.3088     -99.1546     -99.7562
                -99.9147     -99.4509     -99.6471     -99.8478    -100.0256
                -98.5867     -99.3460     -99.9223     -99.5726     -99.0120
               -100.1718     -99.3639     -99.3371     -99.4187     -99.9384
   5     80    -101.8227    -102.9193    -101.5805    -102.1740    -101.7956
               -101.1292    -101.8425    -102.3795    -102.1086    -101.7048
               -101.9673    -102.2500    -101.7041    -101.8957    -101.4823
               -101.7193    -101.6713    -102.1182    -101.8934    -101.6208
               -100.9358    -102.0255    -101.6244    -101.2512    -101.7106
               -101.7193    -102.3385    -101.9063    -101.4813    -101.2498
               -102.3997    -102.3069    -101.4802    -101.3275    -101.9283
               -102.0831    -101.6262    -101.8223    -102.0219    -102.1991
               -100.7547    -101.5158    -102.0972    -101.7448    -101.1909
               -102.3417    -101.5354    -101.5119    -101.5899    -102.1129
   5    100    -108.6042    -109.7198    -108.3682    -108.9775    -108.5836
               -107.9373    -108.6483    -109.1718    -108.9034    -108.5051
               -108.7599    -109.0527    -108.5067    -108.6959    -108.2748
               -108.5067    -108.4687    -108.9150    -108.6872    -108.4264
               -107.7316    -108.8221    -108.4275    -108.0425    -108.5068
               -108.5081    -109.1373    -108.7116    -108.2817    -108.0385
               -109.2066    -109.1087    -108.2705    -108.1200    -108.7228
               -108.8692    -108.4284    -108.6224    -108.8212    -108.9930
               -107.5378    -108.2999    -108.8987    -108.5393    -108.0004
               -109.1266    -108.3255    -108.3069    -108.3747    -108.9059
 
 
 cumulative average & 95% error for solvation free energy
  1   -99.4144
  2   -99.9378     1.0467
  3   -99.6758     0.7998
  4   -99.7031     0.5682
  5   -99.6391     0.4584
  6   -99.4858     0.4839
  7   -99.4815     0.4091
  8   -99.5379     0.3718
  9   -99.5526     0.3292
 10   -99.5313     0.2975
 11   -99.5331     0.2691
 12   -99.5608     0.2518
 13   -99.5413     0.2349
 14   -99.5404     0.2175
 15   -99.5059     0.2139
 16   -99.4906     0.2024
 17   -99.4756     0.1925
 18   -99.4891     0.1835
 19   -99.4897     0.1736
 20   -99.4761     0.1669
 21   -99.4320     0.1817
 22   -99.4376     0.1736
 23   -99.4285     0.1669
 24   -99.4043     0.1669
 25   -99.4012     0.1602
 26   -99.3993     0.1540
 27   -99.4197     0.1537
 28   -99.4226     0.1482
 29   -99.4101     0.1452
 30   -99.3904     0.1457
 31   -99.4098     0.1461
 32   -99.4232     0.1440
 33   -99.4123     0.1413
 34   -99.3974     0.1402
 35   -99.4012     0.1364
 36   -99.4094     0.1335
 37   -99.4050     0.1302
 38   -99.4055     0.1267
 39   -99.4106     0.1238
 40   -99.4184     0.1217
 41   -99.3925     0.1295
 42   -99.3858     0.1271
 43   -99.3931     0.1250
 44   -99.3924     0.1221
 45   -99.3780     0.1228
 46   -99.3896     0.1223
 47   -99.3857     0.1199
 48   -99.3797     0.1180
 49   -99.3758     0.1158
 50   -99.3824     0.1143
 
 Mesh error is    0.049 kcal/mol
