 ERmod 0.3.8, Copyright (C) 2000-2019 Nobuyuki Matubayasi
                            2010-2019 Shun Sakuraba
 ERmod comes with ABSOLUTELY NO WARRANTY.
 This is free software, and you can redistribute it
 and/or modify it under certain conditions.
 See LICENSE file for details.
 
  Number of the   1-th solvent  =        10000
 
  Be sure that the solvent distribution is homogeneous (radial distribution function is essentially unity) when the solvent molecule is separated beyond distance of   10.0 Angstrom in any direction from any atom within the solute molecule
 
  LJ long-range correction    =        -7.8240
 
  Self-energy of the solute   =         0.0101  kcal/mol
 
 
 cumulative average & 95% error for solvation energy
  1  -491.9470
  2  -492.3303     0.7665
  3  -491.7359     1.2684
  4  -491.5671     0.9584
  5  -491.1153     1.1693
  6  -490.9183     1.0329
  7  -490.9177     0.8729
  8  -490.8256     0.7781
  9  -490.8554     0.6888
 10  -490.8807     0.6182
 11  -490.9981     0.6065
 12  -491.0429     0.5608
 13  -491.0776     0.5205
 14  -491.0111     0.4999
 15  -491.0403     0.4690
 16  -491.1162     0.4643
 17  -491.0856     0.4404
 18  -491.1450     0.4319
 19  -491.1160     0.4126
 20  -491.1353     0.3934
 21  -491.0959     0.3824
 22  -491.1380     0.3742
 23  -491.1565     0.3595
 24  -491.1708     0.3454
 25  -491.1405     0.3368
 26  -491.1872     0.3368
 27  -491.2205     0.3308
 28  -491.2617     0.3293
 29  -491.2341     0.3225
 30  -491.2512     0.3134
 31  -491.2739     0.3065
 32  -491.2972     0.3004
 33  -491.2687     0.2967
 34  -491.2488     0.2906
 35  -491.2475     0.2822
 36  -491.2239     0.2783
 37  -491.2189     0.2708
 38  -491.1757     0.2774
 39  -491.1760     0.2702
 40  -491.2097     0.2718
 41  -491.2307     0.2684
 42  -491.2257     0.2621
 43  -491.2320     0.2563
 44  -491.2583     0.2559
 45  -491.2577     0.2501
 46  -491.2594     0.2446
 47  -491.2527     0.2397
 48  -491.2624     0.2355
 49  -491.2322     0.2384
 50  -491.2267     0.2339
 
 
 group  inft  solvation free energy     error          difference
   1      0       -104.70668           0.13178           0.00947
   1     60       -104.83810           0.13176          -0.12195
   1     80       -106.47264           0.13172          -1.75649
   1    100       -113.62779           0.13259          -8.91165
   2      0       -104.70689           0.13047           0.00926
   3      0       -104.71615           0.13026          -0.00000
   4      0       -104.65486           0.12994           0.06129
   5      0       -104.71095           0.13054           0.00519
   5     60       -104.89832           0.13050          -0.18217
   5     80       -107.01125           0.13046          -2.29510
   5    100       -113.64347           0.13118          -8.92733
 
 
 group  inft   Estimated free energy (kcal/mol)
   1      0    -104.7059    -105.6428    -104.2348    -104.7026    -103.6067
               -104.3283    -104.4557    -104.2234    -104.7128    -104.9118
               -105.0759    -104.6788    -104.9864    -104.2373    -104.4127
               -105.2642    -104.5749    -105.0777    -104.7190    -104.9623
               -103.9514    -105.4340    -105.0529    -104.8714    -104.5594
               -105.3883    -105.0603    -105.2806    -104.1185    -105.0718
               -105.1549    -104.7423    -104.6329    -103.8876    -104.5495
               -104.5861    -104.3763    -104.2610    -104.7956    -105.7056
               -105.0419    -104.7232    -105.0326    -104.9225    -104.6677
               -104.8352    -104.5718    -104.8682    -103.6679    -104.0087
   1     60    -104.8373    -105.7736    -104.3664    -104.8345    -103.7384
               -104.4590    -104.5875    -104.3551    -104.8445    -105.0422
               -105.2073    -104.8106    -105.1176    -104.3686    -104.5439
               -105.3957    -104.7059    -105.2096    -104.8511    -105.0933
               -104.0827    -105.5652    -105.1849    -105.0034    -104.6902
               -105.5189    -105.1916    -105.4117    -104.2504    -105.2033
               -105.2862    -104.8744    -104.7633    -104.0200    -104.6806
               -104.7171    -104.5078    -104.3923    -104.9271    -105.8370
               -105.1738    -104.8541    -105.1639    -105.0549    -104.7993
               -104.9665    -104.7032    -105.0000    -103.7990    -104.1400
   1     80    -106.4738    -107.4056    -105.9979    -106.4703    -105.3728
               -106.0868    -106.2248    -105.9887    -106.4791    -106.6722
               -106.8460    -106.4490    -106.7501    -105.9973    -106.1801
               -107.0329    -106.3398    -106.8452    -106.4851    -106.7261
               -105.7161    -107.1958    -106.8200    -106.6381    -106.3217
               -107.1454    -106.8272    -107.0467    -105.8873    -106.8394
               -106.9234    -106.5163    -106.3899    -105.6588    -106.3165
               -106.3472    -106.1460    -106.0242    -106.5590    -107.4687
               -106.8141    -106.4855    -106.7985    -106.6974    -106.4356
               -106.6017    -106.3398    -106.6381    -105.4324    -105.7778
   1    100    -113.6328    -114.5603    -113.1396    -113.6293    -112.5217
               -113.2272    -113.3909    -113.1499    -113.6379    -113.8136
               -114.0195    -113.6081    -113.9069    -113.1351    -113.3283
               -114.2049    -113.4830    -114.0046    -113.6436    -113.8667
               -112.8566    -114.3368    -113.9758    -113.7948    -113.4741
               -114.2951    -113.9895    -114.2116    -113.0486    -114.0003
               -114.0817    -113.6835    -113.5278    -112.8195    -113.4747
               -113.4810    -113.3049    -113.1748    -113.7024    -114.6232
               -113.9833    -113.6372    -113.9580    -113.8796    -113.5958
               -113.7608    -113.5052    -113.8026    -112.5772    -112.9295
   2      0    -104.6988    -105.6268    -104.2402    -104.7135    -103.6224
               -104.3261    -104.4609    -104.2216    -104.7272    -104.8989
               -105.0844    -104.6488    -104.9447    -104.2795    -104.4247
               -105.2461    -104.5847    -105.1160    -104.7286    -104.9631
               -104.0058    -105.4399    -105.0381    -104.8866    -104.5995
               -105.3809    -105.0488    -105.2405    -104.0951    -105.0382
               -105.2134    -104.7416    -104.6409    -103.8783    -104.5255
               -104.5638    -104.3613    -104.2321    -104.7888    -105.7346
               -105.0234    -104.7209    -105.0360    -104.8737    -104.6955
               -104.8836    -104.5815    -104.8037    -103.7233    -103.9923
   3      0    -104.7063    -105.5838    -104.2429    -104.6947    -103.6693
               -104.3073    -104.4468    -104.2363    -104.7513    -104.9136
               -105.0913    -104.6885    -104.9942    -104.2758    -104.4631
               -105.2825    -104.6069    -105.1516    -104.7693    -104.9737
               -104.0075    -105.4357    -105.0407    -104.9168    -104.6141
               -105.3979    -105.0641    -105.2604    -104.1295    -105.0300
               -105.1701    -104.7540    -104.6794    -103.8877    -104.5305
               -104.5474    -104.3438    -104.2211    -104.7669    -105.7855
               -105.0293    -104.7178    -105.0489    -104.8831    -104.6838
               -104.8445    -104.6015    -104.8284    -103.7320    -104.0057
   4      0    -104.6546    -105.5156    -104.2186    -104.6520    -103.5593
               -104.2219    -104.3690    -104.1746    -104.6978    -104.8294
               -105.0073    -104.6653    -104.9192    -104.1905    -104.4055
               -105.1445    -104.5724    -105.0763    -104.6625    -104.9455
               -103.9451    -105.4094    -105.0394    -104.8079    -104.5579
               -105.3070    -104.9624    -105.1334    -104.0664    -104.9959
               -105.1186    -104.6549    -104.6389    -103.8288    -104.4691
               -104.4645    -104.3156    -104.1667    -104.7125    -105.7477
               -104.9893    -104.6518    -104.9662    -104.8697    -104.6627
               -104.8036    -104.5003    -104.8126    -103.7086    -103.9544
   5      0    -104.7297    -105.6058    -104.2666    -104.6985    -103.6522
               -104.3130    -104.4101    -104.2263    -104.7870    -104.8687
               -105.0421    -104.7208    -105.0250    -104.2599    -104.4586
               -105.2846    -104.6262    -105.1124    -104.7478    -105.0281
               -104.0189    -105.4396    -105.0164    -104.8804    -104.6145
               -105.3812    -105.0357    -105.2851    -104.0992    -105.0388
               -105.1529    -104.7345    -104.6382    -103.8832    -104.5516
               -104.5556    -104.3599    -104.2459    -104.7470    -105.7709
               -105.0415    -104.6748    -105.0562    -104.8877    -104.6690
               -104.8243    -104.5564    -104.8193    -103.7180    -103.9872
   5     60    -104.9175    -105.7928    -104.4542    -104.8856    -103.8398
               -104.4996    -104.5979    -104.4135    -104.9742    -105.0553
               -105.2298    -104.9086    -105.2122    -104.4472    -104.6460
               -105.4720    -104.8131    -105.3000    -104.9350    -105.2146
               -104.2066    -105.6262    -105.2037    -105.0680    -104.8015
               -105.5682    -105.2231    -105.4728    -104.2872    -105.2262
               -105.3402    -104.9230    -104.8248    -104.0714    -104.7392
               -104.7425    -104.5473    -104.4326    -104.9341    -105.9577
               -105.2295    -104.8619    -105.2433    -105.0760    -104.8565
               -105.0112    -104.7442    -105.0074    -103.9055    -104.1751
   5     80    -107.0334    -107.9035    -106.5656    -106.9997    -105.9523
               -106.6061    -106.7121    -106.5271    -107.0869    -107.1632
               -107.3493    -107.0255    -107.3235    -106.5554    -106.7600
               -107.5880    -106.9224    -107.4153    -107.0460    -107.3221
               -106.3196    -107.7338    -107.3145    -107.1834    -106.9118
               -107.6756    -107.3393    -107.5879    -106.4009    -107.3386
               -107.4532    -107.0431    -106.9318    -106.1900    -106.8536
               -106.8482    -106.6619    -106.5412    -107.0428    -108.0688
               -107.3477    -106.9732    -107.3568    -107.1991    -106.9706
               -107.1248    -106.8593    -107.1232    -106.0189    -106.2917
   5    100    -113.6678    -114.5304    -113.1898    -113.6323    -112.5808
               -113.2214    -113.3518    -113.1630    -113.7263    -113.7877
               -113.9977    -113.6589    -113.9570    -113.1756    -113.3906
               -114.2337    -113.5472    -114.0545    -113.6772    -113.9397
               -112.9417    -114.3533    -113.9440    -113.8221    -113.5421
               -114.3023    -113.9780    -114.2278    -113.0380    -113.9737
               -114.0912    -113.6855    -113.5529    -112.8241    -113.4861
               -113.4604    -113.2959    -113.1656    -113.6634    -114.7066
               -113.9936    -113.5987    -113.9908    -113.8537    -113.6114
               -113.7605    -113.5020    -113.7612    -112.6412    -112.9224
 
 
 cumulative average & 95% error for solvation free energy
  1  -104.7063
  2  -105.1451     0.8776
  3  -104.8444     0.7864
  4  -104.8069     0.5611
  5  -104.5794     0.6292
  6  -104.5341     0.5217
  7  -104.5216     0.4416
  8  -104.4859     0.3891
  9  -104.5154     0.3482
 10  -104.5552     0.3214
 11  -104.6040     0.3066
 12  -104.6110     0.2803
 13  -104.6405     0.2645
 14  -104.6144     0.2503
 15  -104.6043     0.2339
 16  -104.6467     0.2347
 17  -104.6444     0.2205
 18  -104.6726     0.2154
 19  -104.6777     0.2040
 20  -104.6925     0.1958
 21  -104.6598     0.1973
 22  -104.6951     0.2009
 23  -104.7101     0.1943
 24  -104.7187     0.1868
 25  -104.7146     0.1794
 26  -104.7408     0.1802
 27  -104.7528     0.1750
 28  -104.7709     0.1725
 29  -104.7488     0.1722
 30  -104.7582     0.1675
 31  -104.7715     0.1641
 32  -104.7709     0.1589
 33  -104.7682     0.1541
 34  -104.7423     0.1582
 35  -104.7362     0.1541
 36  -104.7310     0.1502
 37  -104.7205     0.1475
 38  -104.7074     0.1460
 39  -104.7089     0.1422
 40  -104.7358     0.1487
 41  -104.7430     0.1457
 42  -104.7424     0.1422
 43  -104.7495     0.1396
 44  -104.7525     0.1365
 45  -104.7510     0.1335
 46  -104.7530     0.1306
 47  -104.7498     0.1280
 48  -104.7515     0.1253
 49  -104.7306     0.1296
 50  -104.7161     0.1303
 
 Mesh error is    0.061 kcal/mol
