 ERmod 0.3.8, Copyright (C) 2000-2019 Nobuyuki Matubayasi
                            2010-2019 Shun Sakuraba
 ERmod comes with ABSOLUTELY NO WARRANTY.
 This is free software, and you can redistribute it
 and/or modify it under certain conditions.
 See LICENSE file for details.
 
  Number of the   1-th solvent  =        10000
 
  Be sure that the solvent distribution is homogeneous (radial distribution function is essentially unity) when the solvent molecule is separated beyond distance of   10.0 Angstrom in any direction from any atom within the solute molecule
 
  LJ long-range correction    =        -7.8240
 
  Self-energy of the solute   =         0.0040  kcal/mol
 
 
 cumulative average & 95% error for solvation energy
  1  -497.1491
  2  -497.6117     0.9251
  3  -497.3052     0.8129
  4  -497.0749     0.7367
  5  -497.2912     0.7161
  6  -497.0075     0.8148
  7  -497.2445     0.8361
  8  -497.3273     0.7427
  9  -497.5399     0.7810
 10  -497.5591     0.6996
 11  -497.5611     0.6328
 12  -497.4393     0.6269
 13  -497.3791     0.5891
 14  -497.3263     0.5555
 15  -497.3984     0.5369
 16  -497.4174     0.5036
 17  -497.3748     0.4807
 18  -497.4311     0.4670
 19  -497.4842     0.4543
 20  -497.4912     0.4312
 21  -497.4428     0.4215
 22  -497.3778     0.4223
 23  -497.3422     0.4098
 24  -497.2973     0.4025
 25  -497.2540     0.3956
 26  -497.1594     0.4246
 27  -497.1904     0.4133
 28  -497.1910     0.3982
 29  -497.2219     0.3892
 30  -497.1749     0.3875
 31  -497.1859     0.3755
 32  -497.2056     0.3657
 33  -497.2044     0.3544
 34  -497.2029     0.3439
 35  -497.2035     0.3339
 36  -497.1630     0.3344
 37  -497.2165     0.3424
 38  -497.2333     0.3349
 39  -497.2565     0.3295
 40  -497.2751     0.3233
 41  -497.2546     0.3180
 42  -497.2855     0.3164
 43  -497.2716     0.3102
 44  -497.2842     0.3041
 45  -497.2929     0.2978
 46  -497.2919     0.2913
 47  -497.2699     0.2884
 48  -497.2722     0.2823
 49  -497.2596     0.2777
 50  -497.2494     0.2728
 
 
 group  inft  solvation free energy     error          difference
   1      0       -104.13220           0.13288           0.02782
   1     60       -104.27486           0.13289          -0.11484
   1     80       -105.99331           0.13296          -1.83329
   1    100       -113.20478           0.13380          -9.04476
   2      0       -104.15624           0.13003           0.00378
   3      0       -104.16002           0.13104           0.00000
   4      0       -104.13713           0.13090           0.02289
   5      0       -104.21085           0.13024          -0.05083
   5     60       -104.41342           0.13024          -0.25340
   5     80       -106.62325           0.13034          -2.46323
   5    100       -113.30442           0.13096          -9.14440
 
 
 group  inft   Estimated free energy (kcal/mol)
   1      0    -103.9765    -104.0862    -104.1641    -103.6931    -104.9110
               -103.2863    -104.7678    -104.3190    -105.1236    -104.4168
               -104.1687    -103.7797    -103.8321    -104.1636    -104.2107
               -104.0555    -104.2141    -104.8492    -104.7979    -103.9121
               -103.6939    -103.3278    -103.4813    -103.8999    -104.1383
               -103.3332    -104.5378    -104.2552    -104.6811    -103.4766
               -104.0250    -104.6986    -104.1305    -104.1989    -104.2675
               -103.4737    -104.6988    -104.5838    -104.3990    -104.4237
               -103.2487    -104.9270    -104.0546    -104.2422    -104.2563
               -104.0449    -103.3486    -104.2295    -103.8301    -103.9759
   1     60    -104.1192    -104.2291    -104.3068    -103.8361    -105.0537
               -103.4287    -104.9105    -104.4614    -105.2666    -104.5593
               -104.3116    -103.9222    -103.9750    -104.3058    -104.3539
               -104.1985    -104.3562    -104.9924    -104.9406    -104.0554
               -103.8364    -103.4709    -103.6244    -104.0421    -104.2803
               -103.4747    -104.6805    -104.3975    -104.8240    -103.6192
               -104.1674    -104.8410    -104.2731    -104.3410    -104.4095
               -103.6162    -104.8419    -104.7268    -104.5415    -104.5667
               -103.3916    -105.0695    -104.1969    -104.3851    -104.3989
               -104.1874    -103.4917    -104.3720    -103.9730    -104.1185
   1     80    -105.8402    -105.9516    -106.0224    -105.5581    -106.7719
               -105.1475    -106.6302    -106.1807    -106.9901    -106.2789
               -106.0320    -105.6418    -105.6931    -106.0178    -106.0779
               -105.9196    -106.0697    -106.7121    -106.6582    -105.7836
               -105.5535    -105.1925    -105.3462    -105.7545    -105.9937
               -105.1826    -106.3989    -106.1147    -106.5407    -105.3366
               -105.8851    -106.5587    -105.9932    -106.0566    -106.1216
               -105.3318    -106.5641    -106.4472    -106.2584    -106.2862
               -105.1121    -106.7873    -105.9150    -106.1049    -106.1198
               -105.9056    -105.2134    -106.0885    -105.6898    -105.8349
   1    100    -113.0550    -113.1611    -113.2223    -112.7811    -113.9931
               -112.3533    -113.8464    -113.3898    -114.2219    -113.4924
               -113.2510    -112.8597    -112.9039    -113.2140    -113.2994
               -113.1437    -113.2794    -113.9308    -113.8688    -113.0202
               -112.7585    -112.4076    -112.5690    -112.9470    -113.1963
               -112.3647    -113.6126    -113.3189    -113.7553    -112.5435
               -113.0928    -113.7709    -113.2072    -113.2588    -113.3169
               -112.5339    -113.7805    -113.6640    -113.4582    -113.4933
               -112.3239    -114.0094    -113.1326    -113.3238    -113.3377
               -113.1187    -112.4299    -113.2929    -112.8923    -113.0405
   2      0    -104.0117    -104.1130    -104.1608    -103.7280    -104.9099
               -103.2704    -104.8337    -104.3108    -105.1413    -104.4432
               -104.2025    -103.8188    -103.8847    -104.2088    -104.2139
               -104.0777    -104.2684    -104.8450    -104.7931    -103.9274
               -103.7131    -103.3931    -103.4801    -103.9401    -104.0492
               -103.3684    -104.5774    -104.2831    -104.7112    -103.5405
               -104.0586    -104.7022    -104.1323    -104.2974    -104.3453
               -103.5908    -104.7415    -104.5710    -104.4109    -104.3953
               -103.3406    -104.9375    -104.0632    -104.2482    -104.2652
               -104.0730    -103.3866    -104.1522    -103.9078    -103.9734
   3      0    -104.0100    -104.1236    -104.1891    -103.7150    -104.9298
               -103.2948    -104.8234    -104.3355    -105.1462    -104.4389
               -104.2060    -103.8117    -103.8768    -104.2263    -104.2381
               -104.0737    -104.2497    -104.8510    -104.7883    -103.9380
               -103.7212    -103.3770    -103.4598    -103.9488    -104.1150
               -103.4067    -104.5511    -104.2875    -104.6911    -103.5155
               -104.0637    -104.7318    -104.1367    -104.2716    -104.3567
               -103.5508    -104.7554    -104.6086    -104.4155    -104.4156
               -103.3229    -104.9406    -104.0441    -104.2792    -104.2574
               -104.0586    -103.3885    -104.1972    -103.8954    -103.9708
   4      0    -103.9583    -104.1058    -104.1235    -103.6981    -104.9142
               -103.2770    -104.8228    -104.2941    -105.1367    -104.4070
               -104.1729    -103.8111    -103.8451    -104.2082    -104.1858
               -104.0778    -104.2692    -104.8331    -104.7431    -103.9181
               -103.6946    -103.3513    -103.4374    -103.9270    -104.0400
               -103.3928    -104.5289    -104.2692    -104.6592    -103.5330
               -104.0341    -104.6923    -104.0837    -104.2865    -104.3318
               -103.5577    -104.7513    -104.5729    -104.3777    -104.3793
               -103.2954    -104.9503    -104.0353    -104.2119    -104.2801
               -104.0300    -103.3650    -104.1536    -103.8588    -103.9736
   5      0    -104.0348    -104.1695    -104.2329    -103.8042    -104.9930
               -103.3479    -104.8567    -104.3796    -105.2109    -104.4909
               -104.2127    -103.8454    -103.9478    -104.3023    -104.2803
               -104.1573    -104.3440    -104.8615    -104.8416    -103.9551
               -103.7269    -103.4309    -103.4823    -104.0065    -104.1737
               -103.4895    -104.6212    -104.3337    -104.6941    -103.5970
               -104.1406    -104.7802    -104.1634    -104.3287    -104.4108
               -103.6214    -104.8058    -104.6576    -104.4809    -104.4564
               -103.3687    -104.9951    -104.1116    -104.2770    -104.3456
               -104.1177    -103.4530    -104.2040    -103.9314    -104.0682
   5     60    -104.2375    -104.3724    -104.4351    -104.0075    -105.1957
               -103.5505    -105.0594    -104.5822    -105.4140    -104.6936
               -104.4154    -104.0479    -104.1506    -104.5040    -104.4836
               -104.3601    -104.5460    -105.0644    -105.0441    -104.1589
               -103.9292    -103.6338    -103.6854    -104.2084    -104.3756
               -103.6906    -104.8238    -104.5359    -104.8964    -103.7997
               -104.3431    -104.9825    -104.3662    -104.5310    -104.6125
               -103.8240    -105.0088    -104.8604    -104.6834    -104.6592
               -103.5718    -105.1977    -104.3139    -104.4798    -104.5484
               -104.3203    -103.6563    -104.4061    -104.1339    -104.2704
   5     80    -106.4497    -106.5847    -106.6408    -106.2211    -107.4068
               -105.7600    -107.2717    -106.7919    -107.6306    -106.9040
               -106.6279    -106.2579    -106.3614    -106.7064    -106.6991
               -106.5745    -106.7520    -107.2761    -107.2532    -106.3796
               -106.1382    -105.8461    -105.8993    -106.4116    -106.5785
               -105.8887    -107.0344    -106.7432    -107.1042    -106.0085
               -106.5524    -107.1909    -106.5768    -106.7382    -106.8167
               -106.0313    -107.2231    -107.0713    -106.8905    -106.8694
               -105.7845    -107.4082    -106.5229    -106.6915    -106.7599
               -106.5296    -105.8704    -106.6127    -106.3424    -106.4777
   5    100    -113.1356    -113.2647    -113.3129    -112.9131    -114.0970
               -112.4396    -113.9588    -113.4702    -114.3325    -113.5863
               -113.3152    -112.9446    -113.0461    -113.3737    -113.3857
               -113.2673    -113.4328    -113.9659    -113.9326    -113.0842
               -112.8148    -112.5308    -112.5874    -113.0774    -113.2483
               -112.5439    -113.7170    -113.4181    -113.7855    -112.6869
               -113.2277    -113.8713    -113.2593    -113.4161    -113.4851
               -112.7082    -113.9106    -113.7563    -113.5602    -113.5468
               -112.4659    -114.0974    -113.2082    -113.3755    -113.4453
               -113.2070    -112.5566    -113.2831    -113.0201    -113.1513
 
 
 cumulative average & 95% error for solvation free energy
  1  -104.0100
  2  -104.0668     0.1135
  3  -104.1076     0.1046
  4  -104.0094     0.2098
  5  -104.1935     0.4024
  6  -104.0437     0.4446
  7  -104.1551     0.4368
  8  -104.1777     0.3810
  9  -104.2853     0.3990
 10  -104.3006     0.3582
 11  -104.2920     0.3245
 12  -104.2520     0.3068
 13  -104.2231     0.2881
 14  -104.2234     0.2667
 15  -104.2243     0.2483
 16  -104.2149     0.2330
 17  -104.2170     0.2189
 18  -104.2522     0.2181
 19  -104.2804     0.2139
 20  -104.2633     0.2058
 21  -104.2375     0.2024
 22  -104.1984     0.2083
 23  -104.1663     0.2091
 24  -104.1572     0.2010
 25  -104.1555     0.1928
 26  -104.1267     0.1940
 27  -104.1424     0.1893
 28  -104.1476     0.1827
 29  -104.1664     0.1803
 30  -104.1447     0.1795
 31  -104.1420     0.1737
 32  -104.1605     0.1721
 33  -104.1598     0.1668
 34  -104.1630     0.1620
 35  -104.1686     0.1577
 36  -104.1514     0.1570
 37  -104.1677     0.1562
 38  -104.1793     0.1538
 39  -104.1854     0.1503
 40  -104.1912     0.1469
 41  -104.1700     0.1494
 42  -104.1883     0.1504
 43  -104.1850     0.1470
 44  -104.1871     0.1437
 45  -104.1887     0.1405
 46  -104.1858     0.1375
 47  -104.1689     0.1388
 48  -104.1695     0.1358
 49  -104.1639     0.1335
 50  -104.1600     0.1310
 
 Mesh error is    0.051 kcal/mol
