 ERmod 0.3.8, Copyright (C) 2000-2019 Nobuyuki Matubayasi
                            2010-2019 Shun Sakuraba
 ERmod comes with ABSOLUTELY NO WARRANTY.
 This is free software, and you can redistribute it
 and/or modify it under certain conditions.
 See LICENSE file for details.
 ERmod 0.3.8, Copyright (C) 2000-2019 Nobuyuki Matubayasi
                            2010-2019 Shun Sakuraba
 ERmod comes with ABSOLUTELY NO WARRANTY.
 This is free software, and you can redistribute it
 and/or modify it under certain conditions.
 See LICENSE file for details.
 
  Number of the   1-th solvent  =          378
  Number of the   2-th solvent  =        10000
 
  Be sure that the solvent distribution is homogeneous (radial distribution function is essentially unity) when the solvent molecule is separated beyond distance of   10.0 Angstrom in any direction from any atom within the solute molecule
 
  LJ long-range correction    =        -1.1319     -7.1533
 
  Self-energy of the solute   =        -0.0015  kcal/mol
 
 
 cumulative average & 95% error for solvation energy
              total             1st component         2nd component
  1  -481.1801              -98.7764             -382.4022
  2  -482.0477     1.7351   -99.6759     1.7991  -382.3702     0.0640
  3  -481.0692     2.1985  -102.7274     6.1907  -378.3402     8.0601
  4  -480.9342     1.5779  -106.6789     9.0344  -374.2538     9.9639
  5  -480.8942     1.2248  -107.6433     7.2589  -373.2494     7.9752
  6  -480.5502     1.2139  -107.7184     5.9288  -372.8302     6.5654
  7  -480.5652     1.0264  -104.2905     8.4917  -376.2732     8.8433
  8  -480.2592     1.0793  -103.2800     7.6267  -376.9777     7.7870
  9  -480.6289     1.2053  -103.0112     6.7475  -377.6162     6.9852
 10  -480.5457     1.0908  -103.2694     6.0572  -377.2748     6.2850
 11  -480.6633     1.0143   -99.6051     9.1503  -381.0567     9.4620
 12  -480.6514     0.9263   -96.7713    10.0942  -383.8786    10.3179
 13  -480.4781     0.9198   -94.8307    10.0639  -385.6459    10.1279
 14  -480.3616     0.8829   -93.9651     9.4768  -386.3950     9.4956
 15  -480.4622     0.8462   -92.5799     9.2472  -387.8807     9.3260
 16  -480.4882     0.7932   -92.1016     8.7027  -388.3851     8.7818
 17  -480.5072     0.7461   -91.6101     8.2336  -388.8955     8.3120
 18  -480.4049     0.7326   -90.8619     7.9057  -389.5415     7.9424
 19  -480.4625     0.7024   -90.0145     7.6677  -390.4465     7.7277
 20  -480.4165     0.6727   -88.8062     7.6651  -391.6088     7.6908
 21  -480.4743     0.6503   -88.8731     7.2922  -391.5997     7.3155
 22  -480.5321     0.6307   -88.7191     6.9597  -391.8115     6.9879
 23  -480.4719     0.6146   -88.6192     6.6532  -391.8511     6.6776
 24  -480.4636     0.5886   -88.7180     6.3730  -391.7440     6.3969
 25  -480.4282     0.5690   -89.3408     6.2384  -391.0858     6.2753
 26  -480.4347     0.5468   -89.2372     5.9973  -391.1960     6.0332
 27  -480.3733     0.5403   -89.2531     5.7710  -391.1186     5.8075
 28  -480.3763     0.5207   -89.0991     5.5696  -391.2757     5.6050
 29  -480.4048     0.5056   -89.0004     5.3777  -391.4028     5.4143
 30  -480.4162     0.4890   -88.8928     5.1998  -391.5219     5.2361
 31  -480.3897     0.4760   -88.7485     5.0375  -391.6396     5.0699
 32  -480.4569     0.4801   -88.6353     4.8828  -391.8201     4.9221
 33  -480.5306     0.4880   -89.1589     4.8470  -391.3701     4.8548
 34  -480.5338     0.4735   -89.3199     4.7133  -391.2124     4.7204
 35  -480.5232     0.4603   -88.8872     4.6578  -391.6345     4.6606
 36  -480.5875     0.4654   -88.4113     4.6255  -392.1746     4.6563
 37  -480.6337     0.4620   -87.8221     4.6505  -392.8100     4.7037
 38  -480.6706     0.4557   -87.2148     4.6867  -393.4543     4.7561
 39  -480.6787     0.4441   -87.0749     4.5735  -393.6023     4.6420
 40  -480.6908     0.4336   -86.2059     4.7845  -394.4834     4.8555
 41  -480.6398     0.4350   -85.6935     4.7775  -394.9448     4.8247
 42  -480.6478     0.4248   -84.8283     4.9731  -395.8180     5.0218
 43  -480.6926     0.4244   -84.1405     5.0472  -396.5505     5.1179
 44  -480.7358     0.4235   -83.4198     5.1375  -397.3145     5.2284
 45  -480.7749     0.4213   -82.8076     5.1691  -397.9657     5.2743
 46  -480.7803     0.4122   -82.1563     5.2207  -398.6225     5.3230
 47  -480.7235     0.4190   -81.7208     5.1821  -399.0012     5.2633
 48  -480.7391     0.4114   -81.1197     5.2135  -399.6179     5.2980
 49  -480.7487     0.4033   -80.5582     5.2280  -400.1890     5.3130
 50  -480.7597     0.3958   -80.2433     5.1610  -400.5149     5.2463
 
 
 group  inft  solvation free energy     error          difference
  total solvation free energy
   1      0       -102.58995           0.30152           0.08328
   1     60       -103.48740           0.29984          -0.81417
   1     80       -107.08405           0.29642          -4.41082
   1    100       -115.74697           0.29568         -13.07374
   2      0       -102.65456           0.30315           0.01867
   3      0       -102.67323           0.30156           0.00000
   4      0       -102.65528           0.30151           0.01795
   5      0       -102.75047           0.29968          -0.07724
   5     60       -103.86771           0.29775          -1.19448
   5     80       -108.07139           0.29428          -5.39816
   5    100       -115.95150           0.29430         -13.27827
 
  contribution from  1-th solvent component
   1      0        -28.94300           2.00570           0.02787
   1     60        -28.97523           2.00579          -0.00436
   1     80        -29.11951           2.00609          -0.14864
   1    100        -29.52724           2.00632          -0.55637
   2      0        -28.96106           2.00440           0.00980
   3      0        -28.97087           2.00417           0.00000
   4      0        -28.97617           2.00323          -0.00531
   5      0        -28.98215           2.00380          -0.01128
   5     60        -29.02282           2.00392          -0.05195
   5     80        -29.19702           2.00423          -0.22615
   5    100        -29.57192           2.00440          -0.60105
 
  contribution from  2-th solvent component
   1      0        -73.64542           2.22542           0.05541
   1     60        -74.51064           2.22347          -0.80981
   1     80        -77.96300           2.21899          -4.26217
   1    100        -86.21820           2.21562         -12.51737
   2      0        -73.69196           2.22689           0.00887
   3      0        -73.70083           2.22480           0.00000
   4      0        -73.67757           2.22495           0.02326
   5      0        -73.76679           2.22252          -0.06596
   5     60        -74.84336           2.22021          -1.14253
   5     80        -78.87284           2.21563          -5.17201
   5    100        -86.37804           2.21310         -12.67721
 
 
 group  inft   Estimated free energy: total (kcal/mol)
   1      0    -102.4092    -102.6929    -100.8149    -100.5016    -101.3940
               -100.2595    -101.9357    -100.6116    -102.8298    -101.2240
               -103.9526    -103.0230    -101.6204    -102.7923    -103.8889
               -103.0102    -102.8001    -101.2907    -103.4478    -102.6248
               -102.1350    -102.8963    -101.8134    -101.2917    -100.9915
               -101.8386    -101.5029    -102.3410    -103.2274    -102.6906
               -102.8177    -103.4374    -102.2564    -102.8951    -102.5297
               -103.8387    -103.8798    -103.8741    -102.8761    -103.4791
               -102.4860    -103.6916    -103.8773    -104.4704    -104.2782
               -103.3588    -101.3396    -103.6257    -103.2899    -103.3435
   1     60    -103.3126    -103.6016    -101.7197    -101.4132    -102.2964
               -101.1701    -102.8380    -101.5194    -103.7353    -102.1313
               -104.8404    -103.9149    -102.5135    -103.6866    -104.7835
               -103.9083    -103.6970    -102.1967    -104.3427    -103.5181
               -103.0415    -103.7972    -102.7151    -102.1920    -101.9003
               -102.7470    -102.4051    -103.2470    -104.1236    -103.5880
               -103.7101    -104.3329    -103.1681    -103.7947    -103.4214
               -104.7318    -104.7697    -104.7654    -103.7724    -104.3651
               -103.3784    -104.5740    -104.7644    -105.3575    -105.1683
               -104.2466    -102.2297    -104.5132    -104.1768    -104.2336
   1     80    -106.9290    -107.2328    -105.3443    -105.0363    -105.9091
               -104.7935    -106.4434    -105.1485    -107.3679    -105.7421
               -108.4178    -107.4919    -106.1018    -107.2693    -108.3801
               -107.4969    -107.2812    -105.7912    -107.9221    -107.0977
               -106.6480    -107.3950    -106.3129    -105.7958    -105.5265
               -106.3586    -106.0081    -106.8637    -107.7201    -107.1932
               -107.3020    -107.9350    -106.8011    -107.4019    -107.0086
               -108.3271    -108.3612    -108.3483    -107.3582    -107.9288
               -106.9635    -108.1368    -108.3440    -108.9313    -108.7454
               -107.8145    -105.8114    -108.0946    -107.7576    -107.8124
   1    100    -115.6181    -115.9380    -114.0249    -113.6952    -114.5787
               -113.4680    -115.1078    -113.8504    -116.0668    -114.4098
               -117.0679    -116.1330    -114.7369    -115.9279    -117.0590
               -116.1553    -115.9127    -114.4318    -116.5566    -115.7345
               -115.3098    -116.0536    -114.9684    -114.4224    -114.2166
               -115.0218    -114.6839    -115.5453    -116.3966    -115.8614
               -115.9730    -116.6405    -115.5137    -116.0941    -115.6706
               -117.0195    -117.0304    -117.0096    -116.0068    -116.5578
               -115.6227    -116.7570    -116.9902    -117.5913    -117.3955
               -116.4505    -114.4381    -116.7536    -116.4226    -116.4578
   2      0    -102.4920    -102.7037    -100.8921    -100.5693    -101.4498
               -100.3262    -102.0149    -100.6682    -102.9139    -101.2228
               -103.9629    -103.0909    -101.6991    -102.8432    -103.9370
               -103.1026    -102.9160    -101.3778    -103.5124    -102.7188
               -102.1784    -102.9404    -101.8540    -101.3285    -101.0524
               -101.8707    -101.5585    -102.3770    -103.3294    -102.7498
               -102.8496    -103.5388    -102.2419    -102.9534    -102.6240
               -103.9306    -103.9671    -103.9534    -102.9299    -103.5687
               -102.5381    -103.7676    -103.9317    -104.5958    -104.3030
               -103.4509    -101.4458    -103.7242    -103.3424    -103.4185
   3      0    -102.5372    -102.7321    -100.9180    -100.6138    -101.4806
               -100.3181    -102.0049    -100.7064    -102.9089    -101.2289
               -103.9532    -103.0582    -101.7150    -102.8894    -103.9607
               -103.0950    -102.9257    -101.3783    -103.5493    -102.7818
               -102.2222    -103.0017    -101.8873    -101.3721    -101.0551
               -101.9374    -101.6017    -102.3717    -103.3439    -102.7849
               -102.8790    -103.5027    -102.3104    -102.9535    -102.6227
               -103.9434    -103.9691    -103.9420    -102.9735    -103.5749
               -102.5457    -103.7879    -103.9756    -104.5543    -104.3606
               -103.4728    -101.4564    -103.7106    -103.3359    -103.4570
   4      0    -102.4882    -102.6990    -100.8660    -100.6275    -101.4714
               -100.3358    -102.0107    -100.6670    -102.8866    -101.1827
               -103.9542    -103.0727    -101.7200    -102.8371    -103.8990
               -103.1125    -102.9591    -101.3798    -103.5095    -102.7413
               -102.2286    -102.9388    -101.8451    -101.3311    -101.0377
               -101.9070    -101.5727    -102.4213    -103.3561    -102.7524
               -102.8354    -103.4973    -102.2423    -102.9168    -102.6385
               -103.9436    -103.9610    -103.9621    -102.9538    -103.5705
               -102.5232    -103.8135    -103.9355    -104.5338    -104.3040
               -103.4619    -101.4480    -103.7022    -103.3230    -103.3866
   5      0    -102.6060    -102.8347    -100.9485    -100.7250    -101.5697
               -100.4433    -102.0739    -100.7976    -102.9830    -101.3330
               -104.0652    -103.1367    -101.7617    -102.9517    -103.9873
               -103.2208    -102.9732    -101.4760    -103.6608    -102.8305
               -102.3360    -103.0471    -101.9883    -101.4376    -101.1701
               -102.0097    -101.6996    -102.4902    -103.4330    -102.8250
               -102.9400    -103.6007    -102.3752    -103.0195    -102.6763
               -104.0383    -104.0066    -103.9971    -103.0576    -103.6302
               -102.6297    -103.9080    -104.0347    -104.6245    -104.4190
               -103.5236    -101.5222    -103.8450    -103.3858    -103.4742
   5     60    -103.7322    -103.9659    -102.0762    -101.8589    -102.6983
               -101.5744    -103.1955    -101.9263    -104.1151    -102.4589
               -105.1705    -104.2463    -102.8752    -104.0650    -105.1016
               -104.3381    -104.0864    -102.6000    -104.7731    -103.9415
               -103.4606    -104.1667    -103.1080    -102.5595    -102.3020
               -103.1368    -102.8258    -103.6142    -104.5489    -103.9434
               -104.0539    -104.7158    -103.5083    -104.1391    -103.7877
               -105.1515    -105.1174    -105.1078    -104.1710    -104.7339
               -103.7430    -105.0087    -105.1413    -105.7295    -105.5255
               -104.6299    -102.6296    -104.9513    -104.4912    -104.5836
   5     80    -107.9543    -108.2038    -106.3044    -106.0885    -106.9215
               -105.8040    -107.4133    -106.1631    -108.3560    -106.6786
               -109.3540    -108.4286    -107.0673    -108.2531    -109.2992
               -108.5356    -108.2725    -106.8025    -108.9564    -108.1246
               -107.6774    -108.3741    -107.3170    -106.7689    -106.5324
               -107.3539    -107.0426    -107.8375    -108.7559    -108.1498
               -108.2520    -108.9318    -107.7487    -108.3523    -107.9835
               -109.3597    -109.3152    -109.2999    -108.3636    -108.9047
               -107.9338    -109.1741    -109.3266    -109.9104    -109.7104
               -108.8087    -106.8190    -109.1381    -108.6778    -108.7688
   5    100    -115.8608    -116.1160    -114.2047    -113.9676    -114.8049
               -113.6794    -115.2958    -114.0764    -116.2691    -114.5537
               -117.2211    -116.2881    -114.9238    -116.1388    -117.1949
               -116.4169    -116.1266    -114.6622    -116.8144    -115.9849
               -115.5539    -116.2500    -115.1893    -114.6094    -114.4199
               -115.2283    -114.9286    -115.7346    -116.6560    -116.0367
               -116.1434    -116.8484    -115.6656    -116.2682    -115.8668
               -117.2711    -117.2046    -117.1822    -116.2321    -116.7596
               -115.8090    -117.0203    -117.1964    -117.7887    -117.5778
               -116.6659    -114.6678    -117.0174    -116.5542    -116.6286
 
 group  inft   Estimated free energy: 1-th solvent contribution (kcal/mol)
   1      0     -36.0206     -36.6605     -39.9614     -43.7377     -41.4426
                -39.2185     -29.7942     -34.6939     -36.9113     -38.7651
                -22.5267     -23.2604     -24.9419     -30.4720     -26.3882
                -31.0678     -30.2789     -27.5053     -27.1133     -23.2665
                -32.6426     -31.0061     -31.1330     -32.6850     -37.8269
                -30.9749     -32.5213     -30.8591     -31.8309     -30.9182
                -30.9465     -31.6826     -39.0878     -35.3009     -27.0538
                -26.1953     -23.8413     -22.8851     -29.8367     -18.1124
                -22.8402     -16.6258     -19.2133     -18.2384     -19.1642
                -17.8986     -21.2100     -18.2974     -18.8692     -23.4255
   1     60     -36.0534     -36.6937     -39.9941     -43.7704     -41.4754
                -39.2505     -29.8270     -34.7265     -36.9442     -38.7977
                -22.5591     -23.2924     -24.9737     -30.5046     -26.4205
                -31.1001     -30.3108     -27.5374     -27.1452     -23.2975
                -32.6747     -31.0383     -31.1652     -32.7171     -37.8594
                -31.0070     -32.5533     -30.8909     -31.8630     -30.9506
                -30.9791     -31.7151     -39.1206     -35.3339     -27.0858
                -26.2274     -23.8733     -22.9176     -29.8696     -18.1445
                -22.8719     -16.6573     -19.2449     -18.2705     -19.1959
                -17.9301     -21.2413     -18.3291     -18.9014     -23.4580
   1     80     -36.1998     -36.8415     -40.1399     -43.9167     -41.6218
                -39.3931     -29.9735     -34.8719     -37.0913     -38.9430
                -22.7045     -23.4358     -25.1163     -30.6501     -26.5654
                -31.2445     -30.4538     -27.6807     -27.2881     -23.4365
                -32.8183     -31.1824     -31.3095     -32.8605     -38.0047
                -31.1504     -32.6962     -31.0332     -32.0070     -31.0955
                -31.1249     -31.8610     -39.2672     -35.4814     -27.2295
                -26.3716     -24.0171     -23.0633     -30.0163     -18.2886
                -23.0141     -16.7993     -19.3873     -18.4147     -19.3382
                -18.0715     -21.3823     -18.4717     -19.0460     -23.6036
   1    100     -36.6106     -37.2530     -40.5489     -44.3248     -42.0313
                -39.7986     -30.3837     -35.2804     -37.5017     -39.3508
                -23.1142     -23.8425     -25.5210     -31.0581     -26.9741
                -31.6530     -30.8592     -28.0867     -27.6936     -23.8367
                -33.2236     -31.5889     -31.7165     -33.2643     -38.4130
                -31.5570     -33.1015     -31.4392     -32.4151     -31.5039
                -31.5360     -32.2727     -39.6789     -35.8932     -27.6374
                -26.7814     -24.4240     -23.4730     -30.4271     -18.6976
                -23.4200     -17.2030     -19.7920     -18.8236     -19.7450
                -18.4756     -21.7847     -18.8792     -19.4573     -24.0145
   2      0     -36.0404     -36.6658     -39.9735     -43.7466     -41.4508
                -39.2306     -29.8034     -34.7120     -36.9390     -38.7822
                -22.5328     -23.2811     -24.9650     -30.4749     -26.4116
                -31.0904     -30.2987     -27.5235     -27.1389     -23.3057
                -32.6558     -31.0296     -31.1576     -32.7003     -37.8370
                -30.9960     -32.5418     -30.8702     -31.8548     -30.9401
                -30.9598     -31.7016     -39.0888     -35.3094     -27.0779
                -26.2165     -23.8705     -22.8954     -29.8285     -18.1270
                -22.8518     -16.6531     -19.2425     -18.2731     -19.1909
                -17.9270     -21.2454     -18.3245     -18.8959     -23.4240
   3      0     -36.0474     -36.6719     -39.9695     -43.7612     -41.4691
                -39.2280     -29.8054     -34.7253     -36.9511     -38.7891
                -22.5435     -23.2948     -24.9768     -30.4781     -26.4248
                -31.0961     -30.3081     -27.5238     -27.1546     -23.3214
                -32.6811     -31.0391     -31.1547     -32.7093     -37.8422
                -31.0155     -32.5607     -30.8897     -31.8678     -30.9488
                -30.9625     -31.7060     -39.1006     -35.3125     -27.0927
                -26.2333     -23.8808     -22.9046     -29.8279     -18.1257
                -22.8598     -16.6638     -19.2490     -18.2815     -19.2076
                -17.9380     -21.2487     -18.3336     -18.9082     -23.4573
   4      0     -36.0511     -36.6722     -39.9659     -43.7555     -41.4625
                -39.2514     -29.7995     -34.7343     -36.9339     -38.7790
                -22.5487     -23.3024     -24.9876     -30.4871     -26.4186
                -31.0978     -30.3205     -27.5440     -27.1518     -23.3292
                -32.6932     -31.0486     -31.1682     -32.7202     -37.8533
                -31.0153     -32.5618     -30.8974     -31.8783     -30.9596
                -30.9587     -31.7039     -39.0988     -35.3129     -27.0928
                -26.2425     -23.8903     -22.9124     -29.8389     -18.1315
                -22.8704     -16.6892     -19.2667     -18.2721     -19.2102
                -17.9615     -21.2665     -18.3456     -18.9179     -23.4375
   5      0     -36.0520     -36.6933     -39.9595     -43.7654     -41.4806
                -39.2641     -29.8075     -34.7395     -36.9475     -38.7976
                -22.5449     -23.3138     -24.9881     -30.4849     -26.4285
                -31.1067     -30.3232     -27.5473     -27.1718     -23.3231
                -32.6986     -31.0532     -31.1666     -32.7297     -37.8523
                -31.0228     -32.5849     -30.8899     -31.8866     -30.9715
                -30.9852     -31.7069     -39.1098     -35.3093     -27.0935
                -26.2515     -23.8982     -22.9006     -29.8384     -18.1365
                -22.8829     -16.7038     -19.2636     -18.2776     -19.2219
                -17.9703     -21.2697     -18.3486     -18.9130     -23.4307
   5     60     -36.0934     -36.7352     -40.0009     -43.8068     -41.5219
                -39.3044     -29.8490     -34.7806     -36.9892     -38.8386
                -22.5858     -23.3542     -25.0282     -30.5260     -26.4693
                -31.1474     -30.3633     -27.5878     -27.2121     -23.3622
                -32.7391     -31.0939     -31.2073     -32.7702     -37.8935
                -31.0633     -32.6255     -30.9299     -31.9271     -31.0124
                -31.0264     -31.7479     -39.1513     -35.3510     -27.1338
                -26.2920     -23.9387     -22.9417     -29.8798     -18.1770
                -22.9231     -16.7436     -19.3036     -18.3180     -19.2618
                -18.0100     -21.3093     -18.3886     -18.9534     -23.4717
   5     80     -36.2698     -36.9133     -40.1769     -43.9827     -41.6984
                -39.4769     -30.0262     -34.9558     -37.1667     -39.0136
                -22.7614     -23.5274     -25.2004     -30.7014     -26.6439
                -31.3217     -30.5355     -27.7609     -27.3849     -23.5307
                -32.9125     -31.2679     -31.3809     -32.9435     -38.0689
                -31.2365     -32.7988     -31.1019     -32.1009     -31.1872
                -31.2028     -31.9239     -39.3281     -35.5285     -27.3071
                -26.4662     -24.1128     -23.1178     -30.0566     -18.3511
                -23.0953     -16.9151     -19.4758     -18.4920     -19.4337
                -18.1812     -21.4796     -18.5611     -19.1277     -23.6473
   5    100     -36.6467     -37.2915     -40.5531     -44.3578     -42.0743
                -39.8492     -30.4038     -35.3308     -37.5443     -39.3875
                -23.1380     -23.9017     -25.5722     -31.0762     -27.0197
                -31.6966     -30.9082     -28.1348     -27.7585     -23.9000
                -33.2856     -31.6419     -31.7546     -33.3148     -38.4442
                -31.6101     -33.1725     -31.4751     -32.4763     -31.5627
                -31.5806     -32.3020     -39.7064     -35.9076     -27.6821
                -26.8431     -24.4879     -23.4947     -30.4338     -18.7270
                -23.4688     -17.2868     -19.8483     -18.8680     -19.8076
                -18.5530     -21.8500     -18.9363     -19.5052     -24.0243
 
 group  inft   Estimated free energy: 2-th solvent contribution (kcal/mol)
   1      0     -66.3871     -66.0308     -60.8520     -56.7624     -59.9499
                -61.0395     -72.1400     -65.9162     -65.9170     -62.4574
                -81.4243     -79.7612     -76.6770     -72.3187     -77.4991
                -71.9408     -72.5197     -73.7838     -76.3329     -79.3568
                -69.4909     -71.8886     -70.6789     -68.6052     -63.1631
                -70.8622     -68.9800     -71.4803     -71.3950     -71.7709
                -71.8696     -71.7533     -63.1670     -67.5927     -75.4743
                -77.6418     -80.0369     -80.9875     -73.0378     -85.3652
                -79.6442     -87.0642     -84.6625     -86.2304     -85.1125
                -85.4586     -80.1281     -85.3267     -84.4192     -79.9165
   1     60     -67.2576     -66.9064     -61.7241     -57.6413     -60.8195
                -61.9181     -73.0094     -66.7913     -66.7896     -63.3321
                -82.2797     -80.6210     -77.5382     -73.1805     -78.3615
                -72.8066     -73.3847     -74.6578     -77.1960     -80.2190
                -70.3653     -72.7573     -71.5483     -69.4734     -64.0394
                -71.7385     -69.8502     -72.3546     -72.2590     -72.6358
                -72.7294     -72.6163     -64.0459     -68.4593     -76.3341
                -78.5028     -80.8948     -81.8463     -73.9012     -86.2191
                -80.5050     -87.9151     -85.5180     -87.0854     -85.9709
                -86.3150     -80.9869     -86.1825     -85.2739     -80.7740
   1     80     -70.7276     -70.3898     -65.2029     -61.1181     -64.2857
                -65.3988     -76.4684     -70.2750     -70.2751     -66.7976
                -85.7117     -84.0546     -80.9840     -76.6177     -81.8132
                -76.2508     -76.8258     -78.1090     -80.6325     -83.6597
                -73.8282     -76.2111     -75.0019     -72.9337     -67.5203
                -75.2066     -73.3103     -75.8290     -75.7115     -76.0962
                -76.1755     -76.0725     -67.5323     -71.9190     -79.7775
                -81.9539     -84.3425     -85.2834     -77.3403     -89.6387
                -83.9478     -91.3360     -88.9552     -90.5151     -89.4056
                -89.7415     -84.4276     -89.6213     -88.7101     -84.2073
   1    100     -79.0060     -78.6835     -73.4745     -69.3688     -72.5459
                -73.6679     -84.7226     -78.5685     -78.5635     -75.0574
                -93.9521     -92.2891     -89.2144     -84.8683     -90.0834
                -84.5008     -85.0519     -86.3435     -88.8615     -91.8963
                -82.0847     -84.4631     -83.2503     -81.1566     -75.8020
                -83.4633     -81.5809     -84.1045     -83.9800     -84.3560
                -84.4354     -84.3663     -75.8332     -80.1993     -88.0316
                -90.2366     -92.6048     -93.5351     -85.5781     -97.8587
                -92.2011     -99.5525     -97.1967     -98.7661     -97.6490
                -97.9734     -92.6519     -97.8729     -96.9638     -92.4419
   2      0     -66.4501     -66.0364     -60.9171     -56.8212     -59.9976
                -61.0941     -72.2099     -65.9547     -65.9733     -62.4391
                -81.4285     -79.8083     -76.7326     -72.3669     -77.5238
                -72.0106     -72.6158     -73.8528     -76.3720     -79.4116
                -69.5211     -71.9093     -70.6948     -68.6267     -63.2139
                -70.8731     -69.0152     -71.5053     -71.4731     -71.8082
                -71.8883     -71.8356     -63.1516     -67.6425     -75.5446
                -77.7126     -80.0951     -81.0564     -73.0999     -85.4402
                -79.6848     -87.1130     -84.6877     -86.3211     -85.1106
                -85.5223     -80.1989     -85.3982     -84.4450     -79.9930
   3      0     -66.4882     -66.0586     -60.9470     -56.8510     -60.0100
                -61.0886     -72.1980     -65.9796     -65.9563     -62.4383
                -81.4082     -79.7618     -76.7366     -72.4097     -77.5344
                -71.9973     -72.6161     -73.8530     -76.3932     -79.4588
                -69.5395     -71.9611     -70.7311     -68.6612     -63.2114
                -70.9204     -69.0394     -71.4805     -71.4746     -71.8345
                -71.9149     -71.7951     -63.2083     -67.6395     -75.5284
                -77.7085     -80.0868     -81.0359     -73.1441     -85.4476
                -79.6844     -87.1225     -84.7250     -86.2712     -85.1515
                -85.5333     -80.2062     -85.3755     -84.4262     -79.9981
   4      0     -66.4356     -66.0253     -60.8986     -56.8705     -60.0074
                -61.0828     -72.2096     -65.9312     -65.9512     -62.4022
                -81.4040     -79.7688     -76.7308     -72.3484     -77.4789
                -72.0131     -72.6371     -73.8343     -76.3562     -79.4106
                -69.5338     -71.8887     -70.6754     -68.6093     -63.1828
                -70.8902     -69.0094     -71.5223     -71.4763     -71.7913
                -71.8752     -71.7918     -63.1420     -67.6024     -75.5442
                -77.6996     -80.0691     -81.0482     -73.1134     -85.4375
                -79.6513     -87.1227     -84.6672     -86.2601     -85.0923
                -85.4989     -80.1800     -85.3551     -84.4036     -79.9475
   5      0     -66.5524     -66.1399     -60.9874     -56.9581     -60.0876
                -61.1777     -72.2649     -66.0566     -66.0340     -62.5339
                -81.5188     -79.8213     -76.7721     -72.4652     -77.5573
                -72.1125     -72.6485     -73.9272     -76.4875     -79.5059
                -69.6360     -71.9924     -70.8201     -68.7063     -63.3163
                -70.9854     -69.1131     -71.5987     -71.5449     -71.8520
                -71.9533     -71.8923     -63.2640     -67.7086     -75.5814
                -77.7852     -80.1069     -81.0949     -73.2176     -85.4922
                -79.7453     -87.2027     -84.7696     -86.3454     -85.1956
                -85.5518     -80.2509     -85.4948     -84.4713     -80.0420
   5     60     -67.6372     -67.2292     -62.0738     -58.0505     -61.1749
                -62.2684     -73.3450     -67.1442     -67.1244     -63.6188
                -82.5832     -80.8906     -77.8454     -73.5375     -78.6308
                -73.1891     -73.7215     -75.0107     -77.5595     -80.5778
                -70.7200     -73.0713     -71.8992     -69.7877     -64.4069
                -72.0719     -70.1988     -72.6827     -72.6202     -72.9295
                -73.0259     -72.9664     -64.3555     -68.7866     -76.6524
                -78.8580     -81.1772     -82.1646     -74.2897     -86.5554
                -80.8184     -88.2636     -85.8362     -87.4100     -86.2622
                -86.6184     -81.3188     -86.5611     -85.5363     -81.1104
   5     80     -71.6830     -71.2890     -66.1260     -62.1042     -65.2216
                -66.3256     -77.3855     -71.2057     -71.1878     -67.6635
                -86.5911     -84.8997     -81.8653     -77.5502     -82.6538
                -77.2124     -77.7354     -79.0402     -81.5699     -84.5924
                -74.7633     -77.1047     -75.9345     -73.8238     -68.4620
                -76.1159     -74.2423     -76.7341     -76.6535     -76.9610
                -77.0477     -77.0064     -68.4191     -72.8222     -80.6749
                -82.8919     -85.2008     -86.1806     -78.3054     -90.5520
                -84.8370     -92.2574     -89.8492     -91.4169     -90.2751
                -90.6260     -85.3379     -90.5754     -89.5486     -85.1201
   5    100     -79.2126     -78.8229     -73.6501     -69.6083     -72.7290
                -73.8287     -84.8905     -78.7441     -78.7233     -75.1647
                -94.0815     -92.3849     -89.3501     -85.0611     -90.1737
                -84.7188     -85.2169     -86.5259     -89.0544     -92.0833
                -82.2667     -84.6065     -83.4332     -81.2931     -75.9742
                -83.6167     -81.7545     -84.2579     -84.1781     -84.4724
                -84.5613     -84.5449     -75.9577     -80.3591     -88.1831
                -90.4265     -92.7152     -93.6860     -85.7968     -98.0311
                -92.3387     -99.7320     -97.3465     -98.9191     -97.7686
                -98.1114     -92.8163     -98.0796     -97.0475     -92.6028
 
 
 cumulative average & 95% error for solvation free energy
              total             1st component         2nd component
  1  -102.5372              -36.0474              -66.4882
  2  -102.6346     0.1949   -36.3597     0.6245   -66.2734     0.4296
  3  -102.0624     1.1499   -37.5630     2.4334   -64.4979     3.5596
  4  -101.7003     1.0889   -39.1125     3.5448   -62.5862     4.5776
  5  -101.6563     0.8481   -39.5838     2.9031   -62.0710     3.6925
  6  -101.4333     0.8237   -39.5245     2.3733   -61.9072     3.0326
  7  -101.5149     0.7150   -38.1361     3.4256   -63.3773     3.9005
  8  -101.4139     0.6514   -37.7097     3.0867   -63.7026     3.4400
  9  -101.5800     0.6636   -37.6254     2.7275   -63.9530     3.0749
 10  -101.5449     0.5977   -37.7418     2.4506   -63.8016     2.7669
 11  -101.7638     0.6957   -36.3601     3.5425   -65.4022     4.0634
 12  -101.8717     0.6707   -35.2714     3.8987   -66.5988     4.4144
 13  -101.8596     0.6175   -34.4795     3.9204   -67.3786     4.3499
 14  -101.9332     0.5903   -34.1937     3.6743   -67.7380     4.0909
 15  -102.0684     0.6124   -33.6757     3.5740   -68.3911     4.0262
 16  -102.1325     0.5871   -33.5145     3.3587   -68.6165     3.7930
 17  -102.1792     0.5593   -33.3259     3.1774   -68.8517     3.5939
 18  -102.1347     0.5348   -33.0036     3.0643   -69.1296     3.4336
 19  -102.2091     0.5273   -32.6957     2.9632   -69.5119     3.3366
 20  -102.2378     0.5035   -32.2270     2.9633   -70.0092     3.3180
 21  -102.2370     0.4789   -32.2486     2.8190   -69.9869     3.1564
 22  -102.2718     0.4619   -32.1937     2.6901   -70.0766     3.0148
 23  -102.2551     0.4426   -32.1485     2.5720   -70.1051     2.8813
 24  -102.2183     0.4301   -32.1719     2.4630   -70.0449     2.7613
 25  -102.1718     0.4229   -32.3987     2.4056   -69.7716     2.7044
 26  -102.1627     0.4067   -32.3455     2.3136   -69.8157     2.5998
 27  -102.1420     0.3936   -32.3534     2.2264   -69.7870     2.5023
 28  -102.1502     0.3796   -32.3012     2.1479   -69.8475     2.4143
 29  -102.1913     0.3754   -32.2862     2.0727   -69.9036     2.3323
 30  -102.2111     0.3649   -32.2416     2.0044   -69.9679     2.2569
 31  -102.2327     0.3555   -32.2004     1.9405   -70.0308     2.1865
 32  -102.2723     0.3533   -32.1849     1.8791   -70.0859     2.1199
 33  -102.2735     0.3424   -32.3945     1.8689   -69.8775     2.0965
 34  -102.2935     0.3346   -32.4803     1.8212   -69.8117     2.0382
 35  -102.3029     0.3254   -32.3264     1.7950   -69.9750     2.0059
 36  -102.3485     0.3291   -32.1571     1.7769   -70.1898     1.9961
 37  -102.3923     0.3319   -31.9334     1.7852   -70.4573     2.0138
 38  -102.4331     0.3332   -31.6958     1.8014   -70.7357     2.0376
 39  -102.4469     0.3257   -31.6480     1.7572   -70.7974     1.9885
 40  -102.4751     0.3224   -31.3099     1.8414   -71.1637     2.0720
 41  -102.4768     0.3145   -31.1038     1.8426   -71.3715     2.0631
 42  -102.5081     0.3132   -30.7600     1.9252   -71.7465     2.1486
 43  -102.5422     0.3133   -30.4923     1.9546   -72.0484     2.1831
 44  -102.5879     0.3195   -30.2148     1.9887   -72.3716     2.2287
 45  -102.6273     0.3221   -29.9702     2.0046   -72.6556     2.2515
 46  -102.6457     0.3172   -29.7086     2.0291   -72.9356     2.2721
 47  -102.6204     0.3144   -29.5286     2.0179   -73.0902     2.2446
 48  -102.6431     0.3111   -29.2954     2.0297   -73.3462     2.2562
 49  -102.6572     0.3060   -29.0834     2.0326   -73.5723     2.2555
 50  -102.6732     0.3016   -28.9709     2.0042   -73.7008     2.2248
 
 Mesh error is    0.083 kcal/mol
