 ERmod 0.3.8, Copyright (C) 2000-2019 Nobuyuki Matubayasi
                            2010-2019 Shun Sakuraba
 ERmod comes with ABSOLUTELY NO WARRANTY.
 This is free software, and you can redistribute it
 and/or modify it under certain conditions.
 See LICENSE file for details.
 
  Number of the   1-th solvent  =         1472
  Number of the   2-th solvent  =        10000
 
  Be sure that the solvent distribution is homogeneous (radial distribution function is essentially unity) when the solvent molecule is separated beyond distance of   10.0 Angstrom in any direction from any atom within the solute molecule
 
  LJ long-range correction    =        -3.5283     -5.7260
 
  Self-energy of the solute   =         0.0042  kcal/mol
 
 
 cumulative average & 95% error for solvation energy
              total             1st component         2nd component
  1  -471.1619             -156.1271             -315.0389
  2  -472.6542     2.9847  -157.1010     1.9478  -315.5574     1.0369
  3  -473.0165     1.8694  -153.6385     7.0156  -319.3821     7.6729
  4  -472.3644     1.8569  -155.3398     6.0156  -317.0287     7.1826
  5  -471.6768     1.9901  -156.4309     5.1453  -315.2500     6.6037
  6  -471.5227     1.6539  -153.0327     7.9900  -318.4941     8.4362
  7  -471.5973     1.4057  -151.6408     7.3041  -319.9607     7.7096
  8  -471.9792     1.4372  -151.2221     6.3807  -320.7613     6.8660
  9  -471.9243     1.2722  -150.0002     6.1350  -321.9283     6.4896
 10  -471.9300     1.1379  -152.0455     6.8443  -319.8886     7.0946
 11  -472.0873     1.0763  -151.9100     6.1969  -320.1815     6.4440
 12  -472.4475     1.2183  -151.7038     5.6719  -320.7478     5.9905
 13  -472.3152     1.1515  -150.3871     5.8444  -321.9322     5.9981
 14  -472.0527     1.1884  -151.4249     5.7953  -320.6319     6.1319
 15  -472.1592     1.1266  -151.5830     5.4044  -320.5803     5.7095
 16  -472.1099     1.0585  -151.4518     5.0621  -320.6622     5.3432
 17  -472.2366     1.0260  -151.0595     4.8194  -321.1812     5.1253
 18  -472.3670     1.0019  -150.4909     4.6839  -321.8803     5.0304
 19  -472.4844     0.9763  -149.2096     5.1182  -323.2790     5.5196
 20  -472.3963     0.9428  -149.1535     4.8569  -323.2469     5.2368
 21  -472.4415     0.9014  -150.6996     5.5591  -321.7461     5.8156
 22  -472.4592     0.8602  -151.6235     5.6132  -320.8399     5.8337
 23  -472.6792     0.9323  -150.9585     5.5261  -321.7249     5.8485
 24  -472.6172     0.9012  -151.2158     5.3158  -321.4055     5.6358
 25  -472.6365     0.8653  -151.9510     5.3065  -320.6896     5.5921
 26  -472.5963     0.8352  -150.8392     5.5621  -321.7612     5.7844
 27  -472.6033     0.8038  -149.8722     5.6909  -322.7352     5.8971
 28  -472.5675     0.7778  -149.7506     5.4893  -322.8211     5.6852
 29  -472.4849     0.7685  -149.4630     5.3277  -323.0261     5.5009
 30  -472.4123     0.7565  -149.8389     5.2017  -322.5775     5.3896
 31  -472.4435     0.7344  -149.5253     5.0701  -322.9223     5.2583
 32  -472.4738     0.7136  -149.1065     4.9800  -323.3715     5.1699
 33  -472.5846     0.7263  -148.2907     5.0950  -324.2980     5.3425
 34  -472.7523     0.7803  -147.6519     5.1053  -325.1045     5.4282
 35  -472.9203     0.8289  -146.6100     5.3775  -326.3145     5.7998
 36  -473.0271     0.8334  -146.2719     5.2696  -326.7594     5.7062
 37  -473.1070     0.8261  -146.8695     5.2627  -326.2416     5.6456
 38  -473.1432     0.8074  -147.1997     5.1647  -325.9477     5.5263
 39  -473.1135     0.7886  -147.6627     5.1151  -325.4550     5.4722
 40  -473.0435     0.7813  -147.8255     4.9962  -325.2222     5.3540
 41  -473.0598     0.7627  -148.2396     4.9427  -324.8244     5.2820
 42  -472.9526     0.7746  -148.8122     4.9576  -324.1446     5.3310
 43  -472.9989     0.7621  -148.3450     4.9303  -324.6580     5.3059
 44  -473.0075     0.7447  -148.2109     4.8244  -324.8007     5.1917
 45  -473.0104     0.7280  -148.1150     4.7199  -324.8996     5.0789
 46  -473.0235     0.7125  -148.3518     4.6404  -324.6759     4.9874
 47  -472.9152     0.7300  -149.1394     4.8060  -323.7800     5.1987
 48  -472.7610     0.7784  -149.8321     4.9046  -322.9331     5.3637
 49  -472.5738     0.8493  -150.2629     4.8801  -322.3151     5.3965
 50  -472.4691     0.8581  -150.7442     4.8774  -321.7290     5.4158
 
 
 group  inft  solvation free energy     error          difference
  total solvation free energy
   1      0       -113.07448           0.40635           0.04518
   1     60       -114.78838           0.40441          -1.66873
   1     80       -119.36835           0.40092          -6.24870
   1    100       -127.40510           0.39822         -14.28544
   2      0       -113.07456           0.41142           0.04509
   3      0       -113.11965           0.41088           0.00000
   4      0       -113.10287           0.40988           0.01678
   5      0       -113.21236           0.40783          -0.09271
   5     60       -115.28927           0.40540          -2.16962
   5     80       -120.34101           0.40188          -7.22136
   5    100       -127.58787           0.39959         -14.46822
 
  contribution from  1-th solvent component
   1      0        -51.96813           1.99970           0.03242
   1     60        -52.23096           2.00002          -0.23041
   1     80        -52.94173           2.00054          -0.94117
   1    100        -54.26443           2.00085          -2.26387
   2      0        -51.98897           1.99936           0.01158
   3      0        -52.00056           1.99923           0.00000
   4      0        -52.01017           1.99833          -0.00962
   5      0        -52.03297           1.99947          -0.03241
   5     60        -52.35200           1.99987          -0.35144
   5     80        -53.14100           2.00040          -1.14044
   5    100        -54.33978           2.00061          -2.33923
 
  contribution from  2-th solvent component
   1      0        -61.11050           2.25734           0.01275
   1     60        -62.56157           2.25519          -1.43833
   1     80        -66.43078           2.25171          -5.30753
   1    100        -73.14482           2.24727         -12.02157
   2      0        -61.08974           2.26030           0.03351
   3      0        -61.12325           2.25982           0.00000
   4      0        -61.09686           2.25727           0.02639
   5      0        -61.18354           2.25590          -0.06030
   5     60        -62.94143           2.25323          -1.81818
   5     80        -67.20417           2.24961          -6.08092
   5    100        -73.25224           2.24588         -12.12899
 
 
 group  inft   Estimated free energy: total (kcal/mol)
   1      0    -112.5949    -113.6893    -113.4797    -111.7667    -110.8229
               -111.6466    -113.0367    -113.5491    -112.5306    -112.6224
               -113.3538    -114.5463    -112.2213    -111.0845    -113.6285
               -112.3596    -113.8449    -113.7783    -114.8227    -112.3504
               -113.3968    -113.7797    -115.7013    -113.2999    -113.0686
               -112.6754    -112.8048    -112.7555    -112.3913    -112.5030
               -113.1673    -114.0788    -114.9940    -115.9566    -116.0676
               -115.5537    -114.2730    -114.0336    -113.0723    -112.2798
               -112.9122    -110.6900    -114.4989    -113.3817    -113.8501
               -113.3313    -110.4262    -110.2820    -109.7402    -111.0286
   1     60    -114.3256    -115.4070    -115.1902    -113.4808    -112.5350
               -113.3613    -114.7451    -115.2654    -114.2506    -114.3534
               -115.0657    -116.2594    -113.9263    -112.8067    -115.3384
               -114.0798    -115.5465    -115.4908    -116.5235    -114.0720
               -115.1237    -115.4980    -117.4135    -115.0182    -114.7905
               -114.3802    -114.5083    -114.4643    -114.0958    -114.2215
               -114.8731    -115.7784    -116.6872    -117.6562    -117.7619
               -117.2524    -115.9829    -115.7498    -114.7947    -113.9970
               -114.6310    -112.4030    -116.1987    -115.0937    -115.5589
               -115.0491    -112.1544    -112.0137    -111.4709    -112.7746
   1     80    -118.9329    -119.9924    -119.7645    -118.0647    -117.1203
               -117.9357    -119.3160    -119.8686    -118.8348    -118.9775
               -119.6369    -120.8427    -118.5049    -117.4126    -119.9215
               -118.6707    -120.1173    -120.0750    -121.0789    -118.6636
               -119.7091    -120.0769    -121.9855    -119.5898    -119.3882
               -118.9505    -119.0742    -119.0322    -118.6563    -118.8021
               -119.4427    -120.3328    -121.2360    -122.2028    -122.3069
               -121.8013    -120.5499    -120.3239    -119.3893    -118.5854
               -119.2230    -116.9864    -120.7509    -119.6666    -120.1334
               -119.6440    -116.7633    -116.6185    -116.0721    -117.3922
   1    100    -127.0106    -128.0419    -127.7775    -126.0694    -125.1439
               -125.9516    -127.3206    -127.9210    -126.8864    -127.0703
               -127.6775    -128.8862    -126.5116    -125.4897    -127.9687
               -126.7383    -128.1544    -128.1063    -129.0973    -126.6971
               -127.7559    -128.1251    -130.0116    -127.6289    -127.4338
               -126.9541    -127.0751    -127.0612    -126.6681    -126.8358
               -127.4492    -128.3465    -129.2545    -130.2134    -130.3186
               -129.8232    -128.5749    -128.3604    -127.4380    -126.6229
               -127.3003    -125.0348    -128.7692    -127.6950    -128.1662
               -127.6858    -124.8434    -124.6865    -124.1317    -125.4704
   2      0    -112.5229    -113.6914    -113.4895    -111.7165    -110.8331
               -111.6757    -113.0646    -113.5205    -112.4837    -112.6512
               -113.3965    -114.5600    -112.2076    -111.0193    -113.6012
               -112.3844    -113.8468    -113.7749    -114.7932    -112.3650
               -113.4285    -113.7964    -115.7513    -113.3234    -113.0489
               -112.6568    -112.7646    -112.6814    -112.4225    -112.5443
               -113.1804    -114.1644    -115.0009    -115.9974    -116.1374
               -115.6180    -114.2420    -114.0840    -113.0627    -112.2895
               -112.8090    -110.6856    -114.5154    -113.3357    -113.8744
               -113.3527    -110.3794    -110.2523    -109.7227    -111.0079
   3      0    -112.5659    -113.6881    -113.5375    -111.7547    -110.8696
               -111.7655    -113.1047    -113.5252    -112.5565    -112.6776
               -113.3919    -114.6155    -112.2467    -111.0300    -113.6734
               -112.4351    -113.8899    -113.8211    -114.8415    -112.4364
               -113.4645    -113.8331    -115.8006    -113.3839    -113.1312
               -112.6853    -112.8001    -112.7334    -112.4636    -112.6379
               -113.2082    -114.1984    -115.0767    -116.0373    -116.1553
               -115.6455    -114.2724    -114.1248    -113.1005    -112.3251
               -112.8700    -110.7221    -114.5788    -113.3889    -113.9472
               -113.4049    -110.4591    -110.3122    -109.7636    -111.0313
   4      0    -112.5578    -113.6533    -113.5012    -111.7778    -110.8539
               -111.7339    -113.0733    -113.5192    -112.5377    -112.6836
               -113.4263    -114.5763    -112.2224    -111.0470    -113.6453
               -112.4353    -113.8664    -113.8354    -114.8185    -112.3930
               -113.4425    -113.8430    -115.7459    -113.3643    -113.1447
               -112.6960    -112.7386    -112.6796    -112.4681    -112.5972
               -113.2267    -114.1819    -115.0485    -115.9821    -116.1270
               -115.6140    -114.2984    -114.0768    -113.0846    -112.3335
               -112.8978    -110.6716    -114.5661    -113.3683    -113.9393
               -113.3727    -110.4773    -110.2931    -109.7107    -110.9959
   5      0    -112.6741    -113.8043    -113.6168    -111.8870    -111.0093
               -111.8071    -113.2029    -113.6586    -112.6635    -112.7790
               -113.4876    -114.6654    -112.3165    -111.1931    -113.7556
               -112.5133    -113.9984    -113.9474    -114.9315    -112.4740
               -113.5291    -113.9681    -115.8111    -113.4394    -113.2478
               -112.7784    -112.8610    -112.8194    -112.5224    -112.7228
               -113.3820    -114.2899    -115.1391    -116.0867    -116.2317
               -115.6756    -114.4375    -114.2201    -113.2289    -112.3644
               -113.0210    -110.8454    -114.6649    -113.4576    -113.9990
               -113.5323    -110.5501    -110.4397    -109.8330    -111.1342
   5     60    -114.7644    -115.8862    -115.6911    -113.9681    -113.0887
               -113.8815    -115.2734    -115.7438    -114.7527    -114.8787
               -115.5547    -116.7431    -114.3885    -113.2810    -115.8335
               -114.5940    -116.0674    -116.0203    -116.9917    -114.5593
               -115.6143    -116.0472    -117.8847    -115.5191    -115.3402
               -114.8445    -114.9260    -114.8844    -114.5840    -114.8029
               -115.4535    -116.3484    -117.1903    -118.1434    -118.2845
               -117.7339    -116.5133    -116.3022    -115.3135    -114.4432
               -115.1104    -112.9264    -116.7209    -115.5267    -116.0712
               -115.6137    -112.6473    -112.5406    -111.9265    -113.2444
   5     80    -119.8360    -120.9225    -120.7347    -119.0237    -118.1432
               -118.9303    -120.3262    -120.8231    -119.8130    -119.9814
               -120.6014    -121.7868    -119.4270    -118.3540    -120.8818
               -119.6588    -121.1048    -121.0668    -122.0166    -119.6297
               -120.6768    -121.1070    -122.9347    -120.5752    -120.4096
               -119.8905    -119.9618    -119.9154    -119.6171    -119.8506
               -120.4991    -121.3691    -122.2088    -123.1635    -123.3013
               -122.7583    -121.5459    -121.3537    -120.3814    -119.4977
               -120.1780    -117.9846    -121.7521    -120.5638    -121.1213
               -120.6888    -117.7412    -117.6082    -117.0101    -118.3234
   5    100    -127.1115    -128.1830    -127.9720    -126.2521    -125.3712
               -126.1497    -127.5448    -128.0876    -127.0898    -127.2739
               -127.8433    -129.0508    -126.6601    -125.6393    -128.1417
               -126.9287    -128.3648    -128.3116    -129.2405    -126.8735
               -127.9219    -128.3526    -130.1710    -127.8169    -127.6536
               -127.1049    -127.1774    -127.1550    -126.8379    -127.1081
               -127.7402    -128.5876    -129.4432    -130.3825    -130.5209
               -129.9871    -128.7801    -128.6005    -127.6471    -126.7401
               -127.4765    -125.2417    -128.9848    -127.8009    -128.3556
               -127.9404    -125.0161    -124.8809    -124.2604    -125.6177
 
 group  inft   Estimated free energy: 1-th solvent contribution (kcal/mol)
   1      0     -53.9456     -55.2973     -50.0834     -55.3289     -55.5238
                -45.1199     -48.4960     -50.7302     -46.9940     -59.7193
                -52.5846     -51.8150     -44.7650     -57.9005     -53.0655
                -51.9806     -49.5803     -48.0976     -41.9528     -50.6472
                -65.2504     -60.6703     -45.9228     -54.9275     -59.3117
                -39.8222     -40.6837     -50.1111     -48.3662     -56.6136
                -47.9300     -46.4004     -40.9260     -42.5327     -35.9405
                -46.1028     -59.5807     -55.8876     -57.9335     -53.3378
                -58.1112     -60.9602     -43.1411     -48.4582     -49.2723
                -55.4293     -65.9082     -64.9821     -59.6888     -60.5762
   1     60     -54.2110     -55.5601     -50.3455     -55.5928     -55.7862
                -45.3829     -48.7576     -50.9935     -47.2574     -59.9848
                -52.8474     -52.0783     -45.0253     -58.1642     -53.3294
                -52.2442     -49.8423     -48.3596     -42.2142     -50.9105
                -65.5148     -60.9334     -46.1873     -55.1908     -59.5747
                -40.0856     -40.9443     -50.3750     -48.6266     -56.8770
                -48.1918     -46.6601     -41.1854     -42.7933     -36.2013
                -46.3628     -59.8422     -56.1506     -58.1985     -53.6000
                -58.3738     -61.2242     -43.4023     -48.7205     -49.5343
                -55.6922     -66.1734     -65.2470     -59.9536     -60.8440
   1     80     -54.9266     -56.2708     -51.0547     -56.3069     -56.4970
                -46.0929     -49.4657     -51.7083     -47.9683     -60.7024
                -53.5576     -52.7912     -45.7327     -58.8778     -54.0445
                -52.9567     -50.5540     -49.0695     -42.9220     -51.6216
                -66.2259     -61.6433     -46.9016     -55.9004     -60.2860
                -40.7990     -41.6517     -51.0886     -49.3316     -57.5875
                -48.9017     -47.3648     -41.8905     -43.4988     -36.9085
                -47.0671     -60.5498     -56.8599     -58.9132     -54.3089
                -59.0848     -61.9386     -44.1097     -49.4295     -50.2439
                -56.4041     -66.8893     -65.9599     -60.6655     -61.5612
   1    100     -56.2573     -57.5948     -52.3721     -57.6249     -57.8134
                -47.4123     -50.7824     -53.0366     -49.2921     -62.0335
                -54.8841     -54.1181     -47.0469     -60.2039     -55.3701
                -54.2892     -51.8779     -50.3911     -44.2419     -52.9448
                -67.5479     -62.9660     -48.2296     -57.2241     -61.6083
                -42.1231     -42.9697     -52.4136     -50.6480     -58.9113
                -50.2247     -48.6838     -43.2113     -44.8199     -38.2315
                -48.3868     -61.8667     -58.1828     -60.2364     -55.6262
                -60.4126     -63.2645     -45.4311     -50.7497     -51.5655
                -57.7278     -68.2139     -67.2830     -61.9865     -62.8877
   2      0     -53.9501     -55.3316     -50.1132     -55.3453     -55.5410
                -45.1556     -48.5119     -50.7370     -46.9977     -59.7310
                -52.5883     -51.8493     -44.7929     -57.8997     -53.0943
                -52.0076     -49.5959     -48.1114     -41.9830     -50.6686
                -65.2867     -60.6978     -45.9438     -54.9614     -59.3404
                -39.8243     -40.6990     -50.1132     -48.3805     -56.6426
                -47.9429     -46.4471     -40.9507     -42.5511     -35.9697
                -46.1341     -59.6162     -55.9105     -57.9509     -53.3660
                -58.0981     -60.9670     -43.1691     -48.4799     -49.3165
                -55.4704     -65.9297     -65.0014     -59.7131     -60.5690
   3      0     -53.9585     -55.3318     -50.1287     -55.3585     -55.5436
                -45.1687     -48.5196     -50.7463     -47.0110     -59.7320
                -52.5867     -51.8545     -44.7917     -57.8990     -53.1177
                -52.0013     -49.6005     -48.1397     -41.9900     -50.6819
                -65.3035     -60.7210     -45.9581     -54.9793     -59.3578
                -39.8253     -40.6973     -50.1269     -48.3948     -56.6392
                -47.9678     -46.4595     -40.9768     -42.5799     -35.9723
                -46.1527     -59.6328     -55.9281     -57.9794     -53.3711
                -58.1081     -60.9740     -43.1947     -48.4878     -49.3468
                -55.4929     -65.9447     -65.0174     -59.7127     -60.5633
   4      0     -53.9511     -55.3389     -50.1372     -55.3766     -55.5554
                -45.1934     -48.5371     -50.7641     -47.0252     -59.7452
                -52.6210     -51.8549     -44.7945     -57.9215     -53.1138
                -52.0030     -49.6141     -48.1498     -42.0002     -50.6932
                -65.3071     -60.7153     -45.9688     -54.9757     -59.3596
                -39.8566     -40.7233     -50.1070     -48.4074     -56.6666
                -47.9668     -46.4666     -40.9920     -42.5823     -35.9756
                -46.1895     -59.6542     -55.9205     -57.9702     -53.3829
                -58.1227     -60.9771     -43.1980     -48.5108     -49.3642
                -55.5046     -65.9413     -65.0159     -59.7193     -60.5765
   5      0     -54.0008     -55.3588     -50.1625     -55.3807     -55.5988
                -45.2160     -48.5550     -50.7935     -47.0552     -59.7587
                -52.6280     -51.8874     -44.8136     -57.9670     -53.1393
                -52.0299     -49.6343     -48.1709     -42.0312     -50.7146
                -65.3121     -60.7608     -45.9665     -54.9950     -59.3703
                -39.8765     -40.7362     -50.1475     -48.4168     -56.6857
                -48.0177     -46.4798     -41.0127     -42.5931     -35.9933
                -46.1703     -59.6800     -55.9365     -58.0100     -53.3713
                -58.1440     -61.0172     -43.2148     -48.5388     -49.3710
                -55.5548     -65.9906     -65.0374     -59.7522     -60.5996
   5     60     -54.3219     -55.6778     -50.4809     -55.7014     -55.9180
                -45.5348     -48.8725     -51.1137     -47.3754     -60.0808
                -52.9459     -52.2073     -45.1303     -58.2871     -53.4606
                -52.3490     -49.9534     -48.4886     -42.3486     -51.0341
                -65.6321     -61.0797     -46.2876     -55.3142     -59.6906
                -40.1961     -41.0526     -50.4668     -48.7323     -57.0050
                -48.3359     -46.7950     -41.3275     -42.9090     -36.3097
                -46.4860     -59.9981     -56.2558     -58.3313     -53.6891
                -58.4637     -61.3382     -43.5314     -48.8567     -49.6898
                -55.8741     -66.3133     -65.3593     -60.0730     -60.9237
   5     80     -55.1148     -56.4639     -51.2682     -56.4930     -56.7071
                -46.3235     -49.6598     -51.9068     -48.1648     -60.8766
                -53.7348     -52.9976     -45.9139     -59.0783     -54.2536
                -53.1397     -50.7430     -49.2754     -43.1349     -51.8244
                -66.4222     -61.8686     -47.0816     -56.1035     -60.4805
                -40.9883     -41.8375     -51.2570     -49.5151     -57.7935
                -49.1242     -47.5771     -42.1106     -43.6933     -37.0951
                -47.2693     -60.7832     -57.0441     -59.1245     -54.4751
                -59.2530     -62.1308     -44.3185     -49.6433     -50.4791
                -56.6656     -67.1093     -66.1497     -60.8643     -61.7179
   5    100     -56.3201     -57.6646     -52.4643     -57.6872     -57.9000
                -47.5184     -50.8526     -53.1105     -49.3666     -62.0801
                -54.9353     -54.2029     -47.1066     -60.2799     -55.4559
                -54.3455     -51.9439     -50.4738     -44.3316     -53.0238
                -67.6198     -63.0658     -48.2855     -57.3026     -61.6776
                -42.1876     -43.0317     -52.4571     -50.7071     -58.9951
                -50.3251     -48.7715     -43.3086     -44.8907     -38.2933
                -48.4656     -61.9771     -58.2425     -60.3252     -55.6684
                -60.4577     -63.3307     -45.5169     -50.8405     -51.6776
                -57.8662     -68.3088     -67.3492     -62.0592     -62.9213
 
 group  inft   Estimated free energy: 2-th solvent contribution (kcal/mol)
   1      0     -58.6534     -58.3962     -63.4004     -56.4420     -55.3032
                -66.5309     -64.5448     -62.8231     -65.5408     -52.9072
                -60.7734     -62.7355     -67.4604     -53.1881     -60.5671
                -60.3831     -64.2688     -65.6849     -72.8741     -61.7074
                -48.1505     -53.1135     -69.7826     -58.3765     -53.7611
                -72.8573     -72.1253     -62.6486     -64.0293     -55.8936
                -65.2414     -67.6826     -74.0722     -73.4281     -80.1313
                -69.4551     -54.6964     -58.1501     -55.1429     -58.9461
                -54.8052     -49.7339     -71.3619     -64.9277     -64.5820
                -57.9062     -44.5222     -45.3041     -50.0556     -50.4565
   1     60     -60.1187     -59.8510     -64.8488     -57.8921     -56.7530
                -67.9826     -65.9917     -64.2760     -66.9974     -54.3728
                -62.2224     -64.1853     -68.9052     -54.6467     -62.0132
                -61.8397     -65.7084     -67.1354     -74.3134     -63.1657
                -49.6130     -54.5687     -71.2304     -59.8315     -55.2199
                -74.2988     -73.5681     -64.0935     -65.4734     -57.3487
                -66.6855     -69.1225     -75.5060     -74.8671     -81.5647
                -70.8938     -56.1448     -59.6034     -56.6004     -60.4011
                -56.2613     -51.1829     -72.8006     -66.3774     -66.0288
                -59.3611     -45.9851     -46.7709     -51.5215     -51.9347
   1     80     -64.0105     -63.7257     -68.7140     -61.7619     -60.6274
                -71.8469     -69.8544     -68.1644     -70.8706     -58.2793
                -66.0834     -68.0557     -72.7764     -58.5390     -65.8812
                -65.7181     -69.5675     -71.0097     -78.1610     -67.0462
                -53.4874     -58.4378     -75.0881     -63.6935     -59.1064
                -78.1557     -77.4267     -67.9478     -69.3289     -61.2187
                -70.5451     -72.9721     -79.3497     -78.7081     -85.4026
                -74.7383     -60.0043     -63.4681     -60.4803     -64.2807
                -60.1423     -55.0519     -76.6454     -70.2413     -69.8936
                -63.2441     -49.8782     -50.6628     -55.4107     -55.8351
   1    100     -70.7574     -70.4513     -75.4096     -68.4486     -67.3347
                -78.5435     -76.5424     -74.8886     -77.5984     -65.0410
                -72.7976     -74.7722     -79.4688     -65.2900     -72.6027
                -72.4533     -76.2807     -77.7193     -84.8595     -73.7564
                -60.2122     -65.1633     -81.7862     -70.4089     -65.8297
                -84.8352     -84.1096     -74.6517     -76.0243     -67.9286
                -77.2286     -79.6668     -86.0474     -85.3976     -92.0912
                -81.4406     -66.7124     -70.1818     -67.2057     -71.0009
                -66.8919     -61.7744     -83.3423     -76.9495     -76.6049
                -69.9621     -56.6336     -57.4076     -62.1494     -62.5869
   2      0     -58.5769     -58.3640     -63.3805     -56.3753     -55.2962
                -66.5242     -64.5569     -62.7876     -65.4902     -52.9243
                -60.8124     -62.7149     -67.4189     -53.1237     -60.5111
                -60.3810     -64.2550     -65.6676     -72.8143     -61.7005
                -48.1460     -53.1027     -69.8116     -58.3662     -53.7127
                -72.8367     -72.0698     -62.5724     -64.0461     -55.9058
                -65.2416     -67.7215     -74.0544     -73.4505     -80.1719
                -69.4881     -54.6300     -58.1776     -55.1159     -58.9277
                -54.7150     -49.7227     -71.3504     -64.8599     -64.5621
                -57.8865     -44.4539     -45.2550     -50.0137     -50.4430
   3      0     -58.6116     -58.3604     -63.4130     -56.4004     -55.3301
                -66.6009     -64.5892     -62.7830     -65.5496     -52.9497
                -60.8093     -62.7652     -67.4592     -53.1352     -60.5598
                -60.4380     -64.2936     -65.6856     -72.8557     -61.7586
                -48.1652     -53.1162     -69.8466     -58.4087     -53.7775
                -72.8641     -72.1069     -62.6106     -64.0729     -56.0029
                -65.2445     -67.7430     -74.1041     -73.4616     -80.1872
                -69.4970     -54.6438     -58.2009     -55.1253     -58.9582
                -54.7661     -49.7523     -71.3882     -64.9052     -64.6045
                -57.9161     -44.5185     -45.2990     -50.0550     -50.4722
   4      0     -58.6108     -58.3185     -63.3681     -56.4055     -55.3026
                -66.5447     -64.5404     -62.7592     -65.5167     -52.9426
                -60.8094     -62.7255     -67.4321     -53.1296     -60.5357
                -60.4364     -64.2565     -65.6897     -72.8224     -61.7039
                -48.1395     -53.1319     -69.7813     -58.3928     -53.7893
                -72.8436     -72.0195     -62.5768     -64.0649     -55.9347
                -65.2640     -67.7194     -74.0606     -73.4039     -80.1556
                -69.4287     -54.6484     -58.1604     -55.1185     -58.9548
                -54.7792     -49.6987     -71.3722     -64.8616     -64.5793
                -57.8722     -44.5402     -45.2814     -49.9955     -50.4236
   5      0     -58.6774     -58.4496     -63.4585     -56.5105     -55.4147
                -66.5953     -64.6521     -62.8693     -65.6125     -53.0245
                -60.8637     -62.7822     -67.5070     -53.2303     -60.6205
                -60.4875     -64.3682     -65.7806     -72.9044     -61.7635
                -48.2211     -53.2115     -69.8487     -58.4485     -53.8816
                -72.9061     -72.1289     -62.6761     -64.1098     -56.0412
                -65.3684     -67.8143     -74.1306     -73.4978     -80.2425
                -69.5094     -54.7617     -58.2877     -55.2231     -58.9973
                -54.8811     -49.8324     -71.4543     -64.9230     -64.6322
                -57.9816     -44.5637     -45.4064     -50.0850     -50.5387
   5     60     -60.4466     -60.2126     -65.2144     -58.2708     -57.1748
                -68.3509     -66.4050     -64.6342     -67.3814     -54.8020
                -62.6129     -64.5399     -69.2623     -54.9980     -62.3770
                -62.2492     -66.1181     -67.5358     -74.6472     -63.5293
                -49.9864     -54.9717     -71.6013     -60.2090     -55.6538
                -74.6526     -73.8775     -64.4218     -65.8559     -57.8021
                -67.1218     -69.5576     -75.8669     -75.2385     -81.9790
                -71.2520     -56.5194     -60.0505     -56.9864     -60.7583
                -56.6509     -51.5924     -73.1937     -66.6741     -66.3856
                -59.7438     -46.3381     -47.1854     -51.8576     -52.3249
   5     80     -64.7254     -64.4628     -69.4707     -62.5348     -61.4403
                -72.6110     -70.6705     -68.9204     -71.6524     -59.1090
                -66.8707     -68.7933     -73.5173     -59.2799     -66.6323
                -66.5232     -70.3660     -71.7955     -78.8858     -67.8095
                -54.2587     -59.2425     -75.8573     -64.4759     -59.9333
                -78.9063     -78.1285     -68.6625     -70.1062     -62.0613
                -71.3790     -73.7961     -80.1024     -79.4744     -86.2104
                -75.4932     -60.7668     -64.3138     -61.2610     -65.0268
                -60.9292     -55.8580     -77.4377     -70.9246     -70.6464
                -64.0273     -50.6360     -51.4627     -56.1500     -56.6096
   5    100     -70.7955     -70.5225     -75.5118     -68.5690     -67.4753
                -78.6355     -76.6964     -74.9812     -77.7274     -65.1980
                -72.9122     -74.8520     -79.5577     -65.3636     -72.6900
                -72.5873     -76.4250     -77.8420     -84.9131     -73.8539
                -60.3062     -65.2910     -81.8896     -70.5185     -65.9802
                -84.9215     -84.1498     -74.7021     -76.1350     -68.1171
                -77.4192     -79.8202     -86.1388     -85.4960     -92.2318
                -81.5257     -66.8072     -70.3622     -67.3260     -71.0758
                -67.0229     -61.9152     -83.4721     -76.9646     -76.6821
                -70.0783     -56.7115     -57.5359     -62.2054     -62.7005
 
 
 cumulative average & 95% error for solvation free energy
              total             1st component         2nd component
  1  -112.5659              -53.9585              -58.6116
  2  -113.1270     1.1222   -54.6451     1.3733   -58.4860     0.2512
  3  -113.2638     0.7033   -53.1397     3.1136   -60.1283     3.2878
  4  -112.8866     0.9037   -53.6944     2.4654   -59.1964     2.9798
  5  -112.4832     1.0681   -54.0642     2.0479   -58.4231     2.7783
  6  -112.3636     0.9043   -52.5816     3.4041   -59.7861     3.5464
  7  -112.4694     0.7931   -52.0013     3.1023   -60.4723     3.2965
  8  -112.6014     0.7358   -51.8445     2.7049   -60.7611     2.9127
  9  -112.5964     0.6490   -51.3074     2.6162   -61.2932     2.7804
 10  -112.6045     0.5807   -52.1499     2.8835   -60.4588     2.9949
 11  -112.6761     0.5444   -52.1896     2.6094   -60.4907     2.7097
 12  -112.8377     0.5929   -52.1617     2.3827   -60.6802     2.5025
 13  -112.7923     0.5529   -51.5947     2.4677   -61.2017     2.5272
 14  -112.6664     0.5704   -52.0450     2.4557   -60.6255     2.6081
 15  -112.7335     0.5477   -52.1166     2.2906   -60.6211     2.4280
 16  -112.7149     0.5137   -52.1094     2.1427   -60.6097     2.2713
 17  -112.7840     0.5020   -51.9618     2.0343   -60.8264     2.1771
 18  -112.8416     0.4871   -51.7494     1.9644   -61.0963     2.1224
 19  -112.9469     0.5066   -51.2358     2.1232   -61.7152     2.3585
 20  -112.9213     0.4833   -51.2081     2.0150   -61.7174     2.2375
 21  -112.9472     0.4626   -51.8793     2.3400   -61.0721     2.4891
 22  -112.9875     0.4483   -52.2812     2.3715   -60.7104     2.4810
 23  -113.1098     0.4933   -52.0063     2.3318   -61.1077     2.5003
 24  -113.1212     0.4729   -52.1302     2.2462   -60.9952     2.4044
 25  -113.1216     0.4536   -52.4193     2.2307   -60.7065     2.3774
 26  -113.1048     0.4371   -51.9349     2.3520   -61.1741     2.4681
 27  -113.0935     0.4212   -51.5187     2.4114   -61.5790     2.5092
 28  -113.0807     0.4067   -51.4690     2.3259   -61.6159     2.4191
 29  -113.0594     0.3947   -51.3630     2.2542   -61.7006     2.3403
 30  -113.0453     0.3823   -51.5388     2.2060   -61.5107     2.2927
 31  -113.0506     0.3700   -51.4236     2.1461   -61.6311     2.2305
 32  -113.0865     0.3653   -51.2685     2.1009   -61.8221     2.1932
 33  -113.1468     0.3741   -50.9566     2.1297   -62.1943     2.2523
 34  -113.2318     0.4007   -50.7103     2.1240   -62.5257     2.2833
 35  -113.3153     0.4235   -50.2892     2.2278   -63.0303     2.4360
 36  -113.3800     0.4314   -50.1743     2.1772   -63.2099     2.3945
 37  -113.4042     0.4224   -50.4299     2.1784   -62.9784     2.3745
 38  -113.4231     0.4128   -50.5746     2.1399   -62.8527     2.3248
 39  -113.4149     0.4025   -50.7645     2.1186   -62.6545     2.2988
 40  -113.3876     0.3960   -50.8296     2.0691   -62.5621     2.2482
 41  -113.3750     0.3871   -51.0072     2.0490   -62.3720     2.2254
 42  -113.3118     0.3983   -51.2445     2.0552   -62.0715     2.2534
 43  -113.3413     0.3934   -51.0573     2.0414   -62.2882     2.2426
 44  -113.3424     0.3843   -50.9989     1.9979   -62.3477     2.1943
 45  -113.3558     0.3767   -50.9622     1.9544   -62.3978     2.1473
 46  -113.3569     0.3684   -51.0606     1.9216   -62.3004     2.1091
 47  -113.2952     0.3810   -51.3773     1.9840   -61.9220     2.1981
 48  -113.2331     0.3931   -51.6615     2.0237   -61.5757     2.2606
 49  -113.1623     0.4102   -51.8258     2.0090   -61.3406     2.2633
 50  -113.1197     0.4109   -52.0006     1.9992   -61.1232     2.2598
 
 Mesh error is    0.093 kcal/mol
