 ERmod 0.3.8, Copyright (C) 2000-2019 Nobuyuki Matubayasi
                            2010-2019 Shun Sakuraba
 ERmod comes with ABSOLUTELY NO WARRANTY.
 This is free software, and you can redistribute it
 and/or modify it under certain conditions.
 See LICENSE file for details.
 
  Number of the   1-th solvent  =          378
  Number of the   2-th solvent  =        10000
 
  Be sure that the solvent distribution is homogeneous (radial distribution function is essentially unity) when the solvent molecule is separated beyond distance of   10.0 Angstrom in any direction from any atom within the solute molecule
 
  LJ long-range correction    =        -1.1319     -7.1533
 
  Self-energy of the solute   =        -0.0245  kcal/mol
 
 
 cumulative average & 95% error for solvation energy
              total             1st component         2nd component
  1  -476.0213              -73.5857             -402.4111
  2  -476.3093     0.5759   -67.8863    11.3987  -408.3984    11.9746
  3  -475.9555     0.7817   -66.2402     7.3586  -409.6908     7.3809
  4  -474.9040     2.1745   -66.2190     5.2035  -408.6605     5.6111
  5  -474.9159     1.6845   -63.9009     6.1432  -410.9905     6.3723
  6  -474.9871     1.3828   -65.7728     6.2590  -409.1898     6.3278
  7  -474.8578     1.1969   -66.0741     5.3240  -408.7592     5.4168
  8  -475.2525     1.3029   -66.1002     4.6110  -409.1278     4.7487
  9  -475.4131     1.1931   -64.6219     5.0277  -410.7667     5.3181
 10  -475.4957     1.0798   -66.3043     5.6164  -409.1668     5.7327
 11  -475.4389     0.9833   -68.3358     6.5051  -407.0786     6.6583
 12  -475.3689     0.9085   -68.0017     5.9758  -407.3427     6.1011
 13  -475.5606     0.9194   -66.4032     6.3591  -409.1329     6.6570
 14  -475.5676     0.8513   -66.4811     5.8894  -409.0619     6.1649
 15  -475.6641     0.8157   -67.3078     5.7266  -408.3318     5.9220
 16  -475.5851     0.7792   -68.6232     5.9679  -406.9374     6.2020
 17  -475.5318     0.7397   -69.2856     5.7603  -406.2216     5.9990
 18  -475.4689     0.7086   -70.1120     5.6768  -405.3323     5.9290
 19  -475.3792     0.6939   -71.5280     6.0708  -403.8266     6.3656
 20  -475.3415     0.6626   -72.4618     6.0544  -402.8552     6.3438
 21  -475.1769     0.7110   -72.0501     5.8175  -403.1023     6.0544
 22  -475.1834     0.6780   -73.1890     5.9963  -401.9698     6.2011
 23  -475.1294     0.6568   -73.4886     5.7609  -401.6162     5.9674
 24  -474.9962     0.6830   -73.0017     5.6010  -401.9700     5.7570
 25  -474.9910     0.6552   -72.3252     5.5400  -402.6413     5.6828
 26  -474.9338     0.6398   -72.5085     5.3353  -402.4007     5.4810
 27  -474.9069     0.6180   -73.0008     5.2274  -401.8816     5.3753
 28  -474.9210     0.5962   -73.2930     5.0710  -401.6035     5.2095
 29  -474.8859     0.5795   -73.4115     4.8988  -401.4498     5.0361
 30  -474.8283     0.5716   -72.5010     5.0709  -402.3027     5.1557
 31  -474.8414     0.5535   -71.3844     5.3891  -403.4325     5.4746
 32  -474.8190     0.5378   -71.0752     5.2545  -403.7193     5.3317
 33  -474.8000     0.5226   -70.2475     5.3551  -404.5279     5.4148
 34  -474.8101     0.5074   -69.2793     5.5443  -405.5062     5.6057
 35  -474.8086     0.4927   -68.7058     5.5044  -406.0783     5.5621
 36  -474.8465     0.4848   -68.3735     5.3905  -406.4485     5.4559
 37  -474.7748     0.4929   -68.2171     5.2521  -406.5332     5.3091
 38  -474.7010     0.5019   -67.7136     5.2102  -406.9629     5.2384
 39  -474.6548     0.4975   -67.7510     5.0754  -406.8793     5.1051
 40  -474.6327     0.4869   -67.9237     4.9590  -406.6845     4.9910
 41  -474.6105     0.4770   -68.0811     4.8467  -406.5048     4.8810
 42  -474.6058     0.4656   -68.3512     4.7607  -406.2301     4.7950
 43  -474.6020     0.4547   -68.7929     4.7318  -405.7845     4.7662
 44  -474.6616     0.4599   -69.1699     4.6841  -405.4672     4.6997
 45  -474.6491     0.4503   -69.6740     4.6885  -404.9505     4.7088
 46  -474.6415     0.4407   -69.7892     4.5913  -404.8278     4.6118
 47  -474.5698     0.4544   -70.3261     4.6191  -404.2192     4.6739
 48  -474.5296     0.4521   -70.8567     4.6447  -403.6484     4.7158
 49  -474.5432     0.4436   -71.0896     4.5727  -403.4290     4.6393
 50  -474.5614     0.4362   -70.9474     4.4893  -403.5895     4.5569
 
 
 group  inft  solvation free energy     error          difference
  total solvation free energy
   1      0       -100.76507           0.25138           0.05230
   1     60       -101.63365           0.25071          -0.81629
   1     80       -105.16523           0.24893          -4.34786
   1    100       -113.98764           0.25000         -13.17028
   2      0       -100.79152           0.25421           0.02584
   3      0       -100.81736           0.25232           0.00000
   4      0       -100.74929           0.25284           0.06808
   5      0       -100.85024           0.25228          -0.03288
   5     60       -101.94664           0.24978          -1.12928
   5     80       -106.07960           0.24783          -5.26224
   5    100       -114.10104           0.24999         -13.28368
 
  contribution from  1-th solvent component
   1      0        -25.94110           1.78584           0.00350
   1     60        -25.97334           1.78592          -0.02873
   1     80        -26.11902           1.78620          -0.17441
   1    100        -26.53579           1.78642          -0.59118
   2      0        -25.94571           1.78397          -0.00111
   3      0        -25.94461           1.78349           0.00000
   4      0        -25.94598           1.78237          -0.00137
   5      0        -25.94988           1.78263          -0.00528
   5     60        -25.99127           1.78276          -0.04666
   5     80        -26.16658           1.78307          -0.22198
   5    100        -26.54958           1.78303          -0.60497
 
  contribution from  2-th solvent component
   1      0        -74.79943           1.89925           0.04879
   1     60        -75.63578           1.89813          -0.78755
   1     80        -79.02167           1.89474          -4.17345
   1    100        -87.42732           1.89291         -12.57910
   2      0        -74.82127           1.90170           0.02695
   3      0        -74.84822           1.89955           0.00000
   4      0        -74.77877           1.89920           0.06945
   5      0        -74.87583           1.89982          -0.02760
   5     60        -75.93084           1.89702          -1.08262
   5     80        -79.88848           1.89361          -5.04026
   5    100        -87.52693           1.89290         -12.67870
 
 
 group  inft   Estimated free energy: total (kcal/mol)
   1      0    -101.4153    -102.1566    -101.4193    -100.0098    -101.4957
               -101.1617    -100.9970    -102.6875    -101.8946    -101.6877
               -100.7469    -101.6236    -102.6809    -100.8836    -101.7775
               -100.0958    -100.5449    -100.2748     -99.9433    -100.3051
                -99.8763    -100.5175    -100.2598     -99.1543    -101.6141
               -100.0671    -100.4696    -100.8825    -101.0787    -100.5756
               -101.4477    -100.9843    -101.2837    -101.3768    -101.4848
               -101.6835     -99.9709     -99.2706     -99.6664    -100.4531
               -100.2019    -100.4531    -100.0585    -101.7591    -100.2578
               -100.6419     -98.5907     -99.0524    -100.7551    -100.5636
   1     60    -102.2835    -103.0227    -102.2842    -100.8780    -102.3615
               -102.0317    -101.8643    -103.5551    -102.7599    -102.5591
               -101.6172    -102.4893    -103.5435    -101.7543    -102.6528
               -100.9628    -101.4162    -101.1484    -100.8147    -101.1830
               -100.7452    -101.3902    -101.1301    -100.0270    -102.4793
               -100.9388    -101.3433    -101.7548    -101.9435    -101.4381
               -102.3043    -101.8499    -102.1442    -102.2343    -102.3447
               -102.5456    -100.8364    -100.1343    -100.5352    -101.3252
               -101.0720    -101.3230    -100.9341    -102.6288    -101.1295
               -101.5101     -99.4675     -99.9285    -101.6287    -101.4334
   1     80    -105.8071    -106.5422    -105.7968    -104.3962    -105.8819
               -105.5798    -105.3838    -107.0837    -106.2778    -106.1017
               -105.1579    -106.0185    -107.0582    -105.2896    -106.1987
               -104.5070    -104.9620    -104.6832    -104.3624    -104.7177
               -104.2722    -104.9420    -104.6665    -103.5505    -105.9974
               -104.4715    -104.8929    -105.2993    -105.4641    -104.9545
               -105.8015    -105.3750    -105.6542    -105.7454    -105.8563
               -106.0641    -104.3534    -103.6549    -104.0688    -104.8675
               -104.6175    -104.8667    -104.4930    -106.1751    -104.6712
               -105.0341    -103.0230    -103.4965    -105.1624    -104.9633
   1    100    -114.6220    -115.3636    -114.5932    -113.2034    -114.7148
               -114.4318    -114.1931    -115.9242    -115.1011    -114.9463
               -114.0083    -114.8672    -115.8916    -114.1218    -115.0257
               -113.3069    -113.8339    -113.5092    -113.2226    -113.5299
               -113.0803    -113.7467    -113.4771    -112.3489    -114.8357
               -113.3047    -113.7391    -114.1475    -114.2793    -113.7475
               -114.5856    -114.2104    -114.4811    -114.5486    -114.6614
               -114.8798    -113.1658    -112.4469    -112.8764    -113.7181
               -113.4610    -113.6933    -113.3358    -115.0058    -113.4887
               -113.8116    -111.8361    -112.3405    -113.9702    -113.7476
   2      0    -101.4546    -102.1954    -101.4874     -99.9935    -101.5321
               -101.2116    -101.0220    -102.7538    -101.9186    -101.7013
               -100.8162    -101.6228    -102.7013    -100.9670    -101.8146
               -100.1185    -100.5443    -100.2712     -99.9135    -100.3297
                -99.9073    -100.4984    -100.3240     -99.1868    -101.6933
               -100.0709    -100.5388    -100.9038    -101.1108    -100.6630
               -101.4891    -100.9906    -101.3760    -101.4645    -101.4887
               -101.7406     -99.9632     -99.2835     -99.7500    -100.4089
               -100.2173    -100.4590    -100.0457    -101.7172    -100.2965
               -100.7094     -98.6260     -99.0032    -100.7188    -100.5610
   3      0    -101.4541    -102.2169    -101.5095    -100.0274    -101.5266
               -101.2337    -101.0754    -102.7622    -101.9666    -101.7064
               -100.8438    -101.6666    -102.6663    -101.0095    -101.8968
               -100.1208    -100.6015    -100.3462     -99.9462    -100.3498
                -99.8882    -100.5328    -100.3829     -99.2499    -101.7275
               -100.0392    -100.5039    -100.9435    -101.1037    -100.6533
               -101.5269    -100.9799    -101.4043    -101.4978    -101.4944
               -101.7546     -99.9845     -99.3341     -99.7705    -100.4639
               -100.2409    -100.4665    -100.1373    -101.7420    -100.3449
               -100.7168     -98.6676     -99.0572    -100.7396    -100.5933
   4      0    -101.3581    -102.1420    -101.4619     -99.9732    -101.4483
               -101.1119    -100.9874    -102.7363    -101.8848    -101.6336
               -100.7092    -101.6130    -102.6481    -100.9804    -101.7755
               -100.0757    -100.5204    -100.1975     -99.9306    -100.2493
                -99.8588    -100.5308    -100.2632     -99.2190    -101.6060
                -99.9149    -100.4328    -100.8125    -101.0401    -100.6260
               -101.4933    -100.9107    -101.3536    -101.4298    -101.4810
               -101.6682     -99.8777     -99.2166     -99.6597    -100.4270
               -100.1540    -100.4284    -100.1101    -101.7000    -100.3010
               -100.6651     -98.5957     -99.0337    -100.6775    -100.5397
   5      0    -101.4559    -102.2442    -101.4993    -100.0233    -101.5793
               -101.2028    -101.0854    -102.8643    -101.9635    -101.6882
               -100.8201    -101.7027    -102.6743    -101.0611    -101.8579
               -100.1785    -100.6510    -100.3550    -100.0230    -100.3639
                -99.9566    -100.6141    -100.3955     -99.2872    -101.7372
               -100.0927    -100.5878    -100.9316    -101.1287    -100.6544
               -101.6195    -100.9995    -101.4414    -101.5876    -101.5660
               -101.8200    -100.0254     -99.3863     -99.7825    -100.4948
               -100.3103    -100.5059    -100.1718    -101.8200    -100.3555
               -100.7784     -98.6285     -99.1418    -100.7939    -100.6034
   5     60    -102.5405    -103.3273    -102.5831    -101.1071    -102.6602
               -102.2924    -102.1687    -103.9497    -103.0472    -102.7788
               -101.9094    -102.7886    -103.7545    -102.1729    -102.9696
               -101.2890    -101.7652    -101.4634    -101.1322    -101.4733
               -101.0555    -101.7242    -101.5069    -100.3922    -102.8221
               -101.1824    -101.6826    -102.0247    -102.2134    -101.7342
               -102.6923    -102.0826    -102.5199    -102.6660    -102.6430
               -102.8996    -101.1152    -100.4905    -100.8875    -101.6065
               -101.4160    -101.6164    -101.2884    -102.9270    -101.4659
               -101.8784     -99.7508    -100.2647    -101.8973    -101.7130
   5     80    -106.6685    -107.4510    -106.6984    -105.2267    -106.7811
               -106.4411    -106.2866    -108.0823    -107.1689    -106.9223
               -106.0534    -106.9181    -107.8756    -106.3131    -107.1108
               -105.4381    -105.9130    -105.6090    -105.2924    -105.6127
               -105.1812    -105.8655    -105.6499    -104.5175    -106.9427
               -105.3175    -105.8336    -106.1727    -106.3361    -105.8484
               -106.7868    -106.2009    -106.6332    -106.7761    -106.7475
               -107.0154    -105.2384    -104.6192    -105.0274    -105.7528
               -105.5587    -105.7651    -105.4431    -107.0646    -105.6090
               -106.0065    -103.9046    -104.4282    -106.0322    -105.8421
   5    100    -114.6916    -115.4831    -114.7094    -113.2346    -114.8169
               -114.4880    -114.3078    -116.1309    -115.1996    -114.9696
               -114.1060    -114.9683    -115.9168    -114.3233    -115.1305
               -113.4458    -113.9467    -113.6319    -113.3414    -113.6184
               -113.1843    -113.8726    -113.6565    -112.5154    -114.9815
               -113.3493    -113.8862    -114.2204    -114.3559    -113.8575
               -114.7862    -114.2281    -114.6692    -114.7922    -114.7474
               -115.0382    -113.2459    -112.6109    -113.0285    -113.7787
               -113.5794    -113.8009    -113.4660    -115.0787    -113.6282
               -114.0004    -111.9043    -112.4593    -114.0395    -113.8298
 
 group  inft   Estimated free energy: 1-th solvent contribution (kcal/mol)
   1      0     -27.0690     -22.8205     -22.7879     -24.2519     -19.7859
                -27.4773     -24.9728     -24.6528     -18.8662     -30.0438
                -33.3406     -23.8894     -16.7160     -24.4450     -28.9762
                -32.4319     -29.3726     -31.3020     -36.3900     -33.3406
                -22.7249     -36.0320     -29.4377     -21.7872     -20.4547
                -28.7691     -32.1723     -30.2133     -28.2646     -15.8953
                -12.7313     -22.5341     -15.1477     -12.3961     -17.3801
                -20.6219     -22.5792     -16.1293     -24.6066     -27.1066
                -26.9909     -29.5246     -32.4694     -31.8490     -34.5295
                -27.6337     -35.0384     -35.5853     -30.7001     -22.8182
   1     60     -27.1015     -22.8527     -22.8200     -24.2844     -19.8174
                -27.5092     -25.0050     -24.6842     -18.8982     -30.0764
                -33.3731     -23.9214     -16.7483     -24.4772     -29.0090
                -32.4647     -29.4049     -31.3347     -36.4223     -33.3735
                -22.7571     -36.0643     -29.4694     -21.8195     -20.4866
                -28.8017     -32.2048     -30.2458     -28.2968     -15.9262
                -12.7628     -22.5667     -15.1798     -12.4279     -17.4122
                -20.6543     -22.6115     -16.1606     -24.6377     -27.1386
                -27.0235     -29.5570     -32.5024     -31.8818     -34.5621
                -27.6660     -35.0704     -35.6180     -30.7326     -22.8505
   1     80     -27.2482     -22.9982     -22.9651     -24.4304     -19.9602
                -27.6536     -25.1502     -24.8270     -19.0430     -30.2233
                -33.5202     -24.0665     -16.8943     -24.6231     -29.1560
                -32.6129     -29.5509     -31.4817     -36.5688     -33.5209
                -22.9022     -36.2104     -29.6126     -21.9649     -20.6309
                -28.9486     -32.3514     -30.3929     -28.4422     -16.0674
                -12.9059     -22.7142     -15.3253     -12.5724     -17.5578
                -20.8011     -22.7570     -16.3033     -24.7793     -27.2836
                -27.1707     -29.7033     -32.6516     -32.0299     -34.7087
                -27.8117     -35.2155     -35.7662     -30.8792     -22.9962
   1    100     -27.6675     -23.4161     -23.3800     -24.8473     -20.3741
                -28.0686     -25.5660     -25.2422     -19.4598     -30.6414
                -33.9396     -24.4850     -17.3153     -25.0403     -29.5739
                -33.0300     -29.9698     -31.9008     -36.9866     -33.9387
                -23.3173     -36.6237     -30.0233     -22.3805     -21.0472
                -29.3681     -32.7703     -30.8123     -28.8573     -16.4773
                -13.3205     -23.1343     -15.7438     -12.9888     -17.9739
                -21.2197     -23.1737     -16.7154     -25.1877     -27.7003
                -27.5887     -30.1197     -33.0734     -32.4480     -35.1265
                -28.2277     -35.6315     -36.1862     -31.2969     -23.4124
   2      0     -27.0787     -22.8382     -22.8089     -24.2584     -19.8076
                -27.5087     -24.9748     -24.6775     -18.8851     -30.0496
                -33.3520     -23.8913     -16.7420     -24.4509     -28.9827
                -32.4207     -29.3822     -31.2955     -36.3847     -33.3274
                -22.7388     -36.0355     -29.4364     -21.7886     -20.4808
                -28.7532     -32.1776     -30.2047     -28.2886     -15.9277
                -12.7414     -22.5320     -15.1370     -12.4175     -17.3903
                -20.6317     -22.5722     -16.1278     -24.6305     -27.0964
                -26.9918     -29.5247     -32.4395     -31.8233     -34.5336
                -27.6515     -35.0342     -35.5788     -30.6840     -22.7988
   3      0     -27.0704     -22.8403     -22.8144     -24.2675     -19.8200
                -27.5131     -24.9810     -24.6669     -18.8870     -30.0511
                -33.3624     -23.9075     -16.7331     -24.4395     -28.9928
                -32.4030     -29.3808     -31.2957     -36.3880     -33.3418
                -22.7426     -36.0243     -29.4198     -21.7741     -20.4802
                -28.7457     -32.1785     -30.2019     -28.2820     -15.9283
                -12.7560     -22.5360     -15.1466     -12.4195     -17.3996
                -20.6209     -22.5699     -16.1263     -24.6064     -27.0889
                -26.9962     -29.5273     -32.4299     -31.8245     -34.5389
                -27.6529     -35.0259     -35.5703     -30.6790     -22.7815
   4      0     -27.0779     -22.8429     -22.8164     -24.2664     -19.8271
                -27.5245     -24.9765     -24.6876     -18.8922     -30.0552
                -33.3542     -23.9006     -16.7432     -24.4349     -28.9833
                -32.3987     -29.3849     -31.2980     -36.3744     -33.3212
                -22.7449     -36.0385     -29.4376     -21.7933     -20.4914
                -28.7401     -32.1861     -30.2145     -28.2956     -15.9463
                -12.7561     -22.5411     -15.1420     -12.4319     -17.3999
                -20.6250     -22.5773     -16.1283     -24.6124     -27.0801
                -26.9909     -29.5189     -32.4190     -31.8011     -34.5251
                -27.6481     -35.0174     -35.5662     -30.6844     -22.7854
   5      0     -27.0694     -22.8419     -22.8224     -24.2712     -19.8311
                -27.5231     -24.9766     -24.6910     -18.8910     -30.0542
                -33.3578     -23.8982     -16.7486     -24.4424     -28.9801
                -32.3927     -29.4013     -31.3037     -36.3823     -33.3269
                -22.7510     -36.0530     -29.4396     -21.7940     -20.4764
                -28.7580     -32.1898     -30.2050     -28.2912     -15.9410
                -12.7546     -22.5540     -15.1522     -12.4309     -17.3941
                -20.6308     -22.5780     -16.1497     -24.6148     -27.1037
                -27.0022     -29.5282     -32.4222     -31.8228     -34.5169
                -27.6565     -35.0207     -35.5797     -30.6774     -22.7998
   5     60     -27.1108     -22.8829     -22.8635     -24.3124     -19.8712
                -27.5638     -25.0176     -24.7311     -18.9319     -30.0958
                -33.3993     -23.9391     -16.7898     -24.4841     -29.0223
                -32.4352     -29.4432     -31.3459     -36.4240     -33.3693
                -22.7925     -36.0947     -29.4807     -21.8357     -20.5170
                -28.7995     -32.2314     -30.2467     -28.3323     -15.9807
                -12.7949     -22.5956     -15.1933     -12.4716     -17.4352
                -20.6720     -22.6193     -16.1905     -24.6550     -27.1454
                -27.0442     -29.5701     -32.4649     -31.8652     -34.5588
                -27.6980     -35.0621     -35.6221     -30.7191     -22.8415
   5     80     -27.2872     -23.0578     -23.0381     -24.4875     -20.0430
                -27.7380     -25.1921     -24.9028     -19.1064     -30.2724
                -33.5758     -24.1132     -16.9659     -24.6595     -29.1994
                -32.6136     -29.6192     -31.5232     -36.6004     -33.5467
                -22.9673     -36.2700     -29.6540     -22.0112     -20.6902
                -28.9759     -32.4076     -30.4235     -28.5071     -16.1514
                -12.9673     -22.7725     -15.3685     -12.6456     -17.6102
                -20.8479     -22.7945     -16.3629     -24.8262     -27.3207
                -27.2213     -29.7464     -32.6438     -32.0432     -34.7354
                -27.8738     -35.2365     -35.8000     -30.8951     -23.0170
   5    100     -27.6737     -23.4436     -23.4210     -24.8706     -20.4247
                -28.1215     -25.5757     -25.2855     -19.4913     -30.6581
                -33.9622     -24.4983     -17.3542     -25.0404     -29.5832
                -32.9960     -30.0017     -31.9064     -36.9833     -33.9291
                -23.3491     -36.6486     -30.0310     -22.3917     -21.0732
                -29.3613     -32.7941     -30.8100     -28.8899     -16.5316
                -13.3506     -23.1595     -15.7552     -13.0303     -17.9938
                -21.2330     -23.1763     -16.7397     -25.2012     -27.7020
                -27.6040     -30.1291     -33.0288     -32.4256     -35.1189
                -28.2562     -35.6154     -36.1838     -31.2777     -23.3968
 
 group  inft   Estimated free energy: 2-th solvent contribution (kcal/mol)
   1      0     -74.3217     -79.3116     -78.6069     -75.7334     -81.6853
                -73.6599     -75.9996     -78.0101     -83.0038     -71.6194
                -67.3818     -77.7098     -85.9404     -76.4141     -72.7767
                -67.6393     -71.1478     -68.9483     -63.5287     -66.9400
                -77.1269     -64.4610     -70.7976     -77.3426     -81.1348
                -71.2735     -68.2728     -70.6446     -72.7896     -84.6558
                -88.6919     -78.4257     -86.1115     -88.9562     -84.0802
                -81.0371     -77.3671     -83.1168     -75.0353     -73.3219
                -73.1865     -70.9040     -67.5645     -69.8856     -65.7038
                -72.9836     -63.5278     -63.4426     -70.0305     -77.7208
   1     60     -75.1575     -80.1454     -79.4397     -76.5691     -82.5196
                -74.4980     -76.8348     -78.8464     -83.8372     -72.4582
                -68.2196     -78.5433     -86.7707     -77.2525     -73.6193
                -68.4736     -71.9868     -69.7891     -64.3678     -67.7850
                -77.9636     -65.3014     -71.6362     -78.1830     -81.9682
                -72.1126     -69.1140     -71.4844     -73.6222     -85.4873
                -89.5169     -79.2586     -86.9399     -89.7819     -84.9079
                -81.8668     -78.2004     -83.9491     -75.8730     -74.1620
                -74.0240     -71.7415     -68.4071     -70.7224     -66.5429
                -73.8195     -64.3726     -64.2859     -70.8716     -78.5583
   1     80     -78.5344     -83.5196     -82.8071     -79.9413     -85.8972
                -77.9017     -80.2091     -82.2322     -87.2102     -75.8539
                -71.6131     -81.9275     -90.1393     -80.6420     -77.0182
                -71.8695     -75.3866     -73.1770     -67.7690     -71.1722
                -81.3455     -68.7070     -75.0294     -81.5611     -85.3420
                -75.4983     -72.5170     -74.8819     -76.9973     -88.8626
                -92.8711     -82.6362     -90.3044     -93.1484     -88.2740
                -85.2384     -81.5719     -87.3271     -79.2650     -77.5594
                -77.4223     -75.1389     -71.8169     -74.1207     -69.9379
                -77.1978     -67.7830     -67.7057     -74.2587     -81.9426
   1    100     -86.9300     -91.9230     -91.1887     -88.3316     -94.3161
                -86.3387     -88.6025     -90.6575     -95.6168     -84.2804
                -80.0441     -90.3577     -98.5517     -89.0569     -85.4272
                -80.2524     -83.8396     -81.5839     -76.2115     -79.5667
                -89.7385     -77.0984     -83.4292     -89.9439     -93.7640
                -83.9120     -80.9443     -83.3107     -85.3974     -97.2457
               -101.2406     -91.0516     -98.7127    -101.5353     -96.6629
                -93.6356     -89.9676     -95.7069     -87.6642     -85.9933
                -85.8478     -83.5491     -80.2378     -82.5333     -78.3378
                -85.5593     -76.1801     -76.1297     -82.6487     -90.3106
   2      0     -74.3514     -79.3326     -78.6540     -75.7106     -81.6999
                -73.6784     -76.0227     -78.0517     -83.0089     -71.6272
                -67.4396     -77.7070     -85.9348     -76.4916     -72.8073
                -67.6732     -71.1376     -68.9511     -63.5043     -66.9778
                -77.1440     -64.4383     -70.8631     -77.3736     -81.1880
                -71.2931     -68.3366     -70.6746     -72.7977     -84.7108
                -88.7232     -78.4341     -86.2144     -89.0224     -84.0739
                -81.0844     -77.3665     -83.1312     -75.0950     -73.2880
                -73.2009     -70.9098     -67.5817     -69.8693     -65.7384
                -73.0333     -63.5673     -63.3999     -70.0103     -77.7377
   3      0     -74.3591     -79.3521     -78.6705     -75.7353     -81.6821
                -73.6961     -76.0699     -78.0707     -83.0550     -71.6307
                -67.4569     -77.7345     -85.9087     -76.5454     -72.8794
                -67.6933     -71.1962     -69.0259     -63.5336     -66.9835
                -77.1210     -64.4840     -70.9386     -77.4512     -81.2228
                -71.2690     -68.3009     -70.7172     -72.7972     -84.7004
                -88.7463     -78.4193     -86.2332     -89.0538     -84.0703
                -81.1091     -77.3901     -83.1833     -75.1396     -73.3505
                -73.2201     -70.9147     -67.6828     -69.8930     -65.7815
                -73.0394     -63.6172     -63.4624     -70.0360     -77.7873
   4      0     -74.2556     -79.2745     -78.6210     -75.6823     -81.5966
                -73.5629     -75.9864     -78.0242     -82.9681     -71.5539
                -67.3305     -77.6879     -85.8804     -76.5210     -72.7676
                -67.6525     -71.1109     -68.8751     -63.5317     -66.9035
                -77.0894     -64.4677     -70.8012     -77.4012     -81.0901
                -71.1502     -68.2222     -70.5735     -72.7200     -84.6552
                -88.7126     -78.3451     -86.1870     -88.9734     -84.0566
                -81.0187     -77.2759     -83.0638     -75.0227     -73.3223
                -73.1385     -70.8850     -67.6665     -69.8744     -65.7514
                -72.9924     -63.5538     -63.4430     -69.9685     -77.7298
   5      0     -74.3620     -79.3778     -78.6523     -75.7276     -81.7237
                -73.6553     -76.0843     -78.1488     -83.0480     -71.6095
                -67.4378     -77.7800     -85.9012     -76.5941     -72.8532
                -67.7612     -71.2252     -69.0267     -63.6161     -67.0124
                -77.1810     -64.5365     -70.9314     -77.4686     -81.2363
                -71.3102     -68.3735     -70.7020     -72.8130     -84.6889
                -88.8404     -78.4210     -86.2647     -89.1322     -84.1473
                -81.1646     -77.4229     -83.2120     -75.1432     -73.3665
                -73.2836     -70.9532     -67.7251     -69.9728     -65.8141
                -73.0974     -63.5833     -63.5376     -70.0920     -77.7792
   5     60     -75.4052     -80.4199     -79.6951     -76.7702     -82.7645
                -74.7040     -77.1265     -79.1941     -84.0908     -72.6585
                -68.4856     -78.8250     -86.9402     -77.6642     -73.9227
                -68.8292     -72.2975     -70.0929     -64.6837     -68.0795
                -78.2385     -65.6049     -72.0017     -78.5320     -82.2806
                -72.3584     -69.4267     -71.7535     -73.8566     -85.7289
                -89.8729     -79.4625     -87.3021     -90.1698     -85.1832
                -82.2030     -78.4713     -84.2755     -76.2079     -74.4366
                -74.3472     -72.0218     -68.7989     -71.0373     -66.8825
                -74.1558     -64.6641     -64.6180     -71.1537     -78.8470
   5     80     -79.3568     -84.3687     -83.6358     -80.7146     -86.7135
                -78.6786     -81.0699     -83.1549     -88.0380     -76.6253
                -72.4531     -82.7804     -90.8851     -81.6291     -77.8869
                -72.7999     -76.2693     -74.0614     -68.6675     -72.0414
                -82.1893     -69.5709     -75.9714     -82.4818     -86.2280
                -76.3171     -73.4015     -75.7247     -77.8045     -89.6725
                -93.7950     -83.4038     -91.2401     -94.1060     -89.1127
                -86.1429     -82.4194     -88.2318     -80.1767     -78.4076
                -78.3129     -75.9942     -72.7748     -74.9969     -70.8490
                -78.1082     -68.6436     -68.6037     -75.1125     -82.8006
   5    100     -86.9934     -92.0150     -91.2638     -88.3394     -94.3676
                -86.3419     -88.7076     -90.8208     -95.6838     -84.2869
                -80.1194     -90.4455     -98.5381     -89.2584     -85.5227
                -80.4253     -83.9205     -81.7009     -76.3336     -79.6648
                -89.8107     -77.1995     -83.6010     -90.0991     -93.8838
                -83.9634     -81.0675     -83.3859     -85.4415     -97.3014
               -101.4110     -91.0441     -98.8895    -101.7374     -96.7291
                -93.7806     -90.0451     -95.8466     -87.8028     -86.0522
                -85.9508     -83.6473     -80.4126     -82.6285     -78.4848
                -85.7196     -76.2643     -76.2510     -82.7373     -90.4085
 
 
 cumulative average & 95% error for solvation free energy
              total             1st component         2nd component
  1  -101.4541              -27.0704              -74.3591
  2  -101.8355     0.7629   -24.9554     4.2302   -76.8556     4.9931
  3  -101.7268     0.4912   -24.2417     2.8288   -77.4606     3.1264
  4  -101.3020     0.9180   -24.2482     2.0003   -77.0293     2.3730
  5  -101.3469     0.7167   -23.3625     2.3533   -77.9598     2.6158
  6  -101.3280     0.5864   -24.0543     2.3678   -77.2492     2.5655
  7  -101.2920     0.5008   -24.1867     2.0186   -77.0807     2.1943
  8  -101.4757     0.5685   -24.2467     1.7522   -77.2045     1.9163
  9  -101.5303     0.5131   -23.6512     1.9511   -77.8545     2.1323
 10  -101.5479     0.4603   -24.2912     2.1642   -77.2322     2.2774
 11  -101.4839     0.4356   -25.1158     2.5597   -76.3435     2.7208
 12  -101.4991     0.3988   -25.0151     2.3454   -76.4594     2.4945
 13  -101.5889     0.4084   -24.3781     2.5056   -77.1863     2.7164
 14  -101.5475     0.3871   -24.3825     2.3198   -77.1405     2.5165
 15  -101.5708     0.3634   -24.6898     2.2454   -76.8564     2.4107
 16  -101.4802     0.3852   -25.1719     2.3111   -76.2837     2.5292
 17  -101.4285     0.3763   -25.4195     2.2266   -75.9845     2.4500
 18  -101.3683     0.3746   -25.7459     2.1985   -75.5979     2.4358
 19  -101.2935     0.3847   -26.3060     2.3621   -74.9629     2.6309
 20  -101.2463     0.3769   -26.6578     2.3487   -74.5640     2.6203
 21  -101.1816     0.3812   -26.4714     2.2650   -74.6857     2.5043
 22  -101.1521     0.3682   -26.9056     2.3277   -74.2220     2.5615
 23  -101.1187     0.3581   -27.0149     2.2349   -74.0792     2.4642
 24  -101.0408     0.3766   -26.7966     2.1838   -74.2197     2.3760
 25  -101.0683     0.3653   -26.5439     2.1548   -74.4999     2.3468
 26  -101.0287     0.3598   -26.6286     2.0771   -74.3756     2.2684
 27  -101.0093     0.3484   -26.8341     2.0406   -74.1506     2.2287
 28  -101.0069     0.3358   -26.9544     1.9810   -74.0280     2.1616
 29  -101.0103     0.3241   -27.0002     1.9137   -73.9855     2.0874
 30  -100.9984     0.3140   -26.6311     1.9907   -74.3427     2.1394
 31  -101.0154     0.3056   -26.1835     2.1233   -74.8073     2.2683
 32  -101.0143     0.2959   -26.0696     2.0685   -74.9202     2.2079
 33  -101.0261     0.2878   -25.7386     2.1113   -75.2630     2.2471
 34  -101.0400     0.2805   -25.3468     2.1930   -75.6686     2.3260
 35  -101.0530     0.2736   -25.1198     2.1773   -75.9087     2.3091
 36  -101.0725     0.2688   -24.9948     2.1307   -76.0531     2.2625
 37  -101.0431     0.2679   -24.9293     2.0764   -76.0893     2.2017
 38  -100.9981     0.2759   -24.6976     2.0735   -76.2760     2.1753
 39  -100.9666     0.2760   -24.6953     2.0196   -76.2468     2.1196
 40  -100.9541     0.2702   -24.7551     1.9721   -76.1744     2.0710
 41  -100.9367     0.2658   -24.8098     1.9265   -76.1024     2.0250
 42  -100.9255     0.2603   -24.9221     1.8934   -75.9788     1.9915
 43  -100.9071     0.2568   -25.0967     1.8816   -75.7859     1.9826
 44  -100.9261     0.2538   -25.2496     1.8636   -75.6520     1.9554
 45  -100.9132     0.2494   -25.4560     1.8679   -75.4326     1.9612
 46  -100.9089     0.2441   -25.5038     1.8293   -75.3806     1.9209
 47  -100.8612     0.2572   -25.7064     1.8353   -75.1303     1.9451
 48  -100.8237     0.2627   -25.9119     1.8430   -74.8872     1.9652
 49  -100.8219     0.2574   -26.0092     1.8155   -74.7882     1.9349
 50  -100.8174     0.2523   -25.9446     1.7835   -74.8482     1.8996
 
 Mesh error is    0.068 kcal/mol
