 ERmod 0.3.8, Copyright (C) 2000-2019 Nobuyuki Matubayasi
                            2010-2019 Shun Sakuraba
 ERmod comes with ABSOLUTELY NO WARRANTY.
 This is free software, and you can redistribute it
 and/or modify it under certain conditions.
 See LICENSE file for details.
 ERmod 0.3.8, Copyright (C) 2000-2019 Nobuyuki Matubayasi
                            2010-2019 Shun Sakuraba
 ERmod comes with ABSOLUTELY NO WARRANTY.
 This is free software, and you can redistribute it
 and/or modify it under certain conditions.
 See LICENSE file for details.
 
  Number of the   1-th solvent  =          378
  Number of the   2-th solvent  =        10000
 
  Be sure that the solvent distribution is homogeneous (radial distribution function is essentially unity) when the solvent molecule is separated beyond distance of   10.0 Angstrom in any direction from any atom within the solute molecule
 
  LJ long-range correction    =        -1.1319     -7.1533
 
  Self-energy of the solute   =         0.0309  kcal/mol
 
 
 cumulative average & 95% error for solvation energy
              total             1st component         2nd component
  1  -498.7404              -87.5257             -411.2456
  2  -498.2567     0.9674   -81.6625    11.7263  -416.6251    10.7589
  3  -498.0180     0.7347   -81.3409     6.8007  -416.7081     6.2139
  4  -498.1993     0.6335   -74.4251    14.6437  -423.8051    14.8587
  5  -498.2012     0.4907   -71.3897    12.8653  -426.8424    13.0141
  6  -498.3281     0.4743   -72.4114    10.7014  -425.9477    10.7756
  7  -498.0973     0.6114   -74.3737     9.8591  -423.7545    10.1083
  8  -498.0952     0.5295   -72.3660     9.4353  -425.7602     9.6293
  9  -498.0802     0.4680   -69.6979     9.8851  -428.4132    10.0136
 10  -497.8763     0.5844   -70.0034     8.8626  -427.9038     9.0142
 11  -497.7779     0.5640   -69.8797     8.0204  -427.9291     8.1538
 12  -497.7487     0.5182   -70.3885     7.3919  -427.3912     7.5207
 13  -497.7718     0.4789   -69.9225     6.8632  -427.8803     6.9869
 14  -497.8733     0.4876   -69.8447     6.3560  -428.0595     6.4785
 15  -497.8450     0.4575   -70.7862     6.2094  -427.0898     6.3353
 16  -497.7548     0.4644   -70.7020     5.8108  -427.0837     5.9262
 17  -497.6930     0.4534   -70.3512     5.5032  -427.3727     5.5966
 18  -497.7682     0.4532   -70.1508     5.2040  -427.6483     5.3052
 19  -497.7640     0.4288   -70.2897     4.9303  -427.5053     5.0264
 20  -497.6696     0.4485   -70.3224     4.6777  -427.3781     4.7753
 21  -497.6546     0.4276   -69.5994     4.6785  -428.0861     4.7577
 22  -497.6096     0.4175   -68.5100     4.9645  -429.1305     4.9942
 23  -497.5637     0.4094   -68.0348     4.8380  -429.5598     4.8487
 24  -497.5297     0.3978   -68.3385     4.6717  -429.2221     4.6912
 25  -497.5069     0.3843   -67.4592     4.8137  -430.0786     4.8147
 26  -497.5279     0.3716   -67.8593     4.6936  -429.6995     4.6875
 27  -497.4862     0.3672   -68.0021     4.5254  -429.5150     4.5257
 28  -497.4859     0.3538   -67.6148     4.4291  -429.9021     4.4292
 29  -497.4174     0.3679   -67.1973     4.3545  -430.2511     4.3304
 30  -497.4626     0.3667   -66.7947     4.2832  -430.6989     4.2783
 31  -497.4641     0.3547   -66.5831     4.1642  -430.9119     4.1599
 32  -497.4320     0.3494   -66.5950     4.0321  -430.8680     4.0288
 33  -497.4018     0.3440   -66.8280     3.9357  -430.6048     3.9401
 34  -497.3664     0.3411   -67.6388     4.1483  -429.7585     4.1804
 35  -497.3597     0.3315   -68.2254     4.1954  -429.1652     4.2291
 36  -497.2970     0.3457   -68.5541     4.1299  -428.7738     4.1838
 37  -497.2721     0.3399   -68.5270     4.0171  -428.7760     4.0692
 38  -497.2722     0.3308   -68.5542     3.9103  -428.7489     3.9610
 39  -497.2551     0.3240   -68.7017     3.8201  -428.5844     3.8721
 40  -497.2136     0.3266   -69.1631     3.8361  -428.0814     3.9059
 41  -497.2474     0.3256   -68.7049     3.8520  -428.5734     3.9345
 42  -497.2539     0.3180   -68.4438     3.7952  -428.8410     3.8768
 43  -497.2905     0.3191   -68.6669     3.7327  -428.6546     3.8039
 44  -497.3133     0.3150   -68.5129     3.6599  -428.8313     3.7332
 45  -497.3381     0.3119   -68.3737     3.5884  -428.9953     3.6640
 46  -497.3628     0.3090   -68.5449     3.5262  -428.8488     3.5954
 47  -497.3665     0.3025   -68.6253     3.4541  -428.7722     3.5214
 48  -497.3659     0.2961   -68.7732     3.3943  -428.6236     3.4601
 49  -497.3554     0.2908   -68.5365     3.3579  -428.8498     3.4188
 50  -497.3381     0.2870   -68.6953     3.3053  -428.6738     3.3682
 
 
 group  inft  solvation free energy     error          difference
  total solvation free energy
   1      0       -115.11735           0.19241           0.07264
   1     60       -116.07666           0.19241          -0.88667
   1     80       -119.93150           0.19037          -4.74151
   1    100       -129.12791           0.18903         -13.93793
   2      0       -115.15134           0.19202           0.03864
   3      0       -115.18998           0.19085           0.00000
   4      0       -115.14567           0.19543           0.04431
   5      0       -115.22093           0.19354          -0.03094
   5     60       -116.40912           0.19325          -1.21914
   5     80       -120.90866           0.19077          -5.71867
   5    100       -129.26327           0.19018         -14.07329
 
  contribution from  1-th solvent component
   1      0        -25.39162           1.33414           0.01905
   1     60        -25.42737           1.33418          -0.01671
   1     80        -25.58720           1.33433          -0.17654
   1    100        -26.03169           1.33437          -0.62103
   2      0        -25.40565           1.33417           0.00501
   3      0        -25.41066           1.33419           0.00000
   4      0        -25.42069           1.33372          -0.01003
   5      0        -25.42375           1.33309          -0.01309
   5     60        -25.46911           1.33315          -0.05845
   5     80        -25.66121           1.33332          -0.25055
   5    100        -26.06910           1.33335          -0.65844
 
  contribution from  2-th solvent component
   1      0        -89.75667           1.43286           0.05359
   1     60        -90.68023           1.43230          -0.86997
   1     80        -94.37524           1.42963          -4.56498
   1    100       -103.12716           1.42667         -13.31690
   2      0        -89.77663           1.43278           0.03363
   3      0        -89.81026           1.43145           0.00000
   4      0        -89.75591           1.43390           0.05434
   5      0        -89.82811           1.43183          -0.01785
   5     60        -90.97094           1.43098          -1.16069
   5     80        -95.27838           1.42800          -5.46812
   5    100       -103.22511           1.42579         -13.41485
 
 
 group  inft   Estimated free energy: total (kcal/mol)
   1      0    -115.4027    -115.0194    -114.6795    -116.2099    -116.0047
               -115.8820    -114.5350    -115.5040    -115.7562    -114.3219
               -114.8391    -114.8297    -115.5257    -115.7760    -115.0495
               -114.8692    -114.9122    -116.0951    -115.4159    -114.3723
               -115.3279    -114.9438    -114.9916    -114.5236    -114.9454
               -115.3468    -114.6254    -115.3883    -114.6008    -115.9164
               -115.4337    -114.9663    -115.2288    -113.3999    -114.4564
               -112.9950    -114.9337    -115.6188    -114.4013    -114.1530
               -116.2585    -115.4116    -115.7219    -115.6705    -115.9790
               -115.9495    -115.5619    -114.6440    -114.9853    -114.4883
   1     60    -116.3636    -115.9786    -115.6345    -117.1676    -116.9607
               -116.8475    -115.5014    -116.4587    -116.7084    -115.2668
               -115.7819    -115.7951    -116.4883    -116.7362    -116.0165
               -115.8305    -115.8752    -117.0556    -116.3814    -115.3331
               -116.2860    -115.8978    -115.9552    -115.4849    -115.8992
               -116.3135    -115.5890    -116.3457    -115.5592    -116.8720
               -116.3940    -115.9273    -116.1847    -114.3541    -115.4190
               -113.9482    -115.8901    -116.5798    -115.3646    -115.1223
               -117.2137    -116.3729    -116.6867    -116.6281    -116.9264
               -116.9102    -116.5232    -115.6076    -115.9426    -115.4529
   1     80    -120.2165    -119.8292    -119.5043    -121.0136    -120.7940
               -120.7125    -119.3671    -120.3180    -120.5546    -119.1259
               -119.6284    -119.6600    -120.3411    -120.5931    -119.8846
               -119.6862    -119.7290    -120.9108    -120.2454    -119.2035
               -120.1348    -119.7273    -119.8127    -119.3396    -119.7363
               -120.1795    -119.4496    -120.1869    -119.4009    -120.7070
               -120.2410    -119.7787    -120.0399    -118.2297    -119.2986
               -117.8291    -119.7440    -120.4239    -119.2328    -119.0001
               -121.0563    -120.2220    -120.5449    -120.4694    -120.7644
               -120.7642    -120.3799    -119.4676    -119.7831    -119.3132
   1    100    -129.4074    -129.0199    -128.7130    -130.2133    -129.9727
               -129.9185    -128.5764    -129.5190    -129.7495    -128.3089
               -128.8037    -128.8624    -129.5505    -129.7964    -129.1015
               -128.8798    -128.9416    -130.1094    -129.4713    -128.4102
               -129.3317    -128.8877    -129.0095    -128.5258    -128.9006
               -129.4034    -128.6453    -129.3608    -128.5738    -129.8881
               -129.4282    -128.9692    -129.2363    -127.4467    -128.5110
               -127.0634    -128.9203    -129.6143    -128.4584    -128.2292
               -130.2410    -129.4216    -129.7374    -129.6452    -129.9506
               -129.9616    -129.5952    -128.6531    -128.9483    -128.5126
   2      0    -115.3817    -115.0216    -114.7156    -116.2472    -116.0136
               -115.8991    -114.5605    -115.5402    -115.7512    -114.3869
               -114.8919    -114.9116    -115.5909    -115.8481    -115.1021
               -114.9397    -114.9764    -116.1219    -115.4318    -114.3719
               -115.4061    -114.9792    -114.9744    -114.5670    -115.0146
               -115.3631    -114.6485    -115.4520    -114.5998    -115.8988
               -115.5106    -115.0140    -115.2630    -113.4549    -114.4589
               -112.9858    -114.9630    -115.6092    -114.4857    -114.1822
               -116.2756    -115.4440    -115.7872    -115.7229    -115.9810
               -115.9763    -115.6217    -114.6886    -115.0086    -114.5265
   3      0    -115.3874    -115.0302    -114.7786    -116.2739    -116.0348
               -115.9539    -114.5832    -115.5974    -115.7687    -114.4752
               -114.9338    -114.9404    -115.6163    -115.9031    -115.1285
               -114.9761    -115.0030    -116.1847    -115.4561    -114.4084
               -115.4314    -115.0370    -114.9855    -114.6317    -115.0476
               -115.4444    -114.6933    -115.4865    -114.6249    -115.9291
               -115.5470    -115.0607    -115.3240    -113.4958    -114.5009
               -113.0594    -115.0143    -115.6734    -114.5106    -114.2007
               -116.2861    -115.4465    -115.7969    -115.7616    -115.9889
               -116.0692    -115.6473    -114.7362    -115.0534    -114.5812
   4      0    -115.3668    -115.0581    -114.7197    -116.2703    -116.0266
               -115.8924    -114.5513    -115.5296    -115.7261    -114.3310
               -114.8235    -114.9349    -115.5830    -115.8551    -115.0828
               -114.9697    -114.9652    -116.1599    -115.3782    -114.3233
               -115.3861    -114.9644    -114.9388    -114.5933    -115.0132
               -115.3739    -114.6351    -115.4796    -114.6469    -115.9471
               -115.5174    -115.0612    -115.2597    -113.4093    -114.3793
               -112.8777    -115.0063    -115.6308    -114.5225    -114.1997
               -116.2978    -115.3947    -115.7738    -115.7202    -115.8599
               -115.9946    -115.6258    -114.6900    -114.9968    -114.5398
   5      0    -115.4090    -115.0964    -114.8217    -116.3325    -116.1071
               -115.9690    -114.6663    -115.5953    -115.7615    -114.4881
               -114.9268    -114.9612    -115.6654    -115.9167    -115.1157
               -115.0446    -115.0528    -116.2126    -115.4775    -114.4169
               -115.4612    -115.0659    -114.9866    -114.6308    -115.0732
               -115.4873    -114.7462    -115.5386    -114.6764    -115.9707
               -115.5413    -115.0920    -115.2875    -113.4772    -114.5293
               -113.0214    -115.0834    -115.7258    -114.5773    -114.2469
               -116.3611    -115.5134    -115.8695    -115.7926    -116.0085
               -116.0876    -115.7208    -114.7495    -115.1018    -114.5854
   5     60    -116.5986    -116.2841    -116.0094    -117.5185    -117.2889
               -117.1622    -115.8604    -116.7798    -116.9431    -115.6668
               -116.1021    -116.1559    -116.8534    -117.1050    -116.3116
               -116.2350    -116.2445    -117.4014    -116.6712    -115.6072
               -116.6485    -116.2460    -116.1770    -115.8212    -116.2554
               -116.6831    -115.9389    -116.7235    -115.8607    -117.1540
               -116.7292    -116.2806    -116.4749    -114.6675    -115.7226
               -114.2063    -116.2688    -116.9139    -115.7699    -115.4469
               -117.5457    -116.7017    -117.0617    -116.9773    -117.1846
               -117.2784    -116.9115    -115.9419    -116.2868    -115.7782
   5     80    -121.0919    -120.7735    -120.5221    -122.0075    -121.7630
               -121.6686    -120.3713    -121.2864    -121.4333    -120.1798
               -120.6039    -120.6660    -121.3498    -121.6074    -120.8263
               -120.7338    -120.7466    -121.8965    -121.1827    -120.1252
               -121.1443    -120.7161    -120.6741    -120.3191    -120.7328
               -121.1974    -120.4421    -121.2067    -120.3405    -121.6376
               -121.2187    -120.7758    -120.9750    -119.1967    -120.2467
               -118.7427    -120.7645    -121.4043    -120.2864    -119.9694
               -122.0302    -121.1972    -121.5628    -121.4614    -121.6745
               -121.7756    -121.4088    -120.4465    -120.7671    -120.2823
   5    100    -129.4399    -129.1247    -128.8907    -130.3653    -130.1001
               -130.0307    -128.7353    -129.6518    -129.7838    -128.5245
               -128.9290    -129.0370    -129.7118    -129.9681    -129.1999
               -129.0932    -129.1193    -130.2533    -129.5627    -128.4934
               -129.4972    -129.0364    -129.0322    -128.6674    -129.0631
               -129.5766    -128.7961    -129.5464    -128.6707    -129.9790
               -129.5646    -129.1283    -129.3342    -127.5621    -128.5935
               -127.1076    -129.1087    -129.7477    -128.6605    -128.3498
               -130.3813    -129.5590    -129.9173    -129.8030    -130.0066
               -130.1376    -129.7806    -128.7968    -129.0940    -128.6507
 
 group  inft   Estimated free energy: 1-th solvent contribution (kcal/mol)
   1      0     -33.3832     -28.7544     -30.2860     -19.3898     -21.7761
                -28.9603     -32.3609     -20.8809     -17.0104     -26.8062
                -24.8684     -28.3033     -23.9382     -25.8283     -31.7086
                -25.8479     -24.0394     -24.8836     -27.3166     -26.2336
                -19.6875     -15.9648     -20.5914     -28.1948     -16.1555
                -29.1587     -26.3450     -20.7742     -19.9402     -20.0984
                -22.0396     -24.7989     -27.7641     -34.9948     -32.7803
                -29.5453     -24.9705     -25.8518     -27.7343     -32.6939
                -18.0194     -20.7992     -29.0961     -22.7612     -22.8246
                -28.7235     -27.2024     -28.1177     -20.6448     -28.7321
   1     60     -33.4194     -28.7906     -30.3219     -19.4252     -21.8116
                -28.9963     -32.3971     -20.9167     -17.0462     -26.8415
                -24.9040     -28.3393     -23.9742     -25.8640     -31.7450
                -25.8839     -24.0750     -24.9194     -27.3527     -26.2692
                -19.7227     -16.0000     -20.6274     -28.2305     -16.1914
                -29.1942     -26.3802     -20.8097     -19.9762     -20.1343
                -22.0753     -24.8346     -27.7999     -35.0301     -32.8164
                -29.5812     -25.0061     -25.8877     -27.7698     -32.7302
                -18.0548     -20.8345     -29.1321     -22.7975     -22.8598
                -28.7594     -27.2376     -28.1536     -20.6804     -28.7677
   1     80     -33.5811     -28.9522     -30.4834     -19.5832     -21.9702
                -29.1568     -32.5582     -21.0772     -17.2070     -27.0006
                -25.0652     -28.4994     -24.1349     -26.0235     -31.9072
                -26.0446     -24.2338     -25.0793     -27.5134     -26.4290
                -19.8804     -16.1572     -20.7877     -28.3898     -16.3517
                -29.3525     -26.5376     -20.9685     -20.1368     -20.2945
                -22.2347     -24.9939     -27.9597     -35.1895     -32.9778
                -29.7433     -25.1660     -26.0479     -27.9288     -32.8917
                -18.2135     -20.9925     -29.2924     -22.9590     -23.0185
                -28.9199     -27.3947     -28.3138     -20.8394     -28.9263
   1    100     -34.0266     -29.3986     -30.9296     -20.0284     -22.4134
                -29.6012     -33.0028     -21.5237     -17.6543     -27.4438
                -25.5110     -28.9445     -24.5816     -26.4689     -32.3540
                -26.4905     -24.6790     -25.5247     -27.9596     -26.8740
                -20.3222     -16.5984     -21.2338     -28.8317     -16.7960
                -29.7951     -26.9782     -21.4121     -20.5817     -20.7401
                -22.6791     -25.4382     -28.4044     -35.6313     -33.4219
                -30.1903     -25.6107     -26.4927     -28.3725     -33.3385
                -18.6580     -21.4352     -29.7370     -23.4032     -23.4610
                -29.3647     -27.8368     -28.7584     -21.2822     -29.3693
   2      0     -33.3868     -28.7613     -30.3010     -19.4008     -21.7872
                -28.9754     -32.3730     -20.8923     -17.0108     -26.8051
                -24.8559     -28.3172     -23.9572     -25.8600     -31.7208
                -25.8770     -24.0642     -24.9017     -27.3314     -26.2193
                -19.7095     -15.9811     -20.5849     -28.2202     -16.1696
                -29.1802     -26.3762     -20.7866     -19.9534     -20.1175
                -22.0610     -24.8227     -27.7845     -35.0167     -32.7850
                -29.5275     -24.9934     -25.8610     -27.7696     -32.6975
                -18.0411     -20.8175     -29.1161     -22.7663     -22.8258
                -28.7520     -27.2310     -28.1396     -20.6540     -28.7426
   3      0     -33.3892     -28.7715     -30.3045     -19.4059     -21.7847
                -28.9773     -32.3696     -20.8945     -17.0284     -26.8123
                -24.8559     -28.3401     -23.9648     -25.8665     -31.7319
                -25.8767     -24.0723     -24.9135     -27.3430     -26.2212
                -19.7208     -15.9909     -20.5752     -28.2357     -16.1595
                -29.1907     -26.3742     -20.7951     -19.9572     -20.1206
                -22.0623     -24.8323     -27.7876     -35.0130     -32.7971
                -29.5227     -25.0048     -25.8713     -27.7651     -32.7033
                -18.0473     -20.8144     -29.1173     -22.7793     -22.8380
                -28.7583     -27.2363     -28.1407     -20.6545     -28.7434
   4      0     -33.3950     -28.7763     -30.3018     -19.4310     -21.8143
                -28.9817     -32.3962     -20.9051     -17.0234     -26.7923
                -24.8506     -28.3259     -23.9650     -25.8793     -31.7475
                -25.8832     -24.0908     -24.9224     -27.3496     -26.2223
                -19.7340     -16.0000     -20.6002     -28.2478     -16.1774
                -29.2130     -26.3980     -20.8140     -19.9800     -20.1312
                -22.0721     -24.8465     -27.7952     -35.0171     -32.8003
                -29.5036     -25.0252     -25.8883     -27.7966     -32.7164
                -18.0705     -20.8210     -29.1475     -22.7763     -22.8186
                -28.7722     -27.2491     -28.1511     -20.6655     -28.7521
   5      0     -33.3803     -28.7771     -30.3039     -19.4373     -21.8084
                -28.9949     -32.3969     -20.8998     -17.0392     -26.8104
                -24.8681     -28.3181     -23.9755     -25.8849     -31.7302
                -25.9108     -24.0860     -24.9273     -27.3356     -26.2263
                -19.7361     -16.0104     -20.6093     -28.2521     -16.1739
                -29.2191     -26.3989     -20.8182     -19.9786     -20.1215
                -22.0698     -24.8482     -27.7924     -35.0142     -32.7881
                -29.5112     -25.0287     -25.9056     -27.8044     -32.7147
                -18.0684     -20.8321     -29.1429     -22.7842     -22.8439
                -28.7681     -27.2553     -28.1580     -20.6647     -28.7638
   5     60     -33.4263     -28.8229     -30.3495     -19.4821     -21.8534
                -29.0405     -32.4428     -20.9453     -17.0847     -26.8554
                -24.9137     -28.3636     -24.0210     -25.9301     -31.7763
                -25.9566     -24.1312     -24.9726     -27.3814     -26.2716
                -19.7809     -16.0549     -20.6549     -28.2974     -16.2193
                -29.2641     -26.4435     -20.8632     -20.0241     -20.1670
                -22.1149     -24.8934     -27.8379     -35.0595     -32.8340
                -29.5570     -25.0740     -25.9512     -27.8495     -32.7607
                -18.1133     -20.8770     -29.1884     -22.8301     -22.8888
                -28.8138     -27.2998     -28.2036     -20.7097     -28.8087
   5     80     -33.6203     -29.0165     -30.5431     -19.6721     -22.0443
                -29.2335     -32.6363     -21.1385     -17.2780     -27.0477
                -25.1077     -28.5556     -24.2139     -26.1218     -31.9707
                -26.1496     -24.3221     -25.1642     -27.5746     -26.4638
                -19.9709     -16.2441     -20.8475     -28.4890     -16.4115
                -29.4544     -26.6324     -21.0541     -20.2166     -20.3599
                -22.3060     -25.0847     -28.0303     -35.2518     -33.0281
                -29.7522     -25.2662     -26.1437     -28.0407     -32.9546
                -18.3039     -21.0677     -29.3805     -23.0238     -23.0803
                -29.0068     -27.4886     -28.3961     -20.9007     -28.9990
   5    100     -34.0285     -29.4256     -30.9522     -20.0800     -22.4512
                -29.6416     -33.0445     -21.5490     -17.6888     -27.4549
                -25.5168     -28.9637     -24.6236     -26.5305     -32.3799
                -26.5590     -24.7306     -25.5723     -27.9845     -26.8719
                -20.3769     -16.6490     -21.2564     -28.8949     -16.8187
                -29.8608     -27.0371     -21.4615     -20.6248     -20.7687
                -22.7131     -25.4920     -28.4388     -35.6582     -33.4354
                -30.1627     -25.6745     -26.5518     -28.4481     -33.3638
                -18.7119     -21.4749     -29.7880     -23.4314     -23.4870
                -29.4161     -27.8942     -28.8039     -21.3069     -29.4049
 
 group  inft   Estimated free energy: 2-th solvent contribution (kcal/mol)
   1      0     -82.0505     -86.2959     -84.4244     -96.8510     -94.2595
                -86.9527     -82.2050     -94.6540     -98.7768     -87.5465
                -90.0016     -86.5574     -91.6184     -89.9786     -83.3718
                -89.0523     -90.9038     -91.2425     -88.1301     -88.1697
                -95.6714     -99.0099     -94.4311     -86.3597     -98.8208
                -86.2191     -88.3114     -94.6451     -94.6916     -95.8489
                -93.4251     -90.1984     -87.4956     -78.4361     -81.7070
                -83.4807     -89.9942     -89.7979     -86.6979     -81.4901
                -98.2700     -94.6434     -86.6567     -92.9402     -93.1853
                -87.2570     -88.3904     -86.5572     -94.3714     -85.7871
   1     60     -82.9752     -87.2189     -85.3435     -97.7734     -95.1801
                -87.8822     -83.1352     -95.5730     -99.6932     -88.4563
                -90.9087     -87.4867     -92.5451     -90.9032     -84.3025
                -89.9775     -91.8312     -92.1672     -89.0596     -89.0949
                -96.5943     -99.9287     -95.3588     -87.2853     -99.7388
                -87.1503     -89.2398     -95.5669     -95.6139     -96.7687
                -94.3496     -91.1237     -88.4158     -79.3549     -82.6335
                -84.3980     -90.9149     -90.7230     -87.6257     -82.4230
                -99.1898     -95.5694     -87.5856     -93.8616     -94.0975
                -88.1818     -89.3166     -87.4849     -95.2931     -86.7161
   1     80     -86.6664     -90.9079     -89.0518    -101.4614     -98.8547
                -91.5867     -86.8399     -99.2718    -103.3785     -92.1562
                -94.5941     -91.1915     -96.2372     -94.6005     -88.0083
                -93.6726     -95.5261     -95.8624     -92.7629     -92.8055
               -100.2853    -103.6010     -99.0560     -90.9807    -103.4155
                -90.8580     -92.9430     -99.2494     -99.2951    -100.4434
                -98.0373     -94.8157     -92.1111     -83.0712     -86.3517
                -88.1167     -94.6089     -94.4070     -91.3349     -86.1393
               -102.8738     -99.2604     -91.2834     -97.5413     -97.7768
                -91.8753     -93.0161     -91.1847     -98.9747     -90.4178
   1    100     -95.4117     -99.6522     -97.8143    -110.2158    -107.5903
               -100.3482     -95.6045    -108.0263    -112.1261    -100.8961
               -103.3237     -99.9489    -104.9998    -103.3584     -96.7784
               -102.4202    -104.2935    -104.6156    -101.5426    -101.5672
               -109.0405    -112.3202    -107.8067     -99.7251    -112.1355
                -99.6393    -101.6980    -107.9796    -108.0230    -109.1790
               -106.7801    -103.5619    -100.8629     -91.8464     -95.1200
                -96.9041    -103.3405    -103.1525    -100.1168     -94.9216
               -111.6139    -108.0174    -100.0314    -106.2730    -106.5205
               -100.6279    -101.7893     -99.9257    -107.6970     -99.1742
   2      0     -82.0259     -86.2912     -84.4456     -96.8773     -94.2574
                -86.9545     -82.2184     -94.6788     -98.7714     -87.6127
                -90.0669     -86.6253     -91.6646     -90.0190     -83.4122
                -89.0937     -90.9431     -91.2511     -88.1314     -88.1835
                -95.7275     -99.0290     -94.4204     -86.3778     -98.8760
                -86.2139     -88.3032     -94.6963     -94.6773     -95.8123
                -93.4806     -90.2223     -87.5094     -78.4691     -81.7048
                -83.4893     -90.0005     -89.7791     -86.7471     -81.5156
                -98.2655     -94.6575     -86.7021     -92.9875     -93.1861
                -87.2552     -88.4217     -86.5799     -94.3855     -85.8149
   3      0     -82.0291     -86.2896     -84.5051     -96.8989     -94.2811
                -87.0075     -82.2446     -94.7339     -98.7712     -87.6939
                -90.1089     -86.6312     -91.6824     -90.0675     -83.4276
                -89.1303     -90.9617     -91.3021     -88.1440     -88.2182
                -95.7415     -99.0770     -94.4412     -86.4269     -98.9190
                -86.2847     -88.3500     -94.7224     -94.6987     -95.8394
                -93.5156     -90.2593     -87.5674     -78.5138     -81.7347
                -83.5677     -90.0404     -89.8331     -86.7764     -81.5284
                -98.2697     -94.6630     -86.7105     -93.0132     -93.1818
                -87.3418     -88.4420     -86.6264     -94.4298     -85.8687
   4      0     -82.0027     -86.3128     -84.4488     -96.8703     -94.2433
                -86.9416     -82.1860     -94.6554     -98.7336     -87.5696
                -90.0039     -86.6399     -91.6490     -90.0068     -83.3662
                -89.1174     -90.9054     -91.2685     -88.0595     -88.1320
                -95.6830     -98.9953     -94.3695     -86.3764     -98.8667
                -86.1918     -88.2680     -94.6966     -94.6979     -95.8468
                -93.4762     -90.2456     -87.4955     -78.4230     -81.6100
                -83.4050     -90.0120     -89.7734     -86.7569     -81.5143
                -98.2582     -94.6047     -86.6572     -92.9748     -93.0723
                -87.2534     -88.4077     -86.5698     -94.3622     -85.8186
   5      0     -82.0596     -86.3502     -84.5487     -96.9261     -94.3296
                -87.0051     -82.3003     -94.7264     -98.7533     -87.7086
                -90.0897     -86.6740     -91.7209     -90.0627     -83.4165
                -89.1647     -90.9977     -91.3162     -88.1728     -88.2215
                -95.7561     -99.0865     -94.4083     -86.4097     -98.9303
                -86.2991     -88.3783     -94.7513     -94.7288     -95.8802
                -93.5025     -90.2747     -87.5260     -78.4940     -81.7721
                -83.5412     -90.0856     -89.8511     -86.8039     -81.5631
                -98.3237     -94.7123     -86.7576     -93.0394     -93.1955
                -87.3504     -88.4965     -86.6224     -94.4681     -85.8526
   5     60     -83.2032     -87.4921     -85.6908     -98.0674     -95.4664
                -88.1526     -83.4486     -95.8654     -99.8893     -88.8423
                -91.2194     -87.8233     -92.8633     -91.2058     -84.5663
                -90.3094     -92.1443     -92.4597     -89.3208     -89.3665
                -96.8985    -100.2220     -95.5531     -87.5547    -100.0671
                -87.4500     -89.5264     -95.8912     -95.8675     -97.0179
                -94.6452     -91.4182     -88.6680     -79.6390     -82.9195
                -84.6802     -91.2257     -90.9937     -87.9513     -82.7172
                -99.4633     -95.8556     -87.9043     -94.1782     -94.3267
                -88.4956     -89.6427     -87.7692     -95.6080     -87.0004
   5     80     -87.5025     -91.7879     -90.0099    -102.3663     -99.7496
                -92.4660     -87.7659    -100.1789    -104.1862     -93.1631
                -95.5272     -92.1414     -97.1669     -95.5165     -88.8865
                -94.6151     -96.4554     -96.7632     -93.6390     -93.6924
               -101.2043    -104.5030     -99.8575     -91.8611    -104.3523
                -91.7739     -93.8406    -100.1835    -100.1548    -101.3086
                -98.9437     -95.7221     -92.9756     -83.9758     -87.2496
                -89.0215     -95.5293     -95.2915     -92.2766     -87.0457
               -103.7572    -100.1604     -92.2133     -98.4686     -98.6251
                -92.7998     -93.9511     -92.0813     -99.8974     -91.3142
   5    100     -95.4424     -99.7300     -97.9695    -110.3162    -107.6798
               -100.4200     -95.7217    -108.1338    -112.1260    -101.1005
               -103.4432    -100.1043    -105.1192    -103.4686     -96.8510
               -102.5651    -104.4196    -104.7120    -101.6092    -101.6524
               -109.1513    -112.4184    -107.8068     -99.8034    -112.2753
                -99.7468    -101.7899    -108.1158    -108.0769    -109.2412
               -106.8825    -103.6673    -100.9263     -91.9349     -95.1890
                -96.9758    -103.4651    -103.2268    -100.2434     -95.0169
               -111.7003    -108.1150    -100.1603    -106.4026    -106.5506
               -100.7525    -101.9173    -100.0239    -107.8181     -99.2768
 
 
 cumulative average & 95% error for solvation free energy
              total             1st component         2nd component
  1  -115.3874              -33.3892              -82.0291
  2  -115.2088     0.3572   -31.0803     4.6177   -84.1594     4.2605
  3  -115.0654     0.3532   -30.8217     2.7157   -84.2746     2.4706
  4  -115.3675     0.6538   -27.9678     6.0223   -87.4307     6.5494
  5  -115.5010     0.5725   -26.7312     5.2799   -88.8008     5.7659
  6  -115.5765     0.4912   -27.1055     4.3756   -88.5019     4.7456
  7  -115.4346     0.5029   -27.8575     3.9922   -87.6080     4.3912
  8  -115.4549     0.4374   -26.9872     3.8708   -88.4987     4.1995
  9  -115.4898     0.3920   -25.8806     4.0683   -89.6401     4.3506
 10  -115.3883     0.4051   -25.9738     3.6436   -89.4455     3.9107
 11  -115.3470     0.3756   -25.8722     3.3020   -89.5058     3.5394
 12  -115.3131     0.3495   -26.0778     3.0422   -89.2662     3.2664
 13  -115.3364     0.3249   -25.9153     2.8173   -89.4521     3.0275
 14  -115.3769     0.3115   -25.9118     2.6083   -89.4961     2.8043
 15  -115.3604     0.2919   -26.2998     2.5492   -89.0915     2.7332
 16  -115.3363     0.2772   -26.2734     2.3851   -89.0939     2.5567
 17  -115.3167     0.2633   -26.1439     2.2554   -89.2038     2.4116
 18  -115.3650     0.2663   -26.0755     2.1308   -89.3204     2.2856
 19  -115.3698     0.2521   -26.1422     2.0199   -89.2584     2.1655
 20  -115.3217     0.2578   -26.1462     1.9163   -89.2064     2.0570
 21  -115.3269     0.2454   -25.8402     1.9227   -89.5176     2.0532
 22  -115.3137     0.2355   -25.3925     2.0402   -89.9521     2.1419
 23  -115.2995     0.2268   -25.1831     1.9940   -90.1473     2.0835
 24  -115.2716     0.2242   -25.3103     1.9260   -89.9923     2.0188
 25  -115.2627     0.2158   -24.9442     1.9871   -90.3494     2.0638
 26  -115.2697     0.2078   -25.1076     1.9369   -90.1930     2.0074
 27  -115.2483     0.2044   -25.1545     1.8661   -90.1248     1.9364
 28  -115.2568     0.1977   -24.9988     1.8250   -90.2890     1.8947
 29  -115.2350     0.1957   -24.8249     1.7949   -90.4410     1.8533
 30  -115.2582     0.1946   -24.6681     1.7622   -90.6210     1.8262
 31  -115.2675     0.1892   -24.5841     1.7127   -90.7144     1.7762
 32  -115.2610     0.1836   -24.5918     1.6584   -90.7001     1.7200
 33  -115.2629     0.1780   -24.6887     1.6190   -90.6052     1.6779
 34  -115.2110     0.2016   -24.9923     1.6840   -90.2496     1.7764
 35  -115.1907     0.1999   -25.2153     1.6949   -90.0063     1.7922
 36  -115.1315     0.2275   -25.3350     1.6644   -89.8274     1.7781
 37  -115.1283     0.2214   -25.3261     1.6189   -89.8332     1.7294
 38  -115.1426     0.2174   -25.3404     1.5760   -89.8332     1.6832
 39  -115.1264     0.2142   -25.4026     1.5401   -89.7548     1.6470
 40  -115.1033     0.2138   -25.5851     1.5448   -89.5491     1.6571
 41  -115.1321     0.2164   -25.4012     1.5509   -89.7618     1.6713
 42  -115.1396     0.2117   -25.2920     1.5292   -89.8785     1.6476
 43  -115.1549     0.2090   -25.3810     1.5038   -89.8049     1.6156
 44  -115.1687     0.2060   -25.3219     1.4739   -89.8778     1.5851
 45  -115.1869     0.2047   -25.2667     1.4450   -89.9512     1.5565
 46  -115.2061     0.2038   -25.3426     1.4214   -89.8945     1.5265
 47  -115.2155     0.2003   -25.3829     1.3932   -89.8636     1.4949
 48  -115.2055     0.1971   -25.4403     1.3687   -89.7961     1.4696
 49  -115.2024     0.1931   -25.3426     1.3546   -89.8907     1.4517
 50  -115.1900     0.1908   -25.4107     1.3342   -89.8103     1.4315
 
 Mesh error is    0.073 kcal/mol
