 ERmod 0.3.8, Copyright (C) 2000-2019 Nobuyuki Matubayasi
                            2010-2019 Shun Sakuraba
 ERmod comes with ABSOLUTELY NO WARRANTY.
 This is free software, and you can redistribute it
 and/or modify it under certain conditions.
 See LICENSE file for details.
 
  Number of the   1-th solvent  =          378
  Number of the   2-th solvent  =        10000
 
  Be sure that the solvent distribution is homogeneous (radial distribution function is essentially unity) when the solvent molecule is separated beyond distance of   10.0 Angstrom in any direction from any atom within the solute molecule
 
  LJ long-range correction    =        -1.1319     -7.1533
 
  Self-energy of the solute   =        -0.0004  kcal/mol
 
 
 cumulative average & 95% error for solvation energy
              total             1st component         2nd component
  1  -450.4495             -125.9643             -324.4848
  2  -449.8241     1.2509  -113.2669    25.3948  -336.5567    24.1439
  3  -450.7119     1.9170  -105.1185    21.9215  -345.5930    22.8238
  4  -450.7623     1.3592   -91.3402    31.6172  -359.4217    32.0218
  5  -450.8882     1.0825   -89.9226    24.6541  -360.9652    24.9953
  6  -451.1468     1.0241   -94.5680    22.1706  -356.5784    22.2146
  7  -451.1971     0.8714   -96.3106    19.0590  -354.8862    19.0773
  8  -451.6067     1.1137   -97.1949    16.6000  -354.4114    16.5487
  9  -451.6395     0.9844   -96.3795    14.7304  -355.2596    14.6929
 10  -451.9641     1.0939   -96.7624    13.1975  -355.2013    13.1422
 11  -452.1264     1.0414   -95.7477    12.1089  -356.3783    12.1184
 12  -452.2334     0.9744   -94.1426    11.5106  -358.0904    11.5804
 13  -452.3866     0.9473   -91.9609    11.4520  -360.4253    11.6310
 14  -452.5128     0.9126   -89.6915    11.5331  -362.8209    11.7860
 15  -452.5677     0.8566   -87.7307    11.4306  -364.8366    11.6894
 16  -452.6761     0.8301   -85.7181    11.4249  -366.9577    11.7284
 17  -452.7012     0.7814   -84.0206    11.2560  -368.6802    11.5430
 18  -452.7844     0.7552   -83.1411    10.7570  -369.6428    11.0519
 19  -452.8824     0.7408   -82.6654    10.2195  -370.2166    10.5168
 20  -452.8589     0.7044   -82.5779     9.6967  -370.2806     9.9779
 21  -452.9025     0.6756   -81.0486     9.7173  -371.8535     9.9987
 22  -452.9168     0.6448   -79.7530     9.6206  -373.1634     9.8868
 23  -452.9009     0.6170   -79.0980     9.2857  -373.8025     9.5332
 24  -452.9471     0.5979   -78.2599     9.0470  -374.6867     9.2971
 25  -452.9915     0.5803   -77.8745     8.7117  -375.1166     8.9588
 26  -452.9400     0.5670   -77.5302     8.3982  -375.4094     8.6273
 27  -453.0027     0.5598   -76.6933     8.2527  -376.3090     8.4943
 28  -453.0822     0.5624   -75.6339     8.2300  -377.4480     8.4964
 29  -453.1155     0.5467   -74.5581     8.2274  -378.5571     8.4930
 30  -453.1084     0.5284   -73.9847     8.0307  -379.1233     8.2828
 31  -453.0674     0.5176   -73.5410     7.8179  -379.5261     8.0515
 32  -452.9379     0.5642   -73.2317     7.5949  -379.7057     7.8041
 33  -452.9666     0.5498   -72.9703     7.3797  -379.9959     7.5862
 34  -452.9603     0.5335   -72.8214     7.1655  -380.1385     7.3652
 35  -452.9161     0.5256   -71.8207     7.2399  -381.0950     7.4031
 36  -452.8881     0.5138   -71.2184     7.1383  -381.6692     7.2856
 37  -452.8598     0.5029   -70.9617     6.9616  -381.8977     7.1007
 38  -452.8990     0.4958   -70.8549     6.7793  -382.0437     6.9175
 39  -452.8858     0.4836   -71.6227     6.7795  -381.2627     6.9165
 40  -452.8729     0.4721   -71.6087     6.6079  -381.2637     6.7413
 41  -452.8574     0.4615   -71.8295     6.4598  -381.0275     6.5918
 42  -452.8744     0.4516   -72.2702     6.3654  -380.6038     6.4885
 43  -452.8531     0.4431   -72.6492     6.2617  -380.2035     6.3862
 44  -452.8541     0.4329   -72.7854     6.1238  -380.0683     6.2453
 45  -452.8419     0.4238   -72.8571     5.9879  -379.9844     6.1072
 46  -452.8747     0.4197   -72.8542     5.8562  -380.0201     5.9734
 47  -452.9070     0.4157   -72.9112     5.7314  -379.9953     5.8451
 48  -452.9502     0.4160   -73.1807     5.6366  -379.7691     5.7399
 49  -453.0085     0.4238   -73.6133     5.5877  -379.3948     5.6712
 50  -453.0210     0.4160   -73.6540     5.4754  -379.3666     5.5569
 
 
 group  inft  solvation free energy     error          difference
  total solvation free energy
   1      0        -91.71469           0.33194           0.04445
   1     60        -92.49795           0.33261          -0.73882
   1     80        -95.75782           0.33022          -3.99869
   1    100       -104.16867           0.33067         -12.40954
   2      0        -91.75289           0.33512           0.00624
   3      0        -91.75913           0.33689           0.00000
   4      0        -91.67464           0.34478           0.08449
   5      0        -91.74407           0.34914           0.01506
   5     60        -92.72814           0.34900          -0.96901
   5     80        -96.56533           0.34120          -4.80620
   5    100       -104.25243           0.34096         -12.49329
 
  contribution from  1-th solvent component
   1      0        -26.67163           2.13028           0.00348
   1     60        -26.69931           2.13025          -0.02421
   1     80        -26.82567           2.13030          -0.15057
   1    100        -27.21065           2.12995          -0.53554
   2      0        -26.67797           2.12642          -0.00286
   3      0        -26.67511           2.12332           0.00000
   4      0        -26.67507           2.12232           0.00004
   5      0        -26.67579           2.12154          -0.00068
   5     60        -26.71085           2.12154          -0.03574
   5     80        -26.86477           2.12177          -0.18966
   5    100        -27.21994           2.12143          -0.54483
 
  contribution from  2-th solvent component
   1      0        -65.04266           2.36728           0.04097
   1     60        -65.79824           2.36750          -0.71461
   1     80        -68.93176           2.36391          -3.84812
   1    100        -76.95763           2.36180         -11.87400
   2      0        -65.07453           2.36766           0.00911
   3      0        -65.08363           2.36590           0.00000
   4      0        -64.99918           2.37236           0.08445
   5      0        -65.06789           2.37658           0.01574
   5     60        -66.01690           2.37578          -0.93327
   5     80        -69.70016           2.36744          -4.61653
   5    100        -77.03209           2.36507         -11.94846
 
 
 group  inft   Estimated free energy: total (kcal/mol)
   1      0     -87.6103     -88.7229     -90.8500     -91.3259     -90.5587
                -89.2937     -89.2332     -91.0879     -90.2442     -91.7633
                -91.4573     -91.6174     -92.1044     -92.0845     -92.3390
                -93.0212     -92.1922     -92.5642     -92.3862     -91.3598
                -92.5684     -92.7194     -91.8662     -92.6458     -92.6997
                -91.2785     -92.8949     -93.5335     -93.1195     -92.7357
                -91.8553     -89.8729     -92.6010     -92.1264     -91.7260
                -91.7254     -91.5139     -92.7222     -91.1804     -91.9465
                -91.7171     -92.0263     -91.0581     -91.6886     -91.7004
                -92.4326     -92.6516     -92.5709     -92.6036     -92.1373
   1     60     -88.3866     -89.5154     -91.6396     -92.1076     -91.3307
                -90.0558     -89.9987     -91.8681     -91.0199     -92.5410
                -92.2211     -92.3801     -92.8662     -92.8439     -93.1231
                -93.8088     -92.9787     -93.3526     -93.1777     -92.1510
                -93.3513     -93.5044     -92.6537     -93.4320     -93.4883
                -92.0649     -93.6779     -94.3133     -93.8983     -93.5180
                -92.6383     -90.6620     -93.3879     -92.9127     -92.5055
                -92.5086     -92.3009     -93.5073     -91.9758     -92.7374
                -92.5072     -92.8167     -91.8484     -92.4802     -92.4883
                -93.2226     -93.4422     -93.3596     -93.3995     -92.9275
   1     80     -91.6863     -92.7862     -94.9000     -95.3474     -94.5931
                -93.3405     -93.2832     -95.1493     -94.2918     -95.8291
                -95.4920     -95.6269     -96.1239     -96.0955     -96.3717
                -97.0659     -96.2332     -96.6130     -96.4377     -95.4140
                -96.5956     -96.7530     -95.9050     -96.6892     -96.7451
                -95.3203     -96.9233     -97.5507     -97.1334     -96.7589
                -95.8844     -93.9277     -96.6465     -96.1654     -95.7325
                -95.7623     -95.5525     -96.7611     -95.2481     -95.9988
                -95.7718     -96.0833     -95.1066     -95.7522     -95.7452
                -96.4906     -96.7060     -96.6217     -96.6871     -96.1923
   1    100    -100.1189    -101.1814    -103.3074    -103.7372    -102.9906
               -101.7552    -101.6763    -103.5699    -102.7157    -104.2778
               -103.9216    -104.0032    -104.5183    -104.4971    -104.7759
               -105.5045    -104.6474    -105.0434    -104.8614    -103.8231
               -104.9934    -105.1697    -104.3090    -105.1086    -105.1655
               -103.7411    -105.3310    -105.9464    -105.5277    -105.1430
               -104.2687    -102.3270    -105.0704    -104.5737    -104.1084
               -104.1791    -103.9442    -105.1698    -103.6724    -104.4131
               -104.1996    -104.4973    -103.4944    -104.1712    -104.1445
               -104.9048    -105.1234    -105.0340    -105.1511    -104.6244
   2      0     -87.6296     -88.7917     -90.9272     -91.3933     -90.6397
                -89.2119     -89.1644     -91.0785     -90.2684     -91.7073
                -91.3613     -91.6152     -92.0568     -91.9774     -92.4010
                -92.9855     -92.2535     -92.6242     -92.4572     -91.4662
                -92.6376     -92.7530     -91.9369     -92.6833     -92.7439
                -91.3704     -92.9728     -93.5950     -93.1700     -92.7909
                -91.8877     -89.9560     -92.6633     -92.2282     -91.7921
                -91.7660     -91.5614     -92.7695     -91.2237     -92.0218
                -91.7778     -92.0823     -91.0661     -91.7696     -91.7404
                -92.5039     -92.7242     -92.5753     -92.6632     -92.2078
   3      0     -87.5439     -88.8496     -90.9614     -91.3816     -90.6861
                -89.1566     -89.2084     -91.0748     -90.2066     -91.6521
                -91.3575     -91.6369     -92.0158     -91.9813     -92.4311
                -92.9978     -92.2724     -92.6179     -92.4240     -91.4900
                -92.6045     -92.7628     -91.9477     -92.6680     -92.7468
                -91.3786     -92.9924     -93.6173     -93.1580     -92.8312
                -91.9148     -89.9448     -92.6945     -92.2203     -91.7847
                -91.7968     -91.5941     -92.8095     -91.2624     -92.0194
                -91.8081     -92.1182     -91.1160     -91.7624     -91.7551
                -92.5101     -92.7128     -92.6152     -92.6532     -92.2112
   4      0     -87.3455     -88.7950     -90.8581     -91.3354     -90.5063
                -88.9330     -89.0019     -90.9760     -90.0764     -91.5353
                -91.2361     -91.4130     -91.7924     -91.8515     -92.3369
                -92.9073     -92.2546     -92.5299     -92.3331     -91.4056
                -92.5630     -92.6987     -91.9227     -92.5616     -92.7117
                -91.3052     -92.9740     -93.5698     -93.0998     -92.7106
                -91.7842     -89.8975     -92.5903     -92.1617     -91.7766
                -91.7456     -91.5232     -92.7457     -91.2041     -92.0336
                -91.7088     -92.0692     -91.0500     -91.7446     -91.7200
                -92.4897     -92.6293     -92.6152     -92.5465     -92.1556
   5      0     -87.4088     -88.8407     -91.0102     -91.4117     -90.5598
                -88.9065     -89.0287     -90.9962     -90.1797     -91.4691
                -91.1540     -91.4573     -91.9029     -91.8141     -92.4368
                -93.0486     -92.2929     -92.6440     -92.4060     -91.4697
                -92.6440     -92.7358     -91.9775     -92.6522     -92.7582
                -91.4023     -93.0113     -93.6880     -93.2084     -92.8186
                -91.9429     -89.9871     -92.7522     -92.2550     -91.8288
                -91.8213     -91.6685     -92.8310     -91.2688     -92.0617
                -91.8664     -92.1541     -91.1124     -91.7350     -91.7461
                -92.5914     -92.7624     -92.6413     -92.6684     -92.1748
   5     60     -88.3959     -89.8311     -91.9971     -92.3899     -91.5367
                -89.8868     -90.0104     -91.9809     -91.1625     -92.4580
                -92.1380     -92.4294     -92.8741     -92.7871     -93.4179
                -94.0326     -93.2765     -93.6305     -93.3924     -92.4587
                -93.6236     -93.7168     -92.9616     -93.6352     -93.7444
                -92.3870     -93.9909     -94.6651     -94.1837     -93.7987
                -92.9236     -90.9741     -93.7378     -93.2389     -92.8015
                -92.8029     -92.6519     -93.8143     -92.2641     -93.0505
                -92.8551     -93.1445     -92.1031     -92.7278     -92.7315
                -93.5801     -93.7524     -93.6308     -93.6645     -93.1642
   5     80     -92.3355     -93.6676     -95.8304     -96.1935     -95.4082
                -93.8411     -93.9485     -95.8653     -95.0505     -96.3718
                -96.0446     -96.3108     -96.7449     -96.6647     -97.2280
                -97.8507     -97.0948     -97.4586     -97.2130     -96.2832
                -97.4292     -97.5262     -96.7764     -97.4523     -97.5654
                -96.2054     -97.7986     -98.4664     -97.9782     -97.6000
                -96.7306     -94.8024     -97.5605     -97.0582     -96.5868
                -96.6212     -96.4629     -97.6282     -96.1001     -96.8728
                -96.6813     -96.9731     -95.9256     -96.5612     -96.5476
                -97.4103     -97.5812     -97.4544     -97.5132     -96.9912
   5    100    -100.0476    -101.3352    -103.5088    -103.8610    -103.0929
               -101.5387    -101.6411    -103.5709    -102.7564    -104.0799
               -103.7450    -103.9788    -104.4039    -104.3365    -104.9123
               -105.5556    -104.7877    -105.1649    -104.9056    -103.9702
               -105.1055    -105.2170    -104.4629    -105.1449    -105.2653
               -103.8967    -105.4839    -106.1427    -105.6444    -105.2635
               -104.3949    -102.4770    -105.2583    -104.7517    -104.2446
               -104.3115    -104.1324    -105.3116    -103.8024    -104.5587
               -104.3824    -104.6638    -103.5894    -104.2504    -104.2175
               -105.1031    -105.2706    -105.1427    -105.2417    -104.6968
 
 group  inft   Estimated free energy: 1-th solvent contribution (kcal/mol)
   1      0     -46.5114     -36.8665     -32.9365     -17.2449     -30.5337
                -43.5193     -38.9233     -38.5058     -33.0006     -36.9114
                -30.8657     -27.5188     -23.1770     -20.7659     -21.7120
                -19.6306     -20.1000     -24.9220     -27.0504     -29.5270
                -17.5080     -18.4521     -23.2918     -21.0812     -24.8581
                -25.0725     -19.7333     -16.3856     -15.2695     -20.3134
                -21.3433     -22.0303     -23.1121     -24.8782     -12.3690
                -17.4384     -21.8358     -24.3135     -37.6153     -25.7566
                -29.6310     -33.4201     -32.5183     -28.5077     -27.8687
                -26.6810     -27.3482     -32.0042     -35.2467     -27.4746
   1     60     -46.5388     -36.8942     -32.9646     -17.2724     -30.5608
                -43.5462     -38.9499     -38.5331     -33.0277     -36.9386
                -30.8924     -27.5457     -23.2043     -20.7930     -21.7397
                -19.6586     -20.1272     -24.9497     -27.0785     -29.5543
                -17.5357     -18.4802     -23.3190     -21.1093     -24.8866
                -25.1002     -19.7616     -16.4137     -15.2968     -20.3410
                -21.3709     -22.0581     -23.1400     -24.9064     -12.3972
                -17.4660     -21.8632     -24.3411     -37.6436     -25.7844
                -29.6588     -33.4477     -32.5467     -28.5361     -27.8969
                -26.7092     -27.3760     -32.0322     -35.2748     -27.5024
   1     80     -46.6667     -37.0204     -33.0922     -17.3972     -30.6863
                -43.6733     -39.0752     -38.6592     -33.1532     -37.0650
                -31.0175     -27.6707     -23.3315     -20.9196     -21.8656
                -19.7855     -20.2513     -25.0753     -27.2056     -29.6783
                -17.6616     -18.6079     -23.4423     -21.2368     -25.0153
                -25.2262     -19.8897     -16.5413     -15.4208     -20.4666
                -21.4962     -22.1838     -23.2667     -25.0345     -12.5252
                -17.5918     -21.9877     -24.4667     -37.7713     -25.9105
                -29.7845     -33.5730     -32.6752     -28.6647     -28.0243
                -26.8369     -27.5025     -32.1592     -35.4025     -27.6287
   1    100     -47.0481     -37.4013     -33.4781     -17.7819     -31.0690
                -44.0562     -39.4542     -39.0408     -33.5351     -37.4486
                -31.3989     -28.0514     -23.7179     -21.3044     -22.2508
                -20.1739     -20.6335     -25.4600     -27.5920     -30.0593
                -18.0476     -18.9965     -23.8241     -21.6247     -25.4049
                -25.6121     -20.2798     -16.9318     -15.8044     -20.8505
                -21.8783     -22.5670     -23.6523     -25.4231     -12.9135
                -17.9785     -22.3710     -24.8524     -38.1584     -26.2974
                -30.1686     -33.9549     -33.0604     -29.0517     -28.4100
                -27.2237     -27.8894     -32.5456     -35.7902     -28.0141
   2      0     -46.4467     -36.8698     -32.9604     -17.2718     -30.5323
                -43.4517     -38.8730     -38.4888     -32.9720     -36.8712
                -30.8109     -27.4731     -23.1328     -20.7221     -21.7433
                -19.6274     -20.1160     -24.9476     -27.0747     -29.5660
                -17.5382     -18.4605     -23.3300     -21.0950     -24.8469
                -25.1064     -19.7522     -16.4027     -15.2828     -20.3355
                -21.3493     -22.0526     -23.1431     -24.8856     -12.3910
                -17.4646     -21.8430     -24.3435     -37.6405     -25.7833
                -29.6573     -33.4491     -32.5327     -28.5267     -27.8869
                -26.6910     -27.3684     -32.0181     -35.2707     -27.4994
   3      0     -46.3691     -36.8739     -32.9720     -17.2715     -30.5196
                -43.3939     -38.8532     -38.4677     -32.9416     -36.8311
                -30.7669     -27.4385     -23.1158     -20.7062     -21.7570
                -19.6404     -20.1300     -24.9507     -27.0706     -29.5791
                -17.5345     -18.4557     -23.3466     -21.0950     -24.8480
                -25.1122     -19.7523     -16.4098     -15.2868     -20.3509
                -21.3728     -22.0438     -23.1593     -24.9009     -12.3940
                -17.4651     -21.8574     -24.3573     -37.6634     -25.7891
                -29.6785     -33.4551     -32.5293     -28.5107     -27.8832
                -26.6880     -27.3817     -32.0181     -35.2687     -27.4985
   4      0     -46.3587     -36.8846     -32.9586     -17.2780     -30.5160
                -43.3554     -38.8268     -38.4607     -32.9375     -36.8293
                -30.7416     -27.4083     -23.0869     -20.6756     -21.7629
                -19.6245     -20.1368     -24.9612     -27.0772     -29.5835
                -17.5447     -18.4730     -23.3556     -21.1030     -24.8552
                -25.1167     -19.7530     -16.4062     -15.2883     -20.3535
                -21.3811     -22.0630     -23.1550     -24.9003     -12.3985
                -17.4660     -21.8540     -24.3551     -37.6600     -25.7780
                -29.6714     -33.4663     -32.5341     -28.5367     -27.8906
                -26.7008     -27.3915     -32.0394     -35.2803     -27.5180
   5      0     -46.3533     -36.8914     -32.9796     -17.2774     -30.5144
                -43.3342     -38.8296     -38.4438     -32.9470     -36.8039
                -30.7615     -27.4031     -23.1016     -20.6984     -21.7616
                -19.6373     -20.1480     -24.9592     -27.0666     -29.5879
                -17.5492     -18.4597     -23.3603     -21.1041     -24.8525
                -25.1230     -19.7390     -16.4177     -15.2826     -20.3457
                -21.3879     -22.0656     -23.1673     -24.8938     -12.4072
                -17.4776     -21.8458     -24.3572     -37.6682     -25.7830
                -29.6780     -33.4684     -32.5438     -28.5283     -27.9111
                -26.6804     -27.3951     -32.0312     -35.2666     -27.4993
   5     60     -46.3883     -36.9266     -33.0151     -17.3121     -30.5491
                -43.3688     -38.8641     -38.4785     -32.9815     -36.8387
                -30.7959     -27.4374     -23.1365     -20.7331     -21.7966
                -19.6726     -20.1824     -24.9941     -27.1019     -29.6223
                -17.5840     -18.4952     -23.3946     -21.1396     -24.8884
                -25.1581     -19.7745     -16.4532     -15.3170     -20.3807
                -21.4227     -22.1007     -23.2025     -24.9294     -12.4428
                -17.5125     -21.8803     -24.3920     -37.7039     -25.8182
                -29.7130     -33.5034     -32.5797     -28.5641     -27.9466
                -26.7159     -27.4304     -32.0665     -35.3021     -27.5345
   5     80     -46.5463     -37.0801     -33.1701     -17.4640     -30.7034
                -43.5267     -39.0202     -38.6330     -33.1355     -36.9944
                -30.9511     -27.5917     -23.2929     -20.8890     -21.9498
                -19.8270     -20.3333     -25.1466     -27.2558     -29.7729
                -17.7367     -18.6500     -23.5448     -21.2942     -25.0447
                -25.3112     -19.9295     -16.6080     -15.4674     -20.5331
                -21.5749     -22.2537     -23.3563     -25.0848     -12.5977
                -17.6655     -22.0310     -24.5443     -37.8589     -25.9713
                -29.8657     -33.6557     -32.7355     -28.7197     -28.1008
                -26.8705     -27.5843     -32.2203     -35.4562     -27.6881
   5    100     -46.8983     -37.4314     -33.5261     -17.8189     -31.0564
                -43.8793     -39.3710     -38.9858     -33.4875     -37.3473
                -31.3023     -27.9419     -23.6483     -21.2436     -22.3060
                -20.1855     -20.6865     -25.5015     -27.6118     -30.1253
                -18.0930     -19.0085     -23.8981     -21.6525     -25.4042
                -25.6676     -20.2888     -16.9683     -15.8206     -20.8874
                -21.9280     -22.6078     -23.7126     -25.4435     -12.9564
                -18.0223     -22.3837     -24.9004     -38.2167     -26.3284
                -30.2208     -34.0085     -33.0908     -29.0758     -28.4561
                -27.2266     -27.9418     -32.5763     -35.8128     -28.0441
 
 group  inft   Estimated free energy: 2-th solvent contribution (kcal/mol)
   1      0     -41.0985     -51.8560     -57.9131     -74.0806     -60.0246
                -45.7740     -50.3095     -52.5817     -57.2432     -54.8515
                -60.5912     -64.0982     -68.9270     -71.3182     -70.6266
                -73.3902     -72.0918     -67.6418     -65.3354     -61.8324
                -75.0600     -74.2670     -68.5740     -71.5642     -67.8411
                -66.2055     -73.1612     -77.1476     -77.8496     -72.4219
                -70.5116     -67.8422     -69.4885     -67.2479     -79.3566
                -74.2866     -69.6776     -68.4083     -53.5647     -66.1896
                -62.0856     -58.6058     -58.5394     -63.1805     -63.8313
                -65.7512     -65.3030     -60.5663     -57.3565     -64.6623
   1     60     -41.8474     -52.6207     -58.6746     -74.8349     -60.7695
                -46.5091     -51.0484     -53.3346     -57.9918     -55.6021
                -61.3283     -64.8341     -69.6616     -72.0505     -71.3830
                -74.1498     -72.8511     -68.4025     -66.0988     -62.5963
                -75.8152     -75.0238     -69.3343     -72.3224     -68.6014
                -66.9643     -73.9159     -77.8992     -78.6011     -73.1766
                -71.2670     -68.6035     -70.2475     -68.0058     -80.1078
                -75.0422     -70.4373     -69.1659     -54.3318     -66.9526
                -62.8480     -59.3686     -59.3013     -63.9436     -64.5910
                -66.5130     -66.0658     -61.3270     -58.1243     -65.4247
   1     80     -45.0192     -55.7654     -61.8074     -77.9498     -63.9064
                -49.6669     -54.2076     -56.4897     -61.1382     -58.7636
                -64.4741     -67.9558     -72.7920     -75.1756     -74.5057
                -77.2800     -75.9815     -71.5373     -69.2317     -65.7353
                -78.9336     -78.1447     -72.4624     -75.4520     -71.7294
                -70.0937     -77.0332     -81.0090     -81.7122     -76.2919
                -74.3879     -71.7434     -73.3794     -71.1305     -83.2069
                -78.1701     -73.5644     -72.2940     -57.4764     -70.0879
                -65.9869     -62.5099     -62.4310     -67.0871     -67.7205
                -69.6533     -69.2031     -64.4622     -61.2841     -68.5632
   1    100     -53.0704     -63.7797     -69.8289     -85.9549     -71.9212
                -57.6986     -62.2216     -64.5287     -69.1802     -66.8288
                -72.5224     -75.9514     -80.8001     -83.1923     -82.5247
                -85.3303     -84.0136     -79.5830     -77.2690     -73.7635
                -86.9454     -86.1728     -80.4845     -83.4835     -79.7602
                -78.1286     -85.0508     -89.0142     -89.7229     -84.2921
                -82.3900     -79.7596     -81.4177     -79.1502     -91.1946
                -86.2002     -81.5728     -80.3170     -65.5136     -78.1153
                -74.0305     -70.5420     -70.4336     -75.1191     -75.7341
                -77.6807     -77.2337     -72.4880     -69.3606     -76.6099
   2      0     -41.1825     -51.9215     -57.9664     -74.1212     -60.1071
                -45.7598     -50.2911     -52.5893     -57.2960     -54.8357
                -60.5500     -64.1417     -68.9235     -71.2549     -70.6573
                -73.3578     -72.1371     -67.6762     -65.3821     -61.8998
                -75.0991     -74.2921     -68.6065     -71.5879     -67.8966
                -66.2635     -73.2202     -77.1920     -77.8868     -72.4550
                -70.5380     -67.9030     -69.5198     -67.3423     -79.4007
                -74.3009     -69.7180     -68.4256     -53.5829     -66.2381
                -62.1201     -58.6328     -58.5330     -63.2425     -63.8531
                -65.8125     -65.3554     -60.5568     -57.3921     -64.7080
   3      0     -41.1744     -51.9752     -57.9890     -74.1097     -60.1661
                -45.7623     -50.3548     -52.6066     -57.2646     -54.8205
                -60.5903     -64.1979     -68.8996     -71.2748     -70.6737
                -73.3570     -72.1420     -67.6669     -65.3530     -61.9105
                -75.0697     -74.3068     -68.6007     -71.5726     -67.8984
                -66.2661     -73.2396     -77.2071     -77.8708     -72.4799
                -70.5416     -67.9007     -69.5348     -67.3191     -79.3903
                -74.3314     -69.7363     -68.4518     -53.5986     -66.2298
                -62.1293     -58.6627     -58.5863     -63.2514     -63.8715
                -65.8217     -65.3308     -60.5967     -57.3841     -64.7122
   4      0     -40.9864     -51.9100     -57.8991     -74.0571     -59.9900
                -45.5773     -50.1747     -52.5149     -57.1385     -54.7056
                -60.4941     -64.0043     -68.7050     -71.1756     -70.5736
                -73.2824     -72.1174     -67.5683     -65.2555     -61.8217
                -75.0180     -74.2253     -68.5667     -71.4582     -67.8561
                -66.1882     -73.2206     -77.1632     -77.8111     -72.3567
                -70.4027     -67.8341     -69.4349     -67.2611     -79.3776
                -74.2792     -69.6688     -68.3902     -53.5437     -66.2552
                -62.0370     -58.6025     -58.5155     -63.2075     -63.8290
                -65.7886     -65.2374     -60.5754     -57.2658     -64.6372
   5      0     -41.0551     -51.9489     -58.0301     -74.1339     -60.0450
                -45.5719     -50.1987     -52.5520     -57.2323     -54.6649
                -60.3922     -64.0538     -68.8010     -71.1153     -70.6748
                -73.4110     -72.1445     -67.6844     -65.3390     -61.8814
                -75.0944     -74.2756     -68.6168     -71.5477     -67.9053
                -66.2789     -73.2719     -77.2699     -77.9254     -72.4725
                -70.5547     -67.9210     -69.5845     -67.3609     -79.4212
                -74.3433     -69.8223     -68.4735     -53.6002     -66.2784
                -62.1881     -58.6853     -58.5682     -63.2063     -63.8346
                -65.9105     -65.3669     -60.6097     -57.4013     -64.6751
   5     60     -42.0072     -52.9041     -58.9816     -75.0774     -60.9872
                -46.5176     -51.1460     -53.5020     -58.1806     -55.6189
                -61.3417     -64.9916     -69.7372     -72.0536     -71.6209
                -74.3596     -73.0937     -68.6360     -66.2901     -62.8360
                -76.0392     -75.2211     -69.5666     -72.4952     -68.8555
                -67.2286     -74.2160     -78.2116     -78.8663     -73.4176
                -71.5005     -68.8730     -70.5348     -68.3090     -80.3583
                -75.2900     -70.7713     -69.4219     -54.5597     -67.2319
                -63.1417     -59.6407     -59.5230     -64.1633     -64.7845
                -66.8637     -66.3216     -61.5639     -58.3621     -65.6293
   5     80     -45.7887     -56.5871     -62.6599     -78.7292     -64.7044
                -50.3140     -54.9279     -57.2319     -61.9147     -59.3770
                -65.0931     -68.7187     -73.4516     -75.7753     -75.2778
                -78.0233     -76.7611     -72.3116     -69.9569     -66.5099
                -79.6921     -78.8758     -73.2313     -76.1577     -72.5204
                -70.8938     -77.8687     -81.8580     -82.5104     -77.0665
                -75.1554     -72.5482     -74.2037     -71.9730     -83.9887
                -78.9553     -74.4315     -73.0835     -58.2408     -70.9011
                -66.8152     -63.3170     -63.1898     -67.8411     -68.4464
                -70.5394     -69.9965     -65.2337     -62.0565     -69.3027
   5    100     -53.1490     -63.9034     -69.9823     -86.0417     -72.0361
                -57.6590     -62.2698     -64.5847     -69.2686     -66.7322
                -72.4423     -76.0365     -80.7552     -83.0925     -82.6059
                -85.3697     -84.1007     -79.6630     -77.2934     -73.8444
                -87.0121     -86.2081     -80.5644     -83.4920     -79.8607
                -78.2287     -85.1947     -89.1740     -89.8234     -84.3757
                -82.4665     -79.8688     -81.5454     -79.3079     -91.2878
                -86.2888     -81.7483     -80.4108     -65.5853     -78.2299
                -74.1612     -70.6549     -70.4982     -75.1742     -75.7611
                -77.8761     -77.3284     -72.5660     -69.4286     -76.6522
 
 
 cumulative average & 95% error for solvation free energy
              total             1st component         2nd component
  1   -87.5439              -46.3691              -41.1744
  2   -88.1967     1.3056   -41.6215     9.4952   -46.5748    10.8008
  3   -89.1183     1.9913   -38.7383     7.9564   -50.3796     9.8382
  4   -89.6841     1.8065   -33.3716    12.1185   -56.3121    13.7541
  5   -89.8845     1.4555   -32.8012     9.4560   -57.0829    10.7648
  6   -89.7632     1.2130   -34.5667     8.4899   -55.1961     9.5652
  7   -89.6839     1.0373   -35.1790     7.2790   -54.5045     8.2016
  8   -89.8578     0.9633   -35.5901     6.3572   -54.2673     7.1186
  9   -89.8966     0.8531   -35.2958     5.6373   -54.6003     6.3133
 10   -90.0721     0.8399   -35.4494     5.0515   -54.6223     5.6469
 11   -90.1890     0.7949   -35.0237     4.6479   -55.1649     5.2218
 12   -90.3096     0.7647   -34.3916     4.4273   -55.9176     4.9989
 13   -90.4409     0.7508   -33.5242     4.4266   -56.9162     5.0134
 14   -90.5509     0.7291   -32.6086     4.4887   -57.9419     5.0745
 15   -90.6762     0.7236   -31.8852     4.4222   -58.7906     5.0199
 16   -90.8213     0.7364   -31.1199     4.4107   -59.7010     5.0363
 17   -90.9067     0.7125   -30.4734     4.3401   -60.4329     4.9520
 18   -91.0018     0.6981   -30.1666     4.1377   -60.8348     4.7375
 19   -91.0766     0.6771   -30.0037     3.9274   -61.0726     4.5064
 20   -91.0973     0.6437   -29.9824     3.7261   -61.1145     4.2760
 21   -91.1691     0.6289   -29.3897     3.7372   -61.7790     4.2789
 22   -91.2415     0.6169   -28.8927     3.6994   -62.3484     4.2358
 23   -91.2722     0.5926   -28.6515     3.5676   -62.6203     4.0838
 24   -91.3304     0.5792   -28.3367     3.4733   -62.9933     3.9804
 25   -91.3870     0.5670   -28.1971     3.3431   -63.1895     3.8380
 26   -91.3867     0.5448   -28.0785     3.2207   -63.3078     3.6950
 27   -91.4462     0.5375   -27.7701     3.1599   -63.6757     3.6309
 28   -91.5237     0.5407   -27.3644     3.1512   -64.1589     3.6298
 29   -91.5801     0.5337   -26.9479     3.1527   -64.6317     3.6278
 30   -91.6218     0.5223   -26.7280     3.0774   -64.8934     3.5437
 31   -91.6312     0.5056   -26.5553     2.9964   -65.0756     3.4468
 32   -91.5785     0.5007   -26.4143     2.9149   -65.1638     3.3420
 33   -91.6123     0.4900   -26.3156     2.8321   -65.2963     3.2499
 34   -91.6302     0.4767   -26.2740     2.7488   -65.3558     3.1552
 35   -91.6346     0.4630   -25.8775     2.7845   -65.7568     3.1669
 36   -91.6391     0.4500   -25.6438     2.7461   -65.9950     3.1143
 37   -91.6379     0.4377   -25.5415     2.6787   -66.0961     3.0357
 38   -91.6687     0.4305   -25.5103     2.6080   -66.1581     2.9574
 39   -91.6583     0.4198   -25.8219     2.6155   -65.8360     2.9517
 40   -91.6674     0.4096   -25.8211     2.5493   -65.8459     2.8770
 41   -91.6708     0.3995   -25.9152     2.4935   -65.7552     2.8118
 42   -91.6814     0.3905   -26.0947     2.4597   -65.5864     2.7647
 43   -91.6683     0.3822   -26.2443     2.4204   -65.4236     2.7192
 44   -91.6704     0.3734   -26.2958     2.3670   -65.3742     2.6586
 45   -91.6723     0.3651   -26.3311     2.3149   -65.3408     2.5997
 46   -91.6905     0.3589   -26.3389     2.2641   -65.3513     2.5426
 47   -91.7123     0.3538   -26.3611     2.2158   -65.3508     2.4879
 48   -91.7311     0.3484   -26.4789     2.1819   -65.2518     2.4436
 49   -91.7499     0.3433   -26.6583     2.1668   -65.0912     2.4146
 50   -91.7591     0.3369   -26.6751     2.1233   -65.0836     2.3659
 
 Mesh error is    0.084 kcal/mol
