 ERmod 0.3.8, Copyright (C) 2000-2019 Nobuyuki Matubayasi
                            2010-2019 Shun Sakuraba
 ERmod comes with ABSOLUTELY NO WARRANTY.
 This is free software, and you can redistribute it
 and/or modify it under certain conditions.
 See LICENSE file for details.
 
  Number of the   1-th solvent  =        10000
 
  Be sure that the solvent distribution is homogeneous (radial distribution function is essentially unity) when the solvent molecule is separated beyond distance of   10.0 Angstrom in any direction from any atom within the solute molecule
 
  LJ long-range correction    =        -7.8240
 
  Self-energy of the solute   =         0.0049  kcal/mol
 
 
 cumulative average & 95% error for solvation energy
  1  -472.0522
  2  -472.8117     1.5191
  3  -473.2885     1.2956
  4  -473.5683     1.0735
  5  -473.5302     0.8350
  6  -473.5778     0.6884
  7  -473.5541     0.5837
  8  -473.6268     0.5260
  9  -473.4651     0.5655
 10  -473.4422     0.5078
 11  -473.4919     0.4700
 12  -473.6597     0.5447
 13  -473.6897     0.5047
 14  -473.7443     0.4798
 15  -473.6993     0.4556
 16  -473.7680     0.4478
 17  -473.7939     0.4238
 18  -473.7485     0.4097
 19  -473.7996     0.4008
 20  -473.8212     0.3826
 21  -473.8103     0.3646
 22  -473.8433     0.3538
 23  -473.7999     0.3491
 24  -473.8209     0.3368
 25  -473.8387     0.3250
 26  -473.8642     0.3164
 27  -473.8811     0.3063
 28  -473.8960     0.2967
 29  -473.9288     0.2937
 30  -473.9460     0.2858
 31  -473.9247     0.2797
 32  -473.9451     0.2739
 33  -473.9117     0.2737
 34  -473.8874     0.2700
 35  -473.8908     0.2622
 36  -473.8885     0.2549
 37  -473.8910     0.2479
 38  -473.8839     0.2417
 39  -473.8780     0.2357
 40  -473.9141     0.2409
 41  -473.9551     0.2488
 42  -473.9855     0.2503
 43  -474.0137     0.2509
 44  -474.0018     0.2463
 45  -474.0009     0.2407
 46  -473.9950     0.2357
 47  -473.9862     0.2314
 48  -473.9792     0.2269
 49  -473.9593     0.2257
 50  -473.9688     0.2220
 
 
 group  inft  solvation free energy     error          difference
   1      0        -93.17667           0.11639           0.04072
   1     60        -93.30562           0.11639          -0.08823
   1     80        -94.93747           0.11631          -1.72008
   1    100       -101.97542           0.11638          -8.75803
   2      0        -93.19723           0.11594           0.02016
   3      0        -93.21739           0.11585           0.00000
   4      0        -93.18355           0.11662           0.03384
   5      0        -93.25724           0.11759          -0.03985
   5     60        -93.44200           0.11758          -0.22461
   5     80        -95.55019           0.11751          -2.33280
   5    100       -102.07916           0.11771          -8.86177
 
 
 group  inft   Estimated free energy (kcal/mol)
   1      0     -92.0000     -92.8759     -93.2995     -93.3285     -93.0076
                -92.8668     -93.0277     -93.2972     -92.4456     -92.7911
                -93.2310     -94.0121     -93.2139     -93.4344     -92.7602
                -93.5974     -93.3940     -92.8390     -93.3770     -93.0133
                -92.9376     -93.3837     -92.8506     -93.6296     -93.3443
                -93.0849     -93.5828     -93.3996     -93.4428     -93.3835
                -92.8779     -93.6070     -92.8463     -92.8862     -93.4235
                -92.9262     -92.9156     -92.9726     -93.1419     -93.9465
                -94.1928     -93.5429     -93.8167     -92.9048     -93.2660
                -92.8957     -92.7329     -92.9752     -92.5467     -93.5645
   1     60     -92.1294     -93.0050     -93.4284     -93.4574     -93.1364
                -92.9962     -93.1564     -93.4261     -92.5741     -92.9197
                -93.3595     -94.1406     -93.3430     -93.5634     -92.8882
                -93.7266     -93.5229     -92.9682     -93.5060     -93.1424
                -93.0665     -93.5125     -92.9798     -93.7587     -93.4731
                -93.2142     -93.7118     -93.5287     -93.5720     -93.5123
                -93.0064     -93.7359     -92.9749     -93.0152     -93.5526
                -93.0559     -93.0448     -93.1012     -93.2706     -94.0757
                -94.3214     -93.6727     -93.9455     -93.0344     -93.3940
                -93.0250     -92.8624     -93.1043     -92.6749     -93.6937
   1     80     -93.7638     -94.6356     -95.0614     -95.0894     -94.7655
                -94.6337     -94.7866     -95.0575     -94.2021     -94.5518
                -94.9906     -95.7700     -94.9761     -95.1954     -94.5173
                -95.3606     -95.1552     -94.5982     -95.1353     -94.7744
                -94.6999     -95.1449     -94.6129     -95.3883     -95.1038
                -94.8482     -95.3405     -95.1633     -95.2054     -95.1440
                -94.6356     -95.3653     -94.6063     -94.6483     -95.1786
                -94.6922     -94.6820     -94.7297     -94.9037     -95.7092
                -95.9518     -95.3118     -95.5772     -94.6694     -95.0188
                -94.6587     -94.4956     -94.7352     -94.3064     -95.3259
   1    100    -100.8087    -101.6675    -102.1016    -102.1303    -101.7947
               -101.6887    -101.8230    -102.0975    -101.2260    -101.5893
               -102.0274    -102.8030    -102.0218    -102.2359    -101.5475
               -102.4021    -102.1985    -101.6317    -102.1640    -101.8079
               -101.7384    -102.1825    -101.6605    -102.4306    -102.1376
               -101.8855    -102.3676    -102.2021    -102.2509    -102.1858
               -101.6637    -102.3958    -101.6457    -101.6831    -102.2014
               -101.7433    -101.7357    -101.7587    -101.9412    -102.7549
               -102.9900    -102.3703    -102.6137    -101.7183    -102.0349
               -101.7008    -101.5312    -101.7689    -101.3435    -102.3672
   2      0     -91.9961     -92.8958     -93.3194     -93.3452     -93.0069
                -92.8567     -93.0382     -93.3286     -92.4623     -92.8161
                -93.2837     -94.0474     -93.2862     -93.4135     -92.8138
                -93.5600     -93.4143     -92.8389     -93.3580     -93.0132
                -92.9552     -93.3973     -92.8738     -93.6586     -93.3548
                -93.0886     -93.6112     -93.3928     -93.4769     -93.4121
                -92.9003     -93.6277     -92.8969     -92.9013     -93.4645
                -92.9413     -92.9443     -92.9813     -93.1573     -93.9381
                -94.2090     -93.5653     -93.8543     -92.9303     -93.3166
                -92.9431     -92.7954     -93.0055     -92.5946     -93.5791
   3      0     -92.0375     -92.9127     -93.3432     -93.3607     -93.0347
                -92.8858     -93.0724     -93.3465     -92.4856     -92.8684
                -93.2957     -94.0389     -93.3063     -93.4419     -92.8543
                -93.6198     -93.3959     -92.8556     -93.3989     -92.9975
                -92.9530     -93.4369     -92.9053     -93.6650     -93.3994
                -93.1089     -93.6108     -93.4185     -93.4851     -93.4571
                -92.9116     -93.6676     -92.9242     -92.9353     -93.4966
                -92.9337     -92.9611     -92.9913     -93.2175     -93.9833
                -94.2185     -93.5793     -93.8751     -92.9292     -93.3212
                -92.9525     -92.7723     -92.9965     -92.6185     -93.5919
   4      0     -92.0061     -92.9125     -93.3319     -93.3641     -92.9870
                -92.8459     -93.0540     -93.3139     -92.4719     -92.7790
                -93.2395     -94.0683     -93.2946     -93.4422     -92.7975
                -93.6129     -93.4160     -92.7958     -93.4136     -92.9671
                -92.9516     -93.4041     -92.8657     -93.6317     -93.3563
                -93.1030     -93.4989     -93.3698     -93.4773     -93.4102
                -92.9190     -93.6152     -92.8533     -92.8673     -93.3947
                -92.9034     -92.9376     -92.9256     -93.2047     -93.9497
                -94.2087     -93.5038     -93.8243     -92.8946     -93.2686
                -92.8518     -92.7699     -92.9619     -92.6065     -93.5343
   5      0     -92.0390     -92.9901     -93.4090     -93.3940     -93.0907
                -92.9082     -93.0769     -93.4166     -92.5074     -92.8789
                -93.3461     -94.1203     -93.3503     -93.4946     -92.8479
                -93.6595     -93.4677     -92.8862     -93.4535     -93.0555
                -92.9967     -93.4600     -92.9871     -93.7413     -93.4464
                -93.1244     -93.6274     -93.4438     -93.5476     -93.5286
                -92.9678     -93.6724     -92.9480     -92.9287     -93.5233
                -92.9643     -92.9906     -93.0263     -93.2291     -93.9734
                -94.3041     -93.5968     -93.8945     -92.9470     -93.3615
                -92.9615     -92.8232     -93.0682     -92.7172     -93.6684
   5     60     -92.2240     -93.1747     -93.5941     -93.5788     -93.2753
                -93.0935     -93.2613     -93.6013     -92.6916     -93.0636
                -93.5307     -94.3048     -93.5353     -93.6792     -93.0321
                -93.8449     -93.6522     -93.0709     -93.6381     -93.2405
                -93.1818     -93.6451     -93.1718     -93.9256     -93.6310
                -93.3095     -93.8119     -93.6288     -93.7324     -93.7133
                -93.1521     -93.8568     -93.1328     -93.1137     -93.7076
                -93.1498     -93.1759     -93.2106     -93.4138     -94.1587
                -94.4886     -93.7823     -94.0791     -93.1321     -93.5454
                -93.1464     -93.0084     -93.2530     -92.9017     -93.8532
   5     80     -94.3344     -95.2818     -95.7047     -95.6873     -95.3806
                -95.2083     -95.3682     -95.7099     -94.7940     -95.1716
                -95.6378     -96.4108     -95.6467     -95.7869     -95.1376
                -95.9549     -95.7601     -95.1762     -95.7445     -95.3490
                -95.2918     -95.7546     -95.2810     -96.0320     -95.7382
                -95.4197     -95.9157     -95.7387     -95.8427     -95.8220
                -95.2569     -95.9620     -95.2403     -95.2217     -95.8101
                -95.2638     -95.2905     -95.3140     -95.5218     -96.2703
                -96.5957     -95.8980     -96.1864     -95.2434     -95.6452
                -95.2569     -95.1180     -95.3606     -95.0110     -95.9609
   5    100    -100.8659    -101.8073    -102.2388    -102.2166    -101.8998
               -101.7501    -101.8967    -102.2396    -101.3081    -101.6978
               -102.1669    -102.9388    -102.1857    -102.3147    -101.6625
               -102.4871    -102.2933    -101.6989    -102.2631    -101.8750
               -101.8227    -102.2838    -101.8161    -102.5664    -102.2633
               -101.9468    -102.4348    -102.2714    -102.3790    -102.3569
               -101.7768    -102.4846    -101.7697    -101.7485    -102.3271
               -101.8054    -101.8350    -101.8309    -102.0491    -102.8056
               -103.1269    -102.4431    -102.7157    -101.7803    -102.1553
               -101.7895    -101.6456    -101.8875    -101.5436    -102.4896
 
 
 cumulative average & 95% error for solvation free energy
  1   -92.0375
  2   -92.4751     0.8752
  3   -92.7645     0.7683
  4   -92.9136     0.6197
  5   -92.9378     0.4824
  6   -92.9291     0.3943
  7   -92.9496     0.3357
  8   -92.9992     0.3072
  9   -92.9421     0.2940
 10   -92.9348     0.2634
 11   -92.9676     0.2471
 12   -93.0569     0.2877
 13   -93.0761     0.2674
 14   -93.1022     0.2530
 15   -93.0857     0.2379
 16   -93.1190     0.2323
 17   -93.1353     0.2206
 18   -93.1198     0.2103
 19   -93.1345     0.2011
 20   -93.1276     0.1913
 21   -93.1193     0.1827
 22   -93.1337     0.1766
 23   -93.1238     0.1699
 24   -93.1464     0.1688
 25   -93.1565     0.1632
 26   -93.1547     0.1568
 27   -93.1715     0.1546
 28   -93.1804     0.1500
 29   -93.1909     0.1463
 30   -93.1997     0.1424
 31   -93.1905     0.1390
 32   -93.2054     0.1379
 33   -93.1968     0.1347
 34   -93.1891     0.1316
 35   -93.1979     0.1290
 36   -93.1906     0.1262
 37   -93.1844     0.1234
 38   -93.1793     0.1205
 39   -93.1803     0.1174
 40   -93.2004     0.1213
 41   -93.2252     0.1283
 42   -93.2336     0.1263
 43   -93.2485     0.1269
 44   -93.2413     0.1248
 45   -93.2431     0.1221
 46   -93.2367     0.1200
 47   -93.2269     0.1191
 48   -93.2221     0.1170
 49   -93.2097     0.1172
 50   -93.2174     0.1159
 
 Mesh error is    0.041 kcal/mol
