 ERmod 0.3.8, Copyright (C) 2000-2019 Nobuyuki Matubayasi
                            2010-2019 Shun Sakuraba
 ERmod comes with ABSOLUTELY NO WARRANTY.
 This is free software, and you can redistribute it
 and/or modify it under certain conditions.
 See LICENSE file for details.
 ERmod 0.3.8, Copyright (C) 2000-2019 Nobuyuki Matubayasi
                            2010-2019 Shun Sakuraba
 ERmod comes with ABSOLUTELY NO WARRANTY.
 This is free software, and you can redistribute it
 and/or modify it under certain conditions.
 See LICENSE file for details.
 
  Number of the   1-th solvent  =          378
  Number of the   2-th solvent  =        10000
 
  Be sure that the solvent distribution is homogeneous (radial distribution function is essentially unity) when the solvent molecule is separated beyond distance of   10.0 Angstrom in any direction from any atom within the solute molecule
 
  LJ long-range correction    =        -1.1319     -7.1533
 
  Self-energy of the solute   =        -0.0078  kcal/mol
 
 
 cumulative average & 95% error for solvation energy
              total             1st component         2nd component
  1  -467.3330             -100.1165             -367.2087
  2  -468.3867     2.1075   -94.3845    11.4639  -373.9944    13.5714
  3  -468.4953     1.2360   -94.3608     6.6189  -374.1266     7.8399
  4  -468.4259     0.8849   -89.4882    10.8109  -378.9299    11.0912
  5  -468.3718     0.6940   -90.7389     8.7397  -377.6250     8.9788
  6  -468.2421     0.6231   -92.8845     8.3268  -375.3498     8.6287
  7  -468.0942     0.6040   -93.6953     7.2219  -374.3910     7.5404
  8  -467.8828     0.6726   -93.9009     6.2678  -373.9741     6.5832
  9  -467.8875     0.5932   -96.5108     7.6027  -371.3689     7.8010
 10  -467.5879     0.8004   -95.3158     7.2079  -372.2643     7.2036
 11  -467.5577     0.7265   -94.4397     6.7511  -373.1102     6.7319
 12  -467.3071     0.8314   -93.4553     6.4697  -373.8439     6.3182
 13  -467.1933     0.7979   -93.9577     6.0355  -373.2278     5.9411
 14  -467.1599     0.7417   -93.6958     5.6123  -373.4563     5.5193
 15  -467.1156     0.6961   -91.2421     7.1679  -375.8656     7.0442
 16  -467.1170     0.6512   -88.2572     8.9775  -378.8520     8.8933
 17  -467.1234     0.6118   -86.4761     9.1544  -380.6394     9.0866
 18  -467.2948     0.6710   -87.4210     8.8353  -379.8659     8.7055
 19  -467.2591     0.6387   -88.4576     8.6107  -378.7937     8.5092
 20  -467.1580     0.6388   -89.8827     8.6518  -377.2674     8.6304
 21  -467.0751     0.6298   -90.7898     8.4271  -376.2775     8.4446
 22  -466.9647     0.6398   -92.2015     8.5165  -374.7554     8.6078
 23  -466.8614     0.6453   -92.7413     8.2091  -374.1123     8.3250
 24  -466.8751     0.6184   -93.7253     8.1023  -373.1419     8.2035
 25  -466.8712     0.5932   -93.6577     7.7726  -373.2057     7.8696
 26  -466.8216     0.5785   -93.1993     7.5238  -373.6145     7.6049
 27  -466.8171     0.5567   -92.6668     7.3177  -374.1424     7.3936
 28  -466.7863     0.5400   -91.7088     7.3071  -375.0696     7.3620
 29  -466.7811     0.5212   -91.0338     7.1788  -375.7394     7.2288
 30  -466.7600     0.5053   -90.4466     7.0341  -376.3056     7.0749
 31  -466.7535     0.4889   -89.8766     6.8982  -376.8690     6.9350
 32  -466.6604     0.5086   -89.9402     6.6804  -376.7123     6.7221
 33  -466.5784     0.5196   -90.0965     6.4823  -376.4741     6.5327
 34  -466.4866     0.5364   -90.3579     6.3105  -376.1209     6.3769
 35  -466.4458     0.5272   -90.5952     6.1459  -375.8427     6.2169
 36  -466.4758     0.5159   -91.2389     6.1099  -375.2290     6.1652
 37  -466.4327     0.5091   -91.7283     6.0226  -374.6965     6.0901
 38  -466.4229     0.4959   -92.1401     5.9195  -374.2749     5.9873
 39  -466.4432     0.4848   -92.2833     5.7728  -374.1520     5.8370
 40  -466.4429     0.4725   -92.2172     5.6282  -374.2178     5.6907
 41  -466.4265     0.4620   -91.8913     5.5278  -374.5273     5.5846
 42  -466.4158     0.4514   -91.6660     5.4133  -374.7420     5.4669
 43  -466.4158     0.4407   -91.7480     5.2885  -374.6599     5.3407
 44  -466.3327     0.4615   -91.9478     5.1823  -374.3771     5.2485
 45  -466.3084     0.4538   -92.5165     5.1920  -373.7840     5.2659
 46  -466.3249     0.4451   -92.5214     5.0779  -373.7957     5.1502
 47  -466.3414     0.4367   -92.0392     5.0614  -374.2943     5.1371
 48  -466.3311     0.4280   -91.3374     5.1498  -374.9859     5.2157
 49  -466.3563     0.4222   -91.3419     5.0436  -375.0066     5.1083
 50  -466.3604     0.4138   -91.4205     4.9442  -374.9321     5.0073
 
 
 group  inft  solvation free energy     error          difference
  total solvation free energy
   1      0        -97.72860           0.31797           0.02743
   1     60        -98.58936           0.31770          -0.83333
   1     80       -102.11055           0.31347          -4.35452
   1    100       -110.91043           0.31168         -13.15440
   2      0        -97.77140           0.32219          -0.01537
   3      0        -97.75603           0.32787           0.00000
   4      0        -97.74584           0.32653           0.01019
   5      0        -97.83152           0.32342          -0.07549
   5     60        -98.90750           0.32352          -1.15147
   5     80       -103.03001           0.31910          -5.27397
   5    100       -111.06446           0.31572         -13.30843
 
  contribution from  1-th solvent component
   1      0        -33.73226           1.92832           0.01530
   1     60        -33.76341           1.92830          -0.01584
   1     80        -33.90237           1.92838          -0.15481
   1    100        -34.31225           1.92840          -0.56469
   2      0        -33.73851           1.92511           0.00905
   3      0        -33.74756           1.92547           0.00000
   4      0        -33.75745           1.92543          -0.00989
   5      0        -33.76588           1.92544          -0.01832
   5     60        -33.80530           1.92543          -0.05774
   5     80        -33.97374           1.92555          -0.22617
   5    100        -34.35243           1.92565          -0.60487
 
  contribution from  2-th solvent component
   1      0        -63.98849           2.13849           0.01214
   1     60        -64.81811           2.13763          -0.81748
   1     80        -68.20034           2.13238          -4.19971
   1    100        -76.59034           2.12825         -12.58971
   2      0        -64.02504           2.13893          -0.02442
   3      0        -64.00063           2.14354           0.00000
   4      0        -63.98055           2.14115           0.02008
   5      0        -64.05780           2.14072          -0.05717
   5     60        -65.09436           2.13995          -1.09373
   5     80        -69.04843           2.13445          -5.04780
   5    100        -76.70418           2.12946         -12.70356
 
 
 group  inft   Estimated free energy: total (kcal/mol)
   1      0     -98.2270     -99.0938     -98.8286     -99.1298     -99.2256
                -98.4945     -98.4099     -98.2150     -97.2514     -97.5498
                -98.7965     -97.2966     -96.9037     -97.9875     -98.9426
                -99.3446     -99.3331     -99.6552     -96.9333     -95.5929
                -95.9955     -95.8427     -96.1716     -97.5755     -97.8091
                -97.3922     -98.1957     -98.4076     -98.4696     -98.3182
                -98.5603     -96.8703     -96.5900     -95.4513     -96.3940
                -96.8315     -96.2165     -96.7222     -97.7891     -98.2173
                -98.0183     -98.1890     -97.6980     -95.4744     -96.0871
                -98.4301     -98.7483     -98.2706     -98.3933     -98.0891
   1     60     -99.0900     -99.9570     -99.6886     -99.9843    -100.0895
                -99.3572     -99.2701     -99.0779     -98.1263     -98.4130
                -99.6580     -98.1577     -97.7673     -98.8529     -99.7963
               -100.1935    -100.1864    -100.5206     -97.7981     -96.4543
                -96.8614     -96.6994     -97.0332     -98.4459     -98.6727
                -98.2527     -99.0578     -99.2611     -99.3241     -99.1766
                -99.4196     -97.7289     -97.4529     -96.3117     -97.2468
                -97.6939     -97.0790     -97.5878     -98.6516     -99.0822
                -98.8806     -99.0516     -98.5610     -96.3282     -96.9500
                -99.2898     -99.6046     -99.1248     -99.2480     -98.9512
   1     80    -102.6073    -103.4808    -103.2013    -103.4855    -103.6052
               -102.8739    -102.7779    -102.5860    -101.6776    -101.9280
               -103.1698    -101.6655    -101.3271    -102.3787    -103.2843
               -103.6656    -103.6706    -104.0405    -101.3481    -100.0135
               -100.4205    -100.2649    -100.5623    -101.9800    -102.1930
               -101.7577    -102.5666    -102.7460    -102.8295    -102.6882
               -102.9323    -101.2346    -100.9715     -99.8541    -100.7782
               -101.2508    -100.6193    -101.1490    -102.1752    -102.5954
               -102.3946    -102.5612    -102.0844     -99.8509    -100.4926
               -102.8201    -103.1050    -102.6195    -102.7768    -102.4659
   1    100    -111.4039    -112.2920    -111.9826    -112.2670    -112.4133
               -111.6788    -111.5631    -111.3729    -110.5286    -110.7272
               -111.9756    -110.4581    -110.1628    -111.1996    -112.0622
               -112.4250    -112.4487    -112.8543    -110.1590    -108.8352
               -109.2580    -109.0862    -109.3635    -110.8035    -111.0032
               -110.5371    -111.3622    -111.5028    -111.6094    -111.4819
               -111.7290    -110.0223    -109.7394    -108.6407    -109.5849
               -110.0834    -109.4209    -109.9839    -110.9855    -111.3997
               -111.2077    -111.3639    -110.8891    -108.6220    -109.3050
               -111.6414    -111.8779    -111.3828    -111.5561    -111.2682
   2      0     -98.2896     -99.1978     -98.8439     -99.1564     -99.2875
                -98.5274     -98.4449     -98.2509     -97.3018     -97.5819
                -98.8521     -97.3983     -96.8960     -97.9691     -98.9921
                -99.3643     -99.3955     -99.7355     -96.9006     -95.6137
                -96.0558     -95.8691     -96.2083     -97.6130     -97.8634
                -97.4594     -98.3084     -98.4750     -98.5368     -98.3708
                -98.6493     -96.8627     -96.6115     -95.4674     -96.4127
                -96.8012     -96.2099     -96.8125     -97.8647     -98.2971
                -98.0750     -98.1911     -97.7381     -95.4766     -96.1092
                -98.3947     -98.8183     -98.3901     -98.4729     -98.1558
   3      0     -98.2744     -99.1689     -98.8149     -99.1230     -99.2329
                -98.5630     -98.4530     -98.2947     -97.3274     -97.5872
                -98.9217     -97.3568     -96.9162     -98.0084     -99.0351
                -99.4248     -99.3804     -99.7035     -96.8825     -95.5208
                -95.9923     -95.8787     -96.1582     -97.6325     -97.8672
                -97.4455     -98.3033     -98.5045     -98.5097     -98.3447
                -98.6681     -96.9013     -96.6098     -95.3336     -96.3777
                -96.7053     -96.1377     -96.7495     -97.8530     -98.3324
                -98.0779     -98.1907     -97.7483     -95.4490     -96.0035
                -98.4144     -98.8146     -98.3107     -98.3613     -98.1367
   4      0     -98.3152     -99.1930     -98.8133     -99.1393     -99.2898
                -98.4993     -98.4360     -98.2546     -97.2935     -97.5614
                -98.8468     -97.3620     -96.9004     -97.9345     -98.9861
                -99.3574     -99.3758     -99.7377     -96.8664     -95.4947
                -96.0371     -95.8743     -96.1461     -97.6362     -97.8165
                -97.4347     -98.2496     -98.4608     -98.4650     -98.3281
                -98.6251     -96.8509     -96.5834     -95.3815     -96.3668
                -96.6763     -96.1667     -96.8165     -97.8522     -98.2846
                -98.0695     -98.2017     -97.7405     -95.4273     -96.0143
                -98.3918     -98.8157     -98.3603     -98.4122     -98.1495
   5      0     -98.3376     -99.2342     -98.8939     -99.2422     -99.3218
                -98.6120     -98.4672     -98.3696     -97.4021     -97.6285
                -98.9473     -97.4389     -97.0237     -98.0489     -99.1138
                -99.4819     -99.4505     -99.7948     -96.9980     -95.6306
                -96.1363     -95.9611     -96.2373     -97.6357     -97.8768
                -97.5638     -98.3379     -98.5801     -98.6015     -98.4677
                -98.7311     -96.9817     -96.6957     -95.4594     -96.4363
                -96.8231     -96.2610     -96.9508     -97.8865     -98.3743
                -98.1286     -98.2713     -97.7805     -95.5389     -96.1109
                -98.4569     -98.8464     -98.3500     -98.4210     -98.2360
   5     60     -99.4174    -100.3152     -99.9708    -100.3146    -100.4017
                -99.6921     -99.5472     -99.4503     -98.4971     -98.7080
               -100.0282     -98.5169     -98.0997     -99.1267    -100.1833
               -100.5450    -100.5179    -100.8766     -98.0766     -96.7073
                -97.2198     -97.0383     -97.3113     -98.7242     -98.9595
                -98.6407     -99.4167     -99.6483     -99.6679     -99.5444
                -99.8080     -98.0551     -97.7603     -96.5301     -97.5064
                -97.8979     -97.3298     -98.0234     -98.9687     -99.4547
                -99.2083     -99.3510     -98.8565     -96.6067     -97.1853
                -99.5349     -99.9181     -99.4166     -99.4871     -99.3128
   5     80    -103.5301    -104.4424    -104.0798    -104.4141    -104.5170
               -103.8068    -103.6567    -103.5612    -102.6543    -102.8217
               -104.1439    -102.6263    -102.2567    -103.2616    -104.2726
               -104.6190    -104.6025    -104.9961    -102.2306    -100.8707
               -101.3823    -101.1997    -101.4441    -102.8621    -103.0852
               -102.7482    -103.5288    -103.7314    -103.7712    -103.6590
               -103.9228    -102.1633    -101.8701    -100.6638    -101.6427
               -102.0603    -101.4739    -102.1882    -103.0984    -103.5703
               -103.3237    -103.4609    -102.9793    -100.7332    -101.3417
               -103.6696    -104.0157    -103.5071    -103.6105    -103.4286
   5    100    -111.5522    -112.4825    -112.0882    -112.4232    -112.5554
               -111.8403    -111.6771    -111.5791    -110.7249    -110.8421
               -112.1786    -110.6465    -110.3471    -111.3263    -112.2797
               -112.6118    -112.6056    -113.0388    -110.2929    -108.9331
               -109.4611    -109.2675    -109.4858    -110.9131    -111.1185
               -110.7591    -111.5498    -111.7223    -111.7867    -111.6896
               -111.9515    -110.1846    -109.8973    -108.7072    -109.6875
               -110.1345    -109.5184    -110.2630    -111.1340    -111.6030
               -111.3572    -111.4854    -111.0244    -108.7526    -109.3936
               -111.7314    -112.0239    -111.5035    -111.6362    -111.4554
 
 group  inft   Estimated free energy: 1-th solvent contribution (kcal/mol)
   1      0     -37.3340     -32.4053     -34.8337     -27.5110     -35.7637
                -38.9189     -36.5954     -35.4766     -43.3754     -30.7653
                -31.6063     -30.4367     -37.4556     -33.5422     -20.4737
                -14.8450     -20.9507     -39.0047     -39.6588     -43.1921
                -39.9188     -45.4638     -38.9213     -43.9848     -33.6707
                -29.4958     -28.4542     -23.6150     -26.0958     -26.5902
                -26.4179     -34.5946     -35.0964     -35.9643     -36.2386
                -41.9040     -40.6478     -40.2891     -36.4454     -33.4303
                -29.2118     -30.4060     -35.5064     -36.9948     -43.8740
                -34.7579     -25.1682     -20.4064     -33.3980     -35.5058
   1     60     -37.3657     -32.4368     -34.8655     -27.5422     -35.7950
                -38.9508     -36.6268     -35.5079     -43.4074     -30.7968
                -31.6379     -30.4681     -37.4861     -33.5735     -20.5049
                -14.8764     -20.9820     -39.0362     -39.6895     -43.2227
                -39.9493     -45.4948     -38.9527     -44.0163     -33.7023
                -29.5270     -28.4854     -23.6465     -26.1264     -26.6209
                -26.4490     -34.6259     -35.1277     -35.9960     -36.2689
                -41.9347     -40.6782     -40.3196     -36.4765     -33.4615
                -29.2429     -30.4375     -35.5378     -37.0249     -43.9051
                -34.7888     -25.1989     -20.4375     -33.4289     -35.5364
   1     80     -37.5065     -32.5768     -35.0064     -27.6810     -35.9336
                -39.0920     -36.7663     -35.6464     -43.5487     -30.9363
                -31.7778     -30.6070     -37.6238     -33.7128     -20.6432
                -15.0160     -21.1209     -39.1756     -39.8276     -43.3611
                -40.0867     -45.6359     -39.0931     -44.1561     -33.8428
                -29.6657     -28.6239     -23.7863     -26.2634     -26.7579
                -26.5877     -34.7650     -35.2680     -36.1388     -36.4061
                -42.0731     -40.8153     -40.4574     -36.6152     -33.6000
                -29.3808     -30.5767     -35.6774     -37.1615     -44.0453
                -34.9268     -25.3354     -20.5758     -33.5681     -35.6729
   1    100     -37.9192     -32.9886     -35.4183     -28.0898     -36.3428
                -39.5049     -37.1761     -36.0545     -43.9613     -31.3478
                -32.1907     -31.0171     -38.0321     -34.1247     -21.0525
                -15.4274     -21.5321     -39.5870     -40.2363     -43.7700
                -40.4944     -46.0462     -39.5058     -44.5674     -34.2556
                -30.0753     -29.0337     -24.1972     -26.6709     -27.1651
                -26.9991     -35.1755     -35.6787     -36.5541     -36.8138
                -42.4825     -41.2214     -40.8667     -37.0242     -34.0094
                -29.7900     -30.9865     -36.0883     -37.5654     -44.4544
                -35.3346     -25.7414     -20.9845     -33.9771     -36.0797
   2      0     -37.3515     -32.4276     -34.8357     -27.5293     -35.7855
                -38.9365     -36.6243     -35.4925     -43.3885     -30.7837
                -31.6213     -30.4651     -37.4451     -33.5279     -20.4978
                -14.8496     -20.9703     -39.0416     -39.6341     -43.1582
                -39.9284     -45.4449     -38.9001     -43.9966     -33.6824
                -29.5215     -28.4827     -23.6225     -26.1140     -26.6112
                -26.4438     -34.5974     -35.0758     -35.9247     -36.2342
                -41.8831     -40.6132     -40.2485     -36.4754     -33.4480
                -29.2372     -30.4155     -35.5009     -36.9820     -43.8377
                -34.7695     -25.2038     -20.4396     -33.3929     -35.5321
   3      0     -37.3668     -32.4227     -34.8504     -27.5391     -35.7948
                -38.9502     -36.6299     -35.5076     -43.3926     -30.7846
                -31.6242     -30.4617     -37.4638     -33.5404     -20.5182
                -14.8582     -20.9852     -39.0508     -39.6574     -43.1693
                -39.9256     -45.4543     -38.8918     -44.0127     -33.6991
                -29.5100     -28.4940     -23.6298     -26.1199     -26.6137
                -26.4570     -34.6161     -35.0870     -35.9305     -36.2300
                -41.8889     -40.6302     -40.2814     -36.4776     -33.4601
                -29.2582     -30.4137     -35.5157     -37.0045     -43.8415
                -34.7897     -25.1974     -20.4394     -33.4082     -35.5320
   4      0     -37.3548     -32.4432     -34.8422     -27.5537     -35.8128
                -38.9497     -36.6358     -35.5163     -43.4098     -30.7975
                -31.6408     -30.4802     -37.4765     -33.5553     -20.5189
                -14.8509     -20.9949     -39.0575     -39.6550     -43.1682
                -39.9465     -45.4660     -38.9041     -44.0233     -33.6975
                -29.5277     -28.4912     -23.6454     -26.1206     -26.6294
                -26.4590     -34.6241     -35.1010     -35.9336     -36.2579
                -41.8965     -40.6269     -40.2880     -36.5016     -33.4639
                -29.2685     -30.4368     -35.5212     -37.0219     -43.8522
                -34.8036     -25.2194     -20.4602     -33.4283     -35.5427
   5      0     -37.3753     -32.4312     -34.8497     -27.5574     -35.8185
                -38.9543     -36.6330     -35.5205     -43.4018     -30.8074
                -31.6541     -30.4844     -37.4928     -33.5617     -20.5351
                -14.8521     -20.9991     -39.0630     -39.6698     -43.1914
                -39.9724     -45.4840     -38.9113     -44.0184     -33.7039
                -29.5459     -28.5170     -23.6443     -26.1417     -26.6612
                -26.4742     -34.6227     -35.1121     -35.9438     -36.2516
                -41.9139     -40.6563     -40.3106     -36.5017     -33.4608
                -29.2768     -30.4326     -35.5260     -37.0208     -43.8466
                -34.8079     -25.2321     -20.4652     -33.4270     -35.5587
   5     60     -37.4154     -32.4712     -34.8900     -27.5969     -35.8579
                -38.9945     -36.6729     -35.5601     -43.4423     -30.8471
                -31.6940     -30.5240     -37.5313     -33.6010     -20.5745
                -14.8921     -21.0387     -39.1027     -39.7088     -43.2304
                -40.0111     -45.5236     -38.9509     -44.0583     -33.7439
                -29.5854     -28.5565     -23.6842     -26.1805     -26.7002
                -26.5136     -34.6623     -35.1515     -35.9838     -36.2901
                -41.9528     -40.6948     -40.3492     -36.5411     -33.5003
                -29.3161     -30.4725     -35.5656     -37.0592     -43.8861
                -34.8470     -25.2709     -20.5044     -33.4660     -35.5973
   5     80     -37.5857     -32.6414     -35.0603     -27.7651     -36.0259
                -39.1652     -36.8419     -35.7277     -43.6136     -31.0154
                -31.8633     -30.6922     -37.6984     -33.7696     -20.7418
                -15.0614     -21.2069     -39.2713     -39.8767     -43.3987
                -40.1781     -45.6943     -39.1210     -44.2273     -33.9137
                -29.7533     -28.7244     -23.8536     -26.3470     -26.8666
                -26.6815     -34.8308     -35.3213     -36.1566     -36.4568
                -42.1215     -40.8620     -40.5170     -36.7088     -33.6677
                -29.4830     -30.6412     -35.7346     -37.2254     -44.0564
                -35.0143     -25.4364     -20.6720     -33.6348     -35.7625
   5    100     -37.9658     -33.0222     -35.4399     -28.1427     -36.4036
                -39.5457     -37.2204     -36.1043     -43.9943     -31.3939
                -32.2435     -31.0707     -38.0776     -34.1498     -21.1195
                -15.4416     -21.5862     -39.6509     -40.2555     -43.7771
                -40.5562     -46.0752     -39.5021     -44.6063     -34.2937
                -30.1305     -29.1023     -24.2329     -26.7243     -27.2430
                -27.0609     -35.2095     -35.7014     -36.5409     -36.8339
                -42.5005     -41.2395     -40.8962     -37.0857     -34.0450
                -29.8608     -31.0195     -36.1145     -37.6007     -44.4358
                -35.3921     -25.8117     -21.0499     -34.0137     -36.1377
 
 group  inft   Estimated free energy: 2-th solvent contribution (kcal/mol)
   1      0     -60.8852     -66.6807     -63.9871     -71.6110     -63.4540
                -59.5678     -61.8067     -62.7305     -53.8681     -66.7766
                -67.1823     -66.8520     -59.4403     -64.4375     -78.4611
                -84.4917     -78.3746     -60.6426     -57.2666     -52.3930
                -56.0689     -50.3710     -57.2424     -53.5829     -64.1306
                -67.8886     -69.7337     -74.7847     -72.3660     -71.7202
                -72.1346     -62.2678     -61.4858     -59.4792     -60.1475
                -54.9196     -55.5608     -56.4253     -61.3359     -64.7791
                -68.7987     -67.7752     -62.1838     -58.4717     -52.2053
                -63.6644     -73.5723     -77.8563     -64.9874     -62.5754
   1     60     -61.7165     -67.5123     -64.8152     -72.4342     -64.2867
                -60.3986     -62.6355     -63.5622     -54.7111     -67.6084
                -68.0122     -67.6817     -60.2733     -65.2716     -79.2836
                -85.3092     -79.1965     -61.4766     -58.1007     -53.2237
                -56.9043     -51.1967     -58.0727     -54.4217     -64.9626
                -68.7178     -70.5646     -75.6067     -73.1899     -72.5478
                -72.9627     -63.0951     -62.3173     -60.3079     -60.9701
                -55.7513     -56.3930     -57.2603     -62.1672     -65.6128
                -69.6299     -68.6063     -63.0153     -59.2955     -53.0370
                -64.4932     -74.3979     -78.6795     -65.8113     -63.4069
   1     80     -65.0930     -70.8962     -68.1871     -75.7967     -67.6638
                -63.7740     -66.0038     -66.9318     -58.1211     -70.9839
                -71.3842     -71.0507     -63.6954     -68.6580     -82.6333
                -88.6417     -82.5419     -64.8571     -61.5126     -56.6445
                -60.3260     -54.6212     -61.4614     -57.8161     -68.3424
                -72.0842     -73.9349     -78.9518     -76.5583     -75.9224
                -76.3367     -66.4618     -65.6957     -63.7075     -64.3643
                -59.1698     -59.7961     -60.6837     -65.5522     -68.9876
                -73.0060     -71.9767     -66.3992     -62.6816     -56.4395
                -67.8854     -77.7617     -82.0359     -69.2009     -66.7852
   1    100     -73.4768     -79.2956     -76.5564     -84.1694     -76.0627
                -72.1660     -74.3792     -75.3106     -66.5595     -79.3715
                -79.7771     -79.4331     -72.1228     -77.0671     -91.0019
                -96.9898     -90.9087     -73.2594     -69.9148     -65.0574
                -68.7558     -63.0322     -69.8498     -66.2283     -76.7397
                -80.4539     -82.3207     -87.2977     -84.9307     -84.3090
                -84.7220     -74.8390     -74.0528     -72.0787     -72.7632
                -67.5930     -68.1917     -69.1093     -73.9534     -77.3824
                -81.4099     -80.3695     -74.7930     -71.0487     -64.8427
                -76.2989     -86.1286     -90.3905     -77.5711     -75.1807
   2      0     -60.9303     -66.7623     -64.0004     -71.6192     -63.4941
                -59.5831     -61.8127     -62.7506     -53.9054     -66.7904
                -67.2230     -66.9253     -59.4430     -64.4334     -78.4864
                -84.5069     -78.4173     -60.6861     -57.2587     -52.4476
                -56.1196     -50.4163     -57.3004     -53.6086     -64.1731
                -67.9301     -69.8178     -74.8447     -72.4150     -71.7517
                -72.1976     -62.2574     -61.5279     -59.5349     -60.1706
                -54.9103     -55.5889     -56.5562     -61.3814     -64.8413
                -68.8300     -67.7677     -62.2293     -58.4868     -52.2637
                -63.6173     -73.6067     -77.9427     -65.0722     -62.6158
   3      0     -60.8998     -66.7383     -63.9566     -71.5760     -63.4302
                -59.6049     -61.8153     -62.7793     -53.9269     -66.7948
                -67.2896     -66.8872     -59.4445     -64.4601     -78.5091
                -84.5587     -78.3874     -60.6449     -57.2173     -52.3436
                -56.0588     -50.4165     -57.2586     -53.6120     -64.1603
                -67.9276     -69.8015     -74.8669     -72.3820     -71.7231
                -72.2032     -62.2773     -61.5149     -59.3953     -60.1398
                -54.8086     -55.4997     -56.4603     -61.3676     -64.8645
                -68.8118     -67.7691     -62.2247     -58.4366     -52.1541
                -63.6169     -73.6094     -77.8634     -64.9453     -62.5968
   4      0     -60.9526     -66.7419     -63.9633     -71.5778     -63.4692
                -59.5417     -61.7924     -62.7304     -53.8759     -66.7561
                -67.1982     -66.8740     -59.4161     -64.3713     -78.4593
                -84.4986     -78.3731     -60.6724     -57.2036     -52.3186
                -56.0827     -50.4005     -57.2341     -53.6050     -64.1112
                -67.8992     -69.7505     -74.8076     -72.3366     -71.6908
                -72.1583     -62.2189     -61.4746     -59.4400     -60.1010
                -54.7720     -55.5319     -56.5206     -61.3428     -64.8129
                -68.7931     -67.7571     -62.2114     -58.3976     -52.1542
                -63.5803     -73.5885     -77.8923     -64.9761     -62.5989
   5      0     -60.9545     -66.7951     -64.0364     -71.6770     -63.4955
                -59.6499     -61.8264     -62.8412     -53.9925     -66.8133
                -67.2853     -66.9466     -59.5231     -64.4794     -78.5708
                -84.6219     -78.4436     -60.7239     -57.3204     -52.4313
                -56.1561     -50.4692     -57.3182     -53.6095     -64.1651
                -68.0101     -69.8130     -74.9280     -72.4519     -71.7986
                -72.2490     -62.3511     -61.5758     -59.5078     -60.1768
                -54.9014     -55.5968     -56.6323     -61.3769     -64.9056
                -68.8439     -67.8308     -62.2467     -58.5102     -52.2565
                -63.6411     -73.6064     -77.8769     -64.9861     -62.6695
   5     60     -61.9941     -67.8361     -65.0730     -72.7099     -64.5359
                -60.6897     -62.8665     -63.8824     -55.0470     -67.8531
                -68.3264     -67.9850     -60.5605     -65.5178     -79.6009
                -85.6451     -79.4714     -61.7661     -58.3600     -53.4691
                -57.2008     -51.5069     -58.3526     -54.6581     -65.2077
                -69.0475     -70.8524     -75.9563     -73.4796     -72.8364
                -73.2865     -63.3850     -62.6010     -60.5384     -61.2084
                -55.9372     -56.6272     -57.6663     -62.4197     -65.9466
                -69.8843     -68.8706     -63.2831     -59.5396     -53.2914
                -64.6800     -74.6394     -78.9043     -66.0132     -63.7076
   5     80     -65.9366     -71.7931     -69.0116     -76.6412     -68.4833
                -64.6337     -66.8070     -67.8257     -59.0329     -71.7984
                -72.2727     -71.9262     -64.5504     -69.4841     -83.5229
                -89.5497     -83.3878     -65.7169     -62.3461     -57.4641
                -61.1964     -55.4976     -62.3152     -58.6270     -69.1636
                -72.9870     -74.7966     -79.8699     -77.4164     -76.7845
                -77.2335     -67.3246     -66.5410     -64.4993     -65.1780
                -59.9309     -60.6040     -61.6633     -66.3818     -69.8948
                -73.8329     -72.8118     -67.2369     -63.5000     -57.2774
                -68.6475     -78.5715     -82.8273     -69.9679     -67.6583
   5    100     -73.5786     -79.4525     -76.6405     -84.2726     -76.1439
                -72.2867     -74.4489     -75.4670     -66.7227     -79.4404
                -79.9272     -79.5679     -72.2617     -77.1687     -91.1523
                -97.1624     -91.0115     -73.3800     -70.0295     -65.1481
                -68.8970     -63.1845     -69.9759     -66.2989     -76.8170
                -80.6207     -82.4396     -87.4815     -85.0545     -84.4388
                -84.8827     -74.9672     -74.1880     -72.1585     -72.8457
                -67.6261     -68.2711     -69.3589     -74.0405     -77.5501
                -81.4886     -80.4580     -74.9021     -71.1440     -64.9500
                -76.3314     -86.2044     -90.4457     -77.6147     -75.3099
 
 
 cumulative average & 95% error for solvation free energy
              total             1st component         2nd component
  1   -98.2744              -37.3668              -60.8998
  2   -98.7217     0.8945   -34.8948     4.9441   -63.8191     5.8386
  3   -98.7527     0.5202   -34.8800     2.8546   -63.8649     3.3722
  4   -98.8453     0.4118   -33.0448     4.1889   -65.7927     4.5333
  5   -98.9228     0.3546   -33.5948     3.4261   -65.3202     3.6364
  6   -98.8628     0.3134   -34.4873     3.3184   -64.3677     3.5278
  7   -98.8043     0.2896   -34.7934     2.8706   -64.0030     3.0694
  8   -98.7406     0.2813   -34.8827     2.4924   -63.8501     2.6757
  9   -98.5836     0.4002   -35.8282     2.8996   -62.7475     3.2297
 10   -98.4839     0.4097   -35.3239     2.7828   -63.1522     3.0000
 11   -98.5237     0.3790   -34.9875     2.6055   -63.5284     2.8160
 12   -98.4265     0.3969   -34.6104     2.4952   -63.8083     2.6309
 13   -98.3103     0.4328   -34.8299     2.3368   -63.4726     2.5114
 14   -98.2887     0.4030   -34.7378     2.1713   -63.5431     2.3294
 15   -98.3385     0.3881   -33.7898     2.7714   -64.5409     2.9470
 16   -98.4064     0.3876   -32.6066     3.5101   -65.7920     3.7229
 17   -98.4637     0.3817   -31.9230     3.5694   -66.5329     3.7981
 18   -98.5326     0.3854   -32.3190     3.4572   -66.2058     3.6401
 19   -98.4457     0.4038   -32.7052     3.3602   -65.7327     3.5708
 20   -98.2995     0.4820   -33.2284     3.3551   -65.0632     3.6426
 21   -98.1896     0.5084   -33.5473     3.2544   -64.6345     3.5693
 22   -98.0846     0.5283   -34.0885     3.2864   -63.9882     3.6404
 23   -98.0008     0.5319   -34.2974     3.1679   -63.6956     3.5274
 24   -97.9855     0.5101   -34.7022     3.1392   -63.2754     3.4802
 25   -97.9807     0.4894   -34.6621     3.0121   -63.3108     3.3389
 26   -97.9602     0.4720   -34.4639     2.9209   -63.4884     3.2275
 27   -97.9729     0.4549   -34.2428     2.8453   -63.7222     3.1406
 28   -97.9918     0.4400   -33.8638     2.8446   -64.1202     3.1293
 29   -98.0097     0.4260   -33.5967     2.7963   -64.4051     3.0728
 30   -98.0209     0.4122   -33.3640     2.7413   -64.6491     3.0084
 31   -98.0417     0.4009   -33.1412     2.6885   -64.8927     2.9503
 32   -98.0061     0.3946   -33.1873     2.6048   -64.8110     2.8613
 33   -97.9638     0.3917   -33.2448     2.5273   -64.7111     2.7804
 34   -97.8864     0.4103   -33.3238     2.4569   -64.5548     2.7155
 35   -97.8433     0.4076   -33.4068     2.3914   -64.4286     2.6488
 36   -97.8117     0.4012   -33.6425     2.3713   -64.1614     2.6290
 37   -97.7665     0.4005   -33.8313     2.3371   -63.9273     2.5995
 38   -97.7397     0.3935   -34.0011     2.2999   -63.7308     2.5605
 39   -97.7426     0.3833   -34.0646     2.2438   -63.6702     2.4969
 40   -97.7574     0.3748   -34.0494     2.1872   -63.7001     2.4344
 41   -97.7652     0.3659   -33.9326     2.1459   -63.8248     2.3874
 42   -97.7753     0.3576   -33.8488     2.1009   -63.9187     2.3374
 43   -97.7747     0.3492   -33.8876     2.0529   -63.8793     2.2838
 44   -97.7218     0.3572   -33.9584     2.0107   -63.7556     2.2449
 45   -97.6836     0.3574   -34.1780     2.0140   -63.4978     2.2542
 46   -97.6995     0.3510   -34.1913     1.9699   -63.5004     2.2047
 47   -97.7233     0.3467   -34.0000     1.9652   -63.7154     2.1997
 48   -97.7355     0.3403   -33.7175     2.0051   -64.0102     2.2327
 49   -97.7483     0.3343   -33.7111     1.9638   -64.0293     2.1870
 50   -97.7560     0.3279   -33.7476     1.9255   -64.0006     2.1435
 
 Mesh error is    0.075 kcal/mol
