 ERmod 0.3.8, Copyright (C) 2000-2019 Nobuyuki Matubayasi
                            2010-2019 Shun Sakuraba
 ERmod comes with ABSOLUTELY NO WARRANTY.
 This is free software, and you can redistribute it
 and/or modify it under certain conditions.
 See LICENSE file for details.
 
  Number of the   1-th solvent  =         1472
  Number of the   2-th solvent  =        10000
 
  Be sure that the solvent distribution is homogeneous (radial distribution function is essentially unity) when the solvent molecule is separated beyond distance of   10.0 Angstrom in any direction from any atom within the solute molecule
 
  LJ long-range correction    =        -3.5283     -5.7260
 
  Self-energy of the solute   =        -0.0064  kcal/mol
 
 
 cumulative average & 95% error for solvation energy
              total             1st component         2nd component
  1  -458.7385             -173.8233             -284.9088
  2  -456.8751     3.7268  -170.3923     6.8620  -286.4764     3.1352
  3  -457.3215     2.3296  -163.9862    13.4107  -293.3289    13.8240
  4  -456.5576     2.2468  -164.3261     9.5072  -292.2251    10.0213
  5  -456.8679     1.8477  -160.1116    11.1930  -296.7500    11.9229
  6  -456.7884     1.5170  -158.5085     9.6851  -298.2735    10.2007
  7  -456.3500     1.5532  -156.4997     9.1182  -299.8439     9.1755
  8  -456.0980     1.4364  -155.2639     8.2743  -300.8277     8.1862
  9  -456.0086     1.2794  -153.1677     8.4159  -302.8345     8.2602
 10  -456.0132     1.1444  -151.5855     8.1655  -304.4213     8.0409
 11  -455.9243     1.0503  -149.5391     8.4442  -306.3789     8.2601
 12  -456.1335     1.0460  -148.2461     8.1306  -307.8810     8.1168
 13  -456.1184     0.9627  -149.0228     7.6387  -307.0893     7.6325
 14  -456.2620     0.9364  -149.3158     7.0963  -306.9399     7.0726
 15  -456.4268     0.9319  -149.4152     6.6093  -307.0052     6.5855
 16  -456.5123     0.8884  -148.4232     6.4930  -308.0828     6.5263
 17  -456.4259     0.8522  -150.0780     6.9392  -306.3415     7.0505
 18  -456.3419     0.8209  -152.1372     7.7307  -304.1983     7.9095
 19  -456.3162     0.7782  -152.2489     7.3159  -304.0609     7.4867
 20  -456.3173     0.7382  -151.2930     7.1989  -305.0179     7.3559
 21  -456.1689     0.7624  -150.6646     6.9619  -305.4979     7.0624
 22  -455.8969     0.9079  -150.3730     6.6635  -305.5175     6.7338
 23  -455.9368     0.8712  -149.5381     6.5825  -306.3923     6.6680
 24  -456.0006     0.8438  -148.5650     6.5960  -307.4293     6.7125
 25  -456.0104     0.8096  -147.7936     6.5120  -308.2104     6.6253
 26  -456.0583     0.7837  -146.4035     6.8465  -309.6484     6.9850
 27  -456.2795     0.8743  -145.5678     6.7967  -310.7053     7.0458
 28  -456.4089     0.8814  -145.3056     6.5704  -311.0970     6.8346
 29  -456.4052     0.8505  -145.5959     6.3664  -310.8030     6.6208
 30  -456.3679     0.8250  -145.5619     6.1509  -310.7996     6.3963
 31  -456.4936     0.8367  -145.1113     6.0170  -311.3760     6.2930
 32  -456.5027     0.8103  -145.3579     5.8468  -311.1385     6.1117
 33  -456.5116     0.7856  -146.2891     5.9650  -310.2161     6.2042
 34  -456.6463     0.8083  -146.5319     5.8073  -310.1080     6.0228
 35  -456.7597     0.8170  -146.8583     5.6766  -309.8951     5.8637
 36  -456.7132     0.7994  -147.0187     5.5260  -309.6881     5.7135
 37  -456.7029     0.7778  -148.9694     6.6414  -307.7271     6.8016
 38  -456.7538     0.7638  -149.4723     6.5420  -307.2751     6.6816
 39  -456.8527     0.7699  -149.3058     6.3807  -307.5405     6.5297
 40  -456.9102     0.7591  -149.1145     6.2309  -307.7894     6.3838
 41  -456.9541     0.7456  -149.3349     6.0930  -307.6129     6.2361
 42  -456.9614     0.7277  -149.1104     5.9631  -307.8447     6.1034
 43  -457.0052     0.7160  -149.0003     5.8269  -307.9986     5.9678
 44  -457.0257     0.7007  -149.1835     5.7048  -307.8359     5.8396
 45  -457.0385     0.6855  -149.1504     5.5769  -307.8817     5.7091
 46  -457.0779     0.6750  -148.9674     5.4666  -308.1041     5.6013
 47  -457.0301     0.6674  -149.1759     5.3653  -307.8479     5.5048
 48  -457.0097     0.6546  -149.0678     5.2567  -307.9355     5.3917
 49  -457.0010     0.6413  -149.1765     5.1529  -307.8181     5.2857
 50  -457.0822     0.6490  -149.1275     5.0498  -307.9483     5.1855
 
 
 group  inft  solvation free energy     error          difference
  total solvation free energy
   1      0       -105.37811           0.27803           0.08282
   1     60       -107.08481           0.27676          -1.62388
   1     80       -111.64476           0.27583          -6.18383
   1    100       -119.57512           0.27541         -14.11419
   2      0       -105.44169           0.27615           0.01924
   3      0       -105.46093           0.27737           0.00000
   4      0       -105.42585           0.27596           0.03508
   5      0       -105.49790           0.27708          -0.03697
   5     60       -107.56876           0.27561          -2.10783
   5     80       -112.59949           0.27473          -7.13856
   5    100       -119.73475           0.27473         -14.27382
 
  contribution from  1-th solvent component
   1      0        -50.96475           2.06515           0.04056
   1     60        -51.22507           2.06534          -0.21976
   1     80        -51.92713           2.06561          -0.92182
   1    100        -53.23153           2.06567          -2.22622
   2      0        -50.99854           2.06467           0.00677
   3      0        -51.00531           2.06500           0.00000
   4      0        -51.01301           2.06403          -0.00770
   5      0        -51.02571           2.06436          -0.02039
   5     60        -51.34141           2.06453          -0.33610
   5     80        -52.12191           2.06484          -1.11659
   5    100        -53.30153           2.06491          -2.29622
 
  contribution from  2-th solvent component
   1      0        -54.40699           2.21416           0.04226
   1     60        -55.85337           2.21272          -1.40412
   1     80        -59.71126           2.21049          -5.26202
   1    100        -66.33722           2.20828         -11.88798
   2      0        -54.43677           2.21364           0.01247
   3      0        -54.44924           2.21603           0.00000
   4      0        -54.40647           2.21228           0.04278
   5      0        -54.46582           2.21241          -0.01658
   5     60        -56.22098           2.21098          -1.77174
   5     80        -60.47122           2.20852          -6.02197
   5    100        -66.42685           2.20637         -11.97760
 
 
 group  inft   Estimated free energy: total (kcal/mol)
   1      0    -105.3130    -104.3730    -106.2506    -104.0236    -106.2253
               -105.0129    -104.1735    -104.3131    -104.5882    -105.6550
               -105.1494    -106.0072    -105.3711    -105.4014    -106.3594
               -106.0069    -103.5655    -103.1937    -104.8951    -105.5777
               -104.4959    -103.3944    -105.9617    -105.5719    -105.4162
               -105.7882    -107.8084    -106.5118    -105.0871    -104.8016
               -106.7399    -104.9828    -104.6192    -106.7232    -106.6817
               -104.6827    -103.4746    -105.8534    -106.5508    -106.1390
               -105.7884    -105.4490    -105.6829    -105.2209    -105.1732
               -105.8607    -104.8993    -105.2195    -105.6770    -107.1946
   1     60    -107.0244    -106.0887    -107.9581    -105.7373    -107.9408
               -106.7280    -105.8828    -106.0233    -106.2972    -107.3651
               -106.8558    -107.7127    -107.0808    -107.1081    -108.0724
               -107.7085    -105.2772    -104.9201    -106.6014    -107.2769
               -106.2052    -105.1067    -107.6625    -107.2685    -107.1128
               -107.4823    -109.5010    -108.2097    -106.7962    -106.4939
               -108.4424    -106.6950    -106.3307    -108.4265    -108.3902
               -106.3812    -105.2015    -107.5709    -108.2395    -107.8375
               -107.4971    -107.1461    -107.3787    -106.9291    -106.8839
               -107.5714    -106.6154    -106.9271    -107.3797    -108.8981
   1     80    -111.6013    -110.6452    -112.5182    -110.2910    -112.5105
               -111.2973    -110.4335    -110.5746    -110.8626    -111.9318
               -111.3978    -112.2621    -111.6369    -111.6793    -112.6471
               -112.2740    -109.8486    -109.5148    -111.1558    -111.8245
               -110.7567    -109.6633    -112.1983    -111.8241    -111.6674
               -112.0267    -114.0517    -112.7712    -111.3618    -111.0254
               -112.9996    -111.2574    -110.8916    -112.9801    -112.9723
               -110.9384    -109.8043    -112.1346    -112.7720    -112.3986
               -112.0739    -111.6967    -111.9403    -111.5061    -111.4512
               -112.1336    -111.1807    -111.4793    -111.9198    -113.4538
   1    100    -119.5316    -118.5722    -120.4428    -118.2047    -120.4663
               -119.2558    -118.3545    -118.4931    -118.7891    -119.8915
               -119.3133    -120.1809    -119.5874    -119.6205    -120.5880
               -120.2125    -117.7864    -117.4877    -119.0807    -119.7496
               -118.6811    -117.5921    -120.1131    -119.7307    -119.5900
               -119.9345    -121.9785    -120.7023    -119.2962    -118.9230
               -120.9423    -119.1893    -118.8006    -120.9010    -120.9348
               -118.8601    -117.7792    -120.0643    -120.6675    -120.3263
               -120.0243    -119.6305    -119.8324    -119.4549    -119.3741
               -120.0708    -119.1190    -119.4116    -119.8347    -121.3881
   2      0    -105.3855    -104.4546    -106.2585    -104.0684    -106.2821
               -105.0895    -104.2682    -104.3932    -104.7130    -105.7035
               -105.2175    -106.0836    -105.4165    -105.4974    -106.4015
               -106.0997    -103.6336    -103.2670    -104.9754    -105.6301
               -104.5865    -103.4880    -106.0403    -105.6350    -105.4307
               -105.8062    -107.8826    -106.6018    -105.1568    -104.8736
               -106.8349    -105.0247    -104.6524    -106.8010    -106.6843
               -104.7552    -103.5401    -105.9252    -106.6275    -106.1872
               -105.8270    -105.5060    -105.7122    -105.2935    -105.2264
               -105.8941    -104.9935    -105.2985    -105.7294    -107.2308
   3      0    -105.3884    -104.4830    -106.2814    -104.1240    -106.3199
               -105.1370    -104.2872    -104.4521    -104.7238    -105.7664
               -105.2376    -106.0818    -105.4293    -105.4998    -106.4487
               -106.1214    -103.6353    -103.2473    -105.0023    -105.6637
               -104.6235    -103.4762    -106.0506    -105.6605    -105.4430
               -105.8325    -107.8967    -106.6166    -105.1925    -104.8761
               -106.8643    -105.0170    -104.6415    -106.8032    -106.6970
               -104.7350    -103.5345    -105.9076    -106.6601    -106.2530
               -105.8280    -105.5223    -105.7267    -105.3375    -105.2507
               -105.9619    -105.0414    -105.2834    -105.7429    -107.2396
   4      0    -105.3242    -104.4516    -106.2622    -104.0383    -106.2625
               -105.0763    -104.2344    -104.3863    -104.6785    -105.6774
               -105.1807    -106.0486    -105.4143    -105.4562    -106.3926
               -106.0349    -103.6755    -103.2541    -104.9318    -105.6414
               -104.5915    -103.4481    -106.0226    -105.6093    -105.3972
               -105.7946    -107.8668    -106.5636    -105.1442    -104.8242
               -106.8421    -104.9946    -104.6530    -106.7862    -106.6469
               -104.7722    -103.5339    -105.8905    -106.6242    -106.2067
               -105.8052    -105.5032    -105.6575    -105.3314    -105.2157
               -105.9193    -104.9891    -105.2894    -105.7128    -107.2350
   5      0    -105.4658    -104.5345    -106.2918    -104.1764    -106.3441
               -105.1557    -104.2472    -104.4361    -104.7526    -105.7257
               -105.2489    -106.0613    -105.4577    -105.5404    -106.4565
               -106.1474    -103.7039    -103.3174    -104.9707    -105.6761
               -104.6597    -103.5332    -106.0987    -105.6677    -105.5313
               -105.8470    -107.9272    -106.6822    -105.2000    -104.9256
               -106.9111    -105.0943    -104.7280    -106.8423    -106.7531
               -104.8015    -103.5904    -105.9764    -106.7393    -106.2789
               -105.8928    -105.5702    -105.7761    -105.3729    -105.2681
               -105.9802    -105.0653    -105.3535    -105.8016    -107.3156
   5     60    -107.5409    -106.6152    -108.3601    -106.2518    -108.4250
               -107.2386    -106.3223    -106.5124    -106.8311    -107.8022
               -107.3202    -108.1305    -107.5321    -107.6140    -108.5334
               -108.2134    -105.7792    -105.4101    -107.0366    -107.7369
               -106.7341    -105.6119    -108.1623    -107.7293    -107.5933
               -107.9042    -109.9838    -108.7471    -107.2744    -106.9841
               -108.9740    -107.1602    -106.8005    -108.9067    -108.8272
               -106.8674    -105.6831    -108.0497    -108.7892    -108.3428
               -107.9666    -107.6336    -107.8417    -107.4480    -107.3389
               -108.0523    -107.1497    -107.4277    -107.8673    -109.3807
   5     80    -112.5840    -111.6410    -113.3932    -111.2836    -113.4600
               -112.2776    -111.3385    -111.5295    -111.8636    -112.8344
               -112.3293    -113.1598    -112.5749    -112.6556    -113.5864
               -113.2432    -110.8267    -110.4855    -112.0701    -112.7476
               -111.7526    -110.6336    -113.1622    -112.7509    -112.6179
               -112.9227    -115.0034    -113.7818    -112.3043    -111.9898
               -114.0102    -112.1861    -111.8353    -113.9309    -113.8813
               -111.8966    -110.7539    -113.0832    -113.7916    -113.3763
               -113.0101    -112.6620    -112.8714    -112.4978    -112.3789
               -113.0837    -112.1822    -112.4489    -112.8788    -114.4117
   5    100    -119.7281    -118.7683    -120.5240    -118.4092    -120.6072
               -119.4259    -118.4557    -118.6463    -118.9961    -119.9858
               -119.4382    -120.2923    -119.7336    -119.7955    -120.7419
               -120.3826    -117.9714    -117.6494    -119.2037    -119.8778
               -118.8732    -117.7601    -120.2722    -119.8695    -119.7428
               -120.0434    -122.1396    -120.9229    -119.4397    -119.0997
               -121.1591    -119.3141    -118.9646    -121.0546    -121.0464
               -119.0340    -117.9336    -120.2156    -120.8983    -120.5200
               -120.1565    -119.8077    -119.9917    -119.6570    -119.5101
               -120.2238    -119.3214    -119.5779    -120.0057    -121.5493
 
 group  inft   Estimated free energy: 1-th solvent contribution (kcal/mol)
   1      0     -60.8325     -58.0534     -51.7740     -56.9152     -48.1125
                -51.4214     -48.5287     -49.8792     -45.3271     -46.3495
                -41.9201     -44.5730     -55.2220     -52.6754     -51.8018
                -45.0295     -62.2988     -65.8010     -53.1373     -44.7616
                -46.0676     -48.5156     -43.4878     -41.2581     -42.6774
                -35.5457     -41.1371     -46.4866     -52.7530     -49.4568
                -44.1418     -52.7237     -61.8023     -53.5236     -55.2316
                -52.7718     -79.8238     -58.9723     -49.1545     -48.4469
                -55.0574     -47.7207     -48.9508     -54.1354     -49.9077
                -47.2095     -54.3507     -48.9334     -53.3206     -50.2593
   1     60     -61.0942     -58.3154     -52.0343     -57.1764     -48.3738
                -51.6824     -48.7899     -50.1404     -45.5871     -46.6089
                -42.1805     -44.8323     -55.4824     -52.9356     -52.0640
                -45.2888     -62.5609     -66.0639     -53.3974     -45.0215
                -46.3277     -48.7765     -43.7469     -41.5186     -42.9371
                -35.8049     -41.3958     -46.7465     -53.0133     -49.7138
                -44.4026     -52.9843     -62.0638     -53.7829     -55.4907
                -53.0318     -80.0861     -59.2325     -49.4135     -48.7051
                -55.3172     -47.9791     -49.2096     -54.3964     -50.1682
                -47.4700     -54.6124     -49.1938     -53.5812     -50.5211
   1     80     -61.8004     -59.0177     -52.7363     -57.8771     -49.0763
                -52.3850     -49.4917     -50.8422     -46.2885     -47.3082
                -42.8802     -45.5313     -56.1830     -53.6389     -52.7708
                -45.9909     -63.2672     -66.7704     -54.0983     -45.7230
                -47.0266     -49.4769     -44.4444     -42.2237     -43.6401
                -36.5064     -42.0974     -47.4507     -53.7155     -50.4088
                -45.1072     -53.6858     -62.7671     -54.4829     -56.1923
                -53.7355     -80.7922     -59.9319     -50.1147     -49.4053
                -56.0198     -48.6785     -49.9122     -55.1019     -50.8706
                -48.1718     -55.3151     -49.8948     -54.2822     -51.2270
   1    100     -63.1045     -60.3206     -54.0408     -59.1753     -50.3811
                -53.6912     -50.7930     -52.1444     -47.5900     -48.6137
                -44.1808     -46.8351     -57.4901     -54.9454     -54.0831
                -47.2984     -64.5735     -68.0805     -55.4006     -47.0273
                -48.3264     -50.7765     -45.7418     -43.5290     -44.9468
                -37.8122     -43.4038     -48.7576     -55.0202     -51.7063
                -46.4191     -54.9890     -64.0655     -55.7840     -57.4991
                -55.0419     -82.0985     -61.2334     -51.4171     -50.7097
                -57.3264     -49.9831     -51.2130     -56.4103     -52.1756
                -49.4792     -56.6203     -51.1993     -55.5855     -52.5360
   2      0     -60.8516     -58.0872     -51.7876     -56.9525     -48.1514
                -51.4478     -48.5766     -49.9095     -45.3842     -46.3838
                -41.9596     -44.6172     -55.2407     -52.7055     -51.8205
                -45.0772     -62.3169     -65.8244     -53.1848     -44.7887
                -46.1074     -48.5683     -43.5230     -41.2740     -42.7017
                -35.5743     -41.1720     -46.5309     -52.7757     -49.4978
                -44.1972     -52.7526     -61.8308     -53.5591     -55.2670
                -52.7919     -79.8659     -59.0049     -49.1788     -48.4815
                -55.0903     -47.7520     -48.9836     -54.1788     -49.9406
                -47.2361     -54.3984     -48.9790     -53.3503     -50.2956
   3      0     -60.8437     -58.1121     -51.8010     -56.9784     -48.1613
                -51.4694     -48.5781     -49.9205     -45.3894     -46.4061
                -41.9688     -44.6260     -55.2521     -52.7141     -51.8252
                -45.0913     -62.3493     -65.8269     -53.1961     -44.7961
                -46.1204     -48.5635     -43.5434     -41.2837     -42.6966
                -35.5712     -41.1763     -46.5269     -52.7980     -49.4861
                -44.1777     -52.7466     -61.8209     -53.5650     -55.2658
                -52.7912     -79.8796     -59.0025     -49.1998     -48.5186
                -55.0868     -47.7636     -48.9811     -54.1824     -49.9375
                -47.2411     -54.4017     -48.9727     -53.3640     -50.2954
   4      0     -60.8342     -58.1280     -51.8073     -56.9779     -48.1758
                -51.4756     -48.5935     -49.9271     -45.4117     -46.3863
                -41.9859     -44.6392     -55.2529     -52.7172     -51.8148
                -45.0856     -62.3462     -65.8455     -53.1918     -44.8069
                -46.1348     -48.5820     -43.5623     -41.2909     -42.7171
                -35.5943     -41.1761     -46.5488     -52.7825     -49.5016
                -44.1964     -52.7470     -61.8302     -53.5616     -55.2544
                -52.8193     -79.8740     -59.0059     -49.1878     -48.5071
                -55.0953     -47.7757     -48.9942     -54.2177     -49.9506
                -47.2624     -54.4290     -48.9865     -53.3542     -50.3072
   5      0     -60.8689     -58.1296     -51.8009     -57.0005     -48.1874
                -51.4978     -48.6010     -49.9171     -45.4287     -46.3932
                -41.9961     -44.6367     -55.2502     -52.7279     -51.8310
                -45.1015     -62.3427     -65.8609     -53.2074     -44.8138
                -46.1722     -48.5878     -43.5737     -41.2954     -42.7347
                -35.5966     -41.1751     -46.5574     -52.8019     -49.5214
                -44.2122     -52.7628     -61.8678     -53.5750     -55.2892
                -52.8096     -79.8761     -59.0282     -49.2207     -48.5333
                -55.1139     -47.7797     -49.0001     -54.2156     -49.9839
                -47.2720     -54.4464     -49.0160     -53.3617     -50.3115
   5     60     -61.1861     -58.4471     -52.1161     -57.3169     -48.5044
                -51.8148     -48.9178     -50.2338     -45.7447     -46.7078
                -42.3123     -44.9512     -55.5659     -53.0438     -52.1486
                -45.4164     -62.6603     -66.1796     -53.5225     -45.1285
                -46.4875     -48.9044     -43.8881     -41.6116     -43.0498
                -35.9111     -41.4891     -46.8733     -53.1174     -49.8335
                -44.5280     -53.0771     -62.1843     -53.8894     -55.6037
                -53.1257     -80.1938     -59.3424     -49.5348     -48.8471
                -55.4289     -48.0937     -49.3153     -54.5323     -50.2992
                -47.5875     -54.7641     -49.3322     -53.6775     -50.6288
   5     80     -61.9701     -59.2279     -52.8966     -58.0974     -49.2852
                -52.5956     -49.6972     -51.0129     -46.5238     -47.4846
                -43.0906     -45.7301     -56.3465     -53.8257     -52.9348
                -46.1966     -63.4456     -66.9663     -54.3033     -45.9065
                -47.2640     -49.6823     -44.6635     -42.3945     -43.8307
                -36.6914     -42.2689     -47.6567     -53.8966     -50.6066
                -45.3121     -53.8554     -62.9659     -54.6681     -56.3843
                -53.9083     -80.9777     -60.1197     -50.3141     -49.6262
                -56.2092     -48.8728     -50.0964     -55.3167     -51.0804
                -48.3678     -55.5452     -50.1115     -54.4567     -51.4144
   5    100     -63.1501     -60.4061     -54.0756     -59.2731     -50.4650
                -53.7756     -50.8727     -52.1894     -47.7014     -48.6642
                -44.2667     -46.9108     -57.5284     -55.0069     -54.1224
                -47.3796     -64.6267     -68.1506     -55.4822     -47.0846
                -48.4384     -50.8578     -45.8366     -43.5745     -45.0109
                -37.8725     -43.4503     -48.8397     -55.0751     -51.7797
                -46.4982     -55.0315     -64.1407     -55.8447     -57.5669
                -55.0913     -82.1595     -61.2968     -51.4915     -50.8072
                -57.3895     -50.0542     -51.2755     -56.5007     -52.2605
                -49.5503     -56.7258     -51.2901     -55.6359     -52.5981
 
 group  inft   Estimated free energy: 2-th solvent contribution (kcal/mol)
   1      0     -44.4742     -46.3132     -54.4703     -47.1020     -58.1064
                -53.5852     -55.6384     -54.4276     -59.2548     -59.2991
                -63.2230     -61.4278     -50.1427     -52.7196     -54.5512
                -60.9710     -41.2603     -37.3863     -51.7514     -60.8097
                -58.4219     -54.8724     -62.4676     -64.3074     -62.7324
                -70.2361     -66.6649     -60.0188     -52.3277     -55.3384
                -62.5918     -52.2527     -42.8105     -53.1932     -51.4437
                -51.9046     -23.6444     -46.8748     -57.3899     -57.6858
                -50.7247     -57.7219     -56.7257     -51.0791     -55.2591
                -58.6448     -50.5422     -56.2797     -52.3500     -56.9289
   1     60     -45.9238     -47.7669     -55.9174     -48.5545     -59.5607
                -55.0392     -57.0865     -55.8766     -60.7037     -60.7498
                -64.6690     -62.8740     -51.5920     -54.1661     -56.0020
                -62.4133     -42.7099     -38.8498     -53.1976     -62.2490
                -59.8712     -56.3239     -63.9092     -65.7436     -64.1694
                -71.6710     -68.0988     -61.4569     -53.7765     -56.7738
                -64.0334     -53.7043     -44.2605     -54.6372     -52.8931
                -53.3430     -25.1090     -48.3320     -58.8196     -59.1260
                -52.1735     -59.1606     -58.1627     -52.5264     -56.7094
                -60.0950     -51.9967     -57.7269     -53.7922     -58.3706
   1     80     -49.7946     -51.6211     -59.7756     -52.4075     -63.4278
                -58.9059     -60.9355     -59.7260     -64.5678     -64.6172
                -68.5113     -66.7245     -55.4475     -58.0340     -59.8699
                -66.2768     -46.5751     -42.7381     -57.0511     -66.0952
                -63.7237     -60.1800     -67.7475     -69.5941     -68.0209
                -75.5140     -71.9480     -65.3141     -57.6400     -60.6102
                -67.8861     -57.5652     -48.1182     -58.4909     -56.7737
                -57.1965     -29.0057     -52.1963     -62.6509     -62.9869
                -56.0477     -63.0119     -62.0217     -56.3978     -60.5742
                -63.9554     -55.8593     -61.5781     -57.6313     -62.2204
   1    100     -56.4207     -58.2452     -66.3956     -59.0230     -70.0788
                -65.5582     -67.5551     -66.3424     -71.1927     -71.2714
                -75.1262     -73.3394     -62.0909     -64.6687     -66.4986
                -72.9077     -53.2065     -49.4008     -63.6738     -72.7159
                -70.3483     -66.8092     -74.3649     -76.1953     -74.6368
                -82.1159     -78.5683     -71.9384     -64.2696     -67.2103
                -74.5169     -64.1939     -54.7287     -65.1107     -63.4293
                -63.8118     -35.6743     -58.8245     -69.2440     -69.6102
                -62.6915     -69.6411     -68.6131     -63.0383     -67.1921
                -70.5852     -62.4923     -68.2060     -64.2428     -68.8457
   2      0     -44.5275     -46.3610     -54.4646     -47.1095     -58.1243
                -53.6353     -55.6852     -54.4773     -59.3225     -59.3133
                -63.2516     -61.4600     -50.1694     -52.7856     -54.5746
                -61.0161     -41.3104     -37.4363     -51.7843     -60.8350
                -58.4727     -54.9133     -62.5109     -64.3546     -62.7226
                -70.2255     -66.7042     -60.0646     -52.3747     -55.3695
                -62.6314     -52.2657     -42.8153     -53.2356     -51.4109
                -51.9569     -23.6678     -46.9139     -57.4424     -57.6993
                -50.7303     -57.7477     -56.7223     -51.1083     -55.2794
                -58.6517     -50.5886     -56.3131     -52.3728     -56.9289
   3      0     -44.5383     -46.3645     -54.4740     -47.1393     -58.1523
                -53.6613     -55.7028     -54.5253     -59.3281     -59.3539
                -63.2624     -61.4495     -50.1708     -52.7793     -54.6171
                -61.0237     -41.2796     -37.4140     -51.7999     -60.8613
                -58.4967     -54.9064     -62.5008     -64.3705     -62.7400
                -70.2549     -66.7140     -60.0834     -52.3881     -55.3836
                -62.6803     -52.2641     -42.8143     -53.2319     -51.4249
                -51.9375     -23.6485     -46.8988     -57.4539     -57.7280
                -50.7348     -57.7523     -56.7392     -51.1487     -55.3068
                -58.7144     -50.6333     -56.3043     -52.3725     -56.9379
   4      0     -44.4836     -46.3172     -54.4485     -47.0540     -58.0803
                -53.5943     -55.6346     -54.4528     -59.2604     -59.2847
                -63.1884     -61.4030     -50.1551     -52.7326     -54.5714
                -60.9430     -41.3230     -37.4022     -51.7336     -60.8281
                -58.4502     -54.8597     -62.4539     -64.3120     -62.6737
                -70.1940     -66.6843     -60.0084     -52.3553     -55.3163
                -62.6394     -52.2412     -42.8164     -53.2182     -51.3861
                -51.9465     -23.6536     -46.8782     -57.4300     -57.6932
                -50.7035     -57.7212     -56.6569     -51.1073     -55.2587
                -58.6505     -50.5537     -56.2965     -52.3523     -56.9214
   5      0     -44.5905     -46.3985     -54.4845     -47.1695     -58.1503
                -53.6515     -55.6399     -54.5127     -59.3175     -59.3261
                -63.2465     -61.4183     -50.2011     -52.8062     -54.6191
                -61.0396     -41.3548     -37.4502     -51.7570     -60.8559
                -58.4812     -54.9390     -62.5186     -64.3659     -62.7902
                -70.2440     -66.7458     -60.1185     -52.3917     -55.3979
                -62.6925     -52.3251     -42.8539     -53.2610     -51.4575
                -51.9854     -23.7080     -46.9418     -57.5122     -57.7393
                -50.7725     -57.7842     -56.7696     -51.1510     -55.2778
                -58.7018     -50.6125     -56.3312     -52.4336     -56.9977
   5     60     -46.3485     -48.1617     -56.2377     -48.9285     -59.9142
                -55.4175     -57.3981     -56.2723     -61.0801     -61.0881
                -65.0016     -63.1729     -51.9599     -54.5639     -56.3784
                -62.7907     -43.1125     -39.2242     -53.5078     -62.6020
                -60.2402     -56.7012     -64.2678     -66.1113     -64.5371
                -71.9867     -68.4883     -61.8675     -54.1506     -57.1442
                -64.4396     -54.0767     -44.6099     -55.0110     -53.2171
                -53.7353     -25.4829     -48.7010     -59.2481     -59.4894
                -52.5313     -59.5335     -58.5201     -52.9093     -57.0334
                -60.4585     -52.3792     -58.0891     -54.1834     -58.7455
   5     80     -50.6075     -52.4068     -60.4902     -53.1798     -64.1684
                -59.6757     -61.6350     -60.5102     -65.3334     -65.3434
                -69.2324     -67.4233     -56.2220     -58.8234     -60.6452
                -67.0402     -47.3748     -43.5128     -57.7605     -66.8347
                -64.4822     -60.9449     -68.4923     -70.3501     -68.7809
                -76.2249     -72.7281     -66.1188     -58.4014     -61.3768
                -68.6917     -58.3243     -48.8630     -59.2564     -57.4907
                -57.9820     -29.7698     -52.9571     -63.4711     -63.7437
                -56.7945     -63.7828     -62.7686     -57.1747     -61.2921
                -64.7095     -56.6307     -62.3311     -58.4158     -62.9909
   5    100     -56.5716     -58.3558     -66.4420     -59.1297     -70.1358
                -65.6440     -67.5766     -66.4505     -71.2884     -71.3152
                -75.1652     -73.3752     -62.1988     -64.7822     -66.6131
                -72.9966     -53.3384     -49.4925     -63.7151     -72.7868
                -70.4285     -66.8960     -74.4293     -76.2885     -74.7255
                -82.1645     -78.6829     -72.0768     -64.3582     -67.3136
                -74.6546     -64.2763     -54.8176     -65.2035     -63.4731
                -63.9364     -35.7678     -58.9124     -69.4004     -69.7064
                -62.7606     -69.7471     -68.7099     -63.1499     -67.2432
                -70.6671     -62.5892     -68.2814     -64.3634     -68.9449
 
 
 cumulative average & 95% error for solvation free energy
              total             1st component         2nd component
  1  -105.3884              -60.8437              -44.5383
  2  -104.9357     0.9054   -59.4779     2.7317   -45.4514     1.8263
  3  -105.3842     1.0383   -56.9189     5.3554   -48.4589     6.1068
  4  -105.0692     0.9675   -56.9338     3.7870   -48.1290     4.3683
  5  -105.3193     0.9011   -55.1793     4.5736   -50.1337     5.2463
  6  -105.2889     0.7382   -54.5610     3.9338   -50.7216     4.4420
  7  -105.1458     0.6864   -53.7063     3.7383   -51.4332     4.0149
  8  -105.0591     0.6193   -53.2330     3.3730   -51.8197     3.5619
  9  -105.0219     0.5512   -52.3615     3.4478   -52.6540     3.5569
 10  -105.0963     0.5150   -51.7660     3.3058   -53.3240     3.4521
 11  -105.1092     0.4665   -50.8753     3.4806   -54.2275     3.6077
 12  -105.1902     0.4557   -50.3546     3.3437   -54.8293     3.5064
 13  -105.2086     0.4208   -50.7313     3.1667   -54.4710     3.3041
 14  -105.2294     0.3918   -50.8729     2.9454   -54.3501     3.0685
 15  -105.3107     0.3993   -50.9364     2.7450   -54.3679     2.8569
 16  -105.3614     0.3870   -50.5711     2.6696   -54.7839     2.7989
 17  -105.2598     0.4164   -51.2639     2.8651   -53.9895     3.0718
 18  -105.1480     0.4518   -52.0730     3.1488   -53.0687     3.4322
 19  -105.1404     0.4277   -52.1321     2.9808   -53.0019     3.2492
 20  -105.1665     0.4091   -51.7653     2.9214   -53.3949     3.1811
 21  -105.1407     0.3925   -51.4965     2.8304   -53.6378     3.0646
 22  -105.0650     0.4037   -51.3632     2.7118   -53.6955     2.9243
 23  -105.1079     0.3951   -51.0232     2.6789   -54.0783     2.8972
 24  -105.1309     0.3811   -50.6174     2.6902   -54.5072     2.9035
 25  -105.1434     0.3664   -50.3005     2.6570   -54.8365     2.8617
 26  -105.1699     0.3560   -49.7340     2.7930   -55.4295     2.9944
 27  -105.2709     0.3977   -49.4171     2.7613   -55.8474     3.0001
 28  -105.3189     0.3951   -49.3138     2.6688   -55.9987     2.9068
 29  -105.3146     0.3813   -49.4340     2.5863   -55.8742     2.8158
 30  -105.3000     0.3695   -49.4357     2.4986   -55.8579     2.7205
 31  -105.3504     0.3714   -49.2661     2.4404   -56.0779     2.6678
 32  -105.3400     0.3602   -49.3749     2.3729   -55.9588     2.5941
 33  -105.3188     0.3517   -49.7520     2.4204   -55.5604     2.6375
 34  -105.3625     0.3522   -49.8642     2.3588   -55.4920     2.5624
 35  -105.4006     0.3504   -50.0185     2.3111   -55.3757     2.4989
 36  -105.3821     0.3425   -50.0955     2.2513   -55.2802     2.4360
 37  -105.3322     0.3478   -50.9005     2.7178   -54.4253     2.9218
 38  -105.3473     0.3398   -51.1137     2.6794   -54.2273     2.8713
 39  -105.3810     0.3378   -51.0646     2.6117   -54.3100     2.8016
 40  -105.4028     0.3321   -51.0010     2.5487   -54.3954     2.7360
 41  -105.4132     0.3246   -51.1006     2.4938   -54.3062     2.6744
 42  -105.4158     0.3168   -51.0212     2.4388   -54.3882     2.6151
 43  -105.4230     0.3097   -50.9737     2.3833   -54.4429     2.5559
 44  -105.4211     0.3026   -51.0467     2.3331   -54.3680     2.5016
 45  -105.4173     0.2959   -51.0220     2.2812   -54.3889     2.4458
 46  -105.4291     0.2903   -50.9398     2.2371   -54.4829     2.3994
 47  -105.4209     0.2846   -51.0135     2.1939   -54.4010     2.3535
 48  -105.4180     0.2786   -50.9710     2.1494   -54.4407     2.3053
 49  -105.4246     0.2732   -51.0198     2.1074   -54.3985     2.2594
 50  -105.4609     0.2774   -51.0053     2.0650   -54.4492     2.2160
 
 Mesh error is    0.083 kcal/mol
