 ERmod 0.3.8, Copyright (C) 2000-2019 Nobuyuki Matubayasi
                            2010-2019 Shun Sakuraba
 ERmod comes with ABSOLUTELY NO WARRANTY.
 This is free software, and you can redistribute it
 and/or modify it under certain conditions.
 See LICENSE file for details.
 
  Number of the   1-th solvent  =        10000
 
  Be sure that the solvent distribution is homogeneous (radial distribution function is essentially unity) when the solvent molecule is separated beyond distance of   10.0 Angstrom in any direction from any atom within the solute molecule
 
  LJ long-range correction    =        -7.8240
 
  Self-energy of the solute   =        -0.0013  kcal/mol
 
 
 cumulative average & 95% error for solvation energy
  1  -450.2554
  2  -450.3054     0.0999
  3  -449.8986     0.8158
  4  -449.8236     0.5960
  5  -449.8034     0.4634
  6  -449.6179     0.5299
  7  -449.4739     0.5325
  8  -449.7266     0.6841
  9  -449.7557     0.6062
 10  -449.6946     0.5557
 11  -449.7702     0.5249
 12  -449.6742     0.5163
 13  -449.7531     0.5004
 14  -449.9316     0.5849
 15  -450.0207     0.5730
 16  -450.0408     0.5375
 17  -449.9952     0.5130
 18  -449.9071     0.5148
 19  -449.9481     0.4938
 20  -449.8848     0.4852
 21  -449.9474     0.4782
 22  -449.9414     0.4561
 23  -449.8919     0.4470
 24  -449.8926     0.4279
 25  -449.8366     0.4255
 26  -449.8319     0.4089
 27  -449.7779     0.4080
 28  -449.7942     0.3945
 29  -449.7994     0.3808
 30  -449.8021     0.3680
 31  -449.8299     0.3602
 32  -449.8406     0.3494
 33  -449.7822     0.3582
 34  -449.7801     0.3475
 35  -449.7415     0.3462
 36  -449.7134     0.3411
 37  -449.7338     0.3342
 38  -449.7432     0.3259
 39  -449.7892     0.3305
 40  -449.7892     0.3221
 41  -449.7597     0.3197
 42  -449.7710     0.3128
 43  -449.7804     0.3060
 44  -449.8067     0.3036
 45  -449.8284     0.2999
 46  -449.8546     0.2979
 47  -449.8612     0.2918
 48  -449.8428     0.2880
 49  -449.8450     0.2821
 50  -449.8204     0.2808
 
 
 group  inft  solvation free energy     error          difference
   1      0        -79.96094           0.12763           0.01120
   1     60        -80.07666           0.12761          -0.10452
   1     80        -81.44670           0.12756          -1.47456
   1    100        -87.74703           0.12776          -7.77489
   2      0        -80.00376           0.12856          -0.03162
   3      0        -79.97214           0.12990           0.00000
   4      0        -79.97589           0.12900          -0.00376
   5      0        -80.01502           0.12956          -0.04288
   5     60        -80.17998           0.12954          -0.20784
   5     80        -81.94836           0.12952          -1.97622
   5    100        -87.81366           0.12955          -7.84153
 
 
 group  inft   Estimated free energy (kcal/mol)
   1      0     -79.9688     -80.3428     -79.7053     -80.0676     -80.0382
                -79.4210     -79.2869     -80.8556     -79.9563     -79.9192
                -80.3251     -79.6769     -80.3409     -80.9659     -80.6262
                -79.9707     -79.5760     -79.5122     -80.1501     -79.5699
                -80.6139     -79.6270     -79.8669     -79.7191     -79.4956
                -79.9864     -79.5778     -80.0644     -79.8871     -80.1047
                -80.1231     -79.9708     -79.0571     -80.0343     -79.1442
                -79.4017     -80.2917     -80.1037     -80.9605     -79.8441
                -79.1740     -80.2645     -80.3616     -80.2803     -80.3638
                -80.6029     -79.7650     -79.6175     -79.9174     -79.5501
   1     60     -80.0849     -80.4588     -79.8206     -80.1829     -80.1531
                -79.5376     -79.4031     -80.9709     -80.0729     -80.0343
                -80.4405     -79.7915     -80.4572     -81.0819     -80.7415
                -80.0866     -79.6921     -79.6279     -80.2654     -79.6851
                -80.7291     -79.7435     -79.9824     -79.8354     -79.6107
                -80.1021     -79.6934     -80.1809     -80.0031     -80.2196
                -80.2399     -80.0866     -79.1726     -80.1498     -79.2597
                -79.5182     -80.4068     -80.2191     -81.0755     -79.9592
                -79.2899     -80.3802     -80.4780     -80.3962     -80.4799
                -80.7187     -79.8810     -79.7341     -80.0335     -79.6652
   1     80     -81.4565     -81.8300     -81.1946     -81.5498     -81.5173
                -80.9077     -80.7758     -82.3342     -81.4504     -81.4017
                -81.8097     -81.1579     -81.8292     -82.4547     -82.1137
                -81.4594     -81.0683     -80.9958     -81.6361     -81.0513
                -82.1000     -81.1130     -81.3503     -81.2069     -80.9824
                -81.4694     -81.0628     -81.5504     -81.3773     -81.5902
                -81.6169     -81.4569     -80.5423     -81.5172     -80.6295
                -80.8847     -81.7740     -81.5881     -82.4417     -81.3274
                -80.6597     -81.7479     -81.8441     -81.7716     -81.8529
                -82.0873     -81.2554     -81.1050     -81.4045     -81.0312
   1    100     -87.7622     -88.1258     -87.5024     -87.8493     -87.8051
                -87.2123     -87.0907     -88.6274     -87.7575     -87.6921
                -88.1199     -87.4430     -88.1278     -88.7659     -88.4181
                -87.7650     -87.3768     -87.2902     -87.9291     -87.3361
                -88.4051     -87.4080     -87.6500     -87.5034     -87.2817
                -87.7614     -87.3636     -87.8458     -87.6853     -87.8904
                -87.9306     -87.7556     -86.8338     -87.8213     -86.9356
                -87.1716     -88.0721     -87.8924     -88.7398     -87.6217
                -86.9606     -88.0476     -88.1340     -88.0805     -88.1645
                -88.3818     -87.5671     -87.4033     -87.7093     -87.3372
   2      0     -79.9950     -80.3760     -79.7412     -80.0903     -80.0674
                -79.5123     -79.3019     -80.9001     -80.0078     -79.9467
                -80.3684     -79.7194     -80.3772     -80.9766     -80.6601
                -80.0257     -79.6394     -79.5847     -80.2636     -79.5950
                -80.6587     -79.6506     -79.9253     -79.7635     -79.5427
                -80.0203     -79.5759     -80.0799     -79.9350     -80.1474
                -80.1616     -80.0343     -79.0827     -80.0735     -79.1903
                -79.3960     -80.3465     -80.1707     -81.0204     -79.9370
                -79.1880     -80.3052     -80.4163     -80.3123     -80.4262
                -80.6715     -79.8212     -79.6681     -79.9000     -79.6183
   3      0     -79.9936     -80.3572     -79.6902     -79.9881     -80.0367
                -79.5233     -79.2712     -80.9157     -79.9408     -79.9817
                -80.3407     -79.6990     -80.2763     -80.9425     -80.6353
                -79.9671     -79.5966     -79.5277     -80.2079     -79.5355
                -80.6597     -79.6683     -79.8828     -79.7735     -79.4896
                -79.9990     -79.5255     -80.0222     -79.9502     -80.1412
                -80.1283     -80.0264     -79.0348     -80.0658     -79.0822
                -79.3909     -80.3129     -80.1000     -80.9860     -79.8928
                -79.1773     -80.2815     -80.4391     -80.3000     -80.3791
                -80.6184     -79.8115     -79.6427     -79.8432     -79.5547
   4      0     -79.9959     -80.3817     -79.6981     -80.0213     -80.0432
                -79.5195     -79.2944     -80.8923     -79.9630     -79.9732
                -80.3399     -79.7068     -80.3288     -80.9107     -80.6297
                -80.0276     -79.6043     -79.5609     -80.2244     -79.5161
                -80.6006     -79.6634     -79.8918     -79.7281     -79.4917
                -80.0173     -79.5440     -80.0329     -79.9228     -80.1249
                -80.1424     -80.0573     -79.0605     -79.9960     -79.1282
                -79.3671     -80.3147     -80.1105     -80.9967     -79.8542
                -79.1408     -80.2689     -80.4493     -80.2894     -80.4233
                -80.6422     -79.7993     -79.6565     -79.8741     -79.5741
   5      0     -80.0319     -80.4032     -79.7486     -80.0448     -80.1142
                -79.5560     -79.3265     -80.9405     -79.9855     -80.0326
                -80.3517     -79.7188     -80.3501     -80.9648     -80.6732
                -80.0461     -79.6517     -79.5895     -80.2697     -79.5708
                -80.6750     -79.6920     -79.9554     -79.7836     -79.5544
                -80.0275     -79.5772     -80.0637     -79.9701     -80.1735
                -80.1653     -80.1233     -79.0644     -80.0949     -79.1323
                -79.4174     -80.3541     -80.1627     -81.0189     -79.8891
                -79.1769     -80.3343     -80.4515     -80.3818     -80.4147
                -80.6539     -79.8497     -79.6960     -79.9317     -79.5958
   5     60     -80.1974     -80.5680     -79.9134     -80.2092     -80.2782
                -79.7213     -79.4918     -81.1056     -80.1512     -80.1970
                -80.5167     -79.8827     -80.5152     -81.1303     -80.8378
                -80.2116     -79.8168     -79.7543     -80.4344     -79.7352
                -80.8401     -79.8570     -80.1202     -79.9486     -79.7195
                -80.1921     -79.7422     -80.2290     -80.1355     -80.3377
                -80.3309     -80.2882     -79.2295     -80.2605     -79.2975
                -79.5825     -80.5186     -80.3273     -81.1828     -80.0541
                -79.3421     -80.4988     -80.6160     -80.5475     -80.5799
                -80.8186     -80.0158     -79.8612     -80.0968     -79.7601
   5     80     -81.9679     -82.3377     -81.6826     -81.9724     -82.0396
                -81.4928     -81.2623     -82.8691     -81.9248     -81.9610
                -82.2867     -81.6461     -82.2849     -82.9039     -82.6056
                -81.9844     -81.5910     -81.5211     -82.2015     -81.4960
                -82.6101     -81.6275     -81.8872     -81.7179     -81.4892
                -81.9569     -81.5077     -81.9963     -81.9095     -82.1053
                -82.1058     -82.0578     -80.9986     -82.0310     -81.0664
                -81.3482     -82.2833     -82.0936     -82.9484     -81.8208
                -81.1112     -82.2655     -82.3830     -82.3187     -82.3509
                -82.5857     -81.7877     -81.6310     -81.8665     -81.5247
   5    100     -87.8390     -88.2003     -87.5500     -87.8293     -87.8903
                -87.3655     -87.1419     -88.7335     -87.7945     -87.8193
                -88.1578     -87.5035     -88.1474     -88.7797     -88.4662
                -87.8563     -87.4641     -87.3830     -88.0602     -87.3446
                -88.4793     -87.4944     -87.7526     -87.5844     -87.3586
                -87.8156     -87.3718     -87.8495     -87.7837     -87.9688
                -87.9856     -87.9211     -86.8602     -87.9030     -86.9296
                -87.2043     -88.1401     -87.9586     -88.8127     -87.6820
                -86.9808     -88.1252     -88.2485     -88.1877     -88.2207
                -88.4512     -87.6616     -87.4955     -87.7329     -87.3969
 
 
 cumulative average & 95% error for solvation free energy
  1   -79.9936
  2   -80.1754     0.3635
  3   -80.0137     0.3856
  4   -80.0073     0.2730
  5   -80.0132     0.2118
  6   -79.9315     0.2378
  7   -79.8372     0.2757
  8   -79.9720     0.3601
  9   -79.9685     0.3177
 10   -79.9698     0.2842
 11   -80.0036     0.2657
 12   -79.9782     0.2478
 13   -80.0011     0.2325
 14   -80.0683     0.2538
 15   -80.1061     0.2481
 16   -80.0975     0.2327
 17   -80.0680     0.2264
 18   -80.0380     0.2218
 19   -80.0469     0.2105
 20   -80.0213     0.2062
 21   -80.0517     0.2053
 22   -80.0343     0.1988
 23   -80.0277     0.1904
 24   -80.0171     0.1836
 25   -79.9960     0.1811
 26   -79.9961     0.1740
 27   -79.9787     0.1710
 28   -79.9803     0.1648
 29   -79.9792     0.1590
 30   -79.9846     0.1540
 31   -79.9893     0.1492
 32   -79.9904     0.1445
 33   -79.9615     0.1516
 34   -79.9645     0.1472
 35   -79.9393     0.1515
 36   -79.9241     0.1504
 37   -79.9346     0.1478
 38   -79.9390     0.1441
 39   -79.9658     0.1503
 40   -79.9640     0.1465
 41   -79.9448     0.1480
 42   -79.9528     0.1453
 43   -79.9641     0.1437
 44   -79.9718     0.1412
 45   -79.9808     0.1392
 46   -79.9947     0.1389
 47   -79.9908     0.1362
 48   -79.9835     0.1341
 49   -79.9807     0.1314
 50   -79.9721     0.1299
 
 Mesh error is    0.043 kcal/mol
