 ERmod 0.3.8, Copyright (C) 2000-2019 Nobuyuki Matubayasi
                            2010-2019 Shun Sakuraba
 ERmod comes with ABSOLUTELY NO WARRANTY.
 This is free software, and you can redistribute it
 and/or modify it under certain conditions.
 See LICENSE file for details.
 
  Number of the   1-th solvent  =          378
  Number of the   2-th solvent  =        10000
 
  Be sure that the solvent distribution is homogeneous (radial distribution function is essentially unity) when the solvent molecule is separated beyond distance of   10.0 Angstrom in any direction from any atom within the solute molecule
 
  LJ long-range correction    =        -1.1319     -7.1533
 
  Self-energy of the solute   =        -0.0149  kcal/mol
 
 
 cumulative average & 95% error for solvation energy
              total             1st component         2nd component
  1  -482.7612              -74.4698             -408.2765
  2  -483.2185     0.9146   -75.3516     1.7637  -407.8520     0.8490
  3  -482.8777     0.8622   -74.7048     1.6462  -408.1580     0.7841
  4  -482.5714     0.8643   -74.0568     1.7421  -408.4998     0.8801
  5  -482.2458     0.9339   -74.1405     1.3598  -408.0905     1.0652
  6  -482.0445     0.8623   -72.3151     3.8159  -409.7146     3.3626
  7  -481.7645     0.9191   -72.2347     3.2290  -409.5149     2.8699
  8  -482.1651     1.1293   -70.9709     3.7694  -411.1793     4.1542
  9  -482.6512     1.3918   -69.2261     4.8196  -413.4102     5.7733
 10  -482.6879     1.2470   -69.0203     4.3304  -413.6527     5.1865
 11  -482.7214     1.1300   -69.6573     4.1190  -413.0492     4.8442
 12  -482.6095     1.0555   -69.9221     3.7972  -412.6725     4.4858
 13  -482.4947     0.9977   -70.8687     3.9730  -411.6111     4.6404
 14  -482.4299     0.9327   -72.7866     5.3144  -409.6284     5.8464
 15  -482.2632     0.9302   -72.8801     4.9510  -409.3682     5.4676
 16  -482.0451     0.9732   -73.4275     4.7588  -408.6028     5.3386
 17  -481.9152     0.9504   -73.6740     4.4973  -408.2264     5.0709
 18  -481.9047     0.8963   -75.1488     5.1651  -406.7410     5.6287
 19  -481.8175     0.8655   -76.7977     5.8945  -405.0050     6.3563
 20  -481.6744     0.8696   -78.9657     7.0761  -402.6938     7.5979
 21  -481.6700     0.8272   -80.2559     7.2084  -401.3992     7.6769
 22  -481.6486     0.7899   -80.7397     6.9408  -400.8940     7.3890
 23  -481.6214     0.7567   -81.4910     6.8002  -400.1154     7.2301
 24  -481.4113     0.8375   -82.0899     6.6200  -399.3065     7.1089
 25  -481.3420     0.8152   -83.0310     6.6228  -398.2961     7.1117
 26  -481.3797     0.7868   -82.9917     6.3634  -398.3731     6.8345
 27  -481.3501     0.7594   -82.2141     6.3176  -399.1211     6.7445
 28  -481.4909     0.7840   -81.5267     6.2411  -399.9493     6.7069
 29  -481.6068     0.7912   -81.0110     6.1097  -400.5808     6.5936
 30  -481.7441     0.8123   -80.3169     6.0636  -401.4124     6.5835
 31  -481.8884     0.8370   -79.8332     5.9440  -402.0404     6.4903
 32  -481.8933     0.8104   -78.9737     6.0065  -402.9047     6.5176
 33  -481.8570     0.7889   -78.7332     5.8415  -403.1089     6.3302
 34  -481.9274     0.7781   -78.2025     5.7656  -403.7100     6.2578
 35  -482.0833     0.8174   -77.4128     5.8170  -404.6557     6.3639
 36  -482.1377     0.8018   -76.8382     5.7687  -405.2846     6.3113
 37  -482.1865     0.7859   -75.9165     5.9057  -406.2551     6.4379
 38  -482.1063     0.7816   -75.8930     5.7484  -406.1983     6.2672
 39  -482.1001     0.7614   -75.4637     5.6645  -406.6215     6.1627
 40  -482.0742     0.7439   -75.0479     5.5834  -407.0114     6.0571
 41  -482.0726     0.7256   -74.5274     5.5441  -407.5304     5.9980
 42  -482.1681     0.7334   -74.0257     5.5027  -408.1275     5.9740
 43  -482.3094     0.7699   -73.8320     5.3872  -408.4625     5.8718
 44  -482.3895     0.7690   -73.4623     5.3150  -408.9124     5.8069
 45  -482.4849     0.7756   -73.3338     5.2019  -409.1363     5.6941
 46  -482.5698     0.7773   -73.0118     5.1282  -409.5431     5.6280
 47  -482.6454     0.7755   -72.9215     5.0211  -409.7090     5.5170
 48  -482.6666     0.7603   -72.7320     4.9300  -409.9196     5.4172
 49  -482.6662     0.7446   -73.0322     4.8655  -409.6191     5.3394
 50  -482.7154     0.7362   -72.8200     4.7861  -409.8804     5.2576
 
 
 group  inft  solvation free energy     error          difference
  total solvation free energy
   1      0       -104.59735           0.46138           0.08786
   1     60       -105.44206           0.46051          -0.75684
   1     80       -108.89827           0.45926          -4.21305
   1    100       -117.48900           0.46393         -12.80378
   2      0       -104.67715           0.45911           0.00807
   3      0       -104.68522           0.45857           0.00000
   4      0       -104.71702           0.45537          -0.03180
   5      0       -104.78386           0.45691          -0.09864
   5     60       -105.83960           0.45567          -1.15439
   5     80       -109.88721           0.45380          -5.20199
   5    100       -117.72999           0.45764         -13.04477
 
  contribution from  1-th solvent component
   1      0        -26.53003           1.88741           0.02458
   1     60        -26.56071           1.88746          -0.00611
   1     80        -26.69972           1.88766          -0.14511
   1    100        -27.10075           1.88743          -0.54614
   2      0        -26.54544           1.88659           0.00917
   3      0        -26.55460           1.88609           0.00000
   4      0        -26.56222           1.88611          -0.00762
   5      0        -26.56629           1.88613          -0.01169
   5     60        -26.60495           1.88620          -0.05034
   5     80        -26.77120           1.88641          -0.21659
   5    100        -27.14138           1.88619          -0.58678
 
  contribution from  2-th solvent component
   1      0        -78.05245           2.25565           0.06329
   1     60        -78.86647           2.25455          -0.75073
   1     80        -82.18367           2.25261          -4.06793
   1    100        -90.37338           2.25464         -12.25764
   2      0        -78.11683           2.25318          -0.00109
   3      0        -78.11574           2.25179           0.00000
   4      0        -78.13992           2.24953          -0.02418
   5      0        -78.20268           2.24953          -0.08695
   5     60        -79.21978           2.24805          -1.10404
   5     80        -83.10113           2.24556          -4.98540
   5    100        -90.57373           2.24705         -12.45800
 
 
 group  inft   Estimated free energy: total (kcal/mol)
   1      0    -104.1784    -104.8673    -104.2309    -103.9838    -103.4386
               -103.8743    -103.5941    -106.0152    -106.8273    -104.9828
               -104.1299    -104.2331    -103.6544    -103.6261    -102.9739
               -102.5314    -102.8919    -103.3369    -102.1747    -100.9058
               -103.1156    -103.5152    -103.0230    -100.8104    -102.1129
               -104.2805    -103.9880    -106.3035    -105.9355    -106.3449
               -106.5613    -104.4191    -104.2038    -105.6988    -107.2372
               -105.5637    -106.0722    -103.2904    -104.6612    -104.4981
               -104.6469    -106.5688    -107.1942    -106.8660    -107.0931
               -106.9738    -106.6006    -105.3932    -104.2703    -106.1746
   1     60    -105.0215    -105.7124    -105.0754    -104.8341    -104.2865
               -104.7145    -104.4387    -106.8579    -107.6681    -105.8293
               -104.9743    -105.0756    -104.5026    -104.4755    -103.8226
               -103.3761    -103.7356    -104.1909    -103.0257    -101.7633
               -103.9662    -104.3641    -103.8752    -101.6618    -102.9649
               -105.1262    -104.8289    -107.1452    -106.7802    -107.1839
               -107.4034    -105.2563    -105.0490    -106.5371    -108.0773
               -106.4043    -106.9100    -104.1386    -105.5014    -105.3380
               -105.4885    -107.4096    -108.0394    -107.7084    -107.9383
               -107.8180    -107.4461    -106.2359    -105.1142    -107.0123
   1     80    -108.4714    -109.1699    -108.5290    -108.3085    -107.7498
               -108.1561    -107.8944    -110.3133    -111.1181    -109.2909
               -108.4220    -108.5267    -107.9654    -107.9487    -107.2805
               -106.8315    -107.1899    -107.6749    -106.4897    -105.2457
               -107.4335    -107.8261    -107.3478    -105.1177    -106.4314
               -108.5818    -108.2709    -110.5910    -110.2344    -110.6267
               -110.8584    -108.7001    -108.5106    -109.9818    -111.5227
               -109.8601    -110.3500    -107.6008    -108.9445    -108.7839
               -108.9382    -110.8587    -111.5092    -111.1572    -111.4038
               -111.2781    -110.9067    -109.6882    -108.5749    -110.4480
   1    100    -117.0437    -117.7536    -117.0995    -116.9150    -116.3299
               -116.7088    -116.4765    -118.9255    -119.7395    -117.8991
               -117.0203    -117.1128    -116.5529    -116.5562    -115.8365
               -115.4093    -115.7570    -116.2877    -115.0601    -113.8300
               -116.0060    -116.3989    -115.9396    -113.6240    -115.0155
               -117.1603    -116.8290    -119.1928    -118.8356    -119.2113
               -119.4655    -117.2671    -117.1237    -118.5508    -120.1301
               -118.4706    -118.9471    -116.2019    -117.5142    -117.3610
               -117.5271    -119.4718    -120.1521    -119.7654    -120.0493
               -119.9099    -119.5361    -118.2866    -117.1763    -119.0170
   2      0    -104.2995    -105.0033    -104.2918    -104.0329    -103.4793
               -104.0001    -103.6747    -106.0765    -106.9237    -105.0884
               -104.2468    -104.2893    -103.7775    -103.7319    -103.0763
               -102.6510    -103.0106    -103.3801    -102.2402    -101.0019
               -103.2009    -103.5935    -103.1017    -100.9276    -102.1722
               -104.3787    -104.1061    -106.4026    -105.9745    -106.4173
               -106.6233    -104.4903    -104.2425    -105.7692    -107.2969
               -105.6594    -106.1161    -103.3694    -104.7169    -104.5732
               -104.7359    -106.6143    -107.2800    -106.9579    -107.1799
               -107.0436    -106.6418    -105.4115    -104.3548    -106.2292
   3      0    -104.3020    -104.9741    -104.3131    -104.0618    -103.4871
               -103.9787    -103.6556    -106.1027    -106.8907    -105.0823
               -104.2787    -104.2960    -103.7998    -103.6912    -103.0574
               -102.6702    -103.0409    -103.4120    -102.3073    -100.9829
               -103.2930    -103.5572    -103.1416    -100.9032    -102.1802
               -104.3841    -104.0762    -106.4305    -105.9744    -106.4635
               -106.6582    -104.5242    -104.2706    -105.7884    -107.2662
               -105.6427    -106.1217    -103.3728    -104.7408    -104.5982
               -104.7572    -106.6341    -107.2809    -106.9380    -107.1953
               -107.0298    -106.6532    -105.4699    -104.3239    -106.2063
   4      0    -104.3576    -105.0322    -104.3262    -104.0637    -103.5584
               -104.0423    -103.7259    -106.0959    -106.9378    -105.1127
               -104.2776    -104.3635    -103.8839    -103.7877    -103.0812
               -102.6562    -103.0676    -103.4421    -102.3294    -101.0941
               -103.2281    -103.6325    -103.1871    -101.0221    -102.1778
               -104.4289    -104.1588    -106.4355    -105.9601    -106.4545
               -106.6326    -104.4994    -104.3023    -105.7740    -107.3151
               -105.7178    -106.1538    -103.3763    -104.7739    -104.6494
               -104.7921    -106.6668    -107.3057    -106.9798    -107.2281
               -107.0615    -106.6386    -105.4305    -104.3847    -106.2471
   5      0    -104.3791    -105.0912    -104.3971    -104.1691    -103.5261
               -104.1038    -103.7387    -106.1905    -107.0483    -105.1614
               -104.3427    -104.4262    -103.9791    -103.7862    -103.1878
               -102.7740    -103.1412    -103.4941    -102.4498    -101.1604
               -103.3603    -103.6698    -103.2136    -101.0927    -102.2671
               -104.5508    -104.1827    -106.5040    -106.0420    -106.5513
               -106.7433    -104.5378    -104.2996    -105.9299    -107.3820
               -105.7425    -106.2344    -103.3847    -104.8656    -104.6880
               -104.8587    -106.7208    -107.3848    -107.0098    -107.3443
               -107.1443    -106.7100    -105.5051    -104.4333    -106.2931
   5     60    -105.4321    -106.1464    -105.4540    -105.2270    -104.5837
               -105.1587    -104.7979    -107.2418    -108.0981    -106.2168
               -105.3967    -105.4807    -105.0430    -104.8490    -104.2453
               -103.8317    -104.1969    -104.5622    -103.5189    -102.2327
               -104.4218    -104.7302    -104.2775    -102.1589    -103.3308
               -105.6084    -105.2362    -107.5549    -107.0947    -107.5998
               -107.7967    -105.5856    -105.3563    -106.9784    -108.4301
               -106.7939    -107.2814    -104.4431    -105.9141    -105.7379
               -105.9097    -107.7706    -108.4414    -108.0623    -108.4017
               -108.1990    -107.7652    -106.5574    -105.4895    -107.3392
   5     80    -109.4745    -110.1966    -109.5036    -109.2937    -108.6386
               -109.1963    -108.8483    -111.2849    -112.1388    -110.2711
               -109.4457    -109.5230    -109.1043    -108.9072    -108.2942
               -107.8804    -108.2484    -108.6364    -107.5895    -106.3137
               -108.4787    -108.7830    -108.3421    -106.2147    -107.3875
               -109.6567    -109.2721    -111.5902    -111.1376    -111.6343
               -111.8420    -109.6193    -109.4078    -111.0094    -112.4628
               -110.8386    -111.3111    -108.4915    -109.9427    -109.7704
               -109.9483    -111.8107    -112.5026    -112.0987    -112.4592
               -112.2479    -111.8132    -110.5994    -109.5382    -111.3604
   5    100    -117.2944    -118.0366    -117.3214    -117.1506    -116.4668
               -117.0052    -116.6818    -119.1476    -120.0080    -118.1312
               -117.2863    -117.3659    -116.9602    -116.7604    -116.1115
               -115.7097    -116.0714    -116.5046    -115.4205    -114.1499
               -116.3060    -116.6060    -116.1869    -113.9945    -115.2248
               -117.4885    -117.0882    -119.4445    -118.9882    -119.4742
               -119.7035    -117.4429    -117.2703    -118.8334    -120.3157
               -118.6954    -119.1547    -116.3381    -117.7677    -117.6028
               -117.7895    -119.6728    -120.3935    -119.9535    -120.3525
               -120.1242    -119.6868    -118.4460    -117.3866    -119.1840
 
 group  inft   Estimated free energy: 1-th solvent contribution (kcal/mol)
   1      0     -27.0119     -27.9023     -26.3093     -25.9488     -26.8496
                -22.6143     -26.1392     -22.5745     -19.7699     -24.5012
                -28.0378     -26.8702     -30.3442     -36.6084     -26.6559
                -29.7335     -28.3032     -37.3478     -39.7254     -45.0463
                -39.5724     -33.4692     -36.3880     -35.1933     -39.6458
                -30.3043     -21.7951     -22.8649     -24.1152     -21.6172
                -23.7906     -17.9273     -25.9196     -21.7123     -17.7749
                -20.1477     -14.2827     -27.2210     -21.1097     -20.8821
                -18.7765     -19.0354     -24.1115     -20.6452     -24.9403
                -21.0238     -25.3891     -23.1525     -32.7289     -22.6712
   1     60     -27.0419     -27.9327     -26.3402     -25.9796     -26.8806
                -22.6446     -26.1697     -22.6056     -19.8007     -24.5319
                -28.0685     -26.9009     -30.3751     -36.6394     -26.6863
                -29.7637     -28.3342     -37.3789     -39.7559     -45.0775
                -39.6033     -33.5001     -36.4193     -35.2242     -39.6769
                -30.3348     -21.8251     -22.8956     -24.1458     -21.6480
                -23.8216     -17.9574     -25.9505     -21.7434     -17.8057
                -20.1779     -14.3129     -27.2518     -21.1402     -20.9124
                -18.8069     -19.0659     -24.1417     -20.6760     -24.9709
                -21.0543     -25.4197     -23.1834     -32.7600     -22.7021
   1     80     -27.1786     -28.0709     -26.4802     -26.1195     -27.0208
                -22.7819     -26.3082     -22.7462     -19.9402     -24.6713
                -28.2075     -27.0402     -30.5147     -36.7798     -26.8242
                -29.9011     -28.4744     -37.5195     -39.8946     -45.2181
                -39.7433     -33.6401     -36.5608     -35.3644     -39.8178
                -30.4735     -21.9610     -23.0344     -24.2843     -21.7874
                -23.9617     -18.0940     -26.0897     -21.8842     -17.9451
                -20.3151     -14.4500     -27.3910     -21.2783     -21.0499
                -18.9445     -19.2042     -24.2788     -20.8152     -25.1096
                -21.1922     -25.5578     -23.3230     -32.9008     -22.8414
   1    100     -27.5738     -28.4685     -26.8802     -26.5210     -27.4220
                -23.1808     -26.7080     -23.1523     -20.3455     -25.0752
                -28.6082     -27.4418     -30.9164     -37.1813     -27.2198
                -30.2980     -28.8747     -37.9196     -40.2909     -45.6164
                -40.1427     -34.0406     -36.9650     -35.7612     -40.2189
                -30.8732     -22.3561     -23.4353     -24.6840     -22.1910
                -24.3659     -18.4932     -26.4933     -22.2887     -18.3503
                -20.7149     -14.8509     -27.7913     -21.6782     -21.4489
                -19.3438     -19.6064     -24.6815     -21.2214     -25.5148
                -21.5944     -25.9605     -23.7275     -33.3051     -23.2441
   2      0     -27.0408     -27.9274     -26.3081     -25.9781     -26.8666
                -22.6244     -26.1751     -22.5789     -19.7939     -24.5224
                -28.0460     -26.8858     -30.3677     -36.6297     -26.6791
                -29.7683     -28.3201     -37.3551     -39.7506     -45.0509
                -39.5873     -33.4817     -36.3962     -35.1915     -39.6148
                -30.3171     -21.8117     -22.8830     -24.1388     -21.6311
                -23.7901     -17.9458     -25.9357     -21.7168     -17.7838
                -20.1635     -14.3013     -27.2430     -21.1245     -20.9020
                -18.7939     -19.0501     -24.1420     -20.6632     -24.9608
                -21.0529     -25.3993     -23.1667     -32.7396     -22.6743
   3      0     -27.0508     -27.9240     -26.3248     -25.9849     -26.8755
                -22.6298     -26.1801     -22.5978     -19.8013     -24.5451
                -28.0587     -26.8990     -30.3853     -36.6402     -26.6778
                -29.7763     -28.3299     -37.3468     -39.7579     -45.0533
                -39.6018     -33.4887     -36.4091     -35.1939     -39.6034
                -30.3362     -21.8224     -22.8894     -24.1401     -21.6342
                -23.8035     -17.9618     -25.9431     -21.7287     -17.8005
                -20.1764     -14.3042     -27.2431     -21.1431     -20.9153
                -18.8091     -19.0576     -24.1612     -20.6545     -24.9761
                -21.0677     -25.4093     -23.1749     -32.7605     -22.6807
   4      0     -27.0623     -27.9474     -26.3222     -25.9989     -26.8791
                -22.6357     -26.2032     -22.5941     -19.8126     -24.5325
                -28.0573     -26.8904     -30.3904     -36.6427     -26.6951
                -29.7911     -28.3430     -37.3658     -39.7709     -45.0779
                -39.6056     -33.4891     -36.4203     -35.1949     -39.6035
                -30.3373     -21.8351     -22.9023     -24.1620     -21.6326
                -23.7985     -17.9618     -25.9479     -21.7360     -17.7969
                -20.1927     -14.3207     -27.2609     -21.1484     -20.9207
                -18.8290     -19.0721     -24.1759     -20.6647     -24.9749
                -21.0814     -25.4018     -23.1883     -32.7513     -22.6917
   5      0     -27.0774     -27.9572     -26.3247     -26.0071     -26.8781
                -22.6398     -26.1921     -22.5961     -19.8152     -24.5567
                -28.0751     -26.9119     -30.3887     -36.6570     -26.6963
                -29.7938     -28.3441     -37.3701     -39.7704     -45.0744
                -39.6183     -33.5008     -36.4179     -35.1894     -39.6052
                -30.3530     -21.8496     -22.8986     -24.1734     -21.6525
                -23.8024     -17.9651     -25.9511     -21.7310     -17.7989
                -20.1982     -14.3224     -27.2557     -21.1570     -20.9207
                -18.8287     -19.0704     -24.1590     -20.6653     -25.0006
                -21.0789     -25.4125     -23.1710     -32.7430     -22.6976
   5     60     -27.1153     -27.9956     -26.3637     -26.0459     -26.9170
                -22.6782     -26.2307     -22.6351     -19.8539     -24.5954
                -28.1138     -26.9506     -30.4277     -36.6961     -26.7346
                -29.8319     -28.3831     -37.4094     -39.8092     -45.1136
                -39.6572     -33.5398     -36.4573     -35.2285     -39.6447
                -30.3915     -21.8874     -22.9371     -24.2120     -21.6912
                -23.8414     -18.0031     -25.9899     -21.7700     -17.8376
                -20.2363     -14.3604     -27.2945     -21.1954     -20.9589
                -18.8670     -19.1088     -24.1969     -20.7041     -25.0390
                -21.1173     -25.4509     -23.2098     -32.7821     -22.7364
   5     80     -27.2790     -28.1612     -26.5310     -26.2129     -27.0846
                -22.8431     -26.3964     -22.8031     -20.0208     -24.7622
                -28.2806     -27.1168     -30.5951     -36.8637     -26.8993
                -29.9961     -28.5509     -37.5772     -39.9754     -45.2815
                -39.8241     -33.7072     -36.6261     -35.3958     -39.8133
                -30.5572     -22.0503     -23.1030     -24.3782     -21.8581
                -24.0091     -18.1671     -26.1566     -21.9377     -18.0041
                -20.4008     -14.5242     -27.4608     -21.3605     -21.1235
                -19.0319     -19.2745     -24.3609     -20.8707     -25.2046
                -21.2822     -25.6163     -23.3769     -32.9500     -22.9034
   5    100     -27.6439     -28.5290     -26.8999     -26.5836     -27.4552
                -23.2119     -26.7655     -23.1776     -20.3945     -25.1351
                -28.6505     -27.4871     -30.9665     -37.2345     -27.2645
                -30.3623     -28.9202     -37.9464     -40.3416     -45.6485
                -40.1923     -34.0769     -36.9986     -35.7624     -40.1838
                -30.9260     -22.4155     -23.4728     -24.7485     -22.2306
                -24.3822     -18.5363     -26.5292     -22.3103     -18.3775
                -20.7705     -14.8938     -27.8301     -21.7293     -21.4921
                -19.4010     -19.6457     -24.7324     -21.2449     -25.5785
                -21.6537     -25.9875     -23.7500     -33.3226     -23.2757
 
 group  inft   Estimated free energy: 2-th solvent contribution (kcal/mol)
   1      0     -77.1517     -76.9501     -77.9067     -78.0201     -76.5741
                -81.2451     -77.4400     -83.4257     -87.0426     -80.4668
                -76.0772     -77.3480     -73.2953     -67.0028     -76.3032
                -72.7830     -74.5738     -65.9742     -62.4345     -55.8446
                -63.5283     -70.0311     -66.6201     -65.6023     -62.4523
                -73.9613     -82.1780     -83.4238     -81.8054     -84.7128
                -82.7558     -86.4769     -78.2692     -83.9716     -89.4475
                -85.4012     -91.7747     -76.0545     -83.5366     -83.6011
                -85.8556     -87.5186     -83.0678     -86.2059     -82.1379
                -85.9351     -81.1966     -82.2259     -71.5265     -83.4885
   1     60     -77.9647     -77.7648     -78.7203     -78.8396     -77.3910
                -82.0551     -78.2541     -84.2374     -87.8525     -81.2825
                -76.8910     -78.1598     -74.1126     -67.8212     -77.1215
                -73.5976     -75.3865     -66.7971     -63.2549     -56.6709
                -64.3481     -70.8491     -67.4410     -66.4227     -63.2731
                -74.7765     -82.9890     -84.2347     -82.6195     -85.5210
                -83.5669     -87.2840     -79.0837     -84.7788     -90.2567
                -86.2115     -92.5822     -76.8719     -84.3462     -84.4107
                -86.6667     -88.3288     -83.8828     -87.0175     -82.9525
                -86.7489     -82.0115     -83.0377     -72.3393     -84.2953
   1     80     -81.2779     -81.0841     -82.0339     -82.1741     -80.7142
                -85.3593     -81.5713     -87.5523     -91.1631     -84.6047
                -80.1996     -81.4716     -77.4358     -71.1540     -80.4414
                -76.9154     -78.7006     -70.1405     -66.5801     -60.0127
                -67.6753     -74.1711     -70.7721     -69.7384     -66.5987
                -78.0934     -86.2951     -87.5417     -85.9352     -88.8244
                -86.8818     -90.5912     -82.4060     -88.0827     -93.5627
                -89.5301     -95.8851     -80.1949     -87.6513     -87.7191
                -89.9788     -91.6396     -87.2155     -90.3271     -86.2793
                -90.0710     -85.3340     -86.3503     -75.6592     -87.5917
   1    100     -89.4550     -89.2702     -90.2044     -90.3791     -88.8930
                -93.5131     -89.7536     -95.7583     -99.3791     -92.8090
                -88.3972     -89.6561     -85.6216     -79.3600     -88.6018
                -85.0965     -86.8675     -78.3531     -74.7543     -68.1987
                -75.8484     -82.3434     -78.9598     -77.8479     -74.7817
                -86.2722     -94.4580     -95.7426     -94.1367     -97.0054
                -95.0847     -98.7590     -90.6154     -96.2473    -101.7649
                -97.7409    -104.0814     -88.3957     -95.8210     -95.8972
                -98.1684     -99.8506     -95.4557     -98.5292     -94.5196
                -98.3006     -93.5608     -94.5443     -83.8563     -95.7580
   2      0     -77.2438     -77.0610     -77.9688     -78.0400     -76.5978
                -81.3608     -77.4848     -83.4828     -87.1149     -80.5511
                -76.1860     -77.3887     -73.3949     -67.0873     -76.3823
                -72.8678     -74.6756     -66.0101     -62.4747     -55.9361
                -63.5987     -70.0969     -66.6906     -65.7213     -62.5425
                -74.0467     -82.2795     -83.5048     -81.8208     -84.7713
                -82.8183     -86.5296     -78.2919     -84.0375     -89.4983
                -85.4810     -91.7999     -76.1115     -83.5775     -83.6563
                -85.9271     -87.5493     -83.1232     -86.2799     -82.2042
                -85.9759     -81.2276     -82.2299     -71.6003     -83.5400
   3      0     -77.2364     -77.0352     -77.9734     -78.0620     -76.5967
                -81.3340     -77.4606     -83.4901     -87.0745     -80.5224
                -76.2052     -77.3820     -73.3997     -67.0361     -76.3647
                -72.8790     -74.6961     -66.0503     -62.5345     -55.9147
                -63.6764     -70.0536     -66.7176     -65.6944     -62.5619
                -74.0330     -82.2389     -83.5262     -81.8194     -84.8145
                -82.8398     -86.5475     -78.3126     -84.0448     -89.4508
                -85.4514     -91.8026     -76.1148     -83.5828     -83.6681
                -85.9332     -87.5616     -83.1049     -86.2687     -82.2043
                -85.9472     -81.2291     -82.2801     -71.5485     -83.5107
   4      0     -77.2804     -77.0699     -77.9891     -78.0499     -76.6643
                -81.3917     -77.5078     -83.4870     -87.1103     -80.5653
                -76.2055     -77.4582     -73.4787     -67.1301     -76.3712
                -72.8502     -74.7097     -66.0614     -62.5437     -56.0013
                -63.6076     -70.1285     -66.7519     -65.8123     -62.5595
                -74.0767     -82.3088     -83.5184     -81.7832     -84.8070
                -82.8192     -86.5228     -78.3395     -84.0232     -89.5033
                -85.5102     -91.8182     -76.1005     -83.6106     -83.7138
                -85.9482     -87.5799     -83.1150     -86.3002     -82.2384
                -85.9652     -81.2220     -82.2273     -71.6185     -83.5406
   5      0     -77.2869     -77.1191     -78.0575     -78.1471     -76.6332
                -81.4491     -77.5318     -83.5795     -87.2182     -80.5898
                -76.2527     -77.4994     -73.5755     -67.1143     -76.4766
                -72.9653     -74.7821     -66.1091     -62.6646     -56.0711
                -63.7270     -70.1541     -66.7808     -65.8884     -62.6470
                -74.1829     -82.3182     -83.5905     -81.8537     -84.8839
                -82.9260     -86.5578     -78.3336     -84.1841     -89.5682
                -85.5294     -91.8971     -76.1141     -83.6937     -83.7525
                -86.0150     -87.6356     -83.2109     -86.3296     -82.3288
                -86.0504     -81.2826     -82.3192     -71.6754     -83.5807
   5     60     -78.3019     -78.1359     -79.0754     -79.1663     -77.6518
                -82.4656     -78.5523     -84.5918     -88.2293     -81.6065
                -77.2680     -78.5152     -74.6004     -68.1380     -77.4959
                -73.9849     -75.7989     -67.1380     -63.6949     -57.1042
                -64.7497     -71.1755     -67.8054     -66.9155     -63.6712
                -75.2020     -83.3339     -84.6029     -82.8677     -85.8937
                -83.9404     -87.5677     -79.3515     -85.1936     -90.5776
                -86.5427     -92.9061     -77.1337     -84.7039     -84.7642
                -87.0278     -88.6469     -84.2297     -87.3434     -83.3478
                -87.0668     -82.2993     -83.3327     -72.6925     -84.5879
   5     80     -82.1807     -82.0204     -82.9577     -83.0659     -81.5391
                -86.3383     -82.4370     -88.4669     -92.1031     -85.4940
                -81.1502     -82.3914     -78.4943     -72.0286     -81.3801
                -77.8695     -79.6827     -71.0443     -67.5992     -61.0173
                -68.6398     -75.0609     -71.7012     -70.8040     -67.5593
                -79.0847     -87.2069     -88.4723     -86.7445     -89.7614
                -87.8180     -91.4374     -83.2363     -89.0569     -94.4438
                -90.4229     -96.7720     -81.0158     -88.5674     -88.6320
                -90.9015     -92.5213     -88.1268     -91.2131     -87.2397
                -90.9508     -86.1821     -87.2076     -76.5732     -88.4422
   5    100     -89.6356     -89.4928     -90.4066     -90.5521     -88.9967
                -93.7784     -89.9015     -95.9551     -99.5986     -92.9812
                -88.6208     -89.8639     -85.9788     -79.5110     -88.8321
                -85.3325     -87.1363     -78.5433     -75.0640     -68.4865
                -76.0988     -82.5141     -79.1734     -78.2172     -75.0261
                -86.5476     -94.6578     -95.9568     -94.2249     -97.2288
                -95.3064     -98.8917     -90.7262     -96.5082    -101.9234
                -97.9100    -104.2460     -88.4932     -96.0235     -96.0959
                -98.3736    -100.0122     -95.6462     -98.6937     -94.7591
                -98.4556     -93.6845     -94.6812     -84.0491     -95.8935
 
 
 cumulative average & 95% error for solvation free energy
              total             1st component         2nd component
  1  -104.3020              -27.0508              -77.2364
  2  -104.6381     0.6720   -27.4874     0.8732   -77.1358     0.2012
  3  -104.5297     0.4444   -27.0999     0.9246   -77.4150     0.5704
  4  -104.4127     0.3918   -26.8211     0.8592   -77.5767     0.5170
  5  -104.2276     0.4787   -26.8320     0.6659   -77.3807     0.5604
  6  -104.1861     0.3996   -26.1316     1.5025   -78.0396     1.3949
  7  -104.1103     0.3702   -26.1386     1.2700   -77.9569     1.1905
  8  -104.3594     0.5924   -25.6960     1.4118   -78.6485     1.7252
  9  -104.6406     0.7677   -25.0410     1.8072   -79.5847     2.4127
 10  -104.6848     0.6923   -24.9914     1.6195   -79.6785     2.1661
 11  -104.6479     0.6305   -25.2703     1.5674   -79.3627     2.0586
 12  -104.6186     0.5786   -25.4060     1.4564   -79.1977     1.9080
 13  -104.5556     0.5469   -25.7890     1.5432   -78.7517     1.9688
 14  -104.4938     0.5212   -26.5641     2.1082   -77.9149     2.4746
 15  -104.3981     0.5216   -26.5717     1.9627   -77.8115     2.3129
 16  -104.2901     0.5336   -26.7720     1.8791   -77.5032     2.2497
 17  -104.2166     0.5223   -26.8636     1.7746   -77.3381     2.1389
 18  -104.1719     0.5005   -27.4460     2.0386   -76.7110     2.3748
 19  -104.0738     0.5125   -28.0940     2.3234   -75.9649     2.6968
 20  -103.9192     0.5761   -28.9420     2.7811   -74.9624     3.2505
 21  -103.8894     0.5513   -29.4496     2.8335   -74.4249     3.2733
 22  -103.8743     0.5265   -29.6332     2.7264   -74.2262     3.1462
 23  -103.8424     0.5071   -29.9278     2.6710   -73.8998     3.0764
 24  -103.7200     0.5438   -30.1472     2.5947   -73.5579     3.0237
 25  -103.6584     0.5359   -30.5255     2.6012   -73.1181     3.0307
 26  -103.6863     0.5179   -30.5182     2.4992   -73.1532     2.9127
 27  -103.7007     0.4992   -30.1961     2.4896   -73.4897     2.8824
 28  -103.7982     0.5191   -29.9352     2.4551   -73.8482     2.8686
 29  -103.8733     0.5228   -29.7353     2.4024   -74.1231     2.8220
 30  -103.9596     0.5338   -29.4653     2.3830   -74.4794     2.8179
 31  -104.0467     0.5449   -29.2827     2.3336   -74.7491     2.7783
 32  -104.0616     0.5284   -28.9289     2.3677   -75.1178     2.7894
 33  -104.0679     0.5123   -28.8384     2.3019   -75.2146     2.7104
 34  -104.1185     0.5072   -28.6293     2.2720   -75.4744     2.6803
 35  -104.2085     0.5243   -28.3199     2.2913   -75.8737     2.7224
 36  -104.2483     0.5157   -28.0937     2.2722   -76.1397     2.6987
 37  -104.2989     0.5117   -27.7210     2.3323   -76.5630     2.7579
 38  -104.2746     0.5005   -27.7084     2.2702   -76.5513     2.6844
 39  -104.2865     0.4880   -27.5401     2.2367   -76.7316     2.6394
 40  -104.2943     0.4759   -27.3745     2.2051   -76.9050     2.5959
 41  -104.3056     0.4647   -27.1656     2.1909   -77.1252     2.5698
 42  -104.3610     0.4669   -26.9725     2.1727   -77.3737     2.5566
 43  -104.4289     0.4757   -26.9071     2.1256   -77.5069     2.5107
 44  -104.4860     0.4786   -26.7650     2.0960   -77.7061     2.4851
 45  -104.5462     0.4831   -26.7253     2.0505   -77.8060     2.4374
 46  -104.6002     0.4846   -26.6023     2.0204   -77.9830     2.4100
 47  -104.6438     0.4822   -26.5769     1.9776   -78.0521     2.3622
 48  -104.6611     0.4733   -26.5060     1.9412   -78.1402     2.3192
 49  -104.6542     0.4637   -26.6337     1.9182   -78.0056     2.2872
 50  -104.6852     0.4586   -26.5546     1.8861   -78.1157     2.2518
 
 Mesh error is    0.099 kcal/mol
