 ERmod 0.3.8, Copyright (C) 2000-2019 Nobuyuki Matubayasi
                            2010-2019 Shun Sakuraba
 ERmod comes with ABSOLUTELY NO WARRANTY.
 This is free software, and you can redistribute it
 and/or modify it under certain conditions.
 See LICENSE file for details.
 
  Number of the   1-th solvent  =         1472
  Number of the   2-th solvent  =        10000
 
  Be sure that the solvent distribution is homogeneous (radial distribution function is essentially unity) when the solvent molecule is separated beyond distance of   10.0 Angstrom in any direction from any atom within the solute molecule
 
  LJ long-range correction    =        -3.5283     -5.7260
 
  Self-energy of the solute   =        -0.0028  kcal/mol
 
 
 cumulative average & 95% error for solvation energy
              total             1st component         2nd component
  1  -448.2097             -121.1069             -327.1000
  2  -446.7650     2.8894  -118.7952     4.6234  -327.9670     1.7340
  3  -446.1106     2.1203  -115.8373     6.4901  -330.2705     4.7145
  4  -446.5813     1.7703  -118.0947     6.4377  -328.4838     4.8870
  5  -446.4769     1.3871  -120.5921     7.0580  -325.8820     6.4349
  6  -446.2930     1.1907  -126.0043    12.2628  -320.2859    12.3640
  7  -446.5969     1.1756  -126.5909    10.4301  -320.0032    10.4647
  8  -446.5015     1.0358  -127.3348     9.1545  -319.1639     9.2169
  9  -446.8059     1.0978  -126.6618     8.1849  -320.1413     8.3603
 10  -446.8529     0.9864  -126.5250     7.3260  -320.3251     7.4867
 11  -447.0427     0.9696  -129.8929     9.4490  -317.1470     9.2877
 12  -446.4862     1.4221  -132.1129     9.7014  -314.3705    10.1351
 13  -446.1411     1.4790  -133.9403     9.6434  -312.1980    10.2858
 14  -445.8329     1.5017  -134.4119     8.9777  -311.4182     9.6496
 15  -445.6074     1.4689  -135.3421     8.5623  -310.2625     9.2759
 16  -445.3429     1.4724  -136.4168     8.2927  -308.9233     9.0808
 17  -445.0925     1.4709  -137.0483     7.8914  -308.0414     8.7104
 18  -444.6520     1.6430  -135.7188     7.9009  -308.9304     8.4025
 19  -444.7286     1.5616  -135.3947     7.5016  -309.3311     7.9882
 20  -444.9431     1.5424  -134.9086     7.1827  -310.0317     7.7068
 21  -445.0506     1.4827  -134.9822     6.8337  -310.0656     7.3309
 22  -445.1846     1.4389  -135.4241     6.5754  -309.7577     7.0168
 23  -445.3441     1.4114  -137.4800     7.5089  -307.8613     7.7033
 24  -445.5035     1.3884  -138.2363     7.3466  -307.2645     7.4713
 25  -445.5357     1.3333  -137.7191     7.1221  -307.8138     7.2499
 26  -445.5602     1.2819  -138.1765     6.9036  -307.3809     7.0191
 27  -445.2647     1.3678  -138.1580     6.6430  -307.1039     6.7768
 28  -445.1257     1.3470  -137.7165     6.4620  -307.4065     6.5583
 29  -445.0036     1.3225  -137.5310     6.2462  -307.4698     6.3294
 30  -444.8863     1.2990  -137.1628     6.0792  -307.7207     6.1353
 31  -445.0061     1.2790  -137.4311     5.9043  -307.5722     5.9415
 32  -445.1200     1.2592  -137.7872     5.7610  -307.3300     5.7732
 33  -445.1584     1.2229  -138.3788     5.7076  -306.7769     5.7038
 34  -445.2389     1.1972  -138.8278     5.6096  -306.4083     5.5824
 35  -445.2339     1.1625  -139.5552     5.6379  -305.6759     5.6150
 36  -445.2277     1.1299  -139.3852     5.4896  -305.8397     5.4666
 37  -445.2596     1.1007  -138.8047     5.4639  -306.4521     5.4560
 38  -445.2997     1.0744  -138.8433     5.3188  -306.4536     5.3105
 39  -445.4231     1.0752  -138.3060     5.2909  -307.1143     5.3387
 40  -445.5093     1.0620  -137.6570     5.3177  -307.8495     5.4073
 41  -445.4731     1.0384  -137.1549     5.2828  -308.3154     5.3554
 42  -445.4969     1.0144  -136.4758     5.3313  -309.0183     5.4121
 43  -445.4719     0.9918  -136.2316     5.2287  -309.2376     5.3029
 44  -445.5205     0.9739  -136.2819     5.1095  -309.2359     5.1810
 45  -445.5663     0.9564  -136.3741     4.9981  -309.1895     5.0654
 46  -445.5694     0.9354  -136.4207     4.8891  -309.1460     4.9548
 47  -445.5901     0.9162  -136.6891     4.8140  -308.8983     4.8735
 48  -445.6230     0.8993  -136.8308     4.7211  -308.7894     4.7759
 49  -445.6635     0.8845  -136.9248     4.6276  -308.7359     4.6786
 50  -445.6884     0.8681  -136.7478     4.5479  -308.9378     4.6018
 
 
 group  inft  solvation free energy     error          difference
  total solvation free energy
   1      0        -93.60580           0.38958           0.12656
   1     60        -95.06739           0.38912          -1.33503
   1     80        -99.21729           0.38992          -5.48493
   1    100       -106.78499           0.39192         -13.05264
   2      0        -93.64281           0.39209           0.08955
   3      0        -93.73236           0.39282           0.00000
   4      0        -93.75847           0.39442          -0.02612
   5      0        -93.82011           0.39181          -0.08775
   5     60        -95.60122           0.39123          -1.86887
   5     80       -100.20301           0.39242          -6.47065
   5    100       -107.02998           0.39396         -13.29763
 
  contribution from  1-th solvent component
   1      0        -43.90811           1.82939           0.03736
   1     60        -44.12356           1.82972          -0.17809
   1     80        -44.74637           1.83013          -0.80090
   1    100        -45.94850           1.83061          -2.00303
   2      0        -43.94190           1.82844           0.00357
   3      0        -43.94547           1.82763           0.00000
   4      0        -43.96582           1.82783          -0.02035
   5      0        -43.97071           1.82785          -0.02524
   5     60        -44.23418           1.82818          -0.28871
   5     80        -44.92905           1.82861          -0.98358
   5    100        -46.01950           1.82889          -2.07402
 
  contribution from  2-th solvent component
   1      0        -49.69492           1.90783           0.08920
   1     60        -50.94106           1.90590          -1.15694
   1     80        -54.46815           1.90411          -4.68403
   1    100        -60.83372           1.90040         -11.04961
   2      0        -49.69814           1.90872           0.08597
   3      0        -49.78412           1.91016           0.00000
   4      0        -49.78989           1.91122          -0.00577
   5      0        -49.84662           1.90928          -0.06251
   5     60        -51.36427           1.90727          -1.58015
   5     80        -55.27119           1.90532          -5.48707
   5    100        -61.00772           1.90250         -11.22360
 
 
 group  inft   Estimated free energy: total (kcal/mol)
   1      0     -94.6634     -93.7620     -93.3501     -94.7307     -93.5357
                -92.7934     -94.6191     -93.3488     -95.6342     -95.0413
                -94.1176     -91.0274     -91.2979     -91.9486     -92.3255
                -91.3431     -91.9557     -90.3894     -93.9511     -95.5782
                -93.9815     -94.4714     -94.4227     -94.9441     -93.8815
                -93.7019     -90.1842     -92.4541     -91.8674     -91.9052
                -95.3747     -95.0115     -93.9093     -94.2214     -92.5142
                -92.9396     -93.7928     -94.0719     -96.0322     -95.2109
                -93.2943     -94.1605     -93.2357     -95.0312     -94.5885
                -92.9730     -94.1254     -93.8396     -94.3826     -94.3537
   1     60     -96.1172     -95.2125     -94.7957     -96.1866     -95.0059
                -94.2580     -96.0777     -94.8064     -97.0853     -96.4935
                -95.5938     -92.4984     -92.7758     -93.4122     -93.7962
                -92.8130     -93.4196     -91.8336     -95.4079     -97.0337
                -95.4557     -95.9302     -95.9031     -96.4111     -95.3427
                -95.1717     -91.6408     -93.9095     -93.3266     -93.3630
                -96.8333     -96.4790     -95.3848     -95.6829     -94.0013
                -94.4053     -95.2442     -95.5362     -97.4883     -96.6606
                -94.7471     -95.6034     -94.6958     -96.4940     -96.0547
                -94.4422     -95.5894     -95.3026     -95.8407     -95.8063
   1     80    -100.2528     -99.3338     -98.9203    -100.3334     -99.1746
                -98.3906    -100.2221     -98.9523    -101.2368    -100.6397
                -99.7556     -96.6553     -96.9335     -97.5811     -97.9380
                -96.9607     -97.5527     -95.9461     -99.5637    -101.1767
                -99.6167    -100.0731    -100.0889    -100.5783     -99.5111
                -99.3394     -95.7684     -98.0567     -97.4880     -97.5050
               -100.9980    -100.6290     -99.5500     -99.8318     -98.1737
                -98.5618     -99.3872     -99.6892    -101.6401    -100.8057
                -98.9042     -99.7171     -98.8503    -100.6572    -100.2079
                -98.6013     -99.7405     -99.4604     -99.9776     -99.9364
   1    100    -107.7909    -106.8691    -106.4330    -107.9005    -106.7572
               -105.9500    -107.7737    -106.4986    -108.8094    -108.1936
               -107.3671    -104.2389    -104.5078    -105.1574    -105.5091
               -104.5346    -105.1132    -103.4639    -107.1385    -108.7408
               -107.1924    -107.6322    -107.7335    -108.1494    -107.1083
               -106.9218    -103.2738    -105.6289    -105.0468    -105.0433
               -108.5734    -108.2103    -107.1464    -107.4073    -105.7812
               -106.1382    -106.9371    -107.2709    -109.2426    -108.3412
               -106.4735    -107.2523    -106.4210    -108.2443    -107.7991
               -106.1828    -107.3106    -107.0272    -107.5358    -107.4770
   2      0     -94.7290     -93.8024     -93.4118     -94.7520     -93.5997
                -92.8188     -94.6444     -93.4049     -95.6744     -95.0936
                -94.0846     -91.0329     -91.2840     -91.9631     -92.3761
                -91.3686     -92.0259     -90.3956     -94.0183     -95.6525
                -93.9684     -94.5124     -94.4672     -94.9926     -93.9013
                -93.7405     -90.2183     -92.4903     -91.8863     -91.8910
                -95.4072     -95.0484     -93.9492     -94.2738     -92.5492
                -93.0100     -93.8455     -94.1050     -96.0636     -95.2940
                -93.3628     -94.1799     -93.2711     -95.0778     -94.6136
                -92.9695     -94.1566     -93.9125     -94.4599     -94.3900
   3      0     -94.8304     -93.9076     -93.5252     -94.8473     -93.7188
                -92.8684     -94.7037     -93.5196     -95.7988     -95.2038
                -94.1865     -91.1297     -91.3064     -92.0304     -92.4299
                -91.4527     -92.0947     -90.4981     -94.1176     -95.7413
                -94.0334     -94.5962     -94.5521     -95.1062     -94.0565
                -93.7996     -90.3201     -92.5560     -91.9654     -92.0404
                -95.4858     -95.1565     -93.9979     -94.3863     -92.6218
                -93.0857     -93.9322     -94.1998     -96.1191     -95.4002
                -93.4694     -94.2568     -93.4305     -95.1510     -94.6602
                -93.0469     -94.2300     -94.0294     -94.5578     -94.4636
   4      0     -94.8727     -93.9386     -93.5377     -94.8935     -93.7542
                -92.8880     -94.7977     -93.5634     -95.7983     -95.2134
                -94.2058     -91.1341     -91.3289     -92.1244     -92.4586
                -91.3799     -92.1665     -90.4977     -94.1568     -95.7497
                -94.0175     -94.6354     -94.5206     -95.0970     -94.0470
                -93.8487     -90.3564     -92.5636     -91.9861     -92.0309
                -95.5699     -95.1986     -94.0291     -94.4281     -92.6625
                -93.1326     -93.9682     -94.2215     -96.1589     -95.4381
                -93.4843     -94.3050     -93.4050     -95.2080     -94.6488
                -93.0646     -94.3218     -94.0447     -94.5817     -94.4890
   5      0     -94.8961     -93.9849     -93.5546     -94.9157     -93.8241
                -92.9816     -94.8045     -93.6331     -95.8578     -95.2444
                -94.2611     -91.2399     -91.4126     -92.1355     -92.5293
                -91.5726     -92.1815     -90.5772     -94.1980     -95.8320
                -94.1528     -94.7080     -94.5665     -95.2371     -94.1247
                -93.9378     -90.4448     -92.5918     -92.0208     -92.0979
                -95.6048     -95.2037     -94.0768     -94.4788     -92.6982
                -93.1344     -94.0439     -94.2946     -96.2258     -95.4783
                -93.5223     -94.3889     -93.5608     -95.2384     -94.7433
                -93.1846     -94.3456     -94.0910     -94.6354     -94.5370
   5     60     -96.6685     -95.7493     -95.3162     -96.6918     -95.6176
                -94.7623     -96.5809     -95.4110     -97.6291     -97.0149
                -96.0581     -93.0307     -93.2099     -93.9211     -94.3160
                -93.3681     -93.9605     -92.3422     -95.9761     -97.6088
                -95.9419     -96.4834     -96.3713     -97.0255     -95.9099
                -95.7285     -92.2193     -94.3693     -93.8034     -93.8744
                -97.3809     -96.9889     -95.8737     -96.2584     -94.5038
                -94.9203     -95.8172     -96.0792     -97.9996     -97.2456
                -95.2971     -96.1504     -95.3439     -97.0210     -96.5291
                -94.9752     -96.1279     -95.8725     -96.4121     -96.3046
   5     80    -101.2563    -100.3234     -99.8860    -101.2943    -100.2348
                -99.3447    -101.1743    -100.0034    -102.2355    -101.6054
               -100.6845     -97.6390     -97.8091     -98.5312     -98.9162
                -97.9651     -98.5383     -96.9110    -100.5817    -102.2080
               -100.5525    -101.0806    -101.0225    -101.6455    -100.5333
               -100.3376     -96.7898     -98.9753     -98.4158     -98.4717
               -101.9908    -101.6003    -100.4987    -100.8622     -99.1269
                -99.5223    -100.4111    -100.6865    -102.6061    -101.8371
                -99.9037    -100.7228     -99.9574    -101.6350    -101.1330
                -99.5879    -100.7288    -100.4782    -101.0081    -100.8871
   5    100    -108.0700    -107.1188    -106.6705    -108.1151    -107.0772
               -106.1619    -107.9933    -106.8152    -109.0752    -108.4251
               -107.5398    -104.4792    -104.6381    -105.3746    -105.7449
               -104.7976    -105.3561    -103.6977    -107.4173    -109.0281
               -107.3902    -107.8994    -107.9161    -108.4726    -107.3880
               -107.1735    -103.5722    -105.7985    -105.2332    -105.2830
               -108.8292    -108.4316    -107.3423    -107.6956    -105.9786
               -106.3490    -107.2221    -107.5322    -109.4519    -108.6459
               -106.7358    -107.5218    -106.7902    -108.4755    -107.9713
               -106.4192    -107.5510    -107.3080    -107.8326    -107.6931
 
 group  inft   Estimated free energy: 1-th solvent contribution (kcal/mol)
   1      0     -37.3418     -35.5889     -32.5298     -39.1452     -40.8721
                -50.6892     -41.7210     -42.2949     -38.7237     -39.5822
                -54.7632     -51.4766     -50.6577     -45.2226     -48.4730
                -49.4390     -47.9572     -34.0547     -41.5856     -39.4357
                -43.2639     -47.7104     -63.0875     -51.6944     -39.3376
                -49.0217     -44.0244     -39.5346     -42.2141     -39.5916
                -48.3895     -48.8207     -51.9647     -50.9827     -54.2741
                -41.8861     -36.2918     -45.7434     -36.9279     -34.2796
                -36.0422     -32.8474     -39.2096     -44.9874     -45.2895
                -43.5599     -49.1642     -46.8891     -46.0021     -40.8193
   1     60     -37.5537     -35.8023     -32.7425     -39.3600     -41.0883
                -50.9036     -41.9362     -42.5091     -38.9385     -39.7967
                -54.9812     -51.6927     -50.8758     -45.4391     -48.6898
                -49.6569     -48.1732     -34.2669     -41.8000     -39.6517
                -43.4831     -47.9254     -63.3052     -51.9112     -39.5515
                -49.2383     -44.2396     -39.7495     -42.4305     -39.8074
                -48.6040     -49.0373     -52.1806     -51.1973     -54.4921
                -42.1022     -36.5049     -45.9588     -37.1425     -34.4925
                -36.2564     -33.0609     -39.4246     -45.2022     -45.5070
                -43.7787     -49.3813     -47.1049     -46.2171     -41.0331
   1     80     -38.1686     -36.4198     -33.3601     -39.9826     -41.7125
                -51.5209     -42.5587     -43.1298     -39.5630     -40.4193
                -55.6070     -52.3147     -51.5009     -46.0660     -49.3120
                -50.2831     -48.7938     -34.8824     -42.4223     -40.2766
                -44.1130     -48.5471     -63.9327     -52.5381     -40.1731
                -49.8639     -44.8597     -40.3725     -43.0577     -40.4310
                -49.2272     -49.6614     -52.8022     -51.8180     -55.1162
                -42.7258     -37.1242     -46.5809     -37.7653     -35.1122
                -36.8800     -33.6806     -40.0470     -45.8245     -46.1339
                -44.4091     -50.0073     -47.7294     -46.8385     -41.6522
   1    100     -39.3621     -37.6156     -34.5544     -41.1863     -42.9168
                -52.7165     -43.7587     -44.3291     -40.7704     -41.6190
                -56.8154     -53.5150     -52.7025     -47.2701     -50.5148
                -51.4891     -49.9916     -36.0768     -43.6256     -41.4812
                -45.3193     -49.7461     -65.1450     -53.7439     -41.3797
                -51.0704     -46.0522     -41.5773     -44.2620     -41.6310
                -50.4298     -50.8664     -54.0045     -53.0166     -56.3189
                -43.9281     -38.3210     -47.7829     -38.9743     -36.3086
                -38.0844     -34.8808     -41.2493     -47.0284     -47.3413
                -45.6193     -51.2123     -48.9316     -48.0391     -42.8496
   2      0     -37.3940     -35.6370     -32.5690     -39.1792     -40.9152
                -50.7224     -41.7495     -42.3368     -38.7486     -39.6286
                -54.7836     -51.5135     -50.6857     -45.2681     -48.5106
                -49.4462     -48.0047     -34.0862     -41.6332     -39.4692
                -43.2897     -47.7445     -63.1048     -51.7115     -39.3663
                -49.0401     -44.0416     -39.5694     -42.2444     -39.6241
                -48.4426     -48.8730     -51.9932     -51.0109     -54.3261
                -41.9267     -36.3287     -45.7691     -36.9538     -34.3144
                -36.0956     -32.8855     -39.2455     -45.0287     -45.3151
                -43.5624     -49.1789     -46.9321     -46.0363     -40.8584
   3      0     -37.3999     -35.6518     -32.5840     -39.1814     -40.9134
                -50.7290     -41.7575     -42.3430     -38.7622     -39.6373
                -54.7976     -51.5048     -50.6462     -45.2646     -48.5019
                -49.4323     -48.0121     -34.0916     -41.6444     -39.4697
                -43.2566     -47.7769     -63.1236     -51.7282     -39.3787
                -49.0339     -44.0469     -39.5767     -42.2480     -39.6188
                -48.4461     -48.8789     -52.0014     -51.0294     -54.2984
                -41.9160     -36.3258     -45.7825     -36.9765     -34.3352
                -36.1245     -32.8921     -39.2504     -45.0395     -45.2924
                -43.5464     -49.1805     -46.9306     -46.0503     -40.8637
   4      0     -37.4184     -35.6774     -32.5998     -39.2076     -40.9573
                -50.7463     -41.7700     -42.3810     -38.7720     -39.6487
                -54.8028     -51.5252     -50.6665     -45.2930     -48.5175
                -49.4536     -48.0460     -34.1070     -41.6694     -39.4816
                -43.2796     -47.7999     -63.1442     -51.7378     -39.4066
                -49.0584     -44.0638     -39.6052     -42.2773     -39.6523
                -48.4780     -48.8782     -52.0127     -51.0511     -54.3418
                -41.9475     -36.3623     -45.7792     -36.9943     -34.3504
                -36.1240     -32.8858     -39.2716     -45.0499     -45.3071
                -43.5723     -49.1995     -46.9576     -46.0793     -40.8822
   5      0     -37.4275     -35.6708     -32.5914     -39.2084     -40.9707
                -50.7553     -41.7602     -42.3776     -38.7869     -39.6426
                -54.7922     -51.5220     -50.6747     -45.2926     -48.5404
                -49.4541     -48.0425     -34.0949     -41.6678     -39.5074
                -43.2700     -47.8042     -63.1388     -51.7725     -39.4122
                -49.0662     -44.0696     -39.6135     -42.2707     -39.6366
                -48.5023     -48.8850     -52.0202     -51.0688     -54.3144
                -41.9529     -36.3913     -45.7851     -36.9934     -34.3671
                -36.1368     -32.8824     -39.2883     -45.0602     -45.3178
                -43.5762     -49.2379     -46.9426     -46.0817     -40.8971
   5     60     -37.6871     -35.9315     -32.8512     -39.4715     -41.2354
                -51.0172     -42.0230     -42.6399     -39.0499     -39.9055
                -55.0584     -51.7859     -50.9408     -45.5578     -48.8047
                -49.7208     -48.3060     -34.3549     -41.9306     -39.7716
                -43.5371     -48.0671     -63.4054     -52.0374     -39.6743
                -49.3308     -44.3322     -39.8768     -42.5359     -39.9006
                -48.7644     -49.1494     -52.2840     -51.3310     -54.5801
                -42.2171     -36.6528     -46.0485     -37.2556     -34.6276
                -36.3995     -33.1440     -39.5517     -45.3229     -45.5837
                -43.8436     -49.5030     -47.2061     -46.3444     -41.1584
   5     80     -38.3742     -36.6214     -33.5395     -40.1675     -41.9315
                -51.7061     -42.7170     -43.3319     -39.7472     -40.6004
                -55.7581     -52.4795     -51.6362     -46.2559     -49.4995
                -50.4177     -48.9978     -35.0422     -42.6255     -40.4689
                -44.2388     -48.7620     -64.1073     -52.7361     -40.3679
                -50.0266     -45.0223     -40.5726     -43.2355     -40.5971
                -49.4588     -49.8468     -52.9782     -52.0239     -55.2758
                -42.9122     -37.3447     -46.7428     -37.9506     -35.3187
                -37.0953     -33.8364     -40.2472     -46.0174     -46.2830
                -44.5459     -50.2012     -47.9015     -47.0384     -41.8498
   5    100     -39.4597     -37.7072     -34.6233     -41.2594     -43.0241
                -52.7904     -43.8062     -44.4202     -40.8440     -41.6913
                -56.8521     -53.5677     -52.7247     -47.3499     -50.5904
                -51.5089     -50.0841     -36.1259     -43.7182     -41.5608
                -45.3327     -49.8517     -65.2074     -53.8288     -41.4617
                -51.1194     -46.1037     -41.6641     -44.3277     -41.6874
                -50.5505     -50.9391     -54.0676     -53.1109     -56.3651
                -44.0023     -38.4321     -47.8336     -39.0449     -36.4063
                -38.1891     -34.9243     -41.3382     -47.1092     -47.3772
                -45.6403     -51.2932     -48.9920     -48.1281     -42.9377
 
 group  inft   Estimated free energy: 2-th solvent contribution (kcal/mol)
   1      0     -57.3188     -58.1703     -60.8175     -55.5828     -52.6609
                -42.1014     -52.8953     -51.0511     -56.9077     -55.4564
                -39.3516     -39.5480     -40.6374     -46.7232     -43.8498
                -41.9014     -43.9958     -56.3319     -52.3628     -56.1397
                -50.7149     -46.7582     -31.3325     -43.2469     -54.5412
                -44.6774     -46.1570     -52.9167     -49.6506     -52.3108
                -46.9824     -46.1880     -41.9419     -43.2360     -38.2373
                -51.0507     -57.4982     -48.3257     -59.1016     -60.9286
                -57.2493     -61.3103     -54.0233     -50.0410     -49.2962
                -49.4104     -44.9583     -46.9477     -48.3778     -53.5316
   1     60     -58.5607     -59.4075     -62.0505     -56.8238     -53.9148
                -43.3516     -54.1387     -52.2945     -58.1440     -56.6940
                -40.6099     -40.8029     -41.8972     -47.9703     -45.1036
                -43.1534     -45.2437     -57.5639     -53.6052     -57.3792
                -51.9698     -48.0020     -32.5952     -44.4972     -55.7884
                -45.9306     -47.3985     -54.1572     -50.8934     -53.5528
                -48.2265     -47.4389     -43.2014     -44.4827     -39.5065
                -52.3004     -58.7365     -49.5746     -60.3430     -62.1653
                -58.4879     -62.5397     -55.2684     -51.2890     -50.5450
                -50.6607     -46.2054     -48.1949     -49.6209     -54.7705
   1     80     -62.0814     -62.9113     -65.5574     -60.3480     -57.4593
                -46.8669     -57.6607     -55.8198     -61.6711     -60.2177
                -44.1458     -44.3378     -45.4298     -51.5123     -48.6232
                -46.6748     -48.7561     -61.0610     -57.1386     -60.8972
                -55.5009     -51.5232     -36.1535     -48.0374     -59.3353
                -49.4727     -50.9059     -57.6814     -54.4276     -57.0713
                -51.7680     -50.9649     -46.7449     -48.0111     -43.0547
                -55.8333     -62.2602     -53.1055     -63.8720     -65.6907
                -62.0215     -66.0337     -58.8005     -54.8299     -54.0712
                -54.1894     -49.7304     -51.7283     -53.1364     -58.2814
   1    100     -68.4260     -69.2507     -71.8759     -66.7115     -63.8376
                -53.2307     -64.0122     -62.1667     -68.0363     -66.5718
                -50.5490     -50.7212     -51.8026     -57.8845     -54.9915
                -53.0427     -55.1188     -67.3843     -63.5102     -67.2568
                -61.8703     -57.8833     -42.5857     -54.4028     -65.7258
                -55.8486     -57.2188     -64.0488     -60.7820     -63.4095
                -58.1408     -57.3411     -53.1391     -54.3879     -49.4596
                -62.2073     -68.6133     -59.4852     -70.2656     -72.0298
                -68.3863     -72.3688     -65.1689     -61.2131     -60.4550
                -60.5607     -56.0956     -58.0928     -59.4939     -64.6246
   2      0     -57.3322     -58.1627     -60.8400     -55.5701     -52.6817
                -42.0936     -52.8921     -51.0653     -56.9231     -55.4622
                -39.2982     -39.5165     -40.5955     -46.6922     -43.8627
                -41.9196     -44.0184     -56.3067     -52.3823     -56.1806
                -50.6759     -46.7651     -31.3596     -43.2783     -54.5323
                -44.6976     -46.1739     -52.9182     -49.6392     -52.2641
                -46.9618     -46.1726     -41.9532     -43.2601     -38.2204
                -51.0805     -57.5141     -48.3331     -59.1070     -60.9769
                -57.2645     -61.2917     -54.0228     -50.0463     -49.2957
                -49.4044     -44.9750     -46.9776     -48.4208     -53.5289
   3      0     -57.4277     -58.2530     -60.9385     -55.6631     -52.8026
                -42.1367     -52.9434     -51.1738     -57.0338     -55.5637
                -39.3862     -39.6221     -40.6574     -46.7631     -43.9252
                -42.0176     -44.0799     -56.4038     -52.4703     -56.2689
                -50.7741     -46.8165     -31.4257     -43.3752     -54.6751
                -44.7629     -46.2704     -52.9766     -49.7146     -52.4188
                -47.0369     -46.2748     -41.9937     -43.3542     -38.3207
                -51.1670     -57.6036     -48.4145     -59.1398     -61.0622
                -57.3421     -61.3619     -54.1773     -50.1087     -49.3651
                -49.4977     -45.0468     -47.0960     -48.5048     -53.5972
   4      0     -57.4516     -58.2585     -60.9351     -55.6831     -52.7941
                -42.1390     -53.0249     -51.1796     -57.0235     -55.5620
                -39.4002     -39.6062     -40.6597     -46.8286     -43.9384
                -41.9235     -44.1177     -56.3880     -52.4846     -56.2653
                -50.7351     -46.8327     -31.3737     -43.3564     -54.6377
                -44.7875     -46.2897     -52.9556     -49.7060     -52.3758
                -47.0892     -46.3176     -42.0136     -43.3743     -38.3179
                -51.1823     -57.6031     -48.4395     -59.1618     -61.0850
                -57.3575     -61.4164     -54.1306     -50.1553     -49.3390
                -49.4895     -45.1195     -47.0844     -48.4996     -53.6041
   5      0     -57.4658     -58.3114     -60.9604     -55.7045     -52.8506
                -42.2235     -53.0416     -51.2527     -57.0681     -55.5991
                -39.4661     -39.7151     -40.7352     -46.8402     -43.9861
                -42.1157     -44.1362     -56.4795     -52.5275     -56.3219
                -50.8800     -46.9010     -31.4249     -43.4618     -54.7097
                -44.8688     -46.3724     -52.9756     -49.7473     -52.4585
                -47.0997     -46.3160     -42.0538     -43.4073     -38.3811
                -51.1787     -57.6498     -48.5067     -59.2296     -61.1084
                -57.3827     -61.5037     -54.2697     -50.1755     -49.4228
                -49.6056     -45.1050     -47.1457     -48.5510     -53.6370
   5     60     -58.9786     -59.8150     -62.4622     -57.2175     -54.3794
                -43.7424     -54.5552     -52.7684     -58.5765     -57.1066
                -40.9970     -41.2420     -42.2663     -48.3605     -45.5085
                -43.6445     -45.6518     -57.9844     -54.0427     -57.8344
                -52.4020     -48.4135     -32.9631     -44.9853     -56.2329
                -46.3949     -47.8843     -54.4898     -51.2647     -53.9710
                -48.6137     -47.8367     -43.5869     -44.9246     -39.9209
                -52.7004     -59.1616     -50.0280     -60.7412     -62.6152
                -58.8948     -63.0037     -55.7894     -51.6953     -50.9426
                -51.1288     -46.6221     -48.6637     -50.0649     -55.1434
   5     80     -62.8793     -63.6992     -66.3437     -61.1240     -58.3005
                -47.6358     -58.4545     -56.6687     -62.4855     -61.0022
                -44.9236     -45.1567     -46.1702     -52.2725     -49.4139
                -47.5446     -49.5377     -61.8660     -57.9535     -61.7362
                -56.3109     -52.3159     -36.9125     -48.9066     -60.1626
                -50.3082     -51.7648     -58.3999     -55.1775     -57.8719
                -52.5292     -51.7508     -47.5177     -48.8356     -43.8483
                -56.6073     -63.0636     -53.9410     -64.6527     -66.5156
                -62.8056     -66.8836     -59.7074     -55.6149     -54.8472
                -55.0392     -50.5248     -52.5739     -53.9670     -59.0345
   5    100     -68.6076     -69.4089     -72.0445     -66.8529     -64.0503
                -53.3687     -64.1843     -62.3922     -68.2283     -66.7310
                -50.6849     -50.9087     -51.9107     -58.0219     -55.1517
                -53.2859     -55.2692     -67.5691     -63.6963     -67.4644
                -62.0547     -58.0449     -42.7060     -54.6410     -65.9235
                -56.0514     -57.4658     -64.1316     -60.9027     -63.5928
                -58.2759     -57.4898     -53.2720     -54.5820     -49.6107
                -62.3439     -68.7873     -59.6959     -70.4043     -72.2369
                -68.5439     -72.5947     -65.4492     -61.3635     -60.5913
                -60.7761     -56.2550     -58.3132     -59.7016     -64.7527
 
 
 cumulative average & 95% error for solvation free energy
              total             1st component         2nd component
  1   -94.8304              -37.3999              -57.4277
  2   -94.3690     0.9228   -36.5259     1.7481   -57.8404     0.8253
  3   -94.0877     0.7748   -35.2119     2.8151   -58.8731     2.1197
  4   -94.2776     0.6666   -36.2043     2.8110   -58.0706     2.1960
  5   -94.1659     0.5627   -37.1461     2.8791   -57.0170     2.7081
  6   -93.9496     0.6310   -39.4099     5.1015   -54.5369     5.4306
  7   -94.0573     0.5751   -39.7453     4.3634   -54.3093     4.6122
  8   -93.9901     0.5159   -40.0700     3.8342   -53.9174     4.0705
  9   -94.1911     0.6071   -39.9247     3.3939   -54.2636     3.6560
 10   -94.2924     0.5795   -39.8960     3.0362   -54.3936     3.2804
 11   -94.2827     0.5246   -41.2507     3.8579   -53.0293     4.0311
 12   -94.0200     0.7110   -42.1052     3.9145   -51.9121     4.3052
 13   -93.8113     0.7759   -42.7622     3.8331   -51.0463     4.3222
 14   -93.6841     0.7620   -42.9409     3.5667   -50.7404     4.0481
 15   -93.6004     0.7289   -43.3116     3.4022   -50.2860     3.8766
 16   -93.4662     0.7327   -43.6942     3.2731   -49.7693     3.7706
 17   -93.3855     0.7069   -43.9482     3.1163   -49.4346     3.6046
 18   -93.2251     0.7397   -43.4006     3.1355   -49.8218     3.4855
 19   -93.2721     0.7060   -43.3082     2.9717   -49.9612     3.3087
 20   -93.3956     0.7138   -43.1162     2.8452   -50.2765     3.2017
 21   -93.4259     0.6817   -43.1229     2.7063   -50.3002     3.0458
 22   -93.4791     0.6586   -43.3345     2.6148   -50.1419     2.9213
 23   -93.5258     0.6362   -44.1949     3.0338   -49.3281     3.2312
 24   -93.5916     0.6232   -44.5088     2.9717   -49.0801     3.1331
 25   -93.6102     0.5989   -44.3036     2.8798   -49.3039     3.0383
 26   -93.6175     0.5756   -44.4855     2.7906   -49.1292     2.9400
 27   -93.4954     0.6053   -44.4692     2.6855   -49.0234     2.8369
 28   -93.4618     0.5872   -44.2945     2.6113   -49.1645     2.7482
 29   -93.4102     0.5759   -44.2239     2.5236   -49.1835     2.6521
 30   -93.3646     0.5638   -44.0704     2.4573   -49.2914     2.5712
 31   -93.4330     0.5622   -44.2116     2.3934   -49.2186     2.4911
 32   -93.4869     0.5549   -44.3574     2.3357   -49.1266     2.4190
 33   -93.5023     0.5387   -44.5891     2.3107   -48.9105     2.3841
 34   -93.5283     0.5252   -44.7785     2.2735   -48.7471     2.3359
 35   -93.5024     0.5126   -45.0505     2.2736   -48.4492     2.3451
 36   -93.4909     0.4987   -44.9634     2.2164   -48.5247     2.2840
 37   -93.5028     0.4856   -44.7300     2.2057   -48.7700     2.2750
 38   -93.5211     0.4741   -44.7577     2.1475   -48.7607     2.2144
 39   -93.5877     0.4806   -44.5582     2.1295   -49.0268     2.2216
 40   -93.6331     0.4771   -44.3026     2.1376   -49.3277     2.2474
 41   -93.6291     0.4654   -44.1031     2.1226   -49.5232     2.2265
 42   -93.6440     0.4552   -43.8362     2.1391   -49.8051     2.2448
 43   -93.6390     0.4446   -43.7295     2.0997   -49.9067     2.2014
 44   -93.6734     0.4398   -43.7593     2.0522   -49.9113     2.1508
 45   -93.6953     0.4321   -43.7934     2.0073   -49.8992     2.1026
 46   -93.6812     0.4236   -43.7880     1.9632   -49.8905     2.0564
 47   -93.6929     0.4151   -43.9027     1.9346   -49.7874     2.0227
 48   -93.6999     0.4066   -43.9658     1.8981   -49.7313     1.9833
 49   -93.7174     0.3998   -44.0084     1.8609   -49.7063     1.9431
 50   -93.7324     0.3928   -43.9455     1.8276   -49.7841     1.9102
 
 Mesh error is    0.127 kcal/mol
