 ERmod 0.3.8, Copyright (C) 2000-2019 Nobuyuki Matubayasi
                            2010-2019 Shun Sakuraba
 ERmod comes with ABSOLUTELY NO WARRANTY.
 This is free software, and you can redistribute it
 and/or modify it under certain conditions.
 See LICENSE file for details.
 ERmod 0.3.8, Copyright (C) 2000-2019 Nobuyuki Matubayasi
                            2010-2019 Shun Sakuraba
 ERmod comes with ABSOLUTELY NO WARRANTY.
 This is free software, and you can redistribute it
 and/or modify it under certain conditions.
 See LICENSE file for details.
 
  Number of the   1-th solvent  =          378
  Number of the   2-th solvent  =        10000
 
  Be sure that the solvent distribution is homogeneous (radial distribution function is essentially unity) when the solvent molecule is separated beyond distance of   10.0 Angstrom in any direction from any atom within the solute molecule
 
  LJ long-range correction    =        -1.1319     -7.1533
 
  Self-energy of the solute   =        -0.0064  kcal/mol
 
 
 cumulative average & 95% error for solvation energy
              total             1st component         2nd component
  1  -480.7921              -82.8156             -397.9701
  2  -480.9822     0.3802   -85.4311     5.2310  -395.5447     4.8508
  3  -481.5788     1.2131   -89.8605     9.3594  -391.7119     8.1612
  4  -482.3316     1.7329   -88.8207     6.9371  -393.5045     6.7939
  5  -482.6839     1.5160   -83.7463    11.4834  -398.9312    12.0618
  6  -482.7495     1.2447   -78.7468    13.7075  -403.9963    14.1285
  7  -483.3365     1.5763   -75.0741    13.7173  -408.2560    14.6684
  8  -483.3422     1.3652   -73.0947    12.5218  -410.2411    13.3091
  9  -483.4273     1.2160   -72.6278    11.0826  -410.7932    11.7894
 10  -483.3347     1.1033   -70.2665    10.9801  -413.0618    11.4795
 11  -483.4101     1.0093   -69.3430    10.1021  -414.0606    10.5740
 12  -483.5427     0.9587   -69.2838     9.2227  -414.2525     9.6603
 13  -483.6190     0.8950   -68.6177     8.5876  -414.9949     9.0094
 14  -483.3150     1.0277   -69.8051     8.2976  -413.5035     8.8583
 15  -482.7011     1.5566   -72.9197     9.9234  -409.7750    11.1182
 16  -482.5607     1.4829   -74.6183     9.8846  -407.9359    11.0314
 17  -482.1283     1.6395   -76.3024     9.8770  -405.8195    11.1934
 18  -482.0226     1.5601   -76.8827     9.3842  -405.1335    10.6420
 19  -482.0093     1.4760   -78.0432     9.1750  -403.9597    10.3365
 20  -482.0546     1.4031   -79.8027     9.3886  -402.2455    10.3881
 21  -481.8723     1.3835   -80.9511     9.2210  -400.9148    10.2332
 22  -481.8186     1.3235   -82.0304     9.0530  -399.7817    10.0167
 23  -481.7881     1.2661   -82.6147     8.7290  -399.1670     9.6499
 24  -481.7616     1.2134   -83.1068     8.4151  -398.6484     9.2971
 25  -481.7365     1.1649   -83.9923     8.2635  -397.7378     9.1015
 26  -481.8719     1.1515   -84.0444     7.9400  -397.8211     8.7461
 27  -482.0147     1.1443   -84.9132     7.8353  -397.0951     8.5402
 28  -482.0720     1.1086   -85.9550     7.8326  -396.1105     8.4619
 29  -482.0718     1.0697   -86.7204     7.7111  -395.3450     8.3072
 30  -482.1248     1.0388   -87.3174     7.5447  -394.8010     8.0989
 31  -482.2307     1.0269   -87.3787     7.2983  -394.8457     7.8338
 32  -482.2782     0.9988   -87.7061     7.0968  -394.5657     7.6057
 33  -482.2266     0.9735   -88.1916     6.9466  -394.0286     7.4495
 34  -482.2417     0.9449   -88.6094     6.7908  -393.6259     7.2718
 35  -482.2283     0.9179   -88.9304     6.6251  -393.2915     7.0926
 36  -482.2204     0.8922   -88.7863     6.4449  -393.4278     6.8981
 37  -482.1889     0.8700   -88.5167     6.2914  -393.6658     6.7260
 38  -482.2345     0.8517   -88.5895     6.1254  -393.6386     6.5468
 39  -482.2939     0.8381   -88.7544     5.9754  -393.5331     6.3802
 40  -482.4037     0.8458   -88.2351     5.9159  -394.1622     6.3447
 41  -482.5019     0.8480   -87.3082     6.0603  -395.1872     6.5188
 42  -482.4533     0.8332   -86.3800     6.1988  -396.0668     6.6004
 43  -482.4304     0.8149   -86.1888     6.0650  -396.2352     6.4539
 44  -482.4660     0.7994   -86.4354     5.9460  -396.0242     6.3196
 45  -482.4677     0.7814   -86.3096     5.8178  -396.1517     6.1828
 46  -482.4266     0.7686   -86.3369     5.6902  -396.0833     6.0485
 47  -482.4707     0.7572   -86.2321     5.5718  -396.2322     5.9259
 48  -482.5239     0.7489   -86.1402     5.4576  -396.3773     5.8083
 49  -482.5709     0.7395   -86.3769     5.3659  -396.1876     5.7012
 50  -482.6087     0.7285   -86.5831     5.2737  -396.0192     5.5962
 
 
 group  inft  solvation free energy     error          difference
  total solvation free energy
   1      0       -103.24742           0.36532           0.12698
   1     60       -104.07316           0.36488          -0.69876
   1     80       -107.43935           0.36309          -4.06496
   1    100       -115.91849           0.36430         -12.54409
   2      0       -103.33375           0.36703           0.04065
   3      0       -103.37440           0.36903           0.00000
   4      0       -103.30607           0.36936           0.06832
   5      0       -103.22958           0.36865           0.14482
   5     60       -104.27747           0.36780          -0.90307
   5     80       -108.23889           0.36625          -4.86449
   5    100       -115.89511           0.36733         -12.52071
 
  contribution from  1-th solvent component
   1      0        -31.41961           2.21256          -0.02408
   1     60        -31.44745           2.21262          -0.05191
   1     80        -31.57650           2.21286          -0.18096
   1    100        -31.96434           2.21298          -0.56881
   2      0        -31.39732           2.21108          -0.00178
   3      0        -31.39554           2.21123           0.00000
   4      0        -31.37733           2.21044           0.01821
   5      0        -31.37839           2.21026           0.01714
   5     60        -31.41509           2.21034          -0.01955
   5     80        -31.57251           2.21053          -0.17697
   5    100        -31.92825           2.21058          -0.53271
 
  contribution from  2-th solvent component
   1      0        -71.82139           2.40781           0.15105
   1     60        -72.61930           2.40661          -0.64685
   1     80        -75.85644           2.40303          -3.88399
   1    100        -83.94773           2.39991         -11.97529
   2      0        -71.93001           2.40965           0.04243
   3      0        -71.97245           2.41136           0.00000
   4      0        -71.92233           2.41094           0.05011
   5      0        -71.84477           2.41074           0.12768
   5     60        -72.85597           2.40905          -0.88352
   5     80        -76.65997           2.40566          -4.68752
   5    100        -83.96045           2.40269         -11.98800
 
 
 group  inft   Estimated free energy: total (kcal/mol)
   1      0    -102.6120    -102.7099    -103.1980    -104.8601    -104.5177
               -103.5162    -105.5595    -103.9166    -104.3681    -103.0907
               -104.1948    -104.9940    -104.4384    -102.0786     -99.4960
               -102.7215     -99.8687    -101.6059    -102.5928    -102.2494
               -101.1919    -102.2044    -102.2881    -102.4539    -101.9377
               -104.3380    -104.1475    -103.3461    -103.0135    -103.7647
               -105.0699    -104.0081    -102.4006    -103.1174    -102.6478
               -103.2968    -102.7634    -102.4301    -103.6526    -105.5882
               -105.2067    -101.9566    -103.1373    -103.7425    -102.9708
               -102.3259    -104.4962    -104.4070    -103.7558    -104.1225
   1     60    -103.4501    -103.5416    -104.0340    -105.6892    -105.3357
               -104.3303    -106.3766    -104.7356    -105.1882    -103.9112
               -105.0163    -105.8160    -105.2539    -102.8991    -100.3186
               -103.5368    -100.7005    -102.4359    -103.4228    -103.0798
               -102.0249    -103.0374    -103.1223    -103.2746    -102.7602
               -105.1641    -104.9834    -104.1725    -103.8406    -104.5965
               -105.9007    -104.8411    -103.2331    -103.9452    -103.4729
               -104.1267    -103.5875    -103.2602    -104.4883    -106.4106
               -106.0196    -102.7654    -103.9523    -104.5739    -103.7918
               -103.1582    -105.3200    -105.2340    -104.5843    -104.9434
   1     80    -106.8402    -106.9183    -107.4215    -109.0602    -108.6822
               -107.6510    -109.7202    -108.0869    -108.5362    -107.2583
               -108.3610    -109.1584    -108.6010    -106.2484    -103.6995
               -106.8807    -104.0849    -105.8044    -106.8004    -106.4443
               -105.4160    -106.4306    -106.5027    -106.6276    -106.1149
               -108.5267    -108.3730    -107.5580    -107.2225    -107.9911
               -109.2725    -108.2084    -106.6293    -107.2989    -106.8463
               -107.5092    -106.9403    -106.6360    -107.8946    -109.7753
               -109.3556    -106.1017    -107.3143    -107.9421    -107.1672
               -106.5271    -108.6656    -108.5881    -107.9755    -108.2985
   1    100    -115.3528    -115.4036    -115.9363    -117.5944    -117.1157
               -116.0849    -118.1692    -116.5475    -116.9796    -115.7288
               -116.8316    -117.5949    -117.0561    -114.6956    -112.1399
               -115.3478    -112.5303    -114.2762    -115.2582    -114.9374
               -113.9144    -114.9439    -115.0254    -115.0963    -114.5746
               -116.9927    -116.8857    -116.0771    -115.7332    -116.5209
               -117.7726    -116.7115    -115.1061    -115.7588    -115.3351
               -115.9976    -115.4163    -115.1147    -116.4318    -118.2784
               -117.8169    -114.5393    -115.7656    -116.4305    -115.6487
               -114.9971    -117.1626    -117.0816    -116.4581    -116.7563
   2      0    -102.7798    -102.7954    -103.3201    -104.9097    -104.6270
               -103.7354    -105.6826    -104.0251    -104.4227    -103.1164
               -104.3450    -105.1113    -104.4764    -102.1459     -99.5798
               -102.7462    -100.0073    -101.7156    -102.6423    -102.2546
               -101.2640    -102.2054    -102.3238    -102.5727    -101.9897
               -104.4380    -104.2263    -103.3784    -103.1827    -103.8619
               -105.0842    -104.0783    -102.4799    -103.2870    -102.6557
               -103.3855    -102.9177    -102.4347    -103.6830    -105.6935
               -105.3349    -102.0381    -103.2070    -103.9793    -103.0643
               -102.3816    -104.5308    -104.5197    -103.8743    -104.1764
   3      0    -102.7823    -102.8155    -103.3952    -104.9234    -104.6483
               -103.7130    -105.7326    -104.0693    -104.4953    -103.2307
               -104.4564    -105.1876    -104.5675    -102.1823     -99.6519
               -102.7718     -99.9677    -101.7347    -102.6545    -102.3691
               -101.2670    -102.2581    -102.3525    -102.5962    -101.9821
               -104.4761    -104.2804    -103.3465    -103.2076    -103.8988
               -105.1422    -104.1977    -102.5631    -103.3104    -102.7823
               -103.3881    -102.9600    -102.4961    -103.7475    -105.7356
               -105.3597    -102.0843    -103.2356    -103.9930    -103.1008
               -102.3872    -104.5588    -104.5743    -103.8720    -104.2169
   4      0    -102.7567    -102.7840    -103.2877    -104.9374    -104.6201
               -103.7207    -105.6559    -103.9967    -104.3980    -103.0817
               -104.3528    -105.1330    -104.4309    -102.0732     -99.5292
               -102.6549     -99.9843    -101.6436    -102.6052    -102.2578
               -101.1760    -102.1185    -102.3091    -102.5672    -101.9677
               -104.4234    -104.2283    -103.3457    -103.1138    -103.8199
               -105.0943    -104.0633    -102.4331    -103.1816    -102.7235
               -103.4080    -102.8879    -102.4155    -103.6481    -105.6021
               -105.3657    -101.9788    -103.2245    -103.9440    -103.0645
               -102.3999    -104.4473    -104.4964    -103.8285    -104.1232
   5      0    -102.7319    -102.7328    -103.2243    -104.8718    -104.4800
               -103.6026    -105.6214    -103.9548    -104.3307    -103.0850
               -104.2643    -105.0524    -104.3437    -102.0237     -99.4763
               -102.5538     -99.8738    -101.6243    -102.5184    -102.1748
               -101.1090    -102.0850    -102.2590    -102.4800    -101.8702
               -104.3323    -104.1513    -103.2038    -103.0479    -103.6781
               -105.0398    -104.0103    -102.4476    -103.1928    -102.5754
               -103.2604    -102.8385    -102.3134    -103.6074    -105.5706
               -105.2558    -101.8849    -103.1181    -103.8219    -102.9250
               -102.3057    -104.2743    -104.4454    -103.7871    -104.0473
   5     60    -103.7847    -103.7832    -104.2806    -105.9241    -105.5158
               -104.6366    -106.6557    -104.9948    -105.3702    -104.1189
               -105.3067    -106.0914    -105.3793    -103.0686    -100.5262
               -103.5996    -100.9278    -102.6761    -103.5720    -103.2289
               -102.1656    -103.1413    -103.3131    -103.5228    -102.9168
               -105.3728    -105.2071    -104.2586    -104.1047    -104.7377
               -106.0895    -105.0619    -103.5039    -104.2403    -103.6290
               -104.3108    -103.8829    -103.3745    -104.6672    -106.6127
               -106.2937    -102.9200    -104.1602    -104.8762    -103.9735
               -103.3543    -105.3180    -105.4920    -104.8380    -105.0930
   5     80    -107.7672    -107.7499    -108.2658    -109.8988    -109.4503
               -108.5693    -110.5912    -108.9441    -109.3039    -108.0573
               -109.2526    -110.0270    -109.3185    -107.0220    -104.4925
               -107.5500    -104.9040    -106.6405    -107.5331    -107.2042
               -106.1479    -107.1329    -107.2856    -107.4728    -106.8620
               -109.3359    -109.1910    -108.2365    -108.0892    -108.7213
               -110.0499    -109.0288    -107.4932    -108.1987    -107.5933
               -108.2788    -107.8411    -107.3490    -108.6546    -110.5719
               -110.2374    -106.8543    -108.1097    -108.8483    -107.9302
               -107.3159    -109.2620    -109.4501    -108.8097    -109.0501
   5    100    -115.4622    -115.4299    -115.9590    -117.6001    -117.0738
               -116.2057    -118.2368    -116.5839    -116.9445    -115.6834
               -116.8907    -117.6618    -116.9396    -114.6500    -112.1308
               -115.1872    -112.5409    -114.2938    -115.1627    -114.8563
               -113.8116    -114.8189    -114.9513    -115.1062    -114.5046
               -116.9796    -116.8926    -115.9206    -115.7654    -116.4318
               -117.7235    -116.7001    -115.1814    -115.8469    -115.2604
               -115.9418    -115.4938    -115.0020    -116.3418    -118.2434
               -117.8908    -114.4553    -115.7318    -116.5169    -115.5833
               -114.9798    -116.9117    -117.1116    -116.4779    -116.6857
 
 group  inft   Estimated free energy: 1-th solvent contribution (kcal/mol)
   1      0     -29.6002     -31.9399     -36.6039     -31.3826     -21.9218
                -17.6102     -17.2818     -19.9911     -24.2070     -15.2757
                -20.3013     -24.1696     -20.4515     -30.6799     -43.6424
                -37.1904     -38.1365     -31.4599     -36.5893     -42.5617
                -38.6345     -38.8142     -34.9407     -34.7873     -38.9927
                -31.3182     -40.2594     -43.0316     -40.4044     -39.0559
                -32.7736     -36.0947     -38.4639     -38.2092     -37.1868
                -30.3441     -28.2723     -33.0452     -34.8357     -23.8829
                -16.1072     -15.0500     -27.7513     -35.8060     -28.9940
                -31.9785     -29.2312     -29.5299     -36.3316     -35.8572
   1     60     -29.6278     -31.9668     -36.6319     -31.4103     -21.9495
                -17.6380     -17.3085     -20.0188     -24.2344     -15.3034
                -20.3291     -24.1975     -20.4793     -30.7079     -43.6702
                -37.2185     -38.1648     -31.4874     -36.6178     -42.5894
                -38.6629     -38.8423     -34.9690     -34.8151     -39.0213
                -31.3457     -40.2878     -43.0601     -40.4328     -39.0837
                -32.8015     -36.1229     -38.4922     -38.2371     -37.2145
                -30.3716     -28.3005     -33.0733     -34.8636     -23.9111
                -16.1348     -15.0768     -27.7788     -35.8329     -29.0218
                -32.0065     -29.2584     -29.5578     -36.3598     -35.8847
   1     80     -29.7548     -32.0921     -36.7610     -31.5384     -22.0775
                -17.7659     -17.4328     -20.1476     -24.3614     -15.4318
                -20.4574     -24.3270     -20.6086     -30.8373     -43.7992
                -37.3494     -38.2949     -31.6149     -36.7495     -42.7178
                -38.7941     -38.9727     -35.1001     -34.9443     -39.1530
                -31.4738     -40.4188     -43.1925     -40.5644     -39.2130
                -32.9306     -36.2530     -38.6228     -38.3655     -37.3431
                -30.5000     -28.4303     -33.2032     -34.9933     -24.0426
                -16.2633     -15.2027     -27.9072     -35.9581     -29.1515
                -32.1356     -29.3857     -29.6870     -36.4909     -36.0126
   1    100     -30.1409     -32.4739     -37.1492     -31.9268     -22.4641
                -18.1543     -17.8156     -20.5354     -24.7468     -15.8197
                -20.8456     -24.7160     -20.9975     -31.2262     -44.1837
                -37.7391     -38.6810     -31.9996     -37.1388     -43.1044
                -39.1840     -39.3623     -35.4919     -35.3313     -39.5430
                -31.8601     -40.8097     -43.5850     -40.9559     -39.6033
                -33.3182     -36.6423     -39.0110     -38.7515     -37.7296
                -30.8847     -28.8201     -33.5922     -35.3833     -24.4356
                -16.6538     -15.5867     -28.2924     -36.3402     -29.5397
                -32.5218     -29.7733     -30.0762     -36.8811     -36.3984
   2      0     -29.6130     -31.9474     -36.6047     -31.3665     -21.9026
                -17.5756     -17.2736     -19.9609     -24.1853     -15.2663
                -20.2929     -24.1562     -20.4280     -30.6325     -43.6046
                -37.1342     -38.1068     -31.4580     -36.5364     -42.5271
                -38.5958     -38.7862     -34.9113     -34.7718     -38.9437
                -31.3286     -40.2320     -42.9926     -40.3791     -39.0313
                -32.7612     -36.0651     -38.4508     -38.1911     -37.1737
                -30.3457     -28.2361     -32.9897     -34.8050     -23.8524
                -16.1073     -15.0355     -27.7244     -35.7990     -28.9818
                -31.9707     -29.2153     -29.4877     -36.3063     -35.8222
   3      0     -29.6172     -31.9513     -36.5969     -31.3644     -21.9055
                -17.5707     -17.2780     -19.9549     -24.1907     -15.2581
                -20.2820     -24.1601     -20.4365     -30.6210     -43.6183
                -37.1250     -38.1062     -31.4587     -36.5201     -42.5204
                -38.5938     -38.7788     -34.9075     -34.7602     -38.9311
                -31.3323     -40.2312     -42.9915     -40.3905     -39.0280
                -32.7744     -36.0809     -38.4483     -38.1906     -37.1871
                -30.3319     -28.2463     -32.9781     -34.7991     -23.8540
                -16.0997     -15.0328     -27.7173     -35.8009     -28.9686
                -31.9667     -29.2120     -29.4825     -36.3078     -35.8169
   4      0     -29.6156     -31.9530     -36.5802     -31.3425     -21.8867
                -17.5545     -17.2723     -19.9293     -24.1883     -15.2465
                -20.2676     -24.1441     -20.4097     -30.5942     -43.5891
                -37.1016     -38.0726     -31.4616     -36.5080     -42.4995
                -38.5645     -38.7472     -34.8640     -34.7476     -38.9412
                -31.3249     -40.2174     -42.9438     -40.3582     -39.0056
                -32.7657     -36.0452     -38.4365     -38.1703     -37.1585
                -30.3263     -28.2233     -32.9583     -34.7747     -23.8186
                -16.0884     -15.0080     -27.7098     -35.7780     -28.9613
                -31.9532     -29.1857     -29.4712     -36.2922     -35.8098
   5      0     -29.6138     -31.9510     -36.5745     -31.3412     -21.8862
                -17.5572     -17.2762     -19.9303     -24.1841     -15.2383
                -20.2648     -24.1566     -20.4174     -30.6041     -43.5968
                -37.1060     -38.0791     -31.4540     -36.5133     -42.4890
                -38.5703     -38.7501     -34.8757     -34.7508     -38.9166
                -31.3144     -40.2209     -42.9437     -40.3716     -39.0007
                -32.7731     -36.0564     -38.4435     -38.1578     -37.1565
                -30.3350     -28.2282     -32.9581     -34.7706     -23.8258
                -16.0928     -15.0150     -27.7088     -35.7827     -28.9570
                -31.9468     -29.1896     -29.4723     -36.3056     -35.7955
   5     60     -29.6498     -31.9865     -36.6112     -31.3776     -21.9225
                -17.5936     -17.3111     -19.9668     -24.2201     -15.2750
                -20.3015     -24.1933     -20.4541     -30.6411     -43.6334
                -37.1432     -38.1163     -31.4903     -36.5508     -42.5255
                -38.6077     -38.7873     -34.9133     -34.7876     -38.9542
                -31.3505     -40.2582     -42.9814     -40.4091     -39.0373
                -32.8097     -36.0934     -38.4806     -38.1944     -37.1930
                -30.3714     -28.2653     -32.9954     -34.8076     -23.8629
                -16.1293     -15.0507     -27.7452     -35.8182     -28.9937
                -31.9836     -29.2260     -29.5090     -36.3427     -35.8319
   5     80     -29.8051     -32.1399     -36.7687     -31.5340     -22.0790
                -17.7505     -17.4632     -20.1239     -24.3749     -15.4330
                -20.4591     -24.3511     -20.6122     -30.7992     -43.7898
                -37.3020     -38.2746     -31.6460     -36.7107     -42.6823
                -38.7673     -38.9460     -35.0733     -34.9456     -39.1143
                -31.5071     -40.4177     -43.1419     -40.5692     -39.1940
                -32.9668     -36.2514     -38.6392     -38.3516     -37.3496
                -30.5276     -28.4245     -33.1541     -34.9656     -24.0227
                -16.2868     -15.2050     -27.9016     -35.9714     -29.1510
                -32.1414     -29.3825     -29.6669     -36.5015     -35.9884
   5    100     -30.1603     -32.4918     -37.1247     -31.8902     -22.4343
                -18.1076     -17.8149     -20.4796     -24.7282     -15.7897
                -20.8155     -24.7083     -20.9694     -31.1549     -44.1424
                -37.6579     -38.6291     -31.9992     -37.0669     -43.0361
                -39.1243     -39.3028     -35.4318     -35.3010     -39.4718
                -31.8622     -40.7764     -43.5005     -40.9275     -39.5513
                -33.3230     -36.6076     -38.9958     -38.7060     -37.7044
                -30.8809     -28.7821     -33.5102     -35.3227     -24.3821
                -16.6450     -15.5568     -28.2556     -36.3223     -29.5062
                -32.4970     -29.7383     -30.0239     -36.8597     -36.3421
 
 group  inft   Estimated free energy: 2-th solvent contribution (kcal/mol)
   1      0     -73.0053     -70.7636     -66.5877     -73.4711     -82.5895
                -85.8996     -88.2714     -83.9192     -80.1547     -87.8087
                -83.8871     -80.8180     -83.9805     -71.3923     -55.8472
                -65.5247     -61.7257     -70.1396     -65.9970     -59.6813
                -62.5510     -63.3837     -67.3410     -67.6602     -62.9385
                -73.0134     -63.8817     -60.3081     -62.6027     -64.7024
                -72.2899     -67.9069     -63.9302     -64.9017     -65.4546
                -72.9463     -74.4847     -69.3785     -68.8105     -81.6989
                -89.0931     -86.9002     -75.3795     -67.9301     -73.9704
                -70.3410     -75.2586     -74.8707     -67.4177     -68.2589
   1     60     -73.8159     -71.5683     -67.3957     -74.2725     -83.3798
                -86.6859     -89.0617     -84.7104     -80.9475     -88.6015
                -84.6809     -81.6121     -84.7682     -72.1848     -56.6420
                -66.3118     -62.5293     -70.9421     -66.7986     -60.4840
                -63.3557     -64.1887     -68.1469     -68.4530     -63.7325
                -73.8119     -64.6892     -61.1060     -63.4014     -65.5064
                -73.0928     -68.7117     -64.7345     -65.7017     -66.2520
                -73.7487     -75.2806     -70.1805     -69.6183     -82.4931
                -89.8783     -87.6822     -76.1671     -68.7346     -74.7636
                -71.1453     -76.0552     -75.6698     -68.2181     -69.0523
   1     80     -77.0790     -74.8198     -70.6541     -77.5155     -86.5984
                -89.8787     -92.2809     -87.9328     -84.1684     -91.8201
                -87.8972     -84.8250     -87.9860     -75.4047     -59.8939
                -69.5249     -65.7837     -74.1830     -70.0444     -63.7200
                -66.6155     -67.4515     -71.3962     -71.6769     -66.9555
                -77.0465     -67.9477     -64.3591     -66.6517     -68.7717
                -76.3355     -71.9490     -68.0001     -68.9270     -69.4968
                -77.0028     -78.5036     -73.4263     -72.8948     -85.7263
                -93.0859     -90.8926     -79.4007     -71.9777     -78.0093
                -74.3852     -79.2735     -78.8947     -71.4782     -72.2796
   1    100     -85.2055     -82.9233     -78.7808     -85.6612     -94.6451
                -97.9242    -100.3472     -96.0056     -92.2264     -99.9027
                -95.9796     -92.8724     -96.0521     -83.4630     -67.9497
                -77.6022     -73.8430     -82.2702     -78.1129     -71.8266
                -74.7240     -75.5752     -79.5271     -79.7586     -75.0252
                -85.1262     -76.0696     -72.4857     -74.7708     -76.9111
                -84.4480     -80.0629     -76.0887     -77.0009     -77.5991
                -85.1065     -86.5898     -81.5161     -81.0421     -93.8364
               -101.1566     -98.9462     -87.4667     -80.0839     -86.1025
                -82.4689     -87.3829     -86.9990     -79.5706     -80.3515
   2      0     -73.1605     -70.8416     -66.7089     -73.5368     -82.7180
                -86.1534     -88.4026     -84.0578     -80.2310     -87.8437
                -84.0457     -80.9487     -84.0420     -71.5070     -55.9688
                -65.6055     -61.8941     -70.2512     -66.0994     -59.7211
                -62.6618     -63.4128     -67.4062     -67.7945     -63.0396
                -73.1030     -63.9878     -60.3794     -62.7972     -64.8242
                -72.3166     -68.0069     -64.0227     -65.0895     -65.4756
                -73.0334     -74.6752     -69.4386     -68.8716     -81.8347
                -89.2212     -86.9962     -75.4762     -68.1739     -74.0761
                -70.4045     -75.3090     -75.0256     -67.5616     -68.3478
   3      0     -73.1587     -70.8578     -66.7919     -73.5526     -82.7364
                -86.1359     -88.4482     -84.1080     -80.2983     -87.9662
                -84.1680     -81.0210     -84.1246     -71.5549     -56.0272
                -65.6404     -61.8551     -70.2695     -66.1280     -59.8423
                -62.6667     -63.4729     -67.4385     -67.8296     -63.0446
                -73.1374     -64.0427     -60.3486     -62.8107     -64.8644
                -72.3614     -68.1104     -64.1083     -65.1134     -65.5888
                -73.0497     -74.7073     -69.5115     -68.9419     -81.8752
                -89.2536     -87.0451     -75.5118     -68.1857     -74.1258
                -70.4141     -75.3403     -75.0854     -67.5578     -68.3936
   4      0     -73.1347     -70.8245     -66.7011     -73.5885     -82.7270
                -86.1598     -88.3772     -84.0610     -80.2033     -87.8288
                -84.0788     -80.9825     -84.0148     -71.4726     -55.9337
                -65.5468     -61.9053     -70.1756     -66.0908     -59.7520
                -62.6051     -63.3649     -67.4386     -67.8132     -63.0201
                -73.0921     -64.0044     -60.3955     -62.7492     -64.8079
                -72.3222     -68.0117     -63.9902     -65.0049     -65.5586
                -73.0754     -74.6581     -69.4508     -68.8670     -81.7771
                -89.2708     -86.9644     -75.5083     -68.1596     -74.0968
                -70.4402     -75.2552     -75.0187     -67.5299     -68.3070
   5      0     -73.1117     -70.7754     -66.6434     -73.5242     -82.5874
                -86.0389     -88.3388     -84.0181     -80.1402     -87.8403
                -83.9931     -80.8894     -83.9199     -71.4133     -55.8731
                -65.4414     -61.7883     -70.1638     -65.9987     -59.6794
                -62.5323     -63.3284     -67.3769     -67.7227     -62.9473
                -73.0114     -63.9239     -60.2537     -62.6699     -64.6710
                -72.2603     -67.9474     -63.9976     -65.0286     -65.4125
                -72.9189     -74.6039     -69.3489     -68.8304     -81.7384
                -89.1566     -86.8635     -75.4029     -68.0328     -73.9616
                -70.3525     -75.0783     -74.9667     -67.4750     -68.2454
   5     60     -74.1285     -71.7903     -67.6629     -74.5401     -83.5869
                -87.0366     -89.3382     -85.0216     -81.1437     -88.8375
                -84.9988     -81.8917     -84.9188     -72.4211     -56.8864
                -66.4499     -62.8051     -71.1794     -67.0148     -60.6970
                -63.5515     -64.3476     -68.3934     -68.7288     -63.9563
                -74.0158     -64.9425     -61.2709     -63.6892     -65.6940
                -73.2733     -68.9621     -65.0169     -66.0395     -66.4296
                -73.9329     -75.6111     -70.3727     -69.8533     -82.7433
                -90.1580     -87.8629     -76.4086     -69.0516     -74.9734
                -71.3643     -76.0856     -75.9766     -68.4889     -69.2547
   5     80     -77.9556     -75.6036     -71.4907     -78.3584     -87.3650
                -90.8124     -93.1215     -88.8138     -84.9225     -92.6179
                -88.7871     -85.6695     -88.6998     -76.2164     -60.6963
                -70.2416     -66.6231     -74.9880     -70.8160     -64.5154
                -67.3742     -68.1805     -72.2059     -72.5208     -67.7414
                -77.8223     -68.7669     -65.0881     -67.5136     -69.5208
                -77.0766     -72.7710     -68.8476     -69.8407     -70.2373
                -77.7447     -79.4102     -74.1885     -73.6826     -86.5428
                -93.9442     -91.6429     -80.2016     -72.8705     -78.7727
                -75.1681     -79.8731     -79.7768     -72.3018     -73.0553
   5    100     -85.2955     -82.9317     -78.8279     -85.7035     -94.6331
                -98.0917    -100.4155     -96.0979     -92.2099     -99.8873
                -96.0688     -92.9471     -95.9638     -83.4887     -67.9819
                -77.5228     -73.9054     -82.2882     -78.0894     -71.8137
                -74.6809     -75.5097     -79.5131     -79.7988     -75.0263
                -85.1110     -76.1099     -72.4137     -74.8315     -76.8741
                -84.3941     -80.0861     -76.1792     -77.1344     -77.5496
                -85.0544     -86.7054     -81.4854     -81.0127     -93.8548
               -101.2394     -98.8921     -87.4698     -80.1882     -86.0707
                -82.4764     -87.1670     -87.0813     -79.6118     -80.3372
 
 
 cumulative average & 95% error for solvation free energy
              total             1st component         2nd component
  1  -102.7823              -29.6172              -73.1587
  2  -102.7989     0.0332   -30.7842     2.3341   -72.0083     2.3009
  3  -102.9977     0.3980   -32.7218     4.1028   -70.2695     3.7227
  4  -103.4791     1.0031   -32.3824     2.9794   -71.0903     3.1022
  5  -103.7129     0.9069   -30.2870     4.7842   -73.4195     5.2417
  6  -103.7130     0.7405   -28.1677     5.7642   -75.5389     6.0237
  7  -104.0015     0.8513   -26.6120     5.7804   -77.3831     6.2866
  8  -104.0099     0.7374   -25.7798     5.2754   -78.2237     5.6981
  9  -104.0639     0.6592   -25.6033     4.6659   -78.4542     5.0463
 10  -103.9806     0.6127   -24.5688     4.6580   -79.4054     4.8981
 11  -104.0238     0.5609   -24.1791     4.2848   -79.8384     4.5143
 12  -104.1208     0.5476   -24.1775     3.9115   -79.9369     4.1257
 13  -104.1552     0.5084   -23.8897     3.6438   -80.2590     3.8494
 14  -104.0143     0.5486   -24.3705     3.5079   -79.6373     3.7745
 15  -103.7234     0.7740   -25.6537     4.1534   -78.0633     4.7178
 16  -103.6640     0.7337   -26.3707     4.1413   -77.2869     4.6783
 17  -103.4465     0.8149   -27.0610     4.1278   -76.3791     4.7548
 18  -103.3514     0.7915   -27.3053     3.9223   -76.0397     4.5340
 19  -103.3147     0.7523   -27.7903     3.8348   -75.5180     4.4138
 20  -103.2675     0.7199   -28.5268     3.9249   -74.7343     4.4711
 21  -103.1722     0.7108   -29.0062     3.8545   -74.1596     4.4054
 22  -103.1307     0.6828   -29.4504     3.7810   -73.6738     4.3113
 23  -103.0968     0.6559   -29.6877     3.6439   -73.4027     4.1551
 24  -103.0760     0.6294   -29.8990     3.5143   -73.1705     4.0052
 25  -103.0322     0.6100   -30.2603     3.4473   -72.7655     3.9261
 26  -103.0877     0.5965   -30.3015     3.3131   -72.7798     3.7722
 27  -103.1319     0.5807   -30.6693     3.2718   -72.4562     3.6871
 28  -103.1396     0.5598   -31.1094     3.2733   -72.0238     3.6567
 29  -103.1419     0.5402   -31.4294     3.2227   -71.7061     3.5851
 30  -103.1671     0.5243   -31.6827     3.1543   -71.4780     3.4934
 31  -103.2309     0.5229   -31.7179     3.0517   -71.5065     3.3794
 32  -103.2611     0.5099   -31.8543     2.9673   -71.4004     3.2789
 33  -103.2399     0.4960   -32.0541     2.9037   -71.1794     3.2086
 34  -103.2420     0.4812   -32.2346     2.8400   -71.0010     3.1332
 35  -103.2289     0.4680   -32.3761     2.7721   -70.8464     3.0580
 36  -103.2333     0.4549   -32.3193     2.6964   -70.9076     2.9744
 37  -103.2259     0.4427   -32.2092     2.6318   -71.0103     2.9002
 38  -103.2067     0.4326   -32.2294     2.5619   -70.9708     2.8239
 39  -103.2206     0.4222   -32.2953     2.4988   -70.9188     2.7525
 40  -103.2834     0.4303   -32.0843     2.4718   -71.1927     2.7382
 41  -103.3341     0.4318   -31.6944     2.5338   -71.6332     2.8121
 42  -103.3043     0.4255   -31.2977     2.5969   -72.0002     2.8408
 43  -103.3027     0.4155   -31.2145     2.5412   -72.0819     2.7787
 44  -103.3184     0.4072   -31.3187     2.4915   -71.9933     2.7206
 45  -103.3136     0.3982   -31.2665     2.4378   -72.0407     2.6612
 46  -103.2934     0.3915   -31.2817     2.3844   -72.0053     2.6036
 47  -103.3204     0.3868   -31.2377     2.3348   -72.0763     2.5516
 48  -103.3465     0.3823   -31.2011     2.2868   -72.1390     2.5010
 49  -103.3572     0.3750   -31.3053     2.2493   -72.0455     2.4566
 50  -103.3744     0.3690   -31.3955     2.2112   -71.9724     2.4114
 
 Mesh error is    0.145 kcal/mol
