 ERmod 0.3.8, Copyright (C) 2000-2019 Nobuyuki Matubayasi
                            2010-2019 Shun Sakuraba
 ERmod comes with ABSOLUTELY NO WARRANTY.
 This is free software, and you can redistribute it
 and/or modify it under certain conditions.
 See LICENSE file for details.
 
  Number of the   1-th solvent  =         1472
  Number of the   2-th solvent  =        10000
 
  Be sure that the solvent distribution is homogeneous (radial distribution function is essentially unity) when the solvent molecule is separated beyond distance of   10.0 Angstrom in any direction from any atom within the solute molecule
 
  LJ long-range correction    =        -3.5283     -5.7260
 
  Self-energy of the solute   =        -0.0111  kcal/mol
 
 
 cumulative average & 95% error for solvation energy
              total             1st component         2nd component
  1  -458.6530             -160.3986             -298.2433
  2  -457.6837     1.9386  -153.9951    12.8071  -303.6775    10.8684
  3  -458.0948     1.3888  -158.4471    11.5740  -299.6365    10.2319
  4  -459.9345     3.8082  -157.8164     8.2807  -302.1070     8.7612
  5  -459.9995     2.9527  -165.6464    16.9229  -294.3419    16.9482
  6  -459.9231     2.4157  -164.6076    13.9728  -295.3044    13.9714
  7  -460.4162     2.2674  -159.6748    15.3878  -300.7303    16.0372
  8  -461.0927     2.3846  -157.7553    13.8682  -303.3263    14.8273
  9  -461.2875     2.1388  -157.0966    12.3014  -304.1798    13.1874
 10  -461.1464     1.9337  -155.6525    11.3754  -305.4827    12.0796
 11  -461.2553     1.7626  -154.8443    10.4156  -306.3999    11.0793
 12  -461.3432     1.6186  -154.3784     9.5537  -306.9537    10.1744
 13  -461.2548     1.4994  -153.8720     8.8463  -307.3717     9.3964
 14  -461.3875     1.4133  -151.8265     9.1550  -309.5499     9.7292
 15  -461.3496     1.3179  -150.3786     9.0013  -310.9599     9.4862
 16  -461.4278     1.2426  -147.6458    10.0384  -313.7709    10.5047
 17  -461.2386     1.2270  -148.6121     9.6255  -312.6154    10.1344
 18  -461.1883     1.1612  -149.5853     9.2814  -311.5919     9.7716
 19  -461.3916     1.1713  -148.8014     8.9182  -312.5791     9.4516
 20  -461.4261     1.1133  -148.0573     8.5905  -313.3577     9.1008
 21  -461.5956     1.1119  -147.2998     8.3104  -314.2847     8.8529
 22  -461.7375     1.0975  -147.1599     7.9286  -314.5665     8.4597
 23  -461.5577     1.1086  -148.1491     7.8301  -313.3975     8.4148
 24  -461.5765     1.0621  -148.9735     7.6759  -312.5918     8.2161
 25  -461.5360     1.0220  -149.9889     7.6375  -311.5359     8.1587
 26  -461.6172     0.9952  -150.1398     7.3440  -311.4663     7.8399
 27  -461.7724     1.0067  -150.6665     7.1449  -311.0948     7.5804
 28  -461.8709     0.9899  -151.2456     6.9817  -310.6141     7.3677
 29  -461.8323     0.9582  -151.1076     6.7423  -310.7135     7.1118
 30  -461.7749     0.9328  -151.4473     6.5490  -310.3165     6.9164
 31  -461.8337     0.9099  -151.5351     6.3367  -310.2875     6.6899
 32  -461.7891     0.8855  -152.2000     6.2779  -309.5780     6.6310
 33  -461.9169     0.8955  -152.1390     6.0859  -309.7668     6.4380
 34  -461.8728     0.8732  -152.4697     5.9412  -309.3920     6.2907
 35  -461.7469     0.8845  -153.3532     6.0334  -308.3826     6.4332
 36  -461.6924     0.8665  -154.5235     6.3134  -307.1577     6.7148
 37  -461.6384     0.8496  -155.4406     6.4085  -306.1867     6.8134
 38  -461.6419     0.8270  -155.7393     6.2661  -305.8914     6.6580
 39  -461.6970     0.8130  -155.6432     6.1063  -306.0426     6.4920
 40  -461.6470     0.7987  -155.9895     5.9919  -305.6463     6.3771
 41  -461.5491     0.8032  -155.4871     5.9297  -306.0509     6.2721
 42  -461.5397     0.7841  -155.5161     5.7871  -306.0125     6.1214
 43  -461.4925     0.7714  -155.6559     5.6578  -305.8255     5.9890
 44  -461.5024     0.7540  -155.5084     5.5356  -305.9829     5.8598
 45  -461.5586     0.7455  -155.1570     5.4566  -306.3905     5.7858
 46  -461.5357     0.7306  -154.9498     5.3527  -306.5747     5.6706
 47  -461.5277     0.7150  -155.0596     5.2422  -306.4570     5.5536
 48  -461.5427     0.7006  -155.4089     5.1792  -306.1227     5.4776
 49  -461.5756     0.6893  -155.0607     5.1199  -306.5038     5.4186
 50  -461.5103     0.6879  -154.8852     5.0288  -306.6140     5.3137
 
 
 group  inft  solvation free energy     error          difference
  total solvation free energy
   1      0       -112.15101           0.34574           0.06502
   1     60       -113.94939           0.34509          -1.73336
   1     80       -118.70455           0.34531          -6.48852
   1    100       -126.88616           0.34829         -14.67013
   2      0       -112.19158           0.34399           0.02445
   3      0       -112.21603           0.34378           0.00000
   4      0       -112.14659           0.34397           0.06944
   5      0       -112.22196           0.34480          -0.00593
   5     60       -114.40259           0.34410          -2.18656
   5     80       -119.63202           0.34419          -7.41599
   5    100       -126.97396           0.34699         -14.75793
 
  contribution from  1-th solvent component
   1      0        -54.95984           2.06025           0.05056
   1     60        -55.23755           2.06048          -0.22715
   1     80        -55.97784           2.06073          -0.96743
   1    100        -57.34030           2.06070          -2.32989
   2      0        -54.99339           2.06021           0.01701
   3      0        -55.01041           2.06047           0.00000
   4      0        -55.01050           2.05902          -0.00009
   5      0        -55.02336           2.05872          -0.01296
   5     60        -55.36060           2.05899          -0.35020
   5     80        -56.18151           2.05922          -1.17111
   5    100        -57.41364           2.05908          -2.40324
 
  contribution from  2-th solvent component
   1      0        -57.18004           2.21804           0.01445
   1     60        -58.70071           2.21679          -1.50621
   1     80        -62.71559           2.21571          -5.52109
   1    100        -69.53473           2.21506         -12.34023
   2      0        -57.18706           2.21630           0.00744
   3      0        -57.19450           2.21696           0.00000
   4      0        -57.12497           2.21573           0.06953
   5      0        -57.18747           2.21632           0.00703
   5     60        -59.03086           2.21480          -1.83636
   5     80        -63.43938           2.21335          -6.24488
   5    100        -69.54919           2.21282         -12.35469
 
 
 group  inft   Estimated free energy: total (kcal/mol)
   1      0    -110.9600    -110.3450    -110.6537    -114.3593    -111.6928
               -111.2036    -113.1764    -114.2276    -112.8446    -111.4428
               -112.4394    -112.9152    -111.3676    -113.0412    -111.8607
               -112.4431    -110.3231    -111.5575    -114.0261    -112.7553
               -113.5759    -113.4874    -110.1908    -112.7178    -111.1465
               -113.2316    -113.7559    -113.6916    -111.9426    -111.7341
               -113.7152    -111.7808    -114.5885    -111.8352    -110.0334
               -110.2872    -110.6600    -112.2293    -112.8787    -111.0496
               -110.7252    -112.5545    -111.7068    -112.3457    -113.3316
               -111.7614    -111.4397    -112.4050    -112.7849    -110.3288
   1     60    -112.7633    -112.1315    -112.4499    -116.1544    -113.4904
               -113.0033    -114.9667    -116.0276    -114.6374    -113.2383
               -114.2318    -114.7166    -113.1642    -114.8389    -113.6522
               -114.2262    -112.1295    -113.3598    -115.8210    -114.5525
               -115.3660    -115.2753    -111.9943    -114.5229    -112.9576
               -115.0336    -115.5571    -115.4908    -113.7379    -113.5278
               -115.5051    -113.5834    -116.3866    -113.6411    -111.8423
               -112.0968    -112.4771    -114.0393    -114.6803    -112.8530
               -112.5155    -114.3493    -113.5008    -114.1469    -115.1230
               -113.5609    -113.2426    -114.2124    -114.5724    -112.1221
   1     80    -117.5153    -116.8609    -117.2030    -120.9076    -118.2256
               -117.7564    -119.7205    -120.7975    -119.4013    -117.9931
               -118.9821    -119.4943    -117.9096    -119.5859    -118.3981
               -118.9639    -116.8837    -118.1260    -120.5718    -119.3254
               -120.1175    -120.0198    -116.7352    -119.2848    -117.7343
               -119.8006    -120.3227    -120.2467    -118.5063    -118.2601
               -120.2502    -118.3513    -121.1499    -118.4040    -116.6138
               -116.8638    -117.2688    -118.8126    -119.4429    -117.6108
               -117.2584    -119.0826    -118.2324    -118.8939    -119.8713
               -118.3158    -118.0081    -118.9780    -119.3042    -116.8644
   1    100    -125.6998    -125.0067    -125.3712    -129.0969    -126.3983
               -125.9257    -127.9018    -129.0115    -127.5997    -126.1752
               -127.1646    -127.7159    -126.0600    -127.7589    -126.5618
               -127.1226    -125.0529    -126.3334    -128.7567    -127.5327
               -128.3033    -128.1894    -124.8874    -127.4833    -125.9297
               -128.0010    -128.5080    -128.4504    -126.7155    -126.4054
               -128.4540    -126.5700    -129.3695    -126.5851    -124.7914
               -125.0406    -125.4621    -127.0242    -127.6259    -125.7865
               -125.4144    -127.2452    -126.3788    -127.0568    -128.0586
               -126.4925    -126.1816    -127.1770    -127.4612    -125.0127
   2      0    -111.0354    -110.4069    -110.7104    -114.3745    -111.7605
               -111.2608    -113.2441    -114.2348    -112.8743    -111.5084
               -112.5018    -112.8906    -111.3783    -113.0584    -111.8583
               -112.4901    -110.3747    -111.6113    -114.0674    -112.7941
               -113.6362    -113.5374    -110.2717    -112.7341    -111.1703
               -113.2637    -113.8125    -113.7463    -111.9396    -111.7558
               -113.7134    -111.8128    -114.6478    -111.8906    -110.1121
               -110.3472    -110.7016    -112.2217    -112.9158    -111.0912
               -110.7454    -112.6490    -111.7841    -112.4607    -113.3802
               -111.7579    -111.4577    -112.4303    -112.7806    -110.3760
   3      0    -111.0704    -110.4418    -110.7655    -114.4008    -111.7914
               -111.2819    -113.2630    -114.2985    -112.8643    -111.5757
               -112.5536    -112.9240    -111.3920    -113.0751    -111.8579
               -112.5296    -110.4078    -111.6007    -114.1026    -112.8307
               -113.6455    -113.5370    -110.2729    -112.7716    -111.1954
               -113.2715    -113.8548    -113.7623    -111.9657    -111.7943
               -113.7261    -111.8541    -114.6292    -111.9171    -110.1366
               -110.3503    -110.7293    -112.2195    -112.8957    -111.1031
               -110.7750    -112.6978    -111.7940    -112.4498    -113.4398
               -111.8119    -111.4643    -112.4890    -112.8199    -110.4004
   4      0    -110.9854    -110.3958    -110.6528    -114.3433    -111.7213
               -111.2381    -113.2000    -114.1843    -112.7723    -111.4996
               -112.5088    -112.8253    -111.3471    -112.9915    -111.8407
               -112.4349    -110.3294    -111.5445    -114.0185    -112.7307
               -113.5848    -113.4706    -110.2007    -112.6523    -111.1432
               -113.2203    -113.7864    -113.7157    -111.8859    -111.6874
               -113.6216    -111.8130    -114.6201    -111.8921    -110.0289
               -110.2845    -110.6318    -112.1621    -112.8445    -111.0457
               -110.7262    -112.6033    -111.7666    -112.4049    -113.3492
               -111.7357    -111.4130    -112.4121    -112.7565    -110.3064
   5      0    -111.0339    -110.4839    -110.7835    -114.4334    -111.7745
               -111.3371    -113.2659    -114.3230    -112.8318    -111.5273
               -112.6286    -112.8997    -111.4400    -113.0443    -111.9133
               -112.5099    -110.4123    -111.6070    -114.1272    -112.8491
               -113.6698    -113.5478    -110.2854    -112.6747    -111.1919
               -113.2685    -113.8650    -113.7993    -111.9813    -111.8146
               -113.7366    -111.8800    -114.6679    -111.9168    -110.1201
               -110.3810    -110.7097    -112.2176    -112.9036    -111.0895
               -110.7714    -112.7114    -111.8019    -112.4735    -113.4444
               -111.8040    -111.4791    -112.4573    -112.8267    -110.3812
   5     60    -113.2205    -112.6538    -112.9631    -116.6098    -113.9559
               -113.5207    -115.4382    -116.5040    -115.0083    -113.7064
               -114.8026    -115.0854    -113.6204    -115.2161    -114.0838
               -114.6719    -112.6004    -113.7931    -116.3034    -115.0295
               -115.8434    -115.7176    -112.4671    -114.8624    -113.3861
               -115.4535    -116.0495    -115.9832    -114.1589    -113.9865
               -115.9092    -114.0680    -116.8508    -114.1023    -112.3120
               -112.5767    -112.9143    -114.4099    -115.0890    -113.2743
               -112.9419    -114.8877    -113.9768    -114.6548    -115.6191
               -113.9847    -113.6655    -114.6469    -114.9943    -112.5556
   5     80    -118.4493    -117.8563    -118.1924    -121.8366    -119.1702
               -118.7479    -120.6606    -121.7451    -120.2404    -118.9381
               -120.0259    -120.3363    -118.8392    -120.4356    -119.3016
               -119.8789    -117.8285    -119.0329    -121.5302    -120.2739
               -121.0666    -120.9346    -117.6837    -120.1065    -118.6338
               -120.6927    -121.2879    -121.2212    -119.3961    -119.1931
               -121.1246    -119.3127    -122.0931    -119.3390    -117.5544
               -117.8222    -118.1793    -119.6630    -120.3209    -118.5084
               -118.1598    -120.0970    -119.1849    -119.8811    -120.8431
               -119.2143    -118.9055    -119.8857    -120.2021    -117.7738
   5    100    -125.7907    -125.1656    -125.5259    -129.1913    -126.5084
               -126.0850    -128.0037    -129.1103    -127.5962    -126.2830
               -127.3716    -127.7139    -126.1487    -127.7728    -126.6288
               -127.2002    -125.1609    -126.3978    -128.8813    -127.6365
               -128.4140    -128.2695    -124.9993    -127.4633    -125.9869
               -128.0545    -128.6369    -128.5874    -126.7619    -126.5010
               -128.4762    -126.6931    -129.4675    -126.6769    -124.8933
               -125.1489    -125.5212    -127.0213    -127.6521    -125.8436
               -125.4808    -127.4250    -126.5075    -127.2083    -128.1890
               -126.5483    -126.2430    -127.2502    -127.5223    -125.0821
 
 group  inft   Estimated free energy: 1-th solvent contribution (kcal/mol)
   1      0     -56.8517     -51.6638     -59.9369     -55.7898     -72.3791
                -56.9097     -44.9096     -50.9679     -54.1401     -49.9660
                -52.2795     -52.8491     -51.1963     -42.7304     -44.6466
                -34.5635     -58.3261     -59.8815     -46.8846     -46.5928
                -45.9522     -51.1482     -60.8313     -60.4741     -62.7411
                -54.7184     -59.2240     -60.2358     -52.4023     -57.6274
                -54.9198     -62.3586     -53.5379     -58.1639     -66.3698
                -71.2309     -68.2163     -59.9127     -53.6734     -61.0818
                -46.7480     -55.5673     -57.2410     -52.2633     -48.8243
                -50.6772     -57.3475     -62.2287     -48.1975     -50.6125
   1     60     -57.1307     -51.9386     -60.2153     -56.0682     -72.6568
                -57.1888     -45.1861     -51.2465     -54.4181     -50.2434
                -52.5549     -53.1276     -51.4741     -43.0083     -44.9235
                -34.8391     -58.6037     -60.1602     -47.1609     -46.8693
                -46.2292     -51.4239     -61.1059     -60.7512     -63.0220
                -54.9975     -59.5025     -60.5149     -52.6791     -57.9042
                -55.1969     -62.6370     -53.8167     -58.4436     -66.6485
                -71.5110     -68.4981     -60.1929     -53.9521     -61.3600
                -47.0245     -55.8431     -57.5184     -52.5414     -49.1009
                -50.9553     -57.6253     -62.5062     -48.4739     -50.8877
   1     80     -57.8720     -52.6718     -60.9575     -56.8112     -73.3945
                -57.9317     -45.9260     -51.9904     -55.1622     -50.9840
                -53.2911     -53.8717     -52.2141     -43.7485     -45.6630
                -35.5769     -59.3411     -60.9031     -47.8985     -47.6096
                -46.9701     -52.1620     -61.8350     -61.4886     -63.7688
                -55.7416     -60.2458     -61.2582     -53.4201     -58.6410
                -55.9372     -63.3790     -54.5604     -59.1868     -67.3898
                -72.2548     -69.2465     -60.9382     -54.6948     -62.1005
                -47.7627     -56.5765     -58.2557     -53.2807     -49.8398
                -51.6958     -58.3654     -63.2440     -49.2118     -51.6216
   1    100     -59.2370     -54.0240     -62.3175     -58.1780     -74.7547
                -59.2960     -47.2901     -53.3600     -56.5319     -52.3503
                -54.6510     -55.2417     -53.5726     -45.1131     -47.0230
                -36.9366     -60.6987     -62.2715     -49.2621     -48.9756
                -48.3369     -53.5233     -63.1825     -62.8478     -65.1362
                -57.1080     -61.6124     -62.6265     -54.7866     -59.9962
                -57.3027     -64.7442     -55.9299     -60.5494     -68.7493
                -73.6153     -70.6135     -62.3089     -56.0584     -63.4628
                -49.1217     -57.9328     -59.6114     -54.6417     -51.2020
                -53.0571     -59.7235     -64.6033     -50.5732     -52.9722
   2      0     -56.8859     -51.7266     -59.9806     -55.8281     -72.4100
                -56.9412     -44.9656     -51.0014     -54.1672     -49.9919
                -52.3210     -52.8626     -51.2227     -42.7513     -44.6665
                -34.5915     -58.3611     -59.9163     -46.9194     -46.6453
                -45.9906     -51.1991     -60.8926     -60.5154     -62.7635
                -54.7537     -59.2710     -60.2690     -52.4259     -57.6483
                -54.9448     -62.3943     -53.5714     -58.1936     -66.4065
                -71.2707     -68.2369     -59.9187     -53.6976     -61.1143
                -46.7939     -55.6228     -57.2790     -52.3156     -48.8494
                -50.6964     -57.3715     -62.2512     -48.2056     -50.6499
   3      0     -56.9262     -51.7373     -59.9940     -55.8544     -72.4303
                -56.9593     -44.9916     -51.0384     -54.1636     -50.0190
                -52.3571     -52.8781     -51.2296     -42.7683     -44.6791
                -34.6048     -58.3900     -59.9212     -46.9332     -46.6629
                -46.0251     -51.2087     -60.9100     -60.5272     -62.7691
                -54.7577     -59.3048     -60.2783     -52.4354     -57.6729
                -54.9687     -62.4023     -53.5701     -58.2058     -66.4362
                -71.3068     -68.2438     -59.9212     -53.6984     -61.1391
                -46.8148     -55.6374     -57.3038     -52.3259     -48.8690
                -50.7077     -57.3712     -62.2920     -48.2192     -50.6593
   4      0     -56.9160     -51.7617     -59.9865     -55.8472     -72.4247
                -56.9597     -44.9854     -51.0432     -54.1720     -50.0194
                -52.3487     -52.8837     -51.2340     -42.7638     -44.6929
                -34.6147     -58.4033     -59.9488     -46.9487     -46.6495
                -46.0204     -51.2160     -60.9172     -60.5215     -62.7568
                -54.7643     -59.2999     -60.2738     -52.4502     -57.6665
                -54.9639     -62.4157     -53.5737     -58.2078     -66.4066
                -71.2758     -68.2359     -59.9262     -53.7091     -61.1078
                -46.8236     -55.6561     -57.2989     -52.3075     -48.8680
                -50.7078     -57.3796     -62.2668     -48.2227     -50.6809
   5      0     -56.9472     -51.7730     -60.0120     -55.8652     -72.4022
                -56.9751     -44.9892     -51.0718     -54.1791     -50.0389
                -52.3831     -52.8745     -51.2597     -42.7660     -44.6981
                -34.6278     -58.4221     -59.9393     -46.9655     -46.6860
                -46.0373     -51.2151     -60.9461     -60.5328     -62.7552
                -54.7616     -59.3061     -60.2938     -52.4420     -57.6847
                -54.9874     -62.4432     -53.5750     -58.2162     -66.4135
                -71.2861     -68.2483     -59.9218     -53.6963     -61.1385
                -46.8305     -55.6714     -57.3088     -52.3373     -48.8823
                -50.7287     -57.4018     -62.3065     -48.2439     -50.6801
   5     60     -57.2861     -52.1076     -60.3502     -56.2033     -72.7395
                -57.3142     -45.3254     -51.4100     -54.5167     -50.3757
                -52.7177     -53.2129     -51.5974     -43.1023     -45.0342
                -34.9626     -58.7594     -60.2774     -47.3010     -47.0223
                -46.3742     -51.5499     -61.2790     -60.8694     -63.0956
                -55.1006     -59.6444     -60.6328     -52.7782     -58.0205
                -55.3246     -62.7818     -53.9139     -58.5553     -66.7515
                -71.6264     -68.5905     -60.2614     -54.0347     -61.4760
                -47.1664     -56.0063     -57.6455     -52.6746     -49.2187
                -51.0661     -57.7390     -62.6432     -48.5795     -51.0141
   5     80     -58.1086     -52.9222     -61.1728     -57.0271     -73.5581
                -58.1379     -46.1459     -52.2347     -55.3405     -51.1971
                -53.5344     -54.0375     -52.4178     -43.9227     -45.8541
                -35.7809     -59.5781     -61.1004     -48.1196     -47.8435
                -47.1961     -52.3677     -62.0886     -61.6888     -63.9217
                -55.9250     -60.4683     -61.4576     -53.5993     -58.8376
                -56.1459     -63.6052     -54.7393     -59.3791     -67.5719
                -72.4511     -69.4191     -61.0873     -54.8572     -62.2968
                -47.9857     -56.8208     -58.4637     -53.4951     -50.0390
                -51.8868     -58.5594     -63.4614     -49.3981     -51.8282
   5    100     -59.3430     -54.1467     -62.4025     -58.2639     -74.7881
                -59.3727     -47.3810     -53.4734     -56.5778     -52.4324
                -54.7651     -55.2763     -53.6460     -45.1567     -47.0844
                -37.0110     -60.8078     -62.3369     -49.3538     -49.0801
                -48.4328     -53.5986     -63.3082     -62.9190     -65.1559
                -57.1611     -61.7045     -62.6944     -54.8349     -60.0628
                -57.3810     -64.8410     -55.9777     -60.6110     -68.8002
                -73.6794     -70.6529     -62.3239     -56.0879     -63.5277
                -49.2161     -58.0486     -59.6914     -54.7265     -51.2713
                -53.1167     -59.7876     -64.6918     -50.6283     -53.0492
 
 group  inft   Estimated free energy: 2-th solvent contribution (kcal/mol)
   1      0     -54.0971     -58.6700     -50.7057     -58.5584     -39.3025
                -54.2828     -68.2557     -63.2486     -58.6933     -61.4657
                -60.1488     -60.0550     -60.1602     -70.2997     -67.2030
                -77.8684     -51.9859     -51.6649     -67.1304     -66.1514
                -67.6126     -62.3281     -49.3483     -52.2325     -48.3942
                -58.5021     -54.5208     -53.4446     -59.5292     -54.0956
                -58.7843     -49.4111     -61.0395     -53.6602     -43.6525
                -39.0452     -42.4325     -52.3055     -59.1941     -49.9568
                -63.9661     -56.9760     -54.4546     -60.0713     -64.4962
                -61.0730     -54.0811     -50.1651     -64.5763     -59.7051
   1     60     -55.6214     -60.1818     -52.2235     -60.0750     -40.8224
                -55.8034     -69.7694     -64.7700     -60.2082     -62.9839
                -61.6657     -61.5779     -61.6789     -71.8194     -68.7176
                -79.3760     -53.5147     -53.1885     -68.6490     -67.6720
                -69.1257     -63.8402     -50.8773     -53.7605     -49.9244
                -60.0250     -56.0435     -54.9648     -61.0476     -55.6124
                -60.2970     -50.9353     -62.5588     -55.1864     -45.1827
                -40.5747     -43.9679     -53.8353     -60.7171     -51.4819
                -65.4799     -58.4951     -55.9713     -61.5945     -66.0110
                -62.5945     -55.6062     -51.6951     -66.0874     -61.2233
   1     80     -59.6322     -64.1780     -56.2344     -64.0853     -44.8200
                -59.8136     -73.7834     -68.7961     -64.2280     -66.9979
                -65.6799     -65.6115     -65.6844     -75.8263     -72.7240
                -83.3758     -57.5315     -57.2117     -72.6622     -71.7048
                -73.1363     -67.8467     -54.8891     -57.7851     -53.9544
                -64.0479     -60.0658     -58.9774     -65.0750     -59.6079
                -64.3019     -54.9612     -66.5783     -59.2061     -49.2129
                -44.5979     -48.0112     -57.8632     -64.7370     -55.4992
                -69.4846     -62.4950     -59.9656     -65.6022     -70.0204
                -66.6089     -59.6316     -55.7228     -70.0813     -65.2318
   1    100     -66.4517     -70.9716     -63.0426     -70.9078     -51.6325
                -66.6186     -80.6006     -75.6404     -71.0566     -73.8137
                -72.5026     -72.4631     -72.4763     -82.6347     -79.5277
                -90.1749     -64.3431     -64.0507     -79.4835     -78.5460
                -79.9554     -74.6550     -61.6938     -64.6244     -60.7824
                -70.8819     -66.8844     -65.8128     -71.9178     -66.3981
                -71.1402     -61.8147     -73.4285     -66.0245     -56.0310
                -51.4142     -54.8375     -64.7042     -71.5564     -62.3126
                -76.2816     -69.3012     -66.7563     -72.4039     -76.8455
                -73.4243     -66.4470     -62.5626     -76.8768     -72.0293
   2      0     -54.1384     -58.6692     -50.7187     -58.5353     -39.3395
                -54.3084     -68.2673     -63.2222     -58.6959     -61.5054
                -60.1696     -60.0168     -60.1445     -70.2959     -67.1807
                -77.8875     -52.0026     -51.6839     -67.1369     -66.1377
                -67.6345     -62.3272     -49.3680     -52.2075     -48.3957
                -58.4989     -54.5304     -53.4662     -59.5025     -54.0963
                -58.7575     -49.4074     -61.0653     -53.6859     -43.6945
                -39.0653     -42.4536     -52.2919     -59.2071     -49.9658
                -63.9404     -57.0150     -54.4940     -60.1340     -64.5196
                -61.0503     -54.0751     -50.1680     -64.5639     -59.7150
   3      0     -54.1331     -58.6934     -50.7604     -58.5352     -39.3500
                -54.3115     -68.2603     -63.2491     -58.6896     -61.5456
                -60.1854     -60.0348     -60.1514     -70.2956     -67.1677
                -77.9137     -52.0067     -51.6684     -67.1583     -66.1567
                -67.6093     -62.3172     -49.3518     -52.2333     -48.4151
                -58.5027     -54.5388     -53.4729     -59.5191     -54.1103
                -58.7463     -49.4406     -61.0480     -53.7001     -43.6893
                -39.0323     -42.4744     -52.2871     -59.1862     -49.9529
                -63.9491     -57.0493     -54.4790     -60.1128     -64.5596
                -61.0931     -54.0820     -50.1859     -64.5896     -59.7300
   4      0     -54.0582     -58.6229     -50.6551     -58.4849     -39.2854
                -54.2673     -68.2035     -63.1299     -58.5892     -61.4691
                -60.1490     -59.9305     -60.1020     -70.2165     -67.1367
                -77.8091     -51.9149     -51.5845     -67.0586     -66.0701
                -67.5532     -62.2435     -49.2723     -52.1197     -48.3753
                -58.4448     -54.4754     -53.4308     -59.4247     -54.0098
                -58.6466     -49.3862     -61.0353     -53.6731     -43.6112
                -38.9976     -42.3848     -52.2248     -59.1243     -49.9267
                -63.8915     -56.9361     -54.4565     -60.0862     -64.4700
                -61.0168     -54.0223     -50.1341     -64.5228     -59.6144
   5      0     -54.0756     -58.6998     -50.7604     -58.5571     -39.3611
                -54.3508     -68.2655     -63.2400     -58.6416     -61.4773
                -60.2343     -60.0141     -60.1691     -70.2673     -67.2041
                -77.8711     -51.9791     -51.6566     -67.1506     -66.1519
                -67.6214     -62.3216     -49.3282     -52.1308     -48.4256
                -58.4957     -54.5478     -53.4944     -59.5282     -54.1188
                -58.7381     -49.4256     -61.0818     -53.6894     -43.6955
                -39.0838     -42.4502     -52.2847     -59.1961     -49.9399
                -63.9298     -57.0289     -54.4820     -60.1251     -64.5509
                -61.0641     -54.0662     -50.1397     -64.5717     -59.6900
   5     60     -55.9233     -60.5351     -52.6018     -60.3953     -41.2052
                -56.1954     -70.1017     -65.0829     -60.4804     -63.3195
                -62.0738     -61.8614     -62.0119     -72.1028     -69.0385
                -79.6982     -53.8299     -53.5046     -68.9912     -67.9961
                -69.4581     -64.1566     -51.1770     -53.9818     -50.2794
                -60.3418     -56.3940     -55.3392     -61.3696     -55.9549
                -60.5735     -51.2750     -62.9257     -55.5359     -45.5494
                -40.9391     -44.3127     -54.1373     -61.0431     -51.7872
                -65.7643     -58.8703     -56.3202     -61.9691     -66.3892
                -62.9075     -55.9154     -51.9926     -66.4037     -61.5304
   5     80     -60.3296     -64.9229     -57.0084     -64.7984     -45.6010
                -60.5989     -74.5036     -69.4993     -64.8888     -67.7299
                -66.4804     -66.2876     -66.4102     -76.5018     -73.4363
                -84.0869     -58.2393     -57.9214     -73.3994     -72.4192
                -73.8594     -68.5557     -55.5840     -58.4066     -54.7010
                -64.7566     -60.8084     -59.7525     -65.7857     -60.3444
                -64.9675     -55.6964     -67.3427     -59.9488     -49.9714
                -45.3600     -48.7491     -58.5646     -65.4526     -56.2006
                -70.1629     -63.2651     -60.7101     -66.3749     -70.7930
                -67.3163     -60.3349     -56.4131     -70.7929     -65.9346
   5    100     -66.4366     -71.0078     -63.1123     -70.9163     -51.7091
                -66.7011     -80.6116     -75.6257     -71.0073     -73.8394
                -72.5954     -72.4265     -72.4916     -82.6050     -79.5334
                -90.1781     -64.3419     -64.0498     -79.5164     -78.5453
                -79.9701     -74.6598     -61.6799     -64.5332     -60.8198
                -70.8822     -66.9213     -65.8819     -71.9160     -66.4271
                -71.0841     -61.8409     -73.4786     -66.0547     -56.0820
                -51.4584     -54.8572     -64.6863     -71.5530     -62.3048
                -76.2536     -69.3653     -66.8050     -72.4706     -76.9065
                -73.4205     -66.4443     -62.5472     -76.8829     -72.0217
 
 
 cumulative average & 95% error for solvation free energy
              total             1st component         2nd component
  1  -111.0704              -56.9262              -54.1331
  2  -110.7561     0.6287   -54.3317     5.1889   -56.4133     4.5602
  3  -110.7592     0.3630   -56.2191     4.8192   -54.5290     4.5972
  4  -111.6696     1.8388   -56.1280     3.4125   -55.5305     3.8183
  5  -111.6940     1.4251   -59.3884     7.0363   -52.2944     7.1160
  6  -111.6253     1.1717   -58.9836     5.8019   -52.6306     5.8490
  7  -111.8593     1.0953   -56.9847     6.3266   -54.8634     6.6617
  8  -112.1642     1.1276   -56.2414     5.6771   -55.9116     6.1383
  9  -112.2420     1.0066   -56.0106     5.0280   -56.2203     5.4485
 10  -112.1753     0.9101   -55.4114     4.6541   -56.7528     4.9883
 11  -112.2097     0.8261   -55.1337     4.2462   -57.0649     4.5551
 12  -112.2693     0.7635   -54.9458     3.8945   -57.3124     4.1876
 13  -112.2018     0.7151   -54.6599     3.6277   -57.5307     3.8767
 14  -112.2642     0.6737   -53.8105     3.7638   -58.4425     4.0258
 15  -112.2371     0.6296   -53.2017     3.7094   -59.0242     3.9242
 16  -112.2554     0.5900   -52.0394     4.1766   -60.2048     4.3646
 17  -112.1467     0.5953   -52.4130     3.9937   -59.7226     4.2117
 18  -112.1163     0.5646   -52.8301     3.8566   -59.2751     4.0705
 19  -112.2209     0.5735   -52.5198     3.7004   -59.6900     3.9387
 20  -112.2514     0.5475   -52.2269     3.5590   -60.0133     3.7921
 21  -112.3178     0.5374   -51.9316     3.4365   -60.3750     3.6788
 22  -112.3732     0.5242   -51.8987     3.2772   -60.4633     3.5121
 23  -112.2819     0.5332   -52.2905     3.2280   -59.9802     3.4922
 24  -112.3023     0.5121   -52.6337     3.1659   -59.6574     3.4053
 25  -112.2580     0.4991   -53.0391     3.1430   -59.2077     3.3878
 26  -112.2970     0.4858   -53.1052     3.0226   -59.1806     3.2554
 27  -112.3547     0.4815   -53.3348     2.9445   -59.0087     3.1513
 28  -112.4049     0.4748   -53.5828     2.8804   -58.8110     3.0623
 29  -112.3898     0.4591   -53.5433     2.7805   -58.8354     2.9552
 30  -112.3700     0.4453   -53.6809     2.7003   -58.6779     2.8723
 31  -112.4137     0.4395   -53.7225     2.6130   -58.6801     2.7781
 32  -112.3962     0.4270   -53.9937     2.5876   -58.3914     2.7512
 33  -112.4639     0.4354   -53.9809     2.5081   -58.4719     2.6714
 34  -112.4478     0.4236   -54.1051     2.4458   -58.3315     2.6068
 35  -112.3818     0.4320   -54.4574     2.4772   -57.9132     2.6659
 36  -112.3253     0.4348   -54.9255     2.5830   -57.3887     2.7951
 37  -112.2822     0.4316   -55.2854     2.6134   -56.9856     2.8355
 38  -112.2805     0.4201   -55.4074     2.5553   -56.8620     2.7709
 39  -112.2963     0.4104   -55.3636     2.4905   -56.9216     2.7016
 40  -112.2665     0.4044   -55.5080     2.4446   -56.7474     2.6561
 41  -112.2301     0.4011   -55.2960     2.4216   -56.9230     2.6143
 42  -112.2412     0.3920   -55.3041     2.3633   -56.9260     2.5513
 43  -112.2308     0.3834   -55.3506     2.3096   -56.8691     2.4938
 44  -112.2358     0.3747   -55.2819     2.2606   -56.9428     2.4409
 45  -112.2626     0.3702   -55.1394     2.2281   -57.1121     2.4100
 46  -112.2528     0.3626   -55.0430     2.1877   -57.1986     2.3634
 47  -112.2360     0.3563   -55.0925     2.1429   -57.1323     2.3163
 48  -112.2413     0.3490   -55.2425     2.1191   -56.9876     2.2859
 49  -112.2531     0.3426   -55.0992     2.0951   -57.1428     2.2602
 50  -112.2160     0.3438   -55.0104     2.0605   -57.1945     2.2170
 
 Mesh error is    0.069 kcal/mol
