 ERmod 0.3.8, Copyright (C) 2000-2019 Nobuyuki Matubayasi
                            2010-2019 Shun Sakuraba
 ERmod comes with ABSOLUTELY NO WARRANTY.
 This is free software, and you can redistribute it
 and/or modify it under certain conditions.
 See LICENSE file for details.
 
  Number of the   1-th solvent  =          378
  Number of the   2-th solvent  =        10000
 
  Be sure that the solvent distribution is homogeneous (radial distribution function is essentially unity) when the solvent molecule is separated beyond distance of   10.0 Angstrom in any direction from any atom within the solute molecule
 
  LJ long-range correction    =        -1.1319     -7.1533
 
  Self-energy of the solute   =        -0.0048  kcal/mol
 
 
 cumulative average & 95% error for solvation energy
              total             1st component         2nd component
  1  -491.4371              -84.3089             -407.1234
  2  -493.1876     3.5011   -83.7403     1.1371  -409.4425     4.6382
  3  -493.5861     2.1728   -81.7704     3.9943  -411.8110     5.4415
  4  -492.8012     2.1966   -75.9451    11.9881  -416.8514    10.7901
  5  -492.5075     1.8000   -71.5239    12.8224  -420.9788    11.7473
  6  -492.7884     1.5735   -70.9836    10.5251  -421.8001     9.7313
  7  -492.2454     1.7170   -72.7320     9.5580  -419.5086     9.4152
  8  -492.1846     1.4919   -70.2978     9.6031  -421.8821     9.4349
  9  -492.2127     1.3169   -67.4902    10.1615  -424.7178    10.0698
 10  -492.3380     1.2042   -66.0774     9.5178  -426.2558     9.5175
 11  -492.0181     1.2632   -66.5810     8.6679  -425.4324     8.7650
 12  -491.8659     1.1927   -67.3395     8.0568  -424.5216     8.2060
 13  -491.7792     1.1107   -66.9681     7.4483  -424.8063     7.5699
 14  -491.9643     1.0930   -66.7354     6.9115  -425.2241     7.0580
 15  -492.0386     1.0283   -66.4254     6.4640  -425.6085     6.6155
 16  -492.1910     1.0090   -65.7039     6.2164  -426.4824     6.4303
 17  -492.0812     0.9729   -64.8305     6.0949  -427.2459     6.2303
 18  -492.1553     0.9292   -63.1780     6.6290  -428.9726     6.8138
 19  -492.2633     0.9050   -62.1105     6.6239  -430.1481     6.8606
 20  -492.3794     0.8895   -62.0558     6.2849  -430.3189     6.5175
 21  -492.3255     0.8529   -61.4199     6.1120  -430.9009     6.3077
 22  -492.3836     0.8214   -60.7364     5.9857  -431.6424     6.1943
 23  -492.2494     0.8295   -61.6632     6.0123  -430.5815     6.2877
 24  -492.2638     0.7947   -61.2126     5.8265  -431.0465     6.0914
 25  -492.3200     0.7705   -60.8809     5.6278  -431.4344     5.8940
 26  -492.3145     0.7404   -60.8703     5.4071  -431.4394     5.6628
 27  -492.1633     0.7740   -60.8790     5.2030  -431.2795     5.4584
 28  -491.9112     0.9002   -61.5145     5.1723  -430.3919     5.5513
 29  -491.8657     0.8734   -60.5950     5.3187  -431.2659     5.6344
 30  -491.8831     0.8445   -60.1191     5.2258  -431.7592     5.5321
 31  -491.9032     0.8178   -59.8031     5.0938  -432.0953     5.3927
 32  -491.9181     0.7924   -59.5874     4.9509  -432.3260     5.2418
 33  -491.9980     0.7844   -59.8756     4.8330  -432.1176     5.0975
 34  -492.0150     0.7618   -59.2366     4.8598  -432.7737     5.1165
 35  -492.0254     0.7400   -58.4986     4.9443  -433.5220     5.1887
 36  -492.0387     0.7196   -57.7438     5.0366  -434.2901     5.2713
 37  -491.9997     0.7042   -57.6789     4.9003  -434.3160     5.1271
 38  -491.9424     0.6949   -58.5049     5.0476  -433.4328     5.2938
 39  -491.9676     0.6788   -59.0296     5.0272  -432.9332     5.2522
 40  -491.8494     0.7025   -59.5650     5.0155  -432.2797     5.2834
 41  -491.6235     0.8207   -60.5992     5.3110  -431.0196     5.7362
 42  -491.3842     0.9331   -61.9690     5.8625  -429.4104     6.4571
 43  -491.1599     1.0155   -63.0037     6.0871  -428.1514     6.7894
 44  -491.0182     1.0319   -63.6077     6.0686  -427.4058     6.7989
 45  -490.9556     1.0164   -64.2818     6.0835  -426.6690     6.8074
 46  -490.9059     0.9991   -64.2875     5.9498  -426.6136     6.6587
 47  -490.9006     0.9776   -64.0358     5.8435  -426.8600     6.5341
 48  -490.8824     0.9577   -63.7180     5.7557  -427.1597     6.4246
 49  -490.9008     0.9387   -63.3732     5.6790  -427.5228     6.3338
 50  -490.9503     0.9251   -63.1658     5.5797  -427.7797     6.2271
 
 
 group  inft  solvation free energy     error          difference
  total solvation free energy
   1      0       -105.72436           0.48001          -0.04143
   1     60       -106.58896           0.47967          -0.90603
   1     80       -110.09897           0.47870          -4.41604
   1    100       -118.73065           0.48698         -13.04773
   2      0       -105.71380           0.48046          -0.03088
   3      0       -105.68293           0.49549          -0.00000
   4      0       -105.66104           0.48920           0.02189
   5      0       -105.76771           0.47639          -0.08479
   5     60       -106.84693           0.47270          -1.16400
   5     80       -110.94771           0.47218          -5.26478
   5    100       -118.80512           0.48727         -13.12219
 
  contribution from  1-th solvent component
   1      0        -22.26057           2.18484          -0.01481
   1     60        -22.29116           2.18486          -0.04540
   1     80        -22.43299           2.18502          -0.18723
   1    100        -22.83691           2.18462          -0.59115
   2      0        -22.24998           2.17719          -0.00421
   3      0        -22.24576           2.17329           0.00000
   4      0        -22.24881           2.17111          -0.00305
   5      0        -22.25204           2.17212          -0.00627
   5     60        -22.29136           2.17224          -0.04559
   5     80        -22.46186           2.17240          -0.21609
   5    100        -22.83468           2.17189          -0.58891
 
  contribution from  2-th solvent component
   1      0        -83.45903           2.53681          -0.02662
   1     60        -84.29304           2.53592          -0.86063
   1     80        -87.66123           2.53454          -4.22882
   1    100        -95.88899           2.53980         -12.45658
   2      0        -83.45908           2.53029          -0.02667
   3      0        -83.43241           2.53886           0.00000
   4      0        -83.40747           2.53238           0.02494
   5      0        -83.51092           2.52158          -0.07851
   5     60        -84.55081           2.51822          -1.11840
   5     80        -88.48110           2.51717          -5.04869
   5    100        -95.96569           2.52786         -12.53328
 
 
 group  inft   Estimated free energy: total (kcal/mol)
   1      0    -105.6385    -106.9999    -106.8928    -105.7655    -106.2828
               -107.1038    -104.3953    -106.2739    -106.1807    -106.8928
               -104.8367    -105.3332    -105.7885    -107.2410    -106.8535
               -107.6208    -105.7697    -107.2344    -107.1636    -107.3319
               -105.9449    -107.3407    -104.7494    -106.9892    -107.0724
               -106.5547    -104.3746    -102.3895    -105.4534    -106.3826
               -106.6285    -106.6065    -107.2827    -106.5577    -106.2615
               -106.6719    -105.5786    -105.4743    -106.5927    -103.6861
               -100.9010    -100.8762    -101.0607    -102.4264    -104.0850
               -105.0974    -106.3032    -105.8957    -106.2213    -107.1598
   1     60    -106.5087    -107.8665    -107.7627    -106.6300    -107.1477
               -107.9660    -105.2645    -107.1436    -107.0442    -107.7537
               -105.6975    -106.1962    -106.6493    -108.1061    -107.7139
               -108.4862    -106.6302    -108.0912    -108.0239    -108.1935
               -106.8013    -108.2000    -105.6137    -107.8466    -107.9334
               -107.4175    -105.2406    -103.2510    -106.3139    -107.2434
               -107.4905    -107.4670    -108.1522    -107.4126    -107.1224
               -107.5312    -106.4557    -106.3651    -107.4718    -104.5555
               -101.7626    -101.7419    -101.9230    -103.2985    -104.9645
               -105.9692    -107.1633    -106.7574    -107.0836    -108.0233
   1     80    -110.0278    -111.4022    -111.2878    -110.1286    -110.6579
               -111.4805    -108.7911    -110.6564    -110.5553    -111.2603
               -109.2120    -109.7140    -110.1577    -111.6203    -111.2257
               -111.9871    -110.1379    -111.5874    -111.5289    -111.7010
               -110.3084    -111.6964    -109.1243    -111.3525    -111.4427
               -110.9393    -108.7560    -106.7663    -109.8223    -110.7457
               -111.0043    -110.9681    -111.6796    -110.9158    -110.6221
               -111.0324    -109.9500    -109.8513    -110.9704    -108.0670
               -105.2878    -105.2666    -105.4332    -106.8233    -108.4834
               -109.4730    -110.6553    -110.2641    -110.5960    -111.5308
   1    100    -118.6973    -120.0925    -119.9597    -118.7497    -119.3144
               -120.1236    -117.4396    -119.2931    -119.1919    -119.9031
               -117.8459    -118.3489    -118.8126    -120.2698    -119.8793
               -120.6252    -118.7629    -120.2305    -120.1885    -120.3479
               -118.9566    -120.3511    -117.7638    -120.0197    -120.0793
               -119.5882    -117.3258    -115.3283    -118.4737    -119.3696
               -119.6509    -119.6003    -120.3261    -119.5621    -119.2537
               -119.6874    -118.5845    -118.4662    -119.6085    -116.6553
               -113.7994    -113.7991    -113.9855    -115.4168    -117.1041
               -118.1206    -119.2813    -118.9126    -119.2233    -120.1623
   2      0    -105.5943    -106.9502    -106.8274    -105.8128    -106.2625
               -107.0957    -104.4126    -106.2654    -106.1895    -106.8788
               -104.8033    -105.3368    -105.7502    -107.2513    -106.7617
               -107.5708    -105.7608    -107.2314    -107.1961    -107.3005
               -105.9744    -107.3062    -104.7693    -106.9690    -107.0455
               -106.5538    -104.3737    -102.3920    -105.4675    -106.4025
               -106.6079    -106.6207    -107.2983    -106.5527    -106.2372
               -106.6687    -105.6288    -105.4839    -106.6101    -103.7466
               -100.8887    -100.7477    -101.0540    -102.4057    -104.0826
               -105.0745    -106.2620    -105.8916    -106.1962    -107.1265
   3      0    -105.5946    -106.9283    -106.8032    -105.7908    -106.2904
               -107.1246    -104.4047    -106.2532    -106.1822    -106.8738
               -104.7750    -105.3097    -105.7209    -107.2616    -106.7749
               -107.5600    -105.7644    -107.1981    -107.1735    -107.3020
               -105.9932    -107.2433    -104.8012    -106.9969    -107.0426
               -106.5538    -104.2852    -102.3229    -105.4680    -106.3812
               -106.6575    -106.5591    -107.2567    -106.5572    -106.2849
               -106.6665    -105.5541    -105.4190    -106.5574    -103.5704
               -100.7124    -100.5681    -100.7498    -102.1698    -104.0685
               -105.1421    -106.2678    -105.9144    -106.1828    -107.1136
   4      0    -105.5175    -106.9161    -106.7869    -105.7715    -106.2192
               -107.0699    -104.3710    -106.2385    -106.1713    -106.8283
               -104.7813    -105.2713    -105.7060    -107.2063    -106.7062
               -107.5570    -105.7268    -107.1948    -107.1558    -107.2877
               -105.9676    -107.2531    -104.7428    -106.9128    -106.9969
               -106.5283    -104.3391    -102.3115    -105.4605    -106.3753
               -106.5820    -106.5335    -107.1979    -106.5470    -106.2112
               -106.6456    -105.5132    -105.3784    -106.5379    -103.6433
               -100.7104    -100.6310    -100.8345    -102.2341    -104.0466
               -105.0551    -106.2276    -105.8839    -106.1852    -107.0822
   5      0    -105.6341    -106.9911    -106.8635    -105.8916    -106.3569
               -107.1891    -104.4588    -106.3107    -106.2124    -106.9051
               -104.8456    -105.3744    -105.8368    -107.3427    -106.8093
               -107.6535    -105.8079    -107.2445    -107.2132    -107.3595
               -106.0681    -107.2912    -104.8813    -107.0454    -107.1208
               -106.6785    -104.4454    -102.5421    -105.5187    -106.4417
               -106.6994    -106.5433    -107.3018    -106.6053    -106.3003
               -106.7220    -105.5697    -105.4728    -106.6467    -103.7389
               -101.0195    -100.8891    -101.1254    -102.4398    -104.1226
               -105.1678    -106.3174    -105.9422    -106.2581    -107.1697
   5     60    -106.7123    -108.0704    -107.9428    -106.9619    -107.4296
               -108.2640    -105.5400    -107.3855    -107.2819    -107.9747
               -105.9193    -106.4520    -106.9081    -108.4192    -107.8793
               -108.7245    -106.8772    -108.3124    -108.2850    -108.4303
               -107.1349    -108.3602    -105.9581    -108.1166    -108.1901
               -107.7602    -105.5474    -103.6469    -106.5906    -107.5099
               -107.7735    -107.6145    -108.3816    -107.6715    -107.3670
               -107.7901    -106.6515    -106.5609    -107.7323    -104.8444
               -102.1397    -102.0096    -102.2375    -103.5638    -105.2121
               -106.2443    -107.3836    -107.0135    -107.3271    -108.2423
   5     80    -110.8241    -112.1968    -112.0590    -111.0533    -111.5323
               -112.3685    -109.6615    -111.4890    -111.3839    -112.0721
               -110.0197    -110.5557    -111.0024    -112.5298    -111.9793
               -112.8166    -110.9711    -112.4022    -112.3883    -112.5322
               -111.2308    -112.4528    -110.0633    -112.2162    -112.2906
               -111.8757    -109.6515    -107.7629    -110.6913    -111.6004
               -111.8789    -111.7055    -112.4978    -111.7676    -111.4554
               -111.8817    -110.7463    -110.6461    -111.8260    -108.9469
               -106.2459    -106.1121    -106.3444    -107.6673    -109.3161
               -110.3389    -111.4633    -111.1127    -111.4213    -112.3379
   5    100    -118.7177    -120.1083    -119.9671    -118.9202    -119.4247
               -120.2568    -117.5487    -119.3674    -119.2700    -119.9542
               -117.8974    -118.4345    -118.8821    -120.4208    -119.8589
               -120.6956    -118.8402    -120.2748    -120.2824    -120.4121
               -119.1157    -120.3350    -117.9432    -120.1109    -120.1739
               -119.7601    -117.4344    -115.5189    -118.5599    -119.4681
               -119.7641    -119.5734    -120.3904    -119.6484    -119.3236
               -119.7656    -118.6124    -118.4874    -119.7024    -116.7254
               -113.9332    -113.7598    -114.0366    -115.3872    -117.1505
               -118.2217    -119.3183    -118.9968    -119.2927    -120.2123
 
 group  inft   Estimated free energy: 1-th solvent contribution (kcal/mol)
   1      0     -31.2804     -30.8993     -28.7126     -20.8215     -18.7331
                -24.7692     -30.2336     -18.1271     -15.2686     -18.5631
                -25.9932     -27.4194     -22.3713     -22.9543     -22.0479
                -19.4116     -17.5071     -10.8619     -14.1706     -21.5845
                -16.7685     -15.6561     -30.0555     -17.7092     -18.4291
                -21.6276     -20.7324     -27.4726     -10.4079     -15.7707
                -17.2552     -18.4369     -25.0044     -12.0298      -9.9863
                 -9.3700     -18.7991     -32.5312     -28.8396     -28.6112
                -36.5706     -42.9385     -38.7828     -31.7756     -33.9946
                -23.0007     -18.2816     -16.3521     -15.7810     -18.3274
   1     60     -31.3111     -30.9307     -28.7438     -20.8525     -18.7638
                -24.8000     -30.2642     -18.1579     -15.2993     -18.5939
                -26.0243     -27.4508     -22.4023     -22.9850     -22.0792
                -19.4428     -17.5376     -10.8920     -14.2015     -21.6157
                -16.7987     -15.6877     -30.0860     -17.7398     -18.4601
                -21.6581     -20.7634     -27.5025     -10.4378     -15.8004
                -17.2849     -18.4674     -25.0353     -12.0596     -10.0164
                 -9.4001     -18.8299     -32.5626     -28.8705     -28.6411
                -36.5999     -42.9685     -38.8125     -31.8055     -34.0262
                -23.0310     -18.3122     -16.3812     -15.8117     -18.3586
   1     80     -31.4530     -31.0757     -28.8879     -20.9952     -18.9058
                -24.9430     -30.4057     -18.2999     -15.4412     -18.7368
                -26.1682     -27.5962     -22.5452     -23.1271     -22.2235
                -19.5864     -17.6787     -11.0319     -14.3444     -21.7602
                -16.9391     -15.8330     -30.2271     -17.8819     -18.6039
                -21.7996     -20.9068     -27.6425     -10.5767     -15.9387
                -17.4233     -18.6087     -25.1786     -12.1986     -10.1556
                 -9.5399     -18.9716     -32.7049     -29.0123     -28.7816
                -36.7400     -43.1106     -38.9532     -31.9469     -34.1712
                -23.1710     -18.4536     -16.5165     -15.9540     -18.5026
   1    100     -31.8586     -31.4859     -29.2964     -21.4008     -19.3126
                -25.3490     -30.8088     -18.7049     -15.8477     -19.1433
                -26.5749     -28.0056     -22.9539     -23.5330     -22.6305
                -19.9943     -18.0822     -11.4347     -14.7529     -22.1696
                -17.3431     -16.2451     -30.6299     -18.2888     -19.0128
                -22.2042     -21.3095     -28.0371     -10.9771     -16.3380
                -17.8215     -19.0132     -25.5858     -12.5996     -10.5577
                 -9.9446     -19.3758     -33.1088     -29.4183     -29.1804
                -37.1318     -43.5047     -39.3470     -32.3456     -34.5741
                -23.5721     -18.8588     -16.9121     -16.3582     -18.9102
   2      0     -31.2997     -30.8914     -28.7010     -20.8356     -18.7388
                -24.7782     -30.2488     -18.1234     -15.2759     -18.5676
                -25.9987     -27.4201     -22.3786     -22.9591     -22.0491
                -19.4088     -17.5216     -10.8783     -14.1701     -21.5748
                -16.7859     -15.6369     -30.0615     -17.7178     -18.4258
                -21.6365     -20.6360     -27.3914     -10.4288     -15.7864
                -17.2841     -18.4456     -25.0130     -12.0382      -9.9979
                 -9.3824     -18.8077     -32.5225     -28.8300     -28.5443
                -36.4440     -42.7874     -38.6672     -31.6576     -33.9710
                -23.0080     -18.2914     -16.3732     -15.7875     -18.3196
   3      0     -31.3166     -30.8891     -28.7156     -20.8391     -18.7367
                -24.7940     -30.2529     -18.1313     -15.2837     -18.5754
                -25.9916     -27.4251     -22.3711     -22.9662     -22.0260
                -19.4185     -17.5252     -10.8824     -14.1763     -21.5797
                -16.7915     -15.6306     -30.0651     -17.7245     -18.4240
                -21.6286     -20.5971     -27.3439     -10.4373     -15.7988
                -17.2921     -18.4597     -25.0177     -12.0536     -10.0026
                 -9.3942     -18.8032     -32.5190     -28.8295     -28.5214
                -36.3629     -42.7245     -38.6015     -31.5819     -33.9758
                -23.0141     -18.2975     -16.3792     -15.7955     -18.3243
   4      0     -31.3094     -30.8869     -28.7139     -20.8387     -18.7446
                -24.8036     -30.2755     -18.1309     -15.2768     -18.5868
                -26.0138     -27.4261     -22.3796     -22.9748     -22.0341
                -19.4210     -17.5319     -10.8946     -14.1863     -21.5870
                -16.8018     -15.6386     -30.0720     -17.7282     -18.4223
                -21.6455     -20.5939     -27.3292     -10.4580     -15.8041
                -17.3099     -18.4660     -25.0162     -12.0587     -10.0175
                 -9.4000     -18.8050     -32.5175     -28.8338     -28.5097
                -36.3455     -42.6926     -38.5651     -31.5703     -33.9672
                -23.0215     -18.3133     -16.3906     -15.8094     -18.3208
   5      0     -31.3098     -30.8714     -28.7155     -20.8398     -18.7520
                -24.7998     -30.2740     -18.1392     -15.2827     -18.5854
                -26.0075     -27.4272     -22.3838     -22.9859     -22.0389
                -19.4153     -17.5452     -10.8856     -14.1832     -21.5884
                -16.8079     -15.6297     -30.0763     -17.7240     -18.4304
                -21.6540     -20.6066     -27.3504     -10.4583     -15.8114
                -17.3229     -18.4586     -25.0151     -12.0589     -10.0083
                 -9.3952     -18.8099     -32.5351     -28.8426     -28.5056
                -36.3728     -42.7045     -38.5898     -31.5841     -33.9613
                -23.0290     -18.3016     -16.3954     -15.8122     -18.3194
   5     60     -31.3490     -30.9115     -28.7554     -20.8793     -18.7912
                -24.8392     -30.3131     -18.1785     -15.3218     -18.6247
                -26.0473     -27.4674     -22.4232     -23.0252     -22.0789
                -19.4550     -17.5841     -10.9243     -14.2227     -21.6282
                -16.8465     -15.6699     -30.1154     -17.7632     -18.4700
                -21.6932     -20.6471     -27.3899     -10.4968     -15.8495
                -17.3612     -18.4976     -25.0545     -12.0972     -10.0466
                 -9.4337     -18.8492     -32.5749     -28.8820     -28.5450
                -36.4126     -42.7449     -38.6299     -31.6243     -34.0018
                -23.0677     -18.3406     -16.4325     -15.8513     -18.3592
   5     80     -31.5195     -31.0852     -28.9286     -21.0507     -18.9617
                -25.0108     -30.4832     -18.3495     -15.4924     -18.7961
                -26.2196     -27.6413     -22.5945     -23.1961     -22.2524
                -19.6274     -17.7537     -11.0931     -14.3947     -21.8014
                -17.0153     -15.8444     -30.2855     -17.9340     -18.6423
                -21.8634     -20.8197     -27.5588     -10.6645     -16.0163
                -17.5285     -18.6674     -25.2257     -12.2649     -10.2142
                 -9.6020     -19.0198     -32.7461     -29.0523     -28.7138
                -36.5811     -42.9155     -38.7998     -31.7943     -34.1753
                -23.2363     -18.5105     -16.5960     -16.0220     -18.5318
   5    100     -31.8932     -31.4622     -29.3058     -21.4258     -19.3368
                -25.3862     -30.8553     -18.7237     -15.8679     -19.1709
                -26.5949     -28.0187     -22.9708     -23.5714     -22.6285
                -20.0035     -18.1264     -11.4659     -14.7720     -22.1781
                -17.3883     -16.2238     -30.6582     -18.3096     -19.0194
                -22.2374     -21.1910     -27.9226     -11.0353     -16.3861
                -17.8982     -19.0407     -25.6008     -12.6359     -10.5855
                 -9.9759     -19.3941     -33.1183     -29.4263     -29.0816
                -36.9426     -43.2768     -39.1626     -32.1599     -34.5468
                -23.6071     -18.8844     -16.9627     -16.3960     -18.9080
 
 group  inft   Estimated free energy: 2-th solvent contribution (kcal/mol)
   1      0     -74.3533     -76.0958     -78.1755     -84.9392     -87.5450
                -82.3298     -74.1569     -88.1420     -90.9074     -88.3250
                -78.8387     -77.9090     -83.4125     -84.2820     -84.8008
                -88.2045     -88.2579     -96.3678     -92.9882     -85.7427
                -89.1716     -91.6799     -74.6892     -89.2753     -88.6385
                -84.9223     -83.6374     -74.9121     -95.0408     -90.6071
                -89.3686     -88.1649     -82.2736     -94.5231     -96.2704
                -97.2972     -86.7747     -72.9383     -77.7484     -75.0702
                -64.3257     -57.9330     -62.2732     -70.6460     -70.0856
                -82.0919     -88.0169     -89.5388     -90.4355     -88.8277
   1     60     -75.1928     -76.9311     -79.0142     -85.7728     -88.3791
                -83.1613     -74.9955     -88.9809     -91.7401     -89.1551
                -79.6684     -78.7406     -84.2422     -85.1163     -85.6300
                -89.0386     -89.0879     -97.1944     -93.8177     -86.5730
                -89.9979     -92.5076     -75.5229     -90.1020     -89.4685
                -85.7547     -84.4725     -75.7437     -95.8713     -91.4382
                -90.2009     -88.9948     -83.1121     -95.3482     -97.1013
                -98.1263     -87.6210     -73.7978     -78.5966     -75.9096
                -65.1579     -58.7686     -63.1057     -71.4883     -70.9335
                -82.9334     -88.8464     -90.3714     -91.2671     -89.6599
   1     80     -78.5701     -80.3218     -82.3952     -89.1287     -91.7474
                -86.5327     -78.3807     -92.3517     -95.1093     -92.5188
                -83.0391     -82.1130     -87.6078     -88.4885     -88.9975
                -92.3960     -92.4545    -100.5508     -97.1797     -89.9360
                -93.3645     -95.8587     -78.8925     -93.4659     -92.8340
                -89.1349     -87.8445     -79.1190     -99.2408     -94.8022
                -93.5763     -92.3546     -86.4962     -98.7125    -100.4617
               -101.4878     -90.9737     -77.1417     -81.9534     -79.2807
                -68.5430     -62.1513     -66.4752     -74.8717     -74.3075
                -86.2972     -92.1969     -93.7429     -94.6373     -93.0234
   1    100     -86.8339     -88.6019     -90.6586     -97.3442     -99.9970
                -94.7699     -86.6260    -100.5835    -103.3394    -100.7550
                -91.2662     -90.3386     -95.8539     -96.7320     -97.2440
               -100.6262    -100.6759    -108.7910    -105.4308     -98.1735
               -101.6088    -104.1012     -87.1292    -101.7262    -101.0617
                -97.3793     -96.0116     -87.2864    -107.4919    -103.0268
               -101.8247    -100.5824     -94.7355    -106.9578    -108.6913
               -109.7380     -99.2040     -85.3526     -90.1854     -87.4701
                -76.6629     -70.2896     -74.6337     -83.0664     -82.5253
                -94.5437    -100.4178    -101.9957    -102.8604    -101.2474
   2      0     -74.2898     -76.0541     -78.1216     -84.9724     -87.5190
                -82.3128     -74.1591     -88.1372     -90.9088     -88.3064
                -78.7998     -77.9119     -83.3669     -84.2875     -84.7079
                -88.1573     -88.2345     -96.3483     -93.0212     -85.7209
                -89.1837     -91.6646     -74.7031     -89.2465     -88.6150
                -84.9126     -83.7330     -74.9959     -95.0340     -90.6113
                -89.3191     -88.1703     -82.2805     -94.5097     -96.2345
                -97.2816     -86.8164     -72.9567     -77.7754     -75.1975
                -64.4399     -57.9555     -62.3821     -70.7433     -70.1069
                -82.0617     -87.9659     -89.5137     -90.4040     -88.8021
   3      0     -74.2732     -76.0345     -78.0828     -84.9470     -87.5489
                -82.3259     -74.1470     -88.1171     -90.8938     -88.2936
                -78.7786     -77.8798     -83.3451     -84.2907     -84.7441
                -88.1367     -88.2344     -96.3109     -92.9924     -85.7175
                -89.1969     -91.6079     -74.7313     -89.2677     -88.6138
                -84.9205     -83.6833     -74.9742     -95.0259     -90.5776
                -89.3606     -88.0947     -82.2342     -94.4989     -96.2776
                -97.2675     -86.7462     -72.8952     -77.7232     -75.0443
                -64.3447     -57.8389     -62.1436     -70.5832     -70.0880
                -82.1233     -87.9655     -89.5305     -90.3825     -88.7846
   4      0     -74.2034     -76.0245     -78.0683     -84.9281     -87.4699
                -82.2615     -74.0907     -88.1028     -90.8898     -88.2367
                -78.7627     -77.8404     -83.3216     -84.2268     -84.6674
                -88.1313     -88.1901     -96.2955     -92.9648     -85.6959
                -89.1610     -91.6097     -74.6661     -89.1798     -88.5698
                -84.8780     -83.7405     -74.9775     -94.9977     -90.5665
                -89.2674     -88.0627     -82.1769     -94.4835     -96.1889
                -97.2409     -86.7035     -72.8562     -77.6994     -75.1288
                -64.3601     -57.9337     -62.2646     -70.6590     -70.0747
                -82.0288     -87.9095     -89.4885     -90.3710     -88.7566
   5      0     -74.3195     -76.1150     -78.1433     -85.0470     -87.6002
                -82.3846     -74.1801     -88.1668     -90.9249     -88.3150
                -78.8333     -77.9424     -83.4483     -84.3521     -84.7656
                -88.2334     -88.2579     -96.3542     -93.0252     -85.7663
                -89.2555     -91.6568     -74.8003     -89.3167     -88.6856
                -85.0197     -83.8341     -75.1870     -95.0556     -90.6255
                -89.3717     -88.0799     -82.2819     -94.5417     -96.2872
                -97.3220     -86.7551     -72.9330     -77.7993     -75.2286
                -64.6419     -58.1799     -62.5308     -70.8510     -70.1566
                -82.1340     -88.0111     -89.5420     -90.4412     -88.8455
   5     60     -75.3585     -77.1542     -79.1827     -86.0778     -88.6337
                -83.4200     -75.2221     -89.2022     -91.9554     -89.3453
                -79.8673     -78.9798     -84.4802     -85.3893     -85.7957
                -89.2647     -89.2884     -97.3834     -94.0575     -86.7973
                -90.2836     -92.6855     -75.8379     -90.3487     -89.7154
                -86.0623     -84.8956     -76.2522     -96.0891     -91.6557
                -90.4075     -89.1121     -83.3224     -95.5696     -97.3157
                -98.3516     -87.7975     -73.9813     -78.8456     -76.2946
                -65.7224     -59.2600     -63.6029     -71.9348     -71.2056
                -83.1719     -89.0383     -90.5762     -91.4711     -89.8783
   5     80     -79.2999     -81.1068     -83.1257     -89.9979     -92.5658
                -87.3529     -79.1736     -93.1347     -95.8868     -93.2713
                -83.7953     -82.9097     -88.4031     -89.3289     -89.7221
                -93.1845     -93.2126    -101.3043     -97.9888     -90.7261
                -94.2108     -96.6037     -79.7731     -94.2775     -93.6436
                -90.0076     -88.8271     -80.1994    -100.0220     -95.5794
                -94.3456     -93.0333     -87.2674     -99.4979    -101.2364
               -102.2750     -91.7218     -77.8953     -82.7690     -80.2283
                -69.6600     -63.1918     -67.5398     -75.8683     -75.1360
                -87.0979     -92.9480     -94.5120     -95.3946     -93.8014
   5    100     -86.8197     -88.6413     -90.6565     -97.4896    -100.0831
                -94.8658     -86.6886    -100.6390    -103.3973    -100.7785
                -91.2978     -90.4111     -95.9065     -96.8446     -97.2256
               -100.6873    -100.7091    -108.8042    -105.5056     -98.2293
               -101.7226    -104.1064     -87.2803    -101.7965    -101.1497
                -97.5180     -96.2386     -87.5916    -107.5198    -103.0772
               -101.8612    -100.5280     -94.7848    -107.0078    -108.7333
               -109.7849     -99.2135     -85.3643     -90.2713     -87.6390
                -76.9859     -70.4783     -74.8692     -83.2225     -82.5990
                -94.6098    -100.4292    -102.0293    -102.8920    -101.2996
 
 
 cumulative average & 95% error for solvation free energy
              total             1st component         2nd component
  1  -105.5946              -31.3166              -74.2732
  2  -106.2615     1.3337   -31.1029     0.4275   -75.1539     1.7612
  3  -106.4420     0.8505   -30.3071     1.6106   -76.1302     2.2016
  4  -106.2792     0.6839   -27.9401     4.8691   -78.3344     4.6752
  5  -106.2815     0.5297   -26.0994     5.2704   -80.1773     5.1672
  6  -106.4220     0.5158   -25.8818     4.3252   -80.5354     4.2793
  7  -106.1338     0.7227   -26.5063     3.8629   -79.6228     4.0512
  8  -106.1487     0.6266   -25.4594     3.9466   -80.6846     4.1011
  9  -106.1524     0.5526   -24.3288     4.1506   -81.8189     4.2695
 10  -106.2246     0.5149   -23.7534     3.8867   -82.4664     4.0323
 11  -106.0928     0.5352   -23.9569     3.5391   -82.1311     3.7085
 12  -106.0275     0.5057   -24.2459     3.2820   -81.7769     3.4587
 13  -106.0040     0.4675   -24.1017     3.0328   -81.8975     3.1907
 14  -106.0938     0.4687   -24.0206     2.8125   -82.0684     2.9737
 15  -106.1392     0.4456   -23.8876     2.6318   -82.2468     2.7913
 16  -106.2280     0.4531   -23.6083     2.5244   -82.6149     2.7128
 17  -106.2007     0.4291   -23.2505     2.4769   -82.9455     2.6326
 18  -106.2561     0.4195   -22.5634     2.7096   -83.6880     2.8924
 19  -106.3044     0.4084   -22.1219     2.7108   -84.1777     2.9060
 20  -106.3543     0.4000   -22.0948     2.5723   -84.2547     2.7611
 21  -106.3371     0.3821   -21.8423     2.4983   -84.4901     2.6682
 22  -106.3783     0.3735   -21.5599     2.4480   -84.8136     2.6250
 23  -106.3097     0.3823   -21.9297     2.4533   -84.3752     2.6571
 24  -106.3383     0.3705   -21.7545     2.3749   -84.5791     2.5764
 25  -106.3665     0.3598   -21.6213     2.2934   -84.7405     2.4922
 26  -106.3737     0.3460   -21.6216     2.2035   -84.7474     2.3945
 27  -106.2964     0.3671   -21.5836     2.1216   -84.7080     2.3055
 28  -106.1545     0.4535   -21.7893     2.0854   -84.3604     2.3278
 29  -106.1308     0.4402   -21.3979     2.1592   -84.7281     2.3635
 30  -106.1391     0.4256   -21.2113     2.1191   -84.9231     2.3164
 31  -106.1559     0.4130   -21.0848     2.0651   -85.0663     2.2587
 32  -106.1685     0.4007   -21.0028     2.0063   -85.1609     2.1951
 33  -106.2014     0.3939   -21.1245     1.9597   -85.0722     2.1350
 34  -106.2119     0.3827   -20.8577     1.9747   -85.3495     2.1442
 35  -106.2140     0.3716   -20.5475     2.0152   -85.6617     2.1736
 36  -106.2266     0.3620   -20.2377     2.0541   -85.9841     2.2086
 37  -106.2084     0.3540   -20.1989     1.9994   -86.0047     2.1485
 38  -106.1876     0.3470   -20.5232     2.0512   -85.6597     2.2021
 39  -106.1971     0.3386   -20.7361     2.0428   -85.4562     2.1831
 40  -106.1314     0.3552   -20.9308     2.0288   -85.1959     2.1906
 41  -105.9993     0.4357   -21.3072     2.1171   -84.6873     2.3663
 42  -105.8699     0.4977   -21.8171     2.3041   -84.0481     2.6395
 43  -105.7509     0.5412   -22.2074     2.3814   -83.5387     2.7715
 44  -105.6695     0.5532   -22.4205     2.3654   -83.2442     2.7710
 45  -105.6339     0.5455   -22.6773     2.3686   -82.9519     2.7712
 46  -105.6232     0.5339   -22.6846     2.3165   -82.9339     2.7105
 47  -105.6369     0.5231   -22.5913     2.2744   -83.0409     2.6608
 48  -105.6427     0.5123   -22.4618     2.2415   -83.1761     2.6188
 49  -105.6537     0.5022   -22.3258     2.2121   -83.3232     2.5816
 50  -105.6829     0.4955   -22.2458     2.1733   -83.4324     2.5389
 
 Mesh error is    0.085 kcal/mol
