 ERmod 0.3.8, Copyright (C) 2000-2019 Nobuyuki Matubayasi
                            2010-2019 Shun Sakuraba
 ERmod comes with ABSOLUTELY NO WARRANTY.
 This is free software, and you can redistribute it
 and/or modify it under certain conditions.
 See LICENSE file for details.
 
  Number of the   1-th solvent  =        10000
 
  Be sure that the solvent distribution is homogeneous (radial distribution function is essentially unity) when the solvent molecule is separated beyond distance of   10.0 Angstrom in any direction from any atom within the solute molecule
 
  LJ long-range correction    =        -7.8240
 
  Self-energy of the solute   =        -0.0230  kcal/mol
 
 
 cumulative average & 95% error for solvation energy
  1  -446.9142
  2  -446.2085     1.4115
  3  -446.1748     0.8177
  4  -446.1931     0.5793
  5  -446.2478     0.4619
  6  -446.3685     0.4478
  7  -446.4354     0.4014
  8  -446.6736     0.5897
  9  -446.5855     0.5491
 10  -446.5727     0.4918
 11  -446.4516     0.5065
 12  -446.3886     0.4792
 13  -446.3079     0.4695
 14  -446.3378     0.4387
 15  -446.3493     0.4091
 16  -446.2739     0.4113
 17  -446.3098     0.3930
 18  -446.3008     0.3709
 19  -446.2688     0.3566
 20  -446.2418     0.3426
 21  -446.2685     0.3302
 22  -446.2475     0.3177
 23  -446.2761     0.3089
 24  -446.2927     0.2976
 25  -446.3160     0.2892
 26  -446.3232     0.2782
 27  -446.3638     0.2797
 28  -446.3073     0.2922
 29  -446.2970     0.2827
 30  -446.2800     0.2752
 31  -446.2682     0.2673
 32  -446.2343     0.2675
 33  -446.2052     0.2657
 34  -446.2076     0.2578
 35  -446.1912     0.2525
 36  -446.1873     0.2455
 37  -446.2222     0.2488
 38  -446.2428     0.2456
 39  -446.2684     0.2447
 40  -446.2378     0.2462
 41  -446.1852     0.2622
 42  -446.1793     0.2561
 43  -446.2067     0.2560
 44  -446.2165     0.2509
 45  -446.2110     0.2455
 46  -446.1939     0.2425
 47  -446.2031     0.2380
 48  -446.1891     0.2347
 49  -446.1807     0.2305
 50  -446.1913     0.2268
 
 
 group  inft  solvation free energy     error          difference
   1      0        -82.00793           0.11635           0.04166
   1     60        -82.13689           0.11634          -0.08729
   1     80        -83.70985           0.11633          -1.66025
   1    100        -90.92821           0.11701          -8.87861
   2      0        -82.03937           0.11423           0.01023
   3      0        -82.04960           0.11523           0.00000
   4      0        -82.00937           0.11457           0.04022
   5      0        -82.06574           0.11502          -0.01615
   5     60        -82.24842           0.11501          -0.19883
   5     80        -84.28636           0.11498          -2.23676
   5    100        -91.00134           0.11541          -8.95174
 
 
 group  inft   Estimated free energy (kcal/mol)
   1      0     -82.6385     -81.7236     -81.8254     -82.0974     -81.8354
                -82.4177     -82.2833     -83.2567     -81.8191     -81.7668
                -81.4861     -81.7404     -81.6464     -82.4329     -82.4557
                -81.4200     -82.3764     -82.0716     -81.8949     -81.9474
                -82.3868     -81.9615     -82.1036     -82.2645     -82.3249
                -81.9347     -82.5061     -81.5161     -81.8972     -81.4126
                -82.0979     -81.6691     -81.5865     -81.8383     -81.9324
                -81.9952     -82.5684     -82.5837     -82.2871     -81.7676
                -81.0210     -81.7947     -82.5734     -81.8662     -82.1492
                -81.4731     -82.4368     -81.4808     -81.7686     -82.0628
   1     60     -82.7675     -81.8526     -81.9546     -82.2260     -81.9645
                -82.5463     -82.4122     -83.3858     -81.9479     -81.8961
                -81.6152     -81.8692     -81.7753     -82.5619     -82.5843
                -81.5487     -82.5056     -82.2000     -82.0242     -82.0762
                -82.5159     -82.0902     -82.2330     -82.3938     -82.4541
                -82.0645     -82.6353     -81.6447     -82.0263     -81.5427
                -82.2260     -81.7976     -81.7153     -81.9670     -82.0607
                -82.1242     -82.6969     -82.7125     -82.4158     -81.8963
                -81.1500     -81.9237     -82.7027     -81.9962     -82.2778
                -81.6022     -82.5655     -81.6095     -81.8980     -82.1918
   1     80     -84.3405     -83.4249     -83.5268     -83.7986     -83.5439
                -84.1179     -83.9846     -84.9616     -83.5195     -83.4757
                -83.1915     -83.4413     -83.3455     -84.1338     -84.1554
                -83.1221     -84.0777     -83.7691     -83.5955     -83.6461
                -84.0888     -83.6624     -83.8106     -83.9661     -84.0286
                -83.6434     -84.2116     -83.2161     -83.6000     -83.1216
                -83.7947     -83.3693     -83.2847     -83.5396     -83.6308
                -83.6963     -84.2690     -84.2826     -83.9862     -83.4652
                -82.7199     -83.4988     -84.2779     -83.5741     -83.8478
                -83.1732     -84.1353     -83.1819     -83.4770     -83.7669
   1    100     -91.5664     -90.6419     -90.7419     -91.0154     -90.7773
                -91.3187     -91.1984     -92.2065     -90.7331     -90.7127
                -90.4142     -90.6601     -90.5494     -91.3588     -91.3754
                -90.3371     -91.2889     -90.9794     -90.8136     -90.8577
                -91.3131     -90.8769     -91.0459     -91.1817     -91.2569
                -90.8822     -91.4401     -90.4322     -90.8267     -90.3555
                -90.9990     -90.5882     -90.4901     -90.7510     -90.8477
                -90.9128     -91.4872     -91.4877     -91.1888     -90.6718
                -89.9232     -90.7182     -91.5058     -90.8021     -91.0604
                -90.3810     -91.3390     -90.3936     -90.7107     -90.9936
   2      0     -82.5997     -81.7027     -81.9149     -82.2609     -81.8192
                -82.3388     -82.3805     -83.2311     -81.8646     -81.7887
                -81.5113     -81.7852     -81.7338     -82.4332     -82.4608
                -81.4178     -82.3440     -82.1067     -81.9123     -82.0218
                -82.3697     -82.0049     -82.1615     -82.2471     -82.3361
                -81.9381     -82.5305     -81.5086     -81.8780     -81.4314
                -82.1115     -81.6948     -81.6335     -81.9309     -82.0198
                -82.0549     -82.6776     -82.6269     -82.3086     -81.7828
                -81.0634     -81.8354     -82.6281     -81.9509     -82.1292
                -81.5321     -82.4677     -81.5552     -81.8196     -82.1112
   3      0     -82.6193     -81.7380     -81.8507     -82.2110     -81.8320
                -82.3979     -82.3752     -83.2591     -81.9003     -81.7962
                -81.5399     -81.7801     -81.7223     -82.4609     -82.4574
                -81.4360     -82.3771     -82.1161     -81.9343     -81.9962
                -82.4165     -82.0302     -82.1505     -82.2779     -82.3515
                -81.9600     -82.5405     -81.5321     -81.9200     -81.4494
                -82.1212     -81.6918     -81.6508     -81.9391     -81.9755
                -82.1255     -82.6916     -82.6341     -82.3275     -81.8083
                -81.0382     -81.8635     -82.6205     -81.9531     -82.1497
                -81.5580     -82.4536     -81.5303     -81.7853     -82.1334
   4      0     -82.5262     -81.6879     -81.8549     -82.2214     -81.8552
                -82.3178     -82.3309     -83.1941     -81.8407     -81.7599
                -81.4587     -81.7643     -81.7111     -82.4038     -82.4806
                -81.3897     -82.2949     -82.0481     -81.8905     -81.9929
                -82.3232     -81.9915     -82.0990     -82.2090     -82.3081
                -81.9084     -82.4867     -81.4933     -81.8769     -81.3731
                -82.1101     -81.6481     -81.5981     -81.8925     -81.9804
                -82.0213     -82.7036     -82.6026     -82.2799     -81.7243
                -81.0253     -81.8404     -82.6143     -81.8865     -82.1384
                -81.4966     -82.4247     -81.5464     -81.7846     -82.0579
   5      0     -82.5790     -81.7396     -81.9095     -82.2240     -81.8609
                -82.4351     -82.3947     -83.2722     -81.9304     -81.7906
                -81.4910     -81.8127     -81.7656     -82.4976     -82.4769
                -81.4792     -82.4061     -82.1542     -81.9251     -82.0318
                -82.4312     -82.0309     -82.1650     -82.2800     -82.3838
                -81.9333     -82.5699     -81.5564     -81.9342     -81.4979
                -82.1367     -81.7414     -81.6738     -81.9554     -81.9667
                -82.0851     -82.7024     -82.6546     -82.3489     -81.7753
                -81.0961     -81.8383     -82.6355     -81.9265     -82.1812
                -81.5751     -82.5405     -81.5682     -81.7762     -82.1506
   5     60     -82.7618     -81.9222     -82.0921     -82.4064     -82.0440
                -82.6175     -82.5774     -83.4553     -82.1134     -81.9740
                -81.6741     -81.9953     -81.9480     -82.6799     -82.6592
                -81.6618     -82.5885     -82.3363     -82.1075     -82.2141
                -82.6138     -82.2134     -82.3484     -82.4624     -82.5665
                -82.1169     -82.7528     -81.7385     -82.1169     -81.6816
                -82.3190     -81.9237     -81.8564     -82.1382     -82.1490
                -82.2680     -82.8850     -82.8370     -82.5314     -81.9574
                -81.2787     -82.0211     -82.8186     -82.1100     -82.3634
                -81.7577     -82.7227     -81.7506     -81.9597     -82.3334
   5     80     -84.7991     -83.9590     -84.1301     -84.4432     -84.0887
                -84.6512     -84.6150     -85.4980     -84.1507     -84.0196
                -83.7142     -84.0336     -83.9832     -84.7184     -84.6939
                -83.6996     -84.6244     -84.3703     -84.1437     -84.2494
                -84.6516     -84.2509     -84.3923     -84.4989     -84.6072
                -84.1612     -84.7937     -83.7745     -84.1568     -83.7265
                -84.3502     -83.9601     -83.8902     -84.1766     -84.1856
                -84.3060     -84.9231     -84.8711     -84.5655     -83.9900
                -83.3130     -84.0598     -84.8588     -84.1542     -84.3978
                -83.7941     -84.7564     -83.7885     -84.0037     -84.3741
   5    100     -91.5163     -90.6713     -90.8411     -91.1581     -90.8155
                -91.3520     -91.3284     -92.2345     -90.8643     -90.7490
                -90.4337     -90.7486     -90.6881     -91.4395     -91.4074
                -90.4122     -91.3345     -91.0784     -90.8571     -90.9577
                -91.3690     -90.9664     -91.1196     -91.2107     -91.3283
                -90.8913     -91.5160     -90.4854     -90.8761     -90.4555
                -91.0478     -90.6744     -90.5944     -90.8907     -90.8990
                -91.0219     -91.6418     -91.5769     -91.2654     -90.6940
                -90.0166     -90.7757     -91.5824     -90.8804     -91.1055
                -90.5029     -91.4622     -90.4989     -90.7337     -91.0962
 
 
 cumulative average & 95% error for solvation free energy
  1   -82.6193
  2   -82.1786     0.8813
  3   -82.0693     0.5538
  4   -82.1047     0.3980
  5   -82.0502     0.3270
  6   -82.1082     0.2911
  7   -82.1463     0.2576
  8   -82.2854     0.3566
  9   -82.2426     0.3259
 10   -82.1980     0.3049
 11   -82.1381     0.3006
 12   -82.1083     0.2808
 13   -82.0786     0.2651
 14   -82.1059     0.2514
 15   -82.1294     0.2387
 16   -82.0860     0.2395
 17   -82.1031     0.2276
 18   -82.1039     0.2146
 19   -82.0949     0.2037
 20   -82.0900     0.1935
 21   -82.1055     0.1867
 22   -82.1021     0.1781
 23   -82.1042     0.1703
 24   -82.1115     0.1637
 25   -82.1211     0.1581
 26   -82.1149     0.1524
 27   -82.1306     0.1500
 28   -82.1093     0.1508
 29   -82.1027     0.1461
 30   -82.0810     0.1477
 31   -82.0823     0.1429
 32   -82.0701     0.1405
 33   -82.0573     0.1385
 34   -82.0539     0.1345
 35   -82.0516     0.1307
 36   -82.0537     0.1271
 37   -82.0709     0.1283
 38   -82.0857     0.1284
 39   -82.0919     0.1257
 40   -82.0849     0.1233
 41   -82.0593     0.1306
 42   -82.0547     0.1278
 43   -82.0678     0.1276
 44   -82.0652     0.1247
 45   -82.0671     0.1220
 46   -82.0560     0.1213
 47   -82.0645     0.1199
 48   -82.0534     0.1195
 49   -82.0479     0.1175
 50   -82.0496     0.1152
 
 Mesh error is    0.042 kcal/mol
