 ERmod 0.3.8, Copyright (C) 2000-2019 Nobuyuki Matubayasi
                            2010-2019 Shun Sakuraba
 ERmod comes with ABSOLUTELY NO WARRANTY.
 This is free software, and you can redistribute it
 and/or modify it under certain conditions.
 See LICENSE file for details.
 ERmod 0.3.8, Copyright (C) 2000-2019 Nobuyuki Matubayasi
                            2010-2019 Shun Sakuraba
 ERmod comes with ABSOLUTELY NO WARRANTY.
 This is free software, and you can redistribute it
 and/or modify it under certain conditions.
 See LICENSE file for details.
 
  Number of the   1-th solvent  =         1472
  Number of the   2-th solvent  =        10000
 
  Be sure that the solvent distribution is homogeneous (radial distribution function is essentially unity) when the solvent molecule is separated beyond distance of   10.0 Angstrom in any direction from any atom within the solute molecule
 
  LJ long-range correction    =        -3.5283     -5.7260
 
  Self-energy of the solute   =        -0.0021  kcal/mol
 
 
 cumulative average & 95% error for solvation energy
              total             1st component         2nd component
  1  -484.4445             -157.7975             -326.6449
  2  -484.8304     0.7719  -170.0634    24.5317  -314.7649    23.7598
  3  -486.8855     4.1343  -165.9590    16.3703  -320.9245    18.4373
  4  -487.5669     3.2255  -164.3897    11.9935  -323.1752    13.7924
  5  -487.6768     2.5081  -166.8349    10.4987  -320.8398    11.6599
  6  -487.7657     2.0555  -164.7201     9.5589  -323.0435    10.4910
  7  -488.0467     1.8259  -164.1205     8.1672  -323.9241     9.0397
  8  -488.0957     1.5843  -166.1152     8.1205  -321.9784     8.7425
  9  -488.0900     1.3973  -170.7229    11.6710  -317.3650    12.0242
 10  -487.7362     1.4362  -172.2847    10.8962  -315.4494    11.4168
 11  -487.7542     1.2996  -171.4284    10.0036  -316.3238    10.4739
 12  -487.9376     1.2417  -173.4487     9.9860  -314.4868    10.2429
 13  -487.7504     1.2020  -173.9230     9.2346  -313.8253     9.5145
 14  -487.4008     1.3143  -174.5046     8.6284  -312.8940     9.0035
 15  -487.0674     1.3934  -176.9738     9.4292  -310.0915    10.0832
 16  -486.8118     1.4001  -178.6841     9.4603  -308.1255    10.2187
 17  -486.7031     1.3330  -178.5185     8.8926  -308.1825     9.5995
 18  -486.9000     1.3169  -178.9371     8.4257  -307.9608     9.0613
 19  -486.9860     1.2575  -178.7077     7.9831  -308.2762     8.5943
 20  -486.9619     1.1940  -178.7378     7.5737  -308.2220     8.1540
 21  -486.9391     1.1366  -179.0683     7.2342  -307.8687     7.7881
 22  -486.9214     1.0843  -179.0625     6.8976  -307.8568     7.4257
 23  -487.0819     1.0846  -179.6939     6.7107  -307.3859     7.1578
 24  -487.1014     1.0392  -179.9053     6.4389  -307.1941     6.8638
 25  -487.0755     0.9981  -179.5752     6.2112  -307.4982     6.6115
 26  -487.1417     0.9681  -180.5635     6.2864  -306.5762     6.6144
 27  -487.1094     0.9337  -181.8812     6.5983  -305.2261     6.9138
 28  -487.1222     0.9001  -182.0191     6.3642  -305.1010     6.6670
 29  -487.1405     0.8693  -181.5072     6.2256  -305.6312     6.5198
 30  -487.2070     0.8503  -180.7618     6.1965  -306.4431     6.5047
 31  -487.3733     0.8871  -180.4835     6.0191  -306.8877     6.3539
 32  -487.3754     0.8589  -180.5615     5.8301  -306.8118     6.1540
 33  -487.4232     0.8380  -180.8706     5.6843  -306.5506     5.9874
 34  -487.3722     0.8193  -180.5476     5.5523  -306.8225     5.8341
 35  -487.2325     0.8432  -180.2318     5.4282  -306.9986     5.6759
 36  -487.0584     0.8904  -179.5583     5.4445  -307.4980     5.6056
 37  -486.9415     0.8970  -179.5549     5.2954  -307.3845     5.4568
 38  -486.8130     0.9101  -178.9053     5.3154  -307.9057     5.4125
 39  -486.7967     0.8870  -177.8289     5.6070  -308.9658     5.6823
 40  -486.7293     0.8750  -177.5805     5.4876  -309.1467     5.5502
 41  -486.6768     0.8599  -177.6574     5.3543  -309.0173     5.4193
 42  -486.6607     0.8398  -177.0867     5.3484  -309.5719     5.4038
 43  -486.6420     0.8208  -176.7467     5.2666  -309.8932     5.3156
 44  -486.5676     0.8157  -176.7268     5.1457  -309.8387     5.1945
 45  -486.5926     0.7989  -176.4281     5.0654  -310.1624     5.1189
 46  -486.5764     0.7820  -176.2901     4.9618  -310.2842     5.0123
 47  -486.5171     0.7743  -176.4821     4.8702  -310.0329     4.9302
 48  -486.4517     0.7692  -176.1269     4.8203  -310.3227     4.8611
 49  -486.3761     0.7684  -176.2760     4.7303  -310.0981     4.7820
 50  -486.2921     0.7714  -176.6404     4.6917  -309.6497     4.7704
 
 
 group  inft  solvation free energy     error          difference
  total solvation free energy
   1      0       -118.50787           0.35772           0.11312
   1     60       -120.23303           0.35770          -1.61203
   1     80       -124.89973           0.35748          -6.27874
   1    100       -132.82634           0.36031         -14.20534
   2      0       -118.58550           0.35799           0.03549
   3      0       -118.62100           0.35729           0.00000
   4      0       -118.61773           0.35809           0.00327
   5      0       -118.68138           0.35695          -0.06038
   5     60       -120.78102           0.35685          -2.16003
   5     80       -125.93419           0.35670          -7.31319
   5    100       -133.03193           0.35930         -14.41094
 
  contribution from  1-th solvent component
   1      0        -62.32310           1.94133           0.06210
   1     60        -62.58560           1.94164          -0.20040
   1     80        -63.29953           1.94230          -0.91433
   1    100        -64.59871           1.94279          -2.21351
   2      0        -62.35631           1.94063           0.02889
   3      0        -62.38520           1.94138           0.00000
   4      0        -62.39559           1.94062          -0.01039
   5      0        -62.40564           1.94048          -0.02044
   5     60        -62.72501           1.94086          -0.33981
   5     80        -63.52089           1.94152          -1.13569
   5    100        -64.69225           1.94185          -2.30705
 
  contribution from  2-th solvent component
   1      0        -56.18269           2.02488           0.05102
   1     60        -57.64534           2.02302          -1.41163
   1     80        -61.59812           2.01925          -5.36441
   1    100        -68.22555           2.01677         -11.99184
   2      0        -56.22711           2.02388           0.00660
   3      0        -56.23371           2.02468           0.00000
   4      0        -56.22004           2.02428           0.01366
   5      0        -56.27365           2.02318          -0.03994
   5     60        -58.05393           2.02076          -1.82022
   5     80        -62.41121           2.01674          -6.17751
   5    100        -68.33759           2.01475         -12.10388
 
 
 group  inft   Estimated free energy: total (kcal/mol)
   1      0    -118.1804    -118.2673    -120.4893    -119.3953    -119.5608
               -119.3555    -120.2557    -119.8853    -119.0573    -117.6655
               -118.8744    -119.1556    -117.8578    -116.7899    -116.1605
               -116.2700    -117.7205    -119.6542    -119.2446    -118.5498
               -118.8225    -118.7096    -120.4076    -119.0378    -118.3274
               -119.4028    -117.7733    -118.7908    -119.7347    -120.0109
               -121.5999    -119.0257    -120.1274    -119.0266    -117.0437
               -116.2590    -116.9495    -116.8723    -118.7519    -117.5756
               -117.7697    -118.8604    -118.5961    -116.4263    -119.4532
               -118.8907    -117.1157    -117.4708    -117.5734    -116.5987
   1     60    -119.9004    -119.9883    -122.1996    -121.1086    -121.2857
               -121.0691    -121.9741    -121.6138    -120.7943    -119.3876
               -120.6037    -120.8907    -119.5806    -118.5183    -117.9041
               -118.0043    -119.4388    -121.3939    -120.9635    -120.2838
               -120.5543    -120.4398    -122.1414    -120.7642    -120.0492
               -121.1519    -119.5161    -120.5232    -121.4503    -121.7349
               -123.3317    -120.7538    -121.8584    -120.7491    -118.7609
               -117.9766    -118.6854    -118.5862    -120.4612    -119.2937
               -119.5033    -120.5737    -120.3139    -118.1434    -121.1767
               -120.6033    -118.8436    -119.1787    -119.2986    -118.3309
   1     80    -124.5608    -124.6443    -126.8384    -125.7492    -125.9514
               -125.7113    -126.6224    -126.2797    -125.4712    -124.0459
               -125.2835    -125.5779    -124.2514    -123.2012    -122.6051
               -122.6861    -124.0955    -126.0932    -125.6197    -124.9616
               -125.2383    -125.1185    -126.8406    -125.4282    -124.7057
               -125.8696    -124.2200    -125.2127    -126.1048    -126.3937
               -128.0091    -125.4200    -126.5288    -125.4023    -123.4061
               -122.6307    -123.3710    -123.2226    -125.0926    -123.9604
               -124.1790    -125.2144    -124.9686    -122.7977    -125.8390
               -125.2383    -123.5286    -123.8140    -123.9688    -123.0126
   1    100    -132.4861    -132.5697    -134.7597    -133.6309    -133.8994
               -133.6346    -134.5480    -134.2114    -133.4285    -131.9732
               -133.2248    -133.5125    -132.1745    -131.1245    -130.5299
               -130.6106    -132.0001    -134.0337    -133.5177    -132.8838
               -133.1781    -133.0518    -134.8211    -133.3488    -132.6067
               -133.8387    -132.1761    -133.1624    -134.0389    -134.3571
               -135.9669    -133.3325    -134.4848    -133.3322    -131.3026
               -130.5194    -131.3219    -131.1164    -132.9932    -131.8825
               -132.1070    -133.1224    -132.8996    -130.6788    -133.7668
               -133.1404    -131.4453    -131.7041    -131.9033    -130.9634
   2      0    -118.2361    -118.2975    -120.5533    -119.5277    -119.6220
               -119.5199    -120.3609    -119.9393    -119.1680    -117.7245
               -118.9561    -119.2291    -117.9787    -116.7943    -116.2839
               -116.3496    -117.7860    -119.7823    -119.2969    -118.6027
               -118.8906    -118.7907    -120.4589    -119.1359    -118.3526
               -119.4733    -117.8710    -118.8999    -119.8202    -120.1282
               -121.6646    -119.0520    -120.2091    -119.1080    -117.1241
               -116.3257    -117.0351    -116.9339    -118.8176    -117.6706
               -117.8226    -118.9404    -118.6804    -116.5452    -119.4921
               -118.9637    -117.1643    -117.5306    -117.6442    -116.7210
   3      0    -118.2846    -118.3657    -120.5919    -119.5611    -119.6588
               -119.5354    -120.3806    -119.9771    -119.2016    -117.7993
               -118.9909    -119.2461    -118.0088    -116.8524    -116.3052
               -116.3889    -117.8379    -119.8077    -119.3542    -118.6434
               -118.9347    -118.8079    -120.5160    -119.1632    -118.3697
               -119.5214    -117.9319    -118.9286    -119.8357    -120.1392
               -121.6909    -119.0876    -120.1976    -119.1510    -117.1749
               -116.3727    -117.0353    -116.9995    -118.8651    -117.6817
               -117.8570    -118.9890    -118.7257    -116.5597    -119.5382
               -119.0051    -117.2420    -117.5604    -117.6703    -116.7058
   4      0    -118.2917    -118.3241    -120.6139    -119.5586    -119.6225
               -119.5705    -120.3561    -119.9829    -119.1813    -117.7357
               -118.9745    -119.2774    -118.0230    -116.8374    -116.3139
               -116.3669    -117.7942    -119.8234    -119.3539    -118.5946
               -118.9446    -118.7726    -120.5270    -119.2036    -118.4154
               -119.5289    -117.9116    -118.9172    -119.8362    -120.1381
               -121.7041    -119.0589    -120.2218    -119.1590    -117.1694
               -116.3562    -117.0360    -116.9672    -118.8816    -117.7202
               -117.8693    -118.9453    -118.7095    -116.5816    -119.4919
               -119.0032    -117.2058    -117.6019    -117.6671    -116.7447
   5      0    -118.3645    -118.4527    -120.6695    -119.6113    -119.7309
               -119.6156    -120.4079    -120.0326    -119.2405    -117.8317
               -119.0244    -119.3010    -118.0638    -116.9077    -116.3274
               -116.4620    -117.8820    -119.8908    -119.3901    -118.6867
               -118.9782    -118.8556    -120.5703    -119.2468    -118.4881
               -119.5761    -118.0034    -118.9664    -119.9169    -120.1654
               -121.7450    -119.1507    -120.2317    -119.2687    -117.2157
               -116.3915    -117.1221    -117.0329    -118.8758    -117.7549
               -117.8985    -119.0409    -118.8210    -116.6638    -119.6113
               -119.1129    -117.3055    -117.6064    -117.7197    -116.8396
   5     60    -120.4566    -120.5469    -122.7497    -121.6988    -121.8318
               -121.6986    -122.4959    -122.1309    -121.3498    -119.9263
               -121.1286    -121.4090    -120.1600    -119.0119    -118.4513
               -118.5694    -119.9722    -122.0051    -121.4856    -120.7981
               -121.0879    -120.9668    -122.6839    -121.3483    -120.5845
               -121.7076    -120.1275    -121.0832    -122.0085    -122.2635
               -123.8489    -121.2544    -122.3395    -121.3659    -119.3032
               -118.4817    -119.2333    -119.1170    -120.9499    -119.8502
               -120.0045    -121.1249    -120.9107    -118.7569    -121.7106
               -121.1958    -119.4127    -119.6873    -119.8178    -118.9479
   5     80    -125.5963    -125.6871    -127.8769    -126.8266    -126.9885
               -126.8287    -127.6351    -127.2809    -126.5209    -125.0730
               -126.3032    -126.5861    -125.3187    -124.1776    -123.6381
               -123.7378    -125.1129    -127.1879    -126.6241    -125.9673
               -126.2600    -126.1376    -127.8666    -126.5052    -125.7264
               -126.9125    -125.3214    -126.2625    -127.1401    -127.4129
               -129.0072    -126.4055    -127.4920    -126.5055    -124.4325
               -123.6187    -124.4114    -124.2387    -126.0606    -124.9981
               -125.1636    -126.2474    -126.0534    -123.8955    -126.8638
               -126.3185    -124.5793    -124.8103    -124.9738    -124.1206
   5    100    -132.6993    -132.7813    -134.9736    -133.8856    -134.1047
               -133.9279    -134.7311    -134.3824    -133.6496    -132.1762
               -133.4074    -133.6876    -132.4091    -131.2643    -130.7300
               -130.8323    -132.1914    -134.3056    -133.6957    -133.0589
               -133.3762    -133.2418    -135.0058    -133.5969    -132.8033
               -134.0421    -132.4413    -133.3726    -134.2539    -134.5430
               -136.1298    -133.4929    -134.6123    -133.6154    -131.5132
               -130.6816    -131.5243    -131.3054    -133.1360    -132.0987
               -132.2627    -133.3301    -133.1571    -130.9491    -133.9537
               -133.3958    -131.6655    -131.8772    -132.0841    -131.2404
 
 group  inft   Estimated free energy: 1-th solvent contribution (kcal/mol)
   1      0     -54.3007     -64.8989     -55.0118     -55.0336     -62.7335
                -53.3960     -55.7607     -64.0744     -75.5535     -66.5718
                -55.9409     -69.9684     -63.4119     -63.7749     -76.2756
                -73.5516     -61.8506     -66.1603     -61.5014     -62.6030
                -65.7718     -63.0832     -69.7146     -65.8263     -60.2948
                -74.2283     -78.4596     -65.5483     -59.1036     -55.6051
                -60.8944     -65.1829     -68.7506     -60.0956     -59.3988
                -52.8485     -63.1148     -53.0754     -45.8193     -58.8304
                -64.0564     -52.9973     -56.7968     -61.6483     -56.5087
                -59.9929     -65.6163     -54.9497     -65.4773     -70.0916
   1     60     -54.5626     -65.1600     -55.2737     -55.2943     -62.9960
                -53.6562     -56.0221     -64.3374     -75.8165     -66.8354
                -56.2042     -70.2344     -63.6746     -64.0387     -76.5399
                -73.8157     -62.1125     -66.4250     -61.7633     -62.8677
                -66.0363     -63.3474     -69.9791     -66.0885     -60.5565
                -74.4939     -78.7240     -65.8121     -59.3637     -55.8674
                -61.1589     -65.4459     -69.0146     -60.3584     -59.6603
                -53.1106     -63.3790     -53.3363     -46.0802     -59.0919
                -64.3203     -53.2567     -57.0577     -61.9103     -56.7700
                -60.2505     -65.8776     -55.2094     -65.7389     -70.3535
   1     80     -55.2755     -65.8703     -55.9873     -56.0046     -63.7100
                -54.3653     -56.7329     -65.0514     -76.5292     -67.5522
                -56.9209     -70.9568     -64.3902     -64.7565     -77.2568
                -74.5328     -62.8262     -67.1442     -62.4766     -63.5857
                -66.7552     -64.0657     -70.6998     -66.8015     -61.2686
                -75.2147     -79.4423     -66.5305     -60.0726     -56.5803
                -61.8770     -66.1596     -69.7310     -61.0713     -60.3711
                -53.8240     -64.0956     -54.0457     -46.7902     -59.8057
                -65.0360     -53.9634     -57.7680     -62.6243     -57.4810
                -60.9522     -66.5899     -55.9176     -66.4505     -71.0656
   1    100     -56.5745     -67.1647     -57.2906     -57.2972     -65.0140
                -55.6649     -58.0317     -66.3521     -77.8308     -68.8562
                -58.2279     -72.2624     -65.6895     -66.0552     -78.5532
                -75.8322     -64.1224     -68.4475     -63.7715     -64.8864
                -68.0593     -65.3701     -72.0107     -68.0988     -62.5644
                -76.5210     -80.7441     -67.8340     -61.3686     -57.8883
                -63.1851     -67.4572     -71.0382     -62.3725     -61.6638
                -55.1161     -65.3989     -55.3394     -48.0880     -61.1053
                -66.3351     -55.2565     -59.0660     -63.9155     -58.7770
                -62.2378     -67.8809     -57.2070     -67.7477     -72.3630
   2      0     -54.3402     -64.9249     -55.0291     -55.0755     -62.7564
                -53.4549     -55.8076     -64.0983     -75.6026     -66.5889
                -55.9765     -70.0034     -63.4496     -63.7978     -76.3086
                -73.5867     -61.8857     -66.1975     -61.5135     -62.6394
                -65.8154     -63.1013     -69.7202     -65.8583     -60.3335
                -74.2448     -78.4883     -65.5922     -59.1395     -55.6364
                -60.9171     -65.2052     -68.7759     -60.1309     -59.4425
                -52.8864     -63.1438     -53.1219     -45.8513     -58.8626
                -64.0832     -53.0372     -56.8330     -61.6743     -56.5614
                -60.0226     -65.6578     -54.9849     -65.5041     -70.1522
   3      0     -54.3527     -64.9574     -55.0502     -55.1089     -62.7909
                -53.4679     -55.8371     -64.1366     -75.6307     -66.6195
                -56.0069     -70.0269     -63.5015     -63.8322     -76.3437
                -73.5932     -61.9177     -66.2232     -61.5506     -62.6574
                -65.8401     -63.1360     -69.7722     -65.8990     -60.3663
                -74.2885     -78.5226     -65.6170     -59.1738     -55.6586
                -60.9379     -65.2259     -68.8053     -60.1527     -59.4708
                -52.9023     -63.1648     -53.1445     -45.8780     -58.8892
                -64.1137     -53.0651     -56.8625     -61.7062     -56.5836
                -60.0768     -65.6994     -54.9990     -65.5275     -70.1755
   4      0     -54.3684     -64.9774     -55.0591     -55.1395     -62.7918
                -53.4949     -55.8382     -64.1027     -75.6551     -66.6164
                -56.0089     -70.0527     -63.4883     -63.8235     -76.3550
                -73.6102     -61.9333     -66.2573     -61.5577     -62.6728
                -65.8683     -63.1309     -69.7759     -65.9062     -60.3731
                -74.2915     -78.5289     -65.6119     -59.1788     -55.6732
                -60.9491     -65.2249     -68.7984     -60.1950     -59.4977
                -52.9203     -63.1715     -53.1771     -45.8904     -58.8989
                -64.1258     -53.0701     -56.8626     -61.7125     -56.5827
                -60.0787     -65.7085     -55.0595     -65.5300     -70.1841
   5      0     -54.3947     -64.9804     -55.0859     -55.1522     -62.8140
                -53.4924     -55.8582     -64.1269     -75.6433     -66.6304
                -56.0417     -70.0463     -63.4894     -63.8614     -76.3484
                -73.6377     -61.9450     -66.2779     -61.5493     -62.7047
                -65.8707     -63.1519     -69.7846     -65.9068     -60.3947
                -74.2836     -78.5575     -65.6275     -59.1981     -55.6779
                -60.9411     -65.2341     -68.7927     -60.1832     -59.4854
                -52.9216     -63.2080     -53.1736     -45.8878     -58.9031
                -64.1279     -53.0801     -56.8937     -61.7145     -56.5923
                -60.1065     -65.7417     -55.0482     -65.5154     -70.1976
   5     60     -54.7132     -65.2980     -55.4042     -55.4700     -63.1335
                -53.8086     -56.1758     -64.4460     -75.9626     -66.9506
                -56.3618     -70.3692     -63.8089     -64.1825     -76.6701
                -73.9584     -62.2638     -66.5994     -61.8679     -63.0270
                -66.1927     -63.4742     -70.1066     -66.2261     -60.7134
                -74.6071     -78.8795     -65.9497     -59.5151     -55.9971
                -61.2620     -65.5540     -69.1138     -60.5029     -59.8035
                -53.2405     -63.5292     -53.4909     -46.2044     -59.2219
                -64.4485     -53.3957     -57.2110     -62.0337     -56.9108
                -60.4200     -66.0605     -55.3648     -65.8333     -70.5164
   5     80     -55.5074     -66.0894     -56.1999     -56.2632     -63.9299
                -54.5997     -56.9694     -65.2415     -76.7584     -67.7492
                -57.1615     -71.1737     -64.6064     -64.9818     -77.4689
                -74.7570     -63.0594     -67.4001     -62.6616     -63.8281
                -66.9940     -64.2751     -70.9088     -67.0219     -61.5075
                -75.4098     -79.6799     -66.7504     -60.3052     -56.7930
                -62.0611     -66.3496     -69.9111     -61.2980     -60.5963
                -54.0353     -64.3289     -54.2820     -46.9957     -60.0172
                -65.2455     -54.1836     -58.0039     -62.8291     -57.7047
                -61.2034     -66.8545     -56.1554     -66.6263     -71.3108
   5    100     -56.6798     -67.2556     -57.3750     -57.4298     -65.1050
                -55.7720     -58.1406     -66.4140     -77.9327     -68.9246
                -58.3389     -72.3493     -65.7775     -66.1515     -78.6375
                -75.9273     -64.2284     -68.5757     -63.8274     -65.0013
                -68.1709     -65.4507     -72.0890     -68.1921     -62.6769
                -76.5860     -80.8523     -67.9248     -61.4756     -57.9726
                -63.2388     -67.5192     -71.0881     -62.4725     -61.7643
                -55.2003     -65.5034     -55.4482     -48.1664     -61.1904
                -66.4168     -55.3500     -59.1747     -63.9923     -58.8726
                -62.3633     -68.0194     -57.3194     -67.7965     -72.4811
 
 group  inft   Estimated free energy: 2-th solvent contribution (kcal/mol)
   1      0     -63.8775     -53.3664     -65.4754     -64.3596     -56.8253
                -65.9574     -64.4929     -55.8088     -43.5017     -51.0917
                -62.9314     -49.1851     -54.4438     -53.0129     -39.8828
                -42.7163     -55.8678     -53.4918     -57.7411     -55.9447
                -53.0486     -55.6243     -50.6908     -53.2094     -58.0305
                -45.1724     -39.3116     -53.2404     -60.6290     -64.4037
                -60.7034     -53.8407     -51.3748     -58.9289     -57.6428
                -63.4085     -53.8326     -63.7948     -72.9304     -58.7430
                -53.7112     -65.8611     -61.7972     -54.7759     -62.9425
                -58.8957     -51.4973     -62.5190     -52.0940     -46.5050
   1     60     -65.3358     -54.8263     -66.9238     -65.8122     -58.2877
                -67.4107     -65.9500     -57.2743     -44.9756     -52.5501
                -64.3974     -50.6542     -55.9039     -54.4775     -41.3621
                -44.1865     -57.3242     -54.9667     -59.1981     -57.4140
                -54.5159     -57.0903     -52.1602     -54.6737     -59.4906
                -46.6558     -40.7900     -54.7090     -62.0845     -65.8655
                -62.1707     -55.3058     -52.8416     -60.3887     -59.0986
                -64.8639     -55.3044     -65.2478     -74.3789     -60.1997
                -55.1809     -67.3149     -63.2542     -56.2310     -64.4046
                -60.3507     -52.9639     -63.9672     -53.5577     -47.9753
   1     80     -69.2832     -58.7719     -70.8490     -69.7426     -62.2393
                -71.3440     -69.8874     -61.2262     -48.9399     -56.4917
                -68.3605     -54.6190     -59.8591     -58.4426     -45.3462
                -48.1512     -61.2672     -58.9469     -63.1410     -61.3738
                -58.4810     -61.0506     -56.1387     -58.6246     -63.4350
                -50.6529     -44.7757     -58.6802     -66.0301     -69.8114
                -66.1300     -59.2583     -56.7956     -64.3290     -63.0329
                -68.8047     -59.2733     -69.1748     -78.3002     -64.1526
                -59.1410     -71.2488     -67.1984     -60.1713     -68.3559
                -64.2840     -56.9366     -67.8943     -57.5162     -51.9449
   1    100     -75.9095     -65.4029     -77.4670     -76.3316     -68.8834
                -77.9676     -76.5142     -67.8572     -55.5956     -63.1149
                -74.9948     -61.2481     -66.4829     -65.0673     -51.9746
                -54.7763     -67.8756     -65.5841     -69.7441     -67.9953
                -65.1168     -67.6795     -62.8083     -65.2479     -70.0402
                -57.3156     -51.4299     -65.3264     -72.6682     -76.4667
                -72.7797     -65.8733     -63.4445     -70.9576     -69.6367
                -75.4012     -65.9209     -75.7749     -84.9031     -70.7750
                -65.7698     -77.8639     -73.8316     -66.7612     -74.9877
                -70.9004     -63.5622     -74.4950     -64.1536     -58.5983
   2      0     -63.8938     -53.3705     -65.5220     -64.4501     -56.8635
                -66.0629     -64.5513     -55.8389     -43.5633     -51.1335
                -62.9775     -49.2236     -54.5271     -52.9944     -39.9732
                -42.7608     -55.8982     -53.5827     -57.7813     -55.9612
                -53.0731     -55.6873     -50.7366     -53.2755     -58.0170
                -45.2265     -39.3806     -53.3056     -60.6786     -64.4897
                -60.7454     -53.8447     -51.4312     -58.9749     -57.6795
                -63.4372     -53.8893     -63.8099     -72.9642     -58.8060
                -53.7373     -65.9010     -61.8453     -54.8689     -62.9286
                -58.9390     -51.5044     -62.5436     -52.1380     -46.5667
   3      0     -63.9299     -53.4062     -65.5396     -64.4501     -56.8658
                -66.0655     -64.5414     -55.8384     -43.5689     -51.1777
                -62.9819     -49.2172     -54.5052     -53.0181     -39.9594
                -42.7937     -55.9182     -53.5824     -57.8016     -55.9839
                -53.0925     -55.6699     -50.7416     -53.2620     -58.0014
                -45.2308     -39.4072     -53.3095     -60.6598     -64.4785
                -60.7509     -53.8596     -51.3902     -58.9962     -57.7020
                -63.4683     -53.8685     -63.8529     -72.9850     -58.7904
                -53.7412     -65.9218     -61.8612     -54.8514     -62.9525
                -58.9262     -51.5405     -62.5593     -52.1408     -46.5282
   4      0     -63.9212     -53.3445     -65.5528     -64.4170     -56.8286
                -66.0734     -64.5158     -55.8781     -43.5241     -51.1172
                -62.9635     -49.2227     -54.5326     -53.0119     -39.9567
                -42.7546     -55.8588     -53.5640     -57.7941     -55.9197
                -53.0742     -55.6395     -50.7490     -53.2953     -58.0402
                -45.2354     -39.3805     -53.3032     -60.6553     -64.4628
                -60.7529     -53.8320     -51.4213     -58.9619     -57.6696
                -63.4338     -53.8624     -63.7879     -72.9891     -58.8192
                -53.7414     -65.8731     -61.8448     -54.8670     -62.9072
                -58.9225     -51.4952     -62.5404     -52.1350     -46.5585
   5      0     -63.9677     -53.4702     -65.5815     -64.4570     -56.9148
                -66.1211     -64.5477     -55.9036     -43.5951     -51.1992
                -62.9806     -49.2526     -54.5723     -53.0442     -39.9769
                -42.8222     -55.9349     -53.6107     -57.8387     -55.9799
                -53.1054     -55.7015     -50.7837     -53.3379     -58.0913
                -45.2904     -39.4438     -53.3368     -60.7168     -64.4854
                -60.8018     -53.9145     -51.4370     -59.0834     -57.7282
                -63.4679     -53.9120     -63.8571     -72.9859     -58.8498
                -53.7684     -65.9587     -61.9252     -54.9473     -63.0169
                -59.0043     -51.5617     -62.5561     -52.2022     -46.6399
   5     60     -65.7414     -55.2469     -67.3435     -66.2267     -58.6962
                -67.8879     -66.3180     -57.6828     -45.3851     -52.9736
                -64.7646     -51.0378     -56.3490     -54.8274     -41.7791
                -44.6090     -57.7063     -55.4036     -59.6155     -57.7690
                -54.8931     -57.4905     -52.5752     -55.1202     -59.8691
                -47.0984     -41.2459     -55.1314     -62.4913     -66.2643
                -62.5848     -55.6983     -53.2236     -60.8608     -59.4976
                -65.2391     -55.7020     -65.6240     -74.7433     -60.6262
                -55.5540     -67.7271     -63.6976     -56.7211     -64.7978
                -60.7738     -53.3501     -64.3205     -53.9824     -48.4294
   5     80     -70.0869     -59.5956     -71.6750     -70.5613     -63.0564
                -72.2270     -70.6635     -62.0374     -49.7604     -57.3217
                -69.1396     -55.4103     -60.7102     -59.1937     -46.1671
                -48.9787     -62.0515     -59.7858     -63.9603     -62.1371
                -59.2639     -61.8604     -56.9557     -59.4812     -64.2169
                -51.5006     -45.6394     -59.5100     -66.8329     -70.6178
                -66.9440     -60.0539     -57.5788     -65.2054     -63.8341
                -69.5813     -60.0804     -69.9546     -79.0628     -64.9788
                -59.9160     -72.0617     -68.0475     -61.0644     -69.1570
                -65.1130     -57.7227     -68.6528     -58.3455     -52.8076
   5    100     -76.0174     -65.5236     -77.5966     -76.4537     -68.9977
                -78.1539     -76.5884     -67.9663     -55.7149     -63.2495
                -75.0664     -61.3361     -66.6295     -65.1107     -52.0904
                -54.9029     -67.9609     -65.7279     -69.8661     -68.0555
                -65.2032     -67.7890     -62.9147     -65.4028     -70.1243
                -57.4540     -51.5869     -65.4457     -72.7762     -76.5683
                -72.8889     -65.9716     -63.5222     -71.1408     -69.7467
                -75.4792     -66.0188     -75.8551     -84.9676     -70.9062
                -65.8438     -77.9780     -73.9804     -66.9548     -75.0791
                -71.0305     -63.6440     -74.5557     -64.2856     -58.7572
 
 
 cumulative average & 95% error for solvation free energy
              total             1st component         2nd component
  1  -118.2846              -54.3527              -63.9299
  2  -118.3251     0.0810   -59.6550    10.6047   -58.6680    10.5237
  3  -119.0807     1.5119   -58.1201     6.8491   -60.9586     7.6093
  4  -119.2008     1.0957   -57.3673     5.0717   -61.8315     5.6567
  5  -119.2924     0.8683   -58.4520     4.4877   -60.8383     4.8109
  6  -119.3329     0.7136   -57.6213     4.0233   -61.7095     4.2971
  7  -119.4826     0.6733   -57.3664     3.4383   -62.1141     3.7208
  8  -119.5444     0.5960   -58.2127     3.4251   -61.3296     3.5839
  9  -119.5063     0.5311   -60.1480     4.9098   -59.3562     5.0565
 10  -119.3356     0.5850   -60.7952     4.5782   -58.5384     4.8093
 11  -119.3043     0.5329   -60.3599     4.2317   -58.9423     4.4246
 12  -119.2994     0.4865   -61.1655     4.1855   -58.1319     4.3522
 13  -119.2002     0.4896   -61.3452     3.8668   -57.8529     4.0421
 14  -119.0325     0.5639   -61.5228     3.5976   -57.5076     3.8055
 15  -118.8506     0.6386   -62.5109     3.8887   -56.3377     4.2456
 16  -118.6968     0.6719   -63.2035     3.8924   -55.4912     4.3172
 17  -118.6463     0.6392   -63.1279     3.6594   -55.5163     4.0556
 18  -118.7108     0.6163   -63.2998     3.4672   -55.4089     3.8297
 19  -118.7447     0.5869   -63.2078     3.2848   -55.5348     3.6313
 20  -118.7396     0.5569   -63.1803     3.1167   -55.5573     3.4452
 21  -118.7489     0.5300   -63.3069     2.9754   -55.4399     3.2855
 22  -118.7516     0.5054   -63.2991     2.8370   -55.4503     3.1326
 23  -118.8283     0.5067   -63.5806     2.7687   -55.2456     3.0212
 24  -118.8422     0.4859   -63.6772     2.6578   -55.1630     2.8973
 25  -118.8233     0.4676   -63.5447     2.5630   -55.2765     2.7883
 26  -118.8502     0.4525   -63.9580     2.5975   -54.8901     2.7881
 27  -118.8162     0.4407   -64.4974     2.7223   -54.3167     2.9177
 28  -118.8202     0.4247   -64.5374     2.6245   -54.2807     2.8125
 29  -118.8552     0.4158   -64.3524     2.5593   -54.5007     2.7492
 30  -118.8980     0.4107   -64.0626     2.5395   -54.8333     2.7380
 31  -118.9881     0.4362   -63.9618     2.4645   -55.0242     2.6756
 32  -118.9912     0.4224   -64.0013     2.3875   -54.9878     2.5917
 33  -119.0278     0.4158   -64.1469     2.3323   -54.8788     2.5213
 34  -119.0314     0.4035   -64.0294     2.2748   -54.9999     2.4580
 35  -118.9783     0.4059   -63.8992     2.2242   -55.0771     2.3918
 36  -118.9060     0.4202   -63.5937     2.2462   -55.3102     2.3707
 37  -118.8554     0.4210   -63.5821     2.1848   -55.2712     2.3070
 38  -118.8066     0.4212   -63.3075     2.1963   -55.4970     2.2905
 39  -118.8081     0.4103   -62.8605     2.3185   -55.9454     2.4045
 40  -118.7799     0.4039   -62.7613     2.2685   -56.0166     2.3479
 41  -118.7574     0.3965   -62.7943     2.2134   -55.9611     2.2926
 42  -118.7629     0.3871   -62.5626     2.2092   -56.1982     2.2871
 43  -118.7621     0.3780   -62.4300     2.1735   -56.3299     2.2487
 44  -118.7120     0.3826   -62.4136     2.1237   -56.2963     2.1981
 45  -118.7304     0.3758   -62.2840     2.0921   -56.4442     2.1689
 46  -118.7363     0.3677   -62.2361     2.0484   -56.4982     2.1240
 47  -118.7045     0.3654   -62.3097     2.0097   -56.3927     2.0890
 48  -118.6807     0.3609   -62.1574     1.9909   -56.5212     2.0611
 49  -118.6601     0.3558   -62.2262     1.9547   -56.4318     2.0265
 50  -118.6210     0.3573   -62.3852     1.9414   -56.2337     2.0247
 
 Mesh error is    0.113 kcal/mol
