 ERmod 0.3.8, Copyright (C) 2000-2019 Nobuyuki Matubayasi
                            2010-2019 Shun Sakuraba
 ERmod comes with ABSOLUTELY NO WARRANTY.
 This is free software, and you can redistribute it
 and/or modify it under certain conditions.
 See LICENSE file for details.
 
  Number of the   1-th solvent  =        10000
 
  Be sure that the solvent distribution is homogeneous (radial distribution function is essentially unity) when the solvent molecule is separated beyond distance of   10.0 Angstrom in any direction from any atom within the solute molecule
 
  LJ long-range correction    =        -7.8240
 
  Self-energy of the solute   =        -0.0163  kcal/mol
 
 
 cumulative average & 95% error for solvation energy
  1  -471.7302
  2  -470.7434     1.9736
  3  -470.7482     1.1395
  4  -470.7324     0.8064
  5  -470.8791     0.6901
  6  -471.0319     0.6410
  7  -471.1341     0.5791
  8  -471.0265     0.5458
  9  -471.1533     0.5440
 10  -471.1331     0.4882
 11  -471.0739     0.4572
 12  -471.0483     0.4205
 13  -470.9949     0.4013
 14  -470.9339     0.3910
 15  -470.9143     0.3661
 16  -470.7876     0.4260
 17  -470.7831     0.4003
 18  -470.8427     0.3958
 19  -470.8283     0.3755
 20  -470.8069     0.3588
 21  -470.8080     0.3413
 22  -470.8868     0.3615
 23  -470.9235     0.3532
 24  -470.9167     0.3384
 25  -470.8572     0.3457
 26  -470.8073     0.3469
 27  -470.7886     0.3359
 28  -470.7174     0.3536
 29  -470.7357     0.3431
 30  -470.7467     0.3322
 31  -470.7598     0.3224
 32  -470.7403     0.3146
 33  -470.7353     0.3051
 34  -470.7516     0.2978
 35  -470.7328     0.2916
 36  -470.7539     0.2865
 37  -470.7465     0.2790
 38  -470.7066     0.2831
 39  -470.6958     0.2765
 40  -470.6460     0.2873
 41  -470.6684     0.2838
 42  -470.6257     0.2899
 43  -470.5984     0.2882
 44  -470.5807     0.2838
 45  -470.5973     0.2794
 46  -470.6221     0.2778
 47  -470.6082     0.2732
 48  -470.6276     0.2702
 49  -470.5906     0.2748
 50  -470.5872     0.2693
 
 
 group  inft  solvation free energy     error          difference
   1      0        -92.01482           0.12832           0.07214
   1     60        -92.15419           0.12832          -0.06723
   1     80        -93.78311           0.12852          -1.69616
   1    100       -100.82488           0.12957          -8.73793
   2      0        -92.09451           0.12632          -0.00756
   3      0        -92.08695           0.12453           0.00000
   4      0        -92.02709           0.12551           0.05987
   5      0        -92.09155           0.12652          -0.00459
   5     60        -92.28846           0.12653          -0.20151
   5     80        -94.38879           0.12668          -2.30184
   5    100       -100.91993           0.12741          -8.83298
 
 
 group  inft   Estimated free energy (kcal/mol)
   1      0     -92.4495     -91.9921     -91.8411     -92.1852     -92.2058
                -92.7279     -92.4902     -91.7847     -92.6620     -92.1326
                -91.9918     -91.9716     -91.9430     -91.7633     -91.7732
                -91.2793     -91.8159     -92.1836     -91.8327     -92.1544
                -91.9863     -93.1234     -92.5102     -92.2046     -91.4049
                -91.5367     -92.0158     -91.2907     -92.4491     -92.0833
                -92.5240     -91.7876     -92.2021     -92.1698     -91.6722
                -92.4577     -92.1408     -91.5801     -91.6759     -91.0047
                -92.4857     -91.3546     -91.8060     -91.3308     -92.4610
                -92.7045     -91.7814     -92.7152     -91.3096     -91.7924
   1     60     -92.5893     -92.1308     -91.9796     -92.3244     -92.3453
                -92.8679     -92.6299     -91.9238     -92.8014     -92.2711
                -92.1312     -92.1106     -92.0821     -91.9025     -91.9133
                -91.4191     -91.9559     -92.3243     -91.9723     -92.2931
                -92.1260     -93.2638     -92.6500     -92.3435     -91.5439
                -91.6766     -92.1545     -91.4313     -92.5886     -92.2222
                -92.6629     -91.9267     -92.3413     -92.3085     -91.8119
                -92.5968     -92.2804     -91.7191     -91.8159     -91.1448
                -92.6244     -91.4935     -91.9449     -91.4708     -92.6005
                -92.8435     -91.9199     -92.8551     -91.4482     -91.9318
   1     80     -94.2185     -93.7528     -93.6129     -93.9536     -93.9779
                -94.4989     -94.2581     -93.5552     -94.4327     -93.9023
                -93.7589     -93.7397     -93.7123     -93.5289     -93.5409
                -93.0480     -93.5836     -93.9608     -93.6026     -93.9207
                -93.7589     -94.8954     -94.2794     -93.9713     -93.1780
                -93.3025     -93.7820     -93.0614     -94.2189     -93.8498
                -94.2927     -93.5507     -93.9659     -93.9465     -93.4399
                -94.2330     -93.9034     -93.3420     -93.4484     -92.7715
                -94.2537     -93.1226     -93.5696     -93.1007     -94.2301
                -94.4711     -93.5467     -94.4779     -93.0682     -93.5641
   1    100    -101.2637    -100.7822    -100.6566    -100.9984    -101.0188
               -101.5395    -101.2906    -100.6007    -101.4891    -100.9424
               -100.8012    -100.7782    -100.7552    -100.5704    -100.5695
               -100.0881    -100.6177    -101.0262    -100.6483    -100.9569
               -100.8150    -101.9499    -101.3301    -101.0249    -100.2321
               -100.3357    -100.8285    -100.1103    -101.2655    -100.8907
               -101.3456    -100.5799    -101.0003    -101.0038    -100.4782
               -101.2819    -100.9398    -100.3633    -100.4972     -99.7965
               -101.3008    -100.1708    -100.6115    -100.1432    -101.2726
               -101.5131    -100.5789    -101.5090    -100.0795    -100.6016
   2      0     -92.5311     -92.0513     -91.8962     -92.2703     -92.3344
                -92.7584     -92.5704     -91.7987     -92.7544     -92.2451
                -91.9735     -91.9962     -92.0530     -91.8469     -91.8795
                -91.3331     -91.9112     -92.2456     -91.9215     -92.2123
                -92.0422     -93.0699     -92.6149     -92.3401     -91.4922
                -91.6362     -92.1298     -91.2678     -92.4924     -92.1910
                -92.5172     -91.8279     -92.3469     -92.1912     -91.8369
                -92.5526     -92.2179     -91.7130     -91.8365     -91.1145
                -92.5425     -91.4613     -91.8119     -91.4014     -92.5538
                -92.8451     -91.8901     -92.7998     -91.4310     -91.9749
   3      0     -92.5126     -92.0229     -91.8732     -92.2403     -92.3154
                -92.7547     -92.5555     -91.8144     -92.7348     -92.2513
                -91.9843     -92.0084     -92.0397     -91.8551     -91.8723
                -91.3207     -91.8925     -92.2285     -91.9150     -92.1758
                -92.0137     -93.0775     -92.5739     -92.3199     -91.5231
                -91.6510     -92.1332     -91.3217     -92.5108     -92.1699
                -92.5251     -91.8602     -92.3459     -92.2051     -91.8221
                -92.5306     -92.2271     -91.6710     -91.7851     -91.1060
                -92.4975     -91.4441     -91.8346     -91.4185     -92.5300
                -92.8223     -91.9151     -92.7886     -91.4316     -91.9253
   4      0     -92.4222     -91.9772     -91.7930     -92.1852     -92.2018
                -92.6811     -92.5531     -91.7260     -92.6730     -92.2091
                -91.9588     -92.0176     -92.0212     -91.7674     -91.8143
                -91.2809     -91.7777     -92.2234     -91.7871     -92.1066
                -91.9606     -93.0439     -92.4975     -92.2541     -91.4256
                -91.5699     -92.0712     -91.2821     -92.4671     -92.0830
                -92.4538     -91.7659     -92.2385     -92.1787     -91.6798
                -92.4944     -92.1426     -91.6007     -91.7640     -91.0707
                -92.5014     -91.3771     -91.7852     -91.3967     -92.5133
                -92.6972     -91.8698     -92.7737     -91.3821     -91.8373
   5      0     -92.5166     -92.0350     -91.8324     -92.2843     -92.3210
                -92.7641     -92.6017     -91.8257     -92.7444     -92.2569
                -92.0530     -92.0266     -92.0074     -91.8472     -91.8805
                -91.3518     -91.9295     -92.3022     -91.9014     -92.2306
                -92.0089     -93.1000     -92.6077     -92.2994     -91.5029
                -91.6860     -92.0921     -91.3259     -92.5123     -92.1648
                -92.5490     -91.8531     -92.3260     -92.1385     -91.8015
                -92.5514     -92.2066     -91.6460     -91.8077     -91.1030
                -92.5129     -91.4520     -91.8208     -91.3803     -92.5541
                -92.7764     -91.9348     -92.8216     -91.3780     -91.9510
   5     60     -92.7137     -92.2312     -92.0297     -92.4809     -92.5181
                -92.9615     -92.7986     -92.0230     -92.9416     -92.4539
                -92.2496     -92.2234     -92.2041     -92.0444     -92.0775
                -91.5490     -92.1267     -92.5004     -92.0982     -92.4271
                -92.2064     -93.2968     -92.8052     -92.4963     -91.6998
                -91.8825     -92.2884     -91.5230     -92.7091     -92.3616
                -92.7460     -92.0498     -92.5228     -92.3355     -91.9987
                -92.7489     -92.4033     -91.8426     -92.0053     -91.3001
                -92.7100     -91.6486     -92.0172     -91.5777     -92.7508
                -92.9729     -92.1310     -93.0183     -91.5737     -92.1480
   5     80     -94.8159     -94.3236     -94.1322     -94.5815     -94.6196
                -95.0626     -94.8970     -94.1249     -95.0462     -94.5549
                -94.3482     -94.3220     -94.3051     -94.1432     -94.1761
                -93.6497     -94.2280     -94.6096     -94.2014     -94.5247
                -94.3122     -95.3965     -94.9087     -94.5971     -93.8044
                -93.9817     -94.3874     -93.6252     -94.8088     -94.4609
                -94.8466     -94.1449     -94.6207     -94.4399     -94.0996
                -94.8543     -94.5014     -93.9361     -94.1103     -93.3988
                -94.8130     -93.7497     -94.1139     -93.6802     -94.8514
                -95.0719     -94.2295     -95.1144     -93.6636     -94.2500
   5    100    -101.3525    -100.8450    -100.6648    -101.1198    -101.1520
               -101.5924    -101.4207    -100.6591    -101.5898    -101.0868
               -100.8746    -100.8480    -100.8390    -100.6755    -100.6952
               -100.1802    -100.7528    -101.1569    -100.7356    -101.0503
               -100.8541    -101.9285    -101.4481    -101.1394    -100.3462
               -100.5103    -100.9221    -100.1573    -101.3419    -100.9901
               -101.3811    -100.6638    -101.1481    -100.9837    -100.6319
               -101.3924    -101.0292    -100.4510    -100.6500     -99.9163
               -101.3482    -100.2875    -100.6442    -100.2105    -101.3843
               -101.6041    -100.7551    -101.6390    -100.1690    -100.7787
 
 
 cumulative average & 95% error for solvation free energy
  1   -92.5126
  2   -92.2678     0.4897
  3   -92.1363     0.3862
  4   -92.1623     0.2780
  5   -92.1929     0.2239
  6   -92.2865     0.2617
  7   -92.3250     0.2341
  8   -92.2611     0.2396
  9   -92.3138     0.2361
 10   -92.3075     0.2115
 11   -92.2781     0.2001
 12   -92.2557     0.1882
 13   -92.2390     0.1762
 14   -92.2116     0.1721
 15   -92.1890     0.1665
 16   -92.1347     0.1898
 17   -92.1205     0.1806
 18   -92.1265     0.1707
 19   -92.1153     0.1630
 20   -92.1184     0.1547
 21   -92.1134     0.1475
 22   -92.1572     0.1657
 23   -92.1753     0.1625
 24   -92.1813     0.1560
 25   -92.1550     0.1586
 26   -92.1356     0.1573
 27   -92.1355     0.1513
 28   -92.1065     0.1570
 29   -92.1204     0.1540
 30   -92.1221     0.1488
 31   -92.1351     0.1463
 32   -92.1265     0.1427
 33   -92.1331     0.1389
 34   -92.1352     0.1348
 35   -92.1263     0.1321
 36   -92.1375     0.1304
 37   -92.1399     0.1269
 38   -92.1276     0.1259
 39   -92.1188     0.1239
 40   -92.0935     0.1310
 41   -92.1034     0.1293
 42   -92.0877     0.1300
 43   -92.0818     0.1275
 44   -92.0667     0.1281
 45   -92.0770     0.1269
 46   -92.0932     0.1283
 47   -92.0894     0.1258
 48   -92.1040     0.1265
 49   -92.0903     0.1269
 50   -92.0870     0.1245
 
 Mesh error is    0.072 kcal/mol
