 ERmod 0.3.8, Copyright (C) 2000-2019 Nobuyuki Matubayasi
                            2010-2019 Shun Sakuraba
 ERmod comes with ABSOLUTELY NO WARRANTY.
 This is free software, and you can redistribute it
 and/or modify it under certain conditions.
 See LICENSE file for details.
 
  Number of the   1-th solvent  =         1472
  Number of the   2-th solvent  =        10000
 
  Be sure that the solvent distribution is homogeneous (radial distribution function is essentially unity) when the solvent molecule is separated beyond distance of   10.0 Angstrom in any direction from any atom within the solute molecule
 
  LJ long-range correction    =        -3.5283     -5.7260
 
  Self-energy of the solute   =        -0.0043  kcal/mol
 
 
 cumulative average & 95% error for solvation energy
              total             1st component         2nd component
  1  -478.0238             -177.8290             -300.1905
  2  -479.5748     3.1020  -175.9207     3.8167  -303.6498     6.9187
  3  -479.9534     1.9445  -171.1502     9.7920  -308.7989    11.0458
  4  -480.8784     2.3049  -166.3245    11.8783  -314.5496    13.9028
  5  -480.6498     1.8430  -165.3109     9.4216  -315.3346    10.8829
  6  -480.3139     1.6479  -163.5980     8.4210  -316.7116     9.3029
  7  -480.3033     1.3929  -164.3555     7.2765  -315.9435     8.0110
  8  -480.0371     1.3185  -168.1042     9.7940  -311.9286    10.6118
  9  -479.8623     1.2143  -169.8789     9.3383  -309.9791    10.1385
 10  -479.9095     1.0902  -171.4301     8.9100  -308.4751     9.5540
 11  -479.8645     0.9902  -172.2975     8.2440  -307.5627     8.8325
 12  -479.8929     0.9057  -175.1628     9.4592  -304.7257     9.8592
 13  -480.0093     0.8651  -174.5164     8.7967  -305.4886     9.1966
 14  -480.0007     0.8011  -174.7092     8.1533  -305.2872     8.5239
 15  -479.8193     0.8293  -175.6181     7.8049  -304.1969     8.2295
 16  -479.6997     0.8119  -177.0607     7.8503  -302.6346     8.3079
 17  -479.6593     0.7669  -179.5129     8.8561  -300.1421     9.2603
 18  -479.5014     0.7890  -180.3746     8.5256  -299.1225     8.9657
 19  -479.4689     0.7491  -180.0473     8.0910  -299.4173     8.5011
 20  -479.3854     0.7301  -178.4909     8.2829  -300.8902     8.5860
 21  -479.4316     0.7006  -176.6405     8.7045  -302.7868     9.0048
 22  -479.3836     0.6748  -175.3625     8.6841  -304.0168     8.9313
 23  -479.4440     0.6560  -172.9306     9.6183  -306.5090     9.8831
 24  -479.2791     0.7093  -172.1546     9.3387  -307.1202     9.5410
 25  -479.3388     0.6907  -170.7355     9.3963  -308.5990     9.6174
 26  -479.4476     0.6984  -170.1028     9.1159  -309.3405     9.3584
 27  -479.6241     0.7592  -169.1236     8.9878  -310.4962     9.2971
 28  -479.6252     0.7316  -169.3772     8.6757  -310.2437     8.9731
 29  -479.6271     0.7059  -169.8185     8.4176  -309.8043     8.7026
 30  -479.7170     0.7053  -169.2309     8.2166  -310.4818     8.5160
 31  -479.8114     0.7078  -168.3328     8.1476  -311.4743     8.4725
 32  -479.8128     0.6853  -167.8789     7.9409  -311.9296     8.2539
 33  -479.9084     0.6911  -167.1085     7.8493  -312.7956     8.1852
 34  -480.0072     0.6990  -166.2695     7.7976  -313.7334     8.1593
 35  -480.0214     0.6793  -166.7715     7.6378  -313.2455     7.9826
 36  -479.9479     0.6763  -166.7205     7.4233  -313.2231     7.7578
 37  -479.9089     0.6624  -166.4347     7.2425  -313.4699     7.5613
 38  -479.9999     0.6699  -165.8176     7.1566  -314.1780     7.4947
 39  -480.0029     0.6525  -165.8958     6.9724  -314.1028     7.3015
 40  -479.9607     0.6416  -165.8478     6.7965  -314.1087     7.1167
 41  -479.9183     0.6315  -165.9312     6.6308  -313.9829     6.9455
 42  -479.8885     0.6191  -165.6010     6.5046  -314.2832     6.8047
 43  -479.8618     0.6069  -165.8438     6.3701  -314.0137     6.6664
 44  -479.8517     0.5933  -165.4002     6.2865  -314.4471     6.5705
 45  -479.8499     0.5800  -165.2776     6.1501  -314.5680     6.4274
 46  -479.8685     0.5684  -165.5840     6.0461  -314.2802     6.3124
 47  -479.8735     0.5563  -165.8636     5.9424  -314.0056     6.2010
 48  -479.7224     0.6228  -165.9035     5.8178  -313.8146     6.0825
 49  -479.7131     0.6103  -165.8447     5.6991  -313.8641     5.9579
 50  -479.7599     0.6052  -166.0910     5.6056  -313.6646     5.8511
 
 
 group  inft  solvation free energy     error          difference
  total solvation free energy
   1      0       -118.06351           0.37572           0.09405
   1     60       -119.90113           0.37437          -1.74358
   1     80       -124.69635           0.37207          -6.53880
   1    100       -132.81238           0.37467         -14.65482
   2      0       -118.14874           0.37706           0.00882
   3      0       -118.15756           0.37843           0.00000
   4      0       -118.09181           0.38120           0.06575
   5      0       -118.16934           0.38098          -0.01179
   5     60       -120.39842           0.37891          -2.24086
   5     80       -125.66617           0.37720          -7.50862
   5    100       -132.96162           0.37886         -14.80407
 
  contribution from  1-th solvent component
   1      0        -58.27989           2.23488           0.04048
   1     60        -58.56252           2.23524          -0.24216
   1     80        -59.30609           2.23584          -0.98572
   1    100        -60.65784           2.23595          -2.33748
   2      0        -58.32160           2.23427          -0.00123
   3      0        -58.32037           2.23357           0.00000
   4      0        -58.32505           2.23352          -0.00468
   5      0        -58.33928           2.23334          -0.01892
   5     60        -58.68251           2.23376          -0.36215
   5     80        -59.50793           2.23430          -1.18757
   5    100        -60.72863           2.23433          -2.40827
 
  contribution from  2-th solvent component
   1      0        -59.77931           2.46545           0.05357
   1     60        -61.33430           2.46354          -1.50142
   1     80        -65.38596           2.46045          -5.55308
   1    100        -72.15023           2.45910         -12.31735
   2      0        -59.82283           2.46656           0.01005
   3      0        -59.83288           2.46670           0.00000
   4      0        -59.76245           2.46747           0.07043
   5      0        -59.82575           2.46676           0.00713
   5     60        -61.71159           2.46436          -1.87871
   5     80        -66.15393           2.46160          -6.32105
   5    100        -72.22868           2.45980         -12.39580
 
 
 group  inft   Estimated free energy: total (kcal/mol)
   1      0    -117.2850    -118.6717    -119.0990    -120.0456    -117.9564
               -117.8116    -118.7042    -116.5008    -116.6932    -117.4348
               -117.7428    -117.2241    -118.9466    -118.0006    -116.2215
               -116.4080    -116.4495    -115.8360    -117.3213    -116.9615
               -118.7904    -118.1351    -119.1414    -116.0862    -118.8201
               -119.9835    -121.0981    -118.3200    -117.4429    -119.6818
               -120.3920    -118.1400    -120.0914    -120.4069    -118.4721
               -117.2821    -117.4830    -120.1628    -118.4628    -116.8294
               -117.7596    -117.6745    -117.0422    -118.2432    -118.0745
               -118.3037    -118.3179    -114.6417    -117.7448    -118.8369
   1     60    -119.1306    -120.5215    -120.9403    -121.8862    -119.7949
               -119.6480    -120.5448    -118.3507    -118.5346    -119.2805
               -119.5864    -119.0790    -120.7945    -119.8514    -118.0685
               -118.2568    -118.3079    -117.6823    -119.1536    -118.7907
               -120.6163    -119.9591    -120.9605    -117.9253    -120.6488
               -121.8186    -122.9251    -120.1675    -119.2929    -121.5195
               -122.2272    -119.9825    -121.9097    -122.2306    -120.3061
               -119.1082    -119.3155    -121.9841    -120.2994    -118.6758
               -119.5852    -119.4940    -118.8645    -120.0697    -119.9057
               -120.1473    -120.1678    -116.4929    -119.5799    -120.6734
   1     80    -123.9425    -125.3312    -125.7390    -126.6852    -124.5962
               -124.4312    -125.3407    -123.1742    -123.3372    -124.0901
               -124.3815    -123.8997    -125.6072    -124.6628    -122.8708
               -123.0586    -123.1405    -122.5018    -123.9417    -123.5773
               -125.3819    -124.7338    -125.7220    -122.7206    -125.4436
               -126.6054    -127.7007    -124.9740    -124.0984    -126.3066
               -127.0168    -124.7966    -126.6687    -126.9997    -125.0867
               -123.8894    -124.0928    -126.7525    -125.0976    -123.4711
               -124.3598    -124.2834    -123.6621    -124.8512    -124.6984
               -124.9642    -124.9921    -121.2989    -124.3698    -125.4690
   1    100    -132.1057    -133.4866    -133.9010    -134.8332    -132.7078
               -132.5514    -133.4641    -131.3297    -131.4017    -132.2070
               -132.5031    -132.0529    -133.7730    -132.7945    -130.9806
               -131.1503    -131.2542    -130.5890    -132.0113    -131.6651
               -133.4813    -132.8300    -133.8055    -130.8200    -133.5414
               -134.7231    -135.8402    -133.1443    -132.2362    -134.4654
               -135.1839    -132.9155    -134.7575    -135.1272    -133.2045
               -131.9777    -132.1855    -134.8246    -133.2343    -131.5591
               -132.4488    -132.3595    -131.7285    -132.9230    -132.8032
               -133.0809    -133.1392    -129.4217    -132.4986    -133.5963
   2      0    -117.3658    -118.7586    -119.1523    -120.1067    -118.0611
               -117.8952    -118.8179    -116.5741    -116.7159    -117.4573
               -117.8368    -117.3028    -119.0588    -118.0914    -116.3689
               -116.4882    -116.5268    -115.8935    -117.4261    -117.0613
               -118.9270    -118.2000    -119.2634    -116.2426    -118.8950
               -120.0775    -121.1688    -118.4020    -117.5590    -119.7442
               -120.4500    -118.2420    -120.1585    -120.5378    -118.5409
               -117.3273    -117.5472    -120.2679    -118.5498    -116.8878
               -117.8614    -117.7993    -117.1144    -118.3727    -118.1350
               -118.4205    -118.3837    -114.6584    -117.7909    -118.9525
   3      0    -117.3645    -118.7932    -119.1878    -120.1558    -118.0745
               -117.9109    -118.8433    -116.6185    -116.7389    -117.4909
               -117.8617    -117.2941    -119.0491    -118.0757    -116.3789
               -116.4965    -116.5008    -115.8567    -117.3833    -117.0657
               -118.9197    -118.2094    -119.2856    -116.2407    -118.9005
               -120.0881    -121.1676    -118.4104    -117.5484    -119.8046
               -120.5007    -118.2236    -120.1812    -120.5524    -118.5460
               -117.3406    -117.5842    -120.2637    -118.5677    -116.9119
               -117.8301    -117.7465    -117.1231    -118.3435    -118.1248
               -118.3992    -118.4114    -114.6961    -117.8511    -118.9642
   4      0    -117.3283    -118.7543    -119.1128    -120.1220    -118.0317
               -117.8364    -118.7594    -116.5317    -116.6373    -117.4006
               -117.7992    -117.2909    -119.0467    -118.0538    -116.2940
               -116.3824    -116.4114    -115.7522    -117.3537    -116.9679
               -118.8812    -118.1818    -119.1801    -116.1571    -118.7910
               -120.0766    -121.1229    -118.3923    -117.4770    -119.7309
               -120.4542    -118.1164    -120.0686    -120.5148    -118.4251
               -117.2676    -117.5333    -120.2121    -118.5063    -116.8339
               -117.7325    -117.6541    -117.0461    -118.3153    -118.0912
               -118.3134    -118.3535    -114.6317    -117.7532    -118.9097
   5      0    -117.3864    -118.8153    -119.2573    -120.1472    -118.1093
               -117.9081    -118.8275    -116.6741    -116.7507    -117.5101
               -117.8569    -117.3232    -119.1151    -118.1378    -116.3749
               -116.4756    -116.4908    -115.8493    -117.4696    -117.0216
               -118.9407    -118.2372    -119.2858    -116.1826    -118.8586
               -120.1467    -121.2030    -118.4665    -117.5469    -119.7848
               -120.5320    -118.2169    -120.2028    -120.5986    -118.5243
               -117.3646    -117.5899    -120.2893    -118.5563    -116.9079
               -117.8437    -117.7171    -117.0791    -118.3938    -118.1341
               -118.3929    -118.4277    -114.7136    -117.8580    -118.9713
   5     60    -119.6236    -121.0502    -121.4843    -122.3725    -120.3423
               -120.1335    -121.0517    -118.9194    -118.9874    -119.7454
               -120.0912    -119.5692    -121.3532    -120.3771    -118.6150
               -118.7193    -118.7514    -118.0961    -119.7020    -119.2493
               -121.1512    -120.4493    -121.4951    -118.4148    -121.0797
               -122.3685    -123.4165    -120.7025    -119.7822    -122.0086
               -122.7520    -120.4562    -122.4127    -122.8099    -120.7519
               -119.5867    -119.8088    -122.4977    -120.7873    -119.1403
               -120.0612    -119.9425    -119.3075    -120.6111    -120.3545
               -120.6334    -120.6694    -116.9530    -120.0805    -121.2018
   5     80    -124.9090    -126.3324    -126.7566    -127.6448    -125.6130
               -125.3913    -126.3157    -124.2148    -124.2487    -125.0192
               -125.3593    -124.8631    -126.6423    -125.6608    -123.8858
               -123.9940    -124.0474    -123.3894    -124.9598    -124.5089
               -126.3932    -125.6982    -126.7337    -123.6862    -126.3438
               -127.6268    -128.6622    -125.9848    -125.0598    -127.2751
               -128.0198    -125.7556    -127.6508    -128.0555    -126.0124
               -124.8411    -125.0570    -127.7395    -126.0615    -124.4021
               -125.3084    -125.1947    -124.5756    -125.8654    -125.6167
               -125.9332    -125.9625    -122.2245    -125.3386    -126.4735
   5    100    -132.2473    -133.6613    -134.0840    -134.9570    -132.9072
               -132.6939    -133.6220    -131.5488    -131.5072    -132.3122
               -132.6629    -132.1895    -133.9766    -132.9721    -131.1866
               -131.2726    -131.3579    -130.6638    -132.2233    -131.7752
               -133.6736    -132.9753    -133.9930    -130.9749    -133.6290
               -134.9288    -135.9772    -133.3216    -132.3701    -134.5967
               -135.3531    -133.0538    -134.9195    -135.3605    -133.2853
               -132.1141    -132.3202    -135.0012    -133.3622    -131.6633
               -132.5810    -132.4618    -131.8346    -133.1294    -132.9056
               -133.2376    -133.2848    -129.5236    -132.6448    -133.7829
 
 group  inft   Estimated free energy: 1-th solvent contribution (kcal/mol)
   1      0     -63.8294     -61.9358     -57.0279     -52.8561     -55.8202
                -53.6854     -59.8449     -70.2830     -64.4788     -65.6116
                -64.3719     -74.7524     -58.9311     -62.5440     -66.6747
                -70.9560     -79.0262     -69.1924     -61.1535     -50.6719
                -47.9954     -51.7877     -39.2760     -53.0243     -46.1484
                -53.8753     -49.7853     -63.0629     -65.1636     -53.3476
                -49.4115     -53.2602     -49.0554     -48.0540     -65.7812
                -57.5282     -54.0997     -49.1638     -59.5433     -56.6180
                -60.0978     -51.9213     -61.4305     -49.6396     -55.6820
                -63.6720     -63.3582     -58.0171     -57.0203     -63.5268
   1     60     -64.1133     -62.2188     -57.3113     -53.1397     -56.1022
                -53.9673     -60.1292     -70.5657     -64.7632     -65.8958
                -64.6567     -75.0368     -59.2170     -62.8296     -66.9593
                -71.2411     -79.3125     -69.4753     -61.4351     -50.9540
                -48.2758     -52.0672     -39.5552     -53.3045     -46.4296
                -54.1583     -50.0678     -63.3468     -65.4492     -53.6304
                -49.6936     -53.5442     -49.3350     -48.3347     -66.0642
                -57.8105     -54.3814     -49.4438     -59.8254     -56.9029
                -60.3778     -52.2010     -61.7091     -49.9204     -55.9638
                -63.9547     -63.6413     -58.3010     -57.3024     -63.8102
   1     80     -64.8595     -62.9614     -58.0557     -53.8852     -56.8449
                -54.7078     -60.8752     -71.3093     -65.5109     -66.6424
                -65.4032     -75.7829     -59.9673     -63.5778     -67.7053
                -71.9882     -80.0633     -70.2205     -62.1776     -51.6982
                -49.0143     -52.8046     -40.2919     -54.0419     -47.1731
                -54.9020     -50.8117     -64.0913     -66.1966     -54.3733
                -50.4359     -54.2924     -50.0730     -49.0742     -66.8079
                -58.5552     -55.1224     -50.1833     -60.5686     -57.6490
                -61.1161     -52.9428     -62.4490     -50.6611     -56.7068
                -64.6997     -64.3859     -59.0438     -58.0440     -64.5560
   1    100     -66.2184     -64.3173     -59.4157     -55.2458     -58.1950
                -56.0595     -62.2304     -72.6618     -66.8554     -67.9927
                -66.7588     -77.1389     -61.3337     -64.9359     -69.0563
                -73.3403     -81.4156     -71.5668     -63.5242     -53.0494
                -50.3638     -54.1502     -41.6417     -55.3852     -48.5242
                -56.2567     -52.1709     -65.4500     -67.5519     -55.7334
                -51.7986     -55.6498     -51.4202     -50.4256     -68.1577
                -59.9059     -56.4728     -51.5304     -61.9229     -59.0012
                -62.4609     -54.2893     -63.7884     -52.0037     -58.0518
                -66.0477     -65.7356     -60.3886     -59.3922     -65.9092
   2      0     -63.8623     -61.9845     -57.0782     -52.8892     -55.8693
                -53.7198     -59.8770     -70.3437     -64.5123     -65.6551
                -64.3960     -74.8088     -58.9672     -62.5818     -66.7160
                -70.9656     -79.0700     -69.2221     -61.2061     -50.7132
                -48.0626     -51.8344     -39.3233     -53.0821     -46.1841
                -53.9041     -49.8242     -63.1051     -65.2036     -53.3905
                -49.4779     -53.3032     -49.1010     -48.1031     -65.8137
                -57.5634     -54.1347     -49.2200     -59.5852     -56.6362
                -60.1613     -51.9628     -61.4730     -49.6941     -55.7009
                -63.7134     -63.4074     -58.0426     -57.0519     -63.5820
   3      0     -63.8555     -62.0046     -57.0820     -52.9156     -55.8799
                -53.7291     -59.9057     -70.3614     -64.4865     -65.6691
                -64.4139     -74.7970     -58.9700     -62.5727     -66.7229
                -70.9583     -79.0281     -69.1752     -61.1799     -50.7119
                -48.0440     -51.8189     -39.3182     -53.0636     -46.1736
                -53.9174     -49.8260     -63.1231     -65.2196     -53.4086
                -49.4920     -53.2838     -49.1080     -48.1445     -65.7961
                -57.5697     -54.1541     -49.2010     -59.5851     -56.6380
                -60.1407     -51.9257     -61.4579     -49.6634     -55.6909
                -63.7052     -63.4186     -58.0302     -57.0790     -63.6025
   4      0     -63.8766     -62.0278     -57.1097     -52.9357     -55.8813
                -53.7410     -59.9025     -70.3695     -64.5052     -65.6712
                -64.4169     -74.8234     -58.9701     -62.5876     -66.7287
                -70.9358     -79.0393     -69.1756     -61.1771     -50.6835
                -48.0558     -51.8337     -39.3247     -53.0797     -46.1836
                -53.9230     -49.8353     -63.1366     -65.1788     -53.4157
                -49.4825     -53.2658     -49.1008     -48.1422     -65.7896
                -57.5643     -54.1710     -49.2215     -59.5832     -56.6038
                -60.1278     -51.9368     -61.4596     -49.6896     -55.6968
                -63.7244     -63.4333     -58.0563     -57.0735     -63.6042
   5      0     -63.8747     -62.0182     -57.1290     -52.9345     -55.9050
                -53.7505     -59.9092     -70.4060     -64.5050     -65.6926
                -64.4042     -74.8366     -58.9934     -62.6093     -66.7305
                -70.9692     -79.0512     -69.1799     -61.1987     -50.7237
                -48.0748     -51.8594     -39.3482     -53.0897     -46.2004
                -53.9325     -49.8423     -63.1430     -65.1979     -53.4050
                -49.4976     -53.2887     -49.1253     -48.1433     -65.8103
                -57.5905     -54.1749     -49.2314     -59.6055     -56.6266
                -60.1605     -51.9723     -61.4717     -49.6938     -55.7007
                -63.7296     -63.4584     -58.0692     -57.0878     -63.6115
   5     60     -64.2193     -62.3609     -57.4724     -53.2779     -56.2480
                -54.0928     -60.2532     -70.7497     -64.8508     -66.0375
                -64.7497     -75.1814     -59.3398     -62.9551     -67.0760
                -71.3152     -79.3995     -69.5244     -61.5418     -51.0670
                -48.4145     -52.1986     -39.6874     -53.4302     -46.5424
                -54.2754     -50.1850     -63.4870     -65.5431     -53.7480
                -49.8397     -53.6341     -49.4658     -48.4841     -66.1543
                -57.9345     -54.5167     -49.5717     -59.9484     -56.9710
                -60.5009     -52.3145     -61.8126     -50.0350     -56.0428
                -64.0737     -63.8023     -58.4131     -57.4299     -63.9564
   5     80     -65.0476     -63.1863     -58.2999     -54.1059     -57.0721
                -54.9160     -61.0812     -71.5755     -65.6781     -66.8655
                -65.5785     -76.0098     -60.1725     -63.7850     -67.9033
                -72.1432     -80.2300     -70.3505     -62.3645     -51.8918
                -49.2345     -53.0178     -40.5064     -54.2493     -47.3673
                -55.1009     -51.0108     -64.3142     -66.3721     -54.5745
                -50.6656     -54.4657     -50.2869     -49.3063     -66.9806
                -58.7612     -55.3398     -50.3939     -60.7736     -57.7972
                -61.3209     -53.1363     -62.6334     -50.8574     -56.8668
                -64.9019     -64.6290     -59.2367     -58.2530     -64.7854
   5    100     -66.2749     -64.4128     -59.5289     -55.3339     -58.2914
                -56.1384     -62.3062     -72.7986     -66.8920     -68.0854
                -66.8027     -77.2342     -61.4047     -65.0112     -69.1239
                -73.3618     -81.4506     -71.5647     -63.5798     -53.1088
                -50.4524     -54.2340     -41.7244     -55.4629     -48.5892
                -56.3246     -52.2382     -65.5408     -67.5941     -55.8027
                -51.8973     -55.6915     -51.5044     -50.5279     -68.1958
                -59.9806     -56.5579     -51.6132     -61.9949     -59.0146
                -62.5361     -54.3516     -63.8438     -52.0713     -58.0814
                -66.1198     -65.8493     -60.4513     -59.4712     -66.0094
 
 group  inft   Estimated free energy: 2-th solvent contribution (kcal/mol)
   1      0     -53.4513     -56.7316     -62.0668     -67.1851     -62.1319
                -64.1219     -58.8550     -46.2135     -52.2101     -51.8188
                -53.3667     -42.4674     -60.0112     -55.4523     -49.5424
                -45.4477     -37.4190     -46.6393     -56.1635     -66.2853
                -70.7907     -66.3431     -79.8610     -63.0576     -72.6674
                -66.1039     -71.3084     -55.2527     -52.2749     -66.3299
                -70.9762     -64.8755     -71.0318     -72.3486     -52.6865
                -59.7496     -63.3791     -70.9947     -58.9152     -60.2071
                -57.6575     -65.7489     -55.6074     -68.5993     -62.3883
                -54.6274     -54.9554     -56.6202     -60.7202     -55.3058
   1     60     -55.0130     -58.2984     -63.6247     -68.7422     -63.6884
                -65.6764     -60.4114     -47.7808     -53.7670     -53.3804
                -54.9254     -44.0378     -61.5732     -57.0176     -51.1049
                -47.0114     -38.9912     -48.2027     -57.7142     -67.8324
                -72.3361     -67.8876     -81.4010     -64.6165     -74.2149
                -67.6561     -72.8529     -56.8164     -53.8394     -67.8848
                -72.5292     -66.4340     -72.5705     -73.8916     -54.2376
                -61.2933     -64.9298     -72.5360     -60.4696     -61.7686
                -59.2032     -67.2888     -57.1510     -70.1450     -63.9376
                -56.1883     -56.5222     -58.1876     -62.2732     -56.8588
   1     80     -59.0787     -62.3655     -67.6790     -72.7956     -67.7470
                -69.7191     -64.4612     -51.8606     -57.8220     -57.4434
                -58.9740     -48.1125     -65.6356     -61.0807     -55.1613
                -51.0661     -43.0729     -52.2769     -61.7598     -71.8748
                -76.3633     -71.9250     -85.4257     -68.6744     -78.2662
                -71.6991     -76.8847     -60.8784     -57.8975     -71.9290
                -76.5766     -70.4999     -76.5914     -77.9212     -58.2746
                -65.3299     -68.9661     -76.5650     -64.5247     -65.8178
                -63.2394     -71.3363     -61.2088     -74.1858     -67.9873
                -60.2602     -60.6019     -62.2508     -66.3215     -60.9087
   1    100     -65.8829     -69.1650     -74.4810     -79.5831     -74.5085
                -76.4875     -71.2294     -58.6636     -64.5421     -64.2100
                -65.7400     -54.9098     -72.4350     -67.8542     -61.9199
                -57.8057     -49.8344     -59.0179     -68.4828     -78.6114
                -83.1132     -78.6755     -92.1595     -75.4305     -85.0128
                -78.4620     -83.6650     -67.6900     -64.6800     -78.7277
                -83.3810     -77.2614     -83.3330     -84.6972     -65.0425
                -72.0675     -75.7084     -83.2898     -71.3071     -72.5536
                -69.9836     -78.0658     -67.9358     -80.9150     -74.7471
                -67.0289     -67.3993     -69.0288     -73.1021     -67.6828
   2      0     -53.4992     -56.7698     -62.0698     -67.2132     -62.1875
                -64.1710     -58.9366     -46.2261     -52.1993     -51.7978
                -53.4365     -42.4897     -60.0873     -55.5052     -49.6486
                -45.5183     -37.4525     -46.6672     -56.2156     -66.3438
                -70.8601     -66.3612     -79.9358     -63.1562     -72.7066
                -66.1691     -71.3403     -55.2926     -52.3511     -66.3494
                -70.9678     -64.9345     -71.0532     -72.4304     -52.7228
                -59.7595     -63.4082     -71.0437     -58.9603     -60.2473
                -57.6958     -65.8323     -55.6370     -68.6742     -62.4298
                -54.7028     -54.9720     -56.6115     -60.7347     -55.3662
   3      0     -53.5047     -56.7844     -62.1015     -67.2358     -62.1903
                -64.1775     -58.9333     -46.2529     -52.2481     -51.8175
                -53.4434     -42.4928     -60.0748     -55.4987     -49.6517
                -45.5340     -37.4684     -46.6772     -56.1991     -66.3496
                -70.8714     -66.3862     -79.9632     -63.1728     -72.7225
                -66.1664     -71.3373     -55.2830     -52.3244     -66.3917
                -71.0044     -64.9355     -71.0689     -72.4037     -52.7456
                -59.7666     -63.4258     -71.0584     -58.9783     -60.2695
                -57.6851     -65.8165     -55.6609     -68.6758     -62.4296
                -54.6896     -54.9885     -56.6616     -60.7678     -55.3573
   4      0     -53.4475     -56.7222     -61.9988     -67.1820     -62.1462
                -64.0911     -58.8526     -46.1578     -52.1278     -51.7251
                -53.3781     -42.4632     -60.0723     -55.4619     -49.5610
                -45.4424     -37.3678     -46.5724     -56.1723     -66.2801
                -70.8210     -66.3438     -79.8510     -63.0731     -72.6030
                -66.1492     -71.2833     -55.2514     -52.2939     -66.3108
                -70.9673     -64.8463     -70.9635     -72.3682     -52.6312
                -59.6989     -63.3579     -70.9863     -58.9188     -60.2259
                -57.6004     -65.7130     -55.5822     -68.6214     -62.3901
                -54.5847     -54.9159     -56.5711     -60.6754     -55.3011
   5      0     -53.5073     -56.7928     -62.1240     -67.2083     -62.2000
                -64.1533     -58.9140     -46.2637     -52.2414     -51.8132
                -53.4483     -42.4823     -60.1174     -55.5242     -49.6401
                -45.5021     -37.4353     -46.6651     -56.2666     -66.2936
                -70.8616     -66.3735     -79.9333     -63.0885     -72.6539
                -66.2099     -71.3564     -55.3193     -52.3447     -66.3755
                -71.0301     -64.9239     -71.0732     -72.4510     -52.7097
                -59.7697     -63.4107     -71.0536     -58.9465     -60.2770
                -57.6789     -65.7405     -55.6032     -68.6957     -62.4291
                -54.6590     -54.9650     -56.6401     -60.7658     -55.3555
   5     60     -55.4000     -58.6850     -64.0075     -69.0903     -64.0900
                -66.0365     -60.7942     -48.1654     -54.1323     -53.7036
                -55.3372     -44.3834     -62.0092     -57.4177     -51.5347
                -47.3998     -39.3476     -48.5674     -58.1559     -68.1780
                -72.7324     -68.2464     -81.8033     -64.9802     -74.5330
                -68.0888     -73.2272     -57.2112     -54.2348     -68.2563
                -72.9080     -66.8177     -72.9426     -74.3215     -54.5933
                -61.6479     -65.2877     -72.9217     -60.8346     -62.1650
                -59.5560     -67.6236     -57.4906     -70.5718     -64.3074
                -56.5554     -56.8628     -58.5356     -62.6463     -57.2412
   5     80     -59.8570     -63.1418     -68.4524     -73.5346     -68.5366
                -70.4710     -65.2302     -52.6350     -58.5663     -58.1494
                -59.7765     -48.8489     -66.4655     -61.8714     -55.9782
                -51.8464     -43.8131     -53.0345     -62.5909     -72.6128
                -77.1545     -72.6760     -86.2230     -69.4325     -78.9722
                -72.5215     -77.6471     -61.6663     -58.6835     -72.6963
                -77.3499     -71.2857     -77.3596     -78.7449     -59.0275
                -66.0756     -69.7129     -77.3412     -65.2836     -66.6007
                -63.9831     -72.0541     -61.9379     -75.0037     -68.7456
                -61.0270     -61.3292     -62.9835     -67.0812     -61.6837
   5    100     -65.9681     -69.2442     -74.5508     -79.6188     -74.6114
                -76.5512     -71.3115     -58.7459     -64.6109     -64.2225
                -65.8559     -54.9510     -72.5676     -67.9566     -62.0584
                -57.9065     -49.9030     -59.0948     -68.6392     -78.6621
                -83.2169     -78.7370     -92.2643     -75.5077     -85.0354
                -78.5999     -83.7347     -67.7765     -64.7717     -78.7897
                -83.4516     -77.3579     -83.4108     -84.8283     -65.0852
                -72.1292     -75.7580     -83.3837     -71.3630     -72.6444
                -70.0407     -78.1059     -67.9865     -81.0538     -74.8199
                -67.1135     -67.4312     -69.0680     -73.1693     -67.7692
 
 
 cumulative average & 95% error for solvation free energy
              total             1st component         2nd component
  1  -117.3645              -63.8555              -53.5047
  2  -118.0789     1.4288   -62.9300     1.8509   -55.1445     3.2797
  3  -118.4485     1.1077   -60.9807     4.0425   -57.4635     5.0096
  4  -118.8753     1.1585   -58.9644     4.9429   -59.9066     6.0351
  5  -118.7152     0.9528   -58.3475     4.0226   -60.3633     4.7632
  6  -118.5811     0.8229   -57.5778     3.6274   -60.9990     4.0917
  7  -118.6186     0.6995   -57.9103     3.1370   -60.7039     3.5081
  8  -118.3686     0.7855   -59.4667     4.1316   -58.8975     4.7204
  9  -118.1875     0.7817   -60.0245     3.8106   -58.1587     4.4175
 10  -118.1178     0.7129   -60.5889     3.5904   -57.5246     4.1497
 11  -118.0945     0.6465   -60.9367     3.3213   -57.1536     3.8261
 12  -118.0278     0.6051   -62.0917     3.8117   -55.9318     4.2626
 13  -118.1064     0.5783   -61.8515     3.5390   -56.2505     3.9725
 14  -118.1042     0.5355   -61.9031     3.2781   -56.1968     3.6794
 15  -117.9892     0.5490   -62.2244     3.1186   -55.7605     3.5348
 16  -117.8959     0.5464   -62.7703     3.1148   -55.1213     3.5450
 17  -117.8138     0.5389   -63.7266     3.4956   -54.0829     3.9245
 18  -117.7051     0.5526   -64.0293     3.3508   -53.6715     3.7904
 19  -117.6882     0.5238   -63.8793     3.1837   -53.8045     3.5952
 20  -117.6570     0.5008   -63.2210     3.2949   -54.4318     3.6341
 21  -117.7172     0.4913   -62.4982     3.4513   -55.2146     3.7948
 22  -117.7395     0.4706   -62.0128     3.4309   -55.7224     3.7580
 23  -117.8068     0.4693   -61.0261     3.8265   -56.7764     4.1639
 24  -117.7415     0.4679   -60.6943     3.7232   -57.0429     4.0221
 25  -117.7879     0.4583   -60.1135     3.7554   -57.6701     4.0567
 26  -117.8763     0.4745   -59.8752     3.6394   -57.9969     3.9519
 27  -117.9982     0.5176   -59.5030     3.5802   -58.4909     3.9290
 28  -118.0130     0.4997   -59.6323     3.4597   -58.3764     3.7931
 29  -117.9969     0.4832   -59.8249     3.3604   -58.1677     3.6836
 30  -118.0572     0.4821   -59.6111     3.2745   -58.4418     3.6007
 31  -118.1360     0.4922   -59.2846     3.2337   -58.8471     3.5757
 32  -118.1388     0.4766   -59.0971     3.1534   -59.0373     3.4830
 33  -118.2006     0.4783   -58.7944     3.1157   -59.4019     3.4537
 34  -118.2698     0.4842   -58.4812     3.0870   -59.7843     3.4367
 35  -118.2777     0.4704   -58.6902     3.0265   -59.5832     3.3612
 36  -118.2517     0.4601   -58.6591     2.9419   -59.5883     3.2666
 37  -118.2336     0.4489   -58.5373     2.8716   -59.6920     3.1838
 38  -118.2871     0.4498   -58.2916     2.8379   -59.9911     3.1561
 39  -118.2943     0.4384   -58.3248     2.7649   -59.9652     3.0746
 40  -118.2597     0.4328   -58.2826     2.6962   -59.9728     2.9967
 41  -118.2492     0.4227   -58.3279     2.6312   -59.9170     2.9249
 42  -118.2372     0.4132   -58.1755     2.5858   -60.0574     2.8682
 43  -118.2113     0.4068   -58.2518     2.5296   -59.9552     2.8081
 44  -118.2143     0.3975   -58.0566     2.5021   -60.1534     2.7721
 45  -118.2124     0.3885   -58.0041     2.4481   -60.2040     2.7116
 46  -118.2164     0.3801   -58.1280     2.4071   -60.0841     2.6629
 47  -118.2206     0.3720   -58.2406     2.3661   -59.9757     2.6146
 48  -118.1471     0.3927   -58.2362     2.3163   -59.9066     2.5633
 49  -118.1411     0.3848   -58.2126     2.2690   -59.9242     2.5107
 50  -118.1576     0.3784   -58.3204     2.2336   -59.8329     2.4667
 
 Mesh error is    0.094 kcal/mol
