 ERmod 0.3.8, Copyright (C) 2000-2019 Nobuyuki Matubayasi
                            2010-2019 Shun Sakuraba
 ERmod comes with ABSOLUTELY NO WARRANTY.
 This is free software, and you can redistribute it
 and/or modify it under certain conditions.
 See LICENSE file for details.
 ERmod 0.3.8, Copyright (C) 2000-2019 Nobuyuki Matubayasi
                            2010-2019 Shun Sakuraba
 ERmod comes with ABSOLUTELY NO WARRANTY.
 This is free software, and you can redistribute it
 and/or modify it under certain conditions.
 See LICENSE file for details.
 
  Number of the   1-th solvent  =         1472
  Number of the   2-th solvent  =        10000
 
  Be sure that the solvent distribution is homogeneous (radial distribution function is essentially unity) when the solvent molecule is separated beyond distance of   10.0 Angstrom in any direction from any atom within the solute molecule
 
  LJ long-range correction    =        -3.5283     -5.7260
 
  Self-energy of the solute   =        -0.0145  kcal/mol
 
 
 cumulative average & 95% error for solvation energy
              total             1st component         2nd component
  1  -480.2476             -182.2335             -297.9996
  2  -479.7844     0.9264  -179.7186     5.0299  -300.0513     4.1034
  3  -481.9843     4.4323  -173.1990    13.3586  -308.7708    17.5992
  4  -483.0729     3.8161  -172.9386     9.4603  -310.1198    12.7337
  5  -483.5552     3.1094  -171.8413     7.6495  -311.6995    10.3571
  6  -484.1501     2.8037  -172.6007     6.4278  -311.5349     8.4629
  7  -484.2100     2.3726  -175.2653     7.6101  -308.9302     8.8485
  8  -484.4585     2.1140  -174.5859     6.7292  -309.8582     7.8846
  9  -484.7423     1.9488  -175.0550     6.0083  -309.6728     6.9634
 10  -484.7362     1.7431  -175.0560     5.3740  -309.6657     6.2283
 11  -484.4365     1.6868  -177.4507     6.8239  -306.9714     7.7959
 12  -484.7889     1.6935  -177.6512     6.2423  -307.1232     7.1231
 13  -484.7452     1.5602  -177.6516     5.7421  -307.0791     6.5529
 14  -484.8029     1.4491  -178.9777     5.9410  -305.8107     6.5759
 15  -484.6010     1.4082  -178.7335     5.5523  -305.8530     6.1224
 16  -484.3990     1.3778  -180.1153     5.8832  -304.2692     6.5446
 17  -484.3504     1.2978  -181.7057     6.3764  -302.6303     6.9669
 18  -484.3097     1.2263  -182.0209     6.0447  -302.2743     6.6069
 19  -484.2779     1.1617  -183.3295     6.2882  -300.9339     6.8002
 20  -484.1199     1.1465  -183.1356     5.9781  -300.9698     6.4517
 21  -484.3084     1.1538  -183.2383     5.6900  -301.0556     6.1392
 22  -484.4139     1.1202  -182.8833     5.4715  -301.5161     5.9255
 23  -484.3311     1.0831  -182.6773     5.2444  -301.6393     5.6673
 24  -484.4050     1.0475  -182.5877     5.0243  -301.8029     5.4359
 25  -484.4335     1.0063  -182.0453     4.9397  -302.3737     5.3375
 26  -484.4910     0.9737  -180.9489     5.2281  -303.5277     5.6235
 27  -484.4429     0.9418  -180.8179     5.0375  -303.6105     5.4137
 28  -484.4328     0.9078  -179.0578     5.9964  -305.3606     6.2822
 29  -484.4802     0.8810  -178.3208     5.9707  -306.1449     6.2614
 30  -484.4295     0.8572  -177.6257     5.9334  -306.7893     6.1848
 31  -484.3994     0.8313  -177.1287     5.8243  -307.2562     6.0544
 32  -484.4956     0.8276  -177.1663     5.6399  -307.3149     5.8634
 33  -484.5848     0.8217  -177.5012     5.5072  -307.0691     5.7041
 34  -484.6104     0.7988  -177.7614     5.3680  -306.8345     5.5537
 35  -484.6072     0.7757  -177.0972     5.3790  -307.4956     5.5523
 36  -484.5017     0.7828  -176.5426     5.3438  -307.9447     5.4702
 37  -484.6069     0.7898  -176.1327     5.2617  -308.4597     5.4191
 38  -484.6665     0.7780  -175.4775     5.2863  -309.1746     5.4649
 39  -484.6734     0.7579  -174.8724     5.2893  -309.7865     5.4618
 40  -484.6195     0.7465  -174.2781     5.2906  -310.3269     5.4321
 41  -484.5664     0.7358  -173.9402     5.2040  -310.6117     5.3285
 42  -484.6392     0.7327  -173.8048     5.0858  -310.8199     5.2167
 43  -484.5288     0.7487  -174.5471     5.1833  -309.9672     5.3719
 44  -484.5037     0.7332  -175.3822     5.3325  -309.1070     5.5232
 45  -484.4596     0.7221  -175.8164     5.2844  -308.6288     5.4831
 46  -484.4109     0.7129  -176.7265     5.4795  -307.6699     5.6952
 47  -484.3510     0.7078  -177.1107     5.4164  -307.2259     5.6430
 48  -484.2400     0.7276  -177.2868     5.3140  -306.9387     5.5539
 49  -484.1714     0.7257  -177.5280     5.2268  -306.6289     5.4746
 50  -484.0906     0.7292  -177.8867     5.1712  -306.1894     5.4355
 
 
 group  inft  solvation free energy     error          difference
  total solvation free energy
   1      0       -120.73001           0.38606           0.10437
   1     60       -122.62873           0.38470          -1.79436
   1     80       -127.48299           0.38215          -6.64861
   1    100       -135.76141           0.38491         -14.92703
   2      0       -120.73741           0.38973           0.09696
   3      0       -120.83437           0.39028           0.00000
   4      0       -120.80798           0.39073           0.02640
   5      0       -120.89560           0.39137          -0.06122
   5     60       -123.19715           0.38973          -2.36278
   5     80       -128.54664           0.38779          -7.71227
   5    100       -135.97421           0.38983         -15.13984
 
  contribution from  1-th solvent component
   1      0        -63.47044           2.09353           0.03260
   1     60        -63.76822           2.09395          -0.26517
   1     80        -64.53852           2.09483          -1.03547
   1    100        -65.93920           2.09509          -2.43616
   2      0        -63.47692           2.09265           0.02612
   3      0        -63.50305           2.09258           0.00000
   4      0        -63.50353           2.09153          -0.00049
   5      0        -63.52129           2.09192          -0.01824
   5     60        -63.88301           2.09246          -0.37997
   5     80        -64.73780           2.09329          -1.23475
   5    100        -66.00107           2.09354          -2.49802
 
  contribution from  2-th solvent component
   1      0        -57.24509           2.30773           0.07177
   1     60        -58.84604           2.30585          -1.52918
   1     80        -62.93000           2.30212          -5.61315
   1    100        -69.80774           2.30252         -12.49088
   2      0        -57.24602           2.31032           0.07084
   3      0        -57.31686           2.31150           0.00000
   4      0        -57.28998           2.30964           0.02688
   5      0        -57.35984           2.30835          -0.04298
   5     60        -59.29967           2.30592          -1.98281
   5     80        -63.79438           2.30276          -6.47752
   5    100        -69.95868           2.30300         -12.64182
 
 
 group  inft   Estimated free energy: total (kcal/mol)
   1      0    -118.4910    -117.7960    -122.3167    -122.0521    -122.2800
               -122.9708    -121.0913    -121.7282    -122.0496    -121.1508
               -119.3432    -122.6933    -120.6743    -120.7456    -119.3312
               -119.0420    -119.4201    -120.3386    -120.4397    -119.3627
               -121.5473    -121.5511    -120.2486    -121.4099    -121.5524
               -122.3256    -120.2342    -121.0268    -121.9022    -120.7894
               -120.1647    -121.9338    -121.3764    -120.9541    -121.4862
               -120.1061    -123.2136    -122.6258    -121.9490    -120.8836
               -120.4293    -122.5911    -119.0576    -119.9598    -119.7922
               -119.2295    -118.9596    -117.9946    -119.0280    -118.8607
   1     60    -120.3965    -119.7153    -124.2100    -123.9393    -124.1727
               -124.8677    -122.9968    -123.6378    -123.9454    -123.0509
               -121.2495    -124.5925    -122.5642    -122.6606    -121.2308
               -120.9503    -121.3209    -122.2459    -122.3516    -121.2624
               -123.4508    -123.4533    -122.1563    -123.3161    -123.4491
               -124.2117    -122.1312    -122.9154    -123.7852    -122.6739
               -122.0483    -123.8311    -123.2880    -122.8714    -123.3730
               -121.9832    -125.1011    -124.5113    -123.8346    -122.7644
               -122.3091    -124.4856    -120.9536    -121.8705    -121.6933
               -121.1477    -120.8605    -119.9034    -120.9247    -120.7774
   1     80    -125.2581    -124.5909    -129.0495    -128.7772    -129.0292
               -129.7257    -127.8580    -128.5053    -128.7964    -127.8977
               -126.1219    -129.4509    -127.4003    -127.5273    -126.0884
               -125.8059    -126.1705    -127.1184    -127.2258    -126.1222
               -128.3123    -128.3161    -127.0175    -128.1707    -128.2947
               -129.0328    -126.9807    -127.7342    -128.6123    -127.4984
               -126.8623    -128.6928    -128.1665    -127.7549    -128.2045
               -126.8149    -129.9378    -129.3488    -128.6550    -127.5892
               -127.1395    -129.3331    -125.8200    -126.7616    -126.5664
               -126.0300    -125.7194    -124.7803    -125.8036    -125.6797
   1    100    -133.4879    -132.8365    -137.3151    -137.0451    -137.3038
               -138.0199    -136.1216    -136.7899    -137.0234    -136.1943
               -134.4273    -137.7407    -135.6421    -135.8246    -134.3722
               -134.1305    -134.4022    -135.4499    -135.5670    -134.3569
               -136.5744    -136.6001    -135.2888    -136.4217    -136.6393
               -137.3581    -135.2441    -136.0014    -136.8993    -135.8004
               -135.0900    -136.9896    -136.4789    -136.0572    -136.4600
               -135.0727    -138.2243    -137.6248    -136.9841    -135.8772
               -135.4152    -137.6386    -134.0722    -135.0273    -134.8233
               -134.3500    -133.9700    -133.0591    -134.0648    -133.9127
   2      0    -118.5064    -117.7540    -122.3283    -122.0066    -122.2898
               -122.9121    -121.0926    -121.7604    -122.0152    -121.1561
               -119.3804    -122.7368    -120.6567    -120.7866    -119.3510
               -119.0834    -119.4150    -120.3441    -120.4304    -119.3229
               -121.5171    -121.5466    -120.2305    -121.3744    -121.6305
               -122.3265    -120.1918    -121.0631    -121.9140    -120.7965
               -120.1788    -121.9661    -121.4462    -120.9474    -121.5019
               -120.1678    -123.3177    -122.6594    -121.9893    -120.9480
               -120.4341    -122.6803    -119.0599    -119.8641    -119.7934
               -119.3124    -118.9144    -117.9763    -118.9850    -118.8079
   3      0    -118.5879    -117.8841    -122.5026    -122.1866    -122.3936
               -123.0151    -121.1541    -121.8033    -122.1260    -121.2453
               -119.4519    -122.7756    -120.8008    -120.9081    -119.4463
               -119.1250    -119.4976    -120.4238    -120.5286    -119.4430
               -121.7080    -121.6505    -120.2874    -121.4615    -121.6716
               -122.4218    -120.3566    -121.2038    -121.9681    -120.8554
               -120.2274    -122.0791    -121.5253    -121.0560    -121.6341
               -120.2187    -123.3567    -122.7775    -122.0956    -121.0199
               -120.5714    -122.7939    -119.1823    -119.9547    -119.8903
               -119.3464    -118.9777    -118.0774    -119.1103    -118.9398
   4      0    -118.5372    -117.8463    -122.4815    -122.1208    -122.3840
               -123.0204    -121.2109    -121.8551    -122.1149    -121.2035
               -119.3911    -122.7755    -120.7331    -120.8190    -119.4087
               -119.1154    -119.4117    -120.3815    -120.4508    -119.4731
               -121.6511    -121.6319    -120.2620    -121.4692    -121.6270
               -122.4002    -120.2635    -121.0914    -121.9587    -120.8776
               -120.2684    -122.0627    -121.4771    -121.0150    -121.6150
               -120.2366    -123.3994    -122.6858    -121.9675    -120.9892
               -120.5557    -122.7539    -119.1124    -120.0172    -119.9002
               -119.3807    -118.9466    -118.0618    -119.0880    -118.8988
   5      0    -118.6684    -117.9407    -122.5540    -122.2337    -122.4630
               -123.1259    -121.2322    -121.8599    -122.2264    -121.3108
               -119.4444    -122.8659    -120.8822    -120.9369    -119.4690
               -119.1518    -119.6806    -120.5096    -120.5280    -119.5344
               -121.8181    -121.7062    -120.3593    -121.5536    -121.6177
               -122.5271    -120.3908    -121.2287    -121.9957    -120.8983
               -120.2654    -122.1822    -121.6085    -121.1193    -121.7064
               -120.2782    -123.4779    -122.7952    -122.0996    -121.0946
               -120.6011    -122.8044    -119.2652    -120.0872    -119.9876
               -119.4426    -118.9974    -118.0658    -119.1424    -119.0454
   5     60    -120.9782    -120.2577    -124.8392    -124.5229    -124.7521
               -125.4229    -123.5446    -124.1710    -124.5312    -123.6131
               -121.7559    -125.1741    -123.1746    -123.2555    -121.7734
               -121.4628    -121.9859    -122.8205    -122.8413    -121.8374
               -124.1279    -124.0108    -122.6658    -123.8612    -123.9167
               -124.8115    -122.6891    -123.5132    -124.2848    -123.1821
               -122.5536    -124.4835    -123.9303    -123.4397    -123.9933
               -122.5566    -125.7699    -125.0793    -124.3817    -123.3715
               -122.8882    -125.0970    -121.5682    -122.4109    -122.2972
               -121.7659    -121.3023    -120.3789    -121.4484    -121.3637
   5     80    -126.3345    -125.6176    -130.1930    -129.8594    -130.0833
               -130.7678    -128.8985    -129.5187    -129.8783    -128.9581
               -127.1118    -130.5318    -128.5090    -128.6214    -127.1269
               -126.8014    -127.3386    -128.1900    -128.2061    -127.1942
               -129.4984    -129.3654    -128.0220    -129.2068    -129.2600
               -130.1311    -128.0327    -128.8216    -129.6134    -128.4981
               -127.8768    -129.8332    -129.3084    -128.8077    -129.3266
               -127.8866    -131.1243    -130.4071    -129.7081    -128.6923
               -128.2174    -130.4417    -126.9295    -127.7981    -127.6675
               -127.1316    -126.6502    -125.7463    -126.8427    -126.7460
   5    100    -133.7312    -133.0216    -137.6134    -137.2710    -137.5218
               -138.2091    -136.3325    -136.9552    -137.2836    -136.4023
               -134.5705    -137.9662    -135.9033    -136.0465    -134.5519
               -134.2830    -134.7246    -135.6512    -135.6697    -134.5909
               -136.9062    -136.7835    -135.4473    -136.6259    -136.7400
               -137.5969    -135.4608    -136.2381    -137.0479    -135.9379
               -135.2716    -137.2650    -136.7542    -136.2553    -136.7290
               -135.2881    -138.5590    -137.8206    -137.1761    -136.1290
               -135.6503    -137.9028    -134.3439    -135.2125    -135.0654
               -134.6025    -134.0599    -133.1688    -134.2283    -134.1441
 
 group  inft   Estimated free energy: 1-th solvent contribution (kcal/mol)
   1      0     -64.1899     -61.8064     -56.7401     -61.4104     -59.5383
                -63.2816     -68.8527     -59.7486     -63.7889     -62.6509
                -73.2265     -64.5116     -63.4472     -70.9958     -61.8079
                -73.1394     -75.2429     -67.4620     -75.8670     -64.0595
                -66.3943     -62.4002     -63.2660     -64.1558     -60.5977
                -54.2042     -63.0435     -43.7422     -55.3929     -55.0598
                -56.6397     -63.9396     -67.6917     -66.4826     -53.8417
                -55.3337     -57.1982     -52.8427     -53.6615     -53.0787
                -56.7215     -60.0934     -75.2060     -76.9103     -70.0409
                -79.7669     -70.0507     -66.2945     -67.6761     -70.0280
   1     60     -64.4874     -62.1065     -57.0372     -61.7057     -59.8369
                -63.5818     -69.1517     -60.0473     -64.0848     -62.9487
                -73.5253     -64.8097     -63.7433     -71.2962     -62.1060
                -73.4392     -75.5414     -67.7616     -76.1677     -64.3568
                -66.6931     -62.6983     -63.5645     -64.4544     -60.8946
                -54.5000     -63.3419     -44.0374     -55.6872     -55.3560
                -56.9358     -64.2374     -67.9908     -66.7843     -54.1376
                -55.6264     -57.4948     -53.1379     -53.9578     -53.3733
                -57.0152     -60.3888     -75.5015     -77.2114     -70.3393
                -80.0684     -70.3499     -66.5949     -67.9746     -70.3283
   1     80     -65.2560     -62.8781     -57.8063     -62.4724     -60.6108
                -64.3581     -69.9234     -60.8182     -64.8512     -63.7174
                -74.2980     -65.5815     -64.5103     -72.0695     -62.8775
                -74.2113     -76.3125     -68.5350     -76.9430     -65.1266
                -67.4661     -63.4695     -64.3342     -65.2242     -61.6626
                -55.2650     -64.1133     -44.8003     -56.4506     -56.1228
                -57.7016     -65.0092     -68.7637     -67.5619     -54.9045
                -56.3884     -58.2640     -53.9045     -54.7239     -54.1380
                -57.7790     -61.1541     -76.2691     -77.9901     -71.1125
                -80.8450     -71.1229     -67.3713     -68.7513     -71.1050
   1    100     -66.6437     -64.2707     -59.2090     -63.8736     -62.0143
                -65.7657     -71.3225     -62.2207     -66.2406     -65.1204
                -75.6995     -66.9862     -65.9050     -73.4775     -64.2797
                -75.6210     -77.7059     -69.9399     -78.3532     -66.5234
                -68.8704     -64.8700     -65.7299     -66.6202     -63.0725
                -56.6734     -65.5106     -46.1967     -57.8479     -57.5253
                -59.0962     -66.4115     -70.1697     -68.9702     -56.3042
                -57.7795     -59.6679     -55.3037     -56.1299     -55.5362
                -59.1763     -62.5535     -77.6595     -79.3939     -72.5098
                -82.2532     -72.5211     -68.7776     -70.1570     -72.4995
   2      0     -64.2043     -61.8264     -56.7358     -61.3898     -59.5260
                -63.2522     -68.8774     -59.7720     -63.8072     -62.6896
                -73.2674     -64.4870     -63.4256     -70.9937     -61.8158
                -73.1680     -75.2399     -67.4947     -75.8752     -64.0550
                -66.3855     -62.4181     -63.2964     -64.1636     -60.6394
                -54.2178     -63.0186     -43.7793     -55.4100     -55.0569
                -56.6679     -63.9182     -67.7327     -66.4694     -53.8457
                -55.3315     -57.2098     -52.8393     -53.6911     -53.1019
                -56.7184     -60.1362     -75.2137     -76.8763     -70.0420
                -79.8033     -70.0283     -66.2867     -67.6128     -70.0325
   3      0     -64.2206     -61.8472     -56.7747     -61.4386     -59.5393
                -63.2794     -68.9105     -59.8037     -63.8397     -62.7295
                -73.2892     -64.5245     -63.4712     -71.0332     -61.8466
                -73.1867     -75.2521     -67.4956     -75.8939     -64.0905
                -66.4168     -62.4509     -63.3162     -64.1891     -60.6725
                -54.2735     -63.0648     -43.8130     -55.4209     -55.0944
                -56.6454     -63.9340     -67.7513     -66.5134     -53.8656
                -55.3424     -57.2219     -52.8614     -53.7098     -53.1113
                -56.7458     -60.1709     -75.2376     -76.8882     -70.0741
                -79.8330     -70.0608     -66.3142     -67.6383     -70.0539
   4      0     -64.2248     -61.8888     -56.7554     -61.4195     -59.5512
                -63.2752     -68.9442     -59.8009     -63.8258     -62.7193
                -73.2904     -64.5287     -63.4711     -71.0406     -61.8419
                -73.2059     -75.2379     -67.4947     -75.9063     -64.0760
                -66.4159     -62.4430     -63.3265     -64.1917     -60.6441
                -54.2599     -63.0425     -43.8203     -55.4416     -55.1171
                -56.6796     -63.9423     -67.7470     -66.5037     -53.8669
                -55.3462     -57.2223     -52.8709     -53.7164     -53.1399
                -56.7762     -60.1747     -75.2164     -76.8879     -70.0500
                -79.8448     -70.0374     -66.2937     -67.6024     -70.0566
   5      0     -64.2565     -61.8833     -56.7869     -61.4547     -59.5641
                -63.2928     -68.9395     -59.8270     -63.8316     -62.7311
                -73.3025     -64.5399     -63.4993     -71.0464     -61.8625
                -73.1924     -75.2850     -67.5185     -75.9160     -64.1012
                -66.4304     -62.4546     -63.3324     -64.2082     -60.6545
                -54.2951     -63.0574     -43.8231     -55.4716     -55.1153
                -56.6791     -63.9717     -67.7585     -66.5250     -53.9051
                -55.3609     -57.2463     -52.8965     -53.7148     -53.1556
                -56.7869     -60.1803     -75.2661     -76.9292     -70.0926
                -79.8406     -70.0710     -66.3186     -67.6393     -70.0524
   5     60     -64.6181     -62.2469     -57.1467     -61.8139     -59.9254
                -63.6567     -69.3033     -60.1896     -64.1923     -63.0931
                -73.6655     -64.9026     -63.8589     -71.4107     -62.2249
                -73.5556     -75.6476     -67.8824     -76.2804     -64.4626
                -66.7939     -62.8167     -63.6946     -64.5707     -61.0151
                -54.6538     -63.4194     -44.1812     -55.8302     -55.4746
                -57.0397     -64.3331     -68.1228     -66.8910     -54.2645
                -55.7171     -57.6070     -53.2549     -54.0738     -53.5129
                -57.1447     -60.5387     -75.6261     -77.2957     -70.4563
                -80.2066     -70.4346     -66.6837     -68.0032     -70.4166
   5     80     -65.4706     -63.1019     -58.0031     -62.6655     -60.7797
                -64.5159     -70.1600     -61.0436     -65.0437     -63.9480
                -74.5210     -65.7590     -64.7100     -72.2688     -63.0815
                -74.4102     -76.5035     -68.7410     -77.1395     -65.3170
                -67.6535     -63.6724     -64.5495     -65.4251     -61.8684
                -55.5038     -64.2743     -45.0279     -56.6794     -56.3250
                -57.8921     -65.1874     -68.9818     -67.7521     -55.1167
                -56.5638     -58.4631     -54.1046     -54.9253     -54.3615
                -57.9925     -61.3885     -76.4780     -78.1590     -71.3157
                -81.0662     -71.2916     -67.5443     -68.8672     -71.2758
   5    100     -66.7241     -64.3598     -59.2693     -63.9283     -62.0457
                -65.7843     -71.4268     -62.3101     -66.3011     -65.2150
                -75.7858     -67.0249     -65.9658     -73.5345     -64.3459
                -75.6826     -77.7586     -70.0065     -78.4077     -66.5788
                -68.9183     -64.9338     -65.8105     -66.6870     -63.1396
                -56.7726     -65.5352     -46.2881     -57.9404     -57.5872
                -59.1520     -66.4479     -70.2491     -69.0224     -56.3778
                -57.8185     -59.7287     -55.3649     -56.1910     -55.6219
                -59.2532     -62.6516     -77.7347     -79.4237     -72.5770
                -82.3366     -72.5538     -68.8130     -70.1313     -72.5359
 
 group  inft   Estimated free energy: 2-th solvent contribution (kcal/mol)
   1      0     -54.2867     -55.9752     -65.5621     -60.6273     -62.7273
                -59.6747     -52.2241     -61.9651     -58.2463     -58.4854
                -46.1022     -58.1672     -57.2126     -49.7353     -57.5088
                -45.8881     -44.1627     -52.8621     -44.5582     -55.2888
                -55.1385     -59.1364     -56.9682     -57.2397     -60.9402
                -68.1069     -57.1763     -77.2701     -66.4948     -65.7151
                -63.5106     -57.9797     -53.6703     -54.4570     -67.6301
                -64.7579     -66.0010     -69.7687     -68.2730     -67.7904
                -63.6933     -62.4833     -43.8372     -43.0351     -49.7368
                -39.4482     -48.8944     -51.6857     -51.3375     -48.8182
   1     60     -55.8946     -57.5943     -67.1583     -62.2191     -64.3214
                -61.2715     -53.8307     -63.5760     -59.8461     -60.0877
                -47.7097     -59.7684     -58.8064     -51.3499     -59.1104
                -47.4967     -45.7650     -54.4699     -46.1695     -56.8911
                -56.7433     -60.7406     -58.5773     -58.8473     -62.5400
                -69.6972     -58.7749     -78.8635     -68.0835     -67.3035
                -65.0981     -59.5792     -55.2827     -56.0726     -69.2209
                -66.3423     -67.5919     -71.3589     -69.8623     -69.3766
                -65.2795     -64.0824     -45.4376     -44.6447     -51.3396
                -41.0649     -50.4961     -53.2940     -52.9356     -50.4346
   1     80     -59.9877     -61.6983     -71.2287     -66.2903     -68.4039
                -65.3531     -57.9202     -67.6726     -63.9307     -64.1657
                -51.8093     -63.8549     -62.8756     -55.4433     -63.1965
                -51.5802     -49.8435     -58.5690     -50.2684     -60.9811
                -60.8317     -64.8322     -62.6689     -62.9321     -66.6176
                -73.7533     -62.8530     -82.9194     -72.1472     -71.3611
                -69.1463     -63.6692     -59.3883     -60.1785     -73.2855
                -70.4120     -71.6593     -75.4298     -73.9166     -73.4367
                -69.3460     -68.1645     -49.5364     -48.7571     -55.4395
                -45.1705     -54.5820     -57.3946     -57.0378     -54.5602
   1    100     -66.8297     -68.5513     -78.0916     -73.1570     -75.2749
                -72.2398     -64.7846     -74.5547     -70.7683     -71.0595
                -58.7134     -70.7400     -69.7226     -62.3326     -70.0780
                -58.4950     -56.6818     -65.4955     -57.1994     -67.8191
                -67.6896     -71.7156     -69.5444     -69.7870     -73.5523
                -80.6702     -69.7190     -89.7902     -79.0370     -78.2606
                -75.9793     -70.5636     -66.2947     -67.0725     -80.1413
                -77.2788     -78.5420     -82.3066     -80.8397     -80.3265
                -76.2244     -75.0707     -56.3982     -55.6189     -62.2990
                -52.0823     -61.4344     -64.2671     -63.8933     -61.3987
   2      0     -54.2877     -55.9131     -65.5780     -60.6023     -62.7494
                -59.6454     -52.2008     -61.9739     -58.1936     -58.4520
                -46.0985     -58.2353     -57.2166     -49.7784     -57.5208
                -45.9009     -44.1607     -52.8349     -44.5407     -55.2535
                -55.1171     -59.1141     -56.9196     -57.1963     -60.9766
                -68.0942     -57.1588     -77.2694     -66.4896     -65.7252
                -63.4964     -58.0335     -53.6990     -54.4636     -67.6418
                -64.8219     -66.0934     -69.8057     -68.2838     -67.8316
                -63.7013     -62.5296     -43.8318     -42.9734     -49.7370
                -39.4946     -48.8716     -51.6751     -51.3577     -48.7610
   3      0     -54.3528     -56.0224     -65.7135     -60.7335     -62.8397
                -59.7212     -52.2292     -61.9852     -58.2718     -58.5013
                -46.1482     -58.2366     -57.3151     -49.8605     -57.5853
                -45.9239     -44.2310     -52.9137     -44.6202     -55.3381
                -55.2768     -59.1852     -56.9567     -57.2580     -60.9846
                -68.1338     -57.2774     -77.3763     -66.5327     -65.7465
                -63.5676     -58.1306     -53.7595     -54.5281     -67.7540
                -64.8618     -66.1203     -69.9017     -68.3714     -67.8941
                -63.8112     -62.6086     -43.9302     -43.0520     -49.8017
                -39.4990     -48.9024     -51.7487     -51.4575     -48.8714
   4      0     -54.2980     -55.9431     -65.7117     -60.6868     -62.8184
                -59.7307     -52.2523     -62.0397     -58.2747     -58.4697
                -46.0862     -58.2323     -57.2475     -49.7639     -57.5523
                -45.8950     -44.1593     -52.8723     -44.5301     -55.3826
                -55.2207     -59.1744     -56.9211     -57.2630     -60.9684
                -68.1259     -57.2065     -77.2566     -66.5027     -65.7460
                -63.5743     -58.1059     -53.7156     -54.4968     -67.7336
                -64.8759     -66.1626     -69.8004     -68.2367     -67.8348
                -63.7650     -62.5647     -43.8815     -43.1149     -49.8357
                -39.5214     -48.8947     -51.7536     -51.4711     -48.8277
   5      0     -54.3974     -56.0429     -65.7526     -60.7646     -62.8845
                -59.8187     -52.2783     -62.0183     -58.3803     -58.5652
                -46.1274     -58.3115     -57.3684     -49.8760     -57.5921
                -45.9449     -44.3812     -52.9767     -44.5975     -55.4188
                -55.3732     -59.2371     -57.0123     -57.3310     -60.9488
                -68.2175     -57.3189     -77.3911     -66.5097     -65.7686
                -63.5718     -58.1961     -53.8355     -54.5799     -67.7869
                -64.9028     -66.2171     -69.8843     -68.3703     -67.9246
                -63.7997     -62.6096     -43.9846     -43.1434     -49.8805
                -39.5875     -48.9119     -51.7327     -51.4886     -48.9785
   5     60     -56.3456     -57.9963     -67.6780     -62.6946     -64.8122
                -61.7517     -54.2268     -63.9669     -60.3245     -60.5055
                -48.0760     -60.2571     -59.3013     -51.8303     -59.5340
                -47.8927     -46.3238     -54.9237     -46.5464     -57.3603
                -57.3195     -61.1796     -58.9568     -59.2760     -62.8871
                -70.1432     -59.2552     -79.3175     -68.4401     -67.6930
                -65.4995     -60.1359     -55.7930     -56.5342     -69.7143
                -66.8250     -68.1485     -71.8099     -70.2935     -69.8442
                -65.7290     -64.5439     -45.9276     -45.1007     -51.8264
                -41.5449     -50.8532     -53.6807     -53.4308     -50.9326
   5     80     -60.8494     -62.5013     -72.1755     -67.1794     -69.2891
                -66.2374     -58.7240     -68.4606     -64.8202     -64.9956
                -52.5764     -64.7583     -63.7845     -56.3381     -64.0310
                -52.3767     -50.8206     -59.4345     -51.0520     -61.8627
                -61.8305     -65.6785     -63.4580     -63.7673     -67.3772
                -74.6128     -63.7439     -83.7792     -72.9196     -72.1586
                -69.9703     -64.6314     -60.3121     -61.0411     -74.1954
                -71.3083     -72.6467     -76.2881     -74.7684     -74.3163
                -70.2104     -69.0388     -50.4370     -49.6246     -56.3373
                -46.0510     -55.3441     -58.1876     -57.9610     -55.4558
   5    100     -66.9926     -68.6474     -78.3297     -73.3282     -75.4617
                -72.4104     -64.8912     -74.6307     -70.9680     -71.1728
                -58.7702     -70.9268     -69.9230     -62.4976     -70.1915
                -58.5860     -56.9515     -65.6302     -57.2476     -67.9976
                -67.9734     -71.8352     -69.6223     -69.9245     -73.5860
                -80.8099     -69.9112     -89.9356     -79.0930     -78.3363
                -76.1051     -70.8025     -66.4907     -67.2184     -80.3368
                -77.4551     -78.8158     -82.4413     -80.9706     -80.4926
                -76.3827     -75.2367     -56.5948     -55.7743     -62.4739
                -52.2514     -61.4916     -64.3413     -64.0826     -61.5938
 
 
 cumulative average & 95% error for solvation free energy
              total             1st component         2nd component
  1  -118.5879              -64.2206              -54.3528
  2  -118.2360     0.7038   -63.0339     2.3734   -55.1876     1.6696
  3  -119.6582     2.8733   -60.9475     4.3921   -58.6963     7.0831
  4  -120.2903     2.3929   -61.0703     3.1153   -59.2056     5.1111
  5  -120.7110     2.0355   -60.7641     2.4896   -59.9324     4.2175
  6  -121.0950     1.8309   -61.1833     2.1989   -59.8972     3.4443
  7  -121.1034     1.5475   -62.2872     2.8858   -58.8018     3.6433
  8  -121.1909     1.3515   -61.9768     2.5751   -59.1997     3.2540
  9  -121.2948     1.2099   -62.1838     2.3085   -59.0966     2.8771
 10  -121.2899     1.0822   -62.2383     2.0677   -59.0371     2.5762
 11  -121.1228     1.0344   -63.2430     2.7450   -57.8654     3.3048
 12  -121.2605     0.9836   -63.3497     2.5149   -57.8963     3.0175
 13  -121.2252     0.9076   -63.3591     2.3135   -57.8516     2.7771
 14  -121.2025     0.8415   -63.9072     2.4061   -57.2808     2.8131
 15  -121.0854     0.8176   -63.7699     2.2568   -57.3011     2.6192
 16  -120.9629     0.8031   -64.3584     2.4170   -56.5900     2.8329
 17  -120.8767     0.7738   -64.9992     2.6071   -55.8630     3.0324
 18  -120.8515     0.7313   -65.1379     2.4736   -55.6992     2.8777
 19  -120.8345     0.6926   -65.7040     2.5994   -55.1161     2.9613
 20  -120.7650     0.6716   -65.6233     2.4712   -55.1272     2.8094
 21  -120.8099     0.6451   -65.6611     2.3518   -55.1343     2.6723
 22  -120.8481     0.6198   -65.5152     2.2613   -55.3184     2.5744
 23  -120.8237     0.5943   -65.4196     2.1692   -55.3896     2.4641
 24  -120.8503     0.5714   -65.3683     2.0794   -55.4675     2.3643
 25  -120.8831     0.5520   -65.1805     2.0295   -55.6882     2.3103
 26  -120.9423     0.5434   -64.7610     2.1227   -56.1669     2.4173
 27  -120.9206     0.5247   -64.6982     2.0465   -56.2080     2.3275
 28  -120.9307     0.5060   -63.9523     2.4727   -56.9640     2.7049
 29  -120.9665     0.4935   -63.6581     2.4574   -57.2940     2.6921
 30  -120.9628     0.4768   -63.3726     2.4418   -57.5757     2.6612
 31  -120.9391     0.4636   -63.1556     2.4012   -57.7690     2.6028
 32  -120.9747     0.4545   -63.1799     2.3255   -57.7803     2.5202
 33  -120.9914     0.4418   -63.3185     2.2709   -57.6584     2.4548
 34  -120.9933     0.4286   -63.4124     2.2111   -57.5664     2.3886
 35  -121.0116     0.4178   -63.1397     2.2152   -57.8575     2.3913
 36  -120.9896     0.4084   -62.9231     2.1959   -58.0520     2.3563
 37  -121.0536     0.4173   -62.7690     2.1579   -58.2701     2.3328
 38  -121.0989     0.4162   -62.5083     2.1641   -58.5762     2.3517
 39  -121.1245     0.4086   -62.2827     2.1556   -58.8273     2.3450
 40  -121.1219     0.3983   -62.0534     2.1505   -59.0540     2.3302
 41  -121.1084     0.3894   -61.9239     2.1133   -59.1700     2.2845
 42  -121.1486     0.3884   -61.8822     2.0641   -59.2519     2.2354
 43  -121.1028     0.3901   -62.1928     2.1091   -58.8956     2.2962
 44  -121.0767     0.3847   -62.5268     2.1661   -58.5355     2.3562
 45  -121.0504     0.3797   -62.6945     2.1439   -58.3414     2.3357
 46  -121.0133     0.3787   -63.0671     2.2252   -57.9318     2.4268
 47  -120.9700     0.3805   -63.2159     2.1976   -57.7397     2.4055
 48  -120.9098     0.3915   -63.2804     2.1552   -57.6149     2.3680
 49  -120.8730     0.3904   -63.3694     2.1182   -57.4892     2.3328
 50  -120.8344     0.3903   -63.5030     2.0926   -57.3169     2.3115
 
 Mesh error is    0.104 kcal/mol
