 ERmod 0.3.8, Copyright (C) 2000-2019 Nobuyuki Matubayasi
                            2010-2019 Shun Sakuraba
 ERmod comes with ABSOLUTELY NO WARRANTY.
 This is free software, and you can redistribute it
 and/or modify it under certain conditions.
 See LICENSE file for details.
 ERmod 0.3.8, Copyright (C) 2000-2019 Nobuyuki Matubayasi
                            2010-2019 Shun Sakuraba
 ERmod comes with ABSOLUTELY NO WARRANTY.
 This is free software, and you can redistribute it
 and/or modify it under certain conditions.
 See LICENSE file for details.
 
  Number of the   1-th solvent  =          378
  Number of the   2-th solvent  =        10000
 
  Be sure that the solvent distribution is homogeneous (radial distribution function is essentially unity) when the solvent molecule is separated beyond distance of   10.0 Angstrom in any direction from any atom within the solute molecule
 
  LJ long-range correction    =        -1.1319     -7.1533
 
  Self-energy of the solute   =        -0.0221  kcal/mol
 
 
 cumulative average & 95% error for solvation energy
              total             1st component         2nd component
  1  -480.7171              -68.7544             -411.9406
  2  -479.1811     3.0719   -75.2808    13.0527  -403.8783    16.1246
  3  -477.8053     3.2738   -70.7554    11.7773  -407.0277    11.2403
  4  -477.4138     2.4437   -64.1203    15.6669  -413.2714    14.8021
  5  -477.4209     1.8930   -62.4216    12.6021  -414.9773    11.9625
  6  -477.1582     1.6324   -61.2562    10.5503  -415.8799     9.9328
  7  -477.5872     1.6247   -63.4208     9.9120  -414.1443     9.0841
  8  -477.5437     1.4097   -68.5966    13.4477  -408.9249    13.0713
  9  -477.6310     1.2555   -70.8178    12.6645  -406.7911    12.2924
 10  -477.4382     1.1872   -72.1047    11.6162  -405.3114    11.3860
 11  -477.4370     1.0739   -73.5125    10.8779  -403.9025    10.6775
 12  -477.4296     0.9804   -72.6165    10.0905  -404.7911     9.9079
 13  -477.4533     0.9031   -70.4851    10.2140  -406.9461    10.0817
 14  -477.3702     0.8525   -71.2583     9.5819  -406.0898     9.4897
 15  -477.2875     0.8107   -71.4916     8.9325  -405.7737     8.8570
 16  -477.4949     0.8643   -73.0532     8.9202  -404.4195     8.7164
 17  -477.6013     0.8394   -73.6007     8.4503  -403.9785     8.2350
 18  -477.6551     0.7986   -74.0078     8.0085  -403.6253     7.7961
 19  -477.6725     0.7562   -74.5304     7.6471  -403.1201     7.4433
 20  -477.7382     0.7294   -74.0188     7.3264  -403.6974     7.1551
 21  -477.8002     0.7047   -73.5689     7.0267  -404.2092     6.8824
 22  -477.6840     0.7110   -73.1858     6.7433  -404.4760     6.5838
 23  -477.7244     0.6842   -72.9256     6.4645  -404.7767     6.3197
 24  -477.7354     0.6554   -72.2279     6.3446  -405.4854     6.2144
 25  -477.6557     0.6486   -72.8177     6.1988  -404.8159     6.1092
 26  -477.7636     0.6594   -73.5999     6.1576  -404.1416     6.0225
 27  -477.7800     0.6354   -72.7423     6.1684  -405.0156     6.0530
 28  -477.7203     0.6238   -72.3862     5.9865  -405.3120     5.8629
 29  -477.7279     0.6021   -71.6141     5.9793  -406.0918     5.8681
 30  -477.7929     0.5960   -71.2529     5.8215  -406.5179     5.7328
 31  -477.8917     0.6094   -71.5795     5.6684  -406.2901     5.5635
 32  -477.9294     0.5948   -71.2214     5.5349  -406.6859     5.4447
 33  -477.9429     0.5772   -70.8084     5.4278  -407.1123     5.3456
 34  -477.9556     0.5605   -70.7969     5.2658  -407.1366     5.1862
 35  -477.9630     0.5445   -70.6220     5.1251  -407.3189     5.0490
 36  -477.9418     0.5308   -70.7734     4.9899  -407.1463     4.9189
 37  -477.9559     0.5170   -71.2910     4.9623  -406.6428     4.8889
 38  -477.9590     0.5033   -71.5506     4.8578  -406.3864     4.7861
 39  -478.0117     0.5014   -71.5098     4.7323  -406.4797     4.6655
 40  -478.0461     0.4935   -71.9790     4.7069  -406.0449     4.6298
 41  -478.0723     0.4842   -71.6780     4.6300  -406.3722     4.5626
 42  -478.0407     0.4767   -71.2366     4.6039  -406.7820     4.5275
 43  -478.0045     0.4711   -70.9924     4.5220  -406.9900     4.4405
 44  -478.0777     0.4830   -71.0080     4.4181  -407.0476     4.3399
 45  -478.0690     0.4725   -70.6342     4.3830  -407.4126     4.3047
 46  -478.0879     0.4636   -70.5414     4.2907  -407.5245     4.2160
 47  -478.0761     0.4543   -70.9431     4.2746  -407.1109     4.2075
 48  -478.1434     0.4646   -70.8800     4.1865  -407.2414     4.1271
 49  -478.0939     0.4657   -70.8496     4.1006  -407.2222     4.0422
 50  -478.1110     0.4576   -70.3947     4.1195  -407.6942     4.0715
 
 
 group  inft  solvation free energy     error          difference
  total solvation free energy
   1      0       -102.56893           0.22609           0.03722
   1     60       -103.49940           0.22567          -0.89325
   1     80       -107.19736           0.22427          -4.59121
   1    100       -116.25107           0.22468         -13.64492
   2      0       -102.58249           0.22832           0.02366
   3      0       -102.60615           0.22874           0.00000
   4      0       -102.58301           0.22966           0.02314
   5      0       -102.65944           0.22892          -0.05329
   5     60       -103.81547           0.22814          -1.20932
   5     80       -108.14658           0.22670          -5.54043
   5    100       -116.37961           0.22754         -13.77346
 
  contribution from  1-th solvent component
   1      0        -25.40001           1.62353           0.01940
   1     60        -25.43417           1.62358          -0.01476
   1     80        -25.58568           1.62376          -0.16627
   1    100        -26.01846           1.62388          -0.59905
   2      0        -25.41156           1.62313           0.00785
   3      0        -25.41941           1.62327           0.00000
   4      0        -25.42292           1.62311          -0.00351
   5      0        -25.42691           1.62269          -0.00750
   5     60        -25.47023           1.62276          -0.05082
   5     80        -25.65293           1.62295          -0.23352
   5    100        -26.05140           1.62301          -0.63199
 
  contribution from  2-th solvent component
   1      0        -77.14682           1.69961           0.01782
   1     60        -78.04314           1.69852          -0.87849
   1     80        -81.58959           1.69486          -4.42494
   1    100        -90.21051           1.69241         -13.04586
   2      0        -77.14884           1.70387           0.01581
   3      0        -77.16465           1.70403           0.00000
   4      0        -77.13799           1.70569           0.02665
   5      0        -77.21044           1.70249          -0.04579
   5     60        -78.32315           1.70078          -1.15850
   5     80        -82.47156           1.69699          -5.30691
   5    100        -90.30612           1.69527         -13.14147
 
 
 group  inft   Estimated free energy: total (kcal/mol)
   1      0    -103.7246    -102.0161    -101.3263    -102.3378    -102.7029
               -101.9667    -103.7215    -101.4531    -102.4410    -101.0443
               -101.6701    -102.5735    -102.8625    -101.4683    -101.4684
               -102.5821    -102.5235    -102.8220    -101.6575    -103.1243
               -103.3272    -101.2224    -103.3550    -103.0541    -101.2656
               -103.1673    -103.1490    -102.0737    -102.8213    -103.6400
               -103.6956    -103.2714    -103.0706    -102.5545    -102.6034
               -102.0175    -101.9217    -102.4412    -103.0554    -102.7212
               -103.3635    -102.5278    -102.0442    -103.9283    -102.8094
               -103.2018    -102.0212    -104.4005    -101.4576    -102.7776
   1     60    -104.6586    -102.9534    -102.2581    -103.2589    -103.6267
               -102.8975    -104.6513    -102.3938    -103.3638    -101.9718
               -102.6029    -103.5030    -103.7834    -102.4006    -102.4022
               -103.5231    -103.4613    -103.7530    -102.5973    -104.0556
               -104.2567    -102.1544    -104.2843    -103.9786    -102.2008
               -104.1009    -104.0751    -103.0031    -103.7445    -104.5681
               -104.6274    -104.1968    -103.9955    -103.4879    -103.5258
               -102.9545    -102.8599    -103.3753    -103.9869    -103.6576
               -104.2912    -103.4503    -102.9731    -104.8637    -103.7370
               -104.1311    -102.9563    -105.3277    -102.3862    -103.7032
   1     80    -108.3632    -106.6657    -105.9519    -106.9266    -107.3092
               -106.5904    -108.3469    -106.1256    -107.0744    -105.6832
               -106.3095    -107.1969    -107.4524    -106.1105    -106.1141
               -107.2641    -107.1791    -107.4513    -106.3181    -107.7635
               -107.9415    -105.8529    -107.9746    -107.6574    -105.9079
               -107.7998    -107.7560    -106.6893    -107.4183    -108.2537
               -108.3266    -107.8868    -107.6769    -107.1872    -107.2101
               -106.6697    -106.5845    -107.0809    -107.6855    -107.3716
               -107.9749    -107.1298    -106.6580    -108.5744    -107.4215
               -107.8253    -106.6618    -109.0243    -106.0781    -107.3923
   1    100    -117.4566    -115.7405    -114.9950    -115.9512    -116.3419
               -115.6427    -117.4095    -115.2092    -116.1079    -114.7118
               -115.3702    -116.2627    -116.4925    -115.1484    -115.1791
               -116.3587    -116.2475    -116.4926    -115.3985    -116.8376
               -116.9956    -114.9032    -117.0264    -116.6941    -114.9717
               -116.8670    -116.8162    -115.7266    -116.4518    -117.3067
               -117.3757    -116.9337    -116.7131    -116.2379    -116.2307
               -115.7320    -115.6682    -116.1493    -116.7421    -116.4395
               -117.0151    -116.1517    -115.7008    -117.6399    -116.4852
               -116.8703    -115.7189    -118.0781    -115.1092    -116.4485
   2      0    -103.7213    -102.0186    -101.3229    -102.3758    -102.7207
               -101.9659    -103.6868    -101.3947    -102.3909    -101.0686
               -101.6974    -102.5808    -102.8517    -101.4321    -101.5090
               -102.5328    -102.5520    -102.8540    -101.6430    -103.1409
               -103.4214    -101.2502    -103.4497    -103.0838    -101.3099
               -103.1677    -103.2096    -102.1257    -102.8904    -103.7205
               -103.6915    -103.2505    -103.0703    -102.5618    -102.6603
               -101.9572    -101.9008    -102.4700    -103.0642    -102.7655
               -103.3844    -102.5259    -102.0180    -103.9345    -102.8355
               -103.2655    -101.9734    -104.3762    -101.4677    -102.8622
   3      0    -103.7635    -102.0284    -101.3276    -102.3758    -102.7669
               -101.9880    -103.6937    -101.4338    -102.4158    -101.0658
               -101.7252    -102.5685    -102.9001    -101.4624    -101.4987
               -102.5534    -102.5560    -102.8615    -101.7047    -103.1906
               -103.4503    -101.2790    -103.4264    -103.1111    -101.3137
               -103.1978    -103.2484    -102.1220    -102.9171    -103.7352
               -103.7269    -103.2950    -103.1025    -102.6002    -102.6921
               -101.9709    -101.9549    -102.5121    -103.1028    -102.7904
               -103.4062    -102.5763    -102.0396    -103.9582    -102.8596
               -103.2447    -102.0115    -104.3966    -101.4918    -102.8937
   4      0    -103.6693    -102.0384    -101.2959    -102.3649    -102.7245
               -101.9610    -103.6956    -101.3801    -102.4077    -101.0577
               -101.6955    -102.5759    -102.8880    -101.4080    -101.5078
               -102.5434    -102.5335    -102.8342    -101.6405    -103.1675
               -103.4903    -101.2727    -103.4425    -103.0679    -101.2933
               -103.1963    -103.2174    -102.1292    -102.9115    -103.7297
               -103.6956    -103.2381    -103.1139    -102.5706    -102.6173
               -101.9648    -101.8561    -102.4638    -103.0733    -102.7268
               -103.3561    -102.5449    -102.0204    -103.9396    -102.9067
               -103.2344    -101.9440    -104.4011    -101.4993    -102.8433
   5      0    -103.7514    -102.1454    -101.3862    -102.4067    -102.8145
               -102.0458    -103.8010    -101.4649    -102.4944    -101.1041
               -101.7898    -102.6696    -102.9437    -101.5534    -101.5519
               -102.6052    -102.6567    -102.9521    -101.7176    -103.2481
               -103.4635    -101.3044    -103.4909    -103.1540    -101.3452
               -103.3109    -103.3343    -102.1755    -102.9556    -103.7752
               -103.7744    -103.3029    -103.1727    -102.6384    -102.6817
               -102.0294    -101.9691    -102.5713    -103.1672    -102.8067
               -103.4637    -102.5858    -102.1046    -104.0238    -102.9394
               -103.3183    -102.0285    -104.4480    -101.6136    -102.9208
   5     60    -104.9078    -103.3074    -102.5416    -103.5479    -103.9621
               -103.1986    -104.9557    -102.6334    -103.6556    -102.2657
               -102.9511    -103.8227    -104.0857    -102.7164    -102.7142
               -103.7775    -103.8211    -104.1090    -102.8844    -104.4037
               -104.6154    -102.4619    -104.6446    -104.3011    -102.5092
               -104.4683    -104.4820    -103.3267    -104.1004    -104.9268
               -104.9318    -104.4526    -104.3217    -103.7957    -103.8324
               -103.1931    -103.1373    -103.7314    -104.3230    -103.9697
               -104.6142    -103.7354    -103.2554    -105.1856    -104.0898
               -104.4738    -103.1907    -105.6031    -102.7678    -104.0709
   5     80    -109.2475    -107.6560    -106.8667    -107.8439    -108.2719
               -107.5238    -109.2840    -106.9959    -107.9919    -106.6077
               -107.2912    -108.1493    -108.3860    -107.0540    -107.0621
               -108.1535    -108.1712    -108.4396    -107.2449    -108.7406
               -108.9373    -106.7942    -108.9673    -108.6129    -106.8538
               -108.8017    -108.7963    -107.6466    -108.4074    -109.2485
               -109.2609    -108.7689    -108.6355    -108.1304    -108.1497
               -107.5410    -107.4991    -108.0735    -108.6570    -108.3178
               -108.9317    -108.0460    -107.5738    -109.5359    -108.4098
               -108.8029    -107.5310    -109.9304    -107.0912    -108.3949
   5    100    -117.5051    -115.9078    -115.0816    -116.0504    -116.4923
               -115.7572    -117.5236    -115.2524    -116.2000    -114.8224
               -115.5238    -116.3909    -116.6108    -115.2718    -115.3019
               -116.4242    -116.4181    -116.6623    -115.4952    -116.9919
               -117.1736    -115.0225    -117.2009    -116.8359    -115.0908
               -117.0490    -117.0374    -115.8708    -116.6282    -117.4891
               -117.4939    -116.9952    -116.8568    -116.3613    -116.3561
               -115.7838    -115.7553    -116.3153    -116.8855    -116.5626
               -117.1551    -116.2501    -115.7928    -117.7865    -116.6547
               -117.0322    -115.7613    -118.1652    -115.3011    -116.6336
 
 group  inft   Estimated free energy: 1-th solvent contribution (kcal/mol)
   1      0     -25.0891     -30.1066     -21.3416     -14.9337     -19.5699
                -19.4639     -28.1284     -39.0695     -32.3790     -30.2395
                -32.2297     -22.7032     -15.5669     -29.1691     -26.9832
                -35.3735     -30.0613     -29.6281     -30.4842     -23.0556
                -23.4827     -23.0231     -24.3019     -20.0239     -32.0891
                -35.0858     -17.7175     -22.4353     -17.4646     -22.0020
                -30.0545     -21.4670     -20.3690     -25.2535     -22.8225
                -27.1577     -32.8202     -29.6272     -25.2410     -33.4526
                -21.4044     -18.3038     -21.6796     -25.7116     -19.2524
                -23.5706     -32.8992     -24.5319     -24.9388     -16.2413
   1     60     -25.1236     -30.1411     -21.3750     -14.9674     -19.6043
                -19.4981     -28.1632     -39.1040     -32.4131     -30.2735
                -32.2642     -22.7373     -15.6004     -29.2035     -27.0174
                -35.4085     -30.0954     -29.6624     -30.5183     -23.0897
                -23.5164     -23.0576     -24.3365     -20.0584     -32.1228
                -35.1198     -17.7511     -22.4694     -17.4988     -22.0357
                -30.0883     -21.5014     -20.4026     -25.2879     -22.8566
                -27.1920     -32.8547     -29.6613     -25.2750     -33.4868
                -21.4386     -18.3380     -21.7140     -25.7462     -19.2863
                -23.6045     -32.9339     -24.5658     -24.9730     -16.2747
   1     80     -25.2762     -30.2942     -21.5229     -15.1171     -19.7572
                -19.6496     -28.3179     -39.2567     -32.5652     -30.4245
                -32.4168     -22.8888     -15.7496     -29.3565     -27.1689
                -35.5636     -30.2466     -29.8143     -30.6695     -23.2410
                -23.6656     -23.2099     -24.4898     -20.2116     -32.2724
                -35.2702     -17.9002     -22.6203     -17.6505     -22.1852
                -30.2386     -21.6536     -20.5519     -25.4400     -23.0081
                -27.3437     -33.0074     -29.8130     -25.4263     -33.6384
                -21.5905     -18.4898     -21.8664     -25.8995     -19.4362
                -23.7553     -33.0872     -24.7171     -25.1252     -16.4233
   1    100     -25.7105     -30.7278     -21.9486     -15.5464     -20.1921
                -20.0843     -28.7566     -39.6907     -33.0006     -30.8555
                -32.8504     -23.3238     -16.1804     -29.7894     -27.6023
                -36.0011     -30.6787     -30.2463     -31.1021     -23.6740
                -24.0953     -23.6444     -24.9243     -20.6472     -32.7029
                -35.7019     -18.3318     -23.0517     -18.0839     -22.6171
                -30.6699     -22.0881     -20.9821     -25.8716     -23.4408
                -27.7760     -33.4398     -30.2453     -25.8589     -34.0706
                -22.0257     -18.9236     -22.2997     -26.3342     -19.8677
                -24.1860     -33.5202     -25.1487     -25.5579     -16.8542
   2      0     -25.0965     -30.1050     -21.3817     -14.9546     -19.5807
                -19.4686     -28.1327     -39.0870     -32.3837     -30.2376
                -32.2403     -22.7080     -15.5654     -29.1632     -26.9827
                -35.3769     -30.0781     -29.6350     -30.4960     -23.0759
                -23.4984     -23.0205     -24.3106     -20.0243     -32.1066
                -35.1128     -17.7430     -22.4610     -17.4651     -22.0303
                -30.0701     -21.4862     -20.3891     -25.2640     -22.8206
                -27.1607     -32.8281     -29.6533     -25.2701     -33.4895
                -21.4063     -18.3073     -21.6667     -25.7083     -19.2729
                -23.6017     -32.8742     -24.5386     -24.9662     -16.2814
   3      0     -25.0961     -30.1013     -21.3889     -14.9619     -19.5894
                -19.4785     -28.1360     -39.0965     -32.3870     -30.2392
                -32.2600     -22.7132     -15.5835     -29.1723     -26.9991
                -35.3870     -30.0888     -29.6480     -30.5091     -23.0837
                -23.5112     -23.0262     -24.3286     -20.0280     -32.1202
                -35.1197     -17.7598     -22.4570     -17.4721     -22.0412
                -30.0850     -21.4910     -20.3994     -25.2703     -22.8238
                -27.1652     -32.8285     -29.6685     -25.2811     -33.4930
                -21.4221     -18.3119     -21.6740     -25.7113     -19.2691
                -23.5964     -32.8934     -24.5449     -24.9697     -16.2883
   4      0     -25.1100     -30.1217     -21.4031     -14.9643     -19.5882
                -19.4880     -28.1274     -39.1042     -32.3930     -30.2423
                -32.2585     -22.7141     -15.5757     -29.1712     -26.9826
                -35.3749     -30.0888     -29.6425     -30.5076     -23.0905
                -23.5215     -23.0206     -24.3380     -20.0416     -32.1310
                -35.1247     -17.7729     -22.4617     -17.4855     -22.0443
                -30.0880     -21.4981     -20.3994     -25.2732     -22.8147
                -27.1734     -32.8364     -29.6780     -25.2834     -33.5002
                -21.4040     -18.3120     -21.6742     -25.7164     -19.2668
                -23.6104     -32.8929     -24.5523     -24.9760     -16.3052
   5      0     -25.1000     -30.1245     -21.4006     -14.9850     -19.5869
                -19.4891     -28.1394     -39.0895     -32.3924     -30.2447
                -32.2623     -22.7354     -15.5894     -29.1945     -26.9908
                -35.3809     -30.0941     -29.6525     -30.5120     -23.1006
                -23.5249     -23.0182     -24.3308     -20.0251     -32.1320
                -35.1357     -17.7883     -22.4511     -17.4803     -22.0610
                -30.0943     -21.4966     -20.4055     -25.2773     -22.8216
                -27.1771     -32.8308     -29.6857     -25.2874     -33.4948
                -21.4226     -18.3233     -21.6854     -25.7103     -19.2772
                -23.6190     -32.8974     -24.5482     -24.9817     -16.2974
   5     60     -25.1437     -30.1683     -21.4429     -15.0276     -19.6305
                -19.5323     -28.1836     -39.1333     -32.4359     -30.2881
                -32.3060     -22.7786     -15.6318     -29.2384     -27.0343
                -35.4254     -30.1373     -29.6960     -30.5552     -23.1438
                -23.5675     -23.0620     -24.3746     -20.0689     -32.1749
                -35.1786     -17.8307     -22.4942     -17.5235     -22.1036
                -30.1373     -21.5400     -20.4480     -25.3208     -22.8650
                -27.2205     -32.8746     -29.7291     -25.3305     -33.5381
                -21.4659     -18.3667     -21.7290     -25.7541     -19.3201
                -23.6622     -32.9414     -24.5913     -25.0252     -16.3398
   5     80     -25.3281     -30.3529     -21.6217     -15.2080     -19.8142
                -19.7147     -28.3699     -39.3172     -32.6188     -30.4703
                -32.4899     -22.9611     -15.8117     -29.4225     -27.2171
                -35.6122     -30.3194     -29.8789     -30.7375     -23.3263
                -23.7477     -23.2463     -24.5592     -20.2535     -32.3557
                -35.3599     -18.0108     -22.6764     -17.7064     -22.2843
                -30.3185     -21.7235     -20.6282     -25.5042     -23.0479
                -27.4034     -33.0586     -29.9119     -25.5129     -33.7211
                -21.6490     -18.5500     -21.9128     -25.9389     -19.5014
                -23.8443     -33.1259     -24.7734     -25.2085     -16.5196
   5    100     -25.7281     -30.7519     -22.0141     -15.6037     -20.2144
                -20.1146     -28.7740     -39.7166     -33.0188     -30.8674
                -32.8883     -23.3613     -16.2082     -29.8209     -27.6157
                -36.0147     -30.7169     -30.2761     -31.1354     -23.7259
                -24.1432     -23.6467     -24.9591     -20.6547     -32.7528
                -35.7574     -18.4085     -23.0741     -18.1055     -22.6828
                -30.7154     -22.1241     -21.0244     -25.9016     -23.4461
                -27.8009     -33.4560     -30.3097     -25.9109     -34.1198
                -22.0495     -18.9493     -22.3113     -26.3393     -19.8991
                -24.2414     -33.5234     -25.1708     -25.6072     -16.9177
 
 group  inft   Estimated free energy: 2-th solvent contribution (kcal/mol)
   1      0     -78.6134     -71.8874     -79.9625     -87.3820     -83.1109
                -82.4807     -75.5710     -62.3615     -70.0398     -70.7827
                -69.4183     -79.8482     -87.2735     -72.2771     -74.4632
                -67.1865     -72.4401     -73.1718     -71.1513     -80.0465
                -79.8224     -78.1772     -79.0310     -83.0082     -69.1544
                -68.0593     -85.4094     -79.6163     -85.3346     -81.6160
                -73.6190     -81.7823     -82.6795     -77.2788     -79.7589
                -74.8377     -69.0794     -72.7920     -77.7923     -69.2465
                -81.9370     -84.2020     -80.3426     -78.1946     -83.5348
                -79.6091     -69.0999     -79.8465     -76.4967     -86.5142
   1     60     -79.5129     -72.7902     -80.8610     -88.2695     -84.0003
                -83.3774     -76.4660     -63.2677     -70.9286     -71.6762
                -70.3167     -80.7436     -88.1609     -73.1749     -75.3627
                -68.0925     -73.3438     -74.0685     -72.0570     -80.9438
                -80.7183     -79.0747     -79.9257     -83.8980     -70.0558
                -68.9590     -86.3020     -80.5117     -86.2236     -82.5103
                -74.5170     -82.6733     -83.5708     -78.1779     -80.6471
                -75.7404     -69.9831     -73.6919     -78.6898     -70.1488
                -82.8305     -85.0902     -81.2371     -79.0955     -84.4286
                -80.5045     -70.0003     -80.7397     -77.3911     -87.4064
   1     80     -83.0649     -76.3494     -84.4069     -91.7874     -87.5299
                -86.9188     -80.0069     -66.8468     -74.4872     -75.2366
                -73.8706     -84.2860     -91.6807     -76.7319     -78.9231
                -71.6784     -76.9104     -77.6150     -75.6266     -84.5004
                -84.2538     -82.6209     -83.4627     -87.4237     -73.6135
                -72.5075     -89.8336     -84.0469     -89.7457     -86.0464
                -78.0659     -86.2111     -87.1030     -81.7252     -84.1799
                -79.3039     -73.5549     -77.2459     -82.2371     -73.7111
                -86.3623     -88.6179     -84.7695     -82.6528     -87.9632
                -84.0479     -73.5525     -84.2851     -80.9308     -90.9470
   1    100     -91.7240     -84.9906     -93.0243    -100.3827     -96.1277
                -95.5363     -88.6308     -75.4964     -83.0851     -83.8342
                -82.4977     -92.9168    -100.2900     -85.3369     -87.5547
                -80.3355     -85.5467     -86.2242     -84.2743     -93.1414
                -92.8782     -91.2367     -92.0800     -96.0249     -82.2468
                -81.1430     -98.4623     -92.6528     -98.3459     -94.6675
                -86.6837     -94.8236     -95.7090     -90.3442     -92.7677
                -87.9340     -82.2063     -85.8819     -90.8611     -82.3468
                -94.9673     -97.2060     -93.3790     -91.2836     -96.5954
                -92.6621     -82.1766     -92.9073     -89.5291     -99.5721
   2      0     -78.6026     -71.8915     -79.9191     -87.3991     -83.1179
                -82.4752     -75.5320     -62.2856     -69.9850     -70.8089
                -69.4350     -79.8507     -87.2642     -72.2467     -74.5042
                -67.1339     -72.4518     -73.1969     -71.1249     -80.0429
                -79.9009     -78.2076     -79.1171     -83.0374     -69.1813
                -68.0328     -85.4445     -79.6426     -85.4032     -81.6681
                -73.5993     -81.7422     -82.6591     -77.2757     -79.8176
                -74.7744     -69.0505     -72.7947     -77.7720     -69.2539
                -81.9560     -84.1966     -80.3291     -78.2041     -83.5406
                -79.6417     -69.0771     -79.8155     -76.4795     -86.5587
   3      0     -78.6453     -71.9050     -79.9166     -87.3918     -83.1554
                -82.4874     -75.5357     -62.3152     -70.0067     -70.8045
                -69.4431     -79.8332     -87.2945     -72.2680     -74.4775
                -67.1443     -72.4451     -73.1914     -71.1735     -80.0848
                -79.9170     -78.2307     -79.0757     -83.0611     -69.1714
                -68.0560     -85.4664     -79.6429     -85.4229     -81.6719
                -73.6198     -81.7819     -82.6810     -77.3078     -79.8462
                -74.7836     -69.1043     -72.8215     -77.7996     -69.2753
                -81.9620     -84.2423     -80.3435     -78.2248     -83.5684
                -79.6262     -69.0960     -79.8296     -76.5000     -86.5833
   4      0     -78.5372     -71.8946     -79.8707     -87.3785     -83.1142
                -82.4508     -75.5461     -62.2538     -69.9926     -70.7932
                -69.4149     -79.8397     -87.2902     -72.2147     -74.5030
                -67.1464     -72.4226     -73.1697     -71.1108     -80.0550
                -79.9467     -78.2300     -79.0824     -83.0042     -69.1402
                -68.0495     -85.4224     -79.6455     -85.4039     -81.6632
                -73.5855     -81.7180     -82.6924     -77.2753     -79.7805
                -74.7693     -68.9976     -72.7637     -77.7678     -69.2044
                -81.9300     -84.2108     -80.3240     -78.2011     -83.6178
                -79.6019     -69.0290     -79.8266     -76.5012     -86.5160
   5      0     -78.6294     -71.9988     -79.9636     -87.3996     -83.2055
                -82.5346     -75.6396     -62.3533     -70.0799     -70.8373
                -69.5053     -79.9120     -87.3322     -72.3368     -74.5390
                -67.2022     -72.5405     -73.2775     -71.1835     -80.1254
                -79.9165     -78.2641     -79.1380     -83.1068     -69.1911
                -68.1532     -85.5239     -79.7023     -85.4532     -81.6922
                -73.6579     -81.7843     -82.7452     -77.3390     -79.8379
                -74.8302     -69.1162     -72.8634     -77.8577     -69.2898
                -82.0191     -84.2405     -80.3971     -78.2914     -83.6400
                -79.6772     -69.1090     -79.8777     -76.6098     -86.6012
   5     60     -79.7420     -73.1170     -81.0766     -88.4982     -84.3095
                -83.6442     -76.7500     -63.4780     -71.1976     -71.9555
                -70.6230     -81.0220     -88.4318     -73.4559     -75.6579
                -68.3300     -73.6617     -74.3909     -72.3071     -81.2378
                -81.0258     -79.3778     -80.2478     -84.2102     -70.3123
                -69.2676     -86.6292     -80.8104     -86.5549     -82.8010
                -74.7724     -82.8905     -83.8516     -78.4527     -80.9453
                -75.9505     -70.2407     -73.9803     -78.9704     -70.4095
                -83.1262     -85.3466     -81.5043     -79.4094     -84.7476
                -80.7896     -70.2273     -80.9897     -77.7205     -87.7090
   5     80     -83.8974     -77.2810     -85.2230     -92.6138     -88.4356
                -87.7870     -80.8919     -67.6566     -75.3510     -76.1153
                -74.7793     -85.1662     -92.5522     -77.6093     -79.8229
                -72.5192     -77.8297     -78.5386     -76.4853     -85.3922
                -85.1675     -83.5258     -84.3861     -88.3373     -74.4760
                -73.4197     -90.7634     -84.9481     -90.6789     -86.9422
                -78.9203     -87.0234     -87.9851     -82.6041     -85.0797
                -80.1155     -74.4185     -78.1395     -83.1220     -74.5747
                -87.2607     -89.4739     -85.6390     -83.5749     -88.8863
                -84.9365     -74.3830     -85.1349     -81.8606     -91.8532
   5    100     -91.7549     -85.1339     -93.0455    -100.4247     -96.2558
                -95.6205     -88.7276     -75.5137     -83.1591     -83.9329
                -82.6135     -93.0075    -100.3805     -85.4289     -87.6641
                -80.3874     -85.6791     -86.3641     -84.3377     -93.2439
                -93.0083     -91.3537     -92.2198     -96.1591     -82.3159
                -81.2694     -98.6068     -92.7746     -98.5006     -94.7842
                -86.7564     -94.8490     -95.8102     -90.4376     -92.8878
                -87.9608     -82.2772     -85.9835     -90.9526     -82.4207
                -95.0835     -97.2787     -93.4594     -91.4251     -96.7335
                -92.7687     -82.2158     -92.9724     -89.6718     -99.6938
 
 
 cumulative average & 95% error for solvation free energy
              total             1st component         2nd component
  1  -103.7635              -25.0961              -78.6453
  2  -102.8959     1.7351   -27.5987     5.0053   -75.2751     6.7403
  3  -102.3732     1.4480   -25.5288     5.0487   -76.8223     4.9718
  4  -102.3738     1.0239   -22.8871     6.3765   -79.4647     6.3473
  5  -102.4524     0.8085   -22.2275     5.1123   -80.2028     5.1334
  6  -102.3750     0.6781   -21.7694     4.2736   -80.5836     4.2601
  7  -102.5634     0.6858   -22.6789     4.0440   -79.8624     3.8785
  8  -102.4222     0.6577   -24.7311     5.3955   -77.6690     5.5251
  9  -102.4215     0.5800   -25.5817     5.0534   -76.8177     5.1616
 10  -102.2859     0.5854   -26.0475     4.6149   -76.2164     4.7707
 11  -102.2350     0.5392   -26.6123     4.3244   -75.6006     4.4876
 12  -102.2627     0.4954   -26.2873     4.0008   -75.9533     4.1569
 13  -102.3118     0.4661   -25.4640     4.0318   -76.8257     4.2030
 14  -102.2511     0.4483   -25.7288     3.7701   -76.5002     3.9454
 15  -102.2009     0.4292   -25.8135     3.5139   -76.3653     3.6828
 16  -102.2230     0.4039   -26.4119     3.4980   -75.7890     3.6327
 17  -102.2426     0.3814   -26.6282     3.3142   -75.5923     3.4349
 18  -102.2769     0.3661   -26.7959     3.1426   -75.4589     3.2494
 19  -102.2468     0.3515   -26.9914     2.9982   -75.2334     3.1066
 20  -102.2940     0.3466   -26.7960     2.8710   -75.4759     2.9868
 21  -102.3491     0.3476   -26.6396     2.7488   -75.6874     2.8723
 22  -102.3004     0.3454   -26.4753     2.6413   -75.8030     2.7484
 23  -102.3494     0.3442   -26.3820     2.5308   -75.9453     2.6416
 24  -102.3811     0.3356   -26.1172     2.4802   -76.2418     2.5977
 25  -102.3384     0.3331   -26.3573     2.4269   -75.9590     2.5550
 26  -102.3715     0.3267   -26.6944     2.4272   -75.6550     2.5289
 27  -102.4040     0.3211   -26.3635     2.4275   -76.0184     2.5397
 28  -102.3939     0.3100   -26.2239     2.3558   -76.1479     2.4610
 29  -102.4119     0.3013   -25.9221     2.3519   -76.4677     2.4592
 30  -102.4560     0.3042   -25.7928     2.2868   -76.6412     2.4010
 31  -102.4970     0.3054   -25.9312     2.2291   -76.5437     2.3305
 32  -102.5220     0.2999   -25.7925     2.1761   -76.7074     2.2801
 33  -102.5396     0.2928   -25.6291     2.1343   -76.8884     2.2394
 34  -102.5414     0.2841   -25.6185     2.0707   -76.9008     2.1726
 35  -102.5457     0.2760   -25.5387     2.0170   -76.9849     2.1164
 36  -102.5297     0.2701   -25.5838     1.9622   -76.9238     2.0604
 37  -102.5142     0.2645   -25.7796     1.9482   -76.7124     2.0480
 38  -102.5141     0.2575   -25.8820     1.9073   -76.6100     2.0039
 39  -102.5292     0.2526   -25.8666     1.8580   -76.6405     1.9528
 40  -102.5357     0.2465   -26.0572     1.8506   -76.4564     1.9386
 41  -102.5570     0.2442   -25.9442     1.8190   -76.5907     1.9097
 42  -102.5574     0.2383   -25.7625     1.8120   -76.7729     1.8990
 43  -102.5454     0.2339   -25.6674     1.7796   -76.8559     1.8617
 44  -102.5775     0.2374   -25.6684     1.7387   -76.8870     1.8200
 45  -102.5838     0.2324   -25.5262     1.7232   -77.0355     1.8037
 46  -102.5981     0.2291   -25.4842     1.6874   -77.0918     1.7676
 47  -102.5856     0.2255   -25.6419     1.6810   -76.9217     1.7628
 48  -102.6234     0.2333   -25.6190     1.6462   -76.9823     1.7299
 49  -102.6003     0.2331   -25.6058     1.6125   -76.9724     1.6943
 50  -102.6062     0.2287   -25.4194     1.6233   -77.1646     1.7040
 
 Mesh error is    0.053 kcal/mol
