 ERmod 0.3.8, Copyright (C) 2000-2019 Nobuyuki Matubayasi
                            2010-2019 Shun Sakuraba
 ERmod comes with ABSOLUTELY NO WARRANTY.
 This is free software, and you can redistribute it
 and/or modify it under certain conditions.
 See LICENSE file for details.
 
  Number of the   1-th solvent  =        10000
 
  Be sure that the solvent distribution is homogeneous (radial distribution function is essentially unity) when the solvent molecule is separated beyond distance of   10.0 Angstrom in any direction from any atom within the solute molecule
 
  LJ long-range correction    =        -7.8240
 
  Self-energy of the solute   =        -0.0190  kcal/mol
 
 
 cumulative average & 95% error for solvation energy
  1  -453.9015
  2  -453.2990     1.2050
  3  -452.6314     1.5057
  4  -452.2806     1.2750
  5  -452.2292     0.9930
  6  -452.2546     0.8123
  7  -452.2859     0.6894
  8  -452.2534     0.6005
  9  -452.2611     0.5298
 10  -452.3406     0.4999
 11  -452.3945     0.4648
 12  -452.3325     0.4420
 13  -452.3654     0.4119
 14  -452.4377     0.4078
 15  -452.5287     0.4210
 16  -452.3344     0.5533
 17  -452.3565     0.5216
 18  -452.3301     0.4946
 19  -452.3502     0.4695
 20  -452.3519     0.4455
 21  -452.3626     0.4243
 22  -452.4132     0.4170
 23  -452.4988     0.4337
 24  -452.5017     0.4152
 25  -452.4729     0.4024
 26  -452.4600     0.3875
 27  -452.5108     0.3864
 28  -452.5045     0.3726
 29  -452.4802     0.3628
 30  -452.4355     0.3617
 31  -452.4580     0.3527
 32  -452.4400     0.3434
 33  -452.4682     0.3376
 34  -452.5047     0.3356
 35  -452.5208     0.3274
 36  -452.5325     0.3191
 37  -452.5679     0.3183
 38  -452.5638     0.3099
 39  -452.5769     0.3030
 40  -452.5576     0.2979
 41  -452.5367     0.2935
 42  -452.5345     0.2864
 43  -452.5300     0.2799
 44  -452.5370     0.2738
 45  -452.5123     0.2722
 46  -452.5179     0.2664
 47  -452.5134     0.2609
 48  -452.4840     0.2620
 49  -452.5111     0.2623
 50  -452.5389     0.2629
 
 
 group  inft  solvation free energy     error          difference
   1      0        -86.44415           0.12803           0.02339
   1     60        -86.55208           0.12801          -0.08453
   1     80        -87.89354           0.12804          -1.42599
   1    100        -94.44011           0.12873          -7.97256
   2      0        -86.44426           0.12521           0.02328
   3      0        -86.46754           0.12638           0.00000
   4      0        -86.35290           0.12547           0.11464
   5      0        -86.43969           0.12542           0.02786
   5     60        -86.59275           0.12540          -0.12520
   5     80        -88.33725           0.12538          -1.86970
   5    100        -94.45424           0.12585          -7.98670
 
 
 group  inft   Estimated free energy (kcal/mol)
   1      0     -87.0918     -86.0982     -85.7348     -85.7864     -86.2111
                -86.2565     -86.5321     -86.3287     -86.4830     -86.7821
                -86.4120     -86.2282     -86.5270     -86.8506     -86.9023
                -85.0654     -86.2413     -86.1484     -86.6032     -86.4904
                -86.6092     -87.1153     -87.3749     -86.0912     -86.3110
                -86.1062     -87.0461     -86.4829     -86.0903     -85.7455
                -86.5933     -85.9406     -86.7249     -87.2580     -86.7749
                -86.6450     -87.0477     -86.4571     -87.0442     -86.0818
                -85.8768     -86.1903     -86.3469     -86.5799     -86.3187
                -86.4028     -86.4649     -85.8585     -86.9955     -86.8597
   1     60     -87.1996     -86.2068     -85.8427     -85.8943     -86.3186
                -86.3644     -86.6400     -86.4365     -86.5909     -86.8898
                -86.5203     -86.3359     -86.6351     -86.9584     -87.0102
                -85.1732     -86.3495     -86.2567     -86.7111     -86.5981
                -86.7174     -87.2229     -87.4829     -86.1995     -86.4191
                -86.2139     -87.1540     -86.5908     -86.1982     -85.8534
                -86.7013     -86.0490     -86.8334     -87.3657     -86.8831
                -86.7525     -87.1550     -86.5651     -87.1519     -86.1898
                -85.9847     -86.2987     -86.4548     -86.6874     -86.4266
                -86.5107     -86.5728     -85.9663     -87.1030     -86.9679
   1     80     -88.5431     -87.5548     -87.1812     -87.2332     -87.6562
                -87.7063     -87.9815     -87.7740     -87.9351     -88.2293
                -87.8663     -87.6751     -87.9778     -88.2992     -88.3500
                -86.5141     -87.6938     -87.6005     -88.0524     -87.9382
                -88.0629     -88.5609     -88.8256     -87.5421     -87.7606
                -87.5526     -88.4973     -87.9348     -87.5390     -87.1935
                -88.0430     -87.3932     -88.1784     -88.7054     -88.2254
                -88.0906     -88.4936     -87.9072     -88.4933     -87.5325
                -87.3247     -87.6425     -87.7973     -88.0255     -87.7674
                -87.8530     -87.9131     -87.3052     -88.4433     -88.3114
   1    100     -95.0972     -94.1154     -93.7117     -93.7689     -94.1885
                -94.2607     -94.5225     -94.3096     -94.4938     -94.7693
                -94.4274     -94.2145     -94.5324     -94.8443     -94.8919
                -93.0519     -94.2552     -94.1503     -94.6061     -94.4815
                -94.6144     -95.1061     -95.3873     -94.0916     -94.3170
                -94.0909     -95.0460     -94.4910     -94.0858     -93.7300
                -94.5894     -93.9487     -94.7355     -95.2491     -94.7697
                -94.6216     -95.0343     -94.4553     -95.0465     -94.0751
                -93.8631     -94.1992     -94.3477     -94.5601     -94.3101
                -94.4028     -94.4584     -93.8383     -94.9834     -94.8639
   2      0     -87.0345     -86.0544     -85.7714     -85.8738     -86.2138
                -86.2517     -86.5524     -86.2557     -86.4742     -86.8114
                -86.4125     -86.2091     -86.5488     -86.8310     -86.9763
                -85.0840     -86.1925     -86.1974     -86.6292     -86.4403
                -86.5592     -87.0572     -87.3865     -86.2065     -86.2990
                -86.1702     -87.0284     -86.4820     -86.0822     -85.7301
                -86.6328     -85.9668     -86.7287     -87.2208     -86.7547
                -86.6482     -87.0584     -86.4771     -87.0475     -86.0854
                -85.9123     -86.1340     -86.3587     -86.5693     -86.2551
                -86.4517     -86.3873     -85.9001     -86.9833     -86.8251
   3      0     -87.1013     -86.0504     -85.7717     -85.8861     -86.2283
                -86.2796     -86.5428     -86.2852     -86.4811     -86.8110
                -86.4312     -86.1958     -86.5003     -86.8664     -87.0395
                -85.0865     -86.2404     -86.2353     -86.6531     -86.4853
                -86.5875     -87.0532     -87.3988     -86.2532     -86.3441
                -86.1854     -87.0193     -86.4804     -86.0887     -85.7192
                -86.6608     -85.9885     -86.7326     -87.2520     -86.7855
                -86.7191     -87.0612     -86.4826     -87.1096     -86.0990
                -85.9598     -86.1557     -86.3776     -86.6186     -86.2894
                -86.4837     -86.4127     -85.9864     -87.0371     -86.8647
   4      0     -86.9785     -85.9208     -85.6811     -85.8412     -86.1149
                -86.1758     -86.4338     -86.1757     -86.3331     -86.7148
                -86.2834     -86.0882     -86.4379     -86.7538     -86.9411
                -85.0177     -86.0905     -86.0913     -86.5298     -86.3187
                -86.4821     -86.9728     -87.2824     -86.1361     -86.2166
                -86.0581     -86.9510     -86.3413     -86.0131     -85.6338
                -86.5756     -85.8400     -86.5785     -87.1035     -86.6055
                -86.5923     -86.9945     -86.3649     -87.0167     -86.0002
                -85.8220     -86.0281     -86.2674     -86.4881     -86.1719
                -86.3926     -86.3114     -85.8656     -86.9066     -86.7101
   5      0     -87.0918     -86.0110     -85.7692     -85.8849     -86.2140
                -86.2379     -86.5029     -86.2674     -86.3455     -86.7986
                -86.3720     -86.1650     -86.4825     -86.8551     -87.0229
                -85.1192     -86.2043     -86.1902     -86.6290     -86.4223
                -86.5635     -87.0564     -87.3730     -86.2216     -86.3148
                -86.1869     -87.0172     -86.4108     -86.0835     -85.7232
                -86.6754     -85.9708     -86.6844     -87.1875     -86.7380
                -86.6844     -87.0777     -86.4281     -87.0832     -86.0692
                -85.9138     -86.0865     -86.3665     -86.6120     -86.2510
                -86.4815     -86.3534     -85.9768     -86.9961     -86.8112
   5     60     -87.2447     -86.1648     -85.9219     -86.0379     -86.3665
                -86.3909     -86.6557     -86.4203     -86.4989     -86.9514
                -86.5256     -86.3179     -86.6359     -87.0079     -87.1759
                -85.2723     -86.3579     -86.3438     -86.7822     -86.5753
                -86.7169     -87.2088     -87.5263     -86.3749     -86.4682
                -86.3399     -87.1702     -86.5640     -86.2365     -85.8762
                -86.8286     -86.1241     -86.8378     -87.3403     -86.8910
                -86.8370     -87.2302     -86.5811     -87.2361     -86.2224
                -86.0667     -86.2399     -86.5198     -86.7650     -86.4037
                -86.6348     -86.5065     -86.1296     -87.1489     -86.9645
   5     80     -88.9918     -87.9161     -87.6624     -87.7811     -88.1050
                -88.1374     -88.3988     -88.1605     -88.2460     -88.6930
                -88.2743     -88.0591     -88.3812     -88.7505     -88.9198
                -87.0160     -88.1064     -88.0911     -88.5277     -88.3177
                -88.4651     -88.9490     -89.2733     -88.1223     -88.2137
                -88.0826     -88.9154     -88.3102     -87.9792     -87.6186
                -88.5747     -87.8735     -88.5864     -89.0816     -88.6360
                -88.5771     -88.9716     -88.3259     -88.9816     -87.9671
                -87.8102     -87.9884     -88.2660     -88.5064     -88.1460
                -88.3805     -88.2493     -87.8719     -88.8914     -88.7116
   5    100     -95.1154     -94.0423     -93.7667     -93.8928     -94.2073
                -94.2607     -94.5088     -94.2635     -94.3689     -94.8034
                -94.4025     -94.1674     -94.5020     -94.8654     -95.0386
                -93.1283     -94.2331     -94.2132     -94.6520     -94.4306
                -94.5862     -95.0611     -95.4030     -94.2461     -94.3394
                -94.1943     -95.0346     -94.4326     -94.0946     -93.7250
                -94.6927     -93.9985     -94.7139     -95.1951     -94.7495
                -94.6820     -95.0844     -94.4427     -95.1068     -94.0829
                -93.9222     -94.1113     -94.3893     -94.6148     -94.2572
                -94.5062     -94.3655     -93.9825     -95.0042     -94.8304
 
 
 cumulative average & 95% error for solvation free energy
  1   -87.1013
  2   -86.5758     1.0509
  3   -86.3078     0.8096
  4   -86.2024     0.6101
  5   -86.2075     0.4727
  6   -86.2195     0.3867
  7   -86.2657     0.3396
  8   -86.2682     0.2942
  9   -86.2918     0.2637
 10   -86.3437     0.2577
 11   -86.3517     0.2336
 12   -86.3387     0.2149
 13   -86.3511     0.1992
 14   -86.3879     0.1986
 15   -86.4314     0.2043
 16   -86.3473     0.2545
 17   -86.3410     0.2394
 18   -86.3352     0.2260
 19   -86.3519     0.2164
 20   -86.3586     0.2057
 21   -86.3695     0.1969
 22   -86.4005     0.1977
 23   -86.4439     0.2079
 24   -86.4360     0.1997
 25   -86.4323     0.1917
 26   -86.4228     0.1852
 27   -86.4449     0.1836
 28   -86.4462     0.1769
 29   -86.4338     0.1725
 30   -86.4100     0.1733
 31   -86.4181     0.1684
 32   -86.4047     0.1652
 33   -86.4146     0.1614
 34   -86.4393     0.1641
 35   -86.4491     0.1606
 36   -86.4566     0.1568
 37   -86.4730     0.1560
 38   -86.4732     0.1518
 39   -86.4896     0.1514
 40   -86.4798     0.1489
 41   -86.4671     0.1474
 42   -86.4597     0.1446
 43   -86.4578     0.1412
 44   -86.4614     0.1382
 45   -86.4576     0.1353
 46   -86.4582     0.1323
 47   -86.4572     0.1295
 48   -86.4474     0.1283
 49   -86.4594     0.1279
 50   -86.4675     0.1264
 
 Mesh error is    0.115 kcal/mol
