 ERmod 0.3.8, Copyright (C) 2000-2019 Nobuyuki Matubayasi
                            2010-2019 Shun Sakuraba
 ERmod comes with ABSOLUTELY NO WARRANTY.
 This is free software, and you can redistribute it
 and/or modify it under certain conditions.
 See LICENSE file for details.
 ERmod 0.3.8, Copyright (C) 2000-2019 Nobuyuki Matubayasi
                            2010-2019 Shun Sakuraba
 ERmod comes with ABSOLUTELY NO WARRANTY.
 This is free software, and you can redistribute it
 and/or modify it under certain conditions.
 See LICENSE file for details.
 
  Number of the   1-th solvent  =          378
  Number of the   2-th solvent  =        10000
 
  Be sure that the solvent distribution is homogeneous (radial distribution function is essentially unity) when the solvent molecule is separated beyond distance of   10.0 Angstrom in any direction from any atom within the solute molecule
 
  LJ long-range correction    =        -1.1319     -7.1533
 
  Self-energy of the solute   =         0.0037  kcal/mol
 
 
 cumulative average & 95% error for solvation energy
              total             1st component         2nd component
  1  -494.3628              -83.8276             -410.5389
  2  -494.3525     0.0205   -87.4128     7.1704  -406.9435     7.1909
  3  -492.9203     2.8644   -81.8219    11.9235  -411.1022     9.2960
  4  -492.4474     2.2354   -81.1733     8.5304  -411.2779     6.5826
  5  -492.1233     1.8489   -77.8870     9.3198  -414.2400     7.8164
  6  -492.0184     1.5241   -79.3832     8.1769  -412.6389     7.1404
  7  -492.3087     1.4129   -79.4360     6.9115  -412.8764     6.0534
  8  -492.0644     1.3176   -79.5669     5.9913  -412.5012     5.2959
  9  -491.8231     1.2582   -83.7492     9.8937  -408.0776    10.0042
 10  -491.4355     1.3665   -84.5829     9.0049  -406.8564     9.2754
 11  -491.4391     1.2360   -84.2814     8.1675  -407.1615     8.4121
 12  -491.6411     1.1985   -85.3974     7.7828  -406.2474     7.8938
 13  -491.6467     1.1025   -86.1723     7.3250  -405.4781     7.4224
 14  -491.7543     1.0432   -84.5161     7.5474  -407.2420     7.7245
 15  -491.7297     0.9724   -82.7259     7.8858  -409.0075     8.0113
 16  -491.8272     0.9303   -83.4197     7.5059  -408.4113     7.5881
 17  -491.5072     1.0832   -85.6578     8.3515  -405.8531     8.7740
 18  -491.5035     1.0213   -85.4940     7.8807  -406.0133     8.2784
 19  -491.3966     0.9894   -83.9565     8.0637  -407.4439     8.3369
 20  -491.4285     0.9408   -83.7850     7.6576  -407.6472     7.9196
 21  -491.3296     0.9164   -84.0042     7.2970  -407.3292     7.5598
 22  -491.3318     0.8738   -84.4507     7.0145  -406.8848     7.2626
 23  -491.4473     0.8663   -84.4043     6.7033  -407.0467     6.9472
 24  -491.4507     0.8295   -85.3978     6.7184  -406.0567     6.9399
 25  -491.4236     0.7975   -86.7242     6.9687  -404.7032     7.1859
 26  -491.4236     0.7662   -88.2832     7.3858  -403.1441     7.5755
 27  -491.5407     0.7736   -89.8544     7.7707  -401.6900     7.8482
 28  -491.5348     0.7456   -90.9037     7.7766  -400.6348     7.8517
 29  -491.5277     0.7195   -90.7354     7.5111  -400.7960     7.5829
 30  -491.6306     0.7250   -89.9092     7.4422  -401.7251     7.5578
 31  -491.7174     0.7223   -90.0893     7.2072  -401.6318     7.3123
 32  -491.7453     0.7016   -90.5681     7.0437  -401.1809     7.1373
 33  -491.7177     0.6823   -89.8831     6.9631  -401.8384     7.0415
 34  -491.6220     0.6890   -90.1039     6.7696  -401.5218     6.8606
 35  -491.5581     0.6811   -89.6975     6.6234  -401.8643     6.6968
 36  -491.5685     0.6623   -89.4888     6.4503  -402.0834     6.5229
 37  -491.5642     0.6442   -88.8984     6.3837  -402.6695     6.4515
 38  -491.5326     0.6302   -88.2962     6.3291  -403.2401     6.3823
 39  -491.5308     0.6138   -88.4207     6.1697  -403.1138     6.2216
 40  -491.4455     0.6221   -89.0263     6.1342  -402.4230     6.2195
 41  -491.3907     0.6166   -88.9411     5.9852  -402.4533     6.0662
 42  -491.3712     0.6030   -88.5295     5.8986  -402.8453     5.9717
 43  -491.4223     0.5976   -88.3738     5.7682  -403.0522     5.8458
 44  -491.4549     0.5875   -88.2921     5.6380  -403.1665     5.7160
 45  -491.4685     0.5750   -88.8211     5.6119  -402.6512     5.6818
 46  -491.3419     0.6167   -89.5287     5.6681  -401.8169     5.8020
 47  -491.3648     0.6052   -89.1168     5.6070  -402.2517     5.7434
 48  -491.3893     0.5945   -88.6833     5.5570  -402.7098     5.6966
 49  -491.3416     0.5900   -88.3150     5.4920  -403.0304     5.6159
 50  -491.3201     0.5797   -87.9607     5.4275  -403.3631     5.5425
 
 
 group  inft  solvation free energy     error          difference
  total solvation free energy
   1      0       -107.54813           0.34656           0.10405
   1     60       -108.49535           0.34457          -0.84317
   1     80       -112.22513           0.34294          -4.57295
   1    100       -121.30061           0.34342         -13.64843
   2      0       -107.62362           0.34712           0.02856
   3      0       -107.65218           0.34921           0.00000
   4      0       -107.62027           0.34995           0.03191
   5      0       -107.70867           0.34992          -0.05649
   5     60       -108.89133           0.34735          -1.23915
   5     80       -113.26024           0.34529          -5.60806
   5    100       -121.51567           0.34655         -13.86349
 
  contribution from  1-th solvent component
   1      0        -32.43796           2.10392           0.02544
   1     60        -32.47280           2.10402          -0.00940
   1     80        -32.62525           2.10415          -0.16185
   1    100        -33.05745           2.10400          -0.59405
   2      0        -32.46356           2.10385          -0.00016
   3      0        -32.46340           2.10310           0.00000
   4      0        -32.46709           2.10248          -0.00369
   5      0        -32.47091           2.10274          -0.00751
   5     60        -32.51515           2.10288          -0.05175
   5     80        -32.69919           2.10304          -0.23579
   5    100        -33.09679           2.10289          -0.63339
 
  contribution from  2-th solvent component
   1      0        -75.11392           2.32638           0.07861
   1     60        -76.02630           2.32320          -0.83378
   1     80        -79.60362           2.32059          -4.41110
   1    100        -88.24691           2.31998         -13.05438
   2      0        -75.16380           2.32805           0.02872
   3      0        -75.19252           2.32961           0.00000
   4      0        -75.15692           2.33100           0.03560
   5      0        -75.24150           2.33009          -0.04898
   5     60        -76.37992           2.32600          -1.18740
   5     80        -80.56479           2.32231          -5.37227
   5    100        -88.42262           2.32223         -13.23010
 
 
 group  inft   Estimated free energy: total (kcal/mol)
   1      0    -109.3625    -108.6962    -107.2621    -107.6177    -108.0622
               -107.8451    -109.4248    -107.6063    -105.7578    -106.6600
               -108.2580    -108.7414    -107.5176    -109.3579    -108.3718
               -108.6224    -104.1440    -108.2501    -107.5214    -107.9456
               -106.4607    -107.5026    -109.1164    -106.8307    -105.8196
               -105.8269    -107.5604    -106.4809    -107.6262    -109.5359
               -108.7573    -107.4883    -108.1585    -105.6849    -106.8121
               -107.9541    -108.4583    -107.6593    -107.4509    -105.4948
               -106.7152    -107.1032    -108.9135    -108.3679    -107.2534
               -104.2975    -108.4802    -108.0546    -107.0885    -107.4288
   1     60    -110.3080    -109.6600    -108.2013    -108.5684    -108.9967
               -108.7884    -110.3615    -108.5465    -106.7209    -107.6085
               -109.2006    -109.6951    -108.4713    -110.2855    -109.3025
               -109.5794    -105.1166    -109.1888    -108.4513    -108.8931
               -107.4000    -108.4544    -110.0588    -107.7926    -106.7935
               -106.8026    -108.5310    -107.4437    -108.5674    -110.4769
               -109.7069    -108.4436    -109.0889    -106.6474    -107.7606
               -108.8959    -109.3879    -108.5922    -108.3957    -106.4501
               -107.6562    -108.0411    -109.8658    -109.3107    -108.2101
               -105.2615    -109.4135    -108.9912    -108.0210    -108.3623
   1     80    -114.0305    -113.3973    -111.9159    -112.2952    -112.7241
               -112.5046    -114.0778    -112.2723    -110.4694    -111.3293
               -112.9258    -113.4273    -112.2164    -114.0043    -113.0177
               -113.3089    -108.8697    -112.9149    -112.1604    -112.6252
               -111.1401    -112.1827    -113.7856    -111.5382    -110.5460
               -110.5418    -112.2782    -111.1873    -112.3005    -114.2101
               -113.4468    -112.1925    -112.7967    -110.3742    -111.4905
               -112.6263    -113.0983    -112.3024    -112.1226    -110.1726
               -111.3717    -111.7743    -113.5956    -113.0482    -111.9535
               -109.0196    -113.1264    -112.7247    -111.7470    -112.0755
   1    100    -123.0922    -122.4624    -120.9854    -121.3473    -121.8031
               -121.5848    -123.1563    -121.3434    -119.5292    -120.3906
               -121.9974    -122.5051    -121.3205    -123.1050    -122.1097
               -122.4005    -117.9370    -122.0068    -121.2169    -121.7146
               -120.2308    -121.2520    -122.8581    -120.6169    -119.6270
               -119.6125    -121.3655    -120.2531    -121.3805    -123.2934
               -122.5466    -121.2946    -121.8666    -119.4271    -120.5586
               -121.7013    -122.1582    -121.3563    -121.1952    -119.2429
               -120.4355    -120.8552    -122.6696    -122.1256    -121.0232
               -118.1254    -122.1813    -121.8067    -120.8388    -121.1239
   2      0    -109.3649    -108.7518    -107.3307    -107.6977    -108.1466
               -107.9444    -109.4366    -107.6969    -105.8407    -106.7270
               -108.3155    -108.8027    -107.6185    -109.4343    -108.4680
               -108.6150    -104.2348    -108.3470    -107.6227    -108.0385
               -106.5590    -107.5906    -109.2648    -106.8866    -105.8142
               -105.8426    -107.6155    -106.5809    -107.6624    -109.5994
               -108.8752    -107.5928    -108.2136    -105.7590    -106.8733
               -108.0571    -108.5178    -107.7649    -107.5187    -105.5638
               -106.8150    -107.2168    -109.0462    -108.4369    -107.3743
               -104.3525    -108.5659    -108.1511    -107.1097    -107.5259
   3      0    -109.3989    -108.7669    -107.4019    -107.7442    -108.1377
               -107.9595    -109.4483    -107.7438    -105.8333    -106.7411
               -108.3414    -108.8924    -107.6216    -109.4872    -108.5178
               -108.6306    -104.2629    -108.3962    -107.6597    -108.0501
               -106.5789    -107.6127    -109.2537    -106.8852    -105.8253
               -105.8631    -107.6898    -106.6097    -107.7097    -109.5940
               -108.9195    -107.5970    -108.2705    -105.7342    -106.8864
               -108.0402    -108.5637    -107.8633    -107.5245    -105.5928
               -106.8961    -107.2387    -109.0803    -108.4961    -107.3869
               -104.3262    -108.6256    -108.1792    -107.1710    -107.5591
   4      0    -109.3384    -108.7218    -107.3528    -107.7045    -108.1873
               -107.9703    -109.4264    -107.6898    -105.7872    -106.7747
               -108.2888    -108.8374    -107.6253    -109.4442    -108.4978
               -108.5060    -104.1935    -108.3076    -107.6220    -108.0061
               -106.5841    -107.6124    -109.2560    -106.8559    -105.7243
               -105.7699    -107.6032    -106.5265    -107.6662    -109.6023
               -108.9030    -107.5892    -108.2383    -105.7880    -106.8513
               -108.0769    -108.5446    -107.7825    -107.5288    -105.5888
               -106.8301    -107.2019    -109.0620    -108.4481    -107.4041
               -104.3073    -108.6012    -108.1612    -107.0963    -107.5267
   5      0    -109.4268    -108.8761    -107.4101    -107.7957    -108.1816
               -108.0472    -109.5151    -107.8124    -105.8639    -106.7732
               -108.3491    -108.9488    -107.6950    -109.5662    -108.5420
               -108.6455    -104.2558    -108.4678    -107.7289    -108.1023
               -106.6666    -107.6502    -109.3307    -106.8952    -105.8865
               -105.9033    -107.7840    -106.6225    -107.8074    -109.7089
               -108.8935    -107.7106    -108.3239    -105.8689    -106.9502
               -108.1037    -108.6230    -107.8972    -107.5328    -105.7024
               -106.9406    -107.3035    -109.0833    -108.5684    -107.4717
               -104.3711    -108.6905    -108.2557    -107.2152    -107.6680
   5     60    -110.6099    -110.0779    -108.5858    -108.9792    -109.3524
               -109.2215    -110.6862    -108.9867    -107.0657    -107.9565
               -109.5280    -110.1433    -108.8885    -110.7268    -109.6986
               -109.8401    -105.4728    -109.6367    -108.8891    -109.2825
               -107.8426    -108.8399    -110.5112    -108.0941    -107.0988
               -107.1223    -108.9973    -107.8309    -108.9834    -110.8810
               -110.0742    -108.9025    -109.4863    -107.0657    -108.1300
               -109.2789    -109.7855    -109.0618    -108.7114    -106.8939
               -108.1167    -108.4717    -110.2709    -109.7515    -108.6658
               -105.5793    -109.8546    -109.4228    -108.3804    -108.8326
   5     80    -114.9718    -114.4711    -112.9427    -113.3408    -113.7125
               -113.5799    -115.0417    -113.3481    -111.4540    -112.3121
               -113.8902    -114.5259    -113.2766    -115.0789    -114.0482
               -114.2263    -109.8720    -113.9944    -113.2299    -113.6535
               -112.2155    -113.2107    -114.8760    -112.4796    -111.4982
               -111.5155    -113.3899    -112.2279    -113.3519    -115.2489
               -114.4544    -113.2892    -113.8279    -111.4399    -112.4986
               -113.6410    -114.1320    -113.4085    -113.0756    -111.2587
               -112.4754    -112.8359    -114.6418    -114.1237    -113.0442
               -109.9763    -114.2007    -113.7863    -112.7394    -113.1776
   5    100    -123.2122    -122.7280    -121.1871    -121.5792    -121.9685
               -121.8298    -123.2992    -121.6010    -119.7025    -120.5553
               -122.1399    -122.7956    -121.5514    -123.3498    -122.3186
               -122.4868    -118.1111    -122.2627    -121.4716    -121.9130
               -120.4844    -121.4655    -123.1374    -120.7310    -119.7566
               -119.7482    -121.6599    -120.4876    -121.6071    -123.5121
               -122.7386    -121.5720    -122.0783    -119.6691    -120.7465
               -121.8999    -122.3800    -121.6533    -121.3226    -119.5010
               -120.7199    -121.0964    -122.9004    -122.3893    -121.3053
               -118.2391    -122.4384    -122.0556    -121.0089    -121.4157
 
 group  inft   Estimated free energy: 1-th solvent contribution (kcal/mol)
   1      0     -30.9422     -33.6191     -25.5251     -28.7783     -23.3762
                -32.4542     -29.5826     -29.3493     -43.3481     -33.9067
                -29.8702     -36.5984     -35.6020     -22.9564     -20.7597
                -34.7130     -45.1738     -30.5405     -19.7338     -29.3596
                -32.7838     -34.6758     -30.9495     -39.9813     -44.0269
                -47.0755     -49.2831     -44.5018     -31.9205     -23.8491
                -35.8404     -39.7343     -24.6926     -35.6919     -27.6606
                -30.3022     -24.6298     -23.6857     -34.6485     -42.1434
                -31.5050     -26.0131     -30.0331     -31.0556     -42.1792
                -45.2490     -25.6651     -24.6420     -25.5895     -25.7005
   1     60     -30.9778     -33.6544     -25.5597     -28.8125     -23.4105
                -32.4893     -29.6177     -29.3841     -43.3834     -33.9413
                -29.9045     -36.6335     -35.6366     -22.9909     -20.7942
                -34.7488     -45.2086     -30.5754     -19.7685     -29.3939
                -32.8178     -34.7107     -30.9841     -40.0163     -44.0622
                -47.1116     -49.3184     -44.5374     -31.9556     -23.8837
                -35.8752     -39.7696     -24.7269     -35.7270     -27.6954
                -30.3365     -24.6634     -23.7200     -34.6833     -42.1787
                -31.5397     -26.0476     -30.0675     -31.0900     -42.2146
                -45.2847     -25.6997     -24.6766     -25.6246     -25.7349
   1     80     -31.1332     -33.8073     -25.7119     -28.9623     -23.5618
                -32.6429     -29.7719     -29.5373     -43.5366     -34.0922
                -30.0552     -36.7865     -35.7879     -23.1438     -20.9470
                -34.9037     -45.3592     -30.7291     -19.9211     -29.5447
                -32.9681     -34.8626     -31.1360     -40.1688     -44.2145
                -47.2666     -49.4710     -44.6919     -32.1097     -24.0357
                -36.0279     -39.9236     -24.8784     -35.8790     -27.8477
                -30.4873     -24.8122     -23.8712     -34.8358     -42.3319
                -31.6919     -26.2002     -30.2179     -31.2414     -42.3687
                -45.4394     -25.8520     -24.8297     -25.7794     -25.8865
   1    100     -31.5694     -34.2409     -26.1457     -29.3911     -23.9950
                -33.0772     -30.2079     -29.9706     -43.9672     -34.5224
                -30.4856     -37.2200     -36.2203     -23.5793     -21.3807
                -35.3394     -45.7851     -31.1627     -20.3542     -29.9761
                -33.3981     -35.2917     -31.5656     -40.5985     -44.6433
                -47.6999     -49.9021     -45.1257     -32.5442     -24.4692
                -36.4616     -40.3572     -25.3102     -36.3090     -28.2795
                -30.9156     -25.2404     -24.3023     -35.2668     -42.7637
                -32.1239     -26.6341     -30.6490     -31.6731     -42.8019
                -45.8731     -26.2845     -25.2635     -26.2165     -26.3175
   2      0     -30.9323     -33.6436     -25.5436     -28.8125     -23.3970
                -32.5049     -29.5821     -29.3620     -43.3719     -33.9468
                -29.9072     -36.6190     -35.6309     -22.9808     -20.7919
                -34.7338     -45.2122     -30.5581     -19.7641     -29.3710
                -32.8175     -34.7071     -30.9766     -40.0305     -44.0680
                -47.0801     -49.3110     -44.5232     -31.9250     -23.8841
                -35.8700     -39.7682     -24.7247     -35.7308     -27.6883
                -30.3497     -24.6600     -23.7126     -34.6749     -42.1756
                -31.5182     -26.0557     -30.0666     -31.0736     -42.1847
                -45.2573     -25.6875     -24.6658     -25.5928     -25.7324
   3      0     -30.9151     -33.6454     -25.5414     -28.8139     -23.3989
                -32.4992     -29.5802     -29.3630     -43.3653     -33.9354
                -29.9029     -36.6199     -35.6336     -22.9794     -20.7912
                -34.7168     -45.2020     -30.5719     -19.7576     -29.3739
                -32.8179     -34.7185     -30.9653     -40.0313     -44.0601
                -47.0603     -49.3134     -44.5065     -31.9463     -23.8906
                -35.8802     -39.7736     -24.7320     -35.7307     -27.6832
                -30.3448     -24.6717     -23.7255     -34.6694     -42.1695
                -31.5314     -26.0565     -30.0529     -31.0871     -42.1913
                -45.2572     -25.6980     -24.6624     -25.5953     -25.7401
   4      0     -30.9148     -33.6440     -25.5512     -28.8253     -23.4217
                -32.4990     -29.5829     -29.3725     -43.3698     -33.9437
                -29.8929     -36.6222     -35.6460     -22.9814     -20.7905
                -34.7166     -45.2055     -30.5793     -19.7624     -29.3865
                -32.8184     -34.7147     -30.9648     -40.0298     -44.0737
                -47.0646     -49.2986     -44.4933     -31.9385     -23.8969
                -35.8771     -39.7644     -24.7356     -35.7269     -27.6944
                -30.3608     -24.6874     -23.7311     -34.6665     -42.1928
                -31.5221     -26.0547     -30.0756     -31.0849     -42.2020
                -45.2585     -25.7082     -24.6835     -25.5953     -25.7311
   5      0     -30.9239     -33.6372     -25.5619     -28.8297     -23.4069
                -32.5037     -29.5722     -29.3665     -43.3870     -33.9395
                -29.9012     -36.6095     -35.6483     -22.9775     -20.7931
                -34.7057     -45.2031     -30.5955     -19.7598     -29.3921
                -32.8497     -34.7228     -30.9573     -40.0297     -44.0828
                -47.0611     -49.3189     -44.5023     -31.9513     -23.9127
                -35.8815     -39.7632     -24.7263     -35.7305     -27.6875
                -30.3609     -24.7022     -23.7267     -34.6671     -42.2052
                -31.5390     -26.0669     -30.0978     -31.0867     -42.1955
                -45.2613     -25.7115     -24.6797     -25.6060     -25.7468
   5     60     -30.9691     -33.6821     -25.6060     -28.8730     -23.4506
                -32.5482     -29.6167     -29.4107     -43.4320     -33.9835
                -29.9449     -36.6543     -35.6923     -23.0212     -20.8369
                -34.7511     -45.2476     -30.6397     -19.8036     -29.4358
                -32.8930     -34.7671     -31.0013     -40.0742     -44.1277
                -47.1070     -49.3638     -44.5479     -31.9959     -23.9566
                -35.9255     -39.8079     -24.7698     -35.7752     -27.7316
                -30.4044     -24.7449     -23.7703     -34.7111     -42.2500
                -31.5831     -26.1107     -30.1416     -31.1305     -42.2405
                -45.3067     -25.7553     -24.7237     -25.6505     -25.7905
   5     80     -31.1562     -33.8673     -25.7899     -29.0537     -23.6336
                -32.7338     -29.8025     -29.5952     -43.6171     -34.1657
                -30.1274     -36.8395     -35.8752     -23.2054     -21.0213
                -34.9383     -45.4297     -30.8243     -19.9876     -29.6184
                -33.0746     -34.9504     -31.1845     -40.2580     -44.3119
                -47.2941     -49.5483     -44.7350     -32.1814     -24.1403
                -36.1097     -39.9935     -24.9525     -35.9592     -27.9155
                -30.5862     -24.9251     -23.9532     -34.8949     -42.4348
                -31.7667     -26.2946     -30.3234     -31.3129     -42.4259
                -45.4927     -25.9389     -24.9081     -25.8370     -25.9739
   5    100     -31.5566     -34.2669     -26.1886     -29.4488     -24.0325
                -33.1333     -30.2028     -29.9941     -44.0139     -34.5617
                -30.5244     -37.2389     -36.2728     -23.6049     -21.4209
                -35.3386     -45.8226     -31.2225     -20.3862     -30.0153
                -33.4706     -35.3453     -31.5800     -40.6540     -44.7068
                -47.6910     -49.9451     -45.1344     -32.5801     -24.5398
                -36.5088     -40.3926     -25.3498     -36.3550     -28.3124
                -30.9807     -25.3194     -24.3502     -35.2906     -42.8310
                -32.1638     -26.6937     -30.7201     -31.7105     -42.8238
                -45.8905     -26.3362     -25.3072     -26.2386     -26.3712
 
 group  inft   Estimated free energy: 2-th solvent contribution (kcal/mol)
   1      0     -78.4241     -75.0809     -81.7408     -78.8432     -84.6897
                -75.3947     -79.8460     -78.2607     -62.4135     -72.7571
                -78.3915     -72.1468     -71.9193     -86.4053     -87.6159
                -73.9131     -58.9739     -77.7133     -87.7913     -78.5898
                -73.6807     -72.8306     -78.1706     -66.8532     -61.7964
                -58.7551     -58.2810     -61.9829     -75.7095     -85.6905
                -72.9206     -67.7577     -83.4696     -69.9967     -79.1553
                -77.6556     -83.8322     -83.9773     -72.8061     -63.3552
                -75.2139     -81.0938     -78.8842     -77.3160     -65.0780
                -59.0523     -82.8189     -83.4163     -81.5028     -81.7320
   1     60     -79.3340     -76.0094     -82.6453     -79.7597     -85.5899
                -76.3028     -80.7476     -79.1661     -63.3412     -73.6710
                -79.2998     -73.0653     -72.8384     -87.2984     -88.5120
                -74.8343     -59.9117     -78.6171     -88.6866     -79.5029
                -74.5859     -73.7474     -79.0784     -67.7801     -62.7350
                -59.6947     -59.2163     -62.9100     -76.6155     -86.5969
                -73.8354     -68.6777     -84.3657     -70.9241     -80.0689
                -78.5632     -84.7282     -84.8760     -73.7161     -64.2752
                -76.1202     -81.9972     -79.8021     -78.2245     -65.9992
                -59.9805     -83.7176     -84.3183     -82.4002     -82.6311
   1     80     -82.9010     -79.5937     -86.2077     -83.3367     -89.1661
                -79.8653     -84.3096     -82.7387     -66.9365     -77.2408
                -82.8744     -76.6445     -76.4322     -90.8643     -92.0744
                -78.4089     -63.5143     -82.1895     -92.2431     -83.0843
                -78.1757     -77.3238     -82.6534     -71.3731     -66.3353
                -63.2789     -62.8109     -66.4992     -80.1945     -90.1782
                -77.4226     -72.2726     -87.9220     -74.4989     -83.6466
                -82.1428     -88.2898     -88.4349     -77.2905     -67.8444
                -79.6836     -85.5779     -83.3815     -81.8106     -69.5886
                -63.5839     -87.2781     -87.8988     -85.9713     -86.1928
   1    100     -91.5266     -88.2253     -94.8434     -91.9600     -97.8119
                -88.5113     -92.9522     -91.3766     -75.5657     -85.8719
                -91.5155     -85.2888     -85.1040     -99.5294    -100.7327
                -87.0649     -72.1556     -90.8478    -100.8665     -91.7422
                -86.8364     -85.9640     -91.2963     -80.0221     -74.9875
                -71.9163     -71.4672     -75.1311     -88.8401     -98.8280
                -86.0888     -80.9412     -96.5602     -83.1219     -92.2828
                -90.7895     -96.9216     -97.0578     -85.9321     -76.4830
                -88.3153     -94.2249     -92.0243     -90.4562     -78.2250
                -72.2560     -95.9005     -96.5469     -94.6260     -94.8101
   2      0     -78.4363     -75.1119     -81.7908     -78.8889     -84.7533
                -75.4433     -79.8582     -78.3386     -62.4725     -72.7839
                -78.4120     -72.1875     -71.9914     -86.4573     -87.6799
                -73.8849     -59.0263     -77.7926     -87.8623     -78.6712
                -73.7453     -72.8872     -78.2919     -66.8598     -61.7500
                -58.7663     -58.3083     -62.0614     -75.7411     -85.7190
                -73.0090     -67.8284     -83.4927     -70.0320     -79.1888
                -77.7111     -83.8616     -84.0561     -72.8476     -63.3920
                -75.3006     -81.1648     -78.9834     -77.3670     -65.1934
                -59.0990     -82.8821     -83.4891     -81.5207     -81.7973
   3      0     -78.4875     -75.1252     -81.8642     -78.9340     -84.7425
                -75.4640     -79.8718     -78.3846     -62.4717     -72.8094
                -78.4423     -72.2762     -71.9918     -86.5116     -87.7304
                -73.9176     -59.0646     -77.8281     -87.9059     -78.6799
                -73.7648     -72.8979     -78.2922     -66.8576     -61.7690
                -58.8065     -58.3801     -62.1069     -75.7671     -85.7071
                -73.0430     -67.8272     -83.5423     -70.0072     -79.2069
                -77.6991     -83.8957     -84.1416     -72.8589     -63.4270
                -75.3684     -81.1859     -79.0311     -77.4127     -65.1994
                -59.0727     -82.9314     -83.5206     -81.5794     -81.8227
   4      0     -78.4274     -75.0815     -81.8054     -78.8829     -84.7694
                -75.4750     -79.8473     -78.3211     -62.4212     -72.8347
                -78.3996     -72.2189     -71.9830     -86.4666     -87.7111
                -73.7932     -58.9917     -77.7321     -87.8634     -78.6233
                -73.7694     -72.9014     -78.2949     -66.8299     -61.6543
                -58.7090     -58.3083     -62.0370     -75.7314     -85.7091
                -73.0297     -67.8285     -83.5064     -70.0648     -79.1606
                -77.7198     -83.8610     -84.0551     -72.8660     -63.3997
                -75.3117     -81.1509     -78.9902     -77.3669     -65.2059
                -59.0526     -82.8968     -83.4815     -81.5047     -81.7994
   5      0     -78.5067     -75.2426     -81.8520     -78.9697     -84.7784
                -75.5473     -79.9467     -78.4496     -62.4806     -72.8374
                -78.4516     -72.3431     -72.0504     -86.5925     -87.7527
                -73.9436     -59.0565     -77.8760     -87.9729     -78.7138
                -73.8207     -72.9312     -78.3772     -66.8693     -61.8074
                -58.8460     -58.4689     -62.1240     -75.8598     -85.7999
                -73.0158     -67.9511     -83.6013     -70.1421     -79.2664
                -77.7465     -83.9246     -84.1742     -72.8695     -63.5009
                -75.4054     -81.2404     -78.9893     -77.4854     -65.2799
                -59.1135     -82.9827     -83.5797     -81.6129     -81.9249
   5     60     -79.6445     -76.3995     -82.9836     -80.1099     -85.9056
                -76.6771     -81.0733     -79.5798     -63.6375     -73.9768
                -79.5868     -73.4928     -73.2000     -87.7093     -88.8655
                -75.0928     -60.2290     -79.0008     -89.0893     -79.8504
                -74.9533     -74.0765     -79.5137     -68.0237     -62.9749
                -60.0190     -59.6372     -63.2867     -76.9913     -86.9281
                -74.1524     -69.0983     -84.7202     -71.2942     -80.4021
                -78.8783     -85.0443     -85.2952     -74.0040     -64.6476
                -76.5373     -82.3648     -80.1331     -78.6248     -66.4291
                -60.2763     -84.1031     -84.7029     -82.7336     -83.0458
   5     80     -83.8194     -80.6075     -87.1565     -84.2908     -90.0827
                -80.8498     -85.2429     -83.7566     -67.8406     -78.1501
                -83.7665     -77.6901     -77.4051     -91.8773     -93.0306
                -79.2917     -64.4460     -83.1738     -93.2460     -84.0388
                -79.1446     -78.2641     -83.6952     -72.2254     -67.1900
                -64.2251     -63.8453     -67.4966     -81.1743     -91.1123
                -78.3485     -73.2995     -88.8792     -75.4845     -84.5869
                -83.0585     -89.2107     -89.4590     -78.1845     -68.8277
                -80.7124     -86.5450     -84.3222     -82.8146     -70.6220
                -64.4874     -88.2655     -88.8819     -86.9062     -87.2075
   5    100     -91.6594     -88.4648     -95.0022     -92.1342     -97.9397
                -88.7002     -93.1002     -91.6106     -75.6924     -85.9974
                -91.6192     -85.5604     -85.2823     -99.7487    -100.9015
                -87.1520     -72.2922     -91.0439    -101.0892     -91.9015
                -87.0175     -86.1239     -91.5611     -80.0807     -75.0536
                -72.0609     -71.7186     -75.3569     -89.0308     -98.9760
                -86.2335     -81.1832     -96.7322     -83.3179     -92.4379
                -90.9230     -97.0643     -97.3069     -86.0357     -76.6737
                -88.5598     -94.4064     -92.1840     -90.6826     -78.4853
                -72.3524     -96.1060     -96.7522     -94.7740     -95.0482
 
 
 cumulative average & 95% error for solvation free energy
              total             1st component         2nd component
  1  -109.3989              -30.9151              -78.4875
  2  -109.0829     0.6320   -32.2802     2.7303   -76.8064     3.3623
  3  -108.5226     1.1785   -30.0340     4.7611   -78.4923     3.8908
  4  -108.3280     0.9198   -29.7290     3.4214   -78.6027     2.7600
  5  -108.2899     0.7165   -28.4630     3.6653   -79.8307     3.2561
  6  -108.2348     0.5953   -29.1357     3.2813   -79.1029     3.0310
  7  -108.4082     0.6110   -29.1992     2.7761   -79.2128     2.5710
  8  -108.3251     0.5546   -29.2197     2.4045   -79.1092     2.2362
  9  -108.0483     0.7388   -30.7914     3.7919   -77.2606     4.1903
 10  -107.9176     0.7107   -31.1058     3.4494   -76.8155     3.8522
 11  -107.9561     0.6474   -30.9964     3.1277   -76.9634     3.4970
 12  -108.0341     0.6113   -31.4651     3.0051   -76.5728     3.2865
 13  -108.0024     0.5659   -31.7857     2.8377   -76.2204     3.1042
 14  -108.1084     0.5652   -31.1567     2.9129   -76.9555     3.2281
 15  -108.1357     0.5290   -30.4657     3.0436   -77.6738     3.3310
 16  -108.1667     0.4987   -30.7314     2.8962   -77.4390     3.1510
 17  -107.9370     0.6560   -31.5826     3.2093   -76.3582     3.6652
 18  -107.9625     0.6206   -31.5264     3.0278   -76.4399     3.4594
 19  -107.9466     0.5879   -30.9070     3.1205   -77.0433     3.4878
 20  -107.9518     0.5578   -30.8304     2.9643   -77.1252     3.3129
 21  -107.8864     0.5465   -30.9250     2.8260   -76.9651     3.1674
 22  -107.8740     0.5216   -31.0974     2.7164   -76.7803     3.0425
 23  -107.9339     0.5127   -31.0917     2.5957   -76.8460     2.9102
 24  -107.8903     0.4986   -31.4642     2.5944   -76.4298     2.9080
 25  -107.8077     0.5059   -31.9680     2.6848   -75.8434     3.0258
 26  -107.7329     0.5086   -32.5485     2.8287   -75.1881     3.1888
 27  -107.7313     0.4894   -33.1694     2.9918   -74.5656     3.3114
 28  -107.6912     0.4783   -33.5743     2.9945   -74.1207     3.3127
 29  -107.6919     0.4616   -33.5182     2.8916   -74.1774     3.1985
 30  -107.7553     0.4636   -33.1972     2.8663   -74.5618     3.1842
 31  -107.7928     0.4546   -33.2838     2.7777   -74.5128     3.0813
 32  -107.7867     0.4404   -33.4866     2.7199   -74.3038     3.0126
 33  -107.8014     0.4278   -33.2213     2.6891   -74.5838     2.9731
 34  -107.7406     0.4325   -33.2951     2.6130   -74.4492     2.8968
 35  -107.7161     0.4228   -33.1348     2.5574   -74.5851     2.8260
 36  -107.7252     0.4113   -33.0573     2.4902   -74.6716     2.7518
 37  -107.7478     0.4025   -32.8306     2.4640   -74.9209     2.7224
 38  -107.7509     0.3919   -32.5910     2.4457   -75.1636     2.6939
 39  -107.7451     0.3819   -32.6443     2.3845   -75.1045     2.6266
 40  -107.6912     0.3874   -32.8824     2.3725   -74.8125     2.6258
 41  -107.6719     0.3798   -32.8495     2.3148   -74.8261     2.5611
 42  -107.6615     0.3713   -32.6878     2.2821   -74.9775     2.5177
 43  -107.6945     0.3685   -32.6265     2.2317   -75.0718     2.4656
 44  -107.7127     0.3619   -32.5915     2.1815   -75.1250     2.4113
 45  -107.7055     0.3540   -32.8048     2.1748   -74.9044     2.3980
 46  -107.6320     0.3761   -33.0755     2.1948   -74.5603     2.4442
 47  -107.6532     0.3705   -32.9186     2.1704   -74.7384     2.4180
 48  -107.6641     0.3633   -32.7466     2.1524   -74.9213     2.3953
 49  -107.6541     0.3564   -32.6006     2.1281   -75.0572     2.3616
 50  -107.6522     0.3492   -32.4634     2.1031   -75.1925     2.3296
 
 Mesh error is    0.104 kcal/mol
