 ERmod 0.3.8, Copyright (C) 2000-2019 Nobuyuki Matubayasi
                            2010-2019 Shun Sakuraba
 ERmod comes with ABSOLUTELY NO WARRANTY.
 This is free software, and you can redistribute it
 and/or modify it under certain conditions.
 See LICENSE file for details.
 
  Number of the   1-th solvent  =          378
  Number of the   2-th solvent  =        10000
 
  Be sure that the solvent distribution is homogeneous (radial distribution function is essentially unity) when the solvent molecule is separated beyond distance of   10.0 Angstrom in any direction from any atom within the solute molecule
 
  LJ long-range correction    =        -1.1319     -7.1533
 
  Self-energy of the solute   =         0.0026  kcal/mol
 
 
 cumulative average & 95% error for solvation energy
              total             1st component         2nd component
  1  -418.7272              -49.3397             -369.3901
  2  -419.0135     0.5726   -62.6939    26.7082  -356.3223    26.1357
  3  -420.9481     3.8833   -62.8981    15.4254  -358.0526    15.4812
  4  -421.7220     3.1521   -64.1768    11.2032  -357.5478    10.9933
  5  -422.0584     2.5326   -63.8029     8.7101  -358.2581     8.6331
  6  -422.2041     2.0883   -63.2928     7.1846  -358.9139     7.1699
  7  -422.4741     1.8457   -63.0478     6.0918  -359.4289     6.1465
  8  -422.7066     1.6647   -64.9129     6.4612  -357.7963     6.2447
  9  -423.0268     1.6017   -64.7774     5.7047  -358.2520     5.5822
 10  -423.1226     1.4454   -65.0960     5.1421  -358.0292     5.0127
 11  -423.2983     1.3538   -68.3491     7.9977  -354.9519     7.6446
 12  -423.0790     1.3114   -71.2578     9.3351  -351.8239     9.3721
 13  -423.0492     1.2078   -72.2635     8.8195  -350.7883     8.8664
 14  -423.1664     1.1425   -73.0374     8.3107  -350.1316     8.3131
 15  -423.2506     1.0768   -73.5163     7.7959  -349.7369     7.7792
 16  -423.1272     1.0371   -74.0423     7.3678  -349.0876     7.3918
 17  -423.0031     1.0053   -74.6013     7.0106  -348.4045     7.0765
 18  -423.0355     0.9500   -74.0978     6.6859  -348.9403     6.7573
 19  -423.0900     0.9052   -74.2762     6.3343  -348.8164     6.3966
 20  -423.1876     0.8807   -74.8223     6.1077  -348.3680     6.1342
 21  -423.4069     0.9455   -74.9786     5.8180  -348.4309     5.8362
 22  -423.5960     0.9777   -75.5585     5.6672  -348.0402     5.6192
 23  -423.7453     0.9807   -75.7752     5.4325  -347.9727     5.3710
 24  -423.8606     0.9669   -75.8226     5.2021  -348.0407     5.1441
 25  -424.0311     0.9881   -75.5648     5.0162  -348.4689     5.0078
 26  -424.1298     0.9696   -75.7202     4.8294  -348.4123     4.8127
 27  -424.2475     0.9623   -76.3576     4.8188  -347.8925     4.7463
 28  -424.3862     0.9679   -77.0769     4.8612  -347.3120     4.7187
 29  -424.5241     0.9738   -76.9692     4.6955  -347.5575     4.5795
 30  -424.5290     0.9408   -77.5922     4.7044  -346.9394     4.5937
 31  -424.5601     0.9121   -78.4876     4.8898  -346.0752     4.7674
 32  -424.5691     0.8833   -78.9778     4.8349  -345.5939     4.7153
 33  -424.5515     0.8568   -79.9210     5.0516  -344.6332     4.9577
 34  -424.6057     0.8383   -80.6100     5.0908  -343.9983     4.9744
 35  -424.6050     0.8140   -80.9879     5.0007  -343.6197     4.8892
 36  -424.6372     0.7936   -80.5103     4.9528  -344.1295     4.8596
 37  -424.6730     0.7752   -80.5411     4.8174  -344.1345     4.7265
 38  -424.7029     0.7569   -80.5778     4.6895  -344.1278     4.6004
 39  -424.8331     0.7819   -80.8074     4.5907  -344.0284     4.4853
 40  -424.8588     0.7638   -80.2650     4.6041  -344.5964     4.5170
 41  -424.8576     0.7449   -80.0567     4.5097  -344.8035     4.4249
 42  -424.9231     0.7387   -80.1839     4.4083  -344.7419     4.3200
 43  -424.9384     0.7220   -80.0114     4.3184  -344.9297     4.2350
 44  -424.9249     0.7059   -80.2506     4.2461  -344.6769     4.1684
 45  -424.8912     0.6933   -80.5125     4.1837  -344.3813     4.1174
 46  -424.8640     0.6802   -80.8844     4.1587  -343.9822     4.1052
 47  -424.9062     0.6710   -81.1942     4.1162  -343.7146     4.0524
 48  -424.8530     0.6654   -81.7842     4.1988  -343.0714     4.1705
 49  -424.8109     0.6571   -81.8029     4.1123  -343.0107     4.0863
 50  -424.8755     0.6567   -81.2356     4.1860  -343.6426     4.1985
 
 
 group  inft  solvation free energy     error          difference
  total solvation free energy
   1      0        -73.84679           0.33931           0.08124
   1     60        -74.52039           0.33946          -0.59236
   1     80        -77.43499           0.33967          -3.50696
   1    100        -85.18711           0.34304         -11.25908
   2      0        -73.88996           0.33701           0.03807
   3      0        -73.92803           0.33663           0.00000
   4      0        -73.85179           0.33672           0.07624
   5      0        -73.96617           0.33719          -0.03815
   5     60        -74.81676           0.33674          -0.88873
   5     80        -78.24424           0.33719          -4.31621
   5    100        -85.34117           0.34043         -11.41314
 
  contribution from  1-th solvent component
   1      0        -28.39834           1.63970           0.03123
   1     60        -28.42143           1.63976           0.00815
   1     80        -28.53165           1.63995          -0.10208
   1    100        -28.87059           1.64014          -0.44101
   2      0        -28.41679           1.63836           0.01278
   3      0        -28.42957           1.63924           0.00000
   4      0        -28.43295           1.63842          -0.00338
   5      0        -28.43649           1.63828          -0.00691
   5     60        -28.46625           1.63836          -0.03668
   5     80        -28.59981           1.63859          -0.17024
   5    100        -28.91507           1.63874          -0.48550
 
  contribution from  2-th solvent component
   1      0        -45.45108           1.78239           0.05001
   1     60        -46.10160           1.78162          -0.60050
   1     80        -48.90597           1.78057          -3.40488
   1    100        -56.31916           1.78002         -10.81807
   2      0        -45.47581           1.77992           0.02528
   3      0        -45.50109           1.78201           0.00000
   4      0        -45.42148           1.78094           0.07962
   5      0        -45.53233           1.78032          -0.03123
   5     60        -46.35315           1.77913          -0.85205
   5     80        -49.64706           1.77780          -4.14597
   5    100        -56.42874           1.77737         -10.92765
 
 
 group  inft   Estimated free energy: total (kcal/mol)
   1      0     -71.9918     -71.5909     -74.5343     -74.3879     -73.7247
                -73.9251     -74.6057     -73.2481     -74.9571     -73.9570
                -73.1516     -71.0541     -72.4591     -73.8640     -74.3809
                -71.9852     -71.8071     -73.0867     -73.8759     -74.0037
                -75.3932     -74.7018     -74.5321     -74.4415     -75.7704
                -74.8934     -74.5771     -74.7419     -75.7324     -73.8942
                -73.5175     -73.4030     -72.7116     -73.9362     -73.0811
                -74.7001     -74.5536     -74.7414     -75.7823     -75.0125
                -74.2627     -75.3656     -74.1729     -72.9094     -72.8043
                -72.7921     -73.8178     -71.3301     -72.4710     -75.7051
   1     60     -72.6549     -72.2558     -75.2012     -75.0547     -74.3873
                -74.5909     -75.2724     -73.9177     -75.6223     -74.6176
                -73.8167     -71.7268     -73.1370     -74.5355     -75.0452
                -72.6522     -72.4779     -73.7591     -74.5517     -74.6789
                -76.0717     -75.3797     -75.2088     -75.1181     -76.4450
                -75.5707     -75.2550     -75.4215     -76.4050     -74.5686
                -74.1953     -74.0787     -73.3907     -74.6198     -73.7569
                -75.3749     -75.2236     -75.4189     -76.4617     -75.6875
                -74.9391     -76.0417     -74.8516     -73.5883     -73.4806
                -73.4690     -74.4970     -72.0155     -73.1489     -76.3799
   1     80     -75.5557     -75.1616     -78.1084     -77.9509     -77.2768
                -77.4908     -78.1791     -76.8330     -78.5161     -77.5154
                -76.7077     -74.6477     -76.0526     -77.4391     -77.9495
                -75.5776     -75.3952     -76.6678     -77.4857     -77.5954
                -78.9983     -78.3069     -78.1256     -78.0274     -79.3703
                -78.4877     -78.1826     -78.3546     -79.3244     -77.4816
                -77.1296     -76.9906     -76.2983     -77.5351     -76.6638
                -78.2871     -78.1381     -78.3328     -79.4058     -78.5970
                -77.8534     -78.9534     -77.7758     -76.5163     -76.3976
                -76.3810     -77.4094     -74.9482     -76.0759     -79.2948
   1    100     -83.2710     -82.8819     -85.8600     -85.6762     -84.9953
                -85.2103     -85.9096     -84.5613     -86.2360     -85.2039
                -84.3909     -82.3666     -83.8038     -85.1748     -85.6725
                -83.3306     -83.1244     -84.4037     -85.2786     -85.3622
                -86.7661     -86.0957     -85.8830     -85.7733     -87.1615
                -86.2450     -85.9694     -86.1315     -87.0851     -85.2353
                -84.9272     -84.7271     -84.0301     -85.2997     -84.4101
                -86.0321     -85.8927     -86.0885     -87.2165     -86.3753
                -85.6215     -86.7295     -85.5531     -84.2905     -84.1471
                -84.1304     -85.1746     -82.7155     -83.8508     -87.0837
   2      0     -72.0451     -71.6235     -74.5696     -74.4756     -73.7666
                -73.8964     -74.6495     -73.2996     -74.9955     -74.0026
                -73.1643     -71.1135     -72.4964     -73.9313     -74.4050
                -71.9997     -71.8438     -73.1912     -73.8981     -74.0302
                -75.4152     -74.7554     -74.5405     -74.4473     -75.7652
                -74.9417     -74.6034     -74.6992     -75.7718     -73.9113
                -73.5799     -73.4744     -72.8101     -74.0083     -73.1067
                -74.8006     -74.5946     -74.7587     -75.7746     -75.0693
                -74.3420     -75.4269     -74.2176     -72.9619     -72.8528
                -72.8486     -73.9168     -71.4621     -72.4769     -75.7665
   3      0     -72.0844     -71.6785     -74.6337     -74.5404     -73.8363
                -73.8871     -74.7061     -73.3821     -75.0628     -74.1227
                -73.2405     -71.2004     -72.4903     -74.0149     -74.4604
                -72.0752     -71.8937     -73.2766     -73.9150     -74.1102
                -75.4154     -74.8273     -74.5427     -74.5502     -75.7825
                -74.9926     -74.6594     -74.7566     -75.7996     -73.9366
                -73.6087     -73.4560     -72.8055     -74.0535     -73.0804
                -74.8594     -74.6160     -74.8087     -75.8111     -75.0731
                -74.3289     -75.4289     -74.2127     -73.0516     -72.8843
                -72.8704     -73.9209     -71.4266     -72.4776     -75.7530
   4      0     -71.9961     -71.6057     -74.5351     -74.5276     -73.7405
                -73.8550     -74.5766     -73.2924     -74.9836     -74.0424
                -73.1419     -71.0976     -72.4389     -73.8931     -74.3421
                -71.9650     -71.8754     -73.2162     -73.8375     -74.0579
                -75.3029     -74.7502     -74.4571     -74.4863     -75.6973
                -74.8848     -74.6075     -74.6708     -75.7837     -73.8742
                -73.4797     -73.3955     -72.8327     -73.9787     -73.0518
                -74.7948     -74.5141     -74.7136     -75.7306     -75.0039
                -74.2412     -75.3684     -74.1623     -72.9536     -72.7925
                -72.7969     -73.8689     -71.3272     -72.3653     -75.6827
   5      0     -72.0998     -71.7419     -74.6770     -74.6075     -73.9333
                -73.9299     -74.6794     -73.4532     -75.1392     -74.1710
                -73.3323     -71.1765     -72.5504     -74.0435     -74.4870
                -72.0810     -71.9305     -73.3286     -73.9775     -74.1227
                -75.4528     -74.8447     -74.5740     -74.5850     -75.7948
                -75.0352     -74.7095     -74.8385     -75.8808     -74.0099
                -73.6612     -73.4579     -72.9115     -74.1155     -73.0947
                -74.8703     -74.6502     -74.8516     -75.8220     -75.0605
                -74.3707     -75.4480     -74.2891     -73.0618     -72.9022
                -72.8960     -73.9473     -71.4572     -72.4774     -75.7764
   5     60     -72.9405     -72.5852     -75.5232     -75.4488     -74.7738
                -74.7728     -75.5223     -74.3016     -75.9810     -75.0101
                -74.1834     -72.0339     -73.4048     -74.8936     -75.3322
                -72.9333     -72.7832     -74.1744     -74.8305     -74.9763
                -76.3069     -75.7015     -75.4256     -75.4406     -76.6453
                -75.8844     -75.5662     -75.6951     -76.7288     -74.8600
                -74.5204     -74.3086     -73.7652     -74.9741     -73.9502
                -75.7170     -75.4966     -75.6995     -76.6762     -75.9064
                -75.2183     -76.2960     -75.1397     -73.9180     -73.7562
                -73.7501     -74.8055     -72.3230     -73.3345     -76.6234
   5     80     -76.3478     -75.9926     -78.9415     -78.8581     -78.1776
                -78.1783     -78.9371     -77.7261     -79.3871     -78.4139
                -77.5978     -75.4640     -76.8363     -78.3178     -78.7440
                -76.3612     -76.2074     -77.5994     -78.2745     -78.4125
                -79.7388     -79.1498     -78.8564     -78.8717     -80.0842
                -79.3113     -79.0104     -79.1376     -80.1598     -78.2785
                -77.9703     -77.7311     -77.1876     -78.4114     -77.3780
                -79.1393     -78.9215     -79.1195     -80.1329     -79.3352
                -78.6461     -79.7247     -78.5792     -77.3587     -77.1834
                -77.1798     -78.2392     -75.7715     -76.7722     -80.0568
   5    100     -83.4120     -83.0520     -86.0369     -85.9360     -85.2351
                -85.2418     -86.0215     -84.8115     -86.4467     -85.4573
                -84.6377     -82.5358     -83.9305     -85.3958     -85.8172
                -83.4450     -83.2769     -84.6911     -85.4016     -85.5287
                -86.8453     -86.2722     -85.9582     -85.9719     -87.2156
                -86.4163     -86.1401     -86.2488     -87.2657     -85.3729
                -85.0928     -84.8155     -84.2796     -85.5209     -84.4686
                -86.2369     -86.0227     -86.2234     -87.2904     -86.4562
                -85.7566     -86.8485     -85.7036     -84.4767     -84.2791
                -84.2867     -85.3406     -82.8725     -83.8830     -87.1866
 
 group  inft   Estimated free energy: 1-th solvent contribution (kcal/mol)
   1      0     -15.7715     -26.4958     -21.3883     -23.2981     -20.6905
                -20.0555     -21.0097     -27.1515     -21.7732     -23.5478
                -36.2577     -36.7160     -29.6011     -29.3197     -28.2655
                -28.4914     -28.9266     -21.9270     -27.1311     -29.8008
                -26.9092     -30.9500     -27.7473     -26.0151     -23.9692
                -27.9158     -33.0837     -34.6288     -25.7597     -34.3580
                -38.1615     -33.4964     -39.7649     -36.8741     -32.6415
                -21.2654     -29.0050     -29.1540     -32.4107     -19.7982
                -24.7208     -30.5580     -25.5529     -31.9667     -32.6147
                -35.1375     -33.5082     -38.6684     -28.3560     -17.3065
   1     60     -15.7938     -26.5183     -21.4110     -23.3212     -20.7128
                -20.0792     -21.0330     -27.1746     -21.7962     -23.5709
                -36.2809     -36.7392     -29.6237     -29.3428     -28.2883
                -28.5138     -28.9494     -21.9490     -27.1541     -29.8236
                -26.9321     -30.9735     -27.7711     -26.0382     -23.9919
                -27.9390     -33.1063     -34.6524     -25.7832     -34.3811
                -38.1849     -33.5197     -39.7881     -36.8976     -32.6646
                -21.2884     -29.0281     -29.1774     -32.4347     -19.8213
                -24.7440     -30.5818     -25.5760     -31.9902     -32.6383
                -35.1608     -33.5318     -38.6911     -28.3792     -17.3287
   1     80     -15.9013     -26.6273     -21.5196     -23.4316     -20.8198
                -20.1925     -21.1449     -27.2854     -21.9067     -23.6816
                -36.3931     -36.8501     -29.7323     -29.4536     -28.3980
                -28.6226     -29.0593     -22.0542     -27.2642     -29.9320
                -27.0414     -31.0852     -27.8846     -26.1486     -24.1002
                -28.0494     -33.2141     -34.7649     -25.8954     -34.4912
                -38.2959     -33.6304     -39.8980     -37.0087     -32.7748
                -21.3977     -29.1385     -29.2884     -32.5490     -19.9307
                -24.8543     -30.6940     -25.6857     -32.1018     -32.7504
                -35.2715     -33.6437     -38.7999     -28.4897     -17.4347
   1    100     -16.2354     -26.9627     -21.8576     -23.7709     -21.1541
                -20.5359     -21.4879     -27.6254     -22.2465     -24.0213
                -36.7326     -37.1870     -30.0677     -29.7945     -28.7361
                -28.9572     -29.3959     -22.3824     -27.6031     -30.2683
                -27.3782     -31.4277     -28.2287     -26.4889     -24.4385
                -28.3895     -33.5500     -35.1067     -26.2385     -34.8299
                -38.6366     -33.9688     -40.2355     -37.3490     -33.1130
                -21.7359     -29.4788     -29.6287     -32.8960     -20.2703
                -25.1939     -31.0367     -26.0257     -32.4439     -33.0924
                -35.6109     -33.9842     -39.1347     -28.8286     -17.7666
   2      0     -15.8042     -26.5159     -21.4198     -23.3213     -20.7115
                -20.0419     -21.0187     -27.1695     -21.7834     -23.5829
                -36.2464     -36.7224     -29.6219     -29.3356     -28.2791
                -28.5073     -28.9530     -21.9713     -27.1570     -29.8244
                -26.9271     -30.9777     -27.7249     -26.0318     -24.0066
                -27.9372     -33.1170     -34.6303     -25.7598     -34.3752
                -38.1822     -33.5280     -39.7796     -36.8741     -32.6456
                -21.2982     -29.0218     -29.1716     -32.4000     -19.8254
                -24.7460     -30.5713     -25.5813     -31.9967     -32.6304
                -35.1561     -33.5247     -38.6912     -28.3827     -17.3577
   3      0     -15.8101     -26.5304     -21.4281     -23.3201     -20.7471
                -20.0282     -21.0236     -27.1810     -21.8134     -23.6012
                -36.2595     -36.7460     -29.6261     -29.3588     -28.2913
                -28.5421     -28.9548     -21.9915     -27.1619     -29.8418
                -26.9375     -30.9849     -27.7154     -26.0524     -24.0305
                -27.9615     -33.1385     -34.6431     -25.7571     -34.3862
                -38.1985     -33.5361     -39.8117     -36.8906     -32.6531
                -21.3096     -29.0291     -29.1808     -32.4070     -19.8292
                -24.7518     -30.5667     -25.5956     -32.0156     -32.6514
                -35.1787     -33.5412     -38.7115     -28.4015     -17.3546
   4      0     -15.8219     -26.5490     -21.4317     -23.3277     -20.7296
                -20.0289     -21.0260     -27.1989     -21.7994     -23.5963
                -36.2636     -36.7326     -29.6393     -29.3505     -28.2892
                -28.5311     -28.9599     -22.0044     -27.1772     -29.8478
                -26.9436     -30.9878     -27.7089     -26.0473     -24.0382
                -27.9590     -33.1412     -34.6369     -25.7719     -34.4050
                -38.1880     -33.5543     -39.8001     -36.9006     -32.6466
                -21.3225     -29.0314     -29.1927     -32.4055     -19.8433
                -24.7767     -30.5728     -25.6077     -32.0141     -32.6408
                -35.1636     -33.5456     -38.7166     -28.4103     -17.3693
   5      0     -15.8288     -26.5481     -21.4433     -23.3194     -20.7604
                -20.0304     -21.0138     -27.2003     -21.8061     -23.5909
                -36.2747     -36.7464     -29.6381     -29.3642     -28.2975
                -28.5425     -28.9571     -22.0194     -27.1753     -29.8427
                -26.9594     -30.9840     -27.7018     -26.0659     -24.0490
                -27.9748     -33.1422     -34.6545     -25.7633     -34.4065
                -38.1981     -33.5421     -39.8085     -36.8916     -32.6546
                -21.3204     -29.0459     -29.1875     -32.4059     -19.8401
                -24.7596     -30.5692     -25.6175     -32.0152     -32.6379
                -35.1805     -33.5566     -38.6987     -28.4142     -17.3793
   5     60     -15.8577     -26.5774     -21.4727     -23.3492     -20.7892
                -20.0610     -21.0439     -27.2301     -21.8360     -23.6206
                -36.3051     -36.7766     -29.6675     -29.3941     -28.3271
                -28.5719     -28.9869     -22.0477     -27.2049     -29.8720
                -26.9888     -31.0142     -27.7326     -26.0958     -24.0780
                -28.0045     -33.1714     -34.6850     -25.7933     -34.4361
                -38.2281     -33.5721     -39.8383     -36.9219     -32.6847
                -21.3498     -29.0756     -29.2174     -32.4365     -19.8697
                -24.7892     -30.5996     -25.6470     -32.0454     -32.6682
                -35.2104     -33.5870     -38.7284     -28.4441     -17.4078
   5     80     -15.9879     -26.7093     -21.6049     -23.4834     -20.9193
                -20.1980     -21.1791     -27.3638     -21.9700     -23.7546
                -36.4412     -36.9109     -29.7995     -29.5283     -28.4601
                -28.7035     -29.1201     -22.1754     -27.3378     -30.0036
                -27.1210     -31.1496     -27.8701     -26.2298     -24.2091
                -28.1379     -33.3026     -34.8212     -25.9284     -34.5690
                -38.3626     -33.7060     -39.9714     -37.0571     -32.8190
                -21.4821     -29.2093     -29.3515     -32.5742     -20.0027
                -24.9225     -30.7357     -25.7799     -32.1806     -32.8037
                -35.3445     -33.7224     -38.8611     -28.5780     -17.5369
   5    100     -16.2989     -27.0216     -21.9197     -23.7998     -21.2307
                -20.5171     -21.4976     -27.6797     -22.2861     -24.0703
                -36.7573     -37.2249     -30.1112     -29.8448     -28.7745
                -29.0148     -29.4326     -22.4821     -27.6524     -30.3164
                -27.4341     -31.4674     -28.1908     -26.5470     -24.5239
                -28.4538     -33.6156     -35.1393     -26.2469     -34.8838
                -38.6791     -34.0208     -40.2849     -37.3740     -33.1346
                -21.7970     -29.5255     -29.6673     -32.8963     -20.3188
                -25.2378     -31.0547     -26.0960     -32.4982     -33.1211
                -35.6602     -34.0386     -39.1735     -28.8937     -17.8465
 
 group  inft   Estimated free energy: 2-th solvent contribution (kcal/mol)
   1      0     -56.2229     -45.0977     -53.1487     -51.0924     -53.0368
                -53.8722     -53.5986     -46.0992     -53.1865     -50.4118
                -36.8965     -34.3407     -42.8606     -44.5469     -46.1181
                -43.4965     -42.8832     -51.1623     -46.7475     -44.2055
                -48.4866     -43.7544     -46.7874     -48.4291     -51.8039
                -46.9803     -41.4960     -40.1157     -49.9753     -39.5388
                -35.3586     -39.9092     -32.9494     -37.0647     -40.4423
                -53.4373     -45.5512     -45.5900     -43.3742     -55.2169
                -49.5446     -44.8102     -48.6227     -40.9454     -40.1923
                -37.6573     -40.3123     -32.6644     -44.1177     -58.4011
   1     60     -56.8637     -45.7401     -53.7929     -51.7361     -53.6772
                -54.5144     -54.2420     -46.7458     -53.8287     -51.0493
                -37.5384     -34.9902     -43.5160     -45.1954     -46.7596
                -44.1410     -43.5311     -51.8127     -47.4003     -44.8579
                -49.1422     -44.4088     -47.4403     -49.0825     -52.4558
                -47.6343     -42.1514     -40.7718     -50.6244     -40.1901
                -36.0130     -40.5616     -33.6053     -37.7249     -41.0949
                -54.0891     -46.1981     -46.2441     -44.0296     -55.8689
                -50.1977     -45.4625     -49.2783     -41.6008     -40.8450
                -38.3108     -40.9679     -33.3270     -44.7724     -59.0538
   1     80     -59.6571     -48.5369     -56.5914     -54.5220     -56.4596
                -57.3009     -57.0368     -49.5503     -56.6121     -53.8364
                -40.3172     -37.8002     -46.3229     -47.9882     -49.5542
                -46.9577     -46.3386     -54.6163     -50.2241     -47.6661
                -51.9595     -47.2243     -50.2437     -51.8815     -55.2728
                -50.4409     -44.9711     -43.5923     -53.4316     -42.9931
                -38.8363     -43.3629     -36.4029     -40.5290     -43.8917
                -56.8920     -49.0022     -49.0470     -46.8595     -58.6689
                -53.0017     -48.2620     -52.0928     -44.4172     -43.6498
                -41.1121     -43.7684     -36.1510     -47.5889     -61.8627
   1    100     -67.0383     -55.9219     -64.0050     -61.9080     -63.8438
                -64.6770     -64.4243     -56.9386     -63.9921     -61.1853
                -47.6609     -45.1822     -53.7388     -55.3829     -56.9391
                -54.3760     -53.7311     -62.0239     -57.6782     -55.0965
                -59.3905     -54.6706     -57.6569     -59.2870     -62.7257
                -57.8582     -52.4221     -51.0274     -60.8492     -50.4080
                -46.2932     -50.7610     -43.7972     -47.9533     -51.2997
                -64.2989     -56.4165     -56.4625     -54.3231     -66.1077
                -60.4303     -55.6954     -59.5301     -51.8492     -51.0574
                -48.5221     -51.1930     -43.5834     -55.0249     -69.3197
   2      0     -56.2435     -45.1103     -53.1525     -51.1570     -53.0577
                -53.8572     -53.6334     -46.1328     -53.2147     -50.4223
                -36.9205     -34.3938     -42.8771     -44.5984     -46.1286
                -43.4950     -42.8934     -51.2226     -46.7437     -44.2085
                -48.4907     -43.7803     -46.8183     -48.4181     -51.7613
                -47.0071     -41.4891     -40.0715     -50.0146     -39.5388
                -35.4004     -39.9490     -33.0331     -37.1369     -40.4637
                -53.5051     -45.5755     -45.5898     -43.3773     -55.2466
                -49.5987     -44.8582     -48.6390     -40.9678     -40.2251
                -37.6952     -40.3947     -32.7735     -44.0968     -58.4114
   3      0     -56.2769     -45.1507     -53.2082     -51.2230     -53.0918
                -53.8615     -53.6851     -46.2038     -53.2521     -50.5241
                -36.9837     -34.4570     -42.8668     -44.6587     -46.1717
                -43.5357     -42.9416     -51.2878     -46.7557     -44.2711
                -48.4806     -43.8450     -46.8300     -48.5004     -51.7547
                -47.0338     -41.5235     -40.1161     -50.0451     -39.5530
                -35.4128     -39.9226     -32.9964     -37.1656     -40.4299
                -53.5524     -45.5896     -45.6305     -43.4068     -55.2465
                -49.5798     -44.8648     -48.6198     -41.0386     -40.2355
                -37.6943     -40.3823     -32.7177     -44.0787     -58.4010
   4      0     -56.1768     -45.0594     -53.1060     -51.2026     -53.0136
                -53.8288     -53.5532     -46.0961     -53.1868     -50.4488
                -36.8809     -34.3676     -42.8022     -44.5453     -46.0555
                -43.4366     -42.9181     -51.2144     -46.6630     -44.2127
                -48.3619     -43.7651     -46.7508     -48.4417     -51.6617
                -46.9284     -41.4689     -40.0364     -50.0144     -39.4719
                -35.2943     -39.8439     -33.0352     -37.0807     -40.4079
                -53.4749     -45.4853     -45.5235     -43.3277     -55.1633
                -49.4671     -44.7982     -48.5573     -40.9421     -40.1543
                -37.6359     -40.3259     -32.6132     -43.9576     -58.3160
   5      0     -56.2736     -45.1964     -53.2363     -51.2908     -53.1755
                -53.9021     -53.6682     -46.2555     -53.3357     -50.5828
                -37.0602     -34.4327     -42.9149     -44.6820     -46.1921
                -43.5411     -42.9760     -51.3118     -46.8048     -44.2826
                -48.4961     -43.8633     -46.8749     -48.5218     -51.7484
                -47.0631     -41.5699     -40.1866     -50.1201     -39.6061
                -35.4657     -39.9184     -33.1056     -37.2266     -40.4427
                -53.5526     -45.6070     -45.6667     -43.4187     -55.2230
                -49.6137     -44.8815     -48.6742     -41.0493     -40.2670
                -37.7181     -40.3934     -32.7612     -44.0659     -58.3997
   5     60     -57.0855     -46.0104     -54.0531     -52.1022     -53.9872
                -54.7144     -54.4810     -47.0741     -54.1477     -51.3921
                -37.8809     -35.2600     -43.7399     -45.5021     -47.0078
                -44.3641     -43.7990     -52.1294     -47.6283     -45.1070
                -49.3207     -44.6899     -47.6957     -49.3475     -52.5699
                -47.8826     -42.3975     -41.0127     -50.9381     -40.4265
                -36.2949     -40.7392     -33.9295     -38.0548     -41.2681
                -54.3699     -46.4236     -46.4847     -44.2423     -56.0394
                -50.4317     -45.6991     -49.4953     -41.8752     -41.0906
                -38.5423     -41.2212     -33.5972     -44.8930     -59.2182
   5     80     -60.3625     -49.2859     -57.3393     -55.3773     -57.2609
                -57.9830     -57.7606     -50.3649     -57.4197     -54.6620
                -41.1593     -38.5557     -47.0395     -48.7921     -50.2866
                -47.6603     -47.0900     -55.4266     -50.9393     -48.4115
                -52.6205     -48.0028     -50.9889     -52.6446     -55.8778
                -51.1760     -45.7104     -44.3190     -54.2340     -43.7121
                -39.6104     -44.0276     -37.2189     -41.3569     -44.5616
                -57.6598     -49.7148     -49.7706     -47.5614     -59.3351
                -53.7263     -48.9916     -52.8020     -45.1808     -44.3823
                -41.8380     -44.5194     -36.9130     -48.1969     -62.5225
   5    100     -67.1157     -56.0330     -64.1198     -62.1389     -64.0070
                -64.7272     -64.5266     -57.1344     -64.1633     -61.3897
                -47.8831     -45.3135     -53.8219     -55.5537     -57.0453
                -54.4329     -53.8469     -62.2116     -57.7518     -55.2149
                -59.4139     -54.8074     -57.7701     -59.4275     -62.6944
                -57.9652     -52.5271     -51.1121     -61.0214     -50.4917
                -46.4164     -50.7974     -43.9973     -48.1495     -51.3366
                -64.4425     -56.4998     -56.5587     -54.3967     -66.1400
                -60.5214     -55.7963     -59.6102     -51.9812     -51.1607
                -48.6291     -51.3047     -43.7016     -54.9920     -69.3428
 
 
 cumulative average & 95% error for solvation free energy
              total             1st component         2nd component
  1   -72.0844              -15.8101              -56.2769
  2   -71.8814     0.4059   -21.1703    10.7203   -50.7138    11.1261
  3   -72.7989     1.8497   -21.2562     6.1917   -51.5453     6.6354
  4   -73.2342     1.5713   -21.7722     4.4982   -51.4647     4.6947
  5   -73.3547     1.2407   -21.5672     3.5083   -51.7901     3.6943
  6   -73.4434     1.0285   -21.3107     2.9101   -52.1354     3.0944
  7   -73.6238     0.9411   -21.2697     2.4609   -52.3567     2.6525
  8   -73.5936     0.8173   -22.0086     2.5934   -51.5876     2.7646
  9   -73.7568     0.7913   -21.9869     2.2876   -51.7726     2.4660
 10   -73.7934     0.7115   -22.1483     2.0714   -51.6477     2.2198
 11   -73.7432     0.6514   -23.4312     3.1770   -50.3146     3.3377
 12   -73.5313     0.7302   -24.5407     3.6518   -48.9932     4.0334
 13   -73.4512     0.6905   -24.9319     3.4491   -48.5219     3.8281
 14   -73.4914     0.6443   -25.2481     3.2552   -48.2460     3.5868
 15   -73.5560     0.6136   -25.4510     3.0575   -48.1077     3.3506
 16   -73.4635     0.6031   -25.6442     2.8860   -47.8219     3.1858
 17   -73.3711     0.5958   -25.8389     2.7388   -47.5348     3.0472
 18   -73.3659     0.5619   -25.6252     2.6173   -47.7433     2.9030
 19   -73.3948     0.5346   -25.7061     2.4810   -47.6914     2.7479
 20   -73.4306     0.5122   -25.9129     2.3897   -47.5203     2.6293
 21   -73.5251     0.5226   -25.9616     2.2752   -47.5661     2.5026
 22   -73.5843     0.5121   -26.1900     2.2168   -47.3969     2.4100
 23   -73.6259     0.4964   -26.2563     2.1224   -47.3723     2.3033
 24   -73.6645     0.4815   -26.2478     2.0321   -47.4193     2.2073
 25   -73.7492     0.4919   -26.1591     1.9572   -47.5927     2.1454
 26   -73.7970     0.4822   -26.2284     1.8855   -47.5712     2.0617
 27   -73.8289     0.4684   -26.4844     1.8852   -47.3472     2.0338
 28   -73.8621     0.4562   -26.7757     1.9078   -47.0890     2.0267
 29   -73.9289     0.4600   -26.7406     1.8422   -47.1909     1.9662
 30   -73.9291     0.4444   -26.9955     1.8512   -46.9363     1.9666
 31   -73.9188     0.4303   -27.3569     1.9309   -46.5646     2.0422
 32   -73.9043     0.4177   -27.5500     1.9091   -46.3570     2.0205
 33   -73.8710     0.4102   -27.9215     1.9940   -45.9521     2.1191
 34   -73.8764     0.3981   -28.1853     2.0051   -45.6937     2.1198
 35   -73.8537     0.3893   -28.3130     1.9636   -45.5433     2.0802
 36   -73.8816     0.3824   -28.1184     1.9476   -45.7658     2.0700
 37   -73.9015     0.3740   -28.1431     1.8948   -45.7610     2.0133
 38   -73.9253     0.3672   -28.1704     1.8451   -45.7576     1.9596
 39   -73.9737     0.3705   -28.2790     1.8103   -45.6973     1.9125
 40   -74.0012     0.3653   -28.0677     1.8143   -45.9361     1.9242
 41   -74.0092     0.3566   -27.9869     1.7769   -46.0249     1.8851
 42   -74.0430     0.3545   -28.0483     1.7384   -45.9973     1.8405
 43   -74.0469     0.3463   -27.9913     1.7013   -46.0583     1.8013
 44   -74.0243     0.3413   -28.0827     1.6722   -45.9442     1.7747
 45   -73.9990     0.3375   -28.1842     1.6472   -45.8173     1.7532
 46   -73.9744     0.3337   -28.3363     1.6395   -45.6408     1.7507
 47   -73.9733     0.3265   -28.4470     1.6194   -45.5289     1.7276
 48   -73.9202     0.3368   -28.6609     1.6420   -45.2620     1.7735
 49   -73.8908     0.3351   -28.6556     1.6082   -45.2378     1.7376
 50   -73.9280     0.3366   -28.4296     1.6392   -45.5011     1.7820
 
 Mesh error is    0.081 kcal/mol
