 ERmod 0.3.8, Copyright (C) 2000-2019 Nobuyuki Matubayasi
                            2010-2019 Shun Sakuraba
 ERmod comes with ABSOLUTELY NO WARRANTY.
 This is free software, and you can redistribute it
 and/or modify it under certain conditions.
 See LICENSE file for details.
 
  Number of the   1-th solvent  =         1472
  Number of the   2-th solvent  =        10000
 
  Be sure that the solvent distribution is homogeneous (radial distribution function is essentially unity) when the solvent molecule is separated beyond distance of   10.0 Angstrom in any direction from any atom within the solute molecule
 
  LJ long-range correction    =        -3.5283     -5.7260
 
  Self-energy of the solute   =        -0.0079  kcal/mol
 
 
 cumulative average & 95% error for solvation energy
              total             1st component         2nd component
  1  -485.3892             -186.5451             -298.8362
  2  -483.1995     4.3796  -180.7685    11.5532  -302.4230     7.1736
  3  -482.2206     3.1978  -178.3655     8.2213  -303.8472     5.0266
  4  -482.5466     2.3533  -179.4172     6.1822  -303.1215     3.8393
  5  -482.5252     1.8234  -177.5333     6.0932  -304.9839     4.7663
  6  -482.7344     1.5465  -174.9113     7.2285  -307.8152     6.8710
  7  -482.3251     1.5422  -171.0284     9.8808  -311.2888     9.0545
  8  -482.2489     1.3443  -170.9361     8.5590  -311.3049     7.8415
  9  -481.9911     1.2928  -172.7597     8.3832  -309.2235     8.0718
 10  -482.1714     1.2113  -174.3138     8.1169  -307.8496     7.7248
 11  -482.5117     1.2898  -174.2767     7.3424  -308.2271     7.0280
 12  -482.4821     1.1789  -173.4179     6.9193  -309.0563     6.6265
 13  -482.1335     1.2893  -174.2754     6.5918  -307.8502     6.5555
 14  -481.9339     1.2586  -174.3724     6.1059  -307.5536     6.0982
 15  -481.7182     1.2486  -176.3763     6.9551  -305.3339     7.2067
 16  -481.5306     1.2267  -177.3108     6.7691  -304.2119     7.1049
 17  -481.5837     1.1572  -178.3516     6.6905  -303.2241     6.9602
 18  -481.8741     1.2360  -178.9785     6.4313  -302.8877     6.5965
 19  -481.9416     1.1769  -179.6598     6.2341  -302.2739     6.3593
 20  -481.9548     1.1168  -179.7189     5.9154  -302.2280     6.0336
 21  -481.8929     1.0695  -179.7075     5.6267  -302.1775     5.7400
 22  -481.8822     1.0199  -179.0443     5.5264  -302.8299     5.6263
 23  -481.9298     0.9792  -178.9607     5.2833  -302.9612     5.3825
 24  -482.2560     1.1421  -179.2920     5.1016  -302.9561     5.1534
 25  -482.5324     1.2271  -178.8686     4.9660  -303.6558     5.1373
 26  -482.7055     1.2287  -177.9321     5.1256  -304.7654     5.4117
 27  -482.6830     1.1832  -176.9558     5.3046  -305.7193     5.5458
 28  -482.6989     1.1406  -176.7896     5.1224  -305.9015     5.3565
 29  -482.5756     1.1279  -177.1872     5.0062  -305.3804     5.2725
 30  -482.3980     1.1460  -177.2428     4.8377  -305.1473     5.1150
 31  -482.2501     1.1473  -176.6410     4.8314  -305.6012     5.0299
 32  -482.2790     1.1123  -175.8431     4.9426  -306.4279     5.1432
 33  -482.2300     1.0825  -176.0486     4.8081  -306.1735     5.0108
 34  -482.1774     1.0555  -175.4751     4.8035  -306.6944     4.9716
 35  -482.1027     1.0357  -175.5107     4.6648  -306.5840     4.8325
 36  -481.9460     1.0542  -174.8949     4.6977  -307.0432     4.7853
 37  -481.9996     1.0308  -174.1487     4.8065  -307.8429     4.9213
 38  -482.1436     1.0439  -173.9349     4.6978  -308.2007     4.8432
 39  -482.1349     1.0169  -173.2971     4.7503  -308.8299     4.8823
 40  -482.1248     0.9914  -172.5380     4.8726  -309.5789     4.9889
 41  -482.1398     0.9673  -172.3345     4.7696  -309.7974     4.8853
 42  -482.2940     0.9931  -172.5266     4.6705  -309.7595     4.7682
 43  -482.2596     0.9722  -172.1797     4.6131  -310.0719     4.6977
 44  -482.3038     0.9539  -171.7839     4.5760  -310.5119     4.6733
 45  -482.3833     0.9460  -172.1606     4.5361  -310.2148     4.6067
 46  -482.5019     0.9551  -172.2801     4.4428  -310.2139     4.5055
 47  -482.5088     0.9347  -171.9406     4.4000  -310.5603     4.4627
 48  -482.3609     0.9616  -172.5456     4.4741  -309.8074     4.6210
 49  -482.3328     0.9435  -172.6369     4.3856  -309.6880     4.5320
 50  -482.2741     0.9318  -172.3745     4.3289  -309.8917     4.4591
 
 
 group  inft  solvation free energy     error          difference
  total solvation free energy
   1      0       -118.98462           0.41393           0.06893
   1     60       -120.82713           0.41322          -1.77357
   1     80       -125.68199           0.41316          -6.62844
   1    100       -133.95690           0.41603         -14.90335
   2      0       -119.03081           0.41679           0.02275
   3      0       -119.05356           0.41641           0.00000
   4      0       -119.04955           0.41528           0.00400
   5      0       -119.10419           0.41552          -0.05063
   5     60       -121.34330           0.41462          -2.28975
   5     80       -126.68459           0.41501          -7.63104
   5    100       -134.12524           0.41698         -15.07168
 
  contribution from  1-th solvent component
   1      0        -60.95046           1.80677           0.03276
   1     60        -61.23832           1.80699          -0.25510
   1     80        -62.00555           1.80751          -1.02233
   1    100        -63.39470           1.80790          -2.41148
   2      0        -60.96482           1.80597           0.01840
   3      0        -60.98322           1.80674           0.00000
   4      0        -60.97730           1.80617           0.00592
   5      0        -60.98396           1.80516          -0.00074
   5     60        -61.33373           1.80542          -0.35051
   5     80        -62.18272           1.80592          -1.19950
   5    100        -63.43860           1.80627          -2.45538
 
  contribution from  2-th solvent component
   1      0        -58.02622           1.91377           0.03617
   1     60        -59.58086           1.91256          -1.51847
   1     80        -63.66850           1.91006          -5.60611
   1    100        -70.55427           1.90795         -12.49187
   2      0        -58.05804           1.91269           0.00435
   3      0        -58.06240           1.91477           0.00000
   4      0        -58.06431           1.91193          -0.00192
   5      0        -58.11229           1.91251          -0.04989
   5     60        -60.00163           1.91095          -1.93924
   5     80        -64.49393           1.90847          -6.43154
   5    100        -70.67870           1.90623         -12.61630
 
 
 group  inft   Estimated free energy: total (kcal/mol)
   1      0    -120.0586    -117.8637    -118.3690    -119.2919    -118.8508
               -120.2198    -118.2948    -119.3745    -117.6396    -119.4931
               -120.4297    -119.2149    -116.3537    -117.4068    -116.5571
               -117.2649    -119.4399    -120.8529    -119.0396    -118.8325
               -118.3730    -118.7161    -119.5084    -122.0874    -121.6725
               -120.8640    -119.4549    -119.2583    -117.1847    -116.8555
               -117.5344    -119.8105    -117.2137    -118.3387    -117.3939
               -116.9226    -120.2143    -121.9768    -118.9945    -118.4927
               -119.4352    -121.5454    -119.1595    -120.3560    -119.9772
               -120.6506    -119.5643    -116.3840    -118.2239    -118.2200
   1     60    -121.9069    -119.7119    -120.2104    -121.1304    -120.6991
               -122.0507    -120.1229    -121.2088    -119.4934    -121.3414
               -122.2847    -121.0558    -118.2039    -119.2513    -118.4119
               -119.1076    -121.2870    -122.6997    -120.8955    -120.6796
               -120.2193    -120.5621    -121.3585    -123.9220    -123.4856
               -122.6883    -121.2861    -121.0981    -119.0323    -118.6954
               -119.3723    -121.6519    -119.0608    -120.1758    -119.2449
               -118.7668    -122.0458    -123.8209    -120.8365    -120.3343
               -121.2779    -123.4002    -120.9912    -122.1918    -121.8239
               -122.5046    -121.3985    -118.2274    -120.0748    -120.0555
   1     80    -126.7770    -124.5694    -125.0607    -125.9767    -125.5547
               -126.8858    -124.9430    -126.0491    -124.3757    -126.2109
               -127.1655    -125.9186    -123.0725    -124.1186    -123.2881
               -123.9726    -126.1466    -127.5704    -125.7755    -125.5437
               -125.0769    -125.4166    -126.2209    -128.7911    -128.3193
               -127.5279    -126.1108    -125.9509    -123.8863    -123.5407
               -124.2017    -126.5074    -123.9229    -125.0185    -124.0928
               -123.6102    -126.8880    -128.6672    -125.6935    -125.1739
               -126.1371    -128.2668    -125.8184    -127.0377    -126.6946
               -127.3837    -126.2431    -123.0911    -124.9466    -124.8878
   1    100    -135.0582    -132.8379    -133.3181    -134.2294    -133.8364
               -135.1209    -133.1565    -134.3230    -132.6683    -134.4791
               -135.4766    -134.1650    -131.3468    -132.3916    -131.5568
               -132.2474    -134.4613    -135.8749    -134.0836    -133.8117
               -133.3436    -133.6847    -134.5151    -137.1346    -136.6343
               -135.8199    -134.3694    -134.2107    -132.1740    -131.8079
               -132.4568    -134.8034    -132.1898    -133.2626    -132.3474
               -131.8825    -135.1491    -136.9592    -133.9654    -133.4257
               -134.4066    -136.5574    -134.0765    -135.3009    -134.9838
               -135.6835    -134.5183    -131.3753    -133.2156    -133.1474
   2      0    -120.1230    -117.9415    -118.3480    -119.3873    -118.8493
               -120.3529    -118.3191    -119.4025    -117.7262    -119.5424
               -120.4581    -119.2519    -116.4391    -117.5164    -116.6140
               -117.3438    -119.4980    -120.9017    -119.0828    -118.9052
               -118.4288    -118.7065    -119.5522    -122.1509    -121.7625
               -120.9506    -119.4375    -119.3230    -117.1584    -116.8661
               -117.5902    -119.8915    -117.2504    -118.3676    -117.4393
               -116.9906    -120.2273    -122.1062    -119.0061    -118.5628
               -119.3668    -121.6617    -119.1929    -120.4463    -120.0155
               -120.6361    -119.6365    -116.4102    -118.1697    -118.2330
   3      0    -120.1928    -117.9665    -118.3964    -119.4447    -118.8718
               -120.3534    -118.3803    -119.4145    -117.7762    -119.5499
               -120.4672    -119.3002    -116.4379    -117.5424    -116.5780
               -117.3951    -119.5496    -120.9178    -119.0701    -118.9234
               -118.4137    -118.7697    -119.5753    -122.1662    -121.7773
               -120.9401    -119.5021    -119.3090    -117.1980    -116.8988
               -117.6558    -119.9629    -117.2471    -118.4017    -117.4774
               -116.9965    -120.2792    -122.0805    -118.9988    -118.5582
               -119.4232    -121.6758    -119.2185    -120.4242    -120.0231
               -120.6616    -119.6612    -116.3867    -118.1789    -118.2876
   4      0    -120.1197    -118.0039    -118.4323    -119.3717    -118.9050
               -120.2915    -118.3136    -119.3809    -117.7221    -119.5422
               -120.4490    -119.2452    -116.4233    -117.5786    -116.6504
               -117.4230    -119.5257    -120.9136    -119.1195    -118.9228
               -118.4198    -118.7011    -119.6026    -122.1390    -121.7618
               -120.8919    -119.4943    -119.3145    -117.1498    -116.8476
               -117.6410    -119.9085    -117.2625    -118.3877    -117.5287
               -116.9785    -120.2623    -122.1640    -118.9652    -118.5975
               -119.4357    -121.6920    -119.2270    -120.4636    -120.0307
               -120.6681    -119.6965    -116.4339    -118.2069    -118.2709
   5      0    -120.1484    -118.0130    -118.4391    -119.4480    -118.9784
               -120.3802    -118.4226    -119.4423    -117.7739    -119.5843
               -120.4734    -119.3576    -116.4339    -117.6184    -116.6833
               -117.4391    -119.5967    -120.9940    -119.1768    -118.9401
               -118.4901    -118.7867    -119.6526    -122.2575    -121.7650
               -120.9992    -119.5404    -119.3609    -117.2713    -116.9085
               -117.6479    -119.9248    -117.3120    -118.4688    -117.6023
               -117.0644    -120.3208    -122.1938    -119.0891    -118.6130
               -119.4950    -121.7153    -119.3050    -120.4968    -120.0746
               -120.6870    -119.7458    -116.4762    -118.2765    -118.3244
   5     60    -122.3910    -120.2552    -120.6758    -121.6872    -121.2202
               -122.6081    -120.6441    -121.6725    -120.0272    -121.8309
               -122.7238    -121.5973    -118.6825    -119.8624    -118.9365
               -119.6850    -121.8405    -123.2427    -121.4308    -121.1892
               -120.7309    -121.0282    -121.8957    -124.4836    -123.9681
               -123.2194    -121.7654    -121.5979    -119.5164    -119.1468
               -119.8754    -122.1614    -119.5604    -120.7046    -119.8456
               -119.3044    -122.5487    -124.4359    -121.3233    -120.8483
               -121.7321    -123.9638    -121.5312    -122.7306    -122.3234
               -122.9409    -121.9791    -118.7198    -120.5259    -120.5552
   5     80    -127.7418    -125.6025    -126.0016    -127.0250    -126.5643
               -127.9206    -125.9442    -126.9956    -125.3917    -127.1848
               -128.0863    -126.9365    -124.0374    -125.2169    -124.2959
               -125.0360    -127.1972    -128.6035    -126.8031    -126.5396
               -126.0704    -126.3626    -127.2465    -129.8485    -129.2995
               -128.5512    -127.0795    -126.9345    -124.8595    -124.4739
               -125.1913    -127.4960    -124.9134    -126.0391    -125.1846
               -124.6383    -127.8734    -129.7788    -126.6624    -126.1834
               -127.0736    -129.3255    -126.8426    -128.0693    -127.6765
               -128.3047    -127.3067    -124.0628    -125.8754    -125.8814
   5    100    -135.1865    -133.0402    -133.4294    -134.4469    -133.9966
               -135.3400    -133.3315    -134.4323    -132.8573    -134.6273
               -135.5597    -134.3715    -131.4696    -132.6546    -131.7382
               -132.4848    -134.6648    -136.0770    -134.2744    -133.9728
               -133.5128    -133.7956    -134.7060    -137.3448    -136.7409
               -135.9982    -134.5023    -134.3682    -132.2968    -131.9173
               -132.6188    -134.9508    -132.3516    -133.4556    -132.6086
               -132.0768    -135.2968    -137.2425    -134.0907    -133.6004
               -134.5093    -136.7706    -134.2714    -135.5032    -135.1335
               -135.7618    -134.7500    -131.5158    -133.3137    -133.3017
 
 group  inft   Estimated free energy: 1-th solvent contribution (kcal/mol)
   1      0     -67.0732     -61.9852     -61.4437     -65.3236     -60.3843
                -56.7769     -50.3727     -60.7269     -67.0525     -67.6646
                -61.5341     -57.5329     -65.3485     -61.8682     -73.6464
                -69.0922     -70.6324     -68.5754     -69.2116     -64.1809
                -63.7692     -58.0372     -63.6653     -68.1026     -60.3485
                -54.0260     -52.7803     -60.8591     -67.0558     -63.5443
                -54.9925     -52.1215     -64.1952     -53.5480     -61.6391
                -52.6881     -50.5066     -58.7885     -50.6593     -47.9996
                -57.8076     -64.4058     -55.0814     -53.8869     -67.8055
                -62.9970     -54.6259     -72.8933     -62.5834     -55.6834
   1     60     -67.3608     -62.2727     -61.7297     -65.6109     -60.6721
                -57.0628     -50.6597     -61.0146     -67.3427     -67.9518
                -61.8244     -57.8204     -65.6388     -62.1551     -73.9361
                -69.3799     -70.9193     -68.8641     -69.5012     -64.4702
                -64.0577     -58.3261     -63.9554     -68.3908     -60.6324
                -54.3127     -53.0659     -61.1468     -67.3446     -63.8316
                -55.2793     -52.4101     -64.4844     -53.8346     -61.9289
                -52.9741     -50.7920     -59.0762     -50.9474     -48.2872
                -58.0943     -64.6962     -55.3680     -54.1738     -68.0939
                -63.2873     -54.9117     -73.1820     -62.8739     -55.9694
   1     80     -68.1281     -63.0380     -62.4922     -66.3774     -61.4375
                -57.8265     -51.4250     -61.7818     -68.1156     -68.7183
                -62.5973     -58.5889     -66.4113     -62.9213     -74.7065
                -70.1480     -71.6833     -69.6344     -70.2718     -65.2407
                -64.8256     -59.0949     -64.7260     -69.1630     -61.3965
                -55.0808     -53.8273     -61.9140     -68.1123     -64.5963
                -56.0417     -53.1800     -65.2546     -54.5984     -62.6967
                -53.7345     -51.5553     -59.8410     -51.7155     -49.0522
                -58.8591     -65.4677     -56.1318     -54.9399     -68.8634
                -64.0606     -55.6754     -73.9515     -63.6470     -56.7312
   1    100     -69.5154     -64.4245     -63.8753     -67.7649     -62.8265
                -59.2094     -52.8110     -63.1728     -69.5093     -70.1043
                -63.9955     -59.9785     -67.8040     -64.3082     -76.0914
                -71.5375     -73.0747     -71.0305     -71.6672     -66.6295
                -66.2151     -60.4872     -66.1219     -70.5650     -62.7878
                -56.4740     -55.2132     -63.2997     -69.4996     -65.9793
                -57.4235     -54.5775     -66.6433     -55.9784     -64.0812
                -55.1181     -52.9416     -61.2303     -53.1039     -50.4403
                -60.2452     -66.8652     -57.5184     -56.3292     -70.2531
                -65.4573     -57.0633     -75.3395     -65.0379     -58.1141
   2      0     -67.1101     -62.0294     -61.4449     -65.3444     -60.3904
                -56.8121     -50.3785     -60.7366     -67.0575     -67.6619
                -61.5280     -57.5437     -65.3544     -61.8880     -73.6624
                -69.1150     -70.6851     -68.5858     -69.2230     -64.2006
                -63.7899     -58.0194     -63.6853     -68.0978     -60.3742
                -54.0370     -52.7856     -60.8808     -67.0563     -63.5436
                -55.0153     -52.1191     -64.1784     -53.5637     -61.6569
                -52.7171     -50.5228     -58.8268     -50.6877     -48.0410
                -57.8145     -64.4294     -55.1122     -53.9170     -67.8190
                -62.9956     -54.6597     -72.8954     -62.5448     -55.7033
   3      0     -67.1361     -62.0440     -61.4713     -65.3933     -60.4165
                -56.8381     -50.4006     -60.7695     -67.1018     -67.6840
                -61.5437     -57.5691     -65.3704     -61.9158     -73.6567
                -69.1581     -70.6861     -68.6061     -69.2455     -64.2257
                -63.8059     -58.0434     -63.7042     -68.1248     -60.3952
                -54.0611     -52.8037     -60.8855     -67.0890     -63.5466
                -55.0431     -52.1411     -64.1687     -53.5667     -61.6812
                -52.7063     -50.5465     -58.8256     -50.6990     -48.0286
                -57.8346     -64.4505     -55.1257     -53.9358     -67.8382
                -63.0075     -54.6624     -72.9129     -62.5714     -55.7232
   4      0     -67.1227     -62.0450     -61.4893     -65.3695     -60.4090
                -56.8226     -50.3733     -60.7388     -67.0692     -67.6580
                -61.5405     -57.5314     -65.3633     -61.9271     -73.6853
                -69.1325     -70.6912     -68.6211     -69.2326     -64.2170
                -63.7963     -58.0184     -63.6876     -68.1209     -60.4131
                -54.0284     -52.8040     -60.8848     -67.0586     -63.5262
                -55.0409     -52.1351     -64.1677     -53.5995     -61.6951
                -52.7140     -50.5311     -58.8421     -50.7056     -48.0511
                -57.8410     -64.4435     -55.1257     -53.9255     -67.8269
                -63.0113     -54.6632     -72.8937     -62.5628     -55.7115
   5      0     -67.1367     -62.0407     -61.4848     -65.3710     -60.4306
                -56.8401     -50.4173     -60.7314     -67.0786     -67.6740
                -61.5305     -57.5622     -65.3698     -61.9261     -73.6890
                -69.1213     -70.7035     -68.5842     -69.2502     -64.1940
                -63.7850     -58.0340     -63.7061     -68.1274     -60.3968
                -54.0509     -52.8070     -60.8940     -67.0727     -63.5307
                -55.0416     -52.1303     -64.1774     -53.5990     -61.7056
                -52.7406     -50.5428     -58.8420     -50.7166     -48.0688
                -57.8440     -64.4431     -55.1199     -53.9372     -67.8399
                -63.0041     -54.6971     -72.9189     -62.5681     -55.7208
   5     60     -67.4859     -62.3897     -61.8325     -65.7207     -60.7799
                -57.1882     -50.7660     -61.0812     -67.4312     -68.0229
                -61.8829     -57.9119     -65.7223     -62.2753     -74.0409
                -69.4717     -71.0521     -68.9355     -69.6021     -64.5461
                -64.1349     -58.3846     -64.0576     -68.4763     -60.7415
                -54.3997     -53.1540     -61.2437     -67.4235     -63.8799
                -55.3894     -52.4805     -64.5292     -53.9477     -62.0569
                -53.0881     -50.8898     -59.1918     -51.0665     -48.4179
                -58.1923     -64.7949     -55.4681     -54.2865     -68.1908
                -63.3571     -55.0449     -73.2700     -62.9210     -56.0685
   5     80     -68.3345     -63.2375     -62.6757     -66.5696     -61.6274
                -58.0330     -51.6125     -61.9302     -68.2853     -68.8699
                -62.7373     -58.7608     -66.5760     -63.1237     -74.8929
                -70.3216     -71.8995     -69.7882     -70.4558     -65.3983
                -64.9840     -59.2340     -64.9101     -69.3305     -61.5888
                -55.2507     -53.9971     -62.0922     -68.2731     -64.7255
                -56.2336     -53.3306     -65.3813     -54.7939     -62.9071
                -53.9305     -51.7343     -60.0397     -51.9166     -49.2658
                -59.0389     -65.6487     -56.3133     -55.1356     -69.0415
                -64.2125     -55.8896     -74.1195     -63.7747     -56.9130
   5    100     -69.5892     -64.4920     -63.9274     -67.8236     -62.8812
                -59.2853     -52.8654     -63.1879     -69.5465     -70.1229
                -64.0006     -60.0196     -67.8326     -64.3788     -76.1467
                -71.5786     -73.1575     -71.0517     -71.7178     -66.6545
                -66.2416     -60.4917     -66.1713     -70.5947     -62.8422
                -56.5101     -55.2491     -63.3457     -69.5253     -65.9776
                -57.4840     -54.5922     -66.6354     -56.0424     -64.1589
                -55.1818     -52.9871     -61.2977     -53.1722     -50.5199
                -60.2934     -66.9091     -57.5677     -56.3929     -70.2987
                -65.4749     -57.1440     -75.3735     -65.0320     -58.1630
 
 group  inft   Estimated free energy: 2-th solvent contribution (kcal/mol)
   1      0     -52.9775     -55.8705     -56.9174     -53.9603     -58.4585
                -63.4350     -67.9143     -58.6396     -50.5792     -51.8206
                -58.8877     -61.6741     -50.9973     -55.5307     -42.9028
                -48.1648     -48.7995     -52.2696     -49.8200     -54.6437
                -54.5959     -60.6710     -55.8352     -53.9769     -61.3160
                -66.8300     -66.6667     -58.3912     -50.1210     -53.3033
                -62.5339     -67.6810     -53.0106     -64.7828     -55.7469
                -64.2266     -69.6998     -63.1803     -68.3273     -70.4851
                -61.6197     -57.1317     -64.0701     -66.4612     -52.1637
                -57.6457     -64.9305     -43.4828     -55.6325     -62.5287
   1     60     -54.5381     -57.4313     -58.4728     -55.5115     -60.0191
                -64.9800     -69.4553     -60.1862     -52.1428     -53.3817
                -60.4523     -63.2274     -52.5572     -57.0883     -44.4679
                -49.7198     -50.3597     -53.8276     -51.3863     -56.2015
                -56.1537     -62.2281     -57.3952     -55.5233     -62.8453
                -68.3677     -68.2122     -59.9434     -51.6797     -54.8559
                -64.0850     -69.2338     -54.5684     -66.3333     -57.3081
                -65.7847     -71.2459     -64.7367     -69.8811     -72.0392
                -63.1756     -58.6960     -65.6152     -68.0100     -53.7221
                -59.2093     -66.4788     -45.0375     -57.1929     -64.0781
   1     80     -58.6410     -61.5234     -62.5606     -59.5913     -64.1093
                -69.0513     -73.5100     -64.2594     -56.2522     -57.4847
                -64.5602     -67.3217     -56.6533     -61.1894     -48.5736
                -53.8167     -54.4554     -57.9281     -55.4958     -60.2950
                -60.2434     -66.3138     -61.4869     -59.6201     -66.9149
                -72.4391     -72.2756     -64.0290     -55.7661     -58.9365
                -68.1521     -73.3195     -58.6604     -70.4122     -61.3882
                -69.8677     -75.3247     -68.8183     -73.9701     -76.1138
                -67.2701     -62.7912     -69.6786     -72.0899     -57.8233
                -63.3152     -70.5598     -49.1316     -61.2917     -68.1487
   1    100     -65.5349     -68.4055     -69.4349     -66.4566     -71.0020
                -75.9035     -80.3376     -71.1422     -63.1511     -64.3668
                -71.4731     -74.1786     -63.5348     -68.0754     -55.4574
                -60.7019     -61.3787     -64.8365     -62.4084     -67.1742
                -67.1206     -73.1896     -68.3853     -66.5617     -73.8385
                -79.3380     -79.1483     -70.9031     -62.6664     -65.8207
                -75.0254     -80.2180     -65.5386     -77.2763     -68.2583
                -76.7564     -82.1996     -75.7209     -80.8536     -82.9775
                -74.1535     -69.6843     -76.5502     -78.9637     -64.7227
                -70.2183     -77.4470     -56.0279     -68.1698     -75.0253
   2      0     -53.0050     -55.9042     -56.8952     -54.0350     -58.4509
                -63.5329     -67.9327     -58.6580     -50.6607     -51.8725
                -58.9221     -61.7003     -51.0768     -55.6204     -42.9436
                -48.2208     -48.8049     -52.3079     -49.8518     -54.6967
                -54.6309     -60.6791     -55.8589     -54.0452     -61.3804
                -66.9056     -66.6440     -58.4343     -50.0942     -53.3146
                -62.5670     -67.7644     -53.0641     -64.7960     -55.7745
                -64.2656     -69.6966     -63.2715     -68.3105     -70.5138
                -61.5444     -57.2244     -64.0727     -66.5214     -52.1886
                -57.6325     -64.9689     -43.5069     -55.6170     -62.5217
   3      0     -53.0487     -55.9145     -56.9171     -54.0434     -58.4474
                -63.5073     -67.9717     -58.6370     -50.6665     -51.8580
                -58.9155     -61.7232     -51.0596     -55.6186     -42.9134
                -48.2290     -48.8555     -52.3038     -49.8166     -54.6898
                -54.5998     -60.7184     -55.8631     -54.0335     -61.3742
                -66.8710     -66.6905     -58.4156     -50.1011     -53.3443
                -62.6048     -67.8139     -53.0705     -64.8271     -55.7883
                -64.2823     -69.7247     -63.2469     -68.2919     -70.5217
                -61.5807     -57.2173     -64.0849     -66.4805     -52.1769
                -57.6462     -64.9909     -43.4659     -55.5995     -62.5564
   4      0     -52.9890     -55.9510     -56.9351     -53.9942     -58.4881
                -63.4609     -67.9323     -58.6342     -50.6449     -51.8762
                -58.9005     -61.7059     -51.0521     -55.6436     -42.9572
                -48.2826     -48.8265     -52.2846     -49.8789     -54.6979
                -54.6156     -60.6748     -55.9071     -54.0102     -61.3407
                -66.8555     -66.6824     -58.4218     -50.0833     -53.3134
                -62.5921     -67.7655     -53.0869     -64.7803     -55.8257
                -64.2565     -69.7233     -63.3140     -68.2517     -70.5385
                -61.5868     -57.2405     -64.0934     -66.5302     -52.1959
                -57.6488     -65.0253     -43.5323     -55.6361     -62.5515
   5      0     -53.0038     -55.9643     -56.9464     -54.0691     -58.5399
                -63.5322     -67.9973     -58.7030     -50.6873     -51.9023
                -58.9350     -61.7874     -51.0562     -55.6843     -42.9864
                -48.3098     -48.8853     -52.4019     -49.9186     -54.7382
                -54.6972     -60.7447     -55.9385     -54.1221     -61.3602
                -66.9403     -66.7254     -58.4590     -50.1907     -53.3699
                -62.5984     -67.7865     -53.1267     -64.8619     -55.8888
                -64.3159     -69.7701     -63.3438     -68.3646     -70.5363
                -61.6431     -57.2642     -64.1772     -66.5516     -52.2268
                -57.6749     -65.0408     -43.5494     -55.7004     -62.5956
   5     60     -54.8972     -57.8575     -58.8354     -55.9585     -60.4324
                -65.4119     -69.8701     -60.5833     -52.5880     -53.8001
                -60.8330     -63.6775     -52.9523     -57.5791     -44.8876
                -50.2054     -50.7805     -54.2992     -51.8208     -56.6352
                -56.5880     -62.6356     -57.8302     -55.9994     -63.2187
                -68.8118     -68.6035     -60.3464     -52.0849     -55.2590
                -64.4781     -69.6729     -55.0232     -66.7490     -57.7808
                -66.2083     -71.6509     -65.2362     -70.2488     -72.4225
                -63.5319     -59.1610     -66.0551     -68.4362     -54.1246
                -59.5759     -66.9263     -45.4418     -57.5970     -64.4788
   5     80     -59.3994     -62.3571     -63.3179     -60.4475     -64.9289
                -69.8797     -74.3238     -65.0575     -57.0985     -58.3070
                -65.3411     -68.1677     -57.4534     -62.0853     -49.3950
                -54.7064     -55.2898     -58.8074     -56.3394     -61.1333
                -61.0785     -67.1207     -62.3285     -60.5100     -67.7028
                -73.2925     -73.0745     -64.8344     -56.5785     -59.7405
                -68.9497     -74.1574     -59.5242     -71.2373     -62.2696
                -70.6998     -76.1311     -69.7311     -74.7379     -76.9097
                -68.0267     -63.6689     -70.5214     -72.9258     -58.6271
                -64.0843     -71.4092     -49.9354     -62.0927     -68.9605
   5    100     -65.5893     -68.5402     -69.4940     -66.6153     -71.1075
                -76.0467     -80.4582     -71.2365     -63.3029     -64.4965
                -71.5511     -74.3439     -63.6290     -68.2678     -55.5836
                -60.8983     -61.4993     -65.0174     -62.5487     -67.3104
                -67.2632     -73.2960     -68.5267     -66.7422     -73.8908
                -79.4802     -79.2453     -71.0146     -62.7635     -65.9318
                -75.1269     -80.3506     -65.7082     -77.4052     -68.4418
                -76.8870     -82.3018     -75.9369     -80.9106     -83.0725
                -74.2080     -69.8536     -76.6958     -79.1024     -64.8269
                -70.2790     -77.5980     -56.1343     -68.2738     -75.1307
 
 
 cumulative average & 95% error for solvation free energy
              total             1st component         2nd component
  1  -120.1928              -67.1361              -53.0487
  2  -119.0796     2.2263   -64.5901     5.0921   -54.4816     2.8658
  3  -118.8519     1.3637   -63.5505     3.6009   -55.2935     2.3182
  4  -119.0001     1.0088   -64.0112     2.7078   -54.9809     1.7543
  5  -118.9744     0.7831   -63.2923     2.5430   -55.6742     1.9415
  6  -119.2043     0.7875   -62.2166     2.9899   -56.9798     3.0546
  7  -119.0866     0.7059   -60.5286     4.2170   -58.5500     4.0654
  8  -119.1275     0.6168   -60.5587     3.6525   -58.5609     3.5208
  9  -118.9774     0.6214   -61.2857     3.5342   -57.6838     3.5664
 10  -119.0346     0.5675   -61.9255     3.4102   -57.1012     3.3960
 11  -119.1649     0.5756   -61.8908     3.0855   -57.2661     3.0895
 12  -119.1762     0.5259   -61.5307     2.9073   -57.6375     2.9165
 13  -118.9655     0.6415   -61.8260     2.7388   -57.1315     2.8673
 14  -118.8639     0.6277   -61.8325     2.5356   -57.0235     2.6634
 15  -118.7115     0.6591   -62.6207     2.8386   -56.0828     3.1124
 16  -118.6292     0.6381   -63.0293     2.7782   -55.5919     3.0725
 17  -118.6833     0.6091   -63.4797     2.7607   -55.1957     2.9929
 18  -118.8075     0.6256   -63.7645     2.6644   -55.0350     2.8400
 19  -118.8213     0.5924   -64.0530     2.5855   -54.7604     2.7419
 20  -118.8264     0.5621   -64.0616     2.4529   -54.7568     2.6013
 21  -118.8068     0.5361   -64.0494     2.3333   -54.7494     2.4743
 22  -118.8051     0.5112   -63.7764     2.2907   -55.0207     2.4208
 23  -118.8386     0.4930   -63.7733     2.1889   -55.0573     2.3143
 24  -118.9772     0.5475   -63.9546     2.1268   -55.0147     2.2174
 25  -119.0892     0.5709   -63.8122     2.0598   -55.2690     2.1869
 26  -119.1604     0.5667   -63.4372     2.1163   -55.7153     2.2828
 27  -119.1731     0.5459   -63.0434     2.1835   -56.1218     2.3422
 28  -119.1779     0.5261   -62.9663     2.1097   -56.2037     2.2629
 29  -119.1096     0.5257   -63.1085     2.0554   -55.9932     2.2237
 30  -119.0360     0.5288   -63.1231     1.9859   -55.9049     2.1556
 31  -118.9914     0.5192   -62.8624     1.9903   -56.1211     2.1292
 32  -119.0218     0.5063   -62.5274     2.0402   -56.4865     2.1873
 33  -118.9680     0.5024   -62.5771     1.9800   -56.3830     2.1301
 34  -118.9514     0.4885   -62.3121     1.9926   -56.6313     2.1253
 35  -118.9092     0.4818   -62.2941     1.9352   -56.6072     2.0643
 36  -118.8561     0.4801   -62.0277     1.9546   -56.8204     2.0509
 37  -118.8946     0.4733   -61.7174     1.9998   -57.1692     2.1132
 38  -118.9784     0.4902   -61.6413     1.9524   -57.3291     2.0815
 39  -118.9789     0.4775   -61.3608     1.9828   -57.6102     2.1039
 40  -118.9684     0.4659   -61.0275     2.0443   -57.9330     2.1499
 41  -118.9795     0.4549   -60.9496     1.9999   -58.0220     2.1043
 42  -119.0437     0.4621   -61.0329     1.9588   -58.0028     2.0540
 43  -119.0478     0.4513   -60.8956     1.9323   -58.1443     2.0255
 44  -119.0791     0.4454   -60.7374     1.9142   -58.3337     2.0149
 45  -119.1000     0.4374   -60.8952     1.8976   -58.1969     1.9885
 46  -119.1340     0.4331   -60.9411     1.8582   -58.1849     1.9449
 47  -119.1452     0.4244   -60.8075     1.8377   -58.3297     1.9250
 48  -119.0877     0.4311   -61.0597     1.8684   -58.0201     1.9837
 49  -119.0692     0.4238   -61.0906     1.8309   -57.9707     1.9453
 50  -119.0536     0.4164   -60.9832     1.8067   -58.0624     1.9148
 
 Mesh error is    0.069 kcal/mol
