 ERmod 0.3.8, Copyright (C) 2000-2019 Nobuyuki Matubayasi
                            2010-2019 Shun Sakuraba
 ERmod comes with ABSOLUTELY NO WARRANTY.
 This is free software, and you can redistribute it
 and/or modify it under certain conditions.
 See LICENSE file for details.
 
  Number of the   1-th solvent  =          378
  Number of the   2-th solvent  =        10000
 
  Be sure that the solvent distribution is homogeneous (radial distribution function is essentially unity) when the solvent molecule is separated beyond distance of   10.0 Angstrom in any direction from any atom within the solute molecule
 
  LJ long-range correction    =        -1.1319     -7.1533
 
  Self-energy of the solute   =        -0.0318  kcal/mol
 
 
 cumulative average & 95% error for solvation energy
              total             1st component         2nd component
  1  -480.8656              -58.7777             -422.0561
  2  -481.6884     1.6455   -57.7532     2.0490  -423.9034     3.6946
  3  -481.8018     0.9768   -49.3283    16.8912  -432.4417    17.2092
  4  -481.6188     0.7816   -46.5717    13.1550  -435.0154    13.2127
  5  -481.6216     0.6055   -47.3052    10.2949  -434.2846    10.3383
  6  -481.3402     0.7491   -48.7591     8.8945  -432.5493     9.1268
  7  -481.4181     0.6520   -52.5854    10.7270  -428.8010    10.7563
  8  -481.3957     0.5664   -54.2363     9.8592  -427.1276     9.8982
  9  -481.2742     0.5555   -57.5502    10.9330  -423.6922    11.1090
 10  -481.4499     0.6086   -62.1442    13.4181  -419.2740    13.2971
 11  -481.6603     0.6929   -64.2370    12.8386  -417.3915    12.6032
 12  -481.9081     0.8036   -64.8753    11.7893  -417.0011    11.5315
 13  -481.9863     0.7555   -64.0820    10.9600  -417.8725    10.7497
 14  -482.0673     0.7180   -65.1811    10.3823  -416.8545    10.1584
 15  -482.2415     0.7538   -66.7645    10.1710  -415.4452     9.8681
 16  -482.3155     0.7204   -66.5805     9.5212  -415.7031     9.2451
 17  -482.3441     0.6791   -67.0485     8.9925  -415.2638     8.7286
 18  -482.3477     0.6403   -66.7121     8.5049  -415.6039     8.2575
 19  -482.3250     0.6074   -66.6189     8.0470  -415.6744     7.8121
 20  -482.2391     0.6013   -66.6058     7.6341  -415.6016     7.4126
 21  -482.2401     0.5719   -67.0468     7.3148  -415.1616     7.1055
 22  -482.2742     0.5496   -66.2368     7.1601  -416.0055     6.9820
 23  -482.1951     0.5484   -67.0711     7.0422  -415.0923     6.9170
 24  -482.3468     0.6064   -68.5980     7.4017  -413.7170     7.1710
 25  -482.4055     0.5934   -69.4821     7.3164  -412.8916     7.0735
 26  -482.4683     0.5838   -70.2888     7.2121  -412.1477     6.9569
 27  -482.4663     0.5617   -69.9070     6.9818  -412.5275     6.7373
 28  -482.4962     0.5446   -69.7965     6.7314  -412.6679     6.4983
 29  -482.2457     0.7260   -70.3361     6.5842  -411.8779     6.4662
 30  -482.0418     0.8114   -71.3159     6.6559  -410.6941     6.6805
 31  -482.0183     0.7862   -70.6712     6.5655  -411.3153     6.5798
 32  -481.9793     0.7652   -69.5952     6.7114  -412.3522     6.6999
 33  -482.0093     0.7441   -69.0806     6.5858  -412.8968     6.5844
 34  -482.0723     0.7328   -69.2096     6.3943  -412.8309     6.3892
 35  -482.0661     0.7116   -68.9460     6.2313  -413.0883     6.2253
 36  -482.0866     0.6928   -68.3119     6.1871  -413.7429     6.1899
 37  -482.1072     0.6751   -67.8946     6.0751  -414.1808     6.0837
 38  -482.1464     0.6617   -67.7854     5.9171  -414.3292     5.9288
 39  -482.1013     0.6508   -67.7494     5.7639  -414.3201     5.7749
 40  -482.1026     0.6344   -68.2465     5.7052  -413.8243     5.7153
 41  -482.1820     0.6387   -68.4498     5.5791  -413.7004     5.5797
 42  -482.2007     0.6244   -68.8326     5.4983  -413.3363     5.4937
 43  -482.2403     0.6149   -68.7996     5.3693  -413.4088     5.3663
 44  -482.2783     0.6055   -68.8332     5.2463  -413.4133     5.2430
 45  -482.2675     0.5923   -68.9980     5.1389  -413.2377     5.1371
 46  -482.2377     0.5823   -68.9322     5.0277  -413.2737     5.0247
 47  -482.2794     0.5759   -68.7064     4.9402  -413.5412     4.9457
 48  -482.3206     0.5697   -68.4255     4.8687  -413.8633     4.8842
 49  -482.3393     0.5593   -68.0289     4.8339  -414.2786     4.8551
 50  -482.3724     0.5519   -68.1348     4.7409  -414.2058     4.7592
 
 
 group  inft  solvation free energy     error          difference
  total solvation free energy
   1      0       -104.16537           0.26614           0.09278
   1     60       -105.07454           0.26550          -0.81638
   1     80       -108.73677           0.26310          -4.47861
   1    100       -117.79623           0.26186         -13.53807
   2      0       -104.23915           0.26739           0.01900
   3      0       -104.25815           0.26670           0.00000
   4      0       -104.23262           0.26684           0.02553
   5      0       -104.30330           0.26754          -0.04515
   5     60       -105.43735           0.26646          -1.17920
   5     80       -109.72149           0.26453          -5.46334
   5    100       -117.97862           0.26402         -13.72047
 
  contribution from  1-th solvent component
   1      0        -24.72212           1.89262           0.03173
   1     60        -24.75620           1.89271          -0.00234
   1     80        -24.90686           1.89304          -0.15301
   1    100        -25.33903           1.89342          -0.58518
   2      0        -24.73547           1.89158           0.01838
   3      0        -24.75385           1.89188           0.00000
   4      0        -24.74889           1.89081           0.00496
   5      0        -24.75543           1.89118          -0.00158
   5     60        -24.79826           1.89130          -0.04441
   5     80        -24.97958           1.89163          -0.22573
   5    100        -25.37790           1.89189          -0.62405
 
  contribution from  2-th solvent component
   1      0        -79.41146           2.01182           0.06105
   1     60        -80.28655           2.01044          -0.81404
   1     80        -83.79812           2.00645          -4.32561
   1    100        -92.42540           2.00224         -12.95289
   2      0        -79.47190           2.01311           0.00061
   3      0        -79.47251           2.01202           0.00000
   4      0        -79.45194           2.01235           0.02057
   5      0        -79.51607           2.01133          -0.04357
   5     60        -80.60730           2.00947          -1.13480
   5     80        -84.71012           2.00568          -5.23761
   5    100        -92.56893           2.00205         -13.09642
 
 
 group  inft   Estimated free energy: total (kcal/mol)
   1      0    -103.4370    -104.3950    -104.4473    -104.2784    -104.2882
               -103.4117    -103.9445    -103.7508    -102.7940    -102.8419
               -104.4892    -105.2788    -105.0723    -103.9008    -104.5771
               -104.9110    -104.5129    -104.0328    -103.8328    -103.3291
               -104.2911    -104.7537    -102.9479    -104.4724    -103.9116
               -104.7282    -104.5391    -104.8528    -100.6252    -100.8371
               -104.0607    -104.1909    -104.8297    -104.7537    -104.4918
               -104.7777    -104.6313    -104.8813    -103.5771    -103.7101
               -105.3622    -104.1336    -104.8890    -104.7037    -104.0529
               -103.8129    -105.0847    -105.2533    -104.9568    -104.6307
   1     60    -104.3415    -105.3010    -105.3445    -105.1788    -105.1921
               -104.3158    -104.8563    -104.6599    -103.7097    -103.7603
               -105.4002    -106.1866    -105.9772    -104.8110    -105.4940
               -105.8219    -105.4271    -104.9432    -104.7375    -104.2363
               -105.2003    -105.6560    -103.8637    -105.3912    -104.8320
               -105.6441    -105.4442    -105.7653    -101.5423    -101.7563
               -104.9635    -105.0899    -105.7361    -105.6650    -105.3979
               -105.6801    -105.5345    -105.7875    -104.4886    -104.6228
               -106.2752    -105.0472    -105.7963    -105.6128    -104.9664
               -104.7199    -105.9925    -106.1587    -105.8603    -105.5410
   1     80    -108.0075    -108.9648    -108.9670    -108.8086    -108.8410
               -107.9677    -108.5292    -108.3139    -107.3877    -107.4498
               -109.0590    -109.8382    -109.6241    -108.4750    -109.1757
               -109.4873    -109.0962    -108.6118    -108.3906    -107.8986
               -108.8602    -109.3012    -107.5405    -109.0794    -108.5270
               -109.3267    -109.0938    -109.4375    -105.2517    -105.4513
               -108.6052    -108.7161    -109.3859    -109.3289    -109.0503
               -109.3292    -109.1747    -109.4458    -108.1492    -108.2913
               -109.9501    -108.7136    -109.4540    -109.2798    -108.6330
               -108.3736    -109.6522    -109.8088    -109.5171    -109.2165
   1    100    -117.0832    -118.0135    -117.9724    -117.8347    -117.8986
               -117.0015    -117.6042    -117.3688    -116.4546    -116.5369
               -118.1126    -118.8830    -118.6719    -117.5242    -118.2457
               -118.5536    -118.1774    -117.6729    -117.4336    -116.9644
               -117.9202    -118.3386    -116.6112    -118.1822    -117.6257
               -118.4275    -118.1379    -118.5267    -114.3452    -114.5294
               -117.6400    -117.7308    -118.4329    -118.3902    -118.0801
               -118.3758    -118.2033    -118.5028    -117.2125    -117.3454
               -119.0414    -117.7753    -118.5186    -118.3438    -117.7127
               -117.4195    -118.7136    -118.8660    -118.5745    -118.2795
   2      0    -103.4614    -104.5074    -104.5110    -104.3588    -104.3707
               -103.4852    -104.0231    -103.8382    -102.8740    -102.9649
               -104.5270    -105.3791    -105.1364    -103.9704    -104.6588
               -104.9413    -104.5792    -104.1805    -103.8825    -103.3775
               -104.3241    -104.8351    -102.9710    -104.5252    -103.9856
               -104.7733    -104.6826    -104.8712    -100.6272    -100.9317
               -104.2134    -104.2587    -105.0010    -104.8030    -104.5584
               -104.8518    -104.7737    -104.9025    -103.6848    -103.7893
               -105.4291    -104.2101    -104.9712    -104.7229    -104.1434
               -103.8660    -105.1480    -105.3470    -105.0418    -104.6870
   3      0    -103.4957    -104.4518    -104.5541    -104.3876    -104.3959
               -103.4968    -104.0419    -103.8368    -102.9171    -102.9643
               -104.5504    -105.3251    -105.1555    -104.0105    -104.6921
               -104.9687    -104.5939    -104.1624    -103.9102    -103.4101
               -104.3734    -104.8430    -102.9773    -104.5638    -104.0387
               -104.7874    -104.6650    -104.9337    -100.7042    -100.9101
               -104.1631    -104.2861    -104.9930    -104.8691    -104.6067
               -104.8360    -104.7556    -104.9703    -103.7008    -103.8170
               -105.4774    -104.2232    -104.9535    -104.7553    -104.1673
               -103.8933    -105.1718    -105.3670    -105.0605    -104.7231
   4      0    -103.4577    -104.4634    -104.5016    -104.3448    -104.3513
               -103.4789    -103.9842    -103.8330    -102.9073    -102.9917
               -104.5226    -105.3077    -105.1748    -103.9449    -104.6423
               -104.9041    -104.5719    -104.1810    -103.9011    -103.4245
               -104.3375    -104.8636    -103.0009    -104.5239    -103.9401
               -104.7670    -104.6389    -104.8732    -100.6336    -100.8905
               -104.1890    -104.2351    -104.9679    -104.7756    -104.5043
               -104.8477    -104.7538    -104.9213    -103.7124    -103.7698
               -105.4770    -104.1735    -104.9138    -104.7185    -104.1477
               -103.8725    -105.1364    -105.3751    -105.0982    -104.6833
   5      0    -103.5039    -104.5419    -104.6012    -104.4298    -104.3959
               -103.5309    -104.0849    -103.8453    -102.8985    -103.0354
               -104.6559    -105.3673    -105.2586    -104.0696    -104.7465
               -104.9760    -104.6675    -104.2260    -103.9049    -103.4580
               -104.4223    -104.9040    -103.0718    -104.5935    -104.0485
               -104.8095    -104.7546    -104.9695    -100.7518    -100.9877
               -104.1943    -104.3039    -105.0219    -104.9058    -104.5720
               -104.9081    -104.8608    -105.0204    -103.7505    -103.8059
               -105.5194    -104.3022    -105.0044    -104.8047    -104.1773
               -103.9190    -105.2490    -105.4437    -105.1019    -104.7884
   5     60    -104.6366    -105.6712    -105.7183    -105.5518    -105.5243
               -104.6591    -105.2238    -104.9796    -104.0407    -104.1837
               -105.7909    -106.4990    -106.3864    -105.2061    -105.8895
               -106.1097    -105.8061    -105.3615    -105.0347    -104.5923
               -105.5563    -106.0292    -104.2116    -105.7413    -105.1955
               -105.9517    -105.8837    -106.1073    -101.9007    -102.1386
               -105.3196    -105.4249    -106.1520    -106.0411    -105.7036
               -106.0341    -105.9864    -106.1515    -104.8850    -104.9451
               -106.6576    -105.4390    -106.1358    -105.9379    -105.3163
               -105.0501    -106.3798    -106.5720    -106.2306    -105.9241
   5     80    -108.9241    -109.9472    -109.9627    -109.8061    -109.8001
               -108.9280    -109.5161    -109.2577    -108.3404    -108.4989
               -110.0733    -110.7725    -110.6554    -109.4931    -110.1938
               -110.3981    -110.1029    -109.6544    -109.3077    -108.8751
               -109.8397    -110.2946    -108.5048    -110.0556    -109.5103
               -110.2558    -110.1571    -110.4067    -106.2239    -106.4483
               -109.5848    -109.6770    -110.4276    -110.3293    -109.9760
               -110.3049    -110.2517    -110.4316    -109.1672    -109.2368
               -110.9555    -109.7261    -110.4189    -110.2233    -109.6062
               -109.3208    -110.6620    -110.8480    -110.5068    -110.2157
   5    100    -117.1854    -118.1939    -118.1694    -118.0352    -118.0566
               -117.1676    -117.7813    -117.5035    -116.6031    -116.7854
               -118.3342    -119.0131    -118.9061    -117.7428    -118.4739
               -118.6653    -118.3845    -117.9177    -117.5456    -117.1285
               -118.1034    -118.5313    -116.7686    -118.3515    -117.7914
               -118.5413    -118.4070    -118.6908    -114.5066    -114.7089
               -117.8175    -117.8945    -118.6781    -118.5913    -118.2153
               -118.5527    -118.4843    -118.6816    -117.4289    -117.5006
               -119.2405    -117.9875    -118.6844    -118.4816    -117.8740
               -117.5574    -118.9219    -119.1054    -118.7615    -118.4781
 
 group  inft   Estimated free energy: 1-th solvent contribution (kcal/mol)
   1      0     -20.7582     -20.1957      -9.9425     -12.6852     -17.7050
                -20.0192     -27.5440     -23.6779     -30.6834     -38.5751
                -31.8728     -26.4473     -19.6281     -29.2217     -32.9404
                -23.0611     -27.4765     -21.7926     -23.5716     -24.0002
                -28.0113     -17.2365     -31.5448     -38.6858     -33.5535
                -33.8282     -21.7833     -24.3430     -31.4098     -36.8297
                -17.9667     -11.5718     -18.3382     -26.7940     -21.1181
                -16.0222     -18.5649     -22.8574     -24.0563     -32.5832
                -28.3420     -31.4944     -24.8438     -25.8006     -27.9934
                -23.9073     -20.9980     -19.9015     -17.0226     -26.9049
   1     60     -20.7923     -20.2295      -9.9754     -12.7185     -17.7390
                -20.0531     -27.5782     -23.7118     -30.7179     -38.6096
                -31.9075     -26.4818     -19.6614     -29.2562     -32.9748
                -23.0956     -27.5111     -21.8267     -23.6057     -24.0344
                -28.0458     -17.2704     -31.5795     -38.7204     -33.5879
                -33.8633     -21.8174     -24.3771     -31.4440     -36.8638
                -18.0005     -11.6052     -18.3718     -26.8278     -21.1524
                -16.0557     -18.5990     -22.8915     -24.0898     -32.6175
                -28.3763     -31.5288     -24.8778     -25.8348     -28.0275
                -23.9412     -21.0319     -19.9351     -17.0564     -26.9389
   1     80     -20.9439     -20.3793     -10.1217     -12.8657     -17.8895
                -20.2033     -27.7294     -23.8613     -30.8691     -38.7617
                -32.0605     -26.6340     -19.8090     -29.4083     -33.1272
                -23.2479     -27.6636     -21.9777     -23.7570     -24.1857
                -28.1978     -17.4204     -31.7323     -38.8729     -33.7391
                -34.0179     -21.9682     -24.5278     -31.5950     -37.0139
                -18.1501     -11.7529     -18.5203     -26.9774     -21.3039
                -16.2045     -18.7501     -23.0426     -24.2373     -32.7689
                -28.5281     -31.6806     -25.0286     -25.9860     -28.1778
                -24.0907     -21.1822     -20.0841     -17.2063     -27.0897
   1    100     -21.3778     -20.8110     -10.5479     -13.2942     -18.3234
                -20.6348     -28.1615     -24.2918     -31.3006     -39.1942
                -32.4955     -27.0693     -20.2394     -29.8423     -33.5611
                -23.6835     -28.0981     -22.4093     -24.1886     -24.6183
                -28.6306     -17.8525     -32.1679     -39.3082     -34.1723
                -34.4558     -22.4017     -24.9619     -32.0273     -37.4436
                -18.5809     -12.1809     -18.9491     -27.4072     -21.7359
                -16.6339     -19.1820     -23.4753     -24.6661     -33.2010
                -28.9638     -32.1142     -25.4612     -26.4186     -28.6102
                -24.5204     -21.6133     -20.5140     -17.6371     -27.5220
   2      0     -20.7530     -20.2256      -9.9733     -12.6968     -17.7198
                -20.0493     -27.5540     -23.6854     -30.7035     -38.5805
                -31.8697     -26.4373     -19.6414     -29.2284     -32.9451
                -23.0621     -27.4717     -21.8257     -23.5880     -24.0226
                -28.0101     -17.2471     -31.5435     -38.7000     -33.5737
                -33.8251     -21.7910     -24.3670     -31.4056     -36.8616
                -17.9898     -11.6017     -18.3576     -26.8089     -21.1408
                -16.0366     -18.5669     -22.8762     -24.0840     -32.5908
                -28.3611     -31.5108     -24.8504     -25.8170     -28.0110
                -23.9284     -21.0212     -19.9118     -17.0395     -26.9109
   3      0     -20.7604     -20.2458      -9.9919     -12.7141     -17.7356
                -20.0655     -27.5732     -23.7029     -30.7147     -38.6017
                -31.8950     -26.4577     -19.6531     -29.2361     -32.9673
                -23.0809     -27.4775     -21.8355     -23.6085     -24.0366
                -28.0330     -17.2724     -31.5568     -38.7133     -33.6104
                -33.8352     -21.7956     -24.3885     -31.4451     -36.8795
                -18.0062     -11.6167     -18.3763     -26.8337     -21.1556
                -16.0540     -18.5817     -22.8916     -24.0988     -32.6137
                -28.3841     -31.5331     -24.8667     -25.8312     -28.0323
                -23.9510     -21.0381     -19.9371     -17.0694     -26.9372
   4      0     -20.7595     -20.2374      -9.9985     -12.7187     -17.7315
                -20.0549     -27.5613     -23.7047     -30.7111     -38.5896
                -31.8656     -26.4326     -19.6650     -29.2395     -32.9400
                -23.0702     -27.4854     -21.8373     -23.6057     -24.0399
                -28.0254     -17.2605     -31.5552     -38.7111     -33.5873
                -33.8459     -21.7956     -24.3914     -31.4198     -36.8737
                -18.0082     -11.6187     -18.3829     -26.8369     -21.1423
                -16.0563     -18.5908     -22.8678     -24.1008     -32.6104
                -28.3650     -31.5219     -24.8607     -25.8345     -28.0273
                -23.9398     -21.0373     -19.9295     -17.0655     -26.9335
   5      0     -20.7572     -20.2453     -10.0061     -12.7264     -17.7312
                -20.0555     -27.5746     -23.7097     -30.7140     -38.6042
                -31.8877     -26.4474     -19.6695     -29.2410     -32.9609
                -23.0881     -27.4775     -21.8481     -23.6088     -24.0424
                -28.0284     -17.2594     -31.5649     -38.7139     -33.6030
                -33.8334     -21.7958     -24.3869     -31.4397     -36.8982
                -18.0108     -11.6353     -18.3863     -26.8405     -21.1554
                -16.0627     -18.5869     -22.8822     -24.1018     -32.5953
                -28.3692     -31.5466     -24.8654     -25.8432     -28.0223
                -23.9549     -21.0437     -19.9460     -17.0672     -26.9368
   5     60     -20.8003     -20.2878     -10.0476     -12.7681     -17.7738
                -20.0982     -27.6176     -23.7523     -30.7571     -38.6477
                -31.9312     -26.4906     -19.7112     -29.2843     -33.0042
                -23.1313     -27.5209     -21.8911     -23.6519     -24.0854
                -28.0717     -17.3020     -31.6084     -38.7575     -33.6460
                -33.8774     -21.8386     -24.4297     -31.4828     -36.9411
                -18.0532     -11.6773     -18.4285     -26.8830     -21.1985
                -16.1048     -18.6299     -22.9251     -24.1438     -32.6385
                -28.4124     -31.5897     -24.9082     -25.8861     -28.0651
                -23.9976     -21.0863     -19.9882     -17.1096     -26.9796
   5     80     -20.9830     -20.4680     -10.2246     -12.9456     -17.9550
                -20.2789     -27.7992     -23.9323     -30.9390     -38.8307
                -32.1147     -26.6733     -19.8892     -29.4675     -33.1869
                -23.3143     -27.7041     -22.0732     -23.8341     -24.2674
                -28.2544     -17.4828     -31.7917     -38.9413     -33.8277
                -34.0628     -22.0200     -24.6111     -31.6644     -37.1216
                -18.2334     -11.8560     -18.6079     -27.0631     -21.3805
                -16.2838     -18.8119     -23.1065     -24.3218     -32.8206
                -28.5954     -31.7721     -25.0896     -26.0680     -28.2459
                -24.1779     -21.2675     -20.1678     -17.2899     -27.1610
   5    100     -21.3827     -20.8664     -10.6187     -13.3403     -18.3547
                -20.6772     -28.1972     -24.3287     -31.3361     -39.2292
                -32.5150     -27.0733     -20.2858     -29.8673     -33.5864
                -23.7153     -28.1040     -22.4721     -24.2324     -24.6662
                -28.6534     -17.8815     -32.1924     -39.3426     -34.2264
                -34.4649     -22.4195     -25.0112     -32.0627     -37.5174
                -18.6302     -12.2518     -19.0040     -27.4596     -21.7788
                -16.6795     -19.2106     -23.5043     -24.7176     -33.2196
                -28.9972     -32.1713     -25.4882     -26.4668     -28.6438
                -24.5744     -21.6656     -20.5639     -17.6869     -27.5595
 
 group  inft   Estimated free energy: 2-th solvent contribution (kcal/mol)
   1      0     -82.6470     -84.1675     -94.4730     -91.5613     -86.5514
                -83.3607     -76.3687     -80.0411     -72.0788     -64.2349
                -72.5846     -78.7997     -85.4124     -74.6472     -71.6049
                -81.8181     -77.0046     -82.2085     -80.2295     -79.2971
                -76.2480     -87.4853     -71.3713     -65.7548     -70.3263
                -70.8683     -82.7240     -80.4780     -69.1836     -63.9756
                -86.0622     -92.5873     -86.4597     -77.9278     -83.3419
                -88.7237     -86.0346     -81.9921     -79.4890     -71.0951
                -76.9884     -72.6074     -80.0135     -78.8713     -76.0277
                -79.8738     -84.0550     -85.3200     -87.9024     -77.6940
   1     60     -83.5174     -85.0397     -95.3373     -92.4286     -87.4213
                -84.2309     -77.2463     -80.9164     -72.9601     -65.1189
                -73.4609     -79.6730     -86.2840     -75.5230     -72.4874
                -82.6945     -77.8841     -83.0848     -81.1000     -80.1701
                -77.1227     -88.3538     -72.2523     -66.6390     -71.2124
                -71.7491     -83.5950     -81.3564     -70.0666     -64.8608
                -86.9312     -93.4529     -87.3325     -78.8053     -84.2137
                -89.5926     -86.9037     -82.8642     -80.3671     -71.9734
                -77.8670     -73.4866     -80.8867     -79.7462     -76.9071
                -80.7470     -84.9288     -86.1918     -88.7722     -78.5704
   1     80     -87.0318     -88.5537     -98.8135     -95.9112     -90.9197
                -87.7326     -80.7681     -84.4208     -76.4868     -68.6563
                -76.9668     -83.1724     -89.7833     -79.0349     -76.0167
                -86.2076     -81.4009     -86.6023     -84.6018     -83.6811
                -80.6306     -91.8490     -75.7764     -70.1746     -74.7561
                -75.2770     -87.0938     -84.8779     -73.6249     -68.4056
                -90.4233     -96.9315     -90.8338     -82.3198     -87.7146
                -93.0929     -90.3928     -86.3715     -83.8801     -75.4906
                -81.3902     -77.0012     -84.3937     -83.2620     -80.4235
                -84.2511     -88.4383     -89.6929     -92.2790     -82.0950
   1    100     -95.6736     -97.1707    -107.3927    -104.5087     -99.5434
                -96.3350     -89.4110     -93.0453     -85.1222     -77.3109
                -85.5854     -91.7818     -98.4007     -87.6501     -84.6529
                -94.8383     -90.0474     -95.2318     -93.2132     -92.3143
                -89.2578    -100.4544     -84.4115     -78.8423     -83.4216
                -83.9399     -95.7044     -93.5330     -82.2861     -77.0540
                -99.0273    -105.5181     -99.4520     -90.9512     -96.3124
               -101.7101     -98.9895     -94.9957     -92.5145     -84.1126
                -90.0458     -85.6294     -93.0256     -91.8934     -89.0707
                -92.8673     -97.0685     -98.3202    -100.9057     -90.7257
   2      0     -82.6766     -84.2500     -94.5059     -91.6303     -86.6191
                -83.4042     -76.4373     -80.1210     -72.1387     -64.3526
                -72.6255     -78.9100     -85.4632     -74.7102     -71.6819
                -81.8475     -77.0757     -82.3230     -80.2626     -79.3230
                -76.2822     -87.5562     -71.3958     -65.7934     -70.3801
                -70.9163     -82.8598     -80.4724     -69.1898     -64.0383
                -86.1918     -92.6252     -86.6116     -77.9623     -83.3858
                -88.7834     -86.1750     -81.9945     -79.5690     -71.1668
                -77.0362     -72.6675     -80.0890     -78.8741     -76.1006
                -79.9059     -84.0951     -85.4034     -87.9705     -77.7443
   3      0     -82.7035     -84.1742     -94.5304     -91.6417     -86.6285
                -83.3995     -76.4370     -80.1021     -72.1706     -64.3308
                -72.6237     -78.8357     -85.4706     -74.7426     -71.6930
                -81.8560     -77.0847     -82.2951     -80.2700     -79.3417
                -76.3086     -87.5389     -71.3887     -65.8187     -70.3965
                -70.9204     -82.8377     -80.5134     -69.2273     -63.9988
                -86.1251     -92.6376     -86.5849     -78.0035     -83.4192
                -88.7502     -86.1421     -82.0469     -79.5702     -71.1715
                -77.0615     -72.6583     -80.0550     -78.8923     -76.1032
                -79.9105     -84.1019     -85.3981     -87.9592     -77.7541
   4      0     -82.6664     -84.1941     -94.4713     -91.5943     -86.5879
                -83.3921     -76.3911     -80.0966     -72.1644     -64.3702
                -72.6252     -78.8433     -85.4780     -74.6737     -71.6705
                -81.8022     -77.0547     -82.3119     -80.2636     -79.3529
                -76.2803     -87.5713     -71.4140     -65.7811     -70.3210
                -70.8893     -82.8116     -80.4500     -69.1821     -63.9850
                -86.1490     -92.5847     -86.5532     -77.9068     -83.3302
                -88.7596     -86.1312     -82.0217     -79.5798     -71.1277
                -77.0802     -72.6198     -80.0213     -78.8522     -76.0886
                -79.9009     -84.0673     -85.4138     -88.0009     -77.7181
   5      0     -82.7149     -84.2648     -94.5633     -91.6716     -86.6330
                -83.4436     -76.4785     -80.1038     -72.1527     -64.3994
                -72.7364     -78.8881     -85.5574     -74.7968     -71.7538
                -81.8562     -77.1582     -82.3460     -80.2643     -79.3839
                -76.3622     -87.6128     -71.4751     -65.8478     -70.4137
                -70.9443     -82.9270     -80.5508     -69.2804     -64.0577
                -86.1516     -92.6368     -86.6038     -78.0335     -83.3848
                -88.8136     -86.2422     -82.1064     -79.6169     -71.1788
                -77.1184     -72.7238     -80.1072     -78.9297     -76.1232
                -79.9322     -84.1735     -85.4660     -88.0029     -77.8199
   5     60     -83.8045     -85.3516     -95.6389     -92.7519     -87.7187
                -84.5292     -77.5745     -81.1955     -73.2518     -65.5043
                -73.8280     -79.9766     -86.6434     -75.8900     -72.8536
                -82.9466     -78.2533     -83.4386     -81.3510     -80.4751
                -77.4528     -88.6954     -72.5714     -66.9520     -71.5177
                -72.0425     -84.0133     -81.6458     -70.3861     -65.1657
                -87.2345     -93.7158     -87.6918     -79.1264     -84.4733
                -89.8975     -87.3248     -83.1946     -80.7094     -72.2749
                -78.2134     -73.8175     -81.1958     -80.0200     -77.2194
                -81.0208     -85.2617     -86.5520     -89.0892     -78.9127
   5     80     -87.9093     -89.4474     -99.7063     -96.8288     -91.8132
                -88.6173     -81.6852     -85.2936     -77.3696     -69.6364
                -77.9268     -84.0675     -90.7345     -79.9938     -76.9752
                -87.0519     -82.3670     -87.5494     -85.4418     -84.5759
                -81.5535     -92.7800     -76.6813     -71.0825     -75.6508
                -76.1612     -88.1053     -85.7638     -74.5277     -69.2949
                -91.3196     -97.7892     -91.7879     -83.2344     -88.5637
                -93.9893     -91.4079     -87.2933     -84.8137     -76.3844
                -82.3284     -77.9222     -85.2975     -84.1235     -81.3285
                -85.1111     -89.3628     -90.6484     -93.1852     -83.0229
   5    100     -95.7709     -97.2957    -107.5189    -104.6631     -99.6700
                -96.4586     -89.5523     -93.1430     -85.2352     -77.5244
                -85.7873     -91.9080     -98.5885     -87.8438     -84.8557
                -94.9182     -90.2486     -95.4138     -93.2814     -92.4306
                -89.4182    -100.6180     -84.5444     -78.9771     -83.5332
                -84.0446     -95.9557     -93.6478     -82.4121     -77.1597
                -99.1555    -105.6109     -99.6423     -91.0999     -96.4047
               -101.8413     -99.2419     -95.1455     -92.6795     -84.2492
                -90.2115     -85.7844     -93.1644     -91.9830     -89.1985
                -92.9512     -97.2246     -98.5097    -101.0428     -90.8869
 
 
 cumulative average & 95% error for solvation free energy
              total             1st component         2nd component
  1  -103.4957              -20.7604              -82.7035
  2  -103.9737     0.9561   -20.5031     0.5147   -83.4389     1.4708
  3  -104.1672     0.6741   -16.9994     7.0137   -87.1360     7.4430
  4  -104.2223     0.4892   -15.9280     5.4025   -88.2625     5.7249
  5  -104.2570     0.3853   -16.2896     4.2468   -87.9357     4.4824
  6  -104.1303     0.4039   -16.9189     3.6888   -87.1796     3.9599
  7  -104.1177     0.3423   -18.4409     4.3573   -85.6450     4.5411
  8  -104.0826     0.3047   -19.0987     3.9963   -84.9521     4.1697
  9  -103.9531     0.3732   -20.3893     4.3686   -83.5319     4.6465
 10  -103.8542     0.3880   -22.2106     5.3418   -81.6118     5.6586
 11  -103.9175     0.3731   -23.0910     5.1427   -80.7947     5.3729
 12  -104.0348     0.4136   -23.3715     4.7280   -80.6315     4.9156
 13  -104.1210     0.4177   -23.0855     4.3866   -81.0037     4.5826
 14  -104.1131     0.3870   -23.5248     4.1552   -80.5565     4.3359
 15  -104.1517     0.3685   -24.1543     4.0680   -79.9656     4.2060
 16  -104.2028     0.3595   -24.0872     3.8076   -80.0837     3.9414
 17  -104.2258     0.3408   -24.2867     3.5988   -79.9073     3.7191
 18  -104.2223     0.3214   -24.1505     3.4039   -80.0400     3.5164
 19  -104.2058     0.3058   -24.1220     3.2203   -80.0521     3.3263
 20  -104.1660     0.3008   -24.1177     3.0550   -80.0166     3.1564
 21  -104.1759     0.2868   -24.3041     2.9297   -79.8400     3.0230
 22  -104.2062     0.2801   -23.9845     2.8656   -80.1899     2.9661
 23  -104.1528     0.2882   -24.3137     2.8162   -79.8073     2.9357
 24  -104.1699     0.2780   -24.9137     2.9513   -79.2244     3.0429
 25  -104.1647     0.2669   -25.2616     2.9150   -78.8713     3.0029
 26  -104.1886     0.2608   -25.5913     2.8773   -78.5655     2.9492
 27  -104.2063     0.2535   -25.4508     2.7829   -78.7237     2.8554
 28  -104.2323     0.2497   -25.4128     2.6827   -78.7876     2.7545
 29  -104.1106     0.3424   -25.6208     2.6218   -78.4580     2.7384
 30  -104.0039     0.3937   -25.9961     2.6418   -77.9760     2.8157
 31  -104.0091     0.3809   -25.7384     2.6066   -78.2389     2.7736
 32  -104.0177     0.3692   -25.2971     2.6737   -78.6888     2.8323
 33  -104.0473     0.3627   -25.0874     2.6252   -78.9281     2.7866
 34  -104.0714     0.3552   -25.1387     2.5488   -78.9009     2.7039
 35  -104.0867     0.3462   -25.0249     2.4854   -79.0300     2.6382
 36  -104.1075     0.3390   -24.7757     2.4662   -79.3000     2.6201
 37  -104.1251     0.3316   -24.6083     2.4219   -79.4849     2.5750
 38  -104.1473     0.3258   -24.5631     2.3591   -79.5524     2.5100
 39  -104.1358     0.3182   -24.5512     2.2979   -79.5528     2.4447
 40  -104.1279     0.3105   -24.7528     2.2757   -79.3433     2.4194
 41  -104.1608     0.3099   -24.8414     2.2266   -79.2876     2.3623
 42  -104.1623     0.3025   -25.0007     2.1961   -79.1298     2.3269
 43  -104.1807     0.2976   -24.9976     2.1445   -79.1513     2.2725
 44  -104.1937     0.2920   -25.0165     2.0955   -79.1454     2.2203
 45  -104.1932     0.2854   -25.0835     2.0528   -79.0778     2.1746
 46  -104.1866     0.2794   -25.0589     2.0083   -79.0959     2.1271
 47  -104.2076     0.2766   -24.9734     1.9725   -79.2024     2.0922
 48  -104.2317     0.2751   -24.8685     1.9424   -79.3315     2.0644
 49  -104.2487     0.2715   -24.7093     1.9287   -79.5076     2.0523
 50  -104.2582     0.2667   -24.7539     1.8919   -79.4725     2.0120
 
 Mesh error is    0.093 kcal/mol
