 ERmod 0.3.8, Copyright (C) 2000-2019 Nobuyuki Matubayasi
                            2010-2019 Shun Sakuraba
 ERmod comes with ABSOLUTELY NO WARRANTY.
 This is free software, and you can redistribute it
 and/or modify it under certain conditions.
 See LICENSE file for details.
 
  Number of the   1-th solvent  =         1472
  Number of the   2-th solvent  =        10000
 
  Be sure that the solvent distribution is homogeneous (radial distribution function is essentially unity) when the solvent molecule is separated beyond distance of   10.0 Angstrom in any direction from any atom within the solute molecule
 
  LJ long-range correction    =        -3.5283     -5.7260
 
  Self-energy of the solute   =         0.0029  kcal/mol
 
 
 cumulative average & 95% error for solvation energy
              total             1st component         2nd component
  1  -475.0284             -148.2330             -326.7982
  2  -474.2482     1.5604  -151.6879     6.9098  -322.5631     8.4702
  3  -473.3953     1.9292  -148.1153     8.1836  -325.2829     7.3146
  4  -471.4546     4.1140  -151.5872     9.0390  -319.8703    11.9973
  5  -471.1005     3.2644  -148.6468     9.1437  -322.4566    10.6356
  6  -471.5654     2.8230  -142.4932    14.3946  -329.0751    15.8314
  7  -471.8103     2.4356  -137.5524    15.6732  -334.2608    16.9289
  8  -471.8490     2.1107  -133.9171    15.3980  -337.9348    16.3992
  9  -471.8384     1.8616  -133.1164    13.6739  -338.7248    14.5488
 10  -471.5313     1.7747  -130.2639    13.4954  -341.2702    13.9732
 11  -471.3082     1.6662  -128.5948    12.6553  -342.7162    12.9659
 12  -471.5137     1.5756  -128.5617    11.5528  -342.9549    11.8458
 13  -471.1358     1.6345  -127.8971    10.7099  -343.2416    10.9116
 14  -471.0654     1.5198  -128.1517     9.9285  -342.9165    10.1231
 15  -470.9656     1.4289  -127.7289     9.2815  -343.2396     9.4462
 16  -470.7876     1.3832  -128.5545     8.8377  -342.2359     9.0613
 17  -470.7704     1.2998  -128.7159     8.3078  -342.0574     8.5191
 18  -470.4245     1.4073  -128.3850     7.8606  -342.0423     8.0319
 19  -470.6656     1.4158  -129.0995     7.5715  -341.5689     7.6562
 20  -470.4694     1.3993  -129.4113     7.2099  -341.0610     7.3340
 21  -470.6361     1.3721  -129.2415     6.8664  -341.3975     7.0084
 22  -470.8008     1.3490  -129.5263     6.5716  -341.2773     6.6866
 23  -470.7046     1.3033  -130.5762     6.6211  -340.1312     6.7879
 24  -470.3664     1.4193  -130.9606     6.3857  -339.4086     6.6577
 25  -470.2038     1.3997  -130.8373     6.1299  -339.3693     6.3863
 26  -470.1176     1.3558  -129.6732     6.3329  -340.4473     6.5035
 27  -470.2063     1.3166  -130.1432     6.1659  -340.0660     6.3043
 28  -470.2806     1.2774  -130.8812     6.1222  -339.4023     6.2183
 29  -470.2762     1.2326  -131.5943     6.0771  -338.6848     6.1693
 30  -470.3128     1.1930  -131.5843     5.8710  -338.7314     5.9608
 31  -470.3203     1.1540  -131.3941     5.6912  -338.9291     5.7788
 32  -470.3236     1.1174  -132.2331     5.7603  -338.0934     5.8396
 33  -470.3207     1.0830  -133.2864     5.9672  -337.0372     6.0413
 34  -470.2847     1.0531  -133.9870     5.9563  -336.3005     6.0433
 35  -470.2137     1.0324  -134.2401     5.8057  -335.9765     5.9037
 36  -470.0580     1.0505  -134.3799     5.6490  -335.6809     5.7678
 37  -469.9951     1.0295  -135.7535     6.1427  -334.2444     6.3026
 38  -470.1147     1.0302  -136.3917     6.1136  -333.7258     6.2216
 39  -470.2232     1.0266  -136.5559     5.9638  -333.6701     6.0610
 40  -470.3251     1.0212  -136.5706     5.8129  -333.7574     5.9101
 41  -470.3327     0.9961  -136.5940     5.6696  -333.7416     5.7642
 42  -470.2954     0.9749  -136.5666     5.5332  -333.7316     5.6253
 43  -470.3906     0.9709  -136.3883     5.4147  -334.0051     5.5201
 44  -470.3877     0.9486  -136.5901     5.3056  -333.8005     5.4087
 45  -470.4234     0.9300  -136.9173     5.2275  -333.5089     5.3192
 46  -470.4373     0.9100  -136.8198     5.1163  -333.6203     5.2071
 47  -470.3856     0.8964  -136.6159     5.0229  -333.7725     5.1042
 48  -470.5323     0.9252  -136.7873     4.9290  -333.7478     4.9969
 49  -470.5850     0.9123  -136.4508     4.8741  -334.1371     4.9554
 50  -470.5326     0.8999  -136.6539     4.7929  -333.8816     4.8821
 
 
 group  inft  solvation free energy     error          difference
  total solvation free energy
   1      0       -111.18255           0.39710           0.12739
   1     60       -112.75240           0.39754          -1.44246
   1     80       -117.04964           0.39874          -5.73970
   1    100       -124.81637           0.39901         -13.50643
   2      0       -111.25808           0.39754           0.05186
   3      0       -111.30994           0.39738           0.00000
   4      0       -111.28541           0.39884           0.02453
   5      0       -111.39421           0.39711          -0.08427
   5     60       -113.30445           0.39763          -1.99451
   5     80       -118.07611           0.39859          -6.76617
   5    100       -125.08281           0.39877         -13.77287
 
  contribution from  1-th solvent component
   1      0        -45.44311           1.95289           0.05080
   1     60        -45.68007           1.95304          -0.18615
   1     80        -46.33507           1.95337          -0.84116
   1    100        -47.59434           1.95387          -2.10042
   2      0        -45.46434           1.95012           0.02958
   3      0        -45.49392           1.95180           0.00000
   4      0        -45.49236           1.95067           0.00156
   5      0        -45.50760           1.95106          -0.01368
   5     60        -45.79589           1.95124          -0.30198
   5     80        -46.52901           1.95165          -1.03509
   5    100        -47.67161           1.95215          -2.17769
 
  contribution from  2-th solvent component
   1      0        -65.74229           2.01935           0.07658
   1     60        -67.07518           2.01899          -1.25631
   1     80        -70.71742           2.01854          -4.89855
   1    100        -77.22488           2.01500         -11.40601
   2      0        -65.79659           2.01843           0.02228
   3      0        -65.81887           2.01791           0.00000
   4      0        -65.79590           2.01853           0.02297
   5      0        -65.88947           2.01333          -0.07059
   5     60        -67.51140           2.01281          -1.69253
   5     80        -71.54996           2.01159          -5.73109
   5    100        -77.41405           2.00744         -11.59518
 
 
 group  inft   Estimated free energy: total (kcal/mol)
   1      0    -112.8157    -112.1322    -111.4626    -109.0637    -110.6057
               -112.9881    -112.6072    -112.5645    -112.3603    -110.9384
               -110.7230    -112.5000    -110.2302    -111.3193    -110.8633
               -110.4339    -110.8015    -108.6841    -113.4739    -109.6180
               -112.0022    -112.4253    -110.2988    -107.2792    -109.0803
               -109.7052    -111.7315    -111.8381    -111.0522    -111.4168
               -111.2032    -111.0826    -110.7503    -110.8819    -109.9468
               -108.9178    -109.3494    -112.6697    -112.5976    -112.6499
               -110.8923    -110.5242    -112.9750    -111.5137    -111.7728
               -111.2291    -109.9640    -114.5519    -112.4317    -110.2085
   1     60    -114.3886    -113.6965    -113.0321    -110.6372    -112.1770
               -114.5588    -114.1750    -114.1309    -113.9328    -112.5019
               -112.2933    -114.0783    -111.8043    -112.8845    -112.4318
               -111.9996    -112.3855    -110.2606    -115.0469    -111.1783
               -113.5703    -113.9994    -111.8643    -108.8503    -110.6378
               -111.2615    -113.3051    -113.4141    -112.6248    -112.9892
               -112.7691    -112.6576    -112.3290    -112.4610    -111.5168
               -110.4815    -110.9226    -114.2358    -114.1651    -114.2077
               -112.4654    -112.0855    -114.5442    -113.0885    -113.3445
               -112.7989    -111.5274    -116.1383    -114.0011    -111.7687
   1     80    -118.6927    -117.9868    -117.3173    -114.9373    -116.4731
               -118.8585    -118.4645    -118.4208    -118.2409    -116.7837
               -116.5883    -118.3920    -116.1181    -117.1793    -116.7454
               -116.2985    -116.6991    -114.5611    -119.3532    -115.4477
               -117.8603    -118.3124    -116.1470    -113.1436    -114.9175
               -115.5312    -117.5960    -117.7112    -116.9239    -117.3005
               -117.0611    -116.9826    -116.6403    -116.7729    -115.8054
               -114.7587    -115.2233    -118.5319    -118.4796    -118.4954
               -116.7627    -116.3760    -118.8175    -117.3876    -117.6382
               -117.1074    -115.8250    -120.4633    -118.3017    -116.0494
   1    100    -126.4676    -125.7469    -125.0962    -122.7215    -124.2353
               -126.6069    -126.2178    -126.1607    -126.0030    -124.5081
               -124.3189    -126.1389    -123.8767    -124.9220    -124.5003
               -124.0814    -124.4942    -122.3430    -127.1186    -123.1941
               -125.6167    -126.0960    -123.9208    -120.9083    -122.6731
               -123.2659    -125.3808    -125.4838    -124.7145    -125.0692
               -124.8439    -124.7634    -124.4553    -124.5480    -123.5440
               -122.4893    -123.0396    -126.3438    -126.2710    -126.2430
               -124.5422    -124.1352    -126.5742    -125.1502    -125.4117
               -124.8761    -123.6110    -128.2485    -126.0481    -123.7988
   2      0    -112.9124    -112.1946    -111.5071    -109.1360    -110.6997
               -113.0652    -112.6643    -112.6465    -112.4437    -111.0028
               -110.8055    -112.5826    -110.3251    -111.3891    -110.9448
               -110.4870    -110.8715    -108.7357    -113.5435    -109.7302
               -112.0736    -112.4708    -110.3472    -107.3463    -109.1832
               -109.8169    -111.8236    -111.9145    -111.1452    -111.4853
               -111.3132    -111.1476    -110.8460    -110.9641    -109.9844
               -108.9864    -109.3716    -112.7110    -112.6377    -112.7262
               -111.0044    -110.5895    -113.0742    -111.5975    -111.8549
               -111.2991    -110.0342    -114.6386    -112.5438    -110.2858
   3      0    -112.9596    -112.2103    -111.6034    -109.2153    -110.7645
               -113.1002    -112.7157    -112.6962    -112.4927    -111.0258
               -110.8453    -112.5846    -110.3398    -111.4416    -111.0278
               -110.5367    -110.9156    -108.8167    -113.5718    -109.7126
               -112.1647    -112.5358    -110.3625    -107.4004    -109.2682
               -109.8640    -111.9569    -112.0043    -111.1831    -111.4977
               -111.3292    -111.1957    -110.8999    -111.0189    -110.0646
               -109.0440    -109.4772    -112.8011    -112.7259    -112.7860
               -111.0347    -110.6075    -113.1572    -111.6610    -111.9170
               -111.3764    -110.0467    -114.6737    -112.5636    -110.3032
   4      0    -112.9614    -112.2059    -111.5549    -109.1876    -110.7644
               -113.0879    -112.7029    -112.7016    -112.4651    -111.0356
               -110.8228    -112.6050    -110.2892    -111.4468    -111.0199
               -110.4460    -110.9079    -108.8083    -113.5528    -109.6828
               -112.1520    -112.5417    -110.3563    -107.3274    -109.1871
               -109.8769    -111.8737    -112.0035    -111.2185    -111.5225
               -111.3041    -111.1826    -110.8617    -111.0230    -109.9843
               -109.0166    -109.4240    -112.7870    -112.6422    -112.6994
               -111.0038    -110.5876    -113.0906    -111.5971    -111.8724
               -111.3602    -109.9757    -114.6329    -112.5759    -110.3411
   5      0    -113.1050    -112.3398    -111.6927    -109.3082    -110.8385
               -113.1569    -112.7538    -112.7380    -112.5420    -111.0686
               -110.8414    -112.6793    -110.3649    -111.5088    -111.0803
               -110.6570    -111.0221    -108.8960    -113.6751    -109.7830
               -112.2885    -112.6263    -110.4844    -107.4806    -109.3491
               -109.9484    -112.0420    -112.1350    -111.3071    -111.6262
               -111.4090    -111.3131    -110.9817    -111.1001    -110.1130
               -109.1518    -109.5477    -112.8840    -112.7875    -112.8888
               -111.1288    -110.6952    -113.2462    -111.7207    -112.0421
               -111.4779    -110.1190    -114.6956    -112.6292    -110.4402
   5     60    -115.0192    -114.2451    -113.5982    -111.2240    -112.7505
               -115.0682    -114.6602    -114.6421    -114.4550    -112.9719
               -112.7502    -114.5987    -112.2789    -113.4197    -112.9949
               -112.5619    -112.9452    -110.8071    -115.5913    -111.6794
               -114.1947    -114.5441    -112.3896    -109.3927    -111.2477
               -111.8450    -113.9492    -114.0514    -113.2209    -113.5372
               -113.3143    -113.2341    -112.9075    -113.0190    -112.0166
               -111.0543    -111.4632    -114.7897    -114.7011    -114.7890
               -113.0405    -112.5970    -115.1530    -113.6346    -113.9536
               -113.3882    -112.0257    -116.6216    -114.5400    -112.3446
   5     80    -119.8022    -119.0154    -118.3674    -116.0006    -117.5243
               -119.8333    -119.4225    -119.3979    -119.2274    -117.7228
               -117.5087    -119.3818    -117.0529    -118.1871    -117.7718
               -117.3329    -117.7384    -115.5843    -120.3679    -116.4203
               -118.9662    -119.3344    -117.1551    -114.1619    -116.0044
               -116.6004    -118.7266    -118.8220    -118.0059    -118.3220
               -118.0865    -118.0287    -117.7035    -117.8003    -116.7789
               -115.8031    -116.2478    -119.5725    -119.4855    -119.5444
               -117.8216    -117.3601    -119.9052    -118.4076    -118.7305
               -118.1690    -116.7874    -121.4143    -119.3069    -117.0935
   5    100    -126.8245    -126.0226    -125.3790    -123.0402    -124.5252
               -126.8087    -126.4037    -126.3679    -126.2196    -124.6792
               -124.4687    -126.3589    -124.0357    -125.1651    -124.7647
               -124.3494    -124.7675    -122.6048    -127.3885    -123.4005
               -125.9871    -126.3591    -124.1763    -121.1763    -123.0179
               -123.5738    -125.7513    -125.8437    -125.0388    -125.3278
               -125.0930    -125.0505    -124.7472    -124.8059    -123.7595
               -122.7765    -123.2988    -126.6150    -126.5146    -126.5604
               -124.8657    -124.3595    -126.9091    -125.4059    -125.7516
               -125.1776    -123.8071    -128.4353    -126.2879    -124.0929
 
 group  inft   Estimated free energy: 1-th solvent contribution (kcal/mol)
   1      0     -49.9040     -52.9771     -46.8254     -55.1461     -45.4330
                -35.5872     -34.0512     -34.6234     -42.1687     -32.5889
                -35.4580     -42.4537     -38.7210     -43.4930     -39.8628
                -47.7715     -43.2610     -39.9342     -47.5943     -44.2162
                -39.9465     -44.9814     -52.1863     -45.8402     -41.3906
                -30.3425     -47.2341     -51.5933     -51.3532     -43.3282
                -41.3088     -54.9682     -58.1517     -54.1803     -47.5797
                -46.3818     -65.3521     -55.4096     -47.6981     -45.0343
                -45.4858     -45.1656     -42.2282     -49.2604     -51.2871
                -43.8178     -40.9672     -49.3281     -38.9189     -49.3655
   1     60     -50.1423     -53.2136     -47.0633     -55.3829     -45.6686
                -35.8240     -34.2887     -34.8595     -42.4062     -32.8246
                -35.6960     -42.6905     -38.9586     -43.7283     -40.0996
                -48.0071     -43.5000     -40.1715     -47.8333     -44.4493
                -40.1839     -45.2178     -52.4241     -46.0779     -41.6255
                -30.5749     -47.4701     -51.8303     -51.5916     -43.5667
                -41.5458     -55.2063     -58.3895     -54.4179     -47.8180
                -46.6181     -65.5908     -55.6461     -47.9351     -45.2688
                -45.7221     -45.4025     -42.4646     -49.4986     -51.5251
                -44.0538     -41.2044     -49.5685     -39.1562     -49.6007
   1     80     -50.8008     -53.8688     -47.7192     -56.0366     -46.3197
                -36.4786     -34.9444     -35.5122     -43.0625     -33.4761
                -36.3531     -43.3445     -39.6156     -44.3807     -40.7563
                -48.6604     -44.1576     -40.8253     -48.4934     -45.0945
                -40.8400     -45.8725     -53.0808     -46.7332     -42.2773
                -31.2194     -48.1208     -52.4833     -52.2497     -44.2268
                -42.2020     -55.8661     -59.0458     -55.0732     -48.4754
                -47.2704     -66.2500     -56.3015     -48.5936     -45.9208
                -46.3744     -46.0592     -43.1152     -50.1554     -52.1816
                -44.7084     -41.8619     -50.2296     -39.8127     -50.2524
   1    100     -52.0633     -55.1258     -48.9816     -57.2930     -47.5741
                -37.7347     -36.2041     -36.7681     -44.3216     -34.7280
                -37.6121     -44.5987     -40.8725     -45.6346     -42.0159
                -49.9172     -45.4255     -42.0858     -49.7546     -46.3434
                -42.1031     -47.1351     -54.3432     -47.9905     -43.5338
                -32.4691     -49.3779     -53.7421     -53.5157     -45.4919
                -43.4669     -57.1302     -60.3103     -56.3300     -49.7345
                -48.5234     -67.5161     -57.5675     -49.8580     -47.1756
                -47.6339     -47.3194     -44.3715     -51.4143     -53.4420
                -45.9685     -43.1273     -51.4939     -41.0717     -51.5053
   2      0     -49.9272     -52.9767     -46.8278     -55.1470     -45.4762
                -35.6399     -34.0719     -34.6818     -42.2110     -32.6293
                -35.4957     -42.4953     -38.7585     -43.5139     -39.8936
                -47.7861     -43.2826     -39.9617     -47.6054     -44.2583
                -39.9564     -44.9948     -52.1854     -45.8504     -41.4248
                -30.3829     -47.2419     -51.6189     -51.3629     -43.3422
                -41.3209     -54.9878     -58.1811     -54.2038     -47.5944
                -46.3887     -65.3415     -55.4027     -47.6998     -45.0468
                -45.5047     -45.1868     -42.2521     -49.2783     -51.2855
                -43.8503     -40.9621     -49.3902     -38.9661     -49.3727
   3      0     -49.9475     -53.0129     -46.8782     -55.1826     -45.5136
                -35.6614     -34.0832     -34.7010     -42.2358     -32.6317
                -35.5055     -42.5021     -38.7739     -43.5482     -39.9213
                -47.8130     -43.2964     -39.9944     -47.6246     -44.2725
                -40.0045     -45.0400     -52.2186     -45.8691     -41.4492
                -30.4028     -47.3131     -51.6586     -51.4020     -43.3505
                -41.3567     -55.0188     -58.1989     -54.2415     -47.6448
                -46.4293     -65.3963     -55.4433     -47.7409     -45.0999
                -45.5423     -45.2066     -42.3013     -49.3148     -51.3075
                -43.8831     -40.9926     -49.4056     -38.9818     -49.3815
   4      0     -49.9451     -53.0151     -46.8556     -55.1919     -45.5132
                -35.6644     -34.0920     -34.7079     -42.2439     -32.6411
                -35.5203     -42.5306     -38.7780     -43.5523     -39.9229
                -47.7815     -43.3073     -40.0028     -47.6070     -44.2976
                -39.9951     -45.0404     -52.1933     -45.8679     -41.4550
                -30.4268     -47.2884     -51.6632     -51.3990     -43.3696
                -41.3332     -55.0216     -58.2172     -54.2396     -47.6226
                -46.4024     -65.3758     -55.4532     -47.7357     -45.0621
                -45.5294     -45.2034     -42.2714     -49.3015     -51.3034
                -43.8975     -40.9751     -49.4036     -38.9982     -49.4021
   5      0     -49.9695     -53.0192     -46.8780     -55.2145     -45.5195
                -35.6857     -34.1094     -34.7186     -42.2447     -32.6440
                -35.5176     -42.5361     -38.7807     -43.5567     -39.9301
                -47.8168     -43.3126     -40.0146     -47.6385     -44.3147
                -40.0186     -45.0666     -52.2093     -45.8880     -41.4680
                -30.4481     -47.3019     -51.6730     -51.4066     -43.3687
                -41.3499     -55.0255     -58.2424     -54.2433     -47.6457
                -46.4346     -65.3978     -55.4379     -47.7482     -45.1092
                -45.5749     -45.2127     -42.2939     -49.3040     -51.3432
                -43.9036     -40.9922     -49.4288     -39.0024     -49.4198
   5     60     -50.2593     -53.3072     -47.1667     -55.5028     -45.8062
                -35.9740     -34.3983     -35.0057     -42.5336     -32.9309
                -35.8067     -42.8242     -39.0696     -43.8437     -40.2187
                -48.1035     -43.6027     -40.3023     -47.9294     -44.5982
                -40.3071     -45.3545     -52.4987     -46.1772     -41.7546
                -30.7313     -47.5880     -51.9610     -51.6966     -43.6585
                -41.6387     -55.3154     -58.5324     -54.5320     -47.9345
                -46.7218     -65.6884     -55.7254     -48.0375     -45.3953
                -45.8621     -45.5011     -42.5811     -49.5935     -51.6328
                -44.1910     -41.2812     -49.7208     -39.2915     -49.7068
   5     80     -50.9966     -54.0411     -47.9017     -56.2343     -46.5357
                -36.7056     -35.1323     -35.7359     -43.2672     -33.6600
                -36.5402     -43.5560     -39.8030     -44.5736     -40.9520
                -48.8341     -44.3394     -41.0343     -48.6667     -45.3206
                -41.0419     -46.0875     -53.2345     -46.9109     -42.4851
                -31.4549     -48.3183     -52.6920     -52.4341     -44.3967
                -42.3747     -56.0524     -59.2684     -55.2646     -48.6696
                -47.4514     -66.4265     -56.4600     -48.7738     -46.1247
                -46.5938     -46.2359     -43.3103     -50.3283     -52.3689
                -44.9238     -42.0154     -50.4603     -40.0258     -50.4353
   5    100     -52.1426     -55.1819     -49.0447     -57.3759     -47.6746
                -37.8439     -36.2742     -36.8757     -44.4095     -34.7951
                -37.6800     -44.6935     -40.9422     -45.7104     -42.0945
                -49.9739     -45.4882     -42.1785     -49.8121     -46.4533
                -42.1901     -47.2332     -54.3798     -48.0530     -43.6277
                -32.5882     -49.4596     -53.8353     -53.5823     -45.5440
                -43.5218     -57.1991     -60.4155     -56.4040     -49.8110
                -48.5869     -67.5747     -57.6074     -49.9213     -47.2671
                -47.7402     -47.3798     -44.4510     -51.4700     -53.5130
                -46.0677     -43.1618     -51.6085     -41.1687     -51.5729
 
 group  inft   Estimated free energy: 2-th solvent contribution (kcal/mol)
   1      0     -62.9145     -59.1580     -64.6400     -53.9205     -65.1756
                -77.4038     -78.5589     -77.9439     -70.1944     -78.3524
                -75.2678     -70.0492     -71.5121     -67.8292     -71.0034
                -62.6653     -67.5434     -68.7528     -65.8825     -65.4047
                -72.0586     -67.4468     -58.1154     -61.4418     -67.6926
                -79.3655     -64.5002     -60.2477     -59.7018     -68.0914
                -69.8973     -56.1172     -52.6015     -56.7044     -62.3700
                -62.5389     -44.0002     -57.2629     -64.9024     -67.6184
                -65.4093     -65.3615     -70.7496     -62.2562     -60.4886
                -67.4142     -68.9997     -65.2267     -73.5157     -60.8459
   1     60     -64.2491     -60.4857     -65.9717     -55.2572     -66.5113
                -78.7376     -79.8891     -79.2742     -71.5295     -79.6802
                -76.6001     -71.3907     -72.8486     -69.1591     -72.3351
                -63.9953     -68.8883     -70.0920     -67.2165     -66.7319
                -73.3893     -68.7844     -59.4430     -62.7753     -69.0151
                -80.6895     -65.8379     -61.5867     -61.0361     -69.4254
                -71.2261     -57.4542     -53.9423     -58.0460     -63.7016
                -63.8662     -45.3347     -58.5926     -66.2329     -68.9418
                -66.7461     -66.6859     -72.0825     -63.5928     -61.8223
                -68.7479     -70.3259     -66.5727     -74.8477     -62.1708
   1     80     -67.8948     -64.1208     -69.6010     -58.9036     -70.1562
                -82.3827     -83.5229     -82.9115     -75.1812     -83.3105
                -80.2380     -75.0504     -76.5053     -72.8015     -75.9919
                -67.6409     -72.5444     -73.7387     -70.8627     -70.3561
                -77.0231     -72.4427     -63.0690     -66.4133     -72.6431
                -84.3146     -69.4781     -65.2307     -64.6771     -73.0766
                -74.8620     -61.1194     -57.5973     -61.7026     -67.3329
                -67.4911     -48.9761     -62.2333     -69.8888     -72.5775
                -70.3912     -70.3196     -75.7052     -67.2351     -65.4594
                -72.4018     -73.9660     -70.2365     -78.4918     -65.7999
   1    100     -74.4071     -70.6240     -76.1175     -65.4314     -76.6640
                -88.8751     -90.0166     -89.3955     -81.6842     -89.7830
                -86.7096     -81.5430     -83.0071     -79.2902     -82.4872
                -74.1670     -79.0716     -80.2600     -77.3669     -76.8535
                -83.5164     -78.9637     -69.5805     -72.9206     -79.1421
                -90.7997     -76.0057     -71.7445     -71.2017     -79.5802
                -81.3799     -67.6360     -64.1479     -68.2209     -73.8124
                -73.9687     -55.5263     -68.7792     -76.4159     -79.0702
                -76.9112     -76.8187     -82.2055     -73.7387     -71.9726
                -78.9105     -80.4865     -76.7575     -84.9793     -72.2963
   2      0     -62.9881     -59.2207     -64.6821     -53.9918     -65.2264
                -77.4281     -78.5952     -77.9675     -70.2356     -78.3763
                -75.3126     -70.0902     -71.5695     -67.8780     -71.0541
                -62.7037     -67.5917     -68.7768     -65.9410     -65.4748
                -72.1200     -67.4788     -58.1646     -61.4988     -67.7612
                -79.4368     -64.5846     -60.2984     -59.7852     -68.1459
                -69.9951     -56.1626     -52.6677     -56.7631     -62.3929
                -62.6005     -44.0329     -57.3111     -64.9408     -67.6822
                -65.5026     -65.4056     -70.8250     -62.3220     -60.5723
                -67.4517     -69.0749     -65.2512     -73.5806     -60.9159
   3      0     -63.0149     -59.2003     -64.7280     -54.0355     -65.2538
                -77.4416     -78.6354     -77.9981     -70.2597     -78.3969
                -75.3427     -70.0854     -71.5687     -67.8962     -71.1094
                -62.7265     -67.6221     -68.8251     -65.9501     -65.4429
                -72.1630     -67.4986     -58.1468     -61.5341     -67.8219
                -79.4640     -64.6466     -60.3485     -59.7840     -68.1501
                -69.9753     -56.1798     -52.7038     -56.7802     -62.4226
                -62.6176     -44.0837     -57.3606     -64.9878     -67.6890
                -65.4952     -65.4038     -70.8587     -62.3490     -60.6123
                -67.4961     -69.0569     -65.2709     -73.5847     -60.9245
   4      0     -63.0191     -59.1937     -64.7022     -53.9985     -65.2540
                -77.4264     -78.6137     -77.9965     -70.2241     -78.3973
                -75.3053     -70.0772     -71.5140     -67.8973     -71.0999
                -62.6674     -67.6034     -68.8084     -65.9487     -65.3881
                -72.1597     -67.5042     -58.1659     -61.4624     -67.7349
                -79.4529     -64.5882     -60.3432     -59.8223     -68.1557
                -69.9738     -56.1638     -52.6474     -56.7863     -62.3646
                -62.6171     -44.0511     -57.3367     -64.9094     -67.6401
                -65.4773     -65.3871     -70.8221     -62.2984     -60.5718
                -67.4655     -69.0035     -65.2322     -73.5806     -60.9419
   5      0     -63.1384     -59.3235     -64.8175     -54.0965     -65.3218
                -77.4740     -78.6472     -78.0223     -70.3002     -78.4275
                -75.3267     -70.1461     -71.5870     -67.9550     -71.1530
                -62.8430     -67.7124     -68.8842     -66.0394     -65.4712
                -72.2727     -67.5626     -58.2779     -61.5955     -67.8840
                -79.5032     -64.7430     -60.4648     -59.9033     -68.2603
                -70.0620     -56.2904     -52.7422     -56.8596     -62.4702
                -62.7201     -44.1528     -57.4490     -65.0422     -67.7825
                -65.5568     -65.4854     -70.9552     -62.4195     -60.7017
                -67.5771     -69.1297     -65.2696     -73.6297     -61.0233
   5     60     -64.7627     -60.9407     -66.4344     -55.7241     -66.9471
                -79.0970     -80.2648     -79.6392     -71.9243     -80.0439
                -76.9464     -71.7774     -73.2121     -69.5788     -72.7790
                -64.4612     -69.3453     -70.5077     -67.6647     -67.0841
                -73.8905     -69.1925     -59.8938     -63.2183     -69.4960
                -81.1166     -66.3641     -62.0933     -61.5272     -69.8816
                -71.6784     -57.9215     -54.3779     -58.4898     -64.0849
                -64.3353     -45.7777     -59.0671     -66.6665     -69.3966
                -67.1812     -67.0987     -72.5747     -64.0439     -62.3237
                -69.2001     -70.7473     -66.9037     -75.2514     -62.6406
   5     80     -68.8084     -64.9771     -70.4685     -59.7692     -70.9914
                -83.1306     -84.2930     -83.6648     -75.9631     -84.0657
                -80.9714     -75.8286     -77.2527     -73.6163     -76.8226
                -68.5017     -73.4018     -74.5528     -71.7040     -71.1026
                -77.9271     -73.2497     -63.9234     -67.2538     -73.5222
                -85.1483     -70.4112     -66.1329     -65.5746     -73.9281
                -75.7147     -61.9792     -58.4380     -62.5386     -68.1121
                -68.3546     -49.8241     -63.1154     -70.7145     -73.4225
                -71.2306     -71.1270     -76.5977     -68.0822     -66.3645
                -73.2481     -74.7748     -70.9568     -79.2839     -66.6611
   5    100     -74.6847     -70.8435     -76.3372     -65.6671     -76.8535
                -88.9677     -90.1324     -89.4950     -81.8130     -89.8869
                -86.7916     -81.6683     -83.0964     -79.4575     -82.6731
                -74.3784     -79.2821     -80.4292     -77.5792     -76.9500
                -83.7998     -79.1287     -69.7993     -73.1262     -79.3931
                -90.9884     -76.2945     -72.0113     -71.4593     -79.7867
                -81.5741     -67.8543     -64.3346     -68.4048     -73.9513
                -74.1925     -55.7269     -69.0104     -76.5961     -79.2962
                -77.1284     -76.9825     -82.4609     -73.9388     -72.2415
                -79.1127     -80.6481     -76.8296     -85.1221     -72.5228
 
 
 cumulative average & 95% error for solvation free energy
              total             1st component         2nd component
  1  -112.9596              -49.9475              -63.0149
  2  -112.5849     0.7493   -51.4802     3.0653   -61.1076     3.8146
  3  -112.2578     0.7845   -49.9462     3.5418   -62.3144     3.2674
  4  -111.4971     1.6192   -51.2553     3.6232   -60.2447     4.7406
  5  -111.3506     1.2880   -50.1070     3.6265   -61.2465     4.1831
  6  -111.6422     1.2025   -47.6994     5.6527   -63.9457     6.3881
  7  -111.7956     1.0616   -45.7542     6.1611   -66.0442     6.8384
  8  -111.9081     0.9466   -44.3726     6.0087   -67.5384     6.6335
  9  -111.9731     0.8448   -44.1351     5.3204   -67.8408     5.8814
 10  -111.8784     0.7790   -42.9848     5.2857   -68.8964     5.6683
 11  -111.7844     0.7293   -42.3048     4.9707   -69.4824     5.2595
 12  -111.8511     0.6789   -42.3213     4.5378   -69.5327     4.8023
 13  -111.7349     0.6664   -42.0484     4.2097   -69.6893     4.4285
 14  -111.7139     0.6184   -42.1555     3.9033   -69.5612     4.1080
 15  -111.6682     0.5829   -42.0066     3.6459   -69.6644     3.8299
 16  -111.5975     0.5633   -42.3695     3.4868   -69.2308     3.6860
 17  -111.5573     0.5352   -42.4240     3.2771   -69.1362     3.4676
 18  -111.4051     0.5894   -42.2890     3.1015   -69.1189     3.2695
 19  -111.5191     0.6023   -42.5699     2.9870   -68.9521     3.1105
 20  -111.4288     0.5993   -42.6550     2.8388   -68.7767     2.9717
 21  -111.4638     0.5743   -42.5288     2.7120   -68.9379     2.8450
 22  -111.5126     0.5562   -42.6429     2.5959   -68.8725     2.7158
 23  -111.4626     0.5408   -43.0593     2.6165   -68.4062     2.7575
 24  -111.2933     0.6186   -43.1763     2.5160   -68.1198     2.7015
 25  -111.2123     0.6151   -43.1072     2.4172   -68.1079     2.5913
 26  -111.1604     0.6000   -42.6186     2.5196   -68.5447     2.6385
 27  -111.1899     0.5803   -42.7925     2.4493   -68.4003     2.5552
 28  -111.2190     0.5622   -43.1091     2.4437   -68.1127     2.5285
 29  -111.2178     0.5425   -43.3951     2.4263   -67.8255     2.5065
 30  -111.2271     0.5245   -43.3936     2.3440   -67.8364     2.4216
 31  -111.2304     0.5073   -43.3279     2.2710   -67.9054     2.3462
 32  -111.2293     0.4912   -43.6932     2.3171   -67.5389     2.3870
 33  -111.2193     0.4765   -44.1328     2.4117   -67.0894     2.4821
 34  -111.2134     0.4624   -44.4301     2.4141   -66.7862     2.4832
 35  -111.1806     0.4538   -44.5220     2.3513   -66.6615     2.4241
 36  -111.1213     0.4567   -44.5749     2.2875   -66.5492     2.3665
 37  -111.0768     0.4530   -45.1377     2.4933   -65.9420     2.6023
 38  -111.1222     0.4501   -45.4089     2.4867   -65.7162     2.5729
 39  -111.1633     0.4461   -45.4687     2.4250   -65.6975     2.5063
 40  -111.2039     0.4423   -45.4595     2.3637   -65.7473     2.4449
 41  -111.1998     0.4315   -45.4615     2.3053   -65.7411     2.3845
 42  -111.1857     0.4220   -45.4554     2.2498   -65.7331     2.3271
 43  -111.2315     0.4222   -45.3821     2.2017   -65.8523     2.2848
 44  -111.2413     0.4129   -45.4714     2.1585   -65.7727     2.2380
 45  -111.2563     0.4047   -45.6011     2.1259   -65.6580     2.1997
 46  -111.2589     0.3959   -45.5638     2.0805   -65.6980     2.1528
 47  -111.2331     0.3908   -45.4665     2.0450   -65.7694     2.1113
 48  -111.3048     0.4085   -45.5486     2.0087   -65.7591     2.0670
 49  -111.3305     0.4034   -45.4146     1.9855   -65.9188     2.0494
 50  -111.3099     0.3974   -45.4939     1.9518   -65.8189     2.0179
 
 Mesh error is    0.127 kcal/mol
