 ERmod 0.3.8, Copyright (C) 2000-2019 Nobuyuki Matubayasi
                            2010-2019 Shun Sakuraba
 ERmod comes with ABSOLUTELY NO WARRANTY.
 This is free software, and you can redistribute it
 and/or modify it under certain conditions.
 See LICENSE file for details.
 
  Number of the   1-th solvent  =          378
  Number of the   2-th solvent  =        10000
 
  Be sure that the solvent distribution is homogeneous (radial distribution function is essentially unity) when the solvent molecule is separated beyond distance of   10.0 Angstrom in any direction from any atom within the solute molecule
 
  LJ long-range correction    =        -1.1319     -7.1533
 
  Self-energy of the solute   =        -0.0105  kcal/mol
 
 
 cumulative average & 95% error for solvation energy
              total             1st component         2nd component
  1  -491.1207              -57.5965             -433.5137
  2  -491.0286     0.1842   -61.9325     8.6720  -429.0856     8.8562
  3  -490.6082     0.8476   -63.0467     5.4803  -427.5509     5.9636
  4  -489.5062     2.2839   -66.1087     7.2471  -423.3870     9.3347
  5  -489.7186     1.8194   -67.3962     6.1760  -422.3119     7.5435
  6  -490.7153     2.4861   -68.8223     5.7934  -421.8825     6.2189
  7  -490.4984     2.1454   -67.4393     5.6236  -423.0486     5.7501
  8  -490.6641     1.8873   -64.8292     7.1392  -425.8244     7.4577
  9  -491.0048     1.7985   -64.3315     6.3744  -426.6627     6.7874
 10  -491.2652     1.6908   -61.3016     8.3204  -429.9531     8.9533
 11  -491.2010     1.5348   -60.9087     7.5670  -430.2818     8.1252
 12  -491.1868     1.4014   -60.3357     7.0021  -430.8407     7.5010
 13  -491.1346     1.2933   -59.3387     6.7426  -431.7854     7.1539
 14  -491.0916     1.2004   -59.8530     6.3266  -431.2280     6.7164
 15  -490.8100     1.2514   -60.3820     5.9840  -430.4175     6.4594
 16  -490.8537     1.1739   -60.6046     5.6152  -430.2386     6.0528
 17  -490.8487     1.1027   -60.2313     5.3271  -430.6069     5.7331
 18  -490.3699     1.4134   -61.0568     5.2868  -429.3026     6.0017
 19  -490.1271     1.4225   -62.0482     5.3796  -428.0684     6.1905
 20  -490.0428     1.3599   -62.1102     5.1051  -427.9221     5.8801
 21  -489.7209     1.4450   -63.9445     6.0859  -425.7658     7.0626
 22  -489.6976     1.3785   -64.1706     5.8203  -425.5165     6.7524
 23  -489.8078     1.3355   -63.5204     5.7115  -426.2768     6.6289
 24  -489.7884     1.2793   -62.7659     5.6727  -427.0119     6.5148
 25  -489.8570     1.2347   -62.1144     5.5949  -427.7320     6.4126
 26  -489.8938     1.1885   -61.8716     5.3973  -428.0117     6.1863
 27  -489.7920     1.1616   -61.8588     5.1936  -427.9227     5.9555
 28  -489.6028     1.1816   -62.1493     5.0383  -427.4430     5.8185
 29  -489.4743     1.1688   -62.0072     4.8698  -427.4566     5.6143
 30  -489.3617     1.1514   -62.1484     4.7131  -427.2027     5.4477
 31  -489.3723     1.1138   -62.5302     4.6220  -426.8316     5.3210
 32  -489.3600     1.0787   -62.8742     4.5279  -426.4752     5.2011
 33  -489.5109     1.0882   -62.1050     4.6504  -427.3954     5.3665
 34  -489.6074     1.0732   -62.4976     4.5794  -427.0992     5.2399
 35  -489.6555     1.0465   -63.0576     4.5855  -426.5873     5.1899
 36  -489.5495     1.0389   -64.0123     4.8481  -425.5266     5.4717
 37  -489.5229     1.0119   -64.4087     4.7815  -425.1037     5.3886
 38  -489.5940     0.9951   -64.5335     4.6606  -425.0500     5.2459
 39  -489.6036     0.9694   -64.6124     4.5423  -424.9807     5.1115
 40  -489.5930     0.9451   -64.5773     4.4278  -425.0051     4.9823
 41  -489.6061     0.9222   -64.6671     4.3222  -424.9285     4.8617
 42  -489.6077     0.8999   -64.3825     4.2563  -425.2147     4.7789
 43  -489.6992     0.8976   -64.5974     4.1783  -425.0913     4.6730
 44  -489.6086     0.8955   -64.7974     4.1018  -424.8007     4.6024
 45  -489.6151     0.8755   -65.1639     4.0760  -424.4407     4.5562
 46  -489.5394     0.8695   -65.5840     4.0740  -423.9449     4.5651
 47  -489.3996     0.8956   -65.6366     3.9878  -423.7525     4.4834
 48  -489.4422     0.8809   -65.1827     4.0079  -424.2490     4.5000
 49  -489.4550     0.8631   -64.7970     4.0004  -424.6474     4.4786
 50  -489.4641     0.8459   -64.7006     3.9243  -424.7530     4.3932
 
 
 group  inft  solvation free energy     error          difference
  total solvation free energy
   1      0       -101.76873           0.40199           0.14258
   1     60       -102.54285           0.40095          -0.63154
   1     80       -105.76413           0.39926          -3.85282
   1    100       -113.92004           0.39965         -12.00873
   2      0       -101.85031           0.40085           0.06100
   3      0       -101.91131           0.40141           0.00000
   4      0       -101.88508           0.40222           0.02623
   5      0       -101.99028           0.40097          -0.07897
   5     60       -102.96747           0.39977          -1.05616
   5     80       -106.74622           0.39777          -4.83491
   5    100       -114.19389           0.39806         -12.28258
 
  contribution from  1-th solvent component
   1      0        -22.82149           1.57766           0.03003
   1     60        -22.84833           1.57773           0.00318
   1     80        -22.97348           1.57797          -0.12197
   1    100        -23.34435           1.57817          -0.49284
   2      0        -22.84057           1.57785           0.01095
   3      0        -22.85151           1.57863           0.00000
   4      0        -22.85275           1.57815          -0.00124
   5      0        -22.85843           1.57790          -0.00691
   5     60        -22.89279           1.57799          -0.04128
   5     80        -23.04431           1.57823          -0.19280
   5    100        -23.38677           1.57837          -0.53526
 
  contribution from  2-th solvent component
   1      0        -78.93671           1.85810           0.11255
   1     60        -79.68399           1.85695          -0.63472
   1     80        -82.78012           1.85471          -3.73085
   1    100        -90.56516           1.85384         -11.51589
   2      0        -78.99921           1.85738           0.05005
   3      0        -79.04927           1.85799           0.00000
   4      0        -79.02180           1.85804           0.02746
   5      0        -79.12132           1.85631          -0.07205
   5     60        -80.06415           1.85499          -1.01488
   5     80        -83.69138           1.85243          -4.64212
   5    100        -90.79659           1.85152         -11.74732
 
 
 group  inft   Estimated free energy: total (kcal/mol)
   1      0    -102.3044    -102.2385    -101.7536    -100.1019    -101.7768
               -104.2301    -101.6783    -103.0670    -103.6811    -103.8749
               -102.5783    -102.4175    -102.6771    -102.6873    -101.1623
               -102.4498    -102.6232     -98.9362    -100.2422    -101.6903
                -98.0563    -101.4973    -102.9541    -102.4869    -102.8463
               -102.7715    -100.7064     -98.9914    -100.2896    -100.0136
               -101.4845    -101.2298    -104.2902    -103.1217    -101.7775
                -98.6013    -100.9759    -102.7121    -101.6924    -101.6175
               -101.6653    -102.1578    -103.2259    -100.4914    -101.8660
               -100.5545     -99.7233    -102.8314    -102.6265    -103.0075
   1     60    -103.0762    -103.0144    -102.5283    -100.8766    -102.5564
               -105.0033    -102.4464    -103.8352    -104.4487    -104.6382
               -103.3472    -103.1883    -103.4446    -103.4593    -101.9371
               -103.2202    -103.4005     -99.7132    -101.0220    -102.4634
                -98.8448    -102.2687    -103.7258    -103.2582    -103.6164
               -103.5453    -101.4838     -99.7712    -101.0640    -100.7889
               -102.2623    -102.0071    -105.0543    -103.8915    -102.5562
                -99.3851    -101.7523    -103.4873    -102.4706    -102.3923
               -102.4460    -102.9284    -103.9996    -101.2637    -102.6454
               -101.3373    -100.5006    -103.5972    -103.3956    -103.7833
   1     80    -106.2935    -106.2508    -105.7530    -104.1036    -105.7971
               -108.2275    -105.6567    -107.0429    -107.6489    -107.8351
               -106.5540    -106.4078    -106.6504    -106.6793    -105.1567
               -106.4326    -106.6337    -102.9405    -104.2496    -105.6705
               -102.0852    -105.4762    -106.9510    -106.4717    -106.8303
               -106.7682    -104.7182    -103.0007    -104.2842    -103.9959
               -105.4948    -105.2388    -108.2540    -107.0994    -105.7936
               -102.6311    -104.9776    -106.7228    -105.7078    -105.6165
               -105.6890    -106.1397    -107.2245    -104.4770    -105.8737
               -104.5724    -103.7197    -106.7918    -106.6061    -107.0106
   1    100    -114.4465    -114.4243    -113.9002    -112.2618    -113.9796
               -116.4132    -113.7954    -115.1803    -115.7901    -115.9727
               -114.6812    -114.5732    -114.7875    -114.8374    -113.3113
               -114.5755    -114.8176    -111.0952    -112.3917    -113.8020
               -110.2337    -113.6009    -115.1233    -114.6198    -114.9786
               -114.9482    -112.9075    -111.1573    -112.4394    -112.1245
               -113.6703    -113.4121    -116.4099    -115.2379    -113.9626
               -110.8100    -113.1335    -114.8980    -113.8844    -113.7821
               -113.8750    -114.2703    -115.4085    -112.6073    -114.0217
               -112.7234    -111.8585    -114.9236    -114.7482    -115.1950
   2      0    -102.4090    -102.3363    -101.8049    -100.1771    -101.8571
               -104.2920    -101.7613    -103.1451    -103.7676    -103.9398
               -102.6379    -102.5169    -102.7518    -102.7274    -101.2633
               -102.5408    -102.7128     -99.0547    -100.3769    -101.7475
                -98.1243    -101.5968    -103.0815    -102.5267    -102.9437
               -102.8325    -100.7502     -99.0957    -100.3952    -100.1315
               -101.5639    -101.2980    -104.3692    -103.2266    -101.8820
                -98.6694    -100.9912    -102.7981    -101.7489    -101.6825
               -101.6845    -102.1973    -103.3232    -100.5734    -101.9698
               -100.7134     -99.8131    -102.9016    -102.7289    -103.0824
   3      0    -102.4447    -102.4010    -101.9105    -100.2563    -101.9098
               -104.3547    -101.8180    -103.1976    -103.8195    -104.0035
               -102.7317    -102.6219    -102.7732    -102.7912    -101.3267
               -102.5961    -102.7831     -99.0956    -100.4536    -101.7992
                -98.1600    -101.6510    -103.1295    -102.5979    -103.0163
               -102.9254    -100.7997     -99.1679    -100.3871    -100.1801
               -101.6564    -101.3134    -104.3967    -103.2807    -101.9512
                -98.7707    -101.0622    -102.8768    -101.8411    -101.7782
               -101.7330    -102.2524    -103.4111    -100.6102    -102.0065
               -100.7331     -99.8853    -102.9754    -102.7891    -103.1391
   4      0    -102.4102    -102.3648    -101.8765    -100.2295    -101.8962
               -104.3074    -101.7737    -103.1857    -103.8122    -103.9577
               -102.7144    -102.5817    -102.7417    -102.7695    -101.2949
               -102.6215    -102.7833     -99.0563    -100.3842    -101.7678
                -98.1130    -101.6070    -103.1252    -102.5615    -102.9811
               -102.8975    -100.7875     -99.1932    -100.3529    -100.1548
               -101.6009    -101.3249    -104.3913    -103.2559    -101.9724
                -98.7055    -101.0348    -102.8941    -101.8199    -101.6773
               -101.7058    -102.2098    -103.3673    -100.6207    -102.0006
               -100.7064     -99.8572    -102.9164    -102.7651    -103.1253
   5      0    -102.5356    -102.4756    -101.9959    -100.3665    -101.9714
               -104.4331    -101.8915    -103.2970    -103.9030    -104.0591
               -102.7690    -102.6857    -102.8450    -102.8800    -101.4084
               -102.7018    -102.8772     -99.1566    -100.5527    -101.8541
                -98.2405    -101.6947    -103.1992    -102.6641    -103.0696
               -103.0311    -100.8818     -99.3042    -100.4648    -100.2528
               -101.6873    -101.4260    -104.4909    -103.3833    -102.0802
                -98.8503    -101.1390    -102.9636    -101.9047    -101.8051
               -101.8433    -102.3377    -103.4747    -100.7025    -102.1006
               -100.7983     -99.9382    -103.0211    -102.8656    -103.2391
   5     60    -103.5093    -103.4558    -102.9733    -101.3449    -102.9555
               -105.4089    -102.8627    -104.2675    -104.8726    -105.0233
               -103.7382    -103.6622    -103.8145    -103.8533    -102.3846
               -103.6757    -103.8562    -100.1359    -101.5375    -102.8321
                -99.2326    -102.6701    -104.1755    -103.6360    -104.0407
               -104.0070    -101.8646    -100.2901    -101.4461    -101.2322
               -102.6692    -102.4073    -105.4578    -104.3549    -103.0635
                -99.8377    -102.1176    -103.9426    -102.8863    -102.7820
               -102.8262    -103.3089    -104.4535    -101.6813    -103.0842
               -101.7839    -100.9161    -103.9883    -103.8365    -104.2167
   5     80    -107.2826    -107.2514    -106.7548    -105.1294    -106.7556
               -109.1866    -106.6288    -108.0292    -108.6291    -108.7729
               -107.4984    -107.4444    -107.5746    -107.6257    -106.1618
               -107.4467    -107.6493    -103.9175    -105.3236    -106.6018
               -103.0355    -106.4352    -107.9596    -107.4041    -107.8094
               -107.7891    -105.6599    -104.0762    -105.2279    -104.9998
               -106.4617    -106.2000    -109.2151    -108.1158    -106.8615
               -103.6420    -105.8995    -107.7353    -106.6805    -106.5633
               -106.6262    -107.0700    -108.2394    -105.4533    -106.8694
               -105.5801    -104.6953    -107.7396    -107.6025    -107.9997
   5    100    -114.7214    -114.7177    -114.2006    -112.5763    -114.2244
               -116.6611    -114.0592    -115.4634    -116.0642    -116.2049
               -114.9253    -114.9010    -114.9981    -115.0766    -113.6076
               -114.8832    -115.1304    -111.3613    -112.7574    -114.0360
               -110.4772    -113.8583    -115.4219    -114.8454    -115.2512
               -115.2586    -113.1311    -111.5321    -112.6704    -112.4304
               -113.9279    -113.6628    -116.6593    -115.5444    -114.3246
               -111.1108    -113.3444    -115.2033    -114.1459    -114.0165
               -114.0948    -114.4892    -115.7118    -112.8707    -114.3104
               -113.0275    -112.1333    -115.1630    -115.0405    -115.4665
 
 group  inft   Estimated free energy: 1-th solvent contribution (kcal/mol)
   1      0     -19.9440     -23.5096     -23.1203     -27.1509     -25.8131
                -27.7069     -20.7643     -15.5504     -21.4041     -10.3257
                -19.9852     -18.4944     -15.7964     -23.8310     -24.1898
                -22.8746     -18.7459     -26.9355     -28.7779     -22.1966
                -36.7315     -24.6046     -16.3923     -14.7457     -15.3775
                -19.4741     -21.5978     -24.8008     -19.5219     -23.3311
                -26.7485     -26.2455     -11.7865     -27.3482     -29.7316
                -35.8925     -28.5263     -24.8263     -23.9752     -22.2163
                -24.1889     -17.9724     -26.7157     -26.3607     -29.4397
                -30.4758     -24.0917     -14.2997     -15.3864     -21.1526
   1     60     -19.9711     -23.5367     -23.1474     -27.1779     -25.8403
                -27.7344     -20.7910     -15.5774     -21.4311     -10.3520
                -20.0122     -18.5206     -15.8231     -23.8584     -24.2167
                -22.9014     -18.7723     -26.9624     -28.8046     -22.2240
                -36.7589     -24.6315     -16.4189     -14.7714     -15.4036
                -19.5005     -21.6242     -24.8273     -19.5474     -23.3578
                -26.7760     -26.2726     -11.8130     -27.3757     -29.7590
                -35.9197     -28.5536     -24.8531     -24.0022     -22.2429
                -24.2156     -17.9993     -26.7429     -26.3876     -29.4670
                -30.5026     -24.1186     -14.3265     -15.4134     -21.1790
   1     80     -20.0976     -23.6634     -23.2738     -27.3039     -25.9670
                -27.8624     -20.9161     -15.7032     -21.5571     -10.4755
                -20.1380     -18.6435     -15.9481     -23.9859     -24.3418
                -23.0264     -18.8956     -27.0872     -28.9288     -22.3510
                -36.8853     -24.7572     -16.5433     -14.8921     -15.5260
                -19.6237     -21.7468     -24.9502     -19.6666     -23.4818
                -26.9034     -26.3991     -11.9370     -27.5035     -29.8866
                -36.0459     -28.6807     -24.9785     -24.1280     -22.3672
                -24.3401     -18.1245     -26.8699     -26.5127     -29.5935
                -30.6272     -24.2434     -14.4519     -15.5392     -21.3026
   1    100     -20.4697     -24.0357     -23.6454     -27.6760     -26.3412
                -28.2389     -21.2866     -16.0756     -21.9300     -10.8459
                -20.5096     -19.0127     -16.3197     -24.3599     -24.7124
                -23.3972     -19.2654     -27.4569     -29.2976     -22.7251
                -37.2552     -25.1280     -16.9130     -15.2549     -15.8939
                -19.9937     -22.1154     -25.3164     -20.0264     -23.8505
                -27.2761     -26.7715     -12.3085     -27.8768     -30.2601
                -36.4171     -29.0537     -25.3511     -24.5003     -22.7379
                -24.7102     -18.4942     -27.2454     -26.8827     -29.9665
                -30.9966     -24.6128     -14.8240     -15.9113     -21.6719
   2      0     -19.9633     -23.5233     -23.1308     -27.1581     -25.8358
                -27.7234     -20.7823     -15.5567     -21.4139     -10.3435
                -19.9990     -18.5108     -15.7969     -23.8440     -24.2081
                -22.8956     -18.7740     -26.9628     -28.8056     -22.2023
                -36.7549     -24.6236     -16.4149     -14.7769     -15.4026
                -19.5045     -21.6246     -24.8207     -19.5521     -23.3529
                -26.7711     -26.2623     -11.8060     -27.3552     -29.7408
                -35.9180     -28.5378     -24.8397     -24.0081     -22.2345
                -24.2143     -17.9887     -26.7287     -26.3853     -29.4563
                -30.5069     -24.1265     -14.3158     -15.3999     -21.1747
   3      0     -19.9692     -23.5377     -23.1362     -27.1820     -25.8514
                -27.7205     -20.7975     -15.5607     -21.4158     -10.3513
                -20.0150     -18.5214     -15.8063     -23.8556     -24.2260
                -22.9080     -18.7868     -26.9670     -28.8115     -22.2060
                -36.7751     -24.6364     -16.4179     -14.7791     -15.4179
                -19.5149     -21.6332     -24.8326     -19.5591     -23.3597
                -26.7860     -26.2630     -11.8024     -27.3601     -29.7591
                -35.9403     -28.5512     -24.8553     -24.0010     -22.2490
                -24.2334     -17.9946     -26.7525     -26.4108     -29.4669
                -30.5195     -24.1417     -14.3278     -15.4073     -21.2019
   4      0     -19.9660     -23.5296     -23.1396     -27.1702     -25.8552
                -27.7177     -20.8015     -15.5575     -21.4158     -10.3553
                -20.0229     -18.5153     -15.7996     -23.8508     -24.2229
                -22.9034     -18.7907     -26.9808     -28.8119     -22.2061
                -36.7805     -24.6341     -16.4200     -14.7964     -15.4141
                -19.5140     -21.6530     -24.8438     -19.5757     -23.3648
                -26.7940     -26.2646     -11.8189     -27.3556     -29.7646
                -35.9257     -28.5490     -24.8478     -24.0104     -22.2566
                -24.2432     -17.9982     -26.7329     -26.4081     -29.4609
                -30.5274     -24.1489     -14.3322     -15.3994     -21.1899
   5      0     -19.9706     -23.5359     -23.1415     -27.1884     -25.8490
                -27.7173     -20.8039     -15.5748     -21.4121     -10.3625
                -20.0104     -18.5209     -15.8195     -23.8541     -24.2296
                -22.9103     -18.7865     -26.9895     -28.8230     -22.2020
                -36.7745     -24.6341     -16.4375     -14.7985     -15.4246
                -19.5331     -21.6483     -24.8548     -19.5911     -23.3759
                -26.7898     -26.2635     -11.8098     -27.3657     -29.7670
                -35.9447     -28.5490     -24.8539     -24.0086     -22.2577
                -24.2453     -18.0100     -26.7466     -26.4114     -29.4780
                -30.5255     -24.1507     -14.3385     -15.4160     -21.2153
   5     60     -20.0052     -23.5707     -23.1762     -27.2230     -25.8838
                -27.7524     -20.8383     -15.6092     -21.4467     -10.3962
                -20.0449     -18.5546     -15.8538     -23.8891     -24.2639
                -22.9446     -18.8202     -27.0239     -28.8573     -22.2371
                -36.8094     -24.6686     -16.4716     -14.8316     -15.4580
                -19.5669     -21.6820     -24.8888     -19.6241     -23.4102
                -26.8249     -26.2983     -11.8438     -27.4008     -29.8021
                -35.9794     -28.5839     -24.8881     -24.0430     -22.2918
                -24.2794     -18.0444     -26.7814     -26.4459     -29.5129
                -30.5596     -24.1850     -14.3729     -15.4505     -21.2492
   5     80     -20.1582     -23.7240     -23.3291     -27.3752     -26.0372
                -27.9070     -20.9899     -15.7613     -21.5990     -10.5458
                -20.1972     -18.7040     -16.0052     -24.0430     -24.4153
                -23.0962     -18.9698     -27.1752     -29.0076     -22.3908
                -36.9619     -24.8205     -16.6224     -14.9783     -15.6067
                -19.7163     -21.8309     -25.0380     -19.7697     -23.5603
                -26.9791     -26.4514     -11.9945     -27.5550     -29.9565
                -36.1321     -28.7373     -25.0397     -24.1951     -22.4425
                -24.4301     -18.1958     -26.9349     -26.5973     -29.6658
                -30.7097     -24.3359     -14.5250     -15.6025     -21.3991
   5    100     -20.5010     -24.0680     -23.6726     -27.7183     -26.3826
                -28.2541     -21.3324     -16.1048     -21.9427     -10.8881
                -20.5406     -19.0453     -16.3474     -24.3882     -24.7577
                -23.4388     -19.3121     -27.5171     -29.3483     -22.7357
                -37.3033     -25.1625     -16.9640     -15.3146     -15.9472
                -20.0581     -22.1713     -25.3765     -20.1035     -23.9004
                -27.3234     -26.7951     -12.3376     -27.8992     -30.3014
                -36.4749     -29.0812     -25.3837     -24.5382     -22.7851
                -24.7723     -18.5371     -27.2808     -26.9384     -30.0096
                -31.0508     -24.6773     -14.8685     -15.9457     -21.7409
 
 group  inft   Estimated free energy: 2-th solvent contribution (kcal/mol)
   1      0     -82.3499     -78.7184     -78.6228     -72.9405     -75.9532
                -76.5126     -80.9035     -87.5060     -82.2665     -93.5387
                -82.5825     -83.9126     -86.8702     -78.8457     -76.9619
                -79.5646     -83.8667     -71.9901     -71.4538     -79.4831
                -61.3143     -76.8822     -86.5513     -87.7307     -87.4583
                -83.2869     -79.0980     -74.1800     -80.7572     -76.6720
                -74.7255     -74.9738     -92.4932     -75.7630     -72.0354
                -62.6982     -72.4391     -77.8753     -77.7067     -79.3907
                -77.4658     -84.1749     -76.4997     -74.1201     -72.4157
                -70.0682     -75.6210     -88.5212     -87.2295     -81.8444
   1     60     -83.0945     -79.4671     -79.3703     -73.6881     -76.7055
                -77.2584     -81.6449     -88.2473     -83.0071     -94.2757
                -83.3245     -84.6572     -87.6109     -79.5904     -77.7099
                -80.3083     -84.6178     -72.7403     -72.2069     -80.2289
                -62.0754     -77.6267     -87.2964     -88.4763     -88.2022
                -84.0343     -79.8491     -74.9333     -81.5061     -77.4205
                -75.4758     -75.7239     -93.2308     -76.5053     -72.7867
                -63.4549     -73.1882     -78.6237     -78.4579     -80.1389
                -78.2199     -84.9185     -77.2461     -74.8655     -73.1678
                -70.8242     -76.3715     -89.2601     -87.9716     -82.5937
   1     80     -86.1853     -82.5769     -82.4687     -76.7891     -79.8196
                -80.3546     -84.7301     -91.3291     -86.0812     -97.3492
                -86.4055     -87.7538     -90.6918     -82.6828     -80.8044
                -83.3957     -87.7276     -75.8428     -75.3104     -83.3089
                -65.1894     -80.7085     -90.3972     -91.5691     -91.2938
                -87.1340     -82.9609     -78.0400     -84.6071     -80.5036
                -78.5808     -78.8292     -96.3064     -79.5853     -75.8965
                -66.5747     -76.2864     -81.7339     -81.5693     -83.2388
                -81.3384     -88.0047     -80.3440     -77.9537     -76.2697
                -73.9347     -79.4658     -92.3293     -91.0563     -85.6975
   1    100     -93.9663     -90.3781     -90.2443     -84.5753     -87.6279
                -88.1637     -92.4982     -99.0942     -93.8496    -105.1162
                -94.1610     -95.5499     -98.4573     -90.4670     -88.5884
                -91.1677     -95.5417     -83.6278     -83.0836     -91.0664
                -72.9679     -88.4624     -98.1997     -99.3543     -99.0742
                -94.9439     -90.7816     -85.8304     -92.4025     -88.2635
                -86.3837     -86.6301    -104.0908     -87.3506     -83.6920
                -74.3823     -84.0693     -89.5364     -89.3736     -91.0337
                -89.1543     -95.7656     -88.1526     -85.7141     -84.0447
                -81.7162     -87.2351    -100.0891     -98.8264     -93.5125
   2      0     -82.4351     -78.8024     -78.6635     -73.0085     -76.0108
                -76.5581     -80.9685     -87.5779     -82.3431     -93.5858
                -82.6283     -83.9956     -86.9444     -78.8728     -77.0447
                -79.6347     -83.9284     -72.0813     -71.5608     -79.5346
                -61.3588     -76.9627     -86.6561     -87.7392     -87.5305
                -83.3175     -79.1150     -74.2645     -80.8326     -76.7682
                -74.7822     -75.0251     -92.5527     -75.8609     -72.1307
                -62.7409     -72.4429     -77.9479     -77.7303     -79.4375
                -77.4596     -84.1981     -76.5839     -74.1775     -72.5030
                -70.1960     -75.6761     -88.5753     -87.3184     -81.8972
   3      0     -82.4650     -78.8528     -78.7637     -73.0639     -76.0478
                -76.6237     -81.0100     -87.6264     -82.3932     -93.6416
                -82.7062     -84.0900     -86.9564     -78.9251     -77.0902
                -79.6776     -83.9858     -72.1181     -71.6316     -79.5827
                -61.3744     -77.0041     -86.7011     -87.8083     -87.5878
                -83.4000     -79.1559     -74.3248     -80.8175     -76.8099
                -74.8598     -75.0400     -92.5837     -75.9100     -72.1815
                -62.8199     -72.5005     -78.0109     -77.8295     -79.5186
                -77.4890     -84.2472     -76.6481     -74.1889     -72.5290
                -70.2030     -75.7330     -88.6371     -87.3713     -81.9266
   4      0     -82.4336     -78.8246     -78.7264     -73.0488     -76.0305
                -76.5791     -80.9617     -87.6177     -82.3859     -93.5918
                -82.6809     -84.0559     -86.9316     -78.9082     -77.0615
                -79.7076     -83.9821     -72.0650     -71.5617     -79.5512
                -61.3220     -76.9624     -86.6946     -87.7546     -87.5565
                -83.3729     -79.1239     -74.3389     -80.7666     -76.7795
                -74.7963     -75.0497     -92.5618     -75.8898     -72.1972
                -62.7692     -72.4753     -78.0357     -77.7990     -79.4101
                -77.4521     -84.2011     -76.6239     -74.2021     -72.5292
                -70.1685     -75.6978     -88.5737     -87.3551     -81.9249
   5      0     -82.5545     -78.9292     -78.8439     -73.1675     -76.1119
                -76.7053     -81.0771     -87.7117     -82.4804     -93.6860
                -82.7481     -84.1543     -87.0149     -79.0153     -77.1683
                -79.7809     -84.0802     -72.1566     -71.7192     -79.6415
                -61.4555     -77.0500     -86.7511     -87.8550     -87.6345
                -83.4874     -79.2230     -74.4389     -80.8632     -76.8664
                -74.8870     -75.1519     -92.6705     -76.0071     -72.3026
                -62.8951     -72.5794     -78.0992     -77.8856     -79.5369
                -77.5876     -84.3172     -76.7176     -74.2806     -72.6121
                -70.2623     -75.7770     -88.6721     -87.4391     -82.0132
   5     60     -83.4935     -79.8746     -79.7866     -74.1114     -77.0611
                -77.6460     -82.0139     -88.6477     -83.4154     -94.6166
                -83.6828     -85.0971     -87.9501     -79.9537     -78.1102
                -80.7206     -85.0255     -73.1015     -72.6697     -80.5845
                -62.4127     -77.9909     -87.6933     -88.7939     -88.5722
                -84.4296     -80.1720     -75.3907     -81.8115     -77.8115
                -75.8338     -76.0985     -93.6034     -76.9436     -73.2509
                -63.8477     -73.5231     -79.0439     -78.8327     -80.4797
                -78.5363     -85.2540     -77.6616     -75.2249     -73.5608
                -71.2138     -76.7206     -89.6048     -88.3755     -82.9569
   5     80     -87.1139     -83.5168     -83.4152     -77.7437     -80.7078
                -81.2690     -85.6284     -92.2574     -87.0196     -98.2166
                -87.2907     -88.7299     -91.5589     -83.5722     -81.7360
                -84.3400     -88.6690     -76.7318     -76.3054     -84.2004
                -66.0631     -81.6042     -91.3266     -92.4153     -92.1921
                -88.0622     -83.8185     -79.0276     -85.4477     -81.4290
                -79.4721     -79.7380     -97.2100     -80.5503     -76.8945
                -67.4993     -77.1516     -82.6851     -82.4748     -84.1103
                -82.1856     -88.8637     -81.2940     -78.8454     -77.1930
                -74.8598     -80.3489     -93.2041     -91.9894     -86.5901
   5    100     -94.2099     -90.6392     -90.5175     -84.8474     -87.8313
                -88.3964     -92.7163     -99.3480     -94.1109    -105.3063
                -94.3741     -95.8452     -98.6402     -90.6779     -88.8394
                -91.4339     -95.8077     -83.8337     -83.3985     -91.2898
                -73.1634     -88.6853     -98.4473     -99.5202     -99.2935
                -95.1900     -90.9493     -86.1451     -92.5564     -88.5195
                -86.5940     -86.8572    -104.3111     -87.6346     -84.0128
                -74.6254     -84.2526     -89.8091     -89.5972     -91.2208
                -89.3120     -95.9415     -88.4205     -85.9218     -84.2902
                -81.9662     -87.4454    -100.2839     -99.0843     -93.7151
 
 
 cumulative average & 95% error for solvation free energy
              total             1st component         2nd component
  1  -102.4447              -19.9692              -82.4650
  2  -102.4229     0.0437   -21.7535     3.5685   -80.6589     3.6122
  3  -102.2521     0.3425   -22.2144     2.2571   -80.0272     2.4384
  4  -101.7532     1.0268   -23.4563     2.9524   -78.2863     3.8852
  5  -101.7845     0.7979   -23.9353     2.4795   -77.8386     3.1398
  6  -102.2128     1.0763   -24.5662     2.3855   -77.6361     2.5955
  7  -102.1564     0.9166   -24.0278     2.2856   -78.1181     2.3960
  8  -102.2866     0.8354   -22.9694     2.8981   -79.3067     3.1553
  9  -102.4569     0.8117   -22.7968     2.5791   -79.6496     2.8660
 10  -102.6116     0.7891   -21.5522     3.3936   -81.0488     3.7950
 11  -102.6225     0.7141   -21.4125     3.0824   -81.1995     3.4459
 12  -102.6224     0.6519   -21.1716     2.8548   -81.4404     3.1824
 13  -102.6340     0.6001   -20.7588     2.7527   -81.8647     3.0479
 14  -102.6453     0.5561   -20.9800     2.5866   -81.6547     2.8529
 15  -102.5574     0.5467   -21.1964     2.4466   -81.3504     2.7247
 16  -102.5598     0.5114   -21.3034     2.2985   -81.2459     2.5573
 17  -102.5729     0.4811   -21.1554     2.1793   -81.4070     2.4237
 18  -102.3797     0.5958   -21.4782     2.1537   -80.8910     2.5074
 19  -102.2784     0.5990   -21.8642     2.1786   -80.4036     2.5642
 20  -102.2544     0.5703   -21.8813     2.0671   -80.3626     2.4340
 21  -102.0594     0.6680   -22.5905     2.4244   -79.4584     2.9378
 22  -102.0409     0.6380   -22.6835     2.3191   -79.3468     2.8099
 23  -102.0882     0.6170   -22.4111     2.2819   -79.6666     2.7601
 24  -102.1094     0.5922   -22.0931     2.2755   -80.0058     2.7283
 25  -102.1457     0.5727   -21.8261     2.2469   -80.3091     2.6862
 26  -102.1757     0.5534   -21.7372     2.1661   -80.4280     2.5918
 27  -102.1247     0.5422   -21.7333     2.0844   -80.3809     2.4957
 28  -102.0191     0.5636   -21.8440     2.0207   -80.1646     2.4435
 29  -101.9629     0.5553   -21.7652     1.9561   -80.1871     2.3582
 30  -101.9034     0.5495   -21.8184     1.8928   -80.0745     2.2893
 31  -101.8955     0.5317   -21.9786     1.8586   -79.9063     2.2397
 32  -101.8773     0.5161   -22.1125     1.8193   -79.7542     2.1898
 33  -101.9536     0.5230   -21.8001     1.8708   -80.1430     2.2603
 34  -101.9927     0.5134   -21.9636     1.8442   -80.0185     2.2069
 35  -101.9915     0.4985   -22.1863     1.8453   -79.7946     2.1892
 36  -101.9020     0.5164   -22.5684     1.9493   -79.3231     2.3272
 37  -101.8793     0.5043   -22.7301     1.9233   -79.1387     2.2933
 38  -101.9056     0.4937   -22.7860     1.8753   -79.1090     2.2329
 39  -101.9039     0.4809   -22.8172     1.8276   -79.0762     2.1759
 40  -101.9008     0.4687   -22.8030     1.7816   -79.0873     2.1209
 41  -101.8967     0.4572   -22.8379     1.7390   -79.0483     2.0700
 42  -101.9051     0.4465   -22.7226     1.7127   -79.1721     2.0352
 43  -101.9402     0.4416   -22.8163     1.6829   -79.1134     1.9908
 44  -101.9099     0.4357   -22.8980     1.6523   -79.0014     1.9579
 45  -101.9121     0.4259   -23.0439     1.6413   -78.8576     1.9354
 46  -101.8864     0.4197   -23.2065     1.6378   -78.6695     1.9299
 47  -101.8439     0.4194   -23.2264     1.6031   -78.6070     1.8925
 48  -101.8674     0.4133   -23.0410     1.6125   -78.8159     1.8992
 49  -101.8863     0.4065   -22.8852     1.6097   -78.9905     1.8925
 50  -101.9113     0.4014   -22.8515     1.5786   -79.0493     1.8580
 
 Mesh error is    0.143 kcal/mol
