 ERmod 0.3.8, Copyright (C) 2000-2019 Nobuyuki Matubayasi
                            2010-2019 Shun Sakuraba
 ERmod comes with ABSOLUTELY NO WARRANTY.
 This is free software, and you can redistribute it
 and/or modify it under certain conditions.
 See LICENSE file for details.
 ERmod 0.3.8, Copyright (C) 2000-2019 Nobuyuki Matubayasi
                            2010-2019 Shun Sakuraba
 ERmod comes with ABSOLUTELY NO WARRANTY.
 This is free software, and you can redistribute it
 and/or modify it under certain conditions.
 See LICENSE file for details.
 
  Number of the   1-th solvent  =         1472
  Number of the   2-th solvent  =        10000
 
  Be sure that the solvent distribution is homogeneous (radial distribution function is essentially unity) when the solvent molecule is separated beyond distance of   10.0 Angstrom in any direction from any atom within the solute molecule
 
  LJ long-range correction    =        -3.5283     -5.7260
 
  Self-energy of the solute   =        -0.0031  kcal/mol
 
 
 cumulative average & 95% error for solvation energy
              total             1st component         2nd component
  1  -492.4873             -168.2908             -324.1935
  2  -495.1325     5.2904  -174.4057    12.2298  -320.7238     6.9394
  3  -496.2156     3.7445  -158.9356    31.7355  -337.2768    33.3477
  4  -496.9339     3.0124  -153.5987    24.8496  -343.3321    26.5085
  5  -497.2274     2.4061  -153.0517    19.2795  -344.1725    20.6021
  6  -497.3941     1.9927  -152.4034    15.7950  -344.9876    16.9003
  7  -497.5087     1.6996  -151.2354    13.5520  -346.2703    14.5119
  8  -497.1307     1.6547  -153.2731    12.4239  -343.8545    13.4644
  9  -497.2594     1.4818  -156.0293    12.2653  -341.2270    12.9853
 10  -497.4971     1.4081  -156.7173    11.0564  -340.7767    11.6493
 11  -497.4667     1.2751  -156.9398    10.0108  -340.5238    10.5493
 12  -497.4253     1.1670  -155.9091     9.3682  -341.5130     9.8313
 13  -497.0316     1.3312  -155.3938     8.6789  -341.6347     9.0467
 14  -496.9564     1.2416  -155.1177     8.0540  -341.8356     8.3853
 15  -497.1584     1.2245  -155.4888     7.5345  -341.6666     7.8136
 16  -497.0918     1.1531  -156.9354     7.6187  -340.1533     7.9108
 17  -497.0075     1.0962  -157.1612     7.1707  -339.8432     7.4567
 18  -497.1016     1.0505  -158.2390     7.0960  -338.8595     7.3003
 19  -497.1535     0.9991  -158.8295     6.8152  -338.3209     6.9889
 20  -497.2008     0.9526  -158.5379     6.4917  -338.6597     6.6648
 21  -497.3597     0.9602  -160.4099     7.2212  -336.9467     7.2060
 22  -497.4754     0.9443  -162.0489     7.6257  -335.4234     7.5159
 23  -497.4398     0.9051  -163.3351     7.7273  -334.1016     7.6527
 24  -497.2853     0.9201  -164.6959     7.8830  -332.5863     7.9290
 25  -497.2851     0.8825  -163.9958     7.6897  -333.2862     7.7329
 26  -497.2864     0.8479  -164.3359     7.4193  -332.9474     7.4604
 27  -497.3533     0.8268  -165.1605     7.3272  -332.1897     7.3370
 28  -497.2800     0.8101  -166.4539     7.5196  -330.8230     7.5801
 29  -497.2441     0.7849  -167.3166     7.4580  -329.9243     7.5316
 30  -497.2499     0.7584  -167.8500     7.2836  -329.3968     7.3523
 31  -497.1106     0.7846  -168.8683     7.3333  -328.2392     7.4786
 32  -497.0026     0.7898  -169.3336     7.1611  -327.6659     7.3313
 33  -497.0009     0.7655  -168.5509     7.1151  -328.4469     7.2753
 34  -496.9472     0.7504  -169.5553     7.1890  -327.3887     7.3686
 35  -496.9609     0.7292  -169.7079     6.9872  -327.2499     7.1603
 36  -496.9161     0.7143  -169.5694     6.7960  -327.3435     6.9611
 37  -496.7703     0.7534  -169.3673     6.6222  -327.3999     6.7713
 38  -496.7279     0.7382  -169.1718     6.4574  -327.5531     6.5978
 39  -496.7024     0.7208  -169.4212     6.3094  -327.2781     6.4499
 40  -496.7327     0.7052  -169.9978     6.2568  -326.7317     6.3808
 41  -496.7215     0.6881  -170.4113     6.1581  -326.3071     6.2809
 42  -496.7002     0.6729  -170.2816     6.0153  -326.4154     6.1334
 43  -496.5782     0.7009  -171.0102     6.0518  -325.5649     6.2260
 44  -496.5630     0.6855  -171.3127     5.9435  -325.2472     6.1159
 45  -496.4084     0.7380  -172.0390     5.9887  -324.3663     6.2327
 46  -496.4084     0.7218  -172.6600     5.9874  -323.7453     6.2209
 47  -496.3775     0.7089  -172.7969     5.8650  -323.5774     6.0964
 48  -496.2919     0.7148  -173.1068     5.7748  -323.1820     6.0202
 49  -496.2754     0.7008  -173.2677     5.6649  -323.0046     5.9067
 50  -496.2287     0.6930  -173.5862     5.5869  -322.6394     5.8333
 
 
 group  inft  solvation free energy     error          difference
  total solvation free energy
   1      0       -125.22092           0.31593           0.09120
   1     60       -127.06478           0.31512          -1.75266
   1     80       -131.85716           0.31407          -6.54504
   1    100       -140.11090           0.31281         -14.79879
   2      0       -125.29286           0.31676           0.01926
   3      0       -125.31211           0.31705           0.00000
   4      0       -125.30667           0.31835           0.00544
   5      0       -125.37618           0.31870          -0.06407
   5     60       -127.61388           0.31811          -2.30177
   5     80       -132.89104           0.31744          -7.57892
   5    100       -140.29880           0.31643         -14.98669
 
  contribution from  1-th solvent component
   1      0        -62.51739           2.31805           0.04920
   1     60        -62.80334           2.31834          -0.23676
   1     80        -63.55331           2.31890          -0.98672
   1    100        -64.93203           2.31941          -2.36545
   2      0        -62.54855           2.31759           0.01803
   3      0        -62.56658           2.31826           0.00000
   4      0        -62.57615           2.31626          -0.00957
   5      0        -62.58538           2.31703          -0.01879
   5     60        -62.93350           2.31735          -0.36692
   5     80        -63.76624           2.31790          -1.19965
   5    100        -65.00986           2.31832          -2.44327
 
  contribution from  2-th solvent component
   1      0        -62.70042           2.47793           0.04200
   1     60        -64.25832           2.47674          -1.51590
   1     80        -68.30074           2.47445          -5.55832
   1    100        -75.17576           2.47022         -12.43334
   2      0        -62.74119           2.47759           0.00123
   3      0        -62.74242           2.47838           0.00000
   4      0        -62.72741           2.47554           0.01501
   5      0        -62.78769           2.47641          -0.04528
   5     60        -64.67727           2.47509          -1.93485
   5     80        -69.12169           2.47278          -6.37927
   5    100        -75.28583           2.46885         -12.54341
 
 
 group  inft   Estimated free energy: total (kcal/mol)
   1      0    -124.3044    -125.5282    -126.4326    -126.7266    -126.4752
               -126.0094    -125.7533    -124.3778    -126.0319    -126.7913
               -125.9293    -126.0362    -123.7225    -125.5354    -126.3807
               -124.8597    -125.1724    -125.9188    -125.6849    -125.8504
               -127.0013    -126.5230    -125.8313    -124.4808    -126.3095
               -126.3209    -126.2191    -124.5850    -124.8370    -125.3146
               -123.8133    -123.6907    -126.1861    -123.9279    -125.9133
               -124.6497    -123.5601    -125.5102    -125.7002    -125.7735
               -125.0450    -125.4459    -122.7761    -124.9125    -121.9357
               -124.4439    -124.7388    -123.2512    -124.7704    -124.0577
   1     60    -126.1439    -127.3733    -128.2622    -128.5640    -128.3146
               -127.8501    -127.5940    -126.2193    -127.8803    -128.6293
               -127.7592    -127.8758    -125.5627    -127.3700    -128.2094
               -126.6952    -127.0104    -127.7648    -127.5422    -127.6845
               -128.8485    -128.3701    -127.6793    -126.3227    -128.1440
               -128.1587    -128.0701    -126.4368    -126.6792    -127.1605
               -125.6769    -125.5486    -128.0197    -125.7795    -127.7589
               -126.4965    -125.3997    -127.3574    -127.5585    -127.6271
               -126.8945    -127.2948    -124.6278    -126.7506    -123.7863
               -126.2924    -126.5770    -125.0985    -126.6163    -125.9027
   1     80    -130.9245    -132.1648    -133.0179    -133.3414    -133.0991
               -132.6345    -132.3823    -131.0081    -132.6948    -133.4110
               -132.5369    -132.6634    -130.3498    -132.1496    -132.9862
               -131.4751    -131.7833    -132.5596    -132.3582    -132.4542
               -133.6498    -133.1765    -132.4804    -131.1152    -132.9199
               -132.9395    -132.8831    -131.2467    -131.4680    -131.9584
               -130.5023    -130.3688    -132.7842    -130.5834    -132.5519
               -131.2969    -130.1777    -132.1543    -132.3772    -132.4333
               -131.7024    -132.0998    -129.4327    -131.5295    -128.5854
               -131.0922    -131.3614    -129.8935    -131.4106    -130.6879
   1    100    -139.1576    -140.4133    -141.2223    -141.5658    -141.3317
               -140.8764    -140.6261    -139.2597    -140.9808    -141.6548
               -140.7785    -140.9020    -138.5851    -140.3895    -141.2188
               -139.7013    -140.0154    -140.8123    -140.6471    -140.6638
               -141.9298    -141.4597    -140.7494    -139.3844    -141.1460
               -141.1802    -141.1738    -139.5360    -139.7078    -140.2166
               -138.7981    -138.6490    -140.9940    -138.8543    -140.8053
               -139.5549    -138.4030    -140.4040    -140.6680    -140.7137
               -139.9751    -140.3715    -137.7035    -139.7554    -136.8471
               -139.3503    -139.6158    -138.1730    -139.6933    -138.9301
   2      0    -124.3775    -125.5712    -126.5360    -126.7895    -126.5348
               -126.1203    -125.8187    -124.4465    -126.0848    -126.8885
               -125.9782    -126.0848    -123.7652    -125.6522    -126.4317
               -124.9208    -125.2901    -125.9884    -125.7479    -125.9448
               -127.0982    -126.6224    -125.9239    -124.5517    -126.3715
               -126.4029    -126.3067    -124.6588    -124.8726    -125.3705
               -123.8612    -123.7363    -126.2313    -124.0078    -125.9946
               -124.7395    -123.6384    -125.5730    -125.7854    -125.8349
               -125.1187    -125.5359    -122.8598    -125.0017    -122.0421
               -124.5352    -124.7819    -123.3024    -124.8129    -124.0988
   3      0    -124.3980    -125.6198    -126.5259    -126.8094    -126.5266
               -126.1370    -125.8662    -124.4296    -126.1197    -126.9159
               -125.9615    -126.1197    -123.8204    -125.6294    -126.4460
               -124.9422    -125.3061    -126.0420    -125.7644    -125.9778
               -127.1098    -126.6269    -125.9204    -124.5569    -126.3839
               -126.4167    -126.3193    -124.6690    -124.9175    -125.4134
               -123.8782    -123.7631    -126.2596    -124.0037    -126.0109
               -124.7646    -123.6599    -125.6198    -125.8060    -125.8590
               -125.1413    -125.5501    -122.8414    -125.0319    -122.0394
               -124.6051    -124.7866    -123.3286    -124.8720    -124.0928
   4      0    -124.4691    -125.6221    -126.5259    -126.7771    -126.5413
               -126.1440    -125.8618    -124.4314    -126.1178    -126.8658
               -125.9757    -126.1292    -123.7647    -125.5889    -126.4846
               -124.9390    -125.3191    -126.0447    -125.7411    -125.9486
               -127.1295    -126.6199    -125.9217    -124.5368    -126.3358
               -126.4279    -126.3639    -124.6937    -124.9228    -125.3582
               -123.8546    -123.7299    -126.2856    -124.0189    -126.0424
               -124.7298    -123.6047    -125.6231    -125.7864    -125.8584
               -125.1222    -125.5361    -122.8577    -125.0233    -122.0190
               -124.6189    -124.7821    -123.3217    -124.8384    -124.0784
   5      0    -124.4632    -125.6889    -126.6082    -126.8418    -126.6240
               -126.2021    -125.9203    -124.5088    -126.1448    -126.9884
               -126.0220    -126.1969    -123.8515    -125.7369    -126.5421
               -124.9640    -125.3291    -126.1411    -125.8304    -126.0874
               -127.2012    -126.7069    -126.0077    -124.6304    -126.4300
               -126.5320    -126.4231    -124.7311    -124.9617    -125.4613
               -123.9515    -123.8338    -126.2494    -124.0540    -126.0758
               -124.8019    -123.6650    -125.6536    -125.8584    -125.9058
               -125.2144    -125.6167    -122.9232    -125.0717    -122.0965
               -124.6566    -124.9249    -123.3775    -124.9267    -124.1745
   5     60    -126.7001    -127.9282    -128.8304    -129.0706    -128.8566
               -128.4369    -128.1534    -126.7465    -128.3900    -129.2209
               -128.2482    -128.4284    -126.0871    -127.9639    -128.7673
               -127.1916    -127.5592    -128.3812    -128.0799    -128.3146
               -129.4456    -128.9510    -128.2505    -126.8682    -128.6557
               -128.7631    -128.6755    -126.9791    -127.1979    -127.7059
               -126.2113    -126.0860    -128.4748    -126.3019    -128.3164
               -127.0457    -125.8951    -127.8970    -128.1112    -128.1552
               -127.4617    -127.8591    -125.1674    -127.3013    -124.3436
               -126.9022    -127.1532    -125.6065    -127.1571    -126.4004
   5     80    -131.9605    -133.2076    -134.0725    -134.3329    -134.1232
               -133.7041    -133.4267    -132.0229    -133.6900    -134.4917
               -133.5128    -133.6995    -131.3568    -133.2281    -134.0285
               -132.4518    -132.8202    -133.6618    -133.3832    -133.5680
               -134.7322    -134.2452    -133.5354    -132.1455    -133.9154
               -134.0288    -133.9799    -132.2750    -132.4723    -132.9911
               -131.5150    -131.3845    -133.7216    -131.5891    -133.5948
               -132.3281    -131.1516    -133.1782    -133.4142    -133.4473
               -132.7598    -133.1464    -130.4483    -132.5625    -129.6270
               -132.1905    -132.4266    -130.8866    -132.4459    -131.6705
   5    100    -139.3545    -140.6139    -141.4303    -141.7143    -141.5179
               -141.1012    -140.8210    -139.4299    -141.1208    -141.8923
               -140.8986    -141.0967    -138.7495    -140.6231    -141.4114
               -139.8335    -140.2117    -141.0714    -140.8194    -140.9425
               -142.1618    -141.6837    -140.9570    -139.5725    -141.2951
               -141.4285    -141.4243    -139.7170    -139.8689    -140.4054
               -138.9600    -138.8113    -141.0883    -139.0139    -141.0085
               -139.7429    -138.5387    -140.5848    -140.8527    -140.8797
               -140.1839    -140.5688    -137.8654    -139.9456    -137.0461
               -139.6087    -139.8310    -138.3023    -139.8757    -139.0636
 
 group  inft   Estimated free energy: 1-th solvent contribution (kcal/mol)
   1      0     -59.9545     -65.4301     -43.7070     -47.5410     -53.5207
                -52.7834     -50.1770     -60.0820     -64.7506     -58.1024
                -56.4601     -50.5258     -51.7508     -53.2890     -57.0709
                -64.2993     -57.3737     -63.7836     -60.7847     -53.9225
                -72.8055     -72.2856     -70.2690     -71.8326     -51.7386
                -62.3234     -68.2649     -73.8425     -70.4279     -66.7526
                -73.2407     -66.4865     -50.1002     -74.5697     -63.1094
                -58.5552     -57.8945     -57.6538     -65.0641     -70.9261
                -68.2414     -58.6062     -73.5907     -66.1649     -74.7055
                -73.8915     -65.0481     -68.0442     -65.4046     -68.7206
   1     60     -60.2409     -65.7173     -43.9899     -47.8263     -53.8054
                -53.0674     -50.4614     -60.3669     -65.0368     -58.3894
                -56.7430     -50.8115     -52.0373     -53.5719     -57.3563
                -64.5836     -57.6583     -64.0676     -61.0711     -54.2051
                -73.0935     -72.5711     -70.5561     -72.1187     -52.0221
                -62.6085     -68.5516     -74.1311     -70.7145     -67.0395
                -73.5298     -66.7751     -50.3846     -74.8551     -63.3971
                -58.8421     -58.1793     -57.9404     -65.3523     -71.2147
                -68.5287     -58.8935     -73.8776     -66.4506     -74.9923
                -74.1779     -65.3337     -68.3306     -65.6915     -69.0065
   1     80     -60.9913     -66.4700     -44.7327     -48.5753     -54.5526
                -53.8132     -51.2084     -61.1142     -65.7889     -59.1425
                -57.4881     -51.5616     -52.7889     -54.3157     -58.1082
                -65.3309     -58.4044     -64.8128     -61.8211     -54.9475
                -73.8485     -73.3211     -71.3085     -72.8695     -52.7671
                -63.3566     -69.3041     -74.8870     -71.4660     -67.7918
                -74.2848     -67.5308     -51.1301     -75.6027     -64.1507
                -59.5943     -58.9260     -58.6914     -66.1064     -71.9699
                -69.2821     -59.6468     -74.6288     -67.1999     -75.7421
                -74.9284     -66.0835     -69.0805     -66.4430     -69.7545
   1    100     -62.3674     -67.8493     -46.1075     -49.9560     -55.9291
                -55.1896     -52.5849     -62.4895     -67.1708     -60.5238
                -58.8612     -52.9412     -54.1684     -55.6894     -59.4865
                -66.7023     -59.7777     -66.1852     -63.2038     -56.3152
                -75.2319     -74.7018     -72.6914     -74.2491     -54.1421
                -64.7326     -70.6883     -76.2724     -72.8441     -69.1740
                -75.6716     -68.9166     -52.5030     -76.9781     -65.5335
                -60.9764     -60.2979     -60.0718     -67.4934     -73.3556
                -70.6659     -61.0308     -76.0075     -68.5740     -77.1183
                -76.3070     -67.4632     -70.4617     -67.8241     -71.1248
   2      0     -59.9810     -65.4479     -43.7581     -47.5606     -53.5373
                -52.8297     -50.2068     -60.1115     -64.7755     -58.1422
                -56.4902     -50.5555     -51.7736     -53.3339     -57.0943
                -64.3374     -57.4068     -63.8362     -60.8286     -53.9696
                -72.8463     -72.3287     -70.3031     -71.8628     -51.7765
                -62.3565     -68.2896     -73.8641     -70.4339     -66.7854
                -73.2663     -66.5000     -50.1291     -74.5971     -63.1283
                -58.5921     -57.9232     -57.6759     -65.1018     -70.9481
                -68.2895     -58.6483     -73.6468     -66.2047     -74.7322
                -73.9128     -65.0682     -68.0724     -65.4177     -68.7497
   3      0     -59.9876     -65.4655     -43.7713     -47.5704     -53.5425
                -52.8486     -50.2184     -60.1199     -64.8024     -58.1624
                -56.5028     -50.5737     -51.7776     -53.3430     -57.1028
                -64.3569     -57.4243     -63.8655     -60.8424     -53.9861
                -72.8722     -72.3532     -70.3159     -71.8868     -51.8048
                -62.3792     -68.3021     -73.8856     -70.4782     -66.8084
                -73.2890     -66.5264     -50.1596     -74.6105     -63.1526
                -58.6062     -57.9298     -57.7078     -65.1055     -70.9579
                -68.3090     -58.6605     -73.6561     -66.2257     -74.7467
                -73.9406     -65.0898     -68.1052     -65.4383     -68.7614
   4      0     -60.0176     -65.4830     -43.8025     -47.5737     -53.5723
                -52.8520     -50.2574     -60.1459     -64.7847     -58.1700
                -56.5156     -50.5878     -51.8149     -53.3688     -57.1157
                -64.3679     -57.4546     -63.9032     -60.8520     -54.0033
                -72.8754     -72.3508     -70.3240     -71.8787     -51.8161
                -62.3806     -68.3320     -73.8973     -70.4325     -66.8031
                -73.2803     -66.5265     -50.1457     -74.6131     -63.1520
                -58.6227     -57.9286     -57.7070     -65.1385     -70.9616
                -68.3246     -58.6874     -73.6608     -66.2447     -74.7393
                -73.9362     -65.1047     -68.1072     -65.4373     -68.7559
   5      0     -60.0022     -65.5042     -43.8086     -47.5905     -53.5747
                -52.8643     -50.2409     -60.1524     -64.7936     -58.1759
                -56.5044     -50.6047     -51.8198     -53.3714     -57.1267
                -64.3795     -57.4352     -63.9000     -60.8656     -54.0217
                -72.8712     -72.3696     -70.3441     -71.9003     -51.8369
                -62.3997     -68.3477     -73.9051     -70.4566     -66.8305
                -73.3059     -66.5227     -50.1502     -74.6237     -63.1650
                -58.6276     -57.9409     -57.7225     -65.1363     -70.9656
                -68.3251     -58.6965     -73.6652     -66.2521     -74.7626
                -73.9448     -65.1141     -68.1169     -65.4576     -68.7755
   5     60     -60.3514     -65.8540     -44.1532     -47.9377     -53.9212
                -53.2103     -50.5870     -60.4997     -65.1422     -58.5256
                -56.8498     -50.9520     -52.1689     -53.7160     -57.4752
                -64.7257     -57.7816     -64.2462     -61.2137     -54.3661
                -73.2220     -72.7177     -70.6934     -72.2492     -52.1820
                -62.7469     -68.6976     -74.2565     -70.8055     -67.1804
                -73.6575     -66.8734     -50.4965     -74.9711     -63.5150
                -58.9771     -58.2871     -58.0716     -65.4869     -71.3166
                -68.6754     -59.0463     -74.0142     -66.5997     -75.1117
                -74.2933     -65.4614     -68.4642     -65.8054     -69.1219
   5     80     -61.1839     -66.6902     -44.9788     -48.7699     -54.7509
                -54.0387     -51.4166     -61.3304     -65.9771     -59.3624
                -57.6779     -51.7844     -53.0033     -54.5426     -58.3103
                -65.5549     -58.6105     -65.0749     -62.0469     -55.1911
                -74.0594     -73.5510     -71.5282     -73.0829     -53.0098
                -63.5779     -69.5336     -75.0954     -71.6400     -68.0162
                -74.4946     -67.7108     -51.3247     -75.8006     -64.3512
                -59.8117     -59.1149     -58.9054     -66.3241     -72.1541
                -69.5129     -59.8826     -74.8471     -67.4311     -75.9436
                -75.1263     -66.2945     -69.2979     -66.6409     -69.9530
   5    100     -62.4258     -67.9350     -46.2186     -50.0161     -55.9930
                -55.2808     -52.6574     -62.5716     -67.2223     -60.6082
                -58.9149     -53.0287     -54.2483     -55.7822     -59.5528
                -66.7918     -59.8494     -66.3149     -63.2941     -56.4262
                -75.3064     -74.7976     -72.7753     -74.3278     -54.2503
                -64.8196     -70.7827     -76.3453     -72.8831     -69.2636
                -75.7456     -68.9596     -52.5634     -77.0408     -65.5978
                -61.0587     -60.3520     -60.1508     -67.5754     -73.4032
                -70.7614     -61.1309     -76.0902     -68.6703     -77.1847
                -76.3692     -67.5383     -70.5422     -67.8860     -71.1885
 
 group  inft   Estimated free energy: 2-th solvent contribution (kcal/mol)
   1      0     -64.3467     -60.0950     -82.7225     -79.1824     -72.9514
                -73.2229     -75.5732     -64.2927     -61.2782     -68.6858
                -69.4662     -75.5073     -71.9686     -72.2432     -69.3067
                -60.5573     -67.7956     -62.1322     -64.8971     -71.9247
                -54.1927     -54.2343     -55.5591     -52.6452     -74.5678
                -63.9944     -57.9512     -50.7394     -54.4059     -58.5588
                -50.5695     -57.2011     -76.0827     -49.3551     -62.8009
                -66.0914     -65.6625     -67.8533     -60.6330     -54.8443
                -56.8006     -66.8367     -49.1823     -58.7445     -47.2270
                -50.5493     -59.6876     -55.2039     -59.3627     -55.3340
   1     60     -65.8998     -61.6529     -84.2692     -80.7345     -74.5061
                -74.7796     -77.1295     -65.8493     -62.8404     -70.2368
                -71.0131     -77.0612     -73.5223     -73.7950     -70.8501
                -62.1085     -69.3491     -63.6941     -66.4680     -73.4763
                -55.7519     -55.7959     -57.1201     -54.2009     -76.1187
                -65.5471     -59.5154     -52.3026     -55.9617     -60.1178
                -52.1440     -58.7703     -77.6319     -50.9213     -64.3587
                -67.6513     -67.2173     -69.4139     -62.2031     -56.4092
                -58.3628     -68.3981     -50.7470     -60.2969     -48.7909
                -52.1114     -61.2402     -56.7648     -60.9217     -56.8931
   1     80     -69.9301     -65.6917     -88.2820     -84.7630     -78.5433
                -78.8181     -81.1708     -69.8908     -66.9028     -74.2653
                -75.0456     -81.0986     -77.5578     -77.8308     -74.8749
                -66.1411     -73.3759     -67.7436     -70.5339     -77.5036
                -59.7982     -59.8523     -61.1688     -58.2426     -80.1497
                -69.5799     -63.5759     -56.3566     -59.9989     -64.1635
                -56.2144     -62.8350     -81.6509     -54.9775     -68.3981
                -71.6995     -71.2486     -73.4598     -66.2678     -60.4604
                -62.4172     -72.4498     -54.8008     -64.3265     -52.8402
                -56.1607     -65.2748     -60.8098     -64.9645     -60.9303
   1    100     -76.7871     -72.5609     -95.1117     -91.6067     -85.3994
                -85.6837     -88.0381     -76.7670     -73.8068     -81.1279
                -81.9142     -87.9576     -84.4136     -84.6970     -81.7292
                -72.9958     -80.2346     -74.6239     -77.4402     -84.3454
                -66.6947     -66.7548     -68.0549     -65.1322     -87.0008
                -76.4445     -70.4824     -63.2605     -66.8606     -71.0395
                -63.1235     -69.7293     -88.4878     -61.8731     -75.2686
                -78.5754     -78.1020     -80.3290     -73.1716     -67.3551
                -69.3061     -79.3376     -61.6929     -71.1783     -59.7257
                -63.0401     -72.1495     -67.7082     -71.8662     -67.8022
   2      0     -64.3934     -60.1202     -82.7748     -79.2258     -72.9944
                -73.2874     -75.6088     -64.3319     -61.3062     -68.7431
                -69.4849     -75.5262     -71.9884     -72.3152     -69.3343
                -60.5803     -67.8802     -62.1491     -64.9162     -71.9722
                -54.2488     -54.2906     -55.6178     -52.6858     -74.5919
                -64.0433     -58.0140     -50.7915     -54.4356     -58.5820
                -50.5918     -57.2332     -76.0991     -49.4076     -62.8631
                -66.1443     -65.7121     -67.8940     -60.6805     -54.8837
                -56.8261     -66.8845     -49.2099     -58.7939     -47.3068
                -50.6193     -59.7105     -55.2269     -59.3920     -55.3460
   3      0     -64.4073     -60.1512     -82.7515     -79.2359     -72.9809
                -73.2853     -75.6447     -64.3066     -61.3142     -68.7504
                -69.4556     -75.5428     -72.0397     -72.2833     -69.3401
                -60.5821     -67.8786     -62.1734     -64.9189     -71.9885
                -54.2345     -54.2706     -55.6014     -52.6670     -74.5761
                -64.0344     -58.0141     -50.7803     -54.4362     -58.6018
                -50.5861     -57.2336     -76.0969     -49.3902     -62.8552
                -66.1553     -65.7270     -67.9089     -60.6974     -54.8980
                -56.8292     -66.8865     -49.1822     -58.8031     -47.2896
                -50.6613     -59.6937     -55.2203     -59.4306     -55.3283
   4      0     -64.4484     -60.1359     -82.7203     -79.2003     -72.9659
                -73.2888     -75.6013     -64.2823     -61.3300     -68.6927
                -69.4570     -75.5383     -71.9466     -72.2169     -69.3658
                -60.5680     -67.8614     -62.1385     -64.8859     -71.9423
                -54.2510     -54.2659     -55.5945     -52.6550     -74.5166
                -64.0442     -58.0288     -50.7933     -54.4872     -58.5520
                -50.5712     -57.2003     -76.1368     -49.4026     -62.8874
                -66.1040     -65.6730     -67.9130     -60.6448     -54.8937
                -56.7945     -66.8456     -49.1938     -58.7755     -47.2766
                -50.6796     -59.6742     -55.2113     -59.3980     -55.3194
   5      0     -64.4579     -60.1816     -82.7965     -79.2482     -73.0463
                -73.3347     -75.6763     -64.3533     -61.3481     -68.8094
                -69.5145     -75.5892     -72.0285     -72.3623     -69.4123
                -60.5813     -67.8907     -62.2380     -64.9617     -72.0626
                -54.3269     -54.3341     -55.6604     -52.7270     -74.5900
                -64.1292     -58.0724     -50.8229     -54.5020     -58.6278
                -50.6425     -57.3080     -76.0960     -49.4272     -62.9077
                -66.1711     -65.7209     -67.9279     -60.7190     -54.9371
                -56.8861     -66.9171     -49.2549     -58.8165     -47.3308
                -50.7087     -59.8076     -55.2574     -59.4660     -55.3959
   5     60     -66.3455     -62.0711     -84.6741     -81.1298     -74.9322
                -75.2235     -77.5633     -66.2436     -63.2447     -70.6922
                -71.3953     -77.4732     -73.9151     -74.2448     -71.2890
                -62.4627     -69.7745     -64.1319     -66.8631     -73.9454
                -56.2204     -56.2302     -57.5540     -54.6159     -76.4705
                -66.0130     -59.9748     -52.7195     -56.3892     -60.5223
                -52.5507     -59.2095     -77.9752     -51.3277     -64.7983
                -68.0655     -67.6048     -69.8223     -62.6212     -56.8354
                -58.7832     -68.8097     -51.1500     -60.6985     -49.2288
                -52.6058     -61.6886     -57.1392     -61.3486     -57.2754
   5     80     -70.7734     -66.5144     -89.0906     -85.5600     -79.3691
                -79.6623     -82.0070     -70.6894     -67.7098     -75.1262
                -75.8318     -81.9120     -78.3504     -78.6823     -75.7151
                -66.8938     -74.2066     -68.5839     -71.3332     -78.3738
                -60.6697     -60.6912     -62.0040     -59.0595     -80.9025
                -70.4478     -64.4432     -57.1765     -60.8292     -64.9718
                -57.0173     -63.6706     -82.3939     -55.7854     -69.2406
                -72.5133     -72.0336     -74.2697     -67.0870     -61.2901
                -63.2438     -73.2607     -55.5980     -65.1283     -53.6803
                -57.0610     -66.1289     -61.5856     -65.8019     -61.7144
   5    100     -76.9256     -72.6757     -95.2085     -91.6951     -85.5217
                -85.8173     -88.1606     -76.8551     -73.8954     -81.2809
                -81.9807     -88.0649     -84.4981     -84.8377     -81.8555
                -73.0387     -80.3592     -74.7534     -77.5221     -84.5131
                -66.8522     -66.8830     -68.1786     -65.2415     -87.0417
                -76.6058     -70.6385     -63.3686     -66.9827     -71.1387
                -63.2113     -69.8486     -88.5218     -61.9700     -75.4076
                -78.6810     -78.1836     -80.4309     -73.2742     -67.4734
                -69.4194     -79.4348     -61.7721     -71.2722     -59.8583
                -63.2364     -72.2896     -67.7571     -71.9866     -67.8720
 
 
 cumulative average & 95% error for solvation free energy
              total             1st component         2nd component
  1  -124.3980              -59.9876              -64.4073
  2  -125.0089     1.2218   -62.7265     5.4779   -62.2792     4.2561
  3  -125.5146     1.2330   -56.4081    13.0266   -69.1033    13.8676
  4  -125.8383     1.0860   -54.1987    10.2163   -71.6365    11.0373
  5  -125.9759     0.8851   -54.0675     7.9179   -71.9054     8.5664
  6  -126.0028     0.7247   -53.8643     6.4777   -72.1354     7.0095
  7  -125.9833     0.6137   -53.3435     5.5728   -72.6367     6.0084
  8  -125.7891     0.6583   -54.1905     5.1149   -71.5954     5.6047
  9  -125.8258     0.5852   -55.3696     5.0901   -70.4531     5.4453
 10  -125.9348     0.5670   -55.6489     4.5869   -70.2828     4.8824
 11  -125.9372     0.5129   -55.7265     4.1519   -70.2076     4.4188
 12  -125.9524     0.4692   -55.2971     3.8862   -70.6522     4.1307
 13  -125.7884     0.5421   -55.0264     3.6156   -70.7589     3.8056
 14  -125.7771     0.5024   -54.9062     3.3560   -70.8678     3.5301
 15  -125.8217     0.4761   -55.0526     3.1380   -70.7660     3.2926
 16  -125.7667     0.4587   -55.6341     3.1573   -70.1295     3.3327
 17  -125.7396     0.4343   -55.7394     2.9733   -69.9971     3.1417
 18  -125.7564     0.4108   -56.1909     2.9450   -69.5624     3.0869
 19  -125.7568     0.3886   -56.4357     2.8284   -69.3180     2.9606
 20  -125.7679     0.3693   -56.3132     2.6944   -69.4516     2.8213
 21  -125.8318     0.3738   -57.1017     3.0093   -68.7269     3.0499
 22  -125.8679     0.3637   -57.7950     3.1867   -68.0698     3.1912
 23  -125.8702     0.3476   -58.3394     3.2338   -67.5277     3.2363
 24  -125.8155     0.3503   -58.9038     3.2955   -66.9085     3.3368
 25  -125.8382     0.3391   -58.6199     3.2115   -67.2152     3.2588
 26  -125.8605     0.3288   -58.7645     3.0991   -67.0929     3.1405
 27  -125.8775     0.3182   -59.1177     3.0646   -66.7566     3.0959
 28  -125.8343     0.3185   -59.6451     3.1359   -66.1861     3.1941
 29  -125.8027     0.3138   -60.0187     3.1167   -65.7809     3.1867
 30  -125.7897     0.3043   -60.2450     3.0448   -65.5416     3.1156
 31  -125.7281     0.3191   -60.6658     3.0629   -65.0591     3.1642
 32  -125.6666     0.3325   -60.8489     2.9881   -64.8146     3.1025
 33  -125.6846     0.3242   -60.5250     2.9678   -65.1565     3.0838
 34  -125.6352     0.3297   -60.9393     2.9960   -64.6928     3.1321
 35  -125.6459     0.3209   -61.0025     2.9119   -64.6403     3.0432
 36  -125.6214     0.3157   -60.9360     2.8330   -64.6824     2.9586
 37  -125.5684     0.3248   -60.8547     2.7601   -64.7106     2.8781
 38  -125.5698     0.3161   -60.7719     2.6916   -64.7948     2.8064
 39  -125.5758     0.3082   -60.8830     2.6311   -64.6897     2.7415
 40  -125.5829     0.3007   -61.1349     2.6135   -64.4449     2.7166
 41  -125.5721     0.2941   -61.3099     2.5728   -64.2592     2.6754
 42  -125.5716     0.2870   -61.2468     2.5140   -64.3217     2.6140
 43  -125.5081     0.3077   -61.5354     2.5218   -63.9696     2.6478
 44  -125.4973     0.3014   -61.6420     2.4730   -63.8522     2.5975
 45  -125.4205     0.3323   -61.9332     2.4866   -63.4841     2.6437
 46  -125.4027     0.3269   -62.1942     2.4874   -63.2054     2.6450
 47  -125.3896     0.3209   -62.2558     2.4370   -63.1307     2.5925
 48  -125.3467     0.3257   -62.3777     2.3981   -62.9659     2.5592
 49  -125.3370     0.3196   -62.4402     2.3519   -62.8937     2.5106
 50  -125.3121     0.3170   -62.5666     2.3183   -62.7424     2.4784
 
 Mesh error is    0.091 kcal/mol
