 ERmod 0.3.8, Copyright (C) 2000-2019 Nobuyuki Matubayasi
                            2010-2019 Shun Sakuraba
 ERmod comes with ABSOLUTELY NO WARRANTY.
 This is free software, and you can redistribute it
 and/or modify it under certain conditions.
 See LICENSE file for details.
 
  Number of the   1-th solvent  =        10000
 
  Be sure that the solvent distribution is homogeneous (radial distribution function is essentially unity) when the solvent molecule is separated beyond distance of   10.0 Angstrom in any direction from any atom within the solute molecule
 
  LJ long-range correction    =        -7.8240
 
  Self-energy of the solute   =         0.0044  kcal/mol
 
 
 cumulative average & 95% error for solvation energy
  1  -471.3986
  2  -471.8902     0.9832
  3  -472.1132     0.7219
  4  -472.2226     0.5554
  5  -472.2206     0.4302
  6  -472.3142     0.3981
  7  -472.4095     0.3867
  8  -472.2391     0.4778
  9  -472.2261     0.4222
 10  -472.0769     0.4813
 11  -472.1501     0.4593
 12  -472.1181     0.4241
 13  -472.0048     0.4512
 14  -471.8619     0.5061
 15  -471.8621     0.4712
 16  -471.8088     0.4535
 17  -471.8648     0.4404
 18  -471.8428     0.4175
 19  -471.9379     0.4384
 20  -471.8648     0.4408
 21  -471.8273     0.4260
 22  -471.7715     0.4212
 23  -471.7780     0.4027
 24  -471.7891     0.3862
 25  -471.7583     0.3755
 26  -471.7261     0.3665
 27  -471.6969     0.3575
 28  -471.6818     0.3458
 29  -471.7123     0.3392
 30  -471.6933     0.3299
 31  -471.6793     0.3202
 32  -471.6689     0.3108
 33  -471.6308     0.3107
 34  -471.6072     0.3051
 35  -471.5562     0.3133
 36  -471.5512     0.3047
 37  -471.5211     0.3023
 38  -471.5045     0.2961
 39  -471.5151     0.2892
 40  -471.5156     0.2819
 41  -471.5246     0.2755
 42  -471.5301     0.2691
 43  -471.5192     0.2637
 44  -471.5464     0.2633
 45  -471.5508     0.2576
 46  -471.5279     0.2560
 47  -471.5200     0.2510
 48  -471.5128     0.2461
 49  -471.5284     0.2431
 50  -471.5120     0.2404
 
 
 group  inft  solvation free energy     error          difference
   1      0        -91.18694           0.11449           0.01278
   1     60        -91.31739           0.11451          -0.11766
   1     80        -92.82519           0.11468          -1.62547
   1    100        -99.43562           0.11503          -8.23590
   2      0        -91.20877           0.11382          -0.00904
   3      0        -91.19973           0.11494           0.00000
   4      0        -91.12560           0.11524           0.07412
   5      0        -91.19385           0.11495           0.00587
   5     60        -91.37708           0.11495          -0.17735
   5     80        -93.31996           0.11504          -2.12023
   5    100        -99.46224           0.11538          -8.26251
 
 
 group  inft   Estimated free energy (kcal/mol)
   1      0     -91.0899     -91.4951     -91.7444     -91.8318     -91.6244
                -91.6140     -91.9357     -91.0449     -91.2739     -90.8893
                -91.7106     -91.3836     -90.7968     -90.4602     -91.4833
                -90.7299     -91.7385     -91.2087     -92.0753     -90.6209
                -91.2124     -90.7844     -91.6166     -91.3399     -90.8596
                -91.1246     -91.1279     -91.2865     -91.7065     -90.9033
                -90.8811     -91.1536     -90.6397     -90.7994     -90.5107
                -91.2457     -90.6230     -90.9086     -91.5911     -91.0609
                -91.0337     -91.0673     -90.9778     -91.7151     -91.3991
                -90.7081     -91.1023     -91.0834     -91.4769     -90.6568
   1     60     -91.2204     -91.6257     -91.8754     -91.9626     -91.7548
                -91.7442     -92.0664     -91.1752     -91.4049     -91.0204
                -91.8416     -91.5151     -90.9271     -90.5905     -91.6136
                -90.8602     -91.8688     -91.3385     -92.2055     -90.7518
                -91.3425     -90.9146     -91.7476     -91.4704     -90.9911
                -91.2545     -91.2575     -91.4162     -91.8372     -91.0337
                -91.0113     -91.2839     -90.7699     -90.9296     -90.6417
                -91.3763     -90.7538     -91.0390     -91.7212     -91.1908
                -91.1635     -91.1975     -91.1077     -91.8461     -91.5293
                -90.8388     -91.2331     -91.2131     -91.6076     -90.7869
   1     80     -92.7299     -93.1369     -93.3789     -93.4713     -93.2657
                -93.2546     -93.5710     -92.6808     -92.9121     -92.5305
                -93.3506     -93.0260     -92.4423     -92.0982     -93.1162
                -92.3688     -93.3837     -92.8376     -93.7129     -92.2616
                -92.8514     -92.4206     -93.2590     -92.9792     -92.5035
                -92.7587     -92.7603     -92.9200     -93.3520     -92.5429
                -92.5178     -92.7848     -92.2717     -92.4356     -92.1455
                -92.8825     -92.2582     -92.5461     -93.2263     -92.7019
                -92.6708     -92.7060     -92.6155     -93.3585     -93.0359
                -92.3462     -92.7406     -92.7218     -93.1195     -92.2971
   1    100     -99.3466     -99.7555     -99.9755    -100.0901     -99.8728
                -99.8642    -100.1694     -99.2803     -99.5342     -99.1459
                -99.9641     -99.6377     -99.0704     -98.7095     -99.7084
                -98.9832    -100.0139     -99.4334    -100.3207     -98.8758
                -99.4676     -99.0294     -99.8960     -99.5969     -99.1181
                -99.3556     -99.3573     -99.5156     -99.9617     -99.1611
                -99.1280     -99.3756     -98.8656     -99.0434     -98.7567
                -99.4839     -98.8667     -99.1563     -99.8339     -99.3074
                -99.2741     -99.3278     -99.2169     -99.9935     -99.6494
                -98.9487     -99.3592     -99.3276     -99.7395     -98.9162
   2      0     -91.0839     -91.5272     -91.7288     -91.8533     -91.6125
                -91.6574     -91.9298     -91.0485     -91.3240     -90.9068
                -91.7114     -91.3993     -90.8232     -90.5073     -91.4726
                -90.7632     -91.7468     -91.3032     -92.0765     -90.6031
                -91.2152     -90.8008     -91.5945     -91.3736     -90.8522
                -91.2313     -91.1515     -91.3105     -91.7266     -90.9251
                -90.8910     -91.2568     -90.6631     -90.8746     -90.4894
                -91.2354     -90.6225     -90.9490     -91.6187     -91.0363
                -91.0298     -91.1431     -90.9749     -91.7498     -91.3982
                -90.7318     -91.1431     -91.1584     -91.5268     -90.6856
   3      0     -91.1129     -91.5044     -91.7778     -91.8644     -91.6272
                -91.6412     -92.0019     -90.9873     -91.2932     -90.8517
                -91.7740     -91.3394     -90.7681     -90.4561     -91.4358
                -90.8082     -91.6869     -91.2207     -92.0909     -90.6011
                -91.2086     -90.7564     -91.5923     -91.3380     -90.8468
                -91.2792     -91.1239     -91.2818     -91.6786     -90.9191
                -90.8714     -91.2602     -90.6460     -90.8390     -90.4753
                -91.2395     -90.6762     -90.9692     -91.5341     -91.0547
                -91.0605     -91.1532     -90.9468     -91.7342     -91.4068
                -90.7752     -91.1079     -91.1581     -91.5257     -90.6846
   4      0     -90.9903     -91.4485     -91.6672     -91.7807     -91.5969
                -91.6389     -91.8537     -90.9747     -91.1851     -90.7931
                -91.5832     -91.2833     -90.7108     -90.4085     -91.3796
                -90.6816     -91.6793     -91.2166     -92.0031     -90.4921
                -91.1500     -90.6927     -91.4703     -91.3130     -90.7690
                -91.1517     -91.1196     -91.2079     -91.6344     -90.8868
                -90.8327     -91.1151     -90.6033     -90.7641     -90.3739
                -91.1930     -90.5203     -90.9082     -91.5252     -90.9762
                -90.9542     -91.0633     -90.9093     -91.6293     -91.3404
                -90.6656     -91.0448     -91.0933     -91.4455     -90.5599
   5      0     -91.1299     -91.5134     -91.7770     -91.8428     -91.6095
                -91.6652     -92.0145     -90.9456     -91.3017     -90.9060
                -91.7559     -91.3809     -90.7773     -90.4261     -91.4371
                -90.7809     -91.6586     -91.2128     -92.1075     -90.5732
                -91.1952     -90.7282     -91.5855     -91.3066     -90.8654
                -91.2188     -91.1410     -91.2481     -91.6531     -90.9193
                -90.8612     -91.2562     -90.6801     -90.8329     -90.4541
                -91.2169     -90.6392     -90.9915     -91.5248     -91.0530
                -91.0655     -91.1677     -90.9345     -91.6843     -91.4340
                -90.7621     -91.1111     -91.1636     -91.4825     -90.7008
   5     60     -91.3130     -91.6971     -91.9604     -92.0260     -91.7923
                -91.8485     -92.1972     -91.1285     -91.4856     -91.0893
                -91.9390     -91.5651     -90.9606     -90.6096     -91.6201
                -90.9653     -91.8424     -91.3951     -92.2904     -90.7566
                -91.3770     -90.9108     -91.7694     -91.4904     -91.0492
                -91.4017     -91.3237     -91.4309     -91.8366     -91.1026
                -91.0440     -91.4390     -90.8628     -91.0162     -90.6375
                -91.3998     -90.8228     -91.1744     -91.7076     -91.2367
                -91.2484     -91.3514     -91.1172     -91.8686     -91.6167
                -90.9457     -91.2949     -91.3463     -91.6660     -90.8839
   5     80     -93.2579     -93.6438     -93.8966     -93.9706     -93.7349
                -93.7950     -94.1361     -93.0685     -93.4313     -93.0332
                -93.8839     -93.5066     -92.9109     -92.5511     -93.5551
                -92.9109     -93.7900     -93.3313     -94.2338     -92.7003
                -93.3216     -92.8516     -93.7165     -93.4353     -92.9936
                -93.3403     -93.2617     -93.3667     -93.7817     -93.0477
                -92.9883     -93.3756     -92.8010     -92.9581     -92.5786
                -93.3394     -92.7618     -93.1167     -93.6481     -93.1822
                -93.1932     -93.2987     -93.0589     -93.8193     -93.5602
                -92.8864     -93.2392     -93.2891     -93.6141     -92.8309
   5    100     -99.4064     -99.7951    -100.0262    -100.1168     -99.8763
                -99.9402    -100.2705     -99.1993     -99.5841     -99.1804
               -100.0297     -99.6523     -99.0705     -98.6878     -99.6832
                -99.0619     -99.9484     -99.4562    -100.3729     -98.8449
                -99.4643     -98.9913     -99.8744     -99.5786     -99.1384
                -99.4757     -99.3908     -99.4971     -99.9247     -99.1888
                -99.1266     -99.5031     -98.9311     -99.0977     -98.7199
                -99.4766     -98.9006     -99.2604     -99.7847     -99.3250
                -99.3291     -99.4544     -99.1908     -99.9854     -99.7059
                -99.0237     -99.3882     -99.4304     -99.7668     -98.9845
 
 
 cumulative average & 95% error for solvation free energy
  1   -91.1129
  2   -91.3086     0.3916
  3   -91.4650     0.3859
  4   -91.5649     0.3382
  5   -91.5773     0.2631
  6   -91.5880     0.2159
  7   -91.6471     0.2174
  8   -91.5646     0.2503
  9   -91.5345     0.2289
 10   -91.4662     0.2461
 11   -91.4942     0.2295
 12   -91.4813     0.2111
 13   -91.4264     0.2230
 14   -91.3571     0.2487
 15   -91.3624     0.2318
 16   -91.3277     0.2276
 17   -91.3488     0.2179
 18   -91.3417     0.2060
 19   -91.3812     0.2102
 20   -91.3422     0.2141
 21   -91.3358     0.2040
 22   -91.3095     0.2016
 23   -91.3218     0.1942
 24   -91.3224     0.1859
 25   -91.3034     0.1823
 26   -91.3025     0.1752
 27   -91.2959     0.1691
 28   -91.2954     0.1629
 29   -91.3086     0.1594
 30   -91.2956     0.1562
 31   -91.2819     0.1535
 32   -91.2812     0.1487
 33   -91.2620     0.1491
 34   -91.2495     0.1468
 35   -91.2274     0.1493
 36   -91.2278     0.1451
 37   -91.2128     0.1442
 38   -91.2064     0.1409
 39   -91.2148     0.1383
 40   -91.2108     0.1350
 41   -91.2072     0.1319
 42   -91.2059     0.1287
 43   -91.1999     0.1263
 44   -91.2120     0.1258
 45   -91.2163     0.1232
 46   -91.2067     0.1220
 47   -91.2046     0.1195
 48   -91.2037     0.1170
 49   -91.2102     0.1153
 50   -91.1997     0.1149
 
 Mesh error is    0.074 kcal/mol
