 ERmod 0.3.8, Copyright (C) 2000-2019 Nobuyuki Matubayasi
                            2010-2019 Shun Sakuraba
 ERmod comes with ABSOLUTELY NO WARRANTY.
 This is free software, and you can redistribute it
 and/or modify it under certain conditions.
 See LICENSE file for details.
 
  Number of the   1-th solvent  =          378
  Number of the   2-th solvent  =        10000
 
  Be sure that the solvent distribution is homogeneous (radial distribution function is essentially unity) when the solvent molecule is separated beyond distance of   10.0 Angstrom in any direction from any atom within the solute molecule
 
  LJ long-range correction    =        -1.1319     -7.1533
 
  Self-energy of the solute   =         0.0024  kcal/mol
 
 
 cumulative average & 95% error for solvation energy
              total             1st component         2nd component
  1  -449.3159              -53.9619             -395.3564
  2  -449.9627     1.2936   -43.6923    20.5393  -406.2728    21.8329
  3  -451.3260     2.8271   -42.4469    12.1171  -408.8815    13.6423
  4  -451.1464     2.0311   -46.2168    11.4132  -404.9320    12.4680
  5  -451.0781     1.5792   -50.7435    12.6538  -400.3370    13.3314
  6  -451.5016     1.5427   -51.2175    10.3752  -400.2865    10.8855
  7  -452.1185     1.7951   -51.7295     8.8282  -400.3915     9.2023
  8  -452.2332     1.5714   -53.0465     8.0865  -399.1891     8.3243
  9  -452.2730     1.3882   -54.2306     7.5146  -398.0448     7.6898
 10  -452.1789     1.2558   -57.7177     9.6857  -394.4636     9.9301
 11  -451.9519     1.2233   -58.2941     8.8366  -393.6602     9.1247
 12  -451.7385     1.1954   -58.3458     8.0673  -393.3952     8.3465
 13  -451.4117     1.2792   -59.6466     7.8637  -391.7675     8.3393
 14  -451.2515     1.2269   -61.4185     8.0971  -389.8354     8.6337
 15  -451.0650     1.2016   -63.7352     8.8481  -387.3322     9.4692
 16  -451.0422     1.1249   -65.3568     8.8894  -385.6879     9.4485
 17  -451.0215     1.0575   -65.9795     8.4425  -385.0443     8.9681
 18  -451.1303     1.0205   -66.2988     7.9852  -384.8339     8.4657
 19  -451.1223     0.9654   -67.1320     7.7349  -383.9927     8.1826
 20  -450.8143     1.1037   -68.5965     7.9009  -382.2203     8.5338
 21  -450.5440     1.1809   -69.8524     7.9239  -380.6940     8.6722
 22  -450.5361     1.1261   -69.8156     7.5555  -380.7229     8.2689
 23  -450.5505     1.0764   -68.8688     7.4638  -381.6841     8.1317
 24  -450.5999     1.0353   -68.2809     7.2421  -382.3214     7.8891
 25  -450.7253     1.0242   -67.6449     7.0619  -383.0828     7.7187
 26  -450.8131     0.9996   -67.6261     6.7849  -383.1894     7.4190
 27  -450.9845     1.0211   -68.1000     6.5973  -382.8869     7.1645
 28  -450.9958     0.9842   -68.6907     6.4661  -382.3075     7.0005
 29  -451.0135     0.9503   -67.8677     6.4526  -383.1482     6.9609
 30  -451.0796     0.9276   -67.5673     6.2627  -383.5147     6.7647
 31  -451.1536     0.9093   -67.4473     6.0621  -383.7087     6.5543
 32  -451.1878     0.8831   -67.6391     5.8821  -383.5511     6.3540
 33  -451.1558     0.8583   -67.6843     5.7018  -383.4739     6.1604
 34  -451.1810     0.8342   -67.5321     5.5399  -383.6513     5.9870
 35  -451.2735     0.8309   -67.6583     5.3852  -383.6177     5.8138
 36  -451.3603     0.8259   -68.1473     5.3241  -383.2154     5.7070
 37  -451.4112     0.8097   -68.5317     5.2350  -382.8819     5.5905
 38  -451.5311     0.8237   -68.4530     5.0978  -383.0805     5.4559
 39  -451.5040     0.8042   -68.5519     4.9693  -382.9546     5.3201
 40  -451.5089     0.7839   -69.1101     4.9705  -382.4012     5.3022
 41  -451.5219     0.7650   -69.3749     4.8766  -382.1494     5.1957
 42  -451.5509     0.7488   -68.9712     4.8271  -382.5821     5.1439
 43  -451.3915     0.7976   -68.9640     4.7135  -382.4299     5.0320
 44  -451.2243     0.8480   -68.8005     4.6167  -382.4262     4.9163
 45  -451.1006     0.8651   -68.2677     4.6371  -382.8354     4.8750
 46  -451.0975     0.8461   -67.7457     4.6538  -383.3542     4.8795
 47  -451.1343     0.8312   -67.3305     4.6287  -383.8062     4.8594
 48  -451.1533     0.8145   -66.7326     4.6865  -384.4232     4.9145
 49  -451.1572     0.7978   -66.4189     4.6325  -384.7408     4.8549
 50  -451.1684     0.7820   -66.4537     4.5394  -384.7171     4.7570
 
 
 group  inft  solvation free energy     error          difference
  total solvation free energy
   1      0        -85.95822           0.40585           0.07336
   1     60        -86.67538           0.40575          -0.64381
   1     80        -89.77989           0.40556          -3.74831
   1    100        -97.81897           0.40785         -11.78739
   2      0        -86.01502           0.40673           0.01655
   3      0        -86.03157           0.40718           0.00000
   4      0        -86.06023           0.40397          -0.02866
   5      0        -86.09368           0.40569          -0.06210
   5     60        -87.01126           0.40417          -0.97969
   5     80        -90.68326           0.40337          -4.65169
   5    100        -98.02487           0.40516         -11.99330
 
  contribution from  1-th solvent component
   1      0        -22.87679           1.72875          -0.01841
   1     60        -22.90190           1.72870          -0.04352
   1     80        -23.02297           1.72869          -0.16458
   1    100        -23.38221           1.72832          -0.52382
   2      0        -22.88400           1.72685          -0.02562
   3      0        -22.85838           1.72266          -0.00000
   4      0        -22.85854           1.72163          -0.00016
   5      0        -22.86441           1.72180          -0.00603
   5     60        -22.89703           1.72184          -0.03864
   5     80        -23.04504           1.72196          -0.18665
   5    100        -23.37740           1.72164          -0.51902
 
  contribution from  2-th solvent component
   1      0        -63.08384           1.99369           0.09176
   1     60        -63.77590           1.99370          -0.60029
   1     80        -66.75933           1.99233          -3.58373
   1    100        -74.43917           1.99355         -11.26357
   2      0        -63.13344           1.99301           0.04217
   3      0        -63.17560           1.99031           0.00000
   4      0        -63.20410           1.98153          -0.02850
   5      0        -63.23168           1.98551          -0.05607
   5     60        -64.11665           1.98338          -0.94104
   5     80        -67.64064           1.98070          -4.46504
   5    100        -74.64988           1.98131         -11.47428
 
 
 group  inft   Estimated free energy: total (kcal/mol)
   1      0     -85.7750     -86.5513     -88.3864     -86.3236     -85.6372
                -87.4410     -88.6480     -86.8404     -86.6920     -85.2953
                -85.6124     -85.4181     -84.6675     -84.2451     -83.3352
                -84.9571     -84.6586     -86.5161     -85.5478     -81.6911
                -82.6644     -86.0352     -86.4324     -86.7164     -87.3330
                -86.8287     -87.3722     -85.0920     -86.6669     -87.1332
                -87.0386     -86.1471     -84.8390     -86.0694     -86.5558
                -86.8729     -86.2656     -87.5965     -84.9930     -84.9279
                -86.2160     -86.8275     -83.3431     -83.7496     -84.5115
                -87.0775     -87.8908     -87.3649     -86.8946     -86.2160
   1     60     -86.4913     -87.2672     -89.1026     -87.0383     -86.3510
                -88.1610     -89.3713     -87.5659     -87.4118     -86.0203
                -86.3332     -86.1356     -85.3906     -84.9604     -84.0507
                -85.6739     -85.3769     -87.2340     -86.2594     -82.4115
                -83.3880     -86.7470     -87.1482     -87.4333     -88.0445
                -87.5486     -88.0872     -85.8092     -87.3828     -87.8554
                -87.7583     -86.8669     -85.5530     -86.7814     -87.2690
                -87.5818     -86.9710     -88.3152     -85.7027     -85.6414
                -86.9325     -87.5391     -84.0568     -84.4737     -85.2345
                -87.7958     -88.6063     -88.0833     -87.6148     -86.9405
   1     80     -89.5898     -90.3534     -92.1960     -90.1299     -89.4453
                -91.2592     -92.4892     -90.6797     -90.5154     -89.1350
                -89.4402     -89.2376     -88.4898     -88.0785     -87.1671
                -88.7890     -88.4883     -90.3393     -89.3627     -85.5240
                -86.5019     -89.8466     -90.2500     -90.5339     -91.1543
                -90.6571     -91.2040     -88.9256     -90.4772     -90.9589
                -90.8759     -89.9757     -88.6623     -89.8926     -90.3844
                -90.6845     -90.0611     -91.4462     -88.8119     -88.7450
                -90.0349     -90.6467     -87.1382     -87.5649     -88.3268
                -90.8890     -91.6892     -91.1753     -90.7140     -90.0567
   1    100     -97.6463     -98.3920    -100.2448     -98.1603     -97.4530
                -99.3251    -100.5683     -98.7503     -98.5504     -97.2006
                -97.4730     -97.2746     -96.5265     -96.1060     -95.1814
                -96.8336     -96.5376     -98.3481     -97.3950     -93.5530
                -94.5568     -97.8735     -98.2821     -98.5760     -99.1978
                -98.7060     -99.2639     -96.9841     -98.5039     -99.0108
                -98.9338     -98.0083     -96.6917     -97.9174     -98.4295
                -98.7159     -98.0592     -99.5169     -96.8054     -96.7539
                -98.0524     -98.6793     -95.1287     -95.6029     -96.3795
                -98.9409     -99.7249     -99.2306     -98.7663     -98.1357
   2      0     -85.8245     -86.6375     -88.4708     -86.3524     -85.7074
                -87.5146     -88.7266     -86.9172     -86.7748     -85.3669
                -85.7037     -85.4569     -84.7121     -84.2966     -83.3938
                -85.0252     -84.7309     -86.5613     -85.6323     -81.7618
                -82.7346     -86.1048     -86.4578     -86.7567     -87.3921
                -86.8674     -87.3792     -85.1390     -86.6911     -87.2180
                -87.0809     -86.1902     -84.7672     -86.1890     -86.5870
                -86.9502     -86.1991     -87.6674     -85.0090     -84.9716
                -86.2947     -86.8794     -83.4071     -83.8021     -84.6079
                -87.1321     -87.9964     -87.4281     -86.9616     -86.3223
   3      0     -85.8534     -86.6759     -88.4776     -86.3321     -85.7435
                -87.5543     -88.7610     -86.9081     -86.8425     -85.3767
                -85.7373     -85.4901     -84.7237     -84.3400     -83.3806
                -85.0305     -84.7421     -86.5773     -85.6507     -81.8077
                -82.7363     -86.0956     -86.4664     -86.7676     -87.3318
                -86.8570     -87.4052     -85.1929     -86.7328     -87.2757
                -87.1087     -86.2193     -84.7961     -86.1804     -86.5458
                -86.9164     -86.2237     -87.7203     -84.9390     -84.9673
                -86.3037     -86.9157     -83.4301     -83.8004     -84.6651
                -87.1442     -88.0189     -87.4634     -87.0325     -86.3212
   4      0     -85.7983     -86.6367     -88.4441     -86.3377     -85.7898
                -87.4819     -88.7240     -86.9110     -86.7936     -85.4195
                -85.7538     -85.4665     -84.7061     -84.3840     -83.4223
                -85.1366     -84.8559     -86.6069     -85.6081     -81.8415
                -82.7543     -86.1869     -86.5568     -86.8364     -87.3695
                -86.9254     -87.4706     -85.2594     -86.7775     -87.2755
                -87.1194     -86.2442     -84.9004     -86.2263     -86.6586
                -87.0596     -86.3320     -87.7446     -85.1038     -85.0503
                -86.4038     -86.9482     -83.4876     -83.7548     -84.5884
                -87.1399     -87.9937     -87.4114     -86.9915     -86.3223
   5      0     -85.8917     -86.6542     -88.5257     -86.4190     -85.8252
                -87.5884     -88.7979     -86.9374     -86.8464     -85.4551
                -85.8027     -85.5534     -84.8183     -84.4320     -83.4435
                -85.0768     -84.8139     -86.6695     -85.6935     -81.8611
                -82.7930     -86.2473     -86.5725     -86.8303     -87.3848
                -86.9611     -87.5007     -85.2638     -86.7707     -87.3022
                -87.1591     -86.2720     -84.8331     -86.2424     -86.6652
                -86.9781     -86.3441     -87.7546     -85.0430     -85.0382
                -86.3610     -87.0015     -83.5408     -83.8356     -84.6415
                -87.1949     -88.0425     -87.4758     -87.0783     -86.4495
   5     60     -86.7958     -87.5550     -89.4258     -87.3259     -86.7373
                -88.5002     -89.7085     -87.8565     -87.7579     -86.3749
                -86.7166     -86.4623     -85.7343     -85.3606     -84.3717
                -86.0073     -85.7469     -87.5859     -86.6093     -82.7953
                -83.7293     -87.1683     -87.4866     -87.7541     -88.3032
                -87.8828     -88.4272     -86.1974     -87.6834     -88.2153
                -88.0736     -87.1920     -85.7626     -87.1607     -87.5912
                -87.9005     -87.2676     -88.6833     -85.9686     -85.9650
                -87.2834     -87.9121     -84.4632     -84.7489     -85.5517
                -88.0977     -88.9423     -88.3780     -87.9838     -87.3617
   5     80     -90.4486     -91.1990     -93.0723     -90.9817     -90.3990
                -92.1659     -93.3829     -91.5343     -91.4281     -90.0581
                -90.3863     -90.1243     -89.3972     -89.0500     -88.0519
                -89.6957     -89.4489     -91.2602     -90.2809     -86.4868
                -87.4041     -90.8359     -91.1534     -91.4286     -91.9863
                -91.5626     -92.1149     -89.8988     -91.3455     -91.8892
                -91.7491     -90.8751     -89.4466     -90.8405     -91.2804
                -91.5825     -90.9383     -92.3896     -89.6658     -89.6521
                -90.9600     -91.5794     -88.1180     -88.3884     -89.1983
                -91.7441     -92.5804     -92.0287     -91.6388     -91.0357
   5    100     -97.7983     -98.5341    -100.4139     -98.3133     -97.7208
                -99.5290    -100.7529     -98.8981     -98.7727     -97.4192
                -97.7295     -97.4624     -96.7427     -96.3912     -95.3754
                -97.0446     -96.7991     -98.5875     -97.6181     -93.8165
                -94.7430     -98.1556     -98.4941     -98.7828     -99.3289
                -98.9043     -99.4722     -97.2573     -98.6825     -99.2525
                -99.1084     -98.2281     -96.7827     -98.1766     -98.6358
                -98.9082     -98.2411     -99.7627     -96.9926     -96.9761
                -98.2907     -98.9048     -95.4216     -95.7216     -96.5402
                -99.0849     -99.9141     -99.3787     -98.9872     -98.3949
 
 group  inft   Estimated free energy: 1-th solvent contribution (kcal/mol)
   1      0     -18.8006     -10.1260     -12.9943     -19.9972     -24.0616
                -18.2695     -18.7886     -21.3648     -21.8402     -31.9217
                -22.0837     -20.4018     -26.6288     -29.3644     -34.0185
                -31.8939     -25.7498     -24.8796     -29.4662     -34.0401
                -33.6174     -23.7705     -15.3584     -18.1769     -17.0601
                -23.2857     -28.2595     -29.7072     -14.1573     -20.1573
                -22.3739     -25.7174     -22.8954     -21.0826     -24.7915
                -30.3801     -28.8889     -22.1515     -24.5666     -31.9358
                -28.2455     -17.4433     -23.2132     -20.7172     -13.9915
                -14.7302     -16.5096     -12.3243     -17.4709     -24.1684
   1     60     -18.8264     -10.1520     -13.0192     -20.0229     -24.0869
                -18.2950     -18.8145     -21.3901     -21.8655     -31.9472
                -22.1084     -20.4269     -26.6545     -29.3890     -34.0431
                -31.9185     -25.7740     -24.9045     -29.4918     -34.0649
                -33.6432     -23.7955     -15.3828     -18.2023     -17.0855
                -23.3111     -28.2840     -29.7315     -14.1815     -20.1827
                -22.3994     -25.7424     -22.9201     -21.1075     -24.8159
                -30.4047     -28.9139     -22.1763     -24.5914     -31.9606
                -28.2704     -17.4683     -23.2374     -20.7430     -14.0170
                -14.7551     -16.5353     -12.3499     -17.4967     -24.1942
   1     80     -18.9495     -10.2755     -13.1379     -20.1455     -24.2088
                -18.4169     -18.9382     -21.5107     -21.9862     -32.0689
                -22.2270     -20.5473     -26.7766     -29.5091     -34.1630
                -32.0382     -25.8928     -25.0253     -29.6155     -34.1849
                -33.7662     -23.9162     -15.5011     -18.3241     -17.2086
                -23.4334     -28.4039     -29.8496     -14.2986     -20.3038
                -22.5220     -25.8637     -23.0413     -21.2297     -24.9365
                -30.5257     -29.0358     -22.2973     -24.7137     -32.0825
                -28.3911     -17.5897     -23.3546     -20.8646     -14.1377
                -14.8740     -16.6578     -12.4718     -17.6194     -24.3164
   1    100     -19.3140     -10.6410     -13.4961     -20.5074     -24.5690
                -18.7793     -19.3039     -21.8705     -22.3457     -32.4295
                -22.5820     -20.9064     -27.1371     -29.8642     -34.5181
                -32.3941     -26.2489     -25.3821     -29.9758     -34.5393
                -34.1271     -24.2737     -15.8560     -18.6857     -17.5704
                -23.7941     -28.7607     -30.2035     -14.6515     -20.6635
                -22.8846     -26.2231     -23.4007     -21.5909     -25.2952
                -30.8845     -29.3949     -22.6569     -25.0715     -32.4407
                -28.7481     -17.9497     -23.7051     -21.2245     -14.4981
                -15.2321     -17.0211     -12.8348     -17.9837     -24.6796
   2      0     -18.8109     -10.1356     -13.0275     -20.0015     -24.0527
                -18.2959     -18.8051     -21.3813     -21.8631     -31.9480
                -22.1177     -20.4148     -26.6488     -29.3588     -34.0178
                -31.8943     -25.7730     -24.8878     -29.4462     -34.0482
                -33.5936     -23.7700     -15.3746     -18.1645     -17.0404
                -23.2744     -28.2704     -29.7093     -14.1836     -20.1789
                -22.3910     -25.7133     -22.8805     -21.0947     -24.8173
                -30.3913     -28.8705     -22.1405     -24.5322     -31.9237
                -28.2535     -17.4612     -23.2020     -20.7184     -14.0070
                -14.7671     -16.5364     -12.3482     -17.4734     -24.1892
   3      0     -18.8234     -10.1346     -13.0386     -19.9745     -24.0370
                -18.2996     -18.8187     -21.3654     -21.8401     -31.9409
                -22.0985     -20.4211     -26.6490     -29.3192     -33.9718
                -31.8518     -25.6973     -24.8575     -29.3998     -33.9986
                -33.5372     -23.7223     -15.3287     -18.1313     -17.0016
                -23.2412     -28.2549     -29.6700     -14.1652     -20.1719
                -22.3935     -25.6921     -22.8459     -21.0617     -24.7517
                -30.3293     -28.8092     -22.0977     -24.4437     -31.8769
                -28.2033     -17.4280     -23.1460     -20.7221     -14.0205
                -14.7711     -16.5334     -12.3570     -17.4809     -24.1939
   4      0     -18.8238     -10.1287     -13.0495     -19.9787     -24.0329
                -18.3139     -18.8065     -21.3672     -21.8599     -31.9482
                -22.1221     -20.4363     -26.6401     -29.3072     -33.9583
                -31.8528     -25.6708     -24.8608     -29.3946     -33.9880
                -33.5481     -23.7142     -15.3514     -18.1413     -16.9930
                -23.2367     -28.2371     -29.6620     -14.1724     -20.1744
                -22.3892     -25.6893     -22.8469     -21.0616     -24.7550
                -30.3185     -28.7999     -22.0994     -24.4382     -31.8687
                -28.2147     -17.4265     -23.1498     -20.7228     -14.0200
                -14.7754     -16.5375     -12.3636     -17.4791     -24.2003
   5      0     -18.8259     -10.1315     -13.0444     -19.9845     -24.0393
                -18.3178     -18.8249     -21.3634     -21.8643     -31.9495
                -22.1154     -20.4412     -26.6459     -29.3141     -33.9739
                -31.8561     -25.7016     -24.8626     -29.4009     -33.9906
                -33.5336     -23.7237     -15.3561     -18.1414     -17.0089
                -23.2609     -28.2486     -29.6786     -14.1795     -20.1776
                -22.3832     -25.7017     -22.8618     -21.0643     -24.7746
                -30.3191     -28.8166     -22.0934     -24.4480     -31.8640
                -28.2223     -17.4348     -23.1512     -20.7186     -14.0266
                -14.7855     -16.5393     -12.3551     -17.4978     -24.2062
   5     60     -18.8589     -10.1647     -13.0760     -20.0175     -24.0721
                -18.3506     -18.8579     -21.3961     -21.8966     -31.9823
                -22.1472     -20.4735     -26.6790     -29.3467     -34.0063
                -31.8886     -25.7338     -24.8949     -29.4344     -34.0233
                -33.5673     -23.7564     -15.3877     -18.1745     -17.0421
                -23.2939     -28.2809     -29.7106     -14.2108     -20.2101
                -22.4160     -25.7343     -22.8946     -21.0970     -24.8071
                -30.3518     -28.8495     -22.1260     -24.4810     -31.8970
                -28.2548     -17.4673     -23.1830     -20.7516     -14.0592
                -14.8173     -16.5721     -12.3877     -17.5307     -24.2390
   5     80     -19.0079     -10.3143     -13.2204     -20.1665     -24.2211
                -18.4988     -19.0075     -21.5440     -22.0437     -32.1306
                -22.2919     -20.6199     -26.8275     -29.4939     -34.1529
                -32.0360     -25.8810     -25.0427     -29.5855     -34.1708
                -33.7173     -23.9047     -15.5325     -18.3237     -17.1926
                -23.4435     -28.4278     -29.8562     -14.3542     -20.3578
                -22.5650     -25.8829     -23.0438     -21.2464     -24.9559
                -30.5016     -28.9999     -22.2748     -24.6317     -32.0476
                -28.4030     -17.6157     -23.3268     -20.8990     -14.2061
                -14.9617     -16.7203     -12.5354     -17.6793     -24.3875
   5    100     -19.3447     -10.6519     -13.5521     -20.5014     -24.5544
                -18.8342     -19.3448     -21.8774     -22.3760     -32.4637
                -22.6210     -20.9523     -27.1610     -29.8235     -34.4809
                -32.3653     -26.2108     -25.3730     -29.9188     -34.4992
                -34.0505     -24.2357     -15.8615     -18.6587     -17.5273
                -23.7765     -28.7577     -30.1837     -14.6813     -20.6906
                -22.9002     -26.2158     -23.3759     -21.5807     -25.2889
                -30.8337     -29.3317     -22.6084     -24.9637     -32.3789
                -28.7337     -17.9484     -23.6515     -21.2316     -14.5397
                -15.2928     -17.0557     -12.8708     -18.0152     -24.7229
 
 group  inft   Estimated free energy: 2-th solvent contribution (kcal/mol)
   1      0     -66.9769     -76.4277     -75.3944     -66.3289     -61.5780
                -69.1740     -69.8618     -65.4780     -64.8542     -53.3760
                -63.5311     -65.0187     -58.0411     -54.8831     -49.3190
                -53.0656     -58.9113     -61.6389     -56.0840     -47.6534
                -49.0493     -62.2671     -71.0764     -68.5419     -70.2753
                -63.5454     -59.1151     -55.3872     -72.5120     -66.9783
                -64.6671     -60.4322     -61.9460     -64.9892     -61.7667
                -56.4952     -57.3791     -65.4474     -60.4288     -52.9945
                -57.9729     -69.3866     -60.1323     -63.0348     -70.5224
                -72.3497     -71.3837     -75.0431     -69.4261     -62.0500
   1     60     -67.6673     -77.1176     -76.0859     -67.0178     -62.2665
                -69.8684     -70.5591     -66.1783     -65.5488     -54.0755
                -64.2272     -65.7111     -58.7384     -55.5738     -50.0100
                -53.7578     -59.6053     -62.3320     -56.7700     -48.3491
                -49.7472     -62.9538     -71.7678     -69.2334     -70.9615
                -64.2399     -59.8057     -56.0802     -73.2037     -67.6751
                -65.3613     -61.1269     -62.6353     -65.6763     -62.4556
                -57.1795     -58.0596     -66.1413     -61.1137     -53.6832
                -58.6646     -70.0732     -60.8218     -63.7331     -71.2199
                -73.0431     -72.0734     -75.7358     -70.1204     -62.7487
   1     80     -70.6427     -80.0803     -79.0605     -69.9868     -65.2389
                -72.8448     -73.5534     -69.1714     -68.5316     -57.0685
                -67.2156     -68.6928     -61.7156     -58.5718     -53.0065
                -56.7531     -62.5978     -65.3164     -59.7497     -51.3415
                -52.7382     -65.9328     -74.7513     -72.2122     -73.9482
                -67.2261     -62.8025     -59.0784     -76.1810     -70.6575
                -68.3563     -64.1144     -65.6234     -68.6653     -65.4504
                -60.1612     -61.0278     -69.1513     -64.1007     -56.6649
                -61.6463     -73.0594     -63.7860     -66.7027     -74.1916
                -76.0174     -75.0339     -78.7059     -73.0970     -65.7427
   1    100     -78.3347     -87.7534     -86.7511     -77.6553     -72.8864
                -80.5482     -81.2668     -76.8822     -76.2071     -64.7735
                -74.8934     -76.3706     -69.3918     -66.2442     -60.6657
                -64.4419     -70.2911     -72.9684     -67.4216     -59.0161
                -60.4322     -73.6023     -82.4285     -79.8928     -81.6298
                -74.9143     -70.5056     -66.7830     -83.8548     -78.3497
                -76.0516     -71.7876     -73.2934     -76.3289     -73.1367
                -67.8338     -68.6667     -76.8624     -71.7363     -64.3157
                -69.3068     -80.7321     -71.4261     -74.3808     -81.8838
                -83.7112     -82.7062     -86.3982     -80.7850     -73.4585
   2      0     -67.0160     -76.5043     -75.4457     -66.3533     -61.6571
                -69.2211     -69.9240     -65.5383     -64.9141     -53.4214
                -63.5884     -65.0445     -58.0657     -54.9403     -49.3784
                -53.1333     -58.9603     -61.6759     -56.1885     -47.7160
                -49.1435     -62.3372     -71.0856     -68.5946     -70.3542
                -63.5953     -59.1112     -55.4321     -72.5099     -67.0415
                -64.6923     -60.4793     -61.8891     -65.0967     -61.7721
                -56.5613     -57.3311     -65.5294     -60.4792     -53.0503
                -58.0435     -69.4206     -60.2074     -63.0861     -70.6033
                -72.3674     -71.4624     -75.0824     -69.4905     -62.1356
   3      0     -67.0324     -76.5437     -75.4414     -66.3600     -61.7089
                -69.2571     -69.9447     -65.5452     -65.0048     -53.4382
                -63.6412     -65.0714     -58.0771     -55.0233     -49.4112
                -53.1811     -59.0472     -61.7223     -56.2533     -47.8116
                -49.2016     -62.3757     -71.1402     -68.6388     -70.3326
                -63.6182     -59.1527     -55.5253     -72.5700     -67.1061
                -64.7176     -60.5296     -61.9526     -65.1211     -61.7966
                -56.5895     -57.4169     -65.6250     -60.4978     -53.0928
                -58.1028     -69.4901     -60.2865     -63.0808     -70.6470
                -72.3755     -71.4879     -75.1089     -69.5540     -62.1297
   4      0     -66.9769     -76.5104     -75.3970     -66.3615     -61.7593
                -69.1704     -69.9199     -65.5462     -64.9362     -53.4737
                -63.6341     -65.0326     -58.0685     -55.0792     -49.4664
                -53.2862     -59.1875     -61.7485     -56.2159     -47.8559
                -49.2086     -62.4751     -71.2078     -68.6976     -70.3789
                -63.6912     -59.2360     -55.5998     -72.6075     -67.1035
                -64.7326     -60.5574     -62.0559     -65.1672     -61.9061
                -56.7436     -57.5345     -65.6476     -60.6680     -53.1840
                -58.1916     -69.5241     -60.3403     -63.0344     -70.5708
                -72.3669     -71.4587     -75.0501     -69.5148     -62.1244
   5      0     -67.0683     -76.5250     -75.4837     -66.4369     -61.7883
                -69.2730     -69.9754     -65.5764     -64.9846     -53.5081
                -63.6897     -65.1147     -58.1748     -55.1203     -49.4720
                -53.2232     -59.1147     -61.8093     -56.2951     -47.8729
                -49.2618     -62.5261     -71.2189     -68.6913     -70.3783
                -63.7025     -59.2545     -55.5876     -72.5937     -67.1271
                -64.7783     -60.5728     -61.9737     -65.1806     -61.8930
                -56.6614     -57.5299     -65.6636     -60.5974     -53.1767
                -58.1412     -69.5691     -60.3920     -63.1194     -70.6174
                -72.4118     -71.5056     -75.1231     -69.5829     -62.2458
   5     60     -67.9394     -77.3927     -76.3522     -67.3108     -62.6676
                -70.1521     -70.8531     -66.4628     -65.8637     -54.3950
                -64.5718     -65.9912     -59.0577     -56.0164     -50.3678
                -54.1211     -60.0155     -62.6933     -57.1773     -48.7744
                -50.1644     -63.4143     -72.1013     -69.5820     -71.2636
                -64.5913     -60.1487     -56.4893     -73.4749     -68.0076
                -65.6600     -61.4600     -62.8704     -66.0661     -62.7865
                -57.5511     -58.4205     -66.5596     -61.4900     -54.0704
                -59.0309     -70.4473     -61.2826     -63.9997     -71.4949
                -73.2828     -72.3726     -75.9927     -70.4556     -63.1251
   5     80     -71.4430     -80.8871     -79.8543     -70.8176     -66.1803
                -73.6695     -74.3779     -69.9928     -69.3868     -57.9299
                -68.0967     -69.5068     -62.5721     -59.5585     -53.9014
                -57.6622     -63.5703     -66.2199     -60.6978     -52.3184
                -53.6892     -66.9336     -75.6233     -73.1074     -74.7961
                -68.1215     -63.6895     -60.0451     -76.9937     -71.5338
                -69.1865     -64.9946     -66.4052     -69.5965     -66.3269
                -61.0833     -61.9408     -70.1173     -65.0365     -57.6069
                -62.5593     -73.9661     -64.7937     -67.4918     -74.9946
                -76.7849     -75.8626     -79.4957     -73.9620     -66.6506
   5    100     -78.4560     -87.8847     -86.8643     -77.8143     -73.1689
                -80.6972     -81.4105     -77.0231     -76.3991     -64.9579
                -75.1109     -76.5125     -69.5841     -66.5701     -60.8969
                -64.6817     -70.5907     -73.2169     -67.7018     -59.3197
                -60.6949     -73.9224     -82.6350     -80.1266     -81.8039
                -75.1302     -70.7169     -67.0760     -84.0036     -78.5642
                -76.2106     -72.0148     -73.4092     -76.5983     -73.3493
                -68.0770     -68.9118     -77.1567     -72.0313     -64.5996
                -69.5594     -80.9589     -71.7725     -74.4924     -82.0029
                -83.7946     -82.8608     -86.5103     -80.9744     -73.6745
 
 
 cumulative average & 95% error for solvation free energy
              total             1st component         2nd component
  1   -85.8534              -18.8234              -67.0324
  2   -86.2647     0.8225   -14.4790     8.6888   -71.7881     9.5113
  3   -87.0023     1.5498   -13.9989     5.1076   -73.0059     6.0072
  4   -86.8348     1.1460   -15.4928     4.6873   -71.3444     5.3931
  5   -86.6165     0.9892   -17.2016     4.9863   -69.4173     5.6838
  6   -86.7728     0.8661   -17.3846     4.0877   -69.3906     4.6411
  7   -87.0568     0.9265   -17.5895     3.4790   -69.4697     3.9257
  8   -87.0382     0.8032   -18.0615     3.1573   -68.9792     3.5385
  9   -87.0165     0.7097   -18.4813     2.9083   -68.5376     3.2432
 10   -86.8525     0.7145   -19.8273     3.7434   -67.0277     4.1874
 11   -86.7511     0.6774   -20.0337     3.4111   -66.7198     3.8374
 12   -86.6460     0.6531   -20.0660     3.1146   -66.5824     3.5138
 13   -86.4982     0.6696   -20.5724     3.0387   -65.9282     3.4870
 14   -86.3440     0.6924   -21.1972     3.0783   -65.1493     3.5846
 15   -86.1465     0.7560   -22.0488     3.3337   -64.1000     3.9420
 16   -86.0767     0.7208   -22.6615     3.3505   -63.4176     3.9319
 17   -85.9982     0.6951   -22.8401     3.1675   -63.1605     3.7290
 18   -86.0304     0.6585   -22.9522     2.9947   -63.0806     3.5193
 19   -86.0104     0.6241   -23.2915     2.9129   -62.7213     3.4057
 20   -85.8003     0.7261   -23.8269     2.9636   -61.9758     3.5583
 21   -85.6544     0.7498   -24.2893     2.9668   -61.3675     3.5967
 22   -85.6744     0.7160   -24.2635     2.8292   -61.4133     3.4305
 23   -85.7088     0.6876   -23.8750     2.8128   -61.8362     3.3853
 24   -85.7530     0.6642   -23.6357     2.7353   -62.1197     3.2904
 25   -85.8161     0.6495   -23.3703     2.6767   -62.4482     3.2237
 26   -85.8561     0.6291   -23.3654     2.5717   -62.4932     3.0985
 27   -85.9135     0.6162   -23.5465     2.5010   -62.3695     2.9918
 28   -85.8878     0.5960   -23.7652     2.4494   -62.1250     2.9241
 29   -85.9169     0.5780   -23.4341     2.4544   -62.4852     2.9120
 30   -85.9622     0.5657   -23.3254     2.3811   -62.6392     2.8301
 31   -85.9992     0.5521   -23.2953     2.3038   -62.7063     2.7406
 32   -86.0061     0.5348   -23.3702     2.2357   -62.6383     2.6570
 33   -85.9694     0.5235   -23.3543     2.1671   -62.6175     2.5756
 34   -85.9756     0.5080   -23.2869     2.1067   -62.6911     2.5030
 35   -85.9919     0.4943   -23.3288     2.0474   -62.6656     2.4310
 36   -86.0176     0.4832   -23.5232     2.0273   -62.4968     2.3865
 37   -86.0232     0.4701   -23.6661     1.9924   -62.3595     2.3373
 38   -86.0678     0.4662   -23.6248     1.9410   -62.4454     2.2814
 39   -86.0389     0.4577   -23.6458     1.8910   -62.3955     2.2244
 40   -86.0121     0.4493   -23.8516     1.8885   -62.1629     2.2174
 41   -86.0192     0.4385   -23.9577     1.8541   -62.0639     2.1717
 42   -86.0405     0.4300   -23.8022     1.8359   -62.2407     2.1487
 43   -85.9798     0.4371   -23.7870     1.7930   -62.1953     2.1001
 44   -85.9303     0.4384   -23.7173     1.7573   -62.2154     2.0522
 45   -85.9022     0.4322   -23.5018     1.7710   -62.4028     2.0408
 46   -85.9292     0.4262   -23.3120     1.7732   -62.6196     2.0425
 47   -85.9737     0.4264   -23.1678     1.7589   -62.8082     2.0338
 48   -86.0047     0.4220   -22.9426     1.7798   -63.0645     2.0559
 49   -86.0257     0.4154   -22.8311     1.7573   -63.1969     2.0309
 50   -86.0316     0.4072   -22.8584     1.7227   -63.1756     1.9903
 
 Mesh error is    0.073 kcal/mol
