 ERmod 0.3.8, Copyright (C) 2000-2019 Nobuyuki Matubayasi
                            2010-2019 Shun Sakuraba
 ERmod comes with ABSOLUTELY NO WARRANTY.
 This is free software, and you can redistribute it
 and/or modify it under certain conditions.
 See LICENSE file for details.
 
  Number of the   1-th solvent  =        10000
 
  Be sure that the solvent distribution is homogeneous (radial distribution function is essentially unity) when the solvent molecule is separated beyond distance of   10.0 Angstrom in any direction from any atom within the solute molecule
 
  LJ long-range correction    =        -7.8240
 
  Self-energy of the solute   =        -0.0133  kcal/mol
 
 
 cumulative average & 95% error for solvation energy
  1  -481.3176
  2  -481.3600     0.0847
  3  -481.1196     0.4833
  4  -481.6179     1.0537
  5  -481.7745     0.8742
  6  -481.8340     0.7236
  7  -481.8523     0.6127
  8  -481.7365     0.5790
  9  -481.6424     0.5442
 10  -481.5920     0.4971
 11  -481.5330     0.4648
 12  -481.5911     0.4400
 13  -481.5812     0.4052
 14  -481.5508     0.3800
 15  -481.5556     0.3539
 16  -481.5270     0.3359
 17  -481.5299     0.3156
 18  -481.4731     0.3185
 19  -481.4363     0.3101
 20  -481.4055     0.3006
 21  -481.3555     0.3029
 22  -481.3595     0.2889
 23  -481.2981     0.3022
 24  -481.3256     0.2945
 25  -481.2837     0.2946
 26  -481.2945     0.2839
 27  -481.3063     0.2742
 28  -481.3497     0.2781
 29  -481.3165     0.2764
 30  -481.2868     0.2736
 31  -481.2587     0.2705
 32  -481.2431     0.2637
 33  -481.2595     0.2577
 34  -481.2477     0.2511
 35  -481.2282     0.2470
 36  -481.2335     0.2402
 37  -481.2421     0.2343
 38  -481.2343     0.2286
 39  -481.2535     0.2259
 40  -481.2556     0.2203
 41  -481.2477     0.2154
 42  -481.2548     0.2107
 43  -481.2271     0.2131
 44  -481.2229     0.2083
 45  -481.2395     0.2063
 46  -481.2231     0.2044
 47  -481.2264     0.2001
 48  -481.1951     0.2056
 49  -481.1522     0.2189
 50  -481.1546     0.2145
 
 
 group  inft  solvation free energy     error          difference
   1      0        -95.80862           0.10054           0.03365
   1     60        -95.95226           0.10053          -0.10999
   1     80        -97.69029           0.10054          -1.84801
   1    100       -105.07131           0.10104          -9.22904
   2      0        -95.83174           0.09958           0.01054
   3      0        -95.84228           0.09948           0.00000
   4      0        -95.78124           0.10137           0.06104
   5      0        -95.88468           0.09814          -0.04240
   5     60        -96.08942           0.09815          -0.24715
   5     80        -98.32568           0.09815          -2.48340
   5    100       -105.16183           0.09836          -9.31955
 
 
 group  inft   Estimated free energy (kcal/mol)
   1      0     -95.8562     -95.8837     -95.5376     -96.2882     -96.3356
                -96.1142     -96.1130     -96.0271     -95.6771     -95.8415
                -96.0191     -96.3712     -95.7351     -95.5060     -96.2335
                -95.8818     -95.8354     -95.4380     -95.8124     -95.7252
                -95.4683     -95.8428     -94.9347     -96.0064     -95.2334
                -96.1641     -96.0015     -96.3704     -95.7481     -95.3399
                -95.5545     -95.6906     -95.7425     -95.5719     -95.5674
                -95.9843     -96.1746     -95.5719     -96.1782     -95.9211
                -95.8569     -96.2155     -95.5261     -95.6019     -96.1096
                -95.3629     -96.1217     -95.3823     -94.7843     -96.1715
   1     60     -95.9994     -96.0269     -95.6808     -96.4328     -96.4784
                -96.2580     -96.2567     -96.1710     -95.8203     -95.9849
                -96.1623     -96.5147     -95.8793     -95.6499     -96.3771
                -96.0248     -95.9798     -95.5820     -95.9558     -95.8684
                -95.6127     -95.9869     -95.0786     -96.1507     -95.3770
                -96.3081     -96.1451     -96.5152     -95.8902     -95.4836
                -95.6981     -95.8343     -95.8870     -95.7159     -95.7107
                -96.1281     -96.3182     -95.7153     -96.3215     -96.0646
                -96.0001     -96.3589     -95.6692     -95.7465     -96.2542
                -95.5064     -96.2647     -95.5255     -94.9283     -96.3145
   1     80     -97.7387     -97.7637     -97.4161     -98.1775     -98.2129
                -98.0025     -97.9974     -97.9055     -97.5603     -97.7198
                -97.8970     -98.2514     -97.6225     -97.3903     -98.1126
                -97.7631     -97.7238     -97.3221     -97.6913     -97.6022
                -97.3541     -97.7218     -96.8176     -97.8962     -97.1148
                -98.0436     -97.8808     -98.2594     -97.6217     -97.2255
                -97.4358     -97.5697     -97.6275     -97.4574     -97.4469
                -97.8653     -98.0503     -97.4535     -98.0601     -97.8024
                -97.7388     -98.0943     -97.4069     -97.4883     -98.0002
                -97.2479     -98.0011     -97.2586     -96.6610     -98.0419
   1    100    -105.1128    -105.1410    -104.7781    -105.5752    -105.5889
               -105.3918    -105.3892    -105.2916    -104.9473    -105.0852
               -105.2733    -105.6269    -105.0213    -104.7817    -105.4846
               -105.1393    -105.1170    -104.6977    -105.0578    -104.9759
               -104.7438    -105.1025    -104.2054    -105.3007    -104.4948
               -105.4226    -105.2506    -105.6617    -104.9886    -104.6058
               -104.8249    -104.9454    -105.0112    -104.8538    -104.8253
               -105.2555    -105.4204    -104.8249    -105.4509    -105.1909
               -105.1158    -105.4647    -104.7909    -104.8778    -105.4087
               -104.6296    -105.3836    -104.6253    -104.0242    -105.3890
   2      0     -95.9357     -95.9076     -95.5922     -96.3259     -96.3583
                -96.1490     -96.0849     -96.0452     -95.6487     -95.8613
                -96.0513     -96.3917     -95.7341     -95.5496     -96.2201
                -95.8300     -95.8659     -95.4736     -95.8229     -95.7462
                -95.5041     -95.8988     -94.9625     -96.0176     -95.2757
                -96.1868     -96.0533     -96.3653     -95.7649     -95.4250
                -95.5607     -95.7814     -95.7818     -95.5376     -95.5921
                -96.0621     -96.1526     -95.5995     -96.2140     -95.9487
                -95.8982     -96.2232     -95.5047     -95.5823     -96.0665
                -95.3868     -96.1617     -95.4283     -94.8119     -96.2448
   3      0     -95.9499     -95.9217     -95.5776     -96.3512     -96.3769
                -96.1322     -96.0868     -96.0070     -95.6561     -95.8618
                -96.0670     -96.4300     -95.7470     -95.5691     -96.2347
                -95.8712     -95.8502     -95.4998     -95.8167     -95.7563
                -95.4928     -95.9282     -94.9693     -96.0053     -95.3206
                -96.2046     -96.0830     -96.3869     -95.7587     -95.4201
                -95.5673     -95.7881     -95.7837     -95.5662     -95.5513
                -96.0126     -96.1789     -95.6279     -96.2648     -95.9741
                -95.9452     -96.2112     -95.5081     -95.6087     -96.1063
                -95.4047     -96.1418     -95.4433     -94.8486     -96.2478
   4      0     -95.8669     -95.8446     -95.5428     -96.3292     -96.3616
                -96.0846     -95.9815     -95.9221     -95.6286     -95.8202
                -96.0174     -96.4057     -95.7094     -95.4871     -96.1726
                -95.8522     -95.7465     -95.3963     -95.7436     -95.7501
                -95.3952     -95.8477     -94.8807     -95.9649     -95.2723
                -96.1057     -96.0017     -96.3231     -95.7220     -95.3863
                -95.4486     -95.7677     -95.7281     -95.5156     -95.4858
                -96.0103     -96.1646     -95.5828     -96.2132     -95.8845
                -95.8425     -96.1375     -95.4682     -95.5172     -96.0438
                -95.3311     -96.0631     -95.3035     -94.8059     -96.1852
   5      0     -96.0117     -95.9291     -95.6451     -96.4159     -96.3620
                -96.1964     -96.1601     -96.0679     -95.7056     -95.9140
                -96.1058     -96.4438     -95.7950     -95.6102     -96.2559
                -95.9104     -95.8652     -95.5053     -95.8417     -95.8204
                -95.5111     -95.9612     -95.0296     -96.0362     -95.3155
                -96.1876     -96.1217     -96.4181     -95.8021     -95.5027
                -95.5782     -95.8842     -95.8761     -95.6236     -95.6334
                -96.1001     -96.2482     -95.6688     -96.2616     -96.0031
                -95.9694     -96.2342     -95.5908     -95.6456     -96.1620
                -95.4205     -96.2261     -95.4659     -94.9256     -96.2691
   5     60     -96.2158     -96.1334     -95.8495     -96.6216     -96.5664
                -96.4019     -96.3656     -96.2725     -95.9108     -96.1184
                -96.3102     -96.6482     -96.0005     -95.8156     -96.4605
                -96.1149     -96.0706     -95.7103     -96.0465     -96.0247
                -95.7163     -96.1662     -95.2347     -96.2417     -95.5200
                -96.3919     -96.3265     -96.6242     -96.0058     -95.7075
                -95.7831     -96.0884     -96.0816     -95.8286     -95.8382
                -96.3049     -96.4523     -95.8738     -96.4663     -96.2078
                -96.1745     -96.4384     -95.7945     -95.8507     -96.3678
                -95.6251     -96.4304     -95.6699     -95.1297     -96.4724
   5     80     -98.4495     -98.3696     -98.0801     -98.8661     -98.8009
                -98.6436     -98.6048     -98.5067     -98.1502     -98.3496
                -98.5436     -98.8818     -98.2423     -98.0564     -98.6917
                -98.3494     -98.3119     -97.9467     -98.2785     -98.2582
                -97.9563     -98.4022     -97.4754     -98.4848     -97.7567
                -98.6237     -98.5620     -98.8674     -98.2356     -97.9468
                -98.0213     -98.3226     -98.3209     -98.0690     -98.0725
                -98.5423     -98.6814     -98.1116     -98.7050     -98.4469
                -98.4111     -98.6701     -98.0280     -98.0902     -98.6138
                -97.8640     -98.6651     -97.8995     -97.3591     -98.6972
   5    100    -105.2782    -105.2039    -104.8994    -105.7148    -105.6336
               -105.4858    -105.4496    -105.3464    -104.9918    -105.1739
               -105.3795    -105.7115    -105.0943    -104.9017    -105.5170
               -105.1779    -105.1554    -104.7820    -105.0987    -105.0875
               -104.7985    -105.2401    -104.3204    -105.3403    -104.5917
               -105.4539    -105.3945    -105.7167    -105.0595    -104.7880
               -104.8618    -105.1578    -105.1615    -104.9173    -104.9032
               -105.3861    -105.5024    -104.9463    -105.5487    -105.2930
               -105.2500    -105.4975    -104.8623    -104.9313    -105.4747
               -104.7022    -105.4993    -104.7219    -104.1802    -105.5080
 
 
 cumulative average & 95% error for solvation free energy
  1   -95.9499
  2   -95.9358     0.0283
  3   -95.8164     0.2393
  4   -95.9501     0.3164
  5   -96.0355     0.2987
  6   -96.0516     0.2460
  7   -96.0566     0.2082
  8   -96.0504     0.1807
  9   -96.0066     0.1819
 10   -95.9921     0.1652
 11   -95.9989     0.1501
 12   -96.0349     0.1547
 13   -96.0127     0.1490
 14   -95.9810     0.1518
 15   -95.9979     0.1453
 16   -95.9900     0.1369
 17   -95.9818     0.1296
 18   -95.9550     0.1334
 19   -95.9477     0.1270
 20   -95.9382     0.1220
 21   -95.9170     0.1236
 22   -95.9175     0.1178
 23   -95.8763     0.1396
 24   -95.8816     0.1340
 25   -95.8592     0.1362
 26   -95.8725     0.1335
 27   -95.8803     0.1294
 28   -95.8984     0.1299
 29   -95.8935     0.1257
 30   -95.8778     0.1254
 31   -95.8678     0.1230
 32   -95.8653     0.1192
 33   -95.8628     0.1156
 34   -95.8541     0.1135
 35   -95.8454     0.1116
 36   -95.8501     0.1088
 37   -95.8590     0.1073
 38   -95.8529     0.1052
 39   -95.8634     0.1046
 40   -95.8662     0.1021
 41   -95.8681     0.0996
 42   -95.8763     0.0986
 43   -95.8677     0.0978
 44   -95.8618     0.0963
 45   -95.8673     0.0947
 46   -95.8572     0.0948
 47   -95.8633     0.0935
 48   -95.8545     0.0932
 49   -95.8340     0.1001
 50   -95.8423     0.0995
 
 Mesh error is    0.061 kcal/mol
