 ERmod 0.3.8, Copyright (C) 2000-2019 Nobuyuki Matubayasi
                            2010-2019 Shun Sakuraba
 ERmod comes with ABSOLUTELY NO WARRANTY.
 This is free software, and you can redistribute it
 and/or modify it under certain conditions.
 See LICENSE file for details.
 ERmod 0.3.8, Copyright (C) 2000-2019 Nobuyuki Matubayasi
                            2010-2019 Shun Sakuraba
 ERmod comes with ABSOLUTELY NO WARRANTY.
 This is free software, and you can redistribute it
 and/or modify it under certain conditions.
 See LICENSE file for details.
 
  Number of the   1-th solvent  =          378
  Number of the   2-th solvent  =        10000
 
  Be sure that the solvent distribution is homogeneous (radial distribution function is essentially unity) when the solvent molecule is separated beyond distance of   10.0 Angstrom in any direction from any atom within the solute molecule
 
  LJ long-range correction    =        -1.1319     -7.1533
 
  Self-energy of the solute   =         0.0001  kcal/mol
 
 
 cumulative average & 95% error for solvation energy
              total             1st component         2nd component
  1  -473.6635              -87.7228             -385.9407
  2  -474.3094     1.2918   -82.0030    11.4397  -392.3065    12.7315
  3  -474.6476     1.0069   -70.0197    24.8599  -404.6280    25.7159
  4  -474.6204     0.7141   -63.3769    22.0345  -411.2437    22.4883
  5  -474.3305     0.8013   -66.7646    18.3635  -407.5660    18.9085
  6  -474.4462     0.6939   -68.5093    15.3944  -405.9371    15.7788
  7  -474.4826     0.5910   -72.5673    15.3345  -401.9155    15.5733
  8  -474.4534     0.5152   -70.2887    14.0403  -404.1648    14.2174
  9  -474.6207     0.5643   -68.3437    12.9790  -406.2772    13.2312
 10  -474.6611     0.5112   -67.6553    11.6901  -407.0059    11.9237
 11  -474.6151     0.4714   -68.9745    10.8983  -405.6407    11.1256
 12  -474.2338     0.8756   -69.6158    10.0311  -404.6181    10.3601
 13  -474.0027     0.9286   -71.0427     9.6585  -402.9601    10.0904
 14  -474.0193     0.8604   -71.0305     8.9420  -402.9889     9.3421
 15  -474.1902     0.8709   -72.5927     8.8916  -401.5976     9.1313
 16  -474.2148     0.8161   -73.4156     8.4786  -400.7993     8.6895
 17  -474.3168     0.7933   -73.6461     7.9776  -400.6709     8.1664
 18  -474.3707     0.7557   -71.6469     8.5181  -402.7240     8.7259
 19  -474.4940     0.7561   -71.6392     8.0573  -402.8550     8.2580
 20  -474.6323     0.7688   -71.4652     7.6518  -403.1673     7.8591
 21  -474.6127     0.7323   -71.5898     7.2825  -403.0231     7.4811
 22  -474.6231     0.6985   -70.5955     7.2228  -404.0278     7.4105
 23  -474.5711     0.6755   -69.3622     7.3291  -405.2090     7.4647
 24  -474.5540     0.6477   -68.9391     7.0679  -405.6151     7.1929
 25  -474.6110     0.6316   -68.6970     6.7966  -405.9140     6.9250
 26  -474.6227     0.6073   -69.7475     6.8596  -404.8753     6.9701
 27  -474.5698     0.5938   -70.1546     6.6507  -404.4153     6.7698
 28  -474.6611     0.6007   -70.1651     6.4088  -404.4961     6.5256
 29  -474.5956     0.5942   -70.2443     6.1859  -404.3515     6.3032
 30  -474.5615     0.5781   -70.0055     5.9952  -404.5561     6.1032
 31  -474.5416     0.5605   -69.9521     5.7995  -404.5896     5.9034
 32  -474.5501     0.5430   -69.5293     5.6787  -405.0209     5.7807
 33  -474.5701     0.5278   -70.0484     5.6009  -404.5219     5.6909
 34  -474.5574     0.5127   -69.8339     5.4506  -404.7236     5.5357
 35  -474.5628     0.4980   -69.3437     5.3826  -405.2193     5.4659
 36  -474.5482     0.4848   -68.8683     5.3167  -405.6799     5.3912
 37  -474.6549     0.5176   -68.5334     5.2142  -406.1216     5.3173
 38  -474.7545     0.5418   -68.4477     5.0780  -406.3069     5.1888
 39  -474.6842     0.5461   -69.0122     5.0733  -405.6722     5.2110
 40  -474.6578     0.5349   -69.5815     5.0742  -405.0764     5.2169
 41  -474.7612     0.5612   -69.9991     5.0189  -404.7623     5.1267
 42  -474.8467     0.5737   -70.4349     4.9749  -404.4119     5.0520
 43  -474.8530     0.5604   -70.4251     4.8579  -404.4280     4.9332
 44  -474.8433     0.5478   -70.1343     4.7817  -404.7092     4.8525
 45  -474.8752     0.5393   -69.8484     4.7090  -405.0269     4.7858
 46  -474.9173     0.5341   -69.8583     4.6056  -405.0591     4.6810
 47  -474.9571     0.5286   -70.4756     4.6726  -404.4816     4.7237
 48  -475.0023     0.5253   -71.2629     4.8376  -403.7395     4.8566
 49  -475.0473     0.5223   -71.4589     4.7541  -403.5885     4.7661
 50  -475.0819     0.5164   -71.5358     4.6606  -403.5461     4.6705
 
 
 group  inft  solvation free energy     error          difference
  total solvation free energy
   1      0       -100.63245           0.28779           0.08629
   1     60       -101.52301           0.28723          -0.80428
   1     80       -105.16378           0.28464          -4.44505
   1    100       -114.13582           0.28550         -13.41709
   2      0       -100.68385           0.28892           0.03489
   3      0       -100.71874           0.29002           0.00000
   4      0       -100.65928           0.29096           0.05945
   5      0       -100.78636           0.28920          -0.06763
   5     60       -101.90463           0.28823          -1.18589
   5     80       -106.15471           0.28561          -5.43597
   5    100       -114.34168           0.28628         -13.62294
 
  contribution from  1-th solvent component
   1      0        -25.68181           1.83207           0.01701
   1     60        -25.71512           1.83213          -0.01630
   1     80        -25.86485           1.83241          -0.16603
   1    100        -26.29343           1.83265          -0.59460
   2      0        -25.69052           1.83088           0.00831
   3      0        -25.69883           1.83027           0.00000
   4      0        -25.70467           1.82942          -0.00584
   5      0        -25.70414           1.82923          -0.00531
   5     60        -25.74613           1.82931          -0.04731
   5     80        -25.92591           1.82963          -0.22708
   5    100        -26.31963           1.82971          -0.62080
 
  contribution from  2-th solvent component
   1      0        -74.95077           1.97824           0.06928
   1     60        -75.80803           1.97732          -0.78798
   1     80        -79.29907           1.97290          -4.27902
   1    100        -87.84253           1.97085         -12.82249
   2      0        -74.99347           1.97763           0.02658
   3      0        -75.02005           1.97794           0.00000
   4      0        -74.95475           1.97635           0.06530
   5      0        -75.08236           1.97382          -0.06231
   5     60        -76.15863           1.97213          -1.13858
   5     80        -80.22894           1.96701          -5.20889
   5    100        -88.02219           1.96442         -13.00214
 
 
 group  inft   Estimated free energy: total (kcal/mol)
   1      0     -99.9449    -101.0685    -101.4116    -101.0388    -100.0636
               -100.4412     -99.9123    -100.3975    -101.8715    -101.0137
               -100.1676     -98.5038     -98.0272     -99.8644    -100.1321
                -99.3865    -100.6268    -101.5338    -101.5003    -101.7460
               -100.1013    -100.9419    -100.9722    -100.3620    -101.6959
                -99.6002     -99.9513    -101.5411     -99.7679    -100.1538
               -100.2895    -101.2251     -99.8213    -101.0094    -101.0543
               -100.1309    -102.4777    -102.1891     -98.0781     -98.8117
               -101.9702    -101.9840    -100.8037    -100.9003    -101.8791
               -101.5729    -100.5419    -100.3219    -101.6112    -101.2102
   1     60    -100.8468    -101.9628    -102.2970    -101.9212    -100.9542
               -101.3268    -100.8109    -101.2894    -102.7572    -101.9066
               -101.0658     -99.4010     -98.9273    -100.7552    -101.0267
               -100.2704    -101.5226    -102.4156    -102.3859    -102.6368
               -100.9874    -101.8257    -101.8537    -101.2510    -102.5888
               -100.4964    -100.8419    -102.4366    -100.6600    -101.0426
               -101.1877    -102.1143    -100.7200    -101.8951    -101.9420
               -101.0106    -103.3631    -103.0792     -98.9677     -99.7065
               -102.8616    -102.8749    -101.6888    -101.7898    -102.7689
               -102.4654    -101.4384    -101.2152    -102.5021    -102.0950
   1     80    -104.4952    -105.5792    -105.9042    -105.5282    -104.5855
               -104.9603    -104.4742    -104.9255    -106.3663    -105.5412
               -104.7067    -103.0414    -102.5967    -104.4064    -104.7057
               -103.9472    -105.1832    -106.0225    -106.0150    -106.2787
               -104.6513    -105.4455    -105.4550    -104.8835    -106.2205
               -104.1482    -104.4648    -106.0779    -104.3042    -104.6701
               -104.8372    -105.7366    -104.3745    -105.5117    -105.5664
               -104.6450    -107.0055    -106.7241    -102.6416    -103.3804
               -106.5239    -106.5320    -105.3199    -105.4115    -106.3948
               -106.1099    -105.1044    -104.8875    -106.1541    -105.7441
   1    100    -113.4772    -114.5423    -114.8682    -114.4883    -113.5493
               -113.9232    -113.4481    -113.8931    -115.3260    -114.5062
               -113.6855    -111.9927    -111.5668    -113.3602    -113.7312
               -112.9578    -114.1854    -114.9748    -114.9781    -115.2593
               -113.6294    -114.3965    -114.3961    -113.8558    -115.1995
               -113.0941    -113.4044    -115.0736    -113.2911    -113.6182
               -113.8280    -114.7017    -113.3537    -114.4631    -114.5387
               -113.5998    -115.9961    -115.7043    -111.5843    -112.3702
               -115.5363    -115.5153    -114.2662    -114.3615    -115.3675
               -115.0825    -114.1056    -113.8885    -115.1341    -114.7220
   2      0    -100.0267    -101.0796    -101.4984    -101.0510    -100.1095
               -100.5225     -99.9808    -100.4342    -101.9307    -101.0833
               -100.2085     -98.5444     -98.0770     -99.9333    -100.1501
                -99.4657    -100.7333    -101.5652    -101.5775    -101.8901
               -100.1616    -101.0073    -101.0085    -100.3626    -101.7422
                -99.6655    -100.0265    -101.5343     -99.7516    -100.2161
               -100.3298    -101.2590     -99.8157    -101.0177    -101.0439
               -100.2408    -102.5621    -102.2623     -98.1430     -98.8655
               -102.0153    -102.0770    -100.9204    -100.9727    -101.9171
               -101.6115    -100.5540    -100.2939    -101.6729    -101.2798
   3      0     -99.9891    -101.0746    -101.5484    -101.0506    -100.1254
               -100.5785    -100.0151    -100.4531    -101.9446    -101.1992
               -100.2606     -98.5799     -98.0891     -99.9645    -100.1073
                -99.4936    -100.7373    -101.5852    -101.6041    -101.8634
               -100.1658    -101.0583    -101.0629    -100.4083    -101.8418
                -99.6919    -100.0434    -101.6346     -99.7816    -100.2370
               -100.4008    -101.3169     -99.8691    -101.0450    -101.1437
               -100.2139    -102.5758    -102.2974     -98.2388     -98.8847
               -102.0742    -102.1147    -100.9665    -101.0070    -101.9669
               -101.6917    -100.5764    -100.3718    -101.7016    -101.2905
   4      0    -100.0286    -101.1211    -101.4853    -100.9986    -100.0505
               -100.5188    -100.0040    -100.4433    -101.9435    -101.0904
               -100.2041     -98.5191     -98.0253     -99.9148    -100.0840
                -99.4304    -100.6603    -101.5254    -101.5851    -101.8894
               -100.0808    -101.0203    -100.9839    -100.3061    -101.7292
                -99.6625    -100.0207    -101.5023     -99.7370    -100.2273
               -100.2748    -101.1989     -99.8195    -100.9902    -100.9929
               -100.1860    -102.5340    -102.2358     -98.0576     -98.8133
               -101.9611    -102.0807    -100.9182    -100.9374    -101.8944
               -101.6019    -100.5363    -100.2665    -101.6558    -101.2166
   5      0    -100.1077    -101.1403    -101.6234    -101.0619    -100.1520
               -100.7029    -100.1169    -100.5185    -101.9845    -101.2426
               -100.3419     -98.6336     -98.1534    -100.0169    -100.2299
                -99.6044    -100.7929    -101.6533    -101.6755    -101.8966
               -100.2470    -101.1354    -101.1082    -100.4939    -101.8473
                -99.7615    -100.0836    -101.6347     -99.8210    -100.3672
               -100.4032    -101.3431     -99.9498    -101.1238    -101.1723
               -100.3394    -102.6533    -102.3927     -98.2349     -99.0083
               -102.1279    -102.2483    -101.0586    -101.0630    -101.9947
               -101.8018    -100.6518    -100.4780    -101.7878    -101.3365
   5     60    -101.2346    -102.2555    -102.7315    -102.1676    -101.2686
               -101.8185    -101.2439    -101.6327    -103.0945    -102.3602
               -101.4647     -99.7570     -99.2808    -101.1349    -101.3602
               -100.7272    -101.9184    -102.7573    -102.7909    -103.0130
               -101.3683    -102.2426    -102.2139    -101.6102    -102.9652
               -100.8868    -101.1993    -102.7551    -100.9422    -101.4831
               -101.5272    -102.4559    -101.0736    -102.2343    -102.2848
               -101.4489    -103.7677    -103.5109     -99.3638    -100.1364
               -103.2535    -103.3714    -102.1726    -102.1748    -103.1072
               -102.9209    -101.7807    -101.6075    -102.9076    -102.4531
   5     80    -105.4942    -106.4803    -106.9478    -106.3777    -105.5055
               -106.0680    -105.5114    -105.8709    -107.3100    -106.6052
               -105.7207    -104.0061    -103.5565    -105.3914    -105.6580
               -105.0299    -106.1993    -106.9645    -107.0284    -107.2580
               -105.6313    -106.4637    -106.4236    -105.8544    -107.2057
               -105.1436    -105.4250    -107.0085    -105.1991    -105.7183
               -105.7900    -106.6833    -105.3304    -106.4515    -106.5159
               -105.6928    -108.0248    -107.7671    -103.6513    -104.4246
               -107.5375    -107.6378    -106.4126    -106.3990    -107.3360
               -107.1721    -106.0693    -105.8961    -107.1678    -106.7184
   5    100    -113.6867    -114.6496    -115.1253    -114.5515    -113.6799
               -114.2454    -113.7046    -114.0490    -115.4841    -114.7887
               -113.9140    -112.1736    -111.7327    -113.5693    -113.8880
               -113.2629    -114.4122    -115.1277    -115.2153    -115.4473
               -113.8304    -114.6296    -114.5823    -114.0431    -115.3983
               -113.3082    -113.5830    -115.2080    -113.3918    -113.8813
               -113.9866    -114.8646    -113.5165    -114.6120    -114.6932
               -113.8586    -116.2297    -115.9635    -111.8394    -112.6243
               -115.7711    -115.8459    -114.5904    -114.5614    -115.5188
               -115.3622    -114.2938    -114.1095    -115.3662    -114.9125
 
 group  inft   Estimated free energy: 1-th solvent contribution (kcal/mol)
   1      0     -32.3167     -27.8843     -15.8436     -14.6966     -29.6862
                -28.5212     -35.8974     -18.8075     -18.4394     -21.5514
                -30.0670     -27.3250     -31.5438     -24.8931     -34.3689
                -31.0495     -27.8613     -12.1772     -26.1183     -24.4985
                -26.4752     -16.9834     -14.0397     -20.9992     -22.4014
                -34.9563     -29.5851     -25.3357     -25.8956     -22.2121
                -24.0440     -19.8754     -31.9849     -22.5906     -18.3690
                -17.6563     -19.4276     -23.0326     -32.1612     -33.2991
                -31.9781     -32.7445     -25.5294     -20.1642     -20.3994
                -25.0355     -36.1493     -40.1871     -29.5970     -27.4348
   1     60     -32.3506     -27.9180     -15.8766     -14.7301     -29.7200
                -28.5543     -35.9311     -18.8411     -18.4725     -21.5842
                -30.1008     -27.3583     -31.5774     -24.9266     -34.4028
                -31.0831     -27.8946     -12.2102     -26.1515     -24.5315
                -26.5079     -17.0159     -14.0728     -21.0325     -22.4349
                -34.9901     -29.6189     -25.3693     -25.9291     -22.2448
                -24.0769     -19.9087     -32.0187     -22.6238     -18.4017
                -17.6889     -19.4608     -23.0655     -32.1946     -33.3322
                -32.0106     -32.7782     -25.5626     -20.1969     -20.4327
                -25.0692     -36.1831     -40.2206     -29.6309     -27.4681
   1     80     -32.5017     -28.0680     -16.0245     -14.8803     -29.8710
                -28.7036     -36.0820     -18.9917     -18.6211     -21.7315
                -30.2514     -27.5072     -31.7281     -25.0776     -34.5554
                -31.2357     -28.0444     -12.3588     -26.3010     -24.6802
                -26.6567     -17.1626     -14.2211     -21.1820     -22.5847
                -35.1417     -29.7703     -25.5199     -26.0792     -22.3919
                -24.2246     -20.0580     -32.1699     -22.7729     -18.5487
                -17.8367     -19.6110     -23.2140     -32.3458     -33.4818
                -32.1577     -32.9298     -25.7119     -20.3438     -20.5822
                -25.2207     -36.3350     -40.3716     -29.7835     -27.6182
   1    100     -32.9326     -28.4960     -16.4525     -15.3094     -30.2996
                -29.1318     -36.5114     -19.4212     -19.0481     -22.1567
                -30.6810     -27.9333     -32.1563     -25.5079     -34.9873
                -31.6690     -28.4750     -12.7865     -26.7296     -25.1061
                -27.0831     -17.5872     -14.6476     -21.6111     -23.0151
                -35.5690     -30.1988     -25.9507     -26.5100     -22.8167
                -24.6513     -20.4862     -32.5994     -23.2006     -18.9740
                -18.2632     -20.0434     -23.6422     -32.7740     -33.9098
                -32.5856     -33.3602     -26.1388     -20.7692     -21.0115
                -25.6514     -36.7650     -40.8019     -30.2155     -28.0473
   2      0     -32.3302     -27.9009     -15.8518     -14.6990     -29.6895
                -28.5316     -35.9133     -18.8164     -18.4611     -21.5833
                -30.0823     -27.3473     -31.5563     -24.8843     -34.3238
                -31.0150     -27.8674     -12.1977     -26.1284     -24.5406
                -26.4645     -17.0015     -14.0760     -20.9927     -22.4178
                -34.9949     -29.6072     -25.3527     -25.8867     -22.2081
                -24.0776     -19.8666     -31.9960     -22.5974     -18.3864
                -17.6586     -19.4111     -23.0548     -32.1485     -33.2889
                -31.9818     -32.7447     -25.5307     -20.2044     -20.4252
                -25.0456     -36.1750     -40.1824     -29.5993     -27.4283
   3      0     -32.3427     -27.8975     -15.8611     -14.6928     -29.6866
                -28.5461     -35.9208     -18.8211     -18.4665     -21.5972
                -30.0869     -27.3598     -31.5661     -24.8977     -34.3184
                -31.0101     -27.8660     -12.2131     -26.1348     -24.5522
                -26.4812     -17.0099     -14.0834     -21.0068     -22.4329
                -34.9892     -29.6096     -25.3575     -25.9022     -22.2323
                -24.0831     -19.8738     -32.0096     -22.6063     -18.4119
                -17.6682     -19.4246     -23.0529     -32.1574     -33.3048
                -32.0105     -32.7599     -25.5536     -20.2218     -20.4133
                -25.0650     -36.1517     -40.1834     -29.5993     -27.4478
   4      0     -32.3442     -27.9069     -15.8742     -14.6923     -29.6847
                -28.5360     -35.9174     -18.8235     -18.4907     -21.6066
                -30.0964     -27.3537     -31.5655     -24.9151     -34.3154
                -31.0148     -27.8827     -12.2239     -26.1544     -24.5683
                -26.4886     -17.0402     -14.0885     -21.0026     -22.4377
                -35.0036     -29.6205     -25.3688     -25.9117     -22.2470
                -24.0898     -19.8825     -32.0146     -22.6225     -18.4084
                -17.6780     -19.4129     -23.0719     -32.1516     -33.3040
                -32.0049     -32.7577     -25.5612     -20.2092     -20.4392
                -25.0687     -36.1715     -40.1715     -29.5970     -27.4401
   5      0     -32.3370     -27.8985     -15.8732     -14.6930     -29.6901
                -28.5440     -35.9350     -18.8119     -18.4667     -21.6070
                -30.0975     -27.3809     -31.5757     -24.9134     -34.3154
                -31.0061     -27.8611     -12.2292     -26.1515     -24.5483
                -26.5000     -17.0332     -14.0942     -20.9981     -22.4462
                -34.9975     -29.6107     -25.3705     -25.9173     -22.2477
                -24.0844     -19.8916     -32.0142     -22.6165     -18.4248
                -17.6768     -19.4206     -23.0662     -32.1412     -33.3020
                -31.9951     -32.7628     -25.5530     -20.2323     -20.4327
                -25.0761     -36.1531     -40.1788     -29.5810     -27.4530
   5     60     -32.3795     -27.9409     -15.9146     -14.7354     -29.7326
                -28.5857     -35.9774     -18.8541     -18.5083     -21.6482
                -30.1399     -27.4228     -31.6180     -24.9556     -34.3583
                -31.0488     -27.9031     -12.2708     -26.1934     -24.5900
                -26.5415     -17.0742     -14.1358     -21.0401     -22.4883
                -35.0402     -29.6533     -25.4127     -25.9593     -22.2891
                -24.1258     -19.9336     -32.0565     -22.6583     -18.4659
                -17.7182     -19.4625     -23.1078     -32.1836     -33.3438
                -32.0362     -32.8053     -25.5948     -20.2734     -20.4746
                -25.1187     -36.1960     -40.2211     -29.6237     -27.4951
   5     80     -32.5602     -28.1211     -16.0919     -14.9162     -29.9136
                -28.7651     -36.1583     -19.0346     -18.6867     -21.8252
                -30.3203     -27.6014     -31.7987     -25.1367     -34.5416
                -31.2323     -28.0835     -12.4494     -26.3724     -24.7685
                -26.7199     -17.2504     -14.3140     -21.2199     -22.6681
                -35.2218     -29.8342     -25.5933     -26.1393     -22.4662
                -24.3033     -20.1124     -32.2370     -22.8370     -18.6425
                -17.8966     -19.6430     -23.2868     -32.3654     -33.5235
                -32.2138     -32.9869     -25.7738     -20.4500     -20.6540
                -25.3007     -36.3792     -40.4025     -29.8060     -27.6760
   5    100     -32.9554     -28.5151     -16.4851     -15.3117     -30.3066
                -29.1573     -36.5523     -19.4294     -19.0793     -22.2168
                -30.7145     -27.9931     -32.1915     -25.5314     -34.9368
                -31.6292     -28.4774     -12.8438     -26.7655     -25.1611
                -27.1114     -17.6410     -14.7071     -21.6141     -23.0641
                -35.6152     -30.2279     -25.9888     -26.5343     -22.8571
                -24.6951     -20.5057     -32.6303     -23.2300     -19.0338
                -18.2890     -20.0390     -23.6807     -32.7589     -33.9155
                -32.6068     -33.3820     -26.1664     -20.8424     -21.0490
                -25.6975     -36.7753     -40.7966     -30.2027     -28.0705
 
 group  inft   Estimated free energy: 2-th solvent contribution (kcal/mol)
   1      0     -67.6283     -73.1844     -85.5681     -86.3423     -70.3775
                -71.9202     -64.0150     -81.5902     -83.4323     -79.4625
                -70.1008     -71.1790     -66.4835     -74.9714     -65.7633
                -68.3371     -72.7656     -89.3568     -75.3821     -77.2477
                -73.6262     -83.9586     -86.9326     -79.3629     -79.2946
                -64.6440     -70.3663     -76.2055     -73.8724     -77.9419
                -76.2457     -81.3499     -67.8365     -78.4190     -82.6854
                -82.4748     -83.0502     -79.1566     -65.9170     -65.5127
                -69.9922     -69.2396     -75.2745     -80.7363     -81.4799
                -76.5375     -64.3927     -60.1348     -72.0143     -73.7755
   1     60     -68.4963     -74.0450     -86.4205     -87.1912     -71.2343
                -72.7726     -64.8800     -82.4484     -84.2848     -80.3225
                -70.9652     -72.0429     -67.3500     -75.8287     -66.6241
                -69.1874     -73.6282     -90.2055     -76.2345     -78.1054
                -74.4796     -84.8099     -87.7811     -80.2187     -80.1540
                -65.5065     -71.2231     -77.0674     -74.7311     -78.7979
                -77.1109     -82.2057     -68.7015     -79.2715     -83.5405
                -83.3219     -83.9025     -80.0138     -66.7733     -66.3744
                -70.8512     -70.0968     -76.1263     -81.5931     -82.3363
                -77.3963     -65.2554     -60.9947     -72.8713     -74.6270
   1     80     -71.9936     -77.5113     -89.8799     -90.6480     -74.7147
                -76.2568     -68.3923     -85.9339     -87.7454     -83.8099
                -74.4554     -75.5343     -70.8687     -79.3290     -70.1505
                -72.7117     -77.1390     -93.6639     -79.7141     -81.5986
                -77.9948     -88.2830     -91.2341     -83.7016     -83.6359
                -69.0067     -74.6947     -80.5581     -78.2251     -82.2783
                -80.6128     -85.6788     -72.2048     -82.7389     -87.0178
                -86.8085     -87.3945     -83.5102     -70.2960     -69.8987
                -74.3663     -73.6024     -79.6081     -85.0678     -85.8128
                -80.8894     -68.7695     -64.5160     -76.3707     -78.1261
   1    100     -80.5447     -86.0465     -98.4159     -99.1790     -83.2498
                -84.7916     -76.9368     -94.4720     -96.2780     -92.3496
                -83.0046     -84.0595     -79.4106     -87.8524     -78.7440
                -81.2889     -85.7105    -102.1885     -88.2486     -90.1533
                -86.5465     -96.8094     -99.7486     -92.2448     -92.1845
                -77.5253     -83.2057     -89.1230     -86.7812     -90.8016
                -89.1768     -94.2156     -80.7545     -91.2625     -95.5648
                -95.3367     -95.9528     -92.0622     -78.8104     -78.4605
                -82.9509     -82.1552     -88.1275     -93.5924     -94.3561
                -89.4312     -77.3408     -73.0867     -84.9187     -86.6749
   2      0     -67.6967     -73.1789     -85.6467     -86.3522     -70.4201
                -71.9911     -64.0676     -81.6179     -83.4697     -79.5001
                -70.1263     -71.1973     -66.5208     -75.0491     -65.8264
                -68.4508     -72.8661     -89.3676     -75.4492     -77.3496
                -73.6972     -84.0060     -86.9327     -79.3700     -79.3246
                -64.6707     -70.4194     -76.1818     -73.8650     -78.0082
                -76.2523     -81.3925     -67.8198     -78.4205     -82.6576
                -82.5824     -83.1512     -79.2076     -65.9947     -65.5767
                -70.0337     -69.3325     -75.3898     -80.7685     -81.4920
                -76.5660     -64.3791     -60.1116     -72.0737     -73.8516
   3      0     -67.6466     -73.1773     -85.6874     -86.3579     -70.4390
                -72.0325     -64.0945     -81.6321     -83.4781     -79.6021
                -70.1738     -71.2202     -66.5231     -75.0669     -65.7891
                -68.4836     -72.8715     -89.3722     -75.4694     -77.3113
                -73.6847     -84.0485     -86.9797     -79.4017     -79.4091
                -64.7029     -70.4340     -76.2773     -73.8796     -78.0049
                -76.3178     -81.4433     -67.8597     -78.4388     -82.7319
                -82.5458     -83.1513     -79.2447     -66.0815     -65.5801
                -70.0639     -69.3549     -75.4130     -80.7853     -81.5538
                -76.6268     -64.4248     -60.1886     -72.1025     -73.8428
   4      0     -67.6845     -73.2143     -85.6113     -86.3064     -70.3660
                -71.9830     -64.0867     -81.6199     -83.4530     -79.4838
                -70.1078     -71.1655     -66.4600     -74.9999     -65.7687
                -68.4157     -72.7778     -89.3017     -75.4308     -77.3213
                -73.5924     -83.9802     -86.8955     -79.3036     -79.2917
                -64.6590     -70.4003     -76.1336     -73.8254     -77.9804
                -76.1851     -81.3165     -67.8050     -78.3678     -82.5847
                -82.5080     -83.1213     -79.1640     -65.9062     -65.5095
                -69.9564     -69.3231     -75.3571     -80.7284     -81.4553
                -76.5333     -64.3650     -60.0952     -72.0589     -73.7766
   5      0     -67.7709     -73.2419     -85.7503     -86.3690     -70.4621
                -72.1591     -64.1820     -81.7067     -83.5180     -79.6358
                -70.2445     -71.2529     -66.5778     -75.1036     -65.9146
                -68.5984     -72.9319     -89.4242     -75.5241     -77.3485
                -73.7472     -84.1023     -87.0142     -79.4960     -79.4012
                -64.7641     -70.4730     -76.2644     -73.9038     -78.1197
                -76.3189     -81.4516     -67.9357     -78.5075     -82.7476
                -82.6628     -83.2328     -79.3266     -66.0939     -65.7065
                -70.1329     -69.4857     -75.5057     -80.8309     -81.5622
                -76.7258     -64.4989     -60.2993     -72.2069     -73.8836
   5     60     -68.8553     -74.3147     -86.8171     -87.4323     -71.5362
                -73.2329     -65.2666     -82.7787     -84.5863     -80.7122
                -71.3250     -72.3344     -67.6629     -76.1794     -67.0021
                -69.6785     -74.0154     -90.4866     -76.5977     -78.4232
                -74.8269     -85.1685     -88.0782     -80.5702     -80.4770
                -65.8468     -71.5461     -77.3425     -74.9830     -79.1942
                -77.4015     -82.5225     -69.0172     -79.5762     -83.8190
                -83.7309     -84.3054     -80.4032     -67.1803     -66.7927
                -71.2174     -70.5662     -76.5779     -81.9016     -82.6326
                -77.8023     -65.5849     -61.3865     -73.2840     -74.9582
   5     80     -72.9341     -78.3594     -90.8561     -91.4616     -75.5921
                -77.3030     -69.3533     -86.8364     -88.6235     -84.7801
                -75.4005     -76.4049     -71.7579     -80.2549     -71.1165
                -73.7978     -78.1160     -94.5152     -80.6561     -82.4897
                -78.9115     -89.2134     -92.1097     -84.6346     -84.5378
                -69.9219     -75.5910     -81.4153     -79.0599     -83.2522
                -81.4868     -86.5711     -73.0935     -83.6146     -87.8736
                -87.7963     -88.3819     -84.4805     -71.2860     -70.9012
                -75.3238     -74.6510     -80.6389     -85.9491     -86.6821
                -81.8715     -69.6902     -65.4938     -77.3620     -79.0425
   5    100     -80.7314     -86.1346     -98.6403     -99.2399     -83.3735
                -85.0883     -77.1524     -94.6197     -96.4050     -92.5720
                -83.1996     -84.1806     -79.5413     -88.0380     -78.9514
                -81.6338     -85.9349    -102.2840     -88.4500     -90.2863
                -86.7191     -96.9887     -99.8753     -92.4292     -92.3343
                -77.6931     -83.3552     -89.2193     -86.8576     -91.0243
                -89.2917     -94.3590     -80.8863     -91.3822     -95.6595
                -95.5697     -96.1908     -92.2830     -79.0807     -78.7090
                -83.1645     -82.4641     -88.4241     -93.7191     -94.4699
                -89.6649     -77.5186     -73.3131     -85.1637     -86.8421
 
 
 cumulative average & 95% error for solvation free energy
              total             1st component         2nd component
  1   -99.9891              -32.3427              -67.6466
  2  -100.5319     1.0855   -30.1201     4.4452   -70.4119     5.5307
  3  -100.8707     0.9230   -25.3671     9.8464   -75.5038    10.6726
  4  -100.9157     0.6589   -22.6985     8.7727   -78.2173     9.2954
  5  -100.7576     0.6003   -24.0961     7.3478   -76.6616     7.8437
  6  -100.7278     0.4938   -24.8378     6.1801   -75.8901     6.5876
  7  -100.6260     0.4643   -26.4211     6.1080   -74.2050     6.5081
  8  -100.6044     0.4044   -25.4711     5.6206   -75.1334     5.9342
  9  -100.7533     0.4647   -24.6928     5.1955   -76.0606     5.5523
 10  -100.7979     0.4251   -24.3832     4.6881   -76.4148     5.0164
 11  -100.7490     0.3967   -24.9018     4.3655   -75.8474     4.6772
 12  -100.5683     0.5117   -25.1066     4.0061   -75.4618     4.3388
 13  -100.3776     0.6058   -25.6035     3.8168   -74.7742     4.2214
 14  -100.3480     0.5640   -25.5531     3.5351   -74.7951     3.9084
 15  -100.3320     0.5260   -26.1374     3.4923   -74.1947     3.8316
 16  -100.2796     0.5031   -26.4420     3.3231   -73.8378     3.6545
 17  -100.3065     0.4756   -26.5257     3.1260   -73.7809     3.4347
 18  -100.3776     0.4704   -25.7306     3.3489   -74.6471     3.6725
 19  -100.4421     0.4633   -25.7519     3.1680   -74.6904     3.4749
 20  -100.5132     0.4619   -25.6919     3.0078   -74.8214     3.3070
 21  -100.4966     0.4406   -25.7295     2.8620   -74.7673     3.1475
 22  -100.5222     0.4232   -25.3331     2.8416   -75.1892     3.1174
 23  -100.5457     0.4071   -24.8440     2.8861   -75.7018     3.1502
 24  -100.5400     0.3900   -24.6841     2.7817   -75.8560     3.0318
 25  -100.5920     0.3883   -24.5941     2.6742   -75.9981     2.9219
 26  -100.5574     0.3794   -24.9939     2.6908   -75.5637     2.9387
 27  -100.5384     0.3671   -25.1648     2.6117   -75.3737     2.8531
 28  -100.5775     0.3623   -25.1717     2.5167   -75.4060     2.7501
 29  -100.5501     0.3538   -25.1969     2.4289   -75.3533     2.6557
 30  -100.5396     0.3425   -25.0981     2.3549   -75.4417     2.5717
 31  -100.5352     0.3314   -25.0653     2.2786   -75.4700     2.4880
 32  -100.5596     0.3245   -24.9031     2.2300   -75.6566     2.4378
 33  -100.5387     0.3173   -25.1185     2.2038   -75.4204     2.4095
 34  -100.5536     0.3093   -25.0446     2.1431   -75.5091     2.3443
 35  -100.5704     0.3022   -24.8551     2.1152   -75.7155     2.3135
 36  -100.5605     0.2944   -24.6554     2.0940   -75.9052     2.2801
 37  -100.6150     0.3063   -24.5141     2.0562   -76.1011     2.2519
 38  -100.6593     0.3110   -24.4756     2.0028   -76.1838     2.1981
 39  -100.5972     0.3274   -24.6726     1.9902   -75.9248     2.2028
 40  -100.5544     0.3304   -24.8884     1.9872   -75.6661     2.2084
 41  -100.5915     0.3306   -25.0621     1.9690   -75.5295     2.1712
 42  -100.6277     0.3307   -25.2454     1.9562   -75.3825     2.1391
 43  -100.6356     0.3233   -25.2525     1.9103   -75.3832     2.0888
 44  -100.6440     0.3163   -25.1382     1.8803   -75.5060     2.0555
 45  -100.6734     0.3148   -25.0332     1.8500   -75.6404     2.0272
 46  -100.6956     0.3110   -25.0339     1.8093   -75.6618     1.9831
 47  -100.6930     0.3044   -25.2704     1.8325   -75.4227     1.9985
 48  -100.6863     0.2983   -25.5811     1.8985   -75.1054     2.0568
 49  -100.7071     0.2950   -25.6631     1.8666   -75.0441     2.0181
 50  -100.7187     0.2900   -25.6988     1.8303   -75.0200     1.9779
 
 Mesh error is    0.086 kcal/mol
