 ERmod 0.3.8, Copyright (C) 2000-2019 Nobuyuki Matubayasi
                            2010-2019 Shun Sakuraba
 ERmod comes with ABSOLUTELY NO WARRANTY.
 This is free software, and you can redistribute it
 and/or modify it under certain conditions.
 See LICENSE file for details.
 
  Number of the   1-th solvent  =         1472
  Number of the   2-th solvent  =        10000
 
  Be sure that the solvent distribution is homogeneous (radial distribution function is essentially unity) when the solvent molecule is separated beyond distance of   10.0 Angstrom in any direction from any atom within the solute molecule
 
  LJ long-range correction    =        -3.5283     -5.7260
 
  Self-energy of the solute   =        -0.0066  kcal/mol
 
 
 cumulative average & 95% error for solvation energy
              total             1st component         2nd component
  1  -468.4629             -135.0388             -333.4175
  2  -468.6117     0.2976  -141.1670    12.2565  -327.4381    11.9589
  3  -468.3031     0.6407  -147.9325    15.2695  -320.3641    15.7429
  4  -468.7207     0.9500  -152.8221    14.5676  -315.8919    14.2801
  5  -467.3163     2.9036  -159.4274    17.3738  -307.8822    19.4672
  6  -466.6789     2.6917  -162.1326    15.1824  -304.5397    17.2435
  7  -466.3276     2.3810  -161.8220    12.8465  -304.4989    14.5736
  8  -466.8704     2.3303  -161.3340    11.1681  -305.5298    12.7884
  9  -467.3092     2.2347  -159.7777    10.3295  -307.5249    11.9634
 10  -467.1272     2.0316  -160.6521     9.4030  -306.4685    10.9070
 11  -466.5699     2.1492  -161.4590     8.6571  -305.1043    10.2360
 12  -466.7939     2.0124  -160.4833     8.1402  -306.3040     9.6473
 13  -466.6804     1.8650  -160.5520     7.4892  -306.1218     8.8817
 14  -466.3780     1.8296  -160.1726     6.9750  -306.1988     8.2243
 15  -466.3238     1.7067  -159.9639     6.5068  -306.3532     7.6627
 16  -466.1138     1.6508  -161.6104     6.9203  -304.4967     8.0724
 17  -465.9342     1.5917  -163.1339     7.1791  -302.7937     8.3126
 18  -465.8807     1.5045  -164.0709     7.0232  -301.8032     8.0836
 19  -465.0961     2.1184  -165.0530     6.9276  -300.0364     8.4234
 20  -464.8081     2.0906  -165.4397     6.6174  -299.3617     8.1042
 21  -464.5502     2.0543  -165.5838     6.3010  -298.9597     7.7505
 22  -464.3821     1.9874  -165.0808     6.0914  -299.2947     7.4201
 23  -464.3807     1.8990  -165.5201     5.8865  -298.8540     7.1447
 24  -464.3750     1.8182  -164.9576     5.7471  -299.4108     6.9306
 25  -464.4037     1.7449  -163.6970     6.0616  -300.7001     7.1302
 26  -464.5072     1.6892  -162.9140     6.0307  -301.5866     7.0762
 27  -464.5744     1.6310  -161.7175     6.2771  -302.8503     7.2630
 28  -464.5148     1.5762  -161.5332     6.0600  -302.9750     7.0033
 29  -464.3865     1.5423  -161.6194     5.8498  -302.7605     6.7711
 30  -464.1930     1.5395  -162.5461     5.9476  -301.6403     6.9145
 31  -464.2087     1.4893  -163.3619     5.9795  -300.8402     6.8765
 32  -464.2634     1.4462  -164.1324     5.9912  -300.1244     6.8103
 33  -464.2880     1.4025  -164.9152     6.0142  -299.3661     6.7727
 34  -464.4022     1.3797  -165.1047     5.8469  -299.2909     6.5722
 35  -464.4486     1.3429  -164.4898     5.8090  -299.9522     6.5173
 36  -464.5620     1.3246  -164.1590     5.6840  -300.3964     6.3957
 37  -464.6558     1.3019  -163.8580     5.5609  -300.7911     6.2703
 38  -464.6926     1.2693  -163.1493     5.5951  -301.5366     6.2826
 39  -464.7886     1.2512  -162.4678     5.6176  -302.3142     6.3138
 40  -464.8892     1.2360  -162.6084     5.4826  -302.2742     6.1545
 41  -464.9826     1.2198  -162.5040     5.3513  -302.4721     6.0155
 42  -465.1138     1.2190  -162.3078     5.2370  -302.7994     5.9070
 43  -465.2702     1.2307  -162.0083     5.1488  -303.2553     5.8396
 44  -465.3547     1.2143  -162.0057     5.0304  -303.3423     5.7080
 45  -465.3176     1.1893  -161.6848     4.9590  -303.6261     5.6085
 46  -465.3029     1.1635  -161.5447     4.8581  -303.7516     5.4909
 47  -465.2673     1.1407  -161.4469     4.7577  -303.8138     5.3743
 48  -465.2770     1.1169  -160.7142     4.8826  -304.5562     5.4666
 49  -465.3096     1.0958  -160.1787     4.9003  -305.1242     5.4731
 50  -465.2985     1.0739  -159.8018     4.8601  -305.4901     5.4122
 
 
 group  inft  solvation free energy     error          difference
  total solvation free energy
   1      0       -109.81616           0.55025           0.11902
   1     60       -111.52698           0.54908          -1.59180
   1     80       -116.18435           0.54833          -6.24917
   1    100       -124.31671           0.54980         -14.38153
   2      0       -109.88103           0.54584           0.05415
   3      0       -109.93518           0.54540           0.00000
   4      0       -109.97303           0.54518          -0.03785
   5      0       -110.02778           0.54645          -0.09260
   5     60       -112.11799           0.54478          -2.18281
   5     80       -117.25596           0.54479          -7.32078
   5    100       -124.58062           0.54638         -14.64544
 
  contribution from  1-th solvent component
   1      0        -56.16538           1.92157           0.03945
   1     60        -56.43015           1.92175          -0.22532
   1     80        -57.15449           1.92188          -0.94966
   1    100        -58.50485           1.92169          -2.30003
   2      0        -56.18265           1.92211           0.02217
   3      0        -56.20483           1.92246           0.00000
   4      0        -56.22421           1.92149          -0.01938
   5      0        -56.22823           1.92158          -0.02340
   5     60        -56.55163           1.92182          -0.34680
   5     80        -57.35636           1.92183          -1.15153
   5    100        -58.57710           1.92157          -2.37227
 
  contribution from  2-th solvent component
   1      0        -53.64416           2.25338           0.07957
   1     60        -55.09020           2.25201          -1.36648
   1     80        -59.02324           2.25036          -5.29952
   1    100        -65.80522           2.24927         -12.08150
   2      0        -53.69175           2.25012           0.03198
   3      0        -53.72372           2.24985          -0.00000
   4      0        -53.74220           2.24813          -0.01847
   5      0        -53.79292           2.24924          -0.06920
   5     60        -55.55973           2.24732          -1.83601
   5     80        -59.89298           2.24607          -6.16925
   5    100        -65.99689           2.24533         -12.27317
 
 
 group  inft   Estimated free energy: total (kcal/mol)
   1      0    -111.9289    -111.6366    -110.7989    -112.1024    -108.1930
               -109.4887    -110.1989    -112.5502    -112.4642    -110.4933
               -107.9323    -111.6553    -109.2424    -108.5265    -110.2411
               -108.3278    -107.8115    -109.6836    -103.3346    -106.3244
               -106.2669    -107.4567    -109.2421    -109.6824    -110.0911
               -110.8342    -110.6330    -108.3330    -106.4398    -105.6943
               -108.4179    -109.7005    -108.7766    -110.7801    -110.3368
               -111.8337    -110.8553    -110.3487    -111.2803    -111.1095
               -110.7982    -111.3674    -112.7309    -111.6401    -109.9878
               -110.6536    -109.9490    -110.8261    -111.3402    -110.4675
   1     60    -113.6279    -113.3360    -112.5110    -113.8112    -109.9109
               -111.2002    -111.9098    -114.2538    -114.1727    -112.2108
               -109.6469    -113.3569    -110.9606    -110.2316    -111.9504
               -110.0469    -109.5242    -111.3913    -105.0549    -108.0493
               -107.9815    -109.1726    -110.9517    -111.3991    -111.7967
               -112.5383    -112.3362    -110.0388    -108.1542    -107.4128
               -110.1418    -111.4243    -110.5007    -112.4932    -112.0476
               -113.5421    -112.5725    -112.0516    -112.9866    -112.8205
               -112.5141    -113.0816    -114.4374    -113.3486    -111.6913
               -112.3619    -111.6599    -112.5260    -113.0349    -112.1732
   1     80    -118.2702    -117.9799    -117.1843    -118.4698    -114.5633
               -115.8645    -116.5573    -118.8991    -118.8387    -116.8714
               -114.3032    -118.0080    -115.6177    -114.8626    -116.6028
               -114.7057    -114.1798    -116.0479    -109.7142    -112.7331
               -112.6514    -113.8292    -115.6069    -116.0709    -116.4472
               -117.1995    -116.9843    -114.6970    -112.8081    -112.0748
               -114.8094    -116.1138    -115.1771    -117.1590    -116.7025
               -118.1990    -117.2471    -116.6949    -117.6441    -117.4878
               -117.1798    -117.7551    -119.0904    -117.9976    -116.3403
               -117.0189    -116.3129    -117.1614    -117.6625    -116.8216
   1    100    -126.4186    -126.1064    -125.3438    -126.6188    -122.7016
               -124.0102    -124.6957    -127.0332    -127.0087    -125.0430
               -122.4258    -126.1133    -123.7304    -122.9576    -124.7539
               -122.8266    -122.2767    -124.1832    -117.8439    -120.8622
               -120.7674    -121.9432    -123.7395    -124.2190    -124.5680
               -125.3335    -125.1031    -122.8209    -120.9300    -120.1981
               -122.9346    -124.2782    -123.3422    -125.3135    -124.8436
               -126.3431    -125.3763    -124.8057    -125.7695    -125.6299
               -125.3063    -125.8854    -127.2181    -126.1269    -124.4665
               -125.1807    -124.4336    -125.2609    -125.7744    -124.9698
   2      0    -111.9579    -111.6277    -110.8493    -112.1659    -108.3141
               -109.5430    -110.2570    -112.6330    -112.5182    -110.5610
               -107.9719    -111.7476    -109.2730    -108.6015    -110.3401
               -108.4831    -107.8978    -109.7877    -103.4638    -106.4166
               -106.3601    -107.5380    -109.2787    -109.7034    -110.1548
               -110.9206    -110.6901    -108.4028    -106.5252    -105.7856
               -108.4714    -109.7947    -108.8590    -110.7958    -110.4218
               -111.8844    -110.9154    -110.4280    -111.3396    -111.1683
               -110.8194    -111.3570    -112.7794    -111.7148    -110.0207
               -110.7086    -110.0110    -110.8560    -111.3804    -110.5561
   3      0    -112.0007    -111.6695    -110.9072    -112.2109    -108.3294
               -109.5860    -110.2762    -112.6791    -112.5672    -110.6235
               -108.0480    -111.8181    -109.3338    -108.6888    -110.3914
               -108.4734    -107.8975    -109.8174    -103.4952    -106.4962
               -106.4104    -107.5892    -109.3494    -109.7346    -110.2449
               -110.9684    -110.7097    -108.4543    -106.5877    -105.8824
               -108.5665    -109.9059    -108.9509    -110.9040    -110.4640
               -111.9293    -110.9822    -110.4845    -111.3783    -111.1886
               -110.8753    -111.4277    -112.8134    -111.7625    -110.0618
               -110.7859    -110.0471    -110.9186    -111.4560    -110.6159
   4      0    -112.0218    -111.7128    -110.9512    -112.3053    -108.3893
               -109.6073    -110.3604    -112.7277    -112.5653    -110.6828
               -108.0512    -111.8799    -109.4238    -108.7103    -110.3888
               -108.5445    -107.9149    -109.8570    -103.4908    -106.5846
               -106.5006    -107.6125    -109.3849    -109.7535    -110.2661
               -111.0364    -110.7333    -108.4933    -106.6553    -105.9089
               -108.5865    -109.9289    -108.9387    -110.9658    -110.5197
               -111.9534    -111.0610    -110.4806    -111.4053    -111.2414
               -110.9250    -111.4610    -112.8130    -111.7602    -110.0578
               -110.8397    -110.1278    -110.9223    -111.4686    -110.6806
   5      0    -112.1300    -111.8205    -111.0135    -112.3710    -108.4364
               -109.6704    -110.4126    -112.7931    -112.6377    -110.7320
               -108.0612    -111.8885    -109.4514    -108.7914    -110.5033
               -108.5578    -107.9706    -109.9157    -103.5811    -106.5869
               -106.5537    -107.6489    -109.4158    -109.8256    -110.3457
               -111.0896    -110.7901    -108.5726    -106.6837    -105.9730
               -108.6613    -110.0034    -108.9860    -111.0051    -110.5629
               -112.0497    -111.0574    -110.4848    -111.4966    -111.2932
               -110.9636    -111.5327    -112.8714    -111.8139    -110.1101
               -110.9017    -110.1503    -111.0117    -111.5050    -110.7046
   5     60    -114.2030    -113.8935    -113.1041    -114.4589    -110.5358
               -111.7604    -112.5007    -114.8744    -114.7243    -112.8322
               -110.1576    -113.9682    -111.5489    -110.8749    -112.5912
               -110.6580    -110.0679    -112.0026    -105.6837    -108.6957
               -108.6523    -109.7452    -111.5031    -111.9179    -112.4283
               -113.1759    -112.8707    -110.6638    -108.7779    -108.0765
               -110.7680    -112.1133    -111.0931    -113.0986    -112.6494
               -114.1378    -113.1549    -112.5661    -113.5814    -113.3853
               -113.0592    -113.6276    -114.9546    -113.8969    -112.1925
               -112.9885    -112.2359    -113.0860    -113.5770    -112.7857
   5     80    -119.3300    -119.0213    -118.2595    -119.6006    -115.6698
               -116.9006    -117.6319    -120.0035    -119.8774    -117.9787
               -115.2854    -119.0998    -116.6799    -115.9850    -117.7250
               -115.7962    -115.1984    -117.1390    -110.8169    -113.8542
               -113.7985    -114.8757    -116.6389    -117.0631    -117.5640
               -118.3152    -118.0023    -115.8076    -113.9121    -113.2128
               -115.9149    -117.2802    -116.2514    -118.2448    -117.7858
               -119.2796    -118.3109    -117.6940    -118.7148    -118.5346
               -118.2020    -118.7885    -120.0920    -119.0308    -117.3216
               -118.1290    -117.3687    -118.1993    -118.6921    -117.9196
   5    100    -126.6658    -126.3416    -125.6121    -126.9432    -123.0012
               -124.2314    -124.9591    -127.3353    -127.2266    -125.3367
               -122.5964    -126.4094    -123.9873    -123.2839    -125.0647
               -123.1112    -122.4850    -124.4602    -118.1353    -121.1806
               -121.1154    -122.1767    -123.9647    -124.4009    -124.8857
               -125.6504    -125.3093    -123.1273    -121.2172    -120.5309
               -123.2334    -124.6347    -123.5982    -125.5843    -125.1127
               -126.6143    -125.6354    -125.0043    -126.0311    -125.8656
               -125.5199    -126.1135    -127.4179    -126.3535    -124.6431
               -125.4835    -124.6825    -125.4935    -126.0009    -125.2636
 
 group  inft   Estimated free energy: 1-th solvent contribution (kcal/mol)
   1      0     -47.0469     -51.8296     -57.5276     -60.0439     -66.8245
                -62.9242     -56.6173     -56.2605     -51.8904     -59.9947
                -59.4487     -52.6319     -56.5964     -54.0517     -55.3362
                -66.6518     -66.0836     -64.2970     -64.3055     -60.2737
                -59.4554     -52.9559     -62.7956     -53.0952     -45.2532
                -49.7150     -44.1179     -54.7734     -56.6681     -67.5101
                -66.9795     -67.5547     -68.1671     -60.9754     -49.3682
                -53.7057     -53.1174     -46.5200     -46.7424     -59.8529
                -55.2696     -53.6632     -52.3098     -57.4217     -51.5165
                -55.1169     -55.0989     -42.5193     -46.1035     -49.2904
   1     60     -47.3075     -52.0932     -57.7925     -60.3089     -67.0888
                -63.1882     -56.8823     -56.5253     -52.1553     -60.2604
                -59.7115     -52.8956     -56.8628     -54.3166     -55.6014
                -66.9181     -66.3500     -64.5622     -64.5708     -60.5402
                -59.7190     -53.2216     -63.0597     -53.3592     -45.5170
                -49.9777     -44.3822     -55.0377     -56.9346     -67.7747
                -67.2463     -67.8216     -68.4324     -61.2410     -49.6331
                -53.9693     -53.3830     -46.7833     -47.0066     -60.1186
                -55.5378     -53.9300     -52.5746     -57.6858     -51.7802
                -55.3810     -55.3640     -42.7823     -46.3670     -49.5547
   1     80     -48.0240     -52.8174     -58.5194     -61.0345     -67.8087
                -63.9110     -57.6056     -57.2512     -52.8825     -60.9851
                -60.4293     -53.6200     -57.5889     -55.0394     -56.3265
                -67.6432     -67.0769     -65.2876     -65.2920     -61.2667
                -60.4404     -53.9460     -63.7827     -54.0817     -46.2398
                -50.6999     -45.1068     -55.7630     -57.6610     -68.4961
                -67.9727     -68.5509     -69.1561     -61.9678     -50.3572
                -54.6917     -54.1095     -47.5049     -47.7316     -60.8468
                -56.2701     -54.6612     -53.3000     -58.4084     -52.5036
                -56.1041     -56.0883     -43.5031     -47.0902     -50.2785
   1    100     -49.3721     -54.1684     -59.8755     -62.3871     -69.1554
                -65.2596     -58.9571     -58.6075     -54.2428     -62.3428
                -61.7723     -54.9694     -58.9403     -56.3854     -57.6816
                -68.9935     -68.4213     -66.6365     -66.6347     -62.6129
                -61.7807     -55.2931     -65.1318     -55.4321     -47.5885
                -52.0483     -46.4580     -57.1139     -59.0094     -69.8400
                -69.3221     -69.9056     -70.5069     -63.3222     -51.7085
                -56.0427     -55.4597     -48.8502     -49.0827     -62.2021
                -57.6273     -56.0187     -54.6506     -59.7543     -53.8544
                -57.4583     -57.4354     -44.8516     -48.4430     -51.6346
   2      0     -47.0649     -51.8082     -57.5538     -60.0277     -66.8503
                -62.9414     -56.6468     -56.2629     -51.9154     -60.0275
                -59.4503     -52.6445     -56.6179     -54.0675     -55.3656
                -66.7045     -66.1049     -64.3198     -64.3538     -60.2932
                -59.5172     -52.9766     -62.7850     -53.1276     -45.2833
                -49.7546     -44.1300     -54.8000     -56.6782     -67.5403
                -67.0017     -67.5587     -68.1743     -60.9710     -49.4076
                -53.7333     -53.1560     -46.5518     -46.7653     -59.8401
                -55.2469     -53.6502     -52.3150     -57.4613     -51.5195
                -55.1438     -55.1095     -42.5214     -46.0787     -49.3128
   3      0     -47.0830     -51.8310     -57.5769     -60.0624     -66.8681
                -62.9924     -56.6624     -56.2960     -51.9473     -60.0531
                -59.4829     -52.6688     -56.6208     -54.1080     -55.3783
                -66.7343     -66.1150     -64.3394     -64.3671     -60.3055
                -59.5200     -53.0044     -62.8125     -53.1360     -45.3043
                -49.7596     -44.1323     -54.8071     -56.6987     -67.5644
                -67.0361     -67.5819     -68.2078     -60.9815     -49.4249
                -53.7565     -53.1780     -46.5659     -46.7898     -59.8658
                -55.2708     -53.6644     -52.3429     -57.4794     -51.5501
                -55.1719     -55.1370     -42.5478     -46.1217     -49.3354
   4      0     -47.1046     -51.8558     -57.5970     -60.0826     -66.9030
                -62.9834     -56.6803     -56.3179     -51.9540     -60.0711
                -59.4862     -52.6842     -56.6591     -54.1210     -55.3782
                -66.7601     -66.1350     -64.3476     -64.3767     -60.3483
                -59.5505     -53.0240     -62.8212     -53.1694     -45.3129
                -49.8169     -44.1692     -54.8511     -56.7269     -67.5759
                -67.0406     -67.5835     -68.1991     -61.0168     -49.4520
                -53.7619     -53.1861     -46.6062     -46.8177     -59.8854
                -55.2980     -53.6848     -52.3325     -57.5020     -51.5566
                -55.1924     -55.1790     -42.5630     -46.1257     -49.3631
   5      0     -47.1119     -51.8604     -57.5986     -60.0988     -66.8859
                -62.9818     -56.6845     -56.3151     -51.9686     -60.0583
                -59.4996     -52.6915     -56.6468     -54.1104     -55.4219
                -66.7316     -66.1217     -64.3449     -64.3922     -60.3541
                -59.5446     -53.0270     -62.8231     -53.1650     -45.3317
                -49.8409     -44.1701     -54.8627     -56.7120     -67.5984
                -67.0637     -67.6024     -68.2105     -61.0142     -49.4651
                -53.7821     -53.1895     -46.5956     -46.8190     -59.9082
                -55.3174     -53.7012     -52.3332     -57.4942     -51.5518
                -55.2004     -55.1894     -42.5548     -46.1113     -49.3532
   5     60     -47.4301     -52.1821     -57.9221     -60.4223     -67.2088
                -63.3042     -57.0079     -56.6384     -52.2923     -60.3832
                -59.8207     -53.0137     -56.9720     -54.4337     -55.7457
                -67.0567     -66.4481     -64.6687     -64.7164     -60.6797
                -59.8676     -53.3513     -63.1453     -53.4871     -45.6537
                -50.1627     -44.4932     -55.1867     -57.0370     -67.9219
                -67.3894     -67.9285     -68.5344     -61.3385     -49.7884
                -54.1044     -53.5140     -46.9177     -47.1419     -60.2327
                -55.6445     -54.0269     -52.6563     -57.8166     -51.8741
                -55.5231     -55.5126     -42.8754     -46.4331     -49.6755
   5     80     -48.2274     -52.9872     -58.7297     -61.2284     -68.0087
                -64.1068     -57.8123     -57.4451     -53.1016     -61.1893
                -60.6170     -53.8186     -57.7778     -55.2363     -56.5514
                -67.8621     -67.2551     -65.4741     -65.5167     -61.4856
                -60.6695     -54.1550     -63.9481     -54.2895     -46.4574
                -50.9655     -45.2996     -55.9937     -57.8433     -68.7219
                -68.1956     -68.7367     -69.3380     -62.1452     -50.5940
                -54.9081     -54.3217     -47.7211     -47.9471     -61.0414
                -56.4569     -54.8396     -53.4627     -58.6209     -52.6775
                -56.3271     -56.3170     -43.6758     -47.2369     -50.4803
   5    100     -49.4462     -54.2080     -59.9555     -62.4504     -69.2266
                -65.3256     -59.0342     -58.6712     -54.3307     -62.4171
                -61.8304     -55.0394     -59.0002     -56.4539     -57.7764
                -69.0832     -68.4705     -66.6925     -66.7311     -62.7034
                -61.8842     -55.3715     -65.1670     -55.5121     -47.6781
                -52.1872     -46.5211     -57.2155     -59.0598     -69.9364
                -69.4151     -69.9593     -70.5575     -63.3679     -51.8157
                -56.1299     -55.5433     -48.9395     -49.1692     -62.2651
                -57.6823     -56.0653     -54.6836     -59.8388     -53.8982
                -57.5524     -57.5344     -44.8935     -48.4583     -51.7064
 
 group  inft   Estimated free energy: 2-th solvent contribution (kcal/mol)
   1      0     -64.8754     -59.8003     -53.2647     -52.0518     -41.3618
                -46.5579     -53.5750     -56.2830     -60.5672     -50.4920
                -48.4770     -59.0167     -52.6393     -54.4681     -54.8983
                -41.6694     -41.7213     -45.3800     -39.0224     -46.0441
                -46.8048     -54.4942     -46.4399     -56.5806     -64.8312
                -61.1125     -66.5085     -53.5529     -49.7651     -38.1776
                -41.4318     -42.1392     -40.6029     -49.7981     -60.9620
                -58.1214     -57.7312     -63.8220     -64.5313     -51.2499
                -55.5219     -57.6976     -60.4144     -54.2118     -58.4647
                -55.5301     -54.8435     -68.3001     -65.2302     -61.1704
   1     60     -66.3138     -61.2361     -54.7119     -53.4956     -42.8155
                -48.0054     -55.0209     -57.7219     -62.0108     -51.9438
                -49.9288     -60.4547     -54.0911     -55.9084     -56.3424
                -43.1222     -43.1675     -46.8225     -40.4775     -47.5025
                -48.2559     -55.9444     -47.8854     -58.0333     -66.2732
                -62.5540     -67.9474     -54.9945     -51.2130     -39.6315
                -42.8888     -43.5961     -42.0617     -51.2455     -62.4078
                -59.5662     -59.1829     -65.2616     -65.9733     -52.6953
                -56.9696     -59.1450     -61.8561     -55.6561     -59.9044
                -56.9743     -56.2893     -69.7371     -66.6612     -62.6118
   1     80     -70.2396     -65.1559     -58.6582     -57.4286     -46.7480
                -51.9468     -58.9451     -61.6413     -65.9496     -55.8796
                -53.8672     -64.3813     -58.0222     -59.8165     -60.2696
                -47.0558     -47.0962     -50.7536     -44.4156     -51.4597
                -52.2044     -59.8765     -51.8175     -61.9826     -70.2007
                -66.4929     -71.8709     -58.9274     -55.1404     -43.5721
                -46.8301     -47.5563     -46.0144     -55.1845     -66.3386
                -63.5006     -63.1310     -69.1834     -69.9059     -56.6344
                -60.9031     -63.0873     -65.7838     -59.5826     -63.8300
                -60.9081     -60.2180     -73.6516     -70.5656     -66.5365
   1    100     -77.0399     -71.9314     -65.4616     -64.2250     -53.5396
                -58.7440     -65.7319     -68.4190     -72.7593     -62.6936
                -60.6469     -71.1373     -64.7834     -66.5656     -67.0657
                -53.8265     -53.8488     -57.5400     -51.2025     -58.2427
                -58.9800     -66.6434     -58.6010     -68.7803     -76.9729
                -73.2785     -78.6384     -65.7004     -61.9139     -50.3515
                -53.6059     -54.3660     -52.8288     -61.9847     -73.1285
                -70.2937     -69.9100     -75.9489     -76.6802     -63.4211
                -67.6724     -69.8601     -72.5609     -66.3659     -70.6055
                -67.7157     -66.9916     -80.4027     -77.3248     -73.3286
   2      0     -64.8864     -59.8128     -53.2889     -52.1316     -41.4571
                -46.5949     -53.6036     -56.3635     -60.5962     -50.5269
                -48.5150     -59.0964     -52.6485     -54.5274     -54.9679
                -41.7720     -41.7862     -45.4612     -39.1034     -46.1167
                -46.8363     -54.5548     -46.4871     -56.5692     -64.8649
                -61.1594     -66.5534     -53.5962     -49.8404     -38.2387
                -41.4630     -42.2294     -40.6781     -49.8182     -61.0076
                -58.1445     -57.7528     -63.8696     -64.5677     -51.3216
                -55.5658     -57.7002     -60.4578     -54.2469     -58.4945
                -55.5581     -54.8949     -68.3279     -65.2951     -61.2367
   3      0     -64.9111     -59.8318     -53.3237     -52.1419     -41.4547
                -46.5869     -53.6072     -56.3766     -60.6133     -50.5638
                -48.5584     -59.1427     -52.7064     -54.5742     -55.0064
                -41.7325     -41.7759     -45.4713     -39.1215     -46.1840
                -46.8838     -54.5782     -46.5303     -56.5919     -64.9341
                -61.2021     -66.5707     -53.6406     -49.8824     -38.3114
                -41.5237     -42.3174     -40.7365     -49.9159     -61.0325
                -58.1662     -57.7976     -63.9120     -64.5819     -51.3162
                -55.5978     -57.7567     -60.4639     -54.2765     -58.5050
                -55.6074     -54.9034     -68.3641     -65.3277     -61.2738
   4      0     -64.9105     -59.8503     -53.3476     -52.2160     -41.4797
                -46.6173     -53.6735     -56.4031     -60.6046     -50.6051
                -48.5585     -59.1891     -52.7581     -54.5827     -55.0039
                -41.7777     -41.7733     -45.5028     -39.1075     -46.2297
                -46.9434     -54.5819     -46.5571     -56.5775     -64.9466
                -61.2129     -66.5575     -53.6355     -49.9217     -38.3264
                -41.5393     -42.3387     -40.7330     -49.9424     -61.0611
                -58.1849     -57.8683     -63.8678     -64.5810     -51.3493
                -55.6204     -57.7696     -60.4739     -54.2515     -58.4946
                -55.6407     -54.9421     -68.3527     -65.3363     -61.3108
   5      0     -65.0115     -59.9535     -53.4082     -52.2655     -41.5438
                -46.6820     -53.7214     -56.4713     -60.6625     -50.6670
                -48.5550     -59.1904     -52.7980     -54.6744     -55.0748
                -41.8196     -41.8423     -45.5642     -39.1822     -46.2263
                -47.0024     -54.6153     -46.5861     -56.6540     -65.0073
                -61.2421     -66.6133     -53.7032     -49.9651     -38.3680
                -41.5910     -42.3944     -40.7689     -49.9842     -61.0912
                -58.2610     -57.8613     -63.8826     -64.6710     -51.3784
                -55.6396     -57.8249     -60.5315     -54.3130     -58.5516
                -55.6946     -54.9543     -68.4503     -65.3871     -61.3448
   5     60     -66.7663     -61.7048     -55.1754     -54.0299     -43.3204
                -48.4496     -55.4861     -58.2293     -62.4254     -52.4424
                -50.3303     -60.9479     -54.5703     -56.4346     -56.8389
                -43.5946     -43.6132     -47.3273     -40.9606     -48.0094
                -48.7781     -56.3872     -48.3511     -58.4241     -66.7680
                -63.0065     -68.3708     -55.4704     -51.7343     -40.1480
                -43.3720     -44.1782     -42.5520     -51.7535     -62.8544
                -60.0269     -59.6342     -65.6418     -66.4328     -53.1460
                -57.4080     -59.5941     -62.2917     -56.0736     -60.3117
                -57.4588     -56.7167     -70.2040     -67.1373     -63.1035
   5     80     -71.0960     -66.0274     -59.5232     -58.3656     -47.6545
                -52.7871     -59.8130     -62.5517     -66.7692     -56.7828
                -54.6618     -65.2746     -58.8954     -60.7421     -61.1670
                -47.9275     -47.9367     -51.6583     -45.2936     -52.3620
                -53.1224     -60.7141     -52.6842     -62.7670     -71.0999
                -67.3431     -72.6961     -59.8073     -56.0622     -44.4842
                -47.7127     -48.5369     -46.9068     -56.0930     -67.1852
                -64.3648     -63.9826     -69.9663     -70.7610     -57.4866
                -61.7385     -63.9423     -66.6227     -60.4033     -64.6374
                -61.7953     -61.0451     -74.5169     -71.4485     -67.4327
   5    100     -77.2130     -72.1270     -65.6500     -64.4861     -53.7680
                -58.8991     -65.9183     -68.6575     -72.8893     -62.9129
                -60.7593     -71.3633     -64.9805     -66.8234     -67.2816
                -54.0214     -54.0078     -57.7611     -51.3975     -58.4706
                -59.2246     -66.7986     -58.7911     -68.8822     -77.2010
                -73.4566     -78.7816     -65.9051     -62.1508     -50.5879
                -53.8116     -54.6688     -53.0341     -62.2098     -73.2904
                -70.4778     -70.0855     -76.0582     -76.8552     -63.5938
                -67.8309     -70.0415     -72.7276     -66.5081     -70.7383
                -67.9245     -67.1415     -80.5933     -77.5359     -73.5505
 
 
 cumulative average & 95% error for solvation free energy
              total             1st component         2nd component
  1  -112.0007              -47.0830              -64.9111
  2  -111.8351     0.3313   -49.4570     4.7481   -62.3715     5.0793
  3  -111.5258     0.6475   -52.1636     6.0678   -59.3556     6.7069
  4  -111.6971     0.5718   -54.1383     5.8315   -57.5522     5.9582
  5  -111.0236     1.4180   -56.6843     6.8067   -54.3327     7.9222
  6  -110.7840     1.2531   -57.7356     5.9421   -53.0417     6.9647
  7  -110.7114     1.0689   -57.5823     5.0314   -53.1225     5.8884
  8  -110.9574     1.0483   -57.4215     4.3692   -53.5292     5.1640
  9  -111.1363     0.9913   -56.8133     4.0407   -54.3164     4.8186
 10  -111.0850     0.8926   -57.1373     3.6717   -53.9411     4.3748
 11  -110.8089     0.9781   -57.3505     3.3485   -53.4518     4.0764
 12  -110.8930     0.9086   -56.9604     3.1548   -53.9260     3.8402
 13  -110.7731     0.8695   -56.9342     2.9024   -53.8322     3.5374
 14  -110.6242     0.8583   -56.7324     2.7173   -53.8852     3.2767
 15  -110.6087     0.7997   -56.6421     2.5361   -53.9599     3.0541
 16  -110.4752     0.7942   -57.2729     2.6869   -53.1957     3.2400
 17  -110.3236     0.8053   -57.7930     2.7298   -52.5240     3.3268
 18  -110.2955     0.7613   -58.1567     2.6745   -52.1322     3.2330
 19  -109.9376     1.0154   -58.4835     2.6129   -51.4474     3.3508
 20  -109.7655     1.0229   -58.5746     2.4855   -51.1842     3.2221
 21  -109.6057     1.0241   -58.6197     2.3659   -50.9794     3.0921
 22  -109.5141     0.9935   -58.3644     2.3129   -51.1430     2.9663
 23  -109.5069     0.9494   -58.5578     2.2436   -50.9425     2.8626
 24  -109.5164     0.9092   -58.3319     2.1951   -51.1779     2.7809
 25  -109.5455     0.8740   -57.8108     2.3493   -51.7281     2.8854
 26  -109.6003     0.8468   -57.5011     2.3406   -52.0925     2.8664
 27  -109.6413     0.8190   -57.0060     2.4603   -52.6287     2.9594
 28  -109.5989     0.7938   -56.9275     2.3760   -52.6649     2.8526
 29  -109.4951     0.7936   -56.9196     2.2927   -52.5689     2.7592
 30  -109.3747     0.8036   -57.2744     2.3258   -52.0937     2.8300
 31  -109.3486     0.7790   -57.5893     2.3360   -51.7527     2.8209
 32  -109.3660     0.7550   -57.9016     2.3465   -51.4578     2.7942
 33  -109.3535     0.7322   -58.2139     2.3585   -51.1330     2.7851
 34  -109.3991     0.7162   -58.2953     2.2939   -51.0972     2.7029
 35  -109.4295     0.6981   -58.0418     2.2843   -51.3810     2.6852
 36  -109.4989     0.6925   -57.9228     2.2327   -51.5695     2.6367
 37  -109.5390     0.6783   -57.7946     2.1866   -51.7378     2.5864
 38  -109.5639     0.6621   -57.4991     2.2088   -52.0582     2.5977
 39  -109.6104     0.6515   -57.2245     2.2204   -52.3793     2.6105
 40  -109.6499     0.6399   -57.2905     2.1682   -52.3527     2.5449
 41  -109.6798     0.6270   -57.2412     2.1170   -52.4319     2.4871
 42  -109.7214     0.6175   -57.1561     2.0730   -52.5587     2.4404
 43  -109.7933     0.6199   -57.0441     2.0365   -52.7425     2.4111
 44  -109.8380     0.6122   -57.0540     1.9898   -52.7774     2.3567
 45  -109.8430     0.5985   -56.9317     1.9604   -52.9047     2.3178
 46  -109.8635     0.5868   -56.8935     1.9188   -52.9634     2.2699
 47  -109.8674     0.5742   -56.8561     1.8790   -53.0047     2.2226
 48  -109.8893     0.5639   -56.5580     1.9337   -53.3247     2.2680
 49  -109.9213     0.5559   -56.3450     1.9411   -53.5696     2.2746
 50  -109.9352     0.5454   -56.2048     1.9225   -53.7237     2.2498
 
 Mesh error is    0.119 kcal/mol
