 ERmod 0.3.8, Copyright (C) 2000-2019 Nobuyuki Matubayasi
                            2010-2019 Shun Sakuraba
 ERmod comes with ABSOLUTELY NO WARRANTY.
 This is free software, and you can redistribute it
 and/or modify it under certain conditions.
 See LICENSE file for details.
 
  Number of the   1-th solvent  =          378
  Number of the   2-th solvent  =        10000
 
  Be sure that the solvent distribution is homogeneous (radial distribution function is essentially unity) when the solvent molecule is separated beyond distance of   10.0 Angstrom in any direction from any atom within the solute molecule
 
  LJ long-range correction    =        -1.1319     -7.1533
 
  Self-energy of the solute   =         0.0152  kcal/mol
 
 
 cumulative average & 95% error for solvation energy
              total             1st component         2nd component
  1  -480.3169              -87.9017             -392.4303
  2  -480.6623     0.6909   -81.7992    12.2051  -398.8783    12.8960
  3  -480.5957     0.4205   -77.4931    11.1276  -403.1179    11.2840
  4  -480.6303     0.3053   -73.8106    10.7776  -406.8350    10.9056
  5  -480.7245     0.3023   -72.1215     9.0059  -408.6182     9.1695
  6  -480.9461     0.5072   -70.6366     7.9303  -410.3247     8.2280
  7  -480.7364     0.5997   -70.0026     6.8212  -410.7490     7.0056
  8  -480.4115     0.8318   -70.4707     5.9811  -409.9560     6.2708
  9  -480.4346     0.7350   -70.6007     5.2812  -409.8491     5.5345
 10  -480.1846     0.8260   -69.7277     5.0361  -410.4721     5.1046
 11  -480.4081     0.8707   -70.0808     4.6097  -410.3425     4.6246
 12  -480.3094     0.8190   -69.5141     4.3580  -410.8104     4.3241
 13  -480.3410     0.7560   -68.4300     4.5576  -411.9262     4.5608
 14  -480.4536     0.7353   -67.4057     4.6906  -413.0632     4.7959
 15  -480.6715     0.8114   -66.9241     4.4716  -413.7626     4.6787
 16  -480.6866     0.7596   -67.0080     4.1862  -413.6937     4.3787
 17  -480.7073     0.7148   -66.9469     3.9342  -413.7756     4.1164
 18  -480.6990     0.6741   -67.4500     3.8432  -413.2642     4.0135
 19  -480.6567     0.6432   -66.9067     3.7942  -413.7652     3.9264
 20  -480.4718     0.7135   -68.5542     4.8800  -411.9328     5.2255
 21  -480.4214     0.6861   -68.8529     4.6800  -411.5837     5.0193
 22  -480.3559     0.6672   -69.4059     4.5973  -410.9651     4.9430
 23  -480.4384     0.6586   -69.2641     4.4020  -411.1895     4.7444
 24  -480.4835     0.6369   -69.1291     4.2232  -411.3696     4.5567
 25  -480.4740     0.6112   -69.0436     4.0544  -411.4456     4.3733
 26  -480.4487     0.5894   -68.7449     3.9409  -411.7190     4.2372
 27  -480.4188     0.5703   -68.6893     3.7937  -411.7447     4.0775
 28  -480.3843     0.5539   -68.4341     3.6912  -411.9655     3.9539
 29  -480.4213     0.5395   -68.1840     3.5966  -412.2525     3.8581
 30  -480.4441     0.5232   -68.3809     3.4969  -412.0784     3.7435
 31  -480.4610     0.5072   -68.6188     3.4155  -411.8574     3.6476
 32  -480.4416     0.4926   -68.4792     3.3188  -411.9776     3.5399
 33  -480.4497     0.4777   -68.2875     3.2394  -412.1774     3.4542
 34  -480.4304     0.4651   -68.5777     3.1959  -411.8679     3.4078
 35  -480.4278     0.4516   -69.1441     3.3035  -411.2989     3.4992
 36  -480.4619     0.4441   -69.1596     3.2106  -411.3175     3.4008
 37  -480.4501     0.4326   -68.9861     3.1418  -411.4792     3.3234
 38  -480.4213     0.4250   -69.0758     3.0633  -411.3607     3.2434
 39  -480.3979     0.4166   -69.1846     2.9917  -411.2284     3.1702
 40  -480.3907     0.4063   -69.0373     2.9308  -411.3686     3.1027
 41  -480.4007     0.3968   -68.9105     2.8696  -411.5054     3.0384
 42  -480.3883     0.3880   -68.9805     2.8040  -411.4230     2.9697
 43  -480.4234     0.3853   -68.7104     2.7908  -411.7282     2.9634
 44  -480.4383     0.3777   -68.4213     2.7872  -412.0322     2.9584
 45  -480.4617     0.3721   -68.2541     2.7450  -412.2228     2.9170
 46  -480.4962     0.3704   -67.7280     2.8835  -412.7834     3.0652
 47  -480.4572     0.3707   -67.5200     2.8520  -412.9524     3.0183
 48  -480.4293     0.3672   -67.1154     2.9068  -413.3291     3.0492
 49  -480.4393     0.3602   -66.5760     3.0445  -413.8785     3.1821
 50  -480.4173     0.3556   -66.2978     3.0344  -414.1347     3.1596
 
 
 group  inft  solvation free energy     error          difference
  total solvation free energy
   1      0       -103.39474           0.22139           0.05686
   1     60       -104.29107           0.22049          -0.83947
   1     80       -107.91678           0.21848          -4.46517
   1    100       -116.93861           0.21706         -13.48701
   2      0       -103.42362           0.22133           0.02798
   3      0       -103.45160           0.22155           0.00000
   4      0       -103.40041           0.22108           0.05119
   5      0       -103.47654           0.22242          -0.02493
   5     60       -104.59097           0.22139          -1.13936
   5     80       -108.83459           0.21893          -5.38299
   5    100       -117.05740           0.21793         -13.60579
 
  contribution from  1-th solvent component
   1      0        -23.87230           1.19302           0.01350
   1     60        -23.90592           1.19308          -0.02012
   1     80        -24.05576           1.19328          -0.16996
   1    100        -24.48435           1.19335          -0.59855
   2      0        -23.87687           1.19244           0.00893
   3      0        -23.88580           1.19258           0.00000
   4      0        -23.89173           1.19296          -0.00592
   5      0        -23.89663           1.19223          -0.01082
   5     60        -23.93870           1.19230          -0.05289
   5     80        -24.11761           1.19253          -0.23181
   5    100        -24.51342           1.19255          -0.62762
 
  contribution from  2-th solvent component
   1      0        -79.53763           1.34683           0.04336
   1     60        -80.40034           1.34578          -0.81935
   1     80        -83.87621           1.34323          -4.29522
   1    100        -92.46945           1.34042         -12.88846
   2      0        -79.56194           1.34595           0.01905
   3      0        -79.58099           1.34601           0.00000
   4      0        -79.52387           1.34483           0.05712
   5      0        -79.59510           1.34663          -0.01411
   5     60        -80.66746           1.34536          -1.08647
   5     80        -84.73217           1.34224          -5.15118
   5    100        -92.55917           1.33974         -12.97818
 
 
 group  inft   Estimated free energy: total (kcal/mol)
   1      0    -102.5099    -103.3223    -103.4261    -103.3929    -103.5485
               -104.2364    -102.9873    -102.4219    -103.4827    -102.5578
               -104.4465    -103.1464    -103.5720    -104.5189    -105.3180
               -104.0073    -103.6674    -102.7813    -103.5470    -100.4485
               -102.6777    -102.4740    -104.0309    -103.8023    -102.5386
               -103.2578    -103.4233    -103.0088    -104.1289    -103.6826
               -103.3199    -102.8723    -103.4621    -102.2269    -102.5937
               -103.6832    -103.1884    -103.0757    -102.8738    -103.5951
               -103.2832    -103.3978    -104.3591    -104.0870    -104.0971
               -104.9093    -103.4838    -103.2844    -104.0756    -103.5045
   1     60    -103.4136    -104.2268    -104.3208    -104.2875    -104.4444
               -105.1326    -103.8833    -103.3184    -104.3787    -103.4496
               -105.3421    -104.0378    -104.4633    -105.4078    -106.2113
               -104.9040    -104.5664    -103.6815    -104.4384    -101.3594
               -103.5824    -103.3733    -104.9260    -104.6966    -103.4415
               -104.1552    -104.3208    -103.9036    -105.0250    -104.5800
               -104.2207    -103.7699    -104.3602    -103.1326    -103.4950
               -104.5798    -104.0860    -103.9707    -103.7680    -104.4901
               -104.1823    -104.2965    -105.2532    -104.9792    -104.9908
               -105.7952    -104.3723    -104.1760    -104.9641    -104.3990
   1     80    -107.0551    -107.8700    -107.9432    -107.9053    -108.0817
               -108.7536    -107.5039    -106.9457    -108.0012    -107.0564
               -108.9699    -107.6511    -108.0858    -109.0213    -109.8284
               -108.5287    -108.1994    -107.3134    -108.0535    -105.0146
               -107.2216    -107.0060    -108.5567    -108.3241    -107.0876
               -107.7826    -107.9439    -107.5226    -108.6445    -108.2089
               -107.8578    -107.3951    -107.9971    -106.7847    -107.1406
               -108.2084    -107.7197    -107.5908    -107.3970    -108.1143
               -107.8166    -107.9284    -108.8702    -108.5962    -108.6116
               -109.3906    -107.9699    -107.7919    -108.5708    -108.0064
   1    100    -116.0992    -116.9157    -116.9492    -116.9087    -117.1174
               -117.7597    -116.5249    -115.9655    -117.0209    -116.0602
               -117.9992    -116.6607    -117.0921    -118.0446    -118.8548
               -117.5498    -117.2372    -116.3254    -117.0709    -114.0610
               -116.2763    -116.0214    -117.5870    -117.3449    -116.1257
               -116.8139    -116.9600    -116.5170    -117.6551    -117.2409
               -116.8971    -116.4005    -117.0402    -115.8422    -116.1921
               -117.2299    -116.7471    -116.5959    -116.4115    -117.1394
               -116.8471    -116.9717    -117.8840    -117.6165    -117.6386
               -118.3816    -116.9579    -116.8034    -117.5645    -117.0099
   2      0    -102.5032    -103.3528    -103.4573    -103.4779    -103.5827
               -104.2285    -103.0169    -102.4722    -103.4906    -102.5417
               -104.4845    -103.1569    -103.6048    -104.5621    -105.3211
               -104.0441    -103.6886    -102.7245    -103.5854    -100.4593
               -102.7006    -102.5832    -104.0829    -103.7990    -102.5942
               -103.2295    -103.4760    -103.0603    -104.1696    -103.7070
               -103.3445    -102.8541    -103.4816    -102.2849    -102.6754
               -103.7064    -103.2331    -103.1272    -102.8930    -103.5969
               -103.3624    -103.3937    -104.3612    -104.1239    -104.1731
               -104.9369    -103.5100    -103.3074    -104.1076    -103.5502
   3      0    -102.5660    -103.4016    -103.5040    -103.5233    -103.6147
               -104.2364    -103.0509    -102.4986    -103.5080    -102.6017
               -104.4934    -103.2057    -103.6498    -104.6002    -105.3650
               -104.0979    -103.7308    -102.7759    -103.6058    -100.4477
               -102.7565    -102.5773    -104.0879    -103.8782    -102.6193
               -103.2466    -103.4798    -103.0714    -104.1548    -103.7164
               -103.3510    -102.8442    -103.5082    -102.3183    -102.6942
               -103.7885    -103.2556    -103.1582    -102.9439    -103.6152
               -103.3759    -103.4060    -104.4102    -104.1099    -104.1873
               -104.9426    -103.5851    -103.3430    -104.1317    -103.5455
   4      0    -102.4957    -103.3324    -103.4296    -103.4481    -103.5805
               -104.1715    -103.0013    -102.4597    -103.4471    -102.5161
               -104.4796    -103.0989    -103.5733    -104.5334    -105.3084
               -104.0475    -103.6495    -102.6680    -103.5261    -100.4484
               -102.6798    -102.5560    -104.0766    -103.7773    -102.5980
               -103.1873    -103.4523    -103.0354    -104.1704    -103.6790
               -103.3168    -102.8175    -103.4523    -102.2596    -102.6866
               -103.7225    -103.1894    -103.0979    -102.9018    -103.5792
               -103.3438    -103.3849    -104.3418    -104.1194    -104.1664
               -104.8833    -103.4440    -103.2785    -104.0810    -103.5264
   5      0    -102.5268    -103.4224    -103.5347    -103.5529    -103.6150
               -104.2339    -103.0789    -102.5066    -103.5136    -102.6579
               -104.4695    -103.2074    -103.6341    -104.6616    -105.4508
               -104.1522    -103.7238    -102.7527    -103.6512    -100.4868
               -102.7807    -102.6292    -104.1231    -103.9081    -102.6570
               -103.2558    -103.4962    -103.1088    -104.1585    -103.7298
               -103.3828    -102.8739    -103.5029    -102.3294    -102.7110
               -103.8366    -103.2660    -103.2276    -102.9798    -103.7005
               -103.3958    -103.4986    -104.4288    -104.1674    -104.1890
               -104.9613    -103.5702    -103.3514    -104.1735    -103.6004
   5     60    -103.6500    -104.5446    -104.6468    -104.6649    -104.7310
               -105.3461    -104.1910    -103.6222    -104.6291    -103.7666
               -105.5843    -104.3185    -104.7454    -105.7687    -106.5605
               -105.2669    -104.8402    -103.8713    -104.7613    -101.6166
               -103.9021    -103.7472    -105.2369    -105.0230    -103.7771
               -104.3709    -104.6111    -104.2196    -105.2702    -104.8470
               -104.5016    -103.9890    -104.6194    -103.4551    -103.8345
               -104.9525    -104.3818    -104.3416    -104.0956    -104.8134
               -104.5122    -104.6153    -105.5401    -105.2768    -105.3014
               -106.0637    -104.6763    -104.4612    -105.2776    -104.7081
   5     80    -107.9144    -108.8090    -108.8853    -108.9043    -108.9841
               -109.5854    -108.4290    -107.8675    -108.8718    -107.9873
               -109.8300    -108.5496    -108.9833    -109.9974    -110.7911
               -109.5065    -109.0902    -108.1219    -108.9937    -105.8962
               -108.1627    -107.9994    -109.4870    -109.2702    -108.0406
               -108.6170    -108.8505    -108.4533    -109.5048    -109.0983
               -108.7599    -108.2363    -108.8728    -107.7302    -108.1007
               -109.2040    -108.6323    -108.5803    -108.3438    -109.0547
               -108.7656    -108.8629    -109.7726    -109.5076    -109.5408
               -110.2738    -108.8888    -108.6933    -109.4968    -108.9305
   5    100    -116.1631    -117.0551    -117.0971    -117.1148    -117.2197
               -117.7962    -116.6449    -116.0886    -117.0911    -116.1881
               -118.0609    -116.7597    -117.1937    -118.2252    -119.0163
               -117.7341    -117.3210    -116.3327    -117.2126    -114.1328
               -116.4071    -116.2208    -117.7146    -117.4942    -116.2728
               -116.8426    -117.0664    -116.6541    -117.7137    -117.3329
               -116.9960    -116.4411    -117.1087    -115.9891    -116.3549
               -117.4303    -116.8542    -116.7965    -116.5605    -117.2745
               -117.0006    -117.1033    -117.9899    -117.7235    -117.7762
               -118.4668    -117.0890    -116.9109    -117.6983    -117.1384
 
 group  inft   Estimated free energy: 1-th solvent contribution (kcal/mol)
   1      0     -32.4000     -27.4958     -25.0641     -22.2081     -23.4700
                -22.6238     -24.0769     -26.8111     -26.1807     -22.3947
                -26.9473     -22.8151     -19.1426     -19.5615     -21.7859
                -24.7512     -23.8776     -27.4466     -20.3717     -36.4629
                -27.2839     -29.7753     -23.8028     -23.7028     -23.7032
                -21.6439     -24.2426     -21.8407     -21.7462     -27.2285
                -27.6963     -22.6342     -22.2645     -28.4220     -32.7133
                -25.1967     -22.0624     -26.5261     -26.3816     -22.9472
                -23.0313     -26.3624     -20.2483     -19.8542     -22.0596
                -15.1109     -20.6542     -16.3459     -13.6852     -18.5614
   1     60     -32.4342     -27.5293     -25.0979     -22.2420     -23.5040
                -22.6578     -24.1103     -26.8451     -26.2139     -22.4283
                -26.9812     -22.8483     -19.1756     -19.5946     -21.8190
                -24.7850     -23.9117     -27.4811     -20.4051     -36.4973
                -27.3177     -29.8090     -23.8364     -23.7363     -23.7368
                -21.6774     -24.2763     -21.8739     -21.7797     -27.2624
                -27.7301     -22.6678     -22.2980     -28.4557     -32.7470
                -25.2306     -22.0959     -26.5601     -26.4155     -22.9812
                -23.0650     -26.3951     -20.2812     -19.8878     -22.0930
                -15.1440     -20.6877     -16.3796     -13.7186     -18.5945
   1     80     -32.5860     -27.6782     -25.2488     -22.3925     -23.6558
                -22.8091     -24.2593     -26.9967     -26.3619     -22.5779
                -27.1320     -22.9963     -19.3234     -19.7426     -21.9667
                -24.9352     -24.0631     -27.6344     -20.5544     -36.6496
                -27.4676     -29.9592     -23.9866     -23.8863     -23.8862
                -21.8267     -24.4258     -22.0222     -21.9293     -27.4134
                -27.8806     -22.8174     -22.4472     -28.6056     -32.8974
                -25.3818     -22.2454     -26.7112     -26.5670     -23.1327
                -23.2153     -26.5415     -20.4289     -20.0376     -22.2423
                -15.2920     -20.8369     -16.5298     -13.8678     -18.7422
   1    100     -33.0150     -28.1057     -25.6784     -22.8223     -24.0880
                -23.2380     -24.6863     -27.4268     -26.7875     -23.0063
                -27.5623     -23.4219     -19.7504     -20.1701     -22.3941
                -25.3647     -24.4950     -28.0661     -20.9824     -37.0781
                -27.8954     -30.3862     -24.4162     -24.3151     -24.3133
                -22.2531     -24.8529     -22.4483     -22.3595     -27.8439
                -28.3095     -23.2451     -22.8746     -29.0343     -33.3272
                -25.8128     -22.6745     -27.1414     -26.9969     -23.5647
                -23.6458     -26.9650     -20.8550     -20.4672     -22.6699
                -15.7194     -21.2648     -16.9602     -14.2965     -19.1695
   2      0     -32.3949     -27.5117     -25.0560     -22.2173     -23.4684
                -22.6068     -24.0924     -26.8094     -26.1908     -22.3955
                -26.9471     -22.8328     -19.1477     -19.5771     -21.8017
                -24.7595     -23.8889     -27.4095     -20.3759     -36.4564
                -27.2804     -29.7836     -23.8101     -23.7168     -23.7153
                -21.6421     -24.2535     -21.8472     -21.7558     -27.2365
                -27.6902     -22.6295     -22.2666     -28.4250     -32.7175
                -25.2098     -22.0783     -26.5427     -26.3763     -22.9365
                -23.0516     -26.3713     -20.2614     -19.8632     -22.0718
                -15.1148     -20.6544     -16.3374     -13.6884     -18.5757
   3      0     -32.4065     -27.5328     -25.0771     -22.2200     -23.4819
                -22.6027     -24.0957     -26.8208     -26.1942     -22.4012
                -26.9628     -22.8386     -19.1571     -19.5960     -21.8202
                -24.7677     -23.8837     -27.4072     -20.3918     -36.4678
                -27.2890     -29.7935     -23.8120     -23.7322     -23.7242
                -21.6555     -24.2661     -21.8589     -21.7705     -27.2555
                -27.7045     -22.6280     -22.2706     -28.4360     -32.7147
                -25.2139     -22.0903     -26.5447     -26.3895     -22.9550
                -23.0664     -26.3794     -20.2768     -19.8720     -22.0830
                -15.1321     -20.6440     -16.3341     -13.6893     -18.5826
   4      0     -32.4162     -27.5395     -25.0741     -22.2295     -23.4872
                -22.6135     -24.1066     -26.8220     -26.1951     -22.3963
                -26.9720     -22.8429     -19.1662     -19.5909     -21.8161
                -24.7922     -23.8918     -27.4051     -20.3843     -36.4900
                -27.2872     -29.7996     -23.8177     -23.7306     -23.7341
                -21.6528     -24.2720     -21.8724     -21.7807     -27.2365
                -27.7009     -22.6475     -22.2806     -28.4453     -32.7331
                -25.2333     -22.1009     -26.5643     -26.3893     -22.9592
                -23.0643     -26.3845     -20.2759     -19.8803     -22.0810
                -15.1297     -20.6627     -16.3505     -13.6926     -18.5952
   5      0     -32.4140     -27.5466     -25.0825     -22.2465     -23.5047
                -22.6226     -24.1221     -26.8206     -26.2096     -22.4270
                -26.9603     -22.8479     -19.1758     -19.5907     -21.8317
                -24.7897     -23.8856     -27.3971     -20.4009     -36.4820
                -27.3023     -29.8102     -23.8110     -23.7581     -23.7421
                -21.6656     -24.2782     -21.8814     -21.7675     -27.2405
                -27.7092     -22.6486     -22.2920     -28.4561     -32.7191
                -25.2166     -22.1046     -26.5533     -26.3991     -22.9635
                -23.0643     -26.3942     -20.2862     -19.8734     -22.0964
                -15.1403     -20.6485     -16.3490     -13.7053     -18.5966
   5     60     -32.4568     -27.5884     -25.1248     -22.2888     -23.5473
                -22.6652     -24.1639     -26.8632     -26.2512     -22.4690
                -27.0027     -22.8895     -19.2171     -19.6321     -21.8730
                -24.8319     -23.9281     -27.4404     -20.4428     -36.5249
                -27.3446     -29.8524     -23.8529     -23.8003     -23.7841
                -21.7076     -24.3202     -21.9229     -21.8093     -27.2831
                -27.7515     -22.6907     -22.3340     -28.4982     -32.7614
                -25.2592     -22.1465     -26.5957     -26.4416     -23.0060
                -23.1064     -26.4352     -20.3276     -19.9154     -22.1383
                -15.1817     -20.6906     -16.3913     -13.7471     -18.6380
   5     80     -32.6380     -27.7661     -25.3045     -22.4685     -23.7283
                -22.8458     -24.3419     -27.0440     -26.4280     -22.6475
                -27.1828     -23.0664     -19.3936     -19.8089     -22.0493
                -25.0113     -24.1082     -27.6234     -20.6209     -36.7066
                -27.5240     -30.0316     -24.0320     -23.9796     -23.9626
                -21.8861     -24.4987     -22.0998     -21.9878     -27.4637
                -27.9315     -22.8698     -22.5123     -28.6772     -32.9409
                -25.4401     -22.3252     -26.7756     -26.6218     -23.1866
                -23.2857     -26.6100     -20.5042     -20.0941     -22.3166
                -15.3584     -20.8694     -16.5709     -13.9253     -18.8147
   5    100     -33.0346     -28.1609     -25.7009     -22.8651     -24.1273
                -23.2419     -24.7365     -27.4409     -26.8213     -23.0426
                -27.5804     -23.4601     -19.7882     -20.2043     -22.4441
                -25.4079     -24.5057     -28.0215     -21.0164     -37.1019
                -27.9188     -30.4259     -24.4282     -24.3761     -24.3571
                -22.2802     -24.8930     -22.4934     -22.3846     -27.8619
                -28.3279     -23.2646     -22.9074     -29.0733     -33.3368
                -25.8385     -22.7215     -27.1724     -27.0178     -23.5853
                -23.6829     -27.0014     -20.8985     -20.4906     -22.7123
                -15.7530     -21.2655     -16.9681     -14.3213     -19.2101
 
 group  inft   Estimated free energy: 2-th solvent contribution (kcal/mol)
   1      0     -70.1252     -75.8417     -78.3772     -81.2000     -80.0936
                -81.6278     -78.9256     -75.6260     -77.3172     -80.1782
                -77.5143     -80.3465     -84.4446     -84.9725     -83.5472
                -79.2713     -79.8050     -75.3499     -83.1905     -64.0007
                -75.4089     -72.7140     -80.2433     -80.1147     -78.8505
                -81.6291     -79.1958     -81.1833     -82.3979     -76.4693
                -75.6388     -80.2533     -81.2128     -73.8201     -69.8957
                -78.5017     -81.1412     -76.5647     -76.5073     -80.6631
                -80.2672     -77.0506     -84.1260     -84.2481     -82.0527
                -89.8135     -82.8448     -86.9537     -90.4056     -84.9584
   1     60     -70.9947     -76.7128     -79.2380     -82.0608     -80.9556
                -82.4899     -79.7882     -76.4884     -78.1800     -81.0365
                -78.3761     -81.2047     -85.3029     -85.8284     -84.4075
                -80.1342     -80.6699     -76.2155     -84.0485     -64.8773
                -76.2799     -73.5794     -81.1048     -80.9755     -79.7199
                -82.4930     -80.0597     -82.0448     -83.2606     -77.3328
                -76.5058     -81.1173     -82.0774     -74.6921     -70.7632
                -79.3644     -82.0053     -77.4258     -77.3677     -81.5241
                -81.1325     -77.9165     -84.9871     -85.1066     -82.9130
                -90.6663     -83.6997     -87.8116     -91.2606     -85.8197
   1     80     -74.4844     -80.2070     -82.7095     -85.5279     -84.4411
                -85.9597     -83.2598     -79.9641     -81.6544     -84.4937
                -81.8531     -84.6700     -88.7776     -89.2939     -87.8769
                -83.6087     -84.1515     -79.6942     -87.5143     -68.3801
                -79.7692     -77.0620     -84.5853     -84.4529     -83.2166
                -85.9712     -83.5333     -85.5156     -86.7304     -80.8107
                -79.9924     -84.5929     -85.5651     -78.1943     -74.2583
                -82.8419     -85.4894     -80.8948     -80.8452     -84.9968
                -84.6165     -81.4021     -88.4565     -88.5738     -86.3845
                -94.1138     -87.1482     -91.2772     -94.7182     -89.2795
   1    100     -83.0994     -88.8252     -91.2860     -94.1016     -93.0447
                -94.5369     -91.8538     -88.5538     -90.2486     -93.0691
                -90.4521     -93.2540     -97.3568     -97.8897     -96.4759
                -92.2004     -92.7574     -88.2744     -96.1038     -76.9981
                -88.3960     -85.6505     -93.1860     -93.0449     -91.8276
                -94.5760     -92.1223     -94.0839     -95.3108     -89.4121
                -88.6027     -93.1707     -94.1808     -86.8230     -82.8801
                -91.4323     -94.0878     -89.4697     -89.4298     -93.5899
                -93.2164     -90.0219     -97.0442     -97.1645     -94.9839
               -102.6775     -95.7083     -99.8584    -103.2832     -97.8556
   2      0     -70.1235     -75.8562     -78.4165     -81.2758     -80.1294
                -81.6369     -78.9397     -75.6780     -77.3151     -80.1614
                -77.5525     -80.3393     -84.4723     -85.0001     -83.5346
                -79.2998     -79.8149     -75.3302     -83.2247     -64.0180
                -75.4354     -72.8148     -80.2880     -80.0974     -78.8942
                -81.6026     -79.2377     -81.2284     -82.4290     -76.4857
                -75.6696     -80.2398     -81.2301     -73.8751     -69.9731
                -78.5118     -81.1701     -76.5996     -76.5319     -80.6757
                -80.3260     -77.0376     -84.1150     -84.2759     -82.1165
                -89.8372     -82.8707     -86.9852     -90.4344     -84.9897
   3      0     -70.1747     -75.8840     -78.4420     -81.3186     -80.1480
                -81.6489     -78.9704     -75.6930     -77.3290     -80.2157
                -77.5457     -80.3823     -84.5079     -85.0194     -83.5601
                -79.3454     -79.8624     -75.3839     -83.2293     -63.9952
                -75.4828     -72.7989     -80.2911     -80.1611     -78.9103
                -81.6064     -79.2289     -81.2276     -82.3995     -76.4761
                -75.6617     -80.2314     -81.2527     -73.8974     -69.9947
                -78.5898     -81.1805     -76.6287     -76.5695     -80.6754
                -80.3246     -77.0417     -84.1486     -84.2530     -82.1195
                -89.8257     -82.9563     -87.0241     -90.4576     -84.9781
   4      0     -70.0946     -75.8081     -78.3706     -81.2338     -80.1085
                -81.5732     -78.9099     -75.6529     -77.2672     -80.1350
                -77.5228     -80.2712     -84.4222     -84.9577     -83.5075
                -79.2705     -79.7729     -75.2781     -83.1570     -63.9736
                -75.4078     -72.7715     -80.2742     -80.0619     -78.8791
                -81.5497     -79.1955     -81.1781     -82.4050     -76.4576
                -75.6311     -80.1851     -81.1869     -73.8294     -69.9687
                -78.5045     -81.1037     -76.5488     -76.5277     -80.6351
                -80.2947     -77.0156     -84.0811     -84.2543     -82.1006
                -89.7689     -82.7964     -86.9432     -90.4035     -84.9464
   5      0     -70.1280     -75.8910     -78.4674     -81.3216     -80.1255
                -81.6265     -78.9720     -75.7012     -77.3192     -80.2460
                -77.5244     -80.3746     -84.4734     -85.0861     -83.6344
                -79.3776     -79.8533     -75.3708     -83.2654     -64.0199
                -75.4935     -72.8342     -80.3273     -80.1652     -78.9300
                -81.6054     -79.2332     -81.2426     -82.4062     -76.5044
                -75.6888     -80.2405     -81.2260     -73.8886     -70.0071
                -78.6352     -81.1766     -76.6895     -76.5958     -80.7522
                -80.3467     -77.1195     -84.1578     -84.3092     -82.1077
                -89.8363     -82.9370     -87.0176     -90.4834     -85.0190
   5     60     -71.2083     -76.9714     -79.5372     -82.3914     -81.1989
                -82.6960     -80.0423     -76.7742     -78.3931     -81.3128
                -78.5968     -81.4442     -85.5435     -86.1518     -84.7027
                -80.4502     -80.9273     -76.4461     -84.3337     -65.1069
                -76.5727     -73.9100     -81.3992     -81.2379     -80.0082
                -82.6785     -80.3060     -82.3119     -83.4761     -77.5791
                -76.7652     -81.3135     -82.3007     -74.9721     -71.0883
                -79.7085     -82.2505     -77.7611     -77.6692     -81.8226
                -81.4210     -78.1953     -85.2277     -85.3766     -83.1782
                -90.8973     -84.0009     -88.0851     -91.5456     -86.0853
   5     80     -75.2916     -81.0581     -83.5960     -86.4510     -85.2709
                -86.7548     -84.1022     -80.8386     -82.4590     -85.3550
                -82.6624     -85.4984     -89.6049     -90.2037     -88.7570
                -84.5104     -84.9971     -80.5138     -88.3879     -69.2049
                -80.6539     -77.9830     -85.4701     -85.3059     -84.0932
                -86.7461     -84.3670     -86.3687     -87.5323     -81.6497
                -80.8436     -85.3817     -86.3757     -79.0681     -75.1749
                -83.7791     -86.3222     -81.8199     -81.7372     -85.8833
                -85.4951     -82.2681     -89.2836     -89.4287     -87.2393
                -94.9306     -88.0346     -92.1377     -95.5867     -90.1310
   5    100     -83.1437     -88.9095     -91.4114     -94.2648     -93.1077
                -94.5695     -91.9236     -88.6628     -90.2850     -93.1607
                -90.4957     -93.3148     -97.4207     -98.0361     -96.5874
                -92.3414     -92.8304     -88.3264     -96.2114     -77.0461
                -88.5035     -85.8101     -93.3016     -93.1333     -91.9310
                -94.5775     -92.1886     -94.1759     -95.3443     -89.4862
                -88.6833     -93.1917     -94.2165     -86.9309     -83.0333
                -91.6070     -94.1479     -89.6394     -89.5578     -93.7044
                -93.3329     -90.1171     -97.1065     -97.2481     -95.0792
               -102.7290     -95.8387     -99.9580    -103.3921     -97.9435
 
 
 cumulative average & 95% error for solvation free energy
              total             1st component         2nd component
  1  -102.5660              -32.4065              -70.1747
  2  -102.9838     0.8356   -29.9697     4.8737   -73.0293     5.7093
  3  -103.1572     0.5941   -28.3388     4.3077   -74.8336     4.8874
  4  -103.2487     0.4583   -26.8091     4.3172   -76.4548     4.7389
  5  -103.3219     0.3840   -26.1437     3.5992   -77.1935     3.9568
  6  -103.4743     0.4373   -25.5535     3.1669   -77.9360     3.5557
  7  -103.4139     0.3889   -25.3453     2.7087   -78.0838     3.0196
  8  -103.2994     0.4071   -25.5297     2.3747   -77.7849     2.6825
  9  -103.3226     0.3620   -25.6035     2.0995   -77.7343     2.3679
 10  -103.2505     0.3545   -25.2833     1.9840   -77.9824     2.1753
 11  -103.3635     0.3923   -25.4360     1.8204   -77.9427     1.9692
 12  -103.3504     0.3590   -25.2195     1.7173   -78.1460     1.8431
 13  -103.3734     0.3335   -24.7532     1.8345   -78.6354     1.9576
 14  -103.4610     0.3550   -24.3848     1.8513   -79.0914     2.0289
 15  -103.5880     0.4167   -24.2138     1.7571   -79.3893     1.9806
 16  -103.6198     0.3950   -24.2485     1.6450   -79.3866     1.8527
 17  -103.6264     0.3713   -24.2270     1.5458   -79.4146     1.7412
 18  -103.5791     0.3626   -24.4037     1.4996   -79.1906     1.7016
 19  -103.5805     0.3430   -24.1925     1.4801   -79.4032     1.6647
 20  -103.4239     0.4517   -24.8063     1.8650   -78.6328     2.2064
 21  -103.3921     0.4343   -24.9245     1.7897   -78.4828     2.1201
 22  -103.3551     0.4207   -25.1458     1.7629   -78.2244     2.0864
 23  -103.3869     0.4070   -25.0878     1.6885   -78.3143     2.0017
 24  -103.4074     0.3918   -25.0314     1.6205   -78.3912     1.9227
 25  -103.3759     0.3811   -24.9791     1.5579   -78.4120     1.8446
 26  -103.3709     0.3662   -24.8512     1.5184   -78.5349     1.7892
 27  -103.3749     0.3525   -24.8296     1.4618   -78.5606     1.7224
 28  -103.3641     0.3404   -24.7235     1.4245   -78.6558     1.6707
 29  -103.3914     0.3329   -24.6216     1.3895   -78.7849     1.6326
 30  -103.4022     0.3224   -24.7094     1.3538   -78.7079     1.5847
 31  -103.4005     0.3118   -24.8061     1.3236   -78.6097     1.5453
 32  -103.3832     0.3039   -24.7380     1.2888   -78.6604     1.4996
 33  -103.3869     0.2946   -24.6632     1.2580   -78.7389     1.4620
 34  -103.3555     0.2927   -24.7742     1.2405   -78.5965     1.4466
 35  -103.3366     0.2867   -25.0011     1.2871   -78.3508     1.4882
 36  -103.3492     0.2797   -25.0070     1.2509   -78.3574     1.4463
 37  -103.3466     0.2721   -24.9281     1.2268   -78.4337     1.4149
 38  -103.3417     0.2651   -24.9707     1.1971   -78.3862     1.3805
 39  -103.3315     0.2590   -25.0071     1.1683   -78.3396     1.3478
 40  -103.3386     0.2528   -24.9558     1.1433   -78.3980     1.3189
 41  -103.3395     0.2466   -24.9097     1.1189   -78.4450     1.2898
 42  -103.3411     0.2407   -24.9447     1.0942   -78.4116     1.2604
 43  -103.3659     0.2402   -24.8361     1.0903   -78.5450     1.2594
 44  -103.3828     0.2371   -24.7233     1.0888   -78.6747     1.2575
 45  -103.4007     0.2345   -24.6646     1.0708   -78.7513     1.2387
 46  -103.4342     0.2390   -24.4574     1.1263   -78.9920     1.3037
 47  -103.4374     0.2339   -24.3763     1.1140   -79.0764     1.2867
 48  -103.4355     0.2290   -24.2087     1.1408   -79.2420     1.3024
 49  -103.4497     0.2261   -23.9940     1.1970   -79.4708     1.3552
 50  -103.4516     0.2215   -23.8858     1.1926   -79.5810     1.3460
 
 Mesh error is    0.057 kcal/mol
