 ERmod 0.3.8, Copyright (C) 2000-2019 Nobuyuki Matubayasi
                            2010-2019 Shun Sakuraba
 ERmod comes with ABSOLUTELY NO WARRANTY.
 This is free software, and you can redistribute it
 and/or modify it under certain conditions.
 See LICENSE file for details.
 
  Number of the   1-th solvent  =         1472
  Number of the   2-th solvent  =        10000
 
  Be sure that the solvent distribution is homogeneous (radial distribution function is essentially unity) when the solvent molecule is separated beyond distance of   10.0 Angstrom in any direction from any atom within the solute molecule
 
  LJ long-range correction    =        -3.5283     -5.7260
 
  Self-energy of the solute   =         0.0012  kcal/mol
 
 
 cumulative average & 95% error for solvation energy
              total             1st component         2nd component
  1  -483.9432             -200.2234             -283.7210
  2  -482.6169     2.6527  -210.1819    19.9170  -272.4362    22.5696
  3  -478.7454     7.8931  -217.9742    19.3677  -260.7724    26.7203
  4  -478.8024     5.5824  -213.5116    16.3467  -265.2920    20.9451
  5  -479.2176     4.4031  -209.0612    15.4775  -270.1577    18.9187
  6  -479.3494     3.6048  -204.4372    15.6597  -274.9134    18.1405
  7  -479.6163     3.0930  -200.8755    15.0301  -278.7420    17.1374
  8  -479.6647     2.6804  -200.2635    13.0739  -279.4024    14.9001
  9  -479.5752     2.3706  -201.5358    11.8075  -278.0406    13.4199
 10  -479.2921     2.1947  -201.8571    10.5805  -277.4362    12.0638
 11  -479.5369     2.0446  -204.2603    10.7096  -275.2778    11.7350
 12  -479.9403     2.0334  -206.7798    10.9986  -273.1618    11.5182
 13  -480.3449     2.0380  -205.9960    10.2380  -274.3501    10.8585
 14  -480.3391     1.8869  -205.3802     9.5582  -274.9602    10.1268
 15  -480.0995     1.8208  -204.6658     9.0122  -275.4348     9.4752
 16  -480.2149     1.7188  -203.3646     8.8227  -276.8515     9.3051
 17  -480.2708     1.6184  -202.8607     8.3485  -277.4112     8.8120
 18  -480.7701     1.8235  -200.8642     8.8260  -279.9071     9.6923
 19  -480.5186     1.7967  -201.6714     8.5032  -278.8484     9.4093
 20  -480.4181     1.7163  -201.9719     8.0892  -278.4473     8.9624
 21  -480.1986     1.6905  -202.8420     7.8887  -277.3578     8.7990
 22  -480.1901     1.6119  -203.9587     7.8461  -276.2326     8.6861
 23  -480.2173     1.5412  -202.9699     7.7537  -277.2486     8.5450
 24  -480.4050     1.5226  -201.8734     7.7407  -278.5328     8.5749
 25  -480.4749     1.4671  -202.0193     7.4303  -278.4568     8.2261
 26  -480.4162     1.4145  -203.0726     7.4432  -277.3447     8.2104
 27  -480.4743     1.3660  -203.7734     7.2981  -276.7021     8.0043
 28  -480.4027     1.3241  -205.0624     7.4902  -275.3415     8.1791
 29  -480.1183     1.3985  -206.5006     7.7787  -273.6189     8.6112
 30  -479.9591     1.3881  -206.8904     7.5552  -273.0699     8.3914
 31  -480.0154     1.3473  -205.7981     7.6270  -274.2185     8.4350
 32  -480.0705     1.3092  -205.0396     7.5390  -275.0322     8.3277
 33  -480.1406     1.2766  -205.3521     7.3337  -274.7897     8.0860
 34  -480.2695     1.2650  -205.0760     7.1361  -275.1947     7.8863
 35  -480.3952     1.2538  -204.7514     6.9596  -275.6450     7.7104
 36  -480.3629     1.2202  -204.4839     6.7846  -275.8802     7.5079
 37  -480.4454     1.1982  -204.1178     6.6392  -276.3288     7.3571
 38  -480.5618     1.1892  -204.1055     6.4622  -276.4576     7.1655
 39  -480.7053     1.1933  -203.5758     6.3828  -277.1307     7.1080
 40  -480.7743     1.1713  -202.9899     6.3306  -277.7856     7.0508
 41  -480.8954     1.1677  -202.5155     6.2467  -278.3811     6.9790
 42  -481.0100     1.1624  -201.7113     6.3048  -279.3000     7.0544
 43  -481.0592     1.1393  -201.2010     6.2405  -279.8594     6.9787
 44  -481.1024     1.1165  -200.5917     6.2176  -280.5119     6.9420
 45  -481.1679     1.0992  -200.2490     6.1164  -280.9202     6.8349
 46  -481.1713     1.0751  -200.0655     5.9932  -281.1069     6.6951
 47  -481.1904     1.0527  -199.9878     5.8663  -281.2039     6.5540
 48  -481.2606     1.0400  -199.9814     5.7428  -281.2804     6.4178
 49  -481.2624     1.0186  -199.9957     5.6245  -281.2679     6.2855
 50  -481.2327     0.9997  -200.5033     5.6036  -280.7306     6.2516
 
 
 group  inft  solvation free energy     error          difference
  total solvation free energy
   1      0       -115.10900           0.52071           0.06871
   1     60       -116.85733           0.51949          -1.67961
   1     80       -121.53058           0.51733          -6.35287
   1    100       -129.41173           0.51753         -14.23401
   2      0       -115.14140           0.51745           0.03632
   3      0       -115.17772           0.51738           0.00000
   4      0       -115.14676           0.51734           0.03095
   5      0       -115.27297           0.51809          -0.09526
   5     60       -117.40639           0.51648          -2.22867
   5     80       -122.56194           0.51517          -7.38422
   5    100       -129.57835           0.51473         -14.40064
 
  contribution from  1-th solvent component
   1      0        -70.37229           2.26329          -0.01081
   1     60        -70.63547           2.26349          -0.27399
   1     80        -71.34698           2.26404          -0.98550
   1    100        -72.63214           2.26383          -2.27066
   2      0        -70.37676           2.26341          -0.01528
   3      0        -70.36148           2.26330           0.00000
   4      0        -70.38180           2.26403          -0.02032
   5      0        -70.39424           2.26345          -0.03276
   5     60        -70.71743           2.26380          -0.35595
   5     80        -71.50983           2.26434          -1.14835
   5    100        -72.66331           2.26410          -2.30183
 
  contribution from  2-th solvent component
   1      0        -44.73792           2.65815           0.07952
   1     60        -46.22307           2.65669          -1.40563
   1     80        -50.18482           2.65285          -5.36737
   1    100        -56.78080           2.65077         -11.96335
   2      0        -44.76585           2.65721           0.05160
   3      0        -44.81745           2.65741           0.00000
   4      0        -44.76617           2.65748           0.05128
   5      0        -44.87995           2.65698          -0.06250
   5     60        -46.69017           2.65478          -1.87272
   5     80        -51.05331           2.65126          -6.23587
   5    100        -56.91625           2.64952         -12.09880
 
 
 group  inft   Estimated free energy: total (kcal/mol)
   1      0    -116.1778    -114.5187    -110.9492    -113.9767    -115.1383
               -115.1378    -115.7525    -114.7454    -114.6216    -113.2562
               -115.7579    -115.2108    -117.5029    -115.3151    -113.5422
               -116.0975    -114.7426    -118.3264    -111.5813    -112.8082
               -111.6528    -113.4127    -114.9079    -116.4367    -114.4700
               -113.4596    -115.7262    -112.9290    -109.6850    -112.7197
               -116.2733    -116.8498    -116.1230    -116.4612    -116.3581
               -114.4418    -116.6592    -116.8861    -117.5348    -116.7488
               -117.4455    -117.6596    -116.5503    -116.1400    -116.1918
               -115.0541    -115.6288    -116.5617    -115.5156    -113.8075
   1     60    -117.9185    -116.2697    -112.6940    -115.7235    -116.8852
               -116.8670    -117.4889    -116.4925    -116.3565    -114.9892
               -117.5144    -116.9831    -119.2457    -117.0405    -115.2809
               -117.8566    -116.5065    -120.0802    -113.3453    -114.5789
               -113.4241    -115.1882    -116.6699    -118.1915    -116.2304
               -115.2079    -117.4678    -114.6865    -111.4425    -114.4716
               -118.0007    -118.5790    -117.8586    -118.2122    -118.1145
               -116.1945    -118.4114    -118.6482    -119.2897    -118.4827
               -119.1846    -119.3887    -118.2796    -117.8675    -117.9352
               -116.7969    -117.3755    -118.3243    -117.2698    -115.5552
   1     80    -122.6063    -120.9653    -117.3841    -120.3892    -121.5431
               -121.5032    -122.1400    -121.1600    -121.0157    -119.6506
               -122.2319    -121.6987    -123.9110    -121.6788    -119.9475
               -122.4932    -121.1810    -124.7433    -118.0212    -119.2545
               -118.1141    -119.8797    -121.3409    -122.8331    -120.9119
               -119.9109    -122.1369    -119.3892    -116.1499    -119.1483
               -122.6343    -123.2323    -122.5403    -122.9015    -122.7858
               -120.8578    -123.0815    -123.3419    -123.9909    -123.1080
               -123.8516    -124.0412    -122.9216    -122.5234    -122.6019
               -121.4751    -122.0516    -123.0191    -121.9802    -120.2560
   1    100    -130.4888    -128.8274    -125.2401    -128.2578    -129.3898
               -129.3493    -129.9861    -129.0183    -128.9055    -127.4828
               -130.1313    -129.6128    -131.8023    -129.5500    -127.7943
               -130.3723    -129.0675    -132.6426    -125.8771    -127.1292
               -126.0320    -127.7814    -129.2527    -130.7215    -128.8173
               -127.7930    -130.0041    -127.2814    -124.0517    -127.0496
               -130.4919    -131.0817    -130.4590    -130.7774    -130.6578
               -128.7231    -130.9786    -131.2276    -131.9098    -130.9597
               -131.7391    -131.9136    -130.7590    -130.3892    -130.4934
               -129.3823    -129.9545    -130.8955    -129.9208    -128.1625
   2      0    -116.2252    -114.4636    -110.9911    -114.0646    -115.1659
               -115.1618    -115.7244    -114.7496    -114.5315    -113.2396
               -115.7749    -115.2703    -117.5514    -115.3822    -113.5636
               -116.2031    -114.8769    -118.3980    -111.6600    -112.9565
               -111.8010    -113.5472    -115.0593    -116.5078    -114.6166
               -113.5181    -115.7095    -112.9494    -109.6780    -112.7426
               -116.2027    -116.8117    -116.0898    -116.4290    -116.3779
               -114.4812    -116.6478    -116.9322    -117.5664    -116.7902
               -117.5046    -117.6259    -116.5993    -116.1716    -116.2786
               -115.0645    -115.5647    -116.5788    -115.4397    -113.8296
   3      0    -116.2510    -114.5026    -111.0382    -114.1092    -115.1780
               -115.1464    -115.7573    -114.8278    -114.5981    -113.2896
               -115.8351    -115.2785    -117.5241    -115.3490    -113.5977
               -116.2141    -114.9112    -118.4604    -111.6913    -112.9856
               -111.8667    -113.5852    -115.1138    -116.5234    -114.5926
               -113.5249    -115.7120    -112.9877    -109.7211    -112.8226
               -116.2859    -116.8622    -116.1803    -116.4748    -116.4562
               -114.4529    -116.7035    -116.9840    -117.5745    -116.8155
               -117.5631    -117.7354    -116.6399    -116.2021    -116.3014
               -115.0805    -115.6313    -116.5699    -115.5002    -113.8772
   4      0    -116.2031    -114.4427    -111.0173    -114.1229    -115.1233
               -115.1822    -115.7176    -114.7157    -114.5390    -113.1956
               -115.7745    -115.2624    -117.5522    -115.3825    -113.6130
               -116.2098    -114.8914    -118.4371    -111.6425    -112.9620
               -111.8499    -113.5690    -115.0612    -116.4798    -114.5974
               -113.5425    -115.6983    -112.9863    -109.6834    -112.7321
               -116.2019    -116.8412    -116.1462    -116.4250    -116.3880
               -114.4727    -116.6432    -116.9611    -117.5868    -116.8021
               -117.5435    -117.6524    -116.5929    -116.1729    -116.2639
               -115.0588    -115.5579    -116.5416    -115.4600    -113.8392
   5      0    -116.3641    -114.5700    -111.0914    -114.2198    -115.2166
               -115.3028    -115.8564    -114.8975    -114.7159    -113.3579
               -115.9352    -115.3680    -117.6987    -115.4869    -113.7247
               -116.2939    -114.9844    -118.5206    -111.7789    -113.0718
               -111.9530    -113.6674    -115.1840    -116.5607    -114.6965
               -113.6961    -115.7960    -113.1047    -109.8259    -112.8573
               -116.3883    -116.9894    -116.3365    -116.5883    -116.5366
               -114.5820    -116.7734    -117.0583    -117.7446    -116.8547
               -117.6780    -117.7944    -116.7329    -116.2905    -116.4227
               -115.1756    -115.7284    -116.6074    -115.5955    -113.9741
   5     60    -118.5088    -116.7304    -113.2391    -116.3535    -117.3473
               -117.4208    -117.9755    -117.0498    -116.8471    -115.4955
               -118.0869    -117.5266    -119.8275    -117.5953    -115.8439
               -118.4156    -117.1208    -120.6443    -113.9129    -115.2121
               -114.1013    -115.8199    -117.3190    -118.6834    -116.8300
               -115.8305    -117.9278    -115.2538    -111.9779    -114.9975
               -118.5126    -119.1183    -118.4767    -118.7236    -118.6649
               -116.7097    -118.9000    -119.2035    -119.8808    -118.9675
               -119.8052    -119.9112    -118.8548    -118.4038    -118.5454
               -117.2966    -117.8611    -118.7450    -117.7300    -116.1140
   5     80    -123.6726    -121.9050    -118.4096    -121.5058    -122.4943
               -122.5510    -123.0866    -122.2009    -121.9891    -120.6332
               -123.2805    -122.7375    -124.9894    -122.7122    -120.9929
               -123.5312    -122.2682    -125.7815    -119.0546    -120.3601
               -119.2693    -120.9928    -122.4665    -123.8067    -121.9861
               -121.0033    -123.0900    -120.4397    -117.1597    -120.1644
               -123.6296    -124.2586    -123.6467    -123.8917    -123.8204
               -121.8715    -124.0603    -124.3963    -125.0731    -124.0901
               -124.9615    -125.0458    -123.9771    -123.5327    -123.7029
               -122.4567    -123.0219    -123.9255    -122.9120    -121.2877
   5    100    -130.6677    -128.8764    -125.3710    -128.5071    -129.5014
               -129.5218    -130.0491    -129.1553    -128.9487    -127.5962
               -130.3072    -129.7711    -132.0027    -129.7272    -127.9593
               -130.6064    -129.3399    -132.8599    -126.1045    -127.4240
               -126.3750    -128.0814    -129.5538    -130.8775    -129.0477
               -127.9958    -130.0599    -127.4583    -124.1901    -127.1841
               -130.5920    -131.2053    -130.6649    -130.9304    -130.8440
               -128.8526    -131.0978    -131.4347    -132.1091    -131.0883
               -131.9922    -132.0141    -130.9597    -130.5065    -130.7258
               -129.4883    -130.0238    -130.9491    -129.9760    -128.3425
 
 group  inft   Estimated free energy: 1-th solvent contribution (kcal/mol)
   1      0     -70.1283     -77.7340     -83.7177     -70.0615     -65.9433
                -62.5763     -61.4721     -68.2391     -75.1174     -71.6428
                -81.7613     -84.3384     -69.4101     -69.7476     -68.1247
                -64.7642     -68.3175     -56.9682     -76.6769     -73.3585
                -78.6063     -81.1267     -62.6999     -61.3367     -72.6412
                -82.2645     -79.3778     -86.2410     -88.3485     -77.3681
                -59.0208     -62.6941     -76.7698     -68.1882     -67.0848
                -67.8743     -66.1977     -71.5199     -63.5694     -62.7593
                -63.6953     -57.1801     -61.7600     -59.4827     -64.2769
                -66.8143     -68.5642     -69.4067     -70.9361     -80.7093
   1     60     -70.3914     -77.9965     -83.9809     -70.3233     -66.2057
                -62.8360     -61.7329     -68.5002     -75.3797     -71.9042
                -82.0251     -84.6041     -69.6736     -70.0095     -68.3864
                -65.0292     -68.5832     -57.2335     -76.9424     -73.6246
                -78.8716     -81.3938     -62.9638     -61.6010     -72.9066
                -82.5282     -79.6408     -86.5052     -88.6131     -77.6308
                -59.2819     -62.9548     -77.0308     -68.4508     -67.3504
                -68.1375     -66.4596     -71.7837     -63.8321     -63.0213
                -63.9575     -57.4418     -62.0212     -59.7424     -64.5391
                -67.0775     -68.8283     -69.6724     -71.2016     -80.9713
   1     80     -71.1075     -78.7086     -84.6945     -71.0309     -66.9136
                -63.5400     -62.4396     -69.2062     -76.0916     -72.6140
                -82.7414     -85.3201     -70.3864     -70.7199     -69.0962
                -65.7372     -69.2968     -57.9478     -77.6557     -74.3370
                -79.5837     -82.1093     -63.6729     -62.3099     -73.6212
                -83.2444     -80.3533     -87.2199     -89.3298     -78.3396
                -59.9896     -63.6633     -77.7424     -69.1622     -68.0651
                -68.8460     -67.1669     -72.4950     -64.5436     -63.7284
                -64.6687     -58.1526     -62.7300     -60.4492     -65.2488
                -67.7913     -69.5433     -70.3877     -71.9215     -81.6842
   1    100     -72.3980     -79.9877     -85.9723     -72.3109     -68.1881
                -64.8186     -63.7195     -70.4875     -77.3819     -73.8933
                -84.0302     -86.6078     -71.6743     -72.0053     -70.3746
                -67.0224     -70.5816     -59.2405     -78.9331     -75.6167
                -80.8663     -83.3928     -64.9584     -63.5968     -74.9100
                -84.5279     -81.6363     -88.5050     -90.6156     -79.6210
                -61.2773     -64.9454     -79.0333     -70.4486     -69.3538
                -70.1262     -68.4526     -73.7777     -65.8337     -65.0132
                -65.9585     -59.4433     -64.0134     -61.7342     -66.5367
                -69.0836     -70.8372     -71.6743     -73.2196     -82.9700
   2      0     -70.1139     -77.6962     -83.7280     -70.0817     -65.9674
                -62.5534     -61.4577     -68.1894     -75.0419     -71.6421
                -81.7574     -84.3604     -69.4309     -69.7567     -68.1330
                -64.8060     -68.3970     -57.0062     -76.7115     -73.4181
                -78.6556     -81.1861     -62.7598     -61.3937     -72.7019
                -82.2536     -79.3677     -86.2171     -88.3253     -77.3912
                -58.9741     -62.6674     -76.7228     -68.1913     -67.0760
                -67.8804     -66.1704     -71.5519     -63.5688     -62.7678
                -63.7004     -57.1443     -61.7674     -59.4786     -64.2802
                -66.8162     -68.5067     -69.4239     -70.9118     -80.7370
   3      0     -70.1019     -77.6747     -83.6857     -70.0569     -65.9601
                -62.5183     -61.4424     -68.1776     -75.0086     -71.6044
                -81.7455     -84.3360     -69.4018     -69.7163     -68.1160
                -64.8239     -68.3919     -57.0135     -76.7254     -73.4290
                -78.6823     -81.1896     -62.7694     -61.3976     -72.6934
                -82.2052     -79.3536     -86.2059     -88.3162     -77.3758
                -58.9555     -62.6438     -76.7089     -68.1696     -67.0642
                -67.8459     -66.1677     -71.5253     -63.5592     -62.7416
                -63.7073     -57.1263     -61.6999     -59.4538     -64.2736
                -66.7839     -68.5069     -69.3932     -70.9109     -80.7175
   4      0     -70.1019     -77.6674     -83.7321     -70.1014     -65.9676
                -62.5470     -61.4702     -68.1748     -75.0511     -71.6194
                -81.7446     -84.3577     -69.4329     -69.7620     -68.1388
                -64.8188     -68.4034     -57.0301     -76.7543     -73.4498
                -78.6739     -81.2172     -62.7849     -61.4135     -72.7146
                -82.2549     -79.3717     -86.2316     -88.3446     -77.3772
                -58.9566     -62.6747     -76.7263     -68.2014     -67.0779
                -67.8979     -66.1874     -71.5685     -63.5799     -62.7636
                -63.7013     -57.1451     -61.7311     -59.4640     -64.2776
                -66.8325     -68.5037     -69.4216     -70.9166     -80.7531
   5      0     -70.1331     -77.6819     -83.7179     -70.0833     -65.9850
                -62.5400     -61.4837     -68.1834     -75.0668     -71.6237
                -81.7612     -84.3545     -69.4559     -69.7547     -68.1505
                -64.8530     -68.4159     -57.0228     -76.7704     -73.4628
                -78.6833     -81.2442     -62.8183     -61.4149     -72.7147
                -82.2875     -79.3798     -86.2467     -88.3590     -77.3865
                -58.9751     -62.6636     -76.7310     -68.2223     -67.1102
                -67.8968     -66.2238     -71.5648     -63.6130     -62.7700
                -63.7262     -57.1719     -61.7451     -59.4835     -64.3053
                -66.8423     -68.5546     -69.4102     -70.9210     -80.7459
   5     60     -70.4591     -78.0082     -84.0439     -70.4050     -66.3073
                -62.8597     -61.8041     -68.5069     -75.3909     -71.9486
                -82.0868     -84.6803     -69.7801     -70.0768     -68.4715
                -65.1742     -68.7395     -57.3456     -77.0937     -73.7863
                -79.0066     -81.5699     -63.1399     -61.7365     -73.0385
                -82.6115     -79.7035     -86.5718     -88.6853     -77.7099
                -59.2979     -62.9866     -77.0546     -68.5452     -67.4344
                -68.2184     -66.5440     -71.8882     -63.9348     -63.0914
                -64.0487     -57.4943     -62.0678     -59.8033     -64.6267
                -67.1648     -68.8786     -69.7345     -71.2461     -81.0693
   5     80     -71.2557     -78.8019     -84.8386     -71.1936     -67.0971
                -63.6451     -62.5884     -69.2935     -76.1831     -72.7406
                -82.8841     -85.4790     -70.5765     -70.8684     -69.2618
                -65.9613     -69.5322     -58.1392     -77.8852     -74.5774
                -79.7974     -82.3653     -63.9286     -62.5258     -73.8332
                -83.4073     -80.4977     -87.3674     -89.4818     -78.5013
                -60.0861     -63.7766     -77.8471     -69.3387     -68.2308
                -69.0094     -67.3327     -72.6826     -64.7285     -63.8813
                -64.8417     -58.2868     -62.8579     -60.5907     -65.4186
                -67.9600     -69.6735     -70.5316     -72.0457     -81.8628
   5    100     -72.4112     -79.9467     -85.9805     -72.3420     -68.2445
                -64.7885     -63.7338     -70.4365     -77.3299     -73.8901
                -84.0408     -86.6336     -71.7320     -72.0246     -70.4064
                -67.1218     -70.6925     -59.3055     -79.0394     -75.7330
                -80.9555     -83.5243     -65.0894     -63.6878     -74.9943
                -84.5557     -81.6432     -88.5196     -90.6345     -79.6508
                -61.2365     -64.9215     -79.0001     -70.4996     -69.3891
                -70.1540     -68.4878     -73.8365     -65.8843     -65.0357
                -66.0001     -59.4402     -64.0136     -61.7406     -66.5734
                -69.1188     -70.8272     -71.6869     -73.2100     -83.0213
 
 group  inft   Estimated free energy: 2-th solvent contribution (kcal/mol)
   1      0     -46.0507     -36.7859     -27.2327     -43.9164     -49.1961
                -52.5628     -54.2816     -46.5076     -39.5054     -41.6146
                -33.9979     -30.8736     -48.0940     -45.5687     -45.4186
                -51.3345     -46.4263     -61.3594     -34.9056     -39.4509
                -33.0478     -32.2872     -52.2092     -55.1012     -41.8300
                -31.1963     -36.3497     -26.6892     -21.3377     -35.3528
                -57.2537     -54.1569     -39.3544     -48.2742     -49.2746
                -46.5687     -50.4628     -45.3674     -53.9666     -53.9907
                -53.7514     -60.4807     -54.7915     -56.6585     -51.9162
                -48.2410     -47.0658     -47.1562     -44.5807     -33.0995
   1     60     -47.5283     -38.2744     -28.7144     -45.4014     -50.6807
                -54.0323     -55.7572     -47.9934     -40.9779     -43.0863
                -35.4904     -32.3801     -49.5733     -47.0323     -46.8957
                -52.8286     -47.9245     -62.8480     -36.4041     -40.9556
                -34.5536     -33.7955     -53.7073     -56.5917     -43.3250
                -32.6810     -37.8283     -28.1825     -22.8306     -36.8420
                -58.7200     -55.6254     -40.8290     -49.7626     -50.7653
                -48.0582     -51.9530     -46.8658     -55.4588     -55.4626
                -55.2283     -61.9482     -56.2596     -58.1263     -53.3973
                -49.7206     -48.5484     -48.6532     -46.0694     -34.5850
   1     80     -51.5000     -42.2579     -32.6908     -49.3595     -54.6306
                -57.9644     -59.7016     -51.9550     -44.9254     -47.0378
                -39.4917     -36.3798     -53.5258     -50.9601     -50.8525
                -56.7572     -51.8854     -66.7967     -40.3667     -44.9188
                -38.5316     -37.7715     -57.6692     -60.5244     -47.2919
                -36.6677     -41.7848     -32.1706     -26.8212     -40.8099
                -62.6459     -59.5703     -44.7991     -53.7406     -54.7219
                -52.0130     -55.9158     -50.8481     -59.4485     -59.3808
                -59.1841     -65.8898     -60.1928     -62.0754     -57.3543
                -53.6850     -52.5095     -52.6325     -50.0599     -38.5730
   1    100     -58.0919     -48.8409     -39.2690     -55.9481     -61.2029
                -64.5319     -66.2678     -58.5320     -51.5248     -53.5907
                -46.1023     -43.0062     -60.1292     -57.5459     -57.4210
                -63.3511     -58.4871     -73.4033     -46.9452     -51.5138
                -45.1669     -44.3898     -64.2955     -67.1259     -53.9086
                -43.2663     -48.3690     -38.7776     -33.4374     -47.4298
                -69.2158     -66.1375     -51.4269     -60.3300     -61.3052
                -58.5981     -62.5272     -57.4511     -66.0773     -65.9477
                -65.7818     -72.4715     -66.7469     -68.6562     -63.9579
                -60.2999     -59.1185     -59.2224     -56.7024     -45.1937
   2      0     -46.1124     -36.7686     -27.2643     -43.9842     -49.1997
                -52.6096     -54.2679     -46.5614     -39.4909     -41.5988
                -34.0187     -30.9111     -48.1217     -45.6267     -45.4318
                -51.3983     -46.4812     -61.3931     -34.9497     -39.5396
                -33.1467     -32.3623     -52.3007     -55.1153     -41.9160
                -31.2657     -36.3430     -26.7335     -21.3539     -35.3527
                -57.2299     -54.1455     -39.3682     -48.2390     -49.3031
                -46.6021     -50.4786     -45.3815     -53.9988     -54.0236
                -53.8054     -60.4828     -54.8331     -56.6942     -51.9996
                -48.2496     -47.0593     -47.1560     -44.5291     -33.0937
   3      0     -46.1502     -36.8291     -27.3537     -44.0535     -49.2191
                -52.6293     -54.3161     -46.6514     -39.5907     -41.6864
                -34.0908     -30.9437     -48.1235     -45.6339     -45.4829
                -51.3914     -46.5206     -61.4481     -34.9671     -39.5577
                -33.1856     -32.3968     -52.3456     -55.1270     -41.9003
                -31.3209     -36.3596     -26.7831     -21.4061     -35.4480
                -57.3315     -54.2196     -39.4726     -48.3064     -49.3933
                -46.6082     -50.5370     -45.4599     -54.0166     -54.0751
                -53.8570     -60.6104     -54.9412     -56.7496     -52.0290
                -48.2978     -47.1256     -47.1778     -44.5905     -33.1609
   4      0     -46.1024     -36.7764     -27.2864     -44.0227     -49.1570
                -52.6364     -54.2485     -46.5420     -39.4891     -41.5774
                -34.0311     -30.9059     -48.1206     -45.6217     -45.4754
                -51.3923     -46.4893     -61.4082     -34.8894     -39.5135
                -33.1772     -32.3531     -52.2776     -55.0675     -41.8840
                -31.2888     -36.3278     -26.7559     -21.3400     -35.3561
                -57.2465     -54.1676     -39.4211     -48.2248     -49.3113
                -46.5760     -50.4571     -45.3938     -54.0081     -54.0397
                -53.8433     -60.5085     -54.8630     -56.7100     -51.9875
                -48.2275     -47.0555     -47.1212     -44.5446     -33.0873
   5      0     -46.2322     -36.8893     -27.3748     -44.1378     -49.2328
                -52.7641     -54.3740     -46.7153     -39.6503     -41.7354
                -34.1751     -31.0147     -48.2441     -45.7334     -45.5754
                -51.4421     -46.5697     -61.4991     -35.0097     -39.6102
                -33.2710     -32.4244     -52.3669     -55.1470     -41.9830
                -31.4098     -36.4173     -26.8592     -21.4681     -35.4720
                -57.4144     -54.3270     -39.6067     -48.3673     -49.4276
                -46.6864     -50.5509     -45.4947     -54.1328     -54.0859
                -53.9530     -60.6237     -54.9890     -56.8082     -52.1186
                -48.3345     -47.1750     -47.1984     -44.6757     -33.2294
   5     60     -48.0508     -38.7234     -29.1963     -45.9497     -51.0412
                -54.5623     -56.1726     -48.5441     -41.4575     -43.5481
                -36.0013     -32.8475     -50.0487     -47.5197     -47.3736
                -53.2426     -48.3825     -63.2999     -36.8204     -41.4271
                -35.0959     -34.2512     -54.1802     -56.9481     -43.7927
                -33.2202     -38.2254     -28.6832     -23.2938     -37.2888
                -59.2159     -56.1330     -41.4234     -50.1795     -51.2318
                -48.4925     -52.3572     -47.3165     -55.9472     -55.8774
                -55.7578     -62.4181     -56.7883     -58.6017     -53.9199
                -50.1330     -48.9837     -49.0117     -46.4851     -35.0459
   5     80     -52.4181     -43.1044     -33.5722     -50.3134     -55.3984
                -58.9071     -60.4995     -52.9086     -45.8073     -47.8938
                -40.3976     -37.2597     -54.4141     -51.8449     -51.7323
                -57.5711     -52.7372     -67.6435     -41.1706     -45.7839
                -39.4731     -38.6288     -58.5391     -61.2822     -48.1541
                -37.5972     -42.5935     -33.0734     -27.6791     -41.6643
                -63.5447     -60.4832     -45.8007     -54.5542     -55.5908
                -52.8633     -56.7288     -51.7149     -60.3458     -60.2100
                -60.1211     -66.7602     -61.1204     -62.9432     -58.2855
                -54.4980     -53.3496     -53.3951     -50.8676     -39.4262
   5    100     -58.2577     -48.9310     -39.3916     -56.1663     -61.2582
                -64.7345     -66.3165     -58.7200     -51.6200     -53.7073
                -46.2677     -43.1387     -60.2720     -57.7038     -57.5542
                -63.4858     -58.6486     -73.5557     -47.0663     -51.6922
                -45.4208     -44.5584     -64.4656     -67.1909     -54.0546
                -43.4412     -48.4179     -38.9399     -33.5568     -47.5344
                -69.3567     -66.2850     -51.6660     -60.4320     -61.4561
                -58.6998     -62.6113     -57.5994     -66.2261     -66.0538
                -65.9933     -72.5751     -66.9474     -68.7671     -64.1536
                -60.3708     -59.1977     -59.2634     -56.7672     -45.3224
 
 
 cumulative average & 95% error for solvation free energy
              total             1st component         2nd component
  1  -116.2510              -70.1019              -46.1502
  2  -115.3768     1.7484   -73.8883     7.5728   -41.4897     9.3212
  3  -113.9306     3.0635   -77.1541     7.8598   -36.7777    10.8523
  4  -113.9752     2.1680   -75.3798     6.5940   -38.5966     8.4924
  5  -114.2158     1.7469   -73.4959     6.3471   -40.7211     7.8311
  6  -114.3709     1.4597   -71.6663     6.3440   -42.7058     7.5260
  7  -114.5689     1.2957   -70.2057     6.1058   -44.3644     7.1737
  8  -114.6013     1.1240   -69.9522     5.3120   -44.6503     6.2388
  9  -114.6009     0.9912   -70.5140     4.8176   -44.0881     5.6158
 10  -114.4698     0.9246   -70.6231     4.3145   -43.8480     5.0459
 11  -114.5939     0.8724   -71.6342     4.3955   -42.9609     4.8968
 12  -114.6510     0.8045   -72.6927     4.5367   -41.9595     4.8983
 13  -114.8720     0.8620   -72.4395     4.2038   -42.4337     4.6045
 14  -114.9061     0.8010   -72.2450     3.9113   -42.6623     4.2874
 15  -114.8188     0.7658   -71.9698     3.6826   -42.8503     4.0090
 16  -114.9060     0.7372   -71.5231     3.5587   -43.3841     3.8991
 17  -114.9063     0.6925   -71.3389     3.3631   -43.5686     3.6811
 18  -115.1038     0.7630   -70.5431     3.5478   -44.5619     3.9990
 19  -114.9242     0.8062   -70.8685     3.4184   -44.0569     3.9152
 20  -114.8273     0.7890   -70.9965     3.2531   -43.8320     3.7414
 21  -114.6863     0.8017   -71.3625     3.1797   -43.3250     3.7004
 22  -114.6362     0.7709   -71.8092     3.1606   -42.8283     3.6654
 23  -114.6570     0.7378   -71.4161     3.1207   -43.2421     3.5989
 24  -114.7348     0.7233   -70.9987     3.1023   -43.7373     3.5852
 25  -114.7291     0.6939   -71.0665     2.9787   -43.6638     3.4419
 26  -114.6828     0.6731   -71.4949     2.9874   -43.1891     3.4405
 27  -114.7209     0.6521   -71.7860     2.9329   -42.9361     3.3490
 28  -114.6590     0.6405   -72.3010     3.0081   -42.3592     3.4273
 29  -114.4887     0.7056   -72.8532     3.1056   -41.6367     3.6089
 30  -114.4332     0.6907   -73.0040     3.0154   -41.4304     3.5109
 31  -114.4929     0.6787   -72.5508     3.0541   -41.9434     3.5473
 32  -114.5670     0.6736   -72.2412     3.0212   -42.3270     3.5193
 33  -114.6159     0.6601   -72.3766     2.9407   -42.2405     3.4154
 34  -114.6705     0.6497   -72.2529     2.8636   -42.4189     3.3326
 35  -114.7216     0.6391   -72.1046     2.7964   -42.6182     3.2604
 36  -114.7141     0.6212   -71.9863     2.7279   -42.7290     3.1763
 37  -114.7679     0.6137   -71.8290     2.6717   -42.9400     3.1179
 38  -114.8262     0.6086   -71.8211     2.6005   -43.0063     3.0377
 39  -114.8967     0.6093   -71.6092     2.5681   -43.2887     3.0122
 40  -114.9446     0.6016   -71.3875     2.5421   -43.5583     2.9850
 41  -115.0085     0.6005   -71.2002     2.5074   -43.8095     2.9543
 42  -115.0734     0.6002   -70.8651     2.5371   -44.2095     2.9921
 43  -115.1098     0.5906   -70.6520     2.5138   -44.4591     2.9640
 44  -115.1347     0.5792   -70.3975     2.5082   -44.7384     2.9492
 45  -115.1606     0.5685   -70.2614     2.4669   -44.9004     2.9011
 46  -115.1589     0.5560   -70.1858     2.4174   -44.9743     2.8412
 47  -115.1689     0.5444   -70.1501     2.3665   -45.0201     2.7816
 48  -115.1981     0.5362   -70.1343     2.3169   -45.0650     2.7245
 49  -115.2043     0.5253   -70.1501     2.2693   -45.0553     2.6684
 50  -115.1777     0.5174   -70.3615     2.2633   -44.8174     2.6574
 
 Mesh error is    0.095 kcal/mol
