 ERmod 0.3.8, Copyright (C) 2000-2019 Nobuyuki Matubayasi
                            2010-2019 Shun Sakuraba
 ERmod comes with ABSOLUTELY NO WARRANTY.
 This is free software, and you can redistribute it
 and/or modify it under certain conditions.
 See LICENSE file for details.
 
  Number of the   1-th solvent  =          378
  Number of the   2-th solvent  =        10000
 
  Be sure that the solvent distribution is homogeneous (radial distribution function is essentially unity) when the solvent molecule is separated beyond distance of   10.0 Angstrom in any direction from any atom within the solute molecule
 
  LJ long-range correction    =        -1.1319     -7.1533
 
  Self-energy of the solute   =         0.0051  kcal/mol
 
 
 cumulative average & 95% error for solvation energy
              total             1st component         2nd component
  1  -486.0450              -89.9985             -396.0516
  2  -486.0374     0.0150   -74.7737    30.4496  -411.2688    30.4346
  3  -486.0361     0.0091   -64.1877    27.5193  -421.8535    27.5117
  4  -485.4693     1.1335   -57.4161    23.7082  -428.0584    23.0749
  5  -485.5857     0.9084   -60.4404    19.3347  -425.1505    18.7961
  6  -485.9249     1.0051   -63.3231    16.8066  -422.6069    16.1681
  7  -485.9821     0.8572   -65.6518    14.9482  -420.3354    14.4000
  8  -485.9012     0.7597   -69.0461    14.6175  -416.8602    14.2768
  9  -485.7023     0.7792   -70.0172    13.0369  -415.6902    12.8065
 10  -485.5211     0.7855   -70.8639    11.7829  -414.6623    11.6375
 11  -485.6278     0.7419   -71.2589    10.6873  -414.3741    10.5423
 12  -485.8220     0.7808   -72.4149    10.0263  -413.4123     9.8141
 13  -485.8915     0.7315   -74.9804    10.5541  -410.9163    10.3160
 14  -486.2991     1.0597   -76.3571    10.1517  -409.9471     9.7455
 15  -486.3795     0.9996   -77.4725     9.7104  -408.9121     9.3057
 16  -486.4883     0.9600   -76.8998     9.1552  -409.5936     8.8107
 17  -486.5203     0.9040   -76.1418     8.7324  -410.3836     8.4257
 18  -486.4530     0.8629   -77.3586     8.5852  -409.0995     8.3486
 19  -486.4125     0.8202   -77.7919     8.1669  -408.6256     7.9537
 20  -486.5179     0.8062   -77.7986     7.7478  -408.7245     7.5481
 21  -486.6715     0.8261   -77.5677     7.3841  -409.1089     7.2207
 22  -486.7541     0.8048   -77.3050     7.0600  -409.4543     6.9193
 23  -486.7977     0.7739   -76.9859     6.7762  -409.8169     6.6513
 24  -486.9881     0.8331   -77.7448     6.6629  -409.2484     6.4688
 25  -486.9827     0.7991   -77.4696     6.4145  -409.5182     6.2281
 26  -487.1260     0.8195   -76.7744     6.3178  -410.3567     6.2144
 27  -487.0375     0.8082   -76.6285     6.0863  -410.4142     5.9809
 28  -487.0267     0.7791   -76.5777     5.8658  -410.4541     5.7639
 29  -486.9999     0.7536   -76.0417     5.7605  -410.9633     5.6540
 30  -487.0272     0.7301   -75.9685     5.5671  -411.0638     5.4660
 31  -487.0619     0.7096   -75.6852     5.4143  -411.3819     5.3249
 32  -487.0115     0.6944   -75.3720     5.2796  -411.6447     5.1825
 33  -487.0219     0.6734   -74.8737     5.2133  -412.1532     5.1249
 34  -487.0315     0.6535   -74.6051     5.0861  -412.4315     5.0030
 35  -487.0628     0.6377   -74.7974     4.9536  -412.2705     4.8686
 36  -487.0445     0.6208   -74.9851     4.8286  -412.0645     4.7493
 37  -487.1054     0.6159   -75.5644     4.8371  -411.5461     4.7341
 38  -486.9546     0.6712   -76.8297     5.3450  -410.1300     5.4087
 39  -486.9817     0.6560   -77.1520     5.2459  -409.8348     5.3011
 40  -486.9775     0.6394   -77.2317     5.1156  -409.7509     5.1696
 41  -487.0169     0.6286   -77.2955     4.9909  -409.7265     5.0422
 42  -487.0138     0.6135   -77.1210     4.8831  -409.8980     4.9326
 43  -487.0019     0.5995   -76.7125     4.8377  -410.2945     4.8814
 44  -487.0269     0.5879   -76.0164     4.9272  -411.0156     4.9825
 45  -487.0411     0.5754   -75.3267     5.0101  -411.7196     5.0699
 46  -487.0135     0.5654   -74.9202     4.9670  -412.0984     5.0160
 47  -487.0327     0.5546   -74.8970     4.8604  -412.1409     4.9089
 48  -487.0415     0.5432   -74.4700     4.8340  -412.5766     4.8839
 49  -487.0428     0.5320   -74.1476     4.7781  -412.9003     4.8268
 50  -487.0420     0.5213   -73.9926     4.6918  -413.0545     4.7393
 
 
 group  inft  solvation free energy     error          difference
  total solvation free energy
   1      0       -106.92423           0.30064           0.01540
   1     60       -107.87857           0.29994          -0.93894
   1     80       -111.66660           0.29771          -4.72696
   1    100       -120.75300           0.30106         -13.81336
   2      0       -106.93300           0.30231           0.00664
   3      0       -106.93964           0.30425           0.00000
   4      0       -106.94642           0.30380          -0.00679
   5      0       -106.97421           0.30370          -0.03457
   5     60       -108.16287           0.30268          -1.22323
   5     80       -112.56472           0.30046          -5.62508
   5    100       -120.82456           0.30428         -13.88492
 
  contribution from  1-th solvent component
   1      0        -27.10420           1.83766           0.02025
   1     60        -27.13958           1.83771          -0.01513
   1     80        -27.29687           1.83801          -0.17242
   1    100        -27.73250           1.83791          -0.60805
   2      0        -27.11696           1.83694           0.00749
   3      0        -27.12445           1.83625          -0.00000
   4      0        -27.13160           1.83577          -0.00715
   5      0        -27.12452           1.83449          -0.00007
   5     60        -27.16919           1.83458          -0.04474
   5     80        -27.35621           1.83484          -0.23175
   5    100        -27.75638           1.83462          -0.63193
 
  contribution from  2-th solvent component
   1      0        -79.82514           1.99953          -0.00484
   1     60        -80.74411           1.99799          -0.92381
   1     80        -84.37484           1.99353          -4.55454
   1    100        -93.02562           1.99464         -13.20531
   2      0        -79.82115           2.00284          -0.00084
   3      0        -79.82030           2.00478           0.00000
   4      0        -79.81994           2.00310           0.00036
   5      0        -79.85480           2.00307          -0.03450
   5     60        -80.99879           2.00106          -1.17849
   5     80        -85.21363           1.99670          -5.39333
   5    100        -93.07330           1.99901         -13.25299
 
 
 group  inft   Estimated free energy: total (kcal/mol)
   1      0    -106.1941    -106.6672    -107.1035    -106.2661    -107.4166
               -106.9316    -106.5465    -106.1580    -105.8408    -105.3606
               -106.8563    -106.8739    -106.3297    -108.3788    -106.2818
               -107.7008    -106.4027    -105.9651    -106.0423    -106.9894
               -108.1673    -107.4716    -107.3481    -108.0201    -106.7586
               -109.0470    -106.1666    -106.9317    -106.9807    -107.7782
               -107.8218    -106.6738    -107.3050    -107.1642    -107.2265
               -106.3001    -107.0902    -101.7504    -106.1980    -106.3107
               -107.4702    -107.3122    -106.9375    -108.1220    -107.8734
               -106.6856    -107.9270    -108.1010    -107.6647    -107.3018
   1     60    -107.1597    -107.6178    -108.0439    -107.2064    -108.3696
               -107.8845    -107.4981    -107.1068    -106.7919    -106.3172
               -107.8145    -107.8303    -107.2914    -109.3403    -107.2401
               -108.6557    -107.3521    -106.9314    -107.0027    -107.9471
               -109.1276    -108.4246    -108.3051    -108.9811    -107.7092
               -109.9967    -107.1212    -107.8887    -107.9284    -108.7304
               -108.7764    -107.6255    -108.2536    -108.1117    -108.1876
               -107.2585    -108.0565    -102.7199    -107.1631    -107.2713
               -108.4277    -108.2635    -107.8857    -109.0703    -108.8169
               -107.6352    -108.8770    -109.0470    -108.6138    -108.2529
   1     80    -110.9659    -111.3966    -111.7993    -110.9517    -112.1625
               -111.6705    -111.2776    -110.8968    -110.5647    -110.1152
               -111.6160    -111.6324    -111.1053    -113.1533    -111.0472
               -112.4426    -111.1363    -110.7417    -110.8029    -111.7509
               -112.9182    -112.2126    -112.0690    -112.7889    -111.4972
               -113.7646    -110.9060    -111.6724    -111.6980    -112.5045
               -112.5743    -111.4015    -112.0213    -111.8826    -112.0001
               -111.0567    -111.8750    -106.5590    -110.9845    -111.0688
               -112.2326    -112.0550    -111.6560    -112.8460    -112.5696
               -111.4089    -112.6527    -112.8152    -112.3820    -112.0276
   1    100    -120.0761    -120.4848    -120.8727    -120.0145    -121.2962
               -120.7740    -120.3706    -120.0000    -119.6572    -119.1901
               -120.7010    -120.7114    -120.2040    -122.2539    -120.1165
               -121.5354    -120.1901    -119.8238    -119.8999    -120.8600
               -121.9696    -121.2762    -121.1193    -121.8707    -120.5854
               -122.8570    -119.9653    -120.7644    -120.7978    -121.6093
               -121.7109    -120.4927    -121.1112    -120.9767    -121.1195
               -120.1265    -120.9787    -115.5658    -120.0439    -120.1227
               -121.3140    -121.1391    -120.7415    -121.9594    -121.6480
               -120.4942    -121.7527    -121.9095    -121.4759    -121.1201
   2      0    -106.1738    -106.7751    -107.1647    -106.2692    -107.4226
               -106.9184    -106.5930    -106.1608    -105.8832    -105.4389
               -106.8475    -106.8479    -106.3139    -108.3636    -106.2575
               -107.6972    -106.3699    -105.9926    -106.0471    -106.9812
               -108.1439    -107.4728    -107.3072    -108.0368    -106.7575
               -109.0526    -106.1827    -106.9206    -106.9966    -107.8396
               -107.8350    -106.7113    -107.3158    -107.2340    -107.2366
               -106.2801    -107.0326    -101.7062    -106.1257    -106.3475
               -107.4426    -107.3051    -106.9656    -108.1613    -107.8841
               -106.7056    -108.0030    -108.1334    -107.6760    -107.3202
   3      0    -106.1960    -106.7807    -107.2139    -106.2701    -107.4277
               -106.9482    -106.6099    -106.1872    -105.8698    -105.4561
               -106.8741    -106.8583    -106.2947    -108.3114    -106.2557
               -107.6865    -106.3847    -106.0080    -106.0922    -106.9636
               -108.1226    -107.4948    -107.3066    -108.0294    -106.7525
               -109.0359    -106.2047    -106.9370    -106.9806    -107.8396
               -107.8685    -106.7081    -107.3407    -107.2076    -107.2562
               -106.3193    -107.0334    -101.6270    -106.1351    -106.3167
               -107.4545    -107.2875    -106.9721    -108.2284    -107.8661
               -106.7222    -108.0264    -108.1741    -107.6885    -107.3572
   4      0    -106.2110    -106.7926    -107.2333    -106.2775    -107.4293
               -106.8677    -106.6224    -106.1730    -105.8775    -105.4466
               -106.8771    -106.8681    -106.3430    -108.3355    -106.2704
               -107.7612    -106.4044    -106.0357    -106.0577    -106.9963
               -108.1510    -107.5031    -107.3434    -108.0596    -106.7433
               -109.0596    -106.1860    -106.9144    -107.0274    -107.8881
               -107.8465    -106.7428    -107.3436    -107.2557    -107.2851
               -106.3395    -107.0130    -101.6676    -106.1427    -106.3396
               -107.4625    -107.2611    -106.9269    -108.2236    -107.8974
               -106.6911    -107.9850    -108.1543    -107.6499    -107.3374
   5      0    -106.2625    -106.8659    -107.2737    -106.3256    -107.4885
               -106.9533    -106.6257    -106.2324    -105.8754    -105.4975
               -106.8632    -106.8433    -106.3575    -108.3577    -106.3091
               -107.7945    -106.3995    -106.0574    -106.0605    -106.9943
               -108.1611    -107.5310    -107.3368    -108.0632    -106.7760
               -109.0529    -106.2179    -106.9627    -107.0348    -107.9166
               -107.8891    -106.7525    -107.3785    -107.2964    -107.3282
               -106.3409    -107.0462    -101.7015    -106.1710    -106.3498
               -107.4995    -107.2327    -106.9766    -108.2814    -107.9340
               -106.7460    -108.0105    -108.2047    -107.7140    -107.3665
   5     60    -107.4612    -108.0488    -108.4439    -107.4968    -108.6757
               -108.1384    -107.8124    -107.4184    -107.0584    -106.6883
               -108.0544    -108.0351    -107.5558    -109.5553    -107.5074
               -108.9853    -107.5899    -107.2603    -107.2562    -108.1875
               -109.3548    -108.7222    -108.5253    -109.2636    -107.9618
               -110.2329    -107.4054    -108.1544    -108.2159    -109.1019
               -109.0793    -107.9366    -108.5596    -108.4755    -108.5233
               -107.5343    -108.2484    -102.9121    -107.3686    -107.5466
               -108.6954    -108.4188    -108.1581    -109.4620    -109.1080
               -107.9261    -109.1928    -109.3837    -108.8960    -108.5504
   5     80    -111.8858    -112.4440    -112.8174    -111.8551    -113.0877
               -112.5368    -112.2041    -111.8227    -111.4492    -111.1019
               -112.4690    -112.4426    -111.9877    -113.9848    -111.9309
               -113.3841    -111.9831    -111.6848    -111.6688    -112.6100
               -113.7550    -113.1215    -112.9061    -113.6812    -112.3645
               -114.6153    -111.8061    -112.5531    -112.6025    -113.4931
               -113.4916    -112.3319    -112.9429    -112.8609    -112.9472
               -111.9398    -112.6765    -107.3611    -111.7949    -111.9595
               -113.1138    -112.8166    -112.5428    -113.8509    -113.4695
               -112.3126    -113.5856    -113.7682    -113.2796    -112.9410
   5    100    -120.1552    -120.7165    -121.0830    -120.1039    -121.3984
               -120.8155    -120.4767    -120.1074    -119.7163    -119.3453
               -120.7230    -120.6921    -120.2523    -122.2518    -120.1776
               -121.6455    -120.2031    -119.9463    -119.9345    -120.8756
               -121.9796    -121.3580    -121.1270    -121.9191    -120.6212
               -122.8881    -120.0421    -120.8050    -120.8838    -121.7804
               -121.7979    -120.6051    -121.2109    -121.1380    -121.2271
               -120.1750    -120.9340    -115.5350    -120.0279    -120.1801
               -121.3714    -121.0726    -120.8066    -122.1409    -121.7312
               -120.5722    -121.8686    -122.0474    -121.5479    -121.2139
 
 group  inft   Estimated free energy: 1-th solvent contribution (kcal/mol)
   1      0     -33.2921     -20.9254     -14.5055     -12.0700     -26.6400
                -28.8612     -29.9221     -34.9791     -29.0289     -28.5480
                -27.4952     -31.3964     -39.5229     -35.1818     -34.2249
                -24.8060     -22.5736     -36.4089     -31.4380     -28.9042
                -26.6292     -26.3944     -25.4641     -35.8055     -25.8941
                -21.5688     -26.5700     -27.6457     -22.2564     -27.5405
                -24.5206     -23.8300     -21.3771     -24.3950     -30.3842
                -30.1902     -35.8999     -45.3570     -32.7412     -29.3785
                -29.3412     -25.3760     -21.4816     -15.8024     -15.6160
                -20.2753     -27.4715     -19.5613     -21.2537     -24.4645
   1     60     -33.3272     -20.9600     -14.5403     -12.1052     -26.6751
                -28.8967     -29.9580     -35.0153     -29.0644     -28.5839
                -27.5309     -31.4321     -39.5585     -35.2173     -34.2604
                -24.8411     -22.6093     -36.4442     -31.4729     -28.9396
                -26.6649     -26.4295     -25.4994     -35.8411     -25.9296
                -21.6043     -26.6047     -27.6818     -22.2919     -27.5762
                -24.5563     -23.8657     -21.4123     -24.4298     -30.4193
                -30.2256     -35.9359     -45.3927     -32.7768     -29.4138
                -29.3765     -25.4115     -21.5169     -15.8371     -15.6508
                -20.3101     -27.5075     -19.5961     -21.2888     -24.4999
   1     80     -33.4830     -21.1137     -14.6951     -12.2609     -26.8311
                -29.0545     -30.1170     -35.1762     -29.2211     -28.7424
                -27.6900     -31.5914     -39.7164     -35.3759     -34.4190
                -24.9976     -22.7688     -36.6009     -31.6282     -29.0978
                -26.8237     -26.5855     -25.6556     -35.9999     -26.0876
                -21.7622     -26.7591     -27.8418     -22.4498     -27.7341
                -24.7145     -24.0238     -21.5686     -24.5844     -30.5756
                -30.3828     -36.0965     -45.5526     -32.9361     -29.5709
                -29.5339     -25.5691     -21.6735     -15.9917     -15.8061
                -20.4647     -27.6668     -19.7505     -21.4443     -24.6567
   1    100     -33.9156     -21.5450     -15.1293     -12.6960     -27.2668
                -29.4901     -30.5557     -35.6164     -29.6559     -29.1784
                -28.1281     -32.0278     -40.1514     -35.8108     -34.8510
                -25.4322     -23.2057     -37.0324     -32.0601     -29.5348
                -27.2599     -27.0192     -26.0895     -36.4357     -26.5245
                -22.1998     -27.1908     -28.2815     -22.8884     -28.1731
                -25.1538     -24.4613     -22.0049     -25.0181     -31.0109
                -30.8177     -36.5332     -45.9838     -33.3713     -30.0063
                -29.9690     -26.0056     -22.1095     -16.4280     -16.2412
                -20.8994     -28.1071     -20.1855     -21.8786     -25.0939
   2      0     -33.3127     -20.9499     -14.5174     -12.0887     -26.6472
                -28.8801     -29.9304     -34.9713     -29.0549     -28.5639
                -27.4929     -31.3981     -39.5396     -35.1855     -34.2354
                -24.8148     -22.5671     -36.4316     -31.4490     -28.9094
                -26.6315     -26.3995     -25.4746     -35.8234     -25.9042
                -21.5795     -26.5940     -27.6605     -22.2607     -27.5720
                -24.5390     -23.8476     -21.3918     -24.4173     -30.4125
                -30.1998     -35.9027     -45.3501     -32.7539     -29.3954
                -29.3650     -25.3844     -21.5041     -15.8227     -15.6325
                -20.2859     -27.4621     -19.5923     -21.2711     -24.4781
   3      0     -33.3187     -20.9509     -14.5275     -12.0874     -26.6653
                -28.8925     -29.9422     -34.9868     -29.0601     -28.5769
                -27.5021     -31.4107     -39.5408     -35.1903     -34.2297
                -24.8253     -22.5735     -36.4437     -31.4630     -28.9228
                -26.6311     -26.4230     -25.4815     -35.8328     -25.9137
                -21.5894     -26.5905     -27.6557     -22.2780     -27.5930
                -24.5445     -23.8567     -21.4133     -24.4297     -30.4208
                -30.2117     -35.9030     -45.3228     -32.7592     -29.3970
                -29.3578     -25.3875     -21.5020     -15.8290     -15.6321
                -20.3106     -27.4768     -19.6048     -21.2844     -24.4797
   4      0     -33.3274     -20.9634     -14.5333     -12.1060     -26.6705
                -28.8917     -29.9417     -34.9602     -29.0737     -28.5832
                -27.5152     -31.4149     -39.5526     -35.2043     -34.2463
                -24.8342     -22.5802     -36.4546     -31.4768     -28.9197
                -26.6350     -26.4205     -25.4882     -35.8359     -25.9240
                -21.5969     -26.6062     -27.6790     -22.2807     -27.5980
                -24.5500     -23.8632     -21.4200     -24.4378     -30.4378
                -30.2104     -35.9073     -45.3205     -32.7678     -29.4093
                -29.3716     -25.3920     -21.5219     -15.8418     -15.6442
                -20.3092     -27.4746     -19.6179     -21.2854     -24.4829
   5      0     -33.3342     -20.9759     -14.5418     -12.1006     -26.6692
                -28.8883     -29.9308     -34.9579     -29.0586     -28.5713
                -27.4978     -31.4130     -39.5309     -35.1942     -34.2504
                -24.8334     -22.5619     -36.4429     -31.4742     -28.9124
                -26.6335     -26.4140     -25.4698     -35.8149     -25.9223
                -21.5835     -26.5792     -27.6649     -22.2738     -27.5967
                -24.5672     -23.8617     -21.4183     -24.4333     -30.4339
                -30.1995     -35.9065     -45.2846     -32.7452     -29.3904
                -29.3541     -25.3805     -21.5117     -15.8480     -15.6478
                -20.3176     -27.4739     -19.6036     -21.2798     -24.4760
   5     60     -33.3786     -21.0196     -14.5858     -12.1449     -26.7136
                -28.9332     -29.9761     -35.0036     -29.1032     -28.6165
                -27.5430     -31.4582     -39.5758     -35.2391     -34.2954
                -24.8778     -22.6073     -36.4876     -31.5184     -28.9572
                -26.6786     -26.4582     -25.5144     -35.8600     -25.9670
                -21.6284     -26.6229     -27.7103     -22.3187     -27.6416
                -24.6122     -23.9067     -21.4627     -24.4771     -30.4782
                -30.2441     -35.9520     -45.3302     -32.7902     -29.4351
                -29.3989     -25.4253     -21.5561     -15.8919     -15.6919
                -20.3614     -27.5191     -19.6475     -21.3238     -24.5206
   5     80     -33.5644     -21.2032     -14.7705     -12.3305     -26.9002
                -29.1210     -30.1653     -35.1946     -29.2898     -28.8052
                -27.7317     -31.6469     -39.7636     -35.4270     -34.4835
                -25.0635     -22.7968     -36.6738     -31.7036     -29.1448
                -26.8670     -26.6434     -25.7006     -36.0485     -26.1548
                -21.8165     -26.8064     -27.9001     -22.5065     -27.8299
                -24.8004     -24.0949     -21.6488     -24.6612     -30.6640
                -30.4306     -36.1419     -45.5185     -32.9787     -29.6216
                -29.5861     -25.6125     -21.7422     -16.0766     -15.8767
                -20.5455     -27.7085     -19.8319     -21.5086     -24.7073
   5    100     -33.9625     -21.5998     -15.1702     -12.7309     -27.3015
                -29.5217     -30.5691     -35.5983     -29.6895     -29.2050
                -28.1335     -32.0474     -40.1622     -35.8260     -34.8805
                -25.4628     -23.1975     -37.0710     -32.1009     -29.5457
                -27.2674     -27.0415     -26.0995     -36.4482     -26.5557
                -22.2190     -27.2021     -28.3031     -22.9096     -28.2340
                -25.2049     -24.4971     -22.0503     -25.0601     -31.0646
                -30.8299     -36.5424     -45.9120     -33.3773     -30.0205
                -29.9858     -26.0130     -22.1429     -16.4782     -16.2773
                -20.9447     -28.1123     -20.2324     -21.9077     -25.1094
 
 group  inft   Estimated free energy: 2-th solvent contribution (kcal/mol)
   1      0     -72.9072     -85.7470     -92.6031     -94.2012     -80.7818
                -78.0755     -76.6295     -71.1841     -76.8170     -76.8176
                -79.3662     -75.4826     -66.8119     -73.2021     -72.0619
                -82.8999     -83.8342     -69.5613     -74.6094     -78.0903
                -81.5433     -81.0823     -81.8891     -72.2198     -80.8697
                -87.4833     -79.6017     -79.2911     -84.7294     -80.2428
                -83.3063     -82.8489     -85.9330     -82.7743     -76.8474
                -76.1150     -71.1955     -56.3985     -73.4619     -76.9373
                -78.1340     -81.9413     -85.4611     -92.3248     -92.2625
                -86.4155     -80.4606     -88.5448     -86.4160     -82.8423
   1     60     -73.8376     -86.6629     -93.5087     -95.1063     -81.6997
                -78.9929     -77.5452     -72.0967     -77.7327     -77.7385
                -80.2887     -76.4033     -67.7380     -74.1281     -72.9848
                -83.8197     -84.7479     -70.4923     -75.5350     -79.0126
                -82.4678     -82.0003     -82.8108     -73.1452     -81.7848
                -88.3975     -80.5216     -80.2121     -85.6416     -81.1593
                -84.2253     -83.7649     -86.8465     -83.6870     -77.7734
                -77.0381     -72.1257     -57.3324     -74.3914     -77.8626
                -79.0563     -82.8571     -86.3739     -93.2383     -93.1712
                -87.3302     -81.3746     -89.4560     -87.3302     -83.7581
   1     80     -77.4880     -90.2880     -97.1094     -98.6959     -85.3365
                -82.6211     -81.1657     -75.7257     -81.3487     -81.3779
                -83.9312     -80.0462     -71.3940     -77.7825     -76.6333
                -87.4501     -88.3726     -74.1459     -79.1798     -82.6583
                -86.0997     -85.6322     -86.4185     -76.7942     -85.4147
                -92.0074     -84.1521     -83.8357     -89.2533     -84.7755
                -87.8649     -87.3827     -90.4579     -87.3033     -81.4296
                -80.6791     -75.7836     -61.0116     -78.0535     -81.5030
                -82.7038     -86.4910     -89.9876     -96.8593     -96.7686
                -90.9493     -84.9911     -93.0697     -90.9428     -87.3760
   1    100     -86.1656     -98.9449    -105.7486    -107.3236     -94.0345
                -91.2890     -89.8201     -84.3887     -90.0064     -90.0168
                -92.5780     -88.6887     -80.0577     -86.4482     -85.2706
                -96.1084     -96.9895     -82.7965     -87.8449     -91.3304
                -94.7148     -94.2620     -95.0350     -85.4401     -94.0660
               -100.6623     -92.7796     -92.4880     -97.9146     -93.4413
                -96.5622     -96.0365     -99.1114     -95.9637     -90.1137
                -89.3139     -84.4505     -69.5871     -86.6777     -90.1215
                -91.3501     -95.1386     -98.6371    -105.5366    -105.4119
                -99.5999     -93.6507    -101.7291     -99.6024     -96.0313
   2      0     -72.8662     -85.8303     -92.6524     -94.1856     -80.7805
                -78.0434     -76.6677     -71.1946     -76.8334     -76.8801
                -79.3597     -75.4549     -66.7794     -73.1832     -72.0272
                -82.8875     -83.8079     -69.5661     -74.6031     -78.0769
                -81.5175     -81.0784     -81.8378     -72.2185     -80.8584
                -87.4782     -79.5939     -79.2651     -84.7410     -80.2727
                -83.3011     -82.8688     -85.9290     -82.8218     -76.8292
                -76.0855     -71.1350     -56.3612     -73.3769     -76.9573
                -78.0827     -81.9258     -85.4666     -92.3438     -92.2568
                -86.4249     -80.5460     -88.5462     -86.4100     -82.8472
   3      0     -72.8824     -85.8349     -92.6915     -94.1878     -80.7675
                -78.0608     -76.6729     -71.2056     -76.8148     -76.8843
                -79.3771     -75.4527     -66.7590     -73.1262     -72.0311
                -82.8663     -83.8163     -69.5695     -74.6343     -78.0460
                -81.4966     -81.0769     -81.8302     -72.2017     -80.8439
                -87.4516     -79.6193     -79.2864     -84.7077     -80.2517
                -83.3291     -82.8566     -85.9325     -82.7830     -76.8405
                -76.1127     -71.1355     -56.3093     -73.3810     -76.9248
                -78.1018     -81.9051     -85.4752     -92.4045     -92.2391
                -86.4167     -80.5547     -88.5744     -86.4092     -82.8826
   4      0     -72.8887     -85.8343     -92.7052     -94.1766     -80.7640
                -77.9811     -76.6858     -71.2179     -76.8090     -76.8685
                -79.3670     -75.4583     -66.7955     -73.1362     -72.0292
                -82.9321     -83.8293     -69.5862     -74.5860     -78.0816
                -81.5210     -81.0877     -81.8603     -72.2288     -80.8244
                -87.4679     -79.5849     -79.2405     -84.7518     -80.2952
                -83.3016     -82.8847     -85.9288     -82.8230     -76.8524
                -76.1342     -71.1108     -56.3522     -73.3800     -76.9354
                -78.0960     -81.8742     -85.4101     -92.3869     -92.2582
                -86.3871     -80.5155     -88.5415     -86.3696     -82.8596
   5      0     -72.9335     -85.8951     -92.7369     -94.2301     -80.8244
                -78.0701     -76.7000     -71.2796     -76.8219     -76.9312
                -79.3705     -75.4354     -66.8318     -73.1686     -72.0638
                -82.9663     -83.8427     -69.6196     -74.5915     -78.0870
                -81.5327     -81.1221     -81.8720     -72.2533     -80.8588
                -87.4745     -79.6438     -79.3030     -84.7661     -80.3250
                -83.3270     -82.8959     -85.9652     -82.8682     -76.8995
                -76.1465     -71.1447     -56.4220     -73.4310     -76.9645
                -78.1505     -81.8573     -85.4701     -92.4386     -92.2913
                -86.4335     -80.5417     -88.6062     -86.4393     -82.8956
   5     60     -74.0878     -87.0343     -93.8633     -95.3571     -81.9672
                -79.2104     -77.8414     -72.4199     -77.9603     -78.0769
                -80.5166     -76.5821     -67.9851     -74.3213     -73.2171
                -84.1127     -84.9877     -70.7778     -75.7429     -79.2355
                -82.6813     -82.2691     -83.0160     -73.4087     -81.9999
                -88.6096     -80.7876     -80.4493     -85.9023     -81.4654
                -84.4723     -84.0350     -87.1021     -84.0035     -78.0502
                -77.2954     -72.3015     -57.5870     -74.5835     -78.1167
                -79.3016     -82.9986     -86.6071     -93.5752     -93.4213
                -87.5698     -81.6788     -89.7413     -87.5773     -84.0350
   5     80     -78.3266     -91.2459     -98.0521     -99.5298     -86.1926
                -83.4209     -82.0439     -76.6332     -82.1645     -82.3019
                -84.7425     -80.8008     -72.2292     -78.5628     -77.4525
                -88.3257     -89.1915     -75.0161     -79.9703     -83.4703
                -86.8932     -86.4832     -87.2106     -77.6378     -86.2148
                -92.8039     -85.0048     -84.6581     -90.1010     -85.6684
                -88.6962     -88.2421     -91.2992     -88.2048     -82.2882
                -81.5143     -76.5397     -61.8477     -78.8214     -82.3430
                -83.5329     -87.2092     -90.8057     -97.7795     -97.5979
                -91.7722     -85.8823     -93.9414     -91.7762     -88.2388
   5    100     -86.1979     -99.1218    -105.9179    -107.3782     -94.1020
                -91.2990     -89.9127     -84.5141     -90.0319     -90.1455
                -92.5946     -88.6498     -80.0952     -86.4309     -85.3021
                -96.1878     -97.0107     -82.8804     -87.8387     -91.3349
                -94.7173     -94.3216     -95.0326     -85.4760     -94.0706
               -100.6742     -92.8451     -92.5070     -97.9794     -93.5515
                -96.5981     -96.1131     -99.1657     -96.0830     -90.1676
                -89.3501     -84.3967     -69.6282     -86.6558     -90.1648
                -91.3908     -95.0647     -98.6689    -105.6678    -105.4589
                -99.6326     -93.7614    -101.8202     -99.6453     -96.1096
 
 
 cumulative average & 95% error for solvation free energy
              total             1st component         2nd component
  1  -106.1960              -33.3187              -72.8824
  2  -106.4883     0.5847   -27.1348    12.3678   -79.3587    12.9525
  3  -106.7302     0.5899   -22.9324    11.0286   -83.8029    11.6159
  4  -106.6151     0.4763   -20.2211     9.4983   -86.3992     9.7173
  5  -106.7777     0.4917   -21.5100     7.7958   -85.2728     7.8568
  6  -106.8061     0.4055   -22.7404     6.8244   -84.0708     6.8507
  7  -106.7781     0.3473   -23.7692     6.1237   -83.0140     6.1637
  8  -106.7042     0.3351   -25.1714     5.9991   -81.5379     6.0998
  9  -106.6115     0.3489   -25.6035     5.3609   -81.0131     5.4810
 10  -106.4960     0.3883   -25.9008     4.8316   -80.6002     4.9714
 11  -106.5303     0.3579   -26.0464     4.3801   -80.4891     4.5023
 12  -106.5577     0.3312   -26.4934     4.0972   -80.0694     4.1949
 13  -106.5374     0.3074   -27.4971     4.2701   -79.0455     4.3684
 14  -106.6641     0.3811   -28.0466     4.1032   -78.6227     4.1318
 15  -106.6369     0.3589   -28.4588     3.9079   -78.1832     3.9456
 16  -106.7025     0.3604   -28.2317     3.6836   -78.4759     3.7369
 17  -106.6838     0.3406   -27.8989     3.5236   -78.7901     3.5660
 18  -106.6463     0.3298   -28.3736     3.4551   -78.2778     3.5147
 19  -106.6171     0.3174   -28.5362     3.2843   -78.0860     3.3466
 20  -106.6344     0.3031   -28.5555     3.1160   -78.0840     3.1749
 21  -106.7053     0.3212   -28.4639     2.9696   -78.2465     3.0374
 22  -106.7412     0.3146   -28.3711     2.8374   -78.3752     2.9074
 23  -106.7658     0.3046   -28.2455     2.7229   -78.5254     2.7943
 24  -106.8184     0.3101   -28.5616     2.6825   -78.2619     2.7268
 25  -106.8158     0.2974   -28.4557     2.5817   -78.3652     2.6236
 26  -106.9012     0.3329   -28.1916     2.5360   -78.7147     2.6158
 27  -106.8754     0.3245   -28.1323     2.4432   -78.7482     2.5179
 28  -106.8776     0.3127   -28.1153     2.3546   -78.7674     2.4266
 29  -106.8811     0.3018   -27.9140     2.3073   -78.9722     2.3770
 30  -106.9131     0.2985   -27.9033     2.2292   -79.0149     2.2980
 31  -106.9439     0.2952   -27.7949     2.1669   -79.1541     2.2400
 32  -106.9365     0.2862   -27.6719     2.1125   -79.2698     2.1812
 33  -106.9488     0.2785   -27.4822     2.0823   -79.4717     2.1523
 34  -106.9564     0.2706   -27.3924     2.0281   -79.5691     2.0971
 35  -106.9650     0.2633   -27.4790     1.9769   -79.4911     2.0422
 36  -106.9470     0.2584   -27.5549     1.9272   -79.3973     1.9936
 37  -106.9494     0.2514   -27.7805     1.9279   -79.1740     1.9897
 38  -106.8093     0.3719   -28.2421     2.0914   -78.5723     2.2801
 39  -106.7920     0.3639   -28.3580     2.0502   -78.4392     2.2367
 40  -106.7801     0.3555   -28.3839     1.9989   -78.4013     2.1814
 41  -106.7966     0.3483   -28.4077     1.9501   -78.3940     2.1276
 42  -106.8083     0.3407   -28.3358     1.9086   -78.4776     2.0830
 43  -106.8121     0.3327   -28.1769     1.8906   -78.6403     2.0599
 44  -106.8443     0.3314   -27.8962     1.9305   -78.9531     2.1075
 45  -106.8670     0.3271   -27.6237     1.9642   -79.2484     2.1431
 46  -106.8638     0.3200   -27.4647     1.9472   -79.4042     2.1191
 47  -106.8886     0.3170   -27.4650     1.9053   -79.4287     2.0741
 48  -106.9153     0.3149   -27.3012     1.8937   -79.6192     2.0658
 49  -106.9311     0.3100   -27.1784     1.8709   -79.7578     2.0421
 50  -106.9396     0.3042   -27.1245     1.8363   -79.8203     2.0048
 
 Mesh error is    0.035 kcal/mol
