 ERmod 0.3.8, Copyright (C) 2000-2019 Nobuyuki Matubayasi
                            2010-2019 Shun Sakuraba
 ERmod comes with ABSOLUTELY NO WARRANTY.
 This is free software, and you can redistribute it
 and/or modify it under certain conditions.
 See LICENSE file for details.
 
  Number of the   1-th solvent  =          378
  Number of the   2-th solvent  =        10000
 
  Be sure that the solvent distribution is homogeneous (radial distribution function is essentially unity) when the solvent molecule is separated beyond distance of   10.0 Angstrom in any direction from any atom within the solute molecule
 
  LJ long-range correction    =        -1.1319     -7.1533
 
  Self-energy of the solute   =        -0.0090  kcal/mol
 
 
 cumulative average & 95% error for solvation energy
              total             1st component         2nd component
  1  -460.3010              -85.5838             -374.7081
  2  -459.7199     1.1621   -89.4423     7.7169  -370.2686     8.8790
  3  -459.3178     1.0474   -76.9863    25.3073  -382.3225    24.6467
  4  -458.8214     1.2386   -78.7028    18.2213  -380.1096    17.9810
  5  -459.3692     1.4563   -81.2364    14.9962  -378.1237    14.4833
  6  -459.5361     1.2351   -80.5877    12.3129  -378.9394    11.9375
  7  -459.8354     1.2033   -75.7563    14.2007  -384.0701    14.3904
  8  -459.9534     1.0685   -71.0397    15.4994  -388.9046    15.7735
  9  -459.7893     0.9978   -67.4826    15.4097  -392.2977    15.4779
 10  -459.9800     0.9705   -65.1055    14.5797  -394.8654    14.7657
 11  -459.8648     0.9075   -63.6435    13.5082  -396.2123    13.6250
 12  -459.8516     0.8289   -61.6742    12.9449  -398.1684    13.0386
 13  -459.6971     0.8227   -61.1775    11.9489  -398.5105    12.0133
 14  -459.7054     0.7619   -61.6025    11.0952  -398.0939    11.1533
 15  -459.5290     0.7921   -63.6877    11.1392  -395.8323    11.3256
 16  -459.5255     0.7410   -65.9203    11.3362  -393.5961    11.4994
 17  -459.4840     0.7010   -67.1953    10.9496  -392.2796    11.1181
 18  -459.3976     0.6831   -68.4057    10.6034  -390.9829    10.7983
 19  -459.4061     0.6464   -68.4627    10.0304  -390.9344    10.2147
 20  -459.4148     0.6134   -69.0115     9.5788  -390.3943     9.7505
 21  -459.4124     0.5835   -69.8114     9.2507  -389.5920     9.4124
 22  -459.2881     0.6094   -70.2450     8.8627  -389.0341     9.0434
 23  -459.2588     0.5852   -71.2171     8.6889  -388.0327     8.8704
 24  -459.3311     0.5787   -71.8914     8.4276  -387.4308     8.5776
 25  -459.3172     0.5558   -72.1049     8.0947  -387.2033     8.2399
 26  -459.2408     0.5554   -72.0956     7.7772  -387.1362     7.9178
 27  -459.2321     0.5347   -73.0143     7.7059  -386.2088     7.8414
 28  -459.2398     0.5155   -73.8648     7.6179  -385.3660     7.7419
 29  -459.1618     0.5213   -73.6306     7.3654  -385.5221     7.4767
 30  -459.1753     0.5043   -73.5107     7.1197  -385.6556     7.2281
 31  -459.1942     0.4893   -74.1197     6.9931  -385.0655     7.0900
 32  -459.1795     0.4747   -74.9103     6.9532  -384.2602     7.0513
 33  -459.1177     0.4764   -75.6547     6.9017  -383.4540     7.0219
 34  -459.0338     0.4916   -76.2174     6.7895  -382.8075     6.9339
 35  -459.0280     0.4775   -76.7067     6.6649  -382.3123     6.8053
 36  -458.9847     0.4721   -77.0917     6.5227  -381.8840     6.6688
 37  -459.0073     0.4614   -77.5749     6.4172  -381.4233     6.5511
 38  -458.9929     0.4500   -78.3579     6.4393  -380.6260     6.5728
 39  -458.9931     0.4383   -78.9427     6.3802  -380.0414     6.5079
 40  -459.0219     0.4311   -79.6202     6.3645  -379.3926     6.4745
 41  -458.9821     0.4279   -80.1675     6.3031  -378.8056     6.4228
 42  -458.9838     0.4176   -80.5242     6.1925  -378.4506     6.3081
 43  -459.0073     0.4105   -81.1214     6.1636  -377.8769     6.2656
 44  -459.0250     0.4026   -81.6571     6.1165  -377.3588     6.2087
 45  -459.0792     0.4082   -81.3619     6.0081  -377.7082     6.1092
 46  -459.1111     0.4043   -80.4747     6.1381  -378.6273     6.2513
 47  -459.1647     0.4099   -79.7877     6.1612  -379.3681     6.2937
 48  -459.1939     0.4055   -79.0920     6.1899  -380.0930     6.3295
 49  -459.2051     0.3977   -79.2386     6.0694  -379.9575     6.2049
 50  -459.2209     0.3910   -79.2633     5.9469  -379.9486     6.0795
 
 
 group  inft  solvation free energy     error          difference
  total solvation free energy
   1      0        -93.76726           0.27444           0.12277
   1     60        -94.57547           0.27322          -0.68544
   1     80        -97.90317           0.26946          -4.01315
   1    100       -106.33545           0.26637         -12.44543
   2      0        -93.86180           0.26994           0.02822
   3      0        -93.89003           0.27193           0.00000
   4      0        -93.90041           0.26627          -0.01038
   5      0        -93.93669           0.27067          -0.04666
   5     60        -94.94976           0.26848          -1.05974
   5     80        -98.83933           0.26523          -4.94930
   5    100       -106.56010           0.25947         -12.67008
 
  contribution from  1-th solvent component
   1      0        -28.53598           2.33738           0.01769
   1     60        -28.56408           2.33743          -0.01041
   1     80        -28.69369           2.33765          -0.14002
   1    100        -29.08092           2.33785          -0.52726
   2      0        -28.56541           2.33727          -0.01174
   3      0        -28.55367           2.33389           0.00000
   4      0        -28.56455           2.33534          -0.01088
   5      0        -28.56566           2.33441          -0.01199
   5     60        -28.60170           2.33452          -0.04803
   5     80        -28.75805           2.33474          -0.20438
   5    100        -29.11635           2.33500          -0.56269
 
  contribution from  2-th solvent component
   1      0        -65.22226           2.55105           0.10508
   1     60        -66.00237           2.54911          -0.67503
   1     80        -69.20046           2.54314          -3.87312
   1    100        -77.24551           2.53617         -11.91817
   2      0        -65.28738           2.54774           0.03996
   3      0        -65.32734           2.54607           0.00000
   4      0        -65.32685           2.54157           0.00050
   5      0        -65.36201           2.54479          -0.03467
   5     60        -66.33905           2.54195          -1.01171
   5     80        -70.07226           2.53663          -4.74492
   5    100        -77.43473           2.52769         -12.10739
 
 
 group  inft   Estimated free energy: total (kcal/mol)
   1      0     -94.4629     -93.3672     -94.0870     -93.1504     -94.4099
                -94.7568     -95.8100     -95.2599     -94.4431     -95.7190
                -94.2892     -94.9894     -93.3088     -94.0490     -92.5124
                -93.4997     -93.9909     -92.9443     -94.6389     -94.1438
                -93.8976     -92.1608     -93.0028     -93.8541     -93.7763
                -93.3847     -92.9029     -92.9484     -92.9530     -93.7045
                -93.2428     -92.9289     -92.5418     -92.8882     -93.2040
                -92.8196     -93.4927     -92.8027     -93.0295     -93.3972
                -92.1811     -93.1827     -92.7170     -93.5289     -95.1270
                -95.3761     -95.8845     -95.4756     -94.1290     -93.9955
   1     60     -95.2849     -94.1871     -94.8875     -93.9658     -95.2309
                -95.5650     -96.6154     -96.0561     -95.2371     -96.5171
                -95.0858     -95.7835     -94.1177     -94.8596     -93.3311
                -94.3181     -94.8047     -93.7411     -95.4373     -94.9362
                -94.6967     -92.9652     -93.8070     -94.6505     -94.5761
                -94.1884     -93.7175     -93.7587     -93.7490     -94.4976
                -94.0486     -93.7374     -93.3518     -93.7028     -94.0033
                -93.6291     -94.3082     -93.6278     -93.8541     -94.2269
                -92.9999     -94.0053     -93.5316     -94.3533     -95.9352
                -96.1729     -96.6849     -96.2701     -94.9440     -94.8174
   1     80     -98.6369     -97.5382     -98.1886     -97.2967     -98.5928
                -98.8786     -99.9288     -99.3463     -98.5204     -99.8138
                -98.3749     -99.0622     -97.4347     -98.1998     -96.6650
                -97.6717     -98.1490     -97.0694     -98.7477     -98.2676
                -98.0015     -96.2830     -97.1198     -97.9537     -97.8918
                -97.5017     -97.0575     -97.0985     -97.0438     -97.7856
                -97.3811     -97.0648     -96.6825     -97.0417     -97.3247
                -96.9789     -97.6530     -97.0049     -97.2144     -97.6354
                -96.3582     -97.3678     -96.8845     -97.7185     -99.2653
                -99.4629     -99.9842     -99.5528     -98.2772     -98.1857
   1    100    -107.1038    -105.9965    -106.5604    -105.7385    -107.0556
               -107.3092    -108.3642    -107.7484    -106.9015    -108.2045
               -106.7600    -107.4297    -105.8383    -106.6537    -105.1244
               -106.1673    -106.6298    -105.4894    -107.1725    -106.6890
               -106.4165    -104.6784    -105.5362    -106.3630    -106.3150
               -105.9211    -105.4917    -105.5219    -105.4216    -106.1815
               -105.8240    -105.5243    -105.1101    -105.4860    -105.7283
               -105.4417    -106.0910    -105.5031    -105.7026    -106.1564
               -104.7965    -105.8219    -105.3480    -106.2037    -107.7019
               -107.8543    -108.3895    -107.9319    -106.7030    -106.6709
   2      0     -94.4992     -93.4042     -94.1178     -93.1901     -94.4305
                -94.7267     -95.9035     -95.3201     -94.4535     -95.7792
                -94.3440     -95.0989     -93.4380     -94.2422     -92.6739
                -93.4751     -94.0279     -93.1292     -94.6973     -94.2677
                -94.0302     -92.2301     -93.1437     -94.0159     -93.9444
                -93.5119     -93.1055     -93.0669     -93.0354     -93.8474
                -93.3766     -93.0516     -92.6378     -92.9429     -93.3848
                -92.9191     -93.6732     -92.8797     -93.0794     -93.4941
                -92.2783     -93.2630     -92.8402     -93.6355     -95.1693
                -95.4511     -95.9170     -95.6129     -94.2499     -94.0830
   3      0     -94.5624     -93.4466     -94.1452     -93.2345     -94.4706
                -94.7896     -95.9209     -95.3726     -94.5264     -95.8295
                -94.3675     -95.1109     -93.4557     -94.2305     -92.7207
                -93.4881     -94.1110     -93.2085     -94.7805     -94.2627
                -94.0578     -92.2760     -93.1428     -94.0022     -93.9698
                -93.5255     -93.1098     -93.0652     -93.0681     -93.8510
                -93.4185     -93.0339     -92.6778     -92.9594     -93.4039
                -92.9809     -93.6594     -92.9022     -93.0680     -93.5454
                -92.2818     -93.3264     -92.8041     -93.6681     -95.2299
                -95.4764     -95.9802     -95.6364     -94.2292     -94.1169
   4      0     -94.5304     -93.4267     -94.0757     -93.2580     -94.4328
                -94.7438     -95.8922     -95.3515     -94.5088     -95.7877
                -94.3395     -95.0924     -93.4116     -94.2691     -92.6968
                -93.5895     -94.0549     -93.2672     -94.8016     -94.3070
                -94.1180     -92.2956     -93.2372     -94.1177     -94.0272
                -93.5306     -93.1187     -93.1187     -93.1274     -93.8823
                -93.4367     -93.1700     -92.6759     -92.9759     -93.4964
                -92.9302     -93.7226     -92.9306     -93.0765     -93.5410
                -92.3467     -93.2828     -92.8630     -93.6230     -95.1788
                -95.4299     -95.9609     -95.6405     -94.2666     -94.0620
   5      0     -94.6130     -93.4919     -94.1720     -93.3257     -94.5270
                -94.8139     -96.0031     -95.3975     -94.5715     -95.8457
                -94.4090     -95.1702     -93.4469     -94.3049     -92.6893
                -93.5580     -94.1163     -93.2283     -94.8132     -94.2885
                -94.0811     -92.3357     -93.2395     -94.0273     -94.0045
                -93.5791     -93.1652     -93.1235     -93.1218     -93.9159
                -93.4616     -93.1529     -92.6991     -93.0203     -93.4109
                -92.9830     -93.7693     -92.9475     -93.1160     -93.6138
                -92.3911     -93.3862     -92.8655     -93.6817     -95.2519
                -95.5105     -96.0084     -95.6810     -94.3367     -94.1673
   5     60     -95.6323     -94.5107     -95.1694     -94.3388     -95.5490
                -95.8197     -97.0057     -96.3924     -95.5626     -96.8417
                -95.4025     -96.1617     -94.4556     -95.3218     -93.7136
                -94.5830     -95.1407     -94.2455     -95.8157     -95.3068
                -95.0926     -93.3494     -94.2551     -95.0349     -95.0181
                -94.5870     -94.1838     -94.1443     -94.1252     -94.9205
                -94.4797     -94.1726     -93.7125     -94.0365     -94.4320
                -94.0016     -94.7920     -93.9793     -94.1440     -94.6454
                -93.4161     -94.4080     -93.8942     -94.7098     -96.2601
                -96.5045     -97.0060     -96.6744     -95.3502     -95.1890
   5     80     -99.5486     -98.4245     -99.0293     -98.2375     -99.4721
                -99.7013    -100.8876    -100.2523     -99.4097    -100.7032
                -99.2568    -100.0047     -98.3419     -99.2251     -97.6282
                -98.4983     -99.0469     -98.1311     -99.6830     -99.1895
                -98.9558     -97.2205     -98.1359     -98.9105     -98.9013
                -98.4649     -98.0854     -98.0406     -97.9826     -98.7728
                -98.3717     -98.0777     -97.5991     -97.9236     -98.2999
                -97.9147     -98.7032     -97.9136     -98.0669     -98.5917
                -97.3264     -98.3289     -97.7967     -98.6442    -100.1525
               -100.3591    -100.8707    -100.5227     -99.2441     -99.1169
   5    100    -107.2866    -106.1471    -106.6757    -105.9509    -107.2074
               -107.3974    -108.5869    -107.9250    -107.0630    -108.3671
               -106.9169    -107.6468    -106.0261    -106.9727    -105.3795
               -106.2831    -106.8069    -105.8832    -107.4094    -106.9275
               -106.6801    -104.9146    -105.8586    -106.6532    -106.6284
               -106.1693    -105.8223    -105.7596    -105.6761    -106.4742
               -106.1081    -105.8432    -105.3232    -105.6637    -106.0257
               -105.6898    -106.4546    -105.6925    -105.8404    -106.3868
               -105.0513    -106.0492    -105.5646    -106.4060    -107.8552
               -108.0225    -108.5472    -108.1778    -106.9446    -106.8628
 
 group  inft   Estimated free energy: 1-th solvent contribution (kcal/mol)
   1      0     -31.3578     -34.1861     -17.7384     -30.6076     -33.1448
                -28.4574     -15.7793     -12.3548     -12.8269     -14.5140
                -16.7823     -13.0918     -17.9976     -22.8864     -33.6400
                -36.1953     -31.6995     -32.5666     -24.9735     -28.5238
                -31.2813     -28.1297     -34.1512     -31.6965     -27.7202
                -25.9833     -35.3851     -35.6335     -23.7864     -24.7392
                -33.9899     -36.7975     -36.3423     -34.7505     -34.1503
                -32.8198     -34.5619     -39.5178     -36.7655     -38.8494
                -37.6202     -34.8415     -38.6481     -38.5306     -24.7095
                -13.4031     -16.5868     -15.7207     -31.4898     -28.8734
   1     60     -31.3862     -34.2145     -17.7668     -30.6360     -33.1733
                -28.4855     -15.8069     -12.3823     -12.8548     -14.5422
                -16.8105     -13.1197     -18.0259     -22.9142     -33.6682
                -36.2238     -31.7280     -32.5942     -25.0013     -28.5513
                -31.3094     -28.1578     -34.1794     -31.7241     -27.7483
                -26.0115     -35.4135     -35.6617     -23.8143     -24.7668
                -34.0180     -36.8258     -36.3707     -34.7790     -34.1778
                -32.8478     -34.5902     -39.5460     -36.7936     -38.8784
                -37.6485     -34.8700     -38.6761     -38.5594     -24.7374
                -13.4305     -16.6143     -15.7486     -31.5183     -28.9014
   1     80     -31.5157     -34.3450     -17.8973     -30.7659     -33.3040
                -28.6144     -15.9339     -12.5097     -12.9834     -14.6720
                -16.9408     -13.2481     -18.1559     -23.0432     -33.7978
                -36.3549     -31.8584     -32.7229     -25.1306     -28.6798
                -31.4399     -28.2876     -34.3088     -31.8527     -27.8789
                -26.1408     -35.5441     -35.7920     -23.9436     -24.8950
                -34.1482     -36.9564     -36.5012     -34.9102     -34.3060
                -32.9774     -34.7203     -39.6756     -36.9227     -39.0117
                -37.7790     -35.0009     -38.8057     -38.6912     -24.8662
                -13.5572     -16.7412     -15.8770     -31.6487     -29.0303
   1    100     -31.9026     -34.7330     -18.2838     -31.1531     -33.6920
                -29.0006     -16.3186     -12.8958     -13.3706     -15.0598
                -17.3287     -13.6338     -18.5428     -23.4306     -34.1842
                -36.7449     -32.2479     -33.1086     -25.5182     -29.0660
                -31.8296     -28.6737     -34.6953     -32.2383     -28.2678
                -26.5290     -35.9308     -36.1785     -24.3303     -25.2818
                -34.5363     -37.3466     -36.8900     -35.2984     -34.6902
                -33.3644     -35.1064     -40.0631     -37.3122     -39.4032
                -38.1650     -35.3885     -39.1931     -39.0820     -25.2525
                -13.9420     -17.1253     -16.2631     -32.0364     -29.4170
   2      0     -31.3848     -34.2034     -17.7743     -30.6197     -33.1760
                -28.4865     -15.8162     -12.3767     -12.8435     -14.5460
                -16.7925     -13.1320     -18.0455     -22.9271     -33.6879
                -36.1989     -31.7309     -32.5560     -24.9799     -28.5268
                -31.3042     -28.1573     -34.1859     -31.7384     -27.7528
                -25.9884     -35.4105     -35.6841     -23.8083     -24.7741
                -34.0434     -36.8072     -36.3835     -34.7855     -34.1665
                -32.8367     -34.6027     -39.5673     -36.7897     -38.8897
                -37.6729     -34.8807     -38.6620     -38.5522     -24.7530
                -13.4415     -16.6318     -15.7547     -31.5230     -28.9173
   3      0     -31.4183     -34.2253     -17.7821     -30.6393     -33.1960
                -28.4923     -15.8269     -12.3851     -12.8622     -14.5622
                -16.7978     -13.1411     -18.0396     -22.9036     -33.6499
                -36.1524     -31.7206     -32.5146     -24.9639     -28.4886
                -31.2790     -28.1442     -34.1530     -31.6669     -27.7250
                -25.9769     -35.3943     -35.6423     -23.7909     -24.7240
                -34.0055     -36.7738     -36.3507     -34.7698     -34.1183
                -32.8193     -34.5646     -39.5436     -36.7593     -38.8816
                -37.6624     -34.9048     -38.5988     -38.5567     -24.7788
                -13.4569     -16.6432     -15.7625     -31.5349     -28.9396
   4      0     -31.4137     -34.2194     -17.7718     -30.6452     -33.1900
                -28.4934     -15.8331     -12.3970     -12.8573     -14.5547
                -16.8048     -13.1441     -18.0504     -22.9071     -33.6725
                -36.1712     -31.7277     -32.5367     -24.9770     -28.5061
                -31.2780     -28.1592     -34.1777     -31.7065     -27.7350
                -25.9789     -35.4067     -35.6596     -23.8157     -24.7435
                -34.0358     -36.7924     -36.3707     -34.7757     -34.1430
                -32.8403     -34.5830     -39.5660     -36.7709     -38.8935
                -37.6935     -34.8989     -38.6443     -38.5514     -24.7694
                -13.4517     -16.6583     -15.7730     -31.5468     -28.9344
   5      0     -31.4237     -34.2154     -17.7883     -30.6635     -33.2089
                -28.4985     -15.8473     -12.3957     -12.8667     -14.5605
                -16.8187     -13.1463     -18.0405     -22.9163     -33.6671
                -36.1734     -31.7346     -32.5268     -24.9744     -28.5090
                -31.2754     -28.1432     -34.1630     -31.6978     -27.7433
                -25.9920     -35.3994     -35.6633     -23.8001     -24.7478
                -34.0271     -36.7921     -36.3719     -34.7681     -34.1190
                -32.8310     -34.5798     -39.5642     -36.7729     -38.8996
                -37.6956     -34.9029     -38.6253     -38.5567     -24.7688
                -13.4616     -16.6621     -15.7823     -31.5502     -28.9504
   5     60     -31.4595     -34.2514     -17.8244     -30.6995     -33.2450
                -28.5343     -15.8823     -12.4308     -12.9022     -14.5963
                -16.8546     -13.1817     -18.0766     -22.9523     -33.7035
                -36.2101     -31.7712     -32.5629     -25.0102     -28.5451
                -31.3120     -28.1794     -34.1994     -31.7337     -27.7798
                -26.0280     -35.4358     -35.6997     -23.8362     -24.7837
                -34.0635     -36.8286     -36.4082     -34.8046     -34.1551
                -32.8672     -34.6162     -39.6005     -36.8090     -38.9365
                -37.7318     -34.9391     -38.6617     -38.5936     -24.8043
                -13.4964     -16.6971     -15.8177     -31.5864     -28.9859
   5     80     -31.6156     -34.4083     -17.9821     -30.8563     -33.4024
                -28.6905     -16.0362     -12.5851     -13.0575     -14.7530
                -17.0116     -13.3365     -18.2337     -23.1085     -33.8605
                -36.3682     -31.9286     -32.7180     -25.1657     -28.7001
                -31.4693     -28.3354     -34.3557     -31.8889     -27.9371
                -26.1841     -35.5933     -35.8565     -23.9923     -24.9387
                -34.2205     -36.9863     -36.5652     -34.9621     -34.3094
                -33.0236     -34.7731     -39.7573     -36.9649     -39.0965
                -37.8886     -35.0968     -38.8176     -38.7528     -24.9596
                -13.6493     -16.8506     -15.9729     -31.7441     -29.1416
   5    100     -31.9724     -34.7654     -18.3395     -31.2137     -33.7606
                -29.0475     -16.3919     -12.9420     -13.4147     -15.1111
                -17.3695     -13.6923     -18.5909     -23.4675     -34.2190
                -36.7298     -32.2886     -33.0763     -25.5253     -29.0586
                -31.8308     -28.6930     -34.7147     -32.2474     -28.2976
                -26.5428     -35.9515     -36.2144     -24.3518     -25.2975
                -34.5807     -37.3473     -36.9244     -35.3213     -34.6660
                -33.3832     -35.1318     -40.1160     -37.3234     -39.4588
                -38.2457     -35.4544     -39.1769     -39.1132     -25.3162
                -14.0042     -17.2055     -16.3293     -32.1023     -29.4990
 
 group  inft   Estimated free energy: 2-th solvent contribution (kcal/mol)
   1      0     -63.0961     -59.1721     -76.3396     -62.5338     -61.2560
                -66.2904     -80.0217     -82.8961     -81.6072     -81.1959
                -77.4980     -81.8886     -75.3022     -71.1536     -58.8634
                -57.2954     -62.2824     -60.3687     -69.6564     -65.6109
                -62.6073     -64.0221     -58.8426     -62.1486     -66.0471
                -67.3923     -57.5088     -57.3059     -69.1576     -68.9563
                -59.2439     -56.1224     -56.1905     -58.1286     -59.0447
                -59.9908     -58.9218     -53.2759     -56.2550     -54.5387
                -54.5519     -58.3323     -54.0598     -54.9893     -70.4085
                -81.9641     -79.2886     -79.7459     -62.6303     -65.1131
   1     60     -63.8897     -59.9636     -77.1117     -63.3207     -62.0486
                -67.0705     -80.7995     -83.6648     -82.3733     -81.9659
                -78.2663     -82.6548     -76.0828     -71.9363     -59.6539
                -58.0853     -63.0678     -61.1379     -70.4270     -66.3759
                -63.3783     -64.7985     -59.6186     -62.9174     -66.8188
                -68.1679     -58.2950     -58.0879     -69.9257     -69.7218
                -60.0215     -56.9026     -56.9721     -58.9148     -59.8165
                -60.7723     -59.7090     -54.0727     -57.0515     -55.3395
                -55.3424     -59.1263     -54.8466     -55.7848     -71.1888
                -82.7334     -80.0615     -80.5125     -63.4167     -65.9070
   1     80     -67.1122     -63.1842     -80.2823     -66.5218     -65.2798
                -70.2552     -83.9858     -86.8276     -85.5280     -85.1328
                -81.4251     -85.8050     -79.2698     -75.1476     -62.8581
                -61.3078     -66.2815     -64.3375     -73.6081     -69.5788
                -66.5526     -67.9864     -62.8019     -66.0920     -70.0039
                -71.3518     -61.5043     -61.2974     -73.0912     -72.8816
                -63.2240     -60.0994     -60.1723     -62.1225     -63.0096
                -63.9925     -62.9236     -57.3203     -60.2826     -58.6147
                -58.5701     -62.3579     -58.0698     -59.0182     -74.3900
                -85.8967     -83.2340     -83.6668     -66.6195     -69.1464
   1    100     -75.1922     -71.2545     -88.2675     -74.5764     -73.3546
                -78.2996     -92.0366     -94.8435     -93.5219     -93.1357
                -89.4223     -93.7869     -87.2865     -83.2141     -70.9311
                -69.4134     -74.3729     -72.3717     -81.6453     -77.6139
                -74.5779     -75.9957     -70.8319     -74.1157     -78.0382
                -79.3830     -69.5520     -69.3343     -81.0822     -80.8907
                -71.2787     -68.1687     -68.2111     -70.1786     -71.0291
                -72.0683     -70.9756     -65.4310     -68.3814     -66.7442
                -66.6225     -70.4244     -66.1459     -67.1127     -82.4404
                -93.9032     -91.2552     -91.6598     -74.6576     -77.2449
   2      0     -63.1054     -59.1917     -76.3346     -62.5613     -61.2455
                -66.2311     -80.0782     -82.9343     -81.6010     -81.2242
                -77.5425     -81.9579     -75.3835     -71.3061     -58.9770
                -57.2672     -62.2880     -60.5642     -69.7084     -65.7319
                -62.7169     -64.0638     -58.9488     -62.2685     -66.1826
                -67.5145     -57.6860     -57.3738     -69.2181     -69.0643
                -59.3242     -56.2354     -56.2453     -58.1484     -59.2092
                -60.0733     -59.0615     -53.3034     -56.2807     -54.5954
                -54.5963     -58.3733     -54.1691     -55.0743     -70.4073
                -82.0006     -79.2762     -79.8492     -62.7179     -65.1567
   3      0     -63.1351     -59.2123     -76.3540     -62.5861     -61.2656
                -66.2882     -80.0850     -82.9785     -81.6551     -81.2582
                -77.5607     -81.9608     -75.4071     -71.3179     -59.0618
                -57.3267     -62.3814     -60.6849     -69.8076     -65.7651
                -62.7698     -64.1228     -58.9808     -62.3263     -66.2358
                -67.5396     -57.7065     -57.4140     -69.2682     -69.1180
                -59.4040     -56.2511     -56.3181     -58.1805     -59.2767
                -60.1526     -59.0857     -53.3496     -56.2997     -54.6549
                -54.6104     -58.4126     -54.1962     -55.1024     -70.4421
                -82.0104     -79.3280     -79.8649     -62.6852     -65.1683
   4      0     -63.1077     -59.1983     -76.2949     -62.6038     -61.2339
                -66.2414     -80.0500     -82.9454     -81.6425     -81.2239
                -77.5257     -81.9392     -75.3522     -71.3530     -59.0153
                -57.4093     -62.3181     -60.7214     -69.8156     -65.7919
                -62.8309     -64.1273     -59.0505     -62.4022     -66.2832
                -67.5426     -57.7029     -57.4501     -69.3027     -69.1298
                -59.3918     -56.3686     -56.2961     -58.1911     -59.3445
                -60.0808     -59.1306     -53.3556     -56.2966     -54.6385
                -54.6442     -58.3749     -54.2097     -55.0626     -70.4004
                -81.9692     -79.2936     -79.8585     -62.7108     -65.1185
   5      0     -63.1802     -59.2675     -76.3746     -62.6531     -61.3091
                -66.3063     -80.1467     -82.9928     -81.6957     -81.2761
                -77.5813     -82.0149     -75.3974     -71.3796     -59.0132
                -57.3756     -62.3727     -60.6925     -69.8298     -65.7705
                -62.7967     -64.1835     -59.0675     -62.3205     -66.2522
                -67.5781     -57.7567     -57.4512     -69.3127     -69.1591
                -59.4255     -56.3518     -56.3182     -58.2432     -59.2828
                -60.1429     -59.1805     -53.3743     -56.3340     -54.7051
                -54.6865     -58.4744     -54.2312     -55.1160     -70.4741
                -82.0399     -79.3373     -79.8898     -62.7775     -65.2079
   5     60     -64.1638     -60.2503     -77.3360     -63.6303     -62.2949
                -67.2764     -81.1143     -83.9525     -82.6514     -82.2364
                -78.5389     -82.9710     -76.3700     -72.3605     -60.0011
                -58.3639     -63.3606     -61.6736     -70.7964     -66.7527
                -63.7715     -65.1610     -60.0468     -63.2922     -67.2294
                -68.5500     -58.7389     -58.4356     -70.2800     -70.1278
                -60.4072     -57.3349     -57.2953     -59.2230     -60.2679
                -61.1254     -60.1668     -54.3698     -57.3260     -55.6999
                -55.6752     -59.4598     -55.2235     -56.1072     -71.4468
                -82.9991     -80.3000     -80.8477     -63.7547     -66.1940
   5     80     -67.9240     -64.0071     -81.0382     -67.3721     -66.0607
                -71.0019     -84.8424     -87.6581     -86.3432     -85.9412
                -82.2362     -86.6592     -80.0992     -76.1077     -63.7586
                -62.1211     -67.1093     -65.4041     -74.5083     -70.4804
                -67.4775     -68.8761     -63.7711     -67.0125     -70.9553
                -72.2717     -62.4831     -62.1751     -73.9813     -73.8251
                -64.1422     -61.0824     -61.0248     -62.9526     -63.9816
                -64.8820     -63.9211     -58.1472     -61.0930     -59.4861
                -59.4287     -63.2231     -58.9701     -59.8825     -75.1838
                -86.7008     -84.0111     -84.5408     -67.4910     -69.9663
   5    100     -75.3052     -71.3727     -88.3272     -74.7282     -73.4377
                -78.3409     -92.1860     -94.9740     -93.6393     -93.2470
                -89.5383     -93.9455     -87.4262     -83.4961     -71.1516
                -69.5443     -74.5092     -72.7979     -81.8751     -77.8598
                -74.8403     -76.2126     -71.1349     -74.3969     -78.3218
                -79.6175     -69.8618     -69.5362     -81.3153     -81.1677
                -71.5184     -68.4869     -68.3898     -70.3334     -71.3507
                -72.2976     -71.3138     -65.5675     -68.5080     -66.9190
                -66.7966     -70.5858     -66.3787     -67.2839     -82.5300
                -94.0093     -91.3327     -91.8395     -74.8333     -77.3548
 
 
 cumulative average & 95% error for solvation free energy
              total             1st component         2nd component
  1   -94.5624              -31.4183              -63.1351
  2   -94.0045     1.1158   -32.8218     2.8070   -61.1737     3.9228
  3   -94.0514     0.6510   -27.8086    10.1566   -66.2338    10.3706
  4   -93.8472     0.6154   -28.5163     7.3199   -65.3219     7.5565
  5   -93.9719     0.5380   -29.4522     5.9710   -64.5106     6.0740
  6   -94.1081     0.5170   -29.2922     4.8858   -64.8069     4.9946
  7   -94.3671     0.6776   -27.3686     5.6438   -66.9895     6.0724
  8   -94.4928     0.6384   -25.4957     6.1580   -68.9881     6.6055
  9   -94.4965     0.5631   -24.0920     6.1136   -70.3955     6.4700
 10   -94.6298     0.5698   -23.1390     5.7908   -71.4818     6.1813
 11   -94.6060     0.5176   -22.5625     5.3633   -72.0344     5.6994
 12   -94.6480     0.4800   -21.7774     5.1417   -72.8616     5.4595
 13   -94.5563     0.4781   -21.4899     4.7645   -73.0574     5.0373
 14   -94.5331     0.4451   -21.5908     4.4157   -72.9332     4.6702
 15   -94.4122     0.4797   -22.3948     4.4140   -72.0084     4.7248
 16   -94.3545     0.4633   -23.2546     4.4728   -71.0908     4.7855
 17   -94.3401     0.4361   -23.7526     4.3179   -70.5785     4.6105
 18   -94.2773     0.4300   -24.2394     4.1857   -70.0289     4.4837
 19   -94.3038     0.4102   -24.2775     3.9600   -70.0172     4.2412
 20   -94.3017     0.3891   -24.4881     3.7803   -69.8046     4.0460
 21   -94.2901     0.3709   -24.8115     3.6535   -69.4696     3.9064
 22   -94.1986     0.3982   -24.9630     3.4966   -69.2266     3.7561
 23   -94.1526     0.3914   -25.3625     3.4354   -68.7811     3.6980
 24   -94.1464     0.3750   -25.6252     3.3308   -68.5122     3.5812
 25   -94.1393     0.3599   -25.7092     3.1992   -68.4211     3.4398
 26   -94.1157     0.3490   -25.7195     3.0738   -68.3872     3.3056
 27   -94.0785     0.3440   -26.0778     3.0433   -67.9916     3.2777
 28   -94.0423     0.3393   -26.4194     3.0112   -67.6138     3.2476
 29   -94.0087     0.3342   -26.3288     2.9111   -67.6709     3.1357
 30   -94.0034     0.3231   -26.2753     2.8145   -67.7191     3.0309
 31   -93.9845     0.3147   -26.5246     2.7675   -67.4509     2.9802
 32   -93.9548     0.3105   -26.8449     2.7551   -67.1009     2.9692
 33   -93.9161     0.3107   -27.1330     2.7317   -66.7741     2.9511
 34   -93.8880     0.3066   -27.3576     2.6880   -66.5214     2.9073
 35   -93.8742     0.2990   -27.5508     2.6385   -66.3144     2.8532
 36   -93.8494     0.2948   -27.6971     2.5808   -66.1432     2.7939
 37   -93.8442     0.2869   -27.8827     2.5374   -65.9525     2.7439
 38   -93.8194     0.2836   -28.1896     2.5448   -65.6208     2.7519
 39   -93.8002     0.2789   -28.4093     2.5174   -65.3818     2.7227
 40   -93.7938     0.2722   -28.6711     2.5089   -65.1137     2.7074
 41   -93.7569     0.2755   -28.8904     2.4859   -64.8575     2.6898
 42   -93.7467     0.2697   -29.0336     2.4428   -64.7040     2.6429
 43   -93.7247     0.2669   -29.2561     2.4265   -64.4597     2.6265
 44   -93.7235     0.2608   -29.4674     2.4081   -64.2470     2.6012
 45   -93.7569     0.2636   -29.3632     2.3632   -64.3847     2.5576
 46   -93.7943     0.2684   -29.0175     2.4125   -64.7678     2.6161
 47   -93.8408     0.2786   -28.7542     2.4186   -65.0776     2.6337
 48   -93.8782     0.2828   -28.4835     2.4288   -65.3857     2.6509
 49   -93.8854     0.2774   -28.5458     2.3820   -65.3306     2.5986
 50   -93.8900     0.2719   -28.5537     2.3339   -65.3273     2.5461
 
 Mesh error is    0.123 kcal/mol
