 ERmod 0.3.8, Copyright (C) 2000-2019 Nobuyuki Matubayasi
                            2010-2019 Shun Sakuraba
 ERmod comes with ABSOLUTELY NO WARRANTY.
 This is free software, and you can redistribute it
 and/or modify it under certain conditions.
 See LICENSE file for details.
 
  Number of the   1-th solvent  =        10000
 
  Be sure that the solvent distribution is homogeneous (radial distribution function is essentially unity) when the solvent molecule is separated beyond distance of   10.0 Angstrom in any direction from any atom within the solute molecule
 
  LJ long-range correction    =        -7.8240
 
  Self-energy of the solute   =        -0.0018  kcal/mol
 
 
 cumulative average & 95% error for solvation energy
  1  -503.6250
  2  -504.4694     1.6889
  3  -504.4264     0.9789
  4  -504.6156     0.7888
  5  -504.8358     0.7532
  6  -504.8828     0.6221
  7  -504.7016     0.6385
  8  -504.5396     0.6409
  9  -504.4863     0.5752
 10  -504.5303     0.5219
 11  -504.5740     0.4801
 12  -504.7337     0.5424
 13  -504.7235     0.4993
 14  -504.7703     0.4717
 15  -504.8146     0.4480
 16  -504.8521     0.4257
 17  -504.8301     0.4023
 18  -504.7748     0.3951
 19  -504.7393     0.3804
 20  -504.7134     0.3646
 21  -504.7295     0.3483
 22  -504.8007     0.3613
 23  -504.7906     0.3459
 24  -504.7992     0.3316
 25  -504.8204     0.3208
 26  -504.8461     0.3125
 27  -504.7981     0.3156
 28  -504.8043     0.3044
 29  -504.7913     0.2949
 30  -504.8075     0.2867
 31  -504.8046     0.2774
 32  -504.7982     0.2689
 33  -504.7954     0.2607
 34  -504.8021     0.2532
 35  -504.8067     0.2461
 36  -504.8548     0.2577
 37  -504.8830     0.2569
 38  -504.8784     0.2503
 39  -504.8859     0.2442
 40  -504.8667     0.2411
 41  -504.8742     0.2356
 42  -504.8843     0.2309
 43  -504.8993     0.2274
 44  -504.8707     0.2294
 45  -504.9028     0.2333
 46  -504.9065     0.2283
 47  -504.8825     0.2284
 48  -504.8717     0.2247
 49  -504.8809     0.2208
 50  -504.8768     0.2165
 
 
 group  inft  solvation free energy     error          difference
   1      0       -110.79881           0.10956          -0.00109
   1     60       -110.93790           0.10955          -0.14018
   1     80       -112.68219           0.10949          -1.88446
   1    100       -120.26313           0.10934          -9.46541
   2      0       -110.80061           0.11128          -0.00289
   3      0       -110.79772           0.11096           0.00000
   4      0       -110.81024           0.11182          -0.01252
   5      0       -110.86174           0.11370          -0.06402
   5     60       -111.05822           0.11368          -0.26050
   5     80       -113.32813           0.11358          -2.53041
   5    100       -120.34658           0.11355          -9.54886
 
 
 group  inft   Estimated free energy (kcal/mol)
   1      0    -109.9384    -110.9532    -110.8657    -110.8292    -111.1995
               -110.8452    -110.4400    -110.0769    -110.3895    -110.9058
               -110.9404    -111.6404    -110.3665    -111.2244    -110.8702
               -111.2259    -111.0870    -110.2270    -110.5683    -110.5336
               -110.7951    -111.2634    -110.4632    -111.0957    -110.8187
               -111.0505    -110.1918    -110.8717    -110.3836    -111.1631
               -110.7597    -110.7720    -110.5769    -110.6134    -110.6077
               -111.6588    -111.2638    -110.6684    -111.3039    -110.4624
               -110.6616    -110.9012    -111.3396    -110.3131    -111.2066
               -110.7730    -110.2900    -110.7325    -111.1710    -110.6411
   1     60    -110.0779    -111.0921    -111.0043    -110.9686    -111.3383
               -110.9845    -110.5780    -110.2158    -110.5288    -111.0445
               -111.0795    -111.7797    -110.5058    -111.3630    -111.0093
               -111.3648    -111.2253    -110.3659    -110.7070    -110.6735
               -110.9341    -111.4030    -110.6025    -111.2344    -110.9585
               -111.1899    -110.3313    -111.0102    -110.5233    -111.3019
               -110.8994    -110.9110    -110.7164    -110.7528    -110.7466
               -111.7981    -111.4030    -110.8073    -111.4427    -110.6011
               -110.8008    -111.0402    -111.4784    -110.4520    -111.3463
               -110.9124    -110.4290    -110.8721    -111.3099    -110.7799
   1     80    -111.8235    -112.8377    -112.7422    -112.7128    -113.0794
               -112.7294    -112.3165    -111.9561    -112.2742    -112.7855
               -112.8240    -113.5275    -112.2519    -113.1037    -112.7553
               -113.1025    -112.9598    -112.1091    -112.4486    -112.4242
               -112.6770    -113.1530    -112.3520    -112.9776    -112.7105
               -112.9337    -112.0798    -112.7536    -112.2728    -113.0433
               -112.6459    -112.6573    -112.4642    -112.5024    -112.4869
               -113.5447    -113.1498    -112.5507    -113.1826    -112.3434
               -112.5512    -112.7845    -113.2200    -112.1937    -113.0926
               -112.6588    -112.1683    -112.6161    -113.0576    -112.5212
   1    100    -119.4130    -120.4263    -120.3091    -120.2933    -120.6426
               -120.3185    -119.8801    -119.5286    -119.8535    -120.3666
               -120.3951    -121.1266    -119.8421    -120.6726    -120.3403
               -120.6601    -120.5197    -119.6810    -120.0249    -120.0288
               -120.2603    -120.7407    -119.9514    -120.5565    -120.3193
               -120.5131    -119.6748    -120.3287    -119.8655    -120.6167
               -120.2366    -120.2391    -120.0549    -120.1005    -120.0546
               -121.1278    -120.7415    -120.1273    -120.7574    -119.9167
               -120.1373    -120.3595    -120.7927    -119.7683    -120.6732
               -120.2500    -119.7356    -120.1906    -120.6547    -120.0887
   2      0    -109.9444    -110.9385    -110.7856    -110.8836    -111.2039
               -110.8454    -110.4134    -110.0737    -110.3669    -110.9690
               -110.9033    -111.6518    -110.3744    -111.2413    -110.8474
               -111.2644    -111.0480    -110.2215    -110.5647    -110.5305
               -110.7730    -111.2806    -110.4924    -111.0813    -110.8189
               -111.0851    -110.1681    -110.9149    -110.3838    -111.2180
               -110.7409    -110.8004    -110.5998    -110.6075    -110.6211
               -111.6633    -111.3118    -110.6200    -111.2905    -110.4706
               -110.6419    -110.9160    -111.3535    -110.3355    -111.2722
               -110.7651    -110.3007    -110.7314    -111.0965    -110.6040
   3      0    -109.9330    -110.9424    -110.7459    -110.8741    -111.1868
               -110.8677    -110.4343    -110.1247    -110.3998    -110.9643
               -110.9307    -111.6730    -110.3624    -111.2603    -110.8599
               -111.2527    -111.0646    -110.2117    -110.5483    -110.5252
               -110.7394    -111.2733    -110.5101    -111.0468    -110.8043
               -111.0970    -110.1265    -110.8674    -110.4000    -111.2245
               -110.7781    -110.8148    -110.5837    -110.5889    -110.6337
               -111.6386    -111.3141    -110.6662    -111.2990    -110.4500
               -110.6316    -110.9319    -111.3043    -110.2971    -111.2394
               -110.7629    -110.2851    -110.7240    -111.0956    -110.5960
   4      0    -109.9153    -110.9496    -110.7796    -110.8968    -111.2151
               -110.8798    -110.4464    -110.0933    -110.3301    -110.9984
               -110.9308    -111.6469    -110.4033    -111.2571    -110.8345
               -111.3053    -111.0750    -110.2020    -110.5701    -110.5006
               -110.7614    -111.3269    -110.5034    -111.0799    -110.7869
               -111.0853    -110.2070    -110.8886    -110.3794    -111.2458
               -110.7517    -110.7893    -110.6039    -110.6005    -110.6472
               -111.6978    -111.2655    -110.6780    -111.3110    -110.4887
               -110.6909    -110.9516    -111.3052    -110.3551    -111.2974
               -110.7650    -110.3271    -110.7638    -111.1103    -110.6174
   5      0    -109.9559    -111.0291    -110.8440    -110.9534    -111.2746
               -110.9245    -110.5013    -110.1446    -110.4158    -111.0016
               -110.9916    -111.6906    -110.4488    -111.3456    -110.8880
               -111.3205    -111.1673    -110.2138    -110.5687    -110.5645
               -110.8002    -111.3894    -110.5271    -111.1489    -110.8538
               -111.1876    -110.2297    -110.9429    -110.4653    -111.3356
               -110.8073    -110.8572    -110.6489    -110.6412    -110.6669
               -111.7259    -111.3427    -110.7578    -111.3980    -110.5127
               -110.7147    -110.9838    -111.3471    -110.4109    -111.3450
               -110.8184    -110.3546    -110.8113    -111.1717    -110.6463
   5     60    -110.1528    -111.2258    -111.0394    -111.1502    -111.4710
               -111.1212    -110.6969    -110.3407    -110.6125    -111.1977
               -111.1880    -111.8872    -110.6456    -111.5416    -111.0844
               -111.5165    -111.3626    -110.4102    -110.7648    -110.7618
               -110.9964    -111.5867    -110.7240    -111.3449    -111.0513
               -111.3838    -110.4267    -111.1391    -110.6624    -111.5322
               -111.0042    -111.0538    -110.8460    -110.8384    -110.8633
               -111.9224    -111.5394    -110.9544    -111.5936    -110.7087
               -110.9117    -111.1803    -111.5431    -110.6069    -111.5419
               -111.0149    -110.5509    -111.0079    -111.3686    -110.8424
   5     80    -112.4267    -113.4980    -113.3009    -113.4215    -113.7362
               -113.3935    -112.9579    -112.6066    -112.8810    -113.4668
               -113.4568    -114.1607    -112.9180    -113.8075    -113.3550
               -113.7801    -113.6227    -112.6787    -113.0327    -113.0393
               -113.2653    -113.8630    -112.9987    -113.6116    -113.3305
               -113.6519    -112.6986    -113.4071    -112.9373    -113.7992
               -113.2768    -113.3257    -113.1213    -113.1152    -113.1316
               -114.1935    -113.8134    -113.2237    -113.8572    -112.9761
               -113.1863    -113.4496    -113.8107    -112.8738    -113.8151
               -113.2886    -112.8187    -113.2770    -113.6412    -113.1069
   5    100    -119.4537    -120.5244    -120.2985    -120.4428    -120.7361
               -120.4203    -119.9602    -119.6176    -119.8964    -120.4878
               -120.4708    -121.1954    -119.9402    -120.8191    -120.3751
               -120.7831    -120.6244    -119.6900    -120.0517    -120.0756
               -120.2802    -120.8914    -120.0300    -120.6255    -120.3682
               -120.6691    -119.7226    -120.4196    -119.9641    -120.8149
               -120.3009    -120.3491    -120.1514    -120.1511    -120.1414
               -121.2132    -120.8456    -120.2404    -120.8659    -119.9872
               -120.2114    -120.4639    -120.8212    -119.8873    -120.8357
               -120.3155    -119.8317    -120.2904    -120.6689    -120.1077
 
 
 cumulative average & 95% error for solvation free energy
  1  -109.9330
  2  -110.4377     1.0094
  3  -110.5404     0.6179
  4  -110.6239     0.4677
  5  -110.7365     0.4266
  6  -110.7583     0.3510
  7  -110.7120     0.3108
  8  -110.6386     0.3066
  9  -110.6121     0.2756
 10  -110.6473     0.2563
 11  -110.6731     0.2375
 12  -110.7564     0.2735
 13  -110.7261     0.2588
 14  -110.7642     0.2514
 15  -110.7706     0.2344
 16  -110.8008     0.2274
 17  -110.8163     0.2158
 18  -110.7827     0.2143
 19  -110.7704     0.2042
 20  -110.7581     0.1953
 21  -110.7572     0.1858
 22  -110.7807     0.1832
 23  -110.7689     0.1766
 24  -110.7805     0.1707
 25  -110.7814     0.1637
 26  -110.7936     0.1592
 27  -110.7689     0.1609
 28  -110.7724     0.1552
 29  -110.7595     0.1520
 30  -110.7750     0.1501
 31  -110.7751     0.1451
 32  -110.7764     0.1406
 33  -110.7705     0.1367
 34  -110.7652     0.1331
 35  -110.7614     0.1294
 36  -110.7858     0.1349
 37  -110.8001     0.1343
 38  -110.7966     0.1309
 39  -110.8094     0.1301
 40  -110.8005     0.1280
 41  -110.7963     0.1251
 42  -110.7996     0.1223
 43  -110.8113     0.1217
 44  -110.7996     0.1212
 45  -110.8094     0.1201
 46  -110.8084     0.1174
 47  -110.7972     0.1171
 48  -110.7957     0.1146
 49  -110.8018     0.1129
 50  -110.7977     0.1110
 
 Mesh error is    0.064 kcal/mol
