 ERmod 0.3.8, Copyright (C) 2000-2019 Nobuyuki Matubayasi
                            2010-2019 Shun Sakuraba
 ERmod comes with ABSOLUTELY NO WARRANTY.
 This is free software, and you can redistribute it
 and/or modify it under certain conditions.
 See LICENSE file for details.
 
  Number of the   1-th solvent  =        10000
 
  Be sure that the solvent distribution is homogeneous (radial distribution function is essentially unity) when the solvent molecule is separated beyond distance of   10.0 Angstrom in any direction from any atom within the solute molecule
 
  LJ long-range correction    =        -7.8240
 
  Self-energy of the solute   =        -0.0023  kcal/mol
 
 
 cumulative average & 95% error for solvation energy
  1  -459.6393
  2  -461.0600     2.8413
  3  -461.3177     1.7195
  4  -461.1874     1.2435
  5  -460.9771     1.0510
  6  -461.1730     0.9434
  7  -461.2552     0.8141
  8  -461.3620     0.7367
  9  -461.3046     0.6597
 10  -461.3894     0.6139
 11  -461.4221     0.5592
 12  -461.3249     0.5462
 13  -461.2926     0.5066
 14  -461.3999     0.5158
 15  -461.3296     0.5003
 16  -461.4266     0.5066
 17  -461.4135     0.4766
 18  -461.3242     0.4835
 19  -461.3032     0.4593
 20  -461.4293     0.5035
 21  -461.4555     0.4818
 22  -461.3549     0.5015
 23  -461.3235     0.4833
 24  -461.3224     0.4628
 25  -461.3078     0.4448
 26  -461.2752     0.4323
 27  -461.2822     0.4162
 28  -461.2559     0.4045
 29  -461.2176     0.3978
 30  -461.2095     0.3846
 31  -461.2193     0.3725
 32  -461.1802     0.3691
 33  -461.1849     0.3578
 34  -461.1849     0.3472
 35  -461.1818     0.3372
 36  -461.1771     0.3278
 37  -461.1962     0.3211
 38  -461.1860     0.3132
 39  -461.1555     0.3111
 40  -461.1674     0.3042
 41  -461.1934     0.3012
 42  -461.1751     0.2962
 43  -461.1804     0.2894
 44  -461.1425     0.2927
 45  -461.1810     0.2963
 46  -461.1939     0.2909
 47  -461.1655     0.2903
 48  -461.1516     0.2855
 49  -461.1555     0.2798
 50  -461.1595     0.2742
 
 
 group  inft  solvation free energy     error          difference
   1      0        -86.08328           0.12409           0.04901
   1     60        -86.20813           0.12408          -0.07584
   1     80        -87.77770           0.12423          -1.64541
   1    100        -94.58542           0.12517          -8.45313
   2      0        -86.13656           0.12072          -0.00428
   3      0        -86.13229           0.12177           0.00000
   4      0        -86.11065           0.12250           0.02164
   5      0        -86.18725           0.12208          -0.05496
   5     60        -86.36621           0.12209          -0.23392
   5     80        -88.39900           0.12231          -2.26671
   5    100        -94.70866           0.12315          -8.57637
 
 
 group  inft   Estimated free energy (kcal/mol)
   1      0     -85.3472     -86.5779     -86.3783     -85.9516     -85.8950
                -86.5315     -86.1722     -86.6071     -85.8906     -86.5228
                -86.5723     -85.8769     -86.0615     -86.9100     -85.5905
                -86.9128     -86.4300     -85.5148     -86.0266     -86.9782
                -86.3397     -85.2502     -86.2560     -86.1532     -86.0774
                -85.7727     -85.8885     -85.7664     -85.6323     -85.9915
                -86.4857     -85.6109     -86.0500     -86.0161     -86.0479
                -85.9725     -86.5782     -85.7881     -85.3090     -86.0634
                -86.6096     -85.9357     -85.8870     -85.1374     -86.6574
                -86.2121     -85.4333     -86.2147     -85.9876     -86.2921
   1     60     -85.4721     -86.7031     -86.5024     -86.0766     -86.0195
                -86.6565     -86.2980     -86.7310     -86.0163     -86.6477
                -86.6972     -86.0014     -86.1861     -87.0341     -85.7146
                -87.0381     -86.5550     -85.6399     -86.1514     -87.1033
                -86.4648     -85.3751     -86.3796     -86.2783     -86.2020
                -85.8980     -86.0133     -85.8919     -85.7575     -86.1161
                -86.6092     -85.7364     -86.1744     -86.1405     -86.1729
                -86.0979     -86.7029     -85.9132     -85.4340     -86.1884
                -86.7346     -86.0598     -86.0124     -85.2616     -86.7827
                -86.3369     -85.5583     -86.3391     -86.1131     -86.4175
   1     80     -87.0409     -88.2729     -88.0739     -87.6479     -87.5820
                -88.2289     -87.8724     -88.2984     -87.5900     -88.2188
                -88.2673     -87.5667     -87.7528     -88.6015     -87.2819
                -88.6114     -88.1243     -87.2117     -87.7159     -88.6756
                -88.0385     -86.9421     -87.9407     -87.8513     -87.7715
                -87.4692     -87.5861     -87.4668     -87.3244     -87.6829
                -88.1723     -87.3040     -87.7444     -87.7123     -87.7410
                -87.6687     -88.2715     -87.4825     -87.0035     -87.7608
                -88.3057     -87.6227     -87.5857     -86.8296     -88.3592
                -87.9079     -87.1283     -87.9037     -87.6879     -87.9846
   1    100     -93.8506     -95.0913     -94.8890     -94.4577     -94.3767
                -95.0465     -94.6820     -95.0999     -94.4094     -95.0373
                -95.0884     -94.3683     -94.5550     -95.4004     -94.0798
                -95.4309     -94.9394     -94.0227     -94.5071     -95.4845
                -94.8606     -93.7411     -94.7283     -94.6678     -94.5742
                -94.2831     -94.3914     -94.2812     -94.1170     -94.4849
                -94.9697     -94.0997     -94.5445     -94.5297     -94.5472
                -94.4777     -95.0847     -94.2913     -93.8099     -94.5749
                -95.1286     -94.4044     -94.3988     -93.6319     -95.1838
                -94.7135     -93.9356     -94.6994     -94.5081     -94.7907
   2      0     -85.4780     -86.6693     -86.3915     -86.0697     -86.1156
                -86.5202     -86.2139     -86.6200     -85.9043     -86.5254
                -86.6320     -85.9311     -86.1051     -87.0049     -85.6811
                -86.9065     -86.4159     -85.5175     -86.1133     -87.0432
                -86.4015     -85.3286     -86.2937     -86.1952     -86.1419
                -85.8863     -85.8683     -85.8314     -85.7958     -86.0055
                -86.4834     -85.6244     -86.1214     -86.0588     -86.0307
                -86.0447     -86.6943     -85.8900     -85.4127     -86.0669
                -86.6675     -86.0053     -85.9618     -85.2305     -86.6619
                -86.2556     -85.4294     -86.2426     -86.0199     -86.3197
   3      0     -85.4260     -86.6426     -86.4177     -85.9996     -86.0460
                -86.5527     -86.2198     -86.6096     -85.9363     -86.5382
                -86.6339     -85.9094     -86.0865     -86.9949     -85.6676
                -86.9055     -86.4337     -85.5408     -86.1161     -87.0822
                -86.3836     -85.3381     -86.3038     -86.1539     -86.1674
                -85.8248     -85.9057     -85.8231     -85.7762     -86.0297
                -86.4428     -85.6500     -86.1224     -86.0860     -86.0574
                -86.0219     -86.6625     -85.8694     -85.3783     -86.0410
                -86.6347     -86.0111     -85.9897     -85.2288     -86.6997
                -86.2511     -85.4119     -86.2323     -86.0304     -86.3274
   4      0     -85.3947     -86.5946     -86.3923     -85.9466     -86.0287
                -86.5356     -86.1400     -86.6459     -85.9158     -86.5295
                -86.6257     -85.8750     -86.0525     -86.9598     -85.5902
                -86.9439     -86.3927     -85.4981     -86.0722     -87.0394
                -86.3757     -85.3484     -86.3327     -86.1481     -86.0995
                -85.8305     -85.8738     -85.8040     -85.7317     -85.9868
                -86.4614     -85.6558     -86.0971     -86.0747     -86.0359
                -86.0142     -86.6733     -85.8340     -85.4060     -85.9844
                -86.6819     -86.0042     -85.9449     -85.2158     -86.6471
                -86.2351     -85.4233     -86.1499     -86.0151     -86.2742
   5      0     -85.4954     -86.7204     -86.4816     -86.0646     -86.1307
                -86.5906     -86.2633     -86.6977     -86.0048     -86.5891
                -86.6648     -85.9126     -86.1569     -87.0519     -85.6703
                -87.0189     -86.4900     -85.6300     -86.2213     -87.1250
                -86.4497     -85.4013     -86.3898     -86.2217     -86.1618
                -85.8422     -85.9190     -85.8933     -85.8501     -86.0963
                -86.5107     -85.6935     -86.1689     -86.1423     -86.0720
                -86.0536     -86.7400     -85.9179     -85.4540     -86.1008
                -86.7537     -86.0635     -86.0246     -85.3069     -86.6901
                -86.2995     -85.5100     -86.2462     -86.0566     -86.3526
   5     60     -85.6742     -86.8999     -86.6603     -86.2440     -86.3094
                -86.7703     -86.4425     -86.8755     -86.1849     -86.7682
                -86.8439     -86.0906     -86.3355     -87.2304     -85.8488
                -87.1982     -86.6689     -85.8093     -86.3998     -87.3043
                -86.6295     -85.5802     -86.5674     -86.4010     -86.3407
                -86.0214     -86.0983     -86.0729     -86.0291     -86.2746
                -86.6887     -85.8725     -86.3476     -86.3216     -86.2506
                -86.2331     -86.9190     -86.0967     -85.6331     -86.2799
                -86.9332     -86.2418     -86.2044     -85.4854     -86.8697
                -86.4784     -85.6887     -86.4245     -86.2360     -86.5317
   5     80     -87.7066     -88.9351     -88.6927     -88.2786     -88.3386
                -88.8074     -88.4778     -88.9032     -88.2231     -88.8035
                -88.8787     -88.1184     -88.3656     -89.2610     -87.8790
                -89.2350     -88.7016     -87.8444     -88.4261     -89.3415
                -88.6695     -87.6097     -88.5900     -88.4362     -88.3711
                -88.0562     -88.1335     -88.1100     -88.0583     -88.3036
                -88.7155     -87.9027     -88.3785     -88.3564     -88.2831
                -88.2677     -88.9513     -88.1294     -87.6679     -88.3154
                -88.9712     -88.2659     -88.2433     -87.5165     -88.9093
                -88.5117     -87.7200     -88.4507     -88.2733     -88.5645
   5    100     -94.0179     -95.2485     -95.0023     -94.5923     -94.6469
                -95.1263     -94.7894     -95.2074     -94.5453     -95.1192
                -95.2017     -94.4230     -94.6702     -95.5694     -94.1805
                -95.5557     -95.0174     -94.1598     -94.7197     -95.6550
                -94.9967     -93.9109     -94.8833     -94.7490     -94.6742
                -94.3700     -94.4361     -94.4259     -94.3589     -94.6028
                -95.0155     -94.2021     -94.6794     -94.6716     -94.5902
                -94.5761     -95.2657     -94.4397     -93.9790     -94.6273
                -95.2985     -94.5550     -94.5597     -93.8212     -95.2302
                -94.8207     -94.0254     -94.7524     -94.5932     -94.8746
 
 
 cumulative average & 95% error for solvation free energy
  1   -85.4260
  2   -86.0343     1.2166
  3   -86.1621     0.7474
  4   -86.1215     0.5347
  5   -86.1064     0.4153
  6   -86.1808     0.3703
  7   -86.1863     0.3132
  8   -86.2393     0.2911
  9   -86.2056     0.2654
 10   -86.2389     0.2465
 11   -86.2748     0.2343
 12   -86.2443     0.2224
 13   -86.2322     0.2060
 14   -86.2867     0.2196
 15   -86.2454     0.2205
 16   -86.2867     0.2222
 17   -86.2953     0.2094
 18   -86.2534     0.2145
 19   -86.2462     0.2034
 20   -86.2880     0.2103
 21   -86.2925     0.2002
 22   -86.2491     0.2097
 23   -86.2515     0.2004
 24   -86.2474     0.1921
 25   -86.2442     0.1843
 26   -86.2281     0.1800
 27   -86.2162     0.1749
 28   -86.2021     0.1708
 29   -86.1874     0.1674
 30   -86.1822     0.1621
 31   -86.1906     0.1577
 32   -86.1737     0.1564
 33   -86.1721     0.1516
 34   -86.1696     0.1471
 35   -86.1664     0.1430
 36   -86.1624     0.1392
 37   -86.1759     0.1381
 38   -86.1678     0.1354
 39   -86.1476     0.1379
 40   -86.1449     0.1345
 41   -86.1569     0.1334
 42   -86.1534     0.1303
 43   -86.1496     0.1275
 44   -86.1287     0.1314
 45   -86.1414     0.1309
 46   -86.1437     0.1282
 47   -86.1282     0.1292
 48   -86.1303     0.1266
 49   -86.1283     0.1240
 50   -86.1323     0.1218
 
 Mesh error is    0.055 kcal/mol
