 ERmod 0.3.8, Copyright (C) 2000-2019 Nobuyuki Matubayasi
                            2010-2019 Shun Sakuraba
 ERmod comes with ABSOLUTELY NO WARRANTY.
 This is free software, and you can redistribute it
 and/or modify it under certain conditions.
 See LICENSE file for details.
 ERmod 0.3.8, Copyright (C) 2000-2019 Nobuyuki Matubayasi
                            2010-2019 Shun Sakuraba
 ERmod comes with ABSOLUTELY NO WARRANTY.
 This is free software, and you can redistribute it
 and/or modify it under certain conditions.
 See LICENSE file for details.
 
  Number of the   1-th solvent  =          378
  Number of the   2-th solvent  =        10000
 
  Be sure that the solvent distribution is homogeneous (radial distribution function is essentially unity) when the solvent molecule is separated beyond distance of   10.0 Angstrom in any direction from any atom within the solute molecule
 
  LJ long-range correction    =        -1.1319     -7.1533
 
  Self-energy of the solute   =         0.0032  kcal/mol
 
 
 cumulative average & 95% error for solvation energy
              total             1st component         2nd component
  1  -488.0202              -72.6842             -415.3393
  2  -489.1980     2.3555   -61.9907    21.3870  -427.2105    23.7425
  3  -488.4779     1.9808   -58.5592    14.1268  -429.9218    14.7413
  4  -487.6569     2.1581   -57.5694    10.1835  -430.0908    10.4292
  5  -487.3602     1.7739   -60.0946     9.3664  -427.2688     9.8546
  6  -487.5166     1.4817   -61.1110     7.9132  -426.4088     8.2281
  7  -487.3906     1.2774   -66.0870    11.9904  -421.3067    12.3483
  8  -487.2626     1.1355   -69.9919    12.9930  -417.2739    13.3946
  9  -487.4990     1.1074   -70.3742    11.4843  -417.1280    11.8165
 10  -487.3849     1.0164   -70.2326    10.2757  -417.1555    10.5691
 11  -487.3506     0.9219   -71.5268     9.6484  -415.8270     9.9225
 12  -487.2649     0.8589   -72.4723     9.0085  -414.7958     9.2898
 13  -487.2024     0.7999   -71.3947     8.5623  -415.8109     8.7832
 14  -487.3717     0.8142   -71.2032     7.9364  -416.1717     8.1637
 15  -487.3914     0.7590   -70.3974     7.5621  -416.9972     7.7772
 16  -487.4414     0.7170   -69.0772     7.5504  -418.3674     7.7740
 17  -487.5390     0.7012   -68.5578     7.1680  -418.9844     7.4059
 18  -487.4407     0.6898   -68.4497     6.7615  -418.9942     6.9824
 19  -487.3680     0.6684   -68.7098     6.4169  -418.6614     6.6381
 20  -487.4745     0.6689   -68.8282     6.0922  -418.6495     6.2975
 21  -487.4819     0.6365   -67.7237     6.2016  -419.7614     6.3896
 22  -487.3563     0.6568   -67.1443     6.0255  -420.2152     6.1595
 23  -487.3583     0.6276   -66.6953     5.8271  -420.6662     5.9543
 24  -487.3228     0.6050   -66.9027     5.5945  -420.4233     5.7215
 25  -487.3437     0.5818   -66.6690     5.3863  -420.6779     5.5114
 26  -487.4409     0.5918   -67.0525     5.2315  -420.3916     5.3260
 27  -487.2994     0.6359   -66.9212     5.0409  -420.3814     5.1250
 28  -487.1149     0.7153   -66.8447     4.8599  -420.2734     4.9433
 29  -486.9515     0.7637   -67.1080     4.7188  -419.8467     4.8456
 30  -486.9091     0.7426   -66.5969     4.6720  -420.3154     4.7742
 31  -486.9397     0.7209   -65.2266     5.2849  -421.7163     5.4012
 32  -486.9814     0.7029   -64.4194     5.3657  -422.5652     5.4983
 33  -487.0175     0.6851   -64.4404     5.2007  -422.5803     5.3292
 34  -486.9901     0.6669   -65.0508     5.1911  -421.9425     5.3251
 35  -486.9975     0.6477   -65.3276     5.0709  -421.6731     5.1987
 36  -487.0094     0.6299   -65.4846     4.9380  -421.5280     5.0606
 37  -487.0480     0.6175   -64.9985     4.9001  -422.0527     5.0325
 38  -487.0869     0.6061   -65.2870     4.8042  -421.8031     4.9236
 39  -487.0900     0.5903   -65.6449     4.7338  -421.4483     4.8479
 40  -487.0831     0.5756   -65.6780     4.6144  -421.4083     4.7259
 41  -487.0595     0.5633   -65.7427     4.5023  -421.3200     4.6125
 42  -487.1071     0.5580   -65.6747     4.3959  -421.4356     4.5073
 43  -487.1507     0.5518   -65.3593     4.3386  -421.7946     4.4594
 44  -487.1854     0.5435   -65.5335     4.2531  -421.6550     4.3658
 45  -487.1526     0.5353   -65.6830     4.1683  -421.4728     4.2832
 46  -487.1579     0.5237   -65.4815     4.0965  -421.6796     4.2094
 47  -487.1758     0.5137   -65.3248     4.0206  -421.8542     4.1337
 48  -487.1756     0.5029   -65.8488     4.0731  -421.3300     4.1802
 49  -487.1456     0.4961   -66.2507     4.0693  -420.8982     4.1842
 50  -487.1441     0.4861   -66.5250     4.0246  -420.6223     4.1366
 
 
 group  inft  solvation free energy     error          difference
  total solvation free energy
   1      0       -107.48684           0.25449           0.12077
   1     60       -108.36625           0.25364          -0.75864
   1     80       -111.94214           0.25226          -4.33452
   1    100       -120.82192           0.25192         -13.21430
   2      0       -107.60564           0.25574           0.00197
   3      0       -107.60762           0.25440           0.00000
   4      0       -107.72121           0.25687          -0.11359
   5      0       -107.74889           0.25551          -0.14127
   5     60       -108.85184           0.25450          -1.24422
   5     80       -113.04786           0.25313          -5.44024
   5    100       -121.15001           0.25315         -13.54240
 
  contribution from  1-th solvent component
   1      0        -24.17968           1.65466           0.03499
   1     60        -24.21197           1.65472           0.00269
   1     80        -24.35639           1.65492          -0.14173
   1    100        -24.77520           1.65500          -0.56053
   2      0        -24.20623           1.65405           0.00843
   3      0        -24.21466           1.65431           0.00000
   4      0        -24.22197           1.65375          -0.00731
   5      0        -24.22543           1.65359          -0.01077
   5     60        -24.26640           1.65366          -0.05174
   5     80        -24.44143           1.65385          -0.22677
   5    100        -24.82660           1.65386          -0.61193
 
  contribution from  2-th solvent component
   1      0        -83.31037           1.79243           0.08579
   1     60        -84.15748           1.79118          -0.76133
   1     80        -87.58895           1.78832          -4.19280
   1    100        -96.04992           1.78494         -12.65377
   2      0        -83.40261           1.79401          -0.00645
   3      0        -83.39615           1.79349           0.00000
   4      0        -83.50244           1.79466          -0.10628
   5      0        -83.52666           1.79399          -0.13050
   5     60        -84.58863           1.79241          -1.19248
   5     80        -88.60962           1.78958          -5.21347
   5    100        -96.32662           1.78674         -12.93046
 
 
 group  inft   Estimated free energy: total (kcal/mol)
   1      0    -108.3945    -109.4232    -108.0113    -106.8109    -106.5394
               -107.6081    -106.5827    -105.8718    -107.8936    -106.9963
               -107.0102    -106.5585    -107.5256    -108.7624    -107.9799
               -108.4380    -108.5701    -106.8522    -106.9211    -108.5093
               -108.3913    -106.8138    -107.6982    -106.9962    -107.7227
               -108.3619    -106.2025    -105.8182    -105.1633    -107.1101
               -108.2395    -108.3964    -108.0724    -106.3233    -107.3420
               -107.6542    -108.4755    -107.9403    -107.3422    -107.1187
               -107.0087    -108.8539    -108.7500    -108.2157    -106.8755
               -107.5903    -107.8851    -106.7137    -106.7305    -107.2770
   1     60    -109.2764    -110.2966    -108.8875    -107.6897    -107.4198
               -108.4874    -107.4695    -106.7663    -108.7781    -107.8780
               -107.8968    -107.4409    -108.4002    -109.6382    -108.8545
               -109.3133    -109.4455    -107.7322    -107.8037    -109.3912
               -109.2647    -107.6896    -108.5747    -107.8789    -108.6028
               -109.2472    -107.0817    -106.6972    -106.0495    -107.9852
               -109.1073    -109.2653    -108.9519    -107.2131    -108.2252
               -108.5308    -109.3449    -108.8208    -108.2254    -108.0011
               -107.8887    -109.7300    -109.6240    -109.0995    -107.7546
               -108.4653    -108.7623    -107.5975    -107.6138    -108.1541
   1     80    -112.8592    -113.8653    -112.4486    -111.2665    -110.9986
               -112.0711    -111.0630    -110.3783    -112.3671    -111.4679
               -111.4858    -111.0221    -111.9647    -113.2109    -112.4199
               -112.8782    -113.0149    -111.3078    -111.3896    -112.9731
               -112.8259    -111.2570    -112.1441    -111.4607    -112.1875
               -112.8411    -110.6489    -110.2619    -109.6284    -111.5538
               -112.6516    -112.8177    -112.5298    -110.8078    -111.8092
               -112.0963    -112.8946    -112.4036    -111.8109    -111.5778
               -111.4543    -113.2962    -113.1885    -112.6943    -111.3285
               -112.0385    -112.3337    -111.1896    -111.1991    -111.7234
   1    100    -121.7543    -122.7401    -121.3160    -120.1378    -119.8704
               -120.9659    -119.9591    -119.2973    -121.2602    -120.3534
               -120.3869    -119.8953    -120.8348    -122.0967    -121.2924
               -121.7406    -121.8830    -120.1900    -120.2904    -121.8650
               -121.7009    -120.1068    -121.0106    -120.3421    -121.0791
               -121.7451    -119.4989    -119.1173    -118.5152    -120.4024
               -121.4969    -121.6697    -121.4135    -119.7163    -120.7024
               -120.9707    -121.7462    -121.3101    -120.7248    -120.4642
               -120.3168    -122.1650    -122.0716    -121.6035    -120.2044
               -120.9180    -121.2038    -120.0731    -120.0758    -120.6012
   2      0    -108.5283    -109.5903    -108.1188    -106.9349    -106.6381
               -107.7770    -106.6928    -105.9912    -108.0400    -107.0865
               -107.1200    -106.6664    -107.6984    -108.8474    -108.1103
               -108.5939    -108.7086    -106.9888    -107.0410    -108.6392
               -108.4731    -106.9442    -107.7933    -107.1089    -107.8388
               -108.3761    -106.2906    -105.9038    -105.2544    -107.2821
               -108.4000    -108.5269    -108.1695    -106.4560    -107.4561
               -107.7762    -108.5795    -108.0750    -107.4196    -107.2087
               -107.1211    -108.9673    -108.8646    -108.3052    -107.0053
               -107.7431    -108.0277    -106.8774    -106.8279    -107.3980
   3      0    -108.4795    -109.5667    -108.0825    -106.9614    -106.6674
               -107.7281    -106.6961    -105.9716    -108.0362    -107.0889
               -107.1344    -106.6681    -107.6592    -108.8599    -108.1087
               -108.5600    -108.7612    -106.9759    -107.0518    -108.6123
               -108.4959    -106.8948    -107.8045    -107.1764    -107.8696
               -108.4289    -106.3251    -105.9523    -105.2447    -107.3016
               -108.3794    -108.5817    -108.1476    -106.4764    -107.4296
               -107.7485    -108.5515    -108.0440    -107.4319    -107.2450
               -107.1426    -108.9776    -108.8703    -108.3356    -106.9829
               -107.7414    -108.0023    -106.9032    -106.8367    -107.3893
   4      0    -108.6411    -109.7247    -108.2428    -107.0926    -106.8039
               -107.8999    -106.8048    -106.0964    -108.1271    -107.1854
               -107.2142    -106.7860    -107.7876    -108.9762    -108.2519
               -108.6722    -108.8513    -107.0998    -107.1563    -108.7773
               -108.5993    -107.0411    -107.8978    -107.1845    -107.9399
               -108.5104    -106.3912    -106.0810    -105.3212    -107.3738
               -108.5209    -108.6389    -108.2436    -106.5532    -107.5691
               -107.8934    -108.7220    -108.1936    -107.5438    -107.3253
               -107.2277    -109.0860    -109.0091    -108.3900    -107.1134
               -107.8985    -108.1246    -107.0135    -106.9309    -107.5315
   5      0    -108.5778    -109.7194    -108.2614    -107.0937    -106.8359
               -107.8808    -106.8253    -106.1097    -108.2305    -107.1653
               -107.2784    -106.7827    -107.8350    -108.9691    -108.2649
               -108.6965    -108.8659    -107.1528    -107.2394    -108.7417
               -108.6635    -107.0268    -107.8971    -107.3008    -108.0015
               -108.5255    -106.4574    -106.0474    -105.3413    -107.4245
               -108.5397    -108.7587    -108.2929    -106.6068    -107.5752
               -107.9359    -108.6778    -108.1928    -107.5765    -107.4030
               -107.2845    -109.1182    -109.0248    -108.4337    -107.1436
               -107.8897    -108.1728    -107.0605    -106.9691    -107.5765
   5     60    -109.6838    -110.8157    -109.3580    -108.1958    -107.9404
               -108.9868    -107.9381    -107.2308    -109.3387    -108.2719
               -108.3889    -107.8906    -108.9349    -110.0692    -109.3631
               -109.7936    -109.9656    -108.2562    -108.3460    -109.8445
               -109.7577    -108.1269    -108.9960    -108.4070    -109.1057
               -109.6355    -107.5580    -107.1448    -106.4502    -108.5237
               -109.6259    -109.8505    -109.3951    -107.7203    -108.6823
               -109.0351    -109.7671    -109.2959    -108.6833    -108.5097
               -108.3894    -110.2176    -110.1202    -109.5429    -108.2471
               -108.9880    -109.2741    -108.1719    -108.0796    -108.6777
   5     80    -113.8803    -115.0050    -113.5402    -112.3921    -112.1373
               -113.1934    -112.1508    -111.4606    -113.5502    -112.4779
               -112.5977    -112.0912    -113.1212    -114.2601    -113.5489
               -113.9773    -114.1593    -112.4501    -112.5556    -114.0474
               -113.9410    -112.3155    -113.1847    -112.6124    -113.3098
               -113.8472    -111.7448    -111.3222    -110.6543    -112.7105
               -113.7869    -114.0267    -113.5932    -111.9369    -112.8839
               -113.2203    -113.9361    -113.5008    -112.8909    -112.7111
               -112.5777    -114.4037    -114.3071    -113.7565    -112.4412
               -113.1810    -113.4646    -112.3836    -112.2840    -112.8677
   5    100    -121.9905    -123.1041    -121.6328    -120.4919    -120.2313
               -121.3097    -120.2642    -119.5981    -121.6633    -120.5767
               -120.7164    -120.1880    -121.2196    -122.3631    -121.6409
               -122.0638    -122.2568    -120.5546    -120.6795    -122.1589
               -122.0413    -120.3942    -121.2696    -120.7207    -121.4203
               -121.9673    -119.8140    -119.3890    -118.7446    -120.7915
               -121.8607    -122.1123    -121.6994    -120.0660    -120.9980
               -121.3146    -122.0133    -121.6267    -121.0249    -120.8268
               -120.6749    -122.4971    -122.4139    -121.8820    -120.5411
               -121.2837    -121.5550    -120.4977    -120.3892    -120.9665
 
 group  inft   Estimated free energy: 1-th solvent contribution (kcal/mol)
   1      0     -26.6833     -18.0563     -18.2087     -19.1807     -25.8946
                -24.2019     -36.0390     -36.3181     -27.0154     -24.9205
                -31.5189     -30.7812     -20.9775     -25.4277     -21.3436
                -16.9022     -21.7565     -24.3816     -27.0793     -26.3616
                -15.7767     -19.0589     -20.0998     -26.1737     -21.8906
                -28.2611     -22.3261     -22.9644     -26.7061     -17.7715
                 -6.2460     -13.0090     -23.6929     -31.6509     -27.6957
                -26.3527     -16.7302     -28.4370     -29.7246     -24.3749
                -25.0977     -22.9192     -18.5150     -26.9020     -26.6861
                -20.1518     -20.7032     -34.0258     -31.9065     -30.0851
   1     60     -26.7156     -18.0886     -18.2412     -19.2121     -25.9268
                -24.2338     -36.0715     -36.3512     -27.0475     -24.9527
                -31.5512     -30.8137     -21.0095     -25.4599     -21.3760
                -16.9344     -21.7886     -24.4137     -27.1118     -26.3941
                -15.8092     -19.0914     -20.1319     -26.2055     -21.9225
                -28.2934     -22.3586     -22.9959     -26.7380     -17.8031
                 -6.2774     -13.0407     -23.7254     -31.6834     -27.7282
                -26.3851     -16.7625     -28.4694     -29.7574     -24.4076
                -25.1303     -22.9520     -18.5474     -26.9346     -26.7187
                -20.1839     -20.7356     -34.0585     -31.9394     -30.1179
   1     80     -26.8599     -18.2335     -18.3864     -19.3532     -26.0708
                -24.3775     -36.2161     -36.4983     -27.1906     -25.0968
                -31.6948     -30.9588     -21.1528     -25.6039     -21.5207
                -17.0786     -21.9324     -24.5569     -27.2567     -26.5396
                -15.9546     -19.2368     -20.2754     -26.3478     -22.0650
                -28.4375     -22.5044     -23.1383     -26.8812     -17.9448
                 -6.4183     -13.1828     -23.8707     -31.8279     -27.8734
                -26.5301     -16.9071     -28.6140     -29.9035     -24.5532
                -25.2755     -23.0985     -18.6925     -27.0806     -26.8641
                -20.3280     -20.8805     -34.2045     -32.0857     -30.2644
   1    100     -27.2773     -18.6546     -18.8076     -19.7676     -26.4897
                -24.7964     -36.6323     -36.9194     -27.6074     -25.5132
                -32.1111     -31.3779     -21.5706     -26.0229     -21.9403
                -17.4992     -22.3515     -24.9739     -27.6763     -26.9604
                -16.3760     -19.6557     -20.6938     -26.7616     -22.4810
                -28.8544     -22.9222     -23.5517     -27.2978     -18.3587
                 -6.8331     -13.5995     -24.2899     -32.2456     -28.2944
                -26.9501     -17.3273     -29.0337     -30.3255     -24.9755
                -25.6959     -23.5210     -19.1145     -27.5016     -27.2827
                -20.7493     -21.3007     -34.6255     -32.5062     -30.6855
   2      0     -26.7155     -18.0981     -18.2292     -19.2164     -25.9119
                -24.2366     -36.0651     -36.3392     -27.0578     -24.9532
                -31.5476     -30.8005     -21.0252     -25.4597     -21.3892
                -16.9283     -21.7740     -24.4142     -27.1018     -26.3728
                -15.7793     -19.0742     -20.1259     -26.2027     -21.9288
                -28.2743     -22.3376     -23.0084     -26.7361     -17.8104
                 -6.2913     -13.0404     -23.7179     -31.6835     -27.7194
                -26.3679     -16.7504     -28.4625     -29.7553     -24.3923
                -25.1230     -22.9370     -18.5366     -26.9136     -26.7087
                -20.1899     -20.7257     -34.0531     -31.9298     -30.0996
   3      0     -26.7235     -18.1041     -18.2230     -19.2253     -25.9239
                -24.2536     -36.0775     -36.3524     -27.0745     -24.9577
                -31.5512     -30.8106     -21.0296     -25.4756     -21.3959
                -16.9419     -21.7914     -24.4170     -27.1185     -26.3832
                -15.7803     -19.0786     -20.1314     -26.1997     -21.9398
                -28.2878     -22.3425     -23.0216     -26.7474     -17.8114
                 -6.2983     -13.0485     -23.7182     -31.6849     -27.7242
                -26.3855     -16.7657     -28.4673     -29.7651     -24.3988
                -25.1309     -22.9501     -18.5416     -26.9277     -26.7156
                -20.2013     -20.7332     -34.0568     -31.9417     -30.1067
   4      0     -26.7424     -18.1070     -18.2408     -19.2377     -25.9305
                -24.2613     -36.0822     -36.3680     -27.0839     -24.9791
                -31.5567     -30.8226     -21.0454     -25.4661     -21.4035
                -16.9501     -21.7918     -24.4305     -27.1110     -26.3874
                -15.7916     -19.0987     -20.1463     -26.2237     -21.9510
                -28.2902     -22.3487     -23.0412     -26.7450     -17.8245
                 -6.3134     -13.0532     -23.7313     -31.6981     -27.7356
                -26.3785     -16.7663     -28.4699     -29.7732     -24.3964
                -25.1203     -22.9530     -18.5580     -26.9238     -26.7139
                -20.2170     -20.7338     -34.0615     -31.9361     -30.1063
   5      0     -26.7290     -18.1124     -18.2392     -19.2466     -25.9435
                -24.2617     -36.0828     -36.3601     -27.0795     -24.9762
                -31.5639     -30.8273     -21.0470     -25.4640     -21.3981
                -16.9621     -21.7894     -24.4447     -27.1179     -26.3895
                -15.7920     -19.1016     -20.1386     -26.2163     -21.9628
                -28.3108     -22.3632     -23.0395     -26.7522     -17.8316
                 -6.3203     -13.0592     -23.7286     -31.7059     -27.7367
                -26.3924     -16.7604     -28.4701     -29.7666     -24.3992
                -25.1266     -22.9664     -18.5546     -26.9274     -26.7198
                -20.2194     -20.7555     -34.0667     -31.9396     -30.1129
   5     60     -26.7699     -18.1532     -18.2803     -19.2865     -25.9843
                -24.3024     -36.1240     -36.4021     -27.1202     -25.0172
                -31.6046     -30.8685     -21.0877     -25.5047     -21.4391
                -17.0029     -21.8302     -24.4853     -27.1591     -26.4308
                -15.8332     -19.1429     -20.1793     -26.2567     -22.0032
                -28.3519     -22.4045     -23.0796     -26.7928     -17.8719
                 -6.3602     -13.0995     -23.7699     -31.7471     -27.7778
                -26.4335     -16.8012     -28.5111     -29.8081     -24.4407
                -25.1679     -23.0078     -18.5956     -26.9687     -26.7612
                -20.2602     -20.7966     -34.1083     -31.9812     -30.1544
   5     80     -26.9445     -18.3285     -18.4562     -19.4581     -26.1588
                -24.4767     -36.2993     -36.5798     -27.2941     -25.1921
                -31.7784     -31.0440     -21.2616     -25.6789     -21.6146
                -17.1778     -22.0048     -24.6589     -27.3350     -26.6073
                -16.0091     -19.3189     -20.3534     -26.4294     -22.1763
                -28.5268     -22.5814     -23.2525     -26.9671     -18.0444
                 -6.5317     -13.2724     -23.9463     -31.9223     -27.9532
                -26.6088     -16.9763     -28.6865     -29.9848     -24.6173
                -25.3435     -23.1845     -18.7713     -27.1450     -26.9372
                -20.4353     -20.9720     -34.2850     -32.1581     -30.3313
   5    100     -27.3277     -18.7155     -18.8435     -19.8405     -26.5438
                -24.8623     -36.6821     -36.9669     -27.6779     -25.5754
                -32.1605     -31.4289     -21.6464     -26.0635     -22.0013
                -17.5646     -22.3903     -25.0425     -27.7214     -26.9941
                -16.3963     -19.7046     -20.7381     -26.8100     -22.5594
                -28.9104     -22.9653     -23.6333     -27.3493     -18.4261
                 -6.9143     -13.6561     -24.3325     -32.3067     -28.3399
                -26.9946     -17.3628     -29.0724     -30.3726     -25.0060
                -25.7296     -23.5719     -19.1591     -27.5312     -27.3222
                -20.8235     -21.3579     -34.6721     -32.5443     -30.7178
 
 group  inft   Estimated free energy: 2-th solvent contribution (kcal/mol)
   1      0     -81.7144     -91.3701     -89.8059     -87.6334     -80.6480
                -83.4094     -70.5469     -69.5569     -80.8814     -82.0790
                -75.4945     -75.7805     -86.5513     -83.3379     -86.6394
                -91.5390     -86.8168     -82.4738     -79.8450     -82.1510
                -92.6177     -87.7581     -87.6017     -80.8258     -85.8353
                -80.1040     -83.8796     -82.8569     -78.4604     -89.3418
               -101.9967     -95.3906     -84.3827     -74.6756     -79.6495
                -81.3047     -91.7485     -79.5065     -77.6208     -82.7469
                -81.9142     -85.9379     -90.2383     -81.3169     -80.1926
                -87.4417     -87.1851     -72.6910     -74.8271     -77.1951
   1     60     -82.5640     -92.2112     -90.6495     -88.4808     -81.4962
                -84.2568     -71.4012     -70.4182     -81.7338     -82.9285
                -76.3488     -76.6304     -87.3939     -84.1815     -87.4817
                -92.3820     -87.6601     -83.3216     -80.6952     -83.0003
                -93.4587     -88.6014     -88.4460     -81.6766     -86.6836
                -80.9571     -84.7264     -83.7045     -79.3147     -90.1853
               -102.8331     -96.2278     -85.2297     -75.5328     -80.5002
                -82.1489     -92.5856     -80.3546     -78.4712     -83.5967
                -82.7616     -86.7812     -91.0799     -82.1681     -81.0391
                -88.2846     -88.0298     -73.5422     -75.6776     -78.0394
   1     80     -86.0025     -95.6350     -94.0653     -91.9165     -84.9310
                -87.6968     -74.8501     -73.8832     -85.1797     -86.3743
                -79.7942     -80.0665     -90.8151     -87.6102     -90.9024
                -95.8028     -91.0856     -86.7541     -84.1361     -86.4367
                -96.8746     -92.0233     -91.8718     -85.1161     -90.1257
                -84.4068     -88.1477     -87.1268     -82.7503     -93.6122
               -106.2365     -99.6380     -88.6623     -78.9831     -83.9390
                -85.5694     -95.9908     -83.7928     -81.9106     -87.0278
                -86.1819     -90.2009     -94.4992     -85.6169     -84.4676
                -91.7136     -91.4564     -76.9883     -79.1166     -81.4622
   1    100     -94.4802    -104.0887    -102.5116    -100.3734     -93.3839
                -96.1727     -83.3301     -82.3812     -93.6560     -94.8435
                -88.2790     -88.5207     -99.2674     -96.0769     -99.3553
               -104.2447     -99.5346     -95.2193     -92.6173     -94.9077
               -105.3281    -100.4543    -100.3200     -93.5837     -98.6013
                -92.8939     -96.5798     -95.5688     -91.2206    -102.0469
               -114.6670    -108.0734     -97.1268     -87.4738     -92.4113
                -94.0239    -104.4221     -92.2795     -90.4024     -95.4919
                -94.6241     -98.6472    -102.9603     -94.1051     -92.9249
               -100.1720     -99.9063     -85.4508     -87.5728     -89.9189
   2      0     -81.8160     -91.4955     -89.8928     -87.7216     -80.7294
                -83.5436     -70.6309     -69.6553     -80.9854     -82.1365
                -75.5757     -75.8691     -86.6764     -83.3909     -86.7243
                -91.6687     -86.9378     -82.5778     -79.9424     -82.2695
                -92.6970     -87.8732     -87.6706     -80.9094     -85.9132
                -80.1050     -83.9562     -82.8986     -78.5214     -89.4749
               -102.1119     -95.4897     -84.4548     -74.7757     -79.7399
                -81.4115     -91.8323     -79.6157     -77.6674     -82.8195
                -82.0013     -86.0336     -90.3312     -81.3948     -80.2998
                -87.5564     -87.3052     -72.8274     -74.9014     -77.3016
   3      0     -81.7592     -91.4658     -89.8627     -87.7393     -80.7467
                -83.4776     -70.6217     -69.6223     -80.9649     -82.1344
                -75.5864     -75.8606     -86.6328     -83.3875     -86.7160
                -91.6213     -86.9729     -82.5621     -79.9366     -82.2323
                -92.7188     -87.8194     -87.6763     -80.9799     -85.9329
                -80.1442     -83.9858     -82.9339     -78.5005     -89.4933
               -102.0843     -95.5363     -84.4326     -74.7947     -79.7085
                -81.3662     -91.7890     -79.5799     -77.6700     -82.8494
                -82.0149     -86.0307     -90.3319     -81.4111     -80.2705
                -87.5433     -87.2723     -72.8496     -74.8982     -77.2859
   4      0     -81.9019     -91.6209     -90.0052     -87.8581     -80.8766
                -83.6418     -70.7257     -69.7316     -81.0464     -82.2096
                -75.6607     -75.9665     -86.7454     -83.5133     -86.8516
                -91.7252     -87.0627     -82.6724     -80.0484     -82.3931
                -92.8109     -87.9456     -87.7548     -80.9641     -85.9920
                -80.2234     -84.0457     -83.0430     -78.5794     -89.5525
               -102.2107     -95.5888     -84.5155     -74.8584     -79.8367
                -81.5181     -91.9589     -79.7269     -77.7738     -82.9320
                -82.1105     -86.1362     -90.4543     -81.4694     -80.4027
                -87.6847     -87.3940     -72.9551     -74.9980     -77.4284
   5      0     -81.8520     -91.6102     -90.0254     -87.8504     -80.8956
                -83.6223     -70.7458     -69.7528     -81.1541     -82.1923
                -75.7177     -75.9586     -86.7911     -83.5083     -86.8700
                -91.7376     -87.0796     -82.7113     -80.1247     -82.3554
                -92.8747     -87.9284     -87.7617     -81.0876     -86.0419
                -80.2178     -84.0974     -83.0111     -78.5923     -89.5961
               -102.2226     -95.7027     -84.5676     -74.9041     -79.8417
                -81.5467     -91.9207     -79.7259     -77.8131     -83.0070
                -82.1611     -86.1550     -90.4734     -81.5096     -80.4270
                -87.6735     -87.4205     -72.9970     -75.0327     -77.4668
   5     60     -82.9170     -92.6657     -91.0809     -88.9125     -81.9593
                -84.6876     -71.8173     -70.8319     -82.2217     -83.2579
                -76.7875     -77.0253     -87.8504     -84.5677     -87.9272
                -92.7939     -88.1386     -83.7740     -81.1901     -83.4169
                -93.9277     -88.9873     -88.8199     -82.1535     -87.1057
                -81.2869     -85.1567     -84.0684     -79.6606     -90.6550
               -103.2689     -96.7542     -85.6284     -75.9764     -80.9076
                -82.6048     -92.9691     -80.7879     -78.8785     -84.0722
                -83.2248     -87.2130     -91.5277     -82.5774     -81.4891
                -88.7310     -88.4807     -74.0669     -76.1015     -78.5265
   5     80     -86.9390     -96.6797     -95.0872     -92.9372     -85.9816
                -88.7199     -75.8547     -74.8840     -86.2593     -87.2890
                -80.8225     -81.0504     -91.8628     -88.5844     -91.9375
                -96.8027     -92.1578     -87.7943     -85.2238     -87.4434
                -97.9352     -92.9998     -92.8344     -86.1861     -91.1367
                -85.3235     -89.1666     -88.0729     -83.6904     -94.6693
               -107.2584    -100.7575     -89.6501     -80.0177     -84.9339
                -86.6147     -96.9630     -84.8176     -82.9093     -88.0970
                -87.2375     -91.2224     -95.5390     -86.6146     -85.5072
                -92.7489     -92.4958     -78.1017     -80.1291     -82.5396
   5    100     -94.6659    -104.3917    -102.7925    -100.6546     -93.6907
                -96.4505     -83.5854     -82.6344     -93.9886     -95.0046
                -88.5590     -88.7623     -99.5764     -96.3028     -99.6429
               -104.5024     -99.8696     -95.5153     -92.9613     -95.1680
               -105.6482    -100.6928    -100.5347     -93.9140     -98.8641
                -93.0601     -96.8520     -95.7589     -91.3984    -102.3686
               -114.9496    -108.4594     -97.3701     -87.7626     -92.6614
                -94.3232    -104.6537     -92.5574     -90.6555     -95.8241
                -94.9485     -98.9283    -103.2580     -94.3539     -93.2221
               -100.4634    -100.2003     -85.8287     -87.8482     -90.2519
 
 
 cumulative average & 95% error for solvation free energy
              total             1st component         2nd component
  1  -108.4795              -26.7235              -81.7592
  2  -109.0231     1.0872   -22.4138     8.6193   -86.6125     9.7065
  3  -108.7096     0.8873   -21.0169     5.7070   -87.6959     6.0084
  4  -108.2725     1.0759   -20.5690     4.1337   -87.7067     4.2486
  5  -107.9515     1.0520   -21.6400     3.8523   -86.3147     4.3106
  6  -107.9143     0.8622   -22.0756     3.2638   -85.8419     3.6444
  7  -107.7402     0.8076   -24.0759     4.8594   -83.6676     5.3289
  8  -107.5192     0.8274   -25.6104     5.2086   -81.9119     5.7989
  9  -107.5766     0.7387   -25.7731     4.6051   -81.8067     5.1185
 10  -107.5278     0.6679   -25.6916     4.1221   -81.8395     4.5786
 11  -107.4921     0.6083   -26.2243     3.8778   -81.2710     4.2947
 12  -107.4234     0.5721   -26.6065     3.6216   -80.8201     4.0229
 13  -107.4415     0.5275   -26.1775     3.4401   -81.2673     3.8070
 14  -107.5428     0.5287   -26.1273     3.1865   -81.4187     3.5376
 15  -107.5806     0.4980   -25.8119     3.0328   -81.7719     3.3682
 16  -107.6418     0.4816   -25.2575     3.0459   -82.3875     3.3827
 17  -107.7076     0.4712   -25.0536     2.8900   -82.6572     3.2230
 18  -107.6670     0.4516   -25.0183     2.7256   -82.6519     3.0387
 19  -107.6346     0.4321   -25.1288     2.5877   -82.5090     2.8885
 20  -107.6835     0.4214   -25.1915     2.4581   -82.4952     2.7404
 21  -107.7222     0.4082   -24.7434     2.5040   -82.9820     2.7825
 22  -107.6846     0.3964   -24.4859     2.4424   -83.2019     2.6892
 23  -107.6898     0.3789   -24.2966     2.3643   -83.3964     2.5989
 24  -107.6684     0.3653   -24.3759     2.2692   -83.2957     2.4964
 25  -107.6764     0.3508   -24.2784     2.1852   -83.4012     2.4038
 26  -107.7054     0.3419   -24.4326     2.1220   -83.2759     2.3230
 27  -107.6543     0.3446   -24.3552     2.0478   -83.3022     2.2359
 28  -107.5935     0.3536   -24.3076     1.9756   -83.2891     2.1548
 29  -107.5125     0.3777   -24.3917     1.9137   -83.1240     2.1052
 30  -107.5054     0.3651   -24.1724     1.9001   -83.3363     2.0777
 31  -107.5336     0.3576   -23.5958     2.1696   -83.9411     2.3455
 32  -107.5664     0.3524   -23.2662     2.2017   -84.3034     2.3838
 33  -107.5840     0.3434   -23.2799     2.1342   -84.3073     2.3105
 34  -107.5514     0.3394   -23.5271     2.1286   -84.0275     2.3103
 35  -107.5479     0.3297   -23.6470     2.0808   -83.9041     2.2568
 36  -107.5535     0.3206   -23.7231     2.0279   -83.8336     2.1978
 37  -107.5805     0.3164   -23.5350     2.0079   -84.0486     2.1804
 38  -107.5927     0.3089   -23.6648     1.9715   -83.9310     2.1352
 39  -107.5886     0.3010   -23.8213     1.9456   -83.7705     2.1044
 40  -107.5800     0.2939   -23.8357     1.8965   -83.7475     2.0516
 41  -107.5693     0.2875   -23.8673     1.8508   -83.7052     2.0027
 42  -107.6028     0.2884   -23.8454     1.8067   -83.7606     1.9576
 43  -107.6323     0.2877   -23.7221     1.7813   -83.9134     1.9358
 44  -107.6483     0.2829   -23.7950     1.7465   -83.8565     1.8947
 45  -107.6335     0.2782   -23.8599     1.7121   -83.7769     1.8590
 46  -107.6359     0.2721   -23.7803     1.6821   -83.8587     1.8255
 47  -107.6437     0.2667   -23.7155     1.6510   -83.9314     1.7921
 48  -107.6282     0.2629   -23.9309     1.6727   -83.7005     1.8141
 49  -107.6121     0.2595   -24.0944     1.6705   -83.5209     1.8127
 50  -107.6076     0.2544   -24.2147     1.6543   -83.3962     1.7935
 
 Mesh error is    0.141 kcal/mol
