 ERmod 0.3.8, Copyright (C) 2000-2019 Nobuyuki Matubayasi
                            2010-2019 Shun Sakuraba
 ERmod comes with ABSOLUTELY NO WARRANTY.
 This is free software, and you can redistribute it
 and/or modify it under certain conditions.
 See LICENSE file for details.
 
  Number of the   1-th solvent  =          378
  Number of the   2-th solvent  =        10000
 
  Be sure that the solvent distribution is homogeneous (radial distribution function is essentially unity) when the solvent molecule is separated beyond distance of   10.0 Angstrom in any direction from any atom within the solute molecule
 
  LJ long-range correction    =        -1.1319     -7.1533
 
  Self-energy of the solute   =        -0.0217  kcal/mol
 
 
 cumulative average & 95% error for solvation energy
              total             1st component         2nd component
  1  -465.3868              -89.7651             -375.6001
  2  -465.5176     0.2616   -87.4513     4.6277  -378.0447     4.8893
  3  -465.1106     0.8280   -86.5956     3.1729  -378.4933     2.9620
  4  -464.7554     0.9206   -82.5830     8.3329  -382.1507     7.6087
  5  -464.9765     0.8391   -76.2636    14.1916  -388.6912    14.3475
  6  -465.7479     1.6881   -73.1978    13.1097  -392.5285    14.0047
  7  -466.1381     1.6262   -72.1113    11.2908  -394.0051    12.1990
  8  -466.3071     1.4483   -72.3649     9.7913  -393.9206    10.5660
  9  -466.5052     1.3373   -71.3951     8.8503  -395.0885     9.6066
 10  -466.5273     1.1970   -70.8900     7.9801  -395.6156     8.6569
 11  -467.0387     1.4894   -70.9191     7.2185  -396.0979     7.8896
 12  -467.3486     1.4943   -69.8459     6.9303  -397.4810     7.7151
 13  -467.3499     1.3745   -68.7672     6.7301  -398.5611     7.4184
 14  -467.3561     1.2726   -69.1969     6.2899  -398.1376     6.9201
 15  -467.2986     1.1903   -70.3263     6.2762  -396.9506     6.8658
 16  -467.6332     1.2990   -69.5637     6.0657  -398.0478     6.7869
 17  -467.7503     1.2425   -69.3755     5.7102  -398.3532     6.4043
 18  -467.9050     1.2116   -69.2448     5.3900  -398.6386     6.0650
 19  -468.0524     1.1834   -69.0225     5.1177  -399.0083     5.7844
 20  -468.1140     1.1294   -68.6524     4.9112  -399.4399     5.5550
 21  -468.1764     1.0815   -68.6291     4.6717  -399.5255     5.2866
 22  -468.2385     1.0386   -67.7960     4.7558  -400.4208     5.3492
 23  -468.2143     0.9936   -68.2816     4.6469  -399.9111     5.2120
 24  -468.1793     0.9539   -68.1357     4.4586  -400.0219     4.9951
 25  -468.1001     0.9286   -68.8272     4.4946  -399.2512     5.0330
 26  -468.1095     0.8923   -69.0386     4.3389  -399.0492     4.8524
 27  -468.0908     0.8595   -69.8244     4.4612  -398.2447     4.9387
 28  -467.9356     0.8845   -70.0260     4.3177  -397.8879     4.8122
 29  -467.8058     0.8921   -71.1243     4.7098  -396.6598     5.2529
 30  -467.6850     0.8950   -72.0738     4.9304  -395.5895     5.5078
 31  -467.7144     0.8677   -72.4001     4.8132  -395.2926     5.3601
 32  -467.5842     0.8796   -72.7035     4.6997  -394.8590     5.2619
 33  -467.5468     0.8558   -73.3760     4.7495  -394.1491     5.2939
 34  -467.5001     0.8355   -73.0621     4.6503  -394.4163     5.1636
 35  -467.5534     0.8182   -73.4038     4.5669  -394.1280     5.0469
 36  -467.4821     0.8079   -74.4304     4.8901  -393.0301     5.3738
 37  -467.5253     0.7905   -74.1156     4.7976  -393.3880     5.2754
 38  -467.5399     0.7699   -74.2283     4.6751  -393.2899     5.1384
 39  -467.5049     0.7532   -75.0780     4.8604  -392.4053     5.3084
 40  -467.5216     0.7349   -75.9671     5.0600  -391.5328     5.4603
 41  -467.5509     0.7191   -76.7215     5.1606  -390.8078     5.5194
 42  -467.5375     0.7023   -76.4705     5.0612  -391.0453     5.4073
 43  -467.5206     0.6866   -75.9359     5.0564  -391.5630     5.3806
 44  -467.5401     0.6719   -75.3868     5.0608  -392.1317     5.3785
 45  -467.4576     0.6772   -75.1906     4.9626  -392.2454     5.2625
 46  -467.4695     0.6628   -75.0394     4.8629  -392.4084     5.1572
 47  -467.5670     0.6772   -74.7549     4.7922  -392.7904     5.1038
 48  -467.6139     0.6696   -74.4582     4.7287  -393.1341     5.0434
 49  -467.6891     0.6728   -74.0080     4.7179  -393.6594     5.0499
 50  -467.6970     0.6594   -73.7878     4.6435  -393.8875     4.9688
 
 
 group  inft  solvation free energy     error          difference
  total solvation free energy
   1      0        -98.74917           0.38225           0.06975
   1     60        -99.53517           0.38148          -0.71626
   1     80       -102.84020           0.37878          -4.02128
   1    100       -111.20246           0.38021         -12.38354
   2      0        -98.79563           0.38320           0.02329
   3      0        -98.81892           0.38413           0.00000
   4      0        -98.78773           0.38555           0.03119
   5      0        -98.87989           0.38410          -0.06097
   5     60        -99.86393           0.38240          -1.04501
   5     80       -103.73808           0.37988          -4.91917
   5    100       -111.37013           0.38221         -12.55122
 
  contribution from  1-th solvent component
   1      0        -26.78629           1.86041           0.01916
   1     60        -26.81380           1.86047          -0.00835
   1     80        -26.94223           1.86070          -0.13678
   1    100        -27.32060           1.86084          -0.51515
   2      0        -26.79778           1.85883           0.00767
   3      0        -26.80545           1.85823           0.00000
   4      0        -26.80633           1.85735          -0.00088
   5      0        -26.81050           1.85732          -0.00505
   5     60        -26.84559           1.85742          -0.04014
   5     80        -27.00060           1.85768          -0.19515
   5    100        -27.35077           1.85769          -0.54532
 
  contribution from  2-th solvent component
   1      0        -71.94121           2.11842           0.05059
   1     60        -72.69971           2.11734          -0.70791
   1     80        -75.87630           2.11416          -3.88450
   1    100        -83.86019           2.11305         -11.86839
   2      0        -71.97618           2.11967           0.01562
   3      0        -71.99180           2.11944           0.00000
   4      0        -71.95973           2.11878           0.03207
   5      0        -72.04772           2.11774          -0.05592
   5     60        -72.99667           2.11584          -1.00487
   5     80        -76.71582           2.11279          -4.72402
   5    100        -83.99769           2.11282         -12.00589
 
 
 group  inft   Estimated free energy: total (kcal/mol)
   1      0     -97.3321     -98.0117     -97.0500     -97.2285     -97.3844
                -99.1783     -98.8724     -98.2675     -98.7273     -98.0191
               -101.0765    -100.1956     -98.7183     -98.7960     -98.1304
               -101.3326    -100.4504    -100.5766    -100.5659    -100.0903
               -100.0511     -99.9190     -98.3227     -98.7308     -97.5391
                -99.2820     -98.7844     -97.5041     -96.4638     -96.1718
                -98.4469     -96.9641     -97.6493     -98.5264     -98.9026
                -96.0241     -99.8593     -99.1334     -97.5991     -97.5478
                -98.1949     -98.9213     -98.3247     -99.6120     -97.4723
                -99.2657    -101.2302    -100.5961    -101.0710     -99.3447
   1     60     -98.1241     -98.8020     -97.8413     -98.0132     -98.1693
                -99.9621     -99.6545     -99.0532     -99.5085     -98.8037
               -101.8635    -100.9748     -99.4972     -99.5841     -98.9158
               -102.1200    -101.2336    -101.3588    -101.3472    -100.8718
               -100.8343    -100.6958     -99.1124     -99.5102     -98.3241
               -100.0637     -99.5747     -98.2892     -97.2532     -96.9683
                -99.2394     -97.7495     -98.4367     -99.3111     -99.6894
                -96.8193    -100.6429     -99.9228     -98.3985     -98.3449
                -98.9876     -99.7044     -99.1078    -100.3965     -98.2587
               -100.0505    -102.0112    -101.3845    -101.8526    -100.1257
   1     80    -101.4182    -102.0971    -101.1684    -101.3211    -101.4710
               -103.2850    -102.9590    -102.3775    -102.8179    -102.0959
               -105.1612    -104.2772    -102.7991    -102.8975    -102.2330
               -105.4205    -104.5079    -104.6456    -104.6434    -104.1541
               -104.1259    -103.9837    -102.4285    -102.7963    -101.6384
               -103.3617    -102.8844    -101.5914    -100.5672    -100.3102
               -102.5527    -101.0495    -101.7399    -102.6086    -103.0117
               -100.1627    -103.9377    -103.2317    -101.7200    -101.7032
               -102.3241    -103.0037    -102.3994    -103.6948    -101.5486
               -103.3380    -105.2962    -104.6839    -105.1444    -103.4208
   1    100    -109.7532    -110.4411    -109.5590    -109.6849    -109.7961
               -111.6629    -111.3159    -110.7482    -111.1627    -110.4387
               -113.5400    -112.6097    -111.1361    -111.2661    -110.5874
               -113.8097    -112.8471    -113.0169    -113.0240    -112.5039
               -112.4983    -112.3058    -110.8009    -111.1322    -109.9661
               -111.7248    -111.2606    -109.9393    -108.9067    -108.6846
               -110.9197    -109.4133    -110.1029    -110.9680    -111.3630
               -108.5244    -112.2973    -111.6265    -110.1098    -110.1106
               -110.7058    -111.3823    -110.7206    -112.0687    -109.8957
               -111.7073    -113.6694    -113.0930    -113.5294    -111.7920
   2      0     -97.4013     -98.0737     -97.0665     -97.3259     -97.4028
                -99.2209     -98.9159     -98.3572     -98.8146     -98.1380
               -101.1385    -100.2198     -98.7633     -98.7379     -98.1361
               -101.3982    -100.4890    -100.6801    -100.5649    -100.1342
               -100.0797     -99.9896     -98.2950     -98.7567     -97.5490
                -99.2955     -98.7811     -97.5356     -96.5139     -96.1853
                -98.5128     -97.0770     -97.7613     -98.5740     -98.8761
                -96.0104     -99.9467     -99.2130     -97.6216     -97.5831
                -98.2337     -98.9570     -98.4727     -99.6704     -97.5479
                -99.3739    -101.2895    -100.6092    -101.1608     -99.3301
   3      0     -97.4326     -98.1047     -97.0931     -97.3551     -97.4019
                -99.2002     -98.9284     -98.3321     -98.8457     -98.1529
               -101.1447    -100.2357     -98.7933     -98.7857     -98.1720
               -101.4066    -100.5384    -100.7029    -100.6059    -100.1863
               -100.1274     -99.9813     -98.3657     -98.7610     -97.5686
                -99.2928     -98.7873     -97.5550     -96.5038     -96.1980
                -98.5313     -97.1219     -97.7837     -98.5846     -98.9072
                -96.0425     -99.9757     -99.2214     -97.6222     -97.5945
                -98.2617     -98.9649     -98.4963     -99.7083     -97.5704
                -99.3964    -101.3343    -100.6699    -101.1637     -99.4359
   4      0     -97.4053     -98.0659     -97.0006     -97.3178     -97.3326
                -99.2314     -98.8745     -98.3279     -98.7876     -98.1157
               -101.1502    -100.2101     -98.7568     -98.7565     -98.1058
               -101.3611    -100.5038    -100.6864    -100.5707    -100.1363
               -100.0829     -99.9914     -98.3151     -98.7165     -97.5963
                -99.2342     -98.7579     -97.5230     -96.5135     -96.1492
                -98.5086     -97.0749     -97.7792     -98.5551     -98.8482
                -95.9770     -99.9396     -99.2131     -97.6126     -97.5386
                -98.2772     -98.9368     -98.4871     -99.6720     -97.5296
                -99.3625    -101.3212    -100.6285    -101.1673     -99.3802
   5      0     -97.4472     -98.1477     -97.1568     -97.4033     -97.4929
                -99.3372     -99.0327     -98.4035     -98.8487     -98.1785
               -101.2118    -100.2911     -98.8620     -98.8353     -98.2552
               -101.4702    -100.5771    -100.8105    -100.6713    -100.2253
               -100.1890    -100.0511     -98.4037     -98.8450     -97.6662
                -99.3590     -98.8711     -97.5962     -96.6121     -96.2632
                -98.5687     -97.1694     -97.8282     -98.6390     -98.9736
                -96.1288    -100.0480     -99.3079     -97.7043     -97.6499
                -98.3306     -99.0171     -98.5353     -99.7400     -97.5961
                -99.4350    -101.3895    -100.7261    -101.2375     -99.4544
   5     60     -98.4338     -99.1337     -98.1485     -98.3880     -98.4742
               -100.3220    -100.0183     -99.3938     -99.8341     -99.1570
               -102.1924    -101.2726     -99.8427     -99.8205     -99.2478
               -102.4493    -101.5517    -101.7858    -101.6475    -101.1990
               -101.1653    -101.0250     -99.3924     -99.8220     -98.6569
               -100.3396     -99.8571     -98.5800     -97.6026     -97.2691
                -99.5576     -98.1515     -98.8132     -99.6210     -99.9657
                -97.1350    -101.0257    -100.2906     -98.7007     -98.6586
                -99.3265     -99.9976     -99.5123    -100.7176     -98.5789
               -100.4115    -102.3614    -101.7068    -102.2104    -100.4314
   5     80    -102.2998    -102.9981    -102.0458    -102.2610    -102.3441
               -104.2130    -103.9002    -103.2841    -103.7072    -103.0226
               -106.0609    -105.1409    -103.7160    -103.7014    -103.1330
               -106.3222    -105.3922    -105.6454    -105.5122    -105.0511
               -105.0265    -104.8800    -103.2706    -103.6791    -102.5469
               -104.2082    -103.7326    -102.4493    -101.4810    -101.1812
               -103.4421    -102.0209    -102.6879    -103.4862    -103.8530
               -101.0439    -104.8905    -104.1715    -102.5920    -102.5873
               -103.2293    -103.8657    -103.3686    -104.5826    -102.4386
               -104.2712    -106.2187    -105.5806    -106.0738    -104.2930
   5    100    -109.9157    -110.6137    -109.6875    -109.8911    -109.9405
               -111.8439    -111.5114    -110.9207    -111.3311    -110.6487
               -113.7155    -112.7346    -111.3294    -111.3410    -110.7322
               -113.9840    -113.0085    -113.2935    -113.1653    -112.6800
               -112.6744    -112.4765    -110.8955    -111.2846    -110.1385
               -111.8439    -111.3765    -110.0765    -109.0905    -108.8087
               -111.0899    -109.6604    -110.3295    -111.1156    -111.4659
               -108.6616    -112.5283    -111.8445    -110.2421    -110.2390
               -110.8731    -111.5109    -110.9748    -112.2292    -110.0688
               -111.9219    -113.8709    -113.2596    -113.7347    -111.9322
 
 group  inft   Estimated free energy: 1-th solvent contribution (kcal/mol)
   1      0     -33.1208     -31.3649     -31.0631     -25.5105     -16.7573
                -19.8697     -23.2141     -26.8353     -22.2314     -23.8996
                -26.1651     -20.1629     -19.3089     -27.3736     -31.5632
                -20.3677     -23.9338     -24.5269     -23.7708     -21.9969
                -24.9128     -16.9814     -28.6417     -23.2393     -31.2634
                -27.3343     -33.9416     -27.7244     -38.3973     -36.4956
                -30.2819     -30.4009     -35.6348     -22.1588     -31.0816
                -40.5231     -22.3244     -28.9734     -40.3137     -41.0842
                -40.1672     -24.0238     -18.5239     -17.8763     -23.7373
                -24.8146     -22.3209     -21.8437     -18.4228     -22.8384
   1     60     -33.1486     -31.3926     -31.0909     -25.5377     -16.7833
                -19.8960     -23.2414     -26.8627     -22.2590     -23.9270
                -26.1927     -20.1900     -19.3358     -27.4012     -31.5904
                -20.3956     -23.9615     -24.5543     -23.7986     -22.0243
                -24.9406     -17.0085     -28.6695     -23.2670     -31.2912
                -27.3617     -33.9698     -27.7522     -38.4254     -36.5230
                -30.3097     -30.4289     -35.6625     -22.1860     -31.1092
                -40.5508     -22.3522     -29.0013     -40.3419     -41.1117
                -40.1951     -24.0512     -18.5514     -17.9029     -23.7647
                -24.8415     -22.3487     -21.8715     -18.4505     -22.8659
   1     80     -33.2773     -31.5211     -31.2206     -25.6649     -16.9052
                -20.0201     -23.3695     -26.9908     -22.3881     -24.0548
                -26.3215     -20.3178     -19.4621     -27.5300     -31.7180
                -20.5254     -24.0903     -24.6823     -23.9285     -22.1525
                -25.0701     -17.1358     -28.7989     -23.3963     -31.4209
                -27.4894     -34.1005     -27.8814     -38.5555     -36.6506
                -30.4392     -30.5590     -35.7915     -22.3131     -31.2386
                -40.6801     -22.4820     -29.1308     -40.4722     -41.2404
                -40.3250     -24.1794     -18.6792     -18.0274     -23.8925
                -24.9673     -22.4783     -22.0010     -18.5800     -22.9940
   1    100     -33.6551     -31.8983     -31.6005     -26.0415     -17.2720
                -20.3920     -23.7469     -27.3693     -22.7666     -24.4321
                -26.7022     -20.6946     -19.8367     -27.9078     -32.0935
                -20.9091     -24.4697     -25.0605     -24.3110     -22.5313
                -25.4516     -17.5125     -29.1777     -23.7753     -31.8001
                -27.8671     -34.4818     -28.2607     -38.9352     -37.0246
                -30.8197     -30.9387     -36.1707     -22.6905     -31.6176
                -41.0569     -22.8638     -29.5117     -40.8522     -41.6179
                -40.7049     -24.5582     -19.0577     -18.4012     -24.2691
                -25.3431     -22.8599     -22.3830     -18.9621     -23.3735
   2      0     -33.1300     -31.3757     -31.0617     -25.5354     -16.7721
                -19.8815     -23.2058     -26.8306     -22.2317     -23.9259
                -26.1858     -20.1703     -19.3111     -27.3776     -31.5490
                -20.3802     -23.9545     -24.5573     -23.7939     -22.0103
                -24.9337     -16.9987     -28.6464     -23.2498     -31.2377
                -27.3321     -33.9366     -27.7447     -38.4096     -36.5062
                -30.2934     -30.4176     -35.6575     -22.1916     -31.0802
                -40.5124     -22.3317     -28.9971     -40.3215     -41.0687
                -40.1881     -24.0460     -18.5677     -17.9183     -23.7527
                -24.8391     -22.3262     -21.8480     -18.4422     -22.8528
   3      0     -33.1448     -31.3952     -31.0567     -25.5446     -16.7717
                -19.8735     -23.1966     -26.8095     -22.2320     -23.9382
                -26.2000     -20.1652     -19.3230     -27.3895     -31.5524
                -20.3842     -23.9814     -24.5809     -23.8000     -22.0242
                -24.9420     -17.0031     -28.6515     -23.2495     -31.2370
                -27.3258     -33.9410     -27.7584     -38.4152     -36.5109
                -30.3033     -30.4394     -35.6713     -22.2065     -31.0650
                -40.5048     -22.3473     -29.0153     -40.3309     -41.0587
                -40.1917     -24.0536     -18.5744     -17.9344     -23.7741
                -24.8575     -22.3462     -21.8685     -18.4568     -22.8748
   4      0     -33.1466     -31.3828     -31.0570     -25.5426     -16.7661
                -19.8995     -23.2133     -26.8160     -22.2315     -23.9408
                -26.2102     -20.1733     -19.3114     -27.3864     -31.5408
                -20.4025     -23.9668     -24.5738     -23.8018     -22.0345
                -24.9604     -17.0096     -28.6503     -23.2544     -31.2355
                -27.3215     -33.9284     -27.7549     -38.4152     -36.5109
                -30.3141     -30.4258     -35.6675     -22.2047     -31.0604
                -40.5001     -22.3599     -29.0255     -40.3188     -41.0504
                -40.2012     -24.0608     -18.5786     -17.9430     -23.7758
                -24.8563     -22.3438     -21.8589     -18.4590     -22.8733
   5      0     -33.1461     -31.3957     -31.0625     -25.5544     -16.7878
                -19.9046     -23.2126     -26.8143     -22.2426     -23.9409
                -26.2133     -20.1665     -19.3187     -27.3839     -31.5647
                -20.3985     -23.9891     -24.5908     -23.8046     -22.0334
                -24.9561     -17.0121     -28.6552     -23.2585     -31.2475
                -27.3283     -33.9455     -27.7404     -38.4044     -36.5215
                -30.3154     -30.4318     -35.6687     -22.2117     -31.0597
                -40.5099     -22.3621     -29.0273     -40.3267     -41.0537
                -40.1898     -24.0720     -18.5701     -17.9427     -23.7791
                -24.8646     -22.3458     -21.8657     -18.4690     -22.8645
   5     60     -33.1815     -31.4308     -31.0980     -25.5891     -16.8211
                -19.9383     -23.2478     -26.8495     -22.2781     -23.9757
                -26.2482     -20.2015     -19.3532     -27.4191     -31.5998
                -20.4337     -24.0241     -24.6256     -23.8399     -22.0683
                -24.9913     -17.0468     -28.6907     -23.2939     -31.2831
                -27.3634     -33.9814     -27.7759     -38.4401     -36.5569
                -30.3507     -30.4674     -35.7039     -22.2464     -31.0951
                -40.5457     -22.3974     -29.0625     -40.3626     -41.0891
                -40.2255     -24.1069     -18.6050     -17.9765     -23.8141
                -24.8987     -22.3811     -21.9009     -18.5041     -22.8993
   5     80     -33.3370     -31.5858     -31.2544     -25.7425     -16.9696
                -20.0887     -23.4033     -27.0046     -22.4343     -24.1302
                -26.4029     -20.3562     -19.5064     -27.5745     -31.7541
                -20.5896     -24.1789     -24.7798     -23.9962     -22.2228
                -25.1470     -17.2012     -28.8471     -23.4502     -31.4397
                -27.5184     -34.1388     -27.9317     -38.5964     -36.7117
                -30.5062     -30.6240     -35.8594     -22.4001     -31.2511
                -40.7020     -22.5536     -29.2183     -40.5196     -41.2449
                -40.3824     -24.2613     -18.7589     -18.1270     -23.9683
                -25.0505     -22.5375     -22.0568     -18.6601     -23.0537
   5    100     -33.6871     -31.9354     -31.6050     -26.0909     -17.3106
                -20.4328     -23.7535     -27.3544     -22.7852     -24.4798
                -26.7545     -20.7047     -19.8538     -27.9246     -32.1013
                -20.9439     -24.5300     -25.1303     -24.3499     -22.5737
                -25.5001     -17.5510     -29.1974     -23.8016     -31.7896
                -27.8687     -34.4914     -28.2824     -38.9457     -37.0578
                -30.8575     -30.9755     -36.2101     -22.7497     -31.6007
                -41.0495     -22.9069     -29.5715     -40.8709     -41.5934
                -40.7337     -24.6116     -19.1087     -18.4737     -24.3174
                -25.3990     -22.8911     -22.4109     -19.0146     -23.4049
 
 group  inft   Estimated free energy: 2-th solvent contribution (kcal/mol)
   1      0     -64.1897     -66.6251     -65.9652     -71.6964     -80.6054
                -79.2870     -75.6366     -71.4106     -76.4742     -74.0978
                -74.8897     -80.0111     -79.3877     -71.4007     -66.5456
                -80.9432     -76.4949     -76.0280     -76.7734     -78.0718
                -75.1166     -82.9159     -69.6594     -75.4698     -66.2539
                -71.9260     -64.8211     -69.7580     -58.0448     -59.6545
                -68.1433     -66.5416     -61.9927     -76.3459     -67.7994
                -55.4793     -77.5132     -70.1383     -57.2637     -56.4419
                -58.0060     -74.8759     -79.7791     -81.7140     -73.7134
                -74.4295     -78.8876     -78.7307     -82.6265     -76.4846
   1     60     -64.9539     -67.3878     -66.7287     -72.4539     -81.3644
                -80.0444     -76.3914     -72.1688     -77.2278     -74.8550
                -75.6491     -80.7631     -80.1397     -72.1613     -67.3037
                -81.7027     -77.2504     -76.7829     -77.5270     -78.8258
                -75.8720     -83.6656     -70.4212     -76.2215     -67.0112
                -72.6804     -65.5833     -70.5154     -58.8061     -60.4236
                -68.9080     -67.2989     -62.7525     -77.1035     -68.5585
                -56.2469     -78.2691     -70.8998     -58.0350     -57.2115
                -58.7709     -75.6315     -80.5347     -82.4719     -74.4723
                -75.1873     -79.6409     -79.4913     -83.3804     -77.2382
   1     80     -68.1192     -70.5544     -69.9260     -75.6345     -84.5441
                -83.2433     -79.5678     -75.3651     -80.4082     -78.0195
                -78.8180     -83.9377     -83.3153     -75.3458     -70.4933
                -84.8734     -80.3960     -79.9416     -80.6932     -81.9799
                -79.0341     -86.8263     -73.6079     -79.3782     -70.1959
                -75.8506     -68.7622     -73.6884     -61.9900     -63.6380
                -72.0918     -70.4689     -65.9268     -80.2738     -71.7514
                -59.4609     -81.4341     -74.0792     -61.2261     -60.4412
                -61.9775     -78.8027     -83.6985     -85.6458     -77.6345
                -78.3491     -82.7961     -82.6613     -86.5427     -80.4051
   1    100     -76.0765     -78.5211     -77.9368     -83.6217     -92.5024
                -91.2493     -87.5473     -83.3573     -88.3744     -85.9850
                -86.8161     -91.8935     -91.2778     -83.3366     -78.4722
                -92.8789     -88.3557     -87.9347     -88.6914     -89.9509
                -87.0250     -94.7716     -81.6015     -87.3352     -78.1443
                -83.8360     -76.7571     -81.6570     -69.9498     -71.6383
                -80.0783     -78.4529     -73.9106     -88.2559     -79.7238
                -67.4458     -89.4118     -82.0931     -69.2359     -68.4711
                -69.9793     -86.8024     -91.6412     -93.6458     -85.6050
                -86.3425     -90.7878     -90.6884     -94.5457     -88.3968
   2      0     -64.2496     -66.6763     -65.9832     -71.7688     -80.6089
                -79.3177     -75.6885     -71.5050     -76.5612     -74.1905
                -74.9311     -80.0278     -79.4306     -71.3386     -66.5654
                -80.9963     -76.5129     -76.1011     -76.7493     -78.1022
                -75.1243     -82.9692     -69.6269     -75.4853     -66.2896
                -71.9418     -64.8228     -69.7692     -58.0827     -59.6574
                -68.1977     -66.6377     -62.0821     -76.3608     -67.7742
                -55.4764     -77.5933     -70.1942     -57.2784     -56.4928
                -58.0239     -74.8893     -79.8833     -81.7304     -73.7735
                -74.5131     -78.9416     -78.7395     -82.6969     -76.4556
   3      0     -64.2662     -66.6879     -66.0146     -71.7888     -80.6086
                -79.3051     -75.7101     -71.5009     -76.5920     -74.1931
                -74.9230     -80.0488     -79.4487     -71.3746     -66.5980
                -81.0007     -76.5353     -76.1003     -76.7843     -78.1404
                -75.1637     -82.9566     -69.6926     -75.4899     -66.3099
                -71.9453     -64.8247     -69.7749     -58.0669     -59.6655
                -68.2063     -66.6608     -62.0907     -76.3565     -67.8206
                -55.5160     -77.6067     -70.1844     -57.2696     -56.5140
                -58.0483     -74.8896     -79.9003     -81.7522     -73.7746
                -74.5172     -78.9665     -78.7797     -82.6853     -76.5395
   4      0     -64.2370     -66.6615     -65.9219     -71.7535     -80.5448
                -79.3102     -75.6395     -71.4902     -76.5344     -74.1532
                -74.9184     -80.0151     -79.4237     -71.3484     -66.5434
                -80.9369     -76.5154     -76.0909     -76.7473     -78.0802
                -75.1008     -82.9601     -69.6431     -75.4404     -66.3391
                -71.8911     -64.8078     -69.7464     -58.0766     -59.6166
                -68.1728     -66.6275     -62.0901     -76.3287     -67.7661
                -55.4553     -77.5581     -70.1659     -57.2721     -56.4665
                -58.0543     -74.8543     -79.8869     -81.7074     -73.7322
                -74.4845     -78.9557     -78.7479     -82.6867     -76.4852
   5      0     -64.2794     -66.7304     -66.0726     -71.8273     -80.6834
                -79.4109     -75.7984     -71.5675     -76.5844     -74.2159
                -74.9768     -80.1030     -79.5216     -71.4297     -66.6688
                -81.0500     -76.5664     -76.1980     -76.8450     -78.1702
                -75.2113     -83.0173     -69.7268     -75.5649     -66.3971
                -72.0090     -64.9039     -69.8341     -58.1860     -59.7200
                -68.2316     -66.7160     -62.1378     -76.4056     -67.8922
                -55.5971     -77.6642     -70.2590     -57.3559     -56.5746
                -58.1191     -74.9234     -79.9435     -81.7755     -73.7953
                -74.5488     -79.0220     -78.8388     -82.7469     -76.5683
   5     60     -65.2306     -67.6812     -67.0289     -72.7772     -81.6315
                -80.3621     -76.7488     -72.5227     -77.5343     -75.1596
                -75.9225     -81.0495     -80.4678     -72.3797     -67.6264
                -81.9940     -77.5059     -77.1385     -77.7859     -79.1091
                -76.1524     -83.9565     -70.6800     -76.5064     -67.3522
                -72.9545     -65.8540     -70.7824     -59.1408     -60.6905
                -69.1852     -67.6624     -63.0875     -77.3529     -68.8490
                -56.5676     -78.6066     -71.2063     -58.3164     -57.5478
                -59.0794     -75.8690     -80.8857     -82.7195     -74.7431
                -75.4911     -79.9587     -79.7841     -83.6847     -77.5104
   5     80     -68.9411     -71.3907     -70.7697     -76.4968     -85.3528
                -84.1026     -80.4752     -76.2579     -81.2512     -78.8708
                -79.6364     -84.7631     -84.1880     -76.1051     -71.3572
                -85.7109     -81.1916     -80.8439     -81.4944     -82.8067
                -79.8578     -87.6572     -74.4018     -80.2072     -71.0855
                -76.6681     -69.5720     -74.4960     -62.8630     -64.4478
                -72.9142     -71.3752     -66.8069     -81.0645     -72.5802
                -60.3203     -82.3152     -74.9315     -62.0507     -61.3207
                -62.8252     -79.5827     -84.5881     -86.4340     -78.4487
                -79.1991     -83.6595     -83.5021     -87.3921     -81.2177
   5    100     -76.2069     -78.6566     -78.0608     -83.7785     -92.6083
                -91.3895     -87.7363     -83.5446     -88.5242     -86.1472
                -86.9393     -92.0082     -91.4539     -83.3947     -78.6092
                -93.0184     -88.4568     -88.1415     -88.7938     -90.0846
                -87.1527     -94.9038     -81.6764     -87.4614     -78.3273
                -83.9536     -76.8634     -81.7724     -70.1231     -71.7292
                -80.2108     -78.6632     -74.0977     -88.3442     -79.8435
                -67.5905     -89.5997     -82.2514     -69.3495     -68.6239
                -70.1177     -86.8776     -91.8445     -93.7338     -85.7298
                -86.5012     -90.9581     -90.8270     -94.6984     -88.5056
 
 
 cumulative average & 95% error for solvation free energy
              total             1st component         2nd component
  1   -97.4326              -33.1448              -64.2662
  2   -97.7687     0.6721   -32.2700     1.7497   -65.4770     2.4217
  3   -97.5435     0.5945   -31.8656     1.2941   -65.6562     1.4434
  4   -97.4964     0.4308   -30.2853     3.2903   -67.1894     3.2317
  5   -97.4775     0.3358   -27.5826     5.9762   -69.8732     5.9227
  6   -97.7646     0.6364   -26.2978     5.5148   -71.4452     5.7680
  7   -97.9309     0.6323   -25.8547     4.7443   -72.0545     5.0249
  8   -97.9810     0.5567   -25.9741     4.1156   -71.9853     4.3539
  9   -98.0771     0.5272   -25.5583     3.7237   -72.4971     3.9739
 10   -98.0847     0.4718   -25.3963     3.3463   -72.6667     3.5705
 11   -98.3629     0.7012   -25.4693     3.0304   -72.8718     3.2556
 12   -98.5189     0.7121   -25.0273     2.9042   -73.4699     3.2036
 13   -98.5400     0.6564   -24.5885     2.8119   -73.9298     3.0871
 14   -98.5576     0.6088   -24.7886     2.6339   -73.7473     2.8813
 15   -98.5319     0.5691   -25.2395     2.6126   -73.2707     2.8467
 16   -98.7116     0.6422   -24.9361     2.5181   -73.7538     2.8327
 17   -98.8190     0.6404   -24.8799     2.3680   -73.9174     2.6809
 18   -98.9237     0.6390   -24.8633     2.2328   -74.0387     2.5392
 19   -99.0122     0.6299   -24.8073     2.1150   -74.1832     2.4192
 20   -99.0709     0.6090   -24.6682     2.0257   -74.3811     2.3289
 21   -99.1212     0.5879   -24.6812     1.9270   -74.4183     2.2165
 22   -99.1603     0.5660   -24.3322     1.9654   -74.8064     2.2514
 23   -99.1258     0.5452   -24.5200     1.9152   -74.5841     2.1967
 24   -99.1106     0.5229   -24.4671     1.8367   -74.6218     2.1046
 25   -99.0489     0.5165   -24.7379     1.8431   -74.2894     2.1253
 26   -99.0583     0.4966   -24.8374     1.7820   -74.1992     2.0499
 27   -99.0482     0.4783   -25.1746     1.8425   -73.8520     2.0912
 28   -98.9949     0.4730   -25.2668     1.7851   -73.7064     2.0361
 29   -98.9090     0.4877   -25.7202     1.9465   -73.1671     2.2412
 30   -98.8186     0.5046   -26.0799     2.0134   -72.7170     2.3448
 31   -98.8094     0.4884   -26.2162     1.9664   -72.5715     2.2865
 32   -98.7566     0.4845   -26.3481     1.9221   -72.3868     2.2445
 33   -98.7272     0.4733   -26.6307     1.9468   -72.0748     2.2632
 34   -98.7230     0.4593   -26.5005     1.9065   -72.2008     2.2100
 35   -98.7282     0.4461   -26.6310     1.8695   -72.0756     2.1605
 36   -98.6536     0.4585   -27.0163     1.9736   -71.6156     2.2923
 37   -98.6894     0.4516   -26.8901     1.9360   -71.7775     2.2529
 38   -98.7034     0.4404   -26.9461     1.8877   -71.7356     2.1944
 39   -98.6756     0.4326   -27.2893     1.9626   -71.3647     2.2625
 40   -98.6486     0.4251   -27.6335     2.0330   -70.9934     2.3269
 41   -98.6392     0.4150   -27.9398     2.0753   -70.6777     2.3556
 42   -98.6469     0.4053   -27.8473     2.0337   -70.7780     2.3076
 43   -98.6434     0.3958   -27.6316     2.0322   -70.9901     2.2929
 44   -98.6676     0.3897   -27.4112     2.0338   -71.2347     2.2929
 45   -98.6432     0.3841   -27.3304     1.9946   -71.2912     2.2443
 46   -98.6596     0.3771   -27.2767     1.9537   -71.3613     2.1994
 47   -98.7165     0.3861   -27.1718     1.9232   -71.5231     2.1763
 48   -98.7572     0.3866   -27.0613     1.8956   -71.6743     2.1518
 49   -98.8063     0.3912   -26.8857     1.8895   -71.8990     2.1548
 50   -98.8189     0.3841   -26.8055     1.8582   -71.9918     2.1194
 
 Mesh error is    0.070 kcal/mol
