 ERmod 0.3.8, Copyright (C) 2000-2019 Nobuyuki Matubayasi
                            2010-2019 Shun Sakuraba
 ERmod comes with ABSOLUTELY NO WARRANTY.
 This is free software, and you can redistribute it
 and/or modify it under certain conditions.
 See LICENSE file for details.
 
  Number of the   1-th solvent  =          378
  Number of the   2-th solvent  =        10000
 
  Be sure that the solvent distribution is homogeneous (radial distribution function is essentially unity) when the solvent molecule is separated beyond distance of   10.0 Angstrom in any direction from any atom within the solute molecule
 
  LJ long-range correction    =        -1.1319     -7.1533
 
  Self-energy of the solute   =        -0.0030  kcal/mol
 
 
 cumulative average & 95% error for solvation energy
              total             1st component         2nd component
  1  -492.5899              -76.7831             -415.8038
  2  -490.9166     3.3467   -76.7511     0.0640  -414.1624     3.2827
  3  -490.8232     1.9412   -76.4199     0.6636  -414.4003     1.9541
  4  -490.4631     1.5501   -77.8479     2.8943  -412.6122     3.8339
  5  -489.9065     1.6374   -81.5753     7.7847  -408.3281     9.0682
  6  -490.0220     1.3567   -82.4077     6.5706  -407.6114     7.5416
  7  -489.0654     2.2305   -87.4666    11.5417  -401.5958    13.6152
  8  -488.4035     2.3418   -94.5527    17.3423  -393.8478    19.4720
  9  -487.6741     2.5286   -97.7038    16.5421  -389.9672    18.8450
 10  -487.5341     2.2789   -98.1422    14.8216  -389.3889    16.8951
 11  -487.4159     2.0748   -98.8558    13.4824  -388.5570    15.3725
 12  -487.5350     1.9090   -99.3892    12.3539  -388.1428    14.0576
 13  -487.6641     1.7749   -98.5109    11.4989  -389.1501    13.0871
 14  -488.0275     1.7968   -94.1330    13.7840  -393.8915    15.3859
 15  -488.1904     1.7041   -91.2920    14.0340  -396.8954    15.5324
 16  -488.4471     1.6747   -88.6586    14.1447  -399.7855    15.6368
 17  -488.5934     1.6001   -86.3047    14.0960  -402.2857    15.5160
 18  -488.7927     1.5604   -83.9444    14.1034  -404.8453    15.4986
 19  -489.0556     1.5668   -81.7557    14.0403  -407.2969    15.4584
 20  -489.1743     1.5052   -81.0515    13.3940  -408.1197    14.7571
 21  -489.1954     1.4324   -81.3508    12.7543  -407.8416    14.0479
 22  -489.0945     1.3806   -81.7785    12.1908  -407.3130    13.4358
 23  -489.1043     1.3193   -81.2186    11.7024  -407.8826    12.8888
 24  -489.1959     1.2764   -80.7789    11.2387  -408.4140    12.3857
 25  -489.2906     1.2388   -80.9549    10.7855  -408.3327    11.8811
 26  -489.3340     1.1934   -80.7077    10.3741  -408.6233    11.4298
 27  -489.3675     1.1503   -80.3968    10.0019  -408.9677    11.0198
 28  -489.3949     1.1098   -80.2163     9.6448  -409.1755    10.6271
 29  -489.4283     1.0729   -79.3193     9.4776  -410.1059    10.4216
 30  -489.3976     1.0383   -79.9920     9.2546  -409.4025    10.1660
 31  -489.4387     1.0077   -80.4011     8.9884  -409.0346     9.8601
 32  -489.5837     1.0178   -80.1941     8.7128  -409.3866     9.5729
 33  -489.7050     1.0159   -81.2101     8.6857  -408.4919     9.4493
 34  -489.7025     0.9856   -82.9959     9.1521  -406.7035     9.8402
 35  -489.7611     0.9642   -83.8637     9.0546  -405.8943     9.6910
 36  -489.8404     0.9503   -83.7517     8.8024  -406.0857     9.4258
 37  -489.9078     0.9341   -83.0862     8.6640  -406.8186     9.2839
 38  -489.9661     0.9166   -82.4841     8.5185  -407.4790     9.1323
 39  -490.0528     0.9095   -81.6339     8.4696  -408.4158     9.0903
 40  -490.0736     0.8874   -81.2302     8.2946  -408.8403     8.9007
 41  -490.1459     0.8775   -80.9106     8.1149  -409.2322     8.7162
 42  -490.1276     0.8571   -80.9116     7.9194  -409.2130     8.5062
 43  -490.1892     0.8460   -81.3192     7.7759  -408.8670     8.3348
 44  -490.2249     0.8296   -81.6550     7.6267  -408.5668     8.1653
 45  -490.2646     0.8148   -81.8605     7.4666  -408.4011     7.9887
 46  -490.2780     0.7974   -82.1127     7.3199  -408.1623     7.8277
 47  -490.3485     0.7929   -81.8857     7.1768  -408.4598     7.6824
 48  -490.3759     0.7781   -81.2831     7.1283  -409.0897     7.6254
 49  -490.4745     0.7871   -80.8809     7.0275  -409.5906     7.5351
 50  -490.4840     0.7715   -80.7394     6.8914  -409.7416     7.3890
 
 
 group  inft  solvation free energy     error          difference
  total solvation free energy
   1      0       -108.30602           0.49852          -0.07088
   1     60       -109.17568           0.49885          -0.94054
   1     80       -112.72280           0.49524          -4.48767
   1    100       -121.46433           0.49710         -13.22920
   2      0       -108.36267           0.49554          -0.12754
   3      0       -108.23514           0.52284           0.00000
   4      0       -108.26133           0.50733          -0.02619
   5      0       -108.33216           0.51047          -0.09702
   5     60       -109.43405           0.50737          -1.19891
   5     80       -113.58331           0.50499          -5.34817
   5    100       -121.53926           0.50817         -13.30412
 
  contribution from  1-th solvent component
   1      0        -29.48679           2.72846          -0.03207
   1     60        -29.51868           2.72846          -0.06396
   1     80        -29.66297           2.72874          -0.20825
   1    100        -30.07499           2.72856          -0.62027
   2      0        -29.47388           2.72185          -0.01916
   3      0        -29.45472           2.71854           0.00000
   4      0        -29.46044           2.71757          -0.00572
   5      0        -29.45531           2.71650          -0.00059
   5     60        -29.49599           2.71662          -0.04127
   5     80        -29.67057           2.71695          -0.21585
   5    100        -30.05010           2.71679          -0.59538
 
  contribution from  2-th solvent component
   1      0        -78.81620           3.12872          -0.03881
   1     60        -79.65397           3.12869          -0.87658
   1     80        -83.05681           3.12532          -4.27942
   1    100        -91.38632           3.12587         -12.60893
   2      0        -78.88577           3.11633          -0.10838
   3      0        -78.77739           3.14065           0.00000
   4      0        -78.79786           3.12441          -0.02047
   5      0        -78.87382           3.12492          -0.09643
   5     60        -79.93503           3.12160          -1.15764
   5     80        -83.90971           3.11920          -5.13232
   5    100        -91.48613           3.12084         -12.70874
 
 
 group  inft   Estimated free energy: total (kcal/mol)
   1      0    -109.7351    -108.0741    -108.3303    -107.5151    -105.7856
               -108.4077    -103.9791    -103.5508    -103.0735    -105.8493
               -105.8415    -106.9619    -107.0821    -109.8632    -109.2144
               -109.9216    -109.1138    -109.7780    -110.8015    -109.3587
               -108.0482    -106.8842    -108.2083    -108.9026    -108.6219
               -108.2748    -108.4056    -108.2494    -108.6176    -106.8259
               -108.2892    -110.3844    -109.0799    -106.1195    -108.2876
               -109.8493    -109.9601    -109.7486    -110.3884    -108.7234
               -110.1044    -108.2551    -108.9971    -107.8495    -108.7523
               -107.7452    -110.3745    -109.4149    -110.8532    -108.8485
   1     60    -110.6090    -108.9453    -109.1971    -108.3765    -106.6498
               -109.2760    -104.8458    -104.4241    -103.9527    -106.7169
               -106.7038    -107.8340    -107.9548    -110.7305    -110.0879
               -110.7922    -109.9843    -110.6469    -111.6731    -110.2386
               -108.9253    -107.7500    -109.0595    -109.7654    -109.4865
               -109.1291    -109.2675    -109.1075    -109.4766    -107.6805
               -109.1494    -111.2566    -109.9470    -106.9927    -109.1717
               -110.7278    -110.8355    -110.6276    -111.2588    -109.6048
               -110.9801    -109.1202    -109.8621    -108.7147    -109.6308
               -108.6299    -111.2510    -110.2861    -111.7292    -109.7208
   1     80    -114.1418    -112.4991    -112.7612    -111.9036    -110.2193
               -112.8383    -108.4194    -108.0001    -107.5519    -110.2677
               -110.2817    -111.4076    -111.5173    -114.2454    -113.6222
               -114.3170    -113.5110    -114.1638    -115.1991    -113.8102
               -112.4949    -111.3045    -112.5785    -113.2968    -113.0299
               -112.6541    -112.8145    -112.6415    -112.9999    -111.2310
               -112.6795    -114.7844    -113.4907    -110.5458    -112.7335
               -114.2770    -114.3774    -114.1866    -114.7841    -113.1765
               -114.5202    -112.6439    -113.3740    -112.2752    -113.1939
               -112.2151    -114.7976    -113.8143    -115.2702    -113.2771
   1    100    -122.8894    -121.2204    -121.5104    -120.6111    -118.9264
               -121.5893    -117.1613    -116.7451    -116.3276    -118.9992
               -119.0005    -120.1584    -120.2465    -122.9862    -122.3700
               -123.0449    -122.2466    -122.9031    -123.9631    -122.5942
               -121.2591    -120.0341    -121.2915    -122.0297    -121.7842
               -121.3449    -121.5491    -121.3462    -121.6985    -119.9177
               -121.3804    -123.5488    -122.2199    -119.2966    -121.4900
               -123.0577    -123.1297    -122.9752    -123.5259    -121.9594
               -123.2771    -121.3435    -122.0812    -121.0047    -121.9591
               -120.9934    -123.5639    -122.5598    -124.0494    -122.0526
   2      0    -109.8165    -108.1313    -108.3372    -107.6033    -105.8511
               -108.4543    -104.0351    -103.6267    -103.0964    -105.9672
               -105.9259    -106.9915    -107.1806    -109.8672    -109.2317
               -109.9022    -109.0801    -109.8226    -110.8085    -109.4129
               -108.0906    -106.9228    -108.2609    -108.9702    -108.6288
               -108.4191    -108.4462    -108.3111    -108.6415    -106.9307
               -108.3364    -110.4309    -109.2348    -106.2602    -108.3401
               -109.8790    -110.0408    -109.7644    -110.4250    -108.7960
               -110.1605    -108.3093    -109.0770    -107.9325    -108.8735
               -107.8033    -110.4517    -109.4874    -110.8585    -108.9081
   3      0    -109.8104    -107.9663    -108.2407    -107.3529    -105.6006
               -108.3009    -103.8124    -103.4387    -102.8279    -105.6931
               -105.6196    -106.6894    -106.9511    -109.8842    -109.2054
               -109.9502    -109.1390    -109.8841    -110.8153    -109.4405
               -107.9869    -106.6714    -108.0543    -108.8060    -108.4241
               -108.0405    -108.2660    -108.1502    -108.3865    -106.6449
               -108.1003    -110.3986    -108.8944    -105.8050    -108.2209
               -109.9145    -110.0603    -109.7893    -110.4424    -108.7957
               -110.2113    -108.0720    -108.8583    -107.6832    -108.8593
               -107.8314    -110.4739    -109.5346    -110.9255    -108.8323
   4      0    -109.7994    -108.0192    -108.1765    -107.3583    -105.7498
               -108.3164    -103.8632    -103.5872    -102.9976    -105.8391
               -105.6730    -106.7405    -106.9913    -109.8181    -109.1941
               -109.8896    -109.0497    -109.8130    -110.8157    -109.4329
               -108.0679    -106.8077    -108.0645    -108.8792    -108.4937
               -108.1862    -108.2853    -108.1842    -108.5370    -106.6915
               -108.1909    -110.3937    -109.0011    -106.0354    -108.2592
               -109.8757    -110.0176    -109.7124    -110.3664    -108.7817
               -110.1243    -108.1320    -108.8446    -107.7318    -108.8332
               -107.7824    -110.4806    -109.4992    -110.8366    -108.8462
   5      0    -109.8896    -108.0481    -108.2681    -107.4769    -105.7697
               -108.4824    -103.9867    -103.5938    -102.9512    -105.9388
               -105.8260    -106.8657    -107.0632    -109.9349    -109.2370
               -109.9561    -109.1489    -109.9145    -110.8742    -109.4576
               -108.0255    -106.7670    -108.1968    -108.8504    -108.5509
               -108.2697    -108.3828    -108.2948    -108.4512    -106.7672
               -108.2367    -110.4463    -109.0893    -106.0632    -108.3387
               -109.9351    -110.0833    -109.8150    -110.4738    -108.8289
               -110.2269    -108.1668    -109.0378    -107.8564    -108.8881
               -107.8672    -110.5324    -109.6147    -110.9556    -108.9121
   5     60    -110.9770    -109.1452    -109.3772    -108.5901    -106.8815
               -109.5921    -105.1044    -104.7150    -104.0762    -107.0578
               -106.9498    -107.9927    -108.1819    -111.0140    -110.3234
               -111.0397    -110.2322    -110.9956    -111.9575    -110.5535
               -109.1289    -107.8779    -109.2904    -109.9443    -109.6586
               -109.3770    -109.4841    -109.3965    -109.5484    -107.8821
               -109.3395    -111.5352    -110.2088    -107.1912    -109.4448
               -111.0279    -111.1732    -110.9079    -111.5576    -109.9269
               -111.3165    -109.2651    -110.1515    -108.9662    -109.9950
               -108.9713    -111.6235    -110.7008    -112.0455    -110.0092
   5     80    -115.1232    -113.2942    -113.5349    -112.7210    -111.0488
               -113.7562    -109.2827    -108.8972    -108.2800    -111.2173
               -111.1205    -112.1578    -112.3397    -115.1365    -114.4694
               -115.1757    -114.3680    -115.1252    -116.0951    -114.7354
               -113.3149    -112.0175    -113.4003    -114.0686    -113.7987
               -113.4863    -113.6093    -113.5168    -113.6594    -112.0029
               -113.4556    -115.6767    -114.3477    -111.3468    -113.6122
               -115.1925    -115.3272    -115.0777    -115.6922    -114.1160
               -115.4705    -113.3807    -114.2626    -113.1133    -114.1645
               -113.1744    -115.7831    -114.8439    -116.2021    -114.1722
   5    100    -123.0947    -121.2430    -121.5035    -120.6434    -118.9679
               -121.7370    -117.2319    -116.8568    -116.2564    -119.1514
               -119.0467    -120.1103    -120.2789    -123.0943    -122.4294
               -123.1266    -122.3242    -123.0859    -124.0754    -122.7366
               -121.2875    -119.9471    -121.3208    -122.0144    -121.7554
               -121.3842    -121.5610    -121.4454    -121.5697    -119.8898
               -121.3776    -123.6580    -122.2922    -119.3041    -121.5862
               -123.1888    -123.3020    -123.0783    -123.6544    -122.1153
               -123.4497    -121.2937    -122.1702    -121.0531    -122.1462
               -121.1735    -123.7696    -122.8165    -124.1990    -122.1645
 
 group  inft   Estimated free energy: 1-th solvent contribution (kcal/mol)
   1      0     -28.5218     -28.2800     -27.2691     -29.6719     -35.3040
                -31.7824     -43.8201     -54.2066     -45.4489     -37.5354
                -39.0340     -38.7858     -32.1019     -12.0806     -17.6750
                -16.6901     -16.5929     -14.6949     -14.1881     -24.0401
                -31.8884     -33.3454     -24.5030     -25.6126     -31.4607
                -26.7355     -26.2005     -27.3761     -18.1855     -36.9296
                -34.5504     -27.4026     -42.8766     -53.9618     -42.8199
                -29.8050     -20.8559     -21.3918     -17.1315     -23.3034
                -24.8536     -29.8626     -36.6923     -35.8502     -33.9957
                -34.8852     -26.3617     -18.7039     -22.1093     -26.9654
   1     60     -28.5542     -28.3118     -27.3010     -29.7034     -35.3356
                -31.8145     -43.8520     -54.2389     -45.4807     -37.5668
                -39.0654     -38.8180     -32.1335     -12.1124     -17.7069
                -16.7224     -16.6252     -14.7268     -14.2202     -24.0718
                -31.9211     -33.3765     -24.5344     -25.6445     -31.4923
                -26.7667     -26.2325     -27.4072     -18.2166     -36.9610
                -34.5823     -27.4351     -42.9085     -53.9940     -42.8527
                -29.8374     -20.8880     -21.4237     -17.1636     -23.3358
                -24.8854     -29.8941     -36.7241     -35.8820     -34.0276
                -34.9177     -26.3935     -18.7359     -22.1415     -26.9971
   1     80     -28.6992     -28.4554     -27.4467     -29.8475     -35.4806
                -31.9608     -43.9983     -54.3866     -45.6265     -37.7107
                -39.2093     -38.9652     -32.2772     -12.2544     -17.8491
                -16.8668     -16.7697     -14.8692     -14.3638     -24.2141
                -32.0680     -33.5189     -24.6785     -25.7890     -31.6365
                -26.9103     -26.3782     -27.5492     -18.3585     -37.1063
                -34.7276     -27.5805     -43.0532     -54.1404     -42.9993
                -29.9820     -21.0315     -21.5665     -17.3071     -23.4811
                -25.0274     -30.0370     -36.8683     -36.0274     -34.1710
                -35.0632     -26.5357     -18.8790     -22.2857     -27.1402
   1    100     -29.1144     -28.8664     -27.8597     -30.2562     -35.8909
                -32.3746     -44.4095     -54.7984     -46.0363     -38.1184
                -39.6157     -39.3782     -32.6850     -12.6674     -18.2594
                -17.2796     -17.1832     -15.2808     -14.7796     -24.6262
                -32.4862     -33.9272     -25.0886     -26.2027     -32.0480
                -27.3202     -26.7914     -27.9575     -18.7669     -37.5165
                -35.1388     -27.9977     -43.4634     -54.5529     -43.4139
                -30.3980     -21.4455     -21.9801     -17.7205     -23.8982
                -25.4389     -30.4444     -37.2774     -36.4400     -34.5829
                -35.4776     -26.9478     -19.2914     -22.7016     -27.5537
   2      0     -28.5514     -28.3101     -27.2539     -29.5970     -35.2719
                -31.7294     -43.7661     -54.1604     -45.4124     -37.4954
                -38.9744     -38.7070     -32.0478     -12.1107     -17.6981
                -16.7039     -16.5923     -14.7175     -14.2081     -24.0721
                -31.9064     -33.3084     -24.4965     -25.5716     -31.4334
                -26.6559     -26.1719     -27.3671     -18.1528     -36.8579
                -34.5165     -27.4117     -42.8044     -53.8884     -42.8233
                -29.8184     -20.8915     -21.4210     -17.1627     -23.3310
                -24.8689     -29.8314     -36.6568     -35.8102     -34.0009
                -34.9164     -26.4088     -18.7283     -22.1069     -26.9946
   3      0     -28.5612     -28.3035     -27.2171     -29.5373     -35.2533
                -31.7049     -43.7258     -54.1361     -45.3834     -37.4596
                -38.9342     -38.6463     -32.0070     -12.1088     -17.6820
                -16.6914     -16.5923     -14.7205     -14.2107     -24.0796
                -31.8911     -33.2632     -24.4692     -25.5827     -31.4016
                -26.6042     -26.1334     -27.3130     -18.1126     -36.8093
                -34.4798     -27.4123     -42.7717     -53.8218     -42.8018
                -29.8283     -20.8904     -21.4261     -17.1642     -23.3281
                -24.8668     -29.7941     -36.6253     -35.7961     -33.9995
                -34.9238     -26.4247     -18.7290     -22.1238     -26.9930
   4      0     -28.5688     -28.2914     -27.2066     -29.5364     -35.2441
                -31.6970     -43.7090     -54.1333     -45.3960     -37.4740
                -38.9439     -38.6321     -32.0196     -12.1261     -17.7012
                -16.7098     -16.5950     -14.7329     -14.2287     -24.0964
                -31.8921     -33.2789     -24.4806     -25.5755     -31.4116
                -26.6042     -26.1490     -27.3286     -18.1375     -36.7995
                -34.4884     -27.4136     -42.7752     -53.8355     -42.8176
                -29.8340     -20.9137     -21.4191     -17.1619     -23.3367
                -24.8744     -29.8007     -36.6222     -35.7919     -34.0074
                -34.9230     -26.4260     -18.7533     -22.1164     -27.0110
   5      0     -28.5575     -28.2910     -27.2007     -29.5286     -35.2527
                -31.7041     -43.7226     -54.1124     -45.3723     -37.4574
                -38.9374     -38.6296     -32.0106     -12.1321     -17.7049
                -16.6928     -16.6050     -14.7210     -14.2166     -24.0907
                -31.8823     -33.2586     -24.4638     -25.5634     -31.3763
                -26.5834     -26.1382     -27.3170     -18.1056     -36.8016
                -34.4777     -27.4229     -42.7654     -53.8044     -42.8190
                -29.8326     -20.9176     -21.4432     -17.1679     -23.3429
                -24.8881     -29.7867     -36.6048     -35.7927     -33.9883
                -34.9413     -26.4287     -18.7653     -22.1332     -27.0128
   5     60     -28.5981     -28.3313     -27.2419     -29.5696     -35.2936
                -31.7453     -43.7641     -54.1542     -45.4134     -37.4982
                -38.9784     -38.6714     -32.0513     -12.1719     -17.7449
                -16.7334     -16.6456     -14.7610     -14.2569     -24.1306
                -31.9237     -33.2989     -24.5044     -25.6040     -31.4170
                -26.6240     -26.1791     -27.3570     -18.1457     -36.8426
                -34.5188     -27.4639     -42.8066     -53.8460     -42.8603
                -29.8732     -20.9579     -21.4832     -17.2082     -23.3835
                -24.9281     -29.8271     -36.6460     -35.8337     -34.0286
                -34.9823     -26.4685     -18.8054     -22.1737     -27.0530
   5     80     -28.7731     -28.5047     -27.4185     -29.7446     -35.4685
                -31.9225     -43.9415     -54.3332     -45.5897     -37.6725
                -39.1531     -38.8490     -32.2251     -12.3437     -17.9172
                -16.9081     -16.8202     -14.9338     -14.4308     -24.3031
                -32.1012     -33.4713     -24.6789     -25.7787     -31.5919
                -26.7977     -26.3546     -27.5289     -18.3175     -37.0172
                -34.6947     -27.6400     -42.9816     -54.0233     -43.0371
                -30.0480     -21.1313     -21.6562     -17.3818     -23.5586
                -25.1006     -30.0000     -36.8211     -36.0092     -34.2019
                -35.1583     -26.6407     -18.9784     -22.3485     -27.2265
   5    100     -29.1551     -28.8837     -27.8003     -30.1223     -35.8455
                -32.3040     -44.3199     -54.7120     -45.9666     -38.0480
                -39.5283     -39.2289     -32.6015     -12.7239     -18.2942
                -17.2878     -17.2005     -15.3133     -14.8137     -24.6827
                -32.4844     -33.8475     -25.0569     -26.1590     -31.9721
                -27.1754     -26.7350     -27.9055     -18.6943     -37.3943
                -35.0750     -28.0244     -43.3609     -54.4033     -43.4181
                -30.4307     -21.5124     -22.0371     -17.7629     -23.9416
                -25.4798     -30.3764     -37.1982     -36.3894     -34.5807
                -35.5401     -27.0208     -19.3579     -22.7314     -27.6074
 
 group  inft   Estimated free energy: 2-th solvent contribution (kcal/mol)
   1      0     -81.2103     -79.7911     -81.0582     -77.8401     -70.4785
                -76.6223     -60.1559     -49.3412     -57.6216     -68.3109
                -66.8045     -68.1731     -74.9771     -97.7796     -91.5364
                -93.2284     -92.5179     -95.0801     -96.6104     -85.3156
                -76.1568     -73.5358     -83.7023     -83.2870     -77.1581
                -81.5363     -82.2021     -80.8703     -90.4291     -69.8933
                -73.7357     -82.9788     -66.2002     -52.1546     -65.4647
                -80.0412     -89.1012     -88.3539     -93.2539     -85.4170
                -85.2477     -78.3895     -72.3018     -71.9963     -74.7536
                -72.8570     -84.0098     -90.7079     -88.7409     -81.8801
   1     60     -82.0518     -80.6305     -81.8931     -78.6701     -71.3111
                -77.4585     -60.9908     -50.1822     -58.4689     -69.1471
                -67.6354     -69.0130     -75.8183     -98.6151     -92.3780
                -94.0668     -93.3560     -95.9171     -97.4499     -86.1638
                -77.0012     -74.3704     -84.5220     -84.1179     -77.9912
                -82.3594     -83.0320     -81.6973     -91.2569     -70.7165
                -74.5640     -83.8184     -67.0355     -52.9958     -66.3160
                -80.8874     -89.9445     -89.2009     -94.0922     -86.2659
                -86.0917     -79.2231     -73.1350     -72.8297     -75.6002
                -73.7091     -84.8545     -91.5472     -89.5846     -82.7206
   1     80     -85.4396     -84.0408     -85.3115     -82.0531     -74.7357
                -80.8745     -64.4180     -53.6104     -61.9224     -72.5539
                -71.0694     -72.4394     -79.2371    -101.9880     -95.7701
                -97.4472     -96.7382     -99.2916    -100.8323     -89.5931
                -80.4239     -77.7825     -87.8969     -87.5048     -81.3903
                -85.7408     -86.4333     -85.0893     -94.6383     -74.1216
                -77.9489     -87.2009     -70.4344     -56.4024     -69.7312
                -84.2920     -93.3429     -92.6170     -97.4740     -89.6924
                -89.4897     -82.6040     -76.5027     -76.2448     -79.0198
                -77.1489     -88.2589     -94.9323     -92.9815     -86.1338
   1    100     -93.7720     -92.3509     -93.6477     -90.3519     -83.0326
                -89.2117     -72.7488     -61.9437     -70.2883     -80.8777
                -79.3818     -80.7772     -87.5585    -110.3158    -104.1075
               -105.7623    -105.0604    -107.6192    -109.1804     -97.9649
                -88.7698     -86.1039     -96.1998     -95.8240     -89.7332
                -94.0217     -94.7548     -93.3857    -102.9285     -82.3982
                -86.2385     -95.5481     -78.7535     -64.7407     -78.0731
                -92.6567    -101.6812    -100.9921    -105.8024     -98.0582
                -97.8352     -90.8960     -84.8008     -84.5617     -87.3732
                -85.5128     -96.6131    -103.2654    -101.3448     -94.4959
   2      0     -81.2620     -79.8182     -81.0802     -78.0033     -70.5762
                -76.7219     -60.2660     -49.4633     -57.6810     -68.4688
                -66.9484     -68.2815     -75.1298     -97.7534     -91.5306
                -93.1953     -92.4847     -95.1021     -96.5973     -85.3378
                -76.1813     -73.6114     -83.7614     -83.3955     -77.1924
                -81.7602     -82.2712     -80.9410     -90.4856     -70.0698
                -73.8169     -83.0162     -66.4273     -52.3688     -65.5137
                -80.0576     -89.1463     -88.3404     -93.2593     -85.4619
                -85.2886     -78.4749     -72.4172     -72.1193     -74.8696
                -72.8839     -84.0398     -90.7561     -88.7485     -81.9105
   3      0     -81.2462     -79.6598     -81.0205     -77.8126     -70.3443
                -76.5930     -60.0836     -49.2996     -57.4415     -68.2305
                -66.6824     -68.0401     -74.9411     -97.7724     -91.5204
                -93.2558     -92.5437     -95.1606     -96.6016     -85.3579
                -76.0928     -73.4051     -83.5821     -83.2203     -77.0195
                -81.4333     -82.1295     -80.8342     -90.2708     -69.8325
                -73.6174     -82.9832     -66.1197     -51.9801     -65.4161
                -80.0832     -89.1669     -88.3602     -93.2752     -85.4645
                -85.3415     -78.2749     -72.2300     -71.8841     -74.8568
                -72.9046     -84.0461     -90.8025     -88.7986     -81.8363
   4      0     -81.2275     -79.7248     -80.9668     -77.8188     -70.5027
                -76.6164     -60.1512     -49.4509     -57.5985     -68.3621
                -66.7261     -68.1054     -74.9687     -97.6889     -91.4899
                -93.1768     -92.4516     -95.0771     -96.5840     -85.3334
                -76.1728     -73.5258     -83.5809     -83.3007     -77.0790
                -81.5789     -82.1332     -80.8526     -90.3965     -69.8889
                -73.6994     -82.9771     -66.2229     -52.1969     -65.4386
                -80.0387     -89.1009     -88.2902     -93.2015     -85.4419
                -85.2468     -78.3283     -72.2193     -71.9368     -74.8228
                -72.8564     -84.0516     -90.7429     -88.7171     -81.8321
   5      0     -81.3291     -79.7541     -81.0643     -77.9453     -70.5139
                -76.7753     -60.2611     -49.4784     -57.5759     -68.4784
                -66.8855     -68.2331     -75.0496     -97.7998     -91.5291
                -93.2602     -92.5408     -95.1905     -96.6545     -85.3639
                -76.1401     -73.5053     -83.7300     -83.2840     -77.1715
                -81.6833     -82.2416     -80.9748     -90.3425     -69.9627
                -73.7560     -83.0204     -66.3209     -52.2558     -65.5167
                -80.0995     -89.1627     -88.3688     -93.3029     -85.4830
                -85.3357     -78.3770     -72.4301     -72.0607     -74.8969
                -72.9228     -84.1007     -90.8463     -88.8194     -81.8962
   5     60     -82.3758     -80.8108     -82.1323     -79.0175     -71.5849
                -77.8438     -61.3372     -50.5578     -58.6597     -69.5566
                -67.9684     -69.3183     -76.1276     -98.8391     -92.5755
                -94.3032     -93.5836     -96.2316     -97.6975     -86.4199
                -77.2022     -74.5760     -84.7830     -84.3373     -78.2386
                -82.7500     -83.3020     -82.0364     -91.3997     -71.0365
                -74.8177     -84.0683     -67.3992     -53.3422     -66.5814
                -81.1517     -90.2123     -89.4217     -94.3464     -86.5403
                -86.3854     -79.4350     -73.5025     -73.1294     -75.9633
                -73.9860     -85.1519     -91.8923     -89.8688     -82.9532
   5     80     -86.3471     -84.7866     -86.1134     -82.9734     -75.5773
                -81.8306     -65.3381     -54.5610     -62.6873     -73.5418
                -71.9644     -73.3057     -80.1116    -102.7897     -96.5493
                -98.2645     -97.5448    -100.1883    -101.6613     -90.4293
                -81.2107     -78.5432     -88.7184     -88.2869     -82.2037
                -86.6855     -87.2516     -85.9849     -95.3388     -74.9827
                -78.7579     -88.0336     -71.3631     -57.3204     -70.5720
                -85.1415     -94.1928     -93.4185     -98.3074     -90.5543
                -90.3669     -83.3776     -77.4385     -77.1011     -79.9596
                -78.0130     -89.1394     -95.8625     -93.8506     -86.9427
   5    100     -93.9366     -92.3562     -93.7002     -90.5181     -83.1193
                -89.4299     -72.9090     -62.1418     -70.2868     -81.1004
                -79.5154     -80.8784     -87.6744    -110.3674    -104.1322
               -105.8357    -105.1207    -107.7696    -109.2587     -98.0509
                -88.8001     -86.0966     -96.2608     -95.8523     -89.7803
                -94.2058     -94.8230     -93.5369    -102.8723     -82.4924
                -86.2996     -95.6306     -78.9283     -64.8978     -78.1650
                -92.7551    -101.7866    -101.0383    -105.8886     -98.1706
                -97.9670     -90.9143     -84.9690     -84.6607     -87.5625
                -85.6304     -96.7458    -103.4555    -101.4646     -94.5541
 
 
 cumulative average & 95% error for solvation free energy
              total             1st component         2nd component
  1  -109.8104              -28.5612              -81.2462
  2  -108.8884     1.8440   -28.4324     0.2576   -80.4530     1.5864
  3  -108.6725     1.1489   -28.0273     0.8237   -80.6422     0.9910
  4  -108.3426     1.0466   -28.4048     0.9536   -79.9348     1.5788
  5  -107.7942     1.3638   -29.7745     2.8373   -78.0167     4.0264
  6  -107.8786     1.1263   -30.0962     2.4043   -77.7794     3.3216
  7  -107.2977     1.5019   -32.0433     4.3924   -75.2514     5.7830
  8  -106.8154     1.6195   -34.8049     6.7064   -72.0074     8.1961
  9  -106.3723     1.6808   -35.9803     6.3645   -70.3890     7.9199
 10  -106.3044     1.5095   -36.1282     5.7003   -70.1732     7.0970
 11  -106.2421     1.3710   -36.3833     5.1813   -69.8558     6.4507
 12  -106.2794     1.2538   -36.5719     4.7449   -69.7045     5.8965
 13  -106.3311     1.1579   -36.2207     4.4208   -70.1073     5.4835
 14  -106.5849     1.1861   -34.4985     5.3494   -72.0834     6.4337
 15  -106.7596     1.1582   -33.3774     5.4615   -73.3792     6.5261
 16  -106.9590     1.1545   -32.3345     5.5182   -74.6215     6.5908
 17  -107.0872     1.1143   -31.4085     5.5043   -75.6757     6.5402
 18  -107.2426     1.0956   -30.4814     5.5109   -76.7582     6.5352
 19  -107.4306     1.1025   -29.6250     5.4869   -77.8026     6.5250
 20  -107.5311     1.0650   -29.3477     5.2348   -78.1804     6.2361
 21  -107.5528     1.0140   -29.4689     4.9852   -78.0810     5.9351
 22  -107.5128     0.9701   -29.6413     4.7657   -77.8684     5.6748
 23  -107.5363     0.9282   -29.4165     4.5759   -78.1168     5.4452
 24  -107.5892     0.8949   -29.2567     4.3927   -78.3295     5.2307
 25  -107.6226     0.8610   -29.3425     4.2169   -78.2771     5.0182
 26  -107.6387     0.8278   -29.2372     4.0569   -78.3985     4.8274
 27  -107.6619     0.7979   -29.1222     3.9105   -78.5367     4.6534
 28  -107.6794     0.7697   -29.0576     3.7705   -78.6187     4.4871
 29  -107.7038     0.7443   -28.6802     3.7156   -79.0205     4.4036
 30  -107.6685     0.7225   -28.9512     3.6303   -78.7143     4.2982
 31  -107.6824     0.6994   -29.1295     3.5293   -78.5498     4.1702
 32  -107.7673     0.6981   -29.0759     3.4189   -78.6884     4.0473
 33  -107.8014     0.6801   -29.4909     3.4161   -78.3075     3.9960
 34  -107.7427     0.6701   -30.2065     3.6099   -77.5332     4.1745
 35  -107.7564     0.6513   -30.5664     3.5784   -77.1870     4.1122
 36  -107.8163     0.6442   -30.5459     3.4778   -77.2674     3.9996
 37  -107.8770     0.6382   -30.2849     3.4226   -77.5890     3.9428
 38  -107.9273     0.6292   -30.0518     3.3637   -77.8725     3.8793
 39  -107.9918     0.6263   -29.7213     3.3423   -78.2674     3.8602
 40  -108.0119     0.6118   -29.5615     3.2734   -78.4474     3.7796
 41  -108.0655     0.6062   -29.4470     3.2007   -78.6155     3.7016
 42  -108.0657     0.5916   -29.4553     3.1236   -78.6074     3.6124
 43  -108.0841     0.5789   -29.6220     3.0683   -78.4591     3.5399
 44  -108.0750     0.5659   -29.7623     3.0109   -78.3097     3.4714
 45  -108.0924     0.5543   -29.8565     2.9492   -78.2329     3.3968
 46  -108.0868     0.5422   -29.9666     2.8928   -78.1171     3.3302
 47  -108.1375     0.5402   -29.8913     2.8346   -78.2432     3.2684
 48  -108.1666     0.5320   -29.6587     2.8136   -78.5049     3.2421
 49  -108.2230     0.5330   -29.5050     2.7727   -78.7150     3.2029
 50  -108.2351     0.5228   -29.4547     2.7185   -78.7774     3.1406
 
 Mesh error is    0.128 kcal/mol
