 ERmod 0.3.8, Copyright (C) 2000-2019 Nobuyuki Matubayasi
                            2010-2019 Shun Sakuraba
 ERmod comes with ABSOLUTELY NO WARRANTY.
 This is free software, and you can redistribute it
 and/or modify it under certain conditions.
 See LICENSE file for details.
 
  Number of the   1-th solvent  =          378
  Number of the   2-th solvent  =        10000
 
  Be sure that the solvent distribution is homogeneous (radial distribution function is essentially unity) when the solvent molecule is separated beyond distance of   10.0 Angstrom in any direction from any atom within the solute molecule
 
  LJ long-range correction    =        -1.1319     -7.1533
 
  Self-energy of the solute   =         0.0012  kcal/mol
 
 
 cumulative average & 95% error for solvation energy
              total             1st component         2nd component
  1  -484.1972              -61.5751             -422.6233
  2  -483.4329     1.5287   -69.6557    16.1611  -413.7785    17.6898
  3  -483.4937     0.8909   -76.5719    16.6852  -406.9231    17.0966
  4  -483.6545     0.7073   -83.1971    17.7418  -400.4587    17.7003
  5  -483.7701     0.5947   -85.3545    14.4042  -398.4169    14.3058
  6  -483.9940     0.6605   -81.9235    13.6164  -402.0718    13.7793
  7  -484.2118     0.7081   -78.5435    13.3466  -405.6696    13.6893
  8  -484.3190     0.6496   -76.3932    12.3326  -407.9270    12.6859
  9  -484.2716     0.5806   -73.1960    12.6168  -411.0769    12.8396
 10  -484.4981     0.6891   -70.3548    12.6347  -414.1445    13.0202
 11  -484.6756     0.7174   -70.0025    11.4502  -414.6744    11.8248
 12  -484.9009     0.7949   -70.3803    10.4798  -414.5218    10.7989
 13  -484.9001     0.7312   -69.6697     9.7443  -415.2316    10.0344
 14  -484.8669     0.6802   -67.6513     9.8834  -417.2169    10.1030
 15  -484.8074     0.6443   -66.7012     9.3951  -418.1075     9.5725
 16  -484.6246     0.7049   -65.0007     9.4235  -419.6252     9.4548
 17  -484.5942     0.6649   -65.0268     8.8520  -419.5686     8.8819
 18  -484.5208     0.6438   -66.0682     8.6017  -418.4538     8.6657
 19  -484.4298     0.6356   -66.5016     8.1824  -417.9294     8.2638
 20  -484.3190     0.6424   -67.8092     8.1912  -416.5111     8.3371
 21  -484.1518     0.6966   -69.1266     8.2248  -415.0265     8.4678
 22  -484.0555     0.6916   -69.5720     7.8925  -414.4847     8.1461
 23  -484.0016     0.6695   -70.8322     7.9516  -413.1707     8.2156
 24  -484.0571     0.6505   -72.2174     8.1014  -411.8410     8.3032
 25  -484.1371     0.6441   -72.8633     7.8773  -411.2750     8.0442
 26  -484.1607     0.6207   -73.7085     7.7547  -410.4534     7.9014
 27  -484.1166     0.6037   -73.6283     7.4637  -410.4896     7.6034
 28  -484.0906     0.5841   -73.3222     7.2182  -410.7697     7.3483
 29  -484.0702     0.5650   -73.0202     6.9910  -411.0513     7.1127
 30  -484.0803     0.5463   -73.2276     6.7667  -410.8539     6.8828
 31  -484.1287     0.5371   -73.3834     6.5522  -410.7466     6.6606
 32  -484.1489     0.5216   -73.9933     6.4603  -410.1569     6.5560
 33  -484.1979     0.5150   -74.4107     6.3169  -409.7885     6.3968
 34  -484.2314     0.5041   -74.3506     6.1295  -409.8821     6.2086
 35  -484.2972     0.5068   -74.2141     5.9580  -410.0843     6.0422
 36  -484.3196     0.4946   -74.8409     5.9243  -409.4799     5.9951
 37  -484.3801     0.4960   -75.1499     5.7950  -409.2314     5.8519
 38  -484.3707     0.4832   -74.9582     5.6534  -409.4137     5.7075
 39  -484.3940     0.4729   -75.3071     5.5506  -409.0882     5.5972
 40  -484.4787     0.4911   -75.2712     5.4105  -409.2088     5.4608
 41  -484.4186     0.4938   -75.3455     5.2790  -409.0744     5.3327
 42  -484.4414     0.4840   -75.2774     5.1536  -409.1652     5.2074
 43  -484.4289     0.4733   -75.3052     5.0326  -409.1250     5.0855
 44  -484.3840     0.4711   -75.7127     4.9840  -408.6725     5.0503
 45  -484.4446     0.4762   -75.6166     4.8758  -408.8292     4.9467
 46  -484.4640     0.4673   -75.8572     4.7928  -408.6080     4.8582
 47  -484.4421     0.4594   -75.5482     4.7303  -408.8951     4.7882
 48  -484.4278     0.4506   -74.7034     4.9294  -409.7257     4.9731
 49  -484.4353     0.4416   -74.7064     4.8277  -409.7301     4.8706
 50  -484.4160     0.4344   -74.4734     4.7531  -409.9439     4.7913
 
 
 group  inft  solvation free energy     error          difference
  total solvation free energy
   1      0       -102.71113           0.30035           0.07698
   1     60       -103.62269           0.30001          -0.83459
   1     80       -107.30071           0.29720          -4.51260
   1    100       -116.20689           0.29585         -13.41878
   2      0       -102.78274           0.30364           0.00537
   3      0       -102.78811           0.30451           0.00000
   4      0       -102.82260           0.30370          -0.03449
   5      0       -102.89107           0.30436          -0.10296
   5     60       -104.03279           0.30370          -1.24468
   5     80       -108.34116           0.30006          -5.55305
   5    100       -116.43818           0.29965         -13.65007
 
  contribution from  1-th solvent component
   1      0        -26.68699           1.85766           0.02116
   1     60        -26.72055           1.85771          -0.01240
   1     80        -26.87184           1.85801          -0.16370
   1    100        -27.29620           1.85814          -0.58806
   2      0        -26.70043           1.85749           0.00772
   3      0        -26.70815           1.85709           0.00000
   4      0        -26.71284           1.85701          -0.00470
   5      0        -26.72182           1.85722          -0.01368
   5     60        -26.76471           1.85730          -0.05656
   5     80        -26.94703           1.85764          -0.23889
   5    100        -27.33849           1.85775          -0.63034
 
  contribution from  2-th solvent component
   1      0        -76.02539           2.02993           0.05582
   1     60        -76.90339           2.02923          -0.82218
   1     80        -80.43011           2.02555          -4.34890
   1    100        -88.91194           2.02179         -12.83073
   2      0        -76.08356           2.03478          -0.00235
   3      0        -76.08121           2.03370           0.00000
   4      0        -76.11101           2.03301          -0.02980
   5      0        -76.17050           2.03211          -0.08928
   5     60        -77.26933           2.03091          -1.18812
   5     80        -81.39537           2.02631          -5.31416
   5    100        -89.10094           2.02379         -13.01973
 
 
 group  inft   Estimated free energy: total (kcal/mol)
   1      0    -102.8765    -101.4996    -101.4068    -100.7789    -101.7486
               -103.8850    -104.0880    -103.4723    -102.9101    -104.5929
               -104.2187    -104.4524    -103.6454    -103.3451    -103.0998
               -102.8639    -102.9012    -101.2886    -101.6108    -101.4466
               -100.3137    -101.4927    -100.8584    -102.2225    -103.1769
               -102.3465    -102.2807    -102.6287    -102.8218    -102.7436
               -102.3367    -102.1849    -103.2531    -103.2444    -104.0912
               -102.5543    -103.6907    -102.9809    -102.8815    -104.6951
               -101.4756    -103.6864    -102.6621    -100.6594    -104.0757
               -102.7851    -102.7714    -103.1091    -103.0466    -102.3558
   1     60    -103.7867    -102.4082    -102.3212    -101.6969    -102.6651
               -104.7923    -104.9960    -104.3812    -103.8164    -105.5002
               -105.1321    -105.3650    -104.5546    -104.2503    -104.0067
               -103.7711    -103.8139    -102.2012    -102.5231    -102.3583
               -101.2281    -102.4045    -101.7660    -103.1386    -104.0945
               -103.2616    -103.1921    -103.5371    -103.7307    -103.6551
               -103.2475    -103.1033    -104.1685    -104.1566    -105.0025
               -103.4692    -104.6039    -103.8937    -103.7934    -105.6062
               -102.3891    -104.5999    -103.5709    -101.5758    -104.9834
               -103.7006    -103.6815    -104.0152    -103.9598    -103.2652
   1     80    -107.4660    -106.0895    -106.0126    -105.4009    -106.3645
               -108.4508    -108.6583    -108.0442    -107.4800    -109.1569
               -108.8042    -109.0353    -108.2251    -107.8973    -107.6642
               -107.4197    -107.4898    -105.9018    -106.2157    -106.0518
               -104.9229    -106.0855    -105.4603    -106.8273    -107.7958
               -106.9487    -106.8696    -107.1999    -107.4037    -107.3414
               -106.9220    -106.8036    -107.8547    -107.8317    -108.6846
               -107.1607    -108.2860    -107.5695    -107.4709    -109.2730
               -106.0618    -108.2764    -107.2426    -105.2884    -108.6399
               -107.4039    -107.3528    -107.6548    -107.6335    -106.9411
   1    100    -116.3820    -114.9901    -114.9357    -114.3351    -115.2956
               -117.3317    -117.5514    -116.9307    -116.3731    -118.0493
               -117.7254    -117.9350    -117.1218    -116.7585    -116.5438
               -116.3087    -116.3970    -114.8148    -115.1041    -114.9597
               -113.8498    -114.9892    -114.3612    -115.7467    -116.7486
               -115.8793    -115.7733    -116.0768    -116.3010    -116.2385
               -115.8065    -115.7175    -116.7752    -116.7264    -117.5950
               -116.0973    -117.2164    -116.4907    -116.3740    -118.1787
               -114.9545    -117.1995    -116.1462    -114.2205    -117.5251
               -116.3550    -116.2560    -116.5215    -116.5389    -115.8417
   2      0    -102.9929    -101.5215    -101.3792    -100.8848    -101.8291
               -103.8854    -104.1939    -103.6246    -102.9719    -104.7100
               -104.2280    -104.5170    -103.7326    -103.4881    -103.3129
               -102.9069    -102.8864    -101.3227    -101.7597    -101.5152
               -100.4002    -101.5671    -100.8859    -102.2529    -103.2036
               -102.4434    -102.3286    -102.7127    -102.8787    -102.8523
               -102.4124    -102.2433    -103.3180    -103.2788    -104.1928
               -102.6414    -103.7032    -103.0605    -102.9401    -104.7539
               -101.5099    -103.7260    -102.8098    -100.6229    -104.2582
               -102.8396    -102.7955    -103.2275    -103.1167    -102.4982
   3      0    -103.0046    -101.5114    -101.4192    -100.8801    -101.8584
               -103.9064    -104.1951    -103.6065    -102.9937    -104.7228
               -104.3017    -104.5402    -103.7271    -103.4975    -103.2633
               -102.9233    -102.8954    -101.3422    -101.7530    -101.4734
               -100.4322    -101.5369    -100.8660    -102.2807    -103.2377
               -102.4215    -102.3510    -102.7556    -102.8822    -102.8183
               -102.3933    -102.2401    -103.3368    -103.3201    -104.1646
               -102.6508    -103.7198    -103.0829    -102.9539    -104.7659
               -101.5272    -103.7315    -102.7782    -100.6276    -104.2531
               -102.8837    -102.7926    -103.2012    -103.1336    -102.4513
   4      0    -103.0364    -101.5300    -101.4509    -100.8776    -101.8684
               -103.9649    -104.2224    -103.6038    -103.0080    -104.7388
               -104.3411    -104.5034    -103.7772    -103.4884    -103.2265
               -103.0006    -102.9767    -101.4338    -101.7631    -101.4739
               -100.4107    -101.5848    -100.9158    -102.2921    -103.3076
               -102.4753    -102.3786    -102.7833    -102.9231    -102.8537
               -102.4236    -102.3067    -103.3992    -103.3677    -104.2369
               -102.7310    -103.7446    -103.0665    -103.0361    -104.7570
               -101.5378    -103.8184    -102.8195    -100.7204    -104.2129
               -102.8916    -102.8542    -103.2600    -103.2249    -102.5099
   5      0    -103.0633    -101.6496    -101.5385    -100.9456    -101.9640
               -104.0260    -104.3346    -103.7132    -103.0755    -104.8075
               -104.3706    -104.6516    -103.7816    -103.5748    -103.3060
               -102.9814    -103.0199    -101.4470    -101.8836    -101.5650
               -100.5022    -101.6621    -101.0058    -102.3734    -103.3774
               -102.5757    -102.4397    -102.8094    -102.9502    -102.8704
               -102.5047    -102.3531    -103.4307    -103.4366    -104.3020
               -102.7694    -103.8504    -103.1750    -103.0806    -104.8679
               -101.5941    -103.8764    -102.9248    -100.7405    -104.3453
               -102.9888    -102.9532    -103.3246    -103.1800    -102.5901
   5     60    -104.2038    -102.7892    -102.6839    -102.0974    -103.1103
               -105.1621    -105.4715    -104.8515    -104.2102    -105.9416
               -105.5130    -105.7945    -104.9217    -104.7063    -104.4418
               -104.1162    -104.1593    -102.5924    -103.0239    -102.7107
               -101.6510    -102.8028    -102.1516    -103.5215    -104.5260
               -103.7228    -103.5798    -103.9459    -104.0867    -104.0123
               -103.6461    -103.5006    -104.5755    -104.5784    -105.4439
               -103.9176    -104.9961    -104.3186    -104.2247    -106.0099
               -102.7366    -105.0171    -104.0644    -101.8907    -105.4846
               -104.1371    -104.0921    -104.4553    -104.3209    -103.7276
   5     80    -108.5139    -107.1041    -107.0139    -106.4489    -107.4454
               -109.4407    -109.7582    -109.1385    -108.5009    -110.2246
               -109.8089    -110.0912    -109.2190    -108.9808    -108.7293
               -108.3906    -108.4628    -106.9222    -107.3473    -107.0352
               -105.9870    -107.1150    -106.4805    -107.8424    -108.8615
               -108.0459    -107.8803    -108.2347    -108.3924    -108.3269
               -107.9620    -107.8357    -108.8966    -108.8797    -109.7514
               -108.2383    -109.3105    -108.6254    -108.5346    -110.3044
               -107.0327    -109.3262    -108.3664    -106.2392    -109.7738
               -108.4733    -108.3884    -108.7223    -108.6234    -108.0305
   5    100    -116.6171    -115.1890    -115.1194    -114.5701    -115.5662
               -117.5205    -117.8504    -117.2273    -116.5869    -118.3184
               -117.9118    -118.1832    -117.3053    -117.0524    -116.8173
               -116.4710    -116.5524    -115.0172    -115.4333    -115.1329
               -114.0978    -115.2045    -114.5704    -115.9444    -116.9998
               -116.1573    -115.9788    -116.3122    -116.4794    -116.4202
               -116.0384    -115.9402    -117.0018    -116.9684    -117.8646
               -116.3657    -117.4208    -116.7380    -116.6286    -118.4067
               -115.1174    -117.4406    -116.4579    -114.3514    -117.8614
               -116.6041    -116.4776    -116.7887    -116.7161    -116.1136
 
 group  inft   Estimated free energy: 1-th solvent contribution (kcal/mol)
   1      0     -21.2987     -27.5168     -32.5446     -37.2618     -34.3223
                -23.1363     -20.6877     -21.8607     -16.0080     -15.1368
                -24.0584     -27.2642     -21.1288     -13.3741     -18.6861
                -12.9172     -23.2185     -29.6138     -26.1448     -33.5154
                -34.5465     -28.1044     -35.9805     -38.3152     -32.3968
                -34.8689     -25.9829     -23.2243     -22.5183     -28.5947
                -27.8815     -33.7695     -31.9850     -26.1841     -24.8348
                -35.8373     -31.7290     -24.5970     -32.4871     -27.0752
                -28.4622     -26.0489     -27.5009     -33.4757     -25.7696
                -31.4712     -21.5975     -10.8675     -26.8009     -21.7474
   1     60     -21.3311     -27.5501     -32.5776     -37.2953     -34.3553
                -23.1704     -20.7211     -21.8945     -16.0411     -15.1696
                -24.0922     -27.2981     -21.1616     -13.4070     -18.7188
                -12.9509     -23.2524     -29.6468     -26.1778     -33.5492
                -34.5804     -28.1381     -36.0145     -38.3489     -32.4306
                -34.9030     -26.0162     -23.2577     -22.5517     -28.6282
                -27.9156     -33.8038     -32.0185     -26.2179     -24.8684
                -35.8711     -31.7629     -24.6312     -32.5211     -27.1089
                -28.4964     -26.0827     -27.5345     -33.5094     -25.8031
                -31.5049     -21.6311     -10.9010     -26.8341     -21.7808
   1     80     -21.4778     -27.7008     -32.7270     -37.4474     -34.5045
                -23.3233     -20.8715     -22.0463     -16.1903     -15.3177
                -24.2436     -27.4504     -21.3102     -13.5551     -18.8666
                -13.1017     -23.4047     -29.7967     -26.3277     -33.7028
                -34.7336     -28.2902     -36.1686     -38.5008     -32.5830
                -35.0565     -26.1663     -23.4080     -22.7024     -28.7795
                -28.0690     -33.9587     -32.1701     -26.3697     -25.0200
                -36.0235     -31.9148     -24.7844     -32.6742     -27.2608
                -28.6496     -26.2348     -27.6863     -33.6621     -25.9537
                -31.6571     -21.7826     -11.0509     -26.9835     -21.9318
   1    100     -21.8962     -28.1236     -33.1463     -37.8707     -34.9240
                -23.7499     -21.2968     -22.4717     -16.6137     -15.7416
                -24.6719     -27.8771     -21.7297     -13.9752     -19.2871
                -13.5283     -23.8306     -30.2171     -26.7506     -34.1275
                -35.1569     -28.7119     -36.5929     -38.9245     -33.0104
                -35.4832     -26.5891     -23.8313     -23.1250     -29.2040
                -28.4949     -34.3869     -32.5964     -26.7944     -25.4449
                -36.4498     -32.3415     -25.2132     -33.1006     -27.6865
                -29.0753     -26.6631     -28.1126     -34.0874     -26.3785
                -32.0837     -22.2079     -11.4738     -27.4055     -22.3548
   2      0     -21.3269     -27.5247     -32.5715     -37.2799     -34.3417
                -23.1301     -20.7053     -21.8702     -16.0280     -15.1591
                -24.0559     -27.2627     -21.1525     -13.3944     -18.7105
                -12.9155     -23.2324     -29.6407     -26.1678     -33.5496
                -34.5528     -28.1081     -35.9842     -38.3260     -32.4051
                -34.8730     -26.0019     -23.2481     -22.5294     -28.6170
                -27.8983     -33.7735     -31.9869     -26.1787     -24.8382
                -35.8432     -31.7442     -24.5935     -32.4947     -27.0891
                -28.4700     -26.0599     -27.5318     -33.4832     -25.7920
                -31.4934     -21.6049     -10.8734     -26.8379     -21.7694
   3      0     -21.3379     -27.5327     -32.5732     -37.2928     -34.3603
                -23.1370     -20.7295     -21.8882     -16.0361     -15.1771
                -24.0641     -27.2767     -21.1541     -13.4070     -18.7154
                -12.9219     -23.2324     -29.6393     -26.1711     -33.5338
                -34.5657     -28.1035     -35.9912     -38.3344     -32.4264
                -34.8639     -26.0141     -23.2615     -22.5373     -28.6117
                -27.9148     -33.7957     -31.9961     -26.1972     -24.8508
                -35.8429     -31.7340     -24.6259     -32.5000     -27.0941
                -28.4784     -26.0562     -27.5382     -33.4802     -25.8089
                -31.5091     -21.6102     -10.8777     -26.8396     -21.7669
   4      0     -21.3569     -27.5315     -32.5963     -37.3006     -34.3681
                -23.1369     -20.7199     -21.8951     -16.0497     -15.1753
                -24.0682     -27.2734     -21.1815     -13.4097     -18.7192
                -12.9333     -23.2402     -29.6429     -26.1811     -33.5484
                -34.5544     -28.1127     -35.9903     -38.3454     -32.4301
                -34.8829     -26.0107     -23.2606     -22.5457     -28.6233
                -27.9051     -33.7796     -32.0023     -26.2008     -24.8474
                -35.8450     -31.7443     -24.5950     -32.5086     -27.0932
                -28.4744     -26.0694     -27.5367     -33.4923     -25.8100
                -31.5110     -21.6291     -10.8839     -26.8520     -21.7778
   5      0     -21.3626     -27.5559     -32.6033     -37.3034     -34.3842
                -23.1536     -20.7433     -21.8861     -16.0484     -15.1989
                -24.0608     -27.2742     -21.1778     -13.4226     -18.7271
                -12.9375     -23.2503     -29.6555     -26.2054     -33.5528
                -34.5807     -28.1236     -36.0076     -38.3519     -32.4451
                -34.8841     -26.0219     -23.2843     -22.5582     -28.6212
                -27.9123     -33.7897     -32.0170     -26.2262     -24.8532
                -35.8511     -31.7378     -24.6027     -32.5128     -27.0946
                -28.4764     -26.0879     -27.5494     -33.5077     -25.8153
                -31.5267     -21.6364     -10.8846     -26.8494     -21.7773
   5     60     -21.4040     -27.5985     -32.6456     -37.3465     -34.4265
                -23.1970     -20.7859     -21.9291     -16.0907     -15.2408
                -24.1037     -27.3175     -21.2201     -13.4646     -18.7690
                -12.9803     -23.2935     -29.6980     -26.2478     -33.5964
                -34.6243     -28.1667     -36.0513     -38.3950     -32.4883
                -34.9277     -26.0643     -23.3270     -22.6007     -28.6640
                -27.9557     -33.8335     -32.0598     -26.2693     -24.8961
                -35.8943     -31.7809     -24.6463     -32.5562     -27.1378
                -28.5200     -26.1310     -27.5924     -33.5509     -25.8581
                -31.5697     -21.6794     -10.9272     -26.8918     -21.8201
   5     80     -21.5812     -27.7802     -32.8261     -37.5304     -34.6071
                -23.3810     -20.9670     -22.1114     -16.2709     -15.4197
                -24.2857     -27.5003     -21.3998     -13.6433     -18.9475
                -13.1620     -23.4773     -29.8790     -26.4288     -33.7813
                -34.8094     -28.3496     -36.2367     -38.5782     -32.6721
                -35.1125     -26.2448     -23.5083     -22.7821     -28.8458
                -28.1405     -34.0198     -32.2423     -26.4520     -25.0789
                -36.0774     -31.9637     -24.8306     -32.7400     -27.3206
                -28.7044     -26.3142     -27.7755     -33.7351     -26.0397
                -31.7530     -21.8617     -11.1083     -27.0722     -22.0022
   5    100     -21.9681     -28.1699     -33.2138     -37.9216     -34.9953
                -23.7738     -21.3597     -22.5034     -16.6618     -15.8115
                -24.6787     -27.8928     -21.7878     -14.0310     -19.3358
                -13.5549     -23.8704     -30.2674     -26.8197     -34.1737
                -35.2008     -28.7379     -36.6278     -38.9694     -33.0662
                -35.5057     -26.6346     -23.8995     -23.1720     -29.2369
                -28.5336     -34.4154     -32.6349     -26.8440     -25.4707
                -36.4696     -32.3557     -25.2255     -33.1323     -27.7133
                -29.0966     -26.7093     -28.1690     -34.1272     -26.4320
                -32.1464     -22.2541     -11.4985     -27.4617     -22.3928
 
 group  inft   Estimated free energy: 2-th solvent contribution (kcal/mol)
   1      0     -81.5791     -73.9840     -68.8634     -63.5183     -67.4276
                -80.7500     -83.4016     -81.6128     -86.9034     -89.4574
                -80.1616     -77.1895     -82.5179     -89.9723     -84.4150
                -89.9480     -79.6839     -71.6760     -75.4673     -67.9325
                -65.7684     -73.3895     -64.8791     -63.9085     -70.7813
                -67.4789     -76.2991     -79.4056     -80.3048     -74.1501
                -74.4564     -68.4166     -71.2694     -77.0616     -79.2577
                -66.7182     -71.9629     -78.3852     -70.3956     -77.6211
                -73.0146     -77.6387     -75.1625     -67.1850     -78.3074
                -71.3151     -81.1751     -92.2429     -76.2470     -80.6097
   1     60     -82.4569     -74.8593     -69.7448     -64.4028     -68.3110
                -81.6231     -84.2762     -82.4879     -87.7766     -90.3318
                -81.0412     -78.0682     -83.3942     -90.8445     -85.2891
                -90.8215     -80.5628     -72.5556     -76.3466     -68.8103
                -66.6489     -74.2676     -65.7527     -64.7909     -71.6652
                -68.3598     -77.1772     -80.2806     -81.1802     -75.0281
                -75.3332     -69.3007     -72.1512     -77.9400     -80.1353
                -67.5993     -72.8423     -79.2638     -71.2735     -78.4985
                -73.8939     -78.5184     -76.0377     -68.0677     -79.1816
                -72.1970     -82.0516     -93.1155     -77.1270     -81.4857
   1     80     -85.9894     -78.3900     -73.2869     -67.9548     -71.8612
                -85.1288     -87.7881     -85.9992     -91.2909     -93.8404
                -84.5619     -81.5862     -86.9162     -94.3435     -88.7988
                -94.3193     -84.0864     -76.1064     -79.8893     -72.3502
                -70.1905     -77.7966     -69.2929     -68.3277     -75.2141
                -71.8935     -80.7046     -83.7931     -84.7026     -78.5631
                -78.8542     -72.8462     -75.6859     -81.4633     -83.6658
                -71.1384     -76.3724     -82.7864     -74.7980     -82.0135
                -77.4134     -82.0429     -79.5575     -71.6275     -82.6875
                -75.7481     -85.5714     -96.6051     -80.6513     -85.0106
   1    100     -94.4870     -86.8678     -81.7907     -76.4657     -80.3728
                -93.5831     -96.2559     -94.4603     -99.7606    -102.3090
                -93.0548     -90.0592     -95.3933    -102.7846     -97.2579
               -102.7817     -92.5677     -84.5990     -88.3548     -80.8335
                -78.6941     -86.2786     -77.7695     -76.8235     -83.7394
                -80.3973     -89.1855     -92.2467     -93.1773     -87.0358
                -87.3128     -81.3319     -84.1801     -89.9333     -92.1513
                -79.6488     -84.8762     -91.2787     -83.2746     -90.4934
                -85.8804     -90.5376     -88.0348     -80.1343     -91.1478
                -84.2725     -94.0493    -105.0490     -89.1346     -93.4881
   2      0     -81.6672     -73.9980     -68.8090     -63.6062     -67.4887
                -80.7565     -83.4899     -81.7557     -86.9451     -89.5521
                -80.1734     -77.2555     -82.5814     -90.0950     -84.6037
                -89.9927     -79.6553     -71.6832     -75.5931     -67.9668
                -65.8486     -73.4602     -64.9030     -63.9281     -70.7997
                -67.5717     -76.3279     -79.4658     -80.3506     -74.2366
                -74.5154     -68.4710     -71.3323     -77.1013     -79.3558
                -66.7995     -71.9602     -78.4682     -70.4466     -77.6661
                -73.0412     -77.6673     -75.2793     -67.1409     -78.4674
                -71.3474     -81.1919     -92.3554     -76.2801     -80.7300
   3      0     -81.6680     -73.9799     -68.8473     -63.5885     -67.4994
                -80.7707     -83.4668     -81.7196     -86.9588     -89.5469
                -80.2389     -77.2646     -82.5742     -90.0918     -84.5491
                -90.0026     -79.6642     -71.7041     -75.5832     -67.9408
                -65.8678     -73.4346     -64.8760     -63.9476     -70.8125
                -67.5588     -76.3382     -79.4953     -80.3461     -74.2079
                -74.4798     -68.4457     -71.3419     -77.1241     -79.3151
                -66.8091     -71.9870     -78.4582     -70.4552     -77.6731
                -73.0501     -77.6765     -75.2413     -67.1486     -78.4455
                -71.3759     -81.1836     -92.3248     -76.2952     -80.6857
   4      0     -81.6808     -73.9997     -68.8559     -63.5783     -67.5015
                -80.8292     -83.5038     -81.7100     -86.9595     -89.5648
                -80.2741     -77.2312     -82.5969     -90.0800     -84.5086
                -90.0686     -79.7378     -71.7922     -75.5832     -67.9268
                -65.8575     -73.4733     -64.9268     -63.9479     -70.8788
                -67.5936     -76.3692     -79.5239     -80.3787     -74.2317
                -74.5197     -68.5283     -71.3982     -77.1682     -79.3907
                -66.8872     -72.0015     -78.4727     -70.5287     -77.6651
                -73.0646     -77.7503     -75.2841     -67.2293     -78.4042
                -71.3819     -81.2264     -92.3774     -76.3741     -80.7333
   5      0     -81.7020     -74.0950     -68.9364     -63.6434     -67.5810
                -80.8737     -83.5925     -81.8284     -87.0283     -89.6099
                -80.3110     -77.3786     -82.6050     -90.1534     -84.5801
                -90.0452     -79.7709     -71.7927     -75.6794     -68.0134
                -65.9227     -73.5397     -64.9994     -64.0227     -70.9335
                -67.6928     -76.4190     -79.5263     -80.3932     -74.2504
                -74.5937     -68.5646     -71.4149     -77.2116     -79.4501
                -66.9195     -72.1139     -78.5735     -70.5690     -77.7745
                -73.1189     -77.7897     -75.3767     -67.2340     -78.5313
                -71.4633     -81.3180     -92.4413     -76.3318     -80.8141
   5     60     -82.8011     -75.1920     -70.0396     -64.7521     -68.6851
                -81.9663     -84.6869     -82.9237     -88.1207     -90.7021
                -81.4105     -78.4783     -83.7029     -91.2430     -85.6740
                -91.1371     -80.8670     -72.8956     -76.7773     -69.1156
                -67.0279     -74.6374     -66.1016     -65.1277     -72.0389
                -68.7964     -77.5167     -80.6202     -81.4872     -75.3495
                -75.6916     -69.6683     -72.5169     -78.3103     -80.5490
                -68.0246     -73.2165     -79.6736     -71.6697     -78.8734
                -74.2179     -78.8874     -76.4732     -68.3410     -79.6278
                -72.5686     -82.4140     -93.5293     -77.4303     -81.9088
   5     80     -86.9339     -79.3252     -74.1890     -68.9198     -72.8395
                -86.0610     -88.7924     -87.0284     -92.2312     -94.8061
                -85.5245     -82.5921     -87.8204     -95.3387     -89.7831
                -95.2299     -84.9868     -77.0444     -80.9198     -73.2552
                -71.1789     -78.7667     -70.2451     -69.2655     -76.1907
                -72.9347     -81.6368     -84.7277     -85.6116     -79.4823
                -79.8228     -73.8172     -76.6555     -82.4290     -84.6737
                -72.1621     -77.3480     -83.7960     -75.7958     -82.9850
                -78.3296     -83.0132     -80.5921     -72.5054     -83.7354
                -76.7216     -86.5279     -97.6153     -81.5524     -86.0296
   5    100     -94.6503     -87.0203     -81.9069     -76.6497     -80.5722
                -93.7480     -96.4920     -94.7251     -99.9264    -102.5082
                -93.2343     -90.2917     -95.5188    -103.0227     -97.4827
               -102.9173     -92.6832     -84.7511     -88.6149     -80.9605
                -78.8982     -86.4678     -77.9438     -76.9763     -83.9349
                -80.6528     -89.3454     -92.4139     -93.3086     -87.1845
                -87.5060     -81.5260     -84.3682     -90.1257     -92.3952
                -79.8974     -85.0663     -91.5138     -83.4975     -90.6947
                -86.0221     -90.7325     -88.2902     -80.2254     -91.4307
                -84.4590     -94.2247    -105.2914     -89.2557     -93.7221
 
 
 cumulative average & 95% error for solvation free energy
              total             1st component         2nd component
  1  -103.0046              -21.3379              -81.6680
  2  -102.2580     1.4932   -24.4353     6.1949   -77.8239     7.6881
  3  -101.9784     1.0276   -27.1479     6.4981   -74.8317     7.4509
  4  -101.7038     0.9108   -29.6842     6.8441   -72.0209     7.7046
  5  -101.7347     0.7082   -30.6194     5.6217   -71.1166     6.2360
  6  -102.0967     0.9265   -29.3723     5.2240   -72.7256     6.0233
  7  -102.3965     0.9862   -28.1376     5.0587   -74.2601     5.9441
  8  -102.5477     0.9061   -27.3564     4.6512   -75.1925     5.4752
  9  -102.5973     0.8052   -26.0986     4.8119   -76.4999     5.4911
 10  -102.8098     0.8363   -25.0065     4.8265   -77.8046     5.5616
 11  -102.9454     0.8036   -24.9208     4.3691   -78.0259     5.0501
 12  -103.0783     0.7803   -25.1171     4.0077   -77.9625     4.6118
 13  -103.1282     0.7246   -24.8123     3.7366   -78.3172     4.3012
 14  -103.1546     0.6730   -23.9976     3.8239   -79.1582     4.3228
 15  -103.1619     0.6267   -23.6455     3.6289   -79.5176     4.0880
 16  -103.1470     0.5869   -22.9753     3.6496   -80.1730     4.0423
 17  -103.1322     0.5521   -22.9904     3.4283   -80.1430     3.7976
 18  -103.0327     0.5573   -23.3598     3.3156   -79.6742     3.7011
 19  -102.9654     0.5441   -23.5077     3.1502   -79.4589     3.5273
 20  -102.8908     0.5373   -24.0090     3.1522   -78.8830     3.5390
 21  -102.7737     0.5621   -24.5117     3.1624   -78.2632     3.5872
 22  -102.7175     0.5476   -24.6750     3.0329   -78.0437     3.4483
 23  -102.6370     0.5475   -25.1670     3.0605   -77.4712     3.4883
 24  -102.6221     0.5250   -25.7156     3.1289   -76.9077     3.5248
 25  -102.6468     0.5060   -25.9841     3.0488   -76.6639     3.4158
 26  -102.6381     0.4864   -26.3256     3.0078   -76.3137     3.3557
 27  -102.6275     0.4686   -26.3141     2.8943   -76.3146     3.2291
 28  -102.6320     0.4516   -26.2051     2.7976   -76.4282     3.1199
 29  -102.6407     0.4361   -26.0786     2.7112   -76.5633     3.0225
 30  -102.6466     0.4215   -26.1630     2.6247   -76.4848     2.9242
 31  -102.6384     0.4080   -26.2195     2.5411   -76.4201     2.8313
 32  -102.6260     0.3958   -26.4563     2.5056   -76.1709     2.7863
 33  -102.6475     0.3860   -26.6241     2.4516   -76.0246     2.7164
 34  -102.6673     0.3766   -26.6116     2.3785   -76.0569     2.6360
 35  -102.7101     0.3756   -26.5613     2.3118   -76.1500     2.5664
 36  -102.7084     0.3650   -26.8191     2.3050   -75.8906     2.5475
 37  -102.7358     0.3592   -26.9519     2.2576   -75.7851     2.4867
 38  -102.7449     0.3501   -26.8907     2.2008   -75.8554     2.4244
 39  -102.7502     0.3411   -27.0346     2.1628   -75.7169     2.3776
 40  -102.8006     0.3474   -27.0360     2.1080   -75.7658     2.3195
 41  -102.7696     0.3445   -27.0712     2.0572   -75.6996     2.2661
 42  -102.7925     0.3393   -27.0471     2.0082   -75.7467     2.2135
 43  -102.7921     0.3313   -27.0585     1.9611   -75.7349     2.1615
 44  -102.7430     0.3383   -27.2044     1.9381   -75.5398     2.1476
 45  -102.7765     0.3375   -27.1734     1.8955   -75.6043     2.1033
 46  -102.7788     0.3301   -27.2677     1.8634   -75.5124     2.0652
 47  -102.7791     0.3230   -27.1473     1.8392   -75.6331     2.0352
 48  -102.7879     0.3167   -26.8083     1.9238   -75.9808     2.1102
 49  -102.7950     0.3105   -26.8090     1.8842   -75.9872     2.0668
 50  -102.7881     0.3045   -26.7081     1.8571   -76.0812     2.0337
 
 Mesh error is    0.103 kcal/mol
