 ERmod 0.3.8, Copyright (C) 2000-2019 Nobuyuki Matubayasi
                            2010-2019 Shun Sakuraba
 ERmod comes with ABSOLUTELY NO WARRANTY.
 This is free software, and you can redistribute it
 and/or modify it under certain conditions.
 See LICENSE file for details.
 
  Number of the   1-th solvent  =        10000
 
  Be sure that the solvent distribution is homogeneous (radial distribution function is essentially unity) when the solvent molecule is separated beyond distance of   10.0 Angstrom in any direction from any atom within the solute molecule
 
  LJ long-range correction    =        -7.8240
 
  Self-energy of the solute   =        -0.0098  kcal/mol
 
 
 cumulative average & 95% error for solvation energy
  1  -461.5794
  2  -461.6877     0.2168
  3  -462.2894     1.2099
  4  -462.5078     0.9605
  5  -462.5181     0.7443
  6  -462.6053     0.6322
  7  -462.5742     0.5380
  8  -462.4894     0.4958
  9  -462.5223     0.4421
 10  -462.6410     0.4613
 11  -462.7720     0.4927
 12  -462.8630     0.4852
 13  -462.8859     0.4487
 14  -462.6932     0.5667
 15  -462.6558     0.5328
 16  -462.6636     0.4987
 17  -462.7308     0.4873
 18  -462.8181     0.4915
 19  -462.8864     0.4846
 20  -463.0067     0.5189
 21  -462.9753     0.4975
 22  -462.9539     0.4763
 23  -462.9648     0.4557
 24  -462.9693     0.4363
 25  -463.0667     0.4616
 26  -463.0855     0.4451
 27  -463.0704     0.4294
 28  -463.0773     0.4140
 29  -463.0797     0.3995
 30  -463.0843     0.3860
 31  -463.0556     0.3777
 32  -463.1069     0.3798
 33  -463.0899     0.3697
 34  -463.0934     0.3587
 35  -463.0874     0.3485
 36  -463.0725     0.3400
 37  -463.0727     0.3307
 38  -463.0661     0.3222
 39  -463.0399     0.3182
 40  -463.0428     0.3102
 41  -463.0343     0.3030
 42  -463.0376     0.2957
 43  -463.0114     0.2935
 44  -463.0017     0.2874
 45  -462.9925     0.2815
 46  -462.9739     0.2778
 47  -462.9840     0.2726
 48  -462.9925     0.2674
 49  -463.0042     0.2629
 50  -463.0407     0.2678
 
 
 group  inft  solvation free energy     error          difference
   1      0        -86.65844           0.14340           0.05040
   1     60        -86.78623           0.14339          -0.07739
   1     80        -88.33766           0.14341          -1.62883
   1    100        -95.17554           0.14453          -8.46670
   2      0        -86.70896           0.14170          -0.00013
   3      0        -86.70884           0.14183           0.00000
   4      0        -86.67777           0.14336           0.03107
   5      0        -86.75173           0.14157          -0.04289
   5     60        -86.93294           0.14155          -0.22410
   5     80        -88.93705           0.14159          -2.22822
   5    100        -95.28495           0.14249          -8.57611
 
 
 group  inft   Estimated free energy (kcal/mol)
   1      0     -85.8135     -86.1636     -87.0156     -86.4227     -86.3711
                -86.7312     -86.5196     -86.0499     -86.6964     -86.9575
                -87.2256     -87.0190     -86.7877     -85.1676     -86.1963
                -86.7851     -86.8816     -87.5186     -87.5516     -87.6984
                -86.4364     -86.4408     -86.6602     -86.6269     -87.8481
                -86.4852     -86.1898     -87.0657     -86.5101     -86.7282
                -86.0802     -87.3513     -86.3369     -86.5139     -86.2728
                -86.2237     -86.5457     -86.5541     -86.3608     -86.7023
                -86.9189     -87.1388     -86.0107     -86.4620     -86.4867
                -86.1886     -86.9306     -87.0449     -86.7326     -87.5031
   1     60     -85.9418     -86.2912     -87.1438     -86.5511     -86.4989
                -86.8592     -86.6477     -86.1782     -86.8236     -87.0858
                -87.3531     -87.1471     -86.9158     -85.2950     -86.3239
                -86.9128     -87.0097     -87.6456     -87.6789     -87.8269
                -86.5635     -86.5689     -86.7877     -86.7545     -87.9752
                -86.6130     -86.3177     -87.1932     -86.6383     -86.8563
                -86.2083     -87.4794     -86.4644     -86.6424     -86.4001
                -86.3516     -86.6737     -86.6815     -86.4887     -86.8298
                -87.0457     -87.2660     -86.1386     -86.5899     -86.6143
                -86.3159     -87.0587     -87.1725     -86.8602     -87.6315
   1     80     -87.4933     -87.8434     -88.7014     -88.1057     -88.0502
                -88.4114     -88.1966     -87.7300     -88.3690     -88.6430
                -88.9050     -88.6993     -88.4661     -86.8457     -87.8755
                -88.4576     -88.5637     -89.1952     -89.2274     -89.3817
                -88.1126     -88.1199     -88.3358     -88.3069     -89.5220
                -88.1672     -87.8695     -88.7385     -88.1921     -88.4076
                -87.7583     -89.0359     -88.0184     -88.1918     -87.9516
                -87.9012     -88.2261     -88.2365     -88.0390     -88.3789
                -88.5919     -88.8128     -87.6919     -88.1427     -88.1667
                -87.8665     -88.6126     -88.7250     -88.4121     -89.1898
   1    100     -94.3196     -94.6849     -95.5642     -94.9486     -94.8933
                -95.2432     -95.0201     -94.5609     -95.1902     -95.5022
                -95.7415     -95.5472     -95.3094     -93.6778     -94.7033
                -95.2747     -95.3974     -96.0409     -96.0661     -96.2440
                -94.9498     -94.9594     -95.1606     -95.1488     -96.3503
                -95.0055     -94.6999     -95.5593     -95.0294     -95.2483
                -94.5951     -95.8827     -94.8561     -95.0214     -94.7814
                -94.7359     -95.0698     -95.0862     -94.8687     -95.2094
                -95.4177     -95.6498     -94.5280     -94.9836     -95.0167
                -94.7006     -95.4523     -95.5711     -95.2525     -96.0572
   2      0     -85.9168     -86.1704     -87.0186     -86.4827     -86.4284
                -86.7972     -86.6430     -86.0978     -86.7204     -87.0008
                -87.2943     -87.0534     -86.8122     -85.2219     -86.2483
                -86.8605     -86.9781     -87.5752     -87.5836     -87.7447
                -86.4849     -86.4818     -86.7202     -86.6447     -87.9093
                -86.5551     -86.2908     -87.0804     -86.5643     -86.7691
                -86.1372     -87.4151     -86.3753     -86.6498     -86.3592
                -86.2766     -86.5551     -86.6208     -86.3500     -86.7775
                -86.8989     -87.1848     -86.0644     -86.5346     -86.5286
                -86.2597     -86.9471     -87.0881     -86.7700     -87.5063
   3      0     -85.8977     -86.1071     -86.9938     -86.4772     -86.4566
                -86.7984     -86.6446     -86.0888     -86.6872     -87.0227
                -87.3220     -87.0426     -86.8549     -85.2162     -86.2512
                -86.8541     -86.9750     -87.5771     -87.5868     -87.7201
                -86.4908     -86.4954     -86.7088     -86.6976     -87.8904
                -86.5654     -86.3079     -87.0884     -86.5811     -86.7656
                -86.1608     -87.4211     -86.3452     -86.6656     -86.3435
                -86.3024     -86.5647     -86.6188     -86.3242     -86.7969
                -86.9327     -87.1602     -86.0777     -86.4966     -86.5262
                -86.2522     -86.9434     -87.0871     -86.7599     -87.4974
   4      0     -85.8675     -86.0724     -86.9788     -86.4489     -86.4360
                -86.7671     -86.6175     -86.0518     -86.6747     -86.9654
                -87.2297     -87.0529     -86.8439     -85.1423     -86.2399
                -86.8007     -86.9129     -87.5876     -87.5502     -87.6884
                -86.4424     -86.4280     -86.7146     -86.6206     -87.9032
                -86.5565     -86.2679     -87.0565     -86.5586     -86.7234
                -86.1037     -87.3234     -86.3456     -86.5884     -86.3257
                -86.3071     -86.5023     -86.6377     -86.2859     -86.7519
                -86.8701     -87.1597     -86.0515     -86.4906     -86.4759
                -86.1832     -86.9205     -87.1027     -86.7708     -87.4910
   5      0     -85.9074     -86.1872     -87.0013     -86.5269     -86.4925
                -86.8558     -86.7009     -86.1136     -86.7369     -87.0092
                -87.2694     -87.1329     -86.9012     -85.2639     -86.3277
                -86.8751     -86.9971     -87.6498     -87.6044     -87.7603
                -86.5241     -86.5477     -86.7330     -86.7665     -87.9195
                -86.6052     -86.3182     -87.1578     -86.6417     -86.7880
                -86.1743     -87.4383     -86.3752     -86.6569     -86.4181
                -86.3810     -86.5716     -86.7023     -86.3763     -86.8110
                -86.9995     -87.2354     -86.1281     -86.5289     -86.5826
                -86.2959     -86.9984     -87.1548     -86.8626     -87.5802
   5     60     -86.0886     -86.3683     -87.1828     -86.7085     -86.6736
                -87.0372     -86.8820     -86.2949     -86.9174     -87.1908
                -87.4504     -87.3142     -87.0822     -85.4451     -86.5091
                -87.0558     -87.1786     -87.8301     -87.7851     -87.9421
                -86.7053     -86.7289     -86.9137     -86.9476     -88.1004
                -86.7867     -86.4994     -87.3383     -86.8232     -86.9694
                -86.3557     -87.6201     -86.5567     -86.8386     -86.5991
                -86.5623     -86.7526     -86.8837     -86.5575     -86.9922
                -87.1802     -87.4160     -86.3102     -86.7103     -86.7638
                -86.4770     -87.1798     -87.3359     -87.0434     -87.7623
   5     80     -88.0915     -88.3724     -89.1916     -88.7167     -88.6780
                -89.0417     -88.8840     -88.2983     -88.9143     -89.2007
                -89.4531     -89.3206     -89.0865     -87.4480     -88.5125
                -89.0539     -89.1835     -89.8329     -89.7860     -89.9523
                -88.7079     -88.7329     -88.9141     -88.9534     -90.1010
                -88.7940     -88.5031     -89.3351     -88.8292     -88.9743
                -88.3610     -89.6279     -88.5608     -88.8433     -88.6034
                -88.5679     -88.7572     -88.8919     -88.5576     -88.9954
                -89.1783     -89.4152     -88.3173     -88.7158     -88.7690
                -88.4804     -89.1850     -89.3403     -89.0476     -89.7740
   5    100     -94.4339     -94.7203     -95.5543     -95.0711     -95.0296
                -95.3882     -95.2250     -94.6394     -95.2437     -95.5672
                -95.8001     -95.6783     -95.4409     -93.7891     -94.8553
                -95.3849     -95.5302     -96.1902     -96.1360     -96.3208
                -95.0522     -95.0815     -95.2506     -95.3064     -96.4429
                -95.1448     -94.8445     -95.6662     -95.1791     -95.3231
                -94.7082     -95.9820     -94.9043     -95.1858     -94.9468
                -94.9189     -95.1060     -95.2524     -94.8909     -95.3407
                -95.5114     -95.7574     -94.6646     -95.0678     -95.1245
                -94.8272     -95.5319     -95.6970     -95.3967     -96.1427
 
 
 cumulative average & 95% error for solvation free energy
  1   -85.8977
  2   -86.0024     0.2095
  3   -86.3329     0.6719
  4   -86.3689     0.4806
  5   -86.3865     0.3739
  6   -86.4551     0.3347
  7   -86.4822     0.2880
  8   -86.4330     0.2681
  9   -86.4613     0.2431
 10   -86.5174     0.2447
 11   -86.5905     0.2653
 12   -86.6282     0.2537
 13   -86.6457     0.2359
 14   -86.5436     0.2990
 15   -86.5241     0.2811
 16   -86.5447     0.2661
 17   -86.5700     0.2551
 18   -86.6259     0.2652
 19   -86.6765     0.2705
 20   -86.7287     0.2770
 21   -86.7174     0.2645
 22   -86.7073     0.2530
 23   -86.7073     0.2417
 24   -86.7069     0.2314
 25   -86.7543     0.2413
 26   -86.7470     0.2323
 27   -86.7308     0.2259
 28   -86.7435     0.2192
 29   -86.7379     0.2118
 30   -86.7388     0.2046
 31   -86.7202     0.2014
 32   -86.7421     0.1999
 33   -86.7301     0.1952
 34   -86.7282     0.1894
 35   -86.7172     0.1852
 36   -86.7057     0.1815
 37   -86.7019     0.1767
 38   -86.6997     0.1720
 39   -86.6900     0.1686
 40   -86.6927     0.1645
 41   -86.6986     0.1608
 42   -86.7096     0.1585
 43   -86.6949     0.1575
 44   -86.6904     0.1542
 45   -86.6867     0.1509
 46   -86.6773     0.1488
 47   -86.6829     0.1460
 48   -86.6913     0.1439
 49   -86.6927     0.1410
 50   -86.7088     0.1418
 
 Mesh error is    0.050 kcal/mol
