 ERmod 0.3.8, Copyright (C) 2000-2019 Nobuyuki Matubayasi
                            2010-2019 Shun Sakuraba
 ERmod comes with ABSOLUTELY NO WARRANTY.
 This is free software, and you can redistribute it
 and/or modify it under certain conditions.
 See LICENSE file for details.
 ERmod 0.3.8, Copyright (C) 2000-2019 Nobuyuki Matubayasi
                            2010-2019 Shun Sakuraba
 ERmod comes with ABSOLUTELY NO WARRANTY.
 This is free software, and you can redistribute it
 and/or modify it under certain conditions.
 See LICENSE file for details.
 
  Number of the   1-th solvent  =          378
  Number of the   2-th solvent  =        10000
 
  Be sure that the solvent distribution is homogeneous (radial distribution function is essentially unity) when the solvent molecule is separated beyond distance of   10.0 Angstrom in any direction from any atom within the solute molecule
 
  LJ long-range correction    =        -1.1319     -7.1533
 
  Self-energy of the solute   =        -0.0134  kcal/mol
 
 
 cumulative average & 95% error for solvation energy
              total             1st component         2nd component
  1  -485.6992              -66.0839             -419.6020
  2  -486.5334     1.6684   -72.5557    12.9437  -413.9643    11.2753
  3  -486.6359     0.9848   -68.4449    11.1105  -418.1776    10.6483
  4  -486.8163     0.7843   -68.5446     7.8588  -418.2583     7.5312
  5  -487.3636     1.2519   -70.0522     6.7932  -417.2980     6.1416
  6  -487.3114     1.0275   -73.7380     9.2253  -413.5600     9.0021
  7  -486.7407     1.4342   -75.8100     8.8297  -410.9172     9.2640
  8  -486.4634     1.3603   -78.7178     9.6069  -407.7322    10.2442
  9  -486.2952     1.2459   -80.1929     8.9715  -406.0889     9.6138
 10  -486.3003     1.1145   -80.6631     8.0792  -405.6239     8.6490
 11  -486.2530     1.0125   -81.8553     7.6871  -404.3843     8.2067
 12  -486.2165     0.9272   -81.0078     7.2192  -405.1953     7.6652
 13  -486.2322     0.8534   -80.1471     6.8601  -406.0717     7.2656
 14  -486.2454     0.7906   -80.1108     6.3517  -406.1212     6.7274
 15  -486.2604     0.7366   -80.5017     5.9646  -405.7453     6.3078
 16  -486.3437     0.7089   -81.4611     5.9001  -404.8692     6.1551
 17  -486.3977     0.6746   -82.0736     5.6759  -404.3108     5.8886
 18  -486.4843     0.6591   -81.8243     5.3745  -404.6466     5.5923
 19  -486.5421     0.6341   -81.5716     5.1088  -404.9571     5.3261
 20  -486.6094     0.6165   -80.3790     5.4018  -406.2170     5.6463
 21  -486.6415     0.5899   -80.1636     5.1562  -406.4645     5.3935
 22  -486.6619     0.5639   -80.3631     4.9324  -406.2854     5.1549
 23  -486.5822     0.5619   -78.9040     5.5434  -407.6648     5.6456
 24  -486.6298     0.5464   -78.4951     5.3700  -408.1213     5.4819
 25  -486.5825     0.5326   -78.8533     5.2003  -407.7158     5.3202
 26  -486.6887     0.5540   -78.9130     4.9978  -407.7624     5.1123
 27  -486.6388     0.5424   -79.6760     5.0454  -406.9495     5.1810
 28  -486.6819     0.5297   -80.7629     5.3257  -405.9056     5.4115
 29  -486.7426     0.5253   -81.0360     5.1677  -405.6932     5.2388
 30  -486.7504     0.5077   -81.6066     5.1213  -405.1305     5.1848
 31  -486.7330     0.4923   -81.8722     4.9817  -404.8475     5.0466
 32  -486.6822     0.4874   -82.1766     4.8618  -404.4922     4.9378
 33  -486.6312     0.4833   -83.0147     5.0014  -403.6032     5.1054
 34  -486.6191     0.4695   -83.8525     5.1333  -402.7532     5.2366
 35  -486.5358     0.4853   -84.1844     5.0285  -402.3380     5.1521
 36  -486.5834     0.4812   -85.0752     5.2014  -401.4948     5.2833
 37  -486.6333     0.4785   -85.0505     5.0591  -401.5694     5.1407
 38  -486.5865     0.4751   -85.1609     4.9292  -401.4122     5.0135
 39  -486.6512     0.4804   -84.8130     4.8513  -401.8248     4.9525
 40  -486.7111     0.4834   -84.2050     4.8823  -402.4927     5.0085
 41  -486.6513     0.4864   -83.3969     5.0285  -403.2410     5.1089
 42  -486.6993     0.4843   -82.9122     5.0022  -403.7737     5.0984
 43  -486.7265     0.4760   -82.7591     4.8940  -403.9540     4.9914
 44  -486.7485     0.4671   -82.4798     4.8140  -404.2553     4.9138
 45  -486.7862     0.4628   -81.9319     4.8317  -404.8410     4.9441
 46  -486.7420     0.4612   -81.8162     4.7312  -404.9124     4.8375
 47  -486.7152     0.4544   -82.1480     4.6767  -404.5539     4.7875
 48  -486.7270     0.4455   -82.3787     4.6015  -404.3349     4.7071
 49  -486.7288     0.4363   -82.4499     4.5088  -404.2655     4.6121
 50  -486.7938     0.4468   -82.3295     4.4243  -404.4509     4.5341
 
 
 group  inft  solvation free energy     error          difference
  total solvation free energy
   1      0       -106.14150           0.29733           0.04380
   1     60       -107.06932           0.29597          -0.88402
   1     80       -110.80278           0.29329          -4.61748
   1    100       -119.93471           0.29339         -13.74942
   2      0       -106.20134           0.29715          -0.01604
   3      0       -106.18530           0.29694           0.00000
   4      0       -106.19595           0.29570          -0.01065
   5      0       -106.28701           0.29693          -0.10171
   5     60       -107.44427           0.29533          -1.25897
   5     80       -111.80390           0.29269          -5.61860
   5    100       -120.13167           0.29245         -13.94637
 
  contribution from  1-th solvent component
   1      0        -30.32914           1.71927           0.03402
   1     60        -30.36385           1.71937          -0.00069
   1     80        -30.51761           1.71971          -0.15445
   1    100        -30.95275           1.71991          -0.58959
   2      0        -30.35522           1.71811           0.00793
   3      0        -30.36316           1.71801           0.00000
   4      0        -30.37203           1.71709          -0.00887
   5      0        -30.37543           1.71739          -0.01227
   5     60        -30.41913           1.71751          -0.05597
   5     80        -30.60353           1.71786          -0.24037
   5    100        -31.00347           1.71796          -0.64031
 
  contribution from  2-th solvent component
   1      0        -75.79897           1.90140           0.00978
   1     60        -76.69209           1.89961          -0.88333
   1     80        -80.27178           1.89536          -4.46303
   1    100        -88.96858           1.89289         -13.15982
   2      0        -75.83273           1.90078          -0.02398
   3      0        -75.80876           1.90209           0.00000
   4      0        -75.81053           1.89985          -0.00178
   5      0        -75.89820           1.90046          -0.08944
   5     60        -77.01175           1.89829          -1.20300
   5     80        -81.18699           1.89421          -5.37824
   5    100        -89.11482           1.89169         -13.30606
 
 
 group  inft   Estimated free energy: total (kcal/mol)
   1      0    -105.5717    -106.5410    -106.3682    -106.6818    -107.7685
               -106.2739    -104.3577    -104.6630    -105.0473    -106.3370
               -105.3433    -105.9706    -106.2544    -106.2209    -106.2460
               -106.8797    -105.8076    -107.3315    -106.8680    -107.3151
               -107.1220    -106.3182    -105.8438    -107.0669    -105.7740
               -107.4928    -105.6656    -105.6119    -106.7813    -105.6879
               -105.8742    -105.0385    -103.0173    -104.6405    -104.1002
               -105.1130    -106.3307    -105.0434    -107.7535    -107.7016
               -105.4401    -107.2770    -106.6459    -107.3932    -107.3977
               -105.7766    -105.0122    -106.4249    -106.0448    -107.8380
   1     60    -106.4955    -107.4598    -107.2873    -107.6071    -108.6947
               -107.2064    -105.2856    -105.5943    -105.9805    -107.2589
               -106.2773    -106.8894    -107.1734    -107.1508    -107.1755
               -107.8013    -106.7415    -108.2550    -107.7947    -108.2342
               -108.0439    -107.2461    -106.7573    -107.9866    -106.7020
               -108.4180    -106.5951    -106.5535    -107.7117    -106.6241
               -106.8049    -105.9708    -103.9645    -105.5826    -105.0379
               -106.0511    -107.2620    -105.9785    -108.6757    -108.6216
               -106.3546    -108.1973    -107.5722    -108.3109    -108.3196
               -106.7036    -105.9510    -107.3599    -106.9805    -108.7653
   1     80    -110.2115    -111.1842    -110.9971    -111.3327    -112.4334
               -110.9574    -109.0175    -109.3523    -109.7186    -110.9859
               -110.0135    -110.5912    -110.8861    -110.8771    -110.9135
               -111.5315    -110.5001    -111.9727    -111.5295    -111.9498
               -111.7698    -110.9793    -110.4512    -111.7036    -110.4305
               -112.1504    -110.3170    -110.3190    -111.4554    -110.3827
               -110.5344    -109.7120    -107.7460    -109.3428    -108.7898
               -109.8225    -111.0082    -109.7225    -112.4032    -112.3371
               -110.0559    -111.9203    -111.3024    -112.0213    -112.0387
               -110.4277    -109.7119    -111.1105    -110.7237    -112.4936
   1    100    -119.3185    -120.3157    -120.1141    -120.4407    -121.5876
               -120.1126    -118.1476    -118.5000    -118.8378    -120.1235
               -119.1641    -119.6865    -120.0125    -120.0149    -120.0519
               -120.6754    -119.6694    -121.1014    -120.6723    -121.0663
               -120.9157    -120.0990    -119.5464    -120.8249    -119.5665
               -121.3005    -119.4237    -119.4744    -120.5891    -119.5639
               -119.6504    -118.8271    -116.8830    -118.4722    -117.9103
               -118.9739    -120.1515    -118.8479    -121.5322    -121.4502
               -119.1560    -121.0527    -120.4194    -121.1221    -121.1835
               -119.5492    -118.8689    -120.2569    -119.8776    -121.6337
   2      0    -105.5748    -106.5561    -106.4066    -106.7387    -107.7933
               -106.2992    -104.4329    -104.7063    -105.1112    -106.4334
               -105.4153    -106.0399    -106.3192    -106.2560    -106.3563
               -106.9857    -105.8536    -107.4209    -106.8821    -107.3896
               -107.1339    -106.4305    -105.9738    -107.1585    -105.8441
               -107.5022    -105.7470    -105.6587    -106.8355    -105.6899
               -105.9579    -105.0866    -103.0486    -104.7111    -104.2001
               -105.1952    -106.3908    -105.0804    -107.8360    -107.7509
               -105.5240    -107.2968    -106.7394    -107.4876    -107.4391
               -105.8411    -105.0699    -106.4562    -106.0890    -107.9213
   3      0    -105.5766    -106.5304    -106.3937    -106.7166    -107.7710
               -106.2495    -104.4085    -104.7041    -105.1236    -106.3803
               -105.4227    -106.0696    -106.3233    -106.2485    -106.3338
               -106.9244    -105.8385    -107.3961    -106.8937    -107.3309
               -107.1050    -106.4701    -105.9644    -107.0601    -105.8727
               -107.4545    -105.7563    -105.6467    -106.8327    -105.6072
               -105.9162    -105.0421    -102.9813    -104.7003    -104.1826
               -105.1878    -106.3707    -105.0665    -107.7881    -107.7497
               -105.5608    -107.3277    -106.7467    -107.5104    -107.4485
               -105.8261    -105.0750    -106.4382    -106.0450    -107.8959
   4      0    -105.6153    -106.5694    -106.3799    -106.7185    -107.7731
               -106.2583    -104.3824    -104.6701    -105.1777    -106.4047
               -105.5625    -106.1552    -106.3093    -106.3017    -106.3778
               -106.9043    -105.8010    -107.4178    -106.8644    -107.3268
               -107.0946    -106.4960    -106.0046    -107.1183    -105.9104
               -107.4886    -105.7280    -105.6679    -106.8090    -105.6967
               -105.9806    -105.1175    -102.9568    -104.6367    -104.2115
               -105.2547    -106.3909    -105.0211    -107.7917    -107.7638
               -105.5680    -107.2656    -106.7033    -107.5221    -107.3530
               -105.8297    -105.1007    -106.4401    -106.0104    -107.8946
   5      0    -105.7165    -106.6502    -106.4458    -106.8509    -107.8787
               -106.3219    -104.4853    -104.8015    -105.2256    -106.4641
               -105.5313    -106.1535    -106.3634    -106.3424    -106.4332
               -107.0327    -105.9197    -107.5094    -106.9789    -107.4434
               -107.2236    -106.5902    -106.0378    -107.1728    -105.9895
               -107.5566    -105.8086    -105.7164    -106.9329    -105.7387
               -105.9968    -105.1703    -103.0705    -104.8185    -104.3201
               -105.3432    -106.5436    -105.1235    -107.9007    -107.8497
               -105.6647    -107.4117    -106.8292    -107.5881    -107.5322
               -105.9325    -105.2047    -106.5532    -106.1585    -108.0232
   5     60    -106.8671    -107.8018    -107.5909    -108.0043    -109.0346
               -107.4850    -105.6437    -105.9664    -106.3864    -107.6175
               -106.6956    -107.3025    -107.5130    -107.4998    -107.5883
               -108.1870    -107.0847    -108.6611    -108.1346    -108.5905
               -108.3759    -107.7470    -107.1781    -108.3215    -107.1450
               -108.7105    -106.9719    -106.8900    -108.0930    -106.9070
               -107.1580    -106.3300    -104.2509    -105.9904    -105.4870
               -106.5152    -107.7044    -106.2889    -109.0515    -108.9955
               -106.8088    -108.5610    -107.9836    -108.7342    -108.6797
               -107.0847    -106.3749    -107.7181    -107.3228    -109.1791
   5     80    -111.2108    -112.1558    -111.9324    -112.3520    -113.3967
               -111.8611    -110.0109    -110.3442    -110.7472    -111.9703
               -111.0639    -111.6305    -111.8543    -111.8567    -111.9521
               -112.5443    -111.4735    -113.0094    -112.4945    -112.9332
               -112.7278    -112.1056    -111.4977    -112.6638    -111.5044
               -113.0699    -111.3159    -111.2804    -112.4585    -111.2983
               -111.5124    -110.6935    -108.6529    -110.3745    -109.8622
               -110.9132    -112.0749    -110.6556    -113.4079    -113.3353
               -111.1374    -112.9093    -112.3393    -113.0734    -113.0253
               -111.4380    -110.7622    -112.0939    -111.6878    -113.5299
   5    100    -119.5138    -120.4890    -120.2463    -120.6584    -121.7368
               -120.2065    -118.3395    -118.6901    -119.0669    -120.3015
               -119.3996    -119.9214    -120.1685    -120.1907    -120.2882
               -120.8862    -119.8402    -121.3361    -120.8297    -121.2458
               -121.0659    -120.4266    -119.7946    -120.9785    -119.8380
               -121.4148    -119.6236    -119.6266    -120.7914    -119.6689
               -119.8254    -119.0112    -116.9866    -118.6955    -118.1842
               -119.2660    -120.4052    -118.9779    -121.7399    -121.6454
               -119.4430    -121.2304    -120.6567    -121.3827    -121.3581
               -119.7572    -119.1160    -120.4365    -120.0213    -121.8607
 
 group  inft   Estimated free energy: 1-th solvent contribution (kcal/mol)
   1      0     -23.9342     -29.1433     -21.5044     -24.8198     -28.1017
                -34.4267     -32.7763     -36.8980     -34.1634     -31.6155
                -34.5826     -26.1664     -25.4463     -29.2739     -32.1392
                -35.9342     -34.3661     -28.6841     -28.5039     -20.6224
                -28.2014     -31.3640     -16.2375     -25.4071     -32.5003
                -30.0528     -37.1660     -40.9350     -33.1276     -36.5281
                -33.1074     -33.5000     -40.1183     -41.0612     -35.1775
                -43.6261     -30.9144     -32.6485     -26.0621     -21.5977
                -17.6873     -22.9038     -27.9342     -25.8322     -20.9159
                -28.0073     -36.0709     -34.7376     -31.6341     -28.2984
   1     60     -23.9687     -29.1777     -21.5378     -24.8549     -28.1362
                -34.4618     -32.8107     -36.9330     -34.1977     -31.6498
                -34.6175     -26.2011     -25.4809     -29.3090     -32.1743
                -35.9693     -34.4014     -28.7188     -28.5387     -20.6566
                -28.2361     -31.3990     -16.2716     -25.4414     -32.5348
                -30.0878     -37.2014     -40.9700     -33.1625     -36.5633
                -33.1427     -33.5344     -40.1532     -41.0969     -35.2125
                -43.6614     -30.9491     -32.6827     -26.0966     -21.6320
                -17.7205     -22.9378     -27.9690     -25.8667     -20.9502
                -28.0417     -36.1061     -34.7726     -31.6693     -28.3335
   1     80     -24.1216     -29.3307     -21.6865     -25.0099     -28.2894
                -34.6173     -32.9633     -37.0885     -34.3494     -31.8017
                -34.7717     -26.3551     -25.6344     -29.4639     -32.3296
                -36.1246     -34.5575     -28.8723     -28.6932     -20.8088
                -28.3901     -31.5544     -16.4232     -25.5940     -32.6872
                -30.2425     -37.3570     -41.1245     -33.3173     -36.7188
                -33.2981     -33.6868     -40.3077     -41.2537     -35.3666
                -43.8178     -31.1028     -32.8343     -26.2499     -21.7849
                -17.8683     -23.0895     -28.1233     -26.0199     -21.1026
                -28.1937     -36.2615     -34.9273     -31.8246     -28.4887
   1    100     -24.5556     -29.7637     -22.1153     -25.4458     -28.7263
                -35.0542     -33.3973     -37.5250     -34.7798     -32.2336
                -35.2067     -26.7909     -26.0724     -29.9012     -32.7695
                -36.5634     -34.9954     -29.3074     -29.1291     -21.2430
                -28.8261     -31.9919     -16.8571     -26.0283     -33.1212
                -30.6817     -37.7928     -41.5587     -33.7529     -37.1575
                -33.7347     -34.1203     -40.7410     -41.6892     -35.7990
                -44.2543     -31.5381     -33.2649     -26.6852     -22.2190
                -18.2943     -23.5229     -28.5598     -26.4561     -21.5390
                -28.6285     -36.6971     -35.3642     -32.2603     -28.9261
   2      0     -23.9699     -29.1732     -21.5544     -24.8371     -28.1439
                -34.4442     -32.8136     -36.9165     -34.1991     -31.6567
                -34.5958     -26.2030     -25.4679     -29.3034     -32.1713
                -35.9489     -34.3871     -28.7072     -28.5091     -20.6537
                -28.2303     -31.3862     -16.2774     -25.4404     -32.5334
                -30.0716     -37.2036     -40.9637     -33.1491     -36.5409
                -33.1276     -33.5187     -40.1370     -41.0706     -35.1993
                -43.6512     -30.9406     -32.6907     -26.0870     -21.6169
                -17.7323     -22.9310     -27.9524     -25.8562     -20.9448
                -28.0306     -36.0869     -34.7533     -31.6536     -28.3279
   3      0     -23.9759     -29.1691     -21.5500     -24.8559     -28.1374
                -34.4450     -32.8206     -36.9377     -34.2123     -31.6650
                -34.6054     -26.1963     -25.4801     -29.3020     -32.1795
                -35.9553     -34.3934     -28.7136     -28.5285     -20.6569
                -28.2495     -31.3962     -16.2896     -25.4364     -32.5413
                -30.0645     -37.2099     -40.9797     -33.1771     -36.5329
                -33.1324     -33.5270     -40.1267     -41.0812     -35.2015
                -43.6686     -30.9583     -32.6938     -26.0889     -21.6282
                -17.7539     -22.9455     -27.9652     -25.8687     -20.9721
                -28.0253     -36.0972     -34.7796     -31.6567     -28.3301
   4      0     -23.9970     -29.1918     -21.5723     -24.8528     -28.1438
                -34.4519     -32.8227     -36.9245     -34.2197     -31.6736
                -34.6293     -26.2251     -25.4766     -29.3273     -32.1718
                -35.9357     -34.4039     -28.7430     -28.5290     -20.6851
                -28.2266     -31.4025     -16.3015     -25.4503     -32.5591
                -30.0875     -37.2181     -40.9731     -33.1751     -36.5543
                -33.1392     -33.5415     -40.1435     -41.0870     -35.2244
                -43.6723     -30.9523     -32.6981     -26.1045     -21.6454
                -17.7694     -22.9650     -27.9674     -25.8843     -20.9639
                -28.0388     -36.1116     -34.7644     -31.6618     -28.3417
   5      0     -24.0053     -29.1864     -21.5763     -24.8554     -28.1669
                -34.4636     -32.8323     -36.9419     -34.2125     -31.6748
                -34.6287     -26.2064     -25.4803     -29.3234     -32.1948
                -35.9511     -34.3903     -28.7346     -28.5353     -20.6718
                -28.2540     -31.4146     -16.3088     -25.4455     -32.5611
                -30.0646     -37.1916     -40.9757     -33.1873     -36.5616
                -33.1257     -33.5573     -40.1588     -41.1081     -35.2248
                -43.6606     -30.9793     -32.7180     -26.0988     -21.6374
                -17.7759     -22.9689     -27.9775     -25.8744     -20.9761
                -28.0371     -36.1104     -34.7774     -31.6601     -28.3478
   5     60     -24.0487     -29.2299     -21.6184     -24.8994     -28.2102
                -34.5077     -32.8758     -36.9863     -34.2555     -31.7182
                -34.6726     -26.2501     -25.5240     -29.3677     -32.2389
                -35.9954     -34.4347     -28.7782     -28.5792     -20.7149
                -28.2979     -31.4587     -16.3518     -25.4887     -32.6044
                -30.1085     -37.2361     -41.0198     -33.2312     -36.6060
                -33.1700     -33.6006     -40.2029     -41.1529     -35.2686
                -43.7052     -31.0230     -32.7611     -26.1422     -21.6806
                -17.8179     -23.0118     -28.0212     -25.9178     -21.0192
                -28.0801     -36.1546     -34.8213     -31.7044     -28.3920
   5     80     -24.2325     -29.4136     -21.7975     -25.0850     -28.3938
                -34.6937     -33.0594     -37.1725     -34.4368     -31.9011
                -34.8573     -26.4344     -25.7086     -29.5538     -32.4249
                -36.1817     -34.6219     -28.9623     -28.7644     -20.8976
                -28.4832     -31.6446     -16.5343     -25.6717     -32.7874
                -30.2942     -37.4222     -41.2054     -33.4163     -36.7928
                -33.3561     -33.7832     -40.3879     -41.3404     -35.4531
                -43.8923     -31.2075     -32.9429     -26.3260     -21.8639
                -17.9965     -23.1937     -28.2060     -26.1017     -21.2024
                -28.2622     -36.3406     -35.0066     -31.8903     -28.5782
   5    100     -24.6320     -29.8113     -22.1925     -25.4859     -28.7945
                -35.0947     -33.4588     -37.5736     -34.8314     -32.2994
                -35.2560     -26.8338     -26.1112     -29.9559     -32.8292
                -36.5850     -35.0246     -29.3622     -29.1650     -21.2966
                -28.8851     -32.0466     -16.9349     -26.0709     -33.1866
                -30.6975     -37.8219     -41.6045     -33.8168     -37.1956
                -33.7564     -34.1814     -40.7857     -41.7398     -35.8506
                -44.2937     -31.6077     -33.3395     -26.7254     -22.2629
                -18.3901     -23.5921     -28.6069     -26.5026     -21.6043
                -28.6612     -36.7405     -35.4079     -32.2903     -28.9807
 
 group  inft   Estimated free energy: 2-th solvent contribution (kcal/mol)
   1      0     -81.6241     -77.3843     -84.8504     -81.8486     -79.6535
                -71.8338     -71.5681     -67.7516     -70.8705     -74.7081
                -70.7473     -79.7909     -80.7947     -76.9336     -74.0934
                -70.9320     -71.4281     -78.6340     -78.3508     -86.6793
                -78.9072     -74.9409     -89.5929     -81.6465     -73.2604
                -77.4266     -68.4862     -64.6636     -73.6403     -69.1464
                -72.7535     -71.5251     -62.8856     -63.5659     -68.9092
                -61.4736     -75.4029     -72.3815     -81.6780     -86.0905
                -87.7394     -84.3599     -78.6984     -81.5476     -86.4684
                -77.7560     -68.9278     -71.6739     -74.3973     -79.5262
   1     60     -82.5134     -78.2687     -85.7360     -82.7388     -80.5451
                -72.7312     -72.4615     -68.6479     -71.7694     -75.5957
                -71.6465     -80.6749     -81.6791     -77.8284     -74.9878
                -71.8186     -72.3267     -79.5228     -79.2426     -87.5643
                -79.7944     -75.8337     -90.4723     -82.5318     -74.1539
                -78.3169     -69.3804     -65.5701     -74.5359     -70.0474
                -73.6488     -72.4230     -63.7979     -64.4723     -69.8120
                -62.3763     -76.2996     -73.2825     -82.5658     -86.9761
                -88.6208     -85.2461     -79.5898     -82.4308     -87.3560
                -78.6486     -69.8315     -72.5739     -75.2978     -80.4185
   1     80     -86.0765     -81.8401     -89.2973     -86.3094     -84.1306
                -76.3267     -76.0409     -72.2505     -75.3558     -79.1708
                -75.2284     -84.2228     -85.2383     -81.3998     -78.5706
                -75.3935     -75.9293     -83.0870     -82.8229     -91.1276
                -83.3663     -79.4115     -94.0146     -86.0962     -77.7299
                -81.8945     -72.9466     -69.1811     -78.1248     -73.6505
                -77.2228     -76.0118     -67.4249     -68.0758     -73.4098
                -65.9913     -79.8920     -76.8748     -86.1399     -90.5388
                -92.1741     -88.8175     -83.1656     -85.9879     -90.9228
                -82.2206     -73.4370     -76.1698     -78.8857     -83.9915
   1    100     -94.7495     -90.5386     -97.9855     -94.9815     -92.8479
                -85.0450     -84.7369     -80.9616     -84.0446     -87.8765
                -83.9441     -92.8822     -93.9267     -90.1004     -87.2690
                -84.0987     -84.6606     -91.7807     -91.5298     -99.8099
                -92.0763     -88.0937    -102.6759     -94.7832     -86.4320
                -90.6054     -81.6175     -77.9023     -86.8229     -82.3930
                -85.9023     -84.6934     -76.1286     -76.7697     -82.0979
                -74.7062     -88.6000     -85.5696     -94.8336     -99.2178
               -100.8483     -97.5164     -91.8461     -94.6526     -99.6312
                -90.9073     -82.1584     -84.8794     -87.6039     -92.6942
   2      0     -81.5916     -77.3695     -84.8388     -81.8882     -79.6360
                -71.8416     -71.6060     -67.7764     -70.8987     -74.7633
                -70.8061     -79.8235     -80.8380     -76.9392     -74.1715
                -71.0234     -71.4530     -78.7003     -78.3596     -86.7225
                -78.8902     -75.0308     -89.6830     -81.7047     -73.2973
                -77.4172     -68.5300     -64.6816     -73.6730     -69.1356
                -72.8170     -71.5545     -62.8982     -63.6271     -68.9875
                -61.5307     -75.4368     -72.3763     -81.7356     -86.1206
                -87.7784     -84.3524     -78.7737     -81.6180     -86.4809
                -77.7971     -68.9695     -71.6895     -74.4220     -79.5800
   3      0     -81.5874     -77.3479     -84.8304     -81.8473     -79.6201
                -71.7911     -71.5745     -67.7530     -70.8979     -74.7019
                -70.8039     -79.8600     -80.8298     -76.9331     -74.1409
                -70.9557     -71.4318     -78.6692     -78.3518     -86.6606
                -78.8421     -75.0606     -89.6614     -81.6103     -73.3181
                -77.3765     -68.5329     -64.6535     -73.6423     -69.0609
                -72.7704     -71.5017     -62.8412     -63.6057     -68.9678
                -61.5058     -75.3991     -72.3594     -81.6858     -86.1081
                -87.7935     -84.3688     -78.7681     -81.6283     -86.4630
                -77.7874     -68.9643     -71.6452     -74.3750     -79.5524
   4      0     -81.6049     -77.3642     -84.7942     -81.8523     -79.6158
                -71.7930     -71.5464     -67.7322     -70.9446     -74.7177
                -70.9198     -79.9168     -80.8193     -76.9610     -74.1927
                -70.9552     -71.3837     -78.6615     -78.3220     -86.6284
                -78.8546     -75.0801     -89.6898     -81.6547     -73.3379
                -77.3877     -68.4965     -64.6814     -73.6205     -69.1290
                -72.8280     -71.5626     -62.7999     -63.5363     -68.9737
                -61.5690     -75.4252     -72.3097     -81.6738     -86.1050
                -87.7853     -84.2872     -78.7225     -81.6245     -86.3757
                -77.7775     -68.9758     -71.6623     -74.3352     -79.5395
   5      0     -81.6979     -77.4504     -84.8561     -81.9822     -79.6985
                -71.8449     -71.6395     -67.8462     -70.9997     -74.7759
                -70.8892     -79.9337     -80.8697     -77.0056     -74.2250
                -71.0682     -71.5161     -78.7615     -78.4302     -86.7582
                -78.9562     -75.1622     -89.7157     -81.7139     -73.4150
                -77.4786     -68.6037     -64.7273     -73.7322     -69.1637
                -72.8577     -71.5996     -62.8984     -63.6970     -69.0820
                -61.6691     -75.5509     -72.3920     -81.7885     -86.1989
                -87.8754     -84.4294     -78.8383     -81.7003     -86.5427
                -77.8819     -69.0810     -71.7624     -74.4850     -79.6620
   5     60     -82.8050     -78.5585     -85.9591     -83.0915     -80.8110
                -72.9639     -72.7545     -68.9667     -72.1175     -75.8859
                -72.0096     -81.0390     -81.9757     -78.1188     -75.3360
                -72.1782     -72.6366     -79.8696     -79.5420     -87.8622
                -80.0646     -76.2750     -90.8130     -82.8194     -74.5273
                -78.5886     -69.7225     -65.8568     -74.8485     -70.2876
                -73.9746     -72.7160     -64.0347     -64.8242     -70.2050
                -62.7966     -76.6680     -73.5144     -82.8959     -87.3015
                -88.9775     -85.5358     -79.9490     -82.8030     -87.6471
                -78.9912     -70.2068     -72.8834     -75.6050     -80.7737
   5     80     -86.9649     -82.7289     -90.1215     -87.2536     -84.9895
                -77.1541     -76.9382     -73.1583     -76.2971     -80.0558
                -76.1931     -85.1827     -86.1324     -82.2895     -79.5138
                -76.3492     -76.8382     -84.0337     -83.7167     -92.0223
                -84.2313     -80.4477     -94.9500     -86.9787     -78.7036
                -82.7623     -73.8804     -70.0616     -79.0288     -74.4921
                -78.1429     -76.8970     -68.2516     -69.0207     -74.3957
                -67.0075     -80.8540     -77.6993     -87.0685     -91.4580
                -93.1275     -89.7022     -84.1200     -86.9583     -91.8095
                -83.1624     -74.4083     -77.0739     -79.7841     -84.9383
   5    100     -94.8684     -90.6643     -98.0404     -95.1591     -92.9289
                -85.0985     -84.8673     -81.1031     -84.2221     -87.9887
                -84.1302     -93.0742     -94.0439     -90.2214     -87.4456
                -84.2878     -84.8022     -91.9606     -91.6513     -99.9358
                -92.1674     -88.3666    -102.8464     -94.8942     -86.6380
                -90.7040     -81.7883     -78.0087     -86.9612     -82.4599
                -86.0556     -84.8164     -76.1875     -76.9422     -82.3202
                -74.9589     -88.7841     -85.6250     -95.0012     -99.3692
               -101.0395     -97.6249     -92.0364     -94.8667     -99.7404
                -91.0826     -82.3621     -85.0152     -87.7176     -92.8666
 
 
 cumulative average & 95% error for solvation free energy
              total             1st component         2nd component
  1  -105.5766              -23.9759              -81.5874
  2  -106.0535     0.9537   -26.5725     5.1932   -79.4676     4.2394
  3  -106.1669     0.5955   -24.8983     4.4946   -81.2552     4.3328
  4  -106.3043     0.5029   -24.8877     3.1782   -81.4032     3.0780
  5  -106.5977     0.7042   -25.5377     2.7839   -81.0466     2.4886
  6  -106.5396     0.5866   -27.0222     3.7393   -79.5040     3.6942
  7  -106.2352     0.7852   -27.8506     3.5682   -78.3712     3.8575
  8  -106.0438     0.7803   -28.9865     3.8354   -77.0440     4.2670
  9  -105.9416     0.7179   -29.5671     3.5763   -76.3611     4.0033
 10  -105.9854     0.6481   -29.7769     3.2261   -76.1952     3.5960
 11  -105.9343     0.5951   -30.2158     3.0473   -75.7050     3.3972
 12  -105.9456     0.5437   -29.8809     2.8614   -76.0513     3.1776
 13  -105.9746     0.5035   -29.5424     2.7177   -76.4189     3.0140
 14  -105.9942     0.4678   -29.5252     2.5164   -76.4556     2.7914
 15  -106.0168     0.4378   -29.7021     2.3692   -76.3013     2.6169
 16  -106.0735     0.4250   -30.0930     2.3500   -75.9672     2.5374
 17  -106.0597     0.4002   -30.3459     2.2647   -75.7004     2.4425
 18  -106.1340     0.4054   -30.2552     2.1428   -75.8653     2.3263
 19  -106.1739     0.3918   -30.1644     2.0351   -75.9962     2.2160
 20  -106.2318     0.3892   -29.6890     2.1520   -76.5294     2.3573
 21  -106.2734     0.3795   -29.6204     2.0516   -76.6395     2.2530
 22  -106.2823     0.3623   -29.7012     1.9627   -76.5678     2.1530
 23  -106.2685     0.3472   -29.1180     2.2085   -77.1371     2.3513
 24  -106.3015     0.3389   -28.9646     2.1366   -77.3234     2.2818
 25  -106.2843     0.3269   -29.1077     2.0693   -77.1632     2.2120
 26  -106.3293     0.3267   -29.1445     1.9894   -77.1714     2.1253
 27  -106.3081     0.3172   -29.4432     2.0054   -76.8515     2.1428
 28  -106.2845     0.3093   -29.8553     2.1008   -76.4158     2.2412
 29  -106.3034     0.3009   -29.9698     2.0400   -76.3202     2.1710
 30  -106.2802     0.2943   -30.1886     2.0188   -76.0782     2.1525
 31  -106.2684     0.2857   -30.2835     1.9618   -75.9715     2.0928
 32  -106.2301     0.2870   -30.3849     1.9103   -75.8318     2.0455
 33  -106.1317     0.3408   -30.6801     1.9434   -75.4382     2.1331
 34  -106.0896     0.3412   -30.9860     1.9821   -75.0902     2.1834
 35  -106.0351     0.3488   -31.1065     1.9397   -74.9152     2.1487
 36  -106.0115     0.3422   -31.4554     2.0101   -74.5428     2.2171
 37  -106.0213     0.3334   -31.4420     1.9552   -74.5659     2.1568
 38  -105.9961     0.3283   -31.4749     1.9042   -74.5078     2.1025
 39  -106.0421     0.3328   -31.3368     1.8751   -74.6919     2.0807
 40  -106.0848     0.3354   -31.0941     1.8910   -74.9773     2.1068
 41  -106.0720     0.3281   -30.7687     1.9558   -75.2899     2.1478
 42  -106.1019     0.3257   -30.5825     1.9447   -75.5061     2.1402
 43  -106.1169     0.3195   -30.5216     1.9028   -75.5819     2.0953
 44  -106.1486     0.3185   -30.4158     1.8710   -75.7193     2.0655
 45  -106.1774     0.3166   -30.2060     1.8765   -75.9581     2.0748
 46  -106.1698     0.3101   -30.1586     1.8377   -75.9978     2.0307
 47  -106.1465     0.3069   -30.2849     1.8159   -75.8482     2.0095
 48  -106.1526     0.3007   -30.3786     1.7875   -75.7606     1.9749
 49  -106.1504     0.2946   -30.4046     1.7514   -75.7324     1.9350
 50  -106.1853     0.2969   -30.3632     1.7180   -75.8088     1.9021
 
 Mesh error is    0.102 kcal/mol
