 ERmod 0.3.8, Copyright (C) 2000-2019 Nobuyuki Matubayasi
                            2010-2019 Shun Sakuraba
 ERmod comes with ABSOLUTELY NO WARRANTY.
 This is free software, and you can redistribute it
 and/or modify it under certain conditions.
 See LICENSE file for details.
 
  Number of the   1-th solvent  =          378
  Number of the   2-th solvent  =        10000
 
  Be sure that the solvent distribution is homogeneous (radial distribution function is essentially unity) when the solvent molecule is separated beyond distance of   10.0 Angstrom in any direction from any atom within the solute molecule
 
  LJ long-range correction    =        -1.1319     -7.1533
 
  Self-energy of the solute   =        -0.0063  kcal/mol
 
 
 cumulative average & 95% error for solvation energy
              total             1st component         2nd component
  1  -476.2667              -49.4164             -426.8440
  2  -476.6899     0.8463   -52.1485     5.4641  -424.5351     4.6178
  3  -475.9189     1.6174   -54.7340     6.0573  -421.1787     7.2228
  4  -476.0556     1.1759   -55.5840     4.6082  -420.4653     5.3029
  5  -475.7111     1.1422   -61.4539    12.2704  -414.2509    13.0900
  6  -475.4897     1.0323   -66.8600    14.7404  -408.6234    15.5211
  7  -475.3988     0.8912   -71.5944    15.6479  -403.7981    16.2853
  8  -475.1324     0.9379   -73.7086    14.1959  -401.4175    14.8855
  9  -475.0150     0.8598   -73.5215    12.5252  -401.4872    13.1285
 10  -474.8035     0.8776   -73.5533    11.2030  -401.2440    11.7525
 11  -474.9257     0.8306   -73.8326    10.1489  -401.0868    10.6352
 12  -474.9043     0.7594   -73.6062     9.2757  -401.2918     9.7172
 13  -474.6168     0.9048   -75.9370     9.7228  -398.6735    10.3595
 14  -474.7610     0.8859   -78.2929    10.1602  -396.4618    10.5620
 15  -474.7498     0.8250   -80.5712    10.4990  -394.1723    10.8466
 16  -474.5990     0.8286   -82.2389    10.3718  -392.3538    10.7782
 17  -474.6705     0.7914   -83.6071    10.1196  -391.0572    10.4512
 18  -474.6553     0.7467   -84.2370     9.6237  -390.4121     9.9376
 19  -474.7641     0.7391   -84.3667     9.1068  -390.3911     9.4001
 20  -474.8838     0.7409   -84.4869     8.6428  -390.3906     8.9178
 21  -474.8561     0.7069   -85.3351     8.3941  -389.5147     8.6615
 22  -474.9352     0.6923   -86.2323     8.2022  -388.6966     8.4189
 23  -474.9986     0.6735   -86.8458     7.9329  -388.1465     8.1195
 24  -474.9296     0.6595   -85.5977     7.9949  -389.3256     8.1236
 25  -475.0317     0.6647   -84.4092     8.0284  -390.6162     8.2083
 26  -475.1106     0.6578   -83.7249     7.8339  -391.3794     8.0326
 27  -475.0960     0.6336   -82.9708     7.6876  -392.1189     7.8697
 28  -475.0719     0.6125   -81.7707     7.7871  -393.2950     7.9398
 29  -474.9622     0.6304   -81.6204     7.5198  -393.3355     7.6616
 30  -474.9506     0.6095   -81.0336     7.3590  -393.9108     7.4907
 31  -474.9210     0.5925   -79.9905     7.4170  -394.9242     7.5232
 32  -474.9749     0.5837   -79.5388     7.2381  -395.4298     7.3541
 33  -474.9692     0.5658   -79.4383     7.0182  -395.5247     7.1303
 34  -474.8495     0.5989   -79.4638     6.8089  -395.3794     6.9235
 35  -474.8812     0.5850   -78.9696     6.6849  -395.9053     6.8046
 36  -474.7323     0.6418   -78.3126     6.6282  -396.4134     6.6905
 37  -474.6462     0.6476   -77.5465     6.6261  -397.0934     6.6478
 38  -474.5942     0.6388   -77.0758     6.5177  -397.5121     6.5244
 39  -474.5724     0.6238   -77.1585     6.3506  -397.4076     6.3584
 40  -474.5460     0.6103   -76.9235     6.2076  -397.6162     6.2114
 41  -474.4982     0.6028   -76.9888     6.0557  -397.5031     6.0622
 42  -474.4630     0.5925   -77.2331     5.9299  -397.2236     5.9425
 43  -474.5340     0.5957   -77.1677     5.7919  -397.3601     5.8090
 44  -474.5343     0.5820   -76.5212     5.8046  -398.0069     5.8210
 45  -474.5536     0.5702   -75.8715     5.8210  -398.6758     5.8454
 46  -474.5784     0.5599   -75.8997     5.6933  -398.6725     5.7169
 47  -474.6166     0.5531   -75.7022     5.5848  -398.9081     5.6137
 48  -474.6690     0.5516   -75.8053     5.4711  -398.8575     5.4965
 49  -474.6655     0.5402   -76.3180     5.4555  -398.3413     5.4812
 50  -474.6510     0.5301   -76.7452     5.4132  -397.8995     5.4427
 
 
 group  inft  solvation free energy     error          difference
  total solvation free energy
   1      0       -101.37152           0.24939           0.05395
   1     60       -102.25034           0.24895          -0.82487
   1     80       -105.81162           0.24760          -4.38615
   1    100       -114.62858           0.24889         -13.20312
   2      0       -101.43422           0.24939          -0.00876
   3      0       -101.42547           0.24873           0.00000
   4      0       -101.42039           0.24817           0.00508
   5      0       -101.46939           0.25096          -0.04392
   5     60       -102.56301           0.25037          -1.13754
   5     80       -106.72720           0.24926          -5.30173
   5    100       -114.76418           0.25048         -13.33871
 
  contribution from  1-th solvent component
   1      0        -27.86587           2.13175           0.03132
   1     60        -27.89839           2.13182          -0.00120
   1     80        -28.04233           2.13209          -0.14514
   1    100        -28.45911           2.13214          -0.56193
   2      0        -27.88835           2.13070           0.00883
   3      0        -27.89719           2.13115           0.00000
   4      0        -27.90034           2.12996          -0.00316
   5      0        -27.90025           2.12977          -0.00306
   5     60        -27.94109           2.12987          -0.04390
   5     80        -28.11393           2.13012          -0.21675
   5    100        -28.49814           2.13013          -0.60096
 
  contribution from  2-th solvent component
   1      0        -73.49936           2.23974           0.02263
   1     60        -74.34567           2.23849          -0.82367
   1     80        -77.76301           2.23461          -4.24101
   1    100        -86.16319           2.23306         -12.64119
   2      0        -73.53958           2.24133          -0.01759
   3      0        -73.52199           2.24202           0.00000
   4      0        -73.51376           2.23965           0.00823
   5      0        -73.56285           2.24004          -0.04086
   5     60        -74.61563           2.23849          -1.09364
   5     80        -78.60698           2.23466          -5.08499
   5    100        -86.25975           2.23316         -12.73776
 
 
 group  inft   Estimated free energy: total (kcal/mol)
   1      0    -102.6152    -103.0188    -101.4044    -102.1639    -101.7842
               -101.2956    -101.1974    -101.1912    -101.3251    -100.4489
               -101.7067    -101.4483     -99.2031    -101.6281    -100.6166
               -100.0772    -101.1262    -100.3977    -102.2745    -101.8490
               -100.0276    -101.9340    -102.4855    -101.3018    -102.7576
               -102.6473    -101.4325    -101.4879    -100.4849    -101.8834
               -101.7313    -102.3032    -101.5807     -99.6018    -102.3917
                -99.6962    -100.7705    -101.0199    -100.9973    -101.2083
               -100.5740    -100.3028    -102.2953    -101.6610    -102.0813
               -101.7585    -101.9072    -102.4453    -100.5751    -100.4601
   1     60    -103.4895    -103.8933    -102.2797    -103.0384    -102.6652
               -102.1779    -102.0856    -102.0722    -102.2004    -101.3282
               -102.5830    -102.3249    -100.0914    -102.5182    -101.5054
               -100.9559    -102.0120    -101.2850    -103.1592    -102.7349
               -100.9114    -102.8171    -103.3685    -102.1737    -103.6309
               -103.5216    -102.3039    -102.3593    -101.3636    -102.7606
               -102.6055    -103.1771    -102.4573    -100.4810    -103.2644
               -100.5635    -101.6407    -101.8926    -101.8777    -102.0825
               -101.4567    -101.1868    -103.1731    -102.5382    -102.9582
               -102.6394    -102.7844    -103.3243    -101.4596    -101.3432
   1     80    -107.0397    -107.4412    -105.8356    -106.5966    -106.2381
               -105.7528    -105.6714    -105.6362    -105.7531    -104.8853
               -106.1442    -105.8804    -103.6753    -106.1060    -105.0961
               -104.5384    -105.5903    -104.8721    -106.7365    -106.3157
               -104.4907    -106.3963    -106.9302    -105.7159    -107.1717
               -107.0686    -105.8417    -105.8947    -104.9295    -106.3139
               -106.1490    -106.7186    -106.0135    -104.0454    -106.8029
               -104.0872    -105.1712    -105.4366    -105.4452    -105.6260
               -105.0220    -104.7586    -106.7327    -106.0907    -106.5116
               -106.2140    -106.3469    -106.8891    -105.0406    -104.9211
   1    100    -115.8667    -116.2708    -114.6644    -115.4217    -115.0769
               -114.5512    -114.5219    -114.4520    -114.5581    -113.6907
               -114.9584    -114.6725    -112.4956    -114.9290    -113.9362
               -113.3491    -114.4170    -113.7193    -115.5789    -115.1596
               -113.3017    -115.2186    -115.7449    -114.5160    -115.9877
               -115.8872    -114.6402    -114.7017    -113.7587    -115.1374
               -114.9669    -115.5241    -114.8060    -112.8272    -115.6047
               -112.8537    -113.9549    -114.2424    -114.2825    -114.4040
               -113.8307    -113.6044    -115.5510    -114.9171    -115.3378
               -115.0540    -115.1588    -115.7165    -113.8611    -113.7471
   2      0    -102.6928    -103.0753    -101.4482    -102.2509    -101.8067
               -101.3318    -101.2356    -101.2268    -101.4173    -100.4567
               -101.7759    -101.5178     -99.2857    -101.6931    -100.6450
               -100.0583    -101.2213    -100.4456    -102.3490    -101.8976
               -100.0863    -101.9978    -102.5238    -101.3754    -102.7793
               -102.6827    -101.5353    -101.5779    -100.5763    -101.9599
               -101.7758    -102.3618    -101.6865     -99.7645    -102.4221
                -99.7820    -100.8143    -101.0825    -101.0566    -101.2742
               -100.6239    -100.3561    -102.3861    -101.7537    -102.2136
               -101.8492    -101.9741    -102.5051    -100.6402    -100.4629
   3      0    -102.6685    -103.0447    -101.4546    -102.2360    -101.8098
               -101.3646    -101.2350    -101.2073    -101.4058    -100.4990
               -101.7654    -101.5729     -99.2543    -101.6594    -100.6446
               -100.0272    -101.2118    -100.4359    -102.2921    -101.9024
               -100.1261    -101.9826    -102.5274    -101.3598    -102.8019
               -102.6754    -101.4980    -101.5498    -100.5598    -101.9148
               -101.7940    -102.3213    -101.6429     -99.7553    -102.4599
                -99.8635    -100.7544    -101.0990    -101.0159    -101.2474
               -100.6284    -100.3222    -102.3769    -101.7262    -102.1955
               -101.8528    -101.9645    -102.5252    -100.6025    -100.4388
   4      0    -102.6451    -103.0337    -101.4185    -102.2622    -101.7946
               -101.2914    -101.2777    -101.1884    -101.3985    -100.4862
               -101.7529    -101.4842     -99.2731    -101.6963    -100.6436
               -100.0666    -101.2014    -100.4265    -102.3164    -101.9013
               -100.1198    -101.9564    -102.5255    -101.3419    -102.8046
               -102.6813    -101.5910    -101.5351    -100.5560    -101.9377
               -101.7570    -102.2880    -101.6679     -99.7744    -102.3998
                -99.7807    -100.7890    -101.0751    -101.0441    -101.2558
               -100.6195    -100.3229    -102.3895    -101.7373    -102.2077
               -101.8726    -101.9536    -102.4613    -100.5919    -100.4233
   5      0    -102.7303    -103.0539    -101.4962    -102.2632    -101.8209
               -101.3960    -101.3051    -101.2203    -101.4666    -100.5135
               -101.8066    -101.5604     -99.3391    -101.7208    -100.6523
               -100.0717    -101.2545    -100.4601    -102.3775    -101.9953
               -100.1591    -102.0282    -102.6016    -101.3836    -102.8871
               -102.7244    -101.5933    -101.5596    -100.5657    -102.0333
               -101.8212    -102.3996    -101.7088     -99.7790    -102.4863
                -99.8480    -100.8008    -101.1033    -101.0613    -101.2787
               -100.6454    -100.3734    -102.4111    -101.8172    -102.2277
               -101.8864    -102.0186    -102.5962    -100.6546    -100.5118
   5     60    -103.8174    -104.1406    -102.5862    -103.3530    -102.9191
               -102.4923    -102.4092    -102.3178    -102.5579    -101.6072
               -102.8982    -102.6525    -100.4434    -102.8279    -101.7562
               -101.1683    -102.3557    -101.5636    -103.4771    -103.0955
               -101.2584    -103.1290    -103.6995    -102.4702    -103.9731
               -103.8132    -102.6789    -102.6435    -101.6611    -103.1244
               -102.9073    -103.4856    -102.8003    -100.8752    -103.5721
               -100.9295    -101.8832    -102.1888    -102.1567    -102.3660
               -101.7420    -101.4718    -103.5039    -102.9068    -103.3175
               -102.9834    -103.1130    -103.6911    -101.7551    -101.6106
   5     80    -107.9729    -108.2903    -106.7443    -107.5154    -107.0903
               -106.6608    -106.6035    -106.4806    -106.7145    -105.7668
               -107.0604    -106.8081    -104.6283    -107.0215    -105.9542
               -105.3538    -106.5368    -105.7543    -107.6590    -107.2828
               -105.4414    -107.3081    -107.8622    -106.6131    -108.1209
               -107.9652    -106.8234    -106.7848    -105.8293    -107.2803
               -107.0524    -107.6297    -106.9577    -105.0413    -107.7127
               -105.0545    -106.0106    -106.3393    -106.3268    -106.5076
               -105.9068    -105.6506    -107.6705    -107.0633    -107.4746
               -107.1637    -107.2811    -107.8668    -105.9362    -105.7864
   5    100    -116.0149    -116.3329    -114.7903    -115.5573    -115.1515
               -114.6897    -114.6764    -114.5148    -114.7417    -113.7916
               -115.0932    -114.8264    -112.6637    -115.0661    -114.0140
               -113.3751    -114.5880    -113.8138    -115.7155    -115.3417
               -113.4777    -115.3509    -115.9006    -114.6319    -116.1549
               -116.0039    -114.8503    -114.8098    -113.8773    -115.3313
               -115.0873    -115.6522    -114.9741    -113.0618    -115.7356
               -113.0504    -114.0125    -114.3654    -114.3768    -114.5058
               -113.9376    -113.7075    -115.7169    -115.1104    -115.5202
               -115.2231    -115.3164    -115.9181    -113.9698    -113.8199
 
 group  inft   Estimated free energy: 1-th solvent contribution (kcal/mol)
   1      0     -16.9772     -19.4200     -21.2373     -20.5057     -31.2774
                -34.4695     -37.2589     -32.5901     -26.0693     -26.6190
                -28.1177     -25.2829     -38.1120     -40.2404     -41.7790
                -39.7953     -39.2072     -35.2144     -31.6758     -31.8956
                -38.0009     -38.8858     -37.3106     -20.1515     -19.7645
                -24.2381     -22.8209     -16.8875     -28.1927     -22.9393
                -16.5855     -23.8142     -27.6289     -28.8703     -22.4209
                -19.5527     -17.1747     -21.3657     -29.5463     -24.0778
                -28.5866     -32.2036     -27.3005     -16.6092     -15.7792
                -28.1973     -23.5134     -29.7344     -37.1917     -36.2040
   1     60     -17.0096     -19.4523     -21.2698     -20.5375     -31.3100
                -34.5025     -37.2917     -32.6229     -26.1018     -26.6507
                -28.1501     -25.3154     -38.1449     -40.2735     -41.8121
                -39.8279     -39.2403     -35.2475     -31.7089     -31.9282
                -38.0337     -38.9185     -37.3436     -20.1835     -19.7974
                -24.2707     -22.8533     -16.9192     -28.2248     -22.9716
                -16.6178     -23.8464     -27.6613     -28.9023     -22.4537
                -19.5851     -17.2066     -21.3979     -29.5792     -24.1104
                -28.6191     -32.2363     -27.3328     -16.6413     -15.8115
                -28.2301     -23.5456     -29.7668     -37.2247     -36.2366
   1     80     -17.1533     -19.5954     -21.4138     -20.6792     -31.4540
                -34.6482     -37.4364     -32.7676     -26.2456     -26.7910
                -28.2940     -25.4595     -38.2898     -40.4191     -41.9581
                -39.9726     -39.3861     -35.3936     -31.8552     -32.0724
                -38.1786     -39.0632     -37.4890     -20.3257     -19.9433
                -24.4151     -22.9970     -17.0601     -28.3668     -23.1146
                -16.7610     -23.9893     -27.8047     -29.0439     -22.5989
                -19.7288     -17.3482     -21.5404     -29.7249     -24.2546
                -28.7623     -32.3811     -27.4762     -16.7833     -15.9546
                -28.3752     -23.6885     -29.9103     -37.3711     -36.3808
   1    100     -17.5723     -20.0130     -21.8317     -21.0952     -31.8711
                -35.0660     -37.8552     -33.1850     -26.6628     -27.2025
                -28.7106     -25.8751     -38.7055     -40.8364     -42.3763
                -40.3883     -39.8038     -35.8136     -32.2755     -32.4892
                -38.5943     -39.4792     -37.9058     -20.7411     -20.3641
                -24.8328     -23.4111     -17.4715     -28.7801     -23.5307
                -17.1786     -24.4049     -28.2199     -29.4573     -23.0197
                -20.1458     -17.7630     -21.9571     -30.1451     -24.6707
                -29.1767     -32.7981     -27.8927     -17.1999     -16.3732
                -28.7957     -24.1043     -30.3273     -37.7890     -36.7967
   2      0     -17.0004     -19.4611     -21.2615     -20.5225     -31.2984
                -34.4779     -37.2719     -32.6134     -26.1031     -26.6508
                -28.1423     -25.2941     -38.1412     -40.2544     -41.7748
                -39.7968     -39.2276     -35.2421     -31.6905     -31.9330
                -38.0428     -38.9054     -37.3185     -20.1843     -19.7675
                -24.2505     -22.8445     -16.9200     -28.2257     -22.9635
                -16.6125     -23.8446     -27.6598     -28.9108     -22.4356
                -19.5702     -17.1886     -21.3874     -29.5594     -24.0967
                -28.6136     -32.2313     -27.3295     -16.6422     -15.8179
                -28.2187     -23.5538     -29.7446     -37.2037     -36.2162
   3      0     -17.0095     -19.4462     -21.2863     -20.5270     -31.3089
                -34.4952     -37.2892     -32.6085     -26.1278     -26.6676
                -28.1647     -25.3099     -38.1446     -40.2692     -41.7765
                -39.8104     -39.2426     -35.2368     -31.7006     -31.9532
                -38.0490     -38.9187     -37.3322     -20.1995     -19.7810
                -24.2498     -22.8334     -16.9287     -28.2158     -22.9509
                -16.6199     -23.8559     -27.6728     -28.9206     -22.4437
                -19.5932     -17.1988     -21.3953     -29.5764     -24.1023
                -28.6201     -32.2331     -27.3454     -16.6478     -15.8119
                -28.2266     -23.5437     -29.7781     -37.2096     -36.2304
   4      0     -17.0091     -19.4620     -21.2793     -20.5273     -31.3180
                -34.4883     -37.2766     -32.6169     -26.1204     -26.6902
                -28.1588     -25.2964     -38.1426     -40.2641     -41.7778
                -39.7849     -39.2356     -35.2391     -31.7103     -31.9669
                -38.0626     -38.9147     -37.3353     -20.2117     -19.7787
                -24.2633     -22.8551     -16.9447     -28.2405     -22.9750
                -16.6233     -23.8655     -27.6805     -28.9268     -22.4438
                -19.5828     -17.2073     -21.3954     -29.5721     -24.1044
                -28.6340     -32.2385     -27.3471     -16.6602     -15.8285
                -28.2252     -23.5584     -29.7548     -37.2008     -36.2213
   5      0     -17.0152     -19.4584     -21.2868     -20.5271     -31.3185
                -34.4812     -37.2872     -32.6057     -26.1294     -26.6864
                -28.1654     -25.2999     -38.1502     -40.2660     -41.7691
                -39.7756     -39.2242     -35.2335     -31.7127     -31.9599
                -38.0369     -38.9188     -37.3434     -20.2115     -19.7698
                -24.2578     -22.8614     -16.9488     -28.2325     -22.9724
                -16.6171     -23.8497     -27.6759     -28.9372     -22.4378
                -19.5855     -17.2170     -21.3992     -29.5619     -24.1110
                -28.6346     -32.2399     -27.3517     -16.6683     -15.8139
                -28.2245     -23.5637     -29.7724     -37.2166     -36.2289
   5     60     -17.0559     -19.4989     -21.3277     -20.5671     -31.3594
                -34.5226     -37.3284     -32.6468     -26.1703     -26.7262
                -28.2062     -25.3407     -38.1914     -40.3077     -41.8106
                -39.8166     -39.2657     -35.2748     -31.7543     -32.0008
                -38.0778     -38.9599     -37.3848     -20.2517     -19.8110
                -24.2987     -22.9022     -16.9888     -28.2729     -23.0130
                -16.6577     -23.8901     -27.7165     -28.9775     -22.4789
                -19.6262     -17.2571     -21.4395     -29.6033     -24.1520
                -28.6754     -32.2812     -27.3924     -16.7085     -15.8544
                -28.2655     -23.6042     -29.8130     -37.2582     -36.2699
   5     80     -17.2286     -19.6710     -21.5010     -20.7372     -31.5320
                -34.6969     -37.5019     -32.8199     -26.3434     -26.8948
                -28.3794     -25.5136     -38.3645     -40.4829     -41.9855
                -39.9900     -39.4405     -35.4495     -31.9297     -32.1743
                -38.2513     -39.1333     -37.5590     -20.4226     -19.9861
                -24.4721     -23.0749     -17.1589     -28.4440     -23.1851
                -16.8300     -24.0616     -27.8887     -29.1478     -22.6532
                -19.7988     -17.4272     -21.6109     -29.7780     -24.3251
                -28.8477     -32.4558     -27.5651     -16.8792     -16.0262
                -28.4396     -23.7761     -29.9854     -37.4334     -36.4430
   5    100     -17.6147     -20.0559     -21.8870     -21.1198     -31.9170
                -35.0818     -37.8877     -33.2035     -26.7288     -27.2744
                -28.7637     -25.8969     -38.7468     -40.8679     -42.3704
                -40.3732     -39.8258     -35.8358     -32.3167     -32.5593
                -38.6344     -39.5166     -37.9430     -20.8056     -20.3735
                -24.8567     -23.4569     -17.5394     -28.8256     -23.5693
                -17.2156     -24.4442     -28.2717     -29.5295     -23.0404
                -20.1832     -17.8096     -21.9953     -30.1650     -24.7086
                -29.2302     -32.8414     -27.9498     -17.2633     -16.4118
                -28.8264     -24.1600     -30.3695     -37.8176     -36.8259
 
 group  inft   Estimated free energy: 2-th solvent contribution (kcal/mol)
   1      0     -85.6317     -83.5926     -80.1608     -81.6520     -70.5005
                -66.8198     -63.9323     -68.5948     -75.2495     -73.8236
                -73.5827     -76.1592     -61.0847     -61.3814     -58.8314
                -60.2756     -61.9127     -65.1770     -70.5925     -69.9471
                -62.0204     -63.0419     -65.1686     -81.1440     -82.9868
                -78.4029     -78.6053     -84.5941     -72.2859     -78.9378
                -85.1395     -78.4828     -73.9455     -70.7251     -79.9646
                -80.1372     -83.5896     -79.6479     -71.4447     -77.1242
                -71.9811     -68.0929     -74.9886     -85.0454     -86.2958
                -73.5548     -78.3875     -72.7046     -63.3772     -64.2498
   1     60     -86.4736     -84.4347     -81.0036     -82.4946     -71.3489
                -67.6691     -64.7877     -69.4430     -76.0923     -74.6712
                -74.4266     -77.0032     -61.9402     -62.2385     -59.6870
                -61.1218     -62.7655     -66.0313     -71.4440     -70.8005
                -62.8715     -63.8923     -66.0187     -81.9839     -83.8272
                -79.2446     -79.4443     -85.4338     -73.1326     -79.7826
                -85.9814     -79.3244     -74.7898     -71.5724     -80.8044
                -80.9721     -84.4278     -80.4885     -72.2922     -77.9658
                -72.8313     -68.9441     -75.8340     -85.8906     -87.1404
                -74.4030     -79.2325     -73.5512     -64.2286     -65.1003
   1     80     -89.8802     -87.8395     -84.4156     -85.9110     -74.7778
                -71.0983     -68.2287     -72.8623     -79.5013     -78.0881
                -77.8439     -80.4146     -65.3792     -65.6806     -63.1317
                -64.5595     -66.1979     -69.4723     -74.8751     -74.2370
                -66.3058     -67.3268     -69.4349     -85.3839     -87.2222
                -82.6472     -82.8385     -88.8283     -76.5564     -83.1930
                -89.3817     -82.7230     -78.2025     -74.9951     -84.1977
                -84.3521     -87.8168     -83.8899     -75.7140     -81.3651
                -76.2535     -72.3712     -79.2502     -89.3011     -90.5507
                -77.8325     -82.6521     -76.9725     -67.6631     -68.5340
   1    100     -98.2882     -96.2515     -92.8264     -94.3202     -83.1995
                -79.4790     -76.6604     -81.2608     -87.8890     -86.4819
                -86.2416     -88.7911     -73.7838     -74.0863     -71.5536
                -72.9546     -74.6069     -77.8994     -83.2972     -82.6640
                -74.7011     -75.7331     -77.8328     -93.7687     -95.6173
                -91.0481     -91.2228     -97.2238     -84.9723     -91.6004
                -97.7820     -91.1130     -86.5798     -83.3636     -92.5787
                -92.7017     -96.1856     -92.2791     -84.1311     -89.7270
                -84.6477     -80.8000     -87.6520     -97.7108     -98.9583
                -86.2520     -91.0483     -85.3829     -76.0657     -76.9441
   2      0     -85.6861     -83.6079     -80.1804     -81.7221     -70.5021
                -66.8476     -63.9575     -68.6071     -75.3079     -73.7996
                -73.6273     -76.2174     -61.1382     -61.4323     -58.8639
                -60.2552     -61.9874     -65.1973     -70.6522     -69.9583
                -62.0373     -63.0862     -65.1990     -81.1848     -83.0056
                -78.4260     -78.6845     -84.6517     -72.3443     -78.9901
                -85.1570     -78.5109     -74.0204     -70.8474     -79.9802
                -80.2054     -83.6194     -79.6888     -71.4909     -77.1712
                -72.0040     -68.1185     -75.0504     -85.1052     -86.3894
                -73.6243     -78.4140     -72.7542     -63.4302     -64.2405
   3      0     -85.6527     -83.5922     -80.1620     -81.7027     -70.4946
                -66.8631     -63.9395     -68.5925     -75.2717     -73.8251
                -73.5944     -76.2566     -61.1034     -61.3839     -58.8618
                -60.2105     -61.9630     -65.1927     -70.5851     -69.9430
                -62.0709     -63.0576     -65.1889     -81.1540     -83.0146
                -78.4194     -78.6583     -84.6147     -72.3377     -78.9576
                -85.1679     -78.4592     -73.9638     -70.8284     -80.0100
                -80.2639     -83.5493     -79.6974     -71.4332     -77.1388
                -72.0020     -68.0828     -75.0252     -85.0722     -86.3774
                -73.6199     -78.4144     -72.7408     -63.3867     -64.2021
   4      0     -85.6297     -83.5654     -80.1330     -81.7287     -70.4703
                -66.7968     -63.9949     -68.5652     -75.2718     -73.7898
                -73.5879     -76.1815     -61.1241     -61.4260     -58.8595
                -60.2755     -61.9595     -65.1811     -70.5998     -69.9281
                -62.0510     -63.0354     -65.1839     -81.1239     -83.0195
                -78.4117     -78.7296     -84.5841     -72.3093     -78.9564
                -85.1274     -78.4162     -73.9810     -70.8413     -79.9497
                -80.1916     -83.5754     -79.6735     -71.4657     -77.1452
                -71.9792     -68.0781     -75.0361     -85.0707     -86.3729
                -73.6411     -78.3888     -72.7002     -63.3848     -64.1957
   5      0     -85.7087     -83.5893     -80.2031     -81.7298     -70.4961
                -66.9084     -64.0116     -68.6083     -75.3309     -73.8208
                -73.6349     -76.2543     -61.1826     -61.4485     -58.8769
                -60.2898     -62.0240     -65.2204     -70.6585     -70.0291
                -62.1159     -63.1031     -65.2519     -81.1658     -83.1110
                -78.4604     -78.7256     -84.6045     -72.3270     -79.0546
                -85.1979     -78.5436     -74.0266     -70.8354     -80.0423
                -80.2562     -83.5775     -79.6978     -71.4931     -77.1614
                -72.0045     -68.1272     -75.0530     -85.1426     -86.4075
                -73.6556     -78.4486     -72.8175     -63.4317     -64.2766
   5     60     -86.7553     -84.6354     -81.2523     -82.7796     -71.5534
                -67.9634     -65.0745     -69.6647     -76.3813     -74.8748
                -74.6857     -77.3054     -62.2458     -62.5139     -59.9393
                -61.3454     -63.0837     -66.2825     -71.7165     -71.0884
                -63.1743     -64.1628     -66.3084     -82.2123     -84.1558
                -79.5082     -79.7704     -85.6484     -73.3819     -80.1051
                -86.2433     -79.5893     -75.0775     -71.8914     -81.0869
                -81.2970     -84.6198     -80.7430     -72.5472     -78.2078
                -73.0603     -69.1842     -76.1052     -86.1921     -87.4569
                -74.7116     -79.5025     -73.8718     -64.4906     -65.3345
   5     80     -90.7380     -88.6131     -85.2371     -86.7719     -75.5520
                -71.9576     -69.0952     -73.6544     -80.3649     -78.8657
                -78.6747     -81.2882     -66.2575     -66.5323     -63.9624
                -65.3575     -67.0900     -70.2986     -75.7231     -75.1022
                -67.1839     -68.1686     -70.2969     -86.1843     -88.1285
                -83.4868     -83.7422     -89.6196     -77.3790     -84.0889
                -90.2162     -83.5618     -79.0627     -75.8872     -85.0532
                -85.2494     -88.5771     -84.7221     -76.5425     -82.1762
                -77.0529     -73.1885     -80.0990     -90.1778     -91.4421
                -78.7179     -83.4987     -77.8751     -68.4965     -69.3371
   5    100     -98.3939     -96.2707     -92.8971     -94.4313     -83.2282
                -79.6016     -76.7825     -81.3049     -88.0066     -86.5109
                -86.3231     -88.9232     -73.9107     -74.1919     -71.6373
                -72.9956     -74.7559     -77.9717     -83.3925     -82.7761
                -74.8370     -75.8280     -77.9513     -93.8200     -95.7751
                -91.1409     -91.3872     -97.2641     -85.0454     -91.7557
                -97.8654     -91.2017     -86.6962     -83.5261     -92.6889
                -92.8609     -96.1966     -92.3638     -84.2055     -89.7909
                -84.7011     -80.8599     -87.7608     -97.8407     -99.1021
                -86.3904     -91.1502     -85.5423     -76.1459     -76.9878
 
 
 cumulative average & 95% error for solvation free energy
              total             1st component         2nd component
  1  -102.6685              -17.0095              -85.6527
  2  -102.8566     0.3762   -18.2279     2.4367   -84.6225     2.0605
  3  -102.3893     0.9596   -19.2474     2.4772   -83.1356     3.2028
  4  -102.3510     0.6829   -19.5673     1.8648   -82.7774     2.3753
  5  -102.2427     0.5715   -21.9156     4.9138   -80.3209     5.2463
  6  -102.0964     0.5509   -24.0122     5.8034   -78.0779     6.2027
  7  -101.9733     0.5266   -25.9089     6.2006   -76.0581     6.6181
  8  -101.8776     0.4946   -26.7464     5.6250   -75.1249     6.0276
  9  -101.8252     0.4486   -26.6776     4.9627   -75.1412     5.3160
 10  -101.6925     0.4810   -26.6766     4.4388   -75.0096     4.7620
 11  -101.6992     0.4353   -26.8119     4.0241   -74.8810     4.3151
 12  -101.6886     0.3979   -26.6868     3.6820   -74.9956     3.9458
 13  -101.5014     0.5237   -27.5681     3.8182   -73.9270     4.2121
 14  -101.5127     0.4854   -28.4753     3.9734   -73.0310     4.2916
 15  -101.4548     0.4664   -29.3621     4.1023   -72.0864     4.4195
 16  -101.3656     0.4714   -30.0151     4.0535   -71.3442     4.3925
 17  -101.3565     0.4432   -30.5579     3.9593   -70.7923     4.2711
 18  -101.3054     0.4302   -30.8178     3.7689   -70.4812     4.0746
 19  -101.3573     0.4199   -30.8643     3.5662   -70.4867     3.8542
 20  -101.3846     0.4021   -30.9188     3.3850   -70.4595     3.6568
 21  -101.3246     0.4008   -31.2583     3.2906   -70.0601     3.5689
 22  -101.3545     0.3868   -31.6065     3.2138   -69.7418     3.4618
 23  -101.4055     0.3834   -31.8554     3.1110   -69.5438     3.3315
 24  -101.4036     0.3671   -31.3698     3.1329   -70.0276     3.3332
 25  -101.4596     0.3695   -30.9062     3.1448   -70.5471     3.3617
 26  -101.5063     0.3671   -30.6502     3.0645   -70.8498     3.2861
 27  -101.5060     0.3532   -30.3607     3.0051   -71.1390     3.2145
 28  -101.5076     0.3404   -29.8810     3.0506   -71.6203     3.2437
 29  -101.4749     0.3349   -29.8236     2.9458   -71.6451     3.1302
 30  -101.4896     0.3249   -29.5945     2.8825   -71.8888     3.0631
 31  -101.4994     0.3148   -29.1759     2.9109   -72.3172     3.0840
 32  -101.5251     0.3091   -29.0097     2.8380   -72.5091     3.0107
 33  -101.5286     0.2997   -28.9692     2.7519   -72.5532     2.9193
 34  -101.4765     0.3089   -28.9677     2.6697   -72.5025     2.8340
 35  -101.5046     0.3052   -28.7813     2.6190   -72.7170     2.7851
 36  -101.4590     0.3103   -28.5261     2.5959   -72.9266     2.7389
 37  -101.4399     0.3041   -28.2200     2.5979   -73.2137     2.7250
 38  -101.4310     0.2966   -28.0404     2.5540   -73.3843     2.6742
 39  -101.4203     0.2897   -28.0798     2.4889   -73.3343     2.6066
 40  -101.4160     0.2825   -27.9803     2.4340   -73.4294     2.5478
 41  -101.3968     0.2781   -27.9959     2.3741   -73.3946     2.4858
 42  -101.3712     0.2762   -28.0968     2.3257   -73.2681     2.4391
 43  -101.3946     0.2738   -28.0793     2.2712   -73.3090     2.3831
 44  -101.4021     0.2679   -27.8195     2.2790   -73.5763     2.3889
 45  -101.4198     0.2642   -27.5527     2.2909   -73.8608     2.4035
 46  -101.4292     0.2591   -27.5673     2.2407   -73.8556     2.3507
 47  -101.4406     0.2545   -27.4817     2.1992   -73.9526     2.3083
 48  -101.4632     0.2533   -27.5296     2.1550   -73.9273     2.2603
 49  -101.4456     0.2505   -27.7271     2.1472   -73.7122     2.2551
 50  -101.4255     0.2487   -27.8972     2.1312   -73.5220     2.2420
 
 Mesh error is    0.054 kcal/mol
