 ERmod 0.3.8, Copyright (C) 2000-2019 Nobuyuki Matubayasi
                            2010-2019 Shun Sakuraba
 ERmod comes with ABSOLUTELY NO WARRANTY.
 This is free software, and you can redistribute it
 and/or modify it under certain conditions.
 See LICENSE file for details.
 
  Number of the   1-th solvent  =          378
  Number of the   2-th solvent  =        10000
 
  Be sure that the solvent distribution is homogeneous (radial distribution function is essentially unity) when the solvent molecule is separated beyond distance of   10.0 Angstrom in any direction from any atom within the solute molecule
 
  LJ long-range correction    =        -1.1319     -7.1533
 
  Self-energy of the solute   =        -0.0053  kcal/mol
 
 
 cumulative average & 95% error for solvation energy
              total             1st component         2nd component
  1  -485.9799              -84.8434             -401.1312
  2  -486.8571     1.7544   -93.3811    17.0753  -393.4707    15.3209
  3  -486.3824     1.3882   -94.2227    10.0011  -392.1544     9.2290
  4  -485.8537     1.4428   -95.2355     7.3562  -390.6129     7.2175
  5  -485.8372     1.1181   -94.9612     5.7244  -390.8707     5.6144
  6  -485.8063     0.9150   -88.8408    13.1029  -396.9603    13.0132
  7  -486.0507     0.9148   -88.5751    11.0867  -397.4704    11.0454
  8  -486.0214     0.7944   -87.4346     9.8686  -398.5816     9.8204
  9  -485.8479     0.7819   -84.4421    10.5625  -401.4005    10.3341
 10  -485.9066     0.7091   -80.8312    11.8915  -405.0700    11.8024
 11  -486.0823     0.7314   -77.6401    12.5073  -408.4369    12.6220
 12  -486.2944     0.7910   -75.9807    11.8900  -410.3084    12.1149
 13  -486.4995     0.8353   -75.3428    11.0114  -411.1514    11.2709
 14  -486.5530     0.7807   -74.0736    10.5059  -412.4741    10.7650
 15  -486.7463     0.8233   -73.0749     9.9823  -413.6661    10.3013
 16  -486.7454     0.7701   -73.0570     9.3376  -413.6832     9.6360
 17  -486.8676     0.7636   -75.6168    10.1560  -411.2456    10.2809
 18  -486.7535     0.7552   -78.3432    11.0189  -408.4051    11.2351
 19  -486.7818     0.7166   -80.9621    11.6649  -405.8144    11.8231
 20  -486.9058     0.7236   -83.3463    12.0499  -403.5542    12.0930
 21  -486.8963     0.6886   -86.8875    13.4734  -400.0036    13.5182
 22  -486.7768     0.6987   -88.5457    13.2676  -398.2259    13.3705
 23  -486.7545     0.6691   -89.7231    12.8945  -397.0261    12.9993
 24  -486.7044     0.6484   -91.0424    12.6243  -395.6568    12.7436
 25  -486.7181     0.6225   -91.3663    12.1261  -395.3464    12.2390
 26  -486.7202     0.5981   -91.2151    11.6543  -395.4998    11.7629
 27  -486.7583     0.5806   -91.6371    11.2461  -395.1160    11.3448
 28  -486.7091     0.5680   -91.4428    10.8440  -395.2611    10.9360
 29  -486.5865     0.6005   -91.9335    10.5093  -394.6477    10.6232
 30  -486.5798     0.5803   -93.1241    10.4285  -393.4504    10.5387
 31  -486.5067     0.5800   -93.3052    10.0930  -393.1962    10.2057
 32  -486.5892     0.5854   -92.5890     9.8769  -393.9949    10.0099
 33  -486.5914     0.5674   -92.9729     9.6036  -393.6132     9.7318
 34  -486.5911     0.5504   -93.1000     9.3204  -393.4857     9.4447
 35  -486.6162     0.5368   -93.0041     9.0522  -393.6069     9.1741
 36  -486.6665     0.5313   -93.4247     8.8373  -393.2365     8.9463
 37  -486.6396     0.5196   -94.0746     8.6928  -392.5597     8.8059
 38  -486.6823     0.5129   -93.6420     8.5051  -393.0350     8.6236
 39  -486.6665     0.5006   -93.4124     8.2969  -393.2488     8.4104
 40  -486.7342     0.5063   -92.9280     8.1446  -393.8009     8.2715
 41  -486.7435     0.4941   -92.2442     8.0604  -394.4939     8.1854
 42  -486.8393     0.5189   -91.9912     7.8824  -394.8428     8.0186
 43  -486.9156     0.5292   -91.8511     7.7020  -395.0592     7.8418
 44  -486.9388     0.5191   -92.0101     7.5316  -394.9234     7.6664
 45  -486.9714     0.5116   -91.9471     7.3634  -395.0190     7.4965
 46  -486.9963     0.5028   -91.6550     7.2252  -395.3360     7.3591
 47  -487.0196     0.4942   -91.4365     7.0833  -395.5777     7.2170
 48  -487.0606     0.4907   -91.2194     6.9478  -395.8359     7.0839
 49  -487.0741     0.4814   -90.8604     6.8423  -396.2084     6.9777
 50  -487.0322     0.4790   -90.4084     6.7647  -396.6185     6.8858
 
 
 group  inft  solvation free energy     error          difference
  total solvation free energy
   1      0       -107.58902           0.35596           0.08345
   1     60       -108.46043           0.35854          -0.78796
   1     80       -112.05683           0.35709          -4.38437
   1    100       -120.88488           0.35712         -13.21241
   2      0       -107.55666           0.36502           0.11580
   3      0       -107.67247           0.35178           0.00000
   4      0       -107.61416           0.35402           0.05831
   5      0       -107.75098           0.34906          -0.07851
   5     60       -108.85620           0.34959          -1.18373
   5     80       -113.08066           0.34428          -5.40819
   5    100       -121.07480           0.35043         -13.40234
 
  contribution from  1-th solvent component
   1      0        -33.31544           2.63948          -0.05295
   1     60        -33.34784           2.63947          -0.08535
   1     80        -33.49404           2.63967          -0.23154
   1    100        -33.91360           2.63965          -0.65111
   2      0        -33.27770           2.63269          -0.01520
   3      0        -33.26249           2.63019           0.00000
   4      0        -33.20987           2.62392           0.05262
   5      0        -33.21314           2.62356           0.04935
   5     60        -33.25475           2.62363           0.00775
   5     80        -33.43266           2.62405          -0.17017
   5    100        -33.82012           2.62413          -0.55762
 
  contribution from  2-th solvent component
   1      0        -74.26830           2.89099           0.13639
   1     60        -75.10730           2.89231          -0.70261
   1     80        -78.55752           2.88927          -4.15282
   1    100        -86.96599           2.88709         -12.56130
   2      0        -74.27368           2.89207           0.13101
   3      0        -74.40469           2.87897           0.00000
   4      0        -74.39901           2.87276           0.00569
   5      0        -74.53256           2.86776          -0.12786
   5     60        -75.59617           2.86694          -1.19148
   5     80        -79.64272           2.86182          -5.23803
   5    100        -87.24941           2.86458         -12.84471
 
 
 group  inft   Estimated free energy: total (kcal/mol)
   1      0    -107.3148    -107.8483    -106.8749    -106.2161    -106.9378
               -107.2442    -107.6403    -107.2892    -107.2712    -108.3525
               -109.0571    -109.2598    -109.4528    -108.3666    -109.7186
               -108.2016    -107.8300    -105.2806    -105.9760    -107.2381
               -105.1744    -105.5725    -106.2928    -106.0690    -107.6994
               -107.2903    -107.3992    -106.4915    -105.8177    -106.2652
               -105.7185    -109.3309    -107.4149    -107.6327    -107.8224
               -107.5200    -105.6776    -108.9295    -107.4982    -109.1400
               -108.3014    -110.0493    -109.3863    -108.2558    -108.3750
               -109.0917    -108.3938    -108.9367    -108.0770    -106.4567
   1     60    -108.1721    -108.7080    -107.7360    -107.0770    -107.7953
               -108.0954    -108.4950    -108.1478    -108.1347    -109.2261
               -109.9434    -110.1496    -110.3427    -109.2560    -110.6108
               -109.0934    -108.6882    -106.1427    -106.8477    -108.1084
               -106.0499    -106.4368    -107.1594    -106.9432    -108.5556
               -108.1507    -108.2531    -107.3497    -106.6736    -107.1360
               -106.5773    -110.1860    -108.2791    -108.4941    -108.6881
               -108.3797    -106.5362    -109.8004    -108.3912    -110.0394
               -109.1932    -110.9426    -110.2819    -109.1541    -109.2718
               -109.9856    -109.2898    -109.8162    -108.9252    -107.3113
   1     80    -111.7571    -112.3107    -111.3176    -110.6801    -111.3967
               -111.6538    -112.0993    -111.7351    -111.7161    -112.8084
               -113.5179    -113.7359    -113.9239    -112.8386    -114.2121
               -112.6878    -112.3000    -109.7582    -110.4775    -111.7362
               -109.6735    -110.0470    -110.7821    -110.5649    -112.1480
               -111.7409    -111.8272    -110.9249    -110.2593    -110.7545
               -110.1757    -113.7452    -111.8796    -112.0764    -112.2926
               -111.9636    -110.1477    -113.3987    -111.9919    -113.6510
               -112.7886    -114.5460    -113.8945    -112.7598    -112.8794
               -113.5717    -112.8852    -113.4147    -112.5056    -110.8889
   1    100    -120.5891    -121.1416    -120.1134    -119.5032    -120.2296
               -120.4440    -120.9142    -120.5764    -120.5424    -121.6224
               -122.3177    -122.5637    -122.7291    -121.6318    -123.0601
               -121.5114    -121.1321    -118.5705    -119.2976    -120.5915
               -118.5070    -118.8955    -119.6227    -119.4284    -120.9828
               -120.5536    -120.6214    -119.7556    -119.0917    -119.6489
               -118.9983    -122.5712    -120.7328    -120.8703    -121.1342
               -120.7800    -118.9762    -122.2321    -120.8300    -122.5068
               -121.6239    -123.3900    -122.7482    -121.5955    -121.7232
               -122.3899    -121.7054    -122.2516    -121.3233    -119.6715
   2      0    -107.2466    -107.7053    -106.7827    -106.1721    -106.8886
               -107.2480    -107.5334    -107.2758    -107.2076    -108.2653
               -109.0914    -109.3694    -109.5166    -108.4039    -109.7122
               -108.3208    -107.7205    -105.1406    -105.9811    -107.1621
               -105.0696    -105.5238    -106.2165    -105.9453    -107.7073
               -107.2805    -107.3636    -106.4085    -105.7571    -106.2113
               -105.6798    -109.2749    -107.3696    -107.5865    -107.7700
               -107.4436    -105.6114    -108.8961    -107.5994    -109.1680
               -108.3041    -110.0504    -109.3850    -108.2771    -108.4156
               -109.1110    -108.4095    -108.8467    -108.0413    -106.3655
   3      0    -107.3898    -107.9059    -106.9672    -106.3353    -107.0871
               -107.4117    -107.7276    -107.3975    -107.3499    -108.3659
               -109.1463    -109.3315    -109.4617    -108.4188    -109.7869
               -108.3247    -107.9718    -105.3474    -106.0772    -107.2687
               -105.2073    -105.6793    -106.4114    -106.1185    -107.8188
               -107.3984    -107.5577    -106.5781    -105.8777    -106.3830
               -105.8326    -109.4335    -107.5404    -107.7380    -107.9136
               -107.6269    -105.8229    -108.9524    -107.6227    -109.1977
               -108.3405    -110.1075    -109.4095    -108.3046    -108.4025
               -109.1364    -108.4373    -108.9549    -108.2211    -106.5251
   4      0    -107.2895    -107.8609    -106.8719    -106.3206    -107.0311
               -107.3083    -107.6300    -107.2889    -107.2402    -108.2725
               -109.0776    -109.2933    -109.5168    -108.3815    -109.7021
               -108.2933    -107.8868    -105.3095    -106.0340    -107.2912
               -105.1018    -105.6353    -106.2486    -106.0583    -107.8013
               -107.3387    -107.4665    -106.5327    -105.8686    -106.3073
               -105.7821    -109.3572    -107.4260    -107.6561    -107.8217
               -107.5638    -105.7483    -108.9514    -107.5919    -109.1868
               -108.3081    -110.0545    -109.3504    -108.2600    -108.4237
               -109.1079    -108.4095    -108.8412    -108.1430    -106.4654
   5      0    -107.5000    -108.0362    -106.9749    -106.4175    -107.1788
               -107.4500    -107.7155    -107.5170    -107.3771    -108.4007
               -109.1641    -109.3834    -109.5847    -108.4978    -109.8158
               -108.3933    -108.0371    -105.4034    -106.1751    -107.3910
               -105.2521    -105.7592    -106.4953    -106.2366    -107.9924
               -107.4525    -107.6506    -106.6603    -106.0432    -106.4685
               -106.0024    -109.5249    -107.6397    -107.8483    -108.0047
               -107.7905    -105.9068    -109.0716    -107.5965    -109.2634
               -108.3890    -110.1748    -109.4603    -108.3671    -108.5197
               -109.2023    -108.5583    -108.9726    -108.1959    -106.6358
   5     60    -108.5969    -109.1413    -108.0690    -107.5121    -108.2739
               -108.5293    -108.8072    -108.6096    -108.4657    -109.4959
               -110.2688    -110.4925    -110.6944    -109.6101    -110.9274
               -109.5082    -109.1424    -106.5082    -107.2983    -108.5064
               -106.3776    -106.8637    -107.6048    -107.3575    -109.0879
               -108.5503    -108.7432    -107.7507    -107.1412    -107.5787
               -107.1024    -110.6117    -108.7427    -108.9454    -109.1129
               -108.8896    -107.0148    -110.1737    -108.7132    -110.3865
               -109.5002    -111.2877    -110.5843    -109.4894    -109.6441
               -110.3176    -109.6811    -110.0827    -109.2888    -107.7276
   5     80    -112.8461    -113.3898    -112.2998    -111.7444    -112.5126
               -112.7405    -113.0592    -112.8438    -112.6926    -113.7011
               -114.4461    -114.6836    -114.8776    -113.7803    -115.1229
               -113.7001    -113.4043    -110.7813    -111.5501    -112.7620
               -110.6223    -111.1194    -111.8746    -111.6006    -113.3190
               -112.7857    -112.9711    -111.9482    -111.3793    -111.8350
               -111.3374    -114.8079    -113.0037    -113.1688    -113.3541
               -113.1333    -111.2636    -114.4139    -112.9202    -114.5906
               -113.6959    -115.4900    -114.7859    -113.6829    -113.8416
               -114.4937    -113.8720    -114.2984    -113.5158    -111.9702
   5    100    -120.7983    -121.3743    -120.2282    -119.7047    -120.4866
               -120.6876    -120.9992    -120.8377    -120.6676    -121.6959
               -122.4663    -122.7275    -122.9017    -121.7932    -123.1813
               -121.7359    -121.3802    -118.7111    -119.5403    -120.7445
               -118.6190    -119.1036    -119.8585    -119.6376    -121.2902
               -120.7558    -120.8981    -119.9274    -119.3751    -119.8558
               -119.3061    -122.7918    -120.9998    -121.1381    -121.3626
               -121.0544    -119.2350    -122.3902    -120.9709    -122.6579
               -121.7373    -123.5441    -122.8467    -121.7312    -121.8933
               -122.5186    -121.9060    -122.3156    -121.4752    -119.8825
 
 group  inft   Estimated free energy: 1-th solvent contribution (kcal/mol)
   1      0     -31.0849     -37.7379     -35.0587     -36.1027     -34.3947
                -19.6200     -31.3603     -29.0585     -20.9088     -16.2643
                -15.8411     -21.0689     -25.0790     -20.2618     -21.5985
                -26.8737     -43.8240     -46.6910     -47.9147     -47.8428
                -59.2675     -46.4179     -42.6717     -45.2538     -36.7307
                -32.0446     -37.9340     -31.6848     -39.2277     -47.9105
                -36.4792     -25.2121     -39.5286     -36.1272     -32.9441
                -39.9515     -43.5492     -28.4728     -31.9267     -27.4226
                -23.8122     -30.7861     -32.1730     -37.4196     -33.2614
                -28.9704     -30.2799     -29.8423     -26.3026     -23.5806
   1     60     -31.1167     -37.7698     -35.0907     -36.1349     -34.4252
                -19.6505     -31.3919     -29.0901     -20.9408     -16.2964
                -15.8737     -21.1015     -25.1124     -20.2951     -21.6320
                -26.9069     -43.8560     -46.7230     -47.9471     -47.8752
                -59.3002     -46.4505     -42.7044     -45.2864     -36.7629
                -32.0770     -37.9660     -31.7168     -39.2603     -47.9426
                -36.5114     -25.2441     -39.5611     -36.1594     -32.9763
                -39.9839     -43.5813     -28.5056     -31.9602     -27.4557
                -23.8448     -30.8193     -32.2059     -37.4524     -33.2947
                -29.0036     -30.3132     -29.8756     -26.3341     -23.6125
   1     80     -31.2613     -37.9156     -35.2357     -36.2814     -34.5650
                -19.7893     -31.5364     -29.2341     -21.0855     -16.4404
                -16.0183     -21.2465     -25.2603     -20.4428     -21.7809
                -27.0538     -44.0017     -46.8693     -48.0941     -48.0227
                -59.4488     -46.5986     -42.8532     -45.4340     -36.9101
                -32.2240     -38.1117     -31.8621     -39.4088     -48.0881
                -36.6578     -25.3893     -39.7080     -36.3058     -33.1229
                -40.1308     -43.7283     -28.6531     -32.1086     -27.6027
                -23.9894     -30.9668     -32.3521     -37.5979     -33.4422
                -29.1501     -30.4607     -30.0244     -26.4788     -23.7577
   1    100     -31.6798     -38.3330     -35.6520     -36.7007     -34.9752
                -20.1988     -31.9530     -29.6522     -21.5039     -16.8584
                -16.4375     -21.6659     -25.6836     -20.8652     -22.2074
                -27.4747     -44.4205     -47.2871     -48.5119     -48.4424
                -59.8685     -47.0206     -43.2745     -45.8545     -37.3314
                -32.6449     -38.5291     -32.2820     -39.8300     -48.5069
                -37.0766     -25.8101     -40.1290     -36.7239     -33.5445
                -40.5499     -44.1462     -29.0754     -32.5318     -28.0244
                -24.4079     -31.3901     -32.7735     -38.0163     -33.8637
                -29.5696     -30.8824     -30.4481     -26.8962     -24.1748
   2      0     -31.0128     -37.6772     -34.9591     -36.0535     -34.3575
                -19.5866     -31.2985     -29.0153     -20.8489     -16.2477
                -15.8697     -21.0999     -25.0965     -20.2772     -21.6074
                -26.8879     -43.7460     -46.6161     -47.8403     -47.7822
                -59.1822     -46.3299     -42.5990     -45.2037     -36.6573
                -31.9831     -37.8772     -31.6177     -39.1548     -47.8657
                -36.4169     -25.1496     -39.4460     -36.1036     -32.9019
                -39.8359     -43.4685     -28.4071     -31.9433     -27.4648
                -23.8419     -30.7890     -32.1893     -37.4442     -33.2809
                -28.9982     -30.2785     -29.7943     -26.2597     -23.5202
   3      0     -30.9975     -37.6456     -34.9220     -36.0249     -34.3090
                -19.5772     -31.2571     -28.9896     -20.8219     -16.2387
                -15.8812     -21.1072     -25.0939     -20.2851     -21.6232
                -26.9002     -43.7141     -46.6036     -47.8272     -47.7751
                -59.1587     -46.2837     -42.5610     -45.1717     -36.6471
                -31.9666     -37.8579     -31.5850     -39.1040     -47.8302
                -36.3750     -25.1335     -39.4043     -36.0961     -32.8577
                -39.8230     -43.4391     -28.3958     -31.9568     -27.4766
                -23.8549     -30.8017     -32.1993     -37.4576     -33.2808
                -29.0091     -30.2961     -29.7905     -26.2370     -23.4796
   4      0     -30.8844     -37.5594     -34.8240     -35.9572     -34.2533
                -19.4905     -31.1646     -28.9117     -20.7677     -16.2042
                -15.8785     -21.1298     -25.1067     -20.3019     -21.6288
                -26.9022     -43.6186     -46.5121     -47.7496     -47.7227
                -59.0731     -46.1803     -42.4597     -45.1069     -36.5351
                -31.8621     -37.7758     -31.5145     -39.0323     -47.7445
                -36.3155     -25.0609     -39.3093     -36.0327     -32.7922
                -39.7303     -43.3425     -28.3349     -31.9578     -27.5017
                -23.8566     -30.8079     -32.2193     -37.4711     -33.2890
                -29.0188     -30.2977     -29.7344     -26.1625     -23.4061
   5      0     -30.8893     -37.5619     -34.8111     -35.9397     -34.2496
                -19.5053     -31.1304     -28.9287     -20.7679     -16.2172
                -15.8956     -21.1155     -25.1125     -20.3087     -21.6409
                -26.8978     -43.5961     -46.4996     -47.7642     -47.7175
                -59.0638     -46.1734     -42.4618     -45.1325     -36.5488
                -31.8799     -37.7727     -31.4901     -39.0558     -47.7704
                -36.3267     -25.0773     -39.3458     -36.0401     -32.8090
                -39.7215     -43.3545     -28.3128     -31.9491     -27.4965
                -23.8690     -30.8211     -32.2280     -37.4554     -33.3056
                -29.0239     -30.3011     -29.7494     -26.1545     -23.4172
   5     60     -30.9306     -37.6034     -34.8525     -35.9812     -34.2892
                -19.5446     -31.1711     -28.9694     -20.8088     -16.2580
                -15.9368     -21.1567     -25.1547     -20.3508     -21.6832
                -26.9396     -43.6373     -46.5411     -47.8062     -47.7595
                -59.1064     -46.2155     -42.5042     -45.1748     -36.5906
                -31.9217     -37.8141     -31.5313     -39.0979     -47.8120
                -36.3685     -25.1184     -39.3876     -36.0817     -32.8506
                -39.7634     -43.3964     -28.3547     -31.9916     -27.5385
                -23.9103     -30.8630     -32.2698     -37.4970     -33.3478
                -29.0659     -30.3434     -29.7918     -26.1956     -23.4584
   5     80     -31.1094     -37.7823     -35.0309     -36.1598     -34.4611
                -19.7159     -31.3484     -29.1455     -20.9858     -16.4329
                -16.1108     -21.3310     -25.3322     -20.5275     -21.8613
                -27.1158     -43.8157     -46.7210     -47.9852     -47.9395
                -59.2875     -46.3965     -42.6865     -45.3541     -36.7704
                -32.1021     -37.9935     -31.7082     -39.2790     -47.9908
                -36.5479     -25.2957     -39.5680     -36.2602     -33.0298
                -39.9442     -43.5761     -28.5350     -32.1703     -27.7148
                -24.0845     -31.0400     -32.4453     -37.6716     -33.5245
                -29.2418     -30.5205     -29.9719     -26.3732     -23.6372
   5    100     -31.4963     -38.1692     -35.4170     -36.5482     -34.8420
                -20.0966     -31.7339     -29.5323     -21.3720     -16.8183
                -16.4967     -21.7173     -25.7214     -20.9165     -22.2532
                -27.5027     -44.2035     -47.1074     -48.3708     -48.3266
                -59.6759     -46.7859     -43.0760     -45.7425     -37.1604
                -32.4922     -38.3808     -32.0961     -39.6676     -48.3780
                -36.9351     -25.6841     -39.9564     -36.6472     -33.4194
                -40.3314     -43.9626     -28.9237     -32.5602     -28.1038
                -24.4707     -31.4291     -32.8331     -38.0573     -33.9120
                -29.6290     -30.9086     -30.3624     -26.7601     -24.0224
 
 group  inft   Estimated free energy: 2-th solvent contribution (kcal/mol)
   1      0     -76.2247     -70.1051     -71.8110     -70.1081     -72.5379
                -87.6189     -76.2747     -78.2254     -86.3571     -92.0829
                -93.2107     -88.1857     -84.3685     -88.0995     -88.1148
                -81.3226     -64.0007     -58.5843     -58.0560     -59.3900
                -45.9016     -59.1493     -63.6158     -60.8100     -70.9634
                -75.2404     -69.4600     -74.8014     -66.5847     -58.3494
                -69.2340     -84.1135     -67.8810     -71.5002     -74.8730
                -67.5633     -62.1231     -80.4513     -75.5662     -81.7121
                -84.4840     -79.2579     -77.2079     -70.8309     -75.1084
                -80.1160     -78.1086     -79.0891     -81.7692     -82.8709
   1     60     -77.0502     -70.9328     -72.6400     -70.9368     -73.3648
                -88.4396     -77.0979     -79.0524     -87.1886     -92.9245
                -94.0644     -89.0428     -85.2250     -88.9556     -88.9735
                -82.1813     -64.8269     -59.4144     -58.8953     -60.2279
                -46.7443     -59.9810     -64.4497     -61.6515     -71.7874
                -76.0684     -70.2818     -75.6276     -67.4080     -59.1881
                -70.0606     -84.9366     -68.7128     -72.3294     -75.7065
                -68.3906     -62.9496     -81.2895     -76.4258     -82.5784
                -85.3432     -80.1180     -78.0707     -71.6963     -75.9718
                -80.9768     -78.9714     -79.9353     -82.5858     -83.6935
   1     80     -80.4905     -74.3899     -76.0766     -74.3934     -76.8264
                -91.8592     -80.5576     -82.4957     -90.6253     -96.3627
                -97.4943     -92.4841     -88.6583     -92.3905     -92.4259
                -85.6287     -68.2931     -62.8836     -62.3782     -63.7082
                -50.2195     -63.4431     -67.9237     -65.1256     -75.2326
                -79.5116     -73.7103     -79.0575     -70.8452     -62.6611
                -73.5126     -88.3506     -72.1663     -75.7653     -79.1645
                -71.8276     -66.4141     -84.7403     -79.8780     -86.0430
                -88.7939     -83.5739     -81.5371     -75.1566     -79.4319
                -84.4163     -82.4192     -83.3851     -86.0215     -87.1259
   1    100     -88.9040     -82.8033     -84.4562     -82.7972     -85.2491
               -100.2399     -88.9559     -90.9189     -99.0332    -104.7587
               -105.8749    -100.8925     -97.0403    -100.7614    -100.8474
                -94.0314     -76.7063     -71.2781     -70.7805     -72.1439
                -58.6331     -71.8696     -76.3429     -73.5686     -83.6461
                -87.9034     -82.0871     -87.4683     -79.2564     -71.1367
                -81.9164     -96.7558     -80.5985     -84.1411     -87.5844
                -80.2248     -74.8248     -93.1514     -88.2929     -94.4770
                -97.2107     -91.9946     -89.9694     -83.5739     -87.8542
                -92.8151     -90.8176     -91.7983     -94.4218     -95.4913
   2      0     -76.2285     -70.0228     -71.8183     -70.1133     -72.5258
                -87.6561     -76.2296     -78.2552     -86.3534     -92.0123
                -93.2164     -88.2643     -84.4148     -88.1214     -88.0995
                -81.4276     -63.9692     -58.5192     -58.1355     -59.3746
                -45.8821     -59.1886     -63.6122     -60.7364     -71.0447
                -75.2921     -69.4811     -74.7856     -66.5970     -58.3404
                -69.2577     -84.1200     -67.9184     -71.4776     -74.8628
                -67.6024     -62.1376     -80.4837     -75.6508     -81.6980
                -84.4570     -79.2561     -77.1905     -70.8276     -75.1295
                -80.1075     -78.1257     -79.0472     -81.7763     -82.8400
   3      0     -76.3870     -70.2550     -72.0400     -70.3051     -72.7728
                -87.8292     -76.4652     -78.4026     -86.5228     -92.1219
                -93.2599     -88.2191     -84.3626     -88.1285     -88.1584
                -81.4192     -64.2524     -58.7385     -58.2448     -59.4883
                -46.0434     -59.3903     -63.8452     -60.9415     -71.1665
                -75.4265     -69.6945     -74.9878     -66.7684     -58.5475
                -69.4523     -84.2947     -68.1308     -71.6366     -75.0506
                -67.7986     -62.3784     -80.5513     -75.6606     -81.7158
                -84.4803     -79.3005     -77.2049     -70.8418     -75.1164
                -80.1220     -78.1359     -79.1592     -81.9789     -83.0402
   4      0     -76.3998     -70.2962     -72.0426     -70.3581     -72.7725
                -87.8125     -76.4600     -78.3719     -86.4672     -92.0630
                -93.1938     -88.1582     -84.4048     -88.0743     -88.0680
                -81.3858     -64.2629     -58.7922     -58.2791     -59.5632
                -46.0234     -59.4497     -63.7836     -60.9462     -71.2610
                -75.4713     -69.6854     -75.0129     -66.8310     -58.5575
                -69.4612     -84.2910     -68.1114     -71.6181     -75.0242
                -67.8282     -62.4006     -80.6112     -75.6288     -81.6798
                -84.4462     -79.2413     -77.1258     -70.7837     -75.1294
                -80.0839     -78.1065     -79.1015     -81.9753     -83.0540
   5      0     -76.6054     -70.4691     -72.1585     -70.4725     -72.9239
                -87.9394     -76.5798     -78.5830     -86.6040     -92.1782
                -93.2632     -88.2627     -84.4669     -88.1838     -88.1696
                -81.4902     -64.4358     -58.8985     -58.4057     -59.6682
                -46.1831     -59.5806     -64.0283     -61.0988     -71.4383
                -75.5672     -69.8727     -75.1650     -66.9822     -58.6928
                -69.6704     -84.4424     -68.2886     -71.8029     -75.1904
                -68.0638     -62.5471     -80.7536     -75.6421     -81.7616
                -84.5147     -79.3485     -77.2270     -70.9064     -75.2088
                -80.1731     -78.2519     -79.2179     -82.0361     -83.2133
   5     60     -77.6611     -71.5326     -73.2113     -71.5256     -73.9795
                -88.9795     -77.6308     -79.6350     -87.6516     -93.2326
                -94.3267     -89.3305     -85.5344     -89.2540     -89.2390
                -82.5633     -65.4997     -59.9618     -59.4868     -60.7416
                -47.2659     -60.6429     -65.0953     -62.1774     -72.4921
                -76.6233     -70.9238     -76.2141     -68.0380     -59.7614
                -70.7286     -85.4881     -69.3498     -72.8585     -76.2570
                -69.1209     -63.6131     -81.8136     -76.7163     -82.8427
                -85.5847     -80.4194     -78.3092     -71.9872     -76.2911
                -81.2465     -79.3325     -80.2856     -83.0879     -84.2640
   5     80     -81.7314     -75.6023     -77.2636     -75.5793     -78.0463
                -93.0193     -81.7055     -83.6930     -91.7015     -97.2629
                -98.3300     -93.3473     -89.5402     -93.2475     -93.2562
                -86.5790     -69.5833     -64.0551     -63.5596     -64.8172
                -51.3295     -64.7177     -69.1828     -66.2412     -76.5433
                -80.6783     -74.9723     -80.2347     -72.0950     -63.8389
                -74.7842     -89.5069     -73.4304     -76.9033     -80.3190
                -73.1838     -67.6822     -85.8736     -80.7446     -86.8705
                -89.6061     -84.4447     -82.3353     -76.0061     -80.3118
                -85.2466     -83.3462     -84.3213     -87.1373     -88.3277
   5    100     -89.2968     -83.1997     -84.8059     -83.1512     -85.6393
               -100.5856     -89.2600     -91.3001     -99.2904    -104.8724
               -105.9643    -101.0050     -97.1751    -100.8714    -100.9228
                -94.2278     -77.1714     -71.5984     -71.1642     -72.4126
                -58.9378     -72.3124     -76.7773     -73.8897     -84.1246
                -88.2583     -82.5121     -87.8261     -79.7021     -71.4725
                -82.3657     -97.1024     -81.0381     -84.4856     -87.9379
                -80.7177     -75.2671     -93.4612     -88.4054     -94.5487
                -97.2613     -92.1097     -90.0083     -83.6687     -87.9760
                -92.8844     -90.9922     -91.9479     -94.7099     -95.8549
 
 
 cumulative average & 95% error for solvation free energy
              total             1st component         2nd component
  1  -107.3898              -30.9975              -76.3870
  2  -107.6479     0.5161   -34.3216     6.6481   -73.3210     6.1320
  3  -107.4210     0.5428   -34.5217     3.8591   -72.8940     3.6419
  4  -107.1496     0.6649   -34.8975     2.8304   -72.2468     2.8822
  5  -107.1371     0.5156   -34.7798     2.2050   -72.3520     2.2425
  6  -107.1828     0.4308   -32.2461     5.3778   -74.9315     5.4743
  7  -107.2607     0.3960   -32.1048     4.5539   -75.1506     4.6474
  8  -107.2778     0.3446   -31.7154     4.0199   -75.5571     4.1060
  9  -107.2858     0.3044   -30.5050     4.2929   -76.7755     4.3647
 10  -107.3938     0.3475   -29.0784     4.7838   -78.3102     4.9660
 11  -107.5531     0.4476   -27.8786     4.9478   -79.6692     5.2503
 12  -107.7013     0.5048   -27.3143     4.6556   -80.3817     5.0002
 13  -107.8367     0.5375   -27.1435     4.2961   -80.6879     4.6401
 14  -107.8783     0.5046   -26.6536     4.0963   -81.2194     4.4254
 15  -108.0055     0.5342   -26.3183     3.8720   -81.6820     4.2225
 16  -108.0255     0.5013   -26.3546     3.6227   -81.6656     3.9499
 17  -108.0223     0.4709   -27.3758     3.9687   -80.6413     4.2383
 18  -107.8737     0.5343   -28.4440     4.3087   -79.4245     4.6786
 19  -107.7792     0.5396   -29.4642     4.5578   -78.3097     4.9554
 20  -107.7537     0.5145   -30.3797     4.6957   -77.3687     5.0639
 21  -107.6324     0.5462   -31.7501     5.2404   -75.8770     5.6658
 22  -107.5436     0.5502   -32.4108     5.1682   -75.1276     5.6062
 23  -107.4944     0.5349   -32.8521     5.0167   -74.6370     5.4460
 24  -107.4371     0.5248   -33.3654     4.9116   -74.0664     5.3376
 25  -107.4523     0.5043   -33.4967     4.7184   -73.9504     5.1249
 26  -107.4503     0.4845   -33.4378     4.5348   -74.0072     4.9251
 27  -107.4542     0.4663   -33.6015     4.3759   -73.8474     4.7500
 28  -107.4229     0.4536   -33.5295     4.2191   -73.8882     4.5779
 29  -107.3697     0.4505   -33.7217     4.0892   -73.6427     4.4444
 30  -107.3368     0.4402   -34.1920     4.0609   -73.1395     4.4101
 31  -107.2883     0.4367   -34.2624     3.9303   -73.0206     4.2721
 32  -107.3553     0.4435   -33.9771     3.8480   -73.3729     4.1960
 33  -107.3609     0.4300   -34.1416     3.7441   -73.2140     4.0793
 34  -107.3720     0.4178   -34.1991     3.6341   -73.1676     3.9586
 35  -107.3875     0.4069   -34.1608     3.5296   -73.2214     3.8453
 36  -107.3941     0.3956   -34.3180     3.4445   -73.0708     3.7491
 37  -107.3517     0.3940   -34.5646     3.3862   -72.7818     3.6919
 38  -107.3938     0.3927   -34.4022     3.3118   -72.9863     3.6166
 39  -107.3996     0.3827   -34.3395     3.2282   -73.0548     3.5253
 40  -107.4446     0.3836   -34.1680     3.1652   -73.2714     3.4632
 41  -107.4664     0.3767   -33.9164     3.1277   -73.5448     3.4217
 42  -107.5293     0.3886   -33.8423     3.0559   -73.6818     3.3504
 43  -107.5731     0.3894   -33.8040     2.9850   -73.7637     3.2757
 44  -107.5897     0.3819   -33.8871     2.9211   -73.6973     3.2031
 45  -107.6077     0.3750   -33.8736     2.8556   -73.7289     3.1318
 46  -107.6410     0.3727   -33.7679     2.8008   -73.8678     3.0755
 47  -107.6579     0.3663   -33.6940     2.7445   -73.9586     3.0149
 48  -107.6849     0.3626   -33.6127     2.6917   -74.0670     2.9593
 49  -107.6959     0.3558   -33.4621     2.6533   -74.2285     2.9162
 50  -107.6725     0.3518   -33.2625     2.6302   -74.4047     2.8790
 
 Mesh error is    0.116 kcal/mol
