 ERmod 0.3.8, Copyright (C) 2000-2019 Nobuyuki Matubayasi
                            2010-2019 Shun Sakuraba
 ERmod comes with ABSOLUTELY NO WARRANTY.
 This is free software, and you can redistribute it
 and/or modify it under certain conditions.
 See LICENSE file for details.
 
  Number of the   1-th solvent  =        10000
 
  Be sure that the solvent distribution is homogeneous (radial distribution function is essentially unity) when the solvent molecule is separated beyond distance of   10.0 Angstrom in any direction from any atom within the solute molecule
 
  LJ long-range correction    =        -7.8240
 
  Self-energy of the solute   =         0.0131  kcal/mol
 
 
 cumulative average & 95% error for solvation energy
  1  -489.3560
  2  -489.9188     1.1255
  3  -490.0371     0.6916
  4  -490.3599     0.8098
  5  -490.5792     0.7655
  6  -490.6798     0.6566
  7  -490.4393     0.7344
  8  -490.4820     0.6417
  9  -490.4644     0.5670
 10  -490.4883     0.5094
 11  -490.5187     0.4648
 12  -490.4417     0.4513
 13  -490.5274     0.4491
 14  -490.6067     0.4450
 15  -490.6573     0.4265
 16  -490.5783     0.4290
 17  -490.5218     0.4186
 18  -490.5824     0.4128
 19  -490.5364     0.4012
 20  -490.6052     0.4047
 21  -490.6048     0.3849
 22  -490.6196     0.3682
 23  -490.5802     0.3606
 24  -490.5725     0.3456
 25  -490.6083     0.3391
 26  -490.5981     0.3264
 27  -490.6119     0.3153
 28  -490.6049     0.3042
 29  -490.5751     0.2995
 30  -490.6141     0.2997
 31  -490.6229     0.2904
 32  -490.5867     0.2903
 33  -490.5590     0.2868
 34  -490.5418     0.2804
 35  -490.5390     0.2723
 36  -490.5584     0.2675
 37  -490.5661     0.2606
 38  -490.5552     0.2546
 39  -490.5861     0.2555
 40  -490.6075     0.2527
 41  -490.6178     0.2473
 42  -490.6340     0.2435
 43  -490.6205     0.2393
 44  -490.5978     0.2382
 45  -490.6115     0.2344
 46  -490.6438     0.2382
 47  -490.6656     0.2371
 48  -490.6553     0.2331
 49  -490.6729     0.2310
 50  -490.6775     0.2265
 
 
 group  inft  solvation free energy     error          difference
   1      0       -103.06622           0.10207           0.01641
   1     60       -103.20875           0.10210          -0.12612
   1     80       -104.89911           0.10230          -1.81648
   1    100       -112.14289           0.10317          -9.06026
   2      0       -103.06710           0.10125           0.01553
   3      0       -103.08263           0.10285           0.00000
   4      0       -103.02189           0.10279           0.06074
   5      0       -103.11209           0.10231          -0.02946
   5     60       -103.31374           0.10233          -0.23111
   5     80       -105.49559           0.10261          -2.41296
   5    100       -112.20360           0.10359          -9.12097
 
 
 group  inft   Estimated free energy (kcal/mol)
   1      0    -102.6028    -103.0894    -102.7652    -103.4084    -103.1423
               -103.0210    -102.4429    -102.9541    -102.5896    -103.1350
               -103.5586    -102.6196    -103.5320    -103.4383    -103.4638
               -102.8805    -102.6690    -103.2745    -102.6151    -103.7464
               -102.7690    -102.9532    -102.8381    -103.1145    -103.5001
               -102.7700    -103.3460    -102.9197    -102.6745    -103.4147
               -103.1082    -102.8038    -102.6722    -102.4675    -103.1127
               -103.0402    -103.1654    -103.0103    -103.5509    -103.5160
               -102.9716    -102.9482    -102.7467    -102.5440    -103.5433
               -103.6440    -103.6987    -102.8619    -103.5270    -103.1303
   1     60    -102.7447    -103.2327    -102.9067    -103.5511    -103.2856
               -103.1639    -102.5843    -103.0973    -102.7320    -103.2778
               -103.7004    -102.7621    -103.6750    -103.5815    -103.6062
               -103.0215    -102.8106    -103.4176    -102.7573    -103.8892
               -102.9121    -103.0960    -102.9804    -103.2566    -103.6423
               -102.9132    -103.4883    -103.0622    -102.8167    -103.5570
               -103.2515    -102.9457    -102.8152    -102.6106    -103.2554
               -103.1828    -103.3081    -103.1528    -103.6936    -103.6575
               -103.1145    -103.0907    -102.8882    -102.6869    -103.6849
               -103.7870    -103.8415    -103.0049    -103.6703    -103.2730
   1     80    -104.4294    -104.9270    -104.5965    -105.2437    -104.9800
               -104.8587    -104.2674    -104.7875    -104.4267    -104.9669
               -105.3849    -104.4520    -105.3686    -105.2753    -105.3001
               -104.7032    -104.4959    -105.1097    -104.4443    -105.5828
               -104.6058    -104.7899    -104.6697    -104.9428    -105.3303
               -104.6052    -105.1768    -104.7537    -104.5081    -105.2496
               -104.9457    -104.6309    -104.5035    -104.3041    -104.9439
               -104.8770    -104.9980    -104.8414    -105.3847    -105.3448
               -104.8058    -104.7856    -104.5761    -104.3769    -105.3687
               -105.4818    -105.5314    -104.6956    -105.3624    -104.9644
   1    100    -111.6671    -112.1845    -111.8383    -112.4931    -112.2382
               -112.1140    -111.4850    -112.0208    -111.6721    -112.2046
               -112.6140    -111.6929    -112.6216    -112.5292    -112.5554
               -111.9239    -111.7288    -112.3577    -111.6751    -112.8411
               -111.8580    -112.0432    -111.9116    -112.1766    -112.5581
               -111.8604    -112.4133    -111.9932    -111.7587    -112.5007
               -112.2061    -111.8603    -111.7442    -111.5480    -112.1904
               -112.1274    -112.2435    -112.0845    -112.6359    -112.5791
               -112.0508    -112.0313    -111.8064    -111.6218    -112.5971
               -112.7381    -112.7735    -111.9455    -112.6166    -112.2133
   2      0    -102.5976    -103.1202    -102.8039    -103.3911    -103.1242
               -103.0145    -102.4339    -102.8921    -102.5995    -103.1366
               -103.5636    -102.6412    -103.5363    -103.4437    -103.4355
               -102.8956    -102.6686    -103.2655    -102.6018    -103.6916
               -102.8307    -102.9745    -102.8340    -103.1517    -103.4783
               -102.7623    -103.3383    -102.9049    -102.7368    -103.3985
               -103.1089    -102.7690    -102.6581    -102.4567    -103.1307
               -103.0562    -103.2003    -102.9959    -103.5730    -103.5654
               -102.9833    -102.9402    -102.7347    -102.5214    -103.5437
               -103.6506    -103.6574    -102.8867    -103.5234    -103.1323
   3      0    -102.5844    -103.1434    -102.8496    -103.4349    -103.1579
               -103.0419    -102.4529    -102.9244    -102.5882    -103.1690
               -103.5855    -102.6172    -103.5739    -103.4556    -103.4161
               -102.8973    -102.6619    -103.2867    -102.6115    -103.7430
               -102.8092    -102.9904    -102.8430    -103.2036    -103.5067
               -102.7717    -103.3230    -102.9640    -102.7396    -103.4385
               -103.1029    -102.8046    -102.6090    -102.4757    -103.1754
               -103.0986    -103.2097    -103.0268    -103.5604    -103.5949
               -102.9963    -102.9689    -102.7409    -102.5326    -103.5431
               -103.6587    -103.6614    -102.9184    -103.5425    -103.1257
   4      0    -102.5256    -103.0583    -102.7917    -103.3462    -103.0953
               -102.9736    -102.3787    -102.8782    -102.5519    -103.1676
               -103.5027    -102.5700    -103.4777    -103.4017    -103.3703
               -102.8202    -102.6201    -103.2748    -102.5331    -103.6853
               -102.7599    -102.9766    -102.7613    -103.1336    -103.4502
               -102.7070    -103.2633    -102.8599    -102.6673    -103.3483
               -103.0555    -102.6800    -102.5889    -102.3847    -103.0864
               -103.0300    -103.1243    -102.9646    -103.5230    -103.5565
               -102.9799    -102.9017    -102.6770    -102.4966    -103.4957
               -103.5822    -103.5868    -102.8516    -103.4769    -103.1019
   5      0    -102.6317    -103.1917    -102.8933    -103.4625    -103.1420
               -103.0500    -102.4851    -102.9717    -102.6281    -103.1729
               -103.6767    -102.7009    -103.5720    -103.4871    -103.4875
               -102.9166    -102.7401    -103.3220    -102.6364    -103.7382
               -102.8462    -103.0123    -102.8719    -103.2218    -103.5372
               -102.7918    -103.3560    -102.9501    -102.7682    -103.4796
               -103.1133    -102.8462    -102.6383    -102.5230    -103.1812
               -103.0968    -103.2285    -103.0761    -103.6189    -103.5882
               -103.0374    -102.9710    -102.7876    -102.5616    -103.6004
               -103.6438    -103.7318    -102.8807    -103.5754    -103.1628
   5     60    -102.8327    -103.3942    -103.0947    -103.6641    -103.3444
               -103.2518    -102.6858    -103.1735    -102.8302    -103.3746
               -103.8776    -102.9022    -103.7738    -103.6894    -103.6897
               -103.1169    -102.9413    -103.5238    -102.8377    -103.9401
               -103.0482    -103.2138    -103.0734    -103.4234    -103.7388
               -102.9940    -103.5572    -103.1520    -102.9704    -103.6815
               -103.3158    -103.0470    -102.8399    -102.7253    -103.3817
               -103.2992    -103.4307    -103.2779    -103.8210    -103.7892
               -103.2391    -103.1729    -102.9885    -102.7633    -103.8010
               -103.8460    -103.9336    -103.0821    -103.7770    -103.3645
   5     80    -105.0094    -105.5809    -105.2756    -105.8489    -105.5331
               -105.4396    -104.8589    -105.3552    -105.0133    -105.5547
               -106.0522    -105.0829    -105.9586    -105.8749    -105.8735
               -105.2878    -105.1180    -105.7092    -105.0150    -106.1266
               -105.2337    -105.3995    -105.2522    -105.5994    -105.9175
               -105.1774    -105.7362    -105.3341    -105.1533    -105.8650
               -105.5026    -105.2229    -105.0201    -104.9096    -105.5631
               -105.4844    -105.6112    -105.4581    -106.0034    -105.9685
               -105.4228    -105.3605    -105.1651    -104.9464    -105.9771
               -106.0338    -106.1160    -105.2652    -105.9628    -105.5493
   5    100    -111.7091    -112.3036    -111.9834    -112.5668    -112.2572
               -112.1607    -111.5414    -112.0549    -111.7192    -112.2560
               -112.7464    -111.7891    -112.6761    -112.5918    -112.5849
               -111.9777    -111.8142    -112.4226    -111.7112    -112.8482
               -111.9490    -112.1142    -111.9550    -112.2990    -112.6152
               -111.8916    -112.4385    -112.0404    -111.8686    -112.5744
               -112.2232    -111.9174    -111.7227    -111.6146    -112.2717
               -112.2008    -112.3177    -112.1651    -112.7197    -112.6735
               -112.1327    -112.0703    -111.8585    -111.6577    -112.6746
               -112.7553    -112.8232    -111.9790    -112.6813    -112.2600
 
 
 cumulative average & 95% error for solvation free energy
  1  -102.5844
  2  -102.8639     0.5591
  3  -102.8591     0.3229
  4  -103.0031     0.3675
  5  -103.0340     0.2913
  6  -103.0354     0.2379
  7  -102.9522     0.2610
  8  -102.9487     0.2261
  9  -102.9086     0.2149
 10  -102.9347     0.1991
 11  -102.9938     0.2155
 12  -102.9624     0.2065
 13  -103.0095     0.2120
 14  -103.0413     0.2063
 15  -103.0663     0.1985
 16  -103.0558     0.1869
 17  -103.0326     0.1815
 18  -103.0467     0.1735
 19  -103.0238     0.1704
 20  -103.0598     0.1769
 21  -103.0478     0.1700
 22  -103.0452     0.1621
 23  -103.0364     0.1559
 24  -103.0434     0.1499
 25  -103.0619     0.1485
 26  -103.0508     0.1444
 27  -103.0609     0.1404
 28  -103.0574     0.1355
 29  -103.0464     0.1326
 30  -103.0595     0.1307
 31  -103.0609     0.1264
 32  -103.0529     0.1235
 33  -103.0394     0.1227
 34  -103.0229     0.1235
 35  -103.0272     0.1203
 36  -103.0292     0.1169
 37  -103.0341     0.1142
 38  -103.0339     0.1111
 39  -103.0474     0.1115
 40  -103.0611     0.1121
 41  -103.0595     0.1094
 42  -103.0573     0.1068
 43  -103.0500     0.1054
 44  -103.0382     0.1056
 45  -103.0494     0.1056
 46  -103.0627     0.1066
 47  -103.0754     0.1074
 48  -103.0722     0.1054
 49  -103.0818     0.1050
 50  -103.0826     0.1029
 
 Mesh error is    0.061 kcal/mol
